# t Temp Pres Epot Etot
0.000000 2.004550 28.084739 -1440.842489 -671.095213
0.050000 1.963098 28.945040 -1398.049453 -644.219770
0.100000 1.991645 29.731785 -1366.678683 -601.886869
0.150000 2.031579 28.613852 -1416.474822 -636.348420
0.200000 1.969734 28.345436 -1428.574150 -672.196160
0.250000 2.026107 29.864374 -1361.446110 -583.420859
0.300000 1.999308 29.744546 -1365.311697 -597.577237
0.350000 2.002194 28.013363 -1443.835957 -674.993630
0.400000 1.977621 28.591692 -1416.171155 -656.764702
0.450000 2.017530 27.718268 -1454.491419 -679.759959
0.500000 2.025170 28.362986 -1429.449349 -651.784240
0.550000 1.989194 29.244306 -1388.633601 -624.783038
0.600000 2.046003 30.131291 -1350.244096 -564.578754
0.650000 2.002211 28.567803 -1423.068278 -654.219434
0.700000 2.015671 28.518620 -1423.980741 -649.963209
0.750000 1.983604 29.993280 -1352.942902 -591.238781
0.800000 2.003762 28.456974 -1426.818816 -657.374026
0.850000 2.035190 28.835725 -1408.439456 -626.926396
0.900000 1.997153 28.260133 -1432.987917 -666.081092
0.950000 1.996534 27.652371 -1461.419349 -694.750235
1.000000 1.987230 29.394393 -1378.072827 -614.976619
1.050000 2.024909 29.444789 -1377.894634 -600.329615
1.100000 2.004070 27.934966 -1449.180907 -679.618000
1.150000 1.997755 29.633889 -1365.459445 -598.321360
1.200000 2.051111 28.582624 -1419.266137 -631.639531
1.250000 2.012487 28.584853 -1415.869984 -643.074956
1.300000 1.999057 28.894958 -1403.939782 -636.301846
1.350000 2.013320 28.915373 -1403.081015 -629.965978
1.400000 2.020138 28.748027 -1409.625045 -633.892098
1.450000 1.970696 28.210799 -1432.010482 -675.263395
1.500000 2.020324 28.651681 -1416.609907 -640.805596
1.550000 2.000345 29.969378 -1351.366659 -583.233987
1.600000 2.013037 29.054457 -1395.805264 -622.799008
1.650000 2.006143 30.485133 -1334.322299 -563.963375
1.700000 2.009360 28.801797 -1410.179658 -638.585607
1.750000 1.996206 27.179616 -1481.016576 -714.473473
1.800000 2.013362 29.302054 -1387.389405 -614.258306
1.850000 1.945574 28.357383 -1423.639727 -676.539248
1.900000 2.004863 28.435165 -1425.096547 -655.229094
1.950000 1.973737 29.325112 -1381.672518 -623.757572
2.000000 2.017220 28.327065 -1429.175680 -654.563064
2.050000 1.950309 29.205651 -1390.976570 -642.058072
2.100000 2.021897 29.219504 -1388.430948 -612.022540
2.150000 1.988294 29.479287 -1379.235318 -615.730360
2.200000 2.017016 28.044326 -1445.133852 -670.599770
2.250000 2.014500 30.020655 -1352.572962 -579.005108
2.300000 2.002233 28.664253 -1411.754840 -642.897556
2.350000 2.008768 29.603062 -1372.156773 -600.789961
2.400000 2.000359 30.485950 -1331.424824 -563.286814
2.450000 1.993320 27.832045 -1450.188269 -684.753566
2.500000 1.994182 27.981517 -1443.411711 -677.645742
2.550000 1.976549 27.781315 -1450.262705 -691.267959
2.600000 1.990138 29.368146 -1380.990049 -616.776874
2.650000 1.996592 29.526097 -1375.604355 -608.912960
2.700000 1.962142 30.873715 -1312.933071 -559.470669
2.750000 2.002412 28.515059 -1419.261840 -650.335730
2.800000 2.032227 28.230975 -1433.356846 -652.981831
2.850000 2.007358 28.341078 -1431.734960 -660.909370
2.900000 2.012061 29.789093 -1365.415969 -592.784530
2.950000 2.030169 28.513608 -1421.654692 -642.069852
3.000000 1.985566 29.081851 -1394.059798 -631.602518
3.050000 2.016385 27.977105 -1444.677335 -670.385391
3.100000 2.004110 29.160691 -1393.642614 -624.064261
3.150000 2.033607 28.272469 -1435.608742 -654.703533
3.200000 1.996189 28.886791 -1403.294555 -636.757858
3.250000 2.022898 29.248215 -1392.220835 -615.428123
3.300000 1.997220 28.658201 -1415.583343 -648.650733
3.350000 1.986869 29.531980 -1374.568058 -611.610206
3.400000 2.019621 27.589872 -1462.395123 -686.860493
3.450000 1.989510 28.247520 -1435.444833 -671.472979
3.500000 2.014877 29.909830 -1360.501504 -586.788868
3.550000 2.009278 28.005978 -1443.082346 -671.519433
3.600000 1.980133 28.978743 -1398.963657 -638.592573
3.650000 1.983506 28.538463 -1418.086281 -656.420055
3.700000 2.032053 29.772497 -1365.203936 -584.895518
3.750000 2.007196 27.812160 -1454.585299 -683.822026
3.800000 2.008704 28.847426 -1404.817665 -633.475206
3.850000 1.978540 28.424807 -1425.106907 -665.347653
3.900000 2.008320 28.504657 -1421.159141 -649.964428
3.950000 1.985210 30.403772 -1336.799836 -574.479378
4.000000 2.009074 27.488042 -1465.497405 -694.012917
4.050000 2.002137 28.401395 -1428.980189 -660.159405
4.100000 1.975333 28.008384 -1440.636706 -682.108858
4.150000 2.009663 28.331071 -1433.536318 -661.825878
4.200000 2.019549 28.794480 -1410.093598 -634.586824
4.250000 2.001193 29.041142 -1403.026727 -634.568485
4.300000 1.992041 29.573503 -1374.200900 -609.257026
4.350000 2.014600 29.408275 -1381.091272 -607.484781
4.400000 2.009354 28.493164 -1422.976150 -651.384091
4.450000 1.989124 28.505452 -1421.562449 -657.738990
4.500000 2.025415 28.644693 -1417.036648 -639.277203
4.550000 2.018607 29.211829 -1388.964205 -613.818967
4.600000 1.974640 27.313810 -1471.996046 -713.734445
4.650000 2.003438 29.154382 -1392.021143 -622.701088
4.700000 2.001977 28.724930 -1409.985539 -641.226505
4.750000 1.993733 29.151651 -1392.758563 -627.165020
4.800000 1.987726 29.393487 -1382.910824 -619.624135
4.850000 2.043215 29.611608 -1372.914273 -588.319585
4.900000 2.010115 28.681878 -1412.835478 -640.951171
4.950000 1.998217 27.672439 -1456.783908 -689.468417
5.000000 1.998709 28.291002 -1429.005973 -661.501563
5.050000 1.967444 30.417499 -1331.266857 -575.768523
5.100000 1.972759 30.061725 -1350.833719 -593.294078
5.150000 2.029520 29.841562 -1361.988076 -582.652206
5.200000 2.026134 28.039598 -1442.743340 -664.707844
5.250000 1.980890 28.747898 -1408.260169 -647.598483
5.300000 1.986326 28.304742 -1430.009994 -667.260998
5.350000 1.984831 28.190299 -1433.963901 -671.788892
5.400000 2.001945 29.485340 -1378.333584 -609.586848
5.450000 1.985645 27.993727 -1446.206044 -683.718415
5.500000 2.001773 29.435839 -1382.236139 -613.555304
5.550000 2.047369 29.498639 -1378.407746 -592.217996
5.600000 1.985866 28.108205 -1438.719217 -676.146521
5.650000 1.992286 28.696296 -1410.918790 -645.881124
5.700000 1.977314 29.058454 -1396.817103 -637.528348
5.750000 1.993891 28.737681 -1412.643039 -646.988839
5.800000 2.004029 29.129368 -1392.006573 -622.459518
5.850000 2.009962 28.460718 -1423.511206 -651.685678
5.900000 2.001046 28.505329 -1421.674262 -653.272781
5.950000 2.006713 29.533561 -1372.968568 -602.390815
6.000000 1.975044 28.513062 -1418.721008 -660.304249
6.050000 2.004700 29.503174 -1375.839402 -606.034430
6.100000 1.998883 27.669029 -1459.198995 -691.627956
6.150000 1.999045 29.306869 -1386.264431 -618.631026
6.200000 1.980602 27.002222 -1487.789204 -727.238051
6.250000 1.993517 29.627663 -1369.857072 -604.346356
6.300000 1.978827 30.455861 -1332.107113 -572.237610
6.350000 2.010572 29.724108 -1367.543791 -595.484132
6.400000 1.997339 28.350049 -1431.123559 -664.145268
6.450000 2.006313 27.718603 -1455.291099 -684.866975
6.500000 1.970905 29.527404 -1369.625070 -612.797597
6.550000 2.001485 28.302835 -1430.111468 -661.541158
6.600000 2.031040 28.106731 -1439.301168 -659.381977
6.650000 1.978297 28.261031 -1431.265803 -671.599938
6.700000 2.008793 29.972998 -1357.317564 -585.940922
6.750000 1.995792 29.065214 -1401.470742 -635.086450
6.800000 2.040227 28.762397 -1412.924580 -629.477521
6.850000 1.972942 26.916310 -1494.907272 -737.297586
6.900000 1.986504 28.824177 -1407.706936 -644.889251
6.950000 2.006856 30.019030 -1352.450935 -581.818092
7.000000 2.010984 29.117897 -1396.034193 -623.816516
7.050000 1.994547 28.040233 -1443.067271 -677.161222
7.100000 1.999930 28.707201 -1410.005617 -642.032462
7.150000 2.013067 27.894449 -1448.376734 -675.359030
7.200000 1.985849 28.852106 -1405.188584 -642.622679
7.250000 1.964771 28.750935 -1407.096572 -652.624319
7.300000 1.996872 28.982598 -1399.383629 -632.584934
7.350000 2.042375 29.377502 -1382.605864 -598.333743
7.400000 1.978698 28.250998 -1429.399625 -669.579446
7.450000 2.001419 29.306114 -1384.403454 -615.858445
7.500000 1.977637 17.910777 -1509.365894 -749.953234
7.550000 2.027616 17.985466 -1506.108021 -727.503629
7.600000 1.967994 18.075645 -1499.241536 -743.531665
7.650000 2.026211 17.459769 -1536.540360 -758.475362
7.700000 2.010970 17.427595 -1533.751381 -761.538802
7.750000 1.998610 17.402732 -1531.764290 -764.297919
7.800000 1.987420 16.970678 -1552.972074 -789.802725
7.850000 1.976222 17.496384 -1527.356674 -768.487396
7.900000 2.005711 18.182533 -1497.948007 -727.755112
7.950000 1.993184 18.073666 -1502.631508 -737.248884
8.000000 1.997429 19.017238 -1456.852619 -689.839778
8.050000 1.993789 17.232921 -1543.993238 -778.378275
8.100000 1.987575 17.148007 -1544.128261 -780.899479
8.150000 2.012135 16.895556 -1558.781981 -786.122240
8.200000 1.976746 17.832447 -1510.829301 -751.758736
8.250000 2.013567 17.403084 -1536.010999 -762.801313
8.300000 2.003530 18.003506 -1506.186082 -736.830417
8.350000 1.983912 17.367094 -1533.669510 -771.847258
8.400000 1.974515 16.894529 -1558.872477 -800.658888
8.450000 1.999778 18.831314 -1463.318663 -695.403912
8.500000 2.017536 19.005768 -1456.276069 -681.542138
8.550000 2.022617 18.104387 -1502.716871 -726.032021
8.600000 2.034842 17.395550 -1534.585512 -753.206138
8.650000 2.004419 17.413299 -1536.573540 -766.876728
8.700000 2.019760 17.543834 -1522.772478 -747.184465
8.750000 2.027979 17.907958 -1506.578088 -727.834142
8.800000 1.974290 16.964476 -1551.029064 -792.901699
8.850000 1.962280 17.398574 -1530.984343 -777.468871
8.900000 1.987999 18.249492 -1495.828507 -732.436931
8.950000 2.013006 18.881101 -1465.421097 -692.426664
9.000000 2.027287 18.205282 -1496.042956 -717.564840
9.050000 2.013080 16.517523 -1578.389437 -805.366756
9.100000 2.002456 16.888879 -1556.012216 -787.069236
9.150000 1.971197 18.078183 -1495.099991 -738.160359
9.200000 1.997422 17.658125 -1522.643672 -755.633476
9.250000 2.018722 17.259063 -1541.942688 -766.753474
9.300000 1.994779 18.190688 -1495.051727 -729.056433
9.350000 2.010475 16.527819 -1576.419208 -804.396634
9.400000 1.974025 16.931567 -1554.050822 -796.025377
9.450000 1.970693 16.878335 -1559.480839 -802.734730
9.500000 2.019744 17.325369 -1542.152414 -766.570588
9.550000 1.988137 17.829569 -1514.953953 -751.509267
9.600000 2.014073 18.491978 -1483.041249 -709.637368
9.650000 2.005987 17.767347 -1518.266299 -747.967441
9.700000 2.019557 16.035226 -1600.008732 -824.498670
9.750000 2.004368 16.414440 -1581.196595 -811.519473
9.800000 2.032438 17.274293 -1539.476744 -759.020446
9.850000 1.975234 17.396971 -1533.762981 -775.273093
9.900000 2.035666 19.810773 -1421.000756 -639.305071
9.950000 1.994753 18.174454 -1494.414487 -728.429448
10.000000 2.000257 17.962776 -1504.095749 -735.996905
10.050000 1.981315 16.029965 -1598.140435 -837.315436
10.100000 1.983607 17.887853 -1508.448299 -746.743190
10.150000 2.018988 17.867749 -1512.138656 -736.847391
10.200000 2.001180 17.758616 -1521.071832 -752.618620
10.250000 2.013417 17.378524 -1539.107458 -765.955445
10.300000 1.987129 17.469877 -1531.963230 -768.905873
10.350000 1.974486 17.903073 -1510.867029 -752.664572
10.400000 1.984178 17.961564 -1506.774816 -744.850634
10.450000 1.972302 17.752231 -1519.477661 -762.113678
10.500000 2.009346 18.525908 -1476.523929 -704.935131
10.550000 1.990154 17.069557 -1553.569286 -789.350262
10.600000 2.007726 17.816592 -1514.106798 -743.139851
10.650000 1.987179 17.181551 -1541.661850 -778.585066
10.700000 1.991203 17.603364 -1524.920797 -760.298797
10.750000 2.020714 18.053301 -1507.262686 -731.308397
10.800000 2.005151 17.864813 -1512.455560 -742.477661
10.850000 2.006503 17.329051 -1537.839783 -767.342729
10.900000 1.987974 18.466342 -1484.373764 -720.991922
10.950000 2.034798 17.426404 -1534.554859 -753.192589
11.000000 1.991860 16.308871 -1586.541233 -821.667015
11.050000 1.985097 16.793433 -1562.477555 -800.200459
11.100000 2.017451 18.432958 -1485.785953 -711.084946
11.150000 2.000671 17.318258 -1540.489406 -772.231622
11.200000 2.007608 18.039210 -1501.220223 -730.298707
11.250000 1.990260 17.952099 -1505.761370 -741.501374
11.300000 2.028753 17.882314 -1517.270415 -738.229192
11.350000 2.000372 18.311865 -1493.049595 -724.906846
11.400000 1.959598 19.087585 -1452.961686 -700.476129
11.450000 2.006935 18.901031 -1462.813923 -692.150998
11.500000 1.990457 18.371915 -1485.707076 -721.371577
11.550000 2.008860 17.939157 -1510.944065 -739.541634
11.600000 2.000585 17.602227 -1525.186475 -756.961885
11.650000 2.024789 18.201059 -1500.009988 -722.490907
11.700000 2.008021 17.007894 -1552.213849 -781.133601
11.750000 1.987702 17.399189 -1537.531406 -774.253966
11.800000 2.000076 17.581937 -1525.353902 -757.324852
11.850000 2.001899 16.920844 -1554.641068 -785.911965
11.900000 1.993606 16.892221 -1555.610248 -790.065539
11.950000 2.016944 18.407613 -1483.634206 -709.127552
12.000000 1.994641 16.931025 -1558.830537 -792.888302
12.050000 2.002076 16.993106 -1550.158947 -781.361862
12.100000 2.000805 17.480885 -1528.172938 -759.863934
12.150000 1.975419 17.527579 -1528.394476 -769.833766
12.200000 1.983148 17.836872 -1517.565884 -756.036963
12.250000 1.985318 19.292543 -1444.009591 -681.647457
12.300000 1.991333 19.164684 -1450.067685 -685.395683
12.350000 2.018763 17.830422 -1517.580215 -742.375099
12.400000 2.005988 18.221645 -1499.081835 -728.782285
12.450000 2.011141 16.625258 -1572.690317 -800.412240
12.500000 2.014017 17.499504 -1526.235062 -752.852443
12.550000 1.975008 17.778284 -1511.019176 -752.616143
12.600000 2.028021 16.735455 -1568.280609 -789.520443
12.650000 1.997897 16.515394 -1574.494997 -807.302740
12.700000 1.971095 17.592430 -1522.057076 -765.156501
12.750000 1.980823 18.303262 -1490.356764 -729.720649
12.800000 1.991120 17.549943 -1525.351557 -760.761320
12.850000 2.002842 19.275673 -1444.419224 -675.327949
12.900000 2.025383 16.858480 -1558.788136 -781.041255
12.950000 1.977570 16.955839 -1548.871003 -789.484308
13.000000 1.979354 17.772449 -1512.157689 -752.085873
13.050000 2.012524 17.633883 -1522.842414 -750.033128
13.100000 1.972232 17.834985 -1508.185015 -750.848020
13.150000 2.011483 16.514345 -1575.344103 -802.934477
13.200000 1.965656 17.415658 -1532.877009 -778.065073
13.250000 2.025877 19.409876 -1439.024606 -661.088009
13.300000 2.024504 17.765522 -1514.167736 -736.758374
13.350000 1.980788 18.581122 -1477.648722 -717.026066
13.400000 2.016746 17.079940 -1552.498181 -778.067885
13.450000 1.997783 18.956575 -1458.741825 -691.593056
13.500000 1.971799 17.557952 -1526.527772 -769.357049
13.550000 2.011520 18.819258 -1467.282041 -694.858464
13.600000 2.026687 17.702868 -1520.577232 -742.329598
13.650000 1.983439 17.504449 -1530.082030 -768.441376
13.700000 1.983850 16.695843 -1567.134568 -805.336276
13.750000 1.991853 17.127941 -1548.697339 -783.825639
13.800000 2.023022 18.308772 -1494.629881 -717.789269
13.850000 2.005599 17.724835 -1520.653251 -750.503322
13.900000 2.011866 17.662804 -1521.721747 -749.165136
13.950000 1.953527 18.764087 -1465.428245 -715.273877
14.000000 1.991543 19.549381 -1430.646702 -665.894335
14.050000 2.052705 17.968624 -1511.894817 -723.656012
14.100000 1.972314 18.345363 -1484.501745 -727.133257
14.150000 2.022580 16.728687 -1564.205469 -787.534640
14.200000 1.977656 17.351386 -1531.887225 -772.467426
14.250000 1.992679 16.803359 -1564.110394 -798.921695
14.300000 2.001483 17.150881 -1549.699037 -781.129471
14.350000 2.001026 18.270772 -1496.656189 -728.262023
14.400000 2.022146 17.515742 -1532.533884 -756.029642
14.450000 1.974943 17.444809 -1529.856412 -771.478290
14.500000 2.026356 17.831822 -1512.249156 -734.128455
14.550000 1.998801 18.207545 -1498.623599 -731.084167
14.600000 1.988101 18.741341 -1469.376598 -705.945634
14.650000 2.009971 17.695240 -1522.724679 -750.895784
14.700000 2.043460 16.295952 -1590.891440 -806.202690
14.750000 1.973395 16.297102 -1583.325456 -825.541630
14.800000 2.007921 17.398150 -1535.420104 -764.378572
14.850000 2.005267 17.155231 -1547.778459 -777.755941
14.900000 1.973636 17.823683 -1514.916718 -757.040517
14.950000 1.970935 19.099258 -1452.457022 -695.618088
15.000000 2.017392 15.498438 -1275.074091 -500.395489
15.050000 2.030813 14.511327 -1323.783677 -543.951519
15.100000 1.996438 14.167508 -1343.574727 -576.942573
15.150000 1.992923 15.264190 -1286.355586 -521.073191
15.200000 1.972221 16.074287 -1245.613621 -488.280646
15.250000 2.019389 15.437012 -1286.670581 -511.225072
15.300000 1.993048 15.059528 -1306.181359 -540.850736
15.350000 1.987867 15.693665 -1269.493021 -506.152083
15.400000 1.993524 15.963910 -1257.806889 -492.293616
15.450000 1.980210 16.010227 -1253.049718 -492.648902
15.500000 2.035607 16.085134 -1247.466200 -465.793260
15.550000 2.007225 14.731234 -1318.305751 -547.531304
15.600000 1.986516 15.479571 -1279.459777 -516.637543
15.650000 2.005972 15.320425 -1286.003187 -515.710110
15.700000 2.026578 14.848148 -1312.640651 -534.434673
15.750000 1.983651 14.886882 -1317.119614 -555.397786
15.800000 2.022097 15.621902 -1274.141288 -497.656147
15.850000 1.992022 14.570330 -1322.032746 -557.096288
15.900000 2.014345 14.820604 -1308.648438 -535.139842
15.950000 1.970404 14.719989 -1317.158533 -560.523357
16.000000 1.997809 15.951946 -1258.881024 -491.722179
16.050000 1.989271 15.116995 -1303.699961 -539.819761
16.100000 1.997923 14.981733 -1308.205979 -541.003612
16.150000 1.992484 15.964442 -1257.121696 -492.008005
16.200000 2.020944 15.728357 -1269.847775 -493.805119
16.250000 1.998844 14.364183 -1332.588529 -565.032433
16.300000 1.981597 15.242572 -1288.958303 -528.025132
16.350000 1.988091 15.804957 -1261.898128 -498.471238
16.400000 1.992963 16.118999 -1242.634061 -477.336241
16.450000 1.997412 15.765167 -1263.703965 -496.697840
16.500000 2.004053 14.734291 -1319.597296 -550.041053
16.550000 1.991333 16.695693 -1219.383489 -454.711605
16.600000 2.029032 16.124962 -1253.553301 -474.404830
16.650000 2.027319 14.383414 -1337.782329 -559.291881
16.700000 1.979749 14.542068 -1329.389751 -569.166325
16.750000 1.999894 13.915669 -1360.485853 -592.526367
16.800000 1.984351 15.515444 -1274.912390 -512.921457
16.850000 2.001588 15.503203 -1279.543028 -510.933230
16.900000 2.015149 14.112053 -1345.337086 -571.519752
16.950000 2.008350 14.467411 -1334.100946 -562.894571
17.000000 2.015471 15.365170 -1292.997314 -519.056525
17.050000 1.980481 16.133041 -1245.934387 -485.429512
17.100000 2.048095 15.419666 -1281.435240 -494.966885
17.150000 1.988644 15.358691 -1284.995601 -521.356203
17.200000 2.002956 15.200709 -1298.938939 -529.803728
17.250000 2.000545 16.204845 -1242.451414 -474.242124
17.300000 1.989633 14.819867 -1318.353776 -554.334829
17.350000 1.993652 15.121090 -1298.191959 -532.629739
17.400000 2.020740 14.418819 -1334.637762 -558.673683
17.450000 1.999922 15.013773 -1297.865411 -529.895534
17.500000 1.992092 14.860577 -1314.668452 -549.705295
17.550000 1.993026 15.533469 -1274.519875 -509.197872
17.600000 1.998051 15.473028 -1275.454211 -508.202450
17.650000 2.001762 15.796840 -1261.362509 -492.685930
17.700000 1.993261 14.954132 -1302.092617 -536.680459
17.750000 1.965149 15.536791 -1270.631307 -516.014208
17.800000 2.008986 14.740209 -1316.889023 -545.438311
17.850000 2.005342 15.571179 -1274.228291 -504.176867
17.900000 2.005767 14.435723 -1332.676357 -562.461657
17.950000 1.983982 15.065653 -1294.789595 -532.940607
18.000000 1.990403 15.266262 -1285.730527 -521.415674
18.050000 2.022138 14.513866 -1336.538451 -560.037547
18.100000 1.977735 15.577984 -1282.584967 -523.134744
18.150000 1.974780 16.148338 -1244.751214 -486.435562
18.200000 2.007680 17.138945 -1187.209462 -416.260281
18.250000 1.985645 15.502935 -1277.980692 -515.492897
18.300000 2.037072 16.136596 -1250.384947 -468.149124
18.350000 2.015617 14.827863 -1314.552673 -540.555701
18.400000 1.987102 15.592115 -1272.813131 -509.766116
18.450000 2.039325 15.507141 -1283.229351 -500.128573
18.500000 2.015234 14.885096 -1313.222265 -539.372353
18.550000 1.989688 14.955253 -1309.832951 -545.792941
18.600000 1.991895 15.921038 -1264.634072 -499.746378
18.650000 2.026246 16.906581 -1212.822126 -434.743753
18.700000 1.994347 14.789349 -1315.404467 -549.575131
18.750000 1.961191 15.639048 -1269.757940 -516.660495
18.800000 1.991442 15.160912 -1295.174271 -530.460677
18.850000 1.994234 15.175050 -1292.982519 -527.196718
18.900000 2.022174 15.522083 -1274.461220 -497.946545
18.950000 2.003952 15.678456 -1267.397409 -497.879926
19.000000 2.007611 15.248178 -1290.658760 -519.736022
19.050000 2.006372 14.411835 -1335.401767 -564.955046
19.100000 2.002231 15.393577 -1286.101718 -517.245175
19.150000 1.997627 15.684847 -1271.821444 -504.732854
19.200000 2.000527 14.525791 -1332.836166 -564.633821
19.250000 2.012884 14.019562 -1356.964709 -584.017226
19.300000 1.991486 14.438242 -1332.677284 -567.946811
19.350000 1.977757 15.484450 -1280.196584 -520.737955
19.400000 2.005844 14.853488 -1315.151718 -544.907551
19.450000 1.989254 15.846004 -1260.425331 -496.551612
19.500000 2.000409 15.223094 -1290.821495 -522.664374
19.550000 1.996620 15.653938 -1269.731738 -503.029574
19.600000 1.996402 15.901789 -1260.458120 -493.839809
19.650000 1.973243 16.315726 -1237.801746 -480.076482
19.700000 2.030750 15.597110 -1276.372457 -496.564395
19.750000 2.015118 14.163984 -1345.083019 -571.277567
19.800000 2.014416 14.405632 -1329.828294 -556.292463
19.850000 1.985771 15.022188 -1297.373346 -534.837303
19.900000 2.000244 15.120460 -1296.849578 -528.755875
19.950000 2.021191 15.614465 -1278.024988 -501.887638
20.000000 2.013951 14.726443 -1321.561838 -548.204531
20.050000 1.996639 15.523295 -1270.470339 -503.761125
20.100000 2.017485 13.799299 -1364.375911 -589.661619
20.150000 1.995359 14.142588 -1346.957730 -580.739689
20.200000 2.006751 15.121968 -1299.489849 -528.897656
20.250000 2.008104 15.214448 -1295.565027 -524.453029
20.300000 1.972054 15.325578 -1284.443284 -527.174614
20.350000 2.025560 15.852975 -1259.515504 -481.700393
20.400000 2.002501 15.882258 -1255.007347 -486.046880
20.450000 2.018222 15.384390 -1292.235574 -517.238253
20.500000 1.978517 16.094230 -1250.709839 -490.959314
20.550000 1.978435 15.834277 -1267.883397 -508.164413
20.600000 2.033623 16.037914 -1257.903620 -476.992324
20.650000 2.030285 16.716029 -1213.203259 -433.573811
20.700000 1.999979 14.908053 -1306.209716 -538.217868
20.750000 2.013034 15.025569 -1301.153250 -528.148007
20.800000 2.001029 15.534563 -1273.329497 -504.934214
20.850000 1.991167 16.801793 -1209.192205 -444.584192
20.900000 1.990503 17.070159 -1193.817154 -429.464099
20.950000 2.016823 14.447276 -1331.908135 -557.448008
21.000000 2.008565 14.049840 -1353.556370 -582.267420
21.050000 1.980470 15.362820 -1283.455956 -522.955657
21.100000 2.007026 16.839527 -1210.625836 -439.927880
21.150000 2.004961 15.105265 -1304.364306 -534.459389
21.200000 2.020048 14.971302 -1312.346446 -536.648042
21.250000 1.976204 16.193430 -1240.219946 -481.357515
21.300000 1.990569 16.111682 -1252.008080 -487.629748
21.350000 2.024782 15.968753 -1258.863078 -481.346803
21.400000 2.002278 16.026919 -1253.249927 -484.375308
21.450000 2.033289 15.342586 -1282.047418 -501.264397
21.500000 1.996207 15.324825 -1280.594187 -514.050710
21.550000 1.992450 14.891237 -1306.515716 -541.415045
21.600000 1.953285 15.665382 -1261.690877 -511.629312
21.650000 2.049695 14.602818 -1329.529527 -542.446701
21.700000 1.997908 14.244468 -1338.442822 -571.246128
21.750000 1.980219 14.664977 -1317.980279 -557.576288
21.800000 2.010643 15.796900 -1251.926368 -479.839371
21.850000 1.979317 15.314684 -1286.657985 -526.600364
21.900000 2.005435 15.422367 -1277.304435 -507.217341
21.950000 2.003120 15.072950 -1301.612848 -532.414589
22.000000 2.008199 13.957928 -1363.143624 -591.995322
22.050000 2.013599 14.437601 -1334.331852 -561.109718
22.100000 1.989851 14.758804 -1319.458128 -555.355356
22.150000 1.999796 14.966455 -1312.359409 -544.437770
22.200000 1.971929 15.364763 -1284.068466 -526.847664
22.250000 1.961926 15.572915 -1271.704414 -518.324755
22.300000 1.982730 15.526239 -1278.001850 -516.633388
22.350000 2.025977 14.561159 -1326.660297 -548.685212
22.400000 1.983498 14.721916 -1313.716140 -552.052731
22.450000 2.003267 15.268012 -1288.984203 -519.729742
22.500000 1.994214 9.535720 -1262.936305 -497.158199
22.550000 2.010636 9.526170 -1265.824930 -493.740740
22.600000 1.984803 9.395600 -1273.310945 -511.146530
22.650000 1.985220 9.550979 -1271.411040 -509.086554
22.700000 2.009664 9.558712 -1272.975050 -501.264241
22.750000 2.042315 9.003214 -1299.471021 -515.222193
22.800000 1.987342 7.923377 -1355.837683 -592.698411
22.850000 1.980012 9.741783 -1249.920772 -489.596208
22.900000 1.997488 9.532010 -1259.533449 -492.497914
22.950000 2.022870 9.073215 -1290.458296 -513.676381
23.000000 1.994822 8.704668 -1312.006053 -545.994359
23.050000 1.996171 9.201259 -1283.598848 -517.069027
23.100000 1.963185 9.643996 -1264.063085 -510.199926
23.150000 2.017594 9.138241 -1295.863196 -521.107067
23.200000 1.992233 9.073184 -1297.221128 -532.203769
23.250000 2.000084 8.887160 -1300.354079 -532.321917
23.300000 1.972156 10.354996 -1215.714542 -458.406788
23.350000 2.033214 9.389919 -1281.062662 -500.308676
23.400000 1.985388 9.482765 -1264.742146 -502.353274
23.450000 2.013471 8.462771 -1324.418884 -551.246117
23.500000 1.986398 9.383910 -1274.118869 -511.342207
23.550000 1.982939 9.268773 -1280.375746 -518.927337
23.600000 2.007062 9.332383 -1272.169759 -501.457933
23.650000 1.995855 9.067233 -1292.023812 -525.615615
23.700000 1.987099 9.509389 -1264.489146 -501.443179
23.750000 2.001324 8.989875 -1294.437135 -525.928905
23.800000 1.976098 9.189533 -1284.777184 -525.955670
23.850000 1.988489 8.815311 -1307.854753 -544.274892
23.900000 2.008288 8.470256 -1321.349174 -550.166391
23.950000 1.999279 8.585631 -1313.706817 -545.983772
24.000000 1.993453 8.555861 -1319.801524 -554.315698
24.050000 2.001487 9.012930 -1291.740901 -523.169849
24.100000 1.978869 8.894261 -1302.786544 -542.900708
24.150000 1.993968 9.742865 -1252.039972 -486.356181
24.200000 2.025750 8.573222 -1323.017818 -545.129644
24.250000 1.994552 9.240128 -1278.468915 -512.560826
24.300000 1.994219 8.557109 -1322.091997 -556.311958
24.350000 2.001445 9.220378 -1281.016560 -512.461728
24.400000 2.011710 9.361465 -1273.542589 -501.045988
24.450000 2.009887 8.939814 -1296.330267 -524.533707
24.500000 1.963725 8.229749 -1332.573016 -578.502787
24.550000 2.006524 8.641622 -1314.739533 -544.234209
24.600000 2.011367 8.892422 -1297.553324 -525.188410
24.650000 2.014122 8.733171 -1305.563773 -532.140853
24.700000 1.990134 9.565897 -1262.246292 -498.034888
24.750000 1.997964 9.906208 -1248.114794 -480.896794
24.800000 1.994338 9.039346 -1296.888516 -531.062835
24.850000 2.029185 9.194423 -1288.208813 -509.001674
24.900000 1.988981 9.074821 -1297.973635 -534.204990
24.950000 1.988740 9.603506 -1272.620885 -508.944539
25.000000 2.011407 9.256955 -1284.705123 -512.324761
25.050000 1.987083 9.272201 -1283.915475 -520.875674
25.100000 2.011483 9.680625 -1261.494201 -489.084813
25.150000 2.031184 8.512709 -1324.420224 -544.445438
25.200000 1.986116 8.260370 -1325.020565 -562.352136
25.250000 2.005221 8.129534 -1338.105720 -568.101029
25.300000 1.996347 9.258854 -1283.281220 -516.684088
25.350000 2.002323 8.909526 -1294.717037 -525.825114
25.400000 2.005376 8.810838 -1294.645553 -524.581305
25.450000 1.998946 8.925135 -1295.612526 -528.017104
25.500000 2.032658 8.995315 -1298.523717 -517.983205
25.550000 2.021504 8.408960 -1324.088516 -547.830938
25.600000 2.000276 8.608925 -1315.023656 -546.917634
25.650000 1.985455 9.877169 -1246.246853 -483.832040
25.700000 1.985047 8.624279 -1319.864432 -557.606265
25.750000 2.005573 9.575712 -1266.896571 -496.756497
25.800000 1.991567 8.653880 -1313.995484 -549.233832
25.850000 1.985583 8.412211 -1326.223318 -563.759410
25.900000 1.992402 9.218682 -1284.220411 -519.138115
25.950000 1.993776 9.229963 -1275.965154 -510.355232
26.000000 1.997909 8.554173 -1315.317680 -548.120648
26.050000 2.006361 8.873907 -1301.015893 -530.573443
26.100000 1.977874 9.399076 -1274.111243 -514.607522
26.150000 2.012516 9.471471 -1274.800133 -501.994100
26.200000 2.024834 10.052868 -1241.473104 -463.936686
26.250000 1.979197 9.297759 -1284.114128 -524.102301
26.300000 2.011072 9.215694 -1286.566540 -514.314754
26.350000 1.969022 9.221454 -1283.899211 -527.794940
26.400000 2.026329 8.365380 -1333.232006 -555.121720
26.450000 2.030744 8.158062 -1347.902146 -568.096346
26.500000 1.993984 8.554568 -1321.862729 -556.172706
26.550000 1.968633 9.715050 -1249.560252 -493.605231
26.600000 2.011654 10.554309 -1196.867915 -424.392650
26.650000 1.978000 8.071353 -1346.343591 -586.791409
26.700000 1.967597 9.910422 -1241.829908 -486.272660
26.750000 1.977167 9.129569 -1288.661966 -529.429711
26.800000 2.016455 10.218138 -1224.560877 -450.242026
26.850000 2.001638 9.065483 -1288.301863 -519.673052
26.900000 1.996030 8.123564 -1349.114972 -582.639473
26.950000 1.984037 8.738643 -1312.983229 -551.112900
27.000000 1.994380 8.716068 -1313.931791 -548.089907
27.050000 2.008106 9.004347 -1293.143059 -522.030309
27.100000 1.972119 9.788277 -1250.587867 -493.294335
27.150000 2.020920 9.931543 -1248.771083 -472.737794
27.200000 1.988808 9.217301 -1285.059164 -521.356829
27.250000 1.993124 9.625813 -1258.140418 -492.780816
27.300000 1.997502 8.864341 -1301.745947 -534.705148
27.350000 2.014547 9.151195 -1290.237230 -516.651224
27.400000 2.012756 9.119069 -1291.284076 -518.385904
27.450000 1.956769 8.859741 -1303.433385 -552.033931
27.500000 2.014280 8.295225 -1341.000893 -567.517190
27.550000 2.007592 9.174834 -1292.964940 -522.049594
27.600000 2.026102 8.721260 -1317.132429 -539.109341
27.650000 1.993968 9.000630 -1295.718547 -530.034689
27.700000 2.017836 9.514340 -1263.010360 -488.161384
27.750000 2.013824 8.366408 -1326.692752 -553.384496
27.800000 1.970996 8.511136 -1314.129429 -557.267035
27.850000 2.003421 8.956580 -1296.826074 -527.512309
27.900000 1.957875 10.343086 -1221.737502 -469.913364
27.950000 2.035417 9.867475 -1257.486828 -475.886551
28.000000 1.980464 9.370570 -1284.322458 -523.824453
28.050000 2.002235 9.410655 -1274.779902 -505.921553
28.100000 1.975713 9.093049 -1288.026540 -529.352794
28.150000 2.006801 9.334486 -1270.008938 -499.397470
28.200000 2.020022 7.541439 -1370.513637 -594.825031
28.250000 2.000754 8.535934 -1311.869391 -543.579693
28.300000 2.028657 8.846021 -1306.172668 -527.168257
28.350000 1.991221 8.262396 -1337.534128 -572.905361
28.400000 1.989829 8.127631 -1342.376916 -578.282396
28.450000 2.011481 8.478153 -1324.198539 -551.789647
28.500000 2.011862 9.305738 -1278.023009 -505.467928
28.550000 1.982243 8.300507 -1340.528801 -579.347470
28.600000 2.002211 9.527223 -1268.189757 -499.340864
28.650000 2.019582 9.994226 -1242.479970 -466.960614
28.700000 2.002640 8.265415 -1342.032431 -573.018708
28.750000 2.022244 8.926454 -1298.896071 -522.354236
28.800000 2.017165 8.496825 -1322.062303 -547.470931
28.850000 1.969179 9.277125 -1274.443817 -518.279158
28.900000 2.006822 9.652072 -1262.957401 -492.337619
28.950000 2.026516 9.570984 -1267.462512 -489.280528
29.000000 1.981156 9.582862 -1267.629552 -506.865492
29.050000 2.022991 9.509148 -1268.452975 -491.624546
29.100000 2.017973 8.358809 -1331.179853 -556.278129
29.150000 2.008043 8.586286 -1317.908316 -546.819859
29.200000 1.985161 8.600465 -1317.547046 -555.245312
29.250000 2.008788 9.414408 -1273.335115 -501.960701
29.300000 1.999902 8.967080 -1294.755154 -526.792821
29.350000 1.997180 8.820562 -1298.482031 -531.564995
29.400000 2.000762 9.141057 -1282.957481 -514.664934
29.450000 1.998695 9.155250 -1284.423061 -516.924266
29.500000 2.001360 9.323953 -1270.512973 -501.990872
29.550000 1.982457 9.365812 -1268.499251 -507.235951
29.600000 1.990876 10.054061 -1235.960354 -471.464047
29.650000 1.999524 9.642280 -1263.519860 -495.702801
29.700000 1.989017 9.273985 -1276.212652 -512.430011
29.750000 2.002337 9.056641 -1290.361629 -521.464395
29.800000 2.019090 9.142621 -1291.495771 -516.165395
29.850000 2.011158 9.128302 -1295.590881 -523.306181
29.900000 2.003008 9.359755 -1278.609676 -509.454627
29.950000 1.999478 8.963078 -1293.645886 -525.846362
30.000000 1.989296 4.437472 -1264.419572 -500.530070
30.050000 2.007034 4.290643 -1277.605427 -506.904380
30.100000 1.984810 5.660430 -1190.626196 -428.459279
30.150000 1.994650 5.420663 -1213.167557 -447.221871
30.200000 2.002947 5.147307 -1229.638009 -460.506375
30.250000 1.991368 5.647013 -1200.307136 -435.621753
30.300000 2.001317 5.065822 -1233.408449 -464.902693
30.350000 2.021922 4.429220 -1266.226558 -489.808514
30.400000 1.990242 4.427604 -1266.181916 -501.929065
30.450000 1.981710 4.877611 -1239.758476 -478.781855
30.500000 2.008645 4.894085 -1240.228151 -468.908651
30.550000 1.986182 4.837047 -1241.638227 -478.944511
30.600000 2.019864 5.255342 -1212.728065 -437.100338
30.650000 1.994380 5.253499 -1214.214624 -448.372817
30.700000 1.997857 5.470756 -1204.118739 -436.941481
30.750000 2.022344 5.094982 -1232.707629 -456.127641
30.800000 2.004620 4.649704 -1258.015682 -488.241634
30.850000 2.004066 4.908034 -1240.432942 -470.871525
30.900000 1.991410 5.418713 -1211.169707 -446.468397
30.950000 2.000993 5.800270 -1196.516243 -428.134964
31.000000 2.000155 5.618223 -1203.479637 -435.419990
31.050000 2.013631 4.690949 -1253.262412 -480.027961
31.100000 1.998033 5.063518 -1231.814626 -464.570130
31.150000 2.000732 4.527774 -1270.859993 -502.578739
31.200000 1.976206 4.896714 -1237.946366 -479.083249
31.250000 2.020523 4.782005 -1244.062109 -468.181294
31.300000 1.984525 5.058013 -1227.716647 -465.658882
31.350000 2.014712 5.557089 -1196.646456 -422.997208
31.400000 2.000261 4.920250 -1233.389161 -465.288964
31.450000 2.015688 4.697925 -1249.526979 -475.502866
31.500000 1.969497 5.319288 -1213.653648 -457.366710
31.550000 2.005776 5.855803 -1185.694719 -415.476717
31.600000 2.008200 5.047301 -1236.439678 -465.290989
31.650000 1.980108 5.737758 -1192.274920 -431.913523
31.700000 1.996349 4.989167 -1241.789019 -475.191098
31.750000 1.991642 4.890848 -1239.704569 -474.913970
31.800000 2.015704 5.546160 -1201.367378 -427.337019
31.850000 2.003474 5.622209 -1196.854723 -427.520735
31.900000 2.003385 5.358570 -1217.572696 -448.272684
31.950000 2.024966 5.798083 -1191.135770 -413.548756
32.000000 2.022032 5.031595 -1240.076790 -463.616506
32.050000 1.981409 5.634426 -1200.644693 -439.783654
32.100000 1.967658 6.003073 -1175.487227 -419.906724
32.150000 2.011111 4.928625 -1244.341586 -472.074815
32.200000 2.001479 5.238096 -1227.092713 -458.524857
32.250000 1.988056 5.363852 -1212.132846 -448.719410
32.300000 1.997436 4.710621 -1248.349211 -481.333801
32.350000 1.995724 4.712372 -1249.193445 -482.835560
32.400000 2.010847 4.910851 -1236.862661 -464.697553
32.450000 1.991807 4.377241 -1270.405591 -505.551807
32.500000 1.985049 4.890997 -1235.449836 -473.191152
32.550000 1.994099 4.849567 -1231.344538 -465.610704
32.600000 1.976630 4.806604 -1230.456748 -471.430849
32.650000 1.999484 5.118589 -1218.342253 -450.540587
32.700000 1.998799 5.030656 -1231.277917 -463.738975
32.750000 1.978922 5.552886 -1203.215730 -443.309537
32.800000 2.022465 5.358675 -1212.245951 -435.619207
32.850000 1.999295 4.808431 -1235.345785 -467.616396
32.900000 1.999029 5.333621 -1198.984275 -431.357109
32.950000 1.978312 4.843205 -1237.713910 -478.042293
33.000000 1.999891 5.181390 -1219.033122 -451.075091
33.050000 1.979476 4.864001 -1242.452251 -482.333619
33.100000 2.002584 5.927236 -1177.538409 -408.546116
33.150000 2.015665 5.460296 -1204.022708 -430.007218
33.200000 2.003654 4.286961 -1280.458317 -511.055346
33.250000 2.005522 5.250122 -1225.908589 -455.787992
33.300000 2.003729 5.689983 -1197.554238 -428.122269
33.350000 2.011398 5.983630 -1178.708735 -406.331868
33.400000 1.998738 5.011125 -1236.102054 -468.586851
33.450000 2.016066 5.463559 -1210.663123 -436.493881
33.500000 1.983055 5.736202 -1198.474499 -436.981531
33.550000 2.006135 5.438869 -1218.814640 -448.458773
33.600000 2.002170 5.490477 -1214.263813 -445.430691
33.650000 2.012768 4.833718 -1254.051831 -481.148879
33.700000 1.994260 4.936446 -1240.867710 -475.071814
33.750000 2.025785 5.331716 -1219.532698 -441.631222
33.800000 2.002147 5.256800 -1222.647053 -453.822769
33.850000 1.984651 5.500202 -1207.011354 -444.905185
33.900000 1.999747 5.865703 -1185.059590 -417.156683
33.950000 2.007878 5.814572 -1194.954992 -423.929682
34.000000 1.992778 6.385595 -1159.594990 -394.368049
34.050000 1.988394 5.934754 -1191.013330 -427.470141
34.100000 1.997222 6.279839 -1167.866980 -400.933636
34.150000 1.997671 5.689131 -1203.838242 -436.732477
34.200000 2.022920 5.471013 -1212.782414 -435.981218
34.250000 2.001520 5.109217 -1227.716009 -459.132484
34.300000 1.990691 5.592808 -1196.121749 -431.696330
34.350000 2.019904 5.478587 -1210.856914 -435.213636
34.400000 1.977331 5.711577 -1188.310836 -429.015704
34.450000 1.995946 5.605224 -1190.840118 -424.396899
34.500000 2.004643 5.688698 -1185.312568 -415.529828
34.550000 2.005586 4.936962 -1234.852521 -464.707621
34.600000 1.994796 4.857461 -1242.160488 -476.158874
34.650000 1.995521 5.565887 -1195.862396 -429.582175
34.700000 1.989559 5.003487 -1234.065337 -470.074860
34.750000 2.012175 4.915237 -1238.805406 -466.130098
34.800000 2.007834 4.726983 -1253.376859 -482.368645
34.850000 1.992776 5.088780 -1232.047657 -466.821709
34.900000 2.016276 5.596908 -1202.280722 -428.030881
34.950000 1.985291 5.513670 -1213.283166 -450.931509
35.000000 2.017706 5.570925 -1209.043688 -434.244618
35.050000 2.000094 5.391175 -1211.182259 -443.146110
35.100000 1.995643 5.336528 -1214.646997 -448.320233
35.150000 2.005185 5.164209 -1226.335640 -456.344645
35.200000 1.990506 5.083595 -1230.747767 -466.393452
35.250000 1.991498 5.142506 -1235.332930 -470.597637
35.300000 2.007594 5.579485 -1209.896305 -438.980033
35.350000 2.007255 4.850312 -1249.786415 -479.000637
35.400000 2.009240 4.809561 -1247.577337 -476.029237
35.450000 2.004067 4.666399 -1259.172490 -489.610633
35.500000 1.987535 5.349881 -1216.058799 -452.845517
35.550000 2.027459 5.147458 -1224.805056 -446.260937
35.600000 2.006117 5.169429 -1220.724335 -450.375541
35.650000 1.992044 5.301061 -1215.573813 -450.629060
35.700000 1.981454 5.768948 -1189.181789 -428.303496
35.750000 1.986331 5.633901 -1197.074515 -434.323577
35.800000 1.989930 5.579448 -1198.045519 -433.912304
35.850000 2.002042 5.501491 -1206.839701 -438.055611
35.900000 2.017691 4.738318 -1250.006489 -475.213159
35.950000 2.002718 5.340873 -1210.385122 -441.341294
36.000000 2.004373 4.949095 -1247.714733 -478.035547
36.050000 2.004483 5.720094 -1197.502464 -427.780845
36.100000 1.994772 5.742576 -1197.701215 -431.708721
36.150000 2.018264 6.232175 -1166.244669 -391.231182
36.200000 2.007257 4.557804 -1269.192351 -498.405656
36.250000 1.977190 4.720311 -1253.087735 -493.846788
36.300000 2.022128 5.261686 -1222.064721 -445.567721
36.350000 2.007610 5.020704 -1237.819440 -466.897169
36.400000 1.987364 5.134288 -1225.073174 -461.925543
36.450000 2.007160 5.277565 -1212.397938 -441.648655
36.500000 2.002538 4.656560 -1253.788365 -484.813763
36.550000 1.986360 5.206157 -1225.097248 -462.334870
36.600000 1.989186 6.007220 -1181.496615 -417.649039
36.650000 2.028685 5.794946 -1195.370069 -416.355014
36.700000 1.994229 5.478923 -1212.727907 -446.944087
36.750000 2.023796 5.299669 -1229.886472 -452.748738
36.800000 2.020352 5.335210 -1218.042603 -442.227482
36.850000 1.978925 5.053056 -1231.962869 -472.055797
36.900000 2.015487 4.909901 -1242.338339 -468.391354
36.950000 1.973770 4.587081 -1262.224761 -504.296955
37.000000 1.990604 5.074215 -1239.404971 -475.013056
37.050000 1.991541 5.730183 -1194.029206 -429.277459
37.100000 2.009940 5.315135 -1210.103549 -438.286772
37.150000 1.975493 5.167089 -1223.347320 -464.757843
37.200000 1.982415 5.162883 -1229.720998 -468.473684
37.250000 2.028403 5.307454 -1222.770838 -443.864175
37.300000 2.009821 4.929862 -1247.102114 -475.330827
37.350000 1.992307 5.826329 -1185.988024 -420.941993
37.400000 1.981623 6.036725 -1176.434437 -415.491222
37.450000 1.997740 5.880754 -1182.945457 -415.813277
37.500000 2.019165 2.732677 -1120.970337 -345.610993
37.550000 1.968796 3.176868 -1086.018537 -330.001030
37.600000 2.009053 3.165559 -1092.381622 -320.905093
37.650000 2.025674 3.185114 -1092.150274 -314.291533
37.700000 2.017099 2.921689 -1107.022450 -332.456452
37.750000 1.985915 2.994712 -1100.532631 -337.941446
37.800000 1.991950 2.878553 -1110.319014 -345.410032
37.850000 2.003132 3.298203 -1079.740170 -310.537293
37.900000 2.008629 3.204757 -1083.659298 -312.345577
37.950000 1.986821 2.622175 -1123.884336 -360.945181
38.000000 1.999958 2.887070 -1109.502427 -341.518565
38.050000 1.999672 3.484989 -1067.368296 -299.494369
38.100000 2.000480 3.172353 -1098.867340 -330.682933
38.150000 1.991502 3.419451 -1081.298627 -316.561914
38.200000 1.991068 3.416868 -1080.162386 -315.592312
38.250000 2.014134 2.978232 -1112.157600 -338.730108
38.300000 2.002891 2.752949 -1127.699113 -358.589067
38.350000 1.990753 3.032521 -1103.984991 -339.535681
38.400000 2.010087 3.093801 -1095.788062 -323.914647
38.450000 2.020522 2.769282 -1117.752655 -341.872064
38.500000 1.983359 2.868154 -1105.284491 -343.674678
38.550000 1.996222 2.860329 -1106.630462 -340.081370
38.600000 1.993561 3.255361 -1078.035199 -312.507899
38.650000 2.026876 2.500252 -1131.014803 -352.694464
38.700000 1.982319 2.869819 -1097.257507 -336.047173
38.750000 1.989259 3.117208 -1088.593045 -324.717425
38.800000 2.008864 3.710155 -1051.147321 -279.743627
38.850000 2.002071 3.419217 -1079.980360 -311.184982
38.900000 1.991709 3.288095 -1090.980411 -326.164037
38.950000 2.008255 3.648981 -1056.383441 -285.213685
39.000000 1.985003 2.652105 -1129.604481 -367.363436
39.050000 2.002481 3.509002 -1075.360488 -306.407883
39.100000 2.008339 3.509843 -1080.357125 -309.155018
39.150000 1.989268 3.446309 -1077.919196 -314.040128
39.200000 2.005243 2.975249 -1108.555063 -338.541584
39.250000 2.012947 2.740457 -1119.414627 -346.442820
39.300000 1.983669 2.931679 -1104.949871 -343.221015
39.350000 2.005236 3.615183 -1057.761465 -287.750808
39.400000 2.007799 3.281650 -1082.016545 -311.021831
39.450000 1.997244 2.913481 -1110.477686 -343.535821
39.500000 1.987154 3.080419 -1103.985551 -340.918507
39.550000 2.006618 3.291586 -1095.869014 -325.327577
39.600000 2.006039 3.759923 -1067.974401 -297.655315
39.650000 2.014072 3.710581 -1070.502504 -297.098870
39.700000 2.009169 3.326058 -1094.615164 -323.094194
39.750000 1.995893 3.054144 -1109.712715 -343.289631
39.800000 1.982933 3.620973 -1071.770398 -310.324070
39.850000 2.035955 3.260224 -1094.477249 -312.670406
39.900000 1.970813 2.826109 -1116.916842 -360.124775
39.950000 2.001352 2.868890 -1112.608036 -344.088901
40.000000 1.999860 2.439245 -1145.841264 -377.895041
40.050000 1.989214 3.287174 -1081.688183 -317.829891
40.100000 2.014362 2.723615 -1121.474569 -347.959702
40.150000 2.004981 3.048909 -1093.630088 -323.717340
40.200000 1.997284 3.049260 -1092.298492 -325.341428
40.250000 2.001857 3.142100 -1083.522988 -314.809983
40.300000 2.001406 2.971677 -1098.500768 -329.960898
40.350000 2.003739 3.241063 -1080.176252 -310.740606
40.400000 2.011523 2.729304 -1120.942443 -348.517718
40.450000 1.997237 3.085904 -1097.497106 -330.558076
40.500000 2.007117 3.347452 -1080.346990 -309.614225
40.550000 1.992843 3.275498 -1081.343045 -316.091193
40.600000 2.016460 3.144909 -1094.411079 -320.090251
40.650000 1.992684 2.830371 -1119.917007 -354.726529
40.700000 1.986765 3.350279 -1086.094635 -323.177052
40.750000 2.010880 2.966246 -1114.642907 -342.464807
40.800000 1.992040 3.132432 -1093.569432 -328.625963
40.850000 2.007175 3.036035 -1098.367954 -327.612734
40.900000 1.988783 3.742952 -1044.948576 -281.255998
40.950000 2.019369 3.577601 -1061.428878 -285.991309
41.000000 2.001227 2.823645 -1109.430044 -340.958796
41.050000 2.000032 2.555437 -1133.365331 -365.353077
41.100000 2.001127 2.989989 -1103.832702 -335.399791
41.150000 2.005828 2.757731 -1120.093944 -349.855954
41.200000 2.003681 2.942560 -1107.151807 -337.738244
41.250000 2.002421 3.104974 -1097.634061 -328.704286
41.300000 1.984697 3.384628 -1077.250267 -315.126760
41.350000 2.019627 3.105076 -1100.198934 -324.662129
41.400000 2.002128 3.509796 -1072.884234 -304.067176
41.450000 2.000906 3.171382 -1101.570098 -333.222325
41.500000 1.997381 3.418921 -1079.774525 -312.780231
41.550000 2.012212 3.253080 -1090.033076 -317.343564
41.600000 1.989177 2.999467 -1108.938761 -345.094904
41.650000 2.010750 2.732164 -1129.616163 -357.488186
41.700000 1.998166 3.189939 -1096.796149 -329.500310
41.750000 1.988796 3.335802 -1086.464102 -322.766274
41.800000 2.021943 2.786127 -1118.747621 -342.321382
41.850000 1.990708 2.780800 -1114.431371 -349.999590
41.900000 1.989924 2.749431 -1117.310814 -353.180023
41.950000 1.992504 3.125357 -1094.373606 -329.252143
42.000000 1.988823 2.948263 -1110.370174 -346.662199
42.050000 2.019131 3.007276 -1111.350580 -336.004340
42.100000 1.992607 3.322170 -1088.612536 -323.451294
42.150000 2.009684 2.759181 -1130.683723 -358.965049
42.200000 1.978008 2.994949 -1113.397921 -353.842823
42.250000 2.002989 2.904137 -1121.604171 -352.456275
42.300000 2.017562 2.539805 -1141.200081 -366.456259
42.350000 1.983059 2.883056 -1113.453456 -351.958793
42.400000 2.005966 3.199656 -1093.438843 -323.147881
42.450000 2.007459 3.084862 -1102.333599 -331.469525
42.500000 1.986039 2.803846 -1125.745909 -363.106755
42.550000 2.010415 3.274725 -1094.985152 -322.985918
42.600000 2.005663 3.327856 -1080.949391 -310.774927
42.650000 1.995716 2.583067 -1125.994445 -359.639414
42.700000 2.005620 3.449114 -1063.214169 -293.055994
42.750000 1.992781 3.523563 -1062.626921 -297.398888
42.800000 1.996045 3.267810 -1074.301306 -307.819983
42.850000 1.989132 2.388681 -1137.446493 -373.619989
42.900000 1.988195 3.019280 -1094.386630 -330.919833
42.950000 1.980133 3.003082 -1101.460888 -341.089775
43.000000 2.008674 3.226341 -1091.139343 -319.808554
43.050000 2.001004 3.318794 -1084.897359 -316.511665
43.100000 2.004728 2.742271 -1132.010700 -362.194989
43.150000 1.995572 3.692495 -1065.066352 -298.766570
43.200000 2.017977 3.391460 -1089.478234 -314.574927
43.250000 2.012769 3.133901 -1106.305489 -333.402008
43.300000 1.991937 3.739273 -1059.312818 -294.408937
43.350000 1.989441 2.967373 -1115.399561 -351.454180
43.400000 1.997963 3.346604 -1087.129293 -319.911383
43.450000 1.992470 3.124444 -1108.367102 -343.258751
43.500000 2.011503 3.048349 -1117.342180 -344.924879
43.550000 2.004774 3.194590 -1100.406045 -330.572768
43.600000 1.985790 3.102492 -1104.417027 -341.873643
43.650000 1.990233 3.133107 -1104.705785 -340.456449
43.700000 1.994035 3.572405 -1069.862759 -304.153487
43.750000 2.021804 2.853156 -1117.725829 -341.353271
43.800000 1.984447 2.933598 -1108.745378 -346.717592
43.850000 2.007208 3.156931 -1089.620124 -318.852103
43.900000 1.972734 2.793264 -1110.190616 -352.660781
43.950000 2.012737 3.062146 -1092.690359 -319.799355
44.000000 2.011833 2.858285 -1109.916622 -337.372575
44.050000 2.011776 3.226594 -1084.993595 -312.471785
44.100000 1.996571 3.032396 -1101.746979 -335.063582
44.150000 1.980642 2.850639 -1122.486354 -361.919700
44.200000 1.994701 3.233477 -1100.570804 -334.605717
44.250000 2.022675 3.305081 -1095.152864 -318.445631
44.300000 2.010330 3.526050 -1067.021617 -295.054765
44.350000 2.007489 3.066846 -1088.188994 -317.313392
44.400000 2.004889 2.244793 -1140.588303 -370.710941
44.450000 1.993944 2.730357 -1106.772648 -341.098065
44.500000 1.999338 2.790018 -1109.761913 -342.016311
44.550000 2.007502 2.656965 -1121.031333 -350.150458
44.600000 1.975059 2.854291 -1116.233745 -357.810966
44.650000 2.011798 3.066324 -1098.492057 -325.961585
44.700000 1.993328 3.055634 -1088.093829 -322.655855
44.750000 1.999377 3.461238 -1057.394988 -289.634262
44.800000 2.007685 2.689823 -1120.109153 -349.158271
44.850000 1.997790 2.811230 -1115.167994 -348.016679
44.900000 2.010190 2.729667 -1122.070718 -350.157731
44.950000 1.983399 2.996912 -1099.650939 -338.025838
45.000000 2.000243 1.207083 -994.990569 -226.897268
45.050000 1.985500 1.397529 -993.204251 -230.772403
45.100000 2.008374 2.122666 -940.868223 -169.652734
45.150000 2.014305 2.181022 -930.195494 -156.702292
45.200000 1.999897 2.110909 -932.961617 -165.001024
45.250000 1.990857 1.764387 -959.906399 -195.417339
45.300000 1.996729 2.006384 -937.241538 -170.497702
45.350000 1.990285 1.930283 -943.045969 -178.776563
45.400000 2.003904 1.798859 -952.593136 -183.093914
45.450000 2.001437 1.517349 -978.462166 -209.910470
45.500000 1.995923 1.927606 -951.874179 -185.439908
45.550000 2.001130 1.926328 -958.475866 -190.042041
45.600000 2.006309 1.928564 -950.857345 -180.434592
45.650000 1.998772 1.570128 -978.882576 -211.354267
45.700000 2.028508 1.989375 -946.247121 -167.300124
45.750000 2.001987 1.700680 -972.773487 -204.010500
45.800000 1.989282 1.777336 -972.239401 -208.355276
45.850000 2.020255 2.034151 -951.105381 -175.327383
45.900000 2.001468 1.506329 -995.480929 -226.917329
45.950000 2.002356 1.597619 -989.736120 -220.831608
46.000000 1.995907 1.849139 -969.591273 -203.163036
46.050000 1.996380 1.884370 -964.225325 -197.615307
46.100000 2.000778 1.873023 -954.922365 -186.623482
46.150000 2.006637 1.678715 -968.985406 -198.436912
46.200000 1.997817 1.679924 -976.728389 -209.566819
46.250000 1.989839 1.867428 -967.436248 -203.337886
46.300000 2.004255 2.101108 -951.644760 -182.010984
46.350000 2.017275 1.973768 -961.051068 -186.417435
46.400000 1.991618 2.086816 -950.554384 -185.773162
46.450000 2.026733 1.938701 -962.945733 -184.680251
46.500000 1.987397 1.878875 -958.565542 -195.405268
46.550000 2.003978 1.808590 -969.872251 -200.344711
46.600000 1.987199 2.258897 -931.098905 -168.014372
46.650000 2.003430 1.771056 -968.250304 -198.933058
46.700000 1.999141 1.633744 -972.126904 -204.456927
46.750000 2.002926 1.642058 -964.110978 -194.987413
46.800000 2.006341 1.161507 -1000.411904 -229.976962
46.850000 2.007172 1.807562 -948.977360 -178.223454
46.900000 2.004990 1.842674 -957.516349 -187.600300
46.950000 1.994803 1.730640 -972.306486 -206.302182
47.000000 2.007538 2.196949 -930.580028 -159.685581
47.050000 2.007985 1.684966 -967.602456 -196.536168
47.100000 2.004527 1.669748 -967.795496 -198.057271
47.150000 1.988929 1.850715 -956.770264 -193.021711
47.200000 2.005130 1.810130 -961.028204 -191.058435
47.250000 1.996025 1.906115 -948.909846 -182.436365
47.300000 1.997737 1.686491 -970.736681 -203.605646
47.350000 2.011867 2.011700 -942.190080 -169.633094
47.400000 1.999128 1.824861 -954.991475 -187.326306
47.450000 2.003438 1.430050 -986.671476 -217.351197
47.500000 2.004540 1.509995 -976.640452 -206.897098
47.550000 1.999248 1.157482 -1008.877957 -241.166831
47.600000 1.995758 2.231742 -919.012894 -152.641899
47.650000 2.003006 1.637273 -966.768914 -197.614504
47.700000 2.012047 1.162113 -1005.990045 -233.364098
47.750000 2.003296 1.247622 -999.663376 -230.397552
47.800000 1.986236 1.682330 -964.194510 -201.479827
47.850000 1.996535 1.468560 -982.897700 -216.228112
47.900000 1.976982 1.629238 -971.034353 -211.873177
47.950000 2.017190 1.693267 -965.619052 -191.017953
48.000000 2.023511 2.048548 -933.924487 -156.896289
48.050000 1.987063 1.948528 -949.323666 -186.291551
48.100000 2.007973 2.227256 -931.432719 -160.371257
48.150000 1.989238 2.047647 -945.423772 -181.556547
48.200000 1.993412 2.132606 -931.075036 -165.605018
48.250000 2.005888 1.525649 -983.868669 -213.607665
48.300000 1.990953 2.074283 -938.489506 -173.963642
48.350000 2.016212 1.494496 -984.804445 -210.579076
48.400000 2.011505 1.399819 -986.508947 -214.091152
48.450000 2.001346 1.674818 -960.807228 -192.290273
48.500000 1.984146 1.964606 -944.320104 -182.407934
48.550000 2.013482 2.099339 -935.687879 -162.510729
48.600000 2.004030 1.442239 -988.431891 -218.884216
48.650000 1.999050 1.739645 -965.773536 -198.138269
48.700000 2.004364 1.735228 -964.722567 -195.046624
48.750000 2.014620 1.780190 -954.776725 -181.162501
48.800000 2.013045 1.516491 -972.653889 -199.644473
48.850000 1.990661 1.781073 -948.089167 -183.675381
48.900000 2.008154 1.372467 -986.767390 -215.636093
48.950000 1.996598 1.864112 -950.303009 -183.609292
49.000000 1.986701 2.315383 -923.405297 -160.512246
49.050000 2.006447 2.170250 -938.749346 -168.273784
49.100000 2.004684 1.786982 -959.628271 -189.829756
49.150000 1.997152 1.451289 -987.923931 -221.017487
49.200000 2.012915 1.459342 -995.068216 -222.108931
49.250000 1.993775 1.778835 -970.298937 -204.689489
49.300000 1.995546 1.959018 -956.226504 -189.936787
49.350000 2.004804 2.256714 -926.578468 -156.733793
49.400000 1.999006 1.779711 -961.619420 -194.001283
49.450000 1.995254 1.797140 -957.515144 -191.337733
49.500000 2.002421 1.834801 -955.866335 -186.936792
49.550000 1.996582 1.512655 -980.372533 -213.685016
49.600000 1.985659 1.860230 -950.138183 -187.645129
49.650000 1.992659 1.713046 -962.696535 -197.515611
49.700000 1.998524 1.606306 -966.663897 -199.230610
49.750000 1.991216 1.454979 -979.899662 -215.272599
49.800000 2.007053 1.961062 -938.406927 -167.698414
49.850000 2.010192 1.351475 -988.546590 -216.632783
49.900000 2.002286 1.770661 -951.653386 -182.775731
49.950000 2.002456 2.128208 -924.187544 -155.244616
50.000000 2.000530 1.891912 -948.958147 -180.754481
50.050000 2.006616 1.641099 -971.569025 -201.028521
50.100000 1.980105 1.867314 -951.965270 -191.604999
50.150000 1.996344 1.878027 -958.900568 -192.304500
50.200000 2.013055 1.902079 -953.394102 -180.381087
50.250000 1.994545 1.722132 -963.408142 -197.503029
50.300000 2.006639 2.020407 -940.292098 -169.742719
50.350000 1.989114 1.906578 -953.067311 -189.247639
50.400000 2.004431 2.289782 -919.922662 -150.221262
50.450000 2.007024 1.868849 -947.851010 -177.153856
50.500000 2.002764 1.205640 -998.146696 -229.085266
50.550000 2.013373 1.393080 -982.231397 -209.096271
50.600000 2.014133 1.205063 -995.077799 -221.650839
50.650000 1.991348 0.975709 -1017.893161 -253.215525
50.700000 1.975169 1.668974 -972.367649 -213.902777
50.750000 2.002333 2.093482 -943.223846 -174.328135
50.800000 2.005563 1.958097 -951.255539 -181.119522
50.850000 1.995948 1.702765 -964.565915 -198.122035
50.900000 2.006689 1.604368 -967.704521 -197.136110
50.950000 1.994333 1.724400 -960.126327 -194.302399
51.000000 1.997250 1.744544 -963.066671 -196.122558
51.050000 1.992347 1.633688 -968.965202 -203.903961
51.100000 2.007484 1.797695 -949.321800 -178.447985
51.150000 1.998342 1.339692 -983.312033 -215.948584
51.200000 2.000218 1.301015 -983.810416 -215.726880
51.250000 2.004949 1.482500 -971.895391 -201.994982
51.300000 2.015445 1.689375 -955.953949 -182.023202
51.350000 2.003845 1.594512 -963.818468 -194.342146
51.400000 1.985442 1.741835 -952.239914 -189.830158
51.450000 1.987182 2.000969 -937.673513 -174.595808
51.500000 2.000372 2.072818 -929.083932 -160.941242
51.550000 1.984098 1.910785 -936.049576 -174.155891
51.600000 2.013737 1.806700 -944.388171 -171.113221
51.650000 2.000438 2.048671 -923.568187 -155.399839
51.700000 2.007983 1.942825 -937.874236 -166.808809
51.750000 2.010607 1.911384 -945.329378 -173.256220
51.800000 1.993632 1.841110 -948.427214 -182.872454
51.850000 2.001784 1.587703 -966.446937 -197.762020
51.900000 2.006199 1.524239 -973.451267 -203.070767
51.950000 1.994931 1.905421 -935.654520 -169.601050
52.000000 1.993657 1.800966 -943.458800 -177.894363
52.050000 2.010543 1.531196 -969.264146 -197.215674
52.100000 1.998595 1.730752 -955.437643 -187.977285
52.150000 1.992298 1.390733 -989.064243 -224.021683
52.200000 2.002730 1.628909 -970.331988 -201.283478
52.250000 2.001351 2.017753 -935.703015 -167.184095
52.300000 1.987074 1.414029 -991.818138 -228.781730
52.350000 2.003533 1.624542 -977.383906 -208.027381
52.400000 2.001154 2.093227 -939.207818 -170.764650
52.450000 2.013163 1.634570 -976.912706 -203.858262
52.500000 1.995162 1.489081 -767.960695 -1.818429
52.550000 2.000083 1.170605 -791.269845 -23.237792
52.600000 2.005730 0.737466 -827.013165 -56.812906
52.650000 2.004378 0.878285 -809.133853 -39.452874
52.700000 1.995611 0.972661 -802.681468 -36.366855
52.750000 1.989550 1.027896 -807.292143 -43.304866
52.800000 2.012551 1.105154 -806.327650 -33.508117
52.850000 1.995989 1.210288 -793.920163 -27.460441
52.900000 2.004602 1.099362 -804.184897 -34.417918
52.950000 1.997200 0.885851 -823.654133 -56.729162
53.000000 1.993506 0.874921 -827.623412 -62.117150
53.050000 1.996099 1.234759 -795.259914 -28.757938
53.100000 2.007935 1.033991 -816.517765 -45.470543
53.150000 1.984844 1.100539 -809.151080 -46.970930
53.200000 1.998664 1.066936 -816.753197 -49.266200
53.250000 1.997678 1.135780 -806.624586 -39.516128
53.300000 2.010902 0.849112 -827.726581 -55.540347
53.350000 1.973979 1.068527 -802.047829 -44.039701
53.400000 1.999581 1.213301 -794.515342 -26.676077
53.450000 2.011086 1.071808 -809.193823 -36.936713
53.500000 2.001480 1.016000 -809.698928 -41.130435
53.550000 1.988683 1.170053 -788.820091 -25.165942
53.600000 2.002636 1.001879 -802.214992 -33.202819
53.650000 2.002195 1.200864 -785.100243 -16.257482
53.700000 2.016040 0.965841 -811.592983 -37.433615
53.750000 1.997406 0.869779 -821.184153 -54.180061
53.800000 1.997479 0.995320 -816.102203 -49.070211
53.850000 2.019587 1.148349 -809.735200 -34.213801
53.900000 2.003363 1.203630 -812.963765 -43.672355
53.950000 2.003342 1.210883 -822.638307 -53.354986
54.000000 2.007698 1.798506 -765.079354 5.876496
54.050000 1.999141 1.426235 -794.537928 -26.867949
54.100000 2.014330 1.243888 -802.785744 -29.283153
54.150000 2.003220 0.855577 -833.763234 -64.526921
54.200000 1.984640 1.346392 -780.769671 -18.667820
54.250000 2.016366 1.047565 -812.316034 -38.031521
54.300000 1.996557 1.244397 -793.126766 -26.448929
54.350000 2.006265 0.855796 -834.301967 -63.896161
54.400000 1.987993 0.970283 -823.327104 -59.937857
54.450000 2.021028 1.326487 -785.728812 -9.654211
54.500000 1.999286 0.789501 -833.121288 -65.395650
54.550000 2.006502 1.384165 -769.990448 0.506175
54.600000 2.000326 0.921743 -815.847500 -47.722243
54.650000 1.985021 1.204019 -786.560860 -24.312623
54.700000 1.998514 1.180943 -787.122923 -19.693571
54.750000 1.999921 0.929655 -807.083983 -39.114190
54.800000 2.000571 0.771467 -819.175034 -50.955754
54.850000 2.014288 0.771124 -818.019068 -44.532586
54.900000 1.991998 0.474180 -850.340754 -85.413679
54.950000 1.988194 0.884922 -819.301328 -55.834799
55.000000 2.000308 1.346089 -787.249606 -19.131506
55.050000 2.004950 1.067419 -818.538310 -48.637326
55.100000 1.998674 0.947125 -829.191752 -61.701071
55.150000 1.995306 1.028517 -822.039774 -55.842410
55.200000 2.006292 0.966032 -827.359087 -56.942901
55.250000 1.999593 0.951765 -826.745591 -58.901835
55.300000 1.995075 1.245180 -797.334320 -31.225674
55.350000 2.001278 1.284981 -789.055022 -20.564292
55.400000 2.008789 1.224324 -788.298446 -16.923466
55.450000 2.006701 1.237768 -777.739977 -7.166929
55.500000 2.003013 0.747005 -823.899206 -54.742226
55.550000 2.000997 0.804402 -816.399133 -48.016329
55.600000 1.998104 1.111224 -787.259053 -19.987281
55.650000 2.013759 1.041393 -792.726057 -19.442583
55.700000 1.995830 0.996911 -796.354271 -29.955473
55.750000 2.001560 1.040510 -794.647266 -26.048090
55.800000 2.006024 0.977246 -796.615428 -26.302240
55.850000 2.005303 0.764529 -821.863535 -51.827355
55.900000 1.994780 1.143762 -793.934199 -27.938655
55.950000 2.001636 1.228740 -792.949117 -24.320908
56.000000 1.994734 1.199168 -798.378890 -32.400913
56.050000 2.006834 1.510554 -760.745786 9.878463
56.100000 2.012157 0.894313 -809.055850 -36.387386
56.150000 1.985428 0.930048 -795.233551 -32.829379
56.200000 2.005085 1.015235 -789.808859 -19.856193
56.250000 1.982855 1.088191 -788.960366 -27.544089
56.300000 2.008091 1.396387 -766.282408 4.824582
56.350000 1.997529 1.141185 -789.523426 -22.472184
56.400000 2.012374 1.035559 -794.282846 -21.531332
56.450000 1.992443 0.919562 -803.698261 -38.600324
56.500000 1.989500 0.975931 -808.910938 -44.942981
56.550000 1.993831 1.540590 -761.795064 3.836215
56.600000 2.007335 1.318774 -789.138464 -18.321721
56.650000 1.994146 1.316208 -795.000332 -29.248231
56.700000 2.004663 1.172294 -810.889525 -41.098976
56.750000 2.003809 1.204763 -801.688886 -32.226355
56.800000 2.009505 0.997644 -812.060067 -40.410269
56.850000 2.007897 0.809306 -828.200183 -57.167798
56.900000 2.002384 0.707801 -838.429467 -69.514084
56.950000 1.998859 1.249436 -789.305152 -21.743459
57.000000 1.998453 1.166964 -805.668157 -38.262195
57.050000 2.013813 1.100844 -809.727491 -36.423187
57.100000 2.000536 0.743748 -836.580058 -68.374051
57.150000 1.989126 0.883192 -816.555981 -52.731504
57.200000 2.002533 0.930343 -810.415605 -41.442956
57.250000 1.984738 0.996921 -803.734761 -41.595485
57.300000 2.002116 1.313106 -775.691680 -6.879157
57.350000 2.004576 1.179199 -791.419240 -21.662054
57.400000 2.021828 1.205941 -787.676814 -11.294962
57.450000 1.993927 0.952783 -808.921769 -43.253991
57.500000 1.984625 1.216156 -786.004693 -23.908652
57.550000 2.009485 1.204349 -794.628031 -22.985958
57.600000 1.999269 1.019982 -819.256201 -51.537047
57.650000 1.995709 1.690561 -761.848508 4.503782
57.700000 2.006349 1.692908 -769.416444 1.021394
57.750000 2.006044 1.370748 -803.117929 -32.796972
57.800000 2.008391 1.427398 -790.443572 -19.221363
57.850000 1.991101 1.117928 -815.097589 -50.514620
57.900000 2.002992 1.480750 -775.987024 -6.838241
57.950000 2.002869 1.153935 -808.246029 -39.144279
58.000000 1.989281 1.186476 -800.823772 -36.939872
58.050000 2.006345 0.845992 -829.743291 -59.306909
58.100000 2.003724 0.965435 -809.026626 -39.596598
58.150000 2.002727 0.960418 -800.785370 -31.738204
58.200000 2.006599 0.938360 -801.041659 -30.507717
58.250000 1.984652 0.965521 -805.388809 -43.282492
58.300000 2.008605 0.798232 -827.767212 -56.462778
58.350000 1.990453 0.911931 -818.456538 -54.122690
58.400000 2.014366 0.902895 -825.550603 -52.033902
58.450000 1.989400 0.878866 -825.886280 -61.956620
58.500000 1.980445 1.398348 -772.679624 -12.188783
58.550000 1.998864 1.067462 -799.956012 -32.392171
58.600000 1.993459 0.943057 -804.644879 -39.156615
58.650000 2.009578 0.865427 -806.482138 -34.804165
58.700000 1.984880 0.440174 -847.935186 -85.741315
58.750000 1.991289 1.022932 -796.812675 -32.157720
58.800000 2.000436 1.168798 -790.074396 -21.907073
58.850000 1.999588 0.983397 -813.961897 -46.120249
58.900000 1.995877 1.271040 -790.787625 -24.370934
58.950000 1.987262 1.432679 -782.795654 -19.687022
59.000000 2.013474 1.522332 -771.740806 1.433370
59.050000 2.000145 1.126434 -809.778520 -41.722941
59.100000 2.000053 1.350529 -787.374745 -19.354453
59.150000 2.015814 1.196447 -796.123173 -22.050766
59.200000 1.997134 0.904036 -815.811973 -48.912648
59.250000 1.998650 0.869214 -813.772644 -46.290891
59.300000 1.998302 0.838756 -817.838600 -50.490770
59.350000 1.999091 1.048393 -797.234297 -29.583477
59.400000 2.004549 0.801593 -824.475393 -54.728696
59.450000 1.987643 1.005789 -808.039153 -44.784386
59.500000 2.001424 1.070044 -807.489738 -38.942975
59.550000 2.005075 1.103170 -801.653747 -31.705055
59.600000 1.999562 0.778189 -838.611608 -70.779966
59.650000 1.973513 1.273215 -792.252194 -34.423345
59.700000 2.011905 1.284956 -792.806367 -20.234786
59.750000 2.001015 0.808099 -832.068235 -63.678412
59.800000 1.984291 1.072216 -801.246003 -39.278254
59.850000 2.013511 1.278010 -776.243694 -3.055589
59.900000 1.992570 0.831983 -817.448929 -52.301995
59.950000 1.993762 1.097579 -791.491025 -25.886564
60.000000 1.990526 0.584609 -664.928497 99.433597
60.050000 2.009395 0.736478 -648.605465 123.002268
60.100000 1.996747 0.515850 -678.906487 87.844185
60.150000 2.003192 0.963777 -624.380896 144.844824
60.200000 2.011320 0.642020 -667.278058 105.069000
60.250000 1.991818 0.754906 -653.189139 111.668787
60.300000 1.993655 0.761300 -656.845507 108.717855
60.350000 1.996158 0.676451 -671.371794 95.152762
60.400000 2.005360 0.722458 -666.541509 103.516673
60.450000 2.001463 0.626578 -676.612244 91.949408
60.500000 1.998724 0.667569 -671.894466 95.615513
60.550000 1.997335 0.774487 -657.198677 109.777901
60.600000 1.993103 0.591113 -683.975189 81.376349
60.650000 2.007460 0.982635 -634.871192 135.993388
60.700000 2.009220 0.832030 -643.476716 128.063765
60.750000 1.999282 0.520852 -669.043461 98.680663
60.800000 1.987424 0.686253 -645.010741 118.159963
60.850000 2.008324 0.785569 -629.170070 142.026245
60.900000 1.997001 0.557646 -651.411162 115.437051
60.950000 1.999696 0.460643 -661.716165 106.167138
61.000000 1.993535 0.566034 -654.131596 111.385710
61.050000 1.999834 0.878366 -626.750852 141.185486
61.100000 2.005568 0.917154 -630.553712 139.584218
61.150000 1.995345 0.992464 -627.212468 139.000051
61.200000 2.010085 0.834755 -642.656307 129.216523
61.250000 2.002001 0.515466 -671.621122 97.147127
61.300000 1.993027 0.665442 -648.450487 116.871714
61.350000 1.985143 0.671659 -655.440477 106.854309
61.400000 2.002839 0.895138 -628.157512 140.932791
61.450000 2.012480 0.541193 -661.684722 111.107672
61.500000 1.992062 0.599998 -652.467503 112.484262
61.550000 1.990194 0.898425 -627.651570 136.583111
61.600000 1.991286 1.043987 -617.498964 147.155011
61.650000 2.002375 0.870593 -643.779910 125.132263
61.700000 2.005954 0.695812 -667.050912 103.235357
61.750000 2.010659 0.824007 -647.526345 124.566724
61.800000 1.998419 0.475661 -687.281700 80.111257
61.850000 2.004974 0.523251 -678.425484 91.484370
61.900000 1.985727 0.700906 -658.784813 103.734248
61.950000 2.003257 0.672397 -663.406095 105.844729
62.000000 1.993202 0.745953 -650.134299 115.255252
62.050000 1.993032 0.993443 -616.173703 149.150659
62.100000 2.006171 0.826175 -634.246263 136.123306
62.150000 2.006080 0.828967 -627.022235 143.312618
62.200000 1.996234 0.651985 -646.061068 120.492917
62.250000 2.001703 0.784901 -625.681489 142.972358
62.300000 2.002048 0.644498 -638.655775 130.130519
62.350000 1.995211 0.610434 -641.042997 125.117997
62.400000 1.996334 0.563062 -649.524244 117.067834
62.450000 1.995089 0.790811 -623.946718 142.167400
62.500000 1.995965 0.718618 -634.092040 132.358551
62.550000 2.003833 0.536112 -654.721734 114.750122
62.600000 2.002438 0.852034 -613.288881 155.647437
62.650000 2.014150 0.462493 -662.617166 110.816456
62.700000 1.996058 0.383850 -674.406407 92.079699
62.750000 1.991580 0.842571 -627.885319 136.881325
62.800000 2.010284 0.869061 -631.500805 140.448204
62.850000 2.000530 0.538368 -672.960136 95.243381
62.900000 1.988165 0.753330 -649.896450 113.559021
62.950000 2.005240 0.835550 -646.829048 123.183266
63.000000 2.000622 0.743061 -659.847124 108.391863
63.050000 1.990395 0.809116 -657.347156 106.964375
63.100000 2.012862 0.985201 -639.654661 133.284262
63.150000 1.991268 0.728300 -668.395204 96.251662
63.200000 2.020020 0.704308 -667.309252 108.378336
63.250000 1.981976 0.889539 -634.577923 126.500992
63.300000 2.009359 0.647511 -663.921363 107.672644
63.350000 1.988956 0.812007 -641.760084 121.998948
63.400000 2.006806 0.772351 -649.640881 120.972558
63.450000 2.001729 0.665389 -666.597675 102.066191
63.500000 1.999769 0.853295 -645.612714 122.298468
63.550000 2.008817 0.683457 -667.112678 104.273161
63.600000 2.005487 0.785956 -654.759574 115.347603
63.650000 2.003818 0.735282 -661.859044 107.607051
63.700000 1.994463 0.732191 -659.775909 106.098011
63.750000 1.986105 0.835418 -646.679292 115.984887
63.800000 1.999687 0.683042 -669.125991 98.753921
63.850000 2.005580 0.776450 -658.827854 111.314873
63.900000 1.995795 0.860177 -647.344285 119.040877
63.950000 2.006112 0.728647 -661.818155 108.528981
64.000000 2.000180 0.473424 -692.415290 75.653952
64.050000 2.017101 0.613373 -673.239768 101.327193
64.100000 1.990905 0.617198 -671.442428 93.064999
64.150000 1.998543 0.635410 -672.931167 94.509249
64.200000 1.990628 0.623701 -677.323346 87.077955
64.250000 2.005570 0.738790 -667.825637 102.313177
64.300000 1.998978 0.726121 -673.148579 94.459076
64.350000 1.991168 0.870960 -658.722481 105.886027
64.400000 1.994651 1.106843 -631.765487 134.180345
64.450000 2.004983 0.699243 -682.712551 87.200975
64.500000 1.991351 0.931916 -653.352033 111.326745
64.550000 2.014562 1.022057 -636.022390 137.569428
64.600000 2.002471 0.623140 -673.180167 95.768726
64.650000 1.984333 0.656867 -662.080934 99.902751
64.700000 2.007016 0.720215 -653.299614 117.394430
64.750000 1.994138 0.867376 -628.724013 137.024906
64.800000 2.011676 0.735532 -642.852572 129.630907
64.850000 2.001294 0.544941 -662.154416 106.342563
64.900000 1.994956 0.515310 -666.533706 99.529578
64.950000 1.995963 0.654876 -655.542387 110.907368
65.000000 2.009507 0.933390 -623.300593 148.350230
65.050000 2.000852 0.526670 -670.104432 98.222878
65.100000 2.001521 0.594367 -659.932259 108.651830
65.150000 1.998638 0.680308 -649.867780 117.609075
65.200000 2.005900 0.637870 -651.325850 118.939600
65.250000 2.003173 0.609162 -644.816171 124.402074
65.300000 2.000621 0.451949 -657.778349 110.460292
65.350000 1.984757 0.485585 -654.300050 107.846446
65.400000 1.997639 0.607526 -646.478574 120.614747
65.450000 1.995201 0.768570 -637.075863 129.081451
65.500000 2.005795 0.767123 -642.949668 127.275732
65.550000 1.989626 0.679915 -654.614950 109.401288
65.600000 1.991145 0.827422 -637.661754 126.937858
65.650000 1.998614 0.767789 -643.379498 124.088317
65.700000 1.997458 0.889914 -621.240015 145.783820
65.750000 2.004185 0.653918 -641.132679 128.474522
65.800000 1.995366 0.451301 -661.375962 104.844733
65.850000 2.002482 0.685592 -635.149572 133.803588
65.900000 2.000600 0.619361 -652.334570 115.895976
65.950000 2.003036 0.731652 -646.448486 122.717505
66.000000 1.996110 0.889434 -632.785790 133.720549
66.050000 2.002223 0.848133 -640.512562 128.340884
66.100000 1.994450 0.584867 -673.092295 92.776600
66.150000 2.003414 0.708199 -662.256116 107.055038
66.200000 2.013375 0.639046 -675.292792 97.843388
66.250000 1.995377 0.728849 -661.199899 105.024771
66.300000 2.008017 0.529722 -687.127270 83.951416
66.350000 1.986604 0.851524 -651.643158 111.212949
66.400000 2.010020 0.831209 -656.533374 115.314427
66.450000 1.998994 0.709317 -663.638109 103.975760
66.500000 2.001905 0.823271 -646.640359 122.091341
66.550000 1.996793 0.815930 -651.622330 115.146079
66.600000 1.996373 0.775240 -666.286559 100.320584
66.650000 1.992805 1.125217 -628.582620 136.654597
66.700000 2.004122 0.878454 -656.593773 112.988968
66.750000 1.998066 0.763208 -661.825293 105.432035
66.800000 2.001342 0.839992 -647.640636 120.874558
66.850000 2.004047 0.514416 -686.934313 82.619552
66.900000 1.999366 0.615410 -675.088654 92.667921
66.950000 1.991147 0.694204 -671.743625 92.856704
67.000000 1.997740 0.941325 -645.331964 121.800347
67.050000 2.005335 0.799409 -662.804747 107.243909
67.100000 1.998994 0.897623 -647.906701 119.707145
67.150000 1.999414 0.694564 -667.244518 100.530550
67.200000 2.001750 0.762591 -653.516994 115.154990
67.250000 1.996423 0.772455 -649.839636 116.786783
67.300000 2.000532 0.725841 -652.983542 115.220866
67.350000 2.001721 0.585274 -663.812867 104.847872
67.400000 1.990669 0.560216 -660.746288 103.670718
67.450000 1.998608 0.578533 -652.551612 114.914033
