# t Temp Pres Epot Etot
0.000000 2.012274 28.541072 -11370.188268 -5188.481236
0.050000 1.995084 29.437034 -11039.148078 -4910.249950
0.100000 2.008608 29.144969 -11150.123241 -4979.679397
0.150000 2.004086 28.334863 -11432.623438 -5276.072034
0.200000 1.998830 28.336146 -11432.383758 -5291.979066
0.250000 2.001902 28.934216 -11215.800031 -5065.956301
0.300000 1.997888 29.046945 -11176.158577 -5038.648087
0.350000 2.009006 28.679766 -11324.142065 -5152.474158
0.400000 1.991250 28.976132 -11208.046094 -5090.924876
0.450000 2.015383 29.365410 -11066.611322 -4875.353711
0.500000 1.996083 28.580122 -11348.520485 -5216.553781
0.550000 1.998110 28.785256 -11274.879267 -5136.685831
0.600000 1.999873 28.349369 -11434.147939 -5290.538247
0.650000 2.003492 28.922261 -11232.972888 -5078.245676
0.700000 1.997784 29.226116 -11106.585278 -4969.391621
0.750000 2.008718 28.783853 -11283.206908 -5112.425335
0.800000 1.999470 28.684944 -11301.926834 -5159.555354
0.850000 1.999797 28.605053 -11336.220655 -5192.843153
0.900000 1.984921 29.308363 -11085.769654 -4988.092983
0.950000 2.001308 28.512242 -11367.835502 -5219.817722
1.000000 1.980125 29.412829 -11043.789683 -4960.844842
1.050000 2.014269 28.765946 -11292.351599 -5104.517468
1.100000 2.008020 28.445379 -11396.202349 -5227.563767
1.150000 1.990651 28.678384 -11307.163327 -5191.883627
1.200000 2.002031 28.859105 -11242.266347 -5092.027982
1.250000 2.005727 28.833915 -11249.978335 -5088.386117
1.300000 1.988267 28.743774 -11283.356572 -5175.401013
1.350000 2.012044 28.748274 -11294.444206 -5113.443795
1.400000 2.007968 28.836086 -11254.360143 -5085.882271
1.450000 2.005654 29.165226 -11134.382282 -4973.014325
1.500000 2.001830 28.814321 -11262.395963 -5112.774723
1.550000 2.001308 28.705673 -11307.677513 -5159.659573
1.600000 1.998806 28.565066 -11350.496987 -5210.165413
1.650000 1.989440 28.998374 -11185.736956 -5074.178067
1.700000 1.999849 29.230317 -11113.840009 -4970.303585
1.750000 1.999056 29.214975 -11109.569682 -4968.469724
1.800000 2.013253 28.583501 -11355.482998 -5170.768352
1.850000 1.990446 28.506053 -11363.034496 -5248.383950
1.900000 2.007597 28.829902 -11258.777299 -5091.439939
1.950000 2.003663 29.162245 -11134.788944 -4979.535883
2.000000 2.001188 28.797429 -11270.673707 -5123.023187
2.050000 2.012868 28.972812 -11214.370851 -5030.839285
2.100000 1.992800 28.926143 -11209.353647 -5087.473250
2.150000 2.000558 28.705792 -11310.041485 -5164.326017
2.200000 1.996384 28.796285 -11261.904178 -5129.014022
2.250000 1.996631 28.705615 -11304.018224 -5170.368173
2.300000 2.001416 28.671883 -11316.971321 -5168.622509
2.350000 1.995748 29.183067 -11122.018233 -4991.081167
2.400000 1.990206 28.823152 -11244.077666 -5130.164676
2.450000 1.999791 29.026187 -11184.349431 -5040.990187
2.500000 1.996960 29.070282 -11161.955710 -5027.295907
2.550000 1.995865 28.606920 -11335.924690 -5204.626927
2.600000 2.000922 28.531490 -11371.284167 -5224.452390
2.650000 2.006649 28.907749 -11240.548453 -5076.123660
2.700000 1.994452 28.413358 -11398.553229 -5271.595742
2.750000 1.995028 29.111997 -11155.928683 -5027.202782
2.800000 2.011785 29.325830 -11083.126955 -4902.924458
2.850000 2.005426 28.487847 -11385.998063 -5225.330047
2.900000 2.003987 28.677583 -11318.151091 -5161.904511
2.950000 1.993754 28.989003 -11196.033878 -5071.222089
3.000000 1.996045 29.385582 -11065.983603 -4934.132152
3.050000 2.003671 28.965652 -11210.072245 -5054.795435
3.100000 1.988865 28.564154 -11339.091554 -5229.297909
3.150000 2.005614 28.819385 -11266.746384 -5105.501371
3.200000 1.991169 28.920703 -11220.683546 -5103.812930
3.250000 2.004248 28.836701 -11252.051907 -5095.001622
3.300000 1.995848 28.679927 -11306.329727 -5175.083357
3.350000 1.994716 28.729964 -11284.556312 -5156.788882
3.400000 2.015175 28.938461 -11210.156603 -5019.538257
3.450000 1.995345 28.500810 -11378.940795 -5249.240728
3.500000 1.984084 29.294479 -11076.252268 -4981.147628
3.550000 2.019254 29.194635 -11129.152789 -4926.005644
3.600000 2.003134 28.847372 -11249.571039 -5095.943910
3.650000 1.995713 28.636612 -11327.381298 -5196.549993
3.700000 2.020544 28.692979 -11314.104219 -5106.994087
3.750000 2.001479 29.008966 -11184.441047 -5035.896788
3.800000 1.986677 28.411227 -11414.787997 -5311.715650
3.850000 1.992924 29.216476 -11119.557689 -4997.294087
3.900000 2.002392 28.650042 -11326.787603 -5175.439808
3.950000 1.985566 28.565822 -11344.944104 -5245.285088
4.000000 2.006748 28.989422 -11204.332868 -5039.601759
4.050000 2.004746 29.083578 -11165.158388 -5006.577815
4.100000 2.010512 28.754758 -11282.971629 -5106.680282
4.150000 1.988580 28.978226 -11193.506467 -5084.587550
4.200000 2.002825 28.942435 -11219.810355 -5067.132623
4.250000 1.998993 28.741839 -11291.252734 -5150.346562
4.300000 2.004039 29.044647 -11178.840639 -5022.433178
4.350000 2.001155 28.894720 -11241.725477 -5094.176058
4.400000 1.998208 28.521931 -11357.966793 -5219.471946
4.450000 1.995973 28.468956 -11384.532546 -5252.903664
4.500000 1.997734 29.137028 -11137.067224 -5000.026930
4.550000 2.004178 28.973229 -11207.000939 -5050.167304
4.600000 1.988593 29.072234 -11163.933138 -5054.976485
4.650000 2.004690 29.024151 -11189.522804 -5031.113602
4.700000 1.998330 28.488399 -11374.770118 -5235.899497
4.750000 1.997059 28.881155 -11236.398228 -5101.432806
4.800000 2.010570 28.558489 -11361.235575 -5184.763187
4.850000 2.006584 28.737150 -11295.560307 -5131.333435
4.900000 2.000035 28.955559 -11208.270841 -5064.163266
4.950000 2.006164 28.614923 -11341.084421 -5178.149021
5.000000 2.006814 28.936365 -11220.128303 -5055.196608
5.050000 1.992464 28.668566 -11309.097250 -5188.248719
5.100000 2.004251 28.954459 -11205.838345 -5048.780225
5.150000 2.001548 28.846191 -11242.941232 -5094.186040
5.200000 1.997512 28.799161 -11263.686733 -5127.330371
5.250000 1.996527 28.607203 -11336.828064 -5203.496525
5.300000 2.007995 28.481135 -11387.751523 -5219.190534
5.350000 1.978699 29.513811 -11000.025065 -4921.462512
5.400000 2.005849 29.252285 -11111.724570 -4949.757559
5.450000 2.007370 28.868467 -11239.155741 -5072.515152
5.500000 2.002479 28.632208 -11334.043743 -5182.426997
5.550000 1.999076 28.859803 -11244.058866 -5102.896095
5.600000 2.003024 28.989373 -11195.455822 -5042.166181
5.650000 1.997937 28.746784 -11287.438967 -5149.775573
5.700000 1.992895 28.831777 -11251.946804 -5129.774819
5.750000 2.011519 28.881704 -11243.151894 -5063.765921
5.800000 1.989973 28.562530 -11347.715748 -5234.519133
5.850000 1.998056 29.264933 -11102.343220 -4964.316341
5.900000 2.008489 28.824239 -11256.190745 -5086.113701
5.950000 1.988754 28.698600 -11294.796213 -5185.343745
6.000000 2.006366 28.657406 -11316.714389 -5153.156667
6.050000 2.001706 29.090100 -11161.681909 -5012.440038
6.100000 2.012166 28.928258 -11226.691133 -5045.316486
6.150000 1.999527 28.564667 -11347.027530 -5204.480058
6.200000 2.005720 28.773107 -11272.442270 -5110.871099
6.250000 1.998883 28.535922 -11362.187247 -5221.617700
6.300000 2.002486 28.957885 -11207.971104 -5056.334921
6.350000 1.994519 29.114979 -11151.297134 -5024.135712
6.400000 2.013656 28.874096 -11244.018623 -5058.066407
6.450000 1.983147 28.664208 -11312.089571 -5219.861890
6.500000 1.998061 29.022949 -11185.728710 -5047.686031
6.550000 1.998699 29.360310 -11063.261514 -4923.259662
6.600000 2.005097 28.567886 -11349.297272 -5189.638666
6.650000 1.998926 28.366610 -11419.464435 -5278.763800
6.700000 1.996757 28.983642 -11197.607862 -5063.571423
6.750000 1.998581 28.987383 -11205.534994 -5065.893494
6.800000 2.003540 28.475149 -11377.757589 -5222.883293
6.850000 1.998532 28.728620 -11290.520800 -5151.030198
6.900000 2.006177 29.302344 -11077.635352 -4914.660086
6.950000 2.002476 28.885785 -11233.228687 -5081.623079
7.000000 1.999201 28.887947 -11231.703464 -5090.159277
7.050000 1.997660 28.478800 -11377.838574 -5241.028507
7.100000 2.003211 28.357818 -11433.933988 -5280.071041
7.150000 1.995278 28.903241 -11232.317748 -5102.822554
7.200000 2.015245 28.707385 -11309.238124 -5118.405959
7.250000 1.994342 28.866664 -11238.227501 -5111.607998
7.300000 1.988257 28.792071 -11263.336579 -5155.411566
7.350000 1.996768 28.951640 -11213.513664 -5079.442893
7.400000 2.004106 28.593375 -11339.238843 -5182.624594
7.450000 1.999501 29.195803 -11115.101878 -4972.634411
7.500000 1.990721 17.709469 -12161.738533 -6046.242741
7.550000 1.989776 17.649876 -12178.987058 -6066.396519
7.600000 2.007095 18.116489 -12005.629996 -5839.835268
7.650000 2.004886 17.593309 -12216.424376 -6057.414303
7.700000 2.004086 17.624836 -12200.152386 -6043.601041
7.750000 2.000756 17.928888 -12072.388845 -5926.065787
7.800000 2.008066 17.511105 -12240.844163 -6072.066336
7.850000 1.979021 17.954496 -12066.052252 -5986.499127
7.900000 2.011819 17.761544 -12141.836083 -5961.527400
7.950000 2.001040 17.585377 -12210.833035 -6063.638229
8.000000 1.997827 17.844835 -12113.529645 -5976.204355
8.050000 2.004327 17.743825 -12147.390212 -5990.097806
8.100000 2.000444 17.797020 -12121.144976 -5975.780413
8.150000 1.993494 17.689112 -12175.716789 -6051.703966
8.200000 2.004356 17.631176 -12182.630180 -6025.248804
8.250000 1.991659 17.939918 -12062.706149 -5944.329087
8.300000 2.003141 17.648262 -12187.555418 -6033.905086
8.350000 1.995571 17.662254 -12178.036144 -6047.643217
8.400000 1.998892 17.868625 -12102.556526 -5961.959310
8.450000 1.998423 17.755884 -12144.956735 -6005.802448
8.500000 2.002169 17.804615 -12121.477656 -5970.815872
8.550000 1.995086 17.402558 -12265.207157 -6136.304071
8.600000 2.001998 17.944279 -12076.605953 -5926.468698
8.650000 1.988313 18.033876 -12029.520377 -5921.421564
8.700000 2.007666 17.909889 -12080.685878 -5913.134598
8.750000 1.998055 17.707039 -12157.963719 -6019.940283
8.800000 2.000476 17.353364 -12296.253429 -6150.790109
8.850000 2.000612 17.286350 -12326.271207 -6180.392406
8.900000 1.990882 17.815273 -12118.134490 -6002.144822
8.950000 1.995828 17.705372 -12142.777721 -6011.593317
9.000000 1.998426 17.861351 -12098.890120 -5959.726964
9.050000 1.998413 17.949327 -12055.303135 -5916.179242
9.100000 2.001358 17.715897 -12161.628632 -6013.457649
9.150000 2.011673 17.386234 -12288.318154 -6108.459672
9.200000 1.997265 17.431408 -12262.951744 -6127.353594
9.250000 2.005862 17.403232 -12288.076292 -6126.068599
9.300000 1.997078 17.821927 -12113.495502 -5978.471802
9.350000 2.001720 18.016222 -12032.391323 -5883.107009
9.400000 2.005380 17.828221 -12112.892687 -5952.364705
9.450000 1.996387 17.852888 -12096.394015 -5963.494442
9.500000 1.999199 17.593249 -12201.270468 -6059.730377
9.550000 1.998229 17.455373 -12255.736649 -6117.176749
9.600000 1.999843 17.463052 -12249.612973 -6106.094076
9.650000 1.997962 17.418734 -12274.018821 -6136.279328
9.700000 2.003488 17.673003 -12181.043722 -6026.328228
9.750000 1.997237 18.034225 -12035.108395 -5899.595061
9.800000 1.992037 18.077029 -12021.755732 -5902.217593
9.850000 1.999537 18.271461 -11963.237543 -5820.658678
9.900000 2.006825 17.403714 -12285.674782 -6120.709630
9.950000 1.994584 17.491739 -12226.253424 -6098.889904
10.000000 1.989861 17.795481 -12110.682077 -5997.830255
10.050000 1.998993 17.391933 -12284.415421 -6143.509647
10.100000 1.998481 17.947247 -12072.745479 -5933.413120
10.150000 2.004205 17.551667 -12222.617612 -6065.700073
10.200000 2.000496 17.829976 -12105.343761 -5959.820170
10.250000 2.006962 17.595438 -12201.153726 -6035.765223
10.300000 1.998883 17.869197 -12101.649119 -5961.080919
10.350000 2.001393 17.870127 -12100.607854 -5952.328148
10.400000 1.998199 17.307116 -12317.035201 -6178.567039
10.450000 2.000848 17.962419 -12055.159947 -5908.553835
10.500000 2.003875 17.438192 -12269.035212 -6113.130822
10.550000 1.990899 17.564580 -12209.916458 -6093.874317
10.600000 1.998362 17.399900 -12270.406736 -6131.438931
10.650000 1.997196 17.313901 -12307.654213 -6172.269037
10.700000 2.000090 17.806954 -12111.296784 -5967.021116
10.750000 2.002798 18.014721 -12027.682862 -5875.087931
10.800000 1.992158 17.927733 -12069.572766 -5949.663137
10.850000 2.009024 17.530260 -12244.902088 -6073.181273
10.900000 1.992784 17.668449 -12181.697969 -6059.864683
10.950000 1.993983 17.598785 -12199.207772 -6073.690592
11.000000 1.989862 17.686673 -12174.874188 -6062.016972
11.050000 2.004328 17.942468 -12069.799220 -5912.503312
11.100000 1.997463 17.831440 -12119.128826 -5982.923266
11.150000 2.011481 17.458920 -12265.858052 -6086.587182
11.200000 2.003289 17.475002 -12250.735960 -6096.633411
11.250000 1.993278 17.572467 -12213.467891 -6090.118970
11.300000 1.994528 17.754257 -12151.065871 -6023.874770
11.350000 2.006772 17.909580 -12096.765883 -5931.963829
11.400000 2.001558 17.720713 -12149.625814 -6000.838730
11.450000 2.009435 17.619439 -12193.339909 -6020.356952
11.500000 1.996809 17.820651 -12119.708678 -5985.510681
11.550000 2.000678 17.919686 -12076.634299 -5930.552351
11.600000 2.007394 17.405880 -12278.899514 -6112.184050
11.650000 1.996400 17.535480 -12248.029243 -6115.089756
11.700000 1.999184 18.017739 -12046.880190 -5905.387987
11.750000 1.999278 17.837983 -12110.563803 -5968.781531
11.800000 2.004576 17.650633 -12182.603614 -6024.547111
11.850000 1.999357 17.811459 -12111.403301 -5969.380077
11.900000 1.997939 17.854094 -12096.453423 -5958.786106
11.950000 2.003341 17.731755 -12148.221107 -5993.958866
12.000000 1.999178 17.342054 -12298.529480 -6157.054193
12.050000 2.003160 17.662866 -12182.552275 -6028.845132
12.100000 1.995166 17.574212 -12208.536111 -6079.385363
12.150000 1.996229 17.969099 -12064.637708 -5932.220972
12.200000 2.007346 17.969241 -12070.953142 -5904.387561
12.250000 1.992314 18.052911 -12025.268968 -5904.881301
12.300000 1.995803 17.891077 -12083.830458 -5952.724363
12.350000 2.005932 17.995658 -12054.033975 -5891.811271
12.400000 1.995602 17.743657 -12155.132343 -6024.644248
12.450000 2.001066 17.971299 -12065.662414 -5918.386677
12.500000 1.998983 18.373304 -11916.555568 -5775.678309
12.550000 2.000643 18.100750 -12017.688605 -5871.713413
12.600000 2.009312 17.921741 -12076.662656 -5904.055060
12.650000 1.983265 17.794412 -12124.386575 -6031.796267
12.700000 2.014749 17.688937 -12180.181599 -5990.873061
12.750000 1.995444 17.843224 -12117.827998 -5987.825106
12.800000 1.999482 17.536734 -12235.478104 -6093.070153
12.850000 2.002314 17.925223 -12091.753744 -5940.643880
12.900000 1.997301 17.439640 -12260.530748 -6124.821806
12.950000 1.997997 17.571018 -12210.176009 -6072.328269
13.000000 1.995434 17.438194 -12260.840828 -6130.867365
13.050000 1.993536 18.283319 -11941.766437 -5817.623737
13.100000 2.012869 17.867471 -12104.390712 -5920.858026
13.150000 1.989332 18.071386 -12021.156543 -5909.927483
13.200000 2.003960 17.755150 -12143.217212 -5987.053158
13.250000 1.998461 17.867578 -12102.411365 -5963.138773
13.300000 1.997264 17.980319 -12059.771263 -5924.177415
13.350000 2.000318 17.984419 -12065.019325 -5920.041133
13.400000 2.002077 17.960048 -12062.851787 -5912.469758
13.450000 2.003226 17.996084 -12056.673556 -5902.762041
13.500000 1.995793 17.259103 -12343.375888 -6212.300352
13.550000 1.997921 17.834069 -12119.023086 -5981.409645
13.600000 1.989797 17.653268 -12170.119576 -6057.462745
13.650000 2.003917 17.681823 -12176.279543 -6020.245105
13.700000 2.000228 17.434040 -12273.598835 -6128.897900
13.750000 1.985718 17.711603 -12150.907891 -6050.782466
13.800000 2.012031 18.298984 -11937.203532 -5756.244232
13.850000 2.005924 17.974662 -12058.139505 -5895.941897
13.900000 1.997269 18.049198 -12027.312881 -5891.702720
13.950000 1.996562 18.322814 -11922.121728 -5788.683317
14.000000 2.001552 17.581611 -12205.853234 -6057.085675
14.050000 2.002500 17.312487 -12307.148151 -6155.467112
14.100000 1.990056 17.466548 -12252.957588 -6139.504701
14.150000 2.008063 17.596056 -12222.114630 -6053.346358
14.200000 1.996137 17.986186 -12062.240838 -5930.108321
14.250000 2.016581 17.871785 -12102.534552 -5907.598308
14.300000 2.003241 17.008776 -12430.130886 -6276.175963
14.350000 2.002123 16.962311 -12439.589767 -6289.069398
14.400000 1.973596 17.986996 -12048.011015 -5985.122947
14.450000 2.002970 18.166250 -11989.434124 -5836.310145
14.500000 1.998462 17.932191 -12081.527694 -5942.251470
14.550000 2.007853 17.792319 -12136.262941 -5968.137142
14.600000 2.001711 17.466580 -12251.638779 -6102.383059
14.650000 2.002885 17.849123 -12092.120035 -5939.258344
14.700000 1.995560 17.749404 -12140.040459 -6009.680993
14.750000 2.002544 18.070169 -12028.349271 -5876.533609
14.800000 2.013633 17.403694 -12296.895567 -6111.013664
14.850000 2.003337 17.513518 -12247.143464 -6092.892605
14.900000 1.998976 17.526745 -12225.996243 -6085.141898
14.950000 1.993046 18.205849 -11974.443031 -5851.804521
15.000000 1.991225 14.622489 -10567.279089 -4450.236553
15.050000 1.989751 14.479755 -10621.518015 -4509.002156
15.100000 1.990347 14.673338 -10542.343939 -4427.998375
15.150000 2.000087 15.447220 -10242.434414 -4098.165872
15.200000 2.008809 15.248914 -10330.058430 -4158.995960
15.250000 1.995413 15.112983 -10372.606951 -4242.698590
15.300000 2.001169 14.975572 -10432.569749 -4284.977329
15.350000 2.006914 15.268065 -10297.411049 -4132.171957
15.400000 1.994032 15.313993 -10290.035695 -4164.370218
15.450000 2.000294 15.450521 -10246.277741 -4101.374687
15.500000 2.008330 15.234366 -10339.141794 -4169.551801
15.550000 2.004076 15.342982 -10289.280300 -4132.760276
15.600000 2.000010 15.252305 -10336.007235 -4191.976599
15.650000 1.998462 15.600488 -10190.196878 -4050.923058
15.700000 2.000082 15.579325 -10203.520994 -4059.267770
15.750000 1.985098 15.536377 -10204.214487 -4105.992382
15.800000 2.004741 15.713813 -10140.181671 -3981.618551
15.850000 1.991744 15.424627 -10243.636200 -4124.999937
15.900000 1.998668 15.478292 -10219.820184 -4079.911736
15.950000 1.995928 15.319755 -10305.607863 -4174.118418
16.000000 2.001787 15.491856 -10243.406269 -4093.916142
16.050000 2.009786 15.176655 -10369.012595 -4194.949471
16.100000 2.000332 15.046684 -10401.625436 -4256.605385
16.150000 1.999667 15.159489 -10379.598225 -4236.620266
16.200000 2.001147 15.538422 -10228.003975 -4080.481334
16.250000 1.995774 15.605115 -10179.944614 -4048.928062
16.300000 2.010255 15.159865 -10367.241774 -4191.739530
16.350000 1.999520 15.030433 -10414.434346 -4271.910058
16.400000 1.999793 15.258933 -10327.896431 -4184.531473
16.450000 2.013488 15.104579 -10405.962750 -4220.526606
16.500000 1.990080 15.614129 -10178.496625 -4064.970746
16.550000 2.005196 15.261334 -10335.287777 -4175.326196
16.600000 1.999354 15.179610 -10366.281881 -4224.266716
16.650000 2.003945 15.490610 -10243.466253 -4087.345890
16.700000 2.002202 15.274411 -10348.143299 -4197.379742
16.750000 1.990564 15.331931 -10312.376789 -4197.363528
16.800000 2.008514 15.403425 -10265.902166 -4095.747017
16.850000 1.995874 15.230952 -10328.889782 -4197.564772
16.900000 2.004093 15.342724 -10279.390362 -4122.816996
16.950000 1.997449 15.496818 -10216.326766 -4080.163111
17.000000 1.998064 15.265226 -10320.278775 -4182.226557
17.050000 2.002808 15.040754 -10411.741549 -4259.116853
17.100000 1.980137 15.440749 -10246.107159 -4163.127227
17.150000 2.002719 15.380843 -10292.004317 -4139.650141
17.200000 1.995925 15.207868 -10351.652554 -4220.170899
17.250000 2.000765 14.794990 -10519.245639 -4372.895372
17.300000 2.003520 14.984352 -10426.593720 -4271.781697
17.350000 2.004031 14.953776 -10466.333079 -4309.949131
17.400000 1.984614 15.420051 -10288.027950 -4191.293618
17.450000 2.003673 15.377229 -10305.942942 -4150.660344
17.500000 1.992936 15.596864 -10195.861206 -4073.561606
17.550000 1.995331 15.359316 -10281.274960 -4151.617227
17.600000 1.993268 15.317229 -10279.665095 -4156.345117
17.650000 2.000567 15.299581 -10310.238517 -4164.497163
17.700000 1.996179 15.546053 -10210.199036 -4077.935714
17.750000 1.997511 15.470251 -10237.430540 -4101.076338
17.800000 1.994718 14.858518 -10482.300707 -4354.527015
17.850000 1.992259 15.363292 -10269.311352 -4149.092031
17.900000 2.000007 14.950409 -10445.072832 -4301.051561
17.950000 2.004000 14.742698 -10538.100208 -4381.811374
18.000000 1.995390 15.314155 -10300.123799 -4170.285887
18.050000 1.998187 15.352108 -10292.109562 -4153.678575
18.100000 2.004422 15.173822 -10363.444205 -4205.858438
18.150000 2.008798 15.000095 -10435.613846 -4264.587503
18.200000 1.997002 15.363766 -10286.655032 -4151.864533
18.250000 2.015990 15.063785 -10420.696245 -4227.575669
18.300000 1.991455 15.059999 -10397.369855 -4279.619774
18.350000 2.005947 14.780708 -10521.025283 -4358.756459
18.400000 1.988540 15.036875 -10405.283609 -4296.489536
18.450000 1.997303 15.209638 -10340.838843 -4205.124816
18.500000 1.989140 15.257101 -10317.244165 -4206.607571
18.550000 1.999724 15.251162 -10328.696321 -4185.543890
18.600000 1.996304 15.294056 -10301.284977 -4168.638422
18.650000 1.995300 15.172918 -10353.456656 -4223.896247
18.700000 2.002404 15.213334 -10348.473077 -4197.088668
18.750000 1.992520 15.206851 -10337.168005 -4216.147181
18.800000 1.995723 15.568125 -10198.742182 -4067.882500
18.850000 2.017429 15.456099 -10249.800143 -4052.257275
18.900000 1.999657 15.504550 -10213.400638 -4070.453207
18.950000 2.003381 15.245317 -10318.135965 -4163.749035
19.000000 1.997160 15.224691 -10333.694666 -4198.418292
19.050000 1.994163 15.389962 -10260.382946 -4134.314243
19.100000 2.004324 15.124310 -10373.485789 -4216.201347
19.150000 1.997211 15.181443 -10349.139090 -4213.707460
19.200000 1.999305 15.340247 -10285.627888 -4143.762070
19.250000 2.008315 15.113505 -10394.036246 -4224.494016
19.300000 2.008652 15.114675 -10385.270573 -4214.690690
19.350000 1.995973 15.053455 -10404.081308 -4272.451398
19.400000 1.993259 15.230655 -10329.957341 -4206.666744
19.450000 2.005605 15.719637 -10138.731512 -3977.513543
19.500000 2.013269 15.412880 -10275.504951 -4090.743729
19.550000 1.994086 15.138714 -10363.821259 -4237.990315
19.600000 2.003636 15.531111 -10177.343213 -4022.173638
19.650000 1.996483 14.964601 -10435.180384 -4301.984512
19.700000 2.004525 15.517318 -10215.886532 -4057.986454
19.750000 2.004376 15.427926 -10249.156976 -4091.713668
19.800000 2.007123 15.583578 -10192.223078 -4026.342645
19.850000 1.999795 15.275585 -10323.025124 -4179.654936
19.900000 1.987890 15.332607 -10295.636238 -4188.838181
19.950000 2.011556 15.618218 -10184.735922 -4005.236243
20.000000 1.987015 15.555832 -10184.656838 -4080.547843
20.050000 2.007418 15.253151 -10318.487840 -4151.699859
20.100000 1.991222 14.905096 -10442.552893 -4325.518779
20.150000 1.989704 15.460514 -10223.230462 -4110.860361
20.200000 1.991020 15.519080 -10212.308672 -4095.895091
20.250000 2.020215 15.237387 -10325.347904 -4119.246069
20.300000 1.997082 15.064637 -10410.182292 -4275.146041
20.350000 1.994180 15.305970 -10317.589050 -4191.468387
20.400000 2.013162 15.625724 -10188.780090 -4004.347889
20.450000 2.006258 15.306637 -10311.378612 -4148.154037
20.500000 2.000839 15.299776 -10295.188123 -4148.610995
20.550000 1.997847 15.238048 -10309.434112 -4172.049615
20.600000 2.003523 15.219184 -10329.168836 -4174.346593
20.650000 2.008963 15.266605 -10322.951963 -4151.417277
20.700000 2.005026 15.214726 -10345.694516 -4186.254819
20.750000 1.992800 15.305069 -10318.906412 -4197.025857
20.800000 2.003815 15.632184 -10185.314326 -4029.593667
20.850000 2.003246 15.257050 -10342.740679 -4188.769576
20.900000 2.005919 15.145801 -10387.747293 -4225.562876
20.950000 2.005268 15.229784 -10351.817256 -4191.632671
21.000000 1.998548 15.238578 -10344.357622 -4204.818167
21.050000 1.998193 15.595674 -10168.914230 -4030.464454
21.100000 1.998659 15.292775 -10294.676711 -4154.796978
21.150000 2.001371 15.034163 -10410.150427 -4261.940148
21.200000 1.993627 15.259814 -10331.080767 -4206.659831
21.250000 2.003498 15.330139 -10306.943480 -4152.197156
21.300000 1.994357 15.402404 -10284.068156 -4157.402696
21.350000 1.997952 15.493652 -10240.703636 -4102.994546
21.400000 1.998080 15.554841 -10201.241667 -4063.140680
21.450000 2.007303 15.451180 -10248.951596 -4082.515845
21.500000 1.982000 15.801630 -10100.725537 -4012.020327
21.550000 2.004704 15.509368 -10223.234347 -4064.784649
21.600000 2.004222 15.202337 -10334.834354 -4177.865206
21.650000 1.999737 14.947870 -10456.593210 -4313.400297
21.700000 1.997376 15.304858 -10310.917909 -4174.978495
21.750000 2.000202 15.062594 -10407.278686 -4262.659220
21.800000 1.997730 15.157568 -10352.576761 -4215.549717
21.850000 2.001464 15.422511 -10252.148174 -4103.651640
21.900000 2.022280 14.973725 -10431.916993 -4219.473471
21.950000 1.992678 14.724530 -10525.009304 -4403.503527
22.000000 1.991075 15.313216 -10296.618491 -4180.035859
22.050000 2.008222 15.282809 -10330.084321 -4160.827155
22.100000 1.998355 15.108259 -10392.013135 -4253.066106
22.150000 1.992757 15.170228 -10369.960297 -4248.209689
22.200000 1.991188 14.921622 -10456.927093 -4339.998654
22.250000 2.000642 15.244867 -10318.945921 -4172.972498
22.300000 1.997157 15.159942 -10373.742839 -4238.476488
22.350000 1.998633 14.933570 -10462.651341 -4322.851216
22.400000 1.996932 15.193967 -10355.868430 -4221.294185
22.450000 2.011323 14.727735 -10527.185052 -4348.400654
22.500000 1.991021 8.997303 -10335.523378 -4219.107723
22.550000 2.003276 8.753782 -10465.133117 -4311.069009
22.600000 2.005682 9.011888 -10348.046479 -4186.590734
22.650000 2.006494 9.117954 -10309.568745 -4145.620613
22.700000 2.001315 9.019862 -10357.309615 -4209.270092
22.750000 1.999039 9.351692 -10208.205953 -4067.157661
22.800000 2.002516 8.824883 -10454.250037 -4302.519359
22.850000 1.996689 9.013779 -10366.486081 -4232.658054
22.900000 1.999963 9.042702 -10355.369027 -4211.482168
22.950000 2.001440 8.948836 -10380.982585 -4232.558922
23.000000 1.990676 9.192215 -10286.417254 -4171.061558
23.050000 1.993952 9.289209 -10243.301595 -4117.881881
23.100000 2.000671 9.437605 -10153.905493 -4007.843242
23.150000 2.003381 9.187220 -10264.013341 -4109.625411
23.200000 2.006574 9.182822 -10269.303604 -4105.108140
23.250000 1.998766 9.052703 -10334.053795 -4193.844156
23.300000 2.003721 8.923670 -10403.939432 -4248.507671
23.350000 1.998481 9.199393 -10271.656605 -4132.322696
23.400000 1.991131 9.218891 -10257.990245 -4141.234947
23.450000 1.998545 8.896476 -10425.792001 -4286.260501
23.500000 2.007105 8.855096 -10421.422793 -4255.595936
23.550000 2.001769 8.767559 -10441.916330 -4292.480575
23.600000 1.995975 8.809519 -10413.934174 -4282.299596
23.650000 2.004632 8.843460 -10418.056029 -4259.827342
23.700000 2.000797 9.140712 -10273.619170 -4127.169358
23.750000 1.993416 8.841098 -10421.569522 -4297.795391
23.800000 2.003703 9.226034 -10255.981817 -4100.605807
23.850000 2.003159 9.091794 -10319.917534 -4166.213833
23.900000 2.001472 8.973348 -10367.404092 -4218.881790
23.950000 2.010202 8.768227 -10459.015485 -4283.674066
24.000000 1.993101 8.865972 -10412.580498 -4289.775432
24.050000 1.991156 8.988372 -10381.231645 -4264.401834
24.100000 1.991243 9.160130 -10281.689264 -4164.589504
24.150000 1.999561 9.237441 -10227.087623 -4084.437076
24.200000 2.003644 9.077987 -10318.029717 -4162.833862
24.250000 2.006339 9.115216 -10309.178118 -4145.704128
24.300000 1.989643 8.955276 -10378.678300 -4266.493967
24.350000 1.994728 8.932116 -10393.113165 -4265.310231
24.400000 1.997225 9.036223 -10359.043640 -4223.568328
24.450000 2.006312 9.119629 -10321.343017 -4157.952085
24.500000 1.997224 8.974627 -10368.136983 -4232.663606
24.550000 1.999727 8.795533 -10456.236810 -4313.074092
24.600000 1.998124 9.267458 -10250.669072 -4112.432072
24.650000 2.008998 9.292964 -10237.840688 -4066.198674
24.700000 2.006530 9.197984 -10271.406948 -4107.345389
24.750000 2.000346 9.382691 -10174.432481 -4029.370332
24.800000 2.003400 9.272407 -10225.779298 -4071.334650
24.850000 1.999368 9.094967 -10305.196316 -4163.136390
24.900000 1.997317 9.140109 -10293.562203 -4157.804593
24.950000 2.000976 9.289729 -10229.079566 -4082.081958
25.000000 2.004179 9.352104 -10208.285352 -4051.447423
25.050000 2.001996 9.143523 -10316.405997 -4166.273879
25.100000 2.005873 9.142505 -10320.064041 -4158.021014
25.150000 1.995247 9.196807 -10286.348125 -4156.950199
25.200000 1.999503 9.313687 -10232.462214 -4089.987603
25.250000 1.991698 9.627151 -10101.492086 -3982.995339
25.300000 2.001732 9.559823 -10134.131789 -3984.811729
25.350000 2.004946 9.426427 -10179.039387 -4019.844347
25.400000 1.995467 9.149709 -10302.410927 -4172.337182
25.450000 1.991833 9.182664 -10282.136843 -4163.224566
25.500000 2.006414 8.994878 -10362.064765 -4198.361179
25.550000 1.995216 9.312740 -10226.835739 -4097.533169
25.600000 2.006977 9.295199 -10236.735718 -4071.302317
25.650000 2.003465 9.540733 -10116.920298 -3962.275566
25.700000 2.004297 9.154147 -10314.873728 -4157.673301
25.750000 1.989121 9.181529 -10297.558338 -4186.977358
25.800000 2.003812 9.193451 -10296.322880 -4140.612407
25.850000 1.990234 9.428866 -10179.804140 -4065.806794
25.900000 2.005870 9.208551 -10294.947030 -4132.913016
25.950000 2.002434 9.025163 -10366.286462 -4214.808665
26.000000 1.995837 9.075365 -10333.895974 -4202.685673
26.050000 1.993152 9.086757 -10337.265051 -4214.303311
26.100000 2.009987 9.230790 -10267.772335 -4093.091871
26.150000 2.004836 9.212418 -10240.937930 -4082.080246
26.200000 1.989763 8.994252 -10332.235352 -4219.684884
26.250000 2.001098 8.850179 -10421.582638 -4274.210414
26.300000 2.004577 9.072198 -10317.846572 -4159.785826
26.350000 2.001347 9.035397 -10321.492189 -4173.353315
26.400000 2.005447 8.843560 -10421.779238 -4261.045778
26.450000 1.993665 9.051145 -10345.513505 -4220.974594
26.500000 1.993101 9.409109 -10197.395522 -4074.588922
26.550000 2.008767 9.464873 -10169.522223 -3998.590417
26.600000 2.002615 9.066576 -10341.235675 -4189.201450
26.650000 1.991900 9.020758 -10352.449291 -4233.333037
26.700000 1.989088 9.327188 -10226.496051 -4116.018383
26.750000 2.000582 9.520766 -10136.484682 -3990.696318
26.800000 2.006532 9.598303 -10091.493645 -3927.427077
26.850000 2.006151 8.957427 -10368.951729 -4206.056020
26.900000 1.993811 9.076395 -10313.495261 -4188.508161
26.950000 1.994830 9.173783 -10283.037907 -4154.921641
27.000000 2.000706 9.378675 -10189.595168 -4043.427608
27.050000 1.997572 9.298031 -10244.573306 -4108.032378
27.100000 2.007190 9.432976 -10195.255637 -4029.166795
27.150000 2.005145 8.978866 -10388.403787 -4228.598221
27.200000 1.996893 9.134232 -10297.114850 -4162.658216
27.250000 2.005355 8.719719 -10491.658294 -4331.206534
27.300000 1.991274 8.827847 -10426.442779 -4309.248676
27.350000 2.000514 9.086133 -10307.549388 -4161.969767
27.400000 1.997442 9.197374 -10246.670782 -4110.527729
27.450000 1.994165 9.354224 -10172.411227 -4046.335151
27.500000 1.992516 9.215639 -10249.249784 -4128.241273
27.550000 1.998471 9.252114 -10229.804495 -4090.500121
27.600000 2.000163 9.039702 -10349.165636 -4204.665205
27.650000 2.003810 9.371324 -10206.619428 -4050.914016
27.700000 2.002724 9.246000 -10257.061813 -4104.693501
27.750000 1.997808 9.141682 -10298.658249 -4161.390629
27.800000 2.002065 8.973666 -10355.766374 -4205.421623
27.850000 1.991615 8.875531 -10384.639688 -4266.398754
27.900000 2.001844 9.060794 -10320.873671 -4171.207786
27.950000 2.014419 8.988180 -10362.307626 -4174.011526
28.000000 2.001021 8.636563 -10504.002546 -4356.866346
28.050000 1.995552 9.036631 -10324.249607 -4193.912894
28.100000 1.996219 9.169565 -10277.557693 -4145.172152
28.150000 1.998399 9.421674 -10169.806674 -4030.724926
28.200000 2.008655 9.310453 -10220.954977 -4050.365718
28.250000 2.003101 9.147998 -10302.460360 -4148.932859
28.300000 2.004058 8.958463 -10384.902731 -4228.437074
28.350000 1.989133 8.966611 -10367.472734 -4256.856990
28.400000 2.001472 8.943933 -10423.657424 -4275.136049
28.450000 1.989654 9.391271 -10213.750637 -4101.533907
28.500000 2.004812 9.129812 -10325.500397 -4166.719068
28.550000 1.999379 9.050576 -10344.480989 -4202.388447
28.600000 1.999884 9.122708 -10313.366404 -4169.724223
28.650000 1.993506 8.997882 -10354.323118 -4230.271716
28.700000 2.001197 8.941968 -10382.479878 -4234.802096
28.750000 1.995171 9.303199 -10215.237609 -4086.073632
28.800000 1.998242 8.939896 -10397.871555 -4259.271820
28.850000 2.002394 9.117218 -10320.412923 -4169.058609
28.900000 1.997743 9.286012 -10246.100888 -4109.032994
28.950000 2.010122 8.987269 -10372.341272 -4197.245443
29.000000 1.991672 8.944104 -10370.915835 -4252.500367
29.050000 1.989819 9.147760 -10279.868113 -4167.142877
29.100000 2.007715 9.011132 -10355.474826 -4187.773529
29.150000 1.986576 9.290137 -10213.588088 -4110.827069
29.200000 2.001133 9.093406 -10307.707665 -4160.225930
29.250000 2.002739 9.139236 -10306.543694 -4154.129645
29.300000 1.996331 9.532488 -10145.617258 -4012.887223
29.350000 2.003998 9.341832 -10229.522608 -4073.240198
29.400000 2.000790 9.073377 -10336.497644 -4190.070368
29.450000 1.992101 9.096685 -10331.474989 -4211.741293
29.500000 1.993093 9.229283 -10283.850884 -4161.069627
29.550000 1.996849 9.636676 -10078.919223 -3944.597565
29.600000 1.998726 9.357907 -10207.034135 -4066.948775
29.650000 2.012977 9.093584 -10331.668125 -4147.802623
29.700000 1.987131 9.152802 -10308.641109 -4204.173302
29.750000 2.003220 9.060260 -10354.729391 -4200.836838
29.800000 2.013084 8.922067 -10396.955604 -4212.761305
29.850000 1.997928 9.236553 -10247.404981 -4109.768735
29.900000 2.000731 9.240137 -10253.336593 -4107.090057
29.950000 1.993836 9.075276 -10324.080773 -4199.017886
30.000000 1.997104 5.027839 -9866.583313 -3731.480678
30.050000 2.000535 5.130879 -9816.368397 -3670.723362
30.100000 2.001138 5.140528 -9800.835671 -3653.339754
30.150000 2.004577 5.145314 -9795.808566 -3637.747417
30.200000 1.994969 5.024447 -9871.421609 -3742.876605
30.250000 2.005011 5.358967 -9714.933131 -3555.538207
30.300000 2.003295 5.268923 -9769.162374 -3615.039276
30.350000 2.001194 5.304968 -9758.746377 -3611.077654
30.400000 1.996861 5.519723 -9644.102265 -3509.746122
30.450000 2.008029 5.366976 -9723.894719 -3555.230596
30.500000 2.001823 5.084990 -9864.102340 -3714.502102
30.550000 2.002065 4.959207 -9904.045227 -3753.700800
30.600000 2.000633 5.047906 -9855.662315 -3709.717127
30.650000 2.001158 5.430302 -9675.677187 -3528.118395
30.700000 1.994622 5.443809 -9673.084345 -3545.604380
30.750000 2.003678 5.404361 -9700.175855 -3544.876206
30.800000 2.000045 5.425467 -9705.794878 -3561.656623
30.850000 2.003882 5.481966 -9686.861453 -3530.935042
30.900000 2.006541 5.268512 -9774.255654 -3610.160363
30.950000 1.992489 5.458606 -9662.790920 -3541.865844
31.000000 2.004568 5.290697 -9745.191533 -3587.157164
31.050000 1.995351 5.402758 -9690.545791 -3560.828016
31.100000 2.003611 5.249461 -9777.793428 -3622.701170
31.150000 1.999881 5.254201 -9779.612320 -3635.978128
31.200000 1.997525 5.425424 -9692.984592 -3556.588977
31.250000 1.998777 5.541791 -9621.128527 -3480.886979
31.300000 2.007180 5.306786 -9736.968639 -3570.912573
31.350000 1.997886 5.209862 -9777.402858 -3639.897776
31.400000 2.007195 5.274289 -9755.185919 -3589.081698
31.450000 2.004721 4.884039 -9955.341918 -3796.839142
31.500000 1.989243 5.375890 -9695.441371 -3584.486822
31.550000 2.000636 5.542865 -9637.200815 -3491.247488
31.600000 2.007028 5.295953 -9763.478611 -3597.888876
31.650000 2.006580 5.464539 -9662.591262 -3498.377809
31.700000 1.998364 4.972527 -9891.406813 -3752.431826
31.750000 2.000824 4.877368 -9923.617185 -3777.085822
31.800000 2.001572 5.061296 -9834.946605 -3686.118178
31.850000 1.992860 5.288320 -9709.856746 -3587.790140
31.900000 2.001830 5.241273 -9739.765067 -3590.142652
31.950000 1.998348 5.294806 -9714.014145 -3575.090423
32.000000 2.000770 5.340621 -9707.558089 -3561.191954
32.050000 2.009038 5.432119 -9660.003133 -3488.238073
32.100000 2.003163 5.258843 -9753.238376 -3599.522678
32.150000 2.000208 5.355588 -9710.934145 -3566.294988
32.200000 1.999287 5.132693 -9830.061860 -3688.252133
32.250000 1.997110 5.174824 -9809.918587 -3674.796602
32.300000 1.994075 5.322569 -9736.358602 -3610.560107
32.350000 1.985990 5.468664 -9672.068953 -3571.106271
32.400000 2.000118 5.420802 -9713.078999 -3568.715270
32.450000 2.003260 5.303962 -9777.856295 -3623.840268
32.500000 1.996519 5.542681 -9658.688378 -3525.380995
32.550000 2.006276 5.379560 -9735.871124 -3572.591382
32.600000 2.008201 5.324392 -9747.606299 -3578.413160
32.650000 2.001497 5.289245 -9769.506062 -3620.907994
32.700000 2.002241 5.493117 -9660.585945 -3509.702449
32.750000 1.996206 5.310941 -9749.427509 -3617.082999
32.800000 2.001219 5.600759 -9609.692462 -3461.948097
32.850000 2.004323 5.375475 -9733.596289 -3576.316161
32.900000 1.999604 5.323394 -9756.472754 -3613.690735
32.950000 1.998650 5.042603 -9876.779870 -3736.927363
33.000000 1.993381 5.232734 -9768.429848 -3644.762362
33.050000 1.999435 5.443554 -9679.483649 -3537.219995
33.100000 1.998423 5.430825 -9685.857828 -3546.702922
33.150000 1.994718 5.535897 -9651.873563 -3524.099521
33.200000 2.000011 5.547362 -9656.040921 -3512.008032
33.250000 1.998800 5.184619 -9829.100067 -3688.786238
33.300000 1.990199 5.517005 -9650.720085 -3536.830173
33.350000 1.999999 5.667073 -9578.493901 -3434.497826
33.400000 2.001233 5.381322 -9715.577821 -3567.790640
33.450000 2.003830 5.298542 -9739.910278 -3584.144193
33.500000 1.999640 5.197829 -9778.516845 -3635.623993
33.550000 1.995432 5.354340 -9706.985432 -3577.017494
33.600000 1.999383 5.418637 -9682.158279 -3540.053389
33.650000 2.002462 5.477040 -9672.007672 -3520.445942
33.700000 2.008924 5.495535 -9668.621903 -3497.206225
33.750000 1.996313 5.423369 -9683.156587 -3550.481901
33.800000 1.999283 5.122362 -9809.539919 -3667.741199
33.850000 1.994454 5.135845 -9774.971395 -3648.008609
33.900000 2.007607 5.155964 -9773.185223 -3605.815896
33.950000 2.002814 5.225646 -9735.268599 -3582.624263
34.000000 1.994824 5.069646 -9848.188719 -3720.087861
34.050000 2.004921 5.130134 -9844.005894 -3684.888451
34.100000 2.002824 5.434024 -9689.469678 -3536.795105
34.150000 2.006810 5.226861 -9791.673692 -3626.753774
34.200000 1.996960 5.411861 -9686.596892 -3551.936935
34.250000 2.002130 5.541432 -9630.346193 -3479.802702
34.300000 1.999751 5.565714 -9629.648340 -3486.413108
34.350000 2.001513 5.360983 -9726.903356 -3578.255992
34.400000 2.003086 5.067100 -9855.395861 -3701.916811
34.450000 1.998150 5.201067 -9794.490112 -3656.171787
34.500000 2.002580 5.595051 -9619.567259 -3467.641447
34.550000 2.000353 5.639932 -9579.926976 -3434.841585
34.600000 1.999718 5.466375 -9649.466701 -3506.331480
34.650000 1.997519 5.112049 -9820.540394 -3684.162293
34.700000 1.998321 5.442724 -9662.386134 -3523.542668
34.750000 2.000197 5.398260 -9701.693699 -3557.089897
34.800000 1.998528 5.424965 -9690.593078 -3551.114898
34.850000 2.006099 5.078137 -9853.361601 -3690.625472
34.900000 1.995284 5.209652 -9757.823975 -3628.311028
34.950000 2.006822 5.231180 -9743.732265 -3578.774785
35.000000 1.996655 5.239377 -9760.417132 -3626.692611
35.050000 2.001675 5.340635 -9753.472500 -3604.325847
35.100000 2.002447 5.270772 -9789.877589 -3638.360550
35.150000 2.000775 5.401352 -9703.829274 -3557.447346
35.200000 2.000122 5.355643 -9719.915867 -3575.541230
35.250000 2.005567 5.469792 -9669.788132 -3508.687806
35.300000 1.999757 5.114271 -9856.258670 -3713.006243
35.350000 1.994575 5.341727 -9726.432898 -3599.099220
35.400000 1.998545 5.307673 -9755.898332 -3616.366610
35.450000 1.994807 5.500153 -9663.447487 -3535.401431
35.500000 2.002636 5.557513 -9632.491467 -3480.394865
35.550000 1.993334 5.401825 -9712.905615 -3589.384372
35.600000 2.009273 5.331284 -9741.808709 -3569.322778
35.650000 1.998818 5.404900 -9688.979845 -3548.611109
35.700000 2.003026 5.437768 -9677.945722 -3524.650653
35.750000 2.008880 5.265921 -9753.778743 -3582.499590
35.800000 1.995340 5.072354 -9840.608962 -3710.924546
35.850000 1.998782 5.377247 -9679.670963 -3539.411480
35.900000 1.998509 5.308580 -9713.153579 -3573.734301
35.950000 1.997125 5.436272 -9673.544910 -3538.377712
36.000000 2.009102 5.329744 -9737.729302 -3565.766481
36.050000 2.002541 5.087926 -9840.720196 -3688.913198
36.100000 1.994560 5.004784 -9872.451372 -3745.161708
36.150000 1.991548 5.273077 -9740.790104 -3622.756056
36.200000 2.004774 5.126343 -9804.489853 -3645.822931
36.250000 1.994834 5.213194 -9758.146960 -3630.018335
36.300000 2.002007 5.195906 -9774.523629 -3624.356877
36.350000 2.003758 5.048807 -9848.902007 -3693.357347
36.400000 2.005042 5.266911 -9746.181144 -3586.693211
36.450000 1.993377 5.579025 -9612.193727 -3488.539404
36.500000 1.993446 5.343481 -9733.608405 -3609.742792
36.550000 1.996188 5.531237 -9640.886059 -3508.595931
36.600000 2.001157 5.762457 -9539.935613 -3392.381557
36.650000 2.002029 5.359081 -9736.508207 -3586.276104
36.700000 1.998822 5.273927 -9760.349114 -3619.969032
36.750000 2.003252 5.141347 -9829.422749 -3675.431335
36.800000 1.994068 5.273573 -9750.039620 -3624.263550
36.850000 2.007723 5.226105 -9786.599910 -3618.874588
36.900000 2.002822 5.201788 -9792.431757 -3639.762705
36.950000 1.989979 5.528392 -9627.692164 -3514.475451
37.000000 2.004251 5.337320 -9747.611096 -3590.551603
37.050000 2.005224 5.301970 -9751.011795 -3590.962855
37.100000 1.992772 5.219693 -9802.386565 -3680.589682
37.150000 2.004322 5.332589 -9749.520619 -3592.244233
37.200000 1.994876 5.588210 -9608.220620 -3479.960788
37.250000 2.011281 5.224902 -9807.842797 -3629.186104
37.300000 1.999136 5.145221 -9843.557069 -3702.212436
37.350000 2.000072 5.135537 -9844.798229 -3700.578570
37.400000 1.994400 5.329947 -9742.519503 -3615.721456
37.450000 2.000942 5.167025 -9821.532976 -3674.637767
37.500000 1.997800 3.221400 -8723.817190 -2586.576396
37.550000 2.005075 2.970377 -8841.939413 -2682.347857
37.600000 1.998456 2.981882 -8821.056571 -2681.800178
37.650000 2.003155 2.862179 -8898.126322 -2744.434926
37.700000 1.997480 3.073025 -8776.746148 -2640.487854
37.750000 1.996110 3.116779 -8774.476100 -2642.427338
37.800000 2.000427 3.132582 -8783.952354 -2638.640612
37.850000 2.008551 3.043821 -8826.873960 -2656.604665
37.900000 1.995119 3.006975 -8830.015152 -2701.008828
37.950000 1.997316 3.005899 -8853.636670 -2717.882371
38.000000 2.003396 3.167343 -8776.499214 -2622.068117
38.050000 2.002515 2.946613 -8909.403463 -2757.678479
38.100000 1.996574 3.148621 -8786.455385 -2652.980653
38.150000 1.996302 3.075573 -8819.834539 -2687.195784
38.200000 2.005229 2.892796 -8921.929821 -2761.866476
38.250000 2.000743 3.004552 -8858.482045 -2712.199810
38.300000 2.001845 2.967509 -8893.490824 -2743.822537
38.350000 1.991766 3.210769 -8740.337169 -2621.631545
38.400000 2.003474 2.913832 -8905.438549 -2750.767831
38.450000 2.003341 2.977539 -8860.664914 -2706.402282
38.500000 2.001291 2.911101 -8893.120018 -2745.155214
38.550000 2.000721 2.924812 -8865.984692 -2719.769490
38.600000 1.994552 2.936211 -8855.467892 -2728.205419
38.650000 2.001112 3.316475 -8652.934646 -2505.518945
38.700000 2.006662 3.027717 -8826.510140 -2662.043297
38.750000 1.994945 2.979886 -8837.049391 -2708.577222
38.800000 1.998547 3.118664 -8753.717891 -2614.180797
38.850000 1.998985 2.982938 -8840.404303 -2699.523407
38.900000 1.994721 3.294058 -8669.718151 -2541.933800
38.950000 2.001977 3.158371 -8766.626951 -2616.554630
39.000000 2.006212 3.117985 -8775.773170 -2612.691019
39.050000 1.998122 2.888041 -8890.727104 -2752.495971
39.100000 1.997928 2.948834 -8863.738267 -2726.102396
39.150000 2.007205 3.106647 -8781.613623 -2615.479537
39.200000 1.995648 3.137956 -8764.561853 -2633.930364
39.250000 1.999021 3.068866 -8813.839843 -2672.846751
39.300000 2.000730 3.019727 -8835.583290 -2689.339980
39.350000 2.000852 3.114230 -8765.942186 -2619.324281
39.400000 1.999351 2.973419 -8835.029444 -2693.021912
39.450000 1.999525 3.039853 -8790.325666 -2647.785055
39.500000 2.002285 3.029853 -8808.352285 -2657.331240
39.550000 2.000113 3.205458 -8713.244000 -2568.896223
39.600000 1.999871 3.128706 -8766.167846 -2622.563749
39.650000 2.000248 2.988600 -8853.700981 -2708.937926
39.700000 1.996224 3.000013 -8841.648442 -2709.249543
39.750000 2.002250 3.056299 -8814.974739 -2664.062337
39.800000 2.004905 2.975796 -8862.771859 -2703.704692
39.850000 1.998441 2.824543 -8940.853864 -2801.642431
39.900000 1.997185 3.058178 -8815.578135 -2680.225332
39.950000 1.996147 3.185470 -8769.892472 -2637.730309
40.000000 1.998532 3.212533 -8768.750435 -2629.261577
40.050000 2.002536 2.899689 -8947.071301 -2795.281525
40.100000 2.000881 3.108161 -8805.360196 -2658.653734
40.150000 1.996187 3.040881 -8841.976886 -2709.688945
40.200000 2.000325 3.238550 -8713.341804 -2568.343874
40.250000 2.009882 2.974896 -8833.705452 -2659.348394
40.300000 1.998971 2.662396 -8994.167058 -2853.329471
40.350000 2.004239 3.037910 -8785.216948 -2628.195655
40.400000 2.000355 2.890326 -8894.305955 -2749.213860
40.450000 1.998770 2.977788 -8850.218641 -2709.995738
40.500000 1.994368 3.097615 -8770.920770 -2644.222993
40.550000 1.993531 3.235257 -8701.758708 -2577.631112
40.600000 2.000078 3.131925 -8781.906270 -2637.667800
40.650000 1.999944 3.024731 -8826.982699 -2683.154497
40.700000 1.992209 3.060464 -8780.411302 -2660.344466
40.750000 2.006859 2.877634 -8862.957304 -2697.887127
40.800000 1.994880 2.893612 -8852.293835 -2724.022065
40.850000 2.006831 2.833132 -8908.338062 -2743.353611
40.900000 1.995371 2.782544 -8936.438423 -2806.657534
40.950000 2.002882 3.051816 -8795.997555 -2643.145580
41.000000 1.995372 3.144672 -8749.327815 -2619.544961
41.050000 2.001794 2.972104 -8866.779909 -2717.267320
41.100000 1.996896 3.189326 -8774.348076 -2639.884210
41.150000 2.006788 3.367164 -8667.317797 -2502.466013
41.200000 2.003805 2.965775 -8856.812098 -2701.121655
41.250000 1.998831 2.998672 -8818.618793 -2678.209217
41.300000 2.001223 3.043184 -8807.665965 -2659.910293
41.350000 1.995660 3.194388 -8732.239017 -2601.570847
41.400000 2.002371 3.111806 -8783.695362 -2632.410363
41.450000 1.999617 3.025399 -8823.777502 -2680.953138
41.500000 2.003541 3.148584 -8749.964901 -2595.086564
41.550000 1.999237 3.131770 -8745.692576 -2604.035655
41.600000 2.006767 2.791394 -8946.981972 -2782.192724
41.650000 2.002145 2.986756 -8836.861900 -2686.271007
41.700000 2.000699 2.727417 -8984.517525 -2838.368787
41.750000 1.997961 2.913944 -8886.751665 -2749.014847
41.800000 1.997750 3.042060 -8846.356130 -2709.268210
41.850000 1.997974 3.233968 -8762.366058 -2624.589053
41.900000 1.996168 3.215958 -8759.700011 -2627.471860
41.950000 2.000007 3.326388 -8661.525198 -2517.503699
42.000000 2.001861 2.838726 -8928.900872 -2779.184115
42.050000 1.996900 2.850069 -8923.250278 -2788.774319
42.100000 1.996040 3.330718 -8645.839577 -2514.003499
42.150000 2.009630 3.065757 -8795.165357 -2621.580590
42.200000 1.999894 2.797990 -8927.253781 -2783.579473
42.250000 1.994012 2.981771 -8828.461168 -2702.855244
42.300000 1.997814 3.168268 -8739.125470 -2601.839518
42.350000 2.011711 3.003999 -8836.494744 -2656.518098
42.400000 1.994064 2.969334 -8844.689987 -2718.925711
42.450000 1.993340 3.260557 -8702.412489 -2578.871891
42.500000 1.996304 3.478739 -8600.750981 -2468.103858
42.550000 2.002333 3.293567 -8697.340627 -2546.174164
42.600000 2.004043 3.047638 -8806.673800 -2650.252351
42.650000 2.004262 2.945022 -8840.339720 -2683.246501
42.700000 2.001093 2.826085 -8906.543349 -2759.186808
42.750000 1.994182 3.126078 -8739.535571 -2613.407168
42.800000 2.004855 3.291772 -8681.779016 -2522.863655
42.850000 1.999482 2.991996 -8859.243039 -2716.835518
42.900000 2.000774 3.056872 -8810.181948 -2663.804301
42.950000 2.000108 3.036840 -8816.793100 -2672.459817
43.000000 1.997134 3.029782 -8803.112693 -2667.916214
43.050000 1.997396 3.049046 -8791.138354 -2655.137538
43.100000 2.009232 3.143912 -8746.029193 -2573.668166
43.150000 2.003946 2.983363 -8838.630769 -2682.507398
43.200000 2.000569 2.881871 -8912.048891 -2766.301862
43.250000 1.993332 3.198248 -8734.783503 -2611.268710
43.300000 2.005005 3.103374 -8786.283699 -2626.908696
43.350000 1.999029 2.784134 -8950.257478 -2809.239824
43.400000 2.001692 2.859299 -8907.686997 -2758.488762
43.450000 1.997543 3.005802 -8854.180194 -2717.727900
43.500000 2.006324 2.941423 -8902.315024 -2738.887749
43.550000 1.998504 2.908230 -8914.186583 -2774.782215
43.600000 1.998731 3.038112 -8849.703149 -2709.600689
43.650000 2.005443 3.219318 -8739.070651 -2578.350728
43.700000 2.000588 3.024481 -8827.462348 -2681.656150
43.750000 2.006169 2.876452 -8914.357920 -2751.407867
43.800000 1.996208 3.082009 -8801.510021 -2669.160160
43.850000 1.997696 3.022215 -8848.468638 -2711.546541
43.900000 2.000557 3.056618 -8827.116917 -2681.405328
43.950000 2.001273 3.267546 -8720.058519 -2572.148760
44.000000 2.000482 3.172410 -8793.916024 -2648.434291
44.050000 2.006169 3.181279 -8769.257170 -2606.304889
44.100000 1.995790 3.134472 -8768.657149 -2637.590947
44.150000 2.006170 2.913412 -8882.081041 -2719.126757
44.200000 1.999283 2.997872 -8830.095647 -2688.298717
44.250000 1.995720 3.139129 -8758.906040 -2628.053967
44.300000 2.002076 2.969148 -8879.206792 -2728.828825
44.350000 1.994481 3.108719 -8797.569456 -2670.523702
44.400000 2.003372 3.037805 -8837.233186 -2682.874849
44.450000 1.994301 3.026503 -8846.772586 -2720.281175
44.500000 1.996083 3.137698 -8770.373705 -2638.406178
44.550000 2.003527 3.002404 -8835.802922 -2680.966750
44.600000 2.000973 3.138400 -8749.605735 -2602.615832
44.650000 2.002488 3.090814 -8784.472460 -2632.829213
44.700000 2.006782 3.099025 -8765.623389 -2600.790027
44.750000 2.002621 3.074356 -8804.647600 -2652.595551
44.800000 1.999906 3.157539 -8788.704926 -2644.993663
44.850000 2.005242 3.147724 -8792.711702 -2632.608236
44.900000 1.999328 3.127887 -8785.223863 -2643.287479
44.950000 1.997681 3.069523 -8811.686093 -2674.811171
45.000000 2.000767 1.699331 -7731.341074 -1584.985707
45.050000 1.994258 1.821425 -7663.228272 -1536.867130
45.100000 1.997426 1.841138 -7657.931131 -1521.838669
45.150000 2.003716 1.972269 -7573.954024 -1418.538726
45.200000 2.002162 1.715728 -7722.489541 -1571.848483
45.250000 2.002849 1.792804 -7636.222968 -1483.469511
45.300000 2.001625 1.702485 -7681.043002 -1532.052107
45.350000 1.997171 1.841494 -7590.590625 -1455.280559
45.400000 2.006564 1.873245 -7592.163541 -1427.997853
45.450000 2.004277 1.735213 -7676.851013 -1519.712729
45.500000 1.993685 1.750856 -7670.326691 -1545.725761
45.550000 1.999257 1.894062 -7604.013997 -1462.295177
45.600000 2.002796 1.892468 -7611.798881 -1459.209067
45.650000 2.000532 1.856598 -7621.257411 -1475.624234
45.700000 2.000202 1.633212 -7758.554609 -1613.934091
45.750000 1.993738 1.797551 -7646.005934 -1521.244069
45.800000 2.006049 1.696421 -7716.788368 -1554.205139
45.850000 1.999128 1.699522 -7690.538934 -1549.217423
45.900000 2.003299 1.671834 -7717.203680 -1563.070136
45.950000 2.002063 1.801407 -7646.432590 -1496.094347
46.000000 1.991512 1.822538 -7650.725152 -1532.799716
46.050000 2.007216 1.811268 -7680.315742 -1514.148564
46.100000 1.996015 1.914109 -7602.103963 -1470.347188
46.150000 2.003264 1.835447 -7645.565053 -1491.538302
46.200000 1.999395 1.700954 -7715.623742 -1573.481977
46.250000 1.999851 1.589137 -7780.349298 -1636.806418
46.300000 1.999317 1.599605 -7782.946496 -1641.044652
46.350000 1.999958 1.942157 -7551.893684 -1408.023356
46.400000 1.996462 1.726168 -7688.454550 -1555.324658
46.450000 2.001379 1.715934 -7683.768548 -1535.531187
46.500000 2.000319 1.690168 -7708.311117 -1563.332439
46.550000 2.003240 1.806301 -7643.551943 -1489.597465
46.600000 1.993577 1.799134 -7671.267912 -1546.999621
46.650000 2.003618 1.837408 -7655.509140 -1500.395767
46.700000 2.001048 1.742096 -7720.681133 -1573.461747
46.750000 1.999746 1.847682 -7661.750176 -1518.530057
46.800000 2.003022 1.875080 -7653.939125 -1500.656263
46.850000 1.998896 1.950669 -7589.941799 -1449.334407
46.900000 2.005348 1.792169 -7668.786399 -1508.357300
46.950000 1.999630 1.730015 -7673.082634 -1530.219123
47.000000 2.004117 1.614283 -7747.987268 -1591.341169
47.050000 2.002006 1.738507 -7674.966461 -1524.803987
47.100000 1.997410 1.649258 -7754.115723 -1618.071829
47.150000 1.995616 1.742745 -7711.649584 -1581.118633
47.200000 2.004218 1.934516 -7584.169217 -1427.212057
47.250000 1.998268 1.712207 -7719.537831 -1580.858316
47.300000 2.000166 1.766899 -7676.333999 -1531.825039
47.350000 2.003842 1.673457 -7733.489847 -1577.688450
47.400000 1.998754 1.656121 -7722.405328 -1582.234056
47.450000 2.002569 1.596997 -7757.546862 -1605.653702
47.500000 1.995136 1.678023 -7720.199660 -1591.141723
47.550000 2.001552 1.885168 -7597.570049 -1448.803777
47.600000 2.007295 1.837266 -7618.344033 -1451.934831
47.650000 2.000616 1.687494 -7715.441316 -1569.547965
47.700000 1.997026 1.862313 -7594.563225 -1459.698632
47.750000 1.995195 1.767697 -7658.776416 -1529.537911
47.800000 2.002497 1.632462 -7749.240106 -1597.567788
47.850000 1.997863 1.720422 -7682.373599 -1544.937131
47.900000 1.998157 1.702071 -7706.807574 -1568.469384
47.950000 1.997624 1.878522 -7599.698951 -1462.996967
48.000000 2.002367 1.913793 -7586.207490 -1434.935430
48.050000 1.995998 1.883956 -7600.626326 -1468.921866
48.100000 2.001761 1.818764 -7645.460741 -1496.052022
48.150000 1.999126 1.830478 -7632.202177 -1490.887150
48.200000 1.994833 1.776254 -7671.023185 -1542.894801
48.250000 2.002381 1.680434 -7736.014859 -1584.699829
48.300000 2.001288 1.642854 -7739.575280 -1591.618665
48.350000 1.997596 1.734581 -7681.516645 -1544.900749
48.400000 1.999493 1.612920 -7760.654061 -1618.212311
48.450000 1.996861 1.594628 -7752.471553 -1618.114745
48.500000 1.995211 1.637338 -7713.050208 -1583.762792
48.550000 1.994901 1.650586 -7719.832933 -1591.497504
48.600000 1.994030 1.954156 -7550.168005 -1424.507234
48.650000 2.004891 1.908382 -7586.327180 -1427.300575
48.700000 2.000389 1.703354 -7704.466612 -1559.271988
48.750000 1.999476 1.599326 -7757.246360 -1614.854942
48.800000 2.005112 1.540334 -7789.532573 -1629.828744
48.850000 1.997082 1.586162 -7768.037685 -1633.001358
48.900000 2.000744 1.728608 -7706.789003 -1560.504577
48.950000 2.004070 1.639983 -7778.119751 -1621.615998
49.000000 1.999116 1.690188 -7744.010907 -1602.725254
49.050000 1.993630 1.893707 -7615.957023 -1491.526338
49.100000 2.006521 1.759679 -7702.047540 -1538.013806
49.150000 1.996981 1.748141 -7702.508080 -1567.783890
49.200000 1.991427 1.808848 -7665.572654 -1547.907412
49.250000 2.005557 1.899820 -7602.827986 -1441.756205
49.300000 2.000849 1.722916 -7708.217150 -1561.608557
49.350000 2.004094 1.655928 -7735.180357 -1578.603605
49.400000 2.003147 1.563631 -7794.685422 -1641.018420
49.450000 1.991098 1.632808 -7760.346612 -1643.692430
49.500000 2.001974 1.797880 -7668.187773 -1518.124714
49.550000 1.998316 1.795770 -7667.899794 -1529.072175
49.600000 1.998176 1.774663 -7667.499541 -1529.101982
49.650000 1.996976 1.651875 -7740.291850 -1605.582565
49.700000 1.991686 1.876035 -7579.413358 -1460.953516
49.750000 2.008676 1.705249 -7707.143875 -1536.491355
49.800000 1.998828 1.719676 -7688.406713 -1548.006769
49.850000 2.001423 1.787602 -7635.132824 -1486.761790
49.900000 2.002376 1.873334 -7577.310157 -1426.012193
49.950000 2.001318 1.665487 -7703.169307 -1555.119077
50.000000 2.004498 1.625236 -7720.175178 -1562.356242
50.050000 2.001338 1.582754 -7769.030783 -1620.921206
50.100000 2.003272 1.776794 -7679.899008 -1525.847173
50.150000 1.999672 1.842292 -7671.990355 -1528.998002
50.200000 1.996124 2.059205 -7536.848594 -1404.755563
50.250000 2.003420 1.898846 -7624.179977 -1469.674987
50.300000 1.996968 1.760521 -7678.798547 -1544.114245
50.350000 2.003952 1.642638 -7747.113579 -1590.971669
50.400000 1.995130 1.803578 -7652.996039 -1523.956955
50.450000 1.998178 1.837648 -7653.871542 -1515.469683
50.500000 2.000634 1.734156 -7716.086136 -1570.137802
50.550000 1.996274 1.825422 -7636.840470 -1504.286606
50.600000 2.004821 1.720204 -7700.317102 -1541.506118
50.650000 1.996673 1.780747 -7644.730173 -1510.951463
50.700000 2.002491 1.704854 -7700.866903 -1549.214328
50.750000 1.999042 1.827896 -7627.905577 -1486.847383
50.800000 1.997754 1.920623 -7583.428940 -1446.330076
50.850000 2.003675 1.831022 -7643.587271 -1488.298177
50.900000 1.999238 1.669396 -7730.606212 -1588.946710
50.950000 1.999845 1.645307 -7762.434675 -1618.909941
51.000000 2.005289 1.776332 -7685.562825 -1525.313957
51.050000 1.993817 1.757528 -7712.538925 -1587.533690
51.100000 2.007102 1.753708 -7724.688321 -1558.870328
51.150000 1.996927 1.745477 -7729.199267 -1594.639827
51.200000 1.999324 1.768742 -7706.163358 -1564.240821
51.250000 1.999218 1.634023 -7781.586041 -1639.988135
51.300000 1.997268 1.728859 -7716.584009 -1580.976532
51.350000 2.006881 1.718824 -7716.973425 -1551.833787
51.400000 1.993219 1.642205 -7759.159519 -1635.991899
51.450000 1.994697 1.829057 -7649.008709 -1521.299560
51.500000 2.006258 1.823089 -7659.046748 -1495.822566
51.550000 2.010528 1.611413 -7756.435619 -1580.093119
51.600000 1.996474 1.669005 -7672.152173 -1538.982807
51.650000 1.998478 1.613237 -7736.025994 -1596.703041
51.700000 1.993295 1.973880 -7520.542089 -1397.140201
51.750000 2.001142 1.821868 -7645.912909 -1498.405149
51.800000 2.001845 1.674589 -7756.685003 -1607.017927
51.850000 1.997891 1.897712 -7628.681066 -1491.160320
51.900000 2.003885 1.864210 -7664.743802 -1508.810268
51.950000 2.002278 1.810943 -7682.056368 -1531.058009
52.000000 1.999047 1.692100 -7751.779374 -1610.707686
52.050000 1.989318 1.854859 -7652.830516 -1541.646534
52.100000 2.006610 1.885797 -7627.666308 -1463.360840
52.150000 2.005293 1.639702 -7748.171734 -1587.910813
52.200000 1.997310 1.554973 -7785.948598 -1650.211956
52.250000 1.995170 1.752923 -7671.446107 -1542.283429
52.300000 1.993782 1.850130 -7611.588831 -1486.691631
52.350000 2.001833 1.859498 -7607.557455 -1457.927114
52.400000 1.997876 1.692078 -7714.985618 -1577.511428
52.450000 1.998236 1.654093 -7730.308326 -1591.725841
52.500000 1.997561 1.086427 -6474.327469 -337.820132
52.550000 1.998855 1.150468 -6441.500071 -301.017383
52.600000 1.995829 1.104243 -6488.401784 -357.216202
52.650000 1.996136 1.239023 -6370.707442 -238.579163
52.700000 1.996606 1.045110 -6521.938092 -388.365816
52.750000 2.004262 1.051559 -6511.394933 -354.301359
52.800000 1.998537 1.037359 -6500.968120 -361.463963
52.850000 2.002320 0.944541 -6569.134370 -418.006414
52.900000 1.997295 1.089774 -6457.184619 -321.494147
52.950000 1.994805 1.103762 -6468.747864 -340.705539
53.000000 2.000791 1.209288 -6377.575986 -231.144958
53.050000 2.009253 0.995976 -6500.632596 -328.207977
53.100000 1.999482 0.919355 -6527.004947 -384.597680
53.150000 1.999713 0.986140 -6475.067111 -331.947397
53.200000 1.999703 0.981572 -6491.339180 -348.252463
53.250000 1.996073 1.030359 -6455.655842 -323.718859
53.300000 2.006001 1.000353 -6486.744674 -324.308161
53.350000 1.997401 1.039118 -6452.157170 -316.142624
53.400000 2.004637 1.035455 -6465.821062 -307.575406
53.450000 2.001920 0.998669 -6499.372704 -349.472929
53.500000 1.996945 1.068225 -6474.204827 -339.589902
53.550000 1.994751 1.184931 -6407.738714 -279.863475
53.600000 2.001146 1.110071 -6487.547535 -340.028450
53.650000 1.999760 1.129996 -6471.676751 -328.413033
53.700000 1.998113 1.246654 -6375.716604 -237.513262
53.750000 2.007809 1.070740 -6491.868627 -323.880445
53.800000 1.997211 1.006685 -6484.139272 -348.708580
53.850000 2.003128 1.019776 -6438.877665 -285.268931
53.900000 1.997217 0.960225 -6490.985527 -355.535187
53.950000 2.001199 1.087396 -6400.387659 -252.703879
54.000000 2.001054 0.926490 -6516.652524 -369.413135
54.050000 2.000623 0.986036 -6457.063994 -311.151533
54.100000 2.000577 1.077846 -6403.792449 -258.019624
54.150000 1.997076 1.127252 -6396.122857 -261.106788
54.200000 2.003135 1.117884 -6413.862488 -260.230261
54.250000 2.000187 1.047460 -6471.686370 -327.112157
54.300000 2.001446 0.991027 -6523.486769 -375.044630
54.350000 1.999549 1.078188 -6464.447903 -321.833510
54.400000 2.002733 1.026892 -6521.506453 -369.110540
54.450000 1.991537 1.117465 -6457.405304 -339.402554
54.500000 2.004036 1.124040 -6471.081294 -314.682154
54.550000 1.999253 1.086151 -6502.928577 -361.223967
54.600000 2.003311 1.128654 -6453.666751 -299.495413
54.650000 1.995604 0.997150 -6542.648952 -412.154847
54.700000 2.000112 1.001606 -6532.890939 -388.545850
54.750000 1.999013 1.063312 -6490.453876 -349.484805
54.800000 1.997327 1.150038 -6434.482754 -298.694605
54.850000 2.005211 0.979872 -6573.281095 -413.273376
54.900000 1.993992 1.013093 -6552.255567 -426.711803
54.950000 2.000182 1.104693 -6497.963304 -353.403702
55.000000 1.998836 1.172765 -6436.964322 -296.539317
55.050000 2.002920 1.118849 -6467.192926 -314.223862
55.100000 1.994350 1.005863 -6543.322952 -416.679356
55.150000 2.007475 1.143890 -6425.114016 -258.150556
55.200000 1.997205 1.089471 -6461.442698 -326.029091
55.250000 2.001573 1.076653 -6483.370438 -334.538407
55.300000 2.004195 1.121399 -6455.518993 -298.630478
55.350000 2.001636 1.105452 -6458.475816 -309.449078
55.400000 1.995649 1.189701 -6379.148760 -248.514257
55.450000 2.001306 1.121762 -6406.759995 -258.746960
55.500000 2.003205 1.003397 -6480.085094 -326.239284
55.550000 1.997363 1.040991 -6466.797860 -330.898789
55.600000 2.004786 1.010315 -6528.409903 -369.708041
55.650000 1.996114 1.075478 -6492.119785 -360.059032
55.700000 1.998511 1.231474 -6368.342419 -228.915971
55.750000 2.001525 1.012535 -6536.933110 -388.249182
55.800000 1.999809 1.033199 -6519.127959 -375.715185
55.850000 2.002930 1.010782 -6551.627054 -398.625347
55.900000 1.995120 1.134686 -6466.233876 -337.224538
55.950000 1.997118 1.098584 -6514.003760 -378.856960
56.000000 2.001204 1.136174 -6488.150030 -340.451029
56.050000 1.998082 1.167020 -6441.794429 -303.687333
56.100000 2.005947 1.084928 -6494.582981 -332.315326
56.150000 1.998659 1.135620 -6436.327778 -296.448136
56.200000 2.004791 1.223562 -6369.265276 -210.547377
56.250000 1.996517 1.175716 -6391.960025 -258.660868
56.300000 2.002903 1.030709 -6494.457459 -341.539220
56.350000 1.996837 1.067161 -6462.614388 -328.332579
56.400000 2.000361 1.130014 -6420.200348 -275.091947
56.450000 2.002357 1.036592 -6491.730277 -340.489221
56.500000 1.999416 0.998623 -6511.691628 -369.486830
56.550000 1.999463 1.098157 -6448.629224 -306.277598
56.600000 2.001687 1.034997 -6523.776755 -374.594075
56.650000 1.991339 1.259310 -6347.483546 -230.090863
56.700000 2.000784 1.190354 -6384.566810 -238.158728
56.750000 1.995302 1.119023 -6406.101431 -276.532410
56.800000 2.001778 1.085628 -6421.440033 -271.977525
56.850000 2.002474 1.008494 -6460.855469 -309.254851
56.900000 1.998641 1.012713 -6448.781487 -308.955714
56.950000 1.999406 1.013196 -6447.011746 -304.836396
57.000000 1.998791 0.990864 -6469.970014 -329.685538
57.050000 1.997410 1.072605 -6428.790312 -292.746141
57.100000 2.000167 1.202237 -6344.968877 -200.457168
57.150000 2.004805 1.098428 -6436.439123 -277.677776
57.200000 1.998557 1.165900 -6369.702094 -230.135030
57.250000 2.006108 0.970962 -6511.530306 -348.765772
57.300000 2.000285 0.936955 -6515.751823 -370.875214
57.350000 2.001550 0.939245 -6505.632512 -356.872191
57.400000 2.000073 0.961636 -6483.446172 -339.222243
57.450000 1.998817 1.000970 -6454.805445 -314.439338
57.500000 1.996503 1.078986 -6402.004315 -268.745718
57.550000 2.003918 1.041486 -6424.406694 -268.369245
57.600000 2.002200 0.971472 -6469.771117 -319.011933
57.650000 1.997200 0.966212 -6478.369438 -342.971758
57.700000 2.001655 1.041716 -6428.496993 -279.411456
57.750000 2.004684 0.963972 -6482.870507 -324.482111
57.800000 2.002700 0.908031 -6524.852512 -372.559550
57.850000 1.995870 0.944501 -6513.195662 -381.883022
57.900000 1.999265 1.104810 -6407.041328 -265.299709
57.950000 2.003602 1.029857 -6456.150632 -301.084871
58.000000 2.005094 0.958987 -6489.124169 -329.475314
58.050000 1.997656 0.984318 -6464.286297 -327.487211
58.100000 2.001509 1.032896 -6447.810200 -299.175150
58.150000 2.002784 1.093608 -6445.216192 -292.664457
58.200000 2.001207 1.168830 -6426.015567 -278.306408
58.250000 1.999331 1.117627 -6473.448440 -331.503418
58.300000 2.002236 1.058952 -6503.624961 -352.755261
58.350000 2.003468 1.015193 -6517.455607 -362.801345
58.400000 2.003119 0.992336 -6514.275813 -360.695712
58.450000 1.996278 1.057307 -6454.297241 -321.731330
58.500000 2.003587 1.013131 -6487.733371 -332.715075
58.550000 2.000471 1.003747 -6477.780972 -332.335392
58.600000 1.994871 0.989492 -6495.340353 -367.095997
58.650000 2.003799 1.095238 -6429.709744 -274.039719
58.700000 1.997866 1.019686 -6502.821328 -365.377349
58.750000 2.001468 1.074401 -6460.367035 -311.858221
58.800000 1.995345 0.982723 -6527.818961 -398.118119
58.850000 1.995924 1.070738 -6444.026466 -312.546645
58.900000 2.005231 0.966032 -6511.672409 -351.603910
58.950000 1.995929 0.966436 -6496.845028 -365.350889
59.000000 1.993241 1.100992 -6398.554447 -275.319594
59.050000 2.005624 1.159439 -6345.823843 -184.546832
59.100000 1.998140 1.021843 -6454.130827 -315.845463
59.150000 1.997744 1.029828 -6464.178524 -327.107670
59.200000 1.998645 1.056628 -6463.556106 -323.720107
59.250000 1.999407 1.172559 -6386.936303 -244.758069
59.300000 1.998928 1.138755 -6440.495383 -299.787772
59.350000 2.003314 1.254839 -6352.736799 -198.555899
59.400000 1.999735 1.137842 -6437.806381 -294.621815
59.450000 2.001080 1.179581 -6400.979727 -253.660874
59.500000 2.003057 1.048759 -6509.215400 -355.824040
59.550000 2.000166 1.186860 -6393.010135 -248.500376
59.600000 1.999091 1.179795 -6408.107038 -266.900104
59.650000 2.001840 1.082438 -6486.980703 -337.329436
59.700000 1.998886 1.147355 -6428.336351 -287.757873
59.750000 1.998746 1.140272 -6427.225485 -287.076433
59.800000 2.004556 0.986513 -6536.099071 -378.103445
59.850000 1.998596 1.062238 -6455.209593 -315.522671
59.900000 1.994369 1.123194 -6409.086489 -282.384032
59.950000 2.002563 1.144477 -6396.363186 -244.490277
60.000000 1.996259 0.702088 -5190.984712 941.521486
60.050000 2.001021 0.789887 -5109.085923 1038.051363
60.100000 2.000560 0.676254 -5209.063395 936.658089
60.150000 2.003922 0.644689 -5218.573737 937.474455
60.200000 1.998661 0.651170 -5205.245869 934.641959
60.250000 2.001377 0.670957 -5189.320236 958.910355
60.300000 2.000924 0.674002 -5179.093531 967.745110
60.350000 2.003770 0.635390 -5211.815229 943.765961
60.400000 1.997948 0.613230 -5224.780696 912.914039
60.450000 1.998551 0.663251 -5173.960304 965.586851
60.500000 1.997247 0.745560 -5103.405365 1032.138516
60.550000 2.001289 0.708820 -5146.444178 1001.515396
60.600000 1.997861 0.684103 -5158.380519 979.047047
60.650000 2.001733 0.650166 -5192.379591 956.942866
60.700000 1.998081 0.733804 -5115.075305 1023.028897
60.750000 1.999073 0.740267 -5118.372861 1022.778639
60.800000 2.002498 0.678502 -5176.550064 975.124133
60.850000 1.995756 0.720393 -5128.398579 1002.564136
60.900000 1.997643 0.737845 -5109.135772 1027.622596
60.950000 1.995549 0.735987 -5091.003982 1039.322372
61.000000 2.004012 0.633963 -5163.635873 992.687518
61.050000 2.001037 0.580501 -5190.844489 956.342361
61.100000 1.997867 0.595350 -5181.934231 955.512047
61.150000 2.001029 0.672849 -5128.036765 1019.122952
61.200000 2.001657 0.660047 -5160.336219 988.753997
61.250000 2.002200 0.673086 -5166.257532 984.501641
61.300000 1.999421 0.676383 -5201.426367 940.793690
61.350000 2.000329 0.781111 -5130.900842 1014.110440
61.400000 1.999887 0.767449 -5156.487855 987.165530
61.450000 2.002725 0.762044 -5163.147794 989.222169
61.500000 2.002274 0.726781 -5186.104560 964.882400
61.550000 2.005460 0.641625 -5250.008955 910.765419
61.600000 1.991866 0.646574 -5239.015702 879.995509
61.650000 1.999422 0.717608 -5176.113998 966.111424
61.700000 2.000783 0.695859 -5207.155398 939.250413
61.750000 1.995489 0.789906 -5122.445194 1007.697095
61.800000 2.004346 0.707038 -5204.977824 952.372039
61.850000 2.001971 0.668558 -5221.929776 928.124303
61.900000 2.001660 0.703083 -5179.338216 969.760948
61.950000 1.996403 0.717082 -5181.192142 951.759070
62.000000 2.006459 0.781028 -5124.631111 1039.210488
62.050000 1.995436 0.687863 -5194.735900 935.243007
62.100000 1.996317 0.663685 -5206.915435 925.770094
62.150000 1.996712 0.712081 -5169.063510 964.836564
62.200000 2.002798 0.724996 -5169.581843 983.014012
62.250000 1.998919 0.728312 -5155.261036 985.419051
62.300000 1.999196 0.702806 -5181.120297 960.410698
62.350000 1.995841 0.729895 -5164.642076 966.581806
62.400000 1.998525 0.718875 -5184.362923 955.105979
62.450000 2.001786 0.701411 -5193.019895 956.465635
62.500000 1.997736 0.701487 -5169.736715 967.309356
62.550000 2.003447 0.715416 -5138.614782 1015.973733
62.600000 1.998173 0.641865 -5205.388845 932.998303
62.650000 2.003331 0.642315 -5205.850958 948.380491
62.700000 2.001350 0.647115 -5218.651404 929.496560
62.750000 1.999602 0.753023 -5141.121672 1001.656735
62.800000 1.998753 0.829585 -5072.335274 1067.832500
62.850000 2.000975 0.720126 -5174.700361 972.294878
62.900000 2.003913 0.622594 -5263.644772 892.377209
62.950000 1.996998 0.723798 -5180.181792 954.596728
63.000000 2.003536 0.725060 -5203.827440 951.034229
63.050000 1.999199 0.684622 -5258.381253 883.156588
63.100000 2.000425 0.771348 -5185.985006 959.322120
63.150000 1.999949 0.787967 -5172.994790 970.849688
63.200000 1.996559 0.810965 -5144.369640 989.060566
63.250000 2.000972 0.711501 -5233.721927 913.264260
63.300000 2.000942 0.762581 -5174.908243 971.985991
63.350000 1.997005 0.754165 -5171.888654 962.911731
63.400000 2.003421 0.684982 -5229.347006 925.163520
63.450000 1.996398 0.706884 -5196.415157 936.520228
63.500000 2.001931 0.664429 -5237.061951 912.869700
63.550000 2.001618 0.656879 -5232.477890 916.493837
63.600000 1.997109 0.687144 -5191.391497 943.728812
63.650000 1.996092 0.672340 -5200.342430 931.651823
63.700000 2.001857 0.703203 -5164.930245 984.775219
63.750000 2.000791 0.669498 -5194.261005 952.168924
63.800000 2.000287 0.652020 -5229.479124 915.403055
63.850000 1.999275 0.681606 -5224.188429 917.583382
63.900000 1.998607 0.689045 -5233.588852 906.131965
63.950000 1.998384 0.705265 -5228.069110 910.965567
64.000000 2.002476 0.784191 -5144.018754 1007.587254
64.050000 2.002931 0.647238 -5255.954588 897.050973
64.100000 1.997068 0.688589 -5205.663894 929.330508
64.150000 2.004003 0.667973 -5227.508801 928.788586
64.200000 2.000428 0.677027 -5215.879234 929.434505
64.250000 2.002631 0.676805 -5228.236160 923.845698
64.300000 2.000685 0.692917 -5213.227698 932.876081
64.350000 2.001259 0.702980 -5204.629752 943.238582
64.400000 1.997526 0.704778 -5207.125918 929.275473
64.450000 1.997834 0.738371 -5186.514291 950.832162
64.500000 2.000179 0.738978 -5194.350361 950.198102
64.550000 1.999888 0.771959 -5143.888374 999.767989
64.600000 1.999939 0.753760 -5142.224635 1001.587933
64.650000 2.000019 0.671019 -5216.892477 927.164372
64.700000 1.998555 0.702255 -5212.321092 927.240794
64.750000 1.995576 0.900951 -5048.158639 1082.251720
64.800000 2.004265 0.802546 -5144.276522 1012.825017
64.850000 1.998659 0.662882 -5256.650559 883.230119
64.900000 1.999146 0.766351 -5147.756580 993.618970
64.950000 1.998968 0.755880 -5165.184335 975.644482
65.000000 1.997899 0.769067 -5143.585272 993.961846
65.050000 2.003373 0.700711 -5181.607194 972.754356
65.100000 1.999473 0.593394 -5254.208962 888.172598
65.150000 1.993067 0.613366 -5225.699615 897.002639
65.200000 2.003806 0.715098 -5136.100559 1019.592162
65.250000 1.998703 0.670888 -5182.379283 957.637416
65.300000 2.003967 0.708774 -5149.606093 1006.580384
65.350000 2.002190 0.649092 -5210.932344 939.796755
65.400000 1.998104 0.640680 -5217.955961 920.218589
65.450000 1.997272 0.639039 -5230.789950 904.828565
65.500000 2.001158 0.675748 -5201.617308 945.939508
65.550000 1.999180 0.668947 -5219.684567 921.796395
65.600000 2.000199 0.649658 -5250.628901 893.982889
65.650000 1.997697 0.693564 -5221.575478 915.350964
65.700000 1.997185 0.738766 -5186.448694 948.905145
65.750000 2.004011 0.675689 -5256.994816 899.326876
65.800000 2.003526 0.729772 -5212.173341 942.659453
65.850000 2.001103 0.771239 -5193.567059 953.819988
65.900000 2.002276 0.846270 -5119.050535 1031.941042
65.950000 2.001966 0.652339 -5298.454621 851.584863
66.000000 1.998510 0.736036 -5204.024265 935.398127
66.050000 1.999317 0.825136 -5119.864642 1022.036302
66.100000 1.999069 0.728137 -5227.337605 913.802252
66.150000 1.999347 0.793587 -5170.044366 971.948254
66.200000 2.003074 0.784679 -5181.038002 972.404500
66.250000 1.998241 0.778003 -5174.386792 964.211031
66.300000 2.003066 0.738970 -5175.250707 978.167976
66.350000 1.997120 0.677159 -5198.204080 936.949276
66.400000 2.001997 0.694848 -5154.337551 995.796484
66.450000 2.000928 0.536044 -5298.729517 848.120628
66.500000 2.000353 0.643230 -5192.855813 952.229694
66.550000 2.000700 0.656411 -5200.145674 946.004661
66.600000 2.006481 0.700716 -5153.360790 1010.548584
66.650000 1.998649 0.649670 -5209.402716 930.447362
66.700000 2.000303 0.727131 -5156.875746 988.055994
66.750000 1.999993 0.781123 -5116.110303 1027.866816
66.800000 1.998283 0.702789 -5202.100161 936.625625
66.850000 2.003829 0.731376 -5180.624580 975.137293
66.900000 1.996851 0.767916 -5143.297722 991.027999
66.950000 2.004853 0.743366 -5172.048975 986.860300
67.000000 2.001755 0.696646 -5207.245682 942.146120
67.050000 1.997013 0.751923 -5158.465483 976.359409
67.100000 2.000132 0.762666 -5157.974578 986.430743
67.150000 2.006376 0.726011 -5176.970390 986.615514
67.200000 1.998438 0.623638 -5269.276472 869.924805
67.250000 1.997174 0.716574 -5198.198052 937.121945
67.300000 2.002254 0.734934 -5191.684881 959.239888
67.350000 1.997557 0.732279 -5193.793390 942.702405
67.400000 1.999855 0.749677 -5179.276225 964.277142
67.450000 2.001469 0.726603 -5191.881219 956.631563
