# t Temp Pres Epot Etot
0.000000 1.993080 28.252009 -1433.724349 -668.381526
0.050000 1.979352 27.996730 -1443.770406 -683.699387
0.100000 1.990019 28.672071 -1410.626300 -646.459164
0.150000 2.009127 28.066062 -1439.929963 -668.425306
0.200000 1.946917 29.623137 -1367.313887 -619.697824
0.250000 1.995844 30.265534 -1341.687315 -575.283234
0.300000 2.031011 28.860573 -1408.386277 -628.478141
0.350000 1.993461 28.293391 -1433.302993 -667.813786
0.400000 2.037708 27.648167 -1462.925045 -680.445282
0.450000 1.983376 29.404745 -1379.405558 -617.789352
0.500000 2.062111 27.216715 -1483.736698 -691.886013
0.550000 1.960662 29.316930 -1382.687153 -629.793136
0.600000 1.969441 30.207771 -1344.578445 -588.312913
0.650000 2.033988 30.838732 -1319.661816 -538.610236
0.700000 2.023626 29.043579 -1395.468695 -618.396491
0.750000 2.000915 27.434059 -1467.883646 -699.532129
0.800000 2.025386 28.456494 -1422.125362 -644.376991
0.850000 1.996582 29.185866 -1387.091604 -620.404250
0.900000 1.979999 27.439888 -1465.716069 -705.396392
0.950000 1.973203 29.724983 -1363.935480 -606.225719
1.000000 2.007802 29.101001 -1395.425523 -624.429744
1.050000 2.023741 29.534192 -1374.187673 -597.071055
1.100000 1.995916 28.019103 -1442.138677 -675.706889
1.150000 2.005615 28.228948 -1431.911046 -661.754757
1.200000 1.972019 29.945382 -1353.108764 -595.853347
1.250000 1.985223 28.971952 -1398.153699 -635.828018
1.300000 1.966847 28.137788 -1433.222501 -677.953334
1.350000 1.994971 29.052246 -1395.422780 -629.353966
1.400000 2.013287 28.803868 -1409.073189 -635.971137
1.450000 2.025650 28.581070 -1420.731713 -642.882299
1.500000 2.022708 28.427056 -1426.565781 -649.845837
1.550000 2.003002 28.987436 -1402.304055 -633.151460
1.600000 1.983440 28.879083 -1404.680830 -643.039785
1.650000 2.010188 29.019300 -1398.800744 -626.888536
1.700000 2.017057 29.123883 -1393.623119 -619.073281
1.750000 2.018444 28.621139 -1414.395054 -639.312506
1.800000 1.976271 29.664459 -1366.604390 -607.716357
1.850000 2.005893 28.208064 -1434.002750 -663.739996
1.900000 1.977953 28.663292 -1412.023162 -652.489306
1.950000 2.012332 28.309082 -1430.091254 -657.355809
2.000000 2.001039 30.513377 -1329.435640 -561.036795
2.050000 2.016067 29.102902 -1396.820173 -622.650595
2.100000 2.044451 27.414031 -1471.428111 -686.358874
2.150000 1.970142 29.002259 -1394.859070 -638.324508
2.200000 2.003695 28.394818 -1424.516850 -655.097887
2.250000 1.976932 29.655023 -1368.997594 -609.855556
2.300000 2.023287 30.377397 -1340.492688 -563.550359
2.350000 2.023134 29.016404 -1401.721556 -624.838202
2.400000 1.963701 28.568523 -1415.043400 -660.982182
2.450000 2.048183 28.576085 -1419.599876 -633.097763
2.500000 1.989023 28.233750 -1430.587447 -666.802508
2.550000 1.985480 28.908024 -1402.341303 -639.916791
2.600000 2.018207 28.737870 -1411.791668 -636.800327
2.650000 2.018806 29.206153 -1393.212342 -617.990782
2.700000 1.971412 28.539860 -1419.253342 -662.231262
2.750000 2.030471 29.807002 -1368.647772 -588.946792
2.800000 2.018133 29.218122 -1392.014206 -617.051031
2.850000 2.008189 27.572842 -1461.694520 -690.549897
2.900000 1.983555 29.807452 -1359.886267 -598.201286
2.950000 1.990025 27.273984 -1476.381837 -712.212291
3.000000 1.986661 28.640672 -1415.143694 -652.265834
3.050000 1.990136 30.013165 -1352.460281 -588.247967
3.100000 2.002642 28.900485 -1404.987568 -635.973043
3.150000 1.987707 29.897305 -1356.846091 -593.566770
3.200000 2.013470 27.971859 -1446.253071 -673.080591
3.250000 2.009123 27.811820 -1451.344921 -679.841553
3.300000 2.000502 28.116036 -1441.141602 -672.948716
3.350000 1.977635 29.188657 -1390.626869 -631.215085
3.400000 2.017910 28.854828 -1408.498400 -633.621147
3.450000 2.004838 30.618752 -1325.520966 -555.663069
3.500000 2.027149 29.228416 -1393.865453 -615.440267
3.550000 1.996600 29.416654 -1383.187419 -616.492853
3.600000 2.003759 29.115905 -1392.206914 -622.763351
3.650000 1.973276 28.949708 -1397.928639 -640.190725
3.700000 2.020941 27.791380 -1454.300829 -678.259584
3.750000 2.005239 28.550181 -1419.547094 -649.535191
3.800000 1.986714 29.253901 -1387.528058 -624.629863
3.850000 1.995376 27.767762 -1452.950402 -686.726022
3.900000 1.980201 29.389886 -1381.413098 -621.015968
3.950000 2.021620 29.315046 -1385.181086 -608.878999
4.000000 1.982275 28.572954 -1415.341028 -654.147318
4.050000 1.999290 27.941045 -1445.487639 -677.760214
4.100000 1.977604 27.906529 -1447.438995 -688.038873
4.150000 2.024936 29.463820 -1378.733221 -601.157914
4.200000 1.988899 29.730141 -1364.833840 -601.096509
4.250000 1.983871 29.068333 -1399.518869 -637.712584
4.300000 2.029218 29.456911 -1384.777286 -605.557624
4.350000 2.022321 28.488977 -1423.086299 -646.515065
4.400000 2.006332 28.511996 -1420.941691 -650.510153
4.450000 1.972045 30.134364 -1345.193451 -587.927997
4.500000 2.058225 27.911019 -1450.934694 -660.576420
4.550000 2.007364 28.842754 -1407.229435 -636.401544
4.600000 1.974247 28.163282 -1436.848243 -678.737353
4.650000 1.977478 29.668579 -1367.728521 -608.377034
4.700000 1.985482 28.449203 -1423.258442 -660.833508
4.750000 2.014806 30.174305 -1347.518190 -573.832842
4.800000 2.018107 28.376656 -1428.257223 -653.304310
4.850000 1.983411 27.814486 -1450.873272 -689.243531
4.900000 2.003127 28.407085 -1425.646248 -656.445547
4.950000 1.975539 28.603081 -1418.953503 -660.346614
5.000000 2.003870 29.877967 -1361.222102 -591.735912
5.050000 1.982858 29.266404 -1387.777162 -626.359860
5.100000 2.019031 27.932389 -1448.982453 -673.674463
5.150000 1.993968 28.401214 -1426.378154 -660.694540
5.200000 2.008830 28.028696 -1442.482736 -671.092150
5.250000 1.986732 28.657676 -1415.154704 -652.249428
5.300000 2.015807 28.874103 -1406.496148 -632.426137
5.350000 2.009231 27.500616 -1465.651755 -694.106942
5.400000 1.976457 29.890181 -1357.207534 -598.248058
5.450000 1.994232 28.727316 -1416.508288 -650.723096
5.500000 2.033897 28.046121 -1444.097518 -663.080989
5.550000 1.972855 29.286251 -1385.000501 -627.424271
5.600000 1.945384 29.581760 -1369.755031 -622.727627
5.650000 2.029251 27.790261 -1458.666996 -679.434454
5.700000 1.971608 28.674101 -1414.665188 -657.567721
5.750000 1.967856 28.956264 -1397.452629 -641.795758
5.800000 2.008395 29.218239 -1390.210177 -618.986399
5.850000 1.991435 29.549836 -1372.907903 -608.196935
5.900000 2.012458 27.814482 -1455.271094 -682.487039
5.950000 1.975150 29.155793 -1393.537017 -635.079550
6.000000 2.031661 28.608600 -1421.867195 -641.709403
6.050000 1.975409 28.844900 -1405.754695 -647.197821
6.100000 2.010498 27.715534 -1459.661890 -687.630673
6.150000 1.964281 28.927885 -1402.302001 -648.018189
6.200000 2.028496 29.548025 -1377.760592 -598.818150
6.250000 2.021075 28.517675 -1420.616919 -644.524218
6.300000 2.017200 28.085408 -1440.058809 -665.453877
6.350000 1.981929 27.804285 -1452.077400 -691.016546
6.400000 1.983113 29.702202 -1367.772238 -606.256680
6.450000 1.982194 29.493233 -1375.794336 -614.631726
6.500000 2.042837 28.065839 -1444.957772 -660.508250
6.550000 1.966650 27.777367 -1452.086605 -696.893141
6.600000 1.983764 29.840194 -1363.407358 -601.641824
6.650000 2.012264 29.506076 -1378.415343 -605.706148
6.700000 1.984045 28.538821 -1420.560479 -658.687130
6.750000 1.988176 28.077521 -1440.578739 -677.119183
6.800000 1.977302 27.939628 -1449.082709 -689.798822
6.850000 1.959917 29.985188 -1348.805366 -596.197093
6.900000 2.024108 29.716511 -1367.718844 -590.461222
6.950000 1.985894 28.288800 -1432.112287 -669.528914
7.000000 2.010179 28.830664 -1404.203806 -632.295046
7.050000 2.011662 29.196961 -1386.896227 -614.418013
7.100000 1.987008 27.679639 -1457.705327 -694.694362
7.150000 1.953548 29.060468 -1393.860180 -643.697767
7.200000 2.028941 29.335038 -1386.106994 -606.993739
7.250000 1.995494 29.283233 -1385.976092 -619.706509
7.300000 1.975070 28.756141 -1408.705134 -650.278268
7.350000 2.022421 28.548591 -1420.253378 -643.643846
7.400000 2.006879 27.922988 -1446.709668 -676.068193
7.450000 1.955900 30.334115 -1336.442192 -585.376591
7.500000 2.024548 17.838866 -1514.590784 -737.164352
7.550000 1.998205 16.578716 -1570.183072 -802.872285
7.600000 2.001036 17.081971 -1551.614016 -783.216091
7.650000 1.999184 17.128313 -1549.337346 -781.650803
7.700000 2.003038 18.368772 -1487.072309 -717.905892
7.750000 2.040061 18.184567 -1502.171171 -718.787891
7.800000 1.980912 18.443029 -1480.243599 -719.573413
7.850000 2.023748 17.453441 -1527.177035 -750.057839
7.900000 2.003875 16.496364 -1575.631929 -806.144024
7.950000 1.975822 17.462133 -1529.608464 -770.892835
8.000000 1.983489 19.782760 -1419.374844 -657.715072
8.050000 1.988264 18.314701 -1494.565295 -731.072052
8.100000 2.003646 18.769318 -1474.188914 -704.788782
8.150000 2.007213 18.150894 -1500.178947 -729.409138
8.200000 1.983285 18.563162 -1478.638270 -717.056963
8.250000 2.033358 18.151350 -1499.953249 -719.143711
8.300000 2.023733 17.028765 -1550.104019 -772.990375
8.350000 1.976652 17.530014 -1528.823692 -769.789254
8.400000 1.986237 17.216424 -1544.913454 -782.198277
8.450000 2.001962 17.539901 -1526.537540 -757.784275
8.500000 2.009966 17.444237 -1532.038816 -760.212039
8.550000 2.026753 16.345210 -1587.229146 -808.955902
8.600000 1.959925 17.046148 -1549.448631 -796.837453
8.650000 1.964383 17.863705 -1509.425171 -755.101949
8.700000 2.024383 18.603672 -1480.719550 -703.356600
8.750000 2.008090 18.221532 -1496.421975 -725.315519
8.800000 2.010909 17.107200 -1542.996000 -770.806824
8.850000 1.973930 18.000065 -1506.283173 -748.294230
8.900000 2.023389 16.075296 -1598.018511 -821.037162
8.950000 1.996000 17.722625 -1516.903801 -750.439796
9.000000 1.983829 18.090736 -1500.807730 -739.017522
9.050000 1.979528 17.718936 -1519.498641 -759.359950
9.100000 2.007640 17.835718 -1513.433237 -742.499483
9.150000 2.015244 17.660733 -1522.264251 -748.410697
9.200000 1.975184 16.898763 -1558.377032 -799.906410
9.250000 1.994122 19.311427 -1444.426314 -678.683567
9.300000 2.005885 17.825552 -1512.140868 -741.880933
9.350000 1.957409 17.969551 -1506.388580 -754.743386
9.400000 1.993505 18.072325 -1501.486520 -735.980728
9.450000 2.018698 16.458496 -1578.669205 -803.489138
9.500000 2.013342 16.279456 -1588.438057 -815.314658
9.550000 1.963919 17.295237 -1536.927501 -782.782639
9.600000 2.027545 17.656023 -1522.086211 -743.508757
9.650000 1.974970 16.814091 -1561.098173 -802.709591
9.700000 1.986612 18.178559 -1499.577086 -736.717892
9.750000 2.000353 17.648891 -1521.258482 -753.122974
9.800000 1.988977 17.574969 -1523.337287 -759.570091
9.850000 2.013281 17.235377 -1542.480111 -769.380135
9.900000 1.972589 17.264072 -1537.316174 -779.842069
9.950000 1.985559 17.071811 -1546.857953 -784.403449
10.000000 1.989462 18.398328 -1487.711533 -723.758073
10.050000 1.986163 18.369665 -1489.862145 -727.175700
10.100000 2.018182 17.840303 -1513.521214 -738.539138
10.150000 1.998192 17.947474 -1508.966453 -741.660810
10.200000 2.042273 16.902953 -1561.491893 -777.259141
10.250000 1.993309 17.151836 -1546.041014 -780.610377
10.300000 1.964993 18.109251 -1503.019664 -748.462204
10.350000 1.994688 18.213678 -1498.087866 -732.127697
10.400000 1.996013 17.899576 -1511.161678 -744.692707
10.450000 2.000112 17.817520 -1514.741670 -746.698821
10.500000 2.031145 18.497005 -1480.963265 -701.003605
10.550000 2.006051 17.744142 -1515.854161 -745.530712
10.600000 2.000950 17.130769 -1546.318893 -777.954060
10.650000 1.986752 17.106296 -1545.179603 -782.266940
10.700000 2.017594 17.817789 -1514.538823 -739.782860
10.750000 1.986847 16.133261 -1590.985797 -828.036671
10.800000 1.985064 18.614721 -1475.667181 -713.402682
10.850000 2.016304 17.901130 -1512.935035 -738.674259
10.900000 1.984038 18.373516 -1488.497410 -726.626893
10.950000 1.997097 16.940562 -1562.674466 -795.789152
11.000000 2.011425 18.543990 -1480.072897 -707.685877
11.050000 2.004418 17.817721 -1512.646272 -742.949573
11.100000 2.036579 17.077230 -1551.164350 -769.118146
11.150000 1.944620 18.042684 -1498.794945 -752.060686
11.200000 1.993882 18.528474 -1480.987757 -715.336913
11.250000 1.998023 17.735640 -1514.685423 -747.444756
11.300000 1.998885 17.584044 -1525.421157 -757.849312
11.350000 2.012220 17.954974 -1511.689376 -738.997036
11.400000 2.006141 19.097420 -1453.908539 -683.550553
11.450000 2.025503 17.855795 -1516.315385 -738.522071
11.500000 1.984927 18.449353 -1490.006540 -727.794542
11.550000 2.021157 17.914740 -1516.796419 -740.672300
11.600000 2.004634 16.700894 -1568.703141 -798.923785
11.650000 1.988020 16.968848 -1556.525116 -793.125300
11.700000 1.973768 17.738184 -1517.737024 -759.810057
11.750000 2.044234 17.264448 -1541.309408 -756.323553
11.800000 1.983467 17.044514 -1547.143589 -785.492213
11.850000 1.997563 16.508073 -1574.692942 -807.628900
11.900000 1.983069 17.233129 -1543.230657 -781.732203
11.950000 2.002723 18.042050 -1504.383222 -735.337659
12.000000 2.011709 17.887080 -1508.062269 -735.565899
12.050000 1.982681 16.861918 -1560.048923 -798.699424
12.100000 1.993320 17.864278 -1511.517242 -746.082217
12.150000 2.012972 17.018019 -1551.036463 -778.055337
12.200000 1.987307 18.230168 -1490.549270 -727.423454
12.250000 2.037956 17.904257 -1510.712386 -728.137420
12.300000 1.995349 17.927326 -1507.121033 -740.907122
12.350000 1.978473 17.986501 -1510.465585 -750.732133
12.400000 2.001372 17.679679 -1523.955182 -755.428379
12.450000 2.013602 18.087418 -1500.026518 -726.803345
12.500000 2.013060 18.189924 -1498.413013 -725.398133
12.550000 1.992642 17.127336 -1543.623633 -778.449037
12.600000 1.951773 19.299039 -1439.037572 -689.556574
12.650000 1.984997 18.866338 -1466.361100 -704.122251
12.700000 2.036656 18.222528 -1497.361517 -715.285524
12.750000 1.964897 17.473689 -1530.012038 -775.491728
12.800000 2.005400 18.040475 -1504.718307 -734.644547
12.850000 1.998601 16.369214 -1584.307226 -816.844506
12.900000 2.005514 17.547037 -1526.717732 -756.600220
12.950000 1.975649 17.156954 -1543.646168 -784.996886
13.000000 2.017926 18.393425 -1485.606857 -710.723288
13.050000 1.996978 17.173388 -1540.412613 -773.573145
13.100000 1.969374 18.470012 -1480.597369 -724.357771
13.150000 2.029002 17.354596 -1539.603615 -760.466974
13.200000 2.025230 16.900211 -1557.086847 -779.398665
13.250000 1.981684 17.347353 -1536.024110 -775.057582
13.300000 2.001994 16.631583 -1569.133231 -800.367655
13.350000 1.966198 18.237327 -1488.234829 -733.214616
13.400000 2.017285 18.353182 -1489.863855 -715.226545
13.450000 2.013405 18.804148 -1464.180142 -691.032488
13.500000 1.987227 17.757752 -1520.139947 -757.044867
13.550000 2.023002 17.569285 -1528.516926 -751.684203
13.600000 1.998960 17.472092 -1526.365602 -758.765073
13.650000 1.986898 17.153684 -1541.477817 -778.508968
13.700000 1.996158 18.734665 -1464.756117 -698.231332
13.750000 2.001340 17.159645 -1546.190431 -777.675973
13.800000 2.004832 17.109415 -1552.375196 -782.519784
13.850000 1.996373 17.595663 -1525.560821 -758.953697
13.900000 2.001740 17.190919 -1546.916206 -778.248191
13.950000 2.001879 17.635499 -1519.524498 -750.802812
14.000000 2.006226 18.070106 -1499.616077 -729.225306
14.050000 2.005649 16.926644 -1555.878395 -785.709143
14.100000 2.009157 18.738963 -1469.855547 -698.339347
14.150000 2.037554 17.790426 -1517.847865 -735.426992
14.200000 1.980021 17.845385 -1515.024587 -754.696588
14.250000 2.012919 16.887770 -1560.679296 -787.718537
14.300000 1.969047 16.987236 -1558.480345 -802.366327
14.350000 2.020993 17.103899 -1555.723948 -779.662795
14.400000 1.986874 17.598660 -1524.375317 -761.415887
14.450000 1.993378 17.838318 -1516.269833 -750.812625
14.500000 2.046775 17.862090 -1515.510493 -729.548853
14.550000 2.005594 16.574055 -1573.106096 -802.958167
14.600000 1.958368 16.876293 -1555.019894 -803.006640
14.650000 2.032316 18.188614 -1498.281081 -717.871744
14.700000 1.990209 18.834049 -1466.972683 -702.732246
14.750000 2.014877 18.729970 -1476.268848 -702.556051
14.800000 2.011951 17.335019 -1542.817081 -770.227947
14.850000 1.975522 18.823949 -1465.935746 -707.335408
14.900000 1.993313 16.193861 -1593.106753 -827.674506
14.950000 1.975926 17.611913 -1519.433385 -760.677783
15.000000 1.970747 15.114156 -1289.265272 -532.498328
15.050000 2.002793 14.998405 -1299.026105 -529.953582
15.100000 1.984406 14.112496 -1342.445675 -580.433860
15.150000 1.980599 14.845836 -1308.340692 -547.790598
15.200000 1.978607 15.511953 -1283.082282 -523.297229
15.250000 2.004686 16.276942 -1240.836882 -471.037488
15.300000 2.012002 15.013764 -1304.482948 -531.874078
15.350000 1.987761 14.459706 -1331.827641 -568.527525
15.400000 1.968268 15.687778 -1265.239050 -509.423976
15.450000 1.979937 15.978893 -1249.475830 -489.180010
15.500000 2.029093 15.022884 -1306.481253 -527.309712
15.550000 1.983539 15.679950 -1264.231833 -502.552739
15.600000 2.008920 15.744089 -1263.806143 -492.380712
15.650000 2.019746 15.933818 -1267.754168 -492.171709
15.700000 2.010473 15.911500 -1267.019504 -494.997731
15.750000 1.985464 15.598705 -1280.053997 -517.635872
15.800000 2.011983 15.011225 -1315.383641 -542.782182
15.850000 2.012752 15.154719 -1300.946731 -528.049896
15.900000 2.013534 14.937173 -1304.429904 -531.232956
15.950000 2.023824 14.116933 -1346.329077 -569.180551
16.000000 1.976975 15.624502 -1267.568193 -508.409759
16.050000 2.000182 15.799875 -1263.528814 -495.458845
16.100000 1.999904 16.867789 -1207.955049 -439.991857
16.150000 2.004608 15.943356 -1252.837188 -483.067696
16.200000 1.988723 14.929594 -1310.182004 -546.512211
16.250000 2.017119 14.896723 -1312.603380 -538.029524
16.300000 1.994630 14.650845 -1326.348883 -560.410955
16.350000 1.993896 15.313797 -1287.323254 -521.667201
16.400000 1.969228 15.701719 -1264.774216 -508.590594
16.450000 2.030512 16.292532 -1246.275028 -466.558546
16.500000 1.992688 14.248791 -1354.319628 -589.127343
16.550000 1.991312 15.262875 -1292.470239 -527.806379
16.600000 1.959517 16.287487 -1237.349532 -484.894894
16.650000 2.011365 15.708918 -1272.406930 -500.042861
16.700000 2.005078 16.488720 -1229.695657 -459.745839
16.750000 2.001785 15.140718 -1299.115188 -530.429800
16.800000 2.027740 15.626378 -1274.639297 -495.987129
16.850000 2.018707 15.498332 -1279.392381 -504.208772
16.900000 1.993395 15.438745 -1283.789357 -518.325857
16.950000 1.980323 16.445335 -1229.705912 -469.261770
17.000000 2.000516 16.781649 -1217.838773 -449.640532
17.050000 2.010749 15.399733 -1283.734897 -511.607437
17.100000 1.961793 15.181886 -1293.938320 -540.609973
17.150000 1.995446 16.138715 -1249.821855 -483.570409
17.200000 2.070057 16.808484 -1213.810775 -418.909011
17.250000 1.969437 16.500310 -1226.319519 -470.055881
17.300000 1.989079 15.522215 -1277.480288 -513.674086
17.350000 1.994812 15.213811 -1291.840349 -525.832707
17.400000 2.019764 14.495661 -1326.881967 -551.292555
17.450000 2.000461 15.588565 -1267.951813 -499.774861
17.500000 2.001393 14.962315 -1298.267667 -529.732738
17.550000 1.995865 14.966266 -1299.496528 -533.084381
17.600000 2.011166 13.911145 -1357.354622 -585.066921
17.650000 2.003856 13.820827 -1365.302551 -595.822002
17.700000 1.990941 15.141423 -1296.177055 -531.655702
17.750000 1.998584 15.004516 -1304.196842 -536.740552
17.800000 1.988909 14.490493 -1328.582518 -564.841532
17.850000 2.033236 13.665573 -1373.041605 -592.278831
17.900000 2.006365 13.686226 -1374.998221 -604.553966
17.950000 1.995172 14.299533 -1343.375821 -577.229584
18.000000 1.984803 14.361983 -1339.772017 -577.607603
18.050000 1.973363 15.539694 -1276.942326 -519.170915
18.100000 2.018469 14.486034 -1330.735805 -555.643547
18.150000 1.993190 14.072862 -1344.088976 -578.703854
18.200000 1.974046 15.449904 -1274.927869 -516.894250
18.250000 2.001594 15.568685 -1271.460086 -502.847907
18.300000 2.009401 15.049458 -1303.788615 -532.178793
18.350000 1.994704 14.533722 -1330.144489 -564.178263
18.400000 2.017077 14.713518 -1324.988558 -550.431177
18.450000 2.021736 15.604479 -1274.229427 -497.882718
18.500000 1.992096 15.043652 -1303.783411 -538.818533
18.550000 1.993643 15.726644 -1274.009613 -508.450715
18.600000 2.026283 15.210421 -1303.710311 -525.617676
18.650000 1.981637 14.778687 -1319.098953 -558.150264
18.700000 1.994164 15.922998 -1260.724454 -494.965651
18.750000 2.059811 16.002854 -1256.235251 -465.267731
18.800000 1.996088 14.504286 -1330.813096 -564.315251
18.850000 1.983278 15.583151 -1271.891461 -510.312795
18.900000 1.988217 15.726503 -1265.072846 -501.597471
18.950000 1.988816 15.095743 -1299.217318 -535.512143
19.000000 1.994436 14.784239 -1319.618880 -553.755299
19.050000 2.013840 15.580781 -1274.533409 -501.218813
19.100000 2.016753 14.915458 -1308.327037 -533.893738
19.150000 2.016178 14.853973 -1312.240106 -538.027838
19.200000 1.995010 14.423596 -1333.376038 -567.292092
19.250000 1.975678 15.759824 -1264.819554 -506.159065
19.300000 2.028645 15.412009 -1288.525487 -509.525785
19.350000 2.002327 15.524015 -1279.874310 -510.980767
19.400000 2.015111 15.412098 -1278.285220 -504.482441
19.450000 2.004507 15.380997 -1279.991951 -510.261337
19.500000 2.013558 15.659902 -1274.447352 -501.241190
19.550000 2.023551 14.279334 -1342.519401 -565.475641
19.600000 2.000518 14.261705 -1340.539433 -572.340525
19.650000 1.966301 14.884095 -1310.172351 -555.112745
19.700000 2.002114 15.307943 -1299.784624 -530.972915
19.750000 2.005257 15.354538 -1288.549197 -518.530699
19.800000 2.051561 15.652049 -1274.843271 -487.043681
19.850000 1.989112 15.951957 -1256.809861 -492.990834
19.900000 2.009652 15.622614 -1280.238044 -508.531507
19.950000 2.014098 14.991486 -1312.752937 -539.339205
20.000000 1.976041 14.478812 -1338.337419 -579.537723
20.050000 1.984895 14.514139 -1333.102301 -570.902462
20.100000 2.013374 14.775305 -1314.149157 -541.013359
20.150000 1.998138 16.113411 -1239.870547 -472.585570
20.200000 1.977764 14.738506 -1320.946805 -561.485522
20.250000 2.016703 15.358489 -1285.722812 -511.308887
20.300000 1.975258 14.859037 -1306.364697 -547.865700
20.350000 1.991348 14.986409 -1306.498601 -541.821088
20.400000 2.022006 14.760864 -1321.461778 -545.011621
20.450000 1.985954 15.681495 -1266.427756 -503.821412
20.500000 2.004295 14.025191 -1353.654188 -584.004764
20.550000 2.015148 14.487110 -1332.271780 -558.455039
20.600000 1.983257 14.671601 -1319.232373 -557.661799
20.650000 2.024188 14.644280 -1323.827376 -546.539159
20.700000 1.985927 15.199155 -1287.597368 -525.001587
20.750000 2.015721 16.174483 -1239.198551 -465.161518
20.800000 1.995338 15.250321 -1291.992472 -525.782534
20.850000 1.986716 15.661457 -1275.512873 -512.613865
20.900000 1.999093 16.557084 -1224.060017 -456.408370
20.950000 2.019598 15.557248 -1278.455966 -502.930274
21.000000 1.980732 15.847142 -1259.943523 -499.342469
21.050000 2.042478 14.959475 -1313.090104 -528.778451
21.100000 1.999115 15.480051 -1280.624808 -512.964833
21.150000 1.993522 14.938698 -1312.040391 -546.527905
21.200000 2.015086 15.685567 -1271.487786 -497.694948
21.250000 1.995729 15.052077 -1297.712576 -531.352631
21.300000 2.038664 14.910458 -1304.794947 -521.948002
21.350000 1.995057 14.106288 -1347.333497 -581.231706
21.400000 2.021754 14.540949 -1330.026607 -553.673113
21.450000 1.982376 15.144714 -1292.501413 -531.268995
21.500000 2.006255 15.202546 -1294.994809 -524.593054
21.550000 1.985551 15.713136 -1271.589740 -509.138330
21.600000 2.019765 16.132994 -1246.842048 -471.252276
21.650000 1.990059 16.255042 -1238.113708 -473.931181
21.700000 2.029823 16.039734 -1253.940373 -474.488474
21.750000 1.977323 15.628705 -1272.177099 -512.885248
21.800000 1.983297 14.775820 -1314.183832 -552.597918
21.850000 2.011792 14.716914 -1314.665708 -542.137394
21.900000 1.978639 15.696106 -1269.390879 -509.593507
21.950000 1.987698 15.322292 -1278.543624 -515.267590
22.000000 1.994125 14.784598 -1307.993789 -542.249760
22.050000 1.978288 15.768618 -1256.553378 -496.890852
22.100000 2.002448 14.535006 -1327.643552 -558.703656
22.150000 2.005734 15.047101 -1301.322274 -531.120369
22.200000 1.989113 15.233328 -1293.793132 -529.973588
22.250000 1.975770 15.484887 -1278.107228 -519.411636
22.300000 1.959235 15.996200 -1246.360994 -494.014758
22.350000 2.015385 16.547691 -1224.660099 -450.752199
22.400000 1.999431 15.045533 -1312.398362 -544.616747
22.450000 2.026900 15.570523 -1280.054517 -501.724760
22.500000 1.986643 9.468195 -1264.688405 -501.817585
22.550000 2.005629 9.618015 -1268.338709 -498.177115
22.600000 1.973880 10.129002 -1241.025966 -483.055894
22.650000 1.998447 9.739397 -1269.288044 -501.884218
22.700000 2.027076 9.543387 -1275.411358 -497.014142
22.750000 1.983503 10.349746 -1220.567371 -458.902296
22.800000 2.030502 9.834001 -1255.827831 -476.114879
22.850000 1.996298 9.026205 -1298.693798 -532.115548
22.900000 2.035359 9.767906 -1253.479443 -471.901749
22.950000 2.014048 9.503275 -1271.566896 -498.172323
23.000000 1.991043 9.281872 -1284.633050 -520.072375
23.050000 1.986435 9.780190 -1253.251622 -490.460482
23.100000 2.018339 9.749067 -1263.320120 -488.277795
23.150000 2.025500 10.176835 -1235.919068 -458.126989
23.200000 2.040863 9.364050 -1275.927556 -492.236034
23.250000 1.986082 7.981544 -1350.383086 -587.727574
23.300000 1.986804 9.339229 -1276.197353 -513.264687
23.350000 2.004853 10.458859 -1203.335455 -433.471717
23.400000 2.001253 8.489612 -1322.769692 -554.288499
23.450000 1.995212 8.734616 -1316.005144 -549.843625
23.500000 1.977704 9.403845 -1276.545227 -517.106987
23.550000 2.014460 9.102141 -1292.122968 -518.570305
23.600000 2.008065 9.124889 -1287.646501 -516.549487
23.650000 1.999158 9.157634 -1282.648459 -514.971928
23.700000 1.994868 8.937379 -1295.505563 -529.476152
23.750000 1.995136 9.132712 -1286.142583 -520.010505
23.800000 2.009965 9.042762 -1294.645716 -522.819237
23.850000 1.980461 9.375214 -1269.930614 -509.433418
23.900000 2.008524 7.842054 -1360.529001 -589.255633
23.950000 1.994283 7.990958 -1346.750417 -580.945558
24.000000 1.996158 9.286091 -1281.471269 -514.946475
24.050000 1.978287 9.168729 -1285.943967 -526.281821
24.100000 1.980747 9.011012 -1291.730275 -531.123318
24.150000 2.000378 9.477370 -1263.978279 -495.833118
24.200000 2.010950 8.080503 -1348.326799 -576.121955
24.250000 2.010320 8.632242 -1316.852285 -544.889471
24.300000 1.976654 8.809501 -1308.040661 -549.005464
24.350000 1.997278 9.258574 -1285.663736 -518.709144
24.400000 1.990803 10.421190 -1218.510127 -454.041664
24.450000 1.994130 10.225459 -1226.573393 -460.827414
24.500000 2.022224 10.011160 -1238.402403 -461.868417
24.550000 1.969978 8.834439 -1306.099544 -549.627970
24.600000 1.988200 9.854739 -1254.891598 -491.422811
24.650000 2.022202 9.718367 -1260.208025 -483.682306
24.700000 2.012375 9.657310 -1259.690635 -486.938713
24.750000 1.992762 9.361257 -1279.767863 -514.547401
24.800000 1.997950 10.125690 -1229.273089 -462.060119
24.850000 2.007502 9.375970 -1281.785025 -510.904144
24.900000 2.006743 9.646331 -1262.171467 -491.582279
24.950000 2.002666 8.559421 -1314.994610 -545.970991
25.000000 2.009010 9.190495 -1274.947415 -503.487438
25.050000 1.981769 9.175928 -1285.169068 -524.169806
25.100000 2.003903 10.219910 -1231.530429 -462.031784
25.150000 2.013492 9.883817 -1247.088151 -473.907070
25.200000 2.010447 8.352965 -1333.430141 -561.418500
25.250000 1.967395 9.832984 -1241.880803 -486.401041
25.300000 1.999507 8.950890 -1295.137093 -527.326281
25.350000 2.006860 9.057881 -1290.912637 -520.278236
25.400000 1.971489 9.593982 -1253.994586 -496.942658
25.450000 1.978440 9.413829 -1264.753556 -505.032547
25.500000 2.022366 8.849710 -1301.880417 -525.291894
25.550000 1.960252 9.349501 -1270.214252 -517.477463
25.600000 2.020337 8.548503 -1324.814357 -549.005067
25.650000 1.981690 8.681130 -1318.605639 -557.636764
25.700000 2.027190 8.351838 -1332.496707 -554.055871
25.750000 1.980087 9.104046 -1282.437795 -522.084550
25.800000 2.007789 8.570759 -1320.978419 -549.987506
25.850000 1.999951 8.722263 -1313.708820 -545.727625
25.900000 1.993699 8.692242 -1317.711838 -552.131492
25.950000 2.017893 9.198967 -1288.393102 -513.522151
26.000000 1.990564 9.523091 -1269.753890 -505.377418
26.050000 2.024085 9.066191 -1299.113397 -521.864898
26.100000 1.998804 9.274433 -1284.096000 -516.555223
26.150000 2.007938 8.476524 -1330.334501 -559.286167
26.200000 1.999994 8.404251 -1335.050413 -567.052644
26.250000 2.006709 9.277474 -1282.293655 -511.717290
26.300000 1.999751 8.990024 -1296.184299 -528.279760
26.350000 1.982101 9.757698 -1256.084890 -494.958081
26.400000 1.999833 10.232245 -1227.830999 -459.894962
26.450000 2.008858 9.122882 -1285.840659 -514.439320
26.500000 1.982361 9.410750 -1275.178124 -513.951652
26.550000 1.977976 9.296198 -1287.684424 -528.141597
26.600000 2.008702 9.238179 -1288.669718 -517.328316
26.650000 2.015758 9.291016 -1279.503206 -505.452305
26.700000 1.979780 9.199391 -1278.365745 -518.130049
26.750000 1.994695 8.867200 -1302.036229 -536.073165
26.800000 1.997742 9.283777 -1284.605657 -517.472758
26.850000 1.978545 9.892524 -1251.031459 -491.270056
26.900000 2.003119 9.797617 -1256.228438 -487.030897
26.950000 1.990335 9.445769 -1270.523811 -506.235192
27.000000 2.010635 9.918689 -1243.218927 -471.135108
27.050000 1.993290 9.504792 -1273.696606 -508.273057
27.100000 2.018815 10.135217 -1235.389511 -460.164465
27.150000 1.994593 9.187020 -1286.633632 -520.709935
27.200000 2.003551 8.620662 -1317.211763 -547.848220
27.250000 1.988950 8.928764 -1283.729895 -519.973199
27.300000 1.985437 7.903050 -1353.278208 -590.870381
27.350000 1.967567 9.306401 -1284.293416 -528.747833
27.400000 2.007359 10.025071 -1247.304568 -476.478571
27.450000 2.002264 9.004944 -1302.178408 -533.308884
27.500000 2.008489 8.342102 -1333.562224 -562.302364
27.550000 2.009799 8.496139 -1319.786379 -548.023471
27.600000 1.983996 9.202511 -1279.204219 -517.349741
27.650000 2.015790 9.290271 -1276.193883 -502.130609
27.700000 1.995244 8.680937 -1313.184849 -547.011289
27.750000 1.982458 9.132823 -1291.724457 -530.460550
27.800000 2.000698 9.582778 -1267.476112 -499.208258
27.850000 2.000487 8.660467 -1321.268116 -553.081024
27.900000 2.006055 8.930994 -1300.949652 -530.624561
27.950000 2.025203 9.028326 -1290.420924 -512.742898
28.000000 1.993755 8.059668 -1347.358282 -581.756343
28.050000 2.001009 9.782281 -1251.553995 -483.166658
28.100000 1.991583 10.222354 -1223.033179 -458.265277
28.150000 2.010461 8.503925 -1317.917040 -545.900014
28.200000 1.992896 7.942867 -1348.538744 -583.266556
28.250000 1.973972 8.913818 -1294.536281 -536.531154
28.300000 2.016388 8.535434 -1318.865940 -544.572961
28.350000 1.975143 9.029442 -1283.706340 -525.251603
28.400000 2.020386 9.092303 -1285.171784 -509.343739
28.450000 1.999764 9.026341 -1284.799420 -516.890191
28.500000 1.976031 8.544154 -1315.392583 -556.596587
28.550000 2.008216 9.468117 -1276.047811 -504.892971
28.600000 2.020287 9.301821 -1285.178837 -509.388658
28.650000 2.011173 9.598561 -1260.825273 -488.535002
28.700000 1.994514 10.166508 -1229.555985 -463.662479
28.750000 2.018020 9.480952 -1271.122269 -496.202665
28.800000 1.993956 9.162610 -1279.807763 -514.128828
28.850000 2.013586 8.526482 -1312.621002 -539.403799
28.900000 1.973348 9.964660 -1235.764787 -477.999094
28.950000 2.023168 9.087137 -1295.348081 -518.451417
29.000000 2.012599 8.104475 -1343.905820 -571.067950
29.050000 1.968260 9.463960 -1260.327608 -504.515584
29.100000 1.994556 8.650841 -1313.390694 -547.481257
29.150000 2.018988 9.269050 -1271.348062 -496.056609
29.200000 1.999332 8.980331 -1290.329741 -522.586114
29.250000 2.003082 9.421116 -1275.361441 -506.178102
29.300000 2.004819 9.871286 -1252.372856 -482.522328
29.350000 2.023586 9.777759 -1252.842837 -475.785919
29.400000 1.994973 8.604480 -1317.421795 -551.352058
29.450000 1.993267 8.272229 -1329.881010 -564.466555
29.500000 1.992132 8.341311 -1323.801885 -558.823007
29.550000 1.979907 9.063720 -1286.395843 -526.111603
29.600000 2.002975 8.928822 -1300.251396 -531.108999
29.650000 1.970950 9.517731 -1264.046794 -507.201865
29.700000 2.023884 9.251306 -1282.460384 -505.289109
29.750000 1.973378 9.553210 -1258.369716 -500.592540
29.800000 1.957979 9.749921 -1246.880412 -495.016338
29.850000 2.007214 9.419744 -1268.589866 -497.819762
29.900000 2.019183 9.016489 -1289.219701 -513.853611
29.950000 2.011124 8.576234 -1316.017612 -543.745821
30.000000 2.009177 5.412468 -1205.674060 -434.150141
30.050000 2.012119 4.488460 -1256.260688 -483.606823
30.100000 1.981697 4.998840 -1223.114835 -462.143146
30.150000 2.011328 4.928350 -1235.092322 -462.742190
30.200000 1.996018 5.108662 -1228.999793 -462.528750
30.250000 2.002961 5.331389 -1222.953981 -453.816854
30.300000 2.002030 5.137175 -1235.808627 -467.029196
30.350000 1.998580 5.112242 -1231.864215 -464.409652
30.400000 2.028143 5.263777 -1219.306811 -440.499810
30.450000 1.989080 5.314868 -1206.742549 -442.935958
30.500000 1.992389 4.450959 -1264.601433 -499.524138
30.550000 1.999580 4.885337 -1240.017348 -472.178813
30.600000 2.004058 5.071958 -1237.972343 -468.414239
30.650000 1.986402 5.342798 -1216.521748 -453.743512
30.700000 2.005993 5.058174 -1229.032114 -458.730743
30.750000 2.001325 4.706663 -1257.457930 -488.949255
30.800000 1.978658 5.806071 -1196.574296 -436.769577
30.850000 1.984583 6.165922 -1178.610485 -416.530607
30.900000 2.007157 5.094971 -1237.740799 -466.992583
30.950000 1.992476 5.312922 -1217.719545 -452.608711
31.000000 2.003204 5.325843 -1220.681910 -451.451670
31.050000 1.996911 5.657708 -1206.558445 -439.744510
31.100000 2.027898 5.524625 -1214.757065 -436.044243
31.150000 1.997402 5.447413 -1215.533331 -448.531069
31.200000 1.984236 6.176875 -1175.142849 -413.196179
31.250000 2.008902 5.599076 -1216.040273 -444.621925
31.300000 2.008076 6.043231 -1181.291480 -410.190430
31.350000 2.016254 5.719082 -1194.206458 -419.964829
31.400000 1.988097 4.967341 -1232.164367 -468.735205
31.450000 1.993027 4.612457 -1255.875184 -490.552696
31.500000 2.004985 5.829720 -1182.732606 -412.818460
31.550000 1.976439 6.094772 -1177.177083 -418.224534
31.600000 2.006441 6.532834 -1153.696615 -383.223209
31.650000 2.027308 5.271429 -1228.642089 -450.155757
31.700000 1.974679 5.130929 -1231.601455 -473.324655
31.750000 2.003938 5.201212 -1220.366287 -450.854113
31.800000 1.989188 5.087081 -1227.041533 -463.193450
31.850000 2.018184 4.992732 -1236.309823 -461.327221
31.900000 1.996621 5.192121 -1224.426232 -457.723949
31.950000 2.027740 4.363310 -1274.555043 -495.902874
32.000000 1.978933 4.257060 -1275.072445 -515.162081
32.050000 1.989924 5.171791 -1220.854634 -456.723755
32.100000 1.999470 5.525922 -1205.669904 -437.873257
32.150000 2.019322 4.866092 -1245.875264 -470.455626
32.200000 1.996369 5.137615 -1219.444220 -452.838387
32.250000 2.009695 4.195268 -1277.813807 -506.090816
32.300000 1.986964 5.231735 -1213.064936 -450.070672
32.350000 1.997079 5.470056 -1203.404642 -436.526169
32.400000 1.987580 6.589956 -1138.196608 -374.965784
32.450000 2.002256 6.693925 -1135.925630 -367.059243
32.500000 2.016479 5.609403 -1201.552315 -427.224413
32.550000 2.001219 5.645848 -1200.483940 -432.016020
32.600000 1.991530 5.481381 -1208.826345 -444.078863
32.650000 2.020590 5.450714 -1211.082435 -435.175707
32.700000 2.020354 4.832471 -1250.201696 -474.385730
32.750000 1.990741 4.419719 -1276.434185 -511.989542
32.800000 1.982300 4.906274 -1248.566725 -487.363678
32.850000 1.988843 5.326326 -1220.184130 -456.468244
32.900000 2.005107 4.801737 -1248.467555 -478.506567
32.950000 2.002768 5.498026 -1198.730396 -429.667528
33.000000 1.981241 5.037401 -1235.695358 -474.898952
33.050000 2.000180 5.425283 -1209.411037 -441.341924
33.100000 1.969358 5.674411 -1192.867559 -436.634122
33.150000 2.049272 5.713766 -1184.079362 -397.158984
33.200000 2.002488 5.230643 -1204.819007 -435.863804
33.250000 1.993034 4.667859 -1246.305183 -480.980249
33.300000 1.987231 5.590241 -1197.408433 -434.311671
33.350000 2.001120 5.945555 -1192.195414 -423.765234
33.400000 2.003868 6.046328 -1176.033568 -406.548065
33.450000 2.014773 5.086308 -1225.842669 -452.169997
33.500000 1.967303 5.578811 -1191.498358 -436.053861
33.550000 2.011576 4.848164 -1243.291442 -470.846202
33.600000 1.982205 5.527282 -1197.332822 -436.165997
33.650000 2.006014 5.705993 -1191.814620 -421.505370
33.700000 2.020310 5.484286 -1202.824626 -427.025530
33.750000 1.979402 5.029299 -1230.416798 -470.326406
33.800000 2.015929 5.588906 -1199.706798 -425.590153
33.850000 2.014964 5.202424 -1229.536733 -455.790428
33.900000 1.987221 5.219068 -1227.294298 -464.201508
33.950000 1.976428 5.937950 -1189.092259 -430.143976
34.000000 2.012816 6.043014 -1187.655051 -414.733824
34.050000 2.006686 6.063475 -1180.712784 -410.145311
34.100000 1.999718 5.716483 -1203.087421 -435.195744
34.150000 1.992684 5.519787 -1211.809426 -446.618701
34.200000 1.997626 5.767078 -1198.524845 -431.436378
34.250000 2.015835 6.507836 -1147.027474 -372.946681
34.300000 2.019307 5.421894 -1209.479991 -434.066010
34.350000 2.008774 4.628424 -1248.856795 -477.487559
34.400000 2.002617 4.091877 -1276.376342 -507.371474
34.450000 1.996706 5.096642 -1217.260034 -450.524820
34.500000 1.996996 5.457883 -1203.935417 -437.088921
34.550000 1.998907 5.282261 -1216.480360 -448.900168
34.600000 2.000036 5.185138 -1223.708279 -455.694608
34.650000 1.982930 5.202924 -1223.066136 -461.621112
34.700000 2.018443 5.214708 -1223.193172 -448.110959
34.750000 1.999053 5.701341 -1190.367951 -422.731764
34.800000 2.003950 6.345732 -1154.789802 -385.272859
34.850000 2.008774 5.718873 -1191.720165 -420.350964
34.900000 1.971686 5.552549 -1203.299933 -446.172549
34.950000 1.993634 6.014420 -1184.005787 -418.450500
35.000000 2.003552 6.065224 -1182.000076 -412.636055
35.050000 1.986537 5.417138 -1209.745666 -446.915515
35.100000 1.996352 5.448112 -1201.271903 -434.672882
35.150000 2.005814 5.444783 -1209.826251 -439.593634
35.200000 2.010109 5.652327 -1199.023180 -427.141245
35.250000 1.986984 6.011820 -1175.015813 -412.014086
35.300000 2.021566 5.718062 -1191.788054 -415.506797
35.350000 1.998284 5.464279 -1202.599126 -435.257893
35.400000 2.005784 5.923959 -1170.239509 -400.018505
35.450000 1.970717 5.947111 -1169.970348 -413.215076
35.500000 2.024923 5.061087 -1229.133676 -451.563095
35.550000 2.003387 4.774698 -1239.669103 -470.368364
35.600000 1.989573 4.981393 -1230.216900 -466.221043
35.650000 2.006687 5.171391 -1225.048650 -454.480876
35.700000 2.003218 5.100724 -1233.073977 -463.838335
35.750000 2.002239 4.757712 -1253.028305 -484.168450
35.800000 1.997283 5.334122 -1218.245832 -451.289131
35.850000 1.992088 5.224451 -1227.425555 -462.463787
35.900000 1.991199 5.742711 -1190.483624 -425.863039
35.950000 2.022049 5.482687 -1206.893714 -430.426823
36.000000 2.028068 5.906267 -1181.618028 -402.839994
36.050000 1.993839 4.909920 -1243.416585 -477.782477
36.100000 1.995014 5.405702 -1208.529377 -442.444088
36.150000 1.997453 5.010685 -1236.456420 -469.434319
36.200000 1.992644 6.319288 -1155.041462 -389.866246
36.250000 2.001602 4.985190 -1241.269708 -472.654520
36.300000 2.008901 5.396386 -1208.973891 -437.555925
36.350000 2.002758 5.165620 -1223.150511 -454.091515
36.400000 1.998472 5.264700 -1221.589320 -454.175881
36.450000 1.987286 5.395658 -1217.924569 -454.806884
36.500000 2.006535 6.163093 -1166.693463 -396.183908
36.550000 2.023210 4.795712 -1249.906522 -472.993818
36.600000 1.998774 5.109473 -1224.743642 -457.214324
36.650000 1.982313 4.686639 -1246.824993 -485.616735
36.700000 2.015255 4.563356 -1255.440099 -481.582244
36.750000 1.988965 5.457776 -1200.134045 -436.371360
36.800000 1.976046 5.496123 -1200.688101 -441.886498
36.850000 1.985805 5.837245 -1186.915757 -424.366641
36.900000 2.028949 5.284942 -1225.461124 -446.344883
36.950000 1.978577 4.770358 -1257.667455 -497.893864
37.000000 1.994981 6.122598 -1171.244184 -405.171405
37.050000 1.989567 5.966600 -1177.872331 -413.878493
37.100000 2.003830 5.691001 -1199.725011 -430.254135
37.150000 2.017202 6.307068 -1161.265233 -386.659730
37.200000 2.009277 5.847187 -1186.055807 -414.493400
37.250000 1.987494 5.109702 -1231.169093 -467.971471
37.300000 2.009167 5.231966 -1227.156910 -455.636612
37.350000 2.024560 5.431584 -1214.748141 -437.317207
37.400000 2.009499 5.064680 -1235.521714 -463.874109
37.450000 1.992551 4.750444 -1255.573665 -490.434263
37.500000 2.007111 2.529504 -1136.534554 -365.803976
37.550000 1.992206 2.360891 -1156.923384 -391.916155
37.600000 2.000975 3.282241 -1087.252378 -318.878017
37.650000 2.005646 2.559814 -1134.696164 -364.528119
37.700000 1.994175 2.637988 -1122.514626 -356.751570
37.750000 1.997108 2.718466 -1116.373812 -349.484393
37.800000 1.991522 3.565005 -1057.988566 -293.244261
37.850000 2.006427 3.199121 -1081.298028 -310.830188
37.900000 1.988180 2.674446 -1118.679282 -355.218247
37.950000 2.013787 2.770357 -1118.290763 -344.996522
38.000000 1.989571 3.307079 -1074.521219 -310.526111
38.050000 2.000359 2.881973 -1102.490728 -334.352759
38.100000 2.016193 2.266077 -1149.032231 -374.814088
38.150000 1.968336 2.538585 -1133.457803 -377.616596
38.200000 2.025471 2.714879 -1125.732659 -347.951932
38.250000 1.992900 2.916509 -1111.188478 -345.914820
38.300000 1.989898 3.664390 -1063.007036 -298.886301
38.350000 1.987395 3.947535 -1043.361052 -280.201312
38.400000 1.999935 3.239054 -1091.305843 -323.330945
38.450000 2.016702 3.069228 -1103.210999 -328.797347
38.500000 2.008215 3.166741 -1102.789314 -331.634787
38.550000 1.983475 3.381917 -1089.534469 -327.880139
38.600000 1.979391 3.236960 -1096.524671 -336.438681
38.650000 2.002501 3.054841 -1107.637771 -338.677510
38.700000 2.006948 2.828592 -1119.856185 -349.188023
38.750000 1.979042 3.245246 -1083.219001 -323.266971
38.800000 1.991210 2.830780 -1124.021981 -359.397269
38.850000 1.983601 4.053761 -1040.969512 -279.266874
38.900000 2.012801 3.597539 -1077.041984 -304.126255
38.950000 1.993489 3.118558 -1109.724572 -344.224973
39.000000 2.027018 3.917452 -1046.242871 -267.867801
39.050000 2.005056 3.396852 -1077.811398 -307.869924
39.100000 2.016734 2.536776 -1137.603361 -363.177667
39.150000 1.995061 2.538502 -1127.781033 -361.677786
39.200000 1.987359 2.775562 -1109.772571 -346.626767
39.250000 1.998829 2.719119 -1115.953005 -348.402778
39.300000 2.014893 3.109805 -1085.289568 -311.570589
39.350000 2.015340 2.693967 -1116.432872 -342.542222
39.400000 2.009345 2.523441 -1132.288186 -360.699671
39.450000 1.984196 2.460211 -1136.754124 -374.822718
39.500000 1.997865 2.917664 -1105.457918 -338.277695
39.550000 1.999643 3.106085 -1089.286627 -321.423821
39.600000 1.996697 2.516070 -1132.379211 -365.647750
39.650000 2.009283 2.492323 -1130.012348 -358.447563
39.700000 1.985583 2.687584 -1114.235458 -351.771625
39.750000 2.009622 3.195122 -1086.702017 -315.007115
39.800000 2.006348 2.761369 -1117.746820 -347.309294
39.850000 1.998172 2.779631 -1106.475829 -339.177668
39.900000 1.994299 2.649580 -1117.170103 -351.359369
39.950000 1.996497 3.051997 -1092.182646 -325.527761
40.000000 1.986303 2.947066 -1100.280096 -337.539672
40.050000 2.008474 3.361753 -1074.107483 -302.853424
40.100000 1.985331 2.975547 -1108.280872 -345.913918
40.150000 2.014942 3.012632 -1100.654282 -326.916559
40.200000 1.990266 2.936088 -1097.226093 -332.964137
40.250000 2.003753 3.012964 -1091.671688 -322.230502
40.300000 2.016773 2.703534 -1117.646086 -343.205258
40.350000 1.985756 3.097180 -1091.607230 -329.076986
40.400000 2.003533 3.101442 -1097.318344 -327.961562
40.450000 1.999897 3.364927 -1084.409953 -316.449395
40.500000 2.019575 3.345772 -1089.775770 -314.259118
40.550000 2.015954 3.088279 -1103.307471 -329.181238
40.600000 2.002457 2.554062 -1146.645317 -377.701666
40.650000 1.994905 3.352562 -1090.631414 -324.587939
40.700000 2.005250 2.725283 -1135.236424 -365.220241
40.750000 2.007785 3.349365 -1088.705027 -317.715423
40.800000 1.998248 2.913631 -1120.437924 -353.110724
40.850000 2.013028 2.614695 -1138.176513 -365.173863
40.900000 1.999259 2.438605 -1147.578278 -379.862896
40.950000 1.985169 2.589637 -1132.653845 -370.348838
41.000000 2.001719 2.941172 -1104.127384 -335.467386
41.050000 2.012027 2.686140 -1119.504487 -346.885986
41.100000 1.988412 3.244820 -1080.972514 -317.422155
41.150000 1.986760 3.494674 -1066.101543 -303.185694
41.200000 2.006347 3.066890 -1102.267640 -331.830339
41.250000 1.993484 2.899970 -1114.374444 -348.876763
41.300000 1.972264 3.332694 -1086.608578 -329.259332
41.350000 2.001534 3.744502 -1055.159834 -286.570864
41.400000 2.013364 2.985659 -1105.711066 -332.579276
41.450000 1.974865 3.431297 -1076.810888 -318.462735
41.500000 1.997880 3.485665 -1079.382039 -312.196023
41.550000 2.007477 3.736397 -1057.328048 -286.456788
41.600000 1.993381 3.336949 -1082.048776 -316.590347
41.650000 2.019812 3.006691 -1107.608891 -332.001075
41.700000 2.002382 2.978206 -1106.918830 -338.004097
41.750000 1.991049 2.623474 -1133.306733 -368.743944
41.800000 2.015338 2.718426 -1128.947077 -355.057365
41.850000 1.987332 2.408104 -1156.365983 -393.230481
41.900000 2.000830 3.181978 -1109.049634 -340.730935
41.950000 2.021904 3.508805 -1089.832401 -313.421275
42.000000 1.983806 3.398209 -1086.213741 -324.432359
42.050000 2.014399 3.510803 -1069.512066 -295.982788
42.100000 2.010230 2.439545 -1143.191694 -371.263446
42.150000 1.982951 2.834158 -1116.276693 -354.823584
42.200000 1.995654 2.856167 -1115.162089 -348.830785
42.250000 2.014208 2.552053 -1129.674952 -356.219074
42.300000 1.986746 2.453036 -1131.050472 -368.139888
42.350000 2.008608 2.677344 -1117.635036 -346.329507
42.400000 1.995869 2.420934 -1132.665356 -366.251791
42.450000 1.996281 2.581285 -1119.659999 -353.088209
42.500000 2.002038 2.581220 -1118.348846 -349.566408
42.550000 2.003219 2.537140 -1130.143408 -360.907491
42.600000 2.004570 2.748595 -1118.217130 -348.462289
42.650000 1.994650 2.961993 -1103.133941 -337.188168
42.700000 1.998871 2.672200 -1125.071581 -357.505209
42.750000 2.008348 3.043542 -1099.628375 -328.422780
42.800000 2.003096 2.986242 -1100.748598 -331.559559
42.850000 1.999751 2.730499 -1118.937515 -351.032981
42.900000 2.016402 2.941796 -1103.196887 -328.898626
42.950000 1.979507 3.583645 -1059.081755 -298.950969
43.000000 2.010657 3.162464 -1095.677500 -323.585264
43.050000 2.017941 3.339585 -1070.793311 -295.903918
43.100000 2.002571 2.376595 -1137.273165 -368.286010
43.150000 1.991578 2.782843 -1105.741087 -340.975308
43.200000 1.999812 2.801313 -1107.590862 -339.662978
43.250000 2.001440 2.781351 -1115.363008 -346.810000
43.300000 1.998109 3.022389 -1100.555550 -333.281675
43.350000 2.004936 2.314318 -1150.721764 -380.826260
43.400000 2.028499 2.850662 -1110.500429 -331.556806
43.450000 1.982592 3.040544 -1100.540881 -339.225392
43.500000 1.994378 3.175524 -1095.969162 -330.127965
43.550000 1.982457 3.207112 -1096.901657 -335.638000
43.600000 2.004074 3.183199 -1099.696690 -330.132241
43.650000 1.994170 3.000956 -1114.525029 -348.763607
43.700000 1.994846 3.259568 -1096.521220 -330.500197
43.750000 2.011165 3.215025 -1090.806442 -318.519168
43.800000 2.011100 2.962320 -1105.072114 -332.809743
43.850000 1.994701 2.795336 -1115.302953 -349.337699
43.900000 2.013808 2.664049 -1126.396639 -353.094505
43.950000 1.998334 3.062437 -1102.110758 -334.750455
44.000000 2.001442 3.244548 -1091.348230 -322.794412
44.050000 2.015479 2.657083 -1134.470295 -360.526359
44.100000 1.999063 2.382991 -1152.424341 -384.784292
44.150000 1.994515 2.960530 -1106.009854 -340.115946
44.200000 1.995983 2.286736 -1151.550322 -385.093004
44.250000 1.996484 2.847847 -1110.948142 -344.298139
44.300000 1.988808 3.425652 -1075.720854 -312.018449
44.350000 1.982260 3.354909 -1088.514428 -327.326603
44.400000 2.002063 3.528500 -1068.942720 -300.150452
44.450000 2.003429 3.189102 -1090.098392 -320.781749
44.500000 2.001646 3.548458 -1059.409578 -290.777544
44.550000 2.002605 3.193652 -1080.954019 -311.953583
44.600000 2.027445 2.866817 -1104.822285 -326.283318
44.650000 2.011402 2.851668 -1107.249699 -334.871423
44.700000 1.984866 3.151825 -1093.153693 -330.965275
44.750000 2.019622 3.366465 -1080.350903 -304.816058
44.800000 2.011271 2.925366 -1110.522358 -338.194112
44.850000 1.993589 2.974681 -1111.830757 -346.292688
44.900000 2.002510 3.083675 -1105.784730 -336.820730
44.950000 1.999839 3.226447 -1097.228177 -329.289978
45.000000 1.990080 1.974422 -944.791467 -180.600842
45.050000 2.018912 1.491762 -982.133986 -206.871951
45.100000 1.992317 1.757963 -957.026372 -191.976485
45.150000 2.001325 1.592883 -975.298627 -206.789780
45.200000 1.993807 1.603005 -976.697885 -211.076068
45.250000 2.012373 1.671190 -973.082024 -200.330655
45.300000 1.996424 1.555716 -978.092979 -211.466257
45.350000 1.985088 1.443388 -988.006318 -225.732507
45.400000 1.993767 1.774562 -960.571286 -194.964581
45.450000 2.000783 1.425741 -983.251263 -214.950729
45.500000 1.978836 1.665091 -953.148898 -193.275992
45.550000 2.007920 1.403142 -976.413966 -205.372854
45.600000 1.998775 1.477090 -967.501123 -199.971688
45.650000 1.995139 1.695136 -953.271672 -187.138132
45.700000 1.997174 1.570862 -968.046365 -201.131425
45.750000 2.011506 1.200494 -997.210786 -224.792529
45.800000 1.986290 1.521963 -970.791984 -208.056456
45.850000 1.986909 2.115878 -926.065407 -163.092306
45.900000 2.022513 1.913099 -943.487920 -166.842982
45.950000 2.000778 1.894726 -946.179287 -177.880721
46.000000 2.001994 2.012756 -946.151632 -177.385831
46.050000 2.009043 2.216172 -933.761268 -162.288683
46.100000 1.991143 2.356163 -927.596340 -162.997340
46.150000 1.996151 1.895866 -966.230185 -199.708321
46.200000 2.018464 1.919446 -952.895758 -177.805698
46.250000 1.997921 1.627899 -962.465833 -195.264036
46.300000 1.991136 1.378226 -981.026807 -216.430475
46.350000 2.013770 1.616761 -967.023062 -193.735280
46.400000 1.990578 1.826927 -951.780168 -187.398215
46.450000 1.998563 1.671053 -966.912647 -199.464606
46.500000 1.995627 2.149374 -925.973223 -159.652620
46.550000 2.022805 1.870471 -949.217737 -172.460704
46.600000 1.992967 1.457808 -980.301570 -215.002097
46.650000 1.999281 1.859272 -948.586430 -180.862541
46.700000 2.018766 1.945991 -944.519023 -169.312800
46.750000 2.004386 1.806573 -953.860263 -184.175876
46.800000 2.010702 1.640360 -966.130674 -194.021005
46.850000 1.988371 1.786954 -952.509022 -188.974385
46.900000 2.003888 1.834543 -949.949531 -180.456677
46.950000 2.002257 1.755480 -956.386912 -187.520091
47.000000 1.997891 1.943093 -944.739217 -177.548962
47.050000 2.008812 1.867762 -956.113163 -184.729305
47.100000 2.008444 2.110780 -943.097746 -171.855428
47.150000 1.990833 2.339620 -929.409495 -164.929493
47.200000 1.998046 2.215266 -941.624209 -174.374629
47.250000 1.997436 2.205265 -939.916210 -172.900883
47.300000 1.987021 2.099168 -952.308156 -189.292068
47.350000 1.994738 1.907907 -970.950694 -204.971331
47.400000 1.984603 2.300621 -930.345648 -168.258012
47.450000 2.015177 1.902406 -960.887203 -187.059133
47.500000 1.990355 1.494026 -990.571196 -226.274921
47.550000 2.008297 1.487234 -983.791525 -212.605540
47.600000 1.991250 2.098885 -927.699140 -163.059051
47.650000 1.991506 1.639043 -969.125701 -204.387510
47.700000 2.009914 1.466839 -980.241470 -208.434645
47.750000 2.002556 1.470534 -975.497451 -206.516005
47.800000 2.013760 1.803921 -946.628324 -173.344439
47.850000 2.002636 1.484222 -975.529818 -206.517709
47.900000 1.994697 1.689039 -961.983319 -196.019567
47.950000 2.003010 1.758097 -961.933143 -192.777349
48.000000 1.993355 1.828198 -953.360647 -187.912478
48.050000 2.008429 1.800957 -957.842572 -186.605707
48.100000 2.021368 1.793186 -960.539468 -184.334323
48.150000 1.984751 2.058651 -945.837702 -183.693422
48.200000 2.011739 2.491788 -919.640744 -147.132894
48.250000 1.993558 2.133188 -951.478374 -185.952001
48.300000 2.009573 1.902573 -964.196479 -192.520469
48.350000 2.022704 1.514680 -984.584322 -207.865911
48.400000 1.976342 1.506292 -982.059859 -223.144408
48.450000 2.005142 1.884122 -954.632851 -184.658207
48.500000 1.984312 1.891047 -954.499442 -192.523738
48.550000 2.011181 2.340235 -910.832848 -138.539201
48.600000 1.991194 1.686141 -963.090980 -198.472327
48.650000 2.002143 1.591213 -973.872027 -205.049023
48.700000 2.005956 1.737285 -961.068397 -190.781388
48.750000 1.979624 1.597390 -968.645826 -208.470402
48.800000 2.006293 1.901764 -943.170970 -172.754563
48.850000 1.994404 2.443124 -901.006685 -135.155409
48.900000 2.018583 2.140161 -929.446039 -154.309984
48.950000 2.013464 1.843322 -951.247636 -178.077636
49.000000 1.985540 1.902000 -945.792866 -183.345618
49.050000 2.010900 2.050834 -937.577731 -165.392279
49.100000 2.007415 1.679834 -970.845657 -199.998226
49.150000 2.005651 1.927722 -952.095958 -181.926062
49.200000 2.004101 1.390589 -998.148110 -228.573510
49.250000 1.985188 1.748862 -969.537233 -207.225215
49.300000 1.995990 1.269283 -1010.673408 -244.213293
49.350000 1.996024 2.109642 -940.939183 -174.465782
49.400000 2.007605 1.856058 -962.089685 -191.169504
49.450000 1.984853 1.930027 -946.355054 -184.171651
49.500000 2.007392 1.886272 -954.457491 -183.618811
49.550000 2.004661 2.187175 -932.337737 -162.548015
49.600000 2.004193 2.243136 -925.695694 -156.085460
49.650000 1.999309 1.939251 -948.269465 -180.534979
49.700000 2.008787 1.703544 -968.252828 -196.878607
49.750000 1.970482 2.031157 -939.660502 -182.995545
49.800000 2.015754 1.871538 -958.601353 -184.551756
49.850000 1.985542 2.223313 -918.806759 -156.358498
49.900000 2.003291 1.535357 -970.896794 -201.633179
49.950000 2.004711 1.445341 -972.429125 -202.619985
50.000000 1.994422 1.656619 -957.484618 -191.626659
50.050000 2.010517 1.916756 -938.076709 -166.038030
50.100000 1.992786 1.172098 -996.008232 -230.778589
50.150000 1.985118 1.653661 -955.595809 -193.310581
50.200000 2.006058 1.570883 -970.516894 -200.190545
50.250000 1.995147 1.926036 -941.650844 -175.514248
50.300000 2.015849 1.495929 -978.968907 -204.883036
50.350000 1.982427 1.371346 -987.718470 -226.466473
50.400000 1.994928 1.967174 -943.634726 -177.582409
50.450000 2.020720 1.804393 -954.903609 -178.947287
50.500000 2.003210 1.455253 -977.804430 -208.571875
50.550000 1.986790 1.636700 -969.049564 -206.122388
50.600000 2.025933 1.621302 -976.388503 -198.430396
50.650000 1.978100 1.863605 -952.496397 -192.906016
50.700000 2.006855 1.966091 -949.676512 -179.044075
50.750000 2.002444 1.520216 -984.690019 -215.751623
50.800000 1.999274 1.759911 -958.892153 -191.171039
50.850000 2.005233 1.828709 -951.631322 -181.621773
50.900000 2.014036 1.926000 -944.442172 -171.052510
50.950000 2.017810 1.432788 -988.374879 -213.535859
51.000000 1.985420 1.851287 -957.272243 -194.870993
51.050000 2.012450 1.918393 -957.578813 -184.798101
51.100000 1.992121 1.871829 -952.644872 -187.670334
51.150000 1.992205 1.418099 -985.161332 -220.154587
51.200000 2.008350 1.613149 -960.098958 -188.892553
51.250000 1.986994 1.477914 -966.907584 -203.901880
51.300000 1.998137 1.735561 -948.951320 -181.666590
51.350000 1.992667 1.747586 -952.455053 -187.270860
51.400000 1.984004 1.891200 -950.600645 -188.743242
51.450000 2.000968 2.074175 -944.542921 -176.171309
51.500000 1.994517 2.278334 -931.202792 -165.308120
51.550000 1.991896 2.344010 -925.090249 -160.202184
51.600000 2.011140 1.839440 -960.903028 -188.625436
51.650000 2.010022 2.080005 -935.080699 -163.232345
51.700000 2.008742 1.743885 -958.270572 -186.913464
51.750000 1.990131 1.376232 -991.640589 -227.430438
51.800000 1.992280 2.108163 -929.578617 -164.543151
51.850000 2.013314 1.305731 -996.546129 -223.433692
51.900000 1.987006 1.485257 -975.061839 -212.051482
51.950000 1.991335 1.688245 -959.953555 -195.281022
52.000000 1.995631 1.913482 -949.383707 -183.061537
52.050000 1.985874 2.411904 -911.664469 -149.088714
52.100000 2.010627 2.340006 -917.561168 -145.480541
52.150000 1.995945 1.574571 -971.086076 -204.643271
52.200000 1.988898 1.946681 -935.258924 -171.522093
52.250000 2.003531 1.955335 -934.965050 -165.609295
52.300000 1.998707 1.347349 -987.049295 -219.545622
52.350000 1.994814 1.746044 -959.095930 -193.087476
52.400000 1.999833 1.924454 -947.170550 -179.234788
52.450000 1.986338 1.677369 -965.906448 -203.152587
52.500000 2.015574 1.029648 -817.065237 -43.085008
52.550000 1.998233 1.024935 -818.922927 -51.601343
52.600000 1.999561 1.356182 -791.096450 -23.264835
52.650000 2.014350 1.006160 -813.074559 -39.564029
52.700000 1.985572 0.848469 -818.656942 -56.197467
52.750000 2.004211 1.040691 -800.019902 -30.402949
52.800000 1.990743 1.048249 -801.876226 -37.430822
52.850000 1.994027 1.357147 -770.690043 -4.983657
52.900000 2.001986 0.819807 -827.611424 -58.848609
52.950000 1.993917 1.170472 -792.044778 -26.380490
53.000000 1.997422 1.046144 -806.854692 -39.844722
53.050000 2.008032 0.996999 -817.795845 -46.711471
53.100000 2.003706 1.181099 -798.403914 -28.980849
53.150000 1.999176 0.670995 -844.787532 -77.103831
53.200000 2.014909 0.745573 -835.568393 -61.843521
53.250000 1.967333 1.118383 -805.732145 -50.276309
53.300000 2.002563 1.653601 -757.602552 11.381577
53.350000 2.008914 1.034702 -813.192174 -41.769322
53.400000 1.995925 0.946724 -818.053876 -51.618762
53.450000 2.010444 1.076111 -805.074633 -33.064288
53.500000 1.993713 1.160910 -797.226224 -31.640603
53.550000 2.008714 1.151493 -797.117338 -25.771315
53.600000 1.997018 0.977178 -810.710426 -43.855498
53.650000 2.006900 0.941460 -810.728934 -40.079353
53.700000 2.000082 0.947261 -811.689513 -43.657887
53.750000 1.999246 1.053266 -806.462397 -38.751745
53.800000 1.990812 1.164847 -798.015919 -33.544290
53.850000 2.005056 1.174164 -797.953771 -28.012229
53.900000 2.004322 1.136123 -803.584348 -33.924755
53.950000 1.996251 1.308049 -795.379168 -28.818799
54.000000 1.986007 1.402902 -794.891877 -32.265353
54.050000 2.011842 1.529003 -782.449519 -9.902121
54.100000 2.012198 1.055510 -821.608468 -48.924290
54.150000 2.000264 0.984141 -819.461236 -51.359955
54.200000 1.996391 1.174701 -798.881563 -32.267555
54.250000 1.999802 1.023721 -812.977928 -45.053877
54.300000 1.987372 1.188522 -793.751193 -30.600234
54.350000 2.010891 1.160225 -794.770330 -22.588023
54.400000 2.005319 0.857691 -825.922073 -55.879592
54.450000 2.013467 1.224864 -792.033229 -18.861959
54.500000 1.987439 1.233711 -794.939390 -31.762877
54.550000 1.996750 1.234142 -798.389864 -31.637844
54.600000 2.029391 0.832787 -837.025934 -57.739852
54.650000 1.985589 0.904246 -826.814110 -64.347821
54.700000 2.001074 1.073875 -810.654476 -42.242082
54.750000 2.007668 0.874904 -821.008230 -50.063546
54.800000 2.000828 0.649862 -833.750528 -65.432638
54.850000 1.995914 1.007784 -803.878076 -37.447182
54.900000 2.009580 1.136689 -801.577952 -29.899396
54.950000 1.995154 1.363043 -782.292076 -16.152912
55.000000 2.001607 1.085906 -813.666857 -45.049621
55.050000 1.994859 1.137625 -803.655441 -37.629575
55.100000 2.003821 0.688164 -841.025988 -71.558854
55.150000 1.988697 0.930252 -815.743219 -52.083551
55.200000 2.000572 1.046039 -811.084148 -42.864594
55.250000 1.996662 1.034919 -817.018242 -50.299981
55.300000 2.011213 1.138836 -807.242217 -34.936350
55.350000 2.007780 0.972185 -826.931344 -55.943890
55.400000 1.970527 1.416070 -788.911216 -32.228766
55.450000 1.990319 1.168525 -818.361532 -54.079011
55.500000 1.996408 1.161961 -814.266362 -47.645651
55.550000 1.998206 1.027123 -816.905226 -49.593944
55.600000 1.999802 1.190138 -793.058532 -25.134698
55.650000 2.011466 0.781514 -829.102327 -56.699562
55.700000 1.997984 0.833131 -818.851960 -51.626280
55.750000 1.995452 0.903157 -818.435773 -52.182052
55.800000 1.988286 1.488261 -767.085442 -3.583686
55.850000 1.995235 1.417547 -777.614102 -11.443726
55.900000 2.010258 1.061891 -808.464751 -36.525505
55.950000 2.001619 0.930300 -816.357772 -47.735970
56.000000 1.982663 1.144653 -792.632976 -31.290287
56.050000 2.008405 1.167925 -788.699609 -17.472197
56.100000 1.987188 0.972940 -802.379284 -39.298974
56.150000 2.004035 1.000289 -799.958510 -30.409184
56.200000 2.002891 0.909176 -809.468203 -40.357915
56.250000 2.016135 0.805653 -823.604809 -49.409155
56.300000 1.991424 0.859095 -823.224836 -58.517863
56.350000 1.997327 1.044117 -809.263385 -42.289895
56.400000 1.999842 1.081320 -804.837715 -36.898230
56.450000 1.998943 1.145578 -801.211504 -33.617556
56.500000 2.004589 1.031590 -812.288910 -42.526619
56.550000 1.999543 0.849340 -827.150253 -59.325750
56.600000 2.010143 0.894848 -817.575920 -45.681127
56.650000 1.997935 0.846061 -818.362321 -51.155169
56.700000 1.997929 0.805168 -819.895389 -52.690613
56.750000 2.005571 0.883815 -812.385603 -42.246348
56.800000 1.985147 0.891601 -816.351800 -54.055240
56.850000 1.987741 1.409821 -770.273019 -6.980345
56.900000 2.020461 0.919039 -821.921133 -46.064260
56.950000 1.999701 0.873834 -826.404808 -58.519646
57.000000 1.995992 0.988940 -820.470817 -54.010065
57.050000 2.000601 0.928001 -828.245861 -60.015079
57.100000 1.980623 1.110538 -811.277446 -50.718047
57.150000 2.010955 0.938071 -829.819055 -57.612178
57.200000 1.984986 1.109490 -805.708887 -43.474378
57.250000 2.000707 0.900151 -826.972967 -58.701651
57.300000 1.998259 1.207978 -794.578744 -27.247250
57.350000 1.996451 1.049828 -811.816156 -45.178881
57.400000 2.002181 1.370315 -777.545251 -8.707845
57.450000 1.994246 0.783836 -838.822224 -73.031826
57.500000 1.990126 1.200285 -802.804019 -38.595448
57.550000 1.993938 1.536650 -773.271743 -7.599554
57.600000 2.003930 1.579655 -762.836096 6.673178
57.650000 1.994485 1.022422 -807.275458 -41.393065
57.700000 1.999990 0.968493 -801.750919 -33.754838
57.750000 2.011548 0.917574 -804.216846 -31.782510
57.800000 2.010947 0.974941 -804.968788 -32.765225
57.850000 2.008036 1.174114 -791.329924 -20.244051
57.900000 1.995976 1.008117 -811.065129 -44.610269
57.950000 2.004276 1.297775 -780.301951 -10.660146
58.000000 2.000530 0.938853 -810.087591 -41.884119
58.050000 2.008933 0.833395 -814.694410 -43.264266
58.100000 2.004796 0.699682 -823.651566 -53.810048
58.150000 1.997435 0.743808 -819.927652 -52.912424
58.200000 1.990163 1.040223 -799.155685 -34.933144
58.250000 2.022654 0.808718 -830.549010 -53.849752
58.300000 1.984776 0.960184 -819.429911 -57.275817
58.350000 1.988353 1.530164 -778.106670 -14.579087
58.400000 2.005773 1.505707 -783.212612 -12.995723
58.450000 2.014838 1.261400 -795.543493 -21.845639
58.500000 1.990671 1.126545 -803.342563 -38.924867
58.550000 1.994266 1.503603 -773.406579 -7.608491
58.600000 2.003763 1.549543 -772.641479 -3.196481
58.650000 2.002964 1.322048 -789.083238 -19.945064
58.700000 2.001856 0.975366 -818.689673 -49.977150
58.750000 1.993774 1.026440 -810.688090 -45.078979
58.800000 2.006735 1.174191 -796.460138 -25.873904
58.850000 2.009297 1.161229 -802.490988 -30.920800
58.900000 1.979819 1.315174 -790.390260 -30.139632
58.950000 2.003005 1.674514 -758.802423 10.351634
59.000000 2.002434 1.131974 -816.691489 -47.756909
59.050000 2.010191 1.357309 -793.771542 -21.858046
59.100000 2.005687 1.446439 -786.146290 -15.962368
59.150000 2.009316 1.395209 -793.110839 -21.533494
59.200000 1.993015 1.338056 -796.284254 -30.966492
59.250000 2.015868 1.331495 -794.298794 -20.205311
59.300000 2.003685 0.992830 -821.781016 -52.366077
59.350000 1.987066 0.997269 -823.119029 -60.085691
59.400000 2.007248 1.035116 -820.851215 -50.068153
59.450000 1.994406 0.836750 -839.652013 -73.800013
59.500000 1.982299 0.989352 -830.658868 -69.456008
59.550000 1.982929 1.332679 -798.301016 -36.856447
59.600000 1.995660 1.155099 -813.660264 -47.326846
59.650000 1.996259 1.213408 -801.494736 -34.931461
59.700000 2.010041 0.948946 -819.850014 -47.994249
59.750000 1.992945 0.970120 -811.282243 -45.991388
59.800000 2.008623 1.146474 -793.579715 -22.268576
59.850000 1.996933 1.221326 -785.440279 -18.618048
59.900000 2.007237 1.269444 -781.672461 -10.893461
59.950000 2.012574 1.024532 -809.308280 -36.480031
60.000000 2.010619 0.618881 -654.603373 117.474397
60.050000 1.994653 0.764413 -631.471937 134.474748
60.100000 2.003360 0.732171 -639.823992 129.466304
60.150000 2.013191 0.945520 -613.830839 159.234577
60.200000 2.007561 0.705807 -639.697264 131.206205
60.250000 1.997887 0.685276 -638.432618 128.755817
60.300000 2.000975 0.598213 -654.677487 113.696760
60.350000 2.007504 0.651009 -656.263534 114.618093
60.400000 2.006746 0.584449 -665.836135 104.754140
60.450000 1.991458 0.546290 -668.300228 96.419465
60.500000 1.992287 0.733347 -647.072825 117.965558
60.550000 2.006403 0.612806 -661.258480 109.200409
60.600000 2.001186 0.548051 -668.267321 100.188076
60.650000 1.995835 0.592922 -666.176627 100.223966
60.700000 1.991097 0.830888 -643.518080 121.063135
60.750000 2.003006 1.122014 -611.540990 157.613130
60.800000 1.995000 0.908091 -635.492411 130.587448
60.850000 2.016906 0.596887 -663.064735 111.427137
60.900000 1.979647 0.793617 -630.693905 129.490488
60.950000 2.009004 0.720464 -635.494257 135.963137
61.000000 1.997790 0.505327 -652.820986 114.330249
61.050000 2.021244 0.550207 -645.957667 130.200150
61.100000 1.979528 0.550652 -646.547698 113.591182
61.150000 2.007226 0.635227 -634.207619 136.567177
61.200000 1.993479 0.463522 -647.306965 118.189001
61.250000 2.000918 0.516309 -642.492343 125.859995
61.300000 2.001650 0.625639 -633.386734 135.246773
61.350000 2.004600 0.524840 -643.668097 126.098298
61.400000 1.994625 0.343023 -664.510742 101.425371
61.450000 2.001820 0.651741 -630.356872 138.341960
61.500000 1.995070 0.670194 -632.019889 134.086931
61.550000 1.986771 0.706700 -630.854860 132.065033
61.600000 1.996077 0.710969 -634.356208 132.137197
61.650000 1.998532 0.638091 -645.142375 122.293931
61.700000 2.008866 0.520948 -660.090779 111.313595
61.750000 1.998656 0.561960 -656.725303 110.758430
61.800000 1.998148 0.698431 -646.968403 120.320432
61.850000 1.996886 0.747711 -643.558132 123.246274
61.900000 2.001298 0.669067 -651.060113 117.438175
61.950000 1.994951 0.604224 -655.040353 111.020784
62.000000 1.989540 0.550632 -666.259110 97.724252
62.050000 1.996007 0.831904 -636.761520 129.705186
62.100000 1.992516 0.641427 -658.920593 106.205534
62.150000 2.007664 0.660720 -655.785986 115.157090
62.200000 1.995200 0.770164 -642.335495 123.821194
62.250000 2.001855 0.831399 -635.992977 132.719245
62.300000 2.005904 0.767439 -642.325847 127.941363
62.350000 1.993497 0.718829 -648.217686 117.285018
62.400000 2.002561 0.703675 -645.155758 123.827525
62.450000 1.999688 0.511763 -665.030099 102.850182
62.500000 2.001880 0.495928 -670.483934 98.237845
62.550000 1.992420 0.805533 -637.503363 127.585734
62.600000 2.005575 0.833134 -637.905510 132.235257
62.650000 2.002289 0.829994 -637.169834 131.709069
62.700000 2.011277 0.726175 -644.397081 127.933226
62.750000 1.988406 0.544645 -662.310644 101.237351
62.800000 2.001181 0.720473 -644.474995 123.978598
62.850000 2.000768 0.626302 -662.596421 105.698415
62.900000 2.005826 0.595606 -673.335394 96.901871
62.950000 1.988486 0.754161 -661.322715 102.255811
63.000000 2.004814 0.767941 -666.916551 102.932205
63.050000 2.005256 0.831525 -657.780114 112.238196
63.100000 1.988347 0.724138 -668.001034 95.524113
63.150000 1.998333 0.719407 -667.604040 99.755756
63.200000 1.989806 0.948935 -634.044859 130.040785
63.250000 2.005772 0.684209 -661.894558 108.321762
63.300000 1.988753 0.715898 -651.004613 112.676684
63.350000 2.011111 0.488891 -673.798010 98.468660
63.400000 1.995848 0.410430 -678.238832 88.166862
63.450000 2.010116 0.566007 -659.250770 112.633594
63.500000 1.982143 0.789853 -634.795202 126.347708
63.550000 2.012463 0.670732 -656.676810 116.108965
63.600000 1.997688 0.414438 -690.579735 76.532592
63.650000 2.003689 0.542969 -678.759568 90.657112
63.700000 1.996350 0.676675 -663.727880 102.870694
63.750000 2.002792 0.624569 -668.842047 100.230174
63.800000 1.993880 0.738022 -650.319782 115.329991
63.850000 2.004448 0.663844 -658.937421 110.770777
63.900000 1.993804 0.621587 -665.821702 99.799060
63.950000 1.997992 0.983087 -626.245406 140.983612
64.000000 2.007152 0.920253 -634.661874 136.084600
64.050000 2.001256 0.672851 -669.719932 98.762542
64.100000 1.995669 0.942915 -639.188492 127.148353
64.150000 1.997653 0.854874 -650.242350 116.856268
64.200000 1.991813 0.904055 -644.301739 120.554398
64.250000 2.003047 0.930602 -639.667359 129.502851
64.300000 2.017034 0.703899 -658.428734 116.112392
64.350000 1.999779 0.641741 -660.458164 107.456898
64.400000 1.999244 0.716577 -653.118932 114.590665
64.450000 2.008391 0.581061 -672.652609 98.569363
64.500000 1.990338 0.866946 -639.537966 124.751876
64.550000 1.996554 0.848571 -646.729309 119.947524
64.600000 2.000916 0.807305 -646.940166 121.411548
64.650000 2.006344 0.623414 -657.122208 113.314073
64.700000 1.988346 0.502152 -662.501051 101.023793
64.750000 2.000058 0.441575 -672.845191 95.177125
64.800000 1.992272 0.580034 -662.102492 102.929828
64.850000 1.994234 0.861294 -633.314077 132.471737
64.900000 1.999741 1.078434 -607.246840 160.653621
64.950000 2.006067 0.851412 -630.324950 140.004934
65.000000 2.002590 0.547859 -655.386727 113.607857
65.050000 1.993534 0.672324 -631.257570 134.259303
65.100000 1.991714 0.802801 -617.311496 147.506642
65.150000 2.007502 0.590731 -652.659413 118.221219
65.200000 1.999748 0.719649 -642.906241 124.997080
65.250000 2.018486 0.659967 -654.055020 121.043782
65.300000 1.983639 0.840674 -629.371386 132.346029
65.350000 2.013419 0.696834 -642.944247 130.208596
65.400000 1.994911 0.512280 -654.349893 111.695817
65.450000 2.009043 0.502522 -654.927490 116.545060
65.500000 1.991119 0.659931 -639.360478 125.229302
65.550000 2.015209 0.676030 -645.944751 127.895528
65.600000 1.990127 0.629567 -660.808794 103.400097
65.650000 2.010121 1.013101 -622.226435 149.660111
65.700000 2.003619 0.914400 -633.700955 135.688789
65.750000 2.000272 0.813391 -645.667992 122.436509
65.800000 2.008399 0.915132 -627.351611 143.873441
65.850000 2.003718 0.698736 -638.299634 131.128108
65.900000 2.001761 0.465256 -654.518589 114.157496
65.950000 1.992794 0.595849 -635.063371 130.169391
66.000000 1.999050 0.429870 -658.091892 109.543457
66.050000 1.998902 0.490594 -651.151719 116.426568
66.100000 2.002053 0.503074 -654.237392 114.551120
66.150000 1.996805 0.639445 -641.345086 125.427875
66.200000 2.004441 0.752315 -630.701138 139.004267
66.250000 2.003478 0.681735 -643.632988 125.702464
66.300000 2.009897 0.574293 -661.888722 109.911629
66.350000 2.008089 0.692836 -654.572024 116.534237
66.400000 2.007801 0.651882 -665.879128 105.116496
66.450000 1.992813 0.827420 -648.240282 116.999930
66.500000 1.998480 0.885576 -647.510586 119.905896
66.550000 2.005910 0.928675 -640.696787 129.572796
66.600000 1.986014 0.905937 -638.373381 124.255806
66.650000 2.022657 0.795215 -647.696579 129.003748
66.700000 1.990500 0.729062 -647.659287 116.692815
66.750000 2.010101 0.627939 -658.166282 113.712642
66.800000 2.006548 0.616406 -653.973811 116.540669
66.850000 1.985127 0.667608 -650.688144 111.600785
66.900000 2.010120 0.819482 -629.277654 142.608505
66.950000 1.993865 0.482095 -660.427239 105.217042
67.000000 1.991980 0.519325 -653.363471 111.556832
67.050000 2.006549 0.950875 -601.638498 168.876194
67.100000 2.010571 0.632332 -635.232652 136.826714
67.150000 1.999638 0.347845 -664.379448 103.481514
67.200000 1.998388 0.453112 -655.675384 111.705529
67.250000 1.993510 0.775844 -624.696851 140.811001
67.300000 1.993807 0.881415 -621.642074 143.979836
67.350000 2.002330 0.840699 -630.170995 138.723901
67.400000 1.995996 0.802855 -638.314273 128.148375
67.450000 1.997875 0.783073 -647.334401 119.849457
