# t Temp Pres Epot Etot
0.000000 1.989768 29.012718 -1398.981276 -634.910299
0.050000 2.004475 27.950171 -1444.282845 -674.564598
0.100000 2.014049 29.170399 -1390.256764 -616.861956
0.150000 2.009152 27.976547 -1443.839076 -672.324678
0.200000 2.014298 29.563397 -1373.450326 -599.959814
0.250000 1.977670 28.064954 -1440.555039 -681.129913
0.300000 1.993889 29.389787 -1381.983737 -616.330447
0.350000 2.032572 27.844016 -1451.846615 -671.339118
0.400000 2.015616 28.676809 -1414.006356 -640.009739
0.450000 1.999683 28.362537 -1427.081720 -659.203285
0.500000 1.985401 28.802944 -1408.429614 -646.035604
0.550000 2.000322 28.068643 -1441.472520 -673.348856
0.600000 2.009083 28.763475 -1409.973206 -638.485375
0.650000 1.999919 30.043729 -1352.454826 -584.485757
0.700000 2.012212 29.133108 -1392.367756 -619.678186
0.750000 2.011934 27.708632 -1457.959106 -685.376627
0.800000 1.982657 28.223618 -1433.474119 -672.133899
0.850000 1.992537 29.832261 -1363.393138 -598.259005
0.900000 2.007305 29.318894 -1386.151620 -615.346395
0.950000 1.975179 29.240881 -1386.808904 -628.340265
1.000000 2.006902 29.186299 -1393.089820 -622.439523
1.050000 1.961942 28.373390 -1424.935674 -671.549809
1.100000 1.986938 27.999115 -1444.053080 -681.068881
1.150000 2.021177 28.949022 -1404.609029 -628.476875
1.200000 1.990761 29.646559 -1369.147694 -604.695316
1.250000 2.011954 29.011422 -1402.492461 -629.902296
1.300000 1.989045 28.668974 -1411.237429 -647.444066
1.350000 1.996318 28.263335 -1434.743837 -668.157664
1.400000 2.002134 28.865451 -1402.449423 -633.630088
1.450000 1.993900 30.351660 -1338.959837 -573.302175
1.500000 1.998903 28.200169 -1435.876348 -668.297627
1.550000 2.022158 28.705881 -1411.993234 -635.484389
1.600000 1.997038 28.002177 -1446.871453 -680.008808
1.650000 1.998315 28.433395 -1421.413809 -654.060962
1.700000 1.993394 28.613105 -1414.475226 -649.011886
1.750000 2.000112 28.924526 -1400.193801 -632.150725
1.800000 1.973564 27.704902 -1451.856869 -694.008455
1.850000 1.963673 30.513798 -1330.525361 -576.474810
1.900000 2.031221 30.597195 -1334.095353 -554.106527
1.950000 2.022065 28.765995 -1411.138121 -634.665017
2.000000 1.994185 28.128575 -1435.105725 -669.338505
2.050000 2.025611 28.187047 -1436.175504 -658.340817
2.100000 1.995882 27.459624 -1469.597100 -703.178345
2.150000 1.947205 30.425041 -1335.922430 -588.195708
2.200000 2.012749 29.599415 -1375.407754 -602.512113
2.250000 1.984629 28.347646 -1428.983054 -666.885343
2.300000 2.002379 29.049847 -1399.008004 -630.094580
2.350000 2.000915 29.361634 -1381.728846 -613.377428
2.400000 1.994390 28.214689 -1435.077918 -669.232274
2.450000 2.051367 28.584851 -1422.877693 -635.152648
2.500000 1.967277 29.351255 -1378.130415 -622.695935
2.550000 1.991873 28.204182 -1434.266720 -669.387428
2.600000 1.974159 28.284458 -1426.609813 -668.532913
2.650000 2.000661 28.547130 -1418.395841 -650.142199
2.700000 2.031472 29.452221 -1380.392423 -600.307061
2.750000 1.992913 28.347608 -1429.605801 -664.327096
2.800000 1.971315 29.573613 -1370.737467 -613.752660
2.850000 2.053136 28.128339 -1442.334011 -653.929743
2.900000 1.963344 29.163042 -1392.661775 -638.737563
2.950000 2.004846 28.503434 -1421.991550 -652.130552
3.000000 1.960022 28.921287 -1400.183251 -647.534784
3.050000 1.997737 29.816380 -1362.294178 -595.163190
3.100000 2.000468 27.477925 -1467.700168 -699.520617
3.150000 2.010337 28.611524 -1417.753863 -645.784451
3.200000 1.962294 28.408205 -1422.560922 -669.040040
3.250000 2.009819 29.640170 -1371.525956 -599.755509
3.300000 2.025460 29.980759 -1354.519588 -576.742790
3.350000 2.020401 28.034208 -1442.668683 -666.834660
3.400000 1.971752 28.350364 -1423.623726 -666.470810
3.450000 1.955074 29.377083 -1380.987074 -630.238514
3.500000 2.005181 30.304905 -1343.376474 -573.387114
3.550000 2.036569 28.343101 -1429.447350 -647.404731
3.600000 2.012653 28.894955 -1403.451849 -630.593109
3.650000 1.999332 28.134451 -1439.403166 -671.659689
3.700000 1.992483 29.593021 -1370.754938 -605.641557
3.750000 1.974843 29.184846 -1391.700533 -633.360760
3.800000 2.007347 27.349002 -1472.656993 -701.835599
3.850000 2.004132 28.224716 -1433.017000 -663.430453
3.900000 1.982249 29.067584 -1394.338444 -633.154910
3.950000 1.999302 30.249187 -1345.823492 -578.091462
4.000000 2.012143 28.942821 -1403.190998 -630.528271
4.050000 2.023431 28.211134 -1437.391835 -660.394409
4.100000 1.974506 27.728324 -1456.951293 -698.741144
4.150000 2.039955 30.177184 -1344.170479 -560.827757
4.200000 1.996496 28.097127 -1441.934481 -675.280071
4.250000 2.038687 28.697293 -1415.628601 -632.772830
4.300000 2.020449 28.027989 -1443.199419 -667.346986
4.350000 1.967559 28.427969 -1422.797923 -667.255175
4.400000 2.017699 28.782971 -1407.484630 -632.688341
4.450000 1.995531 28.850508 -1408.857397 -642.573314
4.500000 2.008948 29.351032 -1385.244171 -613.808270
4.550000 1.968916 28.860194 -1404.457507 -648.393834
4.600000 2.036260 29.396759 -1381.776844 -599.853190
4.650000 2.014752 29.322954 -1384.887740 -611.222935
4.700000 1.972660 29.394860 -1379.986171 -622.484888
4.750000 2.003873 27.386886 -1472.762128 -703.274795
4.800000 2.004032 28.562146 -1419.591257 -650.042922
4.850000 1.985735 29.488328 -1375.568513 -613.046173
4.900000 2.005005 29.877364 -1360.216205 -590.294097
4.950000 2.012363 28.890372 -1405.635816 -632.888500
5.000000 2.001195 28.073913 -1443.858319 -675.399284
5.050000 1.975677 28.939438 -1401.113616 -642.453751
5.100000 2.037680 27.983472 -1446.940307 -664.471376
5.150000 1.975465 29.738066 -1366.429189 -607.850751
5.200000 2.002111 29.534554 -1376.114381 -607.303718
5.250000 1.973171 29.512384 -1374.730906 -617.033142
5.300000 2.041408 28.981057 -1404.249724 -620.349216
5.350000 1.996184 28.177226 -1436.533020 -669.998416
5.400000 1.972993 28.867331 -1406.210585 -648.581198
5.450000 2.002767 28.504267 -1421.542795 -652.480280
5.500000 1.972858 30.119657 -1347.368284 -589.790774
5.550000 2.047628 28.626405 -1417.302911 -631.013889
5.600000 2.008880 29.207752 -1388.814125 -617.404065
5.650000 1.990235 29.061878 -1395.522470 -631.272081
5.700000 2.049852 29.575949 -1375.545156 -588.401880
5.750000 1.967732 27.904769 -1447.119380 -691.510391
5.800000 2.040592 28.232793 -1437.121996 -653.534739
5.850000 1.993166 28.515831 -1418.977527 -653.601734
5.900000 2.005194 28.942416 -1400.518829 -630.524290
5.950000 2.006283 29.241462 -1388.645724 -618.233182
6.000000 1.966748 29.233716 -1387.740938 -632.509824
6.050000 1.983322 29.229257 -1388.599712 -627.004240
6.100000 2.017461 28.343159 -1432.499369 -657.794236
6.150000 2.005824 29.048670 -1395.725143 -625.488655
6.200000 2.006717 28.521309 -1422.814950 -652.235764
6.250000 1.994807 28.580071 -1416.452038 -650.446172
6.300000 2.021006 28.864815 -1407.359986 -631.293602
6.350000 2.009110 28.993197 -1403.174171 -631.676113
6.400000 1.991752 29.268992 -1386.982615 -622.149904
6.450000 2.018446 30.071658 -1353.133642 -578.050419
6.500000 2.011971 27.827008 -1450.793550 -678.196540
6.550000 2.021619 29.022676 -1399.905779 -623.604048
6.600000 1.995130 29.143761 -1390.522319 -624.392460
6.650000 1.987990 29.247195 -1388.197530 -624.809479
6.700000 2.015904 29.807222 -1361.749349 -587.642314
6.750000 1.994312 29.271795 -1385.688914 -619.873048
6.800000 2.014564 28.937978 -1402.376511 -628.783877
6.850000 2.000177 29.205117 -1392.213408 -624.145507
6.900000 2.005834 28.032115 -1443.753761 -673.513578
6.950000 1.985727 29.107531 -1394.299579 -631.780525
7.000000 1.972274 28.988984 -1398.089250 -640.736199
7.050000 1.997408 29.598119 -1374.984237 -607.979419
7.100000 2.020288 28.925079 -1403.918308 -628.127651
7.150000 2.005751 27.584745 -1464.506476 -694.298057
7.200000 1.987405 28.692495 -1409.206253 -646.042897
7.250000 2.001965 29.627672 -1372.488901 -603.734475
7.300000 1.996942 29.244778 -1391.061714 -624.236156
7.350000 2.031802 28.091209 -1441.251158 -661.039102
7.400000 2.044164 28.216037 -1434.581884 -649.622825
7.450000 1.999710 28.272696 -1428.484968 -660.596402
7.500000 2.016993 16.491289 -1574.517039 -799.991855
7.550000 1.972989 17.023549 -1548.687996 -791.060148
7.600000 1.982578 17.802622 -1513.501656 -752.191693
7.650000 2.013845 17.798296 -1516.651800 -743.335185
7.700000 1.985243 18.034808 -1506.316252 -743.982996
7.750000 2.017747 17.982812 -1509.382448 -734.567434
7.800000 1.989800 19.681374 -1425.850329 -661.767033
7.850000 1.980790 18.854692 -1465.163866 -704.540407
7.900000 2.029626 19.068880 -1457.523872 -678.147371
7.950000 1.990871 17.042384 -1552.661292 -788.166789
8.000000 1.992295 17.591187 -1524.432647 -759.391462
8.050000 1.999116 17.464460 -1529.451882 -761.791244
8.100000 1.981357 17.873666 -1509.649958 -748.809006
8.150000 1.990876 18.326682 -1489.908317 -725.411948
8.200000 2.025160 16.580329 -1575.803127 -798.141503
8.250000 1.974986 15.831588 -1607.090150 -848.695375
8.300000 1.960203 18.346233 -1485.202947 -732.484958
8.350000 2.009164 17.571991 -1528.018660 -756.499842
8.400000 1.962742 18.652836 -1472.985152 -719.292041
8.450000 1.998997 18.912035 -1464.811558 -697.196726
8.500000 2.046247 17.976738 -1506.536200 -720.777463
8.550000 1.955771 18.536024 -1479.553273 -728.537344
8.600000 1.983687 19.130516 -1450.617038 -688.881224
8.650000 1.986776 18.323846 -1487.447975 -724.525990
8.700000 2.023539 17.743240 -1513.507018 -736.468059
8.750000 1.951618 17.616138 -1517.839565 -768.418152
8.800000 2.018039 17.439343 -1532.268750 -757.341955
8.850000 1.967730 19.303939 -1436.346523 -680.738241
8.900000 2.009987 17.050117 -1552.484271 -780.649148
8.950000 1.985583 18.181471 -1491.987590 -729.523730
9.000000 1.985683 17.259909 -1542.454321 -779.952240
9.050000 1.993905 17.084494 -1548.889616 -783.230026
9.100000 2.002452 17.236831 -1542.867349 -773.925719
9.150000 1.993941 19.151313 -1452.638639 -686.965272
9.200000 2.045961 18.022268 -1509.256981 -723.607794
9.250000 2.013974 17.710068 -1524.263427 -750.897579
9.300000 1.995323 17.757496 -1515.718020 -749.513934
9.350000 2.008060 17.939695 -1508.293235 -737.198355
9.400000 2.029863 17.234159 -1540.111055 -760.643759
9.450000 2.032022 17.004833 -1554.846757 -774.550307
9.500000 1.985981 17.659427 -1524.554639 -761.938004
9.550000 2.020087 17.482365 -1533.258786 -757.545236
9.600000 2.014339 17.944795 -1509.878475 -736.372175
9.650000 1.998046 18.561399 -1473.934701 -706.685000
9.700000 2.029261 18.547934 -1479.703249 -700.466917
9.750000 2.002264 15.621557 -1614.587868 -845.718311
9.800000 1.986191 17.112196 -1547.454349 -784.757031
9.850000 1.995265 17.811451 -1514.282328 -748.100617
9.900000 1.997450 17.554896 -1522.739628 -755.718827
9.950000 2.030987 16.028621 -1597.797908 -817.899087
10.000000 1.949802 17.357043 -1533.278828 -784.554867
10.050000 2.024098 17.727791 -1516.840426 -739.586661
10.100000 1.961453 17.497421 -1525.532818 -772.334738
10.150000 2.010759 18.458962 -1486.644242 -714.512626
10.200000 2.006342 17.862435 -1515.564585 -745.129100
10.250000 1.993592 16.734603 -1568.940483 -803.401347
10.300000 2.000836 17.768602 -1514.631927 -746.310739
10.350000 2.001212 17.875224 -1511.820639 -743.355098
10.400000 2.025688 17.647205 -1530.573745 -752.709711
10.450000 1.997405 17.499935 -1532.830019 -765.826670
10.500000 1.988817 18.236636 -1492.377545 -728.671993
10.550000 2.026594 17.509198 -1526.170548 -747.958358
10.600000 1.997716 16.401080 -1580.365330 -813.242226
10.650000 1.980161 16.502452 -1571.836294 -811.454654
10.700000 2.003028 16.825124 -1561.952135 -792.789268
10.750000 1.967952 18.475759 -1484.899840 -729.206463
10.800000 1.967059 19.240403 -1446.956028 -691.605455
10.850000 2.015914 18.455655 -1490.065151 -715.954305
10.900000 1.988905 18.034992 -1505.092997 -741.353309
10.950000 2.007680 18.374846 -1491.357330 -720.408176
11.000000 2.023479 19.107444 -1450.390268 -673.374142
11.050000 2.003843 17.650397 -1521.121077 -751.645396
11.100000 2.007958 16.552678 -1571.722533 -800.666604
11.150000 1.981823 18.350100 -1487.090293 -726.070452
11.200000 1.987123 18.991870 -1457.429079 -694.373933
11.250000 2.003754 18.602307 -1480.712736 -711.271390
11.300000 1.989658 17.467350 -1533.846021 -769.817235
11.350000 1.994476 17.765404 -1516.554637 -750.676006
11.400000 2.001097 18.307402 -1494.997355 -726.576229
11.450000 1.990768 19.644004 -1426.197552 -661.742662
11.500000 1.999864 19.036509 -1457.655745 -689.708046
11.550000 2.046195 17.925527 -1509.270264 -723.531331
11.600000 1.976836 16.336941 -1583.973488 -824.868289
11.650000 2.022972 16.917821 -1560.392406 -783.571073
11.700000 1.999774 16.172019 -1590.818761 -822.905501
11.750000 1.974771 17.290056 -1538.619303 -780.307347
11.800000 1.966074 18.686184 -1469.396350 -714.423954
11.850000 2.007980 18.782722 -1466.413370 -695.348949
11.900000 2.024068 18.222846 -1495.769790 -718.527830
11.950000 1.996891 17.350085 -1534.522523 -767.716526
12.000000 2.003990 17.188843 -1542.444371 -772.912070
12.050000 1.996984 17.022603 -1555.089046 -788.247324
12.100000 2.021777 17.339140 -1538.490064 -762.127516
12.150000 1.967888 17.738983 -1517.282288 -761.613153
12.200000 1.980071 18.045642 -1508.462150 -748.115058
12.250000 1.974141 18.710227 -1476.268771 -718.198566
12.300000 2.003417 19.847252 -1418.239981 -648.927674
12.350000 2.011575 19.532721 -1435.407446 -662.962590
12.400000 2.019072 17.560496 -1528.377043 -753.053312
12.450000 2.003829 17.797614 -1515.046355 -745.575997
12.500000 2.014276 17.634307 -1522.943127 -749.461284
12.550000 1.989153 17.556923 -1527.183712 -763.349074
12.600000 1.995236 18.063289 -1499.360923 -733.190123
12.650000 2.017010 17.635835 -1521.712823 -747.180867
12.700000 1.986785 16.664720 -1572.354999 -809.429601
12.750000 1.988621 17.439982 -1531.992198 -768.361720
12.800000 2.022810 18.180892 -1503.874709 -727.115719
12.850000 1.979137 19.376338 -1444.963051 -684.974512
12.900000 1.997183 17.594635 -1524.874336 -757.955990
12.950000 2.017876 17.210489 -1541.262077 -766.397831
13.000000 1.994650 17.052178 -1550.345900 -784.400119
13.050000 2.009965 17.257711 -1544.392595 -772.565898
13.100000 1.993244 16.694334 -1569.342177 -803.936432
13.150000 1.988056 17.430821 -1532.763582 -769.350205
13.200000 2.013572 17.997453 -1505.691667 -732.479835
13.250000 1.972749 19.762632 -1422.172136 -664.636509
13.300000 1.989538 18.653603 -1474.562187 -710.579705
13.350000 2.038870 18.175985 -1499.231654 -716.305743
13.400000 2.015725 16.775039 -1566.478481 -792.439904
13.450000 2.026017 17.501670 -1530.400927 -752.410522
13.500000 1.959704 17.038783 -1548.789805 -796.263410
13.550000 2.019270 17.672770 -1524.926356 -749.526665
13.600000 2.003405 17.341469 -1534.889359 -765.582015
13.650000 2.000063 17.384270 -1535.654830 -767.630646
13.700000 1.984364 17.398597 -1536.403093 -774.407317
13.750000 2.002775 18.102296 -1501.998460 -732.932934
13.800000 1.992503 18.041892 -1506.019394 -740.898117
13.850000 1.985999 18.475485 -1481.674896 -719.051381
13.900000 2.003224 18.029367 -1499.349915 -730.111859
13.950000 1.989237 17.943203 -1508.035851 -744.168749
14.000000 2.036132 15.611648 -1618.601706 -836.726909
14.050000 1.964231 16.871758 -1555.116964 -800.852438
14.100000 1.981051 17.723866 -1519.475195 -758.751684
14.150000 2.018010 17.139804 -1549.574307 -774.658319
14.200000 1.988406 17.039156 -1549.861085 -786.313196
14.250000 1.953040 18.075167 -1504.628860 -754.661431
14.300000 2.019775 17.954200 -1510.507805 -734.914036
14.350000 1.997892 17.204088 -1545.110969 -777.920368
14.400000 1.997814 18.994885 -1460.783609 -693.623161
14.450000 2.020569 18.695602 -1476.226048 -700.327674
14.500000 1.989065 18.858443 -1468.106483 -704.305579
14.550000 2.013128 17.797972 -1512.709719 -739.668418
14.600000 1.990976 18.464996 -1483.978216 -719.443599
14.650000 1.967471 19.751033 -1419.624529 -664.115756
14.700000 1.997860 18.600426 -1475.507277 -708.329036
14.750000 2.007838 18.207042 -1495.600881 -724.590905
14.800000 2.013862 17.666738 -1520.974631 -747.651806
14.850000 2.001600 17.144677 -1544.278915 -775.664332
14.900000 2.015016 16.116507 -1592.198281 -818.432248
14.950000 1.947251 16.123040 -1592.998192 -845.253813
15.000000 2.007967 13.726393 -1370.471105 -599.411646
15.050000 1.958516 13.720997 -1367.872734 -615.802509
15.100000 2.000081 14.482072 -1327.836624 -559.805699
15.150000 2.011175 13.923322 -1358.772138 -586.481128
15.200000 2.001416 14.422074 -1334.319387 -565.775572
15.250000 2.021198 15.242368 -1291.005609 -514.865441
15.300000 1.986851 14.847308 -1311.433005 -548.482153
15.350000 2.009668 14.590058 -1329.931673 -558.219031
15.400000 1.965692 14.782941 -1321.932467 -567.106616
15.450000 2.000162 15.582897 -1276.975228 -508.913181
15.500000 1.974365 14.819544 -1315.819240 -557.663099
15.550000 2.011150 15.073640 -1307.270919 -534.989139
15.600000 1.998278 15.272218 -1295.710199 -528.371426
15.650000 1.977469 15.121571 -1293.215863 -533.867928
15.700000 1.994906 14.728042 -1318.656063 -552.612055
15.750000 2.026249 14.033148 -1349.857586 -571.777968
15.800000 2.017522 14.193435 -1344.525117 -569.796739
15.850000 1.993673 13.811458 -1363.548912 -597.978495
15.900000 1.977932 14.361211 -1336.949466 -577.423509
15.950000 2.011266 15.724594 -1270.162830 -497.836520
16.000000 1.998143 15.211736 -1294.037024 -526.750190
16.050000 2.000203 14.726321 -1322.380821 -554.302965
16.100000 1.981079 15.745770 -1263.702601 -502.968219
16.150000 1.974690 16.189996 -1240.962034 -482.681252
16.200000 2.022622 15.438609 -1279.567707 -502.880732
16.250000 2.026727 14.830369 -1310.703501 -532.440372
16.300000 1.978317 14.106639 -1347.521258 -587.847630
16.350000 2.015106 14.502252 -1325.263972 -551.463173
16.400000 2.003659 15.126584 -1296.857667 -527.452493
16.450000 2.017067 15.579119 -1278.661120 -504.107385
16.500000 1.976497 14.698117 -1320.229161 -561.254455
16.550000 1.964858 15.557346 -1269.969344 -515.463857
16.600000 2.027384 15.118198 -1299.377699 -520.862414
16.650000 1.998430 14.859759 -1307.738716 -540.341679
16.700000 1.988731 14.674733 -1320.403160 -556.730438
16.750000 1.987364 15.276749 -1293.402826 -530.254888
16.800000 2.003218 15.281550 -1286.164163 -516.928499
16.850000 1.983283 15.904650 -1245.689043 -484.108260
16.900000 2.005030 15.588840 -1274.002039 -504.070342
16.950000 2.021485 15.341089 -1293.430076 -517.179857
17.000000 2.005200 15.802043 -1262.826424 -492.829584
17.050000 1.994005 15.697621 -1266.333628 -500.635763
17.100000 1.981195 16.092353 -1245.147351 -484.368287
17.150000 2.007987 15.789210 -1265.527617 -494.460614
17.200000 2.024173 15.631781 -1272.591606 -495.309049
17.250000 1.975390 16.447124 -1225.466013 -466.916386
17.300000 2.065017 16.180045 -1240.594210 -447.627517
17.350000 1.969202 16.142552 -1238.462345 -482.288869
17.400000 2.042654 14.391312 -1332.930212 -548.551190
17.450000 1.978892 14.383441 -1327.409336 -567.514640
17.500000 1.992151 13.557994 -1374.797758 -609.811804
17.550000 1.968356 14.862773 -1314.247627 -558.398959
17.600000 2.027015 14.916151 -1309.208162 -530.834427
17.650000 1.985481 15.428629 -1276.139343 -513.714679
17.700000 1.992650 16.367740 -1231.274604 -466.096901
17.750000 1.991014 15.124841 -1299.206374 -534.656948
17.800000 1.977923 15.440749 -1279.378024 -519.855770
17.850000 2.016189 15.623204 -1277.611781 -503.395290
17.900000 1.986328 14.456270 -1333.042538 -570.292653
17.950000 2.033184 16.138022 -1244.022335 -463.279641
18.000000 1.992527 15.989192 -1248.785685 -483.655146
18.050000 2.011016 15.155745 -1294.887917 -522.657583
18.100000 1.982447 16.145056 -1239.734485 -478.474683
18.150000 2.009647 16.441941 -1227.696798 -455.992214
18.200000 2.038622 15.979835 -1252.779490 -469.948709
18.250000 1.977597 15.567687 -1268.000594 -508.603377
18.300000 2.008277 16.084250 -1242.336318 -471.157950
18.350000 1.978313 15.297513 -1285.574461 -525.902341
18.400000 1.989061 14.803480 -1313.127871 -549.328279
18.450000 2.018739 14.840530 -1310.037484 -534.841680
18.500000 1.995573 15.274303 -1284.585166 -518.285049
18.550000 1.999895 15.252065 -1290.199596 -522.239886
18.600000 2.022203 14.792189 -1316.872441 -540.346417
18.650000 1.974008 15.198253 -1292.995552 -534.976449
18.700000 1.999915 14.484615 -1333.897065 -565.929718
18.750000 1.987205 15.292768 -1289.259735 -526.173025
18.800000 2.039482 14.810661 -1316.225371 -533.064447
18.850000 1.976801 15.276638 -1290.798681 -531.707135
18.900000 1.995951 14.949867 -1311.636858 -545.191861
18.950000 2.002665 15.380185 -1283.783477 -514.760116
19.000000 2.002836 15.060230 -1305.739583 -536.650427
19.050000 1.981014 15.872136 -1260.791527 -500.082212
19.100000 2.012265 14.797364 -1315.164922 -542.455330
19.150000 2.017480 15.924678 -1256.398239 -481.685852
19.200000 1.994114 14.909924 -1309.310519 -543.570665
19.250000 1.949317 15.733279 -1265.449600 -516.912001
19.300000 2.023994 16.117592 -1248.860293 -471.646673
19.350000 1.993351 16.018027 -1258.466696 -493.020094
19.400000 2.016096 15.235034 -1296.040376 -521.859447
19.450000 1.986262 14.555138 -1326.515018 -563.790295
19.500000 2.013924 14.349184 -1336.514535 -563.167812
19.550000 1.969540 14.482787 -1332.176123 -575.872797
19.600000 1.991506 16.064170 -1247.912374 -483.174074
19.650000 2.037593 15.247683 -1294.572490 -512.136869
19.700000 1.995670 15.143094 -1295.471875 -529.134675
19.750000 2.004704 14.549432 -1325.880769 -556.074569
19.800000 1.966437 14.983143 -1299.685699 -544.574052
19.850000 1.997390 16.309094 -1233.243385 -466.245522
19.900000 1.988063 16.854931 -1210.453779 -447.037759
19.950000 2.025422 16.099951 -1250.710627 -472.948639
20.000000 2.019244 15.049035 -1299.389505 -523.999650
20.050000 1.967485 15.583112 -1269.175945 -513.661694
20.100000 1.985006 15.797729 -1267.941259 -505.698814
20.150000 2.020741 15.313154 -1290.879540 -514.915106
20.200000 2.030863 14.589757 -1325.607729 -545.756503
20.250000 2.006912 15.426940 -1284.673880 -514.019489
20.300000 2.010207 15.595285 -1277.047615 -505.128189
20.350000 1.988944 15.244145 -1292.523772 -528.769380
20.400000 2.008340 15.358891 -1279.064148 -507.861759
20.450000 2.011739 14.593960 -1320.222486 -547.714735
20.500000 2.016446 14.589309 -1325.644109 -551.329007
20.550000 1.990475 14.813850 -1311.275841 -546.933565
20.600000 1.989632 13.821143 -1362.153514 -598.134946
20.650000 2.033800 14.860319 -1307.762279 -526.783088
20.700000 1.983291 15.566458 -1274.188673 -512.604872
20.750000 2.007257 15.853479 -1252.880925 -482.094214
20.800000 1.969487 16.111248 -1240.055932 -483.772754
20.850000 2.024642 15.669288 -1268.897742 -491.435250
20.900000 1.989745 15.142880 -1295.014252 -530.952318
20.950000 1.999481 15.399350 -1283.981152 -516.180463
21.000000 1.976821 15.284875 -1290.302315 -531.203190
21.050000 1.968600 15.672631 -1263.489430 -507.547075
21.100000 1.980957 16.311730 -1229.736888 -469.049506
21.150000 1.979697 15.885347 -1257.255662 -497.051996
21.200000 2.028144 14.397968 -1336.327539 -557.520432
21.250000 1.977290 15.239035 -1287.893205 -528.613766
21.300000 2.021825 15.095216 -1294.745353 -518.364479
21.350000 2.027238 15.742098 -1257.109515 -478.650100
21.400000 1.984810 14.373040 -1333.570851 -571.403849
21.450000 1.998531 15.366848 -1286.681758 -519.245785
21.500000 1.997722 13.917403 -1361.181915 -594.056822
21.550000 1.998007 13.739763 -1368.315224 -601.080576
21.600000 2.023843 15.423036 -1279.117726 -501.961841
21.650000 1.945608 15.264561 -1287.849773 -540.736476
21.700000 2.004603 16.091237 -1245.675487 -475.908115
21.750000 1.991736 14.324758 -1335.450937 -570.624481
21.800000 1.998847 14.514084 -1327.294037 -559.736644
21.850000 1.969283 15.386646 -1278.723947 -522.519128
21.900000 2.003792 15.342226 -1283.260894 -513.804658
21.950000 2.000752 15.402835 -1283.090205 -514.801459
22.000000 2.020874 14.542687 -1329.778719 -553.763021
22.050000 1.973787 15.358688 -1286.368602 -528.434538
22.100000 2.014186 15.801628 -1267.572013 -494.124710
22.150000 2.008485 16.377155 -1239.798706 -468.540456
22.200000 2.003192 16.028978 -1255.793571 -486.567971
22.250000 2.010067 15.870070 -1261.539648 -489.673783
22.300000 2.011425 15.951564 -1259.593454 -487.206135
22.350000 1.977993 15.731118 -1275.971941 -516.422629
22.400000 2.030446 15.295794 -1296.909623 -517.218432
22.450000 1.988415 14.684791 -1318.526973 -554.975626
22.500000 2.027175 9.158324 -1292.576400 -514.141142
22.550000 1.985198 9.520154 -1264.267539 -501.951592
22.600000 1.990173 8.729853 -1309.884942 -545.658326
22.650000 2.006207 9.513364 -1264.378650 -493.995013
22.700000 2.003761 9.352702 -1269.063483 -499.619269
22.750000 1.998927 8.838315 -1304.273744 -536.685695
22.800000 1.988907 8.783232 -1307.184893 -543.444631
22.850000 2.018699 9.580390 -1257.965503 -482.784925
22.900000 1.961889 9.123030 -1284.145925 -530.780718
22.950000 1.967421 9.509729 -1262.025261 -506.535566
23.000000 2.028989 9.285962 -1278.886030 -499.754150
23.050000 1.994135 9.209563 -1282.788626 -517.040855
23.100000 1.986889 9.079026 -1290.266603 -527.301349
23.150000 2.007667 9.785079 -1256.779923 -485.835746
23.200000 1.998779 8.364008 -1338.090772 -570.559542
23.250000 2.000902 8.933595 -1305.609003 -537.262797
23.300000 1.969329 9.781876 -1258.862565 -502.640329
23.350000 2.007073 8.998287 -1299.375810 -528.659890
23.400000 1.977803 9.316705 -1274.559324 -515.082910
23.450000 1.980144 9.920625 -1245.703129 -485.327719
23.500000 2.050837 10.140817 -1233.315933 -445.794712
23.550000 1.982217 9.076958 -1293.040593 -531.869420
23.600000 2.023638 8.916310 -1301.291100 -524.213964
23.650000 1.997515 9.623891 -1256.456903 -489.410989
23.700000 2.000954 9.417905 -1272.696192 -504.329900
23.750000 1.987258 10.083447 -1235.639564 -472.532414
23.800000 2.017427 9.434793 -1277.015163 -502.323371
23.850000 2.016024 9.174916 -1286.621171 -512.467967
23.900000 1.996600 9.778528 -1247.396253 -480.701851
23.950000 1.999026 9.089767 -1294.305010 -526.678874
24.000000 1.988980 9.771398 -1252.473739 -488.705456
24.050000 2.005544 8.528517 -1325.422055 -555.293083
24.100000 2.009684 9.681257 -1253.021280 -481.302681
24.150000 1.984420 8.978605 -1296.862685 -534.845349
24.200000 2.001228 9.150954 -1287.182501 -518.711029
24.250000 1.992446 9.203670 -1282.879347 -517.780072
24.300000 2.003932 9.859269 -1246.008651 -476.498703
24.350000 2.021689 9.836499 -1250.187821 -473.859127
24.400000 2.007536 9.164907 -1278.790303 -507.896522
24.450000 2.022590 8.454610 -1316.135419 -539.460791
24.500000 2.006600 8.965066 -1291.577285 -521.043029
24.550000 1.986107 9.492854 -1268.857577 -506.192428
24.600000 1.987373 10.102565 -1236.027414 -472.876129
24.650000 1.991404 8.916870 -1303.205036 -538.505750
24.700000 2.015727 9.204549 -1286.673511 -512.634514
24.750000 2.015321 9.522346 -1266.698993 -492.815693
24.800000 2.002350 8.651903 -1313.559206 -544.656946
24.850000 2.000964 8.750284 -1304.789116 -536.418887
24.900000 1.984426 8.801356 -1303.454874 -541.435477
24.950000 1.985979 8.747052 -1311.024002 -548.407949
25.000000 2.021090 9.104051 -1293.608236 -517.509754
25.050000 1.970719 9.022531 -1289.230732 -532.474548
25.100000 2.007074 9.345702 -1278.855605 -508.139206
25.150000 2.007139 8.706089 -1307.142926 -536.401453
25.200000 1.995999 8.873876 -1293.946348 -527.482834
25.250000 2.024655 9.832944 -1244.700558 -467.233154
25.300000 2.033480 9.251700 -1274.104897 -493.248570
25.350000 1.991590 8.822812 -1296.888430 -532.117722
25.400000 1.983742 8.995107 -1290.895682 -529.138921
25.450000 2.022364 8.817758 -1306.197318 -529.609443
25.500000 1.998522 8.700326 -1312.486217 -545.053952
25.550000 2.006844 8.546023 -1322.516360 -551.888395
25.600000 1.981395 8.881547 -1305.678551 -544.822967
25.650000 1.993913 8.898449 -1303.262257 -537.599763
25.700000 1.982119 8.922568 -1301.334682 -540.200804
25.750000 2.022811 9.214656 -1287.660759 -510.901280
25.800000 2.019801 8.477927 -1326.342126 -550.738592
25.850000 2.009830 9.548569 -1263.564417 -491.789713
25.900000 2.016139 9.353266 -1273.854814 -499.657599
25.950000 1.985423 8.332213 -1327.606132 -565.203618
26.000000 2.000381 8.218376 -1339.380567 -571.234308
26.050000 2.002683 8.177785 -1339.875372 -570.845122
26.100000 1.969476 8.703296 -1308.682887 -552.404014
26.150000 1.994103 8.836349 -1306.607660 -540.872164
26.200000 2.009306 9.832663 -1250.908754 -479.335341
26.250000 1.975967 8.786262 -1313.535501 -554.764167
26.300000 2.023842 8.870259 -1306.905510 -529.750093
26.350000 2.030618 9.035415 -1298.260880 -518.503657
26.400000 2.010299 8.203724 -1338.538132 -566.583472
26.450000 1.990702 8.022183 -1343.784350 -579.354756
26.500000 1.999428 8.478714 -1319.126731 -551.346228
26.550000 2.024618 8.637445 -1316.849472 -539.396309
26.600000 1.996558 8.155017 -1340.443052 -573.764607
26.650000 1.999417 9.481692 -1263.982842 -496.206793
26.700000 2.000333 9.104455 -1282.263011 -514.134966
26.750000 1.994465 9.204254 -1280.645227 -514.770738
26.800000 2.009226 9.566739 -1267.829591 -496.286854
26.850000 2.011811 8.547156 -1321.594002 -549.058504
26.900000 1.988259 8.691395 -1307.392216 -543.900802
26.950000 1.990276 8.911752 -1299.291884 -535.025936
27.000000 2.001393 9.297973 -1279.928267 -511.393416
27.050000 2.014400 9.288105 -1276.722928 -503.193241
27.100000 1.972961 9.363837 -1273.618767 -516.001849
27.150000 1.992673 9.580908 -1268.112187 -502.925624
27.200000 2.035262 9.764032 -1260.407719 -478.867269
27.250000 2.023660 9.278802 -1279.841962 -502.756447
27.300000 2.003286 9.270688 -1277.350183 -508.088327
27.350000 2.012894 9.822544 -1252.196118 -479.244864
27.400000 1.998869 9.640462 -1258.035865 -490.470247
27.450000 2.017370 8.779984 -1304.091612 -529.421579
27.500000 1.995206 8.503317 -1319.374725 -553.215689
27.550000 2.011116 8.300498 -1335.659423 -563.391045
27.600000 2.007048 8.963052 -1294.796622 -524.090279
27.650000 1.989973 9.416365 -1269.136000 -504.986486
27.700000 1.987654 8.549589 -1317.221493 -553.962544
27.750000 1.991856 7.936227 -1351.308217 -586.435523
27.800000 1.972304 8.897664 -1298.894159 -541.529498
27.850000 2.004633 9.550999 -1269.378369 -499.599198
27.900000 2.011418 9.092692 -1297.025814 -524.641477
27.950000 2.008757 8.485426 -1328.457841 -557.095340
28.000000 1.988056 8.963808 -1293.253133 -529.839526
28.050000 1.999701 8.915161 -1297.227765 -529.342609
28.100000 1.999924 8.567220 -1311.801294 -543.830646
28.150000 2.006214 7.580393 -1369.487919 -599.101596
28.200000 1.993957 7.914124 -1347.679289 -581.999644
28.250000 1.987725 7.459457 -1371.212766 -607.926278
28.300000 1.972381 8.834206 -1299.357613 -541.963153
28.350000 2.001857 8.738540 -1310.939622 -542.226364
28.400000 1.999312 8.405612 -1332.689689 -564.953989
28.450000 1.983717 9.796012 -1252.737411 -490.990250
28.500000 2.012611 9.809545 -1251.724206 -478.881611
28.550000 1.984030 9.115991 -1294.785111 -532.917458
28.600000 2.020964 8.835319 -1315.958373 -539.908358
28.650000 1.974876 9.446604 -1277.259826 -518.907465
28.700000 1.988891 10.278807 -1221.533990 -457.799690
28.750000 1.978212 9.047311 -1287.720031 -528.086784
28.800000 2.024795 8.659413 -1319.545848 -542.024500
28.850000 2.021535 8.604829 -1318.297919 -542.028461
28.900000 1.971037 8.895620 -1298.891597 -542.013296
28.950000 2.039353 8.596792 -1318.806734 -535.695342
29.000000 1.995195 9.204092 -1278.696424 -512.541690
29.050000 1.995909 8.982499 -1292.379582 -525.950650
29.100000 2.010611 8.585131 -1307.812902 -535.738422
29.150000 2.014808 8.590106 -1308.996900 -535.310634
29.200000 1.994628 8.745533 -1303.969306 -538.032180
29.250000 1.976801 10.122124 -1231.010420 -471.918854
29.300000 2.020860 10.306601 -1226.146726 -450.136526
29.350000 2.010811 9.329096 -1277.840065 -505.688563
29.400000 1.953439 9.710945 -1249.433520 -499.313105
29.450000 2.015790 9.217739 -1283.481210 -509.417988
29.500000 2.018481 9.077239 -1292.682434 -517.585838
29.550000 1.988324 9.103808 -1287.933247 -524.416903
29.600000 1.989427 9.544179 -1258.359512 -494.419698
29.650000 2.009261 9.204756 -1279.576312 -508.020189
29.700000 1.989107 9.567470 -1257.933453 -494.116312
29.750000 2.011467 9.933864 -1242.119389 -469.715940
29.800000 2.006556 9.237089 -1279.262730 -508.745102
29.850000 1.993463 8.770824 -1302.583408 -537.093619
29.900000 1.990647 8.999035 -1296.422225 -532.013632
29.950000 2.019163 9.478706 -1276.117752 -500.759091
30.000000 1.980950 5.187807 -1224.279255 -463.594400
30.050000 2.024408 5.201947 -1232.416437 -455.043675
30.100000 1.985434 5.361603 -1215.552762 -453.146000
30.150000 2.013392 4.352733 -1279.723199 -506.580839
30.200000 1.973142 4.567360 -1268.098514 -510.411875
30.250000 2.022285 4.472097 -1267.568893 -491.011503
30.300000 2.005087 4.132113 -1284.011687 -514.058142
30.350000 1.983585 4.871493 -1239.988104 -478.291299
30.400000 2.004921 4.987138 -1238.006291 -468.116583
30.450000 1.996001 4.433635 -1270.167054 -503.702760
30.500000 1.985603 4.795320 -1244.831786 -482.360269
30.550000 2.003973 5.145736 -1221.359942 -451.834325
30.600000 1.998436 4.492602 -1267.479273 -500.080015
30.650000 2.006871 4.902037 -1242.689881 -472.051253
30.700000 1.997529 4.934576 -1244.938942 -477.887962
30.750000 1.994103 5.679384 -1204.879706 -439.144040
30.800000 2.011706 5.404485 -1223.799775 -451.304641
30.850000 1.990319 6.022821 -1180.710386 -416.428068
30.900000 2.001386 5.817704 -1186.156874 -417.624492
30.950000 2.031752 4.815554 -1243.596900 -463.403989
31.000000 1.971507 5.385739 -1207.080743 -450.022078
31.050000 2.004335 6.061638 -1171.501504 -401.836683
31.100000 1.987197 6.056677 -1179.337158 -416.253460
31.150000 1.993928 5.788547 -1196.274364 -430.605884
31.200000 2.026184 5.582351 -1202.413834 -424.359016
31.250000 1.993151 5.036499 -1232.216444 -466.846539
31.300000 1.996403 5.526257 -1207.295023 -440.676258
31.350000 2.004217 5.140903 -1238.947676 -469.328259
31.400000 1.999931 5.780182 -1191.981828 -424.008272
31.450000 1.990532 5.554320 -1200.340191 -435.975755
31.500000 2.002825 5.532417 -1198.177033 -429.092415
31.550000 1.997927 5.040589 -1229.276664 -462.072563
31.600000 1.979345 5.400873 -1213.301832 -453.233463
31.650000 2.005433 5.476956 -1212.097927 -442.011810
31.700000 1.974554 5.966966 -1183.802190 -425.573588
31.750000 2.028499 5.648456 -1204.224905 -425.281120
31.800000 1.986067 5.847471 -1186.325448 -423.675666
31.850000 2.016758 5.940872 -1174.152793 -399.717739
31.900000 1.989577 5.307291 -1208.357089 -444.359473
31.950000 1.985005 4.968169 -1229.839927 -467.598174
32.000000 2.007180 5.478710 -1197.351565 -426.594626
32.050000 1.997878 4.952262 -1234.811566 -467.626265
32.100000 2.000736 5.168486 -1226.737520 -458.454844
32.150000 2.011507 5.384515 -1213.289268 -440.870746
32.200000 2.003335 4.736914 -1255.243861 -485.963365
32.250000 2.000430 5.314811 -1218.886088 -450.720945
32.300000 1.988186 5.836975 -1185.426977 -421.963552
32.350000 2.012525 5.588656 -1201.934030 -429.124286
32.400000 2.000792 5.348962 -1217.908248 -449.604021
32.450000 2.017651 5.041291 -1235.918734 -461.140631
32.500000 1.982864 5.245929 -1222.251283 -460.831535
32.550000 1.993497 5.102860 -1238.134897 -472.632219
32.600000 2.003340 5.506375 -1216.845790 -447.563094
32.650000 2.004260 5.026891 -1246.101545 -476.465643
32.700000 2.007757 5.039543 -1246.442238 -475.463429
32.750000 1.994185 5.000027 -1254.595520 -488.828328
32.800000 2.001123 5.771690 -1202.389653 -433.958497
32.850000 2.020407 4.821416 -1257.430786 -481.594590
32.900000 1.992418 4.861276 -1244.880632 -479.792098
32.950000 2.000695 4.928250 -1242.267915 -474.001113
33.000000 1.999096 4.199660 -1287.795626 -520.142607
33.050000 1.972155 5.341636 -1209.042206 -451.734560
33.100000 2.009401 5.474722 -1206.718557 -435.108447
33.150000 1.992230 5.344165 -1219.130749 -454.114394
33.200000 1.988693 5.537302 -1209.055804 -445.397610
33.250000 2.008696 5.857685 -1180.940173 -409.600856
33.300000 1.982313 5.253274 -1210.907311 -449.699150
33.350000 1.995193 5.413765 -1205.975230 -439.821197
33.400000 2.003548 5.871424 -1181.847718 -412.485325
33.450000 1.990437 5.467836 -1213.604199 -449.276514
33.500000 1.991689 5.567955 -1208.118566 -443.309905
33.550000 1.992500 5.438241 -1210.556677 -445.436773
33.600000 2.011009 5.130758 -1229.085237 -456.857749
33.650000 1.947379 6.076499 -1171.639941 -423.846288
33.700000 2.029023 5.939755 -1184.178208 -405.033234
33.750000 1.999457 4.713148 -1256.025175 -488.233563
33.800000 1.991533 5.270244 -1220.471039 -455.722486
33.850000 2.015012 5.463236 -1206.509413 -432.744943
33.900000 1.981011 5.053540 -1227.690633 -466.982424
33.950000 1.998920 5.195757 -1212.530247 -444.944896
34.000000 1.999852 4.806567 -1234.938924 -466.995655
34.050000 2.000859 4.632000 -1245.636975 -477.306971
34.100000 1.993328 5.670986 -1184.218279 -418.780202
34.150000 2.013763 5.794330 -1184.411907 -411.126863
34.200000 1.991895 4.787741 -1250.867052 -485.979517
34.250000 1.968696 5.721199 -1189.941303 -433.962096
34.300000 1.985612 5.315942 -1215.495825 -453.020731
34.350000 2.009009 6.123871 -1160.614203 -389.154639
34.400000 1.988319 5.496734 -1205.738634 -442.224110
34.450000 2.007323 5.417337 -1208.459320 -437.647232
34.500000 2.012010 4.573718 -1262.760858 -490.149056
34.550000 2.015517 5.159285 -1228.556848 -454.598406
34.600000 1.977991 5.867560 -1188.739215 -429.190806
34.650000 1.992309 5.521097 -1217.262765 -452.216226
34.700000 2.003888 5.575703 -1210.828983 -441.336019
34.750000 1.992059 5.022824 -1238.293689 -473.342959
34.800000 1.993504 5.847161 -1184.900496 -419.395063
34.850000 2.014515 5.161141 -1233.042017 -459.468322
34.900000 2.004812 5.353511 -1218.884682 -449.036753
34.950000 2.001809 5.414379 -1214.331255 -445.636548
35.000000 1.979208 5.382893 -1209.412949 -449.397123
35.050000 2.024294 5.612030 -1194.750102 -417.421160
35.100000 1.999349 5.052421 -1232.053452 -464.303328
35.150000 1.997254 4.897714 -1240.772681 -473.827315
35.200000 1.967412 5.721059 -1188.491268 -433.005022
35.250000 2.001158 5.368215 -1216.465345 -448.020575
35.300000 2.022121 4.264661 -1276.609854 -500.115242
35.350000 1.986268 4.767910 -1233.863868 -471.137029
35.400000 1.995750 4.504667 -1260.764738 -494.396702
35.450000 1.991215 5.021065 -1236.038019 -471.411590
35.500000 2.000774 5.626676 -1199.729837 -431.432634
35.550000 1.993284 5.218412 -1226.838594 -461.417460
35.600000 2.009843 5.327900 -1216.607047 -444.827162
35.650000 1.995336 5.337588 -1214.690048 -448.481178
35.700000 1.977108 5.665585 -1197.513492 -438.304086
35.750000 1.989094 5.647701 -1204.394762 -440.582627
35.800000 2.014227 5.489748 -1212.494163 -439.030829
35.850000 1.981446 4.998381 -1241.900359 -481.024905
35.900000 1.988903 5.664114 -1196.008031 -432.269377
35.950000 1.986879 6.126385 -1167.908593 -404.947203
36.000000 1.996406 5.750792 -1188.794718 -422.174645
36.050000 2.000820 5.374315 -1213.493237 -445.178178
36.100000 1.967118 5.429220 -1218.694888 -463.321681
36.150000 2.008408 6.383329 -1161.540854 -390.312244
36.200000 2.005266 5.866936 -1195.612629 -425.590534
36.250000 2.012716 5.193726 -1237.780108 -464.897346
36.300000 1.980537 5.008846 -1242.481279 -481.955033
36.350000 1.998634 5.737278 -1193.100257 -425.624715
36.400000 2.025609 5.386668 -1211.550332 -433.716411
36.450000 2.008941 5.029107 -1228.776210 -457.343007
36.500000 1.999406 5.130638 -1221.008433 -453.236631
36.550000 1.999610 5.308228 -1209.960427 -442.110325
36.600000 1.976356 5.938932 -1163.881386 -404.960682
36.650000 1.987558 5.420335 -1204.614093 -441.391685
36.700000 1.994620 5.602422 -1206.911654 -440.977478
36.750000 2.001686 6.255105 -1168.991849 -400.344485
36.800000 2.028990 5.667556 -1204.704318 -425.572161
36.850000 2.011486 4.910999 -1245.752004 -473.341557
36.900000 1.981774 4.676966 -1260.764727 -499.763336
36.950000 2.016842 5.583304 -1197.989125 -423.521816
37.000000 1.990039 4.847507 -1249.230778 -485.055626
37.050000 2.002147 4.944829 -1245.345216 -476.520855
37.100000 1.998585 4.819521 -1246.538405 -479.081609
37.150000 1.998505 4.989990 -1238.155091 -470.729295
37.200000 1.992027 5.395055 -1209.076170 -444.137835
37.250000 2.006492 5.094218 -1226.400520 -455.907637
37.300000 2.014596 4.507493 -1263.098183 -489.493372
37.350000 1.999721 5.359060 -1212.693149 -444.800457
37.400000 2.035193 5.123099 -1226.566535 -445.052319
37.450000 2.006043 4.115076 -1288.305296 -517.984610
37.500000 1.993876 3.180045 -1095.729096 -330.080579
37.550000 2.005973 2.582438 -1142.898617 -372.604974
37.600000 2.012935 2.619858 -1136.302644 -363.335460
37.650000 1.984928 2.890225 -1113.433010 -351.220560
37.700000 1.987717 2.904557 -1112.124906 -348.841523
37.750000 1.998476 3.360805 -1078.081669 -310.667041
37.800000 1.995789 3.292385 -1077.965398 -311.582258
37.850000 2.011778 3.078553 -1087.858966 -315.336032
37.900000 1.964557 3.247725 -1083.813169 -329.423463
37.950000 2.016215 3.532402 -1073.972314 -299.745580
38.000000 2.011151 3.770428 -1051.224491 -278.942638
38.050000 1.996578 3.739966 -1052.808061 -286.122044
38.100000 1.992021 3.217638 -1090.836414 -325.900481
38.150000 2.004501 2.892695 -1112.111788 -342.383377
38.200000 2.001065 2.567383 -1131.762679 -363.353654
38.250000 2.020054 2.401005 -1140.062026 -364.361299
38.300000 2.015742 2.404962 -1136.309001 -362.264172
38.350000 1.985387 2.613467 -1121.436684 -359.048051
38.400000 2.006283 2.424829 -1138.789007 -368.376188
38.450000 1.993693 2.735411 -1123.889779 -358.311654
38.500000 1.984861 3.356144 -1083.645389 -321.458908
38.550000 1.983999 3.549034 -1066.119936 -304.264327
38.600000 1.999504 3.269890 -1082.749012 -314.939363
38.650000 1.990920 3.194764 -1085.633716 -321.120396
38.700000 2.011363 3.150428 -1092.859621 -320.496132
38.750000 1.999597 3.080646 -1096.479787 -328.634714
38.800000 1.976532 3.435077 -1075.251533 -316.263287
38.850000 2.012349 3.361326 -1083.099258 -310.357192
38.900000 1.972736 3.124124 -1096.866440 -339.335686
38.950000 1.996296 3.261317 -1085.688597 -319.111006
39.000000 1.999323 3.242334 -1085.859844 -318.119824
39.050000 1.988937 3.597056 -1060.311335 -296.559426
39.100000 2.028057 3.143723 -1094.042928 -315.269009
39.150000 2.002080 2.675973 -1122.219728 -353.421174
39.200000 2.010393 3.229872 -1084.018287 -312.027326
39.250000 2.011003 2.886823 -1114.877711 -342.652531
39.300000 2.012833 3.518956 -1070.048683 -297.120737
39.350000 2.007497 3.739869 -1050.617409 -279.738396
39.400000 1.980461 4.241413 -1019.722556 -259.225344
39.450000 2.016079 3.031576 -1106.645336 -332.470817
39.500000 2.000491 2.959556 -1103.162993 -334.974600
39.550000 2.007520 2.890477 -1113.235092 -342.347577
39.600000 1.984621 3.522259 -1070.828392 -308.734114
39.650000 2.006515 3.519312 -1067.862572 -297.360667
39.700000 2.000557 3.037710 -1098.207181 -329.993384
39.750000 2.025378 2.934063 -1108.829334 -331.084074
39.800000 1.992475 2.885593 -1108.081625 -342.971055
39.850000 1.990204 3.218367 -1082.268860 -318.030690
39.900000 2.002072 3.125861 -1090.177569 -321.381884
39.950000 1.995737 3.052171 -1095.804145 -329.441250
40.000000 2.012410 2.500512 -1137.489201 -364.723679
40.050000 1.987799 2.484133 -1145.931791 -382.616826
40.100000 2.000905 2.817531 -1126.270515 -357.923091
40.150000 1.998295 3.032054 -1109.629246 -342.284121
40.200000 1.990844 3.728727 -1057.096898 -292.612962
40.250000 2.017520 2.925134 -1116.624189 -341.896331
40.300000 2.005493 2.381104 -1142.904652 -372.795446
40.350000 1.989760 2.410295 -1135.644944 -371.577092
40.400000 2.024121 2.512042 -1128.104863 -350.842542
40.450000 1.981175 2.785272 -1108.109160 -347.337905
40.500000 1.997765 2.945010 -1106.969952 -339.828305
40.550000 2.021002 2.876264 -1115.715225 -339.650400
40.600000 2.004081 2.565750 -1131.208140 -361.641113
40.650000 1.999524 2.900178 -1104.999723 -337.182412
40.700000 2.015405 2.513847 -1134.948697 -361.032986
40.750000 2.000829 2.885628 -1108.640529 -340.322086
40.800000 1.974102 3.229715 -1083.226738 -325.171651
40.850000 2.020356 3.071505 -1094.604784 -318.788098
40.900000 1.986394 3.136899 -1086.565927 -323.790590
40.950000 1.998312 2.978062 -1100.970893 -333.619161
41.000000 1.997614 3.110718 -1094.524668 -327.440848
41.050000 1.995592 2.666445 -1126.028314 -359.721004
41.100000 1.991862 3.299999 -1074.404637 -309.529780
41.150000 2.006818 2.845135 -1114.667278 -344.049039
41.200000 1.999058 3.078757 -1104.416020 -336.777759
41.250000 1.990160 3.336837 -1084.608913 -320.387530
41.300000 1.995772 3.285967 -1086.565530 -320.189058
41.350000 2.013296 3.553639 -1064.934773 -291.829074
41.400000 1.988429 3.482069 -1071.949029 -308.392280
41.450000 2.005227 4.152480 -1028.809434 -258.802397
41.500000 1.998591 3.439532 -1086.313727 -318.854772
41.550000 1.995097 3.442812 -1080.969357 -314.852208
41.600000 2.001280 2.880177 -1118.932570 -350.440946
41.650000 2.003059 3.070761 -1104.867757 -335.693129
41.700000 1.987088 3.428143 -1081.556481 -318.514524
41.750000 1.987966 3.711925 -1059.909570 -296.530719
41.800000 2.000252 3.519515 -1079.103152 -311.006233
41.850000 2.009911 3.372394 -1085.403344 -313.597517
41.900000 2.005744 3.018907 -1101.618182 -331.412411
41.950000 1.978080 3.524321 -1064.717967 -305.135274
42.000000 2.001853 3.187916 -1098.996125 -330.284455
42.050000 1.990549 3.346892 -1084.631819 -320.260912
42.100000 1.978329 2.877353 -1115.044538 -355.366070
42.150000 2.014095 2.977284 -1104.626372 -331.214048
42.200000 1.989233 2.670164 -1123.895973 -360.030644
42.250000 1.996662 3.058971 -1099.391508 -332.673417
42.300000 2.013592 2.763607 -1118.981928 -345.762550
42.350000 1.974140 3.238446 -1085.559626 -327.489724
42.400000 1.974650 3.380708 -1082.282764 -324.017328
42.450000 2.015285 3.046040 -1102.901745 -329.032198
42.500000 1.996790 2.344908 -1145.144708 -378.377204
42.550000 1.996428 2.396535 -1136.562910 -369.934393
42.600000 1.994949 2.799552 -1113.300358 -347.239962
42.650000 1.992674 3.162978 -1097.148881 -331.961972
42.700000 2.009300 2.643614 -1135.328995 -363.757705
42.750000 1.993871 3.207619 -1082.719131 -317.072613
42.800000 2.001198 2.754030 -1111.212433 -342.752579
42.850000 2.002190 2.914219 -1093.906002 -325.064925
42.900000 2.012251 3.044714 -1087.750551 -315.046199
42.950000 1.987783 2.889989 -1105.476022 -342.167159
43.000000 2.004118 3.375118 -1071.716094 -302.134816
43.050000 1.995294 2.517624 -1130.951172 -364.758253
43.100000 2.005804 2.485512 -1135.122734 -364.893885
43.150000 1.981815 3.152570 -1088.480385 -327.463357
43.200000 1.997689 3.469620 -1076.651869 -309.539387
43.250000 2.025885 3.042887 -1103.000844 -325.060969
43.300000 1.987945 2.889285 -1106.755746 -343.384722
43.350000 1.982888 3.158626 -1088.985380 -327.556518
43.400000 2.018453 2.728497 -1115.664294 -340.578217
43.450000 1.991215 2.640776 -1122.213783 -357.587386
43.500000 2.000235 2.487140 -1141.921112 -373.830709
43.550000 1.987992 3.322559 -1094.999210 -331.610333
43.600000 1.983475 3.944068 -1062.637872 -300.983656
43.650000 2.029878 3.335481 -1105.286681 -325.813414
43.700000 2.009034 2.619690 -1147.515839 -376.046970
43.750000 1.987669 2.882374 -1119.440641 -356.175765
43.800000 1.989645 2.942276 -1111.257106 -347.233580
43.850000 1.992143 2.595972 -1141.705789 -376.723043
43.900000 2.000527 3.431738 -1077.046511 -308.843965
43.950000 1.972093 3.417389 -1075.786001 -318.502101
44.000000 1.993410 3.237743 -1086.345089 -320.875759
44.050000 1.997012 2.985022 -1098.791570 -331.939094
44.100000 2.009808 2.954079 -1099.728225 -327.962136
44.150000 2.009644 2.261745 -1147.561170 -375.857746
44.200000 1.978518 2.548012 -1130.125532 -370.374623
44.250000 2.011597 3.439082 -1077.498753 -305.045609
44.300000 2.004206 2.993843 -1114.678639 -345.063695
44.350000 2.024417 2.759251 -1129.151755 -351.775640
44.400000 1.975823 3.023439 -1116.140090 -357.423976
44.450000 1.986508 3.871397 -1055.929932 -293.110949
44.500000 2.015836 3.156205 -1097.943425 -323.862480
44.550000 1.982461 3.078075 -1094.570105 -333.305044
44.600000 1.999465 2.850128 -1110.072480 -342.278073
44.650000 1.995859 2.986453 -1100.268382 -333.858603
44.700000 1.982047 3.814992 -1046.955797 -285.849736
44.750000 2.000894 3.770288 -1051.619831 -283.276618
44.800000 2.015198 3.012261 -1096.992604 -323.156430
44.850000 2.001503 2.909401 -1095.454693 -326.877543
44.900000 1.993193 2.830705 -1099.187696 -333.801472
44.950000 1.985375 2.935050 -1096.211071 -333.826935
45.000000 2.019434 1.322311 -980.495699 -205.033002
45.050000 1.991072 1.528780 -964.479229 -199.907640
45.100000 2.008368 1.791081 -945.378680 -174.165206
45.150000 1.994746 1.723989 -952.647252 -186.664622
45.200000 2.022979 1.973371 -935.590124 -158.766145
45.250000 1.999349 1.652619 -955.693942 -187.943751
45.300000 1.992277 1.482063 -969.954695 -204.920182
45.350000 1.987794 1.812464 -950.689440 -187.376525
45.400000 1.995730 2.120920 -929.703246 -163.342896
45.450000 1.995192 2.126491 -932.554229 -166.400376
45.500000 2.008528 1.888246 -953.975062 -182.700498
45.550000 2.016293 1.381820 -996.481186 -222.224753
45.600000 1.995678 1.858334 -957.266572 -190.926284
45.650000 1.994237 2.097576 -941.579302 -175.792485
45.700000 1.985177 2.117854 -938.183915 -175.876085
45.750000 2.019070 1.701780 -969.477586 -194.154875
45.800000 2.005299 1.339006 -992.090124 -222.055431
45.850000 2.004074 1.113942 -1007.850914 -238.286553
45.900000 1.981287 1.671165 -960.355624 -199.541452
45.950000 2.016073 1.218135 -1000.473976 -226.301793
46.000000 1.991176 1.880738 -943.725759 -179.114270
46.050000 1.994840 1.941289 -945.888648 -179.870248
46.100000 1.995165 2.196347 -927.988256 -161.844717
46.150000 2.020834 2.018956 -942.323201 -166.323124
46.200000 1.984521 1.771804 -962.222517 -200.166310
46.250000 2.003447 1.623412 -978.292066 -208.968540
46.300000 2.003550 1.381351 -1000.997586 -231.634195
46.350000 1.979030 1.782274 -972.332783 -212.385436
46.400000 1.997080 2.180436 -945.099950 -178.221241
46.450000 1.997400 1.806275 -970.273483 -203.271949
46.500000 2.003752 1.816797 -962.835779 -193.395157
46.550000 2.003049 1.586725 -975.208182 -206.037370
46.600000 1.990380 1.450013 -984.434532 -220.128750
46.650000 2.000835 1.867803 -953.585096 -185.264391
46.700000 1.978523 2.447203 -905.703641 -145.950826
46.750000 2.017195 2.014809 -947.348356 -172.745491
46.800000 2.002434 1.818969 -961.538438 -192.603852
46.850000 1.992603 1.785757 -967.670691 -202.510990
46.900000 1.995613 2.274256 -932.658040 -166.342547
46.950000 2.001722 2.040365 -945.363306 -176.702096
47.000000 2.011521 2.070034 -931.873668 -159.449481
47.050000 1.994667 1.419595 -982.426392 -216.474113
47.100000 1.969782 1.936944 -941.580030 -185.183716
47.150000 2.002939 2.095144 -936.048293 -166.919802
47.200000 2.003153 1.740760 -963.843725 -194.632969
47.250000 2.006406 1.646571 -965.205482 -194.745693
47.300000 1.996509 1.348669 -991.556229 -224.896959
47.350000 2.003109 2.044245 -932.511582 -163.317666
47.400000 2.010473 1.584448 -961.882663 -189.861064
47.450000 1.998604 1.037450 -1002.045078 -234.581119
47.500000 2.011196 1.493653 -966.479129 -194.180047
47.550000 2.001626 1.451211 -976.440698 -207.816467
47.600000 1.986141 1.499022 -981.438847 -218.760557
47.650000 1.995050 1.837583 -957.904256 -191.805158
47.700000 1.990476 1.848802 -957.307864 -192.965012
47.750000 2.006491 2.029759 -947.280558 -176.788204
47.800000 1.994238 1.850893 -961.902484 -196.115085
47.850000 2.015875 1.673112 -976.774925 -202.678826
47.900000 1.996352 2.039480 -941.917891 -175.318886
47.950000 1.984659 1.720411 -964.185275 -202.076343
48.000000 2.001306 1.763602 -961.665824 -193.164443
48.050000 2.008123 1.790267 -952.436602 -181.317376
48.100000 2.005448 1.973327 -928.992488 -158.900617
48.150000 2.020524 1.341075 -982.413351 -206.532136
48.200000 2.005904 1.373167 -984.189086 -213.921906
48.250000 2.009363 1.664495 -961.560048 -189.964762
48.300000 1.985579 1.866039 -948.578148 -186.115829
48.350000 2.017369 1.863635 -953.117504 -178.447873
48.400000 1.996350 1.554094 -975.173490 -208.575101
48.450000 2.006234 1.700860 -961.385320 -190.991626
48.500000 1.995436 1.636301 -965.029861 -198.782262
48.550000 1.998745 1.382037 -985.017846 -217.499889
48.600000 1.985303 2.051877 -924.646215 -162.289908
48.650000 2.003993 2.042435 -923.928541 -154.395252
48.700000 2.024283 1.329364 -984.523026 -207.198397
48.750000 1.993869 1.366896 -985.870385 -220.224843
48.800000 1.994246 2.121154 -933.450538 -167.660193
48.850000 2.016388 1.884700 -957.445821 -183.152934
48.900000 1.977567 1.963284 -948.662042 -189.276492
48.950000 2.015482 1.893710 -956.257736 -182.312473
49.000000 1.992121 1.800151 -965.295841 -200.321425
49.050000 2.006699 2.174748 -934.933838 -164.361322
49.100000 1.985263 1.976912 -947.291395 -184.950403
49.150000 2.014009 1.636773 -976.818911 -203.439445
49.200000 1.996514 1.749676 -958.561041 -191.899811
49.250000 1.979596 1.753371 -956.445459 -196.280507
49.300000 2.005122 1.742693 -953.408367 -183.441457
49.350000 1.988324 1.433745 -975.685369 -212.169064
49.400000 2.000242 1.802025 -945.476636 -177.383599
49.450000 1.998650 1.759647 -950.585439 -183.103966
49.500000 2.005250 1.769848 -942.466128 -172.450000
49.550000 2.007348 1.187874 -986.347195 -215.525527
49.600000 1.994111 1.251387 -986.459062 -220.720492
49.650000 2.002595 1.601754 -966.587046 -197.590550
49.700000 1.992485 2.126217 -931.183981 -166.069897
49.750000 2.004599 1.973294 -944.252927 -174.486738
49.800000 1.999986 1.923318 -945.977875 -177.983428
49.850000 2.004650 1.511040 -976.025766 -206.240137
49.900000 1.987205 1.572216 -964.812646 -201.725787
49.950000 1.999814 1.636947 -964.781168 -196.852492
50.000000 2.004259 1.789450 -953.278433 -183.643051
50.050000 1.993028 2.150205 -921.296389 -155.973532
50.100000 2.004775 1.613431 -967.427657 -197.594196
50.150000 1.998441 1.724586 -952.178428 -184.777218
50.200000 1.999373 1.557596 -963.494394 -195.735028
50.250000 2.006625 1.649169 -956.654728 -186.110917
50.300000 2.011091 1.602961 -967.163033 -194.903930
50.350000 1.996901 1.737525 -962.794544 -195.984519
50.400000 1.987491 1.835062 -965.027525 -201.831084
50.450000 1.997992 2.132125 -943.219812 -175.990878
50.500000 1.995475 1.734811 -969.654552 -203.392204
50.550000 1.989122 1.841873 -953.820226 -189.997473
50.600000 1.998689 1.824103 -960.596641 -193.100083
50.650000 2.023274 2.120285 -935.155754 -158.218548
50.700000 1.997213 1.755887 -958.745229 -191.815407
50.750000 2.001771 1.965068 -940.040844 -171.360608
50.800000 1.993051 1.915382 -943.446417 -178.114650
50.850000 2.007689 1.878787 -948.872863 -177.920473
50.900000 1.990970 2.065669 -930.039991 -165.507456
50.950000 1.986463 2.299972 -915.814415 -153.012736
51.000000 2.018186 2.200341 -926.887038 -151.903750
51.050000 1.997091 1.770370 -958.553007 -191.670073
51.100000 1.988352 1.715074 -967.771736 -204.244388
51.150000 2.003262 1.499297 -991.817914 -222.565175
51.200000 1.996368 1.681060 -974.104647 -207.499351
51.250000 2.012935 1.645834 -970.560802 -197.593892
51.300000 1.999486 1.216763 -998.514714 -230.712084
51.350000 1.993425 1.402250 -986.453898 -220.978685
51.400000 2.004392 1.718968 -965.482159 -195.795735
51.450000 1.999068 2.015046 -943.171928 -175.529664
51.500000 1.997392 1.968196 -949.051468 -182.052781
51.550000 1.994817 2.164371 -932.997675 -166.988118
51.600000 2.017011 1.860308 -955.262321 -180.730267
51.650000 1.991930 1.576483 -976.561545 -211.660269
51.700000 2.007366 1.893720 -954.027764 -183.199342
51.750000 2.000365 1.698280 -962.574188 -194.434147
51.800000 2.002798 1.519036 -963.325990 -194.251398
51.850000 2.006500 1.201250 -984.937055 -214.440981
51.900000 1.992297 1.387687 -968.486787 -203.444762
51.950000 2.002335 1.233457 -985.318850 -216.422274
52.000000 1.997292 1.115858 -1001.222268 -234.262260
52.050000 2.003680 1.463357 -982.127103 -212.714078
52.100000 2.007779 1.548734 -975.219121 -204.231914
52.150000 1.988497 1.661207 -967.646986 -204.064248
52.200000 1.995729 1.770462 -965.298474 -198.938352
52.250000 2.005358 1.724077 -964.797159 -194.739557
52.300000 1.992436 1.587454 -972.237556 -207.142131
52.350000 2.019058 1.916852 -947.407917 -172.089489
52.400000 1.991871 2.230893 -921.385030 -156.506439
52.450000 2.002409 1.586469 -975.930367 -207.005233
52.500000 1.990284 1.188905 -800.481644 -36.212442
52.550000 2.008843 0.784522 -835.190067 -63.794539
52.600000 1.994621 0.892498 -821.591528 -55.657194
52.650000 1.998323 0.938157 -814.196444 -46.840373
52.700000 2.000820 0.758910 -826.737492 -58.422623
52.750000 1.996989 0.983336 -802.928063 -36.084273
52.800000 2.001042 0.894741 -811.907477 -43.507201
52.850000 1.988855 1.160517 -784.554764 -20.834450
52.900000 2.009990 1.269243 -778.416560 -6.580407
52.950000 1.995929 0.925639 -813.592212 -47.155490
53.000000 2.009052 0.805865 -826.659527 -55.183617
53.050000 1.985156 1.181903 -789.294494 -26.994450
53.100000 2.003605 1.005405 -801.411885 -32.027480
53.150000 1.994089 0.818888 -808.226849 -42.496641
53.200000 1.996698 0.798555 -806.396199 -39.664047
53.250000 1.977147 1.342137 -755.882286 3.342100
53.300000 2.020856 1.115880 -777.602292 -1.593715
53.350000 1.989507 0.675931 -815.669187 -51.698353
53.400000 1.990903 0.906650 -797.791829 -33.284903
53.450000 2.000436 0.786163 -812.868763 -44.701462
53.500000 1.984754 0.794324 -815.457512 -53.311893
53.550000 2.007609 1.063937 -793.734698 -22.812658
53.600000 1.999663 0.788519 -826.403109 -58.532335
53.650000 1.990488 1.172323 -795.668070 -31.320690
53.700000 2.017126 1.427944 -772.949120 1.627276
53.750000 2.003120 0.944734 -815.577416 -46.379227
53.800000 2.006037 1.278471 -778.317697 -7.999360
53.850000 2.010879 0.776044 -825.924158 -53.746782
53.900000 1.992468 0.807073 -820.603621 -55.495726
53.950000 1.994136 1.136590 -794.793309 -29.045147
54.000000 1.986745 1.444432 -772.676209 -9.766125
54.050000 2.017601 1.455218 -769.684451 5.074387
54.100000 2.001526 1.026499 -805.594101 -37.008107
54.150000 2.009146 1.133732 -793.170472 -21.658471
54.200000 2.002196 0.704156 -830.321461 -61.478341
54.250000 1.984708 1.052140 -796.855807 -34.727793
54.300000 2.010758 0.997876 -809.225553 -37.094488
54.350000 1.996733 0.924024 -817.595570 -50.850131
54.400000 1.983672 1.063301 -811.853401 -50.123371
54.450000 1.996890 1.230885 -798.992815 -32.186865
54.500000 1.992729 1.239564 -797.767995 -32.559869
54.550000 1.996183 1.385477 -782.511484 -15.977212
54.600000 2.014160 1.081957 -808.002562 -34.565104
54.650000 1.980992 1.239789 -780.819718 -20.118959
54.700000 2.009290 0.904643 -810.811067 -39.243524
54.750000 1.988893 0.763815 -821.949968 -58.215086
54.800000 1.983306 1.074110 -790.814195 -29.224750
54.850000 1.997907 0.861306 -813.952834 -46.756572
54.900000 1.988245 1.154517 -788.117515 -24.631278
54.950000 2.012828 1.043168 -804.764397 -31.838574
55.000000 2.000933 0.869520 -818.500997 -50.142703
55.050000 1.995088 1.207446 -784.270168 -18.156462
55.100000 1.991635 0.942109 -814.422303 -49.634452
55.150000 2.009438 1.087521 -800.120179 -28.496092
55.200000 1.996530 0.878950 -810.722595 -44.055235
55.250000 2.000081 0.660272 -824.732325 -56.701306
55.300000 1.987150 0.867624 -804.808696 -41.743212
55.350000 2.013040 0.970864 -798.963420 -25.956049
55.400000 2.005356 0.808895 -814.774938 -44.718162
55.450000 1.995265 1.045287 -798.276731 -32.094959
55.500000 1.999157 1.029552 -818.911404 -51.235104
55.550000 2.009626 1.494621 -784.322452 -12.626055
55.600000 2.004777 1.177813 -816.454165 -46.619707
55.650000 1.998851 0.773132 -854.951197 -87.392397
55.700000 1.995579 1.332217 -799.760163 -33.457857
55.750000 2.004328 1.272967 -804.442156 -34.780135
55.800000 2.002945 1.001106 -827.756211 -58.625309
55.850000 1.994025 1.159871 -807.284732 -41.579091
55.900000 1.992196 1.060099 -815.012992 -50.009547
55.950000 1.986149 1.218388 -789.364617 -26.683244
56.000000 2.007010 0.704599 -828.812757 -58.121042
56.050000 2.012404 0.856096 -805.108025 -32.344986
56.100000 1.994137 0.963048 -796.340115 -30.591374
56.150000 1.985032 1.050864 -798.096417 -35.844157
56.200000 2.012063 1.143672 -794.185781 -21.553562
56.250000 2.006557 0.824345 -824.469381 -53.951410
56.300000 1.991260 1.001613 -809.987616 -45.343590
56.350000 1.999616 1.196815 -793.135445 -25.282858
56.400000 2.004323 1.046936 -814.758795 -45.098947
56.450000 2.003872 1.499351 -778.533795 -9.047115
56.500000 2.007947 1.405156 -789.052436 -18.000939
56.550000 1.995765 1.023092 -826.450296 -60.076572
56.600000 2.007021 1.417688 -790.554279 -19.858070
56.650000 2.018956 1.130705 -814.712343 -39.433247
56.700000 1.995048 0.822996 -838.166699 -72.068243
56.750000 2.003648 0.825722 -838.905762 -69.504918
56.800000 1.993498 1.024140 -816.968164 -51.464975
56.850000 2.006987 1.154157 -802.601489 -31.918577
56.900000 1.997447 0.814358 -832.751597 -65.731776
56.950000 1.984578 0.867605 -821.697550 -59.619519
57.000000 2.001316 0.923157 -815.845454 -47.340159
57.050000 2.008527 0.778243 -827.856494 -56.582168
57.100000 1.988221 1.082753 -797.706043 -34.229331
57.150000 1.997387 1.038566 -808.778825 -41.782217
57.200000 1.998131 1.130883 -799.028703 -31.746357
57.250000 2.011782 0.840763 -823.530199 -51.005822
57.300000 1.988309 1.121880 -794.127733 -30.616933
57.350000 2.010293 1.244368 -789.233150 -17.280599
57.400000 1.997957 1.069695 -809.822710 -42.607054
57.450000 2.002413 1.181769 -794.286190 -25.359463
57.500000 2.005554 1.044665 -804.053923 -33.921279
57.550000 1.975681 1.220881 -788.058820 -29.397261
57.600000 2.009097 1.290168 -786.822582 -15.329318
57.650000 1.988272 1.144491 -799.926930 -36.430437
57.700000 1.997616 1.203766 -789.183502 -22.098784
57.750000 2.003406 1.034699 -798.574850 -29.266841
57.800000 2.010126 0.745774 -819.597439 -47.708943
57.850000 1.990300 0.528331 -838.097137 -73.821999
57.900000 2.000853 0.847967 -804.307673 -35.980055
57.950000 1.985303 0.727708 -823.869778 -61.513461
58.000000 1.993867 1.350408 -768.710795 -3.065942
58.050000 2.003204 0.908935 -818.255215 -49.025002
58.100000 2.010789 1.051550 -803.539418 -31.396525
58.150000 1.999842 0.742679 -836.626482 -68.687263
58.200000 1.994725 1.211243 -790.220296 -24.245881
58.250000 2.004182 1.018711 -811.704132 -42.098161
58.300000 1.991453 1.101661 -802.723110 -38.005170
58.350000 1.999412 1.241506 -790.627100 -22.852978
58.400000 2.006074 0.939872 -814.062691 -43.730411
58.450000 2.000830 0.773034 -825.237070 -56.918209
58.500000 2.002587 0.890672 -818.246637 -49.253133
58.550000 2.010468 1.158507 -802.875731 -30.856012
58.600000 2.005196 1.410074 -778.618967 -8.623518
58.650000 2.017162 0.824476 -831.616978 -57.026585
58.700000 1.981068 0.962157 -815.662584 -54.932519
58.750000 2.012122 1.112949 -806.692516 -34.037635
58.800000 2.003308 0.862665 -829.241042 -59.970736
58.850000 1.988168 0.957061 -819.225403 -55.768732
58.900000 2.007779 1.279017 -793.675248 -22.688263
58.950000 1.992972 1.423911 -780.807612 -15.506220
59.000000 2.018579 1.036832 -812.723154 -37.588995
59.050000 1.995678 0.963083 -812.877875 -46.537620
59.100000 2.002869 1.068363 -807.676857 -38.575128
59.150000 1.990513 0.970182 -822.057867 -57.700784
59.200000 1.997041 1.208416 -800.728892 -33.865250
59.250000 2.012049 1.209166 -798.019074 -25.392400
59.300000 2.010529 1.118395 -800.237494 -28.194438
59.350000 1.990983 0.927585 -813.454223 -48.916655
59.400000 2.014964 0.932783 -809.454883 -35.708592
59.450000 2.006362 1.026423 -788.810957 -18.368040
59.500000 2.004270 0.831474 -806.061575 -36.421858
59.550000 1.980957 0.897185 -808.292234 -47.604811
59.600000 2.011573 1.428814 -760.550872 11.893290
59.650000 1.997992 1.140602 -792.962035 -25.733092
59.700000 2.004283 1.097977 -802.745371 -33.100848
59.750000 2.000644 1.325994 -780.374626 -12.127326
59.800000 2.000535 1.325315 -785.825206 -17.619628
59.850000 1.991900 1.358337 -781.549908 -16.660381
59.900000 2.002678 1.098632 -810.987435 -41.959270
59.950000 1.991649 1.478834 -775.378329 -10.584983
60.000000 2.005154 0.681111 -657.523108 112.456104
60.050000 2.006642 0.536034 -669.245853 101.304704
60.100000 2.004263 0.684423 -651.614914 118.022089
60.150000 2.005605 0.631586 -657.065576 113.086824
60.200000 2.000326 0.510172 -665.160950 102.964297
60.250000 2.003112 0.611624 -648.830917 120.364274
60.300000 2.003206 0.668915 -647.450782 121.780500
60.350000 1.984710 0.926385 -624.662816 137.465864
60.400000 1.994335 1.214285 -593.787120 172.037633
60.450000 2.015377 0.813457 -644.825493 129.079252
60.500000 1.990929 0.954490 -625.778699 138.738165
60.550000 2.001079 0.819925 -639.877574 128.536950
60.600000 1.999702 0.562090 -663.893465 103.992219
60.650000 2.000795 0.724999 -638.676831 129.628487
60.700000 2.003837 0.634921 -644.878556 124.594901
60.750000 2.009756 0.569394 -649.158096 122.588050
60.800000 2.004097 0.480432 -660.971468 108.601942
60.850000 1.997651 0.608259 -648.040707 119.057443
60.900000 2.003867 0.671102 -645.556149 123.928671
60.950000 1.991674 0.769710 -635.635289 129.167597
61.000000 2.015377 0.758732 -639.465051 134.439823
61.050000 2.003170 0.596394 -657.181920 112.035412
61.100000 1.979310 0.735244 -643.442614 116.612468
61.150000 1.995008 0.607101 -667.689386 98.393823
61.200000 2.005689 0.763454 -650.601592 119.583084
61.250000 1.987654 0.773032 -647.243870 116.015161
61.300000 1.999121 0.719840 -649.727969 117.934483
61.350000 2.007668 0.451761 -674.629875 96.314654
61.400000 1.989449 0.470435 -669.027142 94.921231
61.450000 1.983193 0.769459 -636.717892 124.828406
61.500000 1.999134 0.840083 -632.098594 135.569017
61.550000 1.999285 0.907108 -626.374481 141.350776
61.600000 2.008354 0.772368 -640.889469 130.318460
61.650000 2.002262 0.580513 -662.885812 105.982940
61.700000 1.993106 0.766094 -642.671853 122.681013
61.750000 2.003142 0.916085 -624.289350 144.917107
61.800000 2.008023 0.568886 -660.756634 110.324304
61.850000 2.008790 0.516832 -662.725137 108.650168
61.900000 2.001177 0.587979 -651.035004 117.416959
61.950000 1.993896 0.521058 -659.324884 106.331274
62.000000 1.998627 0.570761 -658.670163 108.802614
62.050000 2.000668 0.737742 -642.266198 125.990378
62.100000 1.983625 0.819837 -633.193101 128.519002
62.150000 2.006831 0.865171 -627.713375 142.909907
62.200000 1.995662 0.649214 -650.465363 115.868699
62.250000 2.006490 0.677078 -646.503653 123.988640
62.300000 1.985746 0.614479 -655.571018 106.955404
62.350000 2.008678 0.710802 -647.407110 123.925071
62.400000 1.994374 0.583495 -664.674701 101.165091
62.450000 1.997876 0.658345 -656.465921 110.718320
62.500000 2.003621 0.766469 -643.055733 126.334720
62.550000 2.003515 0.578725 -661.592470 107.757154
62.600000 2.006335 0.468015 -668.849749 101.582899
62.650000 1.989215 0.565227 -655.647842 108.210570
62.700000 2.000768 0.785907 -632.021008 136.274075
62.750000 1.998342 0.743201 -638.303170 129.060198
62.800000 2.003840 0.655994 -646.668814 122.805811
62.850000 2.004950 0.700468 -634.391327 135.509548
62.900000 2.013884 0.497188 -657.990613 115.340658
62.950000 1.997867 0.499046 -663.563034 103.617818
63.000000 1.998931 0.676981 -651.628827 115.960534
63.050000 1.984136 0.837000 -641.130661 120.777663
63.100000 2.006550 0.712057 -659.814517 110.700607
63.150000 1.996267 0.773994 -645.887214 120.679188
63.200000 1.991216 0.759677 -642.121103 122.505938
63.250000 1.998092 0.721363 -641.556765 125.710552
63.300000 2.002354 0.662097 -647.678892 121.225174
63.350000 1.985756 0.743742 -635.540186 126.990163
63.400000 2.007753 0.541831 -658.703683 112.273426
63.450000 1.998653 0.593494 -651.612493 115.870309
63.500000 2.007933 0.657187 -645.463931 125.582474
63.550000 1.995638 0.530119 -658.880839 107.444208
63.600000 2.000151 0.562707 -654.315842 113.742208
63.650000 2.004388 0.689559 -643.528119 126.157021
63.700000 1.999584 0.713645 -643.204282 124.636067
63.750000 2.015077 0.813100 -628.652740 145.136783
63.800000 2.008706 0.509628 -664.506987 106.836151
63.850000 1.993408 0.867891 -620.619204 144.849453
63.900000 1.992113 0.816602 -630.951123 134.020151
63.950000 2.004315 0.707576 -646.016525 123.640424
64.000000 1.999938 0.490752 -672.850741 95.125308
64.050000 1.987289 0.833815 -633.354687 129.764376
64.100000 2.029644 0.753349 -644.845892 134.537536
64.150000 1.988174 0.593382 -660.434703 103.023935
64.200000 1.994292 0.791446 -640.413108 125.394890
64.250000 2.001275 0.816967 -641.013292 127.476406
64.300000 1.988896 0.873315 -640.216377 123.519682
64.350000 2.009653 0.848393 -648.254765 123.451952
64.400000 1.996985 0.733900 -662.423747 104.418379
64.450000 1.984743 1.003318 -629.132933 133.008444
64.500000 2.020412 0.923290 -632.367439 143.470920
64.550000 2.002425 0.577503 -658.076434 110.854777
64.600000 1.994489 0.599330 -646.629641 119.254165
64.650000 1.993184 0.602420 -645.289880 120.092744
64.700000 2.008244 0.590637 -644.016939 127.148921
64.750000 1.987240 0.522874 -649.052750 114.047586
64.800000 2.007503 0.598123 -640.065484 130.815840
64.850000 2.005875 0.430255 -664.095347 106.160505
64.900000 1.993484 0.511464 -666.606974 98.890754
64.950000 1.982056 1.100017 -611.094542 150.014795
65.000000 2.010569 1.079341 -630.291922 141.766391
65.050000 1.994989 1.031617 -640.265906 125.809942
65.100000 2.008971 0.813664 -663.432601 108.012135
65.150000 2.004459 0.565124 -687.586041 82.126294
65.200000 2.008068 0.812200 -657.955349 113.142882
65.250000 1.992503 0.681067 -679.371566 85.749708
65.300000 1.994615 1.016845 -637.561141 128.371053
65.350000 2.004670 0.798796 -661.813438 107.979900
65.400000 2.002705 0.548440 -688.629633 80.409088
65.450000 2.006568 0.592034 -679.404752 91.117463
65.500000 1.994208 0.665337 -665.826209 99.949476
65.550000 2.011777 0.616454 -664.671577 107.850873
65.600000 2.004864 0.463180 -669.174097 100.693537
65.650000 1.992986 0.411392 -668.427708 96.878932
65.700000 1.988535 0.524945 -658.684426 104.912846
65.750000 2.008656 0.653387 -651.372103 119.951948
65.800000 2.000418 0.759267 -641.820926 126.339750
65.850000 2.008299 0.754644 -644.367632 126.819086
65.900000 2.000595 0.505587 -679.055222 89.173251
65.950000 2.000376 0.627118 -668.454866 99.689482
66.000000 2.004040 0.611485 -674.196186 95.355301
66.050000 1.992895 0.704954 -664.834731 100.437010
66.100000 2.000436 0.800249 -654.240913 113.926529
66.150000 1.998606 0.868237 -645.721283 121.743411
66.200000 2.003585 0.716089 -659.180859 110.195697
66.250000 1.989484 0.670590 -658.664556 105.297265
66.300000 1.995287 0.731676 -653.249555 112.940722
66.350000 2.009589 0.644458 -662.896820 108.785395
66.400000 1.991911 0.685824 -651.567020 113.326953
66.450000 1.999289 0.737612 -641.722930 126.004179
66.500000 2.005448 0.565787 -663.782601 106.309348
66.550000 1.999011 0.704317 -650.478674 117.141369
66.600000 1.995823 0.708149 -656.064913 110.331015
66.650000 1.992619 0.877472 -638.622148 126.543697
66.700000 1.999524 0.821124 -645.072163 122.744868
66.750000 2.003676 0.548439 -674.533370 94.878154
66.800000 1.990137 0.765318 -643.352017 120.860574
66.850000 2.001976 0.764969 -641.109230 127.649745
66.900000 2.008855 0.530041 -663.770291 107.629926
66.950000 1.995397 0.628627 -646.928582 119.304045
67.000000 1.998401 0.860648 -621.041432 146.344442
67.050000 2.001748 0.776610 -635.837604 132.833622
67.100000 1.997911 0.641980 -652.158487 115.039345
67.150000 1.992005 0.929677 -614.956503 149.973529
67.200000 1.999848 0.853803 -624.667546 143.274154
67.250000 1.999796 0.666904 -641.795443 126.126082
67.300000 2.004442 0.575144 -650.388634 119.317093
67.350000 1.995160 0.869964 -616.584462 149.557145
67.400000 2.022024 0.879702 -620.226135 156.231185
67.450000 1.988348 0.691858 -643.757425 119.768351
