# t Temp Pres Epot Etot
0.000000 2.048126 27.862225 -1452.784575 -666.304336
0.050000 1.992583 29.073934 -1395.148102 -629.996126
0.100000 1.986492 28.968973 -1401.541029 -638.728256
0.150000 2.011714 29.176303 -1390.723216 -618.224878
0.200000 2.019834 29.852592 -1362.295296 -586.679054
0.250000 1.991959 27.067138 -1486.625425 -721.713059
0.300000 1.950006 29.712557 -1364.354283 -615.551892
0.350000 1.981842 30.115081 -1349.497812 -588.470639
0.400000 2.010822 28.400162 -1428.875033 -656.719247
0.450000 2.026124 27.691295 -1458.385183 -680.353489
0.500000 1.984682 28.556525 -1417.811753 -655.694045
0.550000 1.999761 29.900997 -1357.959321 -590.051059
0.600000 2.022195 29.183693 -1388.800012 -612.276979
0.650000 2.014073 28.339308 -1428.090727 -654.686825
0.700000 2.000587 28.308114 -1430.038587 -661.813356
0.750000 1.980462 28.306213 -1428.758055 -668.260642
0.800000 2.017433 29.408048 -1380.642843 -605.948469
0.850000 1.994634 29.489239 -1379.232089 -613.292555
0.900000 1.977202 29.368215 -1381.310494 -622.065102
0.950000 2.021506 28.379018 -1425.820286 -649.562010
1.000000 1.963695 28.610341 -1415.330320 -661.271515
1.050000 2.010389 28.518010 -1422.125299 -650.136107
1.100000 1.982140 29.539803 -1379.493891 -618.352144
1.150000 2.030643 28.539494 -1425.271648 -645.504791
1.200000 1.988169 28.013639 -1443.658016 -680.200956
1.250000 2.019076 28.734488 -1411.734474 -636.409446
1.300000 1.978440 29.207548 -1391.911219 -632.190324
1.350000 1.995594 29.848451 -1367.009173 -600.701155
1.400000 2.006026 29.162366 -1394.232341 -623.918464
1.450000 2.005262 28.588474 -1415.976129 -645.955472
1.500000 1.992958 28.204348 -1433.276787 -667.980849
1.550000 1.979252 29.200562 -1388.901455 -628.868727
1.600000 2.019142 28.624348 -1415.787748 -640.437239
1.650000 1.980812 28.326947 -1427.560952 -666.929265
1.700000 1.976912 28.771879 -1406.388458 -647.254076
1.750000 1.997594 28.654779 -1415.646052 -648.570075
1.800000 1.973643 30.712000 -1321.330423 -563.451512
1.850000 2.012897 27.429821 -1469.507619 -696.555178
1.900000 2.012118 28.505775 -1421.113033 -648.459757
1.950000 1.947411 29.029112 -1394.362249 -646.556286
2.000000 2.012086 29.111661 -1393.405298 -620.764351
2.050000 2.004861 28.513147 -1419.248803 -649.382184
2.100000 2.021290 29.015624 -1397.391429 -621.215985
2.150000 2.015600 28.846466 -1409.416997 -635.426516
2.200000 2.011627 29.335506 -1385.404953 -612.940362
2.250000 2.008047 28.775560 -1408.159557 -637.069461
2.300000 1.985074 28.356901 -1427.849231 -665.580812
2.350000 2.010576 31.100968 -1306.315891 -534.254538
2.400000 1.992169 29.074235 -1401.330449 -636.337391
2.450000 2.028741 27.804708 -1454.113109 -675.076376
2.500000 1.950819 27.880215 -1447.117229 -698.002788
2.550000 1.996651 29.142093 -1390.534707 -623.820700
2.600000 1.972019 30.478946 -1328.439711 -571.184579
2.650000 1.986738 28.334265 -1427.828345 -664.920898
2.700000 1.982293 28.888847 -1402.059196 -640.858498
2.750000 2.011934 27.885937 -1446.448322 -673.865564
2.800000 1.966644 28.362826 -1427.562550 -672.371291
2.850000 1.958340 29.822205 -1363.763753 -611.761047
2.900000 2.013641 28.491015 -1421.323812 -648.085684
2.950000 2.003517 29.681905 -1369.077923 -599.727302
3.000000 1.999200 29.140989 -1392.998659 -625.305814
3.050000 2.026438 28.835574 -1407.419924 -629.267780
3.100000 2.009230 26.679118 -1502.451947 -730.907682
3.150000 1.954722 29.240017 -1386.856111 -636.242741
3.200000 1.975344 29.525477 -1376.139537 -617.607273
3.250000 1.984033 29.972783 -1356.383850 -594.514991
3.300000 2.036509 29.304011 -1392.515603 -610.496007
3.350000 1.979197 28.040644 -1439.276083 -679.264475
3.400000 1.982898 29.625376 -1372.095892 -610.662939
3.450000 2.013888 28.356505 -1430.560457 -657.227614
3.500000 1.985095 28.988102 -1398.546385 -636.269750
3.550000 1.953456 29.695453 -1366.658595 -616.531601
3.600000 2.008831 27.861492 -1450.434115 -679.043054
3.650000 1.967675 28.568646 -1414.355177 -658.768089
3.700000 1.964768 27.690106 -1456.798259 -702.327465
3.750000 2.041429 30.352268 -1342.182024 -558.273144
3.800000 2.017694 28.690676 -1414.747320 -639.953015
3.850000 2.003048 28.943954 -1407.325103 -638.154559
3.900000 1.964923 30.655903 -1324.883103 -570.352507
3.950000 2.018037 28.912973 -1405.835214 -630.908922
4.000000 2.016498 28.551819 -1419.841940 -645.506588
4.050000 1.985630 27.565849 -1460.963554 -698.481625
4.100000 1.972986 29.801176 -1361.132627 -603.506117
4.150000 2.005027 28.973603 -1400.631772 -630.701567
4.200000 1.972390 28.324156 -1427.384293 -669.986550
4.250000 2.014208 29.316217 -1384.624432 -611.168655
4.300000 1.970576 28.405591 -1424.746914 -668.045742
4.350000 2.010694 29.423771 -1384.142962 -612.036329
4.400000 2.007286 29.279045 -1387.648141 -616.850413
4.450000 1.997882 28.894562 -1403.998776 -636.812014
4.500000 2.001314 27.559829 -1462.149618 -693.645043
4.550000 1.999245 29.327891 -1383.601545 -615.891616
4.600000 1.992775 28.429352 -1422.902563 -657.677118
4.650000 1.989218 28.605248 -1415.384724 -651.524872
4.700000 2.008961 30.041514 -1355.560730 -584.119683
4.750000 2.000149 30.626787 -1324.260050 -556.202988
4.800000 2.023269 28.263774 -1432.778094 -655.842647
4.850000 2.017565 29.907199 -1358.128240 -583.383183
4.900000 1.978812 27.682790 -1455.676158 -695.812318
4.950000 2.028479 28.890083 -1405.522373 -626.586528
5.000000 1.981430 28.895657 -1400.798072 -639.929090
5.050000 2.003721 28.204303 -1436.527424 -667.098673
5.100000 2.000678 29.663491 -1370.796006 -602.535649
5.150000 1.967167 28.334782 -1427.819114 -672.426914
5.200000 2.003545 27.996780 -1445.916648 -676.555519
5.250000 1.993116 27.740931 -1455.055123 -689.698718
5.300000 1.988585 28.847260 -1405.531550 -641.914784
5.350000 2.004434 28.823623 -1408.761831 -639.059265
5.400000 2.009354 28.529566 -1420.672873 -649.080980
5.450000 1.999679 30.051732 -1351.323648 -583.447093
5.500000 1.998239 29.061827 -1394.319975 -626.996056
5.550000 1.993586 28.371536 -1429.287317 -663.750417
5.600000 2.015815 27.343969 -1474.339185 -700.266249
5.650000 1.994491 28.358074 -1430.190266 -664.305620
5.700000 2.020787 30.502834 -1334.009093 -558.026837
5.750000 2.007014 27.095880 -1482.935845 -712.242389
5.800000 2.001874 29.561875 -1374.966950 -606.247360
5.850000 1.990423 28.944450 -1397.988682 -633.666089
5.900000 2.015915 28.366605 -1428.672273 -654.561040
5.950000 1.988131 28.644567 -1414.572512 -651.130031
6.000000 1.980294 27.356820 -1472.109460 -711.676480
6.050000 2.009450 29.801380 -1364.757700 -593.128877
6.100000 2.016585 29.343073 -1385.797285 -611.428597
6.150000 2.015490 28.159249 -1438.830989 -664.882701
6.200000 2.002054 28.604198 -1415.751558 -646.962855
6.250000 1.969290 28.433451 -1421.331338 -665.123989
6.300000 1.991348 30.217175 -1345.505493 -580.827878
6.350000 2.029595 29.525876 -1375.236940 -595.872537
6.400000 1.991089 29.909978 -1356.409665 -591.831528
6.450000 1.995451 27.463035 -1470.261360 -704.008110
6.500000 2.006995 27.606737 -1462.483453 -691.797189
6.550000 2.001849 27.740879 -1455.450262 -686.740134
6.600000 2.008657 29.192992 -1390.183537 -618.859133
6.650000 2.003092 28.313160 -1430.256981 -661.069684
6.700000 1.974769 29.445317 -1379.130491 -620.819186
6.750000 1.976296 29.854982 -1355.121654 -596.224056
6.800000 2.012852 30.273730 -1342.088359 -569.153320
6.850000 2.008383 27.972700 -1444.744074 -673.525102
6.900000 1.983170 29.552175 -1374.126778 -612.589632
6.950000 2.002350 28.628065 -1418.586259 -649.683935
7.000000 2.052809 29.348045 -1385.186138 -596.907472
7.050000 1.970872 28.619269 -1413.248694 -656.433738
7.100000 2.001455 27.469916 -1468.103381 -699.544558
7.150000 1.983326 30.170926 -1345.460843 -583.863526
7.200000 2.020440 29.458392 -1379.456811 -603.607952
7.250000 2.022431 27.642749 -1461.306686 -684.693091
7.300000 1.973310 28.973185 -1396.768234 -639.017263
7.350000 1.983066 29.349468 -1383.489882 -621.992567
7.400000 2.026674 28.667247 -1413.859696 -635.616825
7.450000 1.980450 28.611897 -1415.545000 -655.052165
7.500000 2.012601 17.021265 -1548.038463 -775.199778
7.550000 1.980244 17.563871 -1525.477228 -765.063491
7.600000 1.978593 18.822462 -1466.655231 -706.875508
7.650000 2.012987 18.400501 -1485.913256 -712.926429
7.700000 2.015197 16.682439 -1568.675154 -794.839632
7.750000 1.992480 16.047677 -1599.257374 -834.144881
7.800000 1.988763 17.840112 -1511.152092 -747.467106
7.850000 2.002836 16.700656 -1567.087851 -797.999010
7.900000 1.985390 16.968577 -1552.067437 -789.677818
7.950000 2.006918 18.207660 -1498.958495 -728.301867
8.000000 1.987514 18.162420 -1495.778590 -732.573051
8.050000 1.963719 19.717258 -1420.495914 -666.427843
8.100000 2.018374 18.302635 -1494.950086 -719.894317
8.150000 2.017364 17.568295 -1528.494373 -753.826676
8.200000 1.976436 17.956676 -1509.834858 -750.883600
8.250000 2.008247 17.538717 -1531.649550 -760.482576
8.300000 1.984487 19.286582 -1442.878199 -680.835100
8.350000 2.010584 17.779680 -1516.349668 -744.285511
8.400000 1.980299 16.775592 -1559.512256 -799.077381
8.450000 1.963108 17.853400 -1510.516308 -756.683009
8.500000 2.013612 17.552429 -1528.087451 -754.860304
8.550000 2.012742 16.682473 -1567.503506 -794.610581
8.600000 1.994637 17.406945 -1534.192725 -768.252178
8.650000 2.003129 17.888201 -1513.709952 -744.508269
8.700000 1.992117 18.317610 -1492.494177 -727.521340
8.750000 1.986471 18.543219 -1481.731987 -718.927041
8.800000 2.011001 17.424941 -1534.437222 -762.212966
8.850000 1.996311 17.498484 -1530.949321 -764.365986
8.900000 2.006729 17.467975 -1529.576223 -758.992138
8.950000 2.025195 17.671747 -1519.542256 -741.867259
9.000000 1.990730 16.602567 -1567.402248 -802.961842
9.050000 2.022125 17.232287 -1536.888416 -760.392570
9.100000 1.968273 16.447584 -1576.642122 -820.825451
9.150000 1.981503 17.274960 -1540.112051 -779.214810
9.200000 1.998684 17.548189 -1526.100285 -758.605731
9.250000 1.993446 17.871578 -1514.194145 -748.710846
9.300000 1.995469 18.203083 -1491.976301 -725.716312
9.350000 2.016346 16.755832 -1565.276644 -790.999608
9.400000 1.984096 18.220327 -1494.086060 -732.193215
9.450000 2.009879 19.036454 -1454.209125 -682.415713
9.500000 2.004147 17.976202 -1505.719737 -736.127426
9.550000 1.977338 17.984673 -1506.166173 -746.868538
9.600000 2.015476 17.134025 -1551.621984 -777.679243
9.650000 2.005391 16.827596 -1564.230666 -794.160588
9.700000 1.981403 16.397659 -1579.663431 -818.804865
9.750000 2.012492 17.292970 -1538.162827 -765.366073
9.800000 2.019451 19.165937 -1449.710526 -674.241375
9.850000 2.014768 16.436336 -1581.526497 -807.855719
9.900000 1.988492 17.507605 -1525.663991 -762.083055
9.950000 1.976340 18.693973 -1472.239583 -713.325125
10.000000 2.017666 17.497142 -1531.933615 -757.149782
10.050000 1.967057 17.208833 -1543.343234 -787.993496
10.100000 1.993924 19.073537 -1457.994188 -692.327433
10.150000 2.008286 18.123103 -1499.209228 -728.027358
10.200000 2.002492 17.844943 -1511.561241 -742.604390
10.250000 2.038630 16.018460 -1599.772708 -816.938964
10.300000 1.970928 16.053233 -1597.214885 -840.378511
10.350000 1.994008 18.071056 -1499.553844 -733.854901
10.400000 1.967727 18.304262 -1488.448993 -732.841789
10.450000 2.005953 18.827445 -1466.469987 -696.183853
10.500000 1.988371 18.000473 -1499.589495 -736.055158
10.550000 2.001959 17.969542 -1507.592083 -738.839999
10.600000 1.970117 17.806814 -1512.751304 -756.226287
10.650000 2.008178 18.356350 -1488.831950 -717.691601
10.700000 1.977932 18.402782 -1489.614007 -730.088069
10.750000 2.014879 17.282133 -1542.732638 -769.018955
10.800000 2.015266 17.002781 -1551.365000 -777.502845
10.850000 1.973929 17.179606 -1542.241617 -784.253026
10.900000 2.038467 16.987543 -1554.663631 -771.892333
10.950000 1.964724 18.001267 -1505.477276 -751.023279
11.000000 2.021332 18.841434 -1466.984139 -690.792827
11.050000 1.990398 17.338326 -1535.737982 -771.425178
11.100000 2.005077 17.507612 -1530.079292 -760.129864
11.150000 2.018782 17.681420 -1523.612655 -748.400301
11.200000 1.985898 16.660464 -1570.641052 -808.056405
11.250000 1.976429 18.683285 -1477.612851 -718.664156
11.300000 2.020587 17.715969 -1521.096832 -745.191471
11.350000 1.984272 18.513039 -1481.797636 -719.837137
11.400000 2.044275 17.160397 -1546.930900 -761.929366
11.450000 1.985492 17.564938 -1521.615624 -759.186665
11.500000 2.021381 17.498436 -1533.333582 -757.123273
11.550000 1.996415 17.773719 -1518.250295 -751.626854
11.600000 1.996975 17.402686 -1533.950384 -767.112009
11.650000 2.015585 17.680602 -1521.487427 -747.502964
11.700000 2.016470 16.592617 -1571.866357 -797.541788
11.750000 1.975550 17.800491 -1512.348055 -753.736835
11.800000 1.991339 19.388268 -1437.090230 -672.416101
11.850000 2.043697 17.967469 -1510.468548 -725.688846
11.900000 1.992073 16.924607 -1557.480833 -792.524747
11.950000 2.013167 18.589424 -1479.347566 -706.291416
12.000000 2.003126 19.504228 -1432.130468 -662.930220
12.050000 2.019619 18.343416 -1489.920408 -714.386529
12.100000 2.006028 17.695127 -1519.465580 -749.150708
12.150000 2.000026 16.824548 -1561.999595 -793.989438
12.200000 1.999929 18.847602 -1466.012338 -698.039530
12.250000 1.992457 17.378829 -1534.953791 -769.850217
12.300000 2.026083 17.730964 -1523.709727 -745.693861
12.350000 1.988360 18.179929 -1499.668648 -736.138591
12.400000 1.986849 17.707633 -1521.084577 -758.134727
12.450000 1.998115 17.212656 -1544.459415 -777.183162
12.500000 1.993669 18.075399 -1508.259240 -742.690258
12.550000 2.011127 17.059259 -1551.663617 -779.390979
12.600000 2.007915 16.727201 -1565.811026 -794.771562
12.650000 2.003733 17.388469 -1534.156846 -764.723535
12.700000 2.012487 16.974069 -1554.416652 -781.621509
12.750000 1.996155 17.510685 -1529.959412 -763.435945
12.800000 1.998648 17.245788 -1546.263770 -778.782815
12.850000 1.999779 17.812995 -1516.164325 -748.249334
12.900000 1.987704 17.903783 -1513.137479 -749.859323
12.950000 1.980305 18.974938 -1462.777410 -702.340196
13.000000 1.994440 17.809815 -1518.729335 -752.864298
13.050000 2.000852 17.340729 -1538.292405 -769.965209
13.100000 2.001565 17.105230 -1547.610141 -779.009286
13.150000 2.009625 17.416348 -1537.077687 -765.381528
13.200000 1.990939 15.612715 -1615.928470 -851.407902
13.250000 1.956414 19.059694 -1451.075249 -699.812162
13.300000 1.982304 18.661450 -1474.707024 -713.502251
13.350000 2.012300 18.757586 -1469.456392 -696.733050
13.400000 2.004811 18.115155 -1499.553566 -729.706266
13.450000 2.032280 18.529540 -1484.003483 -703.608129
13.500000 1.981805 17.409217 -1530.459029 -769.445801
13.550000 1.998494 17.434199 -1532.527438 -765.105601
13.600000 2.010835 16.114291 -1598.237240 -826.076675
13.650000 2.013684 16.994346 -1549.931664 -776.677011
13.700000 1.964211 17.143826 -1546.575961 -792.318811
13.750000 2.013328 18.645857 -1475.403080 -702.285040
13.800000 2.023860 17.969397 -1505.949986 -728.787896
13.850000 1.984265 18.337196 -1491.886942 -729.929145
13.900000 2.002160 18.859364 -1468.771253 -699.941881
13.950000 2.048712 18.331299 -1492.564003 -705.858426
14.000000 1.977234 18.966974 -1461.937023 -702.679307
14.050000 2.025436 17.559357 -1529.899157 -752.131834
14.100000 2.006461 17.597185 -1524.670565 -754.189536
14.150000 1.974527 18.001638 -1506.012492 -747.794279
14.200000 1.992097 18.755601 -1472.191334 -707.225902
14.250000 1.978830 17.943370 -1508.635941 -748.765125
14.300000 1.984518 17.057178 -1550.999173 -788.944312
14.350000 2.009365 17.394741 -1538.687182 -767.091044
14.400000 1.985104 17.433537 -1531.457974 -769.178128
14.450000 2.039090 17.362202 -1536.395423 -753.385040
14.500000 2.000244 16.448679 -1577.309686 -809.216033
14.550000 1.963135 18.417703 -1481.962555 -728.118854
14.600000 2.016137 17.548301 -1530.952678 -756.755986
14.650000 2.002825 17.389511 -1534.413013 -765.328325
14.700000 2.017803 17.364766 -1536.516390 -761.680072
14.750000 1.978542 18.264749 -1492.236412 -732.476450
14.800000 1.982915 19.014429 -1455.079409 -693.640074
14.850000 1.992814 17.349480 -1534.996150 -769.755450
14.900000 2.014230 17.476830 -1533.598407 -760.134150
14.950000 1.992405 17.062063 -1549.909879 -784.826185
15.000000 2.012102 13.930955 -1349.989260 -577.342246
15.050000 1.993670 14.576377 -1324.149273 -558.580014
15.100000 1.996635 15.306977 -1289.717081 -523.009258
15.150000 1.999607 15.496373 -1276.111155 -508.262151
15.200000 2.022873 14.075668 -1349.177239 -572.394062
15.250000 2.006809 14.333153 -1333.957424 -563.342635
15.300000 1.989094 14.581870 -1322.836686 -559.024495
15.350000 2.007198 15.572563 -1267.547642 -496.783474
15.400000 1.986726 14.712669 -1311.816626 -548.913828
15.450000 2.018091 15.214075 -1293.096125 -518.149097
15.500000 1.990052 15.329228 -1288.779312 -524.599355
15.550000 1.961407 16.102870 -1251.622738 -498.442440
15.600000 2.017539 16.158626 -1253.948376 -479.213251
15.650000 1.973918 15.325612 -1293.012318 -535.027634
15.700000 2.016580 15.816393 -1267.905360 -493.538686
15.750000 1.998071 15.400961 -1284.616118 -517.356879
15.800000 2.014255 15.231234 -1292.187168 -518.713244
15.850000 1.998430 15.712790 -1264.230328 -496.833361
15.900000 2.009888 15.884555 -1255.066177 -483.269374
15.950000 2.003017 15.253435 -1288.863619 -519.705269
16.000000 1.992502 15.577724 -1278.521386 -513.400668
16.050000 2.030293 15.150950 -1307.027046 -527.394690
16.100000 2.012673 15.082565 -1304.797224 -531.930852
16.150000 1.988311 16.097855 -1243.891659 -480.380153
16.200000 2.007494 14.670556 -1321.942534 -551.064786
16.250000 1.997233 15.272007 -1294.337383 -527.399785
16.300000 2.026249 15.775273 -1269.560427 -491.480843
16.350000 2.041197 14.486897 -1329.913124 -546.093317
16.400000 2.012059 14.410562 -1331.626062 -558.995295
16.450000 1.973108 15.263694 -1293.030938 -535.357483
16.500000 2.009341 14.986161 -1306.662005 -535.074907
16.550000 1.997311 14.673791 -1319.037574 -552.070284
16.600000 2.014151 16.604460 -1219.232930 -445.798869
16.650000 2.031316 15.331695 -1294.066037 -514.040642
16.700000 1.987349 15.104158 -1294.193953 -531.051996
16.750000 1.983942 15.648849 -1261.272229 -499.438572
16.800000 2.000377 15.150568 -1296.993596 -528.849005
16.850000 2.003156 15.207900 -1285.989664 -516.777690
16.900000 1.971578 14.591427 -1317.520543 -560.434726
16.950000 2.000630 13.336232 -1389.259556 -621.017670
17.000000 1.986884 15.111314 -1292.510416 -529.546776
17.050000 1.973116 15.304567 -1280.113470 -522.436971
17.100000 2.010888 14.558251 -1326.951209 -554.770223
17.150000 1.979457 15.055244 -1298.628609 -538.516981
17.200000 2.006233 15.203664 -1294.937805 -524.544487
17.250000 1.990692 16.975455 -1206.461424 -442.035517
17.300000 1.990673 14.999241 -1311.829879 -547.411313
17.350000 1.999079 15.947030 -1263.495215 -495.848823
17.400000 1.998662 15.018258 -1303.176394 -535.690083
17.450000 2.020062 15.270279 -1291.164068 -515.460079
17.500000 1.991191 15.155686 -1298.139155 -533.521734
17.550000 1.993735 15.454144 -1279.213034 -513.618833
17.600000 2.006763 14.592961 -1325.655780 -555.058758
17.650000 2.007347 14.260582 -1343.807519 -572.986187
17.700000 1.974134 16.023249 -1247.062203 -488.994780
17.750000 1.988537 16.241601 -1231.992831 -468.394676
17.800000 1.996830 15.501616 -1273.785312 -507.002547
17.850000 2.006147 15.470033 -1272.689120 -502.328513
17.900000 1.974360 14.989931 -1295.152604 -536.998221
17.950000 1.989861 15.858391 -1252.180938 -488.074436
18.000000 1.995897 15.544282 -1280.861120 -514.436853
18.050000 2.034409 16.595431 -1231.659240 -450.446032
18.100000 1.995915 16.119581 -1247.688726 -481.257322
18.150000 1.992441 15.451316 -1285.781594 -520.684424
18.200000 2.008228 16.053640 -1257.898961 -486.739473
18.250000 2.016415 16.261898 -1243.778669 -469.475393
18.300000 1.985068 15.278110 -1293.583963 -531.317923
18.350000 1.983990 15.694102 -1272.798887 -510.946672
18.400000 2.000973 16.054302 -1258.706149 -490.332414
18.450000 2.013349 15.434040 -1291.279646 -518.153534
18.500000 2.006056 14.656939 -1325.105101 -554.779653
18.550000 2.010178 14.688576 -1316.104803 -544.196592
18.600000 1.964722 15.139081 -1294.632082 -540.178813
18.650000 2.023504 16.024462 -1256.094889 -479.069535
18.700000 2.026751 15.889311 -1259.025682 -480.753488
18.750000 2.006265 15.380451 -1279.874158 -509.468564
18.800000 2.034353 14.866109 -1305.533922 -524.342460
18.850000 1.979132 15.567868 -1269.921288 -509.934649
18.900000 2.011805 15.239122 -1295.724022 -523.190747
18.950000 1.985010 14.856863 -1311.068420 -548.824677
19.000000 2.012199 14.681796 -1322.717335 -550.032929
19.050000 2.008491 14.784047 -1312.760665 -541.500006
19.100000 1.972922 14.445166 -1328.046322 -570.444443
19.150000 1.961661 14.639791 -1317.010496 -563.732773
19.200000 2.031664 15.732719 -1263.892510 -483.733681
19.250000 2.022977 16.299922 -1239.150883 -462.327597
19.300000 1.983126 15.643670 -1273.828137 -512.307569
19.350000 2.024312 15.890608 -1264.861556 -487.525856
19.400000 1.998427 15.925149 -1255.172140 -487.776028
19.450000 2.013535 14.710667 -1320.636899 -547.439560
19.500000 2.009438 14.397916 -1334.181196 -562.556864
19.550000 1.984573 16.858233 -1208.572066 -446.496027
19.600000 2.004035 16.092000 -1257.272094 -487.722483
19.650000 2.013247 14.865480 -1312.153599 -539.066659
19.700000 1.973217 14.682439 -1315.649019 -557.933509
19.750000 2.023067 15.345351 -1286.242596 -509.384687
19.800000 2.014501 14.241685 -1338.311940 -564.743645
19.850000 2.018967 14.795014 -1309.078189 -533.794996
19.900000 1.967972 14.681616 -1311.854203 -556.153010
19.950000 2.000160 14.879896 -1308.306521 -540.245075
20.000000 1.996053 14.115917 -1348.022874 -581.538661
20.050000 2.012876 14.805746 -1311.317064 -538.372535
20.100000 2.010538 14.565035 -1326.587477 -554.540871
20.150000 1.978135 15.698609 -1269.828531 -510.224715
20.200000 2.025386 14.734219 -1315.109511 -537.361103
20.250000 1.973659 13.844806 -1362.576642 -604.691762
20.300000 2.012740 15.195541 -1294.949293 -522.057089
20.350000 1.975579 15.212189 -1294.729596 -536.107260
20.400000 2.014644 14.359226 -1337.138806 -563.515531
20.450000 1.963327 14.468613 -1329.441936 -575.524206
20.500000 2.001587 15.611575 -1273.883057 -505.273497
20.550000 1.997316 14.867889 -1309.238911 -542.269688
20.600000 1.992307 16.426880 -1223.443033 -458.397170
20.650000 2.003429 14.857545 -1308.922200 -539.605395
20.700000 2.036057 14.884993 -1303.347688 -521.501813
20.750000 1.957585 13.985544 -1352.704740 -600.992160
20.800000 1.978738 15.729840 -1268.297677 -508.462267
20.850000 1.996318 15.638789 -1277.483152 -510.897100
20.900000 2.004464 15.842095 -1264.104440 -494.390453
20.950000 1.999924 14.819755 -1312.431300 -544.460610
21.000000 2.000069 15.099331 -1296.602920 -528.576595
21.050000 2.004750 15.356791 -1286.354309 -516.530166
21.100000 2.011804 13.921742 -1361.300019 -588.767414
21.150000 1.969044 15.056149 -1297.117258 -541.004511
21.200000 1.992413 16.537301 -1218.315284 -453.228701
21.250000 2.036481 15.069943 -1306.228734 -524.219901
21.300000 1.987540 14.434762 -1333.920438 -570.704981
21.350000 1.987046 16.142770 -1242.672856 -479.647313
21.400000 1.988615 15.324844 -1284.524375 -520.896143
21.450000 2.007582 15.411996 -1279.243682 -508.332369
21.500000 2.022623 15.120408 -1295.510697 -518.823619
21.550000 2.020067 14.880238 -1312.688992 -536.983412
21.600000 1.998615 14.848191 -1308.609712 -541.141743
21.650000 1.971646 15.312602 -1290.490132 -533.378174
21.700000 2.001886 15.652989 -1278.780679 -510.056426
21.750000 2.001283 15.546260 -1273.002884 -504.510237
21.800000 1.972483 15.303120 -1282.099987 -524.666350
21.850000 1.979147 16.926399 -1207.046380 -447.054009
21.900000 2.008968 15.413959 -1287.305698 -515.861841
21.950000 2.002556 15.887166 -1261.388081 -492.406538
22.000000 2.004305 15.636054 -1277.536157 -507.882852
22.050000 1.998889 15.536981 -1270.492392 -502.919207
22.100000 2.009973 14.862936 -1314.784785 -542.955214
22.150000 1.976448 15.001924 -1312.123889 -553.167733
22.200000 1.997172 15.776352 -1266.615958 -499.701758
22.250000 2.013497 15.022960 -1311.341338 -538.158407
22.300000 1.998066 16.080119 -1254.187473 -486.929950
22.350000 2.002941 14.947906 -1310.198911 -541.069689
22.400000 2.022731 15.549358 -1271.627153 -494.898543
22.450000 2.022312 14.579225 -1326.448637 -549.880782
22.500000 2.016547 8.127178 -1344.761870 -570.407727
22.550000 1.995401 8.415921 -1319.679495 -553.445580
22.600000 1.985623 9.197825 -1270.062209 -507.583042
22.650000 2.028512 8.824092 -1298.168190 -519.219515
22.700000 2.008274 7.760940 -1365.281193 -594.104134
22.750000 2.003131 8.518820 -1330.297853 -561.095597
22.800000 1.978540 8.823906 -1310.760387 -551.001170
22.850000 2.016599 9.365534 -1282.499754 -508.125675
22.900000 2.023812 9.004047 -1298.986044 -521.842297
22.950000 1.982477 9.145366 -1283.941185 -522.669979
23.000000 2.015396 8.924235 -1303.101825 -529.189935
23.050000 1.992360 8.931153 -1300.993319 -535.927143
23.100000 2.001037 9.009229 -1301.089583 -532.691326
23.150000 1.995158 8.960968 -1300.771237 -534.630470
23.200000 1.996225 8.772583 -1305.774860 -539.224455
23.250000 2.024251 9.547993 -1266.074891 -488.762430
23.300000 1.991432 9.423269 -1271.169570 -506.459784
23.350000 1.993295 9.068110 -1300.754252 -535.328987
23.400000 2.005526 9.754525 -1262.361406 -492.239247
23.450000 1.986808 9.177454 -1290.788430 -527.853982
23.500000 1.987858 9.569378 -1268.568863 -505.231232
23.550000 2.002790 9.935161 -1249.344082 -480.272674
23.600000 2.010264 9.033294 -1296.646797 -524.705557
23.650000 1.987228 9.475161 -1260.822121 -497.726499
23.700000 1.997748 10.031359 -1230.750894 -463.615710
23.750000 2.007847 9.148544 -1285.292050 -514.278971
23.800000 1.987129 9.358668 -1267.866573 -504.809093
23.850000 2.008305 9.528693 -1260.046274 -488.857267
23.900000 1.987681 9.326107 -1270.635189 -507.365621
23.950000 1.990807 10.356137 -1219.300189 -454.830362
24.000000 2.010407 9.517043 -1263.857210 -491.860844
24.050000 1.989255 9.296097 -1282.977203 -519.103251
24.100000 1.974691 10.023160 -1242.404915 -484.123443
24.150000 1.985362 8.925040 -1301.348546 -538.969565
24.200000 2.006021 9.576573 -1259.623453 -489.311296
24.250000 1.973144 9.135213 -1281.483415 -523.796072
24.300000 2.039559 8.771689 -1303.439190 -520.248461
24.350000 1.975521 8.642379 -1308.120307 -549.520364
24.400000 2.037162 8.791319 -1309.897840 -527.627573
24.450000 1.987219 8.498903 -1321.552403 -558.460287
24.500000 2.019067 8.287042 -1333.696478 -558.374694
24.550000 1.981984 7.739784 -1359.812021 -598.730274
24.600000 1.973300 9.127748 -1286.009366 -528.262001
24.650000 1.997077 9.016277 -1295.912988 -529.035336
24.700000 1.994100 9.069026 -1286.330888 -520.596448
24.750000 1.995853 7.876313 -1353.440846 -587.033249
24.800000 1.999829 8.389421 -1327.529180 -559.594893
24.850000 2.015117 8.939409 -1291.355011 -517.549964
24.900000 1.995848 8.375741 -1332.963008 -566.557531
24.950000 2.000624 9.440069 -1271.909600 -503.670054
25.000000 2.007166 8.465899 -1322.759861 -552.008029
25.050000 1.974305 9.155861 -1278.402520 -520.269507
25.100000 2.006949 8.478484 -1323.148027 -552.479724
25.150000 1.979772 9.419616 -1265.619670 -505.387368
25.200000 2.027950 8.907156 -1300.285199 -521.552313
25.250000 1.979557 9.442689 -1268.638407 -508.488645
25.300000 1.986603 9.307476 -1278.662527 -515.807070
25.350000 2.004252 8.947904 -1297.119011 -527.486403
25.400000 2.011799 8.839284 -1300.400457 -527.869542
25.450000 1.998603 8.548337 -1320.687229 -553.223679
25.500000 1.996838 8.994080 -1297.488791 -530.703112
25.550000 1.988255 9.636152 -1266.413135 -502.923369
25.600000 2.022474 9.570992 -1273.391989 -496.761788
25.650000 1.978513 9.429473 -1275.962645 -516.213594
25.700000 1.990523 9.792376 -1256.689900 -492.329029
25.750000 2.034103 7.967017 -1355.518752 -574.423214
25.800000 1.983023 8.005159 -1343.179703 -581.699005
25.850000 1.999388 8.825544 -1300.351868 -532.586963
25.900000 2.021730 8.600049 -1311.367038 -535.022672
25.950000 2.007690 8.667544 -1310.018595 -539.065709
26.000000 2.026673 8.480340 -1321.379013 -543.136478
26.050000 1.979768 8.789989 -1304.557962 -544.327095
26.100000 2.021314 8.320209 -1332.671033 -556.486397
26.150000 1.982494 8.750476 -1305.435116 -544.157566
26.200000 2.009669 7.970550 -1352.346471 -580.633600
26.250000 1.968118 8.304038 -1332.626256 -576.868871
26.300000 1.990753 9.277827 -1282.047897 -517.598729
26.350000 2.020442 8.998907 -1289.737122 -513.887330
26.400000 1.986000 8.232688 -1333.087749 -570.463664
26.450000 1.982670 8.254897 -1332.207221 -570.861968
26.500000 1.978588 8.863662 -1304.181973 -544.404032
26.550000 2.028075 9.070729 -1295.068761 -516.288137
26.600000 1.985612 9.070080 -1285.734920 -523.259843
26.650000 2.006693 8.548149 -1323.005109 -552.435093
26.700000 2.002562 8.237967 -1343.721248 -574.737278
26.750000 1.989645 8.463386 -1328.655768 -564.631940
26.800000 1.994300 8.718870 -1312.727478 -546.916463
26.850000 1.986119 9.222880 -1281.041321 -518.371620
26.900000 1.989811 9.261525 -1274.486125 -510.398892
26.950000 1.998344 8.512147 -1318.880284 -551.515997
27.000000 2.035207 9.041859 -1291.293066 -509.773494
27.050000 2.001479 9.137914 -1286.780728 -518.212897
27.100000 1.993752 8.812588 -1299.708543 -534.107810
27.150000 1.996968 8.992495 -1283.720658 -516.885081
27.200000 2.024534 8.668896 -1309.881418 -532.460507
27.250000 1.990406 8.549335 -1315.037914 -550.721919
27.300000 2.000985 9.206915 -1285.628737 -517.250654
27.350000 2.010316 9.762608 -1251.021832 -479.060612
27.400000 1.969460 10.251214 -1228.175285 -471.902667
27.450000 1.996914 10.019727 -1252.149238 -485.334109
27.500000 2.013845 9.615556 -1274.971667 -501.655036
27.550000 2.017221 9.112732 -1289.752412 -515.139466
27.600000 1.984615 9.404189 -1269.719406 -507.627163
27.650000 1.999688 9.564297 -1268.214319 -500.334035
27.700000 2.015409 8.340920 -1338.369388 -564.452227
27.750000 1.993188 8.553372 -1324.673124 -559.288947
27.800000 2.013880 9.081950 -1291.588108 -518.258173
27.850000 1.982425 9.586556 -1261.604972 -500.353916
27.900000 1.972077 10.628914 -1203.649280 -446.371895
27.950000 2.000170 9.173157 -1285.118653 -517.053564
28.000000 1.974700 9.974602 -1245.848437 -487.563533
28.050000 2.017965 9.511983 -1268.681739 -493.783046
28.100000 1.995464 9.114472 -1282.871765 -516.613633
28.150000 2.015786 9.303170 -1273.402492 -499.340731
28.200000 2.037967 8.315707 -1334.076109 -551.496829
28.250000 1.955037 9.819404 -1244.359841 -493.625539
28.300000 2.011599 10.587496 -1207.402442 -434.948562
28.350000 1.998400 10.771872 -1194.564538 -427.179102
28.400000 1.995245 9.827748 -1246.627677 -480.453494
28.450000 2.015827 8.844016 -1301.169691 -527.092142
28.500000 1.979349 8.871783 -1302.274700 -542.204554
28.550000 2.002241 9.226791 -1285.900640 -517.040047
28.600000 2.013791 9.215618 -1284.649493 -511.353718
28.650000 2.002642 9.187376 -1278.656405 -509.641763
28.700000 1.982222 8.937918 -1300.738737 -539.565545
28.750000 2.033683 9.549056 -1267.149741 -486.215475
28.800000 2.015696 8.194321 -1338.602387 -564.575171
28.850000 1.994434 8.641745 -1312.780269 -546.917690
28.900000 1.986644 8.903286 -1299.338082 -536.466866
28.950000 1.988260 9.397974 -1270.347507 -506.855817
29.000000 2.005658 8.629257 -1321.016564 -550.843888
29.050000 2.012432 8.661079 -1319.972855 -547.198849
29.100000 1.987668 9.425918 -1269.926835 -506.662420
29.150000 1.998892 9.514142 -1259.080547 -491.505926
29.200000 1.991187 9.080786 -1282.418616 -517.802971
29.250000 2.008413 8.581867 -1320.840684 -549.610135
29.300000 2.003888 8.418768 -1331.443616 -561.950565
29.350000 2.001630 8.702780 -1311.130552 -542.504642
29.400000 1.994726 9.149152 -1282.024897 -516.050214
29.450000 2.002889 8.654919 -1312.540539 -543.431249
29.500000 1.993201 9.090023 -1294.060079 -528.670753
29.550000 2.010932 8.309279 -1336.358468 -564.160766
29.600000 2.027699 8.908771 -1288.606848 -509.970285
29.650000 1.995362 8.545630 -1312.887137 -546.668285
29.700000 2.016191 8.626260 -1315.284139 -541.066735
29.750000 1.989060 8.320514 -1329.778782 -565.979590
29.800000 1.981910 8.857903 -1300.638595 -539.585240
29.850000 1.992711 9.613328 -1263.067100 -497.866107
29.900000 2.002734 10.026621 -1232.856573 -463.806726
29.950000 1.995222 8.250904 -1336.043958 -569.878658
30.000000 2.016368 5.017212 -1233.993654 -459.708377
30.050000 1.991593 5.466500 -1199.537154 -434.765512
30.100000 1.988859 5.618244 -1199.540844 -435.819103
30.150000 1.979496 5.520835 -1210.989776 -450.863420
30.200000 1.999869 5.947986 -1179.199388 -411.249572
30.250000 2.004950 5.777710 -1191.909021 -422.008330
30.300000 2.001304 5.832822 -1191.143111 -422.642218
30.350000 2.034961 5.602279 -1209.406528 -427.981546
30.400000 1.980766 5.252901 -1220.021699 -459.407437
30.450000 2.008398 4.865609 -1242.447831 -471.223066
30.500000 1.985144 4.506148 -1258.482127 -496.186767
30.550000 2.008883 4.963749 -1234.956396 -463.545214
30.600000 1.987566 5.840217 -1183.920404 -420.694940
30.650000 2.024094 5.064908 -1236.299053 -459.047099
30.700000 1.981063 5.228144 -1225.628821 -464.900720
30.750000 2.037610 5.701344 -1197.184521 -414.742384
30.800000 1.997650 4.434430 -1271.093125 -503.995564
30.850000 2.004099 5.189727 -1224.740973 -455.166996
30.900000 2.008424 4.581090 -1260.730272 -489.495302
30.950000 1.986140 4.172012 -1286.257763 -523.580105
31.000000 1.993244 5.387888 -1215.924825 -450.519095
31.050000 2.003707 5.331662 -1219.387430 -449.963940
31.100000 1.985170 5.632567 -1201.394059 -439.088968
31.150000 1.991949 6.188196 -1166.167534 -401.259058
31.200000 2.004018 6.298781 -1157.114454 -387.571616
31.250000 2.011916 6.081959 -1169.132187 -396.556294
31.300000 2.000158 5.317495 -1219.254518 -451.193857
31.350000 2.002312 4.868803 -1252.565591 -483.677928
31.400000 2.014276 5.122940 -1226.454200 -452.972260
31.450000 1.987274 5.166055 -1215.413185 -452.299849
31.500000 2.014586 5.149435 -1223.148288 -449.547195
31.550000 2.005249 5.178801 -1223.535949 -453.520405
31.600000 2.005621 4.823255 -1244.160010 -474.001538
31.650000 1.989814 5.195445 -1226.734064 -462.645430
31.700000 2.007704 4.748855 -1252.815260 -481.856733
31.750000 1.979985 4.754896 -1249.919925 -489.605691
31.800000 2.005670 5.156294 -1230.845685 -460.668465
31.850000 1.968682 5.701422 -1195.777905 -439.804180
31.900000 2.028024 5.418070 -1212.736073 -433.974784
31.950000 2.001759 5.313082 -1212.306951 -443.631451
32.000000 2.008239 5.186593 -1217.032722 -445.869027
32.050000 1.999471 4.966013 -1230.916904 -463.120061
32.100000 1.985554 5.148289 -1225.131659 -462.678809
32.150000 2.028119 6.339274 -1155.579612 -376.781757
32.200000 1.989175 5.311818 -1221.656602 -457.813351
32.250000 1.987616 5.803824 -1195.132475 -431.888117
32.300000 1.981393 5.943691 -1190.615618 -429.760635
32.350000 2.006226 5.432052 -1224.235007 -453.844062
32.400000 2.013062 5.363588 -1221.022948 -448.007037
32.450000 2.027571 5.139216 -1228.952025 -450.364685
32.500000 2.000339 4.926825 -1242.978541 -474.848333
32.550000 2.000872 4.859630 -1248.336580 -480.001592
32.600000 2.009125 5.180387 -1228.429664 -456.925698
32.650000 2.018601 4.608668 -1263.415096 -488.272373
32.700000 1.974915 5.355953 -1208.534144 -450.166619
32.750000 2.024365 4.607964 -1251.866094 -474.509770
32.800000 1.980643 5.235873 -1213.635878 -453.068841
32.850000 1.994715 5.485601 -1201.684339 -435.713661
32.900000 1.993473 5.281094 -1216.425807 -450.932221
32.950000 2.006942 5.266047 -1222.078384 -451.412714
33.000000 2.004729 5.189904 -1232.118842 -462.302827
33.050000 1.991467 5.962245 -1178.880261 -414.156790
33.100000 2.000607 5.237708 -1228.778359 -460.545231
33.150000 1.974162 6.254089 -1165.381036 -407.302833
33.200000 1.991746 6.347397 -1156.216385 -391.385802
33.250000 2.011382 5.924165 -1177.960888 -405.590343
33.300000 2.003481 4.807038 -1255.376557 -486.039776
33.350000 1.988568 5.927207 -1186.403402 -422.793239
33.400000 2.024474 5.202031 -1221.581091 -444.183155
33.450000 1.991501 4.921078 -1230.580124 -465.843918
33.500000 2.012894 5.913774 -1171.187419 -398.236043
33.550000 1.994176 5.523651 -1194.187624 -428.424232
33.600000 1.989901 5.052895 -1227.142155 -463.019983
33.650000 1.995623 5.617035 -1195.555429 -429.236223
33.700000 1.996995 5.392574 -1207.361387 -440.515398
33.750000 2.000701 5.468011 -1204.915646 -436.646604
33.800000 1.993155 4.801779 -1249.890798 -484.519431
33.850000 2.036947 5.174323 -1220.716981 -438.529144
33.900000 1.989367 4.426959 -1266.782531 -502.865582
33.950000 1.984253 5.282389 -1213.779605 -451.826435
34.000000 1.992555 5.288821 -1217.806035 -452.664853
34.050000 2.001839 5.105929 -1223.184409 -454.478386
34.100000 1.979894 5.687396 -1185.497434 -425.218206
34.150000 1.986110 4.996469 -1235.188443 -472.522088
34.200000 2.019803 5.364766 -1208.629749 -433.025358
34.250000 1.982902 5.022034 -1225.254242 -463.819945
34.300000 2.005147 4.471898 -1259.857796 -489.881423
34.350000 1.991160 5.158758 -1218.869279 -454.263655
34.400000 1.985521 5.054300 -1241.251302 -478.811319
34.450000 2.034742 5.555536 -1211.559041 -430.217998
34.500000 1.987450 5.135980 -1230.111374 -466.930470
34.550000 2.002346 4.937349 -1235.017460 -466.116629
34.600000 1.991236 5.270040 -1212.016664 -447.382231
34.650000 1.999995 5.718251 -1192.412733 -424.414536
34.700000 2.003135 5.196871 -1228.059140 -458.855325
34.750000 1.998377 5.309133 -1221.083247 -453.706561
34.800000 1.990200 5.361094 -1212.820026 -448.583364
34.850000 2.011009 5.035989 -1230.802021 -458.574416
34.900000 2.003811 4.589965 -1259.317394 -489.854106
34.950000 1.975680 6.023139 -1164.158498 -405.497509
35.000000 2.008354 5.911164 -1178.969045 -407.761060
35.050000 2.006983 5.699150 -1194.055189 -423.373898
35.100000 1.999343 5.550389 -1207.799027 -440.051291
35.150000 1.998055 5.692039 -1197.353417 -430.100136
35.200000 1.998667 5.353644 -1218.852558 -451.364620
35.250000 2.005998 5.378892 -1217.376527 -447.073174
35.300000 2.014318 5.155680 -1218.517806 -445.019589
35.350000 1.964507 5.537677 -1189.413886 -435.043070
35.400000 2.005187 5.084852 -1224.319669 -454.327778
35.450000 1.987809 5.679471 -1188.512925 -425.194445
35.500000 2.023758 5.120043 -1226.400329 -449.277222
35.550000 1.985816 4.999770 -1229.158529 -466.605212
35.600000 2.006307 5.042251 -1230.999549 -460.577539
35.650000 2.008029 5.233254 -1213.462028 -442.378731
35.700000 2.006569 4.132798 -1279.954983 -509.432556
35.750000 1.987936 5.245903 -1214.105285 -450.737895
35.800000 2.003222 5.022438 -1232.844126 -463.606944
35.850000 2.021269 4.806516 -1243.258037 -467.090655
35.900000 2.008379 4.588943 -1249.151260 -477.933777
35.950000 1.987686 4.996839 -1225.053938 -461.782344
36.000000 1.982542 5.885709 -1170.712498 -409.416208
36.050000 1.998517 5.060991 -1219.974818 -452.544299
36.100000 1.968888 5.299673 -1206.237029 -450.184083
36.150000 2.004702 5.794693 -1180.762358 -410.956950
36.200000 1.980070 5.126837 -1220.963977 -460.617069
36.250000 1.993875 4.977633 -1233.564295 -467.916293
36.300000 2.019139 5.682549 -1196.130193 -420.780942
36.350000 1.967927 5.583424 -1207.496635 -451.812665
36.400000 2.008231 5.539466 -1210.381451 -439.220604
36.450000 1.995733 5.241536 -1218.702032 -452.340634
36.500000 1.975950 5.386536 -1203.962814 -445.197988
36.550000 1.993393 5.473968 -1206.876281 -441.413538
36.600000 2.017585 5.353767 -1219.125893 -444.373291
36.650000 1.973876 5.308138 -1223.496440 -465.527905
36.700000 2.010054 6.123629 -1172.558673 -400.698018
36.750000 1.988171 5.935466 -1176.555526 -413.097919
36.800000 2.019700 5.446944 -1211.503515 -435.938731
36.850000 2.000734 5.168496 -1226.302131 -458.020366
36.900000 2.009212 4.871077 -1238.269940 -466.732365
36.950000 1.990296 4.945303 -1232.997433 -468.723863
37.000000 2.041460 5.812725 -1184.230663 -400.310018
37.050000 2.019804 4.820363 -1252.519172 -476.914260
37.100000 1.999108 4.725171 -1253.416051 -485.758642
37.150000 1.994740 5.072091 -1231.796065 -465.815726
37.200000 2.002091 5.121616 -1223.973412 -455.170602
37.250000 1.989189 4.582797 -1249.512227 -485.663761
37.300000 2.010742 4.924573 -1234.582079 -462.457262
37.350000 1.980421 5.309496 -1214.890100 -454.408433
37.400000 2.027713 5.571236 -1203.079311 -424.437499
37.450000 1.971067 5.414756 -1204.543812 -447.654249
37.500000 2.000538 3.492124 -1069.293117 -301.086401
37.550000 2.011354 3.109381 -1094.308280 -321.948226
37.600000 1.991716 3.178629 -1081.654061 -316.835101
37.650000 2.009071 2.898390 -1099.349207 -327.866006
37.700000 1.988915 2.545471 -1125.701574 -361.958337
37.750000 2.007279 3.055124 -1094.791603 -323.996610
37.800000 1.994074 2.653351 -1124.179360 -358.454797
37.850000 1.996118 2.684205 -1120.683578 -354.174333
37.900000 2.003872 2.667911 -1122.252908 -352.766114
37.950000 2.004724 2.568051 -1124.596233 -354.782256
38.000000 1.981287 2.507814 -1123.079934 -362.265833
38.050000 1.997065 2.883618 -1094.633513 -327.760419
38.100000 2.000416 2.732015 -1101.427405 -333.267575
38.150000 2.007326 2.443655 -1123.527225 -352.714082
38.200000 1.994860 2.339746 -1134.063411 -368.037049
38.250000 1.993557 2.906385 -1101.915139 -336.389378
38.300000 1.980971 3.285907 -1081.020032 -320.327303
38.350000 1.990615 3.092998 -1095.371766 -330.975730
38.400000 2.004796 3.338583 -1075.230810 -305.389138
38.450000 1.996200 3.011993 -1094.413750 -327.872864
38.500000 1.991861 3.050693 -1092.120499 -327.245803
38.550000 2.009884 2.821961 -1112.083928 -340.288376
38.600000 1.999676 2.696588 -1124.701036 -356.825505
38.650000 1.989593 3.540972 -1069.206941 -305.203087
38.700000 2.013243 4.313167 -1013.025301 -239.940089
38.750000 2.024025 2.894638 -1110.938355 -333.712888
38.800000 1.997214 2.764032 -1118.876133 -351.945868
38.850000 1.997370 2.974452 -1103.052049 -336.061790
38.900000 2.007645 3.109609 -1094.833011 -323.897374
38.950000 1.995436 2.697194 -1124.418701 -358.171103
39.000000 1.985497 2.845467 -1114.101160 -351.670166
39.050000 1.992183 2.817810 -1118.175224 -353.176862
39.100000 2.016277 2.816250 -1118.253661 -344.003391
39.150000 1.999443 2.995959 -1104.024599 -336.238400
39.200000 1.980076 3.226577 -1096.815652 -336.466612
39.250000 1.984349 3.490310 -1081.655720 -319.665822
39.300000 1.992782 3.081364 -1107.942934 -342.714633
39.350000 2.024446 3.535306 -1066.303426 -288.916353
39.400000 2.007523 2.903188 -1109.350989 -338.461979
39.450000 1.983508 3.294992 -1084.768716 -323.101461
39.500000 1.996558 3.476026 -1074.944247 -308.265934
39.550000 1.993840 3.203524 -1094.347698 -328.713246
39.600000 2.001138 3.455994 -1070.455825 -302.018937
39.650000 2.012599 2.289447 -1136.972013 -364.133819
39.700000 1.998957 1.954912 -1160.763296 -393.163847
39.750000 1.988970 2.632784 -1124.900978 -361.136548
39.800000 1.993065 2.949784 -1111.386118 -346.049104
39.850000 2.002172 3.090008 -1102.467351 -333.633174
39.900000 1.995364 2.935720 -1112.077937 -345.858213
39.950000 2.004670 3.211744 -1092.162757 -322.369651
40.000000 2.003130 2.668695 -1131.457669 -362.255644
40.050000 1.977919 2.562668 -1137.053599 -377.532728
40.100000 1.980951 3.445556 -1087.372969 -326.687722
40.150000 2.012377 3.683268 -1081.095753 -308.342856
40.200000 2.012351 4.186125 -1048.977114 -276.234287
40.250000 2.004344 3.449653 -1102.372161 -332.704180
40.300000 1.990696 3.217728 -1108.863213 -344.435924
40.350000 2.007882 2.970561 -1110.229649 -339.202954
40.400000 1.976064 2.972651 -1104.768168 -345.959509
40.450000 1.995363 3.088758 -1090.170130 -323.950581
40.500000 1.992864 2.538580 -1125.653465 -360.393504
40.550000 1.987949 3.210397 -1080.041543 -316.669284
40.600000 2.006807 3.503026 -1062.290458 -291.676486
40.650000 2.003159 3.311054 -1082.453128 -313.239983
40.700000 2.001505 3.503319 -1061.744673 -293.166594
40.750000 1.997415 2.518271 -1121.742096 -354.734585
40.800000 2.006697 3.023822 -1085.582812 -315.011340
40.850000 1.989384 3.154656 -1083.072326 -319.148712
40.900000 2.019824 2.782102 -1115.750739 -340.138235
40.950000 1.980592 2.807211 -1120.992856 -360.445480
41.000000 2.006683 3.347019 -1089.355847 -318.789428
41.050000 2.004701 3.303362 -1092.304259 -322.498970
41.100000 1.978144 3.426744 -1083.592487 -323.985084
41.150000 2.025445 3.051147 -1113.431919 -335.661002
41.200000 1.983688 2.844025 -1120.705259 -358.969201
41.250000 2.015717 2.340233 -1159.074343 -385.039040
41.300000 1.989132 2.702115 -1128.133001 -364.306322
41.350000 2.002932 2.998722 -1101.577180 -332.451292
41.400000 1.974771 3.065635 -1097.775717 -339.463837
41.450000 2.013789 2.912805 -1114.107787 -340.812655
41.500000 1.998144 3.568997 -1069.074319 -301.786880
41.550000 2.009591 2.726057 -1134.687291 -363.004462
41.600000 1.975483 2.887845 -1123.373169 -364.787596
41.650000 1.998047 3.205747 -1106.003234 -338.753087
41.700000 1.987575 2.871939 -1133.938500 -370.709736
41.750000 2.004812 3.168053 -1116.036408 -346.188508
41.800000 1.992391 4.009939 -1054.667299 -289.589010
41.850000 2.012110 3.577848 -1094.979661 -322.329248
41.900000 1.997409 3.889207 -1077.360470 -310.355545
41.950000 2.002795 3.401894 -1108.911373 -339.838180
42.000000 2.009207 3.618542 -1080.542228 -309.006656
42.050000 2.001427 2.915621 -1116.890106 -348.342188
42.100000 2.005325 2.669903 -1130.896264 -360.851383
42.150000 1.995257 3.066679 -1097.711754 -331.532952
42.200000 1.999391 2.962431 -1097.926925 -330.160683
42.250000 1.998590 2.526120 -1125.178555 -357.719832
42.300000 1.986527 2.496710 -1133.193876 -370.367620
42.350000 1.993094 3.346853 -1084.605546 -319.257529
42.400000 2.019501 3.163954 -1103.726154 -328.237801
42.450000 2.005727 3.644985 -1066.526620 -296.327386
42.500000 2.001885 3.470732 -1077.112792 -308.389102
42.550000 1.998788 3.796132 -1050.441955 -282.907222
42.600000 2.007699 2.834243 -1111.939770 -340.983308
42.650000 2.000110 2.528998 -1133.338348 -365.295990
42.700000 1.978840 3.134457 -1097.186432 -337.312024
42.750000 2.011041 2.704768 -1128.795247 -356.555568
42.800000 1.989294 2.512357 -1136.022072 -372.132990
42.850000 1.996201 3.108484 -1094.619772 -328.078642
42.900000 2.004876 2.778108 -1120.102476 -350.229984
42.950000 2.006994 3.234693 -1089.808774 -319.123003
43.000000 1.996744 3.649938 -1060.577649 -293.828029
43.050000 2.002943 3.039917 -1101.563140 -332.432998
43.100000 2.005186 3.106885 -1090.756509 -320.764936
43.150000 2.005125 3.264049 -1075.578909 -305.610767
43.200000 1.998171 2.788244 -1116.494020 -349.196249
43.250000 1.995216 3.197518 -1087.930917 -321.767960
43.300000 1.991162 2.870948 -1109.241789 -344.635542
43.350000 2.001712 3.370105 -1069.853975 -301.196755
43.400000 2.002638 3.636731 -1051.995131 -282.982001
43.450000 2.010432 3.159287 -1090.268422 -318.262516
43.500000 2.012348 3.391112 -1073.525055 -300.783594
43.550000 2.005668 3.380889 -1066.245861 -296.069372
43.600000 1.994207 2.352788 -1138.300833 -372.525219
43.650000 1.981501 2.592296 -1118.140315 -357.243859
43.700000 2.002096 2.520830 -1128.117527 -359.312656
43.750000 1.994768 2.457157 -1138.347350 -372.356390
43.800000 2.007845 3.128350 -1097.513082 -326.500531
43.850000 1.996717 3.237888 -1095.745384 -329.005934
43.900000 1.993035 3.055689 -1112.772890 -347.447310
43.950000 1.998639 3.389313 -1089.576384 -322.098996
44.000000 2.002847 3.702770 -1068.890913 -299.797477
44.050000 1.999339 3.147361 -1105.209386 -337.463093
44.100000 1.998071 3.382761 -1081.274437 -314.015103
44.150000 2.001027 3.260031 -1083.658278 -315.263889
44.200000 2.005509 2.534463 -1132.883511 -362.767926
44.250000 1.987446 2.524187 -1131.703036 -368.523921
44.300000 2.004238 2.609467 -1131.686938 -362.059486
44.350000 1.998724 2.860585 -1118.661482 -351.151461
44.400000 2.006740 3.089146 -1102.685189 -332.096883
44.450000 1.980068 3.098836 -1097.928239 -337.581966
44.500000 1.994996 2.928906 -1114.836268 -348.757769
44.550000 2.004813 3.493824 -1078.115846 -308.267734
44.600000 1.990863 3.215704 -1096.093707 -331.602318
44.650000 2.020368 3.177637 -1095.006510 -319.185213
44.700000 2.000224 2.973787 -1099.669231 -331.583139
44.750000 1.997170 2.267667 -1148.696257 -381.783017
44.800000 1.995263 2.565741 -1130.696197 -364.515236
44.850000 1.989893 2.744916 -1122.921093 -358.802198
44.900000 2.005452 3.282437 -1086.529982 -316.436574
44.950000 2.011355 2.751404 -1121.562478 -349.202209
45.000000 2.007015 2.107432 -936.855772 -166.161900
45.050000 2.015925 1.969913 -949.871436 -175.756342
45.100000 1.987727 1.649814 -977.914089 -214.627069
45.150000 1.997773 2.055376 -944.013024 -176.868235
45.200000 1.989640 1.755679 -971.208341 -207.186466
45.250000 2.007648 1.633610 -979.370204 -208.433411
45.300000 2.000793 1.924766 -952.717619 -184.412924
45.350000 1.986714 2.083456 -939.119490 -176.221201
45.400000 2.000072 1.667457 -973.108192 -205.080711
45.450000 1.995880 1.867188 -948.384846 -181.966807
45.500000 1.991878 1.337577 -988.603091 -223.721970
45.550000 2.002372 1.679105 -959.296368 -190.385575
45.600000 1.993745 1.488593 -984.374881 -218.776802
45.650000 2.000680 1.617223 -983.195729 -214.934727
45.700000 1.996869 1.878444 -966.389945 -199.592213
45.750000 2.004029 2.277139 -931.698556 -162.151391
45.800000 1.990615 1.904204 -950.527067 -186.130730
45.850000 2.003473 1.621821 -969.292497 -199.958680
45.900000 1.988051 1.759119 -962.615415 -199.203700
45.950000 2.011151 1.959759 -946.880852 -174.598915
46.000000 1.982091 1.722419 -962.073140 -200.950345
46.050000 1.999816 1.843604 -950.940179 -183.010970
46.100000 2.005526 1.573282 -967.982265 -197.860407
46.150000 2.006529 1.115172 -1001.693401 -231.186456
46.200000 1.990537 1.397747 -978.929431 -214.563257
46.250000 1.999121 1.817919 -945.788805 -178.126217
46.300000 2.026363 1.573568 -964.205012 -186.081578
46.350000 1.998885 1.495965 -965.639369 -198.067415
46.400000 2.016272 1.751459 -942.548043 -168.299752
46.450000 1.998432 1.394262 -971.804267 -204.406242
46.500000 1.998362 1.548687 -961.850213 -194.479021
46.550000 1.989592 1.613513 -962.930640 -198.927393
46.600000 2.004456 1.728961 -954.586747 -184.875791
46.650000 2.001141 1.300003 -985.021497 -216.583356
46.700000 1.994066 1.554619 -962.206462 -196.485018
46.750000 2.015201 1.388414 -978.307567 -204.470492
46.800000 1.997328 1.425958 -972.917617 -205.943753
46.850000 2.003277 1.182488 -998.780316 -229.521809
46.900000 1.983135 1.490960 -978.479937 -216.955987
46.950000 1.992767 1.643871 -974.163823 -208.941170
47.000000 1.992176 1.879220 -953.232303 -188.236700
47.050000 2.006536 1.625691 -960.787087 -190.277107
47.100000 2.012038 1.055401 -998.083559 -225.461035
47.150000 1.986438 1.568538 -958.808467 -196.016173
47.200000 1.989029 1.787157 -957.388907 -193.601841
47.250000 1.993856 2.035315 -939.840676 -174.199982
47.300000 2.006246 1.850378 -951.467712 -181.069304
47.350000 1.988683 1.637192 -968.071440 -204.417176
47.400000 1.998581 1.546248 -973.839102 -206.384093
47.450000 1.997287 1.776686 -947.297359 -180.339161
47.500000 2.006195 1.347489 -980.664351 -210.285493
47.550000 1.980550 1.551128 -964.422848 -203.891574
47.600000 2.007199 2.032400 -934.939713 -164.175159
47.650000 2.006370 2.135575 -932.032774 -161.586877
47.700000 2.002791 2.416792 -911.328289 -142.256672
47.750000 1.997963 1.791690 -964.955965 -197.738029
47.800000 2.003538 1.980060 -949.282176 -179.923448
47.850000 2.005764 1.880478 -951.206432 -180.993086
47.900000 1.996144 1.642043 -964.006187 -197.486712
47.950000 1.986776 1.767124 -952.053159 -189.131282
48.000000 2.000964 1.934047 -937.800316 -169.429993
48.050000 2.010198 1.490526 -973.650107 -201.734214
48.100000 1.990485 1.609093 -959.459609 -195.113328
48.150000 2.007831 1.528966 -969.689965 -198.682939
48.200000 2.000303 1.306751 -991.050620 -222.934213
48.250000 2.017308 1.348871 -979.915904 -205.269588
48.300000 1.989703 1.254884 -978.376950 -214.330980
48.350000 2.005655 1.423443 -966.786689 -196.615334
48.400000 1.997419 1.225499 -985.347097 -218.338193
48.450000 1.986905 1.702028 -954.888602 -191.917031
48.500000 2.000895 2.090208 -935.493141 -167.149650
48.550000 1.993383 2.155707 -935.730177 -170.271288
48.600000 1.995372 2.032707 -948.827352 -182.604383
48.650000 2.005466 1.793840 -963.808026 -193.708991
48.700000 1.998249 1.870741 -954.336665 -187.008925
48.750000 1.994014 1.748627 -959.779632 -194.078293
48.800000 1.987271 1.764354 -958.991882 -195.879683
48.850000 1.995548 2.220955 -925.630402 -159.339817
48.900000 2.007560 1.750206 -966.076695 -195.173686
48.950000 1.991806 1.799309 -953.604487 -188.750833
49.000000 2.015848 1.509196 -970.922732 -196.837239
49.050000 1.964990 1.760251 -949.285180 -194.729076
49.100000 2.009200 2.203895 -926.859136 -155.326331
49.150000 1.985132 2.038148 -947.035635 -184.744943
49.200000 2.003577 2.088961 -940.283857 -170.910189
49.250000 1.994903 1.617929 -977.032906 -210.990325
49.300000 2.012271 1.705990 -965.621480 -192.909224
49.350000 1.985570 1.493358 -977.437545 -214.978747
49.400000 2.004739 1.719559 -956.816620 -186.996816
49.450000 2.013404 1.389131 -978.973155 -205.826074
49.500000 1.979773 1.730073 -946.686149 -186.453235
49.550000 1.994069 1.483963 -979.373737 -213.651294
49.600000 2.002795 2.143968 -925.080466 -156.007049
49.650000 2.001721 1.705195 -953.488316 -184.827299
49.700000 1.999190 1.548640 -962.558323 -194.869281
49.750000 1.999623 1.324171 -985.814315 -217.958976
49.800000 1.989786 1.640939 -963.018773 -198.941107
49.850000 2.008918 1.566632 -971.556681 -200.132263
49.900000 2.005354 1.537843 -972.524883 -202.468863
49.950000 2.001628 1.682968 -956.715913 -188.090672
50.000000 1.996869 1.463694 -971.922711 -205.124907
50.050000 1.992192 1.562837 -964.740767 -199.739089
50.100000 2.011226 1.171583 -993.390925 -221.080174
50.150000 1.991529 1.112084 -996.491125 -231.744110
50.200000 2.009216 1.482951 -970.957590 -199.418776
50.250000 1.999397 1.503372 -974.172784 -206.404370
50.300000 1.998622 1.954186 -943.116199 -175.645334
50.350000 1.999792 1.852041 -957.016589 -189.096651
50.400000 2.010890 1.618486 -978.391848 -206.210016
50.450000 1.980113 1.893211 -945.857029 -185.493616
50.500000 2.005873 1.767424 -952.794189 -182.538893
50.550000 2.007783 1.380163 -981.551402 -210.562799
50.600000 1.983563 1.780694 -957.458176 -195.770017
50.650000 2.019146 1.917119 -954.252649 -178.900538
50.700000 2.005923 1.744757 -966.014330 -195.739923
50.750000 1.988922 2.013191 -947.894418 -184.148424
50.800000 1.997568 2.313716 -931.079638 -164.013643
50.850000 1.990907 1.902138 -971.093281 -206.584874
50.900000 2.010522 2.226300 -943.019077 -170.978521
50.950000 2.001572 2.135619 -945.366263 -176.762756
51.000000 2.013227 2.219421 -927.068573 -153.989267
51.050000 2.018606 1.388586 -982.107427 -206.962546
51.100000 1.989848 1.422069 -973.820564 -209.718813
51.150000 2.007881 2.203881 -913.156667 -142.130312
51.200000 1.992847 1.960650 -936.457217 -171.203963
51.250000 2.013862 1.323643 -992.033833 -218.710836
51.300000 1.986170 1.652818 -966.400112 -203.711019
51.350000 2.010104 1.662303 -973.852404 -201.972504
51.400000 1.999991 2.127563 -936.763385 -168.766952
51.450000 2.003178 2.230869 -932.446742 -163.226398
51.500000 2.010540 1.994447 -948.156814 -176.109343
51.550000 1.996369 1.264521 -997.209317 -230.603720
51.600000 1.991121 1.458583 -976.768993 -212.178703
51.650000 1.994987 1.730138 -963.465616 -197.390696
51.700000 1.993232 1.731181 -979.167932 -213.766768
51.750000 2.002158 2.061933 -957.103611 -188.275092
51.800000 2.016141 1.759984 -981.570961 -207.372882
51.850000 2.002441 1.955236 -958.035591 -189.098405
51.900000 1.986463 1.960889 -955.664325 -192.862624
51.950000 1.997094 2.078495 -943.276960 -176.392903
52.000000 2.005632 1.733882 -975.372106 -205.209480
52.050000 2.000166 1.657267 -981.081399 -213.017716
52.100000 1.992694 2.254543 -930.632360 -165.438035
52.150000 2.021796 2.049734 -947.112093 -170.742483
52.200000 1.998903 1.368423 -998.453970 -230.875053
52.250000 2.003229 1.495828 -976.740676 -207.500908
52.300000 1.980314 1.569875 -969.053373 -208.612841
52.350000 1.996823 1.859257 -952.611210 -185.831277
52.400000 1.995672 1.978518 -943.222430 -176.884497
52.450000 2.012079 1.653696 -960.991889 -188.353414
52.500000 1.983961 1.142874 -795.949851 -34.108860
52.550000 2.017144 0.959096 -812.088121 -37.504698
52.600000 1.998016 0.880717 -817.404333 -50.166182
52.650000 2.000775 1.173408 -791.704765 -23.407190
52.700000 2.007360 1.169302 -791.284951 -20.458534
52.750000 1.996564 0.754310 -825.911199 -59.230537
52.800000 2.011216 0.783008 -815.955567 -43.648790
52.850000 1.996092 0.555411 -838.951782 -72.452471
52.900000 2.001020 0.908765 -814.095181 -45.703656
52.950000 1.990778 1.420719 -771.660469 -7.201730
53.000000 2.014546 0.985456 -817.349395 -43.763839
53.050000 1.994573 0.838938 -828.022427 -62.106369
53.100000 2.008194 0.928665 -821.529476 -50.382842
53.150000 1.991824 1.247146 -787.129721 -22.269325
53.200000 2.010672 0.811144 -829.119108 -57.020904
53.250000 1.991278 1.296019 -777.782164 -13.131542
53.300000 2.010519 0.753426 -834.740977 -62.701863
53.350000 1.975416 1.006265 -810.536567 -51.976932
53.400000 2.002360 1.334175 -777.780314 -8.874107
53.450000 1.993432 1.363038 -766.561326 -1.083398
53.500000 2.004144 0.882719 -803.841670 -34.250441
53.550000 1.993918 0.867007 -799.192407 -33.527728
53.600000 2.008981 1.132259 -780.406626 -8.958037
53.650000 1.996882 1.070218 -790.192496 -23.389938
53.700000 1.979718 1.269782 -772.340665 -12.128876
53.750000 2.004658 1.057197 -802.810694 -33.021948
53.800000 1.992874 0.908247 -819.891966 -54.628211
53.850000 2.003436 1.023412 -808.835950 -39.516547
53.900000 2.008427 0.777324 -833.696600 -62.460710
53.950000 1.981001 1.226106 -783.509787 -22.805221
54.000000 2.013033 1.188998 -791.615511 -18.610756
54.050000 1.991990 1.199906 -787.254015 -22.329693
54.100000 2.001075 0.810861 -831.554818 -63.142147
54.150000 1.992678 0.935602 -831.754048 -66.565770
54.200000 1.992515 1.853650 -747.570925 17.554737
54.250000 2.011523 1.128089 -818.795387 -46.370716
54.300000 2.005414 0.890759 -833.988994 -63.909850
54.350000 1.995486 1.045302 -812.647312 -46.380812
54.400000 2.003975 1.037430 -814.145445 -44.618974
54.450000 1.999211 1.355280 -783.060458 -15.363294
54.500000 1.998625 1.137709 -800.766904 -33.294857
54.550000 1.999650 1.230078 -786.022698 -18.156983
54.600000 1.989633 0.865253 -809.721251 -45.702350
54.650000 1.996318 0.598154 -825.615637 -59.029687
54.700000 2.007154 0.823488 -803.529217 -32.782171
54.750000 1.995997 0.771172 -819.733958 -53.271018
54.800000 1.996420 1.301182 -778.005836 -11.380369
54.850000 2.003497 0.952958 -811.654476 -42.311508
54.900000 1.996643 0.814203 -812.403437 -45.692520
54.950000 1.988640 0.705791 -824.832002 -61.194310
55.000000 1.998511 1.346184 -776.088651 -8.660264
55.050000 1.990596 1.492109 -775.506472 -11.117558
55.100000 2.001752 1.244771 -809.048583 -40.375888
55.150000 2.005438 1.214129 -817.982545 -47.894305
55.200000 1.998310 1.630338 -770.698405 -3.347320
55.250000 2.012756 0.944063 -824.886201 -51.987755
55.300000 2.000588 0.854896 -822.246921 -54.021153
55.350000 1.992774 0.846730 -820.437432 -55.212342
55.400000 2.002245 0.945096 -812.389099 -43.527097
55.450000 1.998329 1.068053 -798.565758 -31.207250
55.500000 2.003851 1.158145 -787.825261 -18.346482
55.550000 2.004571 0.647321 -833.777063 -64.021793
55.600000 1.985577 0.845899 -813.092192 -50.630778
55.650000 2.001344 1.541634 -749.880699 18.635232
55.700000 2.011835 0.894639 -815.292482 -42.747806
55.750000 2.003502 1.062220 -791.305977 -21.961127
55.800000 1.995605 0.963153 -799.825466 -33.513137
55.850000 1.996848 1.091197 -784.229500 -17.440056
55.900000 2.005672 1.101199 -778.291044 -8.112806
55.950000 2.005731 0.648837 -820.261160 -50.060356
56.000000 1.994309 0.719177 -813.142907 -47.328070
56.050000 2.004766 1.130527 -776.323945 -6.493810
56.100000 2.003288 0.882600 -802.736074 -33.473452
56.150000 2.003998 0.732366 -816.160699 -46.625616
56.200000 1.985526 1.008348 -792.185624 -29.743557
56.250000 2.012751 1.196337 -782.990330 -10.093942
56.300000 2.010427 1.236416 -783.504146 -11.500328
56.350000 1.994157 0.993455 -814.611238 -48.855083
56.400000 2.003380 0.845260 -833.141198 -63.843358
56.450000 1.997847 1.131208 -803.609171 -36.435808
56.500000 2.003049 1.222380 -798.923140 -29.752378
56.550000 1.999676 0.939359 -825.526343 -57.650793
56.600000 2.004992 0.715052 -844.093627 -74.176683
56.650000 2.005831 0.654192 -847.149462 -76.910213
56.700000 1.984832 0.896255 -823.533025 -61.357445
56.750000 2.007497 1.093649 -813.740690 -42.861867
56.800000 2.001686 1.381603 -790.924364 -22.277125
56.850000 2.002979 1.244123 -809.833757 -40.689834
56.900000 2.000149 1.118578 -825.602502 -57.545123
56.950000 2.008156 1.192752 -820.174433 -49.042485
57.000000 1.987534 1.157061 -822.036688 -58.823651
57.050000 2.013194 1.175512 -813.133928 -40.067272
57.100000 1.988758 0.901010 -828.782753 -65.099581
57.150000 2.001998 0.994403 -815.106260 -46.338874
57.200000 1.991283 1.096731 -804.638048 -39.985260
57.250000 2.010992 1.139927 -797.561105 -25.340063
57.300000 2.000779 0.950900 -814.596684 -46.297626
57.350000 2.000910 0.801920 -829.671187 -61.321806
57.400000 2.002322 1.062022 -805.387703 -36.495954
57.450000 2.015405 0.881020 -831.957048 -58.041575
57.500000 1.998159 0.918903 -835.122747 -67.829753
57.550000 1.998390 1.169735 -815.746040 -48.364254
57.600000 1.998248 1.284581 -805.248129 -37.921045
57.650000 2.019298 1.025198 -830.069602 -54.659269
57.700000 1.975836 1.000579 -832.132744 -73.411880
57.750000 2.018900 1.347467 -802.990695 -27.732993
57.800000 1.997950 0.894684 -849.784147 -82.571278
57.850000 2.000540 1.086399 -829.470316 -61.262766
57.900000 1.996476 1.130696 -827.609280 -60.962575
57.950000 2.013395 1.378651 -802.047461 -28.903597
58.000000 1.988469 1.391553 -796.959115 -33.387063
58.050000 2.008898 1.711561 -762.023580 9.393296
58.100000 2.005971 1.023978 -821.980626 -51.687925
58.150000 1.995313 0.740318 -841.417457 -75.217166
58.200000 1.997422 1.290193 -785.587008 -18.577016
58.250000 1.997726 1.126501 -800.922044 -33.795306
58.300000 1.992664 1.211357 -795.153866 -29.970951
58.350000 2.010923 1.301945 -791.137657 -18.943338
58.400000 1.989545 1.114561 -807.158625 -43.173362
58.450000 2.006990 1.206270 -799.049517 -28.365290
58.500000 1.996470 1.248191 -798.972197 -32.327592
58.550000 2.018884 1.120110 -809.536150 -34.284535
58.600000 1.989616 0.601558 -857.639871 -93.627295
58.650000 1.995271 1.084583 -814.171081 -47.986983
58.700000 1.999571 1.300817 -792.460372 -24.625142
58.750000 1.997942 0.903008 -826.989611 -59.779696
58.800000 1.990280 1.014930 -812.648353 -48.380984
58.850000 1.999765 1.111198 -801.700043 -33.790144
58.900000 2.001252 0.893016 -815.457978 -46.977072
58.950000 1.994279 0.978729 -799.753240 -33.949996
59.000000 1.995632 0.845262 -815.321353 -48.998725
59.050000 2.000919 1.016877 -808.375929 -40.022843
59.100000 1.998079 1.025624 -816.530221 -49.267792
59.150000 2.005955 1.100191 -811.030168 -40.743489
59.200000 2.003111 1.007621 -817.470518 -48.275925
59.250000 2.005360 0.890666 -824.918465 -54.860311
59.300000 1.983630 0.918033 -821.522744 -59.809011
59.350000 2.001972 1.177316 -794.522155 -25.764909
59.400000 1.990847 0.993347 -816.904062 -52.418893
59.450000 2.001344 1.388585 -778.225864 -9.709613
59.500000 2.012875 0.855758 -833.154453 -60.210482
59.550000 1.985613 1.243453 -796.710403 -34.235057
59.600000 2.003776 1.289660 -795.051018 -25.601089
59.650000 2.002191 1.009867 -812.516878 -43.675347
59.700000 1.989101 0.840975 -826.009850 -62.194975
59.750000 2.002885 0.916410 -822.225184 -53.117245
59.800000 1.988900 1.298495 -787.506760 -23.769265
59.850000 2.016252 1.111415 -811.681422 -37.440525
59.900000 1.992195 1.263462 -797.901701 -32.898660
59.950000 2.003381 1.299431 -797.618190 -28.319915
60.000000 1.994398 0.821092 -636.342102 129.506847
60.050000 2.004866 0.673464 -657.148782 112.719927
60.100000 1.996929 0.611894 -663.148247 103.672559
60.150000 1.995650 0.780007 -637.154014 129.175447
60.200000 1.990070 0.701327 -641.287892 122.899000
60.250000 2.003644 0.702515 -637.613835 131.785319
60.300000 1.996464 0.541172 -654.414729 112.227399
60.350000 1.997804 0.584459 -647.834303 119.322354
60.400000 2.007627 0.538040 -655.267101 115.661658
60.450000 1.994877 0.739836 -632.074795 133.957975
60.500000 2.003824 0.660503 -644.174530 125.293791
60.550000 2.003136 0.514381 -663.645434 105.558973
60.600000 1.989540 0.729945 -639.772344 124.210871
60.650000 2.004413 0.986868 -616.971899 152.722682
60.700000 1.999705 0.843849 -641.047674 126.838930
60.750000 1.995312 0.826231 -649.067550 117.132088
60.800000 2.005814 1.059442 -618.680245 151.552513
60.850000 2.006453 0.568438 -668.709208 101.768608
60.900000 1.999237 0.600858 -651.396396 116.310717
60.950000 2.002403 0.511554 -657.884463 111.038395
61.000000 2.004430 0.528446 -655.063829 114.637205
61.050000 1.989903 0.733058 -633.182215 130.940588
61.100000 2.008293 0.675364 -645.578681 125.605990
61.150000 2.006209 0.641127 -649.075778 121.308638
61.200000 2.007150 0.759495 -633.050956 137.694715
61.250000 1.991757 0.717895 -635.461916 129.372588
61.300000 2.005314 0.568655 -654.552182 115.488402
61.350000 2.008848 0.456757 -669.678267 101.719547
61.400000 2.002801 0.516924 -667.765631 101.309792
61.450000 1.998290 0.694375 -650.173986 117.169406
61.500000 1.994531 0.833864 -635.092792 130.807228
61.550000 2.006706 0.676066 -656.762784 113.812428
61.600000 2.000386 0.629867 -663.312789 104.835537
61.650000 2.005010 0.546661 -673.847811 96.076063
61.700000 1.996046 0.699637 -652.850594 113.630942
61.750000 1.992923 0.669492 -655.221207 110.061338
61.800000 2.001290 0.713015 -649.929161 118.566056
61.850000 2.002386 0.692623 -649.253072 119.663044
61.900000 1.999666 0.459312 -672.092095 95.779705
61.950000 1.991994 0.665280 -643.038763 121.886993
62.000000 2.004048 0.659472 -644.119251 125.435301
62.050000 1.995275 0.729353 -635.296510 130.889239
62.100000 2.007415 0.647153 -647.736706 123.110578
62.150000 1.995356 0.541351 -660.634182 105.582441
62.200000 1.998445 0.596737 -655.488615 111.914131
62.250000 2.003659 0.479960 -670.353263 99.051862
62.300000 1.999332 0.572247 -654.777310 112.966264
62.350000 2.012166 0.383639 -671.089205 101.582537
62.400000 1.992263 0.457989 -656.458474 108.570471
62.450000 2.004532 0.498862 -652.867001 116.873459
62.500000 2.003492 0.388796 -665.924806 103.416107
62.550000 2.006694 0.492250 -650.820820 119.749599
62.600000 1.987804 0.559520 -646.387381 116.929421
62.650000 2.007459 0.742047 -630.165306 140.698979
62.700000 2.010855 0.573723 -649.894955 122.273509
62.750000 2.001575 0.339153 -683.255431 85.349325
62.800000 1.988182 0.641796 -659.359285 104.102585
62.850000 2.006865 0.712145 -661.878320 108.757811
62.900000 1.995740 0.723932 -663.386018 102.978030
62.950000 1.993111 0.735707 -663.172792 102.181963
63.000000 2.007532 0.630521 -673.420557 97.471880
63.050000 1.992666 0.603795 -675.121637 90.062044
63.100000 2.000752 0.878969 -645.081380 123.207411
63.150000 2.002087 0.844048 -653.944116 114.857244
63.200000 1.997654 0.853247 -649.385404 117.713662
63.250000 2.007975 0.475042 -692.146400 78.915819
63.300000 2.000337 0.607802 -676.029306 92.100232
63.350000 1.998504 0.687937 -673.663489 93.762090
63.400000 1.988856 1.020886 -638.982587 124.738175
63.450000 2.014396 0.814838 -665.475335 108.052594
63.500000 1.986745 0.792510 -657.903790 105.006131
63.550000 2.006731 0.706923 -660.843391 109.741475
63.600000 1.990491 0.767304 -653.204173 111.144204
63.650000 1.999066 0.758350 -659.748926 107.892330
63.700000 2.005188 0.867500 -652.384293 117.607834
63.750000 1.990481 1.092366 -626.990607 137.353920
63.800000 2.004455 0.963614 -640.160047 129.550488
63.850000 2.011979 0.589180 -669.500407 103.099408
63.900000 1.991525 0.482085 -670.263236 94.482348
63.950000 1.990313 0.830395 -627.607820 136.672182
64.000000 2.014142 0.705288 -643.480799 129.949592
64.050000 1.999627 0.576998 -653.753625 114.103205
64.100000 1.994820 0.495178 -662.181672 103.829235
64.150000 2.004806 0.571088 -654.675620 115.169963
64.200000 1.997710 0.547616 -664.219084 102.901646
64.250000 1.999978 0.814881 -641.344197 126.647316
64.300000 2.012200 0.613458 -669.715418 102.969297
64.350000 1.991223 0.690672 -664.617291 100.012490
64.400000 2.003675 0.778656 -661.974835 107.436444
64.450000 1.999211 0.964942 -642.090157 125.606825
64.500000 2.006940 0.908838 -645.914731 124.750209
64.550000 1.988849 0.748000 -656.100155 107.617741
64.600000 2.001640 0.625232 -664.147135 104.482502
64.650000 1.997546 0.821770 -632.726843 134.330839
64.700000 2.002521 0.722692 -645.869641 123.098377
64.750000 1.995531 0.605972 -661.964442 104.319460
64.800000 2.006205 0.890137 -624.087406 146.295433
64.850000 2.004293 0.524490 -663.020991 106.627637
64.900000 2.001772 0.533595 -659.288020 109.392246
64.950000 1.996060 0.677956 -647.150587 119.336361
65.000000 2.004428 0.940146 -623.280808 146.419444
65.050000 2.000050 0.968732 -626.708388 141.310862
65.100000 2.009514 0.822350 -642.891188 128.762366
65.150000 1.994856 0.709856 -651.512570 114.512029
65.200000 1.996907 0.757754 -650.482978 116.329147
65.250000 2.019401 0.703298 -658.742799 116.707293
65.300000 2.006241 0.554676 -669.103662 101.293068
65.350000 2.005999 0.542111 -661.082603 109.221153
65.400000 2.002662 0.454741 -667.974637 101.047571
65.450000 1.998292 0.630904 -645.499633 121.844450
65.500000 2.001012 0.493007 -660.735533 107.653002
65.550000 1.995024 0.732907 -630.597193 135.491977
65.600000 2.008046 0.698287 -633.717474 137.372059
65.650000 2.006058 0.526459 -650.502688 119.823603
65.700000 1.986888 0.729385 -629.752534 133.212608
65.750000 2.007737 0.714661 -636.027399 134.943773
65.800000 1.991335 0.782956 -624.699441 139.973170
65.850000 2.004781 0.901361 -609.924989 159.910784
65.900000 1.999294 0.631672 -639.980503 127.748248
65.950000 1.999338 0.687758 -632.365432 135.380360
66.000000 1.989204 0.826514 -617.218761 146.635735
66.050000 2.001197 0.560351 -653.081468 115.378178
66.100000 1.994237 0.779304 -626.159027 139.627973
66.150000 1.998829 0.876266 -618.757105 148.793040
66.200000 2.010031 0.708270 -640.254383 131.597380
66.250000 1.996521 0.636541 -641.918664 124.745378
66.300000 2.004652 0.388628 -668.547959 101.238497
66.350000 1.999703 0.363392 -672.002266 95.883630
66.400000 1.979472 0.792682 -627.564028 132.553191
66.450000 1.999586 0.816073 -630.747656 137.093503
66.500000 1.998641 0.787105 -631.191368 136.286808
66.550000 2.012003 0.460600 -666.633871 105.975193
66.600000 1.994988 0.465547 -662.236140 103.839368
66.650000 1.975123 0.679857 -645.938047 112.509154
66.700000 2.014053 0.884633 -631.233255 142.162971
66.750000 1.988659 0.762936 -645.852735 117.792334
66.800000 2.014142 0.663030 -656.721505 116.709148
66.850000 1.998605 0.425016 -679.701713 87.762709
66.900000 2.003097 0.448967 -674.787754 94.401667
66.950000 1.984054 0.598191 -662.120901 99.755652
67.000000 2.001576 0.848003 -642.518397 126.086605
67.050000 2.008823 0.717485 -662.581747 108.806389
67.100000 1.997826 0.729657 -661.495766 105.669281
67.150000 1.989794 1.050543 -621.757362 142.323484
67.200000 2.006033 0.779675 -656.090827 114.225955
67.250000 2.000255 0.759284 -655.484166 112.613766
67.300000 1.993348 0.717294 -653.869731 111.575873
67.350000 2.007368 0.434363 -681.036399 89.792795
67.400000 1.987696 0.664653 -651.795980 111.479145
67.450000 2.004271 0.796066 -648.665989 120.973995
