# t Temp Pres Epot Etot
0.000000 1.982592 27.881299 -1447.654344 -686.338919
0.050000 1.981624 30.667420 -1324.943625 -564.000137
0.100000 2.038832 29.597098 -1371.627570 -588.716182
0.150000 2.052341 28.369108 -1425.303982 -637.204948
0.200000 1.961714 27.544772 -1462.563352 -709.265267
0.250000 1.974104 29.483763 -1374.086329 -616.030460
0.300000 1.962230 29.730302 -1366.408879 -612.912444
0.350000 2.026609 27.969984 -1448.483130 -670.265346
0.400000 1.961431 28.229549 -1431.556202 -678.366603
0.450000 1.990615 29.657548 -1365.509417 -601.113424
0.500000 1.993073 28.858944 -1405.836759 -640.496590
0.550000 2.003526 28.742050 -1413.632418 -644.278336
0.600000 2.035554 29.490838 -1379.035501 -597.382625
0.650000 2.006944 26.971846 -1491.342625 -720.675939
0.700000 1.983320 28.280529 -1430.858585 -669.263595
0.750000 1.997714 30.414892 -1336.400409 -569.278197
0.800000 2.044460 29.850407 -1364.392894 -579.320356
0.850000 1.975519 28.407738 -1424.903248 -666.304034
0.900000 2.049374 29.540707 -1374.741933 -587.782374
0.950000 1.982655 28.924196 -1399.101806 -637.762188
1.000000 1.961088 29.395214 -1381.651149 -628.593495
1.050000 2.011634 28.322827 -1432.584674 -660.117308
1.100000 2.023876 29.063370 -1398.753309 -621.585068
1.150000 2.005461 29.095009 -1393.532123 -623.435280
1.200000 2.017377 28.064485 -1442.826110 -668.153507
1.250000 1.972332 28.882963 -1402.277602 -644.902205
1.300000 2.022811 28.714067 -1413.669858 -636.910363
1.350000 1.988132 28.850590 -1406.746226 -643.303646
1.400000 2.019171 29.479492 -1380.874002 -605.512378
1.450000 1.973484 27.969211 -1443.381690 -685.563967
1.500000 1.991525 27.714461 -1458.530232 -693.784510
1.550000 1.971246 28.663114 -1411.627388 -654.668780
1.600000 1.986935 28.883400 -1405.858294 -642.875136
1.650000 1.961637 28.945327 -1400.077530 -646.808790
1.700000 2.041587 30.267906 -1345.541863 -561.572587
1.750000 1.972063 29.499799 -1374.199558 -616.927451
1.800000 1.997744 27.741479 -1455.553899 -688.420056
1.850000 1.996351 27.749915 -1457.065589 -690.466906
1.900000 1.958335 29.453250 -1378.283364 -626.282873
1.950000 2.005176 29.609405 -1373.520014 -603.532589
2.000000 2.001946 26.754693 -1500.015652 -731.268342
2.050000 1.976569 28.300150 -1429.050175 -670.047589
2.100000 2.009224 29.132136 -1399.262067 -627.720207
2.150000 2.023273 30.767878 -1321.261195 -544.324475
2.200000 2.001954 28.379948 -1427.451711 -658.701309
2.250000 2.015568 28.519299 -1420.118179 -646.140116
2.300000 1.981177 29.341016 -1383.877490 -623.105355
2.350000 2.011159 28.033804 -1444.992872 -672.708003
2.400000 1.956235 28.123214 -1438.675639 -687.481404
2.450000 2.006271 28.087413 -1439.803865 -669.395651
2.500000 1.959354 29.512294 -1374.251637 -621.859837
2.550000 1.999374 30.549977 -1327.907336 -560.147864
2.600000 2.039051 29.759167 -1368.819287 -585.823657
2.650000 2.028989 27.093157 -1485.806889 -706.675199
2.700000 1.976972 27.820388 -1453.624871 -694.467539
2.750000 1.948961 28.780119 -1407.699858 -659.299023
2.800000 1.999958 29.028606 -1398.639962 -630.656119
2.850000 2.019510 29.456235 -1377.348495 -601.856825
2.900000 2.009780 28.933583 -1402.265638 -630.509942
2.950000 1.985980 28.165636 -1435.735537 -673.119137
3.000000 1.989082 28.902342 -1402.460076 -638.652735
3.050000 2.008075 28.565489 -1419.980670 -648.879934
3.100000 1.977264 28.939642 -1401.655943 -642.386736
3.150000 2.002954 29.363598 -1386.632928 -617.498448
3.200000 2.007321 29.678901 -1371.768528 -600.957164
3.250000 2.027035 27.904660 -1449.178017 -670.796588
3.300000 1.985803 27.318538 -1476.718468 -714.170146
3.350000 1.983859 29.559778 -1375.276387 -613.474717
3.400000 1.998294 29.492603 -1379.417894 -612.072898
3.450000 2.002540 29.015903 -1400.809094 -631.833639
3.500000 1.992398 29.202776 -1390.834277 -625.753602
3.550000 2.015545 27.501684 -1468.332078 -694.362869
3.600000 2.001544 28.155586 -1436.298022 -667.705109
3.650000 1.998726 29.139295 -1389.131510 -621.620592
3.700000 1.981938 28.476116 -1422.624131 -661.560036
3.750000 1.992323 30.770966 -1315.623478 -550.571358
3.800000 1.994425 29.167916 -1391.435094 -625.575898
3.850000 1.990489 28.023397 -1443.911915 -679.564302
3.900000 2.012999 28.919840 -1404.388918 -631.397469
3.950000 1.993375 28.165875 -1436.645707 -671.189605
4.000000 1.978167 30.184127 -1346.867031 -587.250915
4.050000 1.989766 29.687344 -1369.626074 -605.555794
4.100000 1.986982 28.007648 -1443.408028 -680.406872
4.150000 2.002540 28.692407 -1410.629028 -641.653562
4.200000 1.994548 29.576241 -1371.130891 -605.224276
4.250000 1.997172 29.428864 -1377.089935 -610.175727
4.300000 1.970621 28.749702 -1408.591171 -651.872687
4.350000 1.964317 29.425601 -1380.481002 -626.183275
4.400000 2.036112 28.709472 -1418.199676 -636.332742
4.450000 1.988380 28.695666 -1410.446613 -646.908710
4.500000 1.992638 28.250650 -1432.448933 -667.275905
4.550000 2.000076 29.292302 -1385.369882 -617.340829
4.600000 1.975734 28.390036 -1424.942163 -666.260156
4.650000 1.977651 28.874640 -1407.520141 -648.101976
4.700000 2.011061 29.500468 -1378.495063 -606.247467
4.750000 2.030098 28.738585 -1413.606993 -634.049410
4.800000 1.993360 29.487480 -1378.193145 -612.742784
4.850000 2.013151 29.556149 -1376.721415 -603.671248
4.900000 2.022176 27.711087 -1457.668288 -681.152550
4.950000 1.981435 28.661985 -1410.445753 -649.574881
5.000000 1.992942 28.602493 -1414.977417 -649.687579
5.050000 2.018728 27.977840 -1445.254289 -670.062795
5.100000 1.992815 28.480462 -1427.074719 -661.833607
5.150000 1.999695 29.467970 -1378.359552 -610.476662
5.200000 2.032523 28.731604 -1414.982877 -634.494087
5.250000 1.981916 29.770451 -1359.711690 -598.656019
5.300000 2.008542 27.072107 -1486.536224 -715.256089
5.350000 1.994034 27.383978 -1469.897018 -704.187884
5.400000 1.957354 30.588586 -1324.161527 -572.537479
5.450000 1.986670 29.144746 -1392.061627 -629.180471
5.500000 2.014958 28.639061 -1413.531156 -639.787159
5.550000 1.964204 27.764141 -1455.057198 -700.803012
5.600000 1.978394 28.900160 -1401.623822 -641.920379
5.650000 2.016684 29.612602 -1374.241247 -599.834549
5.700000 1.969303 28.364755 -1426.129368 -669.917083
5.750000 2.033263 28.261888 -1433.640415 -652.867446
5.800000 2.011313 28.928673 -1402.763090 -630.418910
5.850000 1.987028 28.995476 -1398.516464 -635.497611
5.900000 1.976168 28.383053 -1426.413902 -667.565353
5.950000 2.028230 27.794261 -1456.621954 -677.781786
6.000000 1.992269 28.725408 -1411.305355 -646.274179
6.050000 1.989962 30.396976 -1337.216685 -573.071229
6.100000 2.013748 29.297535 -1385.822366 -612.543197
6.150000 2.022882 28.121307 -1439.286788 -662.499989
6.200000 1.997265 27.505028 -1463.917367 -696.967522
6.250000 1.979028 28.521435 -1418.612428 -658.665778
6.300000 2.046313 29.601633 -1373.650083 -587.866052
6.350000 2.025404 29.670544 -1369.545918 -591.790861
6.400000 1.981198 28.124456 -1440.181492 -679.401299
6.450000 1.983990 28.175330 -1434.348209 -672.495928
6.500000 2.019600 29.992382 -1354.951144 -579.424886
6.550000 2.009791 26.892456 -1496.083822 -724.323986
6.600000 2.000064 29.463286 -1376.625272 -608.600727
6.650000 1.992147 28.353654 -1429.463761 -664.479175
6.700000 1.991676 28.938495 -1403.214921 -638.411234
6.750000 2.023862 28.416304 -1427.215285 -650.052137
6.800000 1.989228 29.495604 -1375.414169 -611.550533
6.850000 1.986299 27.556600 -1461.567227 -698.828552
6.900000 1.996593 28.890342 -1402.442725 -635.751027
6.950000 2.004860 29.699223 -1366.427489 -596.561193
7.000000 2.022176 28.634550 -1414.831186 -638.315630
7.050000 2.018513 27.979017 -1443.688119 -668.579141
7.100000 1.966452 28.849027 -1406.095376 -650.977795
7.150000 2.024228 29.492541 -1380.072549 -602.768906
7.200000 1.989230 28.863724 -1405.959598 -642.095101
7.250000 1.993805 28.767289 -1408.131980 -642.510877
7.300000 2.039548 28.142680 -1439.121487 -655.935064
7.350000 1.959825 28.739172 -1405.848998 -653.276124
7.400000 2.006246 28.637830 -1414.566262 -644.167980
7.450000 2.061595 29.041385 -1400.360723 -608.708200
7.500000 1.966903 18.665672 -1473.033376 -717.742481
7.550000 2.042178 18.843767 -1468.778064 -684.581593
7.600000 1.979950 16.982096 -1555.394014 -795.093168
7.650000 1.994628 17.687058 -1523.164461 -757.227363
7.700000 1.984149 18.332086 -1490.257347 -728.344233
7.750000 1.983965 17.658893 -1522.496037 -760.653501
7.800000 2.010397 17.253633 -1544.768612 -772.776107
7.850000 2.005347 18.166457 -1500.634745 -730.581425
7.900000 1.990106 18.318677 -1492.251595 -728.051004
7.950000 2.024206 17.764241 -1517.904430 -740.609441
8.000000 1.985383 16.626447 -1570.699138 -808.311997
8.050000 1.999430 17.771924 -1517.694811 -749.913515
8.100000 2.030821 17.551579 -1528.559197 -748.724117
8.150000 1.983070 17.802516 -1509.401327 -747.902392
8.200000 1.992544 17.759621 -1518.286022 -753.149001
8.250000 2.018452 18.373551 -1489.709630 -714.624144
8.300000 2.004983 18.703564 -1474.646334 -704.732771
8.350000 1.993257 18.194805 -1501.574056 -736.163378
8.400000 2.059899 17.661656 -1525.256031 -734.254707
8.450000 1.991972 17.022533 -1554.389403 -789.472083
8.500000 2.030899 16.551933 -1575.087044 -795.221862
8.550000 1.979240 17.124789 -1546.938672 -786.910533
8.600000 2.016998 16.122422 -1597.192319 -822.665164
8.650000 1.966727 19.056340 -1451.708267 -696.485254
8.700000 1.991602 18.362751 -1492.013474 -727.238214
8.750000 2.018893 18.024161 -1508.322888 -733.067840
8.800000 2.006327 16.514406 -1581.437006 -811.007586
8.850000 1.986656 18.099695 -1500.845323 -737.969524
8.900000 1.959140 18.331851 -1487.832517 -735.522702
8.950000 1.983318 18.066204 -1506.723982 -745.129947
9.000000 2.018619 17.056468 -1553.833953 -778.684246
9.050000 1.993809 18.392372 -1486.591529 -720.968728
9.100000 1.983616 17.133520 -1546.350820 -784.642181
9.150000 1.998989 16.961708 -1555.934967 -788.323244
9.200000 1.983831 17.991404 -1510.120279 -748.329100
9.250000 1.988955 17.678314 -1521.551733 -757.792976
9.300000 2.017606 18.186972 -1497.492492 -722.731725
9.350000 1.981538 17.871973 -1511.468765 -750.558289
9.400000 1.994256 17.270856 -1542.627852 -776.833545
9.450000 2.000304 16.438479 -1578.616379 -810.499794
9.500000 2.004249 17.449844 -1535.077720 -765.446080
9.550000 1.965572 18.022315 -1502.540670 -747.761169
9.600000 1.985881 17.343353 -1534.033701 -771.455432
9.650000 2.007844 16.840388 -1560.193870 -789.181760
9.700000 1.997898 17.610304 -1524.782626 -757.589614
9.750000 2.008185 17.396799 -1533.293953 -762.150909
9.800000 2.012759 18.971811 -1459.484563 -686.584979
9.850000 2.004347 18.346107 -1489.404400 -719.735234
9.900000 2.040095 17.161488 -1551.765857 -768.369376
9.950000 1.988303 17.377057 -1533.336033 -769.827808
10.000000 2.039807 17.715268 -1521.025221 -737.739420
10.050000 1.995398 17.296576 -1533.615274 -767.382375
10.100000 2.014892 16.710924 -1568.032584 -794.313882
10.150000 1.998425 16.822735 -1561.668946 -794.273809
10.200000 2.002011 18.078920 -1500.366773 -731.594478
10.250000 1.991157 19.193558 -1447.917542 -683.313146
10.300000 2.041596 19.354637 -1447.804723 -663.831667
10.350000 2.027674 16.518658 -1579.059590 -800.432751
10.400000 1.992545 16.942855 -1557.774118 -792.636696
10.450000 1.992710 17.384764 -1538.368097 -773.167601
10.500000 1.997754 17.778737 -1518.884865 -751.747208
10.550000 1.990995 17.954976 -1507.751238 -743.209284
10.600000 2.009236 18.592248 -1477.227266 -705.680540
10.650000 2.009428 17.847025 -1513.295773 -741.675380
10.700000 2.008778 17.747644 -1515.568986 -744.198082
10.750000 1.996496 17.986467 -1509.790896 -743.136310
10.800000 2.001495 17.539129 -1530.081617 -761.507695
10.850000 1.997458 16.612034 -1567.842326 -800.818564
10.900000 1.986009 17.464832 -1528.674312 -766.046859
10.950000 2.003068 16.845806 -1559.281495 -790.103376
11.000000 2.000900 17.069966 -1548.484848 -780.139175
11.050000 1.994825 17.432600 -1532.922760 -766.910022
11.100000 1.971546 18.485096 -1481.464102 -724.390373
11.150000 1.992536 18.866977 -1465.087853 -699.954038
11.200000 2.018412 17.739117 -1518.660891 -743.590524
11.250000 1.992927 17.106013 -1551.152306 -785.868192
11.300000 2.020528 17.929180 -1508.451128 -732.568406
11.350000 1.982498 16.357984 -1582.449501 -821.170390
11.400000 2.007358 16.646268 -1568.876060 -798.050551
11.450000 1.977010 18.096285 -1503.062058 -743.890325
11.500000 1.988604 18.263803 -1494.390967 -730.766912
11.550000 2.008966 18.286192 -1494.547505 -723.104523
11.600000 1.959884 17.961701 -1502.490485 -749.895087
11.650000 1.994197 18.014781 -1498.161445 -732.389962
11.700000 1.977624 18.608726 -1474.219845 -714.812247
11.750000 2.022013 17.574361 -1524.781555 -748.328372
11.800000 2.009545 17.430078 -1533.077842 -761.412379
11.850000 2.022896 17.019205 -1551.290646 -774.498535
11.900000 1.989088 17.516046 -1528.431505 -764.621784
11.950000 1.995286 17.618838 -1525.157455 -758.967460
12.000000 2.005438 17.839411 -1511.202563 -741.114295
12.050000 1.979794 17.601581 -1522.612602 -762.371583
12.100000 1.968741 17.830489 -1512.221778 -756.225098
12.150000 2.006661 18.081855 -1506.310548 -735.752861
12.200000 1.985335 17.180663 -1545.733893 -783.365320
12.250000 2.027399 16.517825 -1577.667054 -799.145875
12.300000 2.010150 18.228361 -1494.996435 -723.098760
12.350000 1.991846 18.891381 -1463.288770 -698.419890
12.400000 2.023637 17.823196 -1514.679949 -737.603350
12.450000 2.009145 16.706921 -1567.723198 -796.211536
12.500000 1.983505 17.554607 -1528.018689 -766.352771
12.550000 2.007786 17.509740 -1533.089919 -762.100076
12.600000 1.986405 18.075192 -1500.407488 -737.628028
12.650000 2.008034 18.124918 -1504.852099 -733.766895
12.700000 2.029871 18.524685 -1484.069802 -704.599293
12.750000 2.026479 16.755503 -1568.147286 -789.979370
12.800000 2.018126 17.332109 -1535.606557 -760.646172
12.850000 1.987530 17.882718 -1510.774197 -747.562809
12.900000 1.985136 17.442988 -1532.005137 -769.713054
12.950000 1.995356 17.763953 -1516.841917 -750.625149
13.000000 1.984899 18.471064 -1482.429853 -720.228733
13.050000 1.996846 17.690200 -1521.926482 -755.137631
13.100000 1.991610 17.751117 -1520.544412 -755.766202
13.150000 1.964047 17.912871 -1512.210477 -758.016482
13.200000 2.032903 18.137681 -1503.040753 -722.405957
13.250000 2.001817 17.020879 -1552.586999 -783.889119
13.300000 1.989965 17.519939 -1528.945342 -764.798704
13.350000 2.008919 18.284041 -1494.142417 -722.717338
13.400000 2.014430 18.178421 -1498.933440 -725.392180
13.450000 2.015585 17.526866 -1530.932199 -756.947421
13.500000 1.979702 18.244269 -1495.214906 -735.009507
13.550000 2.002453 18.685946 -1472.839287 -703.897508
13.600000 1.998569 17.245338 -1540.963627 -773.513027
13.650000 1.995514 17.660364 -1522.062981 -755.785430
13.700000 1.994248 18.384813 -1488.080357 -722.289023
13.750000 2.013473 17.408187 -1535.982301 -762.808610
13.800000 2.009078 16.815600 -1561.962243 -790.476376
13.850000 1.967539 16.936956 -1553.640003 -798.104942
13.900000 2.000213 17.976861 -1504.908892 -736.827246
13.950000 1.971918 18.949237 -1459.407735 -702.191175
14.000000 2.005809 17.299855 -1543.895768 -773.665100
14.050000 2.012987 18.393812 -1488.420937 -715.433792
14.100000 2.015336 15.929848 -1607.194236 -833.305180
14.150000 1.995529 18.156131 -1496.823144 -730.539843
14.200000 1.991601 17.739496 -1516.237995 -751.463032
14.250000 2.019100 18.551529 -1479.504695 -704.170137
14.300000 2.006975 17.368008 -1536.896027 -766.217593
14.350000 1.996621 17.938300 -1511.979504 -745.276929
14.400000 2.005102 17.573305 -1524.948151 -754.989074
14.450000 2.002330 17.324721 -1536.768033 -767.873372
14.500000 1.989243 17.286051 -1537.610693 -773.741465
14.550000 2.023405 16.464140 -1579.149322 -802.161949
14.600000 1.949403 18.212760 -1495.851065 -747.280194
14.650000 2.020781 19.120411 -1458.237958 -682.258079
14.700000 2.015357 18.457302 -1487.112008 -713.214930
14.750000 2.010032 17.805991 -1516.552531 -744.700256
14.800000 2.006949 17.482375 -1532.506792 -761.838505
14.850000 2.016465 17.402453 -1535.284083 -760.961404
14.900000 1.974120 18.705622 -1470.660537 -712.598592
14.950000 2.009785 17.756095 -1519.544939 -747.787456
15.000000 1.997144 15.238396 -1293.976080 -527.072692
15.050000 1.970903 16.142076 -1245.551739 -488.725014
15.100000 2.015586 15.795820 -1265.431257 -491.446360
15.150000 1.998057 15.721841 -1268.305017 -501.051058
15.200000 1.982843 16.357917 -1233.872376 -472.460489
15.250000 2.031874 16.710982 -1215.201034 -434.961548
15.300000 2.011010 16.015678 -1257.813977 -485.586234
15.350000 1.998232 15.256807 -1296.378267 -529.057284
15.400000 1.991928 15.220608 -1296.142514 -531.242034
15.450000 1.986377 15.336088 -1291.437996 -528.669064
15.500000 2.017443 15.796480 -1264.488698 -489.790451
15.550000 2.015081 15.822186 -1258.624003 -484.833063
15.600000 2.022137 15.175508 -1295.347727 -518.847160
15.650000 1.962980 15.291320 -1289.189582 -535.405360
15.700000 1.983062 15.388854 -1281.471699 -519.976049
15.750000 1.997804 15.577851 -1272.699492 -505.542651
15.800000 1.982039 15.073402 -1301.319702 -540.216899
15.850000 2.010084 14.947541 -1308.628638 -536.756352
15.900000 1.967050 14.994621 -1299.317569 -543.970185
15.950000 1.989989 16.116302 -1248.492647 -484.336891
16.000000 2.015660 16.291210 -1242.926536 -468.913171
16.050000 1.996295 15.711470 -1269.148047 -502.570682
16.100000 1.995805 15.236989 -1299.592534 -533.203399
16.150000 1.982464 16.288117 -1243.136541 -481.870226
16.200000 2.032511 15.219394 -1302.051144 -521.566754
16.250000 1.974275 16.123778 -1247.205556 -489.083971
16.300000 2.004460 15.029877 -1299.681072 -529.968333
16.350000 2.014686 14.578783 -1322.263068 -548.623674
16.400000 1.980285 15.890724 -1258.627311 -498.197789
16.450000 2.000819 16.983154 -1203.071752 -434.757376
16.500000 2.000940 15.145127 -1290.706497 -522.345531
16.550000 1.982978 15.336687 -1283.185169 -521.721610
16.600000 2.047689 15.025189 -1297.570922 -511.258328
16.650000 2.015945 14.636461 -1316.486036 -542.363178
16.700000 2.009125 14.875888 -1306.364873 -534.860734
16.750000 1.943589 16.281382 -1230.184782 -483.846754
16.800000 1.996278 15.956299 -1256.427945 -489.857137
16.850000 2.015433 15.487598 -1281.252196 -507.325927
16.900000 1.977453 16.012525 -1252.310144 -492.968300
16.950000 1.987913 16.152510 -1240.708743 -477.350179
17.000000 2.026397 15.880647 -1258.222924 -480.086470
17.050000 2.010915 14.032178 -1352.568640 -580.377416
17.100000 2.016355 13.797794 -1363.407147 -589.126772
17.150000 1.976645 14.959887 -1304.928060 -545.896425
17.200000 2.007315 14.365927 -1332.196775 -561.387885
17.250000 1.998867 14.517598 -1320.999377 -553.434346
17.300000 1.951307 14.857053 -1309.256160 -559.954386
17.350000 1.960744 17.722221 -1162.719499 -409.793737
17.400000 2.041243 15.897681 -1257.576391 -473.738987
17.450000 2.016123 14.910190 -1302.384093 -528.192754
17.500000 1.986375 14.328508 -1331.595733 -568.827593
17.550000 1.973416 14.978588 -1306.240189 -548.448300
17.600000 2.000797 15.309699 -1293.807170 -525.501077
17.650000 2.003187 17.033323 -1200.057277 -430.833285
17.700000 1.995749 16.119520 -1249.372667 -483.004998
17.750000 2.023603 15.227521 -1293.505343 -516.441610
17.800000 1.978389 15.808816 -1263.107508 -503.406164
17.850000 2.000874 15.652727 -1267.368227 -499.032591
17.900000 2.016100 15.052602 -1299.713357 -525.530788
17.950000 2.014688 13.645629 -1375.938456 -602.298177
18.000000 2.009124 13.939876 -1357.597106 -586.093548
18.050000 1.978394 15.562592 -1272.116419 -512.413246
18.100000 2.017756 15.294571 -1289.072282 -514.254064
18.150000 1.988118 15.236003 -1292.144970 -528.707800
18.200000 2.004926 14.920012 -1306.394746 -536.503251
18.250000 1.977480 14.755834 -1312.755711 -553.403406
18.300000 1.963412 15.524267 -1278.407756 -524.457604
18.350000 1.982880 14.285305 -1342.177095 -580.751308
18.400000 2.017176 14.670737 -1320.297280 -545.701619
18.450000 2.005597 16.417892 -1219.984944 -449.835836
18.500000 1.970610 15.913683 -1249.271663 -492.557372
18.550000 2.006395 14.845030 -1311.867590 -541.412079
18.600000 1.992724 15.750935 -1261.214832 -496.008912
18.650000 2.014567 14.422600 -1335.320732 -561.726845
18.700000 1.991678 14.702960 -1318.558585 -553.754125
18.750000 2.017776 15.427191 -1282.196290 -507.370315
18.800000 1.998240 13.740330 -1367.360512 -600.036208
18.850000 2.024003 14.271924 -1341.096781 -563.879755
18.900000 1.973951 13.931351 -1352.331817 -594.334824
18.950000 1.984176 14.499906 -1329.752718 -567.829145
19.000000 1.955799 15.110075 -1296.513904 -545.487246
19.050000 2.037458 14.286784 -1340.767259 -558.383439
19.100000 1.997812 14.751180 -1314.300836 -547.141081
19.150000 2.013885 14.756363 -1312.087109 -538.755235
19.200000 1.988346 13.329461 -1386.937610 -623.412784
19.250000 1.962836 15.137859 -1294.101455 -540.372578
19.300000 2.005021 15.049158 -1305.872168 -535.944123
19.350000 2.004093 15.820399 -1271.606422 -502.034751
19.400000 2.026500 15.135942 -1299.312390 -521.136217
19.450000 2.013260 14.680457 -1317.206794 -544.114785
19.500000 1.988433 15.540885 -1275.826950 -512.268539
19.550000 1.980936 15.660032 -1273.181916 -512.502447
19.600000 1.992184 16.163342 -1246.744155 -481.745465
19.650000 2.000215 15.226962 -1294.907396 -526.824871
19.700000 2.003368 15.342709 -1292.540886 -523.247385
19.750000 2.010840 15.474676 -1282.498353 -510.335609
19.800000 2.003495 15.103561 -1302.952370 -533.610366
19.850000 2.010294 15.064478 -1310.189376 -538.236410
19.900000 1.993967 15.529231 -1284.224800 -518.541505
19.950000 2.013414 14.692798 -1322.131913 -548.981075
20.000000 2.002481 15.198127 -1293.374423 -524.421585
20.050000 2.003121 15.265575 -1291.675709 -522.477339
20.100000 2.005581 15.944126 -1256.378290 -486.235363
20.150000 2.015993 13.940919 -1362.819384 -588.678255
20.200000 2.000926 15.793341 -1258.744403 -490.388985
20.250000 2.012399 14.199797 -1345.012733 -572.251457
20.300000 2.004104 15.429851 -1282.360186 -512.784346
20.350000 2.003679 16.325798 -1235.867619 -466.454762
20.400000 2.000661 15.221433 -1289.262227 -521.008537
20.450000 1.970336 15.717954 -1267.791138 -511.182008
20.500000 2.028230 15.103972 -1307.140571 -528.300259
20.550000 1.993404 15.120073 -1305.837394 -540.370287
20.600000 1.983522 15.353392 -1287.068807 -525.396170
20.650000 1.991469 15.219548 -1296.572284 -531.848091
20.700000 2.019424 15.062301 -1303.542755 -528.084101
20.750000 1.988495 15.081283 -1306.318293 -542.736220
20.800000 2.011936 15.824978 -1269.970945 -497.387676
20.850000 2.010313 16.087908 -1251.980256 -480.020080
20.900000 2.022387 14.316731 -1347.586281 -570.989756
20.950000 1.973376 15.649473 -1270.791598 -513.015199
21.000000 2.042353 14.987205 -1310.776242 -526.512770
21.050000 2.029059 14.616674 -1330.979330 -551.820485
21.100000 1.985165 15.327157 -1291.270512 -528.967168
21.150000 1.965501 15.441528 -1280.052496 -525.300099
21.200000 1.965373 17.149331 -1191.501656 -436.798448
21.250000 2.004388 15.449937 -1285.683227 -515.998075
21.300000 1.976295 15.800746 -1251.066028 -492.168600
21.350000 2.027754 14.952960 -1303.096383 -524.438728
21.400000 1.989543 14.798940 -1311.743501 -547.758950
21.450000 1.976463 14.807270 -1314.787961 -555.826197
21.500000 2.010683 15.444585 -1280.560301 -508.457882
21.550000 1.980758 16.267657 -1236.016206 -475.405062
21.600000 1.956202 17.158851 -1190.959038 -439.777596
21.650000 2.033764 15.227114 -1297.527982 -516.562470
21.700000 1.976673 15.084232 -1304.926886 -545.884386
21.750000 1.999043 15.232189 -1294.198681 -526.566251
21.800000 2.012002 14.531422 -1328.061704 -555.452897
21.850000 2.033381 14.237221 -1342.066158 -561.248045
21.900000 1.987986 14.425975 -1327.680550 -564.293885
21.950000 1.995917 13.948357 -1360.070338 -593.638100
22.000000 2.014027 15.050212 -1306.173797 -532.787344
22.050000 2.010295 14.310525 -1338.195852 -566.242693
22.100000 1.992528 15.017528 -1297.427673 -532.296863
22.150000 2.021124 15.058185 -1302.545997 -526.434317
22.200000 1.998650 16.452892 -1230.263407 -462.781677
22.250000 2.002474 15.414610 -1284.678089 -515.727983
22.300000 2.011418 15.729066 -1269.020863 -496.636345
22.350000 2.031834 15.489442 -1278.987319 -498.762995
22.400000 2.004301 14.011702 -1352.432990 -582.781456
22.450000 1.999333 14.792060 -1305.434164 -537.690187
22.500000 1.985885 9.408310 -1263.714842 -501.135111
22.550000 1.993649 9.432022 -1268.936983 -503.375896
22.600000 1.982446 9.858594 -1249.541003 -488.281669
22.650000 2.015913 9.685154 -1263.275348 -489.164863
22.700000 2.002059 8.996190 -1294.118283 -525.327626
22.750000 1.991048 7.855404 -1359.812008 -595.249544
22.800000 1.990279 8.946005 -1293.584446 -529.317256
22.850000 2.000284 8.312637 -1330.857352 -562.748414
22.900000 1.981084 8.787324 -1305.252225 -544.516106
22.950000 2.007294 9.041769 -1291.015934 -520.215140
23.000000 1.999240 8.172358 -1338.640606 -570.932605
23.050000 1.963972 9.027866 -1291.978017 -537.812821
23.100000 2.032703 8.298774 -1347.877576 -567.319524
23.150000 2.002531 8.997360 -1303.660328 -534.688395
23.200000 1.991666 9.531592 -1272.859697 -508.059815
23.250000 2.035586 9.893381 -1255.307140 -473.642211
23.300000 1.993922 9.511236 -1272.960235 -507.294195
23.350000 1.974861 9.621364 -1266.711160 -508.364586
23.400000 2.010565 8.987563 -1299.571529 -527.514653
23.450000 1.980786 8.954740 -1296.000454 -535.378677
23.500000 1.977071 9.708874 -1254.673229 -495.477858
23.550000 2.020239 9.147432 -1292.270326 -516.498736
23.600000 1.982659 9.578318 -1267.439437 -506.098527
23.650000 2.014521 9.037532 -1296.271974 -522.696011
23.700000 1.990317 8.797584 -1305.561625 -541.280032
23.750000 1.988811 8.901136 -1298.732807 -535.029545
23.800000 1.999172 8.796147 -1300.875277 -533.193290
23.850000 2.028087 8.680953 -1307.409298 -528.623761
23.900000 1.998058 8.148003 -1340.557765 -573.303582
23.950000 1.975641 9.007468 -1291.296227 -532.649971
24.000000 1.994732 8.690294 -1305.633622 -539.656676
24.050000 2.019055 8.273552 -1332.847086 -557.530104
24.100000 1.976665 8.742058 -1309.649117 -550.609805
24.150000 2.024158 9.333378 -1273.846171 -496.569380
24.200000 1.968818 9.121276 -1288.447969 -532.421800
24.250000 2.006282 7.914548 -1364.700958 -594.288794
24.300000 1.985610 9.447536 -1269.790258 -507.315963
24.350000 2.011287 9.193499 -1290.603942 -518.269915
24.400000 2.003527 8.746912 -1309.665033 -540.310608
24.450000 2.026059 8.725555 -1300.697177 -522.690532
24.500000 2.005333 8.489385 -1320.355498 -550.307631
24.550000 2.000366 9.462681 -1271.904287 -503.763715
24.600000 1.989299 9.406589 -1275.608662 -511.717725
24.650000 1.992817 8.811326 -1312.116109 -546.874261
24.700000 2.002857 9.940803 -1245.222869 -476.125803
24.750000 2.001067 9.031673 -1293.784407 -525.374864
24.800000 2.005649 9.225375 -1281.221270 -511.051984
24.850000 2.012762 8.649195 -1320.561029 -547.660421
24.900000 1.986665 9.399525 -1282.403595 -519.524260
24.950000 2.034360 8.824509 -1316.002164 -534.808102
25.000000 1.988254 8.618105 -1322.812247 -559.322566
25.050000 1.990222 8.974967 -1297.879778 -533.634651
25.100000 1.995655 9.095445 -1288.770452 -522.438951
25.150000 1.997537 9.305624 -1278.918930 -511.864602
25.200000 2.024826 9.628950 -1265.898687 -488.365681
25.250000 1.972607 9.741246 -1260.120956 -502.639861
25.300000 1.991830 8.959271 -1311.075394 -546.212701
25.350000 2.014862 8.868369 -1307.303202 -533.596169
25.400000 2.013685 7.920822 -1352.025197 -578.770095
25.450000 1.951166 9.589704 -1258.949296 -509.701401
25.500000 1.987725 10.436363 -1216.009721 -452.723469
25.550000 2.006119 9.046640 -1294.356862 -524.007005
25.600000 2.005008 9.694911 -1256.221063 -486.297867
25.650000 1.984720 9.071433 -1295.571241 -533.438787
25.700000 2.024847 8.662655 -1320.668089 -543.126681
25.750000 2.020233 8.517793 -1323.937448 -548.168044
25.800000 2.006459 8.400106 -1329.381616 -558.901528
25.850000 1.996459 8.841383 -1308.078708 -541.438497
25.900000 2.001091 9.342297 -1276.223107 -507.804206
25.950000 1.995294 9.794132 -1243.623946 -477.430908
26.000000 2.001221 8.746640 -1307.866304 -539.397393
26.050000 2.008337 9.250419 -1278.805103 -507.603559
26.100000 1.993586 8.826182 -1303.261369 -537.724208
26.150000 2.021441 8.726980 -1308.017625 -531.784425
26.200000 1.990186 9.011076 -1290.953483 -526.721937
26.250000 1.998055 8.957988 -1297.876998 -530.623816
26.300000 2.003654 9.235048 -1281.451643 -512.048483
26.350000 2.024113 8.935019 -1299.204398 -521.944837
26.400000 1.974643 8.610163 -1316.785867 -558.522972
26.450000 2.032298 9.277332 -1282.687628 -502.285206
26.500000 1.992834 8.803250 -1312.007294 -546.759217
26.550000 2.019502 9.278538 -1283.216630 -507.727923
26.600000 1.977783 9.050589 -1291.913800 -532.445068
26.650000 1.989071 8.757594 -1309.991675 -546.188567
26.700000 2.013591 8.523390 -1326.445471 -553.226468
26.750000 2.012203 8.579247 -1319.414310 -546.728229
26.800000 1.997478 8.719327 -1314.989089 -547.957442
26.850000 2.004809 9.091941 -1295.827221 -525.980606
26.900000 1.977914 9.413326 -1278.276456 -518.757621
26.950000 2.002375 8.707899 -1315.372675 -546.460724
27.000000 2.010183 8.749744 -1314.732772 -542.822658
27.050000 1.967909 9.318005 -1276.918279 -521.241263
27.100000 2.003162 8.713163 -1317.424357 -548.210211
27.150000 2.010469 8.924714 -1305.612359 -533.592237
27.200000 2.001350 9.066164 -1292.041093 -523.522807
27.250000 1.991682 9.709672 -1256.208396 -491.402362
27.300000 2.021802 9.376463 -1274.650095 -498.278303
27.350000 2.003055 8.870796 -1296.661846 -527.488888
27.400000 2.000884 8.552097 -1315.936498 -547.597201
27.450000 1.986953 9.072559 -1290.070428 -527.080466
27.500000 2.007158 8.908713 -1295.378439 -524.629802
27.550000 2.006270 9.022044 -1294.019153 -523.611653
27.600000 2.005660 9.148003 -1290.004816 -519.831421
27.650000 2.020511 8.809309 -1311.322031 -535.445797
27.700000 2.004091 9.755618 -1256.638068 -487.067064
27.750000 2.020973 9.701580 -1259.195888 -483.142417
27.800000 1.981344 9.223542 -1279.192522 -518.356374
27.850000 2.000124 7.958235 -1350.102118 -582.054510
27.900000 1.998078 8.348639 -1321.602954 -554.340918
27.950000 1.985728 8.987436 -1290.602388 -528.083027
28.000000 1.994877 9.622502 -1260.975084 -494.942136
28.050000 2.037752 9.103494 -1287.720191 -505.223272
28.100000 1.983221 8.556288 -1309.794524 -548.237753
28.150000 2.005654 8.267318 -1328.406439 -558.235245
28.200000 1.988738 8.086376 -1339.264635 -575.589084
28.250000 2.014736 8.240581 -1334.641444 -560.982928
28.300000 1.997003 8.508373 -1326.973420 -560.124413
28.350000 2.047626 8.633664 -1321.095872 -534.807600
28.400000 1.970855 8.720119 -1308.777605 -551.969347
28.450000 2.007804 9.761372 -1252.451976 -481.455210
28.500000 1.983454 9.738020 -1255.658859 -494.012544
28.550000 2.013270 8.839840 -1304.097234 -531.001606
28.600000 1.978538 8.892298 -1302.332221 -542.573523
28.650000 2.003193 9.839329 -1252.021088 -482.794925
28.700000 2.045428 8.358411 -1328.335849 -542.891387
28.750000 1.982579 8.324352 -1323.396157 -562.085863
28.800000 1.989558 8.777622 -1293.557643 -529.567342
28.850000 2.022007 9.134268 -1273.379544 -496.928847
28.900000 1.979714 9.684587 -1244.251926 -484.041729
28.950000 2.005414 8.961808 -1289.977887 -519.899028
29.000000 1.995857 8.205427 -1336.976618 -570.567365
29.050000 1.985907 9.188169 -1284.923296 -522.334871
29.100000 2.011285 9.285409 -1282.366500 -510.033047
29.150000 1.984562 9.318541 -1284.726000 -522.654341
29.200000 1.996268 9.751028 -1261.720425 -495.153463
29.250000 2.001862 9.614101 -1269.056979 -500.341896
29.300000 1.981609 9.096363 -1292.671994 -531.734135
29.350000 1.983584 9.319749 -1274.988537 -513.292185
29.400000 1.977330 8.924792 -1303.254317 -543.959651
29.450000 1.979875 9.594316 -1264.911866 -504.639771
29.500000 1.980606 9.339163 -1273.419646 -512.866804
29.550000 1.986522 9.458722 -1266.291107 -503.466673
29.600000 2.025225 9.608437 -1265.596985 -487.910530
29.650000 2.005155 9.343438 -1278.051009 -508.071309
29.700000 1.982302 8.731766 -1309.495527 -548.291704
29.750000 1.998003 9.654136 -1263.458592 -496.225253
29.800000 2.019846 9.687176 -1255.792486 -480.171665
29.850000 1.996837 9.337622 -1266.537511 -499.752012
29.900000 1.978133 8.974880 -1295.400265 -535.797073
29.950000 1.982376 9.446623 -1271.322351 -510.090142
30.000000 2.006850 4.180462 -1280.447345 -509.816993
30.050000 1.985284 4.931485 -1232.607253 -470.258318
30.100000 2.016621 5.564350 -1202.808096 -428.425782
30.150000 2.013847 4.614803 -1261.607620 -488.290556
30.200000 2.010158 4.590428 -1251.306989 -479.406479
30.250000 1.988735 4.958385 -1223.692390 -460.018233
30.300000 1.993182 5.167994 -1217.178977 -451.797156
30.350000 1.996189 5.768390 -1187.475479 -420.939033
30.400000 1.998345 5.366649 -1220.272278 -452.907657
30.450000 1.994609 4.962765 -1243.449295 -477.519438
30.500000 1.977908 5.475639 -1205.030153 -445.513475
30.550000 1.990425 5.226549 -1221.170616 -456.847427
30.600000 1.980765 5.333384 -1208.057158 -447.443388
30.650000 2.006311 5.723080 -1190.070982 -419.647725
30.700000 1.980836 6.284242 -1160.397072 -399.756226
30.750000 2.003538 5.444476 -1221.356942 -451.998417
30.800000 1.999416 5.796033 -1197.415589 -429.639664
30.850000 1.987204 5.569997 -1203.612416 -440.525893
30.900000 1.986150 5.514143 -1200.330904 -437.649176
30.950000 1.985326 5.431517 -1197.189975 -434.824981
31.000000 2.001530 4.860916 -1238.817445 -470.229949
31.050000 1.996825 5.661854 -1197.424972 -430.644180
31.100000 2.009403 6.266099 -1163.545773 -391.935153
31.150000 2.008716 6.232923 -1170.382019 -399.035245
31.200000 1.987977 5.954064 -1185.124552 -421.741452
31.250000 2.033643 5.382289 -1219.036209 -438.117250
31.300000 2.013677 5.105930 -1228.188810 -454.936812
31.350000 1.989469 4.418653 -1271.355600 -507.399644
31.400000 2.020095 5.048902 -1231.118081 -455.401758
31.450000 2.004798 5.236814 -1218.724812 -448.882234
31.500000 1.988111 5.876522 -1182.612251 -419.177588
31.550000 1.992651 5.644156 -1200.670214 -435.492422
31.600000 1.980489 6.064163 -1173.629258 -413.121336
31.650000 2.000840 5.367105 -1219.587306 -451.264933
31.700000 2.002767 5.393782 -1212.921092 -443.858402
31.750000 2.004761 4.786435 -1252.042686 -482.214346
31.800000 2.000771 5.034889 -1239.650898 -471.354959
31.850000 2.000376 5.493320 -1213.717163 -445.572734
31.900000 1.980185 5.861002 -1190.427350 -430.036321
31.950000 2.003017 5.729142 -1205.954973 -436.796542
32.000000 2.028294 5.972552 -1182.948765 -404.084031
32.050000 2.005309 5.493061 -1206.780443 -436.741957
32.100000 1.988223 5.511572 -1206.204926 -442.727105
32.150000 1.999311 5.137508 -1227.025994 -459.290658
32.200000 2.013911 5.207107 -1216.910714 -443.569072
32.250000 2.001893 5.016254 -1231.206205 -462.479393
32.300000 2.003806 5.468291 -1209.153312 -439.691951
32.350000 2.002509 5.786523 -1197.323496 -428.360052
32.400000 2.003453 5.390767 -1224.414500 -455.088493
32.450000 1.993071 5.265414 -1224.490614 -459.151531
32.500000 2.023999 5.732105 -1191.556221 -414.340600
32.550000 1.985397 5.501555 -1201.070150 -438.677643
32.600000 1.996505 5.253487 -1219.791754 -453.133886
32.650000 1.985862 5.535098 -1207.041466 -444.470360
32.700000 1.997037 4.798324 -1261.239733 -494.377403
32.750000 1.980601 6.287416 -1162.056763 -401.506082
32.800000 2.008937 5.945092 -1187.126263 -415.694320
32.850000 2.006180 5.786458 -1198.204256 -427.831141
32.900000 2.011357 5.561485 -1214.770436 -442.409526
32.950000 2.025652 5.196421 -1232.955211 -455.104763
33.000000 2.001343 4.943901 -1238.791227 -470.275397
33.050000 1.970119 5.171774 -1221.831753 -465.306010
33.100000 1.981956 4.380373 -1274.785487 -513.714357
33.150000 1.984784 4.543560 -1266.205585 -504.048700
33.200000 1.992280 5.804305 -1187.853897 -422.818307
33.250000 1.981021 5.433680 -1206.536100 -445.824126
33.300000 2.002702 5.343463 -1217.083862 -448.046189
33.350000 2.001758 5.777412 -1187.292933 -418.617888
33.400000 1.987469 5.264594 -1220.143025 -456.954964
33.450000 2.003530 4.837886 -1250.361553 -481.006037
33.500000 2.000934 4.883433 -1237.838036 -469.479385
33.550000 1.995784 4.853370 -1243.855693 -477.474527
33.600000 2.011184 5.587771 -1200.276240 -427.981650
33.650000 2.028559 5.007503 -1231.033759 -452.067048
33.700000 2.000026 4.411741 -1270.344705 -502.334716
33.750000 2.023166 4.688378 -1252.926908 -476.030974
33.800000 1.977097 4.969000 -1232.472823 -473.267617
33.850000 2.012535 5.349708 -1209.804706 -436.991157
33.900000 2.003288 5.143159 -1227.801919 -458.539412
33.950000 1.996921 4.867538 -1249.174645 -482.356964
34.000000 1.992663 5.357648 -1223.473313 -458.290718
34.050000 1.986859 5.493785 -1218.181993 -455.228296
34.100000 2.001118 6.017090 -1182.469293 -414.040112
34.150000 2.000650 5.918040 -1194.352923 -426.103266
34.200000 2.007597 5.708898 -1205.707917 -434.790614
34.250000 2.001273 5.322714 -1226.293810 -457.804889
34.300000 1.982526 5.671455 -1204.033833 -442.743864
34.350000 2.016328 5.485110 -1216.566699 -442.296560
34.400000 1.985719 5.289830 -1224.452682 -461.936719
34.450000 2.000952 5.392803 -1217.000320 -448.634919
34.500000 2.030440 5.113445 -1230.456732 -450.767720
34.550000 1.972503 4.785652 -1251.560564 -494.119348
34.600000 2.010723 4.924495 -1241.422865 -469.305416
34.650000 1.978010 4.881516 -1244.286639 -484.730951
34.700000 2.008166 5.039698 -1235.448455 -464.312796
34.750000 1.996674 4.903970 -1242.306610 -475.583798
34.800000 1.983784 5.562971 -1198.478506 -436.705564
34.850000 1.996473 5.225151 -1223.053100 -456.407544
34.900000 2.003072 4.935473 -1245.414790 -476.235278
34.950000 1.974776 5.880459 -1191.365945 -433.051838
35.000000 2.011780 6.639066 -1146.929064 -374.405473
35.050000 2.018841 5.887048 -1193.418420 -418.183640
35.100000 1.987150 5.475160 -1220.190258 -457.124483
35.150000 1.975987 5.727903 -1204.245962 -445.466791
35.200000 2.028609 5.577936 -1210.495599 -431.509720
35.250000 1.987150 5.101749 -1227.436937 -464.371507
35.300000 2.017459 4.142505 -1281.631562 -506.927117
35.350000 2.013597 3.835357 -1297.172700 -523.951509
35.400000 1.977369 4.307630 -1267.763741 -508.454107
35.450000 1.996371 4.240783 -1269.443143 -502.836522
35.500000 1.993007 4.648687 -1243.893848 -478.579243
35.550000 1.979969 5.123498 -1220.478551 -460.170529
35.600000 2.005756 4.872333 -1235.750886 -465.540728
35.650000 1.986441 4.833861 -1237.944511 -475.151242
35.700000 1.986841 4.821210 -1243.514927 -480.567902
35.750000 1.969613 5.131498 -1224.591495 -468.259992
35.800000 2.005588 4.884720 -1240.749111 -470.603139
35.850000 1.994649 5.399104 -1204.728315 -438.783029
35.900000 1.981823 5.678960 -1198.157527 -437.137492
35.950000 1.996222 5.618441 -1202.535763 -435.986335
36.000000 2.005160 5.280263 -1224.037266 -454.055876
36.050000 2.000532 4.907516 -1246.708214 -478.503817
36.100000 1.983733 5.352025 -1213.480292 -451.726991
36.150000 1.998896 5.956814 -1179.296106 -411.719924
36.200000 1.994605 5.723032 -1193.818054 -427.889760
36.250000 1.989262 5.891100 -1174.642700 -410.765921
36.300000 2.018866 5.388971 -1203.402871 -428.158236
36.350000 1.990413 5.017053 -1227.125692 -462.807079
36.400000 1.995845 5.498673 -1193.270781 -426.866141
36.450000 2.011304 5.462035 -1195.361839 -423.021174
36.500000 2.009257 5.322088 -1213.142248 -441.587688
36.550000 2.002641 5.731980 -1188.621518 -419.607242
36.600000 1.965959 6.005879 -1170.951478 -416.023271
36.650000 2.019641 5.577915 -1204.593914 -429.051960
36.700000 1.991829 5.168887 -1220.833320 -455.971108
36.750000 1.985569 5.412422 -1205.902294 -443.443762
36.800000 2.021477 4.741933 -1252.117203 -475.870171
36.850000 1.982848 4.929461 -1244.434184 -483.020490
36.900000 1.975985 5.488605 -1214.941541 -456.163374
36.950000 1.995180 5.932802 -1183.794209 -417.645198
37.000000 1.982573 5.770361 -1189.967120 -428.659151
37.050000 2.014369 4.850299 -1251.347758 -477.829960
37.100000 1.991189 4.999958 -1246.506092 -481.889594
37.150000 1.997179 5.155764 -1236.800608 -469.883908
37.200000 1.971714 5.344114 -1220.450180 -463.312162
37.250000 1.998645 5.783251 -1190.812813 -423.333232
37.300000 1.989921 5.610121 -1200.158522 -436.029050
37.350000 2.004030 4.580224 -1261.547125 -491.999616
37.400000 2.003954 4.086444 -1291.612898 -522.094424
37.450000 2.005021 4.963400 -1237.124671 -467.196782
37.500000 1.995563 2.655750 -1118.213394 -351.917199
37.550000 1.991951 2.599254 -1120.764051 -355.854786
37.600000 1.995743 2.406376 -1138.281390 -371.916031
37.650000 1.991818 3.125260 -1092.415773 -327.557706
37.700000 1.990092 3.311886 -1081.990914 -317.795430
37.750000 2.009829 3.089150 -1098.879814 -327.105583
37.800000 2.000022 2.721375 -1114.748449 -346.739923
37.850000 2.005216 2.429615 -1127.161803 -357.158965
37.900000 1.973302 2.884860 -1102.266265 -344.518219
37.950000 1.998545 3.389202 -1083.885769 -316.444367
38.000000 2.006042 3.282377 -1090.225829 -319.905773
38.050000 2.007201 2.889260 -1111.447040 -340.681787
38.100000 1.973664 2.865860 -1111.020566 -353.133734
38.150000 2.005650 3.616904 -1062.525633 -292.355929
38.200000 1.988573 3.449895 -1081.175701 -317.563599
38.250000 2.012247 2.747720 -1127.521888 -354.818883
38.300000 1.976347 2.714095 -1125.102320 -366.184996
38.350000 2.015130 2.884184 -1114.329687 -340.519854
38.400000 1.998319 2.674613 -1124.512554 -357.157871
38.450000 1.986821 3.069941 -1100.440786 -337.501346
38.500000 1.997493 3.166748 -1099.336528 -332.299231
38.550000 2.005028 3.487020 -1072.779198 -302.848424
38.600000 1.998230 3.313874 -1083.570970 -316.250703
38.650000 1.993451 3.324506 -1079.426685 -313.941655
38.700000 2.004149 2.559242 -1125.920673 -356.327315
38.750000 1.977468 2.852574 -1102.985847 -343.638036
38.800000 2.006448 3.361128 -1076.659696 -306.183679
38.850000 1.999795 2.677814 -1136.489786 -368.568509
38.900000 1.985517 3.402578 -1087.385863 -324.947362
38.950000 2.006691 3.303645 -1094.988054 -324.418765
39.000000 1.998011 3.020475 -1108.310662 -341.074378
39.050000 1.998983 3.521753 -1075.794524 -308.185033
39.100000 2.000076 3.735840 -1064.120131 -296.090809
39.150000 2.016897 3.277592 -1096.545460 -322.056967
39.200000 1.998167 3.235504 -1097.523500 -330.227187
39.250000 2.004195 3.471231 -1087.207274 -317.596529
39.300000 2.015287 3.917666 -1056.349374 -282.479302
39.350000 2.008915 3.509577 -1081.468741 -310.045234
39.400000 2.017635 3.324420 -1091.965814 -317.194059
39.450000 1.996087 2.732783 -1131.252323 -364.754782
39.500000 2.007525 2.657398 -1132.823876 -361.934291
39.550000 2.007776 2.719610 -1124.110085 -353.124008
39.600000 2.000240 2.565026 -1125.824143 -357.731972
39.650000 1.998349 2.436963 -1125.024589 -357.658682
39.700000 2.004629 1.977791 -1158.893995 -389.116486
39.750000 1.991976 2.125657 -1149.725094 -384.806485
39.800000 1.988779 2.589268 -1120.174173 -356.483110
39.850000 1.999365 2.763928 -1109.087066 -341.330897
39.900000 1.997625 2.410754 -1136.976008 -369.887965
39.950000 2.001666 2.597369 -1129.917607 -361.277927
40.000000 1.985422 2.940515 -1106.194310 -343.792167
40.050000 2.005085 2.957607 -1103.707410 -333.754823
40.100000 1.999055 3.209309 -1082.517061 -314.879995
40.150000 2.006834 2.697648 -1126.227786 -355.603343
40.200000 2.000537 2.645049 -1131.734640 -363.528536
40.250000 2.002532 2.826905 -1118.533755 -349.561632
40.300000 1.990700 3.137758 -1100.524192 -336.095486
40.350000 2.018632 2.933326 -1114.817978 -339.663273
40.400000 1.989913 2.692155 -1126.281888 -362.155165
40.450000 1.994821 2.596811 -1134.608890 -368.597785
40.500000 2.010543 2.927764 -1105.226776 -333.178205
40.550000 1.988116 2.663545 -1113.239719 -349.803194
40.600000 1.984050 2.977601 -1097.529743 -335.654439
40.650000 2.010730 3.541438 -1062.861416 -290.741223
40.700000 2.008809 2.802364 -1120.386284 -349.003490
40.750000 1.999010 3.441732 -1075.551264 -307.931299
40.800000 1.995333 3.455168 -1080.388555 -314.180719
40.850000 2.007520 3.294356 -1091.391566 -320.503949
40.900000 1.987885 3.310783 -1084.307773 -320.959876
40.950000 2.000081 3.311278 -1089.221726 -321.190516
41.000000 1.984991 3.338422 -1094.117065 -331.880417
41.050000 2.019264 3.249959 -1095.289640 -319.892341
41.100000 1.989562 2.864135 -1117.307176 -353.315425
41.150000 2.029646 2.721958 -1117.837188 -338.453058
41.200000 2.008999 2.403529 -1134.813744 -363.357950
41.250000 1.992231 2.809580 -1113.218422 -348.201668
41.300000 2.000826 3.408373 -1082.180763 -313.863770
41.350000 2.004087 3.144524 -1100.483987 -330.914603
41.400000 1.992157 2.774483 -1114.619185 -349.631006
41.450000 1.983497 2.500105 -1133.969378 -372.306360
41.500000 2.004967 3.349131 -1084.209068 -314.301778
41.550000 1.995574 3.348638 -1087.265385 -320.965095
41.600000 2.004360 3.112644 -1095.808300 -326.133972
41.650000 2.008430 2.857812 -1111.742912 -340.505860
41.700000 1.993940 3.053150 -1102.908928 -337.235847
41.750000 1.995529 3.509670 -1077.621172 -311.337962
41.800000 2.013780 2.756079 -1132.815332 -359.523867
41.850000 2.004657 2.421414 -1154.076765 -384.288537
41.900000 1.987146 2.782097 -1126.875364 -363.811454
41.950000 1.999525 2.863728 -1123.372503 -355.554886
42.000000 2.002019 3.017622 -1111.667817 -342.892462
42.050000 1.997710 3.139040 -1099.222514 -332.101855
42.100000 2.013838 3.111753 -1099.377837 -326.063944
42.150000 1.983266 3.140628 -1094.455886 -332.881685
42.200000 1.993443 3.209936 -1089.640711 -324.158598
42.250000 2.004106 2.707116 -1124.628041 -355.051523
42.300000 1.977979 3.780206 -1047.879169 -288.335062
42.350000 2.006095 3.424844 -1078.814031 -308.473366
42.400000 2.004555 3.372677 -1073.912737 -304.163617
42.450000 2.026858 2.990298 -1096.090720 -317.777294
42.500000 1.991395 2.591881 -1117.769194 -353.073493
42.550000 1.992269 2.594762 -1124.452983 -359.421590
42.600000 1.998872 2.968491 -1104.996383 -337.429501
42.650000 1.996894 2.677138 -1130.509018 -363.701600
42.700000 1.987496 3.355000 -1082.033582 -318.835299
42.750000 2.013243 2.993017 -1113.921055 -340.835702
42.800000 2.010873 2.950192 -1112.931187 -340.755985
42.850000 1.991576 2.634697 -1130.101985 -365.336987
42.900000 2.013319 2.542068 -1133.271624 -360.157248
42.950000 2.003674 2.564817 -1131.913794 -362.502963
43.000000 2.011036 3.044896 -1105.441428 -333.203703
43.050000 2.002572 3.369577 -1081.401438 -312.413637
43.100000 2.010417 2.858637 -1114.050958 -342.050800
43.150000 1.986009 2.803721 -1121.989222 -359.361930
43.200000 1.994433 3.756203 -1057.660064 -291.797916
43.250000 1.995274 3.668597 -1059.447960 -293.262712
43.300000 1.990701 3.632603 -1059.393378 -294.964325
43.350000 1.997707 2.991255 -1100.645522 -333.525952
43.400000 2.000292 3.241936 -1082.403649 -314.291576
43.450000 2.003992 2.680850 -1129.494402 -359.961346
43.500000 1.992134 2.890623 -1118.576463 -353.597128
43.550000 2.000469 3.063827 -1102.138781 -333.958746
43.600000 1.998200 3.016319 -1110.549518 -343.240869
43.650000 2.013603 3.639526 -1067.968438 -294.744793
43.700000 2.011603 3.170647 -1091.943453 -319.487918
43.750000 2.017384 2.272167 -1148.734044 -374.058632
43.800000 1.968639 3.044438 -1093.024005 -337.066507
43.850000 2.027825 3.168039 -1091.495620 -312.810825
43.900000 1.977808 3.343172 -1074.768060 -315.289901
43.950000 2.004901 3.499288 -1065.739559 -295.857421
44.000000 1.978774 3.321332 -1079.981084 -320.131787
44.050000 1.997806 3.316565 -1078.205776 -311.048259
44.100000 1.991876 2.976836 -1098.160025 -333.279619
44.150000 2.003445 3.265132 -1076.247742 -306.924814
44.200000 2.012639 2.883273 -1104.779047 -331.925626
44.250000 1.999040 2.875523 -1107.663389 -340.031968
44.300000 1.999742 2.678155 -1128.659120 -360.758260
44.350000 1.995912 3.376434 -1074.060143 -307.630010
44.400000 1.983457 3.599569 -1063.060945 -301.413471
44.450000 2.015269 3.334918 -1088.823928 -314.960683
44.500000 2.016487 3.273741 -1085.078971 -310.747801
44.550000 1.984059 3.164497 -1083.799206 -321.920437
44.600000 2.006254 3.022947 -1094.617252 -324.215625
44.650000 2.021910 2.748206 -1112.580112 -336.166835
44.700000 2.002820 2.810112 -1095.088649 -326.005650
44.750000 1.996815 2.749780 -1100.137603 -333.360823
44.800000 2.005126 2.218954 -1146.452237 -376.483848
44.850000 1.986087 2.620494 -1120.992913 -358.335441
44.900000 2.011447 2.410849 -1143.748376 -371.352898
44.950000 1.984884 2.872513 -1121.434944 -359.239375
45.000000 2.015031 1.499215 -975.361451 -201.589512
45.050000 1.973452 1.428475 -980.070109 -222.264599
45.100000 2.005044 1.601252 -972.303296 -202.366267
45.150000 1.996574 1.775092 -959.482877 -192.798533
45.200000 1.992652 1.636427 -974.268514 -209.090042
45.250000 1.996726 1.474431 -989.390093 -222.647136
45.300000 2.004552 1.374283 -993.752721 -224.004728
45.350000 1.994672 1.067517 -1008.816593 -242.862590
45.400000 1.988961 1.496147 -970.427084 -206.665914
45.450000 2.000446 1.816773 -941.814198 -173.642841
45.500000 1.986400 1.567804 -960.318034 -197.540402
45.550000 1.995464 1.960597 -928.576755 -162.318550
45.600000 2.006708 1.765797 -954.200596 -183.624760
45.650000 1.975227 2.051564 -943.093289 -184.606133
45.700000 2.025047 1.924968 -957.914958 -180.296931
45.750000 2.010897 1.434686 -989.071566 -216.887291
45.800000 1.984010 1.900125 -953.646291 -191.786564
45.850000 1.998285 2.207858 -938.812598 -171.471103
45.900000 2.003410 2.081010 -953.292057 -183.982763
45.950000 2.004404 1.957468 -959.745468 -190.054192
46.000000 1.988662 1.975491 -960.814194 -197.168085
46.050000 2.006775 2.024698 -957.113226 -186.511447
46.100000 2.009392 1.750270 -972.734253 -201.127635
46.150000 1.974283 1.846670 -960.134289 -202.009803
46.200000 1.994435 2.101961 -932.399944 -166.536944
46.250000 1.996965 1.671910 -968.084253 -201.249793
46.300000 1.999625 1.992691 -943.268082 -175.412057
46.350000 2.000149 1.882238 -955.156325 -187.099077
46.400000 1.997881 1.991961 -945.594225 -178.407904
46.450000 2.005713 2.144890 -928.559476 -158.365719
46.500000 2.001044 1.712798 -962.640344 -194.239553
46.550000 2.007193 1.605606 -974.048471 -203.286313
46.600000 1.990139 1.755861 -966.714027 -202.500500
46.650000 2.003305 2.027535 -944.450096 -175.180879
46.700000 2.010057 1.643147 -970.879447 -199.017712
46.750000 1.976331 1.713939 -961.121620 -202.210700
46.800000 2.016537 1.715264 -965.691750 -191.341385
46.850000 1.991297 1.743200 -955.017872 -190.359738
46.900000 2.002255 1.605518 -961.980932 -193.114984
46.950000 2.003567 1.744291 -951.146987 -181.777069
47.000000 2.012941 1.500206 -974.875548 -201.906279
47.050000 1.974025 1.689292 -962.135058 -204.109499
47.100000 2.014287 1.420007 -985.264836 -211.778539
47.150000 1.999708 1.209395 -997.927967 -230.039951
47.200000 1.986484 1.479497 -980.386558 -217.576692
47.250000 1.998616 1.325984 -999.627001 -232.158485
47.300000 1.990212 1.741436 -969.751241 -205.509815
47.350000 1.996186 2.192515 -932.861701 -166.326095
47.400000 2.005708 1.662620 -975.467786 -205.275898
47.450000 2.009304 1.452652 -989.281700 -217.709041
47.500000 1.994877 1.607787 -976.329449 -210.296823
47.550000 2.000351 1.671880 -970.124252 -201.989518
47.600000 1.991552 1.909903 -944.883436 -180.127427
47.650000 2.008323 1.608740 -962.756960 -191.560940
47.700000 1.977686 1.659289 -959.347671 -199.916424
47.750000 2.003314 1.903851 -948.324166 -179.051478
47.800000 2.002275 1.775009 -959.689929 -190.816516
47.850000 1.996550 1.927187 -949.787078 -183.111764
47.900000 1.981793 2.384371 -919.614964 -158.606571
47.950000 2.024581 2.117719 -937.325668 -159.886468
48.000000 1.995819 1.332011 -987.262779 -220.868378
48.050000 2.000615 1.346485 -980.951893 -212.715703
48.100000 2.003729 1.372816 -976.428635 -206.996674
48.150000 2.003764 1.483007 -965.825604 -196.380308
48.200000 2.000186 1.458190 -971.940007 -203.868599
48.250000 1.999767 1.365872 -984.806988 -216.896565
48.300000 2.023713 1.530149 -972.545832 -195.440155
48.350000 2.003806 1.228355 -988.533040 -219.071541
48.400000 1.999513 1.204038 -992.030047 -224.216878
48.450000 1.991838 1.711881 -963.522834 -198.656865
48.500000 2.008930 1.518934 -991.978183 -220.549043
48.550000 1.979541 1.644306 -985.861738 -225.717970
48.600000 1.990408 2.163566 -949.719428 -185.402871
48.650000 1.992626 2.228776 -947.986183 -182.817726
48.700000 2.009052 2.228694 -946.093543 -174.617726
48.750000 2.007939 1.989381 -962.116100 -191.067369
48.800000 1.986261 1.847312 -969.378543 -206.654129
48.850000 1.992567 1.691549 -984.976420 -219.830829
48.900000 2.005157 1.932002 -960.268175 -190.287711
48.950000 1.993399 1.545724 -985.577745 -220.112538
49.000000 1.987158 1.788924 -960.129310 -197.060743
49.050000 2.004695 1.836990 -953.557119 -183.754153
49.100000 2.002833 1.583312 -963.576762 -194.488902
49.150000 2.015564 1.479934 -965.431462 -191.454987
49.200000 2.009184 1.273719 -985.037722 -213.511257
49.250000 1.997061 1.213783 -997.544058 -230.672453
49.300000 1.994384 1.690887 -960.228729 -194.385090
49.350000 1.991176 1.637814 -965.806366 -201.194643
49.400000 1.993437 1.614720 -972.975086 -207.495198
49.450000 2.012440 1.817356 -956.855071 -184.078019
49.500000 2.008721 1.605510 -963.228202 -191.879283
49.550000 1.981857 1.476240 -968.292211 -207.259057
49.600000 2.013094 1.881944 -942.937699 -169.909741
49.650000 2.006592 1.968637 -942.839872 -172.308405
49.700000 2.013642 1.791552 -958.288227 -185.049540
49.750000 1.994571 1.892277 -946.416003 -180.500760
49.800000 2.003618 1.242944 -1001.026560 -231.637390
49.850000 1.991078 1.714338 -959.345759 -194.771785
49.900000 2.015083 1.623221 -975.663685 -201.871754
49.950000 2.006101 1.873932 -959.403008 -189.060171
50.000000 1.998164 1.980117 -948.987635 -181.692758
50.050000 2.009710 1.610940 -981.156354 -209.427725
50.100000 2.009541 1.683542 -976.660738 -204.997149
50.150000 1.984618 2.194404 -933.285036 -171.191857
50.200000 1.995014 2.123541 -942.789132 -176.703823
50.250000 2.007701 2.039920 -950.876960 -179.919932
50.300000 2.011653 1.665985 -974.031582 -201.556813
50.350000 1.994030 1.586054 -976.620019 -210.912597
50.400000 2.003320 1.759361 -958.806750 -189.531719
50.450000 1.994922 1.796137 -955.430804 -189.380753
50.500000 1.993057 1.760185 -964.967546 -199.633533
50.550000 2.005282 2.061785 -939.159253 -169.131037
50.600000 2.004029 1.447126 -987.379523 -217.832554
50.650000 2.000694 1.483647 -981.603313 -213.336921
50.700000 1.991491 1.658468 -969.358654 -204.625936
50.750000 2.008916 1.867501 -949.281852 -177.858241
50.800000 2.003685 1.647538 -968.880530 -199.465657
50.850000 1.998445 1.719727 -966.821047 -199.417985
50.900000 1.996002 1.894542 -953.231599 -186.766735
50.950000 2.001558 1.792259 -961.880855 -193.282458
51.000000 2.006363 1.963501 -942.363747 -171.920391
51.050000 1.997729 1.531563 -975.584261 -208.456514
51.100000 1.992620 1.878730 -947.896537 -182.730299
51.150000 2.010591 1.786322 -959.485896 -187.418846
51.200000 1.992874 2.000950 -938.872739 -173.608996
51.250000 2.003718 1.700512 -964.556030 -195.128285
51.300000 2.000018 1.500202 -977.316763 -209.309829
51.350000 2.008353 1.409257 -981.782369 -210.574937
51.400000 1.989146 1.446029 -986.835267 -223.003122
51.450000 1.991678 2.384053 -916.806802 -152.002624
51.500000 1.993310 1.968435 -945.291720 -179.860804
51.550000 1.997445 1.621383 -972.556501 -205.537571
51.600000 2.002366 1.529767 -973.297068 -204.388352
51.650000 1.990741 1.584215 -958.737033 -194.292454
51.700000 1.999099 1.282635 -984.841364 -217.187351
51.750000 1.996886 1.562486 -966.809306 -200.004894
51.800000 1.997003 1.784491 -956.750525 -189.901343
51.850000 2.002843 1.632372 -975.739309 -206.647601
51.900000 1.994530 1.799928 -962.159658 -196.260248
51.950000 1.989131 1.659743 -977.059755 -213.233370
52.000000 2.015929 1.910697 -958.202256 -184.085653
52.050000 2.009132 1.874419 -960.152848 -188.645977
52.100000 1.985982 1.519175 -989.760878 -227.143817
52.150000 1.999909 1.875644 -955.247676 -187.282764
52.200000 2.003380 1.800592 -950.743879 -181.445969
52.250000 2.002215 1.160388 -995.897788 -227.047133
52.300000 1.995976 1.348741 -975.808924 -209.354217
52.350000 1.997190 1.450635 -964.551912 -197.631101
52.400000 1.984161 1.640030 -958.177323 -196.259602
52.450000 2.020556 2.391821 -905.136446 -129.242762
52.500000 1.999805 1.183113 -789.007782 -21.082680
52.550000 2.008111 1.363507 -773.013434 -1.898999
52.600000 1.994838 1.210516 -782.885132 -16.867356
52.650000 2.005496 0.939195 -798.349951 -28.239515
52.700000 1.995740 0.792571 -806.562984 -40.198701
52.750000 1.990646 0.909998 -800.968841 -36.560738
52.800000 1.997908 1.185341 -783.723807 -16.527140
52.850000 1.998798 1.473447 -761.939620 5.598878
52.900000 2.013435 1.192881 -793.383026 -20.223869
52.950000 1.995817 1.147797 -796.336334 -29.942661
53.000000 1.995668 1.127348 -797.525699 -31.189356
53.050000 2.008241 1.102559 -800.482934 -29.318299
53.100000 1.997609 1.145106 -801.124746 -34.042884
53.150000 1.995860 1.196825 -799.669387 -33.259311
53.200000 2.003756 1.263842 -783.886494 -14.444268
53.250000 1.997559 0.961594 -806.218121 -39.155603
53.300000 2.007711 0.767785 -821.577439 -50.616260
53.350000 1.988517 1.109593 -786.782517 -23.192118
53.400000 2.002109 1.077142 -798.988285 -30.178565
53.450000 1.994497 1.112345 -803.313007 -37.426144
53.500000 1.994994 1.272818 -787.313046 -21.235473
53.550000 2.007141 1.251511 -784.412591 -13.670481
53.600000 2.007514 0.952625 -808.716086 -37.830860
53.650000 1.989965 1.033018 -798.227084 -34.080569
53.700000 2.000157 1.249660 -779.815790 -11.755462
53.750000 2.016628 0.971891 -809.711155 -35.325845
53.800000 1.996183 1.160060 -788.651045 -22.116875
53.850000 1.992425 0.821819 -824.169161 -59.078052
53.900000 1.987223 1.018680 -806.476706 -43.382901
53.950000 2.015692 0.982836 -808.547506 -34.521936
54.000000 1.999625 0.768519 -828.437919 -60.581999
54.050000 1.994915 1.128542 -796.186346 -30.139122
54.100000 1.999364 1.196588 -790.506534 -22.750943
54.150000 1.997983 1.176071 -787.895077 -20.669416
54.200000 2.002423 0.840345 -813.776204 -44.845929
54.250000 1.996705 0.637042 -829.937071 -63.202259
54.300000 2.000639 0.826639 -810.518983 -42.273598
54.350000 1.998497 0.807104 -815.279243 -47.856362
54.400000 1.998340 1.169848 -781.488275 -14.125861
54.450000 1.993235 1.099621 -790.941118 -25.538770
54.500000 2.020356 1.160732 -779.847401 -4.030559
54.550000 2.001627 0.466098 -845.246927 -76.622331
54.600000 1.992422 1.052076 -792.348728 -27.258682
54.650000 2.000978 1.163538 -790.925780 -22.550388
54.700000 2.011086 1.375376 -769.617160 2.640049
54.750000 2.001889 0.936731 -808.848170 -40.122983
54.800000 1.991528 1.037100 -794.301528 -29.554722
54.850000 1.997893 0.987676 -800.612526 -33.421613
54.900000 1.982007 1.141353 -788.200971 -27.110360
54.950000 2.007788 1.364505 -768.961096 2.029611
55.000000 2.007091 0.991710 -800.354965 -29.631973
55.050000 1.997594 0.867903 -803.585181 -36.509218
55.100000 2.013074 0.798554 -801.070145 -28.049644
55.150000 1.999497 0.726150 -805.087193 -37.280537
55.200000 1.997071 0.931608 -786.186021 -19.310648
55.250000 1.999009 0.808657 -802.354905 -34.735415
55.300000 1.999641 0.909564 -799.589502 -31.727230
55.350000 2.000412 0.937978 -804.831184 -36.672821
55.400000 2.000399 0.975446 -808.579048 -40.425831
55.450000 2.002072 1.215539 -795.095883 -26.300359
55.500000 2.000093 1.417648 -779.814116 -11.778288
55.550000 2.016983 1.042332 -816.386966 -41.865358
55.600000 2.002949 0.829983 -834.404568 -65.272089
55.650000 2.005245 1.076970 -808.785509 -38.771451
55.700000 2.000821 0.931438 -823.641355 -55.325966
55.750000 2.004872 0.927359 -821.892590 -52.021564
55.800000 1.996245 1.035887 -806.942745 -40.384538
55.850000 2.000242 0.843995 -817.973939 -49.880967
55.900000 2.000888 0.770539 -815.452782 -47.111679
55.950000 2.007774 0.665950 -824.559519 -53.574130
56.000000 1.999807 0.640324 -831.461572 -63.535673
56.050000 1.990175 0.841483 -818.785469 -54.558297
56.100000 1.994605 0.850622 -825.691688 -59.763253
56.150000 2.001956 1.192790 -795.799859 -27.048636
56.200000 1.997788 1.174737 -801.438145 -34.287671
56.250000 2.007414 1.113872 -802.624388 -31.777391
56.300000 1.990575 0.569703 -851.337987 -86.957198
56.350000 2.007660 0.854830 -823.563867 -52.622591
56.400000 1.994293 1.042576 -810.268351 -44.459783
56.450000 2.004598 1.436078 -773.144468 -3.378903
56.500000 1.995503 1.001407 -818.695146 -52.422117
56.550000 2.011713 1.347487 -790.200382 -17.702541
56.600000 1.993332 1.441163 -780.379674 -14.940192
56.650000 2.023638 1.046940 -809.658447 -32.581510
56.700000 1.992871 0.542602 -850.173892 -84.911599
56.750000 1.997552 1.030537 -805.436391 -38.376344
56.800000 1.983994 1.257230 -786.324677 -24.470983
56.850000 1.995928 0.966545 -816.645395 -50.208957
56.900000 2.010795 1.186727 -792.954206 -20.809042
56.950000 1.997502 1.454757 -764.780947 2.259668
57.000000 2.010504 1.184372 -784.652788 -12.619081
57.050000 1.997355 0.654924 -829.217711 -62.233520
57.100000 1.999041 0.781074 -815.612011 -47.980120
57.150000 2.003339 0.934668 -803.103893 -33.821886
57.200000 1.993291 1.206610 -783.201108 -17.777417
57.250000 2.015857 1.266946 -785.943918 -11.854669
57.300000 1.993161 0.974006 -818.982110 -53.608439
57.350000 2.005215 1.372105 -783.431279 -13.428772
57.400000 1.995829 1.080550 -813.424932 -47.026770
57.450000 2.003419 0.913225 -828.719244 -59.406415
57.500000 2.013609 0.862488 -830.146143 -56.920434
57.550000 1.986947 0.879569 -825.377604 -62.390000
57.600000 2.014484 0.951179 -813.664033 -40.102294
57.650000 2.002278 0.596373 -839.232208 -70.357631
57.700000 2.000892 0.693927 -827.530622 -59.188004
57.750000 2.003072 0.613789 -839.696221 -70.516510
57.800000 1.989491 0.858064 -821.270998 -57.306466
57.850000 2.005553 0.893378 -820.566022 -50.433844
57.900000 1.995260 0.952411 -808.301219 -42.121245
57.950000 1.991186 0.962488 -802.931052 -38.315712
58.000000 2.004549 0.818455 -822.817526 -53.070754
58.050000 2.004672 1.231059 -787.385290 -17.591264
58.100000 2.002218 1.138880 -801.222520 -32.370915
58.150000 2.000691 0.957739 -824.901964 -56.636616
58.200000 1.997148 1.243219 -799.824531 -32.919706
58.250000 2.003325 1.087477 -812.198946 -42.922319
58.300000 2.000179 0.931803 -819.556601 -51.487773
58.350000 1.993862 1.031146 -807.674212 -42.031171
58.400000 2.001271 0.993336 -812.466810 -43.978910
58.450000 1.993603 0.831900 -829.608416 -64.064953
58.500000 2.010535 0.947355 -820.403623 -48.358224
58.550000 2.001409 1.120159 -803.412251 -34.871248
58.600000 2.005074 0.945077 -818.957504 -49.009093
58.650000 2.002479 0.793804 -828.539501 -59.587435
58.700000 1.994951 0.966360 -807.013230 -40.952170
58.750000 1.992613 1.123276 -792.538373 -27.374874
58.800000 1.985188 1.073379 -800.852267 -38.539911
58.850000 2.016072 1.195570 -790.928117 -16.756482
58.900000 1.996484 1.311873 -775.928117 -9.278299
58.950000 2.007292 1.187431 -791.226623 -20.426418
59.000000 1.984443 1.183313 -795.245271 -33.219176
59.050000 1.992643 1.178923 -800.298751 -35.123934
59.100000 2.010239 1.299239 -790.781421 -18.849738
59.150000 2.010560 1.300175 -784.595409 -12.540487
59.200000 2.010254 1.063890 -805.888811 -33.951174
59.250000 1.997753 1.064854 -810.873705 -43.736529
59.300000 2.015075 1.132407 -805.325547 -31.536785
59.350000 1.999575 1.200686 -798.757001 -30.920059
59.400000 1.990564 1.274749 -795.411872 -31.035225
59.450000 1.984648 1.307253 -797.269772 -35.165047
59.500000 2.008484 1.544235 -773.634979 -2.377129
59.550000 1.994703 1.119533 -810.932204 -44.966326
59.600000 1.997129 0.976741 -821.356049 -54.458490
59.650000 2.020365 1.044571 -813.206361 -37.386100
59.700000 2.008647 1.026817 -817.576964 -46.256680
59.750000 2.014730 1.061230 -811.089452 -37.433229
59.800000 2.000570 1.016321 -810.996580 -42.777798
59.850000 2.000654 0.916197 -828.145682 -59.894674
59.900000 2.001691 1.407919 -784.716881 -16.067417
59.950000 2.002135 1.066638 -812.503651 -43.683755
60.000000 1.999962 0.891565 -638.175281 129.810246
60.050000 2.000711 0.879482 -646.271257 122.001925
60.100000 2.000758 0.927429 -643.662237 124.628755
60.150000 1.997608 1.099408 -619.553217 147.528314
60.200000 2.007953 0.838128 -641.473392 129.580441
60.250000 1.994383 0.602166 -668.298640 97.544577
60.300000 1.996048 0.904364 -635.052355 131.429900
60.350000 1.995624 0.938182 -637.527036 128.792561
60.400000 2.013808 0.842175 -647.729691 125.572707
60.450000 2.010043 0.749119 -647.175860 124.680804
60.500000 2.003929 0.605000 -655.685192 113.823568
60.550000 2.007524 0.629590 -646.812807 124.076389
60.600000 2.004381 0.401368 -675.921750 93.760716
60.650000 1.994150 0.783177 -634.220588 131.533104
60.700000 1.995282 0.650452 -660.353350 105.834830
60.750000 1.994511 0.824495 -644.230290 121.661839
60.800000 1.997773 0.709740 -658.182850 108.962026
60.850000 2.010171 1.035666 -610.938530 160.967231
60.900000 1.994211 0.796848 -636.920863 128.855996
60.950000 2.004436 0.604718 -664.112232 105.591117
61.000000 1.986460 0.794558 -649.632113 113.168682
61.050000 1.998086 0.987024 -633.453080 133.811976
61.100000 2.009912 0.660828 -677.369246 94.437047
61.150000 1.995894 0.909214 -643.104167 123.319175
61.200000 2.004402 0.887003 -640.490406 129.199860
61.250000 2.006379 0.805704 -640.374869 130.074507
61.300000 1.990762 0.698255 -647.278892 117.173890
61.350000 2.004708 0.783199 -636.943449 132.864551
61.400000 1.995663 0.855304 -629.212724 137.121887
61.450000 1.999484 0.805787 -631.493310 136.308700
61.500000 2.006282 0.679938 -640.713694 129.698419
61.550000 1.991491 0.738508 -631.022732 133.709944
61.600000 1.988367 0.807587 -626.177829 137.355206
61.650000 2.004228 0.534107 -667.157303 102.466294
61.700000 2.009558 0.907781 -624.361473 147.308776
61.750000 2.002850 0.627916 -657.926635 111.167714
61.800000 2.006180 0.495939 -668.336837 102.036165
61.850000 1.999791 0.481633 -668.137975 99.781889
61.900000 1.988073 0.719733 -643.912332 119.507668
61.950000 2.000332 0.793926 -636.061071 132.066572
62.000000 2.006322 0.552288 -660.408702 110.019053
62.050000 1.997271 0.546124 -657.652578 109.299302
62.100000 2.009413 0.656609 -647.730278 123.884343
62.150000 2.000401 0.543828 -669.584996 98.569084
62.200000 2.002063 0.701876 -653.256888 115.535427
62.250000 1.991802 0.654599 -664.541657 100.310224
62.300000 2.013917 0.888263 -638.593144 134.750986
62.350000 2.000770 0.755498 -654.118990 114.176637
62.400000 1.991648 0.983127 -622.095636 142.697194
62.450000 1.994908 0.814216 -638.580186 127.464346
62.500000 2.003068 0.776965 -642.786786 126.391220
62.550000 2.017067 0.617679 -667.607531 106.946048
62.600000 1.982119 0.976541 -629.557618 131.576065
62.650000 2.007391 1.166719 -606.878040 163.960130
62.700000 2.007702 0.712428 -652.495297 118.462082
62.750000 1.987760 0.598932 -655.602922 107.696929
62.800000 2.007264 0.589842 -647.750554 123.038824
62.850000 2.001230 0.447929 -657.710034 110.762415
62.900000 1.994267 0.516198 -648.524179 117.274388
62.950000 1.988055 0.805826 -617.900428 145.512819
63.000000 1.993770 1.031903 -596.566414 169.041322
63.050000 2.017496 0.703122 -642.277040 132.441425
63.100000 1.995838 0.669700 -648.943268 117.458354
63.150000 2.007184 0.832934 -637.567100 133.191492
63.200000 2.011999 0.755595 -650.517567 122.090237
63.250000 1.993417 0.687551 -657.350718 108.121552
63.300000 2.008726 0.823071 -641.124644 130.226069
63.350000 1.999868 0.709470 -659.832857 108.116620
63.400000 2.009359 0.766688 -656.111727 115.482177
63.450000 2.004483 0.677338 -667.177984 102.543420
63.500000 1.985402 0.753977 -658.332816 104.061399
63.550000 2.013036 0.809918 -646.087572 126.918441
63.600000 2.005716 0.465126 -677.373459 92.821594
63.650000 2.001829 0.382025 -681.598039 87.104374
63.700000 1.998562 0.580808 -653.770375 113.677616
63.750000 2.007926 0.439854 -672.251588 98.791907
63.800000 2.001506 0.554066 -653.838624 114.739627
63.850000 1.988812 0.539480 -655.409183 108.294613
63.900000 2.005309 0.623292 -646.966912 123.071879
63.950000 1.983131 0.827923 -623.729727 137.792766
64.000000 2.003269 0.811780 -628.080429 141.174925
64.050000 2.001555 0.810874 -626.506137 142.091126
64.100000 2.003498 0.793794 -625.706888 143.636521
64.150000 2.001836 0.592550 -646.717555 121.987467
64.200000 2.003849 0.738546 -630.092309 139.385818
64.250000 2.009498 0.696018 -643.855659 127.791712
64.300000 1.993576 1.029434 -610.860475 154.672689
64.350000 2.007636 0.829221 -639.338762 131.593497
64.400000 1.983236 0.808155 -634.435171 127.127565
64.450000 2.006707 0.606569 -652.304328 118.270975
64.500000 1.994035 0.607764 -647.873399 117.836109
64.550000 1.999161 0.833228 -622.569943 145.107770
64.600000 1.993263 0.882345 -615.883775 149.529189
64.650000 2.001699 0.742738 -627.035535 141.617003
64.700000 2.003373 0.760996 -620.194908 149.100487
64.750000 1.985186 0.644849 -640.780121 121.531294
64.800000 2.007704 0.673827 -644.808653 126.149768
64.850000 1.993858 0.712540 -643.056917 122.584594
64.900000 2.000428 0.664560 -652.780169 115.384361
64.950000 1.993721 0.640576 -659.650054 105.938955
65.000000 2.005557 0.894726 -628.925928 141.207882
65.050000 2.012975 0.575693 -665.970028 107.012260
65.100000 2.004533 0.402803 -681.757758 87.983042
65.150000 1.999041 0.321958 -693.598151 74.033484
65.200000 2.003622 0.766210 -641.464624 127.926104
65.250000 2.000021 0.608842 -666.166054 101.841851
65.300000 1.996958 0.709090 -654.155730 112.676305
65.350000 2.004597 0.557677 -668.584131 101.181270
65.400000 1.995637 0.577770 -662.339253 103.985388
65.450000 2.000025 0.776333 -635.865728 132.143876
65.500000 2.008337 0.501871 -668.321239 102.879989
65.550000 1.999478 0.404336 -680.256855 87.542563
65.600000 1.998222 0.647007 -656.084590 111.232791
65.650000 2.005770 0.642872 -661.492728 108.722841
65.700000 1.993600 0.471141 -682.841021 82.701199
65.750000 2.000675 0.676377 -659.334484 108.924672
65.800000 2.007166 0.524744 -682.281559 88.470116
65.850000 2.001387 0.798405 -652.357072 116.175534
65.900000 2.007164 0.796407 -656.241042 114.509785
65.950000 2.000489 0.520240 -690.868900 77.319055
66.000000 1.991115 0.740139 -663.388683 101.199403
66.050000 2.000965 0.893453 -646.388486 121.982067
66.100000 2.010074 0.734212 -661.580447 110.287907
66.150000 2.003751 0.598822 -671.212247 98.228205
66.200000 1.990432 0.741076 -657.562849 106.762852
66.250000 1.997436 0.910841 -640.944936 126.070358
66.300000 2.007350 0.973375 -633.685629 137.136769
66.350000 2.002171 0.844794 -642.218212 126.615596
66.400000 2.001502 0.533922 -678.650624 89.926268
66.450000 1.993197 0.831513 -641.068906 124.318727
66.500000 1.998749 0.771853 -649.442243 118.077219
66.550000 2.007207 0.564216 -672.731378 98.036286
66.600000 1.987289 0.551254 -677.469009 85.649902
66.650000 2.007468 1.107011 -611.084255 159.783517
66.700000 2.000212 0.709867 -660.022943 108.058417
66.750000 2.004332 0.695183 -658.219463 111.443834
66.800000 2.009555 0.661445 -658.718881 112.950152
66.850000 2.007705 0.540716 -667.537126 103.421656
66.900000 1.997706 0.487077 -670.718570 96.400719
66.950000 2.003249 0.663147 -652.715807 116.531787
67.000000 1.990757 0.750495 -644.418823 120.031800
67.050000 1.997073 0.792897 -640.904644 125.971286
67.100000 1.999808 0.599315 -665.795476 102.130859
67.150000 1.990436 0.773574 -649.388961 114.938358
67.200000 2.018440 0.911011 -636.789370 138.291625
67.250000 2.002029 0.695060 -660.913001 107.865959
67.300000 2.003255 0.794120 -643.857593 125.392180
67.350000 1.999085 0.700487 -659.415532 108.233175
67.400000 1.999114 0.700595 -665.898688 101.760952
67.450000 1.995870 0.784989 -653.870088 112.544051
