# t Temp Pres Epot Etot
0.000000 1.973909 28.563164 -1419.787474 -661.806385
0.050000 2.024445 28.934321 -1403.520876 -626.133924
0.100000 1.984645 28.382830 -1423.486205 -661.382699
0.150000 1.992186 27.898786 -1447.855478 -682.855964
0.200000 1.994886 28.799925 -1405.187113 -639.150816
0.250000 2.000926 28.027340 -1440.554772 -672.199321
0.300000 2.007038 28.902861 -1401.630912 -630.928428
0.350000 2.002339 29.637558 -1370.861343 -601.963127
0.400000 1.990273 28.999926 -1399.311462 -635.046472
0.450000 2.030818 29.981855 -1354.185406 -574.351315
0.500000 1.961301 28.942325 -1401.365747 -648.226064
0.550000 2.051539 28.265532 -1432.573326 -644.782211
0.600000 1.944911 27.843640 -1446.409875 -699.564020
0.650000 2.005195 29.681980 -1370.853248 -600.858219
0.700000 1.994702 28.888157 -1403.637616 -637.671990
0.750000 1.999801 29.048449 -1397.748874 -629.825149
0.800000 1.993124 28.081761 -1440.162162 -674.802736
0.850000 2.030879 29.355852 -1382.446530 -602.588841
0.900000 2.009132 29.211789 -1390.046166 -618.539406
0.950000 2.032969 29.796861 -1365.118310 -584.458332
1.000000 1.979407 28.738843 -1407.176421 -647.084285
1.050000 2.017417 28.887256 -1403.446081 -628.757857
1.100000 1.999814 28.674475 -1416.197180 -648.268568
1.150000 2.044080 28.727357 -1410.538551 -625.611698
1.200000 1.993536 28.688054 -1413.952085 -648.434290
1.250000 1.998544 29.022875 -1397.705545 -630.264467
1.300000 2.028923 29.913370 -1361.205281 -582.098789
1.350000 2.027081 29.501917 -1379.931635 -601.532551
1.400000 1.976985 29.457088 -1378.094146 -618.932094
1.450000 2.004096 29.298597 -1385.647758 -616.074859
1.500000 1.982031 27.264130 -1474.482616 -713.382692
1.550000 1.995773 29.697159 -1366.244339 -599.867330
1.600000 2.007164 28.291908 -1429.516990 -658.765905
1.650000 1.957747 28.633515 -1414.116873 -662.342141
1.700000 2.011286 28.367754 -1429.266261 -656.932621
1.750000 1.992168 29.146774 -1393.315179 -628.322853
1.800000 2.005973 29.595652 -1374.504820 -604.211335
1.850000 2.014062 28.294984 -1430.464920 -657.065196
1.900000 1.960098 29.484443 -1374.007631 -621.329810
1.950000 2.032469 28.791180 -1412.241214 -631.773241
2.000000 1.980741 29.217497 -1384.968143 -624.363440
2.050000 2.061585 27.720565 -1459.794508 -668.145971
2.100000 1.959354 28.640927 -1411.066112 -658.674009
2.150000 2.001354 29.004318 -1400.299212 -631.779372
2.200000 2.006290 29.238613 -1388.631695 -618.216406
2.250000 1.981048 29.544363 -1372.217199 -611.494827
2.300000 2.002331 30.370060 -1339.150382 -570.255088
2.350000 1.994897 27.499860 -1466.287584 -700.246990
2.400000 1.972049 28.222763 -1433.631304 -676.364402
2.450000 1.996440 28.123480 -1438.505460 -671.872535
2.500000 1.982490 29.995330 -1352.835651 -591.559578
2.550000 1.966440 29.312183 -1385.319067 -630.205953
2.600000 2.030007 29.402381 -1382.084198 -602.561350
2.650000 2.012935 27.149321 -1484.496520 -711.529364
2.700000 2.002140 27.400317 -1470.803328 -701.981447
2.750000 2.022498 28.230013 -1434.303037 -657.663649
2.800000 1.956688 30.244169 -1343.559753 -592.191432
2.850000 2.008596 29.579414 -1372.475423 -601.174435
2.900000 1.978917 29.589809 -1372.028958 -612.124713
2.950000 1.982551 29.149745 -1392.495465 -631.195910
3.000000 2.009008 28.944295 -1400.475474 -629.016551
3.050000 2.004141 28.786036 -1408.805935 -639.215814
3.100000 2.013381 29.065895 -1397.792117 -624.653648
3.150000 1.976792 28.723631 -1410.115200 -651.026960
3.200000 2.008180 28.103865 -1441.075906 -669.934769
3.250000 1.948819 29.951619 -1355.498048 -607.151677
3.300000 2.026072 28.932228 -1405.494959 -627.483312
3.350000 2.048444 28.956494 -1403.376912 -616.774536
3.400000 1.959600 28.161156 -1433.593869 -681.107603
3.450000 1.987151 28.392555 -1426.833281 -663.767286
3.500000 2.005974 27.677531 -1456.137076 -685.842974
3.550000 2.000145 30.287502 -1343.412922 -575.357392
3.600000 1.993330 29.870372 -1358.969587 -593.530951
3.650000 1.993562 28.053239 -1443.881898 -678.354042
3.700000 2.013508 28.808071 -1409.243537 -636.056524
3.750000 2.025449 27.735554 -1456.221444 -678.449131
3.800000 2.006084 29.326516 -1386.383634 -616.047473
3.850000 1.995238 29.644107 -1372.807843 -606.636318
3.900000 2.038556 27.133815 -1486.293288 -703.487918
3.950000 2.002080 28.497560 -1420.148837 -651.350187
4.000000 1.981023 29.135262 -1392.916316 -632.203346
4.050000 2.043496 29.779288 -1368.396620 -583.694088
4.100000 1.960186 29.189084 -1389.916732 -637.205458
4.150000 2.032695 27.489485 -1467.876045 -687.321282
4.200000 1.986667 29.717674 -1363.735698 -600.855674
4.250000 2.005675 29.094701 -1394.073439 -623.894355
4.300000 2.000619 28.852348 -1403.594731 -635.356903
4.350000 2.044980 29.231629 -1392.710905 -607.438525
4.400000 1.997849 27.989256 -1447.767306 -680.593196
4.450000 1.974241 29.154640 -1390.719275 -632.610770
4.500000 2.048597 29.934471 -1361.683562 -575.022162
4.550000 2.030206 26.645027 -1505.918059 -726.318964
4.600000 1.984581 28.639106 -1414.126741 -652.047621
4.650000 2.051554 28.961299 -1402.221558 -614.424996
4.700000 2.011064 29.340340 -1382.440107 -610.191580
4.750000 1.969995 29.566215 -1372.599535 -616.121474
4.800000 2.005849 27.715164 -1459.019355 -688.773296
4.850000 1.986751 28.357241 -1427.334008 -664.421745
4.900000 1.968535 29.245189 -1383.870134 -627.952883
4.950000 2.036235 28.925484 -1403.940513 -622.026389
5.000000 2.031240 28.156274 -1440.851681 -660.855348
5.050000 2.011000 29.575223 -1370.894321 -598.670285
5.100000 2.018831 29.800273 -1359.010014 -583.778951
5.150000 2.028053 29.047229 -1396.926696 -618.154488
5.200000 2.007294 28.502828 -1416.862399 -646.061665
5.250000 1.958736 27.919169 -1446.424810 -694.270035
5.300000 2.032889 28.947004 -1402.736579 -622.107350
5.350000 2.004147 28.138945 -1435.426651 -665.834074
5.400000 1.966519 29.668471 -1366.353584 -611.210375
5.450000 2.007644 28.536783 -1422.690100 -651.754905
5.500000 2.023517 28.385082 -1423.510650 -646.480202
5.550000 2.021729 29.333085 -1385.890723 -609.546646
5.600000 2.000941 28.334814 -1428.056166 -659.694707
5.650000 1.982119 28.660652 -1413.093695 -651.959940
5.700000 1.961752 28.986877 -1396.013416 -642.700753
5.750000 2.018286 28.533485 -1420.820035 -645.798078
5.800000 2.000921 28.812192 -1407.092833 -638.739273
5.850000 1.996210 29.194561 -1384.756757 -618.212253
5.900000 1.997461 28.995020 -1397.542400 -630.517487
5.950000 1.983706 28.033775 -1441.821540 -680.078281
6.000000 2.011267 29.786623 -1363.242718 -590.916009
6.050000 1.942009 30.269022 -1338.879056 -593.147612
6.100000 2.036315 29.238087 -1387.996347 -606.051482
6.150000 2.007796 28.448104 -1423.342680 -652.349061
6.200000 2.025261 26.495816 -1513.640589 -735.940551
6.250000 1.987138 27.448115 -1467.712479 -704.651596
6.300000 2.008213 30.996090 -1309.354160 -538.200306
6.350000 2.032340 28.748267 -1413.503018 -633.084369
6.400000 1.989323 29.394481 -1385.198112 -621.298111
6.450000 2.017341 29.498973 -1373.039483 -598.380478
6.500000 1.953657 29.776127 -1362.780211 -612.576092
6.550000 2.028579 28.634285 -1417.789183 -638.814688
6.600000 2.000499 28.410228 -1422.296452 -654.104887
6.650000 1.998372 28.477031 -1421.077056 -653.702380
6.700000 1.976523 29.696958 -1365.440409 -606.455710
6.750000 2.019703 29.861577 -1361.938823 -586.372725
6.800000 1.996262 28.057874 -1438.017967 -671.453337
6.850000 2.013333 28.176031 -1435.486065 -662.366033
6.900000 2.038889 27.927048 -1449.054369 -666.121129
6.950000 1.954340 29.756038 -1363.491658 -613.025249
7.000000 2.003722 29.694940 -1368.694708 -599.265305
7.050000 1.963462 29.504386 -1377.875028 -623.905526
7.100000 2.005368 29.520982 -1378.256346 -608.195047
7.150000 1.969539 29.171888 -1388.506898 -632.203975
7.200000 2.014580 27.871840 -1451.698469 -678.099587
7.250000 1.951121 29.422457 -1376.681674 -627.451035
7.300000 1.991940 28.989738 -1401.468675 -636.563620
7.350000 2.021039 27.889543 -1449.307814 -673.228863
7.400000 1.969558 28.701795 -1410.118827 -653.808678
7.450000 1.981761 28.490091 -1421.257484 -660.261357
7.500000 2.001168 19.541885 -1434.289622 -665.841008
7.550000 2.024882 17.991697 -1507.348395 -729.793552
7.600000 1.986982 16.773670 -1564.156900 -801.155865
7.650000 1.990080 17.228070 -1540.411834 -776.221113
7.700000 1.973802 17.513161 -1531.240707 -773.300601
7.750000 2.032155 17.283398 -1545.170350 -764.822658
7.800000 1.996533 16.433637 -1580.920592 -814.251738
7.850000 1.977806 17.819733 -1513.819660 -754.341982
7.900000 1.997384 16.636668 -1570.674808 -803.679307
7.950000 2.015835 18.044145 -1505.161313 -731.080602
8.000000 1.999297 18.228989 -1499.843775 -732.113748
8.050000 2.007764 17.005338 -1555.232150 -784.250925
8.100000 2.012984 18.405515 -1489.005212 -716.019317
8.150000 1.997133 17.192656 -1546.277771 -779.378844
8.200000 1.982309 17.953268 -1509.579969 -748.373355
8.250000 1.957461 19.467198 -1431.802161 -680.136959
8.300000 2.034326 18.590327 -1480.417721 -699.236394
8.350000 2.014645 17.618982 -1523.917493 -750.293760
8.400000 1.932109 18.891990 -1460.344698 -718.414788
8.450000 2.026254 18.873073 -1464.689205 -686.607698
8.500000 2.025290 17.132012 -1546.990717 -769.279252
8.550000 2.018022 17.180609 -1543.004420 -768.084030
8.600000 1.999067 15.952816 -1602.050437 -834.408642
8.650000 1.979102 15.933394 -1601.538758 -841.563413
8.700000 2.003567 17.699759 -1521.377195 -752.007333
8.750000 2.047024 18.797453 -1466.191163 -680.133879
8.800000 1.987603 17.915901 -1505.231636 -741.991961
8.850000 1.985216 17.205971 -1540.969674 -778.646809
8.900000 1.999853 18.365225 -1490.234910 -722.291530
8.950000 1.993921 19.235280 -1448.043768 -682.378065
9.000000 1.979203 17.940487 -1506.677384 -746.663419
9.050000 1.993170 19.476955 -1435.776351 -670.399181
9.100000 2.035039 19.289113 -1443.713967 -662.259135
9.150000 2.028564 16.066160 -1598.119141 -819.150756
9.200000 2.005936 16.207426 -1591.093419 -820.814033
9.250000 1.983867 16.651763 -1569.374090 -807.569176
9.300000 1.987901 17.715140 -1517.481161 -754.127303
9.350000 2.016507 18.650608 -1477.347695 -703.008963
9.400000 2.001230 17.616916 -1525.543213 -757.070954
9.450000 2.024671 18.206351 -1501.232454 -723.758868
9.500000 1.987851 17.515927 -1528.508673 -765.174078
9.550000 1.986304 16.954368 -1554.548173 -791.807597
9.600000 1.997919 16.819450 -1562.021637 -794.820789
9.650000 1.986806 17.910170 -1507.501587 -744.568183
9.700000 1.981007 16.935459 -1556.282637 -795.575843
9.750000 1.985949 17.387696 -1535.597674 -772.993100
9.800000 2.003625 18.277713 -1492.178790 -722.786746
9.850000 1.996595 17.247696 -1540.935463 -774.243091
9.900000 1.958816 17.985311 -1506.612237 -754.426914
9.950000 2.016272 17.865914 -1516.788803 -742.540488
10.000000 2.038942 17.150716 -1551.076708 -768.123172
10.050000 1.972561 16.354640 -1585.325320 -827.861976
10.100000 2.032634 18.556149 -1480.743657 -700.212285
10.150000 1.989892 16.894415 -1560.351435 -796.232912
10.200000 2.018945 17.937145 -1506.158356 -730.883525
10.250000 1.998305 18.050160 -1504.019981 -736.670749
10.300000 2.045402 17.365248 -1542.046493 -756.611976
10.350000 1.999241 17.512572 -1529.655025 -761.946472
10.400000 1.970603 18.834192 -1461.373566 -704.661847
10.450000 2.027880 17.906862 -1512.944292 -734.238341
10.500000 2.010377 16.578414 -1575.338730 -803.353954
10.550000 2.027684 16.821277 -1562.882210 -784.251555
10.600000 1.978494 16.680003 -1568.366754 -808.625132
10.650000 1.984493 17.880805 -1508.440420 -746.395258
10.700000 1.973982 18.667526 -1470.465980 -712.456972
10.750000 2.007170 18.121358 -1501.320541 -730.567185
10.800000 1.985539 17.261793 -1541.054760 -778.607709
10.850000 2.039750 17.064613 -1552.652115 -769.388266
10.900000 1.979424 16.860525 -1559.106054 -799.007299
10.950000 1.990210 18.314976 -1496.335549 -732.094883
11.000000 2.009509 18.355671 -1491.081730 -719.430397
11.050000 2.005969 16.562387 -1576.692904 -806.400803
11.100000 2.026395 17.228241 -1544.458222 -766.322437
11.150000 2.008984 17.877858 -1516.253239 -744.803564
11.200000 2.050719 17.591998 -1527.016012 -739.540069
11.250000 1.996801 17.731774 -1516.127199 -749.355539
11.300000 2.026053 18.183853 -1494.109467 -716.105190
11.350000 1.991726 18.010962 -1505.963795 -741.141147
11.400000 2.022828 16.717333 -1568.983524 -792.217671
11.450000 2.009306 17.808717 -1510.385832 -738.812156
11.500000 2.016441 16.887223 -1556.851690 -782.538307
11.550000 1.978193 16.448116 -1576.884047 -817.258105
11.600000 1.985853 18.382639 -1484.141695 -721.574098
11.650000 2.029249 18.291524 -1487.873081 -708.641490
11.700000 1.960482 18.033690 -1501.357547 -748.532290
11.750000 1.975338 18.516097 -1481.580951 -723.051058
11.800000 2.009231 17.428087 -1532.844173 -761.299384
11.850000 2.026368 17.766153 -1513.719073 -735.593949
11.900000 1.999179 18.443803 -1480.585918 -712.901181
11.950000 2.028241 17.606165 -1525.254999 -746.410387
12.000000 2.007055 16.778932 -1564.798987 -794.089758
12.050000 2.029886 17.544528 -1527.148878 -747.672678
12.100000 1.986980 17.509478 -1529.556595 -766.556431
12.150000 2.027483 16.234830 -1586.617879 -808.064276
12.200000 1.958967 17.211790 -1539.342136 -787.098917
12.250000 1.985959 17.595986 -1518.105556 -755.497491
12.300000 1.991836 19.425393 -1433.745295 -668.880140
12.350000 2.028582 18.096482 -1500.899455 -721.923900
12.400000 1.983984 17.721463 -1518.478238 -756.628290
12.450000 2.021108 17.188931 -1547.996457 -771.891141
12.500000 1.976935 17.292073 -1538.717728 -779.574799
12.550000 1.979175 17.767739 -1515.133529 -755.130518
12.600000 2.025392 17.418260 -1537.639583 -759.888914
12.650000 1.999826 17.377474 -1532.195509 -764.262358
12.700000 2.007111 17.208481 -1544.492358 -773.761713
12.750000 2.002915 17.311754 -1536.158059 -767.038536
12.800000 2.000203 19.589684 -1423.528965 -655.450986
12.850000 2.004975 16.716292 -1564.146461 -794.236212
12.900000 1.982855 17.630908 -1523.981654 -762.565190
12.950000 1.999288 17.666633 -1518.622119 -750.895707
13.000000 1.973945 16.749097 -1561.041303 -803.046531
13.050000 2.019848 17.385121 -1536.686819 -761.065167
13.100000 1.999371 17.886257 -1508.865146 -741.106513
13.150000 2.015452 17.842231 -1514.332008 -740.398423
13.200000 1.978225 18.441737 -1483.361451 -723.723057
13.250000 2.027146 18.587415 -1478.140026 -699.716125
13.300000 2.006372 16.822697 -1556.876019 -786.429300
13.350000 2.020523 16.329976 -1582.014193 -806.133394
13.400000 1.987441 17.358028 -1531.784849 -768.607675
13.450000 1.977233 19.219596 -1446.254964 -686.997433
13.500000 1.974603 17.819415 -1512.332939 -754.085275
13.550000 2.014579 17.510699 -1528.459894 -754.861668
13.600000 1.984635 18.069825 -1501.485663 -739.385948
13.650000 2.011580 17.740933 -1519.345900 -746.899257
13.700000 1.982418 17.669628 -1520.584082 -759.335672
13.750000 2.015053 17.123993 -1549.045717 -775.265553
13.800000 1.990245 17.519981 -1525.469761 -761.215722
13.850000 2.005036 17.567251 -1523.882648 -753.948832
13.900000 2.015509 18.283738 -1489.543561 -715.588139
13.950000 2.024948 17.126178 -1547.083612 -769.503497
14.000000 1.986266 16.977422 -1553.890492 -791.164376
14.050000 2.010849 17.252894 -1538.730982 -766.564986
14.100000 2.026927 17.323072 -1539.138154 -760.798244
14.150000 1.985488 17.913144 -1513.141576 -750.714331
14.200000 1.995527 18.651944 -1477.736693 -711.454148
14.250000 2.047609 17.961981 -1509.003248 -722.721340
14.300000 1.976946 18.020943 -1503.907666 -744.760556
14.350000 2.008147 16.981000 -1557.001963 -785.873551
14.400000 1.988141 17.222341 -1543.451753 -780.005418
14.450000 1.980171 17.551649 -1527.570269 -767.184663
14.500000 1.985150 17.723247 -1516.181224 -753.883455
14.550000 2.014564 17.731753 -1519.649400 -746.056708
14.600000 1.990148 17.727933 -1517.597751 -753.380812
14.650000 2.005026 17.556720 -1524.516512 -754.586365
14.700000 1.981222 16.864163 -1559.694168 -798.905099
14.750000 1.959031 17.036458 -1549.663128 -797.395362
14.800000 1.991736 19.471014 -1433.587799 -668.761277
14.850000 2.018254 17.611141 -1526.270691 -751.261342
14.900000 1.984422 18.731645 -1471.198515 -709.180539
14.950000 2.013202 16.577054 -1570.584115 -797.514618
15.000000 2.017525 14.359462 -1338.432584 -563.702827
15.050000 1.995001 14.665845 -1321.940641 -555.860419
15.100000 2.011771 14.289125 -1332.602646 -560.082721
15.150000 1.954877 15.311865 -1274.645020 -523.972177
15.200000 2.011942 15.268815 -1290.857968 -518.272070
15.250000 1.999198 16.615197 -1223.048774 -455.356891
15.300000 2.008743 15.305039 -1290.905508 -519.548327
15.350000 1.998218 15.348008 -1283.951161 -516.635426
15.400000 1.992634 15.845551 -1254.939256 -489.767825
15.450000 1.996456 16.062557 -1244.483323 -477.844294
15.500000 2.027370 14.051709 -1351.229743 -572.719718
15.550000 2.015969 13.767430 -1363.105442 -588.973314
15.600000 1.997594 13.797308 -1360.697159 -593.621087
15.650000 2.008863 13.727650 -1370.701491 -599.298180
15.700000 1.960582 14.816542 -1312.474529 -559.610930
15.750000 2.033631 14.901570 -1305.737862 -524.823713
15.800000 1.976659 14.308095 -1337.033302 -577.996311
15.850000 2.011766 14.394925 -1335.777611 -563.259441
15.900000 2.018268 15.176273 -1299.863180 -524.848207
15.950000 2.011914 15.291886 -1288.854115 -516.279013
16.000000 1.995922 14.898909 -1309.467153 -543.033218
16.050000 2.012807 15.076685 -1305.184193 -532.266392
16.100000 1.988127 15.490837 -1283.302615 -519.862036
16.150000 2.031160 15.339377 -1286.561008 -506.595747
16.200000 2.009633 14.832579 -1311.201839 -539.502801
16.250000 2.010360 14.550438 -1328.841902 -556.863523
16.300000 1.970573 14.789361 -1314.630292 -557.930375
16.350000 1.988902 16.245003 -1234.597481 -470.859154
16.400000 2.019463 15.157358 -1297.510060 -522.036251
16.450000 2.003823 15.332141 -1285.967057 -516.498871
16.500000 1.990022 14.963801 -1305.722294 -541.553751
16.550000 1.977097 14.509958 -1330.212611 -571.007551
16.600000 2.011099 15.987013 -1252.690341 -480.428203
16.650000 1.981162 15.551957 -1278.240856 -517.474531
16.700000 2.023476 16.303753 -1239.639557 -462.624860
16.750000 2.021435 15.907173 -1259.159485 -482.928601
16.800000 1.979801 15.104898 -1299.843755 -539.600295
16.850000 1.991317 15.468999 -1278.437306 -513.771603
16.900000 2.027128 13.630858 -1370.859657 -592.442320
16.950000 1.986867 14.331585 -1330.564539 -567.607633
17.000000 2.005683 14.203533 -1344.900225 -574.717998
17.050000 2.000303 14.613051 -1321.156434 -553.039949
17.100000 2.002106 14.489593 -1322.932431 -554.123595
17.150000 2.003626 14.591836 -1320.563891 -551.171657
17.200000 2.009725 14.494149 -1332.417377 -560.683071
17.250000 1.977328 15.306219 -1289.593669 -530.299625
17.300000 2.039750 15.817648 -1265.266684 -482.002628
17.350000 1.977234 15.337427 -1289.618977 -530.361293
17.400000 2.002548 15.507187 -1283.742735 -514.764208
17.450000 2.010761 15.842032 -1266.229202 -494.096786
17.500000 2.019793 16.495999 -1227.554281 -451.953723
17.550000 2.014380 15.287281 -1293.506540 -519.984460
17.600000 2.014112 14.643213 -1321.769239 -548.350108
17.650000 1.991180 14.234584 -1339.691724 -575.078672
17.700000 1.982644 15.115838 -1293.025566 -531.690168
17.750000 2.024786 15.032269 -1305.932476 -528.414513
17.800000 1.986722 16.231222 -1242.256647 -479.355291
17.850000 2.013071 15.541247 -1269.524451 -496.505278
17.900000 1.970859 16.036006 -1242.028276 -485.218470
17.950000 1.990276 16.581326 -1219.413016 -455.147198
18.000000 2.050035 15.354270 -1290.902480 -503.688869
18.050000 2.016349 14.524549 -1325.638764 -551.360658
18.100000 2.000780 15.584279 -1267.302648 -499.003306
18.150000 2.021821 15.660114 -1268.647399 -492.268004
18.200000 1.957738 15.510197 -1273.036061 -521.264597
18.250000 2.002432 15.112314 -1296.661856 -527.727867
18.300000 2.023508 15.107427 -1292.805204 -515.778069
18.350000 1.974140 14.478775 -1320.869952 -562.800343
18.400000 1.979026 15.295697 -1287.677613 -527.731492
18.450000 1.973835 16.336229 -1230.509327 -472.556876
18.500000 2.000500 15.616832 -1278.408364 -510.216184
18.550000 2.024287 16.186922 -1247.206792 -469.880572
18.600000 2.019439 16.492621 -1231.301638 -455.837007
18.650000 1.983752 15.179656 -1297.975696 -536.214849
18.700000 2.015136 15.066340 -1300.668825 -526.856660
18.750000 1.990132 15.515603 -1275.708312 -511.497517
18.800000 1.988823 15.443386 -1275.353670 -511.645638
18.850000 2.004402 14.812490 -1309.744737 -540.054348
18.900000 2.011078 14.022247 -1355.427738 -583.173617
18.950000 2.024144 14.409000 -1341.821330 -564.550005
19.000000 1.960793 15.810457 -1261.892466 -508.947990
19.050000 2.017510 15.915001 -1255.577280 -480.853429
19.100000 1.994193 14.254985 -1337.941853 -572.171877
19.150000 1.970599 15.155657 -1292.991141 -536.281245
19.200000 2.004059 14.897323 -1309.102616 -539.543972
19.250000 2.031418 13.741773 -1370.255930 -590.191503
19.300000 1.976993 15.312322 -1284.866322 -525.701044
19.350000 2.017857 14.059352 -1351.490245 -576.632966
19.400000 1.981418 15.043582 -1292.839842 -531.975492
19.450000 1.997335 15.380749 -1276.777037 -509.800364
19.500000 2.000786 15.172650 -1293.853174 -525.551453
19.550000 1.987710 14.970230 -1299.426655 -536.146015
19.600000 1.999008 15.640680 -1263.277190 -495.657964
19.650000 1.967842 15.276507 -1289.759458 -534.108278
19.700000 2.025074 14.137219 -1352.126526 -574.498220
19.750000 1.989365 16.195835 -1238.295201 -474.378921
19.800000 2.020701 14.654320 -1323.928628 -547.979632
19.850000 1.980690 15.445332 -1287.465264 -526.880212
19.900000 2.015764 14.985036 -1315.223196 -541.169634
19.950000 1.987283 14.832683 -1316.433829 -553.317243
20.000000 1.973901 15.262077 -1295.282838 -537.304721
20.050000 2.020507 15.054877 -1302.881369 -527.006680
20.100000 2.001266 14.655228 -1322.767620 -554.281333
20.150000 1.971155 15.194648 -1290.130732 -533.207089
20.200000 1.975448 16.060269 -1243.662131 -485.090225
20.250000 2.019812 16.011641 -1248.762669 -473.154714
20.300000 1.998362 14.740832 -1316.189787 -548.818609
20.350000 2.006647 14.785466 -1309.197710 -538.645290
20.400000 2.014653 14.612888 -1318.468773 -544.842085
20.450000 1.979100 14.681480 -1321.234016 -561.259722
20.500000 1.981422 15.865317 -1261.859259 -500.993350
20.550000 2.019186 16.765254 -1216.624494 -441.256955
20.600000 2.009663 15.086357 -1300.678799 -528.968206
20.650000 1.998776 15.243092 -1292.158163 -524.628048
20.700000 1.955613 15.235077 -1292.679438 -541.724095
20.750000 2.006493 15.608793 -1277.045796 -506.552484
20.800000 1.989218 16.757892 -1209.979831 -446.120129
20.850000 1.999395 14.926543 -1307.804586 -540.036968
20.900000 1.998541 14.381905 -1334.995926 -567.556209
20.950000 1.985912 14.891461 -1309.452680 -546.862657
21.000000 2.004159 15.896978 -1261.380340 -491.783254
21.050000 2.018878 14.803550 -1309.599614 -534.350431
21.100000 2.005740 16.020223 -1241.177015 -470.972745
21.150000 2.009260 15.182175 -1293.727357 -522.171605
21.200000 1.985897 16.405431 -1233.480144 -470.895625
21.250000 2.013028 15.394179 -1290.106547 -517.103681
21.300000 2.021368 16.351364 -1238.969608 -462.764364
21.350000 1.982240 16.550476 -1232.400946 -471.220961
21.400000 2.027385 15.239565 -1300.193135 -521.677225
21.450000 2.019051 15.000656 -1305.034299 -529.718665
21.500000 1.997143 14.930072 -1305.719280 -538.816229
21.550000 1.998749 15.191125 -1288.451804 -520.932210
21.600000 2.012089 15.017265 -1299.762927 -527.120646
21.650000 1.987616 15.945934 -1256.941717 -493.697047
21.700000 2.028330 16.039452 -1257.670180 -478.791480
21.750000 2.004405 15.124767 -1300.781486 -531.089905
21.800000 2.042442 14.488624 -1330.131189 -545.833328
21.850000 1.987369 14.835519 -1311.284948 -548.135325
21.900000 1.993199 15.561789 -1274.405225 -509.016978
21.950000 1.995631 15.677046 -1271.329360 -505.007034
22.000000 1.998499 15.866501 -1265.596219 -498.172586
22.050000 2.023292 16.375975 -1229.339168 -452.394982
22.100000 1.991732 15.619130 -1267.397441 -502.572311
22.150000 2.006865 14.660270 -1322.288967 -551.652905
22.200000 2.015573 15.488286 -1277.820050 -503.840043
22.250000 1.973523 15.495959 -1275.629194 -517.796204
22.300000 2.030559 16.260006 -1234.813475 -455.078977
22.350000 2.014792 15.564996 -1274.312050 -500.631969
22.400000 1.978385 16.054319 -1250.636519 -490.936520
22.450000 2.001145 16.339072 -1237.041343 -468.601542
22.500000 2.000587 9.254349 -1280.979190 -512.753971
22.550000 2.013072 9.111520 -1287.568492 -514.548836
22.600000 1.992368 8.463269 -1326.471083 -561.401672
22.650000 2.005009 9.541136 -1266.093926 -496.170497
22.700000 1.981207 8.547306 -1318.155611 -557.372148
22.750000 2.001348 8.706815 -1304.643956 -536.126259
22.800000 2.005587 9.532250 -1258.677532 -488.531947
22.850000 2.020044 8.561180 -1319.445533 -543.748588
22.900000 1.967520 9.114673 -1283.796803 -528.269196
22.950000 2.014067 9.419720 -1262.683200 -489.281497
23.000000 1.991347 8.978653 -1288.967077 -524.289956
23.050000 2.000984 9.191535 -1277.250040 -508.872146
23.100000 2.006009 8.633469 -1309.604629 -539.297090
23.150000 1.985736 9.545167 -1253.621259 -491.098568
23.200000 2.014286 9.637595 -1253.802378 -480.316418
23.250000 2.027514 8.169982 -1339.956663 -561.391172
23.300000 1.977646 9.036418 -1285.967504 -526.551331
23.350000 2.010435 9.324086 -1273.942198 -501.935033
23.400000 1.970282 9.090937 -1289.840272 -533.252039
23.450000 2.036580 9.005640 -1292.447855 -510.401040
23.500000 1.990754 8.782737 -1303.750059 -539.300455
23.550000 1.997571 8.555579 -1317.508052 -550.440650
23.600000 2.001598 9.682745 -1255.016420 -486.402862
23.650000 2.032298 8.577716 -1322.648992 -542.246603
23.700000 2.002056 7.796213 -1358.686321 -589.896777
23.750000 1.975407 8.905809 -1294.692908 -536.136582
23.800000 2.014734 8.355337 -1329.380975 -555.722940
23.850000 1.989666 9.344386 -1273.256581 -509.224714
23.900000 2.008894 8.810446 -1299.110550 -527.695093
23.950000 2.029920 9.558558 -1254.768152 -475.278950
24.000000 1.992454 8.440199 -1318.304245 -553.202062
24.050000 1.987511 8.919341 -1296.349031 -533.144812
24.100000 1.980037 9.533259 -1263.840795 -503.506577
24.150000 1.996149 9.455847 -1278.669295 -512.148009
24.200000 1.972075 9.602611 -1266.328874 -509.052089
24.250000 2.012986 9.613895 -1263.023066 -490.036362
24.300000 2.006452 8.570501 -1318.501912 -548.024455
24.350000 1.985000 8.693531 -1303.345061 -541.104940
24.400000 1.978867 9.396700 -1265.303382 -505.418566
24.450000 2.023452 8.587584 -1312.597765 -535.592056
24.500000 1.986023 8.068444 -1344.247042 -581.614030
24.550000 1.984988 10.111291 -1224.833630 -462.598390
24.600000 2.010921 8.916927 -1293.670440 -521.476834
24.650000 1.993817 9.145753 -1280.064804 -514.438968
24.700000 1.980019 9.834508 -1242.861324 -482.534062
24.750000 1.997169 8.992357 -1297.795535 -530.882711
24.800000 1.998698 8.675929 -1315.497805 -547.997583
24.850000 1.984388 8.832914 -1312.033622 -550.028503
24.900000 2.002684 8.558631 -1321.143569 -552.112962
24.950000 2.013343 8.111263 -1339.169076 -566.045268
25.000000 1.985024 8.238385 -1330.142121 -567.892977
25.050000 2.010257 8.649049 -1308.580890 -536.642124
25.100000 1.994498 8.968758 -1286.263023 -520.375932
25.150000 1.986665 8.942561 -1291.807720 -528.928506
25.200000 1.991457 9.932982 -1233.718720 -468.999151
25.250000 1.998179 8.401109 -1322.284024 -554.983229
25.300000 2.000421 8.789532 -1304.554199 -536.392511
25.350000 2.014201 8.472555 -1324.519060 -551.065914
25.400000 1.997024 8.147889 -1340.720447 -573.863100
25.450000 1.993248 8.624529 -1317.348159 -551.941088
25.500000 1.975891 9.832164 -1250.390522 -491.648297
25.550000 2.020904 9.068155 -1300.299587 -524.272332
25.600000 1.947328 9.406176 -1280.026484 -532.252563
25.650000 2.006973 9.195483 -1296.471550 -525.793816
25.700000 1.996083 9.293248 -1285.605929 -519.110200
25.750000 2.012757 8.890433 -1308.098700 -535.199919
25.800000 1.998728 9.233917 -1282.097407 -514.585675
25.850000 1.995384 9.211382 -1281.266872 -515.039563
25.900000 2.005716 8.611212 -1319.833017 -549.638090
25.950000 2.006393 8.962249 -1299.326457 -528.871629
26.000000 1.989902 8.449501 -1328.173153 -564.050782
26.050000 2.014460 9.117953 -1286.527609 -512.975051
26.100000 2.004387 9.022919 -1288.641370 -518.956621
26.150000 1.988846 8.831536 -1299.534463 -535.817605
26.200000 2.012085 9.003734 -1292.885161 -520.244518
26.250000 1.993267 9.374746 -1276.397838 -510.983373
26.300000 1.999713 8.650152 -1317.394020 -549.504283
26.350000 1.975840 9.244613 -1281.123900 -522.401384
26.400000 2.010280 8.552930 -1319.927020 -547.979411
26.450000 2.001986 8.835486 -1295.942860 -527.180225
26.500000 1.980150 9.464110 -1258.624408 -498.246981
26.550000 1.990641 9.469336 -1272.030905 -507.624755
26.600000 1.982207 10.001354 -1241.370458 -480.203120
26.650000 1.993444 9.681961 -1256.994971 -491.512570
26.700000 1.993061 8.987660 -1296.026641 -530.691204
26.750000 2.041450 8.329697 -1333.626662 -549.709691
26.800000 1.991192 8.779054 -1309.401863 -544.784100
26.850000 2.010375 9.522770 -1264.995799 -493.011693
26.900000 2.007882 9.380354 -1276.896784 -505.870232
26.950000 1.990449 10.480978 -1221.365777 -457.033241
27.000000 1.989722 9.828333 -1257.672525 -493.619400
27.050000 2.006518 9.334770 -1283.719427 -513.216536
27.100000 2.000946 9.796153 -1251.179851 -482.816549
27.150000 1.981172 8.816523 -1301.125786 -540.355698
27.200000 2.026304 8.831880 -1300.566573 -522.465975
27.250000 1.999658 9.886814 -1237.389270 -469.520520
27.300000 1.986919 9.562376 -1260.718491 -497.741452
27.350000 1.982870 9.033075 -1290.825409 -529.403408
27.400000 1.983269 9.724795 -1247.857245 -486.281776
27.450000 2.026082 9.004189 -1288.034497 -510.019066
27.500000 1.993907 9.105030 -1286.753896 -521.093718
27.550000 2.013215 10.208752 -1233.493042 -460.418346
27.600000 2.001911 9.975780 -1249.546498 -480.812717
27.650000 2.016925 9.674066 -1266.341204 -491.842038
27.700000 1.985390 9.881041 -1252.423737 -490.033892
27.750000 2.008392 10.200828 -1232.469531 -461.247055
27.800000 2.014212 8.879679 -1303.220196 -529.762668
27.850000 1.971128 9.914225 -1238.718894 -481.805647
27.900000 2.007799 8.869057 -1305.728641 -534.733975
27.950000 1.988659 9.363197 -1274.408228 -510.763019
28.000000 1.999315 8.932323 -1298.874327 -531.137312
28.050000 2.006100 8.721261 -1309.692515 -539.350169
28.100000 1.986792 9.209015 -1282.517446 -519.589438
28.150000 2.004155 9.298430 -1286.001574 -516.405962
28.200000 2.008625 9.360544 -1282.161190 -510.849004
28.250000 1.983066 9.999447 -1240.350984 -478.853528
28.300000 1.993269 10.645389 -1212.507129 -447.091684
28.350000 2.013861 9.833283 -1260.752992 -487.430238
28.400000 2.053092 9.093323 -1298.721121 -510.333738
28.450000 2.003032 8.898432 -1300.439648 -531.275464
28.500000 2.012718 8.655175 -1313.182784 -540.299108
28.550000 2.014848 8.624247 -1312.317298 -538.615721
28.600000 1.990475 8.124161 -1339.702629 -575.360228
28.650000 2.032594 8.560696 -1312.638509 -532.122598
28.700000 1.966972 9.184804 -1278.477962 -523.160787
28.750000 2.003512 9.262536 -1276.146823 -506.798193
28.800000 2.007013 8.891539 -1294.366155 -523.673311
28.850000 2.003250 9.046788 -1289.308606 -520.060727
28.900000 2.001789 9.670131 -1260.613149 -491.926290
28.950000 1.994153 9.397354 -1280.357871 -514.603191
29.000000 1.998017 8.884784 -1303.550352 -536.311965
29.050000 1.985142 8.903602 -1298.131951 -535.837486
29.100000 1.994106 9.149981 -1281.996824 -516.260130
29.150000 2.007637 8.920117 -1299.937573 -529.005114
29.200000 2.029600 9.203842 -1277.352472 -497.986094
29.250000 2.007082 8.688335 -1306.465632 -535.746142
29.300000 1.970989 9.375398 -1277.773224 -520.913402
29.350000 2.007262 9.396093 -1280.139059 -509.350548
29.400000 1.988397 9.880742 -1247.385418 -483.840841
29.450000 2.012749 9.981331 -1242.228631 -469.333128
29.500000 2.013189 9.497355 -1266.596742 -493.532201
29.550000 2.009516 10.079314 -1229.200982 -457.547006
29.600000 1.996028 9.344803 -1278.561637 -512.086903
29.650000 1.997594 9.629639 -1260.267713 -493.191498
29.700000 2.017322 8.452065 -1320.056377 -545.404604
29.750000 2.008859 8.586894 -1315.621320 -544.219308
29.800000 1.999763 8.668723 -1313.711602 -545.802602
29.850000 1.996806 8.833794 -1301.390876 -534.617426
29.900000 2.017737 8.215223 -1341.037645 -566.226692
29.950000 1.987522 8.584246 -1315.728704 -552.520335
30.000000 1.981990 4.616067 -1255.413764 -494.329467
30.050000 1.985447 5.099868 -1230.719407 -468.307663
30.100000 1.990848 5.439048 -1210.417885 -445.932134
30.150000 2.005311 5.811355 -1184.976292 -414.936722
30.200000 2.011669 4.719107 -1252.509154 -480.028145
30.250000 1.980928 5.137360 -1226.665598 -465.989085
30.300000 2.015723 5.420606 -1214.903712 -440.865973
30.350000 1.998304 5.422830 -1217.971010 -450.622117
30.400000 1.999579 5.723328 -1197.384894 -429.546480
30.450000 2.013324 4.880353 -1250.005763 -476.889401
30.500000 1.983120 5.746905 -1194.163549 -432.645624
30.550000 1.999819 5.655424 -1200.719692 -432.789218
30.600000 2.014527 5.531634 -1209.198982 -435.620472
30.650000 1.983830 5.710779 -1197.250742 -435.460084
30.700000 2.010341 5.528801 -1205.365947 -433.394969
30.750000 2.008077 4.924287 -1235.593276 -464.491560
30.800000 1.971531 5.409374 -1209.400722 -452.332999
30.850000 2.008466 5.697212 -1199.525626 -428.274673
30.900000 2.021653 5.042342 -1241.928707 -465.614026
30.950000 2.004415 5.114573 -1232.234744 -462.539394
31.000000 1.999328 5.515215 -1203.470770 -435.728753
31.050000 2.004766 5.465694 -1205.013881 -435.183668
31.100000 1.999613 5.299787 -1216.756378 -448.904983
31.150000 1.992577 5.238946 -1226.757010 -461.607577
31.200000 2.015088 4.726074 -1259.608629 -485.814906
31.250000 1.996649 5.403842 -1203.250476 -436.537192
31.300000 2.005267 4.456170 -1265.332914 -495.310460
31.350000 1.983322 5.408669 -1206.486977 -444.891192
31.400000 2.005515 5.548226 -1199.207023 -429.089352
31.450000 1.983044 5.041540 -1236.442619 -474.953841
31.500000 2.004405 4.806138 -1254.563207 -484.871641
31.550000 2.022994 4.942922 -1242.337790 -465.508059
31.600000 2.005957 4.617920 -1259.513442 -489.225771
31.650000 1.992121 5.395847 -1203.622666 -438.648324
31.700000 2.011711 5.102187 -1232.766376 -460.269319
31.750000 1.971700 5.368625 -1212.123696 -454.990814
31.800000 2.046863 5.833902 -1180.192048 -394.196570
31.850000 1.988115 4.817878 -1244.809742 -481.373594
31.900000 2.008673 5.114715 -1224.454812 -453.124468
31.950000 1.996195 5.545973 -1196.637258 -430.098269
32.000000 2.018622 5.473738 -1206.042247 -430.891222
32.050000 2.006572 5.299280 -1224.103919 -453.580159
32.100000 1.983845 5.163251 -1232.106674 -470.310110
32.150000 2.005509 5.764999 -1194.312175 -424.196634
32.200000 2.010849 5.533004 -1208.093580 -435.927581
32.250000 2.020758 5.825093 -1181.867500 -405.896267
32.300000 2.005678 5.211182 -1221.834716 -451.654203
32.350000 2.026236 5.444573 -1205.947702 -427.872892
32.400000 2.010052 5.052923 -1232.790034 -460.929987
32.450000 1.988308 5.493946 -1209.737266 -446.226914
32.500000 2.021840 5.096563 -1239.107315 -462.720660
32.550000 2.014041 5.121075 -1235.550783 -462.158874
32.600000 1.988751 4.995047 -1246.143665 -482.463294
32.650000 2.000143 5.670484 -1198.841843 -430.787054
32.700000 1.989271 5.255440 -1221.141136 -457.261137
32.750000 2.023030 5.761429 -1189.824400 -412.980876
32.800000 2.007481 5.499836 -1205.624557 -434.751890
32.850000 2.010919 5.441741 -1206.473015 -434.280025
32.900000 2.014765 4.985686 -1233.275006 -459.605183
32.950000 1.974604 5.051597 -1228.342944 -470.095018
33.000000 1.995937 5.423774 -1211.642471 -445.202651
33.050000 2.000796 5.610976 -1201.877933 -433.572282
33.100000 2.004414 5.180050 -1237.949003 -468.254016
33.150000 2.006430 5.418179 -1224.817236 -454.348301
33.200000 1.994572 5.559054 -1206.499852 -440.584364
33.250000 1.996263 4.646697 -1261.189569 -494.624529
33.300000 2.009743 5.110775 -1227.674587 -455.933194
33.350000 1.984606 5.303103 -1216.141570 -454.052766
33.400000 1.998080 5.661227 -1195.751985 -428.489412
33.450000 2.003849 5.447459 -1207.752590 -438.274453
33.500000 2.002398 4.862496 -1249.885685 -480.965043
33.550000 1.990322 5.833440 -1188.059666 -423.775951
33.600000 2.013640 5.113547 -1236.778485 -463.540911
33.650000 1.984988 5.442407 -1215.935758 -453.700475
33.700000 2.031160 4.740612 -1260.204382 -480.238980
33.750000 2.002001 4.126647 -1294.949275 -526.180863
33.800000 1.994251 4.444667 -1275.516717 -509.724459
33.850000 1.991028 4.549065 -1276.086875 -511.532132
33.900000 1.998148 5.102495 -1241.036742 -473.748009
33.950000 2.012475 5.283903 -1227.367790 -454.577470
34.000000 1.986162 5.476450 -1212.045286 -449.358942
34.050000 2.028179 5.143216 -1233.273493 -454.452923
34.100000 1.984084 5.399797 -1212.361521 -450.473138
34.150000 2.006453 4.653453 -1253.823525 -483.345526
34.200000 1.995294 4.617608 -1255.366409 -489.173392
34.250000 2.010784 4.598961 -1260.209903 -488.068878
34.300000 2.007508 5.015897 -1235.189816 -464.306593
34.350000 1.991706 5.781598 -1193.465383 -428.650134
34.400000 1.991259 6.370726 -1155.097610 -390.454327
34.450000 1.999370 5.245194 -1220.948049 -453.190065
34.500000 2.014598 5.963463 -1168.227816 -394.622174
34.550000 2.005552 5.417980 -1206.337561 -436.205704
34.600000 2.004109 5.050495 -1231.276034 -461.698026
34.650000 1.999312 5.203677 -1220.450812 -452.715106
34.700000 1.997854 5.548443 -1205.613184 -438.437386
34.750000 2.008879 5.833977 -1191.504006 -420.094365
34.800000 2.003936 4.847003 -1250.810933 -481.299362
34.850000 1.993712 5.756896 -1193.734632 -428.149340
34.900000 2.033523 5.341194 -1222.294297 -441.421452
34.950000 1.997157 4.605796 -1255.853202 -488.944957
35.000000 1.988131 4.620674 -1244.142815 -480.700468
35.050000 1.984433 4.543206 -1254.719005 -492.696764
35.100000 1.990189 5.668222 -1194.845181 -430.612433
35.150000 2.008502 6.104553 -1173.959151 -402.694513
35.200000 2.025925 5.760562 -1191.638977 -413.683745
35.250000 1.996453 5.163235 -1226.091101 -459.453087
35.300000 2.004985 5.242158 -1220.992610 -451.078183
35.350000 2.009244 4.652131 -1261.603984 -490.054127
35.400000 1.994145 5.072500 -1239.041917 -473.290190
35.450000 1.981619 5.712559 -1200.970551 -440.028692
35.500000 2.010472 5.200675 -1229.840914 -457.819808
35.550000 2.015971 4.835424 -1242.072237 -467.939249
35.600000 1.980194 5.493955 -1201.295477 -440.900949
35.650000 1.963444 6.104658 -1171.556206 -417.593813
35.700000 2.005140 5.978766 -1181.521618 -411.547978
35.750000 1.983978 5.043962 -1236.091489 -474.243838
35.800000 2.017415 5.732492 -1192.365145 -417.677616
35.850000 1.997386 4.824079 -1243.744429 -476.748047
35.900000 1.999353 4.989310 -1234.909750 -467.158269
35.950000 2.012981 5.526982 -1200.693162 -427.708399
36.000000 1.996107 5.400832 -1208.585538 -442.080412
36.050000 1.984177 5.419901 -1208.096889 -446.172958
36.100000 1.995284 4.737799 -1252.470137 -486.281128
36.150000 1.989679 4.985356 -1235.712154 -471.675344
36.200000 2.014458 4.468395 -1268.483241 -494.931494
36.250000 2.007955 4.622914 -1259.594647 -488.539753
36.300000 1.987888 5.071700 -1234.000040 -470.650873
36.350000 2.028068 5.624286 -1200.709169 -421.930974
36.400000 1.988432 5.317522 -1219.453270 -455.895242
36.450000 2.018779 5.654060 -1198.368041 -423.156801
36.500000 2.012217 4.839176 -1244.006013 -471.314794
36.550000 1.987851 5.372408 -1207.927564 -444.592790
36.600000 1.994373 5.160079 -1224.825934 -458.986589
36.650000 1.991319 4.846847 -1240.859697 -476.193336
36.700000 1.985646 5.241595 -1218.033327 -455.545414
36.750000 2.006489 5.495747 -1208.503164 -438.011351
36.800000 1.998337 5.018713 -1237.606457 -470.245176
36.850000 2.005973 5.468192 -1199.317504 -429.023895
36.900000 1.998208 4.920171 -1231.310874 -463.998913
36.950000 1.982622 5.390190 -1203.079277 -441.752601
37.000000 2.012434 4.914976 -1242.199687 -469.425209
37.050000 1.997141 5.774288 -1195.391557 -428.489368
37.100000 2.003145 5.962137 -1188.581146 -419.373559
37.150000 1.997041 5.583858 -1201.251509 -434.387925
37.200000 1.993900 5.408370 -1213.431855 -447.774403
37.250000 1.975948 5.782233 -1196.104740 -437.340799
37.300000 1.994428 6.002657 -1183.308766 -417.448559
37.350000 2.002787 5.614860 -1207.074717 -438.004371
37.400000 2.022243 5.257154 -1224.208125 -447.666736
37.450000 1.991046 5.537962 -1198.898133 -434.336575
37.500000 2.009745 3.285470 -1080.278113 -308.536172
37.550000 1.995016 2.775570 -1113.762111 -347.676025
37.600000 2.003685 2.635841 -1120.450995 -351.035929
37.650000 1.997842 3.199795 -1078.625964 -311.454788
37.700000 2.003970 2.964503 -1098.454826 -328.930172
37.750000 1.994984 3.087863 -1093.981452 -327.907756
37.800000 2.011438 3.138673 -1089.742801 -317.350743
37.850000 1.994322 2.587485 -1126.297971 -360.478248
37.900000 2.006783 2.882890 -1109.933089 -339.328511
37.950000 2.000401 3.166457 -1086.669141 -318.515296
38.000000 1.979622 2.741195 -1116.804397 -356.629506
38.050000 2.013315 3.094265 -1091.498031 -318.384987
38.100000 1.990077 2.669761 -1124.385482 -360.195824
38.150000 2.006247 3.335137 -1081.698709 -311.299962
38.200000 1.997461 2.992796 -1105.177405 -338.152502
38.250000 1.984413 3.053168 -1092.237644 -330.223063
38.300000 2.004024 2.909254 -1100.006005 -330.460882
38.350000 1.987865 3.163491 -1085.291721 -321.951401
38.400000 2.017023 3.213989 -1090.909181 -316.372440
38.450000 1.996554 3.489328 -1064.645254 -297.968404
38.500000 1.997898 2.691543 -1118.293852 -351.101030
38.550000 2.001610 3.147563 -1085.727054 -317.108880
38.600000 1.997754 2.784016 -1117.161903 -350.024405
38.650000 2.001562 2.883343 -1109.806505 -341.206572
38.700000 1.998741 2.863050 -1112.109336 -344.592863
38.750000 1.992033 3.030156 -1108.943095 -344.002527
38.800000 2.016187 3.123936 -1107.772020 -333.556077
38.850000 1.996605 3.475568 -1083.265915 -316.569466
38.900000 2.021693 3.320769 -1089.122555 -312.792631
38.950000 1.996701 2.891728 -1107.427113 -340.693899
39.000000 2.012283 2.612272 -1122.603201 -349.886511
39.050000 1.995962 2.933868 -1103.785250 -337.335965
39.100000 2.010614 3.591692 -1065.313770 -293.238086
39.150000 2.007468 3.042344 -1108.142478 -337.274755
39.200000 2.009987 3.391555 -1081.960475 -310.125436
39.250000 1.997997 3.517649 -1076.502292 -309.271540
39.300000 1.996157 2.853754 -1124.647051 -358.122770
39.350000 1.998007 3.167569 -1094.953879 -327.719366
39.400000 1.999618 3.155491 -1092.410766 -324.557537
39.450000 1.994353 2.969527 -1108.139946 -342.308206
39.500000 1.999586 3.479769 -1073.226668 -305.385815
39.550000 2.007050 3.570280 -1060.958988 -290.251716
39.600000 1.971172 3.482246 -1069.317261 -312.387146
39.650000 2.023376 3.060654 -1111.197916 -334.221512
39.700000 1.997421 3.066248 -1107.919435 -340.909656
39.750000 1.980367 3.266236 -1092.085073 -331.624214
39.800000 2.000748 3.231259 -1090.149640 -321.862246
39.850000 1.996306 2.425532 -1148.368560 -381.787066
39.900000 2.009928 3.335454 -1085.256169 -313.443930
39.950000 2.015346 2.935354 -1106.363653 -332.470828
40.000000 2.003512 2.528029 -1126.159628 -356.811069
40.050000 1.990120 2.922749 -1093.331490 -329.125437
40.100000 2.010625 1.858968 -1177.939124 -405.859202
40.150000 2.003697 2.517026 -1133.546875 -364.127132
40.200000 1.980087 2.972238 -1107.901816 -347.548310
40.250000 1.998021 3.427283 -1077.581162 -310.341217
40.300000 2.000266 3.306127 -1090.097487 -321.995171
40.350000 2.003389 3.020941 -1114.008622 -344.707124
40.400000 1.992625 3.217692 -1098.830414 -333.662385
40.450000 1.986858 3.127854 -1097.123630 -334.170190
40.500000 2.015685 3.080231 -1096.302098 -322.278995
40.550000 1.993891 3.133167 -1092.394706 -326.740373
40.600000 2.005356 3.111932 -1101.026760 -330.969932
40.650000 2.002818 3.507828 -1072.065971 -302.983676
40.700000 1.994899 2.594026 -1138.193387 -372.152086
40.750000 2.013950 3.041156 -1104.270035 -330.913316
40.800000 1.961056 3.493760 -1072.705676 -319.660071
40.850000 2.006950 4.137476 -1036.953416 -266.284782
40.900000 2.007244 3.403082 -1088.543624 -317.762029
40.950000 1.988406 3.553883 -1073.846307 -310.298369
41.000000 2.003019 3.434454 -1080.287437 -311.128322
41.050000 2.003311 3.224800 -1091.572943 -322.301667
41.100000 2.000186 3.057379 -1103.589124 -335.517645
41.150000 1.993119 3.149134 -1099.915692 -334.558085
41.200000 2.010734 3.282914 -1088.028089 -315.906071
41.250000 2.030036 2.561905 -1127.211361 -347.677358
41.300000 1.985616 2.650959 -1118.120076 -355.643417
41.350000 2.013110 3.138691 -1091.087024 -318.052862
41.400000 1.998076 3.061645 -1101.460408 -334.199312
41.450000 1.987590 3.207203 -1096.436159 -333.201783
41.500000 2.012028 3.472735 -1076.560182 -303.941438
41.550000 2.023236 2.932516 -1104.973639 -328.051200
41.600000 1.995611 2.473755 -1132.208071 -365.893372
41.650000 1.994018 2.800874 -1110.455504 -344.752728
41.700000 1.996327 2.279163 -1147.265668 -380.676153
41.750000 2.003999 3.067308 -1090.238486 -320.702828
41.800000 1.980950 2.977260 -1101.354474 -340.669511
41.850000 2.011708 3.155896 -1091.644938 -319.149042
41.900000 2.004282 3.125795 -1096.980451 -327.336020
41.950000 1.994195 3.535854 -1069.170722 -303.399971
42.000000 2.008679 2.708764 -1126.957046 -355.624416
42.050000 1.976128 3.173792 -1094.193091 -335.359807
42.100000 2.018717 3.570025 -1070.724857 -295.537379
42.150000 1.991356 3.364894 -1078.759600 -314.078814
42.200000 1.992414 3.105414 -1096.469832 -331.382822
42.250000 2.018780 3.197743 -1088.992711 -313.781066
42.300000 2.005476 2.367575 -1146.227633 -376.124670
42.350000 1.994168 2.735383 -1118.911441 -353.151060
42.400000 1.998448 3.119523 -1104.524881 -337.120976
42.450000 2.005191 3.718724 -1069.879778 -299.886553
42.500000 1.997361 4.128420 -1046.983707 -279.996921
42.550000 2.010849 4.257829 -1040.404359 -268.238368
42.600000 1.994448 4.415508 -1024.040371 -258.172293
42.650000 2.018079 3.947400 -1055.635083 -280.692737
42.700000 2.004982 3.267151 -1101.434323 -331.521085
42.750000 2.001298 3.127422 -1109.115533 -340.617048
42.800000 2.007161 2.958884 -1117.842687 -347.092794
42.850000 1.990433 2.712067 -1130.914559 -366.588292
42.900000 1.992221 2.539559 -1145.949186 -380.936311
42.950000 1.999164 3.028178 -1105.094489 -337.415593
43.000000 1.998569 3.031876 -1093.745206 -326.294541
43.050000 1.991703 2.462479 -1131.744083 -366.930241
43.100000 1.986968 2.970389 -1102.761758 -339.766207
43.150000 2.014333 3.353482 -1082.447420 -308.943595
43.200000 2.013035 3.029285 -1106.149160 -333.143855
43.250000 1.988316 2.807838 -1123.954850 -360.441668
43.300000 1.972427 3.356651 -1089.213545 -331.801755
43.350000 2.012650 3.384858 -1088.837813 -315.980332
43.400000 2.015833 3.503430 -1075.732471 -301.652545
43.450000 1.999538 3.153724 -1094.408776 -326.586113
43.500000 1.993508 3.050663 -1102.565982 -337.058730
43.550000 2.007944 2.934470 -1116.569193 -345.518754
43.600000 1.993242 3.072904 -1108.412505 -343.007723
43.650000 2.010651 2.865397 -1121.858742 -349.768912
43.700000 2.003310 2.407060 -1148.616224 -379.345065
43.750000 2.001042 2.935740 -1113.651692 -345.251475
43.800000 1.996448 3.066528 -1109.997744 -343.361761
43.850000 1.985943 3.586289 -1072.872427 -310.270394
43.900000 2.002307 3.952300 -1043.875883 -274.990077
43.950000 2.017572 3.198050 -1088.627610 -313.880147
44.000000 1.997519 3.074804 -1087.477894 -320.430519
44.050000 2.008401 2.532444 -1124.589680 -353.363754
44.100000 2.010606 2.218976 -1140.701194 -368.628317
44.150000 1.983434 2.703839 -1107.370134 -345.731401
44.200000 2.010740 3.314816 -1081.840845 -309.716568
44.250000 1.988516 3.420829 -1081.767391 -318.177183
44.300000 2.018960 3.360743 -1093.239873 -317.959251
44.350000 2.003133 3.246948 -1107.411500 -338.208351
44.400000 2.002047 3.087083 -1121.506056 -352.719988
44.450000 1.989988 3.037849 -1118.534713 -354.379414
44.500000 2.012782 2.959600 -1114.465775 -341.557434
44.550000 1.995790 2.511982 -1137.883720 -371.500366
44.600000 1.979155 2.887615 -1108.290619 -348.295235
44.650000 2.013133 2.795062 -1124.175298 -351.132409
44.700000 1.979630 3.046641 -1109.388203 -349.210457
44.750000 2.007708 3.376893 -1087.875959 -316.915933
44.800000 2.007594 3.443210 -1078.632661 -307.716423
44.850000 2.002960 3.714353 -1052.758949 -283.622449
44.900000 2.014804 3.173329 -1096.781648 -323.096749
44.950000 2.002234 3.148558 -1097.441607 -328.583813
45.000000 2.002040 1.950732 -949.162186 -180.378780
45.050000 1.992988 2.022370 -941.552685 -176.245134
45.100000 2.001703 1.931656 -946.988028 -178.333966
45.150000 2.001184 1.914012 -951.046284 -182.591671
45.200000 2.000722 1.906438 -954.767312 -186.490235
45.250000 1.987569 2.219647 -928.899163 -165.672783
45.300000 2.000175 2.327401 -915.202638 -147.135455
45.350000 1.995593 2.140963 -930.075777 -163.768137
45.400000 2.013535 2.015450 -944.180157 -170.982829
45.450000 1.996158 1.565084 -984.157726 -217.632880
45.500000 2.005759 1.667884 -972.570286 -202.358844
45.550000 2.003066 1.747230 -961.531451 -192.354156
45.600000 2.012723 1.567516 -973.952046 -201.066438
45.650000 1.989486 1.634711 -969.320933 -205.358273
45.700000 1.995992 2.260339 -932.140337 -165.679508
45.750000 1.997436 2.452495 -916.868231 -149.852913
45.800000 2.017049 1.794952 -963.939929 -189.393151
45.850000 1.990612 1.454092 -983.759479 -219.364356
45.900000 2.001963 1.680716 -964.368777 -195.615132
45.950000 1.993213 1.889666 -955.973650 -190.579792
46.000000 2.026957 1.882296 -963.621991 -185.270342
46.050000 2.003385 1.936451 -955.329263 -186.029397
46.100000 1.993888 1.889080 -961.088547 -195.435516
46.150000 2.001335 2.018965 -955.375929 -186.863350
46.200000 1.998220 2.274180 -931.775513 -164.458983
46.250000 2.001483 1.679782 -978.043463 -209.473822
46.300000 1.993757 1.882605 -960.031958 -194.429310
46.350000 1.987178 1.790798 -974.327274 -211.250934
46.400000 2.001167 2.407707 -925.895339 -157.447320
46.450000 2.001370 2.202301 -943.221367 -174.695401
46.500000 2.019534 1.936415 -960.818040 -185.316849
46.550000 1.992503 1.740833 -967.339056 -202.217720
46.600000 1.985525 2.004581 -942.875816 -180.434122
46.650000 1.983478 1.919846 -948.475172 -186.819738
46.700000 1.994922 2.061710 -934.979439 -168.929276
46.750000 2.019918 1.817243 -951.889899 -176.241252
46.800000 1.991748 1.583684 -968.073889 -203.242765
46.850000 2.016879 1.577651 -977.264217 -202.782629
46.900000 2.011880 1.827328 -966.176322 -193.614423
46.950000 1.985295 2.332180 -929.155883 -166.802682
47.000000 2.020256 1.726764 -976.041505 -200.263032
47.050000 1.993943 1.977649 -943.923136 -178.249142
47.100000 1.999664 1.689875 -969.894320 -202.023437
47.150000 2.007012 1.741398 -966.430242 -195.737600
47.200000 2.015130 1.331248 -998.693201 -224.883285
47.250000 1.976684 1.636386 -971.104180 -212.057633
47.300000 2.010132 2.026518 -938.138282 -166.247597
47.350000 2.013606 1.849348 -946.479640 -173.254936
47.400000 1.985662 1.909197 -942.524914 -180.030879
47.450000 2.010520 1.951966 -939.841450 -167.801691
47.500000 1.984302 1.855671 -945.703308 -183.731396
47.550000 2.004558 1.761946 -961.197684 -191.447451
47.600000 2.000512 2.027611 -943.550244 -175.353714
47.650000 2.015538 2.055490 -941.574946 -167.608239
47.700000 1.998149 1.615185 -978.557784 -211.268655
47.750000 2.011471 1.565426 -987.233836 -214.828882
47.800000 2.004682 1.411765 -1003.043897 -233.246134
47.850000 1.994998 1.751305 -974.015631 -207.936327
47.900000 2.004162 1.669873 -985.867811 -216.269593
47.950000 1.985581 1.908344 -972.394018 -209.930862
48.000000 1.993259 2.269776 -944.869312 -179.457702
48.050000 2.020668 1.953597 -963.542002 -187.605552
48.100000 1.992522 1.949658 -953.872164 -188.743829
48.150000 1.998183 1.754596 -965.651636 -198.349387
48.200000 2.027820 1.753808 -960.237019 -181.553972
48.250000 1.990275 1.515654 -974.644426 -210.378965
48.300000 1.988225 1.792208 -952.430650 -188.952217
48.350000 2.000175 1.648661 -968.025874 -199.958753
48.400000 2.007229 1.916356 -944.100900 -173.324868
48.450000 1.986365 2.360889 -905.762804 -142.998608
48.500000 2.006701 1.639380 -973.856677 -203.283332
48.550000 1.998040 2.048681 -938.338838 -171.091439
48.600000 2.014559 1.862266 -950.333372 -176.742563
48.650000 1.979537 1.742658 -960.585793 -200.443573
48.700000 2.003665 2.454831 -903.665939 -134.258592
48.750000 2.009605 2.026012 -934.337058 -162.648679
48.800000 1.998753 1.783098 -953.957450 -186.436483
48.850000 1.992514 1.969262 -939.698353 -174.572847
48.900000 1.986764 2.194690 -925.887820 -162.970531
48.950000 1.993065 2.228097 -925.908077 -160.571299
49.000000 2.015851 2.302048 -921.547409 -147.460476
49.050000 2.009356 2.042734 -942.157685 -170.565002
49.100000 1.991663 1.773063 -959.655102 -194.856406
49.150000 1.994209 2.138525 -931.358179 -165.581784
49.200000 2.006850 1.712677 -972.260455 -201.630208
49.250000 2.019874 1.619789 -975.003667 -199.372018
49.300000 1.982449 1.767114 -955.561093 -194.300717
49.350000 1.984823 1.839154 -950.035030 -187.863171
49.400000 2.012947 1.847732 -947.853524 -174.881966
49.450000 2.011036 1.676327 -960.157184 -187.919219
49.500000 1.986342 1.570829 -967.012356 -204.256883
49.550000 2.009750 1.783579 -951.401510 -179.657542
49.600000 2.007251 1.421862 -988.099631 -217.315396
49.650000 2.003584 1.853292 -953.667317 -184.291178
49.700000 1.985264 1.709036 -967.170671 -204.829111
49.750000 2.000959 1.780236 -955.088215 -186.719868
49.800000 2.009427 1.301695 -986.869943 -215.249893
49.850000 1.990131 1.473618 -969.170747 -204.960290
49.900000 1.995339 1.706155 -953.310490 -187.100428
49.950000 2.014094 1.704669 -964.082358 -190.670309
50.000000 1.984820 2.038984 -941.937978 -179.767132
50.050000 1.987696 2.165970 -933.880097 -170.604968
50.100000 2.015800 1.843393 -958.520319 -184.453259
50.150000 2.004794 1.488370 -980.752181 -210.911326
50.200000 2.019660 1.804263 -953.523435 -177.973892
50.250000 1.995102 1.800775 -951.302821 -185.183788
50.300000 1.990952 1.427477 -986.447336 -221.921761
50.350000 2.005231 1.954416 -942.837989 -172.829109
50.400000 1.996906 2.088481 -929.577241 -162.765188
50.450000 2.000196 2.034323 -935.720345 -167.645137
50.500000 2.019246 1.846934 -949.066879 -173.676334
50.550000 1.978949 1.360483 -984.216407 -224.299860
50.600000 1.983064 1.672859 -962.430167 -200.933753
50.650000 2.000047 2.185645 -916.663145 -148.645267
50.700000 1.997934 1.645808 -957.688439 -190.481800
50.750000 1.998604 1.839968 -944.847222 -177.383229
50.800000 1.993312 1.806359 -954.445048 -189.013335
50.850000 2.012950 1.975193 -942.325860 -169.353186
50.900000 1.999694 1.856169 -948.537344 -180.654762
50.950000 2.001125 1.736239 -964.282724 -195.850616
51.000000 2.000553 1.964152 -948.797262 -180.584871
51.050000 1.994911 1.908512 -947.496418 -181.450712
51.100000 2.001788 1.613913 -970.458229 -201.771513
51.150000 1.995660 1.426811 -986.152198 -219.818851
51.200000 2.006720 1.888165 -948.983749 -178.403459
51.250000 1.994093 1.963177 -949.186829 -183.455016
51.300000 2.002462 1.673555 -977.802273 -208.857002
51.350000 1.991098 2.169255 -936.304409 -171.722602
51.400000 2.007536 2.275012 -926.220879 -155.326990
51.450000 1.997877 1.866495 -954.270011 -187.085274
51.500000 1.995371 2.078684 -937.960615 -171.738252
51.550000 1.997820 2.030175 -944.575570 -177.412604
51.600000 1.997636 2.006787 -945.205540 -178.113255
51.650000 2.004444 1.655525 -965.573100 -195.866427
51.700000 1.988278 1.817203 -943.230242 -179.731537
51.750000 2.006056 1.801909 -947.872239 -177.546838
51.800000 1.984088 2.118523 -924.837901 -162.948290
51.850000 2.007085 1.799503 -952.094141 -181.373635
51.900000 2.020719 1.373492 -979.809213 -203.853082
51.950000 1.985345 1.218341 -985.742890 -223.370328
52.000000 1.991374 2.081622 -916.086944 -151.399382
52.050000 1.993304 1.791752 -945.367947 -179.939394
52.100000 2.017090 1.481135 -969.179833 -194.617440
52.150000 2.003403 1.170972 -994.853900 -225.547328
52.200000 1.987895 1.749715 -954.452949 -191.101354
52.250000 2.007644 1.491655 -986.541870 -215.606469
52.300000 1.976838 1.687807 -973.537303 -214.431421
52.350000 2.010648 1.668066 -971.583177 -199.494355
52.400000 2.004371 1.537921 -977.600136 -207.921642
52.450000 2.004609 1.544871 -978.804232 -209.034328
52.500000 2.000025 1.353755 -782.001282 -13.991771
52.550000 2.002600 1.154764 -795.877170 -26.878881
52.600000 2.002321 0.884681 -821.743641 -52.852203
52.650000 1.987704 1.150084 -796.608312 -33.329999
52.700000 2.004407 1.326209 -782.360284 -12.668168
52.750000 2.006670 1.517658 -768.412209 2.149061
52.800000 2.004721 1.576099 -761.322657 8.490348
52.850000 1.992231 1.143165 -801.457718 -36.440941
52.900000 1.992577 1.205197 -795.599075 -30.449672
52.950000 1.999298 1.293937 -784.234998 -16.504397
53.000000 2.008667 0.858491 -820.311378 -48.983247
53.050000 1.995899 0.805872 -817.002397 -50.577354
53.100000 2.003738 0.978155 -803.206935 -33.771704
53.150000 1.991650 1.139190 -794.555629 -29.762079
53.200000 2.007194 1.167401 -794.176412 -23.413847
53.250000 1.993149 1.156716 -791.262504 -25.893114
53.300000 2.015363 1.170655 -787.036438 -13.137098
53.350000 1.995381 0.920002 -812.256218 -46.029779
53.400000 1.998120 1.149374 -786.841595 -19.563560
53.450000 2.000420 0.780548 -821.578611 -53.417306
53.500000 2.000409 1.093264 -790.171077 -22.014021
53.550000 2.004321 0.692797 -833.023501 -63.364384
53.600000 1.989340 0.965357 -806.538462 -42.631853
53.650000 1.997688 1.301700 -774.930856 -7.818625
53.700000 2.004390 1.152495 -789.400911 -19.714961
53.750000 2.004901 0.844460 -819.242407 -49.360405
53.800000 1.995973 1.237268 -783.170220 -16.716623
53.850000 2.005516 1.214985 -793.506234 -23.388070
53.900000 2.003039 1.244394 -797.366589 -28.199628
53.950000 2.000742 1.533985 -772.217553 -3.932803
54.000000 1.987553 1.142780 -813.575991 -50.355504
54.050000 2.006814 1.226459 -795.934514 -25.317879
54.100000 2.000826 0.768677 -828.675753 -60.358659
54.150000 1.993752 0.789233 -821.204892 -55.604291
54.200000 1.994357 0.983051 -808.158874 -42.325835
54.250000 2.001738 0.946433 -820.583962 -51.916654
54.300000 2.008054 1.179915 -807.463539 -36.370931
54.350000 1.989760 1.276208 -798.460552 -34.392596
54.400000 2.001617 1.273493 -796.945694 -28.324856
54.450000 2.004872 1.286826 -790.829001 -20.958009
54.500000 2.002069 0.866232 -831.613313 -62.818711
54.550000 1.995704 1.196140 -794.120113 -27.769744
54.600000 2.002616 0.954557 -814.869892 -45.865479
54.650000 2.000614 0.889621 -818.225009 -49.989379
54.700000 2.005749 0.875680 -818.927677 -48.719924
54.750000 2.003119 1.019443 -805.328388 -36.130844
54.800000 1.992468 1.117488 -793.852057 -28.744489
54.850000 1.994293 1.277896 -771.860496 -6.051998
54.900000 2.002165 1.028037 -792.152713 -23.321220
54.950000 1.990743 1.043409 -791.103865 -26.658694
55.000000 2.018138 1.138805 -784.084599 -9.119778
55.050000 2.004794 1.057488 -788.406144 -18.565070
55.100000 1.992052 0.899071 -803.530176 -38.582291
55.150000 1.998295 0.986241 -799.078008 -31.732544
55.200000 1.993695 1.240297 -781.008428 -15.429464
55.250000 1.999738 1.022083 -806.645423 -38.746033
55.300000 1.999864 0.770529 -828.627073 -60.679166
55.350000 2.015385 0.780995 -827.119778 -53.212083
55.400000 1.983609 0.897415 -821.991809 -60.285944
55.450000 2.015030 1.209954 -799.812788 -26.041151
55.500000 2.005684 0.825974 -832.465901 -62.283366
55.550000 1.990723 0.791328 -829.124921 -64.687406
55.600000 1.996197 0.862292 -823.662354 -57.122848
55.650000 2.012223 0.980094 -816.350184 -43.656697
55.700000 1.999730 1.059152 -817.226051 -49.329851
55.750000 1.998301 1.483336 -780.428371 -13.080705
55.800000 2.009529 1.245299 -807.348637 -35.689574
55.850000 1.991543 1.104938 -822.882394 -58.130008
55.900000 2.010390 1.435045 -789.366232 -17.376600
55.950000 2.000888 1.147440 -812.559868 -44.218838
56.000000 2.000124 0.859677 -834.555974 -66.508315
56.050000 1.992814 1.063852 -812.505669 -47.264914
56.100000 1.993938 1.142279 -809.062735 -43.390651
56.150000 1.998406 1.082030 -817.042082 -49.654221
56.200000 2.004205 1.263332 -793.527473 -23.912592
56.250000 2.004883 1.194373 -790.924706 -21.049810
56.300000 2.007516 0.897291 -811.430196 -40.544062
56.350000 1.992920 0.918809 -806.974738 -41.693534
56.400000 1.992650 1.007261 -804.077542 -38.899940
56.450000 1.990743 1.138985 -798.536861 -34.091499
56.500000 2.014488 1.119594 -807.334124 -33.770844
56.550000 1.993200 1.217039 -803.824994 -38.436138
56.600000 2.021078 1.525174 -779.927965 -3.834145
56.650000 2.005083 1.254249 -805.847999 -35.896045
56.700000 2.004921 1.201501 -801.069861 -31.180275
56.750000 2.017761 0.949091 -817.688839 -42.868573
56.800000 1.999191 0.752344 -832.311090 -64.621663
56.850000 1.983476 1.007242 -816.478836 -54.823971
56.900000 2.001429 1.465336 -781.269707 -12.721003
56.950000 2.010280 1.121421 -814.748666 -42.800999
57.000000 2.015939 1.054300 -819.772927 -45.652268
57.050000 2.014017 0.781817 -841.553505 -68.170815
57.100000 1.986052 0.885559 -824.212609 -61.568747
57.150000 2.007231 0.998615 -818.277675 -47.500975
57.200000 1.990832 0.945305 -833.294548 -68.814989
57.250000 2.001099 1.396981 -800.344321 -31.922267
57.300000 2.008963 1.056015 -837.252142 -65.810211
57.350000 1.983861 1.188054 -818.565523 -56.762757
57.400000 2.009610 1.275817 -804.354197 -32.663841
57.450000 1.992668 1.252632 -792.304521 -27.119881
57.500000 2.000143 1.005802 -810.082241 -42.027397
57.550000 2.000560 1.120659 -790.514309 -22.299458
57.600000 1.991473 1.059659 -789.551955 -24.826309
57.650000 2.003712 0.720530 -821.280331 -51.854870
57.700000 1.993433 0.813877 -812.735484 -47.257035
57.750000 2.001598 0.965704 -800.340081 -31.726413
57.800000 2.004998 1.082343 -795.196086 -25.277016
57.850000 2.000140 1.067930 -800.882979 -32.829032
57.900000 2.017572 0.839300 -826.421085 -51.673436
57.950000 1.982992 1.071548 -808.554944 -47.086099
58.000000 1.998796 1.386875 -793.528593 -25.991015
58.050000 2.005139 1.416033 -794.014003 -24.040564
58.100000 2.006995 1.266066 -797.212715 -26.526540
58.150000 1.999455 0.979825 -811.867940 -44.077136
58.200000 1.994486 1.044783 -798.872894 -32.990318
58.250000 1.994923 0.997174 -807.432216 -41.381799
58.300000 1.998452 1.452427 -766.031269 1.374458
58.350000 2.004440 0.989471 -806.891014 -37.186195
58.400000 2.012859 0.969443 -798.439640 -25.501613
58.450000 1.993871 1.054139 -789.276746 -23.630430
58.500000 1.989646 1.268790 -768.164489 -4.140301
58.550000 1.996051 1.010165 -790.041003 -23.557310
58.600000 1.996710 0.981026 -789.294584 -22.557984
58.650000 2.004139 0.769944 -811.137423 -41.548106
58.700000 1.989634 0.881590 -805.407359 -41.387828
58.750000 1.997703 1.000674 -799.518372 -32.400524
58.800000 2.011818 0.878900 -809.368601 -36.830557
58.850000 2.011493 0.823985 -809.994363 -37.581210
58.900000 1.984390 1.112379 -781.704981 -19.699309
58.950000 2.009543 0.965547 -797.155477 -25.491144
59.000000 2.001549 0.880970 -808.578752 -39.983902
59.050000 1.962564 1.462605 -754.636508 -1.011927
59.100000 2.021786 1.274577 -784.869154 -8.503217
59.150000 1.989403 1.156061 -798.752075 -34.821137
59.200000 1.984665 1.322105 -789.429804 -27.318574
59.250000 2.000761 1.294205 -796.120036 -27.827746
59.300000 2.009730 1.432253 -780.659483 -8.923263
59.350000 2.008381 1.175337 -803.530984 -32.312554
59.400000 1.994944 0.987255 -820.468262 -54.409935
59.450000 2.013164 1.137741 -798.625685 -25.570856
59.500000 2.010247 0.985797 -807.835893 -35.901070
59.550000 2.003861 0.880410 -824.730229 -55.247479
59.600000 2.000937 1.097702 -811.470627 -43.110629
59.650000 1.993683 1.170166 -809.439369 -43.865175
59.700000 1.996008 1.261896 -804.829328 -38.362324
59.750000 1.991263 1.400475 -790.011873 -25.366965
59.800000 2.012206 1.362560 -787.023652 -14.336481
59.850000 1.997061 0.841186 -837.233892 -70.362355
59.900000 2.000014 1.216521 -797.936875 -29.931632
59.950000 2.008401 1.121323 -801.969571 -30.743480
60.000000 2.000015 0.788763 -639.528678 128.477038
60.050000 1.995872 0.671622 -653.758048 112.656769
60.100000 1.993852 0.892141 -628.634679 137.004360
60.150000 2.010385 0.712522 -655.910509 116.077297
60.200000 1.992170 0.843599 -639.486072 125.507365
60.250000 2.006009 0.864368 -636.888819 133.418532
60.300000 1.996085 0.747877 -652.995451 113.501147
60.350000 1.990749 0.842900 -646.908948 117.538526
60.400000 2.007783 0.986686 -635.715029 135.273731
60.450000 2.007650 1.003009 -632.387812 138.549852
60.500000 1.993740 0.774354 -661.613511 103.982702
60.550000 2.007870 0.781203 -651.817686 119.204381
60.600000 1.996558 0.433515 -682.261907 84.416491
60.650000 2.003471 0.459087 -676.146970 93.186079
60.700000 1.995718 0.572978 -663.084782 103.270984
60.750000 1.994035 0.655065 -662.005925 103.703468
60.800000 1.997053 0.783173 -653.849742 113.018623
60.850000 1.993686 0.729980 -661.606031 103.969546
60.900000 1.996115 0.596462 -674.868281 91.640024
60.950000 1.993001 0.675299 -659.578233 105.734093
61.000000 2.006075 0.514362 -675.874525 94.458265
61.050000 1.994598 0.612580 -659.240985 106.684540
61.100000 2.003477 0.611716 -660.117962 109.217137
61.150000 1.992017 0.817763 -634.096027 130.838576
61.200000 2.007161 0.795491 -638.410213 132.339471
61.250000 2.001239 0.791464 -633.637581 134.838132
61.300000 1.995033 0.850464 -623.104158 142.988562
61.350000 2.017970 0.595265 -656.163495 118.737019
61.400000 2.001223 0.612019 -654.317697 114.152112
61.450000 1.992398 0.736796 -643.622190 121.458532
61.500000 1.991362 0.940485 -619.569525 145.113421
61.550000 2.006251 0.950862 -613.323187 157.077357
61.600000 1.999778 0.576793 -650.975355 116.939330
61.650000 2.000664 0.628141 -639.733421 128.521384
61.700000 2.005603 0.535736 -650.115350 120.036142
61.750000 2.009236 0.359302 -675.066566 96.480104
61.800000 2.004553 0.342724 -688.357380 81.391063
61.850000 1.997957 0.652855 -667.639144 99.576328
61.900000 2.004227 0.793390 -665.171723 104.451477
61.950000 1.984439 1.032704 -648.658653 113.365944
62.000000 2.021888 1.270358 -632.449380 143.955714
62.050000 1.993031 1.233809 -632.739825 132.583945
62.100000 1.993148 0.783740 -677.834385 87.534591
62.150000 2.001392 0.732905 -667.020401 101.514013
62.200000 1.995023 0.403182 -701.836359 64.252507
62.250000 1.989702 0.684353 -669.349114 94.696449
62.300000 2.001556 0.874359 -647.557659 121.039891
62.350000 1.997113 0.847953 -644.998549 121.892911
62.400000 2.008918 0.755293 -643.346716 128.077923
62.450000 2.006060 0.547733 -660.220982 110.106236
62.500000 1.998231 0.640833 -646.229367 121.091342
62.550000 1.994335 0.640340 -646.188344 119.636207
62.600000 1.988794 0.661213 -642.588698 121.108288
62.650000 2.017667 0.529137 -659.862733 114.921505
62.700000 2.002671 0.617687 -654.140407 114.885445
62.750000 2.002927 0.628369 -661.118496 108.005592
62.800000 2.008393 0.565275 -671.653595 99.569467
62.850000 2.004621 0.733154 -650.023481 119.750936
62.900000 1.995615 0.666366 -657.638538 108.677479
62.950000 1.997563 0.666070 -653.830742 113.233544
63.000000 2.015016 0.499862 -670.629988 103.136313
63.050000 1.990211 0.672948 -650.147713 114.093207
63.100000 2.003232 0.829571 -640.269007 128.972212
63.150000 2.000739 0.831206 -647.534149 120.749549
63.200000 2.014534 0.865851 -642.869245 130.711895
63.250000 2.007963 0.687301 -658.182701 112.874933
63.300000 1.992082 0.824345 -645.253724 119.705949
63.350000 2.015733 0.929823 -638.580325 135.461127
63.400000 1.983153 0.704207 -663.404405 98.126347
63.450000 1.999699 0.818091 -644.264750 123.619627
63.500000 2.002317 0.869607 -630.410208 138.479593
63.550000 1.989742 0.638586 -653.351461 110.709386
63.600000 1.998504 0.818871 -627.565106 139.860272
63.650000 2.003400 0.921080 -617.338182 151.967501
63.700000 2.003357 0.674215 -653.791946 115.497244
63.750000 1.995644 0.915363 -627.958015 138.369091
63.800000 2.004610 0.798867 -649.590715 120.179617
63.850000 1.997154 0.958759 -631.356811 135.550152
63.900000 2.001688 1.058672 -617.918340 150.729817
63.950000 2.014022 0.730098 -649.790176 123.594141
64.000000 1.998250 0.587154 -661.617826 105.710111
64.050000 1.992670 0.797572 -638.380259 126.805081
64.100000 2.014883 0.782571 -643.347403 130.367478
64.150000 2.007395 0.617603 -660.582082 110.257672
64.200000 1.994541 0.604352 -661.585839 104.317775
64.250000 2.003742 0.558545 -665.046833 104.390098
64.300000 1.997257 0.637894 -646.596123 120.350628
64.350000 1.997338 0.509473 -660.534642 106.443057
64.400000 1.990048 0.756421 -628.704390 135.474152
64.450000 1.986427 0.585657 -658.660192 104.127946
64.500000 1.998930 1.020760 -612.524673 155.064403
64.550000 2.018691 0.736122 -649.832740 125.344678
64.600000 1.996153 0.726315 -651.367796 115.155012
64.650000 2.010397 0.800998 -646.072877 125.919719
64.700000 1.998239 0.823627 -641.455225 125.868514
64.750000 1.997285 0.722906 -650.190149 116.767305
64.800000 2.006592 0.593924 -657.803143 112.728230
64.850000 2.002579 0.474806 -663.757219 105.233117
64.900000 1.998461 0.601418 -646.184297 121.224716
64.950000 2.004495 0.718508 -634.902400 134.823512
65.000000 1.999578 0.551144 -660.698237 107.139568
65.050000 2.001501 0.690640 -653.272898 115.303430
65.100000 1.995278 0.974379 -620.587353 145.599258
65.150000 1.998257 0.703046 -646.828664 120.502054
65.200000 1.999385 0.621743 -645.127569 122.636323
65.250000 1.999268 0.390151 -668.211338 99.507757
65.300000 1.996327 0.605852 -641.216966 125.372716
65.350000 1.999433 0.622771 -646.830785 120.951543
65.400000 2.003358 0.603762 -653.568719 115.720862
65.450000 1.986324 0.954981 -613.861528 148.886922
65.500000 2.019161 0.780053 -633.104199 142.253713
65.550000 2.003510 0.426102 -661.182937 108.164840
65.600000 1.997739 0.320767 -666.160481 100.971323
65.650000 1.990411 0.555415 -642.179114 122.138901
65.700000 1.998032 0.880985 -609.154557 158.089899
65.750000 2.007115 0.624832 -645.015898 125.716442
65.800000 1.999903 0.678561 -642.436175 125.526620
65.850000 2.012636 0.800068 -630.622826 142.229543
65.900000 2.003646 0.683252 -642.151027 127.249032
65.950000 2.010665 0.625616 -638.092308 134.002936
66.000000 1.989465 0.612903 -630.128368 133.826287
66.050000 1.995264 0.545583 -635.442249 130.739261
66.100000 2.002315 0.470022 -645.797778 123.091230
66.150000 2.000859 0.542493 -640.938232 127.391723
66.200000 1.993570 0.666784 -634.909219 130.621654
66.250000 2.001830 0.797038 -627.115536 141.587250
66.300000 2.000221 0.692230 -640.110333 127.974585
66.350000 2.010439 0.849118 -625.775200 146.233199
66.400000 2.013903 1.025698 -606.768102 166.570482
66.450000 2.000650 0.660596 -650.994736 117.255055
66.500000 1.989588 0.716378 -644.863347 119.138529
66.550000 1.989555 0.831864 -637.250291 126.738960
66.600000 2.010932 0.740660 -647.507124 124.690626
66.650000 1.999190 0.598275 -657.062098 110.626869
66.700000 2.001812 0.544361 -657.797022 110.898629
66.750000 1.994864 0.457450 -665.364106 100.663606
66.800000 1.996669 0.601289 -652.930872 113.789932
66.850000 1.998813 0.683513 -648.351215 119.193017
66.900000 1.994659 0.748263 -643.583329 122.365640
66.950000 1.983965 0.786473 -638.911051 122.931408
67.000000 2.004913 0.884599 -621.113254 148.773521
67.050000 1.998908 0.504170 -667.787049 99.793705
67.100000 1.996079 0.634013 -655.533444 110.961008
67.150000 2.018011 0.797635 -640.500417 134.415989
67.200000 2.012783 0.630204 -659.168571 113.740262
67.250000 1.984904 0.609335 -659.054692 103.148576
67.300000 1.993905 0.766972 -641.141495 124.517869
67.350000 2.012961 0.775397 -636.496609 136.480284
67.400000 1.983426 0.602761 -654.999245 106.636394
67.450000 2.007815 0.794547 -629.580677 141.420468
