# t Temp Pres Epot Etot
0.000000 2.023873 28.974298 -1398.894283 -621.726872
0.050000 1.973079 28.490707 -1421.528736 -663.866454
0.100000 2.022740 29.039411 -1396.420743 -619.688410
0.150000 1.988625 29.495411 -1375.440275 -611.808419
0.200000 2.003469 28.739105 -1413.064745 -643.732720
0.250000 1.977051 27.996842 -1442.042680 -682.854969
0.300000 2.003542 29.782062 -1361.720208 -592.360120
0.350000 1.999579 28.957470 -1400.037052 -632.198903
0.400000 2.012537 28.750692 -1409.241658 -636.427278
0.450000 2.029470 29.130806 -1392.865419 -613.548786
0.500000 1.978201 27.398803 -1474.686245 -715.056912
0.550000 2.023224 27.387453 -1472.803076 -695.885014
0.600000 1.982486 29.667717 -1368.648622 -607.374158
0.650000 2.040526 29.435383 -1380.368349 -596.806236
0.700000 2.008410 27.618953 -1462.547826 -691.318358
0.750000 1.959866 28.545380 -1416.400092 -663.811467
0.800000 2.018120 30.154448 -1349.083348 -574.125093
0.850000 2.020001 28.894317 -1405.543510 -629.863166
0.900000 2.000772 30.375778 -1334.130475 -565.834196
0.950000 2.010352 28.077978 -1438.842031 -666.866999
1.000000 2.010899 27.967240 -1447.592200 -675.406897
1.050000 2.024703 28.367341 -1429.672026 -652.186027
1.100000 1.975139 29.490823 -1374.677436 -616.224152
1.150000 2.029294 28.743330 -1412.874485 -633.625757
1.200000 2.002687 28.280072 -1431.733408 -662.701650
1.250000 2.005306 28.996941 -1398.070091 -628.032678
1.300000 1.986122 29.406680 -1376.334040 -613.663216
1.350000 2.044655 27.163940 -1485.605400 -700.457883
1.400000 1.949653 28.433579 -1421.530656 -672.863923
1.450000 1.990410 29.552990 -1373.081357 -608.763861
1.500000 2.054037 29.450298 -1381.790611 -593.040214
1.550000 1.967128 30.485330 -1327.578139 -572.200818
1.600000 1.989946 28.854502 -1408.043194 -643.903950
1.650000 2.004182 28.911826 -1403.277567 -633.671857
1.700000 2.018737 28.376414 -1431.595030 -656.399940
1.750000 2.005890 27.671827 -1460.056843 -689.795139
1.800000 2.030262 29.041308 -1398.007922 -618.387389
1.850000 1.982790 28.943735 -1400.826576 -639.435393
1.900000 2.003437 29.293327 -1386.929724 -617.609776
1.950000 2.037590 28.315688 -1428.898873 -646.464373
2.000000 1.975103 28.398982 -1425.023695 -666.584151
2.050000 1.965306 29.685283 -1365.166080 -610.488533
2.100000 2.017187 29.927952 -1356.252120 -581.652168
2.150000 2.015102 28.313334 -1429.264369 -655.465031
2.200000 1.972810 27.867130 -1446.788254 -689.229101
2.250000 2.015326 29.067082 -1394.699358 -620.814245
2.300000 1.978400 29.125390 -1391.187971 -631.482256
2.350000 2.014233 28.247736 -1430.258326 -656.792731
2.400000 2.020824 29.751557 -1366.454479 -590.458021
2.450000 1.990732 28.272101 -1428.261153 -663.820172
2.500000 1.972285 27.233519 -1477.144692 -719.787061
2.550000 2.000680 30.143857 -1345.669033 -577.407979
2.600000 2.012922 29.918899 -1361.561513 -588.599482
2.650000 1.989236 29.045718 -1397.317438 -633.450970
2.700000 2.054994 29.659771 -1370.610301 -581.492650
2.750000 1.996667 28.348968 -1431.054677 -664.334633
2.800000 1.970996 29.064210 -1393.515890 -636.653430
2.850000 2.033635 28.940725 -1401.794868 -620.879160
2.900000 2.025419 28.475315 -1421.462857 -643.701885
2.950000 1.998817 27.639347 -1460.651840 -693.106270
3.000000 1.976214 29.081036 -1393.246348 -634.380287
3.050000 2.014511 28.826970 -1406.204623 -632.632413
3.100000 2.002010 27.790991 -1451.833837 -683.062139
3.150000 1.974815 31.097322 -1302.096337 -543.767473
3.200000 1.982643 30.209432 -1342.897316 -581.562349
3.250000 2.041997 27.810392 -1457.863218 -673.736220
3.300000 1.975432 27.784142 -1453.116951 -694.551194
3.350000 1.988839 29.071277 -1395.386853 -631.672552
3.400000 2.009613 29.516655 -1372.574391 -600.882941
3.450000 2.000263 28.765238 -1413.014865 -644.913996
3.500000 1.971848 28.818691 -1404.986745 -647.797249
3.550000 1.974578 29.918755 -1358.086241 -599.848453
3.600000 2.056915 28.470473 -1425.810796 -635.955546
3.650000 2.016944 28.784230 -1408.061320 -633.554680
3.700000 1.989681 27.106448 -1484.934364 -720.896695
3.750000 2.044059 29.324600 -1386.808545 -601.889972
3.800000 1.963739 29.606285 -1372.055950 -617.980067
3.850000 1.981157 29.097058 -1396.457644 -635.693394
3.900000 2.043773 29.421735 -1381.463489 -596.654589
3.950000 1.974298 27.900451 -1448.646781 -690.516184
4.000000 1.976935 28.620288 -1414.730487 -655.587477
4.050000 1.992359 28.009658 -1443.149279 -678.083473
4.100000 1.977217 29.041124 -1396.666663 -637.415436
4.150000 2.004220 29.784326 -1363.875967 -594.255380
4.200000 1.972475 29.112245 -1390.791116 -633.360686
4.250000 1.986653 27.821315 -1451.422901 -688.548277
4.300000 1.997124 28.690470 -1413.485467 -646.589844
4.350000 1.994552 28.265621 -1427.716980 -661.808994
4.400000 1.992673 29.203583 -1390.851292 -625.664850
4.450000 1.990039 29.772026 -1361.398622 -597.223683
4.500000 2.032855 28.812876 -1410.232025 -629.615844
4.550000 1.986117 28.151517 -1433.443353 -670.774464
4.600000 1.942114 29.276480 -1383.289829 -637.518096
4.650000 2.024647 28.896346 -1404.497784 -627.033236
4.700000 1.956475 27.899776 -1445.469059 -694.182673
4.750000 2.026890 28.793257 -1407.295513 -628.969661
4.800000 2.005977 28.530923 -1420.206851 -649.911814
4.850000 1.982382 28.647783 -1415.131248 -653.896489
4.900000 2.040370 29.923152 -1358.891891 -575.389726
4.950000 1.991732 29.404331 -1383.401836 -618.576932
5.000000 1.975067 27.707189 -1455.363388 -696.937567
5.050000 2.021318 29.385906 -1384.028256 -607.842200
5.100000 2.030486 28.670294 -1414.530555 -634.824051
5.150000 1.981121 28.566141 -1417.461678 -656.711039
5.200000 1.999761 28.890656 -1405.438941 -637.530800
5.250000 1.979478 28.676682 -1412.664774 -652.545272
5.300000 1.992744 30.175024 -1346.615307 -581.401481
5.350000 2.040328 28.816139 -1410.090571 -626.604431
5.400000 2.007966 27.626223 -1459.551976 -688.492909
5.450000 1.943488 29.091708 -1388.074423 -641.774874
5.500000 1.979162 28.867057 -1403.268729 -643.270477
5.550000 2.020359 28.746731 -1408.912056 -633.094014
5.600000 1.989996 29.394560 -1382.583004 -618.424437
5.650000 1.981938 28.309792 -1429.791289 -668.727183
5.700000 1.994281 28.927273 -1402.235948 -636.431856
5.750000 2.008695 29.173645 -1390.250447 -618.911581
5.800000 1.985910 29.561223 -1376.390022 -613.800485
5.850000 2.003282 29.166211 -1393.548731 -624.288443
5.900000 2.002292 27.891930 -1450.815951 -681.935667
5.950000 1.914158 29.647170 -1365.626507 -630.589664
6.000000 2.013601 28.457959 -1423.277129 -650.054407
6.050000 2.025629 28.216787 -1436.830123 -658.988768
6.100000 1.979358 28.355655 -1427.267312 -667.193845
6.150000 1.966183 29.827909 -1361.360545 -606.346120
6.200000 1.986142 28.124195 -1439.575330 -676.896984
6.250000 2.000838 29.156372 -1394.344109 -626.022491
6.300000 1.997979 29.783196 -1360.396455 -593.172505
6.350000 1.988602 27.371810 -1468.999477 -705.376191
6.400000 2.007211 29.066706 -1398.311549 -627.542403
6.450000 1.984527 28.696211 -1411.130305 -649.071934
6.500000 2.012530 28.282975 -1430.201626 -657.390235
6.550000 1.980158 28.841390 -1406.279284 -645.898639
6.600000 1.985919 30.516996 -1331.891440 -569.298542
6.650000 2.019544 30.282462 -1337.646291 -562.141583
6.700000 2.027797 28.031798 -1443.562336 -664.888098
6.750000 2.004814 28.279257 -1431.892723 -662.043993
6.800000 1.996566 29.545801 -1374.988786 -608.307622
6.850000 1.987462 29.612580 -1374.368001 -611.182436
6.900000 2.012814 29.067419 -1396.378363 -623.457721
6.950000 2.038460 27.840519 -1452.425190 -669.656490
7.000000 1.960120 28.720059 -1412.497225 -659.811139
7.050000 2.016358 30.185823 -1347.284126 -573.002562
7.100000 2.017638 28.404022 -1429.595513 -654.822334
7.150000 2.018356 27.622120 -1459.691268 -684.642431
7.200000 2.004464 28.846742 -1406.648914 -636.934662
7.250000 1.999574 28.019415 -1445.280554 -677.444232
7.300000 2.027921 28.683269 -1416.978412 -638.256780
7.350000 1.965849 30.688711 -1320.920678 -566.034505
7.400000 2.013868 30.437278 -1336.066506 -562.741225
7.450000 1.995595 28.404540 -1428.060263 -661.751843
7.500000 2.020154 18.128288 -1500.168632 -724.429431
7.550000 1.964534 17.721387 -1519.156903 -764.775963
7.600000 2.032682 17.864563 -1514.841823 -734.291944
7.650000 2.013597 16.895415 -1558.503338 -785.282176
7.700000 1.982445 16.828141 -1557.415143 -796.156133
7.750000 1.983178 16.049073 -1600.867302 -839.327028
7.800000 1.987119 18.870301 -1465.918971 -702.865170
7.850000 2.002655 17.230591 -1543.738555 -774.718845
7.900000 1.998029 17.128989 -1546.524644 -779.281630
7.950000 1.991456 18.435087 -1481.355893 -716.636708
8.000000 2.035253 18.008996 -1504.664256 -723.127068
8.050000 1.990541 18.756709 -1469.823390 -705.455782
8.100000 1.987394 17.819032 -1514.284834 -751.125559
8.150000 2.008885 17.592185 -1526.929417 -755.517605
8.200000 2.020592 17.287568 -1542.193515 -766.286026
8.250000 2.013307 17.386227 -1536.532753 -763.422873
8.300000 2.009088 17.147835 -1544.794780 -773.304797
8.350000 1.995832 17.370323 -1534.990636 -768.590983
8.400000 1.999924 18.627237 -1479.147903 -711.177212
8.450000 2.007849 18.002598 -1503.901034 -732.887180
8.500000 2.000941 17.436876 -1535.581698 -767.220359
8.550000 2.004755 17.300886 -1539.299931 -769.474063
8.600000 2.000603 17.572493 -1525.896069 -757.664541
8.650000 1.976052 17.909556 -1507.286732 -748.482665
8.700000 2.020906 18.006192 -1503.093659 -727.065758
8.750000 1.969424 17.814373 -1518.027564 -761.768771
8.800000 2.010029 17.867046 -1519.358849 -747.507543
8.850000 2.016255 16.654709 -1574.532504 -800.290531
8.900000 1.998735 17.377228 -1538.576889 -771.062540
8.950000 2.004315 19.217369 -1447.892852 -678.235948
9.000000 1.997008 17.658627 -1524.202725 -757.351470
9.050000 1.977203 17.217390 -1539.213873 -779.968039
9.100000 1.983954 17.067565 -1546.483432 -784.645263
9.150000 1.988105 17.213583 -1542.733544 -779.301043
9.200000 1.979087 18.178098 -1499.196623 -739.227203
9.250000 2.009275 17.435676 -1534.412502 -762.850782
9.300000 1.974715 18.474394 -1485.382288 -727.091581
9.350000 2.015130 17.027875 -1555.538747 -781.728819
9.400000 1.998492 16.578314 -1573.771035 -806.350007
9.450000 1.969822 16.807223 -1560.542948 -804.131446
9.500000 1.982980 18.319074 -1492.611024 -731.146573
9.550000 1.991996 18.180950 -1499.360823 -734.434436
9.600000 2.003390 18.095311 -1505.738620 -736.436718
9.650000 1.973652 19.410198 -1439.239258 -681.357009
9.700000 2.031630 17.989295 -1508.702506 -728.556652
9.750000 2.001662 15.981665 -1602.032985 -833.394859
9.800000 2.019130 16.836996 -1560.852738 -785.506992
9.850000 1.992614 18.441349 -1484.239795 -719.075833
9.900000 1.998369 17.765227 -1518.953348 -751.579782
9.950000 2.002425 18.024922 -1512.339983 -743.408926
10.000000 2.018359 18.508922 -1487.676819 -712.626873
10.050000 1.992212 17.138857 -1546.158942 -781.149508
10.100000 1.985750 17.437775 -1527.296565 -764.768382
10.150000 1.999200 17.014201 -1552.026822 -784.333909
10.200000 1.983170 17.603394 -1523.557937 -762.020545
10.250000 2.022110 17.161832 -1543.706148 -767.216010
10.300000 1.994900 17.458021 -1530.287574 -764.246154
10.350000 1.988131 18.228609 -1492.912428 -729.470297
10.400000 2.014123 19.120715 -1452.875912 -679.452495
10.450000 2.008452 18.372021 -1489.664027 -718.418335
10.500000 2.012978 17.733226 -1521.818437 -748.835056
10.550000 2.013084 17.845798 -1514.961704 -741.937496
10.600000 2.014818 17.156745 -1548.391334 -774.701227
10.650000 1.995209 18.252721 -1493.480661 -727.320236
10.700000 1.976447 18.048875 -1504.030663 -745.074888
10.750000 1.993884 17.092610 -1547.902629 -782.251043
10.800000 2.002582 16.932270 -1558.723761 -789.732380
10.850000 1.976350 17.307563 -1536.426492 -777.508105
10.900000 1.980745 18.386398 -1487.963777 -727.357858
10.950000 2.036584 18.193922 -1497.259629 -715.211317
11.000000 2.004666 17.173289 -1544.443740 -774.652128
11.050000 1.943655 17.594637 -1524.955922 -778.592579
11.100000 2.003641 18.530122 -1484.688865 -715.290568
11.150000 2.007868 17.638831 -1524.920173 -753.898810
11.200000 1.982491 18.070694 -1504.093161 -742.816445
11.250000 1.998675 19.232898 -1445.150819 -677.659669
11.300000 2.011594 17.275491 -1544.347723 -771.895610
11.350000 2.017003 18.209610 -1499.833792 -725.304498
11.400000 2.004272 18.273058 -1493.534497 -723.894097
11.450000 2.008747 18.226770 -1492.697984 -721.339248
11.500000 2.008348 17.725804 -1515.739707 -744.533920
11.550000 1.995646 17.459803 -1530.528362 -764.200411
11.600000 2.008444 17.750186 -1513.978499 -742.735975
11.650000 1.996074 17.164523 -1546.634315 -780.141900
11.700000 1.982378 18.133353 -1496.917851 -735.684553
11.750000 2.017319 17.164003 -1540.815637 -766.165090
11.800000 1.974811 17.347389 -1535.867218 -777.539758
11.850000 1.989506 17.646490 -1521.715177 -757.744888
11.900000 1.999520 17.356430 -1537.401295 -769.585630
11.950000 2.018072 16.980894 -1552.426342 -777.486701
12.000000 1.987223 18.053206 -1501.336077 -738.242300
12.050000 1.967261 18.689001 -1467.831150 -712.402940
12.100000 2.041608 18.038643 -1505.426899 -721.449572
12.150000 2.008733 16.220091 -1590.703360 -819.349744
12.200000 2.025910 16.255308 -1588.102972 -810.153490
12.250000 1.968578 16.610235 -1572.706888 -816.773077
12.300000 2.004936 17.708514 -1520.316906 -750.421324
12.350000 1.988318 19.326504 -1442.913044 -679.398774
12.400000 2.027312 18.673798 -1475.172205 -696.684453
12.450000 1.969977 17.953573 -1502.924176 -746.453011
12.500000 1.993004 18.197621 -1498.882235 -733.568817
12.550000 2.011322 17.800495 -1516.650233 -744.302756
12.600000 1.985693 16.912924 -1554.764865 -792.258697
12.650000 2.007105 16.744915 -1564.451450 -793.723202
12.700000 1.987130 17.458384 -1527.461985 -764.403996
12.750000 1.962619 19.073378 -1453.072165 -699.426463
12.800000 2.017881 19.403174 -1440.097109 -665.230838
12.850000 1.980234 18.375629 -1485.847020 -725.437083
12.900000 1.974611 17.673908 -1521.813647 -763.563021
12.950000 1.984879 17.585122 -1523.471925 -761.278213
13.000000 1.960404 18.202044 -1491.131128 -738.336091
13.050000 2.031159 17.685624 -1518.097320 -738.132360
13.100000 1.962133 17.350498 -1534.412959 -780.953797
13.150000 2.029389 19.307784 -1444.306589 -665.021136
13.200000 2.027892 18.101478 -1504.201515 -725.490836
13.250000 1.973380 18.319392 -1489.461624 -731.683734
13.300000 1.995705 18.537959 -1478.053654 -711.703076
13.350000 2.004620 18.683117 -1475.017187 -705.242929
13.400000 2.046607 17.114197 -1554.201319 -768.304294
13.450000 1.967462 16.808220 -1560.792017 -805.286469
13.500000 2.032224 17.924565 -1508.230451 -727.856417
13.550000 1.988421 15.886206 -1604.033833 -840.480075
13.600000 1.966417 17.733324 -1514.248442 -759.144284
13.650000 2.016981 18.640521 -1478.649240 -704.128467
13.700000 1.990664 19.178994 -1448.234569 -683.819693
13.750000 2.000059 18.051352 -1504.170458 -736.147760
13.800000 2.006306 17.449475 -1531.951986 -761.530529
13.850000 2.014812 17.166289 -1548.950876 -775.263204
13.900000 1.998477 16.307181 -1586.447143 -819.032064
13.950000 1.984261 17.254769 -1543.795880 -781.839587
14.000000 2.039830 17.595373 -1528.514791 -745.219992
14.050000 2.005805 18.293509 -1488.174960 -717.945981
14.100000 2.005754 17.328201 -1536.754747 -766.545067
14.150000 1.991900 18.926146 -1456.880201 -691.990698
14.200000 1.974156 17.731847 -1517.226162 -759.150155
14.250000 2.058370 17.925669 -1512.098679 -721.684409
14.300000 2.014316 17.330092 -1536.150834 -762.653665
14.350000 1.961065 17.697571 -1520.675775 -767.626646
14.400000 1.984482 18.591975 -1478.041435 -716.000479
14.450000 2.002435 19.532797 -1431.848478 -662.913574
14.500000 2.029522 18.197080 -1493.896337 -714.559948
14.550000 1.988048 16.952764 -1553.998694 -790.588338
14.600000 1.998662 17.196210 -1546.069529 -778.583269
14.650000 2.000220 17.027773 -1551.859965 -783.775481
14.700000 1.976125 19.057696 -1453.081306 -694.249217
14.750000 1.972905 18.870823 -1466.415763 -708.820235
14.800000 2.011594 18.752201 -1473.985281 -701.533168
14.850000 1.983771 17.485893 -1527.264825 -765.496638
14.900000 1.985149 17.383944 -1534.420349 -772.123059
14.950000 1.991676 17.879755 -1504.642701 -739.839081
15.000000 1.996609 15.456021 -1284.729638 -518.031953
15.050000 2.005104 15.919449 -1260.195494 -490.235421
15.100000 2.044634 15.091255 -1306.946748 -521.807392
15.150000 1.962269 14.648924 -1319.609478 -566.098020
15.200000 1.979420 16.565615 -1225.299119 -465.201751
15.250000 2.007426 15.926027 -1256.379721 -485.528143
15.300000 1.993632 15.541236 -1276.278253 -510.723680
15.350000 1.999376 15.500675 -1282.088059 -514.327684
15.400000 2.032121 15.015011 -1310.506369 -530.171993
15.450000 1.979335 14.452095 -1330.110285 -570.045620
15.500000 2.010965 15.166514 -1297.839590 -525.629209
15.550000 2.012243 15.337219 -1286.882136 -514.180732
15.600000 1.995819 15.006886 -1304.499442 -538.105135
15.650000 1.989110 15.525069 -1274.677710 -510.859472
15.700000 2.024487 13.930267 -1363.447910 -586.044939
15.750000 1.970126 13.796786 -1370.220503 -613.692023
15.800000 1.993727 15.467902 -1280.555140 -514.963789
15.850000 1.977179 15.360088 -1283.955410 -524.718542
15.900000 2.003914 16.159931 -1244.225564 -474.722514
15.950000 2.007636 16.219685 -1241.756846 -470.824690
16.000000 1.982295 16.466333 -1222.119630 -460.918524
16.050000 2.006678 16.338215 -1230.077540 -459.513361
16.100000 1.983209 16.373896 -1225.747474 -464.195256
16.150000 2.007544 16.065263 -1249.595731 -478.698661
16.200000 1.960509 15.711350 -1265.670305 -512.834740
16.250000 1.986168 16.108025 -1244.586745 -481.898421
16.300000 2.040205 15.459869 -1280.317435 -496.878561
16.350000 1.969458 14.470220 -1332.549356 -576.277576
16.400000 2.009373 14.877308 -1312.652827 -541.053785
16.450000 1.951897 15.197705 -1292.175120 -542.646525
16.500000 1.997212 16.361564 -1232.676185 -465.746689
16.550000 2.016796 15.970192 -1258.875608 -484.426050
16.600000 1.956889 15.890393 -1257.436773 -505.991519
16.650000 2.028035 15.990447 -1256.982900 -478.217283
16.700000 2.023400 15.216156 -1297.860783 -520.875264
16.750000 2.006097 16.148302 -1244.681959 -474.340611
16.800000 2.013132 15.123595 -1300.575300 -527.532445
16.850000 1.987376 15.001434 -1303.175344 -540.023034
16.900000 2.017249 16.571303 -1224.530601 -449.906892
16.950000 1.983312 15.566491 -1279.163151 -517.571257
17.000000 2.034604 15.942139 -1259.974285 -478.686243
17.050000 1.998791 16.000033 -1258.187630 -490.651996
17.100000 2.024334 14.787554 -1315.387679 -538.043540
17.150000 1.977586 16.093335 -1243.293686 -483.900808
17.200000 2.017250 15.552723 -1274.547933 -499.923869
17.250000 1.955871 15.488279 -1269.120928 -518.066272
17.300000 1.998246 15.025789 -1300.418292 -533.092010
17.350000 1.989015 15.715399 -1260.193187 -496.411591
17.400000 2.012589 14.421445 -1329.857547 -557.023427
17.450000 1.962170 15.769915 -1262.360075 -508.886926
17.500000 2.012850 15.328850 -1286.990931 -514.056523
17.550000 2.000443 15.249247 -1292.097420 -523.927474
17.600000 1.974383 15.296932 -1287.087441 -528.924250
17.650000 2.017168 14.642888 -1323.127006 -548.534362
17.700000 1.959869 15.357161 -1282.219641 -529.629773
17.750000 1.996448 16.252841 -1242.986411 -476.350525
17.800000 1.974566 16.329225 -1241.709588 -483.476110
17.850000 2.003862 15.636054 -1286.026647 -516.543536
17.900000 1.976451 15.674667 -1272.579890 -513.622859
17.950000 2.036307 14.916573 -1317.185541 -535.243474
18.000000 2.007816 15.098440 -1306.147075 -535.145694
18.050000 1.984362 16.988540 -1212.449296 -450.454304
18.100000 2.000377 15.980685 -1253.927160 -485.782564
18.150000 1.969408 15.229268 -1293.791026 -537.538364
18.200000 1.997489 16.353108 -1238.166165 -471.130492
18.250000 1.980040 15.769481 -1271.499095 -511.163660
18.300000 1.982235 15.861201 -1264.785514 -503.607456
18.350000 2.001666 16.005177 -1252.614383 -483.974674
18.400000 1.993458 15.136999 -1292.751743 -527.263766
18.450000 1.971479 14.480645 -1325.327898 -568.280150
18.500000 2.006378 14.351377 -1334.835468 -564.386219
18.550000 1.963939 15.449262 -1278.345920 -524.193179
18.600000 2.014787 14.092946 -1355.212534 -581.534408
18.650000 2.013908 15.076806 -1297.597834 -524.257312
18.700000 1.989870 15.374747 -1290.599405 -526.489506
18.750000 2.004101 15.154247 -1298.667549 -529.092942
18.800000 2.018788 15.252451 -1294.771466 -519.556700
18.850000 1.991725 16.006666 -1253.490942 -488.668712
18.900000 1.996388 15.234716 -1293.795227 -527.182211
18.950000 1.990293 16.672839 -1218.251348 -453.978760
19.000000 1.994259 15.771344 -1259.840507 -494.045054
19.050000 1.989984 14.574517 -1320.509498 -556.355479
19.100000 1.992474 14.340737 -1334.912520 -569.802582
19.150000 2.018827 15.104167 -1300.946754 -525.717228
19.200000 2.007792 15.210435 -1296.936622 -525.944599
19.250000 1.971141 15.312105 -1286.364489 -529.446182
19.300000 2.006250 15.246233 -1284.103474 -513.703368
19.350000 2.009146 14.584895 -1318.155172 -546.642970
19.400000 1.994157 14.707171 -1311.539556 -545.783347
19.450000 2.001825 15.344832 -1289.807348 -521.106471
19.500000 2.003562 16.001309 -1252.700645 -483.332761
19.550000 1.998767 14.805396 -1318.864540 -551.337822
19.600000 2.001617 16.231757 -1239.422314 -470.801314
19.650000 2.003751 15.119605 -1300.840872 -531.400645
19.700000 1.970516 16.694546 -1210.354728 -453.676761
19.750000 2.008930 14.953210 -1300.689469 -529.260168
19.800000 1.962914 14.664527 -1315.081639 -561.322669
19.850000 2.021933 15.406513 -1276.690527 -500.268331
19.900000 1.984337 14.738692 -1312.396815 -550.411487
19.950000 1.999328 14.411392 -1331.826477 -564.084476
20.000000 1.960878 15.238049 -1285.555771 -532.578660
20.050000 1.995509 15.453142 -1284.367248 -518.091778
20.100000 1.999826 15.949878 -1254.439770 -486.506592
20.150000 1.974857 14.825992 -1317.054349 -558.709253
20.200000 2.026257 15.169151 -1301.335346 -523.252670
20.250000 1.984666 15.254545 -1290.266499 -528.154881
20.300000 2.015419 16.128392 -1239.327852 -465.406833
20.350000 2.017450 14.782550 -1316.167002 -541.466033
20.400000 1.995612 15.687348 -1269.921553 -503.606426
20.450000 1.999086 15.503125 -1281.709689 -514.060810
20.500000 2.005109 15.717436 -1271.619875 -501.658037
20.550000 1.997007 15.446037 -1276.930560 -510.079703
20.600000 2.034731 15.905728 -1257.700759 -476.364141
20.650000 2.000648 15.745281 -1260.047346 -491.798421
20.700000 1.974582 15.491564 -1277.836929 -519.597398
20.750000 2.001929 16.117814 -1247.618484 -478.877839
20.800000 2.013990 16.653391 -1217.546492 -444.174216
20.850000 1.973584 16.517466 -1222.552349 -464.696028
20.900000 2.003994 15.509740 -1280.656913 -511.123350
20.950000 2.008185 15.210194 -1298.447739 -527.304603
21.000000 2.013495 16.398772 -1230.430933 -457.248766
21.050000 1.968379 16.252443 -1232.107184 -476.249618
21.100000 2.015841 14.927131 -1307.372268 -533.289268
21.150000 1.975641 15.569694 -1269.999750 -511.353737
21.200000 1.985608 14.488477 -1329.657300 -567.183775
21.250000 1.974195 14.961078 -1313.630003 -555.539017
21.300000 1.983939 14.928051 -1314.334906 -552.502196
21.350000 2.016929 15.397589 -1279.522196 -505.021590
21.400000 1.976473 15.028296 -1301.748001 -542.782491
21.450000 1.997375 16.434258 -1229.115669 -462.123756
21.500000 2.006016 15.701397 -1266.806043 -496.496083
21.550000 1.977125 14.943308 -1305.724708 -546.508660
21.600000 1.985645 15.908207 -1252.996745 -490.509191
21.650000 2.025807 14.850099 -1313.522019 -535.612239
21.700000 1.985514 15.786389 -1259.609089 -497.171593
21.750000 1.972921 15.192072 -1294.625039 -537.023544
21.800000 1.993364 15.707325 -1265.373042 -499.921184
21.850000 2.014724 12.941822 -1405.752270 -632.098420
21.900000 1.975138 13.885306 -1357.474017 -599.020934
21.950000 1.992559 14.734656 -1316.451301 -551.308554
22.000000 1.969472 15.268785 -1288.091140 -531.813755
22.050000 1.996137 15.513459 -1270.903467 -504.386815
22.100000 2.031230 14.273996 -1340.560664 -560.568260
22.150000 1.978298 16.051769 -1245.668852 -486.002381
22.200000 2.009734 14.347900 -1342.605352 -570.867658
22.250000 2.014127 15.938049 -1261.492136 -488.067185
22.300000 2.012523 15.499656 -1283.610083 -510.801181
22.350000 1.986781 15.496011 -1282.194696 -519.270907
22.400000 2.030292 15.768161 -1265.564062 -485.931753
22.450000 2.004536 14.724506 -1313.300138 -543.558236
22.500000 1.983644 9.056852 -1290.401701 -528.682391
22.550000 2.008946 8.711043 -1312.624841 -541.189441
22.600000 2.009804 8.810009 -1307.425088 -535.660225
22.650000 2.009183 8.756277 -1310.387524 -538.861121
22.700000 2.002586 8.835837 -1305.184256 -536.191384
22.750000 1.966928 9.638372 -1262.879096 -507.578597
22.800000 2.035599 9.886881 -1251.160645 -469.490721
22.850000 2.004273 9.396990 -1274.611851 -504.971194
22.900000 1.993077 9.214783 -1283.983172 -518.641630
22.950000 2.002037 10.206446 -1233.409392 -464.627269
23.000000 2.016199 9.719187 -1254.304896 -480.084333
23.050000 1.981489 9.111920 -1281.342657 -520.450707
23.100000 1.973881 9.669602 -1255.111896 -497.141493
23.150000 2.002595 8.960804 -1298.468830 -529.472340
23.200000 1.999829 9.538926 -1263.997307 -496.062825
23.250000 1.989860 9.090304 -1292.880498 -528.774331
23.300000 2.000719 10.061296 -1233.602413 -465.326277
23.350000 2.003484 8.958412 -1297.232926 -527.894902
23.400000 2.030648 8.873166 -1302.561538 -522.792846
23.450000 1.987099 8.896502 -1300.913486 -537.867437
23.500000 2.042273 8.904224 -1298.155306 -513.922357
23.550000 2.005876 8.775978 -1306.894618 -536.638193
23.600000 2.002752 9.165097 -1290.525395 -521.468697
23.650000 1.982243 10.872489 -1191.085922 -429.904777
23.700000 2.005609 10.095322 -1234.407728 -464.253706
23.750000 1.985578 9.573185 -1261.838293 -499.376456
23.800000 2.003710 9.145379 -1285.571313 -516.146636
23.850000 2.004160 9.168759 -1285.303462 -515.706158
23.900000 1.982045 9.591815 -1256.866921 -495.761642
23.950000 2.004243 9.652420 -1246.534709 -476.905415
24.000000 1.994625 8.219224 -1331.445301 -565.509273
24.050000 1.961023 9.509510 -1267.611239 -514.578340
24.100000 2.047747 10.155973 -1237.578109 -451.243405
24.150000 2.003219 8.982547 -1297.210431 -527.974345
24.200000 1.996904 9.172531 -1288.650598 -521.839418
24.250000 1.994735 9.781444 -1254.786737 -488.808638
24.300000 2.024920 7.973846 -1348.598875 -571.029564
24.350000 2.001192 7.322712 -1380.436008 -611.978265
24.400000 1.974790 8.612174 -1312.043067 -553.723591
24.450000 2.017576 9.005141 -1293.094475 -518.345300
24.500000 1.990755 9.340055 -1271.645334 -507.195251
24.550000 2.024101 7.891955 -1356.133064 -578.878458
24.600000 1.972260 8.524904 -1316.986073 -559.638375
24.650000 1.998228 10.374375 -1222.876717 -455.557313
24.700000 2.003446 10.427493 -1222.491525 -453.168263
24.750000 2.008924 9.774330 -1257.460799 -486.034058
24.800000 1.992702 9.313315 -1282.842817 -517.645178
24.850000 2.013292 9.649619 -1264.417273 -491.313076
24.900000 2.012942 9.566934 -1264.392613 -491.423014
24.950000 1.975805 8.387852 -1324.542016 -565.832911
25.000000 1.989175 8.266010 -1330.329750 -566.486460
25.050000 1.975227 9.012861 -1291.290151 -532.803014
25.100000 2.037283 8.535926 -1323.895926 -541.579429
25.150000 2.012155 8.913894 -1299.763560 -527.096214
25.200000 2.025246 8.285087 -1334.823724 -557.129232
25.250000 1.989350 8.500914 -1313.118729 -549.208327
25.300000 1.987395 7.650584 -1362.288739 -599.129116
25.350000 2.008859 9.085176 -1287.511143 -516.109266
25.400000 2.022904 8.672184 -1313.694227 -536.899126
25.450000 1.996439 9.281841 -1277.998964 -511.366299
25.500000 1.978982 9.285334 -1271.654654 -511.725627
25.550000 1.985520 8.712518 -1307.014009 -544.574325
25.600000 1.963150 9.629234 -1254.324096 -500.474444
25.650000 1.999879 8.811258 -1300.507852 -532.554146
25.700000 1.991489 9.472545 -1266.182983 -501.451207
25.750000 2.002838 9.595742 -1265.477292 -496.387425
25.800000 1.994269 9.440438 -1269.796850 -503.997664
25.850000 1.978703 8.511575 -1322.764909 -562.942820
25.900000 1.977509 9.343102 -1273.976995 -514.613384
25.950000 1.988049 8.811574 -1309.992849 -546.581991
26.000000 1.983808 10.078141 -1237.679202 -475.896945
26.050000 2.002151 8.580539 -1317.036780 -548.210749
26.100000 1.987199 9.057948 -1289.667735 -526.583262
26.150000 1.973591 9.137201 -1289.318615 -531.459561
26.200000 2.010499 9.455513 -1276.420258 -504.388563
26.250000 1.998131 9.333855 -1276.774216 -509.492030
26.300000 1.994254 8.091709 -1350.169507 -584.375901
26.350000 1.997793 9.509082 -1263.093605 -495.941024
26.400000 1.974011 9.271743 -1276.628567 -518.608491
26.450000 2.032047 8.839815 -1305.628009 -525.322040
26.500000 1.976948 8.709782 -1305.613450 -546.465423
26.550000 1.999829 8.907443 -1298.497400 -530.562979
26.600000 2.020408 8.053863 -1344.573701 -568.737181
26.650000 1.997240 8.176537 -1343.848584 -576.908421
26.700000 2.002906 9.343062 -1282.065931 -512.949876
26.750000 2.016635 9.381440 -1281.426160 -507.038176
26.800000 1.994929 9.711331 -1260.747398 -494.694835
26.850000 1.990102 8.945705 -1310.236276 -546.037113
26.900000 2.020825 9.933367 -1252.360297 -476.363607
26.950000 1.990735 9.347375 -1276.600799 -512.158629
27.000000 2.018714 8.817530 -1303.282778 -528.096788
27.050000 1.996262 8.768991 -1305.332156 -538.767430
27.100000 2.014834 8.608365 -1320.230443 -546.534018
27.150000 1.992567 9.379107 -1276.537226 -511.391591
27.200000 1.987559 10.478387 -1212.952557 -449.729999
27.250000 2.007511 9.425680 -1273.278809 -502.394430
27.300000 2.007779 8.467906 -1328.266666 -557.279375
27.350000 2.023891 8.542568 -1318.047821 -540.873806
27.400000 1.982621 9.286862 -1272.294535 -510.968104
27.450000 2.000995 9.229714 -1279.657003 -511.275108
27.500000 2.007388 8.925870 -1304.577083 -533.740178
27.550000 2.014113 9.160570 -1286.120414 -512.701039
27.600000 1.997136 9.086960 -1284.993678 -518.093433
27.650000 1.983591 9.459964 -1270.744383 -509.045548
27.700000 2.003623 9.454624 -1272.076095 -502.684920
27.750000 1.995568 10.046060 -1233.928063 -467.629878
27.800000 2.012428 9.674231 -1253.792168 -481.019670
27.850000 1.990628 9.419787 -1263.576686 -499.175509
27.900000 2.020901 8.202548 -1334.426689 -558.400655
27.950000 1.968140 9.095507 -1282.679527 -526.913847
28.000000 1.987007 9.837944 -1249.150691 -486.139839
28.050000 2.033474 9.192901 -1283.995916 -503.141932
28.100000 2.000969 8.080981 -1344.763789 -576.391868
28.150000 2.020086 8.078326 -1351.343390 -575.630477
28.200000 1.968714 8.454777 -1323.835104 -567.849081
28.250000 2.015786 8.408527 -1333.179348 -559.117477
28.300000 2.028148 8.200273 -1343.081815 -564.272849
28.350000 1.964236 8.599440 -1316.965027 -562.698536
28.400000 2.008836 9.625710 -1258.060728 -486.667597
28.450000 1.991453 8.788225 -1299.540925 -534.822867
28.500000 1.992868 9.419946 -1268.152436 -502.891236
28.550000 1.998865 8.430438 -1328.795641 -561.231432
28.600000 2.017967 9.305444 -1280.669048 -505.769683
28.650000 1.991804 9.866391 -1242.395992 -477.543265
28.700000 2.005678 9.259891 -1279.965943 -509.785433
28.750000 1.995106 9.438044 -1270.500035 -504.379232
28.800000 1.996806 8.472159 -1321.719228 -554.945678
28.850000 2.015995 9.529862 -1258.614125 -484.471920
28.900000 1.997418 9.590561 -1260.649171 -493.640631
28.950000 2.011482 9.494504 -1272.392447 -499.983183
29.000000 1.984159 10.017632 -1237.530980 -475.614063
29.050000 2.025919 9.301740 -1285.731065 -507.778108
29.100000 1.998239 9.410844 -1279.427208 -512.103289
29.150000 2.011404 9.927384 -1247.895238 -475.516029
29.200000 2.011714 9.586736 -1263.866996 -491.368797
29.250000 2.005421 8.991853 -1290.927628 -520.845968
29.300000 1.984568 9.501078 -1261.266970 -499.192773
29.350000 2.028800 10.182467 -1225.341673 -446.282400
29.400000 1.963003 9.298039 -1276.896886 -523.103840
29.450000 1.987148 10.363118 -1220.279270 -457.214394
29.500000 2.046613 9.562707 -1273.473161 -487.573772
29.550000 1.983222 9.383943 -1275.877053 -514.319765
29.600000 2.002657 8.621608 -1314.329720 -545.309436
29.650000 2.000613 8.413071 -1318.256665 -550.021393
29.700000 2.010844 8.233696 -1330.920908 -558.756635
29.750000 2.018747 10.545869 -1207.625955 -432.427082
29.800000 2.002137 9.176305 -1286.145568 -517.324885
29.850000 1.999506 8.454895 -1321.332175 -553.522055
29.900000 1.981385 8.777319 -1298.955654 -538.103895
29.950000 1.975034 9.230634 -1275.942584 -517.529708
30.000000 1.996165 5.010460 -1236.471748 -469.944251
30.050000 1.999425 5.022237 -1234.624130 -466.844851
30.100000 1.991804 5.765644 -1184.152665 -419.299917
30.150000 2.000788 5.850785 -1180.175849 -411.873426
30.200000 2.007205 5.143037 -1220.748873 -449.981967
30.250000 1.998050 4.429993 -1264.105364 -496.854159
30.300000 1.990127 5.259023 -1220.383053 -456.174231
30.350000 1.975312 6.272153 -1153.304910 -394.785026
30.400000 1.992610 6.257174 -1154.732323 -389.570014
30.450000 2.006295 6.192774 -1164.624636 -394.207345
30.500000 2.021642 5.501453 -1207.814581 -431.504193
30.550000 1.999641 4.904047 -1244.311556 -476.449488
30.600000 2.002221 5.190451 -1224.864101 -456.011086
30.650000 2.001624 5.046923 -1225.400332 -456.776761
30.700000 1.983691 5.275280 -1203.908229 -442.170848
30.750000 2.006173 4.826843 -1240.086938 -469.716466
30.800000 1.988261 5.255869 -1217.117058 -453.624660
30.850000 1.994168 4.859656 -1251.833177 -486.072737
30.900000 1.980715 6.142694 -1170.879579 -410.285077
30.950000 1.993866 5.591867 -1206.259890 -440.615263
31.000000 2.006633 4.560494 -1268.381132 -497.833961
31.050000 1.993443 5.363026 -1218.934739 -453.452596
31.100000 2.011996 5.445854 -1216.962811 -444.356255
31.150000 1.984961 5.116613 -1231.772562 -469.547622
31.200000 1.984931 5.796679 -1191.864262 -429.650719
31.250000 1.998857 5.728567 -1199.293343 -431.732109
31.300000 2.022534 4.858776 -1249.722224 -473.069192
31.350000 1.972781 4.809764 -1251.090057 -493.542168
31.400000 2.010856 5.210663 -1234.728868 -462.559977
31.450000 1.994687 5.339959 -1218.067714 -452.107741
31.500000 2.032660 5.616990 -1187.605299 -407.063814
31.550000 1.978942 5.091974 -1220.922644 -461.008789
31.600000 2.012514 5.434985 -1206.051900 -433.246620
31.650000 2.001710 5.239234 -1217.309375 -448.652924
31.700000 2.004384 4.957431 -1233.942462 -464.259151
31.750000 2.002776 4.895576 -1239.238040 -470.171957
31.800000 2.019485 4.873257 -1238.397735 -462.915619
31.850000 1.994639 4.574123 -1255.588087 -489.646786
31.900000 2.011639 4.746886 -1244.710948 -472.241571
31.950000 1.994357 4.430203 -1265.868278 -500.035006
32.000000 2.002774 4.939000 -1234.031028 -464.965900
32.050000 2.016415 4.671117 -1253.154902 -478.851442
32.100000 1.997674 5.451231 -1203.540982 -436.433981
32.150000 2.006622 4.975266 -1233.860782 -463.317895
32.200000 1.995807 5.012306 -1232.250602 -465.860707
32.250000 1.978373 5.368797 -1212.448747 -452.753668
32.300000 1.999995 4.896693 -1242.387612 -474.389344
32.350000 2.006567 4.806315 -1247.520614 -476.998706
32.400000 2.023917 5.434268 -1210.962476 -433.778240
32.450000 1.996001 4.883716 -1253.371546 -486.907297
32.500000 2.046181 5.429838 -1220.491856 -434.758467
32.550000 1.986056 5.222225 -1230.831843 -468.186392
32.600000 2.019921 4.468440 -1275.505500 -499.855897
32.650000 1.989374 5.156380 -1220.466619 -456.547174
32.700000 1.987658 5.345922 -1208.554046 -445.293292
32.750000 2.006316 4.816900 -1246.569508 -476.144029
32.800000 1.984948 5.456935 -1207.636430 -445.416238
32.850000 1.980551 5.372977 -1215.225649 -454.694056
32.900000 1.990736 5.225429 -1222.354729 -457.912011
32.950000 2.029517 5.406275 -1206.324596 -426.989994
33.000000 1.988758 5.529350 -1202.784805 -439.101570
33.050000 1.991593 5.719707 -1195.552158 -430.780386
33.100000 1.986825 5.565511 -1201.664077 -438.723109
33.150000 2.013407 4.966922 -1239.490714 -466.342428
33.200000 1.994775 5.621505 -1194.940814 -428.947134
33.250000 1.994723 5.252330 -1221.534367 -455.560740
33.300000 1.997381 5.492317 -1204.630233 -437.635833
33.350000 1.987519 5.840645 -1180.893712 -417.686504
33.400000 2.003005 5.486343 -1203.588320 -434.434569
33.450000 1.993209 5.429151 -1201.484301 -436.092185
33.500000 2.004779 4.733932 -1245.512648 -475.677622
33.550000 2.002792 5.119649 -1227.035773 -457.963684
33.600000 1.965179 5.854859 -1184.991026 -430.362361
33.650000 2.019341 5.944296 -1189.088938 -413.662077
33.700000 1.997465 5.493368 -1214.938775 -447.912298
33.750000 2.017040 5.302937 -1222.026857 -447.483407
33.800000 1.976218 5.473982 -1207.149962 -448.282427
33.850000 2.002990 5.096637 -1227.050880 -457.902730
33.900000 2.004922 5.300231 -1215.623161 -445.733125
33.950000 1.993219 5.859349 -1181.605620 -416.209584
34.000000 1.987458 5.349054 -1217.125080 -453.941372
34.050000 1.994148 5.800375 -1190.734270 -424.981436
34.100000 2.006224 5.259335 -1230.868177 -460.478184
34.150000 1.999674 5.233691 -1231.793712 -463.918804
34.200000 2.016108 5.099228 -1235.918983 -461.733328
34.250000 1.984665 5.281497 -1224.573359 -462.461970
34.300000 1.999867 5.689286 -1193.192595 -425.243753
34.350000 1.991308 5.463759 -1203.470686 -438.808463
34.400000 2.003412 5.762388 -1188.506465 -419.196331
34.450000 1.996858 6.024932 -1173.605560 -406.812044
34.500000 1.999039 5.768892 -1186.755759 -419.124659
34.550000 2.013308 5.335818 -1214.953310 -441.843229
34.600000 2.004108 4.923952 -1236.611501 -467.034088
34.650000 2.002887 5.054422 -1229.014466 -459.905991
34.700000 2.001425 5.448976 -1208.166887 -439.619501
34.750000 1.996677 5.544981 -1205.494059 -438.769905
34.800000 2.009458 5.244408 -1231.505906 -459.873913
34.850000 1.990509 5.407263 -1217.962881 -453.607261
34.900000 2.021369 5.144331 -1229.694000 -453.488174
34.950000 1.995102 4.630681 -1265.976344 -499.857339
35.000000 2.005356 5.778904 -1192.798996 -422.742383
35.050000 2.003932 5.040858 -1237.913866 -468.404109
35.100000 1.993873 5.271222 -1222.348922 -456.701573
35.150000 2.011664 5.189141 -1221.879588 -449.400598
35.200000 2.003878 4.760767 -1238.941819 -469.452629
35.250000 1.994547 5.369332 -1201.837703 -435.931631
35.300000 1.994360 4.912140 -1241.009126 -475.174950
35.350000 1.998183 5.716358 -1187.330682 -420.028465
35.400000 2.018305 4.785731 -1246.799679 -471.770651
35.450000 1.988187 4.988226 -1234.299121 -470.835472
35.500000 2.004942 5.013499 -1239.822506 -469.924776
35.550000 2.003605 5.146132 -1234.480262 -465.095870
35.600000 1.992858 5.882731 -1185.239267 -419.981677
35.650000 1.993997 5.777278 -1187.433241 -421.738472
35.700000 2.013934 5.117531 -1217.599571 -444.248956
35.750000 1.993513 4.658224 -1255.209112 -489.700177
35.800000 1.994571 5.218021 -1227.425646 -461.510314
35.850000 2.020987 4.844235 -1251.886959 -475.827913
35.900000 1.978750 4.836591 -1255.704405 -495.864438
35.950000 1.976065 6.251663 -1160.686780 -401.877989
36.000000 1.995032 4.651470 -1248.915970 -482.823560
36.050000 2.006158 4.833462 -1233.519682 -463.155051
36.100000 1.988930 5.464041 -1198.597434 -434.848411
36.150000 2.021780 4.654835 -1258.205064 -481.841517
36.200000 1.964485 5.045518 -1235.247102 -480.884969
36.250000 2.015544 6.103471 -1180.665558 -406.696843
36.300000 2.004746 5.524184 -1208.133353 -438.310722
36.350000 2.014883 4.815982 -1238.748993 -465.034082
36.400000 1.989128 5.110626 -1212.679445 -448.854339
36.450000 2.017882 4.972414 -1225.329522 -450.462799
36.500000 1.974092 5.704737 -1182.816389 -424.764916
36.550000 2.023139 5.645827 -1196.338826 -419.453470
36.600000 2.020349 5.448461 -1203.568472 -427.754326
36.650000 2.005665 4.041077 -1290.630330 -520.454794
36.700000 1.945183 5.364928 -1206.294219 -459.344056
36.750000 2.015294 6.239729 -1158.724813 -384.852103
36.800000 2.018484 5.540110 -1200.421424 -425.323694
36.850000 1.993202 5.542740 -1199.522952 -434.133521
36.900000 2.004646 5.004844 -1234.634908 -464.850808
36.950000 1.981837 5.209011 -1222.738857 -461.713489
37.000000 2.005399 5.668700 -1193.076639 -423.003535
37.050000 1.993453 5.639055 -1199.494768 -434.008680
37.100000 2.008495 5.568592 -1204.608225 -433.345976
37.150000 2.005296 5.283518 -1224.559225 -454.525655
37.200000 2.012113 5.731855 -1200.956244 -428.304941
37.250000 2.016551 5.580223 -1209.375246 -435.019646
37.300000 1.981403 4.837587 -1245.545852 -484.687174
37.350000 1.982072 5.511016 -1198.616285 -437.500563
37.400000 2.006811 5.227836 -1213.234861 -442.619526
37.450000 1.982386 4.742417 -1246.428332 -485.192262
37.500000 2.008674 2.515207 -1128.579619 -357.248872
37.550000 1.975629 2.775893 -1108.825150 -350.183583
37.600000 1.997840 3.048985 -1095.753309 -328.582710
37.650000 1.994607 3.095877 -1090.427932 -324.498727
37.700000 2.024817 3.622638 -1051.619623 -274.090060
37.750000 1.984985 3.213036 -1085.134037 -322.899908
37.800000 2.003827 3.066710 -1096.528338 -327.058836
37.850000 1.976839 3.287479 -1083.529001 -324.422982
37.900000 2.015012 3.296249 -1076.992928 -303.228413
37.950000 2.009423 2.127042 -1153.450044 -381.831579
38.000000 2.010440 2.521530 -1119.539166 -347.530174
38.050000 2.002363 2.368451 -1135.558136 -366.650837
38.100000 2.004223 2.584318 -1122.621066 -352.999617
38.150000 2.005249 2.525314 -1123.207655 -353.192216
38.200000 1.976098 2.354642 -1138.452614 -379.631016
38.250000 2.016932 2.910943 -1107.643614 -333.141895
38.300000 1.977610 3.170869 -1089.507214 -330.104810
38.350000 2.003549 2.901349 -1109.424720 -340.062064
38.400000 2.006453 2.831471 -1115.084543 -344.606525
38.450000 1.990090 3.120651 -1093.380081 -329.185587
38.500000 2.001232 3.169609 -1092.382066 -323.909053
38.550000 2.002167 2.975931 -1109.176880 -340.344760
38.600000 2.022855 2.647379 -1133.649726 -356.873396
38.650000 1.992293 3.308747 -1078.737219 -313.696695
38.700000 2.003694 3.202269 -1096.163056 -326.744710
38.750000 2.002122 3.057997 -1107.864534 -339.049807
38.800000 2.009920 3.213538 -1086.312526 -314.503113
38.850000 1.996175 2.875669 -1104.801785 -338.270469
38.900000 1.996349 2.940444 -1099.035580 -332.437461
38.950000 1.999837 3.105164 -1087.171509 -319.234104
39.000000 2.010200 3.002947 -1091.641307 -319.724697
39.050000 2.003782 2.780365 -1106.280050 -336.827655
39.100000 2.009072 3.333482 -1071.322981 -299.839516
39.150000 2.005632 3.250789 -1088.478958 -318.316428
39.200000 1.990742 3.692174 -1064.761658 -300.316661
39.250000 1.994619 3.338863 -1089.975076 -324.041436
39.300000 2.005387 3.165066 -1099.349655 -329.280868
39.350000 2.005754 3.057601 -1106.183712 -335.974104
39.400000 1.994278 3.464583 -1071.389423 -305.586481
39.450000 1.982206 3.308418 -1086.393040 -325.226009
39.500000 2.001184 3.554319 -1073.721803 -305.267106
39.550000 2.014373 3.154264 -1104.524043 -331.004620
39.600000 1.992100 2.951063 -1117.729519 -352.762944
39.650000 2.021257 2.781390 -1119.588591 -343.425992
39.700000 2.003208 2.220843 -1149.448775 -380.216975
39.750000 1.983796 2.575787 -1124.774457 -362.996758
39.800000 1.988246 2.768948 -1111.811779 -348.325377
39.850000 2.014572 2.714286 -1115.535360 -341.939827
39.900000 2.004970 3.020837 -1099.395555 -329.487154
39.950000 2.005792 2.582735 -1130.188093 -359.964051
40.000000 1.997851 2.644159 -1119.789582 -352.614747
40.050000 2.008493 2.902711 -1103.962065 -332.700926
40.100000 1.989103 3.345854 -1075.381352 -311.565672
40.150000 2.001283 3.001567 -1105.779754 -337.287103
40.200000 2.030847 3.222115 -1087.098487 -307.253186
40.250000 2.014569 2.210324 -1155.716661 -382.122280
40.300000 1.985046 2.603571 -1127.465636 -365.208125
40.350000 2.005514 3.008640 -1104.744272 -334.626739
40.400000 1.967184 3.508918 -1068.918277 -313.519463
40.450000 2.034434 2.889542 -1116.882103 -335.659460
40.500000 2.011172 3.094724 -1098.506931 -326.217034
40.550000 1.984386 3.315878 -1083.278382 -321.274151
40.600000 2.009409 2.825496 -1114.661267 -343.048116
40.650000 1.975437 2.806712 -1111.906423 -353.338432
40.700000 2.007541 2.837558 -1109.948096 -339.052476
40.750000 1.999784 2.941211 -1102.456120 -334.539220
40.800000 1.991066 3.401814 -1073.012901 -308.443672
40.850000 1.990043 3.499730 -1064.347556 -300.171081
40.900000 2.015470 3.014351 -1097.316251 -323.375662
40.950000 1.990985 2.950539 -1097.669870 -333.131764
41.000000 2.022339 2.923729 -1102.199521 -325.621195
41.050000 1.984049 3.100779 -1083.607005 -321.732293
41.100000 2.001460 2.791894 -1103.778492 -335.218021
41.150000 2.002635 2.716509 -1106.264372 -337.252638
41.200000 2.003553 2.541183 -1122.714505 -353.349973
41.250000 1.975102 2.955384 -1096.385348 -337.946288
41.300000 2.009766 3.238079 -1079.683013 -307.932771
41.350000 2.013927 3.129645 -1099.407098 -326.059073
41.400000 1.997684 3.416146 -1089.445512 -322.335033
41.450000 1.990628 3.749097 -1064.085751 -299.684485
41.500000 2.004487 3.343886 -1091.588815 -321.865744
41.550000 1.989506 3.873604 -1054.865495 -290.895215
41.600000 2.019502 3.707738 -1072.099644 -296.610827
41.650000 2.000259 3.393998 -1082.707884 -314.608580
41.700000 1.993715 3.064085 -1101.962659 -336.376197
41.750000 1.989922 3.329186 -1083.602761 -319.472744
41.800000 2.008059 2.981620 -1109.376072 -338.281271
41.850000 1.998106 2.966070 -1101.061478 -333.788801
41.900000 2.003622 2.254836 -1151.213841 -381.822999
41.950000 1.975532 2.794842 -1113.686387 -355.082079
42.000000 2.001497 2.897772 -1104.901675 -336.326639
42.050000 2.004883 2.661967 -1119.988493 -350.113318
42.100000 1.978970 3.689972 -1050.202221 -290.277823
42.150000 2.023849 3.225636 -1090.791534 -313.633518
42.200000 2.005463 2.636061 -1125.788878 -355.691085
42.250000 1.995322 2.379833 -1141.039024 -374.835546
42.300000 1.983693 3.171753 -1084.437217 -322.699049
42.350000 1.973806 3.519856 -1069.692825 -311.751401
42.400000 2.018033 3.173499 -1098.768099 -323.843526
42.450000 1.992344 3.106173 -1099.842881 -334.782742
42.500000 1.979484 3.385360 -1080.267378 -320.145337
42.550000 2.010688 3.505251 -1075.662205 -303.558104
42.600000 1.996963 3.509164 -1069.442130 -302.608198
42.650000 2.007064 3.154773 -1091.664526 -320.951943
42.700000 2.006955 2.610111 -1132.827935 -362.157367
42.750000 1.995751 2.934350 -1105.094309 -338.726009
42.800000 1.985016 2.938205 -1106.226409 -343.980342
42.850000 1.993840 2.674124 -1123.742991 -358.108349
42.900000 2.014636 3.130630 -1086.146323 -312.526174
42.950000 1.964443 2.711024 -1119.689730 -365.343768
43.000000 1.994517 3.684613 -1059.420649 -293.526292
43.050000 2.002638 3.535197 -1072.052127 -303.039039
43.100000 2.005952 2.916041 -1109.060897 -338.775359
43.150000 1.995642 2.922395 -1109.461195 -343.134480
43.200000 2.000410 2.898862 -1107.089210 -338.931674
43.250000 1.969369 2.741264 -1112.183424 -355.945860
43.300000 1.996721 3.049756 -1094.251516 -327.510694
43.350000 1.997876 3.221803 -1091.303591 -324.119386
43.400000 2.007539 3.525103 -1080.155568 -309.260693
43.450000 1.987915 3.419201 -1085.914380 -322.554977
43.500000 2.031759 3.086894 -1105.968004 -325.772395
43.550000 1.992930 2.952335 -1106.979034 -341.693823
43.600000 2.007693 3.149582 -1089.917064 -318.962919
43.650000 1.999063 2.770611 -1109.524530 -341.884494
43.700000 2.001887 2.724635 -1114.333119 -345.608590
43.750000 2.001708 2.579326 -1126.486371 -357.830364
43.800000 1.975651 3.250314 -1084.072226 -325.422378
43.850000 2.010642 3.761419 -1060.393477 -288.306848
43.900000 2.007706 4.145513 -1032.183106 -261.223881
43.950000 1.993135 3.503717 -1082.103043 -316.739033
44.000000 2.020041 2.736241 -1132.587982 -356.892367
44.050000 1.985936 3.160134 -1094.651648 -332.052359
44.100000 2.010758 2.600499 -1134.325529 -362.194275
44.150000 1.983752 2.846973 -1111.411707 -349.651121
44.200000 2.010945 3.450035 -1064.918901 -292.716098
44.250000 1.980017 2.915689 -1101.374847 -341.048308
44.300000 2.006721 2.669586 -1118.977177 -348.396397
44.350000 2.005398 3.256057 -1081.166864 -311.094016
44.400000 1.983005 3.270342 -1084.745160 -323.271302
44.450000 1.986272 3.349513 -1080.542926 -317.814601
44.500000 2.023123 2.972216 -1108.143918 -331.264864
44.550000 1.986732 2.939677 -1106.109246 -343.204194
44.600000 1.995701 2.959702 -1101.553377 -335.204051
44.650000 1.989013 2.905165 -1107.339710 -343.558584
44.700000 2.011996 3.182068 -1083.234550 -310.628022
44.750000 1.987520 2.976117 -1093.514255 -330.306462
44.800000 1.989380 2.727455 -1106.358057 -342.436086
44.850000 2.003880 2.755087 -1102.362997 -332.873130
44.900000 2.002599 2.678002 -1113.608269 -344.610118
44.950000 2.000122 2.958308 -1104.450727 -336.403941
45.000000 2.008925 2.186984 -942.477202 -171.049864
45.050000 1.999131 2.049357 -949.054505 -181.388221
45.100000 1.993607 2.235993 -927.168178 -161.623158
45.150000 2.012171 2.053785 -935.294265 -162.620776
45.200000 1.999753 1.195772 -1003.516792 -235.611455
45.250000 1.984799 1.891279 -946.024482 -183.861619
45.300000 2.007814 1.777848 -958.011442 -187.010835
45.350000 1.990590 1.642842 -967.591663 -203.204918
45.400000 1.992352 1.936539 -945.642682 -180.579619
45.450000 2.020160 1.806480 -954.043044 -178.301571
45.500000 1.994841 1.810033 -944.660793 -178.641956
45.550000 2.003011 1.823949 -945.533412 -176.377249
45.600000 2.010425 1.760921 -957.666945 -185.663706
45.650000 1.991418 2.064630 -938.585421 -173.880838
45.700000 2.007069 1.618275 -975.853695 -205.139090
45.750000 2.012984 1.504141 -974.201078 -201.215190
45.800000 2.002942 1.295663 -987.634201 -218.504623
45.850000 1.979831 1.464571 -978.674001 -218.419061
45.900000 2.005264 1.985049 -938.385123 -168.363573
45.950000 1.997283 1.832528 -949.297786 -182.341189
46.000000 1.991669 1.832283 -949.358609 -184.557641
46.050000 1.994407 2.132893 -927.399358 -161.547160
46.100000 2.013308 1.750201 -957.610339 -184.499949
46.150000 1.988354 1.443714 -975.581316 -212.053378
46.200000 2.009267 1.662082 -959.803791 -188.245188
46.250000 1.978634 1.567741 -967.311096 -207.515457
46.300000 2.002422 1.615122 -966.389675 -197.459691
46.350000 2.003968 1.491920 -975.709260 -206.185408
46.400000 2.001729 1.857252 -950.872754 -182.208918
46.450000 2.005887 1.542824 -985.503109 -215.242644
46.500000 1.981859 1.901221 -955.145485 -194.111785
46.550000 2.000030 1.898096 -956.307597 -188.296207
46.600000 2.000695 1.919051 -954.040619 -185.773556
46.650000 2.008269 2.164908 -931.228703 -160.053444
46.700000 2.005700 1.461948 -987.793452 -217.604821
46.750000 2.005121 1.598955 -977.022980 -207.056376
46.800000 1.990560 1.601846 -978.967204 -214.592180
46.850000 1.997261 1.329156 -1001.587118 -234.638910
46.900000 2.001053 1.686468 -965.480336 -197.075817
46.950000 1.990343 1.552648 -978.572205 -214.280470
47.000000 1.986193 1.893590 -954.068477 -191.370539
47.050000 2.007589 2.242566 -929.510201 -158.595887
47.100000 2.011395 1.649329 -972.800713 -200.425050
47.150000 2.007550 1.554004 -970.375149 -199.475877
47.200000 1.999499 1.184066 -998.590123 -230.782659
47.250000 1.994690 1.672818 -960.690320 -194.729320
47.300000 2.000416 1.747312 -965.455612 -197.295957
47.350000 2.007382 1.999741 -951.306203 -180.471527
47.400000 1.986857 1.948718 -960.778697 -197.825786
47.450000 2.009621 2.260874 -936.214396 -164.519754
47.500000 2.005598 1.889280 -963.162407 -193.012595
47.550000 1.992106 2.280485 -928.473431 -163.504656
47.600000 2.004332 2.158700 -936.056139 -166.392697
47.650000 1.995842 1.795950 -957.992608 -191.589234
47.700000 1.998147 1.617356 -969.043188 -201.754839
47.750000 2.000245 1.477539 -982.426321 -214.332232
47.800000 1.991539 1.687994 -970.516184 -205.765164
47.850000 2.010641 2.057794 -945.116879 -173.030719
47.900000 2.004443 1.555073 -991.096122 -221.389884
47.950000 2.002255 2.202716 -937.440304 -168.574239
48.000000 1.986743 1.814910 -970.279856 -207.370647
48.050000 2.008914 2.096988 -942.192839 -170.769872
48.100000 2.011264 1.487427 -988.006985 -215.681418
48.150000 1.983369 1.807617 -959.395554 -197.781833
48.200000 1.997439 2.320539 -919.391389 -152.374763
48.250000 2.007332 2.126662 -939.636196 -168.820694
48.300000 2.016835 1.752744 -963.030524 -188.565844
48.350000 1.983968 1.522890 -972.949215 -211.105694
48.400000 1.998417 2.013273 -937.819147 -170.427064
48.450000 2.006341 1.716725 -956.772643 -186.337801
48.500000 1.996434 1.192627 -993.575835 -226.945207
48.550000 1.987698 1.372832 -978.966001 -215.689793
48.600000 2.003284 1.436210 -980.906600 -211.645713
48.650000 2.002020 1.507134 -973.948136 -205.172615
48.700000 1.996555 1.757893 -954.062027 -187.385003
48.750000 2.006477 1.473956 -982.179645 -211.692383
48.800000 2.010460 1.591287 -972.422116 -200.405372
48.850000 2.020466 1.609329 -967.380547 -191.521755
48.900000 1.995352 1.813234 -953.307244 -187.092047
48.950000 1.990099 2.013003 -945.910111 -181.712278
49.000000 1.993581 2.385277 -923.121752 -157.586614
49.050000 2.024529 2.264290 -934.240244 -156.821178
49.100000 2.005796 1.554416 -983.061446 -212.835683
49.150000 2.001761 1.562053 -970.975530 -202.299444
49.200000 1.996801 1.784485 -951.887746 -185.116095
49.250000 2.013263 2.100041 -922.589643 -149.496736
49.300000 1.991267 1.398152 -976.708055 -212.061403
49.350000 1.997904 1.527106 -964.311163 -197.115886
49.400000 2.003636 1.336792 -988.095344 -218.699297
49.450000 1.989572 1.634620 -971.161182 -207.165579
49.500000 1.989314 2.137108 -932.659381 -168.762710
49.550000 2.011281 1.941496 -952.967090 -180.635208
49.600000 2.002030 1.886662 -952.173486 -183.393877
49.650000 2.012698 1.349928 -997.223260 -224.347290
49.700000 1.985098 1.587453 -979.391205 -217.113552
49.750000 2.002801 1.840949 -961.689250 -192.613578
49.800000 1.986948 2.238393 -927.103547 -164.115499
49.850000 2.018849 1.502631 -986.311539 -211.073663
49.900000 1.989338 1.781460 -960.624350 -196.718674
49.950000 1.991725 2.325315 -917.999179 -153.176899
50.000000 2.011330 1.799806 -961.210427 -188.859600
50.050000 2.001180 1.456591 -991.059460 -222.606208
50.100000 2.000850 1.476001 -992.214832 -223.888360
50.150000 2.003701 1.625482 -978.062447 -208.641183
50.200000 2.023025 1.686195 -966.564372 -189.722952
50.250000 1.992634 1.316332 -989.097256 -223.925691
50.300000 1.985619 1.605178 -968.177283 -205.699748
50.350000 2.004399 2.096760 -933.466998 -163.777598
50.400000 2.011970 1.601244 -972.174546 -199.578011
50.450000 1.997941 1.731765 -960.205754 -192.996408
50.500000 2.001490 1.930118 -949.892005 -181.319747
50.550000 2.017864 2.038916 -947.420779 -172.560975
50.600000 1.996276 2.123164 -939.985471 -173.415578
50.650000 1.996440 1.850811 -961.741600 -195.108809
50.700000 2.011983 1.841725 -959.700543 -187.099006
50.750000 1.987524 1.518215 -984.960915 -221.751535
50.800000 2.002928 1.913364 -952.540854 -183.416614
50.850000 2.002477 1.595528 -984.501931 -215.550790
50.900000 2.009454 2.054025 -948.250979 -176.620792
50.950000 2.003904 1.804442 -972.094268 -202.595094
51.000000 1.998988 1.615830 -983.314385 -215.702983
51.050000 2.003095 1.741028 -971.292098 -202.103799
51.100000 1.983721 1.850730 -963.709244 -201.960239
51.150000 1.996993 1.956676 -958.311488 -191.466326
51.200000 2.012237 1.802113 -963.722389 -191.023224
51.250000 2.005396 1.969845 -936.931919 -166.859768
51.300000 2.008630 1.696162 -957.413096 -186.099344
51.350000 2.011193 1.468698 -971.077394 -198.779176
51.400000 1.992326 1.175028 -990.953868 -225.900670
51.450000 1.994145 1.617964 -961.702888 -195.951167
51.500000 2.006372 1.706128 -960.682223 -190.235246
51.550000 1.987939 1.486026 -980.188717 -216.820153
51.600000 2.003138 2.025381 -943.325795 -174.120646
51.650000 1.999515 2.246461 -933.964715 -166.150815
51.700000 2.003299 2.221479 -930.384865 -161.118053
51.750000 2.008502 1.592401 -970.653041 -199.388294
51.800000 1.972791 1.406552 -975.345922 -217.794218
51.850000 1.989797 1.595268 -965.059440 -200.977369
51.900000 2.017309 2.225169 -918.781994 -144.135297
51.950000 2.012219 1.634197 -966.123107 -193.431174
52.000000 1.992708 1.802366 -949.204438 -184.004492
52.050000 2.006846 1.691616 -964.118279 -193.489495
52.100000 1.998112 1.540912 -981.544829 -214.269945
52.150000 2.000668 2.131678 -934.462572 -166.205986
52.200000 1.998443 2.095398 -939.233356 -171.831064
52.250000 2.008122 1.933588 -952.340815 -181.222011
52.300000 2.033545 1.392830 -988.818850 -207.937530
52.350000 1.999818 1.422384 -972.175982 -204.245869
52.400000 2.000337 1.297999 -976.686096 -208.556635
52.450000 2.016248 1.662530 -945.745910 -171.506494
52.500000 2.001701 0.983785 -819.325830 -50.672640
52.550000 1.992653 1.011354 -820.433374 -55.254654
52.600000 1.991123 1.154110 -812.385086 -47.793849
52.650000 2.012936 1.132224 -814.492430 -41.525112
52.700000 1.996620 1.101158 -813.581885 -46.879668
52.750000 2.007270 1.278274 -793.963415 -23.171681
52.800000 2.004954 0.993031 -817.905404 -48.003040
52.850000 1.999598 0.627180 -849.211470 -81.365891
52.900000 2.007013 0.563456 -852.391877 -81.699004
52.950000 1.985339 0.921332 -814.150858 -51.780845
53.000000 2.003758 0.817176 -822.472557 -53.029559
53.050000 2.009021 0.964857 -807.492168 -36.028093
53.100000 1.989895 1.206360 -786.357028 -22.237393
53.150000 1.996700 1.062395 -808.330928 -41.597967
53.200000 1.982582 1.161677 -802.082326 -40.770916
53.250000 2.015295 0.965299 -820.804293 -46.930859
53.300000 1.985042 0.900276 -813.246551 -50.990370
53.350000 1.991403 0.880937 -813.570684 -48.872060
53.400000 2.004771 1.191100 -788.515577 -18.683492
53.450000 1.993379 1.175862 -794.461765 -29.004344
53.500000 1.990315 1.247056 -789.058980 -24.778192
53.550000 1.999336 1.602838 -753.502364 14.242668
53.600000 2.017092 1.135588 -798.587967 -24.024569
53.650000 1.998217 1.022044 -802.169862 -34.854403
53.700000 2.007469 0.860987 -816.020028 -45.152031
53.750000 1.989764 0.889696 -812.894910 -48.825494
53.800000 2.009885 1.095494 -797.165861 -25.369843
53.850000 1.988225 1.128967 -797.368574 -33.890097
53.900000 1.998803 1.199541 -799.177930 -31.637439
53.950000 2.008856 1.322620 -787.420583 -16.019992
54.000000 1.998012 1.279298 -791.818428 -24.581843
54.050000 1.988438 1.372922 -783.289059 -19.729054
54.100000 2.010201 1.175260 -804.304544 -32.387472
54.150000 2.018414 1.309546 -784.964982 -9.894146
54.200000 1.996956 1.085416 -799.863408 -33.032311
54.250000 1.994943 0.897376 -814.564637 -48.506352
54.300000 1.998075 0.851591 -822.892446 -55.631665
54.350000 2.001394 1.115119 -801.204096 -32.668879
54.400000 1.999766 1.297926 -787.494095 -19.584022
54.450000 2.015508 0.769300 -840.697790 -66.742869
54.500000 1.994506 0.727809 -843.770748 -77.880600
54.550000 1.995453 1.404983 -779.540038 -13.285973
54.600000 2.004819 0.977535 -826.134053 -56.283708
54.650000 1.996552 1.237131 -795.396302 -28.720345
54.700000 1.990749 0.939572 -822.824460 -58.376961
54.750000 2.006273 0.637361 -854.961768 -84.552993
54.800000 1.999589 1.110657 -808.836058 -40.993891
54.850000 2.001142 1.136342 -807.025991 -38.587583
54.900000 1.998047 1.198780 -799.985572 -32.735583
54.950000 1.997696 0.952708 -831.353430 -64.238057
55.000000 2.012699 1.208606 -813.237410 -40.361056
55.050000 1.980141 1.398501 -802.249676 -41.875630
55.100000 2.014072 1.284157 -819.093252 -45.689681
55.150000 1.994571 1.336510 -811.677189 -45.761778
55.200000 2.022897 1.120640 -830.536275 -53.743934
55.250000 1.987719 1.099715 -821.486173 -58.202123
55.300000 2.010157 1.259133 -798.850314 -26.949860
55.350000 2.003669 1.061324 -811.720364 -42.311311
55.400000 1.993011 1.235662 -793.190186 -27.873843
55.450000 2.012485 1.035150 -813.080795 -40.286580
55.500000 1.983266 1.220996 -799.028401 -37.454356
55.550000 2.019190 1.397861 -782.855339 -7.486237
55.600000 1.993513 0.781554 -837.910896 -72.402083
55.650000 2.003509 0.788366 -830.564611 -61.217292
55.700000 1.993363 0.966020 -803.821830 -38.370473
55.750000 2.001523 0.708097 -825.151739 -56.566805
55.800000 1.999812 0.756526 -814.588343 -46.660582
55.850000 1.991448 0.734210 -816.463843 -51.747831
55.900000 2.003109 1.007349 -799.317757 -30.123713
55.950000 1.994977 1.174097 -795.133681 -29.062499
56.000000 2.011846 1.350379 -783.056565 -10.507885
56.050000 1.997880 0.982484 -822.785924 -55.599856
56.100000 2.009453 0.905641 -827.959476 -56.329498
56.150000 1.998236 0.917961 -822.805846 -55.483214
56.200000 1.999495 0.908894 -819.058074 -51.251889
56.250000 2.002689 0.914932 -820.528012 -51.495364
56.300000 1.995322 1.152093 -803.591520 -37.387868
56.350000 2.008499 1.159306 -812.051311 -40.787683
56.400000 1.995793 1.097351 -819.668223 -53.283747
56.450000 1.982651 0.915395 -835.934744 -74.596626
56.500000 1.997881 0.995964 -827.579270 -60.393020
56.550000 1.991950 1.038627 -825.413713 -60.504920
56.600000 2.001708 1.153499 -819.233752 -50.577808
56.650000 2.003280 1.237766 -815.752682 -46.492985
56.700000 2.000645 1.206366 -823.740967 -55.493453
56.750000 1.990100 1.194611 -831.015012 -66.816515
56.800000 1.989360 1.687306 -785.677625 -21.763473
56.850000 2.007298 1.311800 -823.030346 -52.227914
56.900000 1.998703 1.290281 -818.035326 -50.533253
56.950000 2.001420 1.543368 -787.604234 -19.059077
57.000000 2.004525 1.191332 -820.784477 -51.046997
57.050000 2.002335 1.174893 -814.077571 -45.180920
57.100000 1.993441 1.099175 -813.363530 -47.882006
57.150000 2.005313 1.399668 -778.039341 -7.999257
57.200000 2.012199 0.996057 -811.982968 -39.298422
57.250000 2.011390 0.936458 -812.914083 -40.540267
57.300000 2.000988 0.782740 -825.802130 -57.422548
57.350000 2.000525 0.777167 -827.827070 -59.625336
57.400000 1.989927 1.152133 -793.426021 -29.294214
57.450000 2.010259 1.130051 -801.584128 -29.644814
57.500000 2.008632 1.059079 -810.828793 -39.514272
57.550000 1.992627 1.339659 -786.194265 -21.025308
57.600000 2.013550 1.211010 -799.002464 -25.799229
57.650000 2.012467 0.775350 -833.161548 -60.374125
57.700000 1.990701 1.020519 -801.014165 -36.584976
57.750000 1.997065 0.998028 -809.088434 -42.215387
57.800000 1.983666 1.145164 -802.081398 -40.353494
57.850000 2.020345 0.898373 -836.138851 -60.326278
57.900000 1.985051 1.149076 -813.966903 -51.707190
57.950000 1.993960 1.509070 -781.018301 -15.337626
58.000000 2.016192 1.151689 -813.048436 -38.830624
58.050000 1.993791 1.002185 -820.980466 -55.364544
58.100000 1.986266 1.246281 -794.008637 -31.282553
58.150000 1.994385 1.089840 -813.234140 -47.390360
58.200000 2.008316 1.457204 -776.951752 -5.758262
58.250000 2.000941 1.208972 -795.761714 -27.400432
58.300000 1.990703 1.300656 -783.818790 -19.388692
58.350000 2.010274 1.020034 -805.731788 -33.786383
58.400000 1.992993 0.684725 -832.104973 -66.795830
58.450000 1.999424 0.917340 -805.873403 -38.094531
58.500000 1.991436 1.073238 -791.747012 -27.035765
58.550000 2.001451 1.079714 -794.910944 -26.353636
58.600000 2.004582 0.982325 -804.292760 -34.533105
58.650000 1.988983 1.069353 -798.094814 -34.325498
58.700000 2.005580 1.205429 -787.185842 -17.042979
58.750000 1.993823 0.905145 -820.256061 -54.627957
58.800000 2.006376 0.842699 -831.737259 -61.288815
58.850000 1.991789 1.220126 -797.812302 -32.965255
58.900000 1.998859 1.398948 -784.220301 -16.658537
58.950000 1.994461 1.092521 -810.994469 -45.121401
59.000000 1.997846 1.402996 -777.979387 -10.806476
59.050000 1.997453 1.637526 -752.447418 14.574532
59.100000 2.023716 1.188523 -789.129481 -12.022360
59.150000 1.988638 1.034124 -799.601034 -35.963891
59.200000 2.013293 1.184031 -781.722876 -8.618390
59.250000 1.988214 0.936815 -805.465147 -41.990920
59.300000 1.996321 1.149796 -797.418412 -30.831158
59.350000 1.996235 1.529089 -771.062840 -4.508575
59.400000 2.001918 1.177795 -806.798797 -38.062198
59.450000 1.996146 0.960364 -824.229336 -57.709311
59.500000 2.009779 0.983875 -814.186859 -42.431852
59.550000 1.997015 0.852773 -817.071886 -50.217951
59.600000 2.003450 0.841426 -814.511527 -45.186721
59.650000 1.995128 1.016069 -798.255715 -32.126407
59.700000 2.000351 1.013935 -804.526623 -36.391692
59.750000 1.994117 1.125596 -797.880894 -32.140027
59.800000 1.992746 1.003766 -821.452075 -56.237778
59.850000 1.999436 1.533432 -774.346794 -6.563185
59.900000 2.011101 1.211295 -801.239846 -28.977241
59.950000 1.994648 0.869066 -818.510953 -52.566189
60.000000 1.999154 0.641619 -658.648572 109.026744
60.050000 1.988810 0.751108 -647.784708 115.918383
60.100000 2.008524 0.734039 -652.358156 118.915087
60.150000 1.987559 0.759156 -646.847037 116.375666
60.200000 2.005133 0.804452 -635.810934 134.160212
60.250000 1.996658 0.546266 -659.065371 107.651450
60.300000 1.996991 0.537545 -655.338263 111.506252
60.350000 2.003982 0.701681 -637.541553 131.987626
60.400000 1.991457 0.916805 -613.832520 150.887150
60.450000 2.011747 0.697719 -640.926337 131.584372
60.500000 1.992472 0.671908 -641.518490 123.590787
60.550000 2.010680 0.422753 -671.927405 100.173751
60.600000 1.984433 0.657915 -644.345429 117.676983
60.650000 2.002220 0.667177 -646.676092 122.176305
60.700000 2.004574 0.751324 -632.355705 137.400765
60.750000 1.998717 0.701437 -637.386683 130.120556
60.800000 1.998684 0.527893 -661.674073 105.820558
60.850000 2.004229 0.616061 -651.844581 117.779524
60.900000 2.005495 0.550238 -658.349341 111.760902
60.950000 1.997026 0.458598 -671.339240 95.518560
61.000000 2.001306 0.694896 -649.304387 119.197042
61.050000 2.020659 0.578013 -666.478660 109.454277
61.100000 1.997988 0.524437 -668.585276 98.641991
61.150000 1.993798 0.774816 -636.967624 128.650978
61.200000 1.997025 0.650906 -652.786669 114.071078
61.250000 2.003581 0.751719 -635.824838 133.550200
61.300000 2.001601 0.572780 -656.008011 112.606775
61.350000 2.004106 0.714916 -632.181168 137.395489
61.400000 1.995055 0.611161 -636.374764 129.726417
61.450000 2.009426 0.498065 -644.247829 127.371788
61.500000 1.988751 0.577399 -638.752774 124.927790
61.550000 2.011338 0.605202 -642.484068 129.869854
61.600000 1.994099 0.650840 -640.979641 124.754207
61.650000 2.005626 0.757340 -635.018184 135.142199
61.700000 2.009835 0.604808 -659.471915 112.304584
61.750000 2.002666 0.710629 -649.300289 119.723478
61.800000 2.004588 0.652787 -659.736627 110.025170
61.850000 1.995668 0.574727 -669.680508 96.655948
61.900000 1.998891 0.605779 -669.559033 98.015048
61.950000 1.993114 0.690218 -662.061858 103.293806
62.000000 1.995430 0.884036 -639.596815 126.648265
62.050000 2.008068 0.756252 -660.332504 110.765795
62.100000 2.003857 0.792601 -653.671698 115.809509
62.150000 1.999170 0.705792 -666.834639 100.846734
62.200000 1.996253 0.864850 -647.461337 119.099818
62.250000 2.011970 0.753990 -657.712506 114.883803
62.300000 2.003610 0.835674 -641.588263 127.797842
62.350000 2.003109 0.663206 -664.265211 104.928481
62.400000 1.985763 0.899978 -642.057419 120.475660
62.450000 2.004703 0.934517 -642.028374 127.777673
62.500000 2.010726 0.928842 -632.734111 139.384793
62.550000 1.993495 0.579883 -667.607140 97.894986
62.600000 2.004584 0.580574 -657.411685 112.348430
62.650000 1.990426 0.668087 -645.027580 119.296146
62.700000 2.006740 0.980492 -605.627677 164.960434
62.750000 2.010416 0.516683 -655.894538 116.105166
62.800000 1.997528 0.425116 -662.155251 104.895422
62.850000 2.004739 0.456949 -660.942806 108.877003
62.900000 1.992165 0.539705 -654.420388 110.571080
62.950000 1.989599 0.872781 -616.895962 147.110004
63.000000 2.003040 0.839065 -621.197050 147.970458
63.050000 1.998336 0.747354 -631.663898 135.696948
63.100000 2.003802 1.041216 -596.413500 173.046368
63.150000 2.002193 0.814202 -627.209151 141.633059
63.200000 1.996981 0.735334 -632.692158 134.148655
63.250000 1.981821 0.832954 -621.032647 139.986681
63.300000 1.997791 0.861514 -618.728648 148.422950
63.350000 2.008997 0.880675 -613.525940 157.928782
63.400000 2.002431 0.784594 -630.274715 138.658679
63.450000 2.004232 0.765665 -638.043644 131.581598
63.500000 1.996794 0.754833 -641.659065 125.109783
63.550000 1.986780 0.784588 -642.591728 120.331947
63.600000 2.002596 0.830717 -638.775190 130.221587
63.650000 1.986632 0.685558 -654.176288 108.690435
63.700000 1.998334 0.784785 -638.552886 128.807466
63.750000 2.008595 0.703166 -643.444163 127.856365
63.800000 1.986297 0.626156 -647.178200 115.559783
63.850000 2.001090 0.838349 -619.337721 149.080989
63.900000 2.007011 0.671963 -638.752945 131.939125
63.950000 2.004598 0.596668 -643.959326 125.806233
64.000000 1.996146 0.725816 -629.623575 136.896331
64.050000 2.004849 0.797516 -625.657351 144.204648
64.100000 1.997490 0.706693 -639.312725 127.723609
64.150000 2.014250 0.747445 -638.168744 135.303236
64.200000 1.998982 0.743586 -645.117589 122.491346
64.250000 1.981132 1.049102 -614.310359 146.444457
64.300000 2.008854 0.850145 -645.403053 125.997065
64.350000 2.002199 0.679006 -666.902390 101.942017
64.400000 2.002234 0.711089 -663.520844 105.337193
64.450000 2.009720 0.772000 -651.912578 119.819794
64.500000 2.010527 0.528194 -677.826983 94.215323
64.550000 1.998003 0.550733 -677.510894 89.722231
64.600000 1.999569 0.878974 -641.821374 126.013222
64.650000 1.995652 0.799170 -646.520102 119.810228
64.700000 2.005942 0.576057 -666.320688 103.961145
64.750000 2.002798 0.523081 -668.805555 100.268808
64.800000 1.994236 0.591508 -663.511936 102.274758
64.850000 2.007270 0.893156 -632.189365 138.602205
64.900000 2.014674 0.821536 -641.074478 132.560294
64.950000 1.993280 0.707485 -655.110200 110.309400
65.000000 2.007819 0.665019 -668.635314 102.367056
65.050000 1.992255 1.059572 -628.087387 136.938515
65.100000 2.011234 1.148030 -626.119953 146.194027
65.150000 1.998341 0.885701 -657.664881 109.698222
65.200000 1.977258 1.176823 -613.453039 145.814128
65.250000 1.999512 0.903379 -642.959700 124.852794
65.300000 2.002570 0.847640 -641.775141 127.211767
65.350000 1.997458 0.523199 -675.087702 91.936200
65.400000 1.993873 0.654005 -655.804034 109.843013
65.450000 1.995735 0.735672 -644.502655 121.859463
65.500000 2.003150 0.592905 -655.103163 114.106409
65.550000 2.007467 0.474133 -658.236208 112.631080
65.600000 1.997977 0.311127 -671.866346 95.356943
65.650000 1.992980 0.382648 -669.960337 95.343914
65.700000 2.000686 0.591357 -658.846142 109.417367
65.750000 1.997474 0.606727 -668.347329 98.682515
65.800000 1.994469 0.873981 -643.675967 122.200262
65.850000 2.012079 0.998742 -636.826679 135.811531
65.900000 2.006794 0.857444 -652.809743 117.799192
65.950000 2.001245 0.813322 -655.018980 113.458993
66.000000 2.022086 0.814256 -649.181362 127.299733
66.050000 1.994971 0.629926 -666.776054 99.292748
66.100000 2.002054 0.712176 -655.955882 112.832950
66.150000 1.998951 0.723666 -652.917557 114.679594
66.200000 1.994417 0.716835 -654.012377 111.843653
66.250000 2.009042 0.871430 -635.113378 136.358790
66.300000 1.994366 0.778399 -644.835988 121.000418
66.350000 2.000100 0.743547 -646.157026 121.881452
66.400000 1.995114 0.758098 -644.843035 121.280665
66.450000 1.999135 0.896971 -626.202381 141.465542
66.500000 2.011243 0.548152 -667.002973 105.314386
66.550000 2.002296 0.540462 -666.069510 102.811970
66.600000 1.997153 0.604410 -662.179411 104.727271
66.650000 2.010402 0.846805 -630.508995 141.485451
66.700000 2.003014 0.539696 -663.989952 105.167605
66.750000 2.000453 0.454802 -674.457722 93.716243
66.800000 1.986954 0.776697 -642.630927 120.359578
66.850000 2.007094 0.924821 -631.558581 139.165509
66.900000 1.988362 0.787170 -648.600375 114.930529
66.950000 2.006212 0.832974 -639.478924 130.906512
67.000000 2.001541 0.485444 -675.092119 93.499441
67.050000 1.995335 0.493297 -673.228329 92.980294
67.100000 2.006490 0.578749 -665.542516 104.949751
67.150000 1.998606 0.570201 -667.326079 100.138803
67.200000 1.993482 0.609151 -662.958114 102.538790
67.250000 1.997653 0.701581 -648.033259 119.065343
67.300000 2.001318 0.602779 -654.144132 114.361931
67.350000 1.997911 0.488260 -663.311859 103.886098
67.400000 1.989529 0.692007 -641.962824 122.016275
67.450000 1.994191 0.887423 -625.353839 140.415340
