# t Temp Pres Epot Etot
0.000000 2.028377 28.065076 -1443.210704 -664.314077
0.050000 2.007905 27.722732 -1456.441199 -685.405635
0.100000 1.990327 28.901523 -1402.043414 -637.757668
0.150000 1.992859 28.884546 -1404.698965 -639.441216
0.200000 2.025578 29.044161 -1401.982638 -624.160794
0.250000 1.988956 29.161340 -1390.567852 -626.808909
0.300000 2.019060 29.085308 -1393.841648 -618.522704
0.350000 2.028737 27.609257 -1465.720409 -686.685437
0.400000 2.007620 28.738678 -1407.147319 -636.221269
0.450000 1.989292 29.574476 -1374.402118 -610.513947
0.500000 2.010487 28.474720 -1422.334111 -650.307027
0.550000 1.999702 28.181192 -1438.390805 -670.505150
0.600000 2.007405 29.468680 -1378.048415 -607.204821
0.650000 2.003948 28.661239 -1414.371593 -644.855625
0.700000 1.984702 29.752515 -1363.281888 -601.156488
0.750000 1.997075 28.767133 -1408.134240 -641.257594
0.800000 1.970228 27.600222 -1463.005136 -706.437585
0.850000 2.024746 29.351490 -1387.957931 -610.455592
0.900000 1.999759 30.191356 -1346.590148 -578.682793
0.950000 2.026950 29.376149 -1387.765717 -609.417096
1.000000 2.002302 26.894785 -1496.801186 -727.917128
1.050000 1.964802 28.955445 -1401.367543 -646.883683
1.100000 2.015012 29.069933 -1399.279224 -625.514599
1.150000 2.018942 28.243642 -1432.971094 -657.697322
1.200000 1.986297 28.461060 -1424.365277 -661.627080
1.250000 1.990169 28.267079 -1432.488808 -668.263821
1.300000 2.007236 29.221990 -1391.769980 -620.991368
1.350000 1.972254 28.174240 -1435.465185 -678.119543
1.400000 2.021197 29.714449 -1365.229023 -589.089322
1.450000 1.991547 28.844431 -1404.472252 -639.718133
1.500000 2.013512 28.644263 -1416.848363 -643.659756
1.550000 1.990704 28.018061 -1444.106659 -679.676263
1.600000 2.001520 28.459578 -1424.565162 -655.981384
1.650000 1.991942 28.327515 -1430.202268 -665.296599
1.700000 2.000352 28.718682 -1414.044265 -645.909149
1.750000 2.005130 30.272989 -1343.969701 -573.999694
1.800000 2.029035 29.014716 -1402.304040 -623.154474
1.850000 1.992665 28.160170 -1439.442671 -674.259379
1.900000 2.001311 27.830655 -1453.547937 -685.044527
1.950000 1.988902 29.498253 -1377.688106 -613.949721
2.000000 1.987347 28.480545 -1423.907016 -660.765788
2.050000 2.027602 28.694338 -1415.384784 -636.785504
2.100000 2.003477 28.426495 -1422.047322 -652.712142
2.150000 1.985592 29.089492 -1394.877556 -632.410039
2.200000 1.973681 29.264550 -1389.279280 -631.385928
2.250000 2.012014 27.675213 -1460.221972 -687.608690
2.300000 1.994507 29.347303 -1382.436287 -616.545725
2.350000 2.003767 28.898948 -1397.925672 -628.479254
2.400000 1.990331 29.275901 -1388.177930 -623.890735
2.450000 1.942020 29.753495 -1362.097673 -616.361922
2.500000 1.995310 28.552053 -1415.039894 -648.840923
2.550000 1.977086 27.891067 -1449.429075 -690.228025
2.600000 2.005485 29.225755 -1390.978893 -620.872825
2.650000 1.996793 28.705369 -1409.965874 -643.197394
2.700000 2.005441 28.682662 -1413.231151 -643.141984
2.750000 2.005100 27.879303 -1447.364377 -677.406016
2.800000 1.976982 28.494040 -1420.803976 -661.642872
2.850000 2.014185 29.320289 -1386.015075 -612.568139
2.900000 1.961205 29.303999 -1383.397327 -630.294444
2.950000 1.973920 29.711740 -1366.943715 -608.958428
3.000000 1.996009 28.876705 -1406.927064 -640.459567
3.050000 1.979374 29.478898 -1375.803196 -615.723389
3.100000 2.031211 26.975634 -1492.897244 -712.912296
3.150000 2.010376 28.075444 -1439.307281 -667.322835
3.200000 1.954108 29.484456 -1377.955441 -627.577962
3.250000 1.991920 28.748392 -1410.312426 -645.415211
3.300000 1.993614 29.466776 -1380.814676 -615.267011
3.350000 1.981310 28.107681 -1437.737773 -676.914693
3.400000 2.041067 28.651406 -1417.812297 -634.042436
3.450000 1.987517 28.247516 -1430.770793 -667.564400
3.500000 1.984776 29.072014 -1395.525148 -633.371042
3.550000 2.015429 30.151103 -1347.857736 -573.933037
3.600000 2.007320 28.349842 -1429.486752 -658.675694
3.650000 1.968287 29.644049 -1369.292938 -613.470590
3.700000 2.037870 27.748907 -1456.735423 -674.193244
3.750000 1.995561 27.391425 -1471.590812 -705.295267
3.800000 1.986663 29.484471 -1377.571538 -614.692904
3.850000 1.996659 30.144294 -1346.909438 -580.192278
3.900000 2.008884 28.534820 -1421.420742 -650.009167
3.950000 2.016060 27.164495 -1481.437507 -707.270434
4.000000 1.947979 28.856799 -1402.808265 -654.784239
4.050000 2.004537 29.963371 -1356.293051 -586.550881
4.100000 2.017985 28.185679 -1437.981465 -663.075271
4.150000 1.987908 29.983623 -1356.402256 -593.045428
4.200000 2.044375 27.728843 -1457.435991 -672.396021
4.250000 1.983103 28.812491 -1403.657221 -642.145485
4.300000 1.952701 28.241479 -1430.184341 -680.347339
4.350000 1.991666 29.309547 -1386.997478 -622.197555
4.400000 2.017010 28.764578 -1409.659902 -635.128224
4.450000 1.988324 28.388448 -1425.054593 -661.538064
4.500000 2.022293 31.019665 -1310.094060 -533.533631
4.550000 2.018919 27.320079 -1473.498264 -698.233430
4.600000 2.000918 27.861532 -1447.926897 -679.574522
4.650000 1.983067 29.163943 -1389.652647 -628.154781
4.700000 2.008314 28.444001 -1422.260991 -651.068262
4.750000 1.967637 30.148638 -1344.870188 -589.297521
4.800000 2.025026 28.458695 -1424.302193 -646.692061
4.850000 1.979416 29.072265 -1394.354560 -634.258804
4.900000 2.017635 29.729904 -1365.261959 -590.490001
4.950000 1.976906 27.792706 -1451.843739 -692.711703
5.000000 1.994319 28.971323 -1401.940574 -636.122208
5.050000 2.017173 28.186514 -1439.425518 -664.830984
5.100000 1.975917 28.555857 -1419.363968 -660.611776
5.150000 1.996389 28.415442 -1425.957462 -659.344209
5.200000 1.994637 27.927077 -1448.280942 -682.340370
5.250000 2.029369 30.358171 -1342.406096 -563.128287
5.300000 1.948910 29.208674 -1387.441297 -639.059720
5.350000 2.018723 28.274261 -1433.946050 -658.756422
5.400000 1.977569 29.146765 -1390.534631 -631.148210
5.450000 2.015507 28.515950 -1420.228380 -646.273684
5.500000 1.981713 28.434097 -1420.816224 -659.838260
5.550000 1.968322 29.614184 -1366.864655 -611.029097
5.600000 2.013103 27.768096 -1453.712702 -680.681148
5.650000 2.004482 28.376815 -1428.727169 -659.005986
5.700000 1.971837 30.096203 -1347.588896 -590.403557
5.750000 1.974643 29.136042 -1392.010058 -633.747335
5.800000 2.012191 29.626856 -1370.090476 -597.409045
5.850000 2.010372 27.990902 -1442.571963 -670.589217
5.900000 1.984440 28.725333 -1407.911099 -645.886134
5.950000 1.977512 29.343976 -1382.626224 -623.261572
6.000000 2.025964 28.228195 -1435.364859 -657.394592
6.050000 1.976957 28.898504 -1402.149507 -642.998035
6.100000 2.032617 29.599954 -1375.471401 -594.946502
6.150000 1.980528 28.526615 -1418.414886 -657.892224
6.200000 1.980211 29.714484 -1365.580630 -605.179762
6.250000 2.018995 28.814090 -1407.699245 -632.405331
6.300000 1.995067 27.946567 -1446.176165 -680.070467
6.350000 1.975577 28.542435 -1420.282316 -661.660623
6.400000 2.000421 29.430944 -1378.789130 -610.627500
6.450000 1.983335 27.845431 -1448.025981 -686.425157
6.500000 1.962921 29.219893 -1387.690165 -633.928606
6.550000 1.978513 30.528694 -1330.911755 -571.162947
6.600000 2.005300 30.441921 -1333.293680 -563.258342
6.650000 2.010472 28.562400 -1421.438100 -649.417009
6.700000 2.036166 27.557810 -1463.613749 -681.726192
6.750000 2.025211 29.087625 -1393.588717 -615.907580
6.800000 1.997795 27.915999 -1445.414710 -678.261313
6.850000 1.994313 27.743580 -1454.907781 -689.091428
6.900000 2.009976 28.751225 -1408.872485 -637.041855
6.950000 2.023121 30.617375 -1324.795741 -547.917228
7.000000 1.993471 29.431741 -1378.741481 -613.248584
7.050000 2.014741 28.249635 -1434.913064 -661.252589
7.100000 1.981447 29.208964 -1390.875783 -630.000019
7.150000 2.022068 28.867870 -1404.470018 -627.995963
7.200000 1.997334 28.898400 -1404.643615 -637.667449
7.250000 2.027895 27.423966 -1471.433792 -692.721943
7.300000 1.992984 29.782129 -1361.526012 -596.220074
7.350000 1.971029 28.650022 -1413.628586 -656.753348
7.400000 1.989921 30.008100 -1348.937548 -584.807849
7.450000 2.025489 28.665592 -1414.826080 -637.038305
7.500000 2.006784 18.271344 -1492.379623 -721.774461
7.550000 1.995173 17.020519 -1552.486259 -786.339808
7.600000 2.008436 16.911701 -1558.001903 -786.762624
7.650000 2.000976 18.445866 -1483.921793 -715.547049
7.700000 1.992197 18.379162 -1485.827668 -720.824044
7.750000 2.014480 18.006960 -1505.257107 -731.696934
7.800000 2.019379 16.776533 -1561.494892 -786.053291
7.850000 2.009910 16.137070 -1590.704596 -818.899048
7.900000 1.991510 16.833377 -1560.798240 -796.058376
7.950000 2.001669 17.649938 -1521.945826 -753.304913
8.000000 2.004373 18.789756 -1467.716500 -698.037273
8.050000 2.025189 18.421920 -1486.257885 -708.585474
8.100000 2.010983 16.767466 -1563.763115 -791.545726
8.150000 1.944281 17.560273 -1521.680416 -775.076552
8.200000 2.005053 18.110971 -1506.447394 -736.507116
8.250000 2.002991 17.739000 -1520.929723 -751.780995
8.300000 1.980636 16.933804 -1555.069807 -794.505636
8.350000 1.998059 16.916388 -1560.428962 -793.174413
8.400000 1.995138 17.815555 -1510.526106 -744.393239
8.450000 1.979969 18.468384 -1482.251286 -721.943025
8.500000 2.014446 18.949586 -1465.166516 -691.619096
8.550000 1.987862 17.245121 -1541.373733 -778.034793
8.600000 2.022033 16.719733 -1566.797329 -790.336678
8.650000 1.975421 17.140604 -1545.283877 -786.722398
8.700000 1.990323 17.421533 -1531.311866 -767.027870
8.750000 2.016339 16.306553 -1584.500233 -810.225969
8.800000 1.979965 17.492359 -1527.266697 -766.960021
8.850000 1.993796 18.346736 -1492.099279 -726.481705
8.900000 2.025576 17.875327 -1513.590467 -735.769130
8.950000 2.004759 17.084206 -1550.388960 -780.561587
9.000000 1.990400 18.329175 -1490.722440 -726.408874
9.050000 2.005237 18.323354 -1491.028173 -721.017073
9.100000 1.998767 17.958558 -1506.635075 -739.108731
9.150000 2.002759 18.194895 -1497.161294 -728.101827
9.200000 1.999257 18.605642 -1477.489197 -709.774546
9.250000 2.006201 16.345525 -1584.537397 -814.156370
9.300000 1.992669 18.144977 -1500.115607 -734.930862
9.350000 1.993758 17.885581 -1512.190595 -746.587504
9.400000 1.985850 18.334280 -1493.401679 -730.835088
9.450000 2.037039 17.411897 -1537.368824 -755.145942
9.500000 2.016820 16.261479 -1586.015901 -811.557099
9.550000 1.960158 16.784974 -1562.484209 -809.783558
9.600000 1.964214 19.399392 -1433.552374 -679.294122
9.650000 1.990223 18.866411 -1465.087249 -700.841514
9.700000 2.007358 18.746234 -1472.440399 -701.615016
9.750000 1.992254 18.499321 -1481.847665 -716.822109
9.800000 2.028912 17.467276 -1533.416824 -754.314557
9.850000 1.995549 16.969060 -1555.946596 -789.655797
9.900000 2.003582 17.750960 -1516.915252 -747.539702
9.950000 1.988000 17.628427 -1522.477610 -759.085677
10.000000 2.039513 17.585767 -1527.872797 -744.699759
10.050000 1.931998 18.818766 -1460.267131 -718.379885
10.100000 2.024544 18.055017 -1505.460777 -728.035947
10.150000 2.023556 16.993448 -1555.640607 -778.594955
10.200000 2.020150 15.481806 -1623.439174 -847.701530
10.250000 1.973151 16.987144 -1553.781917 -796.091749
10.300000 1.954567 19.098717 -1451.307346 -700.753524
10.350000 2.034331 18.682903 -1474.538528 -693.355564
10.400000 2.007570 17.657390 -1525.861957 -754.955256
10.450000 1.995953 17.100613 -1548.619231 -782.173407
10.500000 2.001744 17.704023 -1522.364091 -753.694544
10.550000 1.994835 17.704994 -1523.470877 -757.454091
10.600000 1.975420 17.765958 -1522.997774 -764.436376
10.650000 2.017699 19.222848 -1451.115057 -676.318616
10.700000 2.022045 17.746271 -1519.041796 -742.576612
10.750000 1.973647 18.143894 -1495.869797 -737.989452
10.800000 1.989416 19.422844 -1442.495149 -678.559424
10.850000 2.045421 17.413073 -1538.811874 -753.370050
10.900000 1.999331 16.989338 -1554.969881 -787.226959
10.950000 1.983756 17.265706 -1540.358627 -778.596150
11.000000 2.021403 16.786921 -1566.930479 -790.711748
11.050000 2.011072 18.589651 -1475.064012 -702.812383
11.100000 1.997204 18.016847 -1501.729651 -734.803367
11.150000 2.006424 17.987811 -1505.008209 -734.541240
11.200000 1.997509 18.170086 -1494.349415 -727.305824
11.250000 2.026376 18.629527 -1478.247473 -700.119257
11.300000 2.006971 17.937222 -1506.145986 -735.468961
11.350000 1.965166 17.728388 -1516.224549 -761.600908
11.400000 2.013155 19.014330 -1461.099743 -688.048057
11.450000 2.028328 16.798112 -1564.648438 -785.770333
11.500000 2.018842 15.598197 -1621.465582 -846.230348
11.550000 1.983153 17.631852 -1524.316390 -762.785819
11.600000 1.980712 17.464337 -1530.222888 -769.629421
11.650000 1.993229 19.945920 -1413.031390 -647.631420
11.700000 1.988943 18.759207 -1469.632400 -705.878123
11.750000 1.994242 18.292027 -1488.486107 -722.697101
11.800000 2.006502 18.287828 -1491.453354 -720.956732
11.850000 2.010673 17.491849 -1528.663735 -756.565234
11.900000 1.994426 17.731431 -1516.395390 -750.535864
11.950000 1.991727 17.350384 -1536.427111 -771.603949
12.000000 2.000651 18.958623 -1463.645770 -695.395741
12.050000 2.000674 17.837320 -1514.236855 -745.977973
12.100000 2.000322 17.990862 -1509.234741 -741.110994
12.150000 2.012022 16.320429 -1586.115039 -813.498645
12.200000 2.007469 17.295620 -1537.720380 -766.852255
12.250000 1.971932 18.053711 -1497.039275 -739.817439
12.300000 1.961303 19.111426 -1449.777389 -696.637054
12.350000 2.038149 18.959701 -1460.146731 -677.497655
12.400000 2.005576 17.506624 -1528.620948 -758.479773
12.450000 1.984901 16.857123 -1558.998343 -796.796481
12.500000 1.992421 17.498304 -1528.671701 -763.581853
12.550000 2.026522 18.249885 -1494.695477 -716.510854
12.600000 2.026549 17.474137 -1530.686790 -752.492018
12.650000 2.012422 17.596869 -1526.086518 -753.316402
12.700000 2.009985 16.461202 -1575.390937 -803.556601
12.750000 1.988299 16.669275 -1573.203732 -809.696952
12.800000 1.984541 18.766642 -1471.913464 -709.849659
12.850000 2.024171 17.382718 -1538.334110 -761.052426
12.900000 1.984310 18.635263 -1476.478079 -714.503041
12.950000 1.988736 19.089475 -1454.500760 -690.826002
13.000000 1.998373 17.446174 -1532.572905 -765.197606
13.050000 2.019988 17.939572 -1512.428306 -736.752817
13.100000 1.991221 16.882891 -1564.906519 -800.277773
13.150000 2.011049 18.091784 -1506.048866 -733.806222
13.200000 2.034570 17.356492 -1536.155495 -754.880709
13.250000 1.990958 17.563761 -1524.453543 -759.925810
13.300000 2.002084 16.544078 -1578.635402 -809.835180
13.350000 2.002788 17.843869 -1515.862390 -746.791978
13.400000 1.993552 18.191953 -1497.993206 -732.469075
13.450000 1.990928 18.546708 -1483.743801 -719.227518
13.500000 2.010915 19.145905 -1449.866909 -677.675640
13.550000 2.020497 17.173494 -1546.131803 -770.261075
13.600000 2.003803 17.581922 -1523.298621 -753.838329
13.650000 1.980574 18.361623 -1489.825537 -729.285290
13.700000 2.001315 17.637999 -1522.701720 -754.196814
13.750000 1.979446 17.551841 -1528.853664 -768.746564
13.800000 1.998694 18.286262 -1490.683857 -723.185286
13.850000 2.033905 17.984504 -1509.829374 -728.810040
13.900000 2.004545 18.352767 -1489.019520 -719.274265
13.950000 2.003260 17.578915 -1523.774363 -754.522487
14.000000 2.005166 17.598902 -1524.918115 -754.934369
14.050000 1.994001 17.619248 -1528.582176 -762.885812
14.100000 2.015937 18.568049 -1481.867089 -707.747321
14.150000 2.027755 17.978848 -1506.253744 -727.595697
14.200000 1.981657 17.160403 -1547.277617 -786.321397
14.250000 2.011563 19.929422 -1417.179482 -644.739451
14.300000 2.014623 18.521145 -1480.961333 -707.346085
14.350000 2.016788 17.656386 -1523.714301 -749.267897
14.400000 2.001739 16.646828 -1570.768870 -802.101256
14.450000 2.000903 17.010797 -1555.811052 -787.464304
14.500000 1.990259 16.923745 -1556.787073 -792.527616
14.550000 1.990943 17.401096 -1534.238677 -769.716611
14.600000 1.994435 18.379680 -1487.888642 -722.025658
14.650000 2.019457 18.098019 -1503.764767 -728.293375
14.700000 2.023296 18.709164 -1473.199923 -696.254210
14.750000 1.971912 17.526316 -1529.184811 -771.970644
14.800000 2.012391 18.352596 -1489.987810 -717.229662
14.850000 1.968140 18.727589 -1470.970960 -715.205245
14.900000 2.024383 18.548386 -1482.029314 -704.666227
14.950000 2.043148 16.765022 -1565.284892 -780.716069
15.000000 2.012439 15.023469 -1307.584184 -534.807572
15.050000 2.009479 15.018050 -1305.136041 -533.496277
15.100000 1.997047 14.570650 -1325.409199 -558.543259
15.150000 2.023521 15.401799 -1286.550335 -509.518373
15.200000 1.982115 14.816981 -1309.686486 -548.554431
15.250000 2.004776 15.178069 -1292.524558 -522.690413
15.300000 1.985291 15.286860 -1291.374040 -529.022479
15.350000 2.024591 14.166888 -1355.288579 -577.845657
15.400000 1.982736 15.024562 -1307.226153 -545.855529
15.450000 2.003368 15.430299 -1287.824171 -518.530910
15.500000 2.003270 15.042834 -1302.020584 -532.764921
15.550000 1.982928 14.429859 -1334.292137 -572.847609
15.600000 2.015618 14.621103 -1322.790646 -548.793459
15.650000 1.977923 14.596506 -1322.366072 -562.843461
15.700000 2.007791 15.229661 -1287.329858 -516.338306
15.750000 2.002763 15.324817 -1285.981685 -516.920827
15.800000 2.005624 15.864674 -1262.422978 -492.263203
15.850000 2.015244 15.535436 -1271.555970 -497.702293
15.900000 2.004248 15.626152 -1272.682281 -503.051239
15.950000 2.043558 15.333547 -1295.142228 -510.415815
16.000000 1.980304 15.316681 -1294.070188 -533.633499
16.050000 1.992821 15.349950 -1292.073433 -526.830031
16.100000 2.023656 15.333309 -1288.882557 -511.798817
16.150000 1.972925 14.990903 -1300.743257 -543.139994
16.200000 1.993708 15.582006 -1271.435348 -505.851656
16.250000 2.051039 15.918408 -1258.958855 -471.359959
16.300000 1.967574 15.313052 -1281.328273 -525.779943
16.350000 2.014022 15.137434 -1301.934829 -528.550255
16.400000 1.977585 15.371308 -1286.235232 -526.842432
16.450000 2.012193 15.127517 -1300.692227 -528.010189
16.500000 2.016604 15.925240 -1259.203806 -484.827904
16.550000 1.999902 14.715490 -1320.182457 -552.219975
16.600000 2.000729 15.248740 -1296.035594 -527.755671
16.650000 2.007225 16.222237 -1245.454411 -474.679863
16.700000 1.996662 15.110170 -1297.856325 -531.138132
16.750000 2.010110 15.549325 -1277.360122 -505.477713
16.800000 1.995753 14.886606 -1311.166826 -544.797778
16.850000 2.015787 15.310093 -1283.138872 -509.076528
16.900000 2.004789 13.932107 -1355.558272 -585.719351
16.950000 1.973126 14.858883 -1307.709653 -550.029412
17.000000 2.003014 15.211163 -1294.378743 -525.221349
17.050000 1.997617 15.543766 -1278.513893 -511.429128
17.100000 2.014754 15.382387 -1284.865116 -511.199526
17.150000 2.012723 13.607740 -1374.945842 -602.060348
17.200000 2.008111 15.259198 -1287.882700 -516.767982
17.250000 1.998192 15.293494 -1288.090238 -520.784416
17.300000 1.976610 15.001806 -1307.871132 -548.852983
17.350000 2.019743 15.151670 -1303.997005 -528.415637
17.400000 2.017786 15.754795 -1266.201289 -491.371474
17.450000 2.029574 15.258375 -1288.116627 -508.760325
17.500000 1.964391 15.972776 -1243.931140 -489.604805
17.550000 1.994494 15.413770 -1284.624620 -518.738911
17.600000 2.038306 14.230089 -1341.429706 -558.720348
17.650000 1.993593 12.892454 -1407.204045 -641.664314
17.700000 1.988644 14.366583 -1332.837768 -569.198347
17.750000 1.994100 14.581850 -1326.179018 -560.444695
17.800000 2.020779 15.137251 -1300.778368 -524.799084
17.850000 1.998413 15.077975 -1298.181630 -530.790905
17.900000 2.024784 15.683678 -1266.809103 -489.291904
17.950000 2.007428 15.129717 -1296.264791 -525.412344
18.000000 1.965727 15.173431 -1294.941802 -540.102793
18.050000 2.042032 14.839961 -1317.167399 -533.027000
18.100000 2.008563 14.032374 -1353.465516 -582.177284
18.150000 1.978760 14.120273 -1338.666717 -578.822838
18.200000 2.002911 15.666108 -1267.104445 -497.986627
18.250000 2.005675 15.552203 -1272.666992 -502.487939
18.300000 1.992321 14.557263 -1321.698753 -556.647551
18.350000 2.012853 15.074845 -1298.079803 -525.144274
18.400000 2.008690 15.416709 -1282.445196 -511.108063
18.450000 1.993960 15.891189 -1260.292222 -494.611494
18.500000 1.990205 16.446766 -1233.194403 -468.955864
18.550000 1.971479 17.073763 -1201.827192 -444.779074
18.600000 1.993707 16.259556 -1245.236672 -479.653333
18.650000 2.002679 15.683990 -1269.270286 -500.241735
18.700000 1.985494 15.683853 -1264.990721 -502.560858
18.750000 2.028578 16.103341 -1244.823001 -465.849218
18.800000 2.004516 15.676013 -1264.337404 -494.603415
18.850000 1.973258 14.058985 -1346.423856 -588.692612
18.900000 1.981885 15.102277 -1295.873844 -534.830130
18.950000 2.025431 15.219169 -1292.309048 -514.543658
19.000000 1.979537 14.543685 -1323.178333 -563.036217
19.050000 2.010169 15.233868 -1291.385853 -519.481091
19.100000 1.989796 14.963383 -1303.223374 -539.141862
19.150000 1.970810 15.961793 -1256.405677 -499.614621
19.200000 2.019345 14.232431 -1346.238357 -570.809764
19.250000 1.982745 14.039225 -1349.241354 -587.867397
19.300000 1.965697 16.222623 -1231.032770 -476.205109
19.350000 2.020082 15.523722 -1274.642826 -498.931260
19.400000 1.981240 15.422456 -1279.428270 -518.631928
19.450000 2.042998 14.233589 -1341.574076 -557.062996
19.500000 1.994015 14.878902 -1300.833028 -535.131356
19.550000 2.009791 14.266047 -1335.745184 -563.985366
19.600000 1.980712 14.436518 -1333.572177 -572.978785
19.650000 1.975775 14.800644 -1316.113648 -557.416136
19.700000 2.016369 15.609255 -1274.939743 -500.653964
19.750000 2.002625 15.987413 -1249.250972 -480.242806
19.800000 1.998837 14.814717 -1305.144165 -537.590866
19.850000 1.998127 14.617468 -1316.652534 -549.371685
19.900000 2.015063 14.570395 -1327.409620 -553.625345
19.950000 2.026300 15.366099 -1289.682786 -511.583690
20.000000 1.987376 15.368997 -1292.339783 -529.187414
20.050000 2.008412 16.148452 -1248.916638 -477.686590
20.100000 2.008477 15.827275 -1262.012019 -490.756754
20.150000 1.985322 15.368297 -1282.905960 -520.542182
20.200000 1.988784 15.277998 -1291.295680 -527.602698
20.250000 2.022741 14.555968 -1328.174919 -551.442304
20.300000 1.991175 16.149211 -1244.396655 -479.785628
20.350000 1.977785 16.295504 -1236.255820 -476.786241
20.400000 1.991752 16.739979 -1222.641383 -457.808788
20.450000 1.980571 17.519076 -1178.420439 -417.881199
20.500000 2.011462 16.660877 -1218.732323 -446.330775
20.550000 2.006238 16.170819 -1246.601453 -476.206145
20.600000 1.993248 15.361879 -1288.560294 -523.152888
20.650000 2.022161 15.259437 -1293.229786 -516.719826
20.700000 1.977580 14.635074 -1322.843824 -563.453091
20.750000 2.016083 15.707384 -1263.084093 -488.908371
20.800000 1.991636 14.553302 -1323.302658 -558.514356
20.850000 2.014656 16.433552 -1221.479232 -447.851359
20.900000 1.993560 14.674112 -1318.297490 -552.770397
20.950000 2.010191 15.658703 -1271.116234 -499.202985
21.000000 1.997669 15.066892 -1299.303875 -532.198869
21.050000 1.986851 14.655286 -1324.228418 -561.277526
21.100000 1.985959 16.018456 -1256.683784 -494.075341
21.150000 2.026769 16.816954 -1221.425109 -443.145898
21.200000 2.001746 15.599049 -1275.118525 -506.447943
21.250000 1.982845 14.268476 -1341.858722 -580.446064
21.300000 2.001846 16.734234 -1215.482906 -446.773971
21.350000 2.023439 14.693275 -1318.281158 -541.280504
21.400000 2.033106 14.214735 -1340.961451 -560.248566
21.450000 2.004183 14.463238 -1328.699726 -559.093601
21.500000 1.965973 15.690820 -1258.654928 -503.721262
21.550000 1.996585 15.644148 -1267.514508 -500.825794
21.600000 2.007275 14.634296 -1322.819129 -552.025373
21.650000 1.999405 14.613421 -1319.562495 -551.790998
21.700000 2.001482 14.376534 -1332.295722 -563.726638
21.750000 2.004191 14.676246 -1319.176029 -549.566559
21.800000 1.979484 16.533616 -1225.342379 -465.220584
21.850000 2.019466 16.453409 -1231.792632 -456.317531
21.900000 2.013386 16.671892 -1216.436709 -443.296595
21.950000 2.017452 14.787196 -1316.120018 -541.418463
22.000000 2.011191 15.651093 -1271.488494 -499.191339
22.050000 2.002505 15.397175 -1281.271989 -512.309884
22.100000 2.005809 14.474071 -1328.172593 -557.941923
22.150000 2.014687 16.020751 -1249.002010 -475.362234
22.200000 2.008214 16.099500 -1242.845281 -471.691151
22.250000 1.971699 16.719180 -1217.186223 -460.053912
22.300000 2.027572 17.232784 -1190.293428 -411.705779
22.350000 1.988655 15.889675 -1253.889685 -490.246269
22.400000 2.013311 16.009306 -1250.186291 -477.074976
22.450000 1.993326 16.245159 -1240.119008 -474.681904
22.500000 1.988613 8.605193 -1311.746730 -548.119182
22.550000 1.998760 9.992676 -1233.466539 -465.942883
22.600000 2.042187 7.951262 -1351.207795 -567.007945
22.650000 1.957965 8.565913 -1312.475230 -560.616801
22.700000 2.008919 9.474441 -1268.084928 -496.660109
22.750000 2.028732 9.339859 -1270.998278 -491.965050
22.800000 2.026911 8.391119 -1321.579001 -543.245229
22.850000 1.985495 9.493304 -1260.750533 -498.320527
22.900000 2.033109 9.326881 -1273.686072 -492.972373
22.950000 1.973025 9.420912 -1265.632621 -507.990859
23.000000 1.986267 8.463960 -1319.462875 -556.736489
23.050000 2.021957 8.606943 -1315.152353 -538.721050
23.100000 1.981630 9.148631 -1275.543772 -514.597963
23.150000 1.987659 8.624603 -1314.512939 -551.251989
23.200000 2.014325 9.129423 -1286.089085 -512.588431
23.250000 1.994342 8.769391 -1306.371089 -540.543818
23.300000 1.985340 8.145242 -1340.317569 -577.946949
23.350000 1.988130 8.137853 -1339.773385 -576.331285
23.400000 2.011346 9.214188 -1277.826184 -505.469189
23.450000 2.013574 8.555059 -1313.701748 -540.489212
23.500000 1.990144 8.287284 -1330.940216 -566.724729
23.550000 2.012340 9.328496 -1269.211178 -496.472797
23.600000 1.966068 9.556113 -1250.213865 -495.243664
23.650000 2.006489 8.872585 -1302.956830 -532.465180
23.700000 1.983390 9.323861 -1290.393009 -528.771229
23.750000 1.986463 9.972048 -1250.271092 -487.469346
23.800000 2.011714 9.200674 -1287.873589 -515.375412
23.850000 1.985120 8.898073 -1299.569699 -537.283774
23.900000 2.034590 8.931594 -1298.494560 -517.212023
23.950000 1.985320 9.493436 -1254.936523 -492.573552
24.000000 1.984884 9.458935 -1263.979767 -501.784410
24.050000 2.005114 9.375547 -1270.050062 -500.086298
24.100000 2.003945 8.504410 -1321.773856 -552.259018
24.150000 2.008063 9.253999 -1275.950210 -504.854105
24.200000 2.002512 9.139428 -1287.674195 -518.709621
24.250000 2.010606 9.297657 -1279.381912 -507.309372
24.300000 1.995210 9.170536 -1294.814886 -528.654274
24.350000 2.006751 9.276853 -1288.331526 -517.739184
24.400000 2.000500 9.366432 -1276.714573 -508.522581
24.450000 1.994503 8.821855 -1307.043028 -541.153774
24.500000 1.984742 9.367425 -1282.107069 -519.966216
24.550000 2.015131 9.872111 -1263.207187 -489.396848
24.600000 2.001873 9.965753 -1244.280314 -475.561161
24.650000 2.022569 9.738616 -1249.811363 -473.144833
24.700000 1.993992 9.498282 -1267.255202 -501.562336
24.750000 2.021576 8.737687 -1315.580680 -539.295381
24.800000 2.005006 9.423792 -1279.497385 -509.575007
24.850000 1.998288 8.501111 -1330.790431 -563.447742
24.900000 1.984506 9.028997 -1293.399495 -531.349252
24.950000 2.007877 9.356933 -1279.726374 -508.701455
25.000000 2.024777 9.106739 -1293.625432 -516.111146
25.050000 1.998617 9.121226 -1290.685928 -523.216875
25.100000 1.974893 9.775715 -1255.994216 -497.635454
25.150000 2.016013 9.206504 -1286.700139 -512.551071
25.200000 1.978798 8.713389 -1309.351697 -549.493407
25.250000 1.978104 8.801138 -1306.350344 -546.758505
25.300000 2.014748 9.082433 -1297.958556 -524.295404
25.350000 2.001067 8.711170 -1318.723456 -550.313553
25.400000 2.016036 8.818638 -1301.074542 -526.916686
25.450000 2.000187 9.162745 -1276.355822 -508.284183
25.500000 1.973738 8.890150 -1296.367585 -538.452276
25.550000 2.046680 8.431589 -1322.479725 -536.554618
25.600000 1.975148 8.970031 -1290.482001 -532.025321
25.650000 2.034705 8.301233 -1337.633633 -556.306835
25.700000 2.011252 8.502103 -1322.145823 -549.824919
25.750000 1.954088 9.196615 -1281.474816 -531.104985
25.800000 2.012450 9.017302 -1293.192090 -520.411221
25.850000 1.991200 9.059727 -1289.854656 -525.233891
25.900000 1.988721 10.059027 -1237.712645 -474.043663
25.950000 2.024932 9.956182 -1245.599674 -468.025784
26.000000 1.974654 9.466476 -1266.869364 -508.602070
26.050000 2.002330 10.152768 -1234.442359 -465.547724
26.100000 2.018639 8.708478 -1317.106534 -541.949213
26.150000 1.981575 9.461994 -1265.438355 -504.513443
26.200000 1.962452 9.689953 -1250.679531 -497.098005
26.250000 2.000201 9.428232 -1265.847487 -497.770257
26.300000 2.000471 8.987269 -1293.128535 -524.947853
26.350000 1.985354 9.006991 -1291.934449 -529.558623
26.400000 2.022598 8.842743 -1305.681421 -529.003922
26.450000 1.994566 9.491841 -1271.506960 -505.593529
26.500000 1.997565 9.197945 -1289.088674 -522.023773
26.550000 2.023752 9.434140 -1272.021012 -494.900114
26.600000 1.999975 9.429221 -1268.162647 -500.172215
26.650000 1.996991 9.163865 -1283.740759 -516.896237
26.700000 2.001378 9.136843 -1286.799197 -518.270070
26.750000 1.974672 9.144343 -1289.765180 -531.491063
26.800000 1.989416 9.585668 -1266.928444 -502.992711
26.850000 2.006944 9.571690 -1271.977864 -501.311383
26.900000 2.017672 8.898064 -1303.841114 -529.055149
26.950000 2.020308 8.498743 -1325.117586 -549.319292
27.000000 1.972022 8.400217 -1330.419960 -573.163683
27.050000 2.003337 8.473157 -1325.357344 -556.075993
27.100000 2.026168 8.090749 -1344.905735 -566.857280
27.150000 1.982411 9.490061 -1258.135106 -496.889275
27.200000 2.014047 9.056082 -1286.447483 -513.053453
27.250000 2.001131 8.693582 -1304.422643 -535.988324
27.300000 1.963566 9.503294 -1269.654071 -515.644816
27.350000 2.016131 10.386553 -1227.886091 -453.691670
27.400000 1.995037 9.487028 -1277.310373 -511.216161
27.450000 2.001612 8.815422 -1306.101334 -537.482390
27.500000 1.978399 8.817554 -1301.299170 -541.593834
27.550000 2.007708 9.555633 -1262.182787 -491.222869
27.600000 2.020470 8.975635 -1294.072293 -518.211674
27.650000 2.016200 7.986157 -1355.202465 -580.981805
27.700000 1.990273 9.579427 -1260.788755 -496.524046
27.750000 1.980177 9.579011 -1262.676699 -502.288917
27.800000 1.992232 9.405423 -1277.857120 -512.839890
27.850000 2.001199 8.714886 -1314.457227 -545.996942
27.900000 2.014906 9.467104 -1267.611708 -493.887760
27.950000 1.994429 8.286973 -1333.704624 -567.843742
28.000000 1.988818 8.923171 -1299.193651 -535.487381
28.050000 1.996038 8.949239 -1300.259952 -533.781463
28.100000 2.000517 8.851736 -1295.281506 -527.083078
28.150000 1.993160 8.401235 -1320.360333 -554.986759
28.200000 1.989101 8.799619 -1296.894539 -533.079809
28.250000 1.984309 9.395344 -1263.869869 -501.895043
28.300000 2.022685 8.608819 -1318.137271 -541.426183
28.350000 1.991800 8.816902 -1305.228619 -540.377324
28.400000 1.982307 9.394065 -1277.987712 -516.781823
28.450000 2.024244 9.574524 -1267.458033 -490.148415
28.500000 1.977676 9.670597 -1258.532841 -499.105132
28.550000 2.015620 10.234259 -1226.981465 -452.983420
28.600000 2.043680 9.189311 -1286.456114 -501.683045
28.650000 2.031654 7.700228 -1361.612060 -581.456845
28.700000 2.014395 8.663524 -1305.435518 -531.907793
28.750000 1.954443 9.291003 -1279.120848 -528.614619
28.800000 1.995628 10.452773 -1224.505148 -458.183822
28.850000 2.042759 10.063443 -1247.523069 -463.103649
28.900000 1.987517 8.948033 -1308.876907 -545.670374
28.950000 2.022650 8.860097 -1315.268880 -538.571329
29.000000 2.000560 9.581687 -1267.845658 -499.630494
29.050000 1.995883 8.731062 -1310.378678 -543.959738
29.100000 1.984262 9.605226 -1263.987844 -502.031088
29.150000 2.023948 9.420231 -1276.682311 -499.486269
29.200000 2.004317 9.627224 -1254.644509 -484.986962
29.250000 2.009202 9.159802 -1286.982503 -515.449059
29.300000 1.992010 10.042152 -1239.397237 -474.465240
29.350000 1.983704 9.747160 -1255.468571 -493.726114
29.400000 2.012390 9.881692 -1241.995596 -469.237647
29.450000 2.026877 9.544595 -1259.765995 -481.445306
29.500000 1.987165 9.323031 -1270.199666 -507.128226
29.550000 2.002497 9.186226 -1278.080345 -509.121415
29.600000 2.017439 8.728565 -1303.807141 -529.110382
29.650000 2.014379 9.075404 -1283.092927 -509.571204
29.700000 1.983541 10.063362 -1234.561619 -472.881738
29.750000 2.003713 9.767746 -1256.316403 -486.890606
29.800000 2.012101 9.187750 -1281.636578 -508.989942
29.850000 2.001174 9.011412 -1284.551646 -516.100757
29.900000 2.002113 8.622439 -1309.358281 -540.546723
29.950000 2.002826 8.685588 -1306.581125 -537.495911
30.000000 1.983224 6.426023 -1138.630525 -377.072467
30.050000 1.990448 5.663771 -1191.475191 -427.143046
30.100000 2.013543 5.426868 -1210.758679 -437.558161
30.150000 2.007484 5.122424 -1231.128356 -460.254530
30.200000 1.998567 4.600303 -1259.899791 -492.450223
30.250000 1.978206 5.177097 -1222.438795 -462.807609
30.300000 2.048776 5.056595 -1231.338614 -444.608560
30.350000 1.958106 5.344349 -1208.065540 -456.152839
30.400000 1.982280 5.150560 -1227.536389 -466.340971
30.450000 2.000306 5.123742 -1228.352691 -460.235375
30.500000 1.983207 5.162436 -1219.372770 -457.821255
30.550000 2.001880 5.649519 -1191.981284 -423.259235
30.600000 2.005857 5.442133 -1206.508211 -436.259304
30.650000 2.009461 4.767894 -1251.042395 -479.409511
30.700000 1.990195 5.960467 -1175.954030 -411.719039
30.750000 2.022043 5.170703 -1235.004883 -458.540255
30.800000 2.003989 5.447737 -1212.215984 -442.684306
30.850000 1.991994 5.585589 -1195.877650 -430.951979
30.900000 2.016312 5.468474 -1196.161339 -421.897508
30.950000 1.978698 4.796850 -1238.161960 -478.342034
31.000000 2.003992 5.239571 -1221.590309 -452.057222
31.050000 1.989163 6.021319 -1183.974645 -420.135894
31.100000 2.007647 6.293555 -1175.038574 -404.102101
31.150000 2.004947 5.918590 -1191.920583 -422.020788
31.200000 2.012262 5.271763 -1224.928610 -452.220145
31.250000 1.985173 5.035483 -1234.639703 -472.333086
31.300000 2.014619 5.322926 -1211.257489 -437.643688
31.350000 2.006354 5.073393 -1222.794880 -452.354977
31.400000 1.990008 4.930104 -1231.702610 -467.539459
31.450000 1.986581 5.301906 -1213.789650 -450.942449
31.500000 2.011510 5.113781 -1237.711683 -465.291785
31.550000 1.993507 5.430468 -1222.518575 -457.011754
31.600000 2.009395 6.190151 -1173.296700 -401.689197
31.650000 1.995963 5.598669 -1203.852002 -437.402107
31.700000 1.977557 5.911916 -1175.649876 -416.267881
31.750000 2.010772 5.935351 -1176.706185 -404.569624
31.800000 1.980694 5.820849 -1182.883201 -422.296518
31.850000 2.013122 5.627700 -1203.768254 -430.729405
31.900000 1.998918 5.084848 -1230.785920 -463.201255
31.950000 1.976590 4.800621 -1244.281612 -485.270942
32.000000 2.006223 5.953792 -1176.923838 -406.534155
32.050000 2.005582 5.865758 -1195.753744 -425.610259
32.100000 1.989488 6.721921 -1135.943440 -371.980167
32.150000 2.009402 6.161380 -1168.580129 -396.969752
32.200000 1.997796 5.397857 -1206.564182 -439.410370
32.250000 2.037370 4.894223 -1238.682320 -456.332336
32.300000 1.964347 5.076325 -1227.385800 -473.076494
32.350000 2.017077 4.969095 -1240.244255 -465.686604
32.400000 1.991694 4.419963 -1270.335402 -505.524963
32.450000 2.003112 5.103059 -1231.798260 -462.603295
32.500000 2.008361 5.552167 -1198.978221 -427.767693
32.550000 2.012284 5.120045 -1226.586549 -453.869645
32.600000 2.013791 4.957540 -1241.077152 -467.781242
32.650000 1.988168 4.987141 -1241.509521 -478.052940
32.700000 2.013182 6.096879 -1170.787040 -397.724969
32.750000 1.996890 4.898884 -1243.733698 -476.927882
32.800000 1.997696 5.085599 -1226.330974 -459.215734
32.850000 1.980681 5.677549 -1184.433823 -423.852325
32.900000 2.027200 5.566202 -1198.314721 -419.869923
32.950000 2.019333 5.335578 -1214.961013 -439.537204
33.000000 2.007118 5.024596 -1229.521781 -458.788444
33.050000 1.993428 4.792645 -1242.793615 -477.317172
33.100000 2.009782 5.543346 -1199.659240 -427.903088
33.150000 2.000878 5.805758 -1185.572572 -417.235411
33.200000 1.979404 4.565814 -1259.673133 -499.581986
33.250000 1.989619 5.204796 -1220.708180 -456.694449
33.300000 1.993994 5.334925 -1214.456620 -448.762800
33.350000 2.000316 5.336969 -1215.354860 -447.233577
33.400000 2.008031 5.381241 -1209.086799 -438.003035
33.450000 1.992586 5.680992 -1191.615585 -426.462545
33.500000 2.008749 5.335504 -1215.878536 -444.519042
33.550000 1.995877 5.011320 -1232.768939 -466.352177
33.600000 1.969148 4.881909 -1238.780056 -482.627233
33.650000 2.019091 5.392593 -1205.578225 -430.247226
33.700000 1.984893 5.616069 -1188.985930 -426.787133
33.750000 2.027363 5.555753 -1196.829622 -418.322293
33.800000 1.994574 4.921679 -1238.630809 -472.714363
33.850000 1.988600 5.368426 -1212.518577 -448.896197
33.900000 2.004873 5.729339 -1187.708956 -417.837723
33.950000 1.983540 5.952564 -1175.540166 -413.860965
34.000000 1.999344 5.161073 -1221.178018 -453.429945
34.050000 2.005010 5.070854 -1225.010432 -455.086708
34.100000 2.002166 5.428888 -1206.148427 -437.316625
34.150000 1.970614 5.632486 -1197.729801 -441.013978
34.200000 2.022336 5.661346 -1194.019396 -417.442280
34.250000 1.970632 5.290432 -1218.748358 -462.025559
34.300000 1.991680 6.162625 -1158.827473 -394.022259
34.350000 2.003021 5.545810 -1203.500880 -434.340811
34.400000 2.019221 4.922012 -1246.357348 -470.976444
34.450000 1.983941 5.451674 -1208.876249 -447.042829
34.500000 2.005444 4.794568 -1253.620455 -483.529792
34.550000 1.990657 5.686595 -1188.770691 -424.358440
34.600000 1.990029 5.177094 -1214.844403 -450.673229
34.650000 2.024725 4.491827 -1259.036862 -481.542394
34.700000 2.008241 4.497441 -1254.976765 -483.812320
34.750000 1.996818 5.247649 -1212.821173 -446.043076
34.800000 1.984423 5.806642 -1184.340718 -422.322373
34.850000 2.018950 5.357494 -1212.952631 -437.675738
34.900000 2.013498 4.819942 -1241.609819 -468.426396
34.950000 1.992112 4.396280 -1271.666141 -506.694946
35.000000 1.996392 5.948825 -1171.638558 -405.023981
35.050000 2.013759 5.372519 -1207.212143 -433.928832
35.100000 2.010805 4.401889 -1262.421602 -490.272656
35.150000 1.982481 4.944657 -1233.183309 -471.910747
35.200000 2.004188 5.755616 -1194.812957 -425.204770
35.250000 1.992414 5.498365 -1216.486992 -451.399834
35.300000 1.998908 6.066567 -1181.984652 -414.403969
35.350000 2.009532 5.264036 -1227.122048 -455.461743
35.400000 1.985991 5.507256 -1203.502089 -440.881463
35.450000 2.018475 5.043714 -1233.138128 -458.043685
35.500000 1.997746 5.157197 -1221.452794 -454.318459
35.550000 1.983071 4.723409 -1254.063064 -492.563799
35.600000 1.990612 5.633536 -1192.787550 -428.392718
35.650000 2.004720 5.028784 -1231.829546 -462.016917
35.700000 1.992652 4.507170 -1261.550855 -496.372529
35.750000 2.005872 5.100456 -1218.496440 -448.241470
35.800000 1.999328 4.214998 -1279.404307 -511.662257
35.850000 1.977677 5.307358 -1211.907967 -452.479883
35.900000 2.027146 4.947482 -1241.177502 -462.753561
35.950000 1.991163 5.679945 -1194.244435 -429.637990
36.000000 2.002835 5.583008 -1208.294146 -439.205410
36.050000 1.994253 5.237945 -1231.055661 -465.262395
36.100000 1.982756 5.368209 -1215.751458 -454.373134
36.150000 2.004383 5.610907 -1201.363238 -431.680018
36.200000 2.019123 5.208173 -1229.663583 -454.320284
36.250000 2.014850 5.035029 -1233.066905 -459.364423
36.300000 2.012125 4.601941 -1252.358877 -479.702881
36.350000 1.999012 4.138114 -1278.888335 -511.267797
36.400000 1.986201 5.284236 -1209.682294 -446.981077
36.450000 1.978229 6.297397 -1152.120178 -392.480189
36.500000 2.020615 6.446382 -1143.447974 -367.531722
36.550000 1.991672 5.058417 -1238.312600 -473.510440
36.600000 2.002970 5.898360 -1182.902581 -413.761964
36.650000 1.989868 5.361685 -1215.728440 -451.619140
36.700000 1.992651 5.733076 -1190.087210 -424.909356
36.750000 2.006829 5.518031 -1201.482048 -430.859814
36.800000 1.980487 5.597271 -1193.151126 -432.644111
36.850000 2.027867 5.502217 -1201.255536 -422.554730
36.900000 1.981100 5.649959 -1193.171085 -432.428512
36.950000 2.008802 6.047781 -1172.673126 -401.293018
37.000000 2.013165 5.781669 -1189.795123 -416.739819
37.050000 1.994760 5.315141 -1218.307310 -452.319287
37.100000 2.003068 4.974742 -1239.327654 -470.149654
37.150000 2.002202 4.716127 -1256.392144 -487.546621
37.200000 1.977184 5.333142 -1217.016006 -457.777187
37.250000 1.987577 5.899468 -1183.547854 -420.318218
37.300000 2.015638 5.949632 -1173.996973 -399.992057
37.350000 1.992734 5.027969 -1231.151016 -465.940985
37.400000 1.978362 5.613437 -1195.541905 -435.850841
37.450000 2.013103 5.116096 -1225.838970 -452.807270
37.500000 2.004626 3.172831 -1087.103670 -317.327296
37.550000 1.995152 2.692226 -1119.588292 -353.449908
37.600000 1.996633 2.672930 -1126.024543 -359.317605
37.650000 1.983737 2.725282 -1123.849063 -362.094145
37.700000 2.016700 2.928329 -1108.979756 -334.567063
37.750000 2.006809 2.599623 -1129.646536 -359.031730
37.800000 2.000039 2.804484 -1115.993574 -347.978757
37.850000 1.997612 3.050503 -1100.864891 -333.781870
37.900000 1.979049 3.466479 -1080.168562 -320.213794
37.950000 1.993665 3.306727 -1095.837235 -330.269723
38.000000 1.984930 3.240723 -1100.425523 -338.212331
38.050000 2.010499 3.039877 -1111.140724 -339.108924
38.100000 1.980773 2.909987 -1115.307553 -354.690708
38.150000 1.982082 3.174738 -1099.995530 -338.875876
38.200000 2.006885 3.370754 -1084.279005 -313.635285
38.250000 1.981226 3.047369 -1099.480249 -338.689566
38.300000 2.018645 3.197270 -1087.564307 -312.404743
38.350000 1.982883 3.230227 -1088.976330 -327.549152
38.400000 1.999169 3.668401 -1064.735508 -297.054612
38.450000 2.013538 3.140618 -1100.189777 -326.991009
38.500000 2.004832 2.735061 -1116.674472 -346.818859
38.550000 1.999631 2.391268 -1136.215932 -368.357794
38.600000 1.974682 3.091172 -1090.768213 -332.490249
38.650000 2.026749 3.053131 -1111.271423 -332.999703
38.700000 2.001498 3.016583 -1114.898138 -346.323066
38.750000 2.004056 3.347953 -1086.307729 -316.750150
38.800000 2.015547 2.808207 -1121.240682 -347.270592
38.850000 1.998800 2.993918 -1114.007298 -346.468215
38.900000 2.015285 3.272026 -1101.616197 -327.746893
38.950000 2.021816 3.265789 -1095.504342 -319.126811
39.000000 1.998009 3.090157 -1106.599582 -339.364120
39.050000 2.004899 3.142276 -1105.048004 -335.166715
39.100000 2.013909 2.786199 -1124.454066 -351.113137
39.150000 1.999226 3.253426 -1082.935970 -315.233197
39.200000 2.002137 2.823011 -1112.251292 -343.430799
39.250000 1.988686 2.698584 -1118.371376 -354.715894
39.300000 2.011534 3.215052 -1082.359070 -309.930181
39.350000 2.005759 2.693121 -1122.901221 -352.689839
39.400000 1.996087 2.945978 -1101.465968 -334.968458
39.450000 1.998201 2.788873 -1115.150969 -347.841894
39.500000 1.999692 2.929701 -1111.547951 -343.666397
39.550000 2.017965 3.178098 -1098.876325 -323.977605
39.600000 1.989941 2.653188 -1130.133677 -365.996162
39.650000 1.993200 3.042865 -1105.507152 -340.118541
39.700000 2.031210 3.728079 -1061.736682 -281.752196
39.750000 1.999137 3.463722 -1078.138512 -310.469716
39.800000 2.003446 3.009648 -1105.878340 -336.555186
39.850000 1.998517 2.822394 -1118.461940 -351.031488
39.900000 1.996558 3.122454 -1095.726847 -329.048405
39.950000 2.007972 2.718267 -1122.071745 -351.010493
40.000000 1.994066 2.064538 -1169.384630 -403.663383
40.050000 1.998967 3.070314 -1100.346812 -332.743575
40.100000 2.000022 3.165935 -1092.244875 -324.236507
40.150000 1.991130 3.272621 -1074.085685 -309.491823
40.200000 2.000448 3.020501 -1094.264745 -326.092880
40.250000 1.989652 3.733767 -1047.811777 -283.785454
40.300000 2.009906 2.515347 -1135.080821 -363.276773
40.350000 1.995763 2.572542 -1130.775234 -364.402063
40.400000 1.983633 3.668443 -1062.211326 -300.496434
40.450000 2.012849 3.049090 -1113.609206 -340.675163
40.500000 1.998682 3.278672 -1093.418401 -325.924442
40.550000 1.997953 3.183984 -1099.572667 -332.358727
40.600000 2.005044 2.725891 -1132.167504 -362.230637
40.650000 2.007149 2.533869 -1138.980827 -368.235420
40.700000 1.982390 2.955887 -1104.292969 -343.055216
40.750000 2.000434 3.045578 -1101.399552 -333.232800
40.800000 2.020078 2.927813 -1110.575069 -334.864959
40.850000 1.992632 3.229006 -1091.353043 -326.182372
40.900000 1.997625 3.244028 -1091.480228 -324.392145
40.950000 2.003736 3.160406 -1095.903692 -326.469231
41.000000 2.006645 2.934506 -1112.907351 -342.355793
41.050000 1.988468 2.966581 -1108.466539 -344.894877
41.100000 2.005260 2.742913 -1126.035553 -356.015870
41.150000 1.970906 3.508978 -1075.197333 -318.369582
41.200000 2.021512 3.176855 -1098.993307 -322.732627
41.250000 1.986907 2.980697 -1103.227591 -340.255115
41.300000 1.983361 3.395049 -1072.063737 -310.453300
41.350000 2.010593 2.879197 -1110.841027 -338.773387
41.400000 1.996588 2.999836 -1102.538957 -335.849000
41.450000 2.026611 2.846987 -1106.167348 -327.948696
41.500000 1.984867 2.607422 -1113.353217 -351.164219
41.550000 2.019509 2.452077 -1125.816098 -350.324483
41.600000 2.008451 2.212850 -1144.461637 -373.216643
41.650000 1.998549 2.810674 -1106.085130 -338.642172
41.700000 1.989624 3.489347 -1058.953928 -294.938137
41.750000 1.994810 3.131820 -1088.603463 -322.596597
41.800000 1.971118 3.821742 -1046.117349 -289.208200
41.850000 2.019135 3.360032 -1087.249264 -311.901447
41.900000 1.981710 3.477950 -1073.181010 -312.204206
41.950000 1.986004 2.986790 -1110.086614 -347.460903
42.000000 1.997099 3.385730 -1079.100196 -312.214190
42.050000 2.026987 3.014143 -1098.857623 -320.494437
42.100000 1.992584 2.713701 -1111.255044 -346.102810
42.150000 1.981411 2.841425 -1107.890680 -347.029034
42.200000 2.006680 3.433228 -1070.134869 -299.569929
42.250000 2.021658 2.883691 -1115.607285 -339.290731
42.300000 2.000485 3.243974 -1093.901493 -325.715081
42.350000 1.982678 3.824837 -1049.216352 -287.867962
42.400000 2.011410 3.338695 -1083.751771 -311.370248
42.450000 1.997323 3.380704 -1078.371801 -311.399608
42.500000 1.980637 3.025376 -1109.414663 -348.850165
42.550000 1.999440 3.242131 -1091.699352 -323.914469
42.600000 1.996118 3.397617 -1074.078934 -307.569784
42.650000 2.011167 2.510552 -1133.880255 -361.592056
42.700000 2.003580 2.374341 -1140.551731 -371.177111
42.750000 1.976801 2.933471 -1099.496567 -340.405078
42.800000 2.008076 2.526459 -1134.667531 -363.566526
42.850000 1.985903 3.204222 -1080.881252 -318.294453
42.900000 1.981538 3.069312 -1092.574030 -331.663519
42.950000 2.021694 2.931831 -1102.079567 -325.749138
43.000000 1.981984 3.327938 -1082.686902 -321.605115
43.050000 2.007439 3.739758 -1064.421960 -293.565318
43.100000 2.002009 3.422492 -1084.679825 -315.908267
43.150000 2.014739 2.921214 -1113.801979 -340.142147
43.200000 1.996569 3.074728 -1098.754032 -332.071653
43.250000 1.990262 3.013859 -1104.598198 -340.337556
43.300000 2.001487 2.857157 -1108.362800 -339.791644
43.350000 1.999039 2.609881 -1121.684909 -354.054044
43.400000 2.006276 3.116935 -1086.172774 -315.762862
43.450000 2.004739 3.097638 -1092.890109 -323.070455
43.500000 2.007720 2.980421 -1099.703015 -328.738451
43.550000 1.982524 2.893672 -1111.701252 -350.412051
43.600000 2.013922 3.006656 -1101.314903 -327.968802
43.650000 1.994566 2.108804 -1156.644767 -390.731324
43.700000 1.982629 2.512247 -1128.868235 -367.538533
43.750000 2.006775 2.848462 -1109.388655 -338.786928
43.800000 1.966666 3.522688 -1067.167478 -311.967594
43.850000 2.015597 3.223070 -1092.868803 -318.879469
43.900000 2.010606 2.694029 -1122.798153 -350.725616
43.950000 1.981195 2.600553 -1127.991987 -367.213109
44.000000 2.001154 3.130625 -1082.089271 -313.646135
44.050000 1.985848 2.490170 -1130.657589 -368.092046
44.100000 2.006154 2.770526 -1114.290691 -343.927540
44.150000 2.008217 2.967974 -1098.995068 -327.839688
44.200000 1.988978 2.680039 -1120.895610 -357.127932
44.250000 2.005283 3.126476 -1094.635490 -324.606908
44.300000 1.987350 2.883776 -1113.511748 -350.369287
44.350000 2.011995 3.190981 -1092.661154 -320.055165
44.400000 1.995271 3.112486 -1099.230040 -333.046155
44.450000 2.014487 3.442924 -1073.188199 -299.625354
44.500000 2.001144 3.556948 -1063.498550 -295.059289
44.550000 2.005091 3.413775 -1073.449181 -303.494069
44.600000 1.986205 3.173891 -1084.443585 -321.740761
44.650000 2.023940 2.732925 -1117.110821 -339.917831
44.700000 1.975986 2.964678 -1108.599613 -349.821132
44.750000 2.003027 3.685734 -1065.623973 -296.461560
44.800000 2.015091 3.163586 -1103.277652 -329.482828
44.850000 2.030888 2.909092 -1116.015123 -336.154076
44.900000 1.972442 2.914177 -1108.514312 -351.096764
44.950000 1.985126 3.057911 -1093.749350 -331.460958
45.000000 1.990399 1.766468 -945.173807 -180.860499
45.050000 1.997834 1.776902 -949.490814 -182.322396
45.100000 2.002400 1.770298 -954.766684 -185.845145
45.150000 2.005736 1.997412 -932.721826 -162.519364
45.200000 2.006056 1.497992 -969.898913 -199.573228
45.250000 2.003998 1.605173 -958.648049 -189.113002
45.300000 1.972854 1.840195 -945.087742 -187.511868
45.350000 2.017067 1.688428 -961.641586 -187.087677
45.400000 1.998363 1.654916 -961.347749 -193.976465
45.450000 2.014144 1.886005 -940.495653 -167.064488
45.500000 1.996374 1.242104 -996.427753 -229.820235
45.550000 2.005610 1.558031 -971.406265 -201.252118
45.600000 1.989266 1.669859 -969.410512 -205.532216
45.650000 2.003477 2.070828 -943.369525 -174.034317
45.700000 1.976443 2.322077 -920.670469 -161.716435
45.750000 2.007152 1.591711 -980.852449 -210.105903
45.800000 2.009485 1.507903 -980.573811 -208.931407
45.850000 1.995687 1.570359 -979.711789 -213.367842
45.900000 1.995806 2.246565 -928.608483 -162.219086
45.950000 2.009039 1.957825 -956.881662 -185.410746
46.000000 2.013296 1.907027 -953.174165 -180.068677
46.050000 2.009556 1.750491 -962.494565 -190.824888
46.100000 2.008314 2.105660 -937.758261 -166.565792
46.150000 1.992690 1.850309 -964.678605 -199.485824
46.200000 1.994157 1.898469 -966.103067 -200.346799
46.250000 2.000409 2.139861 -947.684888 -179.527756
46.300000 2.000018 2.103755 -950.789405 -182.782448
46.350000 1.998268 1.759931 -981.852727 -214.517780
46.400000 1.997664 2.229763 -939.109351 -172.006436
46.450000 2.004208 1.701684 -979.467996 -209.851988
46.500000 1.999944 1.618494 -978.752456 -210.773921
46.550000 2.006705 1.806718 -963.159459 -192.584555
46.600000 1.991832 2.393769 -919.495885 -154.632406
46.650000 2.015674 1.758029 -973.480130 -199.461267
46.700000 1.988939 1.566158 -977.268603 -213.516156
46.750000 2.003489 1.585263 -970.824447 -201.484817
46.800000 2.007824 1.655261 -955.962818 -184.958438
46.850000 2.009069 1.251879 -980.079771 -208.597195
46.900000 1.993798 1.166701 -980.129437 -214.510986
46.950000 1.996084 1.405733 -962.959183 -196.463008
47.000000 1.994906 1.737421 -944.351895 -178.308169
47.050000 1.995021 1.848138 -945.341846 -179.253812
47.100000 2.003083 1.652409 -969.074621 -199.890687
47.150000 1.999204 1.959812 -940.371497 -172.677047
47.200000 2.017399 1.568815 -966.869393 -192.188232
47.250000 1.998042 1.534281 -968.641746 -201.393631
47.300000 1.994551 1.879792 -953.478349 -187.570664
47.350000 2.002275 2.498732 -905.564749 -136.691144
47.400000 2.027681 1.751842 -961.216641 -182.587197
47.450000 1.983516 1.594975 -970.238496 -208.568497
47.500000 1.976615 1.860427 -954.169909 -195.149695
47.550000 2.006717 2.051178 -947.490211 -176.910910
47.600000 2.007384 2.270543 -930.448105 -159.612661
47.650000 2.003275 2.101941 -944.239264 -174.981514
47.700000 1.999419 2.113638 -942.087276 -174.310494
47.750000 2.012986 1.969625 -954.334089 -181.347369
47.800000 1.989810 1.994161 -945.728952 -181.641967
47.850000 2.000866 1.933983 -947.228843 -178.896243
47.900000 1.984611 1.662693 -961.220094 -199.129471
47.950000 2.021173 1.969887 -936.786500 -160.655902
48.000000 1.989221 1.705613 -963.777402 -199.916416
48.050000 1.994843 1.776346 -965.658325 -199.638787
48.100000 2.000786 2.300396 -925.826945 -157.525299
48.150000 1.992213 2.300638 -929.876193 -164.866565
48.200000 2.001803 2.211552 -931.955916 -163.263378
48.250000 2.004643 1.407136 -990.970154 -221.187106
48.300000 2.001004 2.145384 -925.002718 -156.616999
48.350000 2.006352 2.017974 -938.345194 -167.905857
48.400000 2.007014 1.623174 -970.734872 -200.041566
48.450000 2.014374 1.599083 -969.941967 -196.422430
48.500000 1.984765 1.659672 -961.830402 -199.680821
48.550000 1.997315 1.555029 -971.789141 -204.820215
48.600000 2.006859 1.981171 -936.101581 -165.467577
48.650000 2.007896 1.847506 -946.795456 -175.763245
48.700000 1.997484 1.890480 -940.264305 -173.230385
48.750000 1.980754 1.536313 -983.303821 -222.694113
48.800000 2.007937 2.420140 -917.788727 -146.740819
48.850000 1.995385 1.948297 -956.095320 -189.867574
48.900000 1.989680 1.907325 -956.193052 -192.156050
48.950000 2.013681 1.615939 -975.657761 -202.404368
49.000000 1.986139 1.463322 -980.258404 -217.581028
49.050000 1.999023 1.443638 -982.428949 -214.804067
49.100000 1.996075 1.735202 -959.067227 -192.574258
49.150000 1.993114 1.268909 -999.758039 -234.402312
49.200000 1.995249 1.844093 -950.049879 -183.874365
49.250000 2.006032 1.927931 -940.437544 -170.121081
49.300000 2.005531 1.389739 -981.980518 -211.856509
49.350000 2.003449 1.654582 -958.978345 -189.653995
49.400000 2.014078 1.219779 -1001.151686 -227.745576
49.450000 1.983786 1.765502 -962.897715 -201.123904
49.500000 2.011667 2.112127 -941.822367 -169.342061
49.550000 2.002392 1.812766 -966.289482 -197.371141
49.600000 1.991534 2.274668 -928.478809 -163.729937
49.650000 2.000425 2.331004 -929.429142 -161.266086
49.700000 2.008405 1.971632 -952.415493 -181.188140
49.750000 2.019422 1.376610 -993.769587 -218.311667
49.800000 1.983922 1.706267 -963.617729 -201.791814
49.850000 2.002534 1.820205 -950.517749 -181.544565
49.900000 1.988705 1.426945 -970.680895 -207.018254
49.950000 1.987217 1.641622 -954.726311 -191.635163
50.000000 2.004510 1.172579 -996.962518 -227.230514
50.050000 2.014186 1.545303 -968.018181 -194.570640
50.100000 2.000252 1.580076 -968.065671 -199.968816
50.150000 2.002094 1.455754 -983.290558 -214.486332
50.200000 2.006849 1.784240 -954.950529 -184.320599
50.250000 1.983297 1.829490 -949.448123 -187.861994
50.300000 2.015236 1.451048 -982.464661 -208.614111
50.350000 1.997885 1.387513 -989.207540 -222.019625
50.400000 2.003101 1.790736 -958.634227 -189.443609
50.450000 1.992662 1.754692 -962.249372 -197.066976
50.500000 1.986115 1.787113 -955.661839 -192.993742
50.550000 2.004348 1.867589 -945.402193 -175.732667
50.600000 2.014639 1.421452 -981.194535 -207.572981
50.650000 1.995467 1.670549 -958.704410 -192.445066
50.700000 1.991645 1.782188 -955.293611 -190.501749
50.750000 1.997929 1.730723 -966.632715 -199.427862
50.800000 2.003064 1.705088 -971.590774 -202.414196
50.850000 1.993284 1.514057 -986.858182 -221.437029
50.900000 1.998480 1.564699 -981.603737 -214.187602
50.950000 1.986439 1.713516 -965.773377 -202.980911
51.000000 2.004520 1.575215 -969.013775 -199.278199
51.050000 1.994436 1.627223 -960.347344 -194.483864
51.100000 1.987384 1.803306 -947.665981 -184.510376
51.150000 1.995334 2.158688 -923.001964 -156.793614
51.200000 2.013656 1.824184 -954.143718 -180.899795
51.250000 2.016421 1.660743 -963.949665 -189.644021
51.300000 2.011807 2.071012 -932.174470 -159.640499
51.350000 2.003258 1.624364 -965.224667 -195.973529
51.400000 1.997884 1.474904 -978.290755 -211.103313
51.450000 1.996935 1.756021 -964.322980 -197.500110
51.500000 1.976832 2.541328 -904.557127 -145.453475
51.550000 2.006715 2.123169 -931.042068 -160.463699
51.600000 2.003121 1.494796 -979.159289 -209.960786
51.650000 1.993202 1.831294 -954.817969 -189.428471
51.700000 2.023779 1.856937 -956.965124 -179.833882
51.750000 1.973999 2.054379 -943.200216 -185.184588
51.800000 1.993564 2.436422 -920.823752 -155.295070
51.850000 1.999548 1.818626 -967.118510 -199.291937
51.900000 2.004993 1.810700 -964.961793 -195.044549
51.950000 2.015149 1.957014 -956.368501 -182.551296
52.000000 1.980259 2.090400 -940.201242 -179.781903
52.050000 2.016257 1.415307 -993.102062 -218.859544
52.100000 1.991706 1.276147 -994.588451 -229.773439
52.150000 1.988886 1.543121 -976.004332 -212.271987
52.200000 2.007941 1.707590 -965.302638 -194.253303
52.250000 2.000588 1.682346 -963.666996 -195.441370
52.300000 1.982558 2.130900 -928.297140 -166.994953
52.350000 2.015564 1.515566 -974.501488 -200.524874
52.400000 1.988774 1.661422 -956.523845 -192.834565
52.450000 2.006502 1.532910 -973.749134 -203.252255
52.500000 1.989876 1.166302 -810.327434 -46.215004
52.550000 2.012665 1.088045 -824.283324 -51.419803
52.600000 1.994828 1.251565 -807.077095 -41.063293
52.650000 2.007140 1.036142 -823.014101 -52.272280
52.700000 2.006217 0.946920 -819.614957 -49.227711
52.750000 2.000891 0.511930 -855.828136 -87.485971
52.800000 1.991074 0.835631 -823.095744 -58.523393
52.850000 1.983841 1.094764 -801.861038 -40.065932
52.900000 2.005356 1.174643 -795.267396 -25.210732
52.950000 1.992766 1.451198 -762.918049 2.304148
53.000000 2.008073 0.991944 -809.000654 -37.900442
53.050000 1.983642 1.149300 -788.969633 -27.250968
53.100000 1.986133 1.290763 -774.901186 -12.225987
53.150000 1.995081 1.165438 -790.101373 -23.990087
53.200000 2.001769 0.789497 -828.748309 -60.068915
53.250000 1.986237 1.054863 -804.129243 -41.414366
53.300000 2.009609 1.168639 -795.811241 -24.121560
53.350000 2.010209 1.012870 -814.132817 -42.212610
53.400000 1.999717 0.962324 -827.000258 -59.108760
53.450000 1.981580 1.239772 -807.084306 -46.157650
53.500000 2.018281 1.001549 -836.495840 -61.476040
53.550000 1.975425 1.246004 -815.469490 -56.906385
53.600000 2.016631 1.231600 -817.885334 -43.499138
53.650000 1.991432 0.819443 -850.396016 -85.685940
53.700000 1.998353 0.992064 -832.552123 -65.184596
53.750000 2.008090 1.138114 -821.746091 -50.639519
53.800000 1.994616 1.028437 -837.121071 -71.188508
53.850000 1.992889 1.245754 -815.228064 -49.958818
53.900000 1.994388 1.076722 -830.345724 -64.500821
53.950000 1.992744 1.060769 -826.892847 -61.679201
54.000000 2.010258 1.030537 -828.392358 -56.453240
54.050000 1.997668 1.076884 -823.346777 -56.242203
54.100000 1.998289 1.084000 -822.635782 -55.292647
54.150000 2.008546 0.853504 -839.986513 -68.704881
54.200000 1.992855 0.989467 -813.667927 -48.411604
54.250000 1.992274 0.661325 -843.017115 -77.983951
54.300000 1.986946 1.060601 -801.351190 -38.364051
54.350000 1.995568 1.208025 -790.816299 -24.518095
54.400000 2.015598 1.422250 -767.557019 6.432567
54.450000 1.983382 1.118895 -791.345282 -29.726754
54.500000 2.013910 0.982090 -806.835994 -33.494482
54.550000 1.997388 0.908342 -818.864723 -51.867780
54.600000 1.992717 1.084033 -811.357839 -46.154570
54.650000 2.013982 1.532844 -769.042122 4.327026
54.700000 2.000398 1.257926 -797.087564 -28.934613
54.750000 2.002999 0.999578 -819.449303 -50.297657
54.800000 1.996540 0.961126 -819.360049 -52.688523
54.850000 1.989646 1.014489 -813.467763 -49.443611
54.900000 1.996960 1.107917 -809.190274 -42.357541
54.950000 1.995301 1.464210 -777.651337 -11.455758
55.000000 2.017661 1.200564 -801.496423 -26.714733
55.050000 1.993140 1.138450 -801.237530 -35.871651
55.100000 1.997216 1.224888 -791.887229 -24.956290
55.150000 2.011668 0.865957 -830.041882 -57.561190
55.200000 1.989381 1.128699 -809.627791 -45.705514
55.250000 2.002763 1.288245 -800.056851 -30.995733
55.300000 2.000166 1.369510 -793.155728 -25.091910
55.350000 2.006759 1.294141 -805.358983 -34.763440
55.400000 2.002300 1.402333 -793.831621 -24.948492
55.450000 1.998297 0.927139 -837.845063 -70.499164
55.500000 1.997519 1.164247 -809.417444 -42.370058
55.550000 1.992124 1.047472 -815.217443 -50.241881
55.600000 2.009825 0.863519 -827.042118 -55.269363
55.650000 1.981164 0.873259 -819.932622 -59.165489
55.700000 2.010157 0.945325 -814.953784 -43.053304
55.750000 1.982954 1.408586 -771.322958 -9.868441
55.800000 1.999696 1.323997 -777.586365 -9.703264
55.850000 1.998873 0.948279 -803.273999 -35.706875
55.900000 2.004634 0.844753 -813.849212 -44.069642
55.950000 2.000104 0.964422 -807.459751 -39.419946
56.000000 2.004247 1.017206 -804.678802 -35.048111
56.050000 1.991086 1.107393 -798.266628 -33.689503
56.100000 2.015089 1.042829 -806.007182 -32.212980
56.150000 2.000497 0.774851 -833.058672 -64.867773
56.200000 1.980944 1.151751 -801.612971 -40.930523
56.250000 2.022502 1.337925 -784.841827 -8.201202
56.300000 1.992189 1.254856 -783.986286 -18.985587
56.350000 1.996507 0.984279 -801.515908 -34.857300
56.400000 1.986583 1.038439 -787.524923 -24.677069
56.450000 2.004367 0.560900 -836.406880 -66.729920
56.500000 1.993015 1.026802 -791.494334 -26.176630
56.550000 1.992474 0.874025 -817.652790 -52.542707
56.600000 2.015459 1.080997 -800.614104 -26.677896
56.650000 1.997492 0.749378 -827.305304 -60.268361
56.700000 1.994160 1.210357 -781.585875 -15.828520
56.750000 1.993376 1.256566 -781.959333 -16.502870
56.800000 2.009275 1.231398 -787.858043 -16.296564
56.850000 2.002280 1.428612 -768.498993 0.376374
56.900000 2.012125 1.272960 -784.267587 -11.611652
56.950000 2.003416 0.920438 -816.765599 -47.453760
57.000000 1.996197 0.981320 -812.361812 -45.822356
57.050000 2.016328 0.911297 -821.324925 -47.054864
57.100000 1.984392 1.107223 -797.700722 -35.694385
57.150000 2.000009 0.945704 -814.645025 -46.641604
57.200000 2.012563 0.870890 -816.467476 -43.643332
57.250000 1.992947 0.956179 -801.836707 -36.545106
57.300000 1.997909 1.106989 -784.200831 -17.003770
57.350000 2.002667 0.759894 -813.646383 -44.622149
57.400000 1.998339 0.817534 -806.877168 -39.515142
57.450000 2.003513 0.979745 -800.468823 -31.119943
57.500000 1.992795 1.101035 -801.392556 -36.159320
57.550000 2.004748 1.555309 -764.276592 5.546662
57.600000 1.997557 1.348831 -785.570666 -18.508761
57.650000 2.004149 1.146770 -809.441362 -39.848282
57.700000 2.003635 1.341292 -793.267922 -23.872011
57.750000 2.016801 0.989694 -829.472298 -55.020861
57.800000 1.985447 1.094233 -816.878028 -54.466418
57.850000 2.004746 1.208636 -802.471168 -32.648565
57.900000 1.996213 0.907955 -823.265689 -56.719854
57.950000 1.998958 0.590428 -847.178810 -79.578894
58.000000 1.988310 0.939936 -807.753606 -44.242491
58.050000 1.997160 0.970287 -805.837282 -38.927906
58.100000 1.998035 0.878909 -811.016548 -43.771140
58.150000 1.985109 1.057374 -785.787630 -23.505825
58.200000 1.999138 1.138469 -776.761604 -9.092503
58.250000 2.002677 1.089700 -780.223345 -11.195352
58.300000 1.994204 0.741758 -807.633222 -41.858777
58.350000 2.005967 0.506801 -832.377134 -62.085625
58.400000 1.997409 0.684896 -823.246348 -56.241282
58.450000 2.004510 0.815913 -825.347948 -55.616257
58.500000 1.995922 1.334790 -783.048470 -16.614269
58.550000 2.011078 1.313898 -785.873346 -13.619451
58.600000 2.003012 1.002980 -807.840557 -38.683981
58.650000 1.994110 0.959211 -799.027693 -33.289507
58.700000 1.990449 0.938452 -793.286496 -28.953962
58.750000 2.006822 0.880086 -800.796267 -30.176554
58.800000 2.000289 1.017473 -797.163904 -29.052745
58.850000 2.008812 1.174818 -788.008030 -16.624179
58.900000 2.013563 0.933932 -818.256133 -45.048063
58.950000 1.992245 1.120238 -806.293183 -41.271088
59.000000 2.004002 1.192096 -799.947089 -30.410320
59.050000 2.011531 1.010402 -806.165684 -33.737648
59.100000 1.986483 0.932305 -795.900961 -33.091349
59.150000 2.015835 0.634761 -819.235470 -45.154875
59.200000 1.985531 0.802912 -801.253654 -38.809864
59.250000 2.005036 0.808326 -809.654516 -39.720808
59.300000 1.991260 0.870380 -811.425599 -46.781847
59.350000 1.995290 1.179400 -789.813273 -23.621722
59.400000 2.007428 1.304104 -782.837902 -11.985470
59.450000 2.005939 0.947666 -811.415425 -41.134679
59.500000 1.990887 1.147074 -791.108428 -26.607841
59.550000 2.005765 1.314653 -776.504967 -6.291383
59.600000 1.998348 1.185085 -782.978265 -15.612636
59.650000 2.003588 0.850452 -813.728152 -44.350533
59.700000 1.998701 1.059852 -793.035990 -25.534981
59.750000 2.008803 0.902874 -810.667747 -39.287245
59.800000 2.000891 0.911146 -814.548390 -46.206059
59.850000 1.984759 1.255568 -788.920029 -26.772505
59.900000 2.010047 1.178295 -799.640347 -27.782262
59.950000 1.999479 1.036302 -814.021375 -46.221622
60.000000 1.993416 0.450174 -661.898931 103.572939
60.050000 2.005513 0.447953 -657.412254 112.704624
60.100000 1.995746 0.458453 -658.721924 107.644391
60.150000 1.988728 0.767502 -631.015130 132.656399
60.200000 2.010392 0.726623 -634.617048 137.373562
60.250000 2.006335 0.521782 -655.560948 114.871538
60.300000 1.997562 0.711719 -630.625419 136.438495
60.350000 2.007131 0.359235 -675.882983 94.855139
60.400000 1.990657 0.645116 -649.901899 114.510423
60.450000 2.018881 1.004592 -618.446240 156.803907
60.500000 1.992278 0.920864 -637.777598 127.256964
60.550000 1.992905 0.886591 -646.394267 118.881203
60.600000 2.007122 0.722414 -661.300880 109.434016
60.650000 1.991437 0.513252 -678.241924 86.469725
60.700000 2.007396 0.469676 -679.236120 91.603977
60.750000 1.993023 0.472432 -681.962899 83.358038
60.800000 1.999939 0.774792 -652.668817 115.307947
60.850000 1.999263 0.767915 -659.103118 108.613745
60.900000 1.998997 0.675146 -668.867648 98.747111
60.950000 2.000970 0.790055 -651.572431 116.800043
61.000000 2.001552 0.702860 -663.320974 105.275023
61.050000 1.995329 0.866414 -642.093367 124.112966
61.100000 2.006882 0.807353 -647.827230 122.815341
61.150000 2.000990 0.714312 -653.788918 114.591427
61.200000 1.996301 0.579997 -666.697748 99.881985
61.250000 2.002079 0.591852 -664.521296 104.276928
61.300000 2.001379 0.681782 -658.058356 110.471023
61.350000 2.007168 0.673385 -660.830696 109.921935
61.400000 2.010240 0.652727 -664.219378 107.712889
61.450000 1.992856 0.568416 -676.705382 88.551233
61.500000 2.023237 0.677676 -659.762708 117.160112
61.550000 1.987889 0.574368 -670.800585 92.548749
61.600000 2.010278 0.663928 -663.025225 108.921531
61.650000 2.003848 0.638172 -667.943083 101.534546
61.700000 1.994514 0.786286 -654.482724 111.410702
61.750000 2.016774 0.964061 -635.625395 138.815873
61.800000 1.996200 0.776232 -656.441501 110.099174
61.850000 2.002562 0.617563 -669.619388 99.364457
61.900000 2.004199 0.697441 -648.749603 120.862707
61.950000 2.001767 0.655383 -644.893253 123.785178
62.000000 1.996617 0.708245 -635.192490 131.508312
62.050000 2.001415 0.762183 -634.514117 134.029242
62.100000 1.994366 0.929986 -613.407796 152.428669
62.150000 2.004240 0.709080 -637.552895 132.075171
62.200000 2.001177 0.700482 -636.303494 132.148482
62.250000 1.994098 0.766910 -628.924498 136.809197
62.300000 2.010207 0.768602 -626.042248 145.877068
62.350000 2.006440 0.509408 -657.600240 112.872706
62.400000 1.999405 0.675252 -639.844497 127.926930
62.450000 1.998470 0.600108 -655.252547 112.159891
62.500000 1.995332 0.801656 -638.475950 127.731673
62.550000 1.998436 0.856984 -636.043909 131.355441
62.600000 1.990573 0.900735 -628.805214 135.574729
62.650000 2.005444 0.760606 -640.298683 129.791814
62.700000 2.004597 0.587158 -655.963483 113.801783
62.750000 1.986468 0.784410 -631.181176 131.622654
62.800000 2.008654 0.714028 -635.128956 136.194226
62.850000 1.987901 0.517714 -650.387049 112.966940
62.900000 1.999005 0.725299 -617.365012 150.253087
62.950000 1.992775 0.746566 -611.215563 154.010164
63.000000 2.004162 0.602225 -628.401951 141.196187
63.050000 1.994210 0.579694 -629.270336 136.506409
63.100000 1.999206 0.608538 -630.962409 136.732636
63.150000 2.002235 0.653649 -636.524330 132.334010
63.200000 2.002216 0.678892 -640.888056 127.962897
63.250000 2.013429 0.631294 -648.019869 125.136775
63.300000 1.993662 0.542046 -655.965696 109.600417
63.350000 2.000256 0.605732 -651.154163 116.944288
63.400000 2.001518 0.650270 -654.355395 114.227365
63.450000 2.002639 0.880512 -635.602723 133.410535
63.500000 2.008383 0.736272 -654.553713 116.665383
63.550000 1.991411 0.601990 -664.133000 100.568945
63.600000 2.014209 0.747648 -638.357187 135.099190
63.650000 1.982429 0.557933 -657.797712 103.455061
63.700000 2.002928 0.609646 -654.456775 114.667388
63.750000 1.998661 0.731158 -640.449017 127.036971
63.800000 2.004429 0.609170 -656.579068 113.121544
63.850000 2.001422 0.517298 -663.575032 104.971180
63.900000 1.990898 0.618996 -648.612417 115.892417
63.950000 2.002693 0.543708 -659.446716 109.587317
64.000000 1.995038 0.690492 -642.724898 123.369738
64.050000 2.002870 0.652361 -650.240791 118.861159
64.100000 1.990885 0.765594 -634.365231 130.134724
64.150000 2.007767 0.597619 -658.948526 112.034191
64.200000 1.997764 0.800687 -637.507552 129.633996
64.250000 2.005580 0.686882 -660.640555 109.501983
64.300000 2.000507 0.831589 -644.692153 123.502676
64.350000 2.001648 0.624375 -674.489486 94.143363
64.400000 1.999837 0.785230 -655.585793 112.351608
64.450000 2.005196 0.722199 -658.620771 111.374443
64.500000 1.993679 0.633542 -663.171387 102.401305
64.550000 2.000543 0.633594 -661.328034 106.880491
64.600000 2.001929 0.616828 -663.405411 105.335290
64.650000 2.001069 0.716453 -651.261666 117.148997
64.700000 1.998001 0.785094 -639.788507 127.443819
64.750000 2.003070 0.689096 -645.605219 123.573661
64.800000 1.998218 0.517797 -660.885542 106.430172
64.850000 1.996164 0.663352 -638.600569 127.926513
64.900000 1.996997 0.562301 -651.241961 115.605071
64.950000 2.001650 0.564315 -655.778058 112.855351
65.000000 1.988849 0.768756 -641.943904 121.773961
65.050000 2.011808 0.759912 -647.694416 124.839975
65.100000 2.005951 0.726246 -648.288562 121.996598
65.150000 1.990780 0.728850 -648.037069 116.422493
65.200000 2.004316 0.713176 -648.673519 120.983980
65.250000 1.999043 0.609129 -660.730219 106.902431
65.300000 2.001047 0.561116 -668.247092 100.155016
65.350000 1.985696 0.837609 -634.761682 127.745738
65.400000 2.003914 0.721130 -646.902216 122.600676
65.450000 2.006952 0.528007 -663.929199 106.740231
65.500000 1.987159 0.756040 -632.264032 130.805101
65.550000 2.006798 0.664055 -638.459281 132.151250
65.600000 1.993839 0.541082 -647.514818 118.119166
65.650000 2.005646 0.710587 -622.175259 147.992802
65.700000 1.993844 0.479611 -646.605764 119.030181
65.750000 2.006634 0.435807 -653.462450 117.084995
65.800000 1.991077 0.626381 -637.082780 127.490781
65.850000 2.007709 0.857683 -618.253365 152.707062
65.900000 1.995376 0.706138 -641.204336 125.019963
65.950000 1.996414 0.894566 -620.393993 146.228984
66.000000 2.009627 0.881188 -621.426384 150.270414
66.050000 2.003178 0.678173 -644.417985 124.802472
66.100000 2.001408 0.665216 -649.629492 118.911245
66.150000 2.004752 0.649986 -655.313009 114.511858
66.200000 1.990851 0.793817 -640.056035 124.430929
66.250000 2.004970 0.899725 -631.565499 138.342894
66.300000 2.004442 0.989013 -616.875009 152.830763
66.350000 2.004813 0.748263 -639.621653 130.226600
66.400000 2.006380 0.528173 -659.481459 110.968476
66.450000 1.998445 0.623632 -646.106461 121.296276
66.500000 1.998509 0.633651 -652.034775 115.392559
66.550000 2.007826 0.878909 -623.796666 147.208428
66.600000 2.002594 0.636937 -652.963648 116.032358
66.650000 1.989464 0.905259 -615.132072 148.822090
66.700000 2.010642 0.715658 -630.755007 141.331587
66.750000 1.999739 0.560778 -640.334368 127.565326
66.800000 1.990088 0.538769 -643.175768 121.017943
66.850000 2.001562 0.560839 -644.514758 124.084895
66.900000 2.001182 0.777243 -628.573087 139.880770
66.950000 2.013075 0.934174 -614.050433 158.970458
67.000000 1.991741 0.608665 -657.239922 107.588446
67.050000 2.003057 0.776458 -640.533144 128.640931
67.100000 1.998227 0.717507 -654.231388 113.087725
67.150000 2.008760 0.757821 -654.414643 116.949226
67.200000 1.998502 0.928379 -632.910962 134.513710
67.250000 1.999359 0.710356 -662.748404 105.005625
67.300000 2.001696 0.885667 -643.054299 125.596954
67.350000 2.000907 0.874710 -641.031051 127.317413
67.400000 2.008977 0.538062 -674.685715 96.761345
67.450000 1.986648 0.705159 -649.182104 113.690697
