# t Temp Pres Epot Etot
0.000000 -nan -nan -138.594514 -nan
0.050000 -nan -nan -138.594514 -nan
0.100000 -nan -nan -138.594514 -nan
0.150000 -nan -nan -138.594514 -nan
0.200000 -nan -nan -138.594514 -nan
0.250000 -nan -nan -138.594514 -nan
0.300000 -nan -nan -138.594514 -nan
0.350000 -nan -nan -138.594514 -nan
0.400000 -nan -nan -138.594514 -nan
0.450000 -nan -nan -138.594514 -nan
0.500000 -nan -nan -138.594514 -nan
0.550000 -nan -nan -138.594514 -nan
0.600000 -nan -nan -138.594514 -nan
0.650000 -nan -nan -138.594514 -nan
0.700000 -nan -nan -138.594514 -nan
0.750000 -nan -nan -138.594514 -nan
0.800000 -nan -nan -138.594514 -nan
0.850000 -nan -nan -138.594514 -nan
0.900000 -nan -nan -138.594514 -nan
0.950000 -nan -nan -138.594514 -nan
1.000000 -nan -nan -138.594514 -nan
1.050000 -nan -nan -138.594514 -nan
1.100000 -nan -nan -138.594514 -nan
1.150000 -nan -nan -138.594514 -nan
1.200000 -nan -nan -138.594514 -nan
1.250000 -nan -nan -138.594514 -nan
1.300000 -nan -nan -138.594514 -nan
1.350000 -nan -nan -138.594514 -nan
1.400000 -nan -nan -138.594514 -nan
1.450000 -nan -nan -138.594514 -nan
1.500000 -nan -nan -138.594514 -nan
1.550000 -nan -nan -138.594514 -nan
1.600000 -nan -nan -138.594514 -nan
1.650000 -nan -nan -138.594514 -nan
1.700000 -nan -nan -138.594514 -nan
1.750000 -nan -nan -138.594514 -nan
1.800000 -nan -nan -138.594514 -nan
1.850000 -nan -nan -138.594514 -nan
1.900000 -nan -nan -138.594514 -nan
1.950000 -nan -nan -138.594514 -nan
2.000000 -nan -nan -138.594514 -nan
2.050000 -nan -nan -138.594514 -nan
2.100000 -nan -nan -138.594514 -nan
2.150000 -nan -nan -138.594514 -nan
2.200000 -nan -nan -138.594514 -nan
2.250000 -nan -nan -138.594514 -nan
2.300000 -nan -nan -138.594514 -nan
2.350000 -nan -nan -138.594514 -nan
2.400000 -nan -nan -138.594514 -nan
2.450000 -nan -nan -138.594514 -nan
2.500000 -nan -nan -138.594514 -nan
2.550000 -nan -nan -138.594514 -nan
2.600000 -nan -nan -138.594514 -nan
2.650000 -nan -nan -138.594514 -nan
2.700000 -nan -nan -138.594514 -nan
2.750000 -nan -nan -138.594514 -nan
2.800000 -nan -nan -138.594514 -nan
2.850000 -nan -nan -138.594514 -nan
2.900000 -nan -nan -138.594514 -nan
2.950000 -nan -nan -138.594514 -nan
3.000000 -nan -nan -138.594514 -nan
3.050000 -nan -nan -138.594514 -nan
3.100000 -nan -nan -138.594514 -nan
3.150000 -nan -nan -138.594514 -nan
3.200000 -nan -nan -138.594514 -nan
3.250000 -nan -nan -138.594514 -nan
3.300000 -nan -nan -138.594514 -nan
3.350000 -nan -nan -138.594514 -nan
3.400000 -nan -nan -138.594514 -nan
3.450000 -nan -nan -138.594514 -nan
3.500000 -nan -nan -138.594514 -nan
3.550000 -nan -nan -138.594514 -nan
3.600000 -nan -nan -138.594514 -nan
3.650000 -nan -nan -138.594514 -nan
3.700000 -nan -nan -138.594514 -nan
3.750000 -nan -nan -138.594514 -nan
3.800000 -nan -nan -138.594514 -nan
3.850000 -nan -nan -138.594514 -nan
3.900000 -nan -nan -138.594514 -nan
3.950000 -nan -nan -138.594514 -nan
4.000000 -nan -nan -138.594514 -nan
4.050000 -nan -nan -138.594514 -nan
4.100000 -nan -nan -138.594514 -nan
4.150000 -nan -nan -138.594514 -nan
4.200000 -nan -nan -138.594514 -nan
4.250000 -nan -nan -138.594514 -nan
4.300000 -nan -nan -138.594514 -nan
4.350000 -nan -nan -138.594514 -nan
4.400000 -nan -nan -138.594514 -nan
4.450000 -nan -nan -138.594514 -nan
4.500000 -nan -nan -138.594514 -nan
4.550000 -nan -nan -138.594514 -nan
4.600000 -nan -nan -138.594514 -nan
4.650000 -nan -nan -138.594514 -nan
4.700000 -nan -nan -138.594514 -nan
4.750000 -nan -nan -138.594514 -nan
4.800000 -nan -nan -138.594514 -nan
4.850000 -nan -nan -138.594514 -nan
4.900000 -nan -nan -138.594514 -nan
4.950000 -nan -nan -138.594514 -nan
5.000000 -nan -nan -138.594514 -nan
5.050000 -nan -nan -138.594514 -nan
5.100000 -nan -nan -138.594514 -nan
5.150000 -nan -nan -138.594514 -nan
5.200000 -nan -nan -138.594514 -nan
5.250000 -nan -nan -138.594514 -nan
5.300000 -nan -nan -138.594514 -nan
5.350000 -nan -nan -138.594514 -nan
5.400000 -nan -nan -138.594514 -nan
5.450000 -nan -nan -138.594514 -nan
5.500000 -nan -nan -138.594514 -nan
5.550000 -nan -nan -138.594514 -nan
5.600000 -nan -nan -138.594514 -nan
5.650000 -nan -nan -138.594514 -nan
5.700000 -nan -nan -138.594514 -nan
5.750000 -nan -nan -138.594514 -nan
5.800000 -nan -nan -138.594514 -nan
5.850000 -nan -nan -138.594514 -nan
5.900000 -nan -nan -138.594514 -nan
5.950000 -nan -nan -138.594514 -nan
6.000000 -nan -nan -138.594514 -nan
6.050000 -nan -nan -138.594514 -nan
6.100000 -nan -nan -138.594514 -nan
6.150000 -nan -nan -138.594514 -nan
6.200000 -nan -nan -138.594514 -nan
6.250000 -nan -nan -138.594514 -nan
6.300000 -nan -nan -138.594514 -nan
6.350000 -nan -nan -138.594514 -nan
6.400000 -nan -nan -138.594514 -nan
6.450000 -nan -nan -138.594514 -nan
6.500000 -nan -nan -138.594514 -nan
6.550000 -nan -nan -138.594514 -nan
6.600000 -nan -nan -138.594514 -nan
6.650000 -nan -nan -138.594514 -nan
6.700000 -nan -nan -138.594514 -nan
6.750000 -nan -nan -138.594514 -nan
6.800000 -nan -nan -138.594514 -nan
6.850000 -nan -nan -138.594514 -nan
6.900000 -nan -nan -138.594514 -nan
6.950000 -nan -nan -138.594514 -nan
7.000000 -nan -nan -138.594514 -nan
7.050000 -nan -nan -138.594514 -nan
7.100000 -nan -nan -138.594514 -nan
7.150000 -nan -nan -138.594514 -nan
7.200000 -nan -nan -138.594514 -nan
7.250000 -nan -nan -138.594514 -nan
7.300000 -nan -nan -138.594514 -nan
7.350000 -nan -nan -138.594514 -nan
7.400000 -nan -nan -138.594514 -nan
7.450000 -nan -nan -138.594514 -nan
7.500000 2.000000 0.906023 -127.044971 196.955029
7.550000 2.000000 0.906023 -127.044971 196.955029
7.600000 2.000000 0.906023 -127.044971 196.955029
7.650000 2.000000 0.906023 -127.044971 196.955029
7.700000 2.000000 0.906023 -127.044971 196.955029
7.750000 2.000000 0.906023 -127.044971 196.955029
7.800000 2.000000 0.906023 -127.044971 196.955029
7.850000 2.000000 0.906023 -127.044971 196.955029
7.900000 2.000000 0.906023 -127.044971 196.955029
7.950000 2.000000 0.906023 -127.044971 196.955029
8.000000 2.000000 0.906023 -127.044971 196.955029
8.050000 2.000000 0.906023 -127.044971 196.955029
8.100000 2.000000 0.906023 -127.044971 196.955029
8.150000 2.000000 0.906023 -127.044971 196.955029
8.200000 2.000000 0.906023 -127.044971 196.955029
8.250000 2.000000 0.906023 -127.044971 196.955029
8.300000 2.000000 0.906023 -127.044971 196.955029
8.350000 2.000000 0.906023 -127.044971 196.955029
8.400000 2.000000 0.906023 -127.044971 196.955029
8.450000 2.000000 0.906023 -127.044971 196.955029
8.500000 2.000000 0.906023 -127.044971 196.955029
8.550000 2.000000 0.906023 -127.044971 196.955029
8.600000 2.000000 0.906023 -127.044971 196.955029
8.650000 2.000000 0.906023 -127.044971 196.955029
8.700000 2.000000 0.906023 -127.044971 196.955029
8.750000 2.000000 0.906023 -127.044971 196.955029
8.800000 2.000000 0.906023 -127.044971 196.955029
8.850000 2.000000 0.906023 -127.044971 196.955029
8.900000 2.000000 0.906023 -127.044971 196.955029
8.950000 2.000000 0.906023 -127.044971 196.955029
9.000000 2.000000 0.906023 -127.044971 196.955029
9.050000 2.000000 0.906023 -127.044971 196.955029
9.100000 2.000000 0.906023 -127.044971 196.955029
9.150000 2.000000 0.906023 -127.044971 196.955029
9.200000 2.000000 0.906023 -127.044971 196.955029
9.250000 2.000000 0.906023 -127.044971 196.955029
9.300000 2.000000 0.906023 -127.044971 196.955029
9.350000 2.000000 0.906023 -127.044971 196.955029
9.400000 2.000000 0.906023 -127.044971 196.955029
9.450000 2.000000 0.906023 -127.044971 196.955029
9.500000 2.000000 0.906023 -127.044971 196.955029
9.550000 2.000000 0.906023 -127.044971 196.955029
9.600000 2.000000 0.906023 -127.044971 196.955029
9.650000 2.000000 0.906023 -127.044971 196.955029
9.700000 2.000000 0.906023 -127.044971 196.955029
9.750000 2.000000 0.906023 -127.044971 196.955029
9.800000 2.000000 0.906023 -127.044971 196.955029
9.850000 2.000000 0.906023 -127.044971 196.955029
9.900000 2.000000 0.906023 -127.044971 196.955029
9.950000 2.000000 0.906023 -127.044971 196.955029
10.000000 2.000000 0.906023 -127.044971 196.955029
10.050000 2.000000 0.906023 -127.044971 196.955029
10.100000 2.000000 0.906023 -127.044971 196.955029
10.150000 2.000000 0.906023 -127.044971 196.955029
10.200000 2.000000 0.906023 -127.044971 196.955029
10.250000 2.000000 0.906023 -127.044971 196.955029
10.300000 2.000000 0.906023 -127.044971 196.955029
10.350000 2.000000 0.906023 -127.044971 196.955029
10.400000 2.000000 0.906023 -127.044971 196.955029
10.450000 2.000000 0.906023 -127.044971 196.955029
10.500000 2.000000 0.906023 -127.044971 196.955029
10.550000 2.000000 0.906023 -127.044971 196.955029
10.600000 2.000000 0.906023 -127.044971 196.955029
10.650000 2.000000 0.906023 -127.044971 196.955029
10.700000 2.000000 0.906023 -127.044971 196.955029
10.750000 2.000000 0.906023 -127.044971 196.955029
10.800000 2.000000 0.906023 -127.044971 196.955029
10.850000 2.000000 0.906023 -127.044971 196.955029
10.900000 2.000000 0.906023 -127.044971 196.955029
10.950000 2.000000 0.906023 -127.044971 196.955029
11.000000 2.000000 0.906023 -127.044971 196.955029
11.050000 2.000000 0.906023 -127.044971 196.955029
11.100000 2.000000 0.906023 -127.044971 196.955029
11.150000 2.000000 0.906023 -127.044971 196.955029
11.200000 2.000000 0.906023 -127.044971 196.955029
11.250000 2.000000 0.906023 -127.044971 196.955029
11.300000 2.000000 0.906023 -127.044971 196.955029
11.350000 2.000000 0.906023 -127.044971 196.955029
11.400000 2.000000 0.906023 -127.044971 196.955029
11.450000 2.000000 0.906023 -127.044971 196.955029
11.500000 2.000000 0.906023 -127.044971 196.955029
11.550000 2.000000 0.906023 -127.044971 196.955029
11.600000 2.000000 0.906023 -127.044971 196.955029
11.650000 2.000000 0.906023 -127.044971 196.955029
11.700000 2.000000 0.906023 -127.044971 196.955029
11.750000 2.000000 0.906023 -127.044971 196.955029
11.800000 2.000000 0.906023 -127.044971 196.955029
11.850000 2.000000 0.906023 -127.044971 196.955029
11.900000 2.000000 0.906023 -127.044971 196.955029
11.950000 2.000000 0.906023 -127.044971 196.955029
12.000000 2.000000 0.906023 -127.044971 196.955029
12.050000 2.000000 0.906023 -127.044971 196.955029
12.100000 2.000000 0.906023 -127.044971 196.955029
12.150000 2.000000 0.906023 -127.044971 196.955029
12.200000 2.000000 0.906023 -127.044971 196.955029
12.250000 2.000000 0.906023 -127.044971 196.955029
12.300000 2.000000 0.906023 -127.044971 196.955029
12.350000 2.000000 0.906023 -127.044971 196.955029
12.400000 2.000000 0.906023 -127.044971 196.955029
12.450000 2.000000 0.906023 -127.044971 196.955029
12.500000 2.000000 0.906023 -127.044971 196.955029
12.550000 2.000000 0.906023 -127.044971 196.955029
12.600000 2.000000 0.906023 -127.044971 196.955029
12.650000 2.000000 0.906023 -127.044971 196.955029
12.700000 2.000000 0.906023 -127.044971 196.955029
12.750000 2.000000 0.906023 -127.044971 196.955029
12.800000 2.000000 0.906023 -127.044971 196.955029
12.850000 2.000000 0.906023 -127.044971 196.955029
12.900000 2.000000 0.906023 -127.044971 196.955029
12.950000 2.000000 0.906023 -127.044971 196.955029
13.000000 2.000000 0.906023 -127.044971 196.955029
13.050000 2.000000 0.906023 -127.044971 196.955029
13.100000 2.000000 0.906023 -127.044971 196.955029
13.150000 2.000000 0.906023 -127.044971 196.955029
13.200000 2.000000 0.906023 -127.044971 196.955029
13.250000 2.000000 0.906023 -127.044971 196.955029
13.300000 2.000000 0.906023 -127.044971 196.955029
13.350000 2.000000 0.906023 -127.044971 196.955029
13.400000 2.000000 0.906023 -127.044971 196.955029
13.450000 2.000000 0.906023 -127.044971 196.955029
13.500000 2.000000 0.906023 -127.044971 196.955029
13.550000 2.000000 0.906023 -127.044971 196.955029
13.600000 2.000000 0.906023 -127.044971 196.955029
13.650000 2.000000 0.906023 -127.044971 196.955029
13.700000 2.000000 0.906023 -127.044971 196.955029
13.750000 2.000000 0.906023 -127.044971 196.955029
13.800000 2.000000 0.906023 -127.044971 196.955029
13.850000 2.000000 0.906023 -127.044971 196.955029
13.900000 2.000000 0.906023 -127.044971 196.955029
13.950000 2.000000 0.906023 -127.044971 196.955029
14.000000 2.000000 0.906023 -127.044971 196.955029
14.050000 2.000000 0.906023 -127.044971 196.955029
14.100000 2.000000 0.906023 -127.044971 196.955029
14.150000 2.000000 0.906023 -127.044971 196.955029
14.200000 2.000000 0.906023 -127.044971 196.955029
14.250000 2.000000 0.906023 -127.044971 196.955029
14.300000 2.000000 0.906023 -127.044971 196.955029
14.350000 2.000000 0.906023 -127.044971 196.955029
14.400000 2.000000 0.906023 -127.044971 196.955029
14.450000 2.000000 0.906023 -127.044971 196.955029
14.500000 2.000000 0.906023 -127.044971 196.955029
14.550000 2.000000 0.906023 -127.044971 196.955029
14.600000 2.000000 0.906023 -127.044971 196.955029
14.650000 2.000000 0.906023 -127.044971 196.955029
14.700000 2.000000 0.906023 -127.044971 196.955029
14.750000 2.000000 0.906023 -127.044971 196.955029
14.800000 2.000000 0.906023 -127.044971 196.955029
14.850000 2.000000 0.906023 -127.044971 196.955029
14.900000 2.000000 0.906023 -127.044971 196.955029
14.950000 2.000000 0.906023 -127.044971 196.955029
15.000000 2.000000 0.930598 -115.495429 208.504571
15.050000 2.000000 0.930598 -115.495429 208.504571
15.100000 2.000000 0.930598 -115.495429 208.504571
15.150000 2.000000 0.930598 -115.495429 208.504571
15.200000 2.000000 0.930598 -115.495429 208.504571
15.250000 2.000000 0.930598 -115.495429 208.504571
15.300000 2.000000 0.930598 -115.495429 208.504571
15.350000 2.000000 0.930598 -115.495429 208.504571
15.400000 2.000000 0.930598 -115.495429 208.504571
15.450000 2.000000 0.930598 -115.495429 208.504571
15.500000 2.000000 0.930598 -115.495429 208.504571
15.550000 2.000000 0.930598 -115.495429 208.504571
15.600000 2.000000 0.930598 -115.495429 208.504571
15.650000 2.000000 0.930598 -115.495429 208.504571
15.700000 2.000000 0.930598 -115.495429 208.504571
15.750000 2.000000 0.930598 -115.495429 208.504571
15.800000 2.000000 0.930598 -115.495429 208.504571
15.850000 2.000000 0.930598 -115.495429 208.504571
15.900000 2.000000 0.930598 -115.495429 208.504571
15.950000 2.000000 0.930598 -115.495429 208.504571
16.000000 2.000000 0.930598 -115.495429 208.504571
16.050000 2.000000 0.930598 -115.495429 208.504571
16.100000 2.000000 0.930598 -115.495429 208.504571
16.150000 2.000000 0.930598 -115.495429 208.504571
16.200000 2.000000 0.930598 -115.495429 208.504571
16.250000 2.000000 0.930598 -115.495429 208.504571
16.300000 2.000000 0.930598 -115.495429 208.504571
16.350000 2.000000 0.930598 -115.495429 208.504571
16.400000 2.000000 0.930598 -115.495429 208.504571
16.450000 2.000000 0.930598 -115.495429 208.504571
16.500000 2.000000 0.930598 -115.495429 208.504571
16.550000 2.000000 0.930598 -115.495429 208.504571
16.600000 2.000000 0.930598 -115.495429 208.504571
16.650000 2.000000 0.930598 -115.495429 208.504571
16.700000 2.000000 0.930598 -115.495429 208.504571
16.750000 2.000000 0.930598 -115.495429 208.504571
16.800000 2.000000 0.930598 -115.495429 208.504571
16.850000 2.000000 0.930598 -115.495429 208.504571
16.900000 2.000000 0.930598 -115.495429 208.504571
16.950000 2.000000 0.930598 -115.495429 208.504571
17.000000 2.000000 0.930598 -115.495429 208.504571
17.050000 2.000000 0.930598 -115.495429 208.504571
17.100000 2.000000 0.930598 -115.495429 208.504571
17.150000 2.000000 0.930598 -115.495429 208.504571
17.200000 2.000000 0.930598 -115.495429 208.504571
17.250000 2.000000 0.930598 -115.495429 208.504571
17.300000 2.000000 0.930598 -115.495429 208.504571
17.350000 2.000000 0.930598 -115.495429 208.504571
17.400000 2.000000 0.930598 -115.495429 208.504571
17.450000 2.000000 0.930598 -115.495429 208.504571
17.500000 2.000000 0.930598 -115.495429 208.504571
17.550000 2.000000 0.930598 -115.495429 208.504571
17.600000 2.000000 0.930598 -115.495429 208.504571
17.650000 2.000000 0.930598 -115.495429 208.504571
17.700000 2.000000 0.930598 -115.495429 208.504571
17.750000 2.000000 0.930598 -115.495429 208.504571
17.800000 2.000000 0.930598 -115.495429 208.504571
17.850000 2.000000 0.930598 -115.495429 208.504571
17.900000 2.000000 0.930598 -115.495429 208.504571
17.950000 2.000000 0.930598 -115.495429 208.504571
18.000000 2.000000 0.930598 -115.495429 208.504571
18.050000 2.000000 0.930598 -115.495429 208.504571
18.100000 2.000000 0.930598 -115.495429 208.504571
18.150000 2.000000 0.930598 -115.495429 208.504571
18.200000 2.000000 0.930598 -115.495429 208.504571
18.250000 2.000000 0.930598 -115.495429 208.504571
18.300000 2.000000 0.930598 -115.495429 208.504571
18.350000 2.000000 0.930598 -115.495429 208.504571
18.400000 2.000000 0.930598 -115.495429 208.504571
18.450000 2.000000 0.930598 -115.495429 208.504571
18.500000 2.000000 0.930598 -115.495429 208.504571
18.550000 2.000000 0.930598 -115.495429 208.504571
18.600000 2.000000 0.930598 -115.495429 208.504571
18.650000 2.000000 0.930598 -115.495429 208.504571
18.700000 2.000000 0.930598 -115.495429 208.504571
18.750000 2.000000 0.930598 -115.495429 208.504571
18.800000 2.000000 0.930598 -115.495429 208.504571
18.850000 2.000000 0.930598 -115.495429 208.504571
18.900000 2.000000 0.930598 -115.495429 208.504571
18.950000 2.000000 0.930598 -115.495429 208.504571
19.000000 2.000000 0.930598 -115.495429 208.504571
19.050000 2.000000 0.930598 -115.495429 208.504571
19.100000 2.000000 0.930598 -115.495429 208.504571
19.150000 2.000000 0.930598 -115.495429 208.504571
19.200000 2.000000 0.930598 -115.495429 208.504571
19.250000 2.000000 0.930598 -115.495429 208.504571
19.300000 2.000000 0.930598 -115.495429 208.504571
19.350000 2.000000 0.930598 -115.495429 208.504571
19.400000 2.000000 0.930598 -115.495429 208.504571
19.450000 2.000000 0.930598 -115.495429 208.504571
19.500000 2.000000 0.930598 -115.495429 208.504571
19.550000 2.000000 0.930598 -115.495429 208.504571
19.600000 2.000000 0.930598 -115.495429 208.504571
19.650000 2.000000 0.930598 -115.495429 208.504571
19.700000 2.000000 0.930598 -115.495429 208.504571
19.750000 2.000000 0.930598 -115.495429 208.504571
19.800000 2.000000 0.930598 -115.495429 208.504571
19.850000 2.000000 0.930598 -115.495429 208.504571
19.900000 2.000000 0.930598 -115.495429 208.504571
19.950000 2.000000 0.930598 -115.495429 208.504571
20.000000 2.000000 0.930598 -115.495429 208.504571
20.050000 2.000000 0.930598 -115.495429 208.504571
20.100000 2.000000 0.930598 -115.495429 208.504571
20.150000 2.000000 0.930598 -115.495429 208.504571
20.200000 2.000000 0.930598 -115.495429 208.504571
20.250000 2.000000 0.930598 -115.495429 208.504571
20.300000 2.000000 0.930598 -115.495429 208.504571
20.350000 2.000000 0.930598 -115.495429 208.504571
20.400000 2.000000 0.930598 -115.495429 208.504571
20.450000 2.000000 0.930598 -115.495429 208.504571
20.500000 2.000000 0.930598 -115.495429 208.504571
20.550000 2.000000 0.930598 -115.495429 208.504571
20.600000 2.000000 0.930598 -115.495429 208.504571
20.650000 2.000000 0.930598 -115.495429 208.504571
20.700000 2.000000 0.930598 -115.495429 208.504571
20.750000 2.000000 0.930598 -115.495429 208.504571
20.800000 2.000000 0.930598 -115.495429 208.504571
20.850000 2.000000 0.930598 -115.495429 208.504571
20.900000 2.000000 0.930598 -115.495429 208.504571
20.950000 2.000000 0.930598 -115.495429 208.504571
21.000000 2.000000 0.930598 -115.495429 208.504571
21.050000 2.000000 0.930598 -115.495429 208.504571
21.100000 2.000000 0.930598 -115.495429 208.504571
21.150000 2.000000 0.930598 -115.495429 208.504571
21.200000 2.000000 0.930598 -115.495429 208.504571
21.250000 2.000000 0.930598 -115.495429 208.504571
21.300000 2.000000 0.930598 -115.495429 208.504571
21.350000 2.000000 0.930598 -115.495429 208.504571
21.400000 2.000000 0.930598 -115.495429 208.504571
21.450000 2.000000 0.930598 -115.495429 208.504571
21.500000 2.000000 0.930598 -115.495429 208.504571
21.550000 2.000000 0.930598 -115.495429 208.504571
21.600000 2.000000 0.930598 -115.495429 208.504571
21.650000 2.000000 0.930598 -115.495429 208.504571
21.700000 2.000000 0.930598 -115.495429 208.504571
21.750000 2.000000 0.930598 -115.495429 208.504571
21.800000 2.000000 0.930598 -115.495429 208.504571
21.850000 2.000000 0.930598 -115.495429 208.504571
21.900000 2.000000 0.930598 -115.495429 208.504571
21.950000 2.000000 0.930598 -115.495429 208.504571
22.000000 2.000000 0.930598 -115.495429 208.504571
22.050000 2.000000 0.930598 -115.495429 208.504571
22.100000 2.000000 0.930598 -115.495429 208.504571
22.150000 2.000000 0.930598 -115.495429 208.504571
22.200000 2.000000 0.930598 -115.495429 208.504571
22.250000 2.000000 0.930598 -115.495429 208.504571
22.300000 2.000000 0.930598 -115.495429 208.504571
22.350000 2.000000 0.930598 -115.495429 208.504571
22.400000 2.000000 0.930598 -115.495429 208.504571
22.450000 2.000000 0.930598 -115.495429 208.504571
22.500000 2.000000 0.933784 -103.945886 220.054114
22.550000 2.000000 0.933784 -103.945886 220.054114
22.600000 2.000000 0.933784 -103.945886 220.054114
22.650000 2.000000 0.933784 -103.945886 220.054114
22.700000 2.000000 0.933784 -103.945886 220.054114
22.750000 2.000000 0.933784 -103.945886 220.054114
22.800000 2.000000 0.933784 -103.945886 220.054114
22.850000 2.000000 0.933784 -103.945886 220.054114
22.900000 2.000000 0.933784 -103.945886 220.054114
22.950000 2.000000 0.933784 -103.945886 220.054114
23.000000 2.000000 0.933784 -103.945886 220.054114
23.050000 2.000000 0.933784 -103.945886 220.054114
23.100000 2.000000 0.933784 -103.945886 220.054114
23.150000 2.000000 0.933784 -103.945886 220.054114
23.200000 2.000000 0.933784 -103.945886 220.054114
23.250000 2.000000 0.933784 -103.945886 220.054114
23.300000 2.000000 0.933784 -103.945886 220.054114
23.350000 2.000000 0.933784 -103.945886 220.054114
23.400000 2.000000 0.933784 -103.945886 220.054114
23.450000 2.000000 0.933784 -103.945886 220.054114
23.500000 2.000000 0.933784 -103.945886 220.054114
23.550000 2.000000 0.933784 -103.945886 220.054114
23.600000 2.000000 0.933784 -103.945886 220.054114
23.650000 2.000000 0.933784 -103.945886 220.054114
23.700000 2.000000 0.933784 -103.945886 220.054114
23.750000 2.000000 0.933784 -103.945886 220.054114
23.800000 2.000000 0.933784 -103.945886 220.054114
23.850000 2.000000 0.933784 -103.945886 220.054114
23.900000 2.000000 0.933784 -103.945886 220.054114
23.950000 2.000000 0.933784 -103.945886 220.054114
24.000000 2.000000 0.933784 -103.945886 220.054114
24.050000 2.000000 0.933784 -103.945886 220.054114
24.100000 2.000000 0.933784 -103.945886 220.054114
24.150000 2.000000 0.933784 -103.945886 220.054114
24.200000 2.000000 0.933784 -103.945886 220.054114
24.250000 2.000000 0.933784 -103.945886 220.054114
24.300000 2.000000 0.933784 -103.945886 220.054114
24.350000 2.000000 0.933784 -103.945886 220.054114
24.400000 2.000000 0.933784 -103.945886 220.054114
24.450000 2.000000 0.933784 -103.945886 220.054114
24.500000 2.000000 0.933784 -103.945886 220.054114
24.550000 2.000000 0.933784 -103.945886 220.054114
24.600000 2.000000 0.933784 -103.945886 220.054114
24.650000 2.000000 0.933784 -103.945886 220.054114
24.700000 2.000000 0.933784 -103.945886 220.054114
24.750000 2.000000 0.933784 -103.945886 220.054114
24.800000 2.000000 0.933784 -103.945886 220.054114
24.850000 2.000000 0.933784 -103.945886 220.054114
24.900000 2.000000 0.933784 -103.945886 220.054114
24.950000 2.000000 0.933784 -103.945886 220.054114
25.000000 2.000000 0.933784 -103.945886 220.054114
25.050000 2.000000 0.933784 -103.945886 220.054114
25.100000 2.000000 0.933784 -103.945886 220.054114
25.150000 2.000000 0.933784 -103.945886 220.054114
25.200000 2.000000 0.933784 -103.945886 220.054114
25.250000 2.000000 0.933784 -103.945886 220.054114
25.300000 2.000000 0.933784 -103.945886 220.054114
25.350000 2.000000 0.933784 -103.945886 220.054114
25.400000 2.000000 0.933784 -103.945886 220.054114
25.450000 2.000000 0.933784 -103.945886 220.054114
25.500000 2.000000 0.933784 -103.945886 220.054114
25.550000 2.000000 0.933784 -103.945886 220.054114
25.600000 2.000000 0.933784 -103.945886 220.054114
25.650000 2.000000 0.933784 -103.945886 220.054114
25.700000 2.000000 0.933784 -103.945886 220.054114
25.750000 2.000000 0.933784 -103.945886 220.054114
25.800000 2.000000 0.933784 -103.945886 220.054114
25.850000 2.000000 0.933784 -103.945886 220.054114
25.900000 2.000000 0.933784 -103.945886 220.054114
25.950000 2.000000 0.933784 -103.945886 220.054114
26.000000 2.000000 0.933784 -103.945886 220.054114
26.050000 2.000000 0.933784 -103.945886 220.054114
26.100000 2.000000 0.933784 -103.945886 220.054114
26.150000 2.000000 0.933784 -103.945886 220.054114
26.200000 2.000000 0.933784 -103.945886 220.054114
26.250000 2.000000 0.933784 -103.945886 220.054114
26.300000 2.000000 0.933784 -103.945886 220.054114
26.350000 2.000000 0.933784 -103.945886 220.054114
26.400000 2.000000 0.933784 -103.945886 220.054114
26.450000 2.000000 0.933784 -103.945886 220.054114
26.500000 2.000000 0.933784 -103.945886 220.054114
26.550000 2.000000 0.933784 -103.945886 220.054114
26.600000 2.000000 0.933784 -103.945886 220.054114
26.650000 2.000000 0.933784 -103.945886 220.054114
26.700000 2.000000 0.933784 -103.945886 220.054114
26.750000 2.000000 0.933784 -103.945886 220.054114
26.800000 2.000000 0.933784 -103.945886 220.054114
26.850000 2.000000 0.933784 -103.945886 220.054114
26.900000 2.000000 0.933784 -103.945886 220.054114
26.950000 2.000000 0.933784 -103.945886 220.054114
27.000000 2.000000 0.933784 -103.945886 220.054114
27.050000 2.000000 0.933784 -103.945886 220.054114
27.100000 2.000000 0.933784 -103.945886 220.054114
27.150000 2.000000 0.933784 -103.945886 220.054114
27.200000 2.000000 0.933784 -103.945886 220.054114
27.250000 2.000000 0.933784 -103.945886 220.054114
27.300000 2.000000 0.933784 -103.945886 220.054114
27.350000 2.000000 0.933784 -103.945886 220.054114
27.400000 2.000000 0.933784 -103.945886 220.054114
27.450000 2.000000 0.933784 -103.945886 220.054114
27.500000 2.000000 0.933784 -103.945886 220.054114
27.550000 2.000000 0.933784 -103.945886 220.054114
27.600000 2.000000 0.933784 -103.945886 220.054114
27.650000 2.000000 0.933784 -103.945886 220.054114
27.700000 2.000000 0.933784 -103.945886 220.054114
27.750000 2.000000 0.933784 -103.945886 220.054114
27.800000 2.000000 0.933784 -103.945886 220.054114
27.850000 2.000000 0.933784 -103.945886 220.054114
27.900000 2.000000 0.933784 -103.945886 220.054114
27.950000 2.000000 0.933784 -103.945886 220.054114
28.000000 2.000000 0.933784 -103.945886 220.054114
28.050000 2.000000 0.933784 -103.945886 220.054114
28.100000 2.000000 0.933784 -103.945886 220.054114
28.150000 2.000000 0.933784 -103.945886 220.054114
28.200000 2.000000 0.933784 -103.945886 220.054114
28.250000 2.000000 0.933784 -103.945886 220.054114
28.300000 2.000000 0.933784 -103.945886 220.054114
28.350000 2.000000 0.933784 -103.945886 220.054114
28.400000 2.000000 0.933784 -103.945886 220.054114
28.450000 2.000000 0.933784 -103.945886 220.054114
28.500000 2.000000 0.933784 -103.945886 220.054114
28.550000 2.000000 0.933784 -103.945886 220.054114
28.600000 2.000000 0.933784 -103.945886 220.054114
28.650000 2.000000 0.933784 -103.945886 220.054114
28.700000 2.000000 0.933784 -103.945886 220.054114
28.750000 2.000000 0.933784 -103.945886 220.054114
28.800000 2.000000 0.933784 -103.945886 220.054114
28.850000 2.000000 0.933784 -103.945886 220.054114
28.900000 2.000000 0.933784 -103.945886 220.054114
28.950000 2.000000 0.933784 -103.945886 220.054114
29.000000 2.000000 0.933784 -103.945886 220.054114
29.050000 2.000000 0.933784 -103.945886 220.054114
29.100000 2.000000 0.933784 -103.945886 220.054114
29.150000 2.000000 0.933784 -103.945886 220.054114
29.200000 2.000000 0.933784 -103.945886 220.054114
29.250000 2.000000 0.933784 -103.945886 220.054114
29.300000 2.000000 0.933784 -103.945886 220.054114
29.350000 2.000000 0.933784 -103.945886 220.054114
29.400000 2.000000 0.933784 -103.945886 220.054114
29.450000 2.000000 0.933784 -103.945886 220.054114
29.500000 2.000000 0.933784 -103.945886 220.054114
29.550000 2.000000 0.933784 -103.945886 220.054114
29.600000 2.000000 0.933784 -103.945886 220.054114
29.650000 2.000000 0.933784 -103.945886 220.054114
29.700000 2.000000 0.933784 -103.945886 220.054114
29.750000 2.000000 0.933784 -103.945886 220.054114
29.800000 2.000000 0.933784 -103.945886 220.054114
29.850000 2.000000 0.933784 -103.945886 220.054114
29.900000 2.000000 0.933784 -103.945886 220.054114
29.950000 2.000000 0.933784 -103.945886 220.054114
30.000000 2.000000 0.915583 -92.396343 231.603657
30.050000 2.000000 0.915583 -92.396343 231.603657
30.100000 2.000000 0.915583 -92.396343 231.603657
30.150000 2.000000 0.915583 -92.396343 231.603657
30.200000 2.000000 0.915583 -92.396343 231.603657
30.250000 2.000000 0.915583 -92.396343 231.603657
30.300000 2.000000 0.915583 -92.396343 231.603657
30.350000 2.000000 0.915583 -92.396343 231.603657
30.400000 2.000000 0.915583 -92.396343 231.603657
30.450000 2.000000 0.915583 -92.396343 231.603657
30.500000 2.000000 0.915583 -92.396343 231.603657
30.550000 2.000000 0.915583 -92.396343 231.603657
30.600000 2.000000 0.915583 -92.396343 231.603657
30.650000 2.000000 0.915583 -92.396343 231.603657
30.700000 2.000000 0.915583 -92.396343 231.603657
30.750000 2.000000 0.915583 -92.396343 231.603657
30.800000 2.000000 0.915583 -92.396343 231.603657
30.850000 2.000000 0.915583 -92.396343 231.603657
30.900000 2.000000 0.915583 -92.396343 231.603657
30.950000 2.000000 0.915583 -92.396343 231.603657
31.000000 2.000000 0.915583 -92.396343 231.603657
31.050000 2.000000 0.915583 -92.396343 231.603657
31.100000 2.000000 0.915583 -92.396343 231.603657
31.150000 2.000000 0.915583 -92.396343 231.603657
31.200000 2.000000 0.915583 -92.396343 231.603657
31.250000 2.000000 0.915583 -92.396343 231.603657
31.300000 2.000000 0.915583 -92.396343 231.603657
31.350000 2.000000 0.915583 -92.396343 231.603657
31.400000 2.000000 0.915583 -92.396343 231.603657
31.450000 2.000000 0.915583 -92.396343 231.603657
31.500000 2.000000 0.915583 -92.396343 231.603657
31.550000 2.000000 0.915583 -92.396343 231.603657
31.600000 2.000000 0.915583 -92.396343 231.603657
31.650000 2.000000 0.915583 -92.396343 231.603657
31.700000 2.000000 0.915583 -92.396343 231.603657
31.750000 2.000000 0.915583 -92.396343 231.603657
31.800000 2.000000 0.915583 -92.396343 231.603657
31.850000 2.000000 0.915583 -92.396343 231.603657
31.900000 2.000000 0.915583 -92.396343 231.603657
31.950000 2.000000 0.915583 -92.396343 231.603657
32.000000 2.000000 0.915583 -92.396343 231.603657
32.050000 2.000000 0.915583 -92.396343 231.603657
32.100000 2.000000 0.915583 -92.396343 231.603657
32.150000 2.000000 0.915583 -92.396343 231.603657
32.200000 2.000000 0.915583 -92.396343 231.603657
32.250000 2.000000 0.915583 -92.396343 231.603657
32.300000 2.000000 0.915583 -92.396343 231.603657
32.350000 2.000000 0.915583 -92.396343 231.603657
32.400000 2.000000 0.915583 -92.396343 231.603657
32.450000 2.000000 0.915583 -92.396343 231.603657
32.500000 2.000000 0.915583 -92.396343 231.603657
32.550000 2.000000 0.915583 -92.396343 231.603657
32.600000 2.000000 0.915583 -92.396343 231.603657
32.650000 2.000000 0.915583 -92.396343 231.603657
32.700000 2.000000 0.915583 -92.396343 231.603657
32.750000 2.000000 0.915583 -92.396343 231.603657
32.800000 2.000000 0.915583 -92.396343 231.603657
32.850000 2.000000 0.915583 -92.396343 231.603657
32.900000 2.000000 0.915583 -92.396343 231.603657
32.950000 2.000000 0.915583 -92.396343 231.603657
33.000000 2.000000 0.915583 -92.396343 231.603657
33.050000 2.000000 0.915583 -92.396343 231.603657
33.100000 2.000000 0.915583 -92.396343 231.603657
33.150000 2.000000 0.915583 -92.396343 231.603657
33.200000 2.000000 0.915583 -92.396343 231.603657
33.250000 2.000000 0.915583 -92.396343 231.603657
33.300000 2.000000 0.915583 -92.396343 231.603657
33.350000 2.000000 0.915583 -92.396343 231.603657
33.400000 2.000000 0.915583 -92.396343 231.603657
33.450000 2.000000 0.915583 -92.396343 231.603657
33.500000 2.000000 0.915583 -92.396343 231.603657
33.550000 2.000000 0.915583 -92.396343 231.603657
33.600000 2.000000 0.915583 -92.396343 231.603657
33.650000 2.000000 0.915583 -92.396343 231.603657
33.700000 2.000000 0.915583 -92.396343 231.603657
33.750000 2.000000 0.915583 -92.396343 231.603657
33.800000 2.000000 0.915583 -92.396343 231.603657
33.850000 2.000000 0.915583 -92.396343 231.603657
33.900000 2.000000 0.915583 -92.396343 231.603657
33.950000 2.000000 0.915583 -92.396343 231.603657
34.000000 2.000000 0.915583 -92.396343 231.603657
34.050000 2.000000 0.915583 -92.396343 231.603657
34.100000 2.000000 0.915583 -92.396343 231.603657
34.150000 2.000000 0.915583 -92.396343 231.603657
34.200000 2.000000 0.915583 -92.396343 231.603657
34.250000 2.000000 0.915583 -92.396343 231.603657
34.300000 2.000000 0.915583 -92.396343 231.603657
34.350000 2.000000 0.915583 -92.396343 231.603657
34.400000 2.000000 0.915583 -92.396343 231.603657
34.450000 2.000000 0.915583 -92.396343 231.603657
34.500000 2.000000 0.915583 -92.396343 231.603657
34.550000 2.000000 0.915583 -92.396343 231.603657
34.600000 2.000000 0.915583 -92.396343 231.603657
34.650000 2.000000 0.915583 -92.396343 231.603657
34.700000 2.000000 0.915583 -92.396343 231.603657
34.750000 2.000000 0.915583 -92.396343 231.603657
34.800000 2.000000 0.915583 -92.396343 231.603657
34.850000 2.000000 0.915583 -92.396343 231.603657
34.900000 2.000000 0.915583 -92.396343 231.603657
34.950000 2.000000 0.915583 -92.396343 231.603657
35.000000 2.000000 0.915583 -92.396343 231.603657
35.050000 2.000000 0.915583 -92.396343 231.603657
35.100000 2.000000 0.915583 -92.396343 231.603657
35.150000 2.000000 0.915583 -92.396343 231.603657
35.200000 2.000000 0.915583 -92.396343 231.603657
35.250000 2.000000 0.915583 -92.396343 231.603657
35.300000 2.000000 0.915583 -92.396343 231.603657
35.350000 2.000000 0.915583 -92.396343 231.603657
35.400000 2.000000 0.915583 -92.396343 231.603657
35.450000 2.000000 0.915583 -92.396343 231.603657
35.500000 2.000000 0.915583 -92.396343 231.603657
35.550000 2.000000 0.915583 -92.396343 231.603657
35.600000 2.000000 0.915583 -92.396343 231.603657
35.650000 2.000000 0.915583 -92.396343 231.603657
35.700000 2.000000 0.915583 -92.396343 231.603657
35.750000 2.000000 0.915583 -92.396343 231.603657
35.800000 2.000000 0.915583 -92.396343 231.603657
35.850000 2.000000 0.915583 -92.396343 231.603657
35.900000 2.000000 0.915583 -92.396343 231.603657
35.950000 2.000000 0.915583 -92.396343 231.603657
36.000000 2.000000 0.915583 -92.396343 231.603657
36.050000 2.000000 0.915583 -92.396343 231.603657
36.100000 2.000000 0.915583 -92.396343 231.603657
36.150000 2.000000 0.915583 -92.396343 231.603657
36.200000 2.000000 0.915583 -92.396343 231.603657
36.250000 2.000000 0.915583 -92.396343 231.603657
36.300000 2.000000 0.915583 -92.396343 231.603657
36.350000 2.000000 0.915583 -92.396343 231.603657
36.400000 2.000000 0.915583 -92.396343 231.603657
36.450000 2.000000 0.915583 -92.396343 231.603657
36.500000 2.000000 0.915583 -92.396343 231.603657
36.550000 2.000000 0.915583 -92.396343 231.603657
36.600000 2.000000 0.915583 -92.396343 231.603657
36.650000 2.000000 0.915583 -92.396343 231.603657
36.700000 2.000000 0.915583 -92.396343 231.603657
36.750000 2.000000 0.915583 -92.396343 231.603657
36.800000 2.000000 0.915583 -92.396343 231.603657
36.850000 2.000000 0.915583 -92.396343 231.603657
36.900000 2.000000 0.915583 -92.396343 231.603657
36.950000 2.000000 0.915583 -92.396343 231.603657
37.000000 2.000000 0.915583 -92.396343 231.603657
37.050000 2.000000 0.915583 -92.396343 231.603657
37.100000 2.000000 0.915583 -92.396343 231.603657
37.150000 2.000000 0.915583 -92.396343 231.603657
37.200000 2.000000 0.915583 -92.396343 231.603657
37.250000 2.000000 0.915583 -92.396343 231.603657
37.300000 2.000000 0.915583 -92.396343 231.603657
37.350000 2.000000 0.915583 -92.396343 231.603657
37.400000 2.000000 0.915583 -92.396343 231.603657
37.450000 2.000000 0.915583 -92.396343 231.603657
37.500000 2.000000 0.875993 -80.846800 243.153200
37.550000 2.000000 0.875993 -80.846800 243.153200
37.600000 2.000000 0.875993 -80.846800 243.153200
37.650000 2.000000 0.875993 -80.846800 243.153200
37.700000 2.000000 0.875993 -80.846800 243.153200
37.750000 2.000000 0.875993 -80.846800 243.153200
37.800000 2.000000 0.875993 -80.846800 243.153200
37.850000 2.000000 0.875993 -80.846800 243.153200
37.900000 2.000000 0.875993 -80.846800 243.153200
37.950000 2.000000 0.875993 -80.846800 243.153200
38.000000 2.000000 0.875993 -80.846800 243.153200
38.050000 2.000000 0.875993 -80.846800 243.153200
38.100000 2.000000 0.875993 -80.846800 243.153200
38.150000 2.000000 0.875993 -80.846800 243.153200
38.200000 2.000000 0.875993 -80.846800 243.153200
38.250000 2.000000 0.875993 -80.846800 243.153200
38.300000 2.000000 0.875993 -80.846800 243.153200
38.350000 2.000000 0.875993 -80.846800 243.153200
38.400000 2.000000 0.875993 -80.846800 243.153200
38.450000 2.000000 0.875993 -80.846800 243.153200
38.500000 2.000000 0.875993 -80.846800 243.153200
38.550000 2.000000 0.875993 -80.846800 243.153200
38.600000 2.000000 0.875993 -80.846800 243.153200
38.650000 2.000000 0.875993 -80.846800 243.153200
38.700000 2.000000 0.875993 -80.846800 243.153200
38.750000 2.000000 0.875993 -80.846800 243.153200
38.800000 2.000000 0.875993 -80.846800 243.153200
38.850000 2.000000 0.875993 -80.846800 243.153200
38.900000 2.000000 0.875993 -80.846800 243.153200
38.950000 2.000000 0.875993 -80.846800 243.153200
39.000000 2.000000 0.875993 -80.846800 243.153200
39.050000 2.000000 0.875993 -80.846800 243.153200
39.100000 2.000000 0.875993 -80.846800 243.153200
39.150000 2.000000 0.875993 -80.846800 243.153200
39.200000 2.000000 0.875993 -80.846800 243.153200
39.250000 2.000000 0.875993 -80.846800 243.153200
39.300000 2.000000 0.875993 -80.846800 243.153200
39.350000 2.000000 0.875993 -80.846800 243.153200
39.400000 2.000000 0.875993 -80.846800 243.153200
39.450000 2.000000 0.875993 -80.846800 243.153200
39.500000 2.000000 0.875993 -80.846800 243.153200
39.550000 2.000000 0.875993 -80.846800 243.153200
39.600000 2.000000 0.875993 -80.846800 243.153200
39.650000 2.000000 0.875993 -80.846800 243.153200
39.700000 2.000000 0.875993 -80.846800 243.153200
39.750000 2.000000 0.875993 -80.846800 243.153200
39.800000 2.000000 0.875993 -80.846800 243.153200
39.850000 2.000000 0.875993 -80.846800 243.153200
39.900000 2.000000 0.875993 -80.846800 243.153200
39.950000 2.000000 0.875993 -80.846800 243.153200
40.000000 2.000000 0.875993 -80.846800 243.153200
40.050000 2.000000 0.875993 -80.846800 243.153200
40.100000 2.000000 0.875993 -80.846800 243.153200
40.150000 2.000000 0.875993 -80.846800 243.153200
40.200000 2.000000 0.875993 -80.846800 243.153200
40.250000 2.000000 0.875993 -80.846800 243.153200
40.300000 2.000000 0.875993 -80.846800 243.153200
40.350000 2.000000 0.875993 -80.846800 243.153200
40.400000 2.000000 0.875993 -80.846800 243.153200
40.450000 2.000000 0.875993 -80.846800 243.153200
40.500000 2.000000 0.875993 -80.846800 243.153200
40.550000 2.000000 0.875993 -80.846800 243.153200
40.600000 2.000000 0.875993 -80.846800 243.153200
40.650000 2.000000 0.875993 -80.846800 243.153200
40.700000 2.000000 0.875993 -80.846800 243.153200
40.750000 2.000000 0.875993 -80.846800 243.153200
40.800000 2.000000 0.875993 -80.846800 243.153200
40.850000 2.000000 0.875993 -80.846800 243.153200
40.900000 2.000000 0.875993 -80.846800 243.153200
40.950000 2.000000 0.875993 -80.846800 243.153200
41.000000 2.000000 0.875993 -80.846800 243.153200
41.050000 2.000000 0.875993 -80.846800 243.153200
41.100000 2.000000 0.875993 -80.846800 243.153200
41.150000 2.000000 0.875993 -80.846800 243.153200
41.200000 2.000000 0.875993 -80.846800 243.153200
41.250000 2.000000 0.875993 -80.846800 243.153200
41.300000 2.000000 0.875993 -80.846800 243.153200
41.350000 2.000000 0.875993 -80.846800 243.153200
41.400000 2.000000 0.875993 -80.846800 243.153200
41.450000 2.000000 0.875993 -80.846800 243.153200
41.500000 2.000000 0.875993 -80.846800 243.153200
41.550000 2.000000 0.875993 -80.846800 243.153200
41.600000 2.000000 0.875993 -80.846800 243.153200
41.650000 2.000000 0.875993 -80.846800 243.153200
41.700000 2.000000 0.875993 -80.846800 243.153200
41.750000 2.000000 0.875993 -80.846800 243.153200
41.800000 2.000000 0.875993 -80.846800 243.153200
41.850000 2.000000 0.875993 -80.846800 243.153200
41.900000 2.000000 0.875993 -80.846800 243.153200
41.950000 2.000000 0.875993 -80.846800 243.153200
42.000000 2.000000 0.875993 -80.846800 243.153200
42.050000 2.000000 0.875993 -80.846800 243.153200
42.100000 2.000000 0.875993 -80.846800 243.153200
42.150000 2.000000 0.875993 -80.846800 243.153200
42.200000 2.000000 0.875993 -80.846800 243.153200
42.250000 2.000000 0.875993 -80.846800 243.153200
42.300000 2.000000 0.875993 -80.846800 243.153200
42.350000 2.000000 0.875993 -80.846800 243.153200
42.400000 2.000000 0.875993 -80.846800 243.153200
42.450000 2.000000 0.875993 -80.846800 243.153200
42.500000 2.000000 0.875993 -80.846800 243.153200
42.550000 2.000000 0.875993 -80.846800 243.153200
42.600000 2.000000 0.875993 -80.846800 243.153200
42.650000 2.000000 0.875993 -80.846800 243.153200
42.700000 2.000000 0.875993 -80.846800 243.153200
42.750000 2.000000 0.875993 -80.846800 243.153200
42.800000 2.000000 0.875993 -80.846800 243.153200
42.850000 2.000000 0.875993 -80.846800 243.153200
42.900000 2.000000 0.875993 -80.846800 243.153200
42.950000 2.000000 0.875993 -80.846800 243.153200
43.000000 2.000000 0.875993 -80.846800 243.153200
43.050000 2.000000 0.875993 -80.846800 243.153200
43.100000 2.000000 0.875993 -80.846800 243.153200
43.150000 2.000000 0.875993 -80.846800 243.153200
43.200000 2.000000 0.875993 -80.846800 243.153200
43.250000 2.000000 0.875993 -80.846800 243.153200
43.300000 2.000000 0.875993 -80.846800 243.153200
43.350000 2.000000 0.875993 -80.846800 243.153200
43.400000 2.000000 0.875993 -80.846800 243.153200
43.450000 2.000000 0.875993 -80.846800 243.153200
43.500000 2.000000 0.875993 -80.846800 243.153200
43.550000 2.000000 0.875993 -80.846800 243.153200
43.600000 2.000000 0.875993 -80.846800 243.153200
43.650000 2.000000 0.875993 -80.846800 243.153200
43.700000 2.000000 0.875993 -80.846800 243.153200
43.750000 2.000000 0.875993 -80.846800 243.153200
43.800000 2.000000 0.875993 -80.846800 243.153200
43.850000 2.000000 0.875993 -80.846800 243.153200
43.900000 2.000000 0.875993 -80.846800 243.153200
43.950000 2.000000 0.875993 -80.846800 243.153200
44.000000 2.000000 0.875993 -80.846800 243.153200
44.050000 2.000000 0.875993 -80.846800 243.153200
44.100000 2.000000 0.875993 -80.846800 243.153200
44.150000 2.000000 0.875993 -80.846800 243.153200
44.200000 2.000000 0.875993 -80.846800 243.153200
44.250000 2.000000 0.875993 -80.846800 243.153200
44.300000 2.000000 0.875993 -80.846800 243.153200
44.350000 2.000000 0.875993 -80.846800 243.153200
44.400000 2.000000 0.875993 -80.846800 243.153200
44.450000 2.000000 0.875993 -80.846800 243.153200
44.500000 2.000000 0.875993 -80.846800 243.153200
44.550000 2.000000 0.875993 -80.846800 243.153200
44.600000 2.000000 0.875993 -80.846800 243.153200
44.650000 2.000000 0.875993 -80.846800 243.153200
44.700000 2.000000 0.875993 -80.846800 243.153200
44.750000 2.000000 0.875993 -80.846800 243.153200
44.800000 2.000000 0.875993 -80.846800 243.153200
44.850000 2.000000 0.875993 -80.846800 243.153200
44.900000 2.000000 0.875993 -80.846800 243.153200
44.950000 2.000000 0.875993 -80.846800 243.153200
45.000000 2.000000 0.815015 -69.297257 254.702743
45.050000 2.000000 0.815015 -69.297257 254.702743
45.100000 2.000000 0.815015 -69.297257 254.702743
45.150000 2.000000 0.815015 -69.297257 254.702743
45.200000 2.000000 0.815015 -69.297257 254.702743
45.250000 2.000000 0.815015 -69.297257 254.702743
45.300000 2.000000 0.815015 -69.297257 254.702743
45.350000 2.000000 0.815015 -69.297257 254.702743
45.400000 2.000000 0.815015 -69.297257 254.702743
45.450000 2.000000 0.815015 -69.297257 254.702743
45.500000 2.000000 0.815015 -69.297257 254.702743
45.550000 2.000000 0.815015 -69.297257 254.702743
45.600000 2.000000 0.815015 -69.297257 254.702743
45.650000 2.000000 0.815015 -69.297257 254.702743
45.700000 2.000000 0.815015 -69.297257 254.702743
45.750000 2.000000 0.815015 -69.297257 254.702743
45.800000 2.000000 0.815015 -69.297257 254.702743
45.850000 2.000000 0.815015 -69.297257 254.702743
45.900000 2.000000 0.815015 -69.297257 254.702743
45.950000 2.000000 0.815015 -69.297257 254.702743
46.000000 2.000000 0.815015 -69.297257 254.702743
46.050000 2.000000 0.815015 -69.297257 254.702743
46.100000 2.000000 0.815015 -69.297257 254.702743
46.150000 2.000000 0.815015 -69.297257 254.702743
46.200000 2.000000 0.815015 -69.297257 254.702743
46.250000 2.000000 0.815015 -69.297257 254.702743
46.300000 2.000000 0.815015 -69.297257 254.702743
46.350000 2.000000 0.815015 -69.297257 254.702743
46.400000 2.000000 0.815015 -69.297257 254.702743
46.450000 2.000000 0.815015 -69.297257 254.702743
46.500000 2.000000 0.815015 -69.297257 254.702743
46.550000 2.000000 0.815015 -69.297257 254.702743
46.600000 2.000000 0.815015 -69.297257 254.702743
46.650000 2.000000 0.815015 -69.297257 254.702743
46.700000 2.000000 0.815015 -69.297257 254.702743
46.750000 2.000000 0.815015 -69.297257 254.702743
46.800000 2.000000 0.815015 -69.297257 254.702743
46.850000 2.000000 0.815015 -69.297257 254.702743
46.900000 2.000000 0.815015 -69.297257 254.702743
46.950000 2.000000 0.815015 -69.297257 254.702743
47.000000 2.000000 0.815015 -69.297257 254.702743
47.050000 2.000000 0.815015 -69.297257 254.702743
47.100000 2.000000 0.815015 -69.297257 254.702743
47.150000 2.000000 0.815015 -69.297257 254.702743
47.200000 2.000000 0.815015 -69.297257 254.702743
47.250000 2.000000 0.815015 -69.297257 254.702743
47.300000 2.000000 0.815015 -69.297257 254.702743
47.350000 2.000000 0.815015 -69.297257 254.702743
47.400000 2.000000 0.815015 -69.297257 254.702743
47.450000 2.000000 0.815015 -69.297257 254.702743
47.500000 2.000000 0.815015 -69.297257 254.702743
47.550000 2.000000 0.815015 -69.297257 254.702743
47.600000 2.000000 0.815015 -69.297257 254.702743
47.650000 2.000000 0.815015 -69.297257 254.702743
47.700000 2.000000 0.815015 -69.297257 254.702743
47.750000 2.000000 0.815015 -69.297257 254.702743
47.800000 2.000000 0.815015 -69.297257 254.702743
47.850000 2.000000 0.815015 -69.297257 254.702743
47.900000 2.000000 0.815015 -69.297257 254.702743
47.950000 2.000000 0.815015 -69.297257 254.702743
48.000000 2.000000 0.815015 -69.297257 254.702743
48.050000 2.000000 0.815015 -69.297257 254.702743
48.100000 2.000000 0.815015 -69.297257 254.702743
48.150000 2.000000 0.815015 -69.297257 254.702743
48.200000 2.000000 0.815015 -69.297257 254.702743
48.250000 2.000000 0.815015 -69.297257 254.702743
48.300000 2.000000 0.815015 -69.297257 254.702743
48.350000 2.000000 0.815015 -69.297257 254.702743
48.400000 2.000000 0.815015 -69.297257 254.702743
48.450000 2.000000 0.815015 -69.297257 254.702743
48.500000 2.000000 0.815015 -69.297257 254.702743
48.550000 2.000000 0.815015 -69.297257 254.702743
48.600000 2.000000 0.815015 -69.297257 254.702743
48.650000 2.000000 0.815015 -69.297257 254.702743
48.700000 2.000000 0.815015 -69.297257 254.702743
48.750000 2.000000 0.815015 -69.297257 254.702743
48.800000 2.000000 0.815015 -69.297257 254.702743
48.850000 2.000000 0.815015 -69.297257 254.702743
48.900000 2.000000 0.815015 -69.297257 254.702743
48.950000 2.000000 0.815015 -69.297257 254.702743
49.000000 2.000000 0.815015 -69.297257 254.702743
49.050000 2.000000 0.815015 -69.297257 254.702743
49.100000 2.000000 0.815015 -69.297257 254.702743
49.150000 2.000000 0.815015 -69.297257 254.702743
49.200000 2.000000 0.815015 -69.297257 254.702743
49.250000 2.000000 0.815015 -69.297257 254.702743
49.300000 2.000000 0.815015 -69.297257 254.702743
49.350000 2.000000 0.815015 -69.297257 254.702743
49.400000 2.000000 0.815015 -69.297257 254.702743
49.450000 2.000000 0.815015 -69.297257 254.702743
49.500000 2.000000 0.815015 -69.297257 254.702743
49.550000 2.000000 0.815015 -69.297257 254.702743
49.600000 2.000000 0.815015 -69.297257 254.702743
49.650000 2.000000 0.815015 -69.297257 254.702743
49.700000 2.000000 0.815015 -69.297257 254.702743
49.750000 2.000000 0.815015 -69.297257 254.702743
49.800000 2.000000 0.815015 -69.297257 254.702743
49.850000 2.000000 0.815015 -69.297257 254.702743
49.900000 2.000000 0.815015 -69.297257 254.702743
49.950000 2.000000 0.815015 -69.297257 254.702743
50.000000 2.000000 0.815015 -69.297257 254.702743
50.050000 2.000000 0.815015 -69.297257 254.702743
50.100000 2.000000 0.815015 -69.297257 254.702743
50.150000 2.000000 0.815015 -69.297257 254.702743
50.200000 2.000000 0.815015 -69.297257 254.702743
50.250000 2.000000 0.815015 -69.297257 254.702743
50.300000 2.000000 0.815015 -69.297257 254.702743
50.350000 2.000000 0.815015 -69.297257 254.702743
50.400000 2.000000 0.815015 -69.297257 254.702743
50.450000 2.000000 0.815015 -69.297257 254.702743
50.500000 2.000000 0.815015 -69.297257 254.702743
50.550000 2.000000 0.815015 -69.297257 254.702743
50.600000 2.000000 0.815015 -69.297257 254.702743
50.650000 2.000000 0.815015 -69.297257 254.702743
50.700000 2.000000 0.815015 -69.297257 254.702743
50.750000 2.000000 0.815015 -69.297257 254.702743
50.800000 2.000000 0.815015 -69.297257 254.702743
50.850000 2.000000 0.815015 -69.297257 254.702743
50.900000 2.000000 0.815015 -69.297257 254.702743
50.950000 2.000000 0.815015 -69.297257 254.702743
51.000000 2.000000 0.815015 -69.297257 254.702743
51.050000 2.000000 0.815015 -69.297257 254.702743
51.100000 2.000000 0.815015 -69.297257 254.702743
51.150000 2.000000 0.815015 -69.297257 254.702743
51.200000 2.000000 0.815015 -69.297257 254.702743
51.250000 2.000000 0.815015 -69.297257 254.702743
51.300000 2.000000 0.815015 -69.297257 254.702743
51.350000 2.000000 0.815015 -69.297257 254.702743
51.400000 2.000000 0.815015 -69.297257 254.702743
51.450000 2.000000 0.815015 -69.297257 254.702743
51.500000 2.000000 0.815015 -69.297257 254.702743
51.550000 2.000000 0.815015 -69.297257 254.702743
51.600000 2.000000 0.815015 -69.297257 254.702743
51.650000 2.000000 0.815015 -69.297257 254.702743
51.700000 2.000000 0.815015 -69.297257 254.702743
51.750000 2.000000 0.815015 -69.297257 254.702743
51.800000 2.000000 0.815015 -69.297257 254.702743
51.850000 2.000000 0.815015 -69.297257 254.702743
51.900000 2.000000 0.815015 -69.297257 254.702743
51.950000 2.000000 0.815015 -69.297257 254.702743
52.000000 2.000000 0.815015 -69.297257 254.702743
52.050000 2.000000 0.815015 -69.297257 254.702743
52.100000 2.000000 0.815015 -69.297257 254.702743
52.150000 2.000000 0.815015 -69.297257 254.702743
52.200000 2.000000 0.815015 -69.297257 254.702743
52.250000 2.000000 0.815015 -69.297257 254.702743
52.300000 2.000000 0.815015 -69.297257 254.702743
52.350000 2.000000 0.815015 -69.297257 254.702743
52.400000 2.000000 0.815015 -69.297257 254.702743
52.450000 2.000000 0.815015 -69.297257 254.702743
52.500000 2.000000 0.732649 -57.747714 266.252286
52.550000 2.000000 0.732649 -57.747714 266.252286
52.600000 2.000000 0.732649 -57.747714 266.252286
52.650000 2.000000 0.732649 -57.747714 266.252286
52.700000 2.000000 0.732649 -57.747714 266.252286
52.750000 2.000000 0.732649 -57.747714 266.252286
52.800000 2.000000 0.732649 -57.747714 266.252286
52.850000 2.000000 0.732649 -57.747714 266.252286
52.900000 2.000000 0.732649 -57.747714 266.252286
52.950000 2.000000 0.732649 -57.747714 266.252286
53.000000 2.000000 0.732649 -57.747714 266.252286
53.050000 2.000000 0.732649 -57.747714 266.252286
53.100000 2.000000 0.732649 -57.747714 266.252286
53.150000 2.000000 0.732649 -57.747714 266.252286
53.200000 2.000000 0.732649 -57.747714 266.252286
53.250000 2.000000 0.732649 -57.747714 266.252286
53.300000 2.000000 0.732649 -57.747714 266.252286
53.350000 2.000000 0.732649 -57.747714 266.252286
53.400000 2.000000 0.732649 -57.747714 266.252286
53.450000 2.000000 0.732649 -57.747714 266.252286
53.500000 2.000000 0.732649 -57.747714 266.252286
53.550000 2.000000 0.732649 -57.747714 266.252286
53.600000 2.000000 0.732649 -57.747714 266.252286
53.650000 2.000000 0.732649 -57.747714 266.252286
53.700000 2.000000 0.732649 -57.747714 266.252286
53.750000 2.000000 0.732649 -57.747714 266.252286
53.800000 2.000000 0.732649 -57.747714 266.252286
53.850000 2.000000 0.732649 -57.747714 266.252286
53.900000 2.000000 0.732649 -57.747714 266.252286
53.950000 2.000000 0.732649 -57.747714 266.252286
54.000000 2.000000 0.732649 -57.747714 266.252286
54.050000 2.000000 0.732649 -57.747714 266.252286
54.100000 2.000000 0.732649 -57.747714 266.252286
54.150000 2.000000 0.732649 -57.747714 266.252286
54.200000 2.000000 0.732649 -57.747714 266.252286
54.250000 2.000000 0.732649 -57.747714 266.252286
54.300000 2.000000 0.732649 -57.747714 266.252286
54.350000 2.000000 0.732649 -57.747714 266.252286
54.400000 2.000000 0.732649 -57.747714 266.252286
54.450000 2.000000 0.732649 -57.747714 266.252286
54.500000 2.000000 0.732649 -57.747714 266.252286
54.550000 2.000000 0.732649 -57.747714 266.252286
54.600000 2.000000 0.732649 -57.747714 266.252286
54.650000 2.000000 0.732649 -57.747714 266.252286
54.700000 2.000000 0.732649 -57.747714 266.252286
54.750000 2.000000 0.732649 -57.747714 266.252286
54.800000 2.000000 0.732649 -57.747714 266.252286
54.850000 2.000000 0.732649 -57.747714 266.252286
54.900000 2.000000 0.732649 -57.747714 266.252286
54.950000 2.000000 0.732649 -57.747714 266.252286
55.000000 2.000000 0.732649 -57.747714 266.252286
55.050000 2.000000 0.732649 -57.747714 266.252286
55.100000 2.000000 0.732649 -57.747714 266.252286
55.150000 2.000000 0.732649 -57.747714 266.252286
55.200000 2.000000 0.732649 -57.747714 266.252286
55.250000 2.000000 0.732649 -57.747714 266.252286
55.300000 2.000000 0.732649 -57.747714 266.252286
55.350000 2.000000 0.732649 -57.747714 266.252286
55.400000 2.000000 0.732649 -57.747714 266.252286
55.450000 2.000000 0.732649 -57.747714 266.252286
55.500000 2.000000 0.732649 -57.747714 266.252286
55.550000 2.000000 0.732649 -57.747714 266.252286
55.600000 2.000000 0.732649 -57.747714 266.252286
55.650000 2.000000 0.732649 -57.747714 266.252286
55.700000 2.000000 0.732649 -57.747714 266.252286
55.750000 2.000000 0.732649 -57.747714 266.252286
55.800000 2.000000 0.732649 -57.747714 266.252286
55.850000 2.000000 0.732649 -57.747714 266.252286
55.900000 2.000000 0.732649 -57.747714 266.252286
55.950000 2.000000 0.732649 -57.747714 266.252286
56.000000 2.000000 0.732649 -57.747714 266.252286
56.050000 2.000000 0.732649 -57.747714 266.252286
56.100000 2.000000 0.732649 -57.747714 266.252286
56.150000 2.000000 0.732649 -57.747714 266.252286
56.200000 2.000000 0.732649 -57.747714 266.252286
56.250000 2.000000 0.732649 -57.747714 266.252286
56.300000 2.000000 0.732649 -57.747714 266.252286
56.350000 2.000000 0.732649 -57.747714 266.252286
56.400000 2.000000 0.732649 -57.747714 266.252286
56.450000 2.000000 0.732649 -57.747714 266.252286
56.500000 2.000000 0.732649 -57.747714 266.252286
56.550000 2.000000 0.732649 -57.747714 266.252286
56.600000 2.000000 0.732649 -57.747714 266.252286
56.650000 2.000000 0.732649 -57.747714 266.252286
56.700000 2.000000 0.732649 -57.747714 266.252286
56.750000 2.000000 0.732649 -57.747714 266.252286
56.800000 2.000000 0.732649 -57.747714 266.252286
56.850000 2.000000 0.732649 -57.747714 266.252286
56.900000 2.000000 0.732649 -57.747714 266.252286
56.950000 2.000000 0.732649 -57.747714 266.252286
57.000000 2.000000 0.732649 -57.747714 266.252286
57.050000 2.000000 0.732649 -57.747714 266.252286
57.100000 2.000000 0.732649 -57.747714 266.252286
57.150000 2.000000 0.732649 -57.747714 266.252286
57.200000 2.000000 0.732649 -57.747714 266.252286
57.250000 2.000000 0.732649 -57.747714 266.252286
57.300000 2.000000 0.732649 -57.747714 266.252286
57.350000 2.000000 0.732649 -57.747714 266.252286
57.400000 2.000000 0.732649 -57.747714 266.252286
57.450000 2.000000 0.732649 -57.747714 266.252286
57.500000 2.000000 0.732649 -57.747714 266.252286
57.550000 2.000000 0.732649 -57.747714 266.252286
57.600000 2.000000 0.732649 -57.747714 266.252286
57.650000 2.000000 0.732649 -57.747714 266.252286
57.700000 2.000000 0.732649 -57.747714 266.252286
57.750000 2.000000 0.732649 -57.747714 266.252286
57.800000 2.000000 0.732649 -57.747714 266.252286
57.850000 2.000000 0.732649 -57.747714 266.252286
57.900000 2.000000 0.732649 -57.747714 266.252286
57.950000 2.000000 0.732649 -57.747714 266.252286
58.000000 2.000000 0.732649 -57.747714 266.252286
58.050000 2.000000 0.732649 -57.747714 266.252286
58.100000 2.000000 0.732649 -57.747714 266.252286
58.150000 2.000000 0.732649 -57.747714 266.252286
58.200000 2.000000 0.732649 -57.747714 266.252286
58.250000 2.000000 0.732649 -57.747714 266.252286
58.300000 2.000000 0.732649 -57.747714 266.252286
58.350000 2.000000 0.732649 -57.747714 266.252286
58.400000 2.000000 0.732649 -57.747714 266.252286
58.450000 2.000000 0.732649 -57.747714 266.252286
58.500000 2.000000 0.732649 -57.747714 266.252286
58.550000 2.000000 0.732649 -57.747714 266.252286
58.600000 2.000000 0.732649 -57.747714 266.252286
58.650000 2.000000 0.732649 -57.747714 266.252286
58.700000 2.000000 0.732649 -57.747714 266.252286
58.750000 2.000000 0.732649 -57.747714 266.252286
58.800000 2.000000 0.732649 -57.747714 266.252286
58.850000 2.000000 0.732649 -57.747714 266.252286
58.900000 2.000000 0.732649 -57.747714 266.252286
58.950000 2.000000 0.732649 -57.747714 266.252286
59.000000 2.000000 0.732649 -57.747714 266.252286
59.050000 2.000000 0.732649 -57.747714 266.252286
59.100000 2.000000 0.732649 -57.747714 266.252286
59.150000 2.000000 0.732649 -57.747714 266.252286
59.200000 2.000000 0.732649 -57.747714 266.252286
59.250000 2.000000 0.732649 -57.747714 266.252286
59.300000 2.000000 0.732649 -57.747714 266.252286
59.350000 2.000000 0.732649 -57.747714 266.252286
59.400000 2.000000 0.732649 -57.747714 266.252286
59.450000 2.000000 0.732649 -57.747714 266.252286
59.500000 2.000000 0.732649 -57.747714 266.252286
59.550000 2.000000 0.732649 -57.747714 266.252286
59.600000 2.000000 0.732649 -57.747714 266.252286
59.650000 2.000000 0.732649 -57.747714 266.252286
59.700000 2.000000 0.732649 -57.747714 266.252286
59.750000 2.000000 0.732649 -57.747714 266.252286
59.800000 2.000000 0.732649 -57.747714 266.252286
59.850000 2.000000 0.732649 -57.747714 266.252286
59.900000 2.000000 0.732649 -57.747714 266.252286
59.950000 2.000000 0.732649 -57.747714 266.252286
60.000000 2.000000 0.628896 -46.198171 277.801829
60.050000 2.000000 0.628896 -46.198171 277.801829
60.100000 2.000000 0.628896 -46.198171 277.801829
60.150000 2.000000 0.628896 -46.198171 277.801829
60.200000 2.000000 0.628896 -46.198171 277.801829
60.250000 2.000000 0.628896 -46.198171 277.801829
60.300000 2.000000 0.628896 -46.198171 277.801829
60.350000 2.000000 0.628896 -46.198171 277.801829
60.400000 2.000000 0.628896 -46.198171 277.801829
60.450000 2.000000 0.628896 -46.198171 277.801829
60.500000 2.000000 0.628896 -46.198171 277.801829
60.550000 2.000000 0.628896 -46.198171 277.801829
60.600000 2.000000 0.628896 -46.198171 277.801829
60.650000 2.000000 0.628896 -46.198171 277.801829
60.700000 2.000000 0.628896 -46.198171 277.801829
60.750000 2.000000 0.628896 -46.198171 277.801829
60.800000 2.000000 0.628896 -46.198171 277.801829
60.850000 2.000000 0.628896 -46.198171 277.801829
60.900000 2.000000 0.628896 -46.198171 277.801829
60.950000 2.000000 0.628896 -46.198171 277.801829
61.000000 2.000000 0.628896 -46.198171 277.801829
61.050000 2.000000 0.628896 -46.198171 277.801829
61.100000 2.000000 0.628896 -46.198171 277.801829
61.150000 2.000000 0.628896 -46.198171 277.801829
61.200000 2.000000 0.628896 -46.198171 277.801829
61.250000 2.000000 0.628896 -46.198171 277.801829
61.300000 2.000000 0.628896 -46.198171 277.801829
61.350000 2.000000 0.628896 -46.198171 277.801829
61.400000 2.000000 0.628896 -46.198171 277.801829
61.450000 2.000000 0.628896 -46.198171 277.801829
61.500000 2.000000 0.628896 -46.198171 277.801829
61.550000 2.000000 0.628896 -46.198171 277.801829
61.600000 2.000000 0.628896 -46.198171 277.801829
61.650000 2.000000 0.628896 -46.198171 277.801829
61.700000 2.000000 0.628896 -46.198171 277.801829
61.750000 2.000000 0.628896 -46.198171 277.801829
61.800000 2.000000 0.628896 -46.198171 277.801829
61.850000 2.000000 0.628896 -46.198171 277.801829
61.900000 2.000000 0.628896 -46.198171 277.801829
61.950000 2.000000 0.628896 -46.198171 277.801829
62.000000 2.000000 0.628896 -46.198171 277.801829
62.050000 2.000000 0.628896 -46.198171 277.801829
62.100000 2.000000 0.628896 -46.198171 277.801829
62.150000 2.000000 0.628896 -46.198171 277.801829
62.200000 2.000000 0.628896 -46.198171 277.801829
62.250000 2.000000 0.628896 -46.198171 277.801829
62.300000 2.000000 0.628896 -46.198171 277.801829
62.350000 2.000000 0.628896 -46.198171 277.801829
62.400000 2.000000 0.628896 -46.198171 277.801829
62.450000 2.000000 0.628896 -46.198171 277.801829
62.500000 2.000000 0.628896 -46.198171 277.801829
62.550000 2.000000 0.628896 -46.198171 277.801829
62.600000 2.000000 0.628896 -46.198171 277.801829
62.650000 2.000000 0.628896 -46.198171 277.801829
62.700000 2.000000 0.628896 -46.198171 277.801829
62.750000 2.000000 0.628896 -46.198171 277.801829
62.800000 2.000000 0.628896 -46.198171 277.801829
62.850000 2.000000 0.628896 -46.198171 277.801829
62.900000 2.000000 0.628896 -46.198171 277.801829
62.950000 2.000000 0.628896 -46.198171 277.801829
63.000000 2.000000 0.628896 -46.198171 277.801829
63.050000 2.000000 0.628896 -46.198171 277.801829
63.100000 2.000000 0.628896 -46.198171 277.801829
63.150000 2.000000 0.628896 -46.198171 277.801829
63.200000 2.000000 0.628896 -46.198171 277.801829
63.250000 2.000000 0.628896 -46.198171 277.801829
63.300000 2.000000 0.628896 -46.198171 277.801829
63.350000 2.000000 0.628896 -46.198171 277.801829
63.400000 2.000000 0.628896 -46.198171 277.801829
63.450000 2.000000 0.628896 -46.198171 277.801829
63.500000 2.000000 0.628896 -46.198171 277.801829
63.550000 2.000000 0.628896 -46.198171 277.801829
63.600000 2.000000 0.628896 -46.198171 277.801829
63.650000 2.000000 0.628896 -46.198171 277.801829
63.700000 2.000000 0.628896 -46.198171 277.801829
63.750000 2.000000 0.628896 -46.198171 277.801829
63.800000 2.000000 0.628896 -46.198171 277.801829
63.850000 2.000000 0.628896 -46.198171 277.801829
63.900000 2.000000 0.628896 -46.198171 277.801829
63.950000 2.000000 0.628896 -46.198171 277.801829
64.000000 2.000000 0.628896 -46.198171 277.801829
64.050000 2.000000 0.628896 -46.198171 277.801829
64.100000 2.000000 0.628896 -46.198171 277.801829
64.150000 2.000000 0.628896 -46.198171 277.801829
64.200000 2.000000 0.628896 -46.198171 277.801829
64.250000 2.000000 0.628896 -46.198171 277.801829
64.300000 2.000000 0.628896 -46.198171 277.801829
64.350000 2.000000 0.628896 -46.198171 277.801829
64.400000 2.000000 0.628896 -46.198171 277.801829
64.450000 2.000000 0.628896 -46.198171 277.801829
64.500000 2.000000 0.628896 -46.198171 277.801829
64.550000 2.000000 0.628896 -46.198171 277.801829
64.600000 2.000000 0.628896 -46.198171 277.801829
64.650000 2.000000 0.628896 -46.198171 277.801829
64.700000 2.000000 0.628896 -46.198171 277.801829
64.750000 2.000000 0.628896 -46.198171 277.801829
64.800000 2.000000 0.628896 -46.198171 277.801829
64.850000 2.000000 0.628896 -46.198171 277.801829
64.900000 2.000000 0.628896 -46.198171 277.801829
64.950000 2.000000 0.628896 -46.198171 277.801829
65.000000 2.000000 0.628896 -46.198171 277.801829
65.050000 2.000000 0.628896 -46.198171 277.801829
65.100000 2.000000 0.628896 -46.198171 277.801829
65.150000 2.000000 0.628896 -46.198171 277.801829
65.200000 2.000000 0.628896 -46.198171 277.801829
65.250000 2.000000 0.628896 -46.198171 277.801829
65.300000 2.000000 0.628896 -46.198171 277.801829
65.350000 2.000000 0.628896 -46.198171 277.801829
65.400000 2.000000 0.628896 -46.198171 277.801829
65.450000 2.000000 0.628896 -46.198171 277.801829
65.500000 2.000000 0.628896 -46.198171 277.801829
65.550000 2.000000 0.628896 -46.198171 277.801829
65.600000 2.000000 0.628896 -46.198171 277.801829
65.650000 2.000000 0.628896 -46.198171 277.801829
65.700000 2.000000 0.628896 -46.198171 277.801829
65.750000 2.000000 0.628896 -46.198171 277.801829
65.800000 2.000000 0.628896 -46.198171 277.801829
65.850000 2.000000 0.628896 -46.198171 277.801829
65.900000 2.000000 0.628896 -46.198171 277.801829
65.950000 2.000000 0.628896 -46.198171 277.801829
66.000000 2.000000 0.628896 -46.198171 277.801829
66.050000 2.000000 0.628896 -46.198171 277.801829
66.100000 2.000000 0.628896 -46.198171 277.801829
66.150000 2.000000 0.628896 -46.198171 277.801829
66.200000 2.000000 0.628896 -46.198171 277.801829
66.250000 2.000000 0.628896 -46.198171 277.801829
66.300000 2.000000 0.628896 -46.198171 277.801829
66.350000 2.000000 0.628896 -46.198171 277.801829
66.400000 2.000000 0.628896 -46.198171 277.801829
66.450000 2.000000 0.628896 -46.198171 277.801829
66.500000 2.000000 0.628896 -46.198171 277.801829
66.550000 2.000000 0.628896 -46.198171 277.801829
66.600000 2.000000 0.628896 -46.198171 277.801829
66.650000 2.000000 0.628896 -46.198171 277.801829
66.700000 2.000000 0.628896 -46.198171 277.801829
66.750000 2.000000 0.628896 -46.198171 277.801829
66.800000 2.000000 0.628896 -46.198171 277.801829
66.850000 2.000000 0.628896 -46.198171 277.801829
66.900000 2.000000 0.628896 -46.198171 277.801829
66.950000 2.000000 0.628896 -46.198171 277.801829
67.000000 2.000000 0.628896 -46.198171 277.801829
67.050000 2.000000 0.628896 -46.198171 277.801829
67.100000 2.000000 0.628896 -46.198171 277.801829
67.150000 2.000000 0.628896 -46.198171 277.801829
67.200000 2.000000 0.628896 -46.198171 277.801829
67.250000 2.000000 0.628896 -46.198171 277.801829
67.300000 2.000000 0.628896 -46.198171 277.801829
67.350000 2.000000 0.628896 -46.198171 277.801829
67.400000 2.000000 0.628896 -46.198171 277.801829
67.450000 2.000000 0.628896 -46.198171 277.801829
