# t Temp Pres Epot Etot
0.000000 1.999637 29.002206 -1402.495627 -634.635107
0.050000 2.019815 28.458495 -1425.854351 -650.245466
0.100000 1.984166 29.029055 -1395.185599 -633.265812
0.150000 2.005711 29.262834 -1386.566884 -616.373859
0.200000 2.009026 29.258472 -1383.857763 -612.391870
0.250000 1.977496 28.796413 -1407.353910 -647.995360
0.300000 1.994954 28.918736 -1403.393140 -637.330812
0.350000 2.021673 28.327785 -1430.883501 -654.560972
0.400000 1.993413 29.197147 -1391.684183 -626.213541
0.450000 1.999222 28.586055 -1416.807862 -649.106552
0.500000 1.950957 28.321835 -1426.892316 -677.724959
0.550000 2.031329 29.459133 -1378.483993 -598.453503
0.600000 1.961067 29.031816 -1398.000461 -644.950833
0.650000 2.009791 28.303884 -1434.888151 -663.128299
0.700000 1.986716 28.455456 -1420.823046 -657.923998
0.750000 2.020157 29.242488 -1388.994105 -613.253700
0.800000 2.017175 28.037365 -1446.077861 -671.482794
0.850000 1.996269 29.252625 -1387.859953 -621.292591
0.900000 2.000189 29.309755 -1385.243523 -617.171126
0.950000 1.968774 30.072696 -1350.149196 -594.140160
1.000000 1.994235 29.206766 -1389.913379 -624.127263
1.050000 2.012735 29.289564 -1387.249322 -614.359187
1.100000 1.993475 28.462258 -1423.694328 -658.199987
1.150000 2.049044 27.834326 -1454.583487 -667.750645
1.200000 1.967909 28.369369 -1427.012945 -671.336061
1.250000 1.977655 29.494580 -1373.268171 -613.848831
1.300000 1.973813 29.791497 -1360.368563 -602.424243
1.350000 1.988180 29.268108 -1387.463480 -624.002254
1.400000 2.025268 28.824156 -1410.613906 -632.910930
1.450000 1.987529 27.547913 -1460.960959 -697.749893
1.500000 1.983425 28.794980 -1407.913370 -646.278157
1.550000 2.018587 28.733260 -1412.797036 -637.659673
1.600000 1.977845 27.712237 -1456.141722 -696.649161
1.650000 2.023912 30.550162 -1331.991799 -554.809768
1.700000 1.995157 29.503015 -1379.557264 -613.416935
1.750000 1.999533 29.753061 -1365.069277 -597.248522
1.800000 1.985572 29.405783 -1381.570027 -619.110343
1.850000 2.017132 27.788723 -1453.855580 -679.277028
1.900000 1.983830 28.335866 -1427.987719 -666.197014
1.950000 1.975598 27.991391 -1443.532240 -684.902619
2.000000 2.005400 29.439497 -1378.566348 -608.492871
2.050000 2.004870 29.430874 -1381.100819 -611.230715
2.100000 2.025517 29.174552 -1389.138245 -611.339877
2.150000 2.017036 28.047334 -1442.639906 -668.098107
2.200000 2.002607 28.391728 -1424.411678 -655.410592
2.250000 1.976514 28.607208 -1414.393622 -655.412277
2.300000 2.017654 27.944522 -1447.016121 -672.237062
2.350000 1.946921 29.323516 -1380.890316 -633.272609
2.400000 1.994930 29.037757 -1396.558402 -630.505201
2.450000 2.005862 29.162148 -1395.241645 -624.990570
2.500000 2.026404 27.407956 -1471.994091 -693.854829
2.550000 1.980438 28.525122 -1421.404776 -660.916402
2.600000 2.017072 30.373307 -1335.893338 -561.337626
2.650000 2.021784 28.742478 -1410.041904 -633.676714
2.700000 1.992072 28.823375 -1407.246101 -642.290565
2.750000 1.994245 28.588862 -1418.569208 -652.779281
2.800000 1.977860 28.056500 -1440.194590 -680.696516
2.850000 1.986841 30.067214 -1348.729599 -585.782735
2.900000 1.985268 27.669458 -1461.451929 -699.109071
2.950000 2.003948 29.028192 -1398.480675 -628.964725
3.000000 1.995414 28.842758 -1406.309083 -640.070222
3.050000 2.004199 28.898869 -1400.468123 -630.855839
3.100000 2.028374 27.952355 -1446.279828 -667.384082
3.150000 1.992041 28.605348 -1417.264390 -652.320770
3.200000 2.015322 29.306696 -1387.285386 -613.401716
3.250000 2.027445 29.914690 -1359.374541 -580.835839
3.300000 1.989099 28.861267 -1407.395759 -643.581627
3.350000 1.979716 28.528754 -1420.787268 -660.576218
3.400000 2.051082 28.271778 -1432.859227 -645.243820
3.450000 1.998428 28.117922 -1438.150716 -670.754432
3.500000 2.000625 29.258852 -1385.498511 -617.258610
3.550000 1.986245 28.990257 -1400.184312 -637.466302
3.600000 1.996595 28.938571 -1401.617360 -634.924823
3.650000 1.985132 28.812226 -1408.655109 -646.364496
3.700000 1.987711 28.793878 -1403.451597 -640.170462
3.750000 1.994399 28.229789 -1435.976268 -670.126889
3.800000 1.981827 29.397574 -1377.985698 -616.964067
3.850000 1.987412 28.873659 -1401.383352 -638.217043
3.900000 2.001785 28.543059 -1420.174657 -651.489336
3.950000 2.031584 29.693678 -1367.381423 -587.252977
4.000000 1.962018 27.777042 -1450.612555 -697.197492
4.050000 1.993910 28.250999 -1432.615572 -666.954012
4.100000 2.033363 27.968273 -1445.638273 -664.826691
4.150000 1.969635 28.852879 -1402.959660 -646.619751
4.200000 2.002623 30.435751 -1331.497687 -562.490435
4.250000 1.988969 29.358043 -1382.203168 -618.438998
4.300000 2.012107 26.916966 -1493.153411 -720.504172
4.350000 1.973200 28.456350 -1419.451179 -661.742283
4.400000 1.996334 28.045223 -1442.570688 -675.978402
4.450000 1.978761 30.072940 -1349.745407 -589.901113
4.500000 2.041204 29.740362 -1366.072214 -582.249903
4.550000 1.998289 29.273602 -1383.927643 -616.584574
4.600000 2.034431 27.766192 -1454.534883 -673.313276
4.650000 1.988128 28.380262 -1425.015226 -661.574256
4.700000 1.997018 30.034356 -1351.725672 -584.870817
4.750000 1.993235 29.265088 -1384.393447 -618.991369
4.800000 1.971669 28.393947 -1424.864001 -667.743191
4.850000 1.989971 29.817686 -1363.313442 -599.164530
4.900000 2.010524 28.310198 -1428.746258 -656.704906
4.950000 1.994507 28.841152 -1405.050743 -639.160128
5.000000 2.009920 27.649156 -1461.558854 -689.749422
5.050000 1.991171 28.095541 -1440.192589 -675.582899
5.100000 1.990554 28.652149 -1412.407289 -648.034577
5.150000 1.994162 29.091499 -1395.671655 -629.913513
5.200000 2.017322 30.004254 -1354.387674 -579.736063
5.250000 2.006554 27.954016 -1445.308720 -674.791861
5.300000 1.997582 28.484265 -1421.376631 -654.305207
5.350000 1.969810 28.654536 -1411.940223 -655.533161
5.400000 2.015253 28.221856 -1433.037120 -659.179881
5.450000 1.997510 30.529587 -1328.926324 -561.882634
5.500000 2.024727 28.549723 -1420.629137 -643.133857
5.550000 2.013869 28.523907 -1420.290435 -646.964843
5.600000 1.975680 29.785701 -1363.619663 -604.958444
5.650000 2.038297 27.595276 -1464.448975 -681.742755
5.700000 1.987344 27.168222 -1481.268285 -718.128246
5.750000 1.969485 29.693552 -1367.639701 -611.357343
5.800000 1.995243 29.572231 -1370.554851 -604.381718
5.850000 2.012779 28.232100 -1432.943155 -660.036197
5.900000 1.979108 28.998840 -1398.967930 -638.990331
5.950000 2.023565 29.055905 -1397.011216 -619.962140
6.000000 1.980753 28.383039 -1428.082036 -667.472739
6.050000 2.004026 28.839998 -1406.654617 -637.108627
6.100000 1.996875 30.143076 -1348.042182 -581.242289
6.150000 1.994311 27.844176 -1451.742023 -685.926636
6.200000 1.999620 28.794843 -1409.161023 -641.307002
6.250000 2.017199 28.534906 -1421.019442 -646.414984
6.300000 1.998637 29.144401 -1394.527025 -627.050556
6.350000 1.988379 29.490030 -1379.309577 -615.772052
6.400000 1.996158 28.475978 -1425.350579 -658.825893
6.450000 2.016898 27.958770 -1446.079964 -671.591156
6.500000 1.999150 29.215023 -1387.709571 -620.035984
6.550000 2.000198 28.930378 -1404.018379 -635.942478
6.600000 2.020276 28.130847 -1439.287176 -663.501172
6.650000 2.003062 29.203135 -1390.457626 -621.281827
6.700000 1.998845 28.879654 -1403.543890 -635.987564
6.750000 2.001235 29.112817 -1394.238535 -625.764404
6.800000 1.990895 29.546032 -1376.297292 -611.793580
6.850000 2.011444 28.777031 -1407.846545 -635.452074
6.900000 1.971711 29.467594 -1372.729149 -615.592150
6.950000 1.966668 29.486081 -1376.082448 -620.881961
7.000000 2.012067 29.411920 -1379.964177 -607.330354
7.050000 2.040019 27.868424 -1452.167497 -668.800197
7.100000 1.989698 28.160351 -1432.778583 -668.734586
7.150000 1.996587 29.635088 -1369.921247 -603.231692
7.200000 2.017721 28.259876 -1434.654837 -659.849925
7.250000 1.970103 28.756767 -1408.556973 -652.037563
7.300000 2.039427 28.736375 -1412.857851 -629.717886
7.350000 1.962219 29.247327 -1388.122583 -634.630336
7.400000 2.019911 30.152598 -1349.324567 -573.678669
7.450000 2.022951 28.211214 -1436.093360 -659.280300
7.500000 1.964775 17.777402 -1518.852350 -764.378652
7.550000 2.013772 17.838943 -1515.672541 -742.384168
7.600000 1.999297 17.006915 -1552.635863 -784.905984
7.650000 2.017641 17.257938 -1541.591424 -766.817106
7.700000 2.005457 17.626147 -1522.019462 -751.923992
7.750000 2.001178 17.942230 -1506.298132 -737.845725
7.800000 1.991543 17.848459 -1510.669882 -745.917180
7.850000 2.012553 18.412981 -1484.822114 -712.001654
7.900000 2.001664 16.473438 -1580.179225 -811.540433
7.950000 1.976366 17.606663 -1523.514948 -764.590343
8.000000 2.041842 17.383215 -1534.863521 -750.796263
8.050000 1.965295 16.932513 -1553.632761 -798.959310
8.100000 2.020964 16.077915 -1600.529368 -824.479379
8.150000 1.979556 17.325032 -1535.207949 -775.058287
8.200000 1.990774 18.592042 -1474.856252 -710.399144
8.250000 2.028702 17.752834 -1516.719814 -737.698422
8.300000 2.000872 16.929022 -1556.487048 -788.152325
8.350000 2.005069 17.202836 -1543.229505 -773.283014
8.400000 1.993981 16.813556 -1561.431142 -795.742611
8.450000 1.995406 17.917832 -1509.295815 -743.059964
8.500000 1.985479 18.373479 -1485.242867 -722.818744
8.550000 1.995423 19.144683 -1450.044709 -683.802118
8.600000 2.010889 18.122179 -1497.695521 -725.513966
8.650000 2.009215 17.959526 -1506.720156 -735.181414
8.700000 2.018408 18.791871 -1466.673124 -691.604540
8.750000 1.980856 18.011945 -1502.710013 -742.061478
8.800000 2.000867 18.669189 -1479.030359 -710.697388
8.850000 1.989923 17.381200 -1532.905453 -768.775155
8.900000 2.023599 16.687113 -1568.758082 -791.696079
8.950000 1.980656 17.028981 -1545.194255 -784.622395
9.000000 1.985868 17.125835 -1545.719215 -783.146091
9.050000 1.986170 17.427726 -1533.989556 -771.300347
9.100000 1.996588 17.988603 -1505.842091 -739.152166
9.150000 2.020370 18.209908 -1497.076363 -721.254209
9.200000 1.993068 18.595697 -1478.462562 -713.124521
9.250000 2.012439 17.441122 -1528.816281 -756.039650
9.300000 1.967531 17.875311 -1510.974904 -755.443056
9.350000 2.035974 17.283547 -1544.536691 -762.722708
9.400000 1.986634 17.448478 -1532.916394 -770.048774
9.450000 1.995074 17.327245 -1532.371774 -766.263183
9.500000 1.965216 17.152807 -1541.583265 -786.940162
9.550000 2.015856 17.600056 -1524.561616 -750.472840
9.600000 2.002043 17.092165 -1547.373398 -778.588776
9.650000 2.022112 17.477952 -1529.457802 -752.966865
9.700000 1.987107 18.494496 -1480.815002 -717.765837
9.750000 2.003582 17.037652 -1552.986346 -783.610899
9.800000 2.022999 19.044671 -1457.646471 -680.814733
9.850000 1.992136 17.552696 -1522.909517 -757.929201
9.900000 2.020423 17.816210 -1517.116891 -741.274371
9.950000 1.980993 16.484964 -1575.540684 -814.839399
10.000000 2.001298 18.306367 -1491.342745 -722.844275
10.050000 2.009374 17.560166 -1528.953255 -757.353768
10.100000 1.993614 18.101252 -1499.649682 -734.101905
10.150000 2.021749 17.609546 -1521.129265 -744.777525
10.200000 2.018960 18.719692 -1470.101241 -694.820528
10.250000 1.970371 17.415641 -1533.798430 -777.175997
10.300000 2.029117 17.854185 -1515.528845 -736.347823
10.350000 2.003307 17.432396 -1533.270980 -764.001116
10.400000 2.017792 16.678656 -1566.663728 -791.831603
10.450000 1.974404 17.553014 -1523.190205 -765.019177
10.500000 2.000072 17.902785 -1510.070101 -742.042447
10.550000 2.004063 17.698122 -1521.186572 -751.626294
10.600000 2.018191 19.527973 -1429.385852 -654.400496
10.650000 2.029252 16.126292 -1598.061921 -818.829149
10.700000 2.022330 17.287344 -1538.759698 -762.184878
10.750000 2.003548 16.936630 -1556.193469 -786.831222
10.800000 1.979999 17.450742 -1529.516077 -769.196382
10.850000 1.984016 18.602289 -1478.489933 -716.627906
10.900000 2.005646 17.364567 -1537.973241 -767.805138
10.950000 2.008269 16.849145 -1562.975697 -791.800215
11.000000 1.994066 18.132144 -1495.345341 -729.623965
11.050000 1.996616 18.466877 -1478.760640 -712.059957
11.100000 2.040044 17.416598 -1531.852841 -748.475997
11.150000 1.987548 18.065564 -1500.576523 -737.358202
11.200000 2.001015 17.392865 -1533.476575 -765.086997
11.250000 2.003357 18.301577 -1491.547043 -722.258050
11.300000 2.022808 17.202159 -1545.814064 -769.055899
11.350000 2.001866 18.408778 -1484.432989 -715.716581
11.400000 2.034930 17.833267 -1510.905820 -729.492725
11.450000 1.982900 17.339792 -1535.509072 -774.075342
11.500000 2.007645 18.085240 -1504.807227 -733.871601
11.550000 2.039685 17.881886 -1511.489127 -728.249906
11.600000 1.996828 16.756213 -1560.695958 -793.913814
11.650000 1.969692 18.241564 -1492.374980 -736.013383
11.700000 1.988054 19.200233 -1449.014002 -685.601339
11.750000 2.043182 18.592928 -1479.780197 -695.198336
11.800000 1.969287 18.746338 -1465.589810 -709.383652
11.850000 2.039540 17.410700 -1532.442204 -749.258738
11.900000 1.978267 17.409271 -1528.611505 -768.957157
11.950000 2.007058 16.360142 -1585.500079 -814.789714
12.000000 1.987347 17.037518 -1552.855377 -789.713982
12.050000 2.010267 18.490659 -1481.388301 -709.445823
12.100000 1.996309 17.394142 -1534.365687 -767.782908
12.150000 1.994847 17.592384 -1524.724024 -758.702965
12.200000 2.003165 17.137884 -1544.614266 -775.398737
12.250000 1.976860 17.461079 -1529.926004 -770.811803
12.300000 2.001706 17.274721 -1543.780446 -775.125446
12.350000 1.992166 18.892563 -1463.164031 -698.172460
12.400000 2.032646 18.032462 -1505.660174 -725.124141
12.450000 2.024926 16.464945 -1580.580931 -803.009253
12.500000 1.973711 16.140034 -1590.182198 -832.277103
12.550000 2.005812 17.913542 -1507.009909 -736.778196
12.600000 2.011903 17.843373 -1511.740882 -739.170091
12.650000 1.999308 18.628270 -1476.409391 -708.674995
12.700000 2.005129 17.623072 -1526.677772 -756.708354
12.750000 1.968822 17.353516 -1534.455247 -778.427671
12.800000 2.002275 18.486144 -1479.315068 -710.441450
12.850000 1.996114 17.936377 -1504.949271 -738.441672
12.900000 2.010046 17.815904 -1515.223198 -743.365422
12.950000 1.962998 17.636702 -1521.460820 -767.669777
13.000000 2.007704 17.370803 -1534.885362 -763.927084
13.050000 2.030999 18.124821 -1499.498672 -719.594983
13.100000 1.992881 17.787648 -1518.844082 -753.577968
13.150000 1.992627 16.028955 -1602.601384 -837.432472
13.200000 1.998143 16.368276 -1584.253950 -816.966947
13.250000 1.998369 17.098193 -1552.390830 -785.017301
13.300000 1.999923 17.404318 -1538.932169 -770.961789
13.350000 1.980437 18.253729 -1491.237441 -730.749564
13.400000 1.996816 17.871562 -1508.733080 -741.955574
13.450000 2.001317 17.698825 -1518.418903 -749.913165
13.500000 2.002082 17.546101 -1526.777809 -757.978263
13.550000 2.042804 18.171385 -1500.869253 -716.432411
13.600000 2.002411 18.571260 -1479.163822 -710.237868
13.650000 1.992680 18.438884 -1484.383304 -719.194314
13.700000 2.017076 17.295570 -1541.945822 -767.388483
13.750000 2.012014 16.387092 -1584.269865 -811.656465
13.800000 2.019103 18.295331 -1492.133083 -716.797716
13.850000 2.008404 18.199474 -1492.932550 -721.705425
13.900000 1.988214 16.760051 -1565.240540 -801.766489
13.950000 1.991188 18.342568 -1488.732251 -724.115996
14.000000 2.011904 17.978675 -1506.401207 -733.830059
14.050000 1.992189 16.624798 -1570.812380 -805.811756
14.100000 1.995722 18.514561 -1479.882960 -713.525789
14.150000 2.026031 17.263263 -1543.248713 -765.252970
14.200000 2.001172 17.713617 -1519.823910 -751.373867
14.250000 2.010378 17.642073 -1521.763216 -749.778010
14.300000 1.971777 18.075446 -1500.940184 -743.777633
14.350000 1.983618 17.901844 -1508.647097 -746.937894
14.400000 1.997580 18.802488 -1469.622177 -702.551463
14.450000 1.965128 19.138007 -1455.517012 -700.907914
14.500000 2.018513 17.808924 -1520.750614 -745.641627
14.550000 2.003485 19.041333 -1459.512336 -690.173968
14.600000 2.020006 18.836632 -1469.860222 -694.178086
14.650000 2.002569 18.558849 -1483.143120 -714.156624
14.700000 2.012696 17.628684 -1521.959438 -749.084013
14.750000 2.008314 16.483014 -1575.623623 -804.431067
14.800000 1.982427 16.790876 -1561.852601 -800.600568
14.850000 2.001363 17.491753 -1530.914006 -762.390499
14.900000 1.991236 17.346942 -1537.961957 -773.327357
14.950000 2.032839 17.106497 -1553.081473 -772.471200
15.000000 2.019011 15.137541 -1293.111164 -517.810817
15.050000 2.024727 13.967009 -1352.549518 -575.054224
15.100000 1.988157 13.393701 -1374.535387 -611.083015
15.150000 1.995472 14.677236 -1313.940943 -547.679710
15.200000 2.032863 15.519506 -1272.935430 -492.316227
15.250000 2.001827 14.412628 -1330.609216 -561.907628
15.300000 1.995340 14.812834 -1309.084850 -542.874300
15.350000 1.983068 14.899216 -1306.376156 -544.878050
15.400000 1.972585 15.415693 -1276.236924 -518.764158
15.450000 1.990253 14.840765 -1307.370726 -543.113463
15.500000 1.985480 14.086883 -1344.934084 -582.509579
15.550000 1.997992 14.698604 -1319.913874 -552.685086
15.600000 1.968327 15.155207 -1297.055465 -541.217803
15.650000 2.009727 15.099157 -1296.474742 -524.739521
15.700000 1.999426 14.258446 -1339.122898 -571.343319
15.750000 1.969804 14.635399 -1321.149720 -564.744919
15.800000 1.978314 15.111728 -1299.628186 -539.955541
15.850000 1.996277 15.706696 -1269.637980 -503.067561
15.900000 2.026716 15.606190 -1270.219725 -491.960694
15.950000 1.963897 15.190357 -1288.122091 -533.985541
16.000000 1.999061 14.377376 -1337.130192 -569.490691
16.050000 2.007647 15.336542 -1290.471790 -519.535174
16.100000 2.002215 16.060653 -1244.048452 -475.198083
16.150000 1.985748 14.626245 -1321.820623 -559.293239
16.200000 1.986599 14.636388 -1317.313325 -554.459134
16.250000 1.978602 15.247708 -1286.367434 -526.584096
16.300000 1.972670 16.881299 -1200.761138 -443.255910
16.350000 2.024617 16.757976 -1218.349787 -440.896767
16.400000 1.996304 15.002661 -1305.515058 -538.934193
16.450000 2.020017 15.676351 -1264.112666 -488.426187
16.500000 2.020340 15.285258 -1292.047766 -516.237259
16.550000 2.016255 16.579584 -1219.066469 -444.824712
16.600000 1.994175 15.599563 -1267.473410 -501.710164
16.650000 1.993171 15.063857 -1300.550707 -535.172859
16.700000 2.004502 14.972434 -1302.272383 -532.543562
16.750000 1.988426 15.379557 -1281.817177 -518.261588
16.800000 1.976742 16.514217 -1227.728479 -468.659659
16.850000 1.995299 16.345734 -1228.807061 -462.612237
16.900000 1.972365 15.277617 -1284.910869 -527.522570
16.950000 1.998668 15.939596 -1255.514025 -488.025641
17.000000 1.984130 15.175380 -1297.719515 -535.813567
17.050000 2.024624 16.677571 -1224.444391 -446.988854
17.100000 1.974140 16.079738 -1254.822543 -496.752904
17.150000 2.003783 16.014671 -1251.806638 -482.353813
17.200000 2.017068 15.283819 -1283.027335 -508.473241
17.250000 1.979085 14.368052 -1335.205642 -575.236996
17.300000 1.992606 15.802883 -1265.147484 -499.986924
17.350000 2.017769 15.946504 -1253.502600 -478.679370
17.400000 1.986918 15.702370 -1267.879142 -504.902607
17.450000 1.985113 14.982942 -1312.272170 -549.988617
17.500000 1.989198 15.720502 -1266.949472 -503.097366
17.550000 1.972558 15.767051 -1259.618083 -502.155725
17.600000 2.014626 14.814236 -1316.509263 -542.892787
17.650000 1.960438 16.037506 -1249.201890 -496.393808
17.700000 2.022419 15.798931 -1262.745198 -486.136385
17.750000 1.998669 14.577752 -1327.551208 -560.062248
17.800000 2.004620 15.125842 -1298.775892 -529.001910
17.850000 2.002259 14.396449 -1334.277971 -565.410478
17.900000 1.961424 15.375735 -1283.173857 -529.986913
17.950000 2.028907 16.702500 -1217.686176 -438.586074
18.000000 2.009340 16.387000 -1234.836550 -463.250147
18.050000 2.008127 14.829983 -1315.485420 -544.364468
18.100000 1.984116 16.711740 -1213.411300 -451.510869
18.150000 2.030904 14.760385 -1318.687486 -538.820511
18.200000 1.979215 15.949520 -1249.714756 -489.696357
18.250000 1.951828 17.020111 -1198.817675 -449.315561
18.300000 2.029192 17.191946 -1199.247315 -420.037694
18.350000 2.013975 15.630090 -1269.919112 -496.552797
18.400000 1.994620 14.852134 -1309.863499 -543.929352
18.450000 2.019643 15.457351 -1279.916131 -504.373308
18.500000 2.014462 15.315386 -1282.056980 -508.503418
18.550000 2.036760 15.198133 -1294.450835 -512.335170
18.600000 1.997678 14.461797 -1331.872720 -564.764385
18.650000 1.969584 15.313547 -1281.779438 -525.459131
18.700000 1.953023 15.488492 -1276.376559 -526.415740
18.750000 1.989964 15.441589 -1284.343157 -520.196982
18.800000 1.999385 16.291085 -1239.182519 -471.418654
18.850000 2.000438 15.768778 -1270.049261 -501.881177
18.900000 1.993432 15.565943 -1280.939723 -515.461730
18.950000 2.025352 15.055631 -1313.278932 -535.543632
19.000000 2.015975 14.338858 -1342.864682 -568.730266
19.050000 1.982357 14.709162 -1316.969165 -555.743960
19.100000 1.983027 14.575815 -1327.172899 -565.690647
19.150000 1.990999 15.021555 -1300.872714 -536.329143
19.200000 1.997498 15.923793 -1250.334854 -483.295570
19.250000 1.982907 15.127253 -1296.857726 -535.421278
19.300000 2.033977 15.805571 -1266.289076 -485.241809
19.350000 1.999917 15.408159 -1279.555336 -511.587318
19.400000 1.982374 14.251499 -1335.889176 -574.657731
19.450000 2.014289 14.331205 -1333.657704 -560.170821
19.500000 2.017749 14.570572 -1324.606232 -549.790706
19.550000 1.991200 15.304178 -1287.560645 -522.939735
19.600000 2.001660 15.031216 -1304.226547 -535.589223
19.650000 2.028895 14.882025 -1310.374928 -531.279174
19.700000 2.005439 14.613384 -1328.464463 -558.376063
19.750000 1.985231 14.914358 -1310.860339 -548.531554
19.800000 1.986879 15.123878 -1290.795888 -527.834461
19.850000 1.967969 15.721122 -1259.407739 -503.707700
19.900000 2.002124 14.964191 -1307.474191 -538.658763
19.950000 1.992642 15.318337 -1282.142160 -516.967518
20.000000 2.004553 14.473018 -1330.647784 -560.899255
20.050000 1.973021 14.740950 -1317.342114 -559.702180
20.100000 2.002459 16.228081 -1239.827696 -470.883611
20.150000 2.013034 16.890509 -1209.456442 -436.451306
20.200000 2.003232 15.317012 -1287.998233 -518.756998
20.250000 2.007101 14.451065 -1331.520367 -560.793661
20.300000 1.996479 14.518052 -1324.945391 -558.297366
20.350000 1.984697 15.010396 -1301.055489 -538.931938
20.400000 1.986821 14.980286 -1304.010131 -541.070848
20.450000 1.988662 15.310346 -1287.327588 -523.681551
20.500000 1.968153 15.967172 -1254.705846 -498.934918
20.550000 2.044309 15.847826 -1262.606758 -477.592236
20.600000 2.002679 14.485764 -1331.799338 -562.770471
20.650000 1.971218 15.367421 -1278.054255 -521.106658
20.700000 2.001721 15.637070 -1266.438156 -497.777470
20.750000 2.026406 15.954420 -1253.693768 -475.553968
20.800000 2.014987 15.444384 -1286.855471 -513.100531
20.850000 2.027341 14.443070 -1333.350693 -554.851614
20.900000 1.964378 16.199797 -1238.360088 -484.038943
20.950000 2.018164 15.079912 -1301.232968 -526.258016
21.000000 1.977985 15.254560 -1288.191561 -528.645366
21.050000 2.013542 15.582360 -1276.525662 -503.325435
21.100000 2.002779 16.059532 -1242.135825 -473.068628
21.150000 2.005238 15.828570 -1257.622251 -487.610941
21.200000 1.963464 15.620336 -1266.920356 -512.950258
21.250000 1.997400 15.448075 -1282.878733 -515.877143
21.300000 1.990620 15.522931 -1273.018564 -508.620306
21.350000 2.008877 14.931136 -1304.892929 -533.484101
21.400000 2.006083 14.966398 -1303.544516 -533.208696
21.450000 2.018860 15.849042 -1256.626898 -481.384504
21.500000 1.975748 15.325861 -1285.911575 -527.224291
21.550000 1.982819 15.748147 -1265.514946 -504.112582
21.600000 1.981030 15.612870 -1269.325570 -508.610155
21.650000 2.002015 15.159275 -1292.213822 -523.440206
21.700000 2.002272 15.653258 -1265.229340 -496.356787
21.750000 1.984244 14.909407 -1314.172181 -552.222469
21.800000 1.988243 16.118011 -1242.364338 -478.878930
21.850000 2.010124 16.247662 -1241.757881 -469.870221
21.900000 2.047604 15.497154 -1277.442537 -491.162570
21.950000 1.995616 15.165572 -1289.736410 -523.419947
22.000000 2.005790 14.201759 -1341.271925 -571.048412
22.050000 1.998246 15.240874 -1287.537484 -520.211138
22.100000 1.997178 15.173246 -1296.264725 -529.348482
22.150000 2.024628 15.837549 -1267.656990 -490.199981
22.200000 1.993357 15.483517 -1285.428437 -519.979405
22.250000 2.032886 14.778948 -1313.493976 -532.865703
22.300000 2.016752 14.185660 -1338.416927 -563.983985
22.350000 2.034596 14.706316 -1308.927977 -527.643040
22.400000 1.998397 13.994818 -1354.306324 -586.922009
22.450000 1.975480 15.011126 -1304.502725 -545.918320
22.500000 2.004143 9.991323 -1240.934258 -471.343292
22.550000 1.987550 9.387972 -1267.935977 -504.716678
22.600000 2.002521 9.171458 -1284.556126 -515.587910
22.650000 1.984910 9.974097 -1240.290549 -478.085054
22.700000 1.984758 9.677906 -1257.717704 -495.570799
22.750000 2.023521 9.696393 -1253.976235 -476.944289
22.800000 1.988545 10.453813 -1209.671305 -446.069976
22.850000 2.020862 9.116280 -1294.520452 -518.509279
22.900000 2.009452 9.264704 -1279.792384 -508.162889
22.950000 1.993221 9.053564 -1289.416602 -524.019637
23.000000 1.987841 9.165209 -1283.643378 -520.312588
23.050000 2.022559 8.910474 -1297.663156 -521.000608
23.100000 2.009648 8.292159 -1332.850277 -561.145576
23.150000 2.002490 8.880476 -1304.232322 -535.276328
23.200000 2.020948 8.125721 -1340.894159 -564.850161
23.250000 1.964259 8.719028 -1299.822913 -545.547384
23.300000 2.009934 8.829141 -1302.051871 -530.237227
23.350000 2.006875 9.102013 -1289.705817 -519.065857
23.400000 2.004445 9.523081 -1267.840369 -498.133430
23.450000 2.000247 9.054136 -1297.825247 -529.730512
23.500000 1.991660 8.551087 -1329.206269 -564.408984
23.550000 1.999341 9.762620 -1256.037565 -488.290552
23.600000 2.020438 9.554869 -1270.445166 -494.596928
23.650000 1.992295 9.657146 -1260.451717 -495.410493
23.700000 2.011238 9.728383 -1258.037346 -485.722009
23.750000 2.002079 9.207764 -1287.664943 -518.866589
23.800000 1.999685 10.083011 -1234.746889 -466.867882
23.850000 2.002535 9.470933 -1266.372202 -497.398838
23.900000 2.003162 9.009501 -1293.749058 -524.534805
23.950000 1.986111 10.030399 -1236.901790 -474.235066
24.000000 2.019253 9.365119 -1278.185974 -502.792668
24.050000 1.985056 9.382982 -1270.377484 -508.115880
24.100000 2.011104 9.376181 -1268.437440 -496.173347
24.150000 2.035368 8.433984 -1325.222898 -543.641694
24.200000 1.993956 10.041784 -1228.757834 -463.078871
24.250000 2.026958 9.992760 -1236.729513 -458.377530
24.300000 2.022926 9.478103 -1261.969148 -485.165628
24.350000 2.001537 9.516487 -1259.056469 -490.466255
24.400000 1.980154 8.995980 -1293.329290 -532.949967
24.450000 2.007051 8.876172 -1304.524559 -533.816864
24.500000 2.008831 8.357289 -1328.687722 -557.296544
24.550000 1.974834 9.831867 -1243.276190 -484.940006
24.600000 2.033433 9.060536 -1292.937525 -512.099222
24.650000 2.009396 8.940827 -1294.210961 -522.602804
24.700000 1.962389 8.691814 -1307.454363 -553.897057
24.750000 2.007472 8.941419 -1301.776244 -530.906867
24.800000 2.000841 8.474938 -1329.053632 -560.730530
24.850000 1.990423 9.919899 -1245.852756 -481.530382
24.900000 2.020920 10.277660 -1231.952414 -455.919227
24.950000 2.015185 9.436201 -1276.367531 -502.536356
25.000000 2.022156 8.769334 -1307.291529 -530.783460
25.050000 2.000019 8.978979 -1297.365836 -529.358725
25.100000 2.015387 9.445607 -1273.663655 -499.754893
25.150000 1.971788 9.759625 -1246.422037 -489.255489
25.200000 2.008262 8.308858 -1326.220447 -555.047913
25.250000 1.958601 8.937255 -1292.330703 -540.228059
25.300000 1.964372 10.315682 -1217.063709 -462.744732
25.350000 2.013243 9.545024 -1267.513656 -494.428350
25.400000 1.971899 10.023566 -1236.866904 -479.657879
25.450000 2.040742 8.994895 -1299.306607 -515.661535
25.500000 1.999760 7.860150 -1354.923112 -587.015181
25.550000 1.961798 8.855604 -1295.473203 -542.142591
25.600000 2.007387 8.810884 -1306.195786 -535.359225
25.650000 1.990918 9.358651 -1273.332893 -508.820523
25.700000 1.993094 9.810097 -1248.697790 -483.349653
25.750000 2.020873 9.835733 -1257.151130 -481.135871
25.800000 2.006359 9.736862 -1257.589802 -487.148050
25.850000 2.003434 9.702832 -1256.018614 -486.699907
25.900000 2.005463 9.559052 -1260.472616 -490.374906
25.950000 1.999065 9.319197 -1277.125222 -509.484120
26.000000 1.996225 8.664155 -1321.934735 -555.384481
26.050000 2.043310 9.473671 -1270.722974 -486.091774
26.100000 1.988276 8.946870 -1292.577392 -529.079584
26.150000 1.983560 8.792782 -1301.210669 -539.523616
26.200000 2.027221 9.291374 -1280.136130 -501.683135
26.250000 1.982684 9.331838 -1282.929309 -521.578813
26.300000 1.990790 9.521153 -1269.696255 -505.232891
26.350000 2.006040 8.597780 -1313.860853 -543.541414
26.400000 1.970233 9.304175 -1271.271131 -514.701620
26.450000 2.028977 9.390489 -1273.632328 -494.504984
26.500000 2.028714 9.405229 -1267.871642 -488.845337
26.550000 1.961109 9.168680 -1279.488494 -526.422707
26.600000 2.034720 9.528388 -1266.642439 -485.309921
26.650000 1.984923 8.406456 -1321.211670 -559.001344
26.700000 1.986205 8.240564 -1330.418352 -567.715602
26.750000 2.015681 8.575930 -1316.241969 -542.220414
26.800000 2.025938 8.144629 -1342.793426 -564.833179
26.850000 1.990067 8.499544 -1320.401897 -556.216320
26.900000 1.994280 9.469268 -1266.172074 -500.368434
26.950000 1.957728 9.493026 -1266.763813 -514.996219
27.000000 2.003323 10.031117 -1240.152842 -470.876765
27.050000 1.970178 10.270073 -1225.892005 -469.343626
27.100000 2.020507 9.512545 -1274.357034 -498.482234
27.150000 1.993833 9.146563 -1285.392278 -519.760523
27.200000 2.035486 9.525236 -1261.064095 -479.437517
27.250000 1.984700 9.330388 -1277.254959 -515.130004
27.300000 1.980319 10.354109 -1219.558740 -459.116135
27.350000 2.014341 9.615724 -1263.689029 -490.182096
27.400000 1.981515 9.751260 -1258.170634 -497.269049
27.450000 2.016262 9.514465 -1274.130148 -499.885374
27.500000 1.988783 9.798400 -1255.388402 -491.695540
27.550000 2.028313 9.321840 -1285.181336 -506.309209
27.600000 1.994376 8.935703 -1297.053428 -531.212939
27.650000 2.010195 7.941353 -1350.097560 -578.182558
27.700000 1.964679 8.986391 -1279.020726 -524.584126
27.750000 1.981743 8.710837 -1299.810319 -538.820985
27.800000 2.033767 8.276807 -1335.958228 -554.991847
27.850000 1.976183 8.787945 -1306.474950 -547.620654
27.900000 1.970181 10.271832 -1225.084947 -468.535441
27.950000 2.024544 8.989699 -1306.594015 -529.169065
28.000000 2.003509 8.676500 -1316.753057 -547.405728
28.050000 1.994452 9.012184 -1295.407745 -529.538214
28.100000 1.996834 10.255791 -1224.645209 -457.860792
28.150000 2.015720 8.574894 -1322.471970 -548.435345
28.200000 1.979531 8.740740 -1307.321270 -547.181478
28.250000 1.994722 9.305172 -1275.448694 -509.475388
28.300000 2.011893 9.204296 -1285.915621 -513.348706
28.350000 2.007110 8.866482 -1304.757048 -534.026651
28.400000 1.987936 7.912325 -1351.195733 -587.828150
28.450000 2.010298 8.716702 -1301.426133 -529.471677
28.500000 2.006030 8.863582 -1302.082988 -531.767575
28.550000 1.985943 9.268635 -1286.525299 -523.923031
28.600000 2.019962 10.052515 -1243.245918 -467.580593
28.650000 2.004209 9.426318 -1278.260539 -508.644285
28.700000 1.999420 9.108720 -1289.954012 -522.176701
28.750000 1.992128 9.153786 -1288.567547 -523.590276
28.800000 1.984965 9.655880 -1261.148959 -498.922258
28.850000 1.995198 8.591369 -1324.544724 -558.388675
28.900000 2.030758 8.057251 -1350.292969 -570.481743
28.950000 1.990837 8.368763 -1322.125099 -557.643746
29.000000 2.003571 8.395639 -1327.873975 -558.502575
29.050000 1.998587 9.608201 -1255.725032 -488.267460
29.100000 2.001729 9.204981 -1282.081167 -513.417158
29.150000 2.004920 9.367668 -1276.257204 -506.367958
29.200000 1.991892 9.827798 -1251.185711 -486.299122
29.250000 2.005935 8.868305 -1307.747847 -537.468946
29.300000 2.005743 9.104449 -1288.672096 -518.466698
29.350000 1.984979 8.630188 -1320.941300 -558.709329
29.400000 1.993731 9.941065 -1250.855638 -485.262751
29.450000 2.008271 8.993932 -1303.686764 -532.510624
29.500000 1.986273 8.891545 -1302.212484 -539.483669
29.550000 2.025532 8.975542 -1297.025900 -519.221500
29.600000 1.983081 9.823055 -1249.961269 -488.458124
29.650000 2.004026 9.575855 -1272.537350 -502.991475
29.700000 2.040905 9.616005 -1272.282034 -488.574510
29.750000 2.027440 8.971733 -1297.408070 -518.871151
29.800000 2.001213 8.187253 -1336.482316 -568.016542
29.850000 1.994431 9.406425 -1268.245955 -502.384531
29.900000 1.993697 9.420932 -1273.368482 -507.789001
29.950000 2.024859 9.783816 -1253.633918 -476.087950
30.000000 2.003642 4.269505 -1279.175292 -509.776937
30.050000 1.993372 4.151846 -1281.710902 -516.256168
30.100000 1.983527 4.873691 -1242.770862 -481.096661
30.150000 1.999730 5.351673 -1211.859722 -443.963573
30.200000 2.006158 4.804162 -1244.161209 -473.796427
30.250000 1.996617 5.396846 -1216.158506 -449.457763
30.300000 1.994024 5.399683 -1214.974809 -449.269535
30.350000 2.010147 4.854423 -1249.466972 -477.570358
30.400000 1.993371 4.793498 -1248.535423 -483.081018
30.450000 2.006072 5.703494 -1186.533529 -416.201828
30.500000 2.013398 5.775304 -1187.251419 -414.106513
30.550000 1.993545 5.625765 -1196.921536 -431.400319
30.600000 2.012961 5.243868 -1223.754897 -450.778065
30.650000 1.977761 5.063753 -1233.481383 -474.021219
30.700000 2.001948 6.142744 -1163.082938 -394.334797
30.750000 1.993410 5.519927 -1199.809412 -434.339943
30.800000 2.017361 5.740729 -1187.765972 -413.099405
30.850000 1.998854 4.968628 -1233.783929 -466.223857
30.900000 2.004199 5.936812 -1165.454696 -395.842421
30.950000 1.997841 5.342837 -1201.234050 -434.062921
31.000000 1.988310 5.267125 -1207.749710 -444.238783
31.050000 1.991224 4.999604 -1227.183029 -462.553021
31.100000 1.992705 5.643174 -1187.835047 -422.636406
31.150000 2.025853 6.223061 -1155.448574 -377.521093
31.200000 1.979519 6.289447 -1149.755343 -389.620172
31.250000 2.002672 5.685148 -1191.016796 -421.990791
31.300000 2.013754 5.694256 -1188.274612 -414.993097
31.350000 1.981346 5.309445 -1212.860262 -452.023557
31.400000 2.017280 5.568259 -1198.922688 -424.287347
31.450000 1.991424 5.599667 -1197.102741 -432.396012
31.500000 1.995048 5.993663 -1174.784218 -408.685682
31.550000 2.012111 5.514344 -1208.617780 -435.966973
31.600000 1.990289 4.933568 -1244.881661 -480.610778
31.650000 2.004964 5.004962 -1235.114832 -465.208669
31.700000 1.983159 4.670247 -1254.440544 -492.907647
31.750000 1.979134 5.497214 -1210.628314 -450.640667
31.800000 1.991718 6.090945 -1167.722311 -402.902490
31.850000 2.022383 5.221140 -1223.433245 -446.838037
31.900000 1.973620 5.348047 -1212.031973 -454.161904
31.950000 2.009211 5.539301 -1206.727686 -435.190758
32.000000 2.010852 5.144790 -1231.687039 -459.519731
32.050000 1.987877 5.084407 -1229.637891 -466.292940
32.100000 1.991671 5.361003 -1210.127197 -445.325517
32.150000 1.996548 5.004831 -1238.488013 -471.813478
32.200000 2.011747 5.935209 -1177.654880 -405.143930
32.250000 1.988450 5.703739 -1196.886540 -433.321689
32.300000 2.013676 6.332495 -1160.834545 -387.582797
32.350000 1.991285 5.060954 -1237.850422 -473.196950
32.400000 2.010466 5.320601 -1221.116929 -449.098113
32.450000 1.997232 5.407027 -1212.764189 -445.827256
32.500000 1.980836 5.650721 -1195.942640 -435.301675
32.550000 2.013492 5.655635 -1195.577554 -422.396748
32.600000 1.988062 5.312778 -1214.794804 -451.378861
32.650000 2.004284 6.019152 -1171.776371 -402.131499
32.700000 2.003060 6.006056 -1171.721600 -402.546653
32.750000 2.034069 4.787483 -1250.964046 -469.881610
32.800000 1.990215 4.811113 -1243.114656 -478.872053
32.850000 2.026420 4.719101 -1251.408040 -473.262701
32.900000 1.980875 4.866901 -1237.374150 -476.718340
32.950000 2.008766 5.346244 -1211.337044 -439.971083
33.000000 2.015222 5.070121 -1230.806005 -456.960616
33.050000 1.986316 5.872698 -1176.586266 -413.840836
33.100000 2.012917 5.252167 -1217.239052 -444.279027
33.150000 1.987386 5.059641 -1225.259641 -462.103480
33.200000 1.992355 5.336634 -1215.355110 -450.290797
33.250000 2.008429 5.348867 -1214.502540 -443.265973
33.300000 2.020213 4.540628 -1260.757503 -484.995607
33.350000 1.995977 4.886477 -1235.536580 -469.081487
33.400000 2.008992 5.372274 -1206.364358 -434.911449
33.450000 2.013029 5.093060 -1221.362226 -448.358960
33.500000 1.992412 4.357341 -1270.380946 -505.294770
33.550000 1.992825 5.207455 -1222.267150 -457.022214
33.600000 2.000010 5.654541 -1202.244608 -434.240803
33.650000 1.991813 5.368274 -1224.138132 -459.281938
33.700000 2.004798 5.555970 -1210.240008 -440.397481
33.750000 1.995881 5.805389 -1191.762236 -425.343795
33.800000 2.020406 5.404995 -1211.924903 -436.088852
33.850000 1.995945 4.858215 -1247.669096 -481.226198
33.900000 2.000340 4.759350 -1252.713227 -484.582476
33.950000 1.994524 5.019928 -1230.233826 -464.336753
34.000000 1.996527 5.204443 -1215.986987 -449.320571
34.050000 2.020285 4.905197 -1243.433984 -467.644527
34.100000 2.021207 5.055656 -1239.013417 -462.870017
34.150000 1.994340 5.437748 -1210.867670 -445.041252
34.200000 2.008325 4.922087 -1245.521416 -474.324452
34.250000 1.999590 5.176271 -1224.187637 -456.345159
34.300000 2.015099 4.867065 -1238.938441 -465.140507
34.350000 1.997191 4.749742 -1239.658904 -472.737682
34.400000 1.978651 4.345726 -1268.281518 -508.479356
34.450000 2.026282 4.827311 -1241.678358 -463.585931
34.500000 1.990610 5.473831 -1199.467820 -435.073511
34.550000 2.013229 5.383000 -1212.541993 -439.461999
34.600000 1.991720 5.415813 -1208.124344 -443.303979
34.650000 1.984542 5.263416 -1224.393259 -462.329167
34.700000 1.998343 5.548263 -1208.070347 -440.706719
34.750000 1.990340 5.515850 -1213.646915 -449.356296
34.800000 2.016688 5.540443 -1213.507117 -439.098917
34.850000 1.985602 5.722807 -1190.354869 -427.883793
34.900000 2.029445 4.978083 -1235.182577 -455.875726
34.950000 2.001836 5.438754 -1207.360625 -438.655623
35.000000 2.003074 5.748555 -1191.747419 -422.566872
35.050000 2.025885 4.976060 -1243.165974 -465.226088
35.100000 1.999203 5.054442 -1234.179196 -466.485406
35.150000 1.990932 5.372777 -1214.589418 -450.071348
35.200000 1.982665 5.043968 -1230.187264 -468.843872
35.250000 2.020081 5.346521 -1206.147705 -430.436441
35.300000 1.995841 4.556072 -1255.794163 -489.391048
35.350000 1.994467 5.769842 -1177.907741 -412.032580
35.400000 1.986664 5.043213 -1225.915407 -463.036367
35.450000 2.028600 5.030496 -1222.300715 -443.318483
35.500000 2.009360 4.713483 -1243.813990 -472.219920
35.550000 1.975974 5.576506 -1205.240899 -446.466978
35.600000 1.990857 5.537329 -1210.881831 -446.392930
35.650000 2.016806 5.265614 -1222.058890 -447.605354
35.700000 1.994917 5.409133 -1212.053758 -446.005617
35.750000 1.995927 5.224142 -1217.239631 -450.803822
35.800000 2.012965 4.931503 -1237.906103 -464.927357
35.850000 1.993117 5.624451 -1199.795913 -434.438809
35.900000 2.016916 4.799583 -1248.983713 -474.487994
35.950000 1.996193 4.874204 -1238.796740 -472.258522
36.000000 1.995851 5.169287 -1226.422918 -460.016238
36.050000 2.024337 5.481731 -1212.282887 -434.937570
36.100000 1.997967 5.505723 -1210.505084 -443.285812
36.150000 1.986070 5.635186 -1208.458340 -445.807528
36.200000 2.003144 5.830217 -1193.425177 -424.217930
36.250000 1.952068 5.837735 -1183.200570 -433.606422
36.300000 2.027133 5.780344 -1183.047892 -404.628719
36.350000 2.004042 4.142314 -1278.194556 -508.642575
36.400000 1.962989 4.938791 -1229.404902 -475.617288
36.450000 1.993282 5.202660 -1217.782015 -452.361575
36.500000 1.970034 5.637930 -1188.886176 -432.393304
36.550000 2.020562 5.442837 -1204.546822 -428.650968
36.600000 2.007246 4.653048 -1252.376893 -481.594297
36.650000 1.995717 5.368164 -1213.673416 -447.318107
36.700000 2.004513 5.316083 -1221.672387 -451.939264
36.750000 2.008858 5.197526 -1224.555064 -453.153741
36.800000 1.989898 5.622223 -1195.375453 -431.254461
36.850000 1.991172 5.052518 -1236.388397 -471.778276
36.900000 1.993025 5.589593 -1201.835703 -436.514011
36.950000 1.994604 5.260237 -1219.618015 -453.690112
37.000000 1.994744 5.079400 -1221.844007 -455.862324
37.050000 2.008082 4.672369 -1245.598656 -474.495335
37.100000 1.997516 4.915223 -1226.277067 -459.230825
37.150000 2.006150 4.952184 -1227.931048 -457.569637
37.200000 2.013348 4.641725 -1250.509583 -477.383842
37.250000 1.983730 4.795357 -1247.976171 -486.223814
37.300000 1.987452 5.826896 -1189.253142 -426.071453
37.350000 1.990789 5.792556 -1184.388694 -419.925780
37.400000 1.996503 5.335691 -1213.279946 -446.622736
37.450000 2.002181 5.494014 -1208.990668 -440.153308
37.500000 2.003101 3.167570 -1091.755368 -322.564569
37.550000 1.984376 3.145402 -1090.469089 -328.468879
37.600000 1.997588 3.189064 -1084.766541 -317.692716
37.650000 2.006471 3.407420 -1072.104561 -301.619726
37.700000 1.987329 3.478427 -1079.979936 -316.845585
37.750000 1.998037 3.963338 -1056.224450 -288.978404
37.800000 1.988702 3.728611 -1074.655108 -310.993666
37.850000 2.013050 3.304363 -1099.231811 -326.220549
37.900000 2.007481 2.681098 -1130.456854 -359.584311
37.950000 1.972186 3.388899 -1076.034859 -318.715357
38.000000 2.007930 3.307447 -1088.841994 -317.796759
38.050000 2.027093 2.673662 -1127.918297 -349.514455
38.100000 2.005171 2.967958 -1103.854966 -333.869469
38.150000 1.994649 2.751361 -1122.672585 -356.727292
38.200000 2.018273 3.256539 -1086.847787 -311.830880
38.250000 1.972596 3.759788 -1058.322434 -300.845527
38.300000 2.018839 3.489362 -1082.603387 -307.369241
38.350000 2.010955 3.309644 -1090.822147 -318.615308
38.400000 2.000239 3.062414 -1105.584373 -337.492604
38.450000 1.989751 3.337590 -1085.976363 -321.911966
38.500000 2.006908 3.466938 -1077.158636 -306.505777
38.550000 1.999701 3.675746 -1061.531038 -293.645982
38.600000 1.991388 3.651662 -1068.819117 -304.125950
38.650000 2.009888 3.307049 -1087.039287 -315.242360
38.700000 1.986285 2.706447 -1122.927083 -360.193492
38.750000 2.005380 2.776230 -1115.414128 -345.348033
38.800000 1.997883 2.589138 -1129.970792 -362.783703
38.850000 1.985818 3.197642 -1091.527154 -328.972954
38.900000 1.991836 3.226896 -1099.243197 -334.378088
38.950000 2.016639 2.893799 -1124.151623 -349.762109
39.000000 2.006352 2.500359 -1145.007266 -374.567977
39.050000 1.987735 2.582070 -1134.800912 -371.510647
39.100000 1.995095 3.294142 -1086.283172 -320.166784
39.150000 2.022331 3.250670 -1095.571946 -318.996695
39.200000 1.989494 3.672506 -1066.919282 -302.953653
39.250000 2.004100 2.891818 -1123.341363 -353.766866
39.300000 2.015297 2.527616 -1145.231757 -371.357794
39.350000 1.993147 2.483895 -1143.455640 -378.087297
39.400000 1.982102 2.867739 -1122.929507 -361.802451
39.450000 2.020187 3.596731 -1073.226806 -297.474992
39.500000 2.002567 2.683647 -1128.949166 -359.963481
39.550000 1.980150 2.785147 -1112.839552 -352.461880
39.600000 2.023239 2.438705 -1141.336558 -364.412754
39.650000 2.010657 2.806864 -1116.632756 -344.540301
39.700000 1.997459 2.748314 -1129.344345 -362.320274
39.750000 2.011052 3.496318 -1080.483387 -308.239536
39.800000 2.015155 3.034935 -1102.403358 -328.583902
39.850000 1.993924 2.422898 -1137.052293 -371.385653
39.900000 2.010993 2.763511 -1115.898610 -343.677272
39.950000 2.001918 2.761929 -1118.803211 -350.066649
40.000000 1.997216 2.967451 -1103.693945 -336.762873
40.050000 1.996681 2.659415 -1119.086956 -352.361625
40.100000 1.990555 2.682865 -1114.647759 -350.274698
40.150000 2.003460 2.567518 -1121.264500 -351.935815
40.200000 2.010702 3.034362 -1090.020202 -317.910613
40.250000 1.992738 2.615804 -1127.322703 -362.111403
40.300000 2.006332 2.656751 -1129.692909 -359.261346
40.350000 1.982544 3.148137 -1090.564855 -329.268111
40.400000 2.002698 3.944430 -1037.217532 -268.181359
40.450000 2.024242 3.039639 -1103.463573 -326.154545
40.500000 2.007176 3.011830 -1101.664007 -330.908387
40.550000 2.021613 2.936108 -1109.704521 -333.404943
40.600000 1.986487 2.490364 -1142.990195 -380.179364
40.650000 2.009304 2.810727 -1126.672667 -355.099994
40.700000 1.994430 2.580272 -1143.948583 -378.087457
40.750000 1.991604 2.909505 -1115.634871 -350.858802
40.800000 2.018833 2.722903 -1116.880215 -341.648532
40.850000 1.986153 2.316138 -1138.583330 -375.900461
40.900000 1.989021 2.567386 -1132.016112 -368.232151
40.950000 1.998892 3.312902 -1085.248469 -317.673782
41.000000 2.009036 2.440528 -1146.878917 -375.409009
41.050000 1.973289 3.222258 -1087.825609 -330.082818
41.100000 2.017046 3.455594 -1078.746418 -304.200578
41.150000 1.987855 3.435849 -1080.364386 -317.028061
41.200000 2.021238 3.697494 -1056.534239 -280.378849
41.250000 1.985286 3.500292 -1065.143789 -302.794045
41.300000 2.002853 3.204624 -1097.809093 -328.713426
41.350000 1.992112 3.704572 -1074.279203 -309.308123
41.400000 2.018091 3.762011 -1077.871356 -302.924596
41.450000 1.996545 3.329432 -1099.166805 -332.493406
41.500000 2.007203 3.108096 -1108.232451 -337.466453
41.550000 1.989605 2.938319 -1118.340460 -354.332007
41.600000 2.006739 3.092250 -1102.697541 -332.109751
41.650000 1.999906 2.807934 -1119.401278 -351.437300
41.700000 2.013861 3.655385 -1057.895566 -284.572821
41.750000 1.992026 3.621831 -1061.524027 -296.585861
41.800000 2.003080 3.019691 -1104.694774 -335.512084
41.850000 1.990111 3.408878 -1077.453248 -313.250619
41.900000 2.014292 2.793582 -1128.027595 -354.539414
41.950000 1.991415 3.551523 -1071.240023 -306.536518
42.000000 2.011121 3.520828 -1073.985766 -301.715158
42.050000 1.990849 3.599199 -1063.311873 -298.825968
42.100000 1.984212 3.285259 -1090.992134 -329.054616
42.150000 2.026863 3.463750 -1079.540277 -301.224745
42.200000 1.996769 2.959120 -1108.641077 -341.881694
42.250000 2.006485 2.737289 -1123.710187 -353.220062
42.300000 2.006411 2.186870 -1160.085985 -389.624156
42.350000 1.980552 2.967009 -1101.952011 -341.420022
42.400000 1.998168 3.587236 -1060.439153 -293.142595
42.450000 1.993867 3.312438 -1081.676490 -316.031659
42.500000 1.999516 2.895137 -1104.975141 -337.160922
42.550000 2.002249 2.096416 -1150.619061 -381.755310
42.600000 1.971853 2.681274 -1111.779606 -354.588197
42.650000 1.994027 3.429108 -1070.528417 -304.822027
42.700000 2.009479 3.067552 -1100.663194 -329.023137
42.750000 1.992356 2.615599 -1130.612121 -365.547437
42.800000 1.986428 3.318607 -1073.650236 -310.861752
42.850000 2.038905 2.777340 -1106.036004 -323.096462
42.900000 2.001266 2.149754 -1139.686685 -371.200568
42.950000 1.966303 2.700813 -1103.720579 -348.660271
43.000000 2.008694 3.432927 -1066.221128 -294.882563
43.050000 1.997406 3.711836 -1056.816578 -289.812540
43.100000 2.022326 3.419891 -1084.830278 -308.256917
43.150000 1.996502 3.249013 -1105.411698 -338.754821
43.200000 1.985583 3.748608 -1067.621246 -305.157315
43.250000 2.009429 3.382016 -1087.561703 -315.940832
43.300000 1.982587 2.717051 -1124.947679 -363.634455
43.350000 1.987264 3.303636 -1079.097158 -315.987768
43.400000 2.008002 3.127828 -1093.398237 -322.325358
43.450000 2.006438 3.139274 -1090.478013 -320.006011
43.500000 1.978162 3.078181 -1088.842929 -329.228849
43.550000 1.999184 3.004964 -1093.956168 -326.269572
43.600000 1.992559 2.667335 -1121.165074 -356.022271
43.650000 2.006398 3.053641 -1101.073261 -330.616435
43.700000 2.013273 3.200650 -1093.933366 -320.836703
43.750000 2.025600 2.591856 -1131.706429 -353.876034
43.800000 1.975682 2.696899 -1122.525627 -363.863812
43.850000 1.996104 3.020736 -1109.937038 -343.433081
43.900000 2.017672 3.312808 -1087.036601 -312.250520
43.950000 1.987755 2.591210 -1136.926007 -373.628097
44.000000 1.992809 2.932922 -1113.828527 -348.589754
44.050000 1.988172 3.005216 -1106.365065 -342.907156
44.100000 2.001233 2.616429 -1134.861846 -366.388432
44.150000 1.996526 3.290733 -1090.167615 -323.501562
44.200000 1.999799 3.338902 -1093.738792 -325.816085
44.250000 1.995444 3.084941 -1111.958664 -345.708059
44.300000 1.997493 3.232103 -1090.471928 -323.434572
44.350000 2.011790 2.687008 -1122.121701 -349.594301
44.400000 1.995079 2.672598 -1124.595646 -358.485441
44.450000 1.983408 3.008752 -1102.294111 -340.665328
44.500000 1.990088 3.324076 -1079.380130 -315.186376
44.550000 1.993150 2.725189 -1127.206917 -361.837420
44.600000 2.012966 3.094386 -1098.583630 -325.604527
44.650000 1.980178 3.385616 -1083.576315 -323.188148
44.700000 2.018424 3.651692 -1073.093355 -298.018374
44.750000 2.007267 2.689848 -1130.693368 -359.902928
44.800000 1.991002 3.029999 -1098.649106 -334.104361
44.850000 2.017428 3.015330 -1096.852070 -322.159896
44.900000 2.001581 2.960470 -1102.773230 -334.166014
44.950000 1.982469 3.352212 -1085.096284 -323.828362
45.000000 1.991373 1.672537 -954.488675 -189.801465
45.050000 2.009476 1.321822 -988.122919 -216.484221
45.100000 1.996941 1.413557 -981.629422 -214.803969
45.150000 2.011300 1.132562 -1004.083577 -231.744528
45.200000 1.985909 1.240223 -991.771207 -229.181999
45.250000 2.005890 1.490575 -981.741762 -211.480147
45.300000 1.999652 1.808618 -962.039870 -194.173375
45.350000 2.004822 1.773633 -967.541525 -197.689775
45.400000 2.008298 1.779089 -965.523838 -194.337290
45.450000 1.996723 1.515731 -988.061446 -221.319679
45.500000 2.011844 1.839065 -956.991774 -184.443686
45.550000 1.996102 1.711331 -959.179544 -192.676297
45.600000 1.999792 1.517130 -969.964008 -202.043968
45.650000 1.991222 1.685055 -950.826921 -186.197831
45.700000 1.998284 1.278796 -985.906422 -218.565314
45.750000 2.027857 1.784462 -943.294725 -164.597812
45.800000 2.014216 1.384615 -974.836592 -201.377626
45.850000 1.980694 1.474201 -970.813837 -210.227253
45.900000 2.009001 2.014282 -931.094599 -159.638204
45.950000 1.984321 2.021578 -935.619311 -173.639857
46.000000 2.012993 1.729641 -965.303745 -192.314620
46.050000 1.993887 2.126320 -932.461381 -166.808760
46.100000 2.014888 2.043307 -944.336811 -170.619656
46.150000 2.000806 1.728814 -969.083612 -200.774072
46.200000 1.983866 1.811238 -965.191928 -203.387520
46.250000 1.986550 2.411935 -920.990479 -158.155160
46.300000 2.016040 1.898001 -960.702365 -186.543134
46.350000 1.996849 1.584303 -975.160003 -208.369845
46.400000 1.988562 1.501229 -979.727457 -216.119541
46.450000 2.010485 1.429799 -981.128227 -209.102029
46.500000 1.999757 1.746285 -958.137372 -190.230537
46.550000 2.004636 2.035312 -938.168212 -168.388090
46.600000 2.003914 1.598568 -977.872626 -208.369498
46.650000 2.008080 2.056637 -943.150864 -172.048228
46.700000 1.992594 2.062612 -945.182946 -180.026837
46.750000 2.007699 1.972476 -960.275976 -189.319448
46.800000 1.992273 2.146212 -943.923619 -178.890624
46.850000 1.993891 1.768691 -975.395773 -209.741641
46.900000 2.013608 1.818074 -964.879787 -191.654334
46.950000 1.974956 1.865594 -955.640673 -197.257579
47.000000 2.008270 2.116436 -936.512249 -165.336501
47.050000 2.007047 1.569624 -973.086816 -202.380708
47.100000 2.010704 1.379390 -983.280653 -211.170501
47.150000 1.992913 1.418830 -979.026951 -213.748220
47.200000 2.001982 1.603612 -966.919536 -198.158401
47.250000 1.989796 1.906950 -943.998950 -179.917246
47.300000 2.018554 2.003802 -935.053087 -159.928297
47.350000 2.002496 1.442915 -973.308338 -204.349939
47.400000 1.993487 1.331468 -978.304382 -212.805254
47.450000 1.997770 1.543439 -961.265409 -194.121682
47.500000 2.004110 1.016276 -1007.241636 -237.663528
47.550000 1.982176 1.527802 -970.255010 -209.099308
47.600000 2.016582 1.574988 -978.860988 -204.493538
47.650000 2.004380 1.393260 -992.680517 -222.998437
47.700000 1.997551 1.519381 -979.080201 -212.020795
47.750000 1.999204 1.570362 -977.594881 -209.900429
47.800000 1.996095 1.513544 -985.523039 -219.022464
47.850000 1.989200 1.785557 -960.491150 -196.638172
47.900000 1.979240 1.669964 -975.742595 -215.714360
47.950000 2.012189 1.996045 -954.241185 -181.560603
48.000000 2.010951 1.956592 -950.346339 -178.141310
48.050000 2.019431 1.477355 -980.112822 -204.651330
48.100000 1.991933 1.244295 -992.653567 -227.751234
48.150000 1.986703 1.439008 -977.084746 -214.190604
48.200000 1.987311 2.047425 -937.042213 -173.914902
48.250000 2.009805 2.264601 -930.071716 -158.306460
48.300000 1.993270 1.873600 -961.622717 -196.207076
48.350000 2.008907 1.630060 -979.970067 -208.549833
48.400000 1.996998 1.679031 -981.068341 -214.221126
48.450000 1.996310 2.034659 -951.282363 -184.699424
48.500000 2.018822 1.652713 -983.059895 -207.832105
48.550000 1.989630 1.930908 -961.766803 -197.748762
48.600000 1.995497 2.032813 -951.039823 -184.769133
48.650000 2.013088 1.507926 -982.349283 -209.323677
48.700000 1.996942 1.336305 -991.645499 -224.819796
48.750000 1.985135 1.980837 -940.194116 -177.902203
48.800000 2.001882 1.834403 -950.333095 -181.610479
48.850000 2.038469 1.683590 -949.217669 -166.445611
48.900000 1.994486 1.085262 -993.314319 -227.431620
48.950000 2.005778 1.638694 -955.469540 -185.250803
49.000000 2.000496 1.784926 -948.822020 -180.631651
49.050000 1.987250 2.142502 -919.132247 -156.028260
49.100000 2.016185 1.780545 -943.896347 -169.681469
49.150000 2.002140 0.839327 -1020.444871 -251.623120
49.200000 1.987148 1.647544 -960.218364 -197.153477
49.250000 2.005023 1.825377 -960.600998 -190.672293
49.300000 1.998004 2.338602 -923.480779 -156.247155
49.350000 2.026554 1.557346 -980.108775 -201.912012
49.400000 2.013522 1.140440 -1006.450383 -233.257912
49.450000 1.987541 1.973326 -937.952485 -174.736719
49.500000 1.997569 1.770368 -961.893212 -194.826775
49.550000 1.991309 2.030112 -937.680980 -173.018346
49.600000 2.009599 1.630621 -962.923513 -191.237368
49.650000 1.996907 1.661832 -953.142441 -186.330106
49.700000 1.990272 1.632896 -955.492352 -191.227755
49.750000 1.992671 2.072357 -923.737170 -158.551501
49.800000 2.014358 2.175698 -924.009013 -150.495425
49.850000 2.008690 1.995489 -941.991665 -170.654749
49.900000 2.000856 1.600434 -983.147915 -214.819026
49.950000 2.009997 1.897209 -964.909799 -193.070799
50.000000 1.979064 1.813123 -975.687240 -215.726785
50.050000 2.016582 1.842741 -971.386159 -197.018663
50.100000 1.998141 1.672139 -982.885263 -215.599193
50.150000 1.996100 2.061830 -950.758508 -184.256285
50.200000 1.982008 2.197759 -937.302255 -176.211002
50.250000 2.023945 2.115606 -936.769903 -159.574986
50.300000 1.989500 1.895985 -950.480520 -186.512404
50.350000 2.005501 1.749806 -963.038059 -192.925567
50.400000 2.017637 2.016037 -934.854601 -160.081836
50.450000 2.004574 1.351716 -979.727141 -209.970765
50.500000 2.001851 1.428912 -967.308981 -198.598234
50.550000 2.003244 1.657143 -951.482400 -182.236615
50.600000 2.004571 1.658011 -961.074860 -191.319424
50.650000 1.993669 1.835553 -956.455131 -190.886303
50.700000 2.003541 1.881356 -957.111884 -187.752082
50.750000 1.996736 1.644530 -972.085375 -205.338810
50.800000 1.991603 1.471371 -991.610955 -226.835418
50.850000 2.004888 2.514550 -909.650624 -139.773637
50.900000 2.009464 1.929000 -958.014880 -186.380845
50.950000 1.991905 1.855623 -961.313650 -196.422042
51.000000 1.996424 2.026472 -948.140355 -181.513663
51.050000 2.002184 2.044926 -950.900647 -182.062181
51.100000 2.010871 2.070982 -946.557778 -174.383236
51.150000 1.990906 1.636549 -979.628283 -215.120557
51.200000 1.998489 1.843943 -967.923694 -200.503964
51.250000 2.005055 1.847087 -969.704234 -199.763026
51.300000 2.005425 2.086570 -948.031335 -177.948287
51.350000 1.999409 1.996355 -950.942188 -183.169057
51.400000 2.004877 1.632385 -975.438388 -205.565773
51.450000 1.997393 1.476179 -984.893599 -217.894611
51.500000 2.001546 1.697437 -960.931507 -192.337901
51.550000 2.002786 1.102015 -1004.047888 -234.977918
51.600000 2.000143 1.395184 -973.657226 -205.602238
51.650000 2.003929 1.295312 -979.997534 -210.488679
51.700000 1.999925 1.350502 -984.479481 -216.508467
51.750000 1.992678 1.804880 -961.564449 -196.376243
51.800000 2.011089 2.316028 -929.752482 -157.494245
51.850000 1.982481 2.056001 -951.232867 -189.960149
51.900000 2.005033 1.560654 -983.553220 -213.620555
51.950000 2.010881 1.599198 -975.160703 -202.982296
52.000000 1.987230 1.920583 -952.648666 -189.552479
52.050000 2.000759 2.323414 -923.127792 -154.836445
52.100000 1.998922 1.807543 -961.285072 -193.698914
52.150000 2.005522 1.611850 -974.560377 -204.440098
52.200000 1.994090 1.587397 -980.120210 -214.389546
52.250000 1.972959 2.159383 -937.208197 -179.591922
52.300000 2.016119 1.721227 -975.216089 -201.026319
52.350000 1.991634 1.454025 -988.065978 -223.278358
52.400000 2.002473 1.654018 -963.519822 -194.570280
52.450000 1.995062 0.975607 -1015.948134 -249.844478
52.500000 1.989874 0.940616 -814.498294 -50.386869
52.550000 2.009817 0.713939 -837.304745 -65.534971
52.600000 1.990832 0.702349 -837.836356 -73.356919
52.650000 2.005796 0.647714 -848.152532 -77.927040
52.700000 1.984109 1.132398 -806.147039 -44.249278
52.750000 2.007819 1.332523 -803.326694 -32.324053
52.800000 1.996219 1.513476 -794.229184 -27.681182
52.850000 2.002101 1.454346 -798.962999 -30.156057
52.900000 2.008959 0.981517 -834.556765 -63.116407
52.950000 2.001701 0.898721 -833.437689 -64.784414
53.000000 1.987212 1.069190 -813.475173 -50.385667
53.050000 2.003277 0.921459 -833.191345 -63.933109
53.100000 1.991471 1.340918 -794.070860 -29.345975
53.150000 2.001835 1.383699 -790.238864 -21.534226
53.200000 1.997415 1.048218 -817.977112 -50.969665
53.250000 1.995529 0.889056 -833.642511 -67.359516
53.300000 1.988822 1.257849 -796.315384 -32.607708
53.350000 1.989640 1.047995 -813.738943 -49.717307
53.400000 2.001181 1.125221 -801.221606 -32.768104
53.450000 1.996314 0.981150 -811.255876 -44.671324
53.500000 2.009699 0.860203 -814.153201 -42.428970
53.550000 2.031501 0.665699 -821.748752 -41.652510
53.600000 1.975679 0.732925 -814.009283 -55.348731
53.650000 2.011004 0.914340 -810.478761 -38.253238
53.700000 1.988636 1.160150 -793.375354 -29.739003
53.750000 1.995395 1.172009 -798.817423 -32.585693
53.800000 2.004361 1.295453 -788.151855 -18.477098
53.850000 2.009014 0.828928 -835.466831 -64.005526
53.900000 1.997950 1.151608 -807.043002 -39.830374
53.950000 1.995858 1.280448 -796.332873 -29.923254
54.000000 2.000739 1.234932 -795.670562 -27.386762
54.050000 2.007875 0.845212 -831.622121 -60.597934
54.100000 1.998937 1.006537 -815.539272 -47.947573
54.150000 2.008390 1.098003 -808.295620 -37.074037
54.200000 2.003503 0.989135 -813.534060 -44.188947
54.250000 1.999621 0.951428 -812.306176 -44.451706
54.300000 1.994661 0.829560 -824.936614 -58.986776
54.350000 1.994985 1.018631 -812.048008 -45.973752
54.400000 2.016059 1.217725 -792.246090 -18.079425
54.450000 1.997717 0.650254 -844.119810 -76.996318
54.500000 1.977819 1.174954 -793.368194 -33.885747
54.550000 1.994322 1.411554 -774.753021 -8.933536
54.600000 2.003242 1.242047 -792.352630 -23.107721
54.650000 1.985328 1.205517 -798.260047 -35.894022
54.700000 1.998287 1.502984 -767.923394 -0.581037
54.750000 2.009761 1.151680 -793.792122 -22.043937
54.800000 2.001572 1.113965 -786.699687 -18.096159
54.850000 2.005786 0.649990 -828.311389 -58.089684
54.900000 1.985164 0.852675 -805.985713 -43.682707
54.950000 2.006172 0.583660 -839.729400 -69.359202
55.000000 1.997108 0.826533 -821.629876 -54.740405
55.050000 1.995908 1.261859 -782.766370 -16.337830
55.100000 2.001510 0.964738 -815.198303 -46.618516
55.150000 1.996087 1.159660 -796.768219 -30.270930
55.200000 2.005817 1.074309 -807.788984 -37.555282
55.250000 2.002866 1.032677 -812.141810 -43.041278
55.300000 2.014658 1.016398 -817.905359 -44.276814
55.350000 1.986326 1.024198 -821.896127 -59.146801
55.400000 1.997021 1.242746 -807.342950 -40.486713
55.450000 1.999240 1.256474 -805.816029 -38.107920
55.500000 2.006395 1.026712 -824.411574 -53.956064
55.550000 2.003620 1.249530 -795.065134 -25.675006
55.600000 1.989443 1.068563 -807.681731 -43.735791
55.650000 2.011696 0.916478 -826.402829 -53.911376
55.700000 1.985767 1.119999 -809.936206 -47.401603
55.750000 2.003635 1.366030 -794.420216 -25.024459
55.800000 2.014830 1.189363 -816.066210 -42.371457
55.850000 2.001674 0.797291 -850.637476 -81.994498
55.900000 1.989906 1.248348 -800.002577 -35.878738
55.950000 2.021844 1.210137 -803.683363 -27.295207
56.000000 1.988991 0.960981 -821.234643 -57.462175
56.050000 1.980754 1.283734 -787.387445 -26.777793
56.100000 1.971766 1.327755 -784.286393 -27.128162
56.150000 2.020302 1.137435 -806.242926 -30.446831
56.200000 1.990603 0.921353 -827.091794 -62.700113
56.250000 1.994025 1.352638 -788.508955 -22.803496
56.300000 1.992361 1.330023 -793.855323 -28.788532
56.350000 2.002140 1.408802 -777.654158 -8.832534
56.400000 2.006802 0.954972 -810.812756 -40.200821
56.450000 1.983040 0.795885 -816.631280 -55.143917
56.500000 1.994705 0.828147 -818.341256 -52.374507
56.550000 2.001874 1.072443 -795.181364 -26.461681
56.600000 2.017098 0.949044 -809.985374 -35.419761
56.650000 2.004301 1.212449 -786.170852 -16.519406
56.700000 1.992330 1.099774 -804.810113 -39.755442
56.750000 2.008537 1.362747 -786.843889 -15.565571
56.800000 2.007102 1.366462 -790.028851 -19.301869
56.850000 1.993702 1.473659 -778.550324 -12.968925
56.900000 1.997362 1.691552 -749.428220 17.558967
56.950000 2.004586 1.151101 -793.917167 -24.156094
57.000000 1.999031 0.928751 -816.167817 -48.539795
57.050000 1.997386 1.341726 -784.687307 -17.691138
57.100000 2.004130 1.483037 -778.133797 -8.547780
57.150000 2.026651 0.843239 -835.232650 -56.998710
57.200000 1.978906 0.930637 -815.044753 -55.144775
57.250000 1.999634 1.103867 -800.825426 -32.965863
57.300000 1.993177 1.149106 -800.107354 -34.727378
57.350000 2.004286 1.051178 -815.450981 -45.805248
57.400000 2.015451 1.174432 -800.459784 -26.526737
57.450000 1.996524 0.772739 -833.754565 -67.089184
57.500000 1.993271 0.944196 -815.971398 -50.555311
57.550000 2.012718 0.951932 -814.739725 -41.856075
57.600000 2.002028 0.809331 -823.589225 -54.810576
57.650000 1.989597 0.887713 -817.698775 -53.693645
57.700000 2.008118 1.308180 -782.707897 -11.590434
57.750000 2.004852 1.224015 -795.719479 -25.856187
57.800000 2.009826 1.131211 -808.919998 -37.146731
57.850000 2.012318 0.940380 -831.146400 -58.416206
57.900000 1.986619 1.232418 -800.201326 -37.339643
57.950000 1.997109 1.066866 -819.875821 -52.986088
58.000000 2.010822 0.851574 -836.801275 -64.645470
58.050000 1.994318 0.844881 -826.673330 -60.855372
58.100000 1.986736 1.073815 -796.851978 -33.945497
58.150000 1.999777 0.899866 -812.756436 -44.842231
58.200000 2.008147 0.877519 -807.984795 -36.856271
58.250000 1.994257 0.794982 -808.577850 -42.782976
58.300000 1.989521 0.993670 -790.860748 -26.884495
58.350000 1.995269 0.931895 -805.159594 -38.976208
58.400000 1.989146 1.197329 -784.813403 -20.981377
58.450000 2.004616 1.159873 -802.547999 -32.775297
58.500000 1.997348 1.366471 -789.376655 -22.395173
58.550000 1.993673 1.189202 -807.551891 -41.981397
58.600000 2.003726 1.442611 -776.103433 -6.672526
58.650000 2.003347 1.077014 -805.320432 -36.035335
58.700000 1.994595 1.045703 -800.362109 -34.437810
58.750000 2.007091 0.809659 -822.487080 -51.764018
58.800000 1.989341 0.891670 -817.508770 -53.601945
58.850000 1.988868 1.236343 -784.191474 -20.466249
58.900000 1.994551 1.367624 -765.710505 0.197009
58.950000 2.007079 1.022850 -796.794475 -26.076079
59.000000 1.991718 1.210731 -776.179915 -11.360357
59.050000 1.994905 1.082214 -790.841220 -24.797872
59.100000 2.000895 0.898548 -806.583624 -38.240129
59.150000 2.005343 0.581937 -838.353318 -68.301491
59.200000 1.986008 1.035107 -799.238523 -36.611458
59.250000 1.998058 1.218611 -790.816197 -23.561987
59.300000 2.003611 1.063160 -808.330920 -38.944385
59.350000 1.985361 0.996118 -814.150102 -51.771415
59.400000 2.010747 0.854273 -822.568574 -50.441711
59.450000 2.008239 0.502561 -848.710965 -77.547198
59.500000 1.986200 0.941187 -803.743317 -41.042414
59.550000 2.006640 0.784220 -824.186473 -53.636888
59.600000 1.995274 1.120266 -794.678775 -28.493506
59.650000 1.995387 1.099262 -804.996150 -38.767405
59.700000 1.998634 1.261509 -790.094564 -22.618953
59.750000 1.996727 1.169768 -800.292901 -33.549899
59.800000 2.004908 1.197887 -793.882139 -23.997593
59.850000 2.009330 0.911703 -817.040149 -45.457422
59.900000 1.993063 0.949801 -812.851620 -47.515463
59.950000 2.008535 0.795785 -832.836223 -61.558958
60.000000 2.001743 0.744594 -626.137566 142.531826
60.050000 2.003571 0.517198 -652.826964 116.544392
60.100000 2.003926 0.792843 -619.859213 149.648526
60.150000 1.996882 0.579511 -651.228032 115.574593
60.200000 2.017521 0.729601 -633.987549 140.740486
60.250000 1.994843 0.510564 -662.408390 103.611387
60.300000 1.987319 1.035337 -600.377393 162.753010
60.350000 2.002658 0.719324 -642.453917 126.566812
60.400000 1.991160 0.547212 -658.229828 106.375777
60.450000 1.996352 0.670050 -639.535976 127.063184
60.500000 2.003957 0.580259 -648.531758 120.987778
60.550000 1.979737 0.609806 -643.050155 117.168681
60.600000 2.011830 0.513628 -653.074764 119.467841
60.650000 1.993870 0.419521 -662.193362 103.452650
60.700000 1.995563 0.673483 -636.476007 129.820291
60.750000 1.993632 0.895460 -614.691075 150.863709
60.800000 2.002903 0.781334 -634.246420 134.868273
60.850000 1.997965 0.626120 -654.640112 112.578361
60.900000 1.994843 0.910304 -620.494681 145.524913
60.950000 2.005083 0.741324 -640.272835 129.679221
61.000000 1.994092 0.570956 -660.953036 104.778437
61.050000 2.002664 0.812629 -633.322185 135.700881
61.100000 1.992059 0.679843 -649.432048 115.518689
61.150000 1.993760 0.828160 -632.431468 133.172193
61.200000 2.013832 0.689556 -654.877986 118.433629
61.250000 1.985233 0.842840 -640.254723 122.074773
61.300000 2.009501 0.921281 -633.040836 138.607432
61.350000 2.006814 0.607872 -662.107258 108.509369
61.400000 2.001467 0.510138 -668.066448 100.497015
61.450000 2.004598 0.755807 -636.159787 133.605740
61.500000 2.005672 0.579546 -656.323925 113.854175
61.550000 1.993502 0.651834 -643.843711 121.661108
61.600000 2.005168 0.628299 -647.401250 122.583079
61.650000 1.998892 0.801256 -623.343607 144.230793
61.700000 1.998028 0.538260 -652.892291 114.350313
61.750000 1.980910 0.780264 -618.998458 141.670993
61.800000 2.003032 0.701756 -633.274265 135.890109
61.850000 2.010228 0.575383 -650.894772 121.032681
61.900000 1.986352 0.586668 -649.298762 113.460495
61.950000 2.002072 0.537622 -659.607257 109.188339
62.000000 1.983960 0.771211 -641.723843 120.116674
62.050000 2.015217 0.839268 -648.613670 125.229646
62.100000 2.006341 0.846225 -654.736825 115.697977
62.150000 1.993388 0.872140 -648.858786 116.602218
62.200000 2.019261 0.768386 -653.576124 121.819940
62.250000 1.998631 0.659900 -653.898978 113.575188
62.300000 2.000647 0.587162 -658.775897 109.472662
62.350000 1.995646 0.782384 -630.754823 135.573226
62.400000 1.986034 0.570154 -658.573025 104.064204
62.450000 2.016434 0.648526 -647.055099 127.255507
62.500000 1.992797 0.677402 -640.937090 124.297049
62.550000 2.008787 0.686226 -642.352709 129.021560
62.600000 1.989636 0.615084 -651.749235 112.270799
62.650000 1.998813 0.769321 -633.011211 134.532812
62.700000 2.015532 0.797619 -630.391371 143.572852
62.750000 1.983960 0.862968 -620.958510 140.882103
62.800000 1.992058 0.903060 -620.492045 144.458100
62.850000 2.016530 0.753289 -639.233183 135.114480
62.900000 1.999773 0.688765 -642.145389 125.767321
62.950000 1.987978 0.883409 -619.242275 144.141356
63.000000 2.003679 0.748805 -636.280397 133.132338
63.050000 2.002728 0.676338 -640.305048 128.742494
63.100000 2.001822 0.680005 -638.877488 129.822045
63.150000 2.007015 0.606268 -653.025517 117.668278
63.200000 1.993560 0.766288 -636.455902 129.071002
63.250000 1.993441 1.075700 -597.339096 168.142314
63.300000 2.008360 0.784121 -629.264665 141.945424
63.350000 1.991669 0.768793 -625.052679 139.748278
63.400000 2.006890 0.582966 -644.797607 125.848134
63.450000 1.994679 0.446977 -660.486360 105.470244
63.500000 1.993191 0.766366 -627.858664 137.526542
63.550000 1.986360 1.068313 -599.097314 163.664835
63.600000 2.005997 0.938024 -615.858493 154.444368
63.650000 2.008258 0.588389 -655.663367 115.507666
63.700000 2.005134 0.658522 -645.269103 124.702544
63.750000 2.000547 0.615049 -653.858355 114.351667
63.800000 2.017741 0.552306 -660.050720 114.761673
63.850000 1.984587 0.662966 -647.681349 114.400150
63.900000 2.001837 0.628275 -663.222672 105.482715
63.950000 1.998024 0.932995 -632.840476 134.400713
64.000000 2.008888 0.953290 -632.676115 138.736687
64.050000 1.990097 0.903073 -633.353605 130.843764
64.100000 2.008791 0.747414 -650.110289 121.265588
64.150000 1.990276 0.782866 -640.076056 124.189823
64.200000 2.002615 0.617920 -664.112325 104.891665
64.250000 1.989259 0.772644 -648.011172 115.864449
64.300000 2.004061 0.642201 -666.235594 103.323715
64.350000 1.996170 0.561513 -674.842689 91.686431
64.400000 1.990491 0.717340 -661.524640 102.823911
64.450000 2.008390 0.892064 -642.646840 128.574772
64.500000 2.003162 0.708833 -669.267585 99.946595
64.550000 1.997121 0.897474 -648.130332 118.764104
64.600000 2.007503 0.918726 -641.926575 128.954757
64.650000 2.012526 0.758849 -653.266864 119.543195
64.700000 2.004402 0.492005 -675.508150 94.182364
64.750000 1.991872 0.519323 -662.273102 102.605908
64.800000 2.004276 0.578599 -651.694904 117.947155
64.850000 1.999824 0.640817 -646.682738 121.249586
64.900000 1.997306 0.665683 -653.248047 113.717324
64.950000 2.004248 0.712583 -658.197454 111.433720
65.000000 2.002309 0.768215 -659.416621 109.470181
65.050000 1.996449 0.890860 -648.613246 118.023158
65.100000 2.003282 0.948072 -639.953795 129.306363
65.150000 2.005308 0.776758 -654.195333 115.842784
65.200000 2.005858 0.660729 -663.153407 107.096097
65.250000 1.996379 0.791217 -644.642045 121.967487
65.300000 1.989091 0.716379 -660.489251 103.321783
65.350000 2.001554 0.880395 -649.252237 119.344443
65.400000 2.003761 0.934136 -648.062878 121.381258
65.450000 1.993940 0.797244 -666.626802 99.046220
65.500000 1.991558 0.888558 -661.727472 103.030696
65.550000 2.010903 1.038600 -642.297619 129.889017
65.600000 1.998551 0.919767 -644.765116 122.678491
65.650000 2.001660 0.353854 -701.315871 67.321751
65.700000 2.000746 0.352268 -690.264191 78.022113
65.750000 1.980810 0.745145 -634.851258 125.779803
65.800000 1.997231 0.726204 -638.942358 127.994310
65.850000 2.003701 0.565680 -660.913255 108.507946
65.900000 1.992812 0.523782 -667.175577 98.064048
65.950000 2.000251 0.565728 -664.503888 103.592631
66.000000 1.985196 0.830819 -633.702141 128.613157
66.050000 2.018529 0.628410 -662.470857 112.644277
66.100000 2.001042 0.549911 -671.816525 96.583446
66.150000 2.001270 0.654574 -661.807912 106.679598
66.200000 1.994051 0.664148 -660.292864 105.422867
66.250000 1.997245 0.658082 -655.558221 111.383944
66.300000 1.995908 0.576326 -659.188934 107.239894
66.350000 2.005357 0.571501 -656.309854 113.747424
66.400000 2.005346 0.486750 -665.106140 104.946769
66.450000 1.992567 0.504479 -667.292967 97.852600
66.500000 2.002261 0.771399 -645.728685 123.139692
66.550000 2.014822 0.855135 -642.473680 131.217930
66.600000 2.004396 0.750446 -657.322771 112.365160
66.650000 1.999378 0.858730 -644.368531 123.392480
66.700000 2.008701 0.660190 -673.589842 97.751193
66.750000 1.994904 0.946553 -643.101022 122.942208
66.800000 2.004626 0.791816 -663.870526 105.905944
66.850000 1.994596 0.883481 -649.636010 116.288876
66.900000 2.000464 0.904685 -647.370498 120.807524
66.950000 2.005838 0.768916 -655.920018 114.321605
67.000000 1.998644 0.685361 -653.957796 113.521610
67.050000 1.996577 0.757726 -641.823363 124.862232
67.100000 1.991546 1.009470 -608.129576 156.624122
67.150000 2.012209 0.624652 -653.847504 118.840753
67.200000 2.004010 0.544459 -661.441041 108.098886
67.250000 2.001089 0.607493 -656.012285 112.405874
67.300000 1.997648 0.753098 -638.739339 128.357663
67.350000 2.005867 0.724755 -647.257916 122.994858
67.400000 1.994512 0.837854 -632.659552 133.233004
67.450000 2.000090 0.599977 -665.494795 102.539688
