# t Temp Pres Epot Etot
0.000000 1.999994 28.723456 -1413.983808 -645.986230
0.050000 1.967634 28.857202 -1403.040402 -647.468815
0.100000 2.002250 30.246704 -1345.908698 -577.044823
0.150000 2.008870 28.092618 -1443.258015 -671.851874
0.200000 1.967250 27.600349 -1461.744720 -706.320876
0.250000 2.000935 28.806717 -1409.359271 -641.000041
0.300000 2.016009 29.006184 -1402.367905 -628.220593
0.350000 2.000246 29.146797 -1394.567415 -626.472783
0.400000 1.986212 27.379289 -1470.545105 -707.839526
0.450000 1.992688 29.129692 -1393.795448 -628.603362
0.500000 2.017327 29.617016 -1373.114081 -598.460471
0.550000 2.023781 27.673543 -1459.455516 -682.323648
0.600000 1.982169 28.752351 -1409.275757 -648.122824
0.650000 2.002674 29.939645 -1356.375019 -587.348119
0.700000 2.023276 28.639773 -1415.485861 -638.547957
0.750000 2.033047 27.179869 -1483.343755 -702.653898
0.800000 1.956330 28.369771 -1424.270698 -673.040027
0.850000 2.002957 28.968483 -1399.839788 -630.704263
0.900000 2.028745 29.508104 -1380.488839 -601.450931
0.950000 1.979029 31.018458 -1304.445563 -544.498237
1.000000 2.011031 28.774526 -1411.821899 -639.585879
1.050000 2.015213 28.160426 -1437.281498 -663.439748
1.100000 1.952819 29.704873 -1364.541439 -614.658767
1.150000 2.014024 28.055060 -1441.814333 -668.429220
1.200000 1.960325 28.982766 -1398.288603 -645.523720
1.250000 1.968836 28.724681 -1409.640483 -653.607290
1.300000 2.036589 28.866409 -1407.540550 -625.490417
1.350000 1.982565 27.781613 -1453.745111 -692.440190
1.400000 1.962692 28.820934 -1404.953389 -651.279829
1.450000 2.042055 29.458476 -1379.705752 -595.556745
1.500000 2.015909 29.717743 -1366.934812 -592.825636
1.550000 2.012368 28.170551 -1435.945493 -663.196025
1.600000 1.973334 27.893056 -1446.265174 -688.504726
1.650000 2.021725 30.298677 -1342.519807 -566.177459
1.700000 2.019488 29.317958 -1385.610734 -610.127235
1.750000 2.018504 28.821199 -1406.697652 -631.592200
1.800000 1.973519 29.302641 -1381.983855 -624.152489
1.850000 1.991157 29.948227 -1354.853112 -590.248878
1.900000 2.005821 29.254290 -1388.080634 -617.845283
1.950000 2.031969 28.650215 -1415.941165 -635.665063
2.000000 2.016649 29.203778 -1391.203831 -616.810532
2.050000 2.005894 28.895470 -1402.713069 -632.449849
2.100000 1.981736 27.467159 -1468.990295 -708.003695
2.150000 1.981012 28.930598 -1398.360794 -637.652144
2.200000 1.950917 30.256479 -1339.892833 -590.740655
2.250000 1.974133 28.850260 -1402.448133 -644.380883
2.300000 1.986910 28.192731 -1435.872106 -672.898562
2.350000 1.983611 28.461135 -1423.112259 -661.405809
2.400000 1.984548 28.016167 -1442.078039 -680.011697
2.450000 2.017191 29.076908 -1396.348072 -621.746817
2.500000 1.979053 28.901339 -1403.515975 -643.559807
2.550000 2.030972 29.118469 -1397.354102 -617.460989
2.600000 2.021596 29.017526 -1395.136746 -618.843859
2.650000 1.990284 28.352950 -1430.350174 -666.081138
2.700000 2.009324 28.195905 -1436.484442 -664.904109
2.750000 1.986077 29.953930 -1353.935318 -591.281852
2.800000 2.013548 29.185229 -1390.010664 -616.808199
2.850000 2.019199 27.948192 -1447.985651 -672.613266
2.900000 1.963961 27.172573 -1479.470767 -725.309670
2.950000 1.982418 30.352961 -1336.342353 -575.093901
3.000000 2.050737 30.444968 -1337.166844 -549.683845
3.050000 2.015755 28.479266 -1426.181993 -652.132165
3.100000 2.019379 27.282362 -1480.135835 -704.694118
3.150000 2.019470 29.010870 -1402.729986 -627.253583
3.200000 2.007171 28.815854 -1407.717314 -636.963620
3.250000 2.004354 29.626791 -1370.858799 -601.186989
3.300000 1.968450 28.369539 -1424.380839 -668.495952
3.350000 2.006180 28.571519 -1420.172714 -649.799680
3.400000 1.991963 27.713987 -1457.848360 -692.934671
3.450000 2.003595 29.068641 -1399.033559 -629.653183
3.500000 1.999187 29.047733 -1397.469425 -629.781510
3.550000 1.981244 29.055748 -1396.221286 -635.423529
3.600000 2.021095 29.576651 -1375.279945 -599.179350
3.650000 1.985797 27.303745 -1472.050491 -709.504290
3.700000 1.978526 28.805545 -1405.926442 -646.172305
3.750000 2.033734 28.513287 -1419.616096 -638.662330
3.800000 1.979322 29.137499 -1391.772684 -631.712986
3.850000 2.007405 29.476942 -1376.751958 -605.908314
3.900000 2.016411 29.425837 -1381.507465 -607.205600
3.950000 2.011552 28.536237 -1423.231312 -650.795160
4.000000 2.024675 28.302005 -1430.094909 -652.619869
4.050000 2.020469 29.049003 -1393.147360 -617.287434
4.100000 1.951892 28.288804 -1426.679870 -677.153195
4.150000 2.017715 28.903574 -1407.416029 -632.613441
4.200000 2.023838 28.490594 -1423.380813 -646.227045
4.250000 2.007212 27.441188 -1471.771522 -701.001971
4.300000 2.011681 29.701955 -1369.609667 -597.124124
4.350000 1.969449 28.501491 -1420.950218 -664.681872
4.400000 2.026935 28.470222 -1423.599112 -645.256145
4.450000 1.978859 29.311880 -1383.971268 -624.089499
4.500000 1.992007 29.132334 -1392.580367 -627.649670
4.550000 2.027671 28.491941 -1425.624948 -646.999425
4.600000 1.992549 28.283507 -1428.535685 -663.396797
4.650000 2.015431 29.543243 -1375.258970 -601.333488
4.700000 1.984423 28.585221 -1417.665100 -655.646736
4.750000 2.031521 28.465747 -1423.181413 -643.077271
4.800000 1.952104 28.464178 -1423.209131 -673.601354
4.850000 1.977955 29.784827 -1363.471658 -603.936829
4.900000 2.008510 29.430648 -1380.831513 -609.563649
4.950000 1.990373 28.370946 -1428.736828 -664.433409
5.000000 1.985904 29.165987 -1392.227781 -629.640680
5.050000 2.030974 28.373166 -1429.665834 -649.771665
5.100000 2.011336 28.206195 -1436.250378 -663.897231
5.150000 1.988994 28.333904 -1429.130773 -665.356953
5.200000 2.041589 27.935957 -1449.774146 -665.803904
5.250000 2.005780 29.270894 -1385.762198 -615.542544
5.300000 1.989976 29.810150 -1362.832570 -598.681844
5.350000 2.024137 29.177865 -1386.971575 -609.703087
5.400000 1.982472 28.750100 -1411.682927 -650.413704
5.450000 2.019237 28.124808 -1438.090699 -662.703732
5.500000 2.029432 27.914904 -1446.722095 -667.420287
5.550000 1.971580 29.915786 -1352.040156 -594.953460
5.600000 1.987881 29.536871 -1375.523913 -612.177584
5.650000 2.025863 29.097583 -1398.689282 -620.758071
5.700000 1.986990 28.186248 -1433.600981 -670.596893
5.750000 2.001160 29.059620 -1397.025387 -628.579970
5.800000 2.019468 28.483961 -1421.271670 -645.795829
5.850000 1.974643 28.180899 -1433.915843 -675.652822
5.900000 2.035736 29.728632 -1368.237939 -586.515242
5.950000 1.979083 28.873808 -1403.014498 -643.046560
6.000000 2.018326 29.006712 -1396.080336 -621.043108
6.050000 1.987417 29.416743 -1379.822414 -616.654120
6.100000 2.024166 27.919017 -1447.751803 -670.472182
6.150000 2.009579 28.744305 -1410.081720 -638.403349
6.200000 1.945875 28.820640 -1405.109166 -657.893177
6.250000 1.975279 28.903838 -1403.665705 -645.158454
6.300000 1.993583 28.280100 -1433.883568 -668.347749
6.350000 2.007563 29.417698 -1381.867238 -610.963168
6.400000 1.989674 30.232537 -1344.570302 -580.535332
6.450000 1.993075 28.555842 -1417.261203 -651.920548
6.500000 2.007631 27.578291 -1464.472031 -693.541720
6.550000 1.993494 28.606617 -1419.025321 -653.523522
6.600000 1.990998 29.854675 -1361.165435 -596.622079
6.650000 2.020639 28.093661 -1442.036123 -666.110867
6.700000 1.997105 27.634477 -1461.288055 -694.399734
6.750000 1.998976 28.837198 -1406.179779 -638.573022
6.800000 1.988162 30.196518 -1345.615291 -582.160971
6.850000 1.989406 28.632089 -1416.469597 -652.537559
6.900000 1.987859 28.454070 -1423.576300 -660.238297
6.950000 2.001433 28.189309 -1438.143401 -669.593230
7.000000 1.984536 29.304184 -1384.545680 -622.483731
7.050000 1.997406 28.961437 -1402.850738 -635.846863
7.100000 1.988231 28.986059 -1400.137966 -636.657184
7.150000 2.019513 29.116510 -1395.017036 -619.524137
7.200000 1.955434 27.786473 -1453.579745 -702.693011
7.250000 1.991313 28.725702 -1413.375153 -648.710784
7.300000 2.008011 28.477173 -1420.369468 -649.293380
7.350000 2.000124 28.891618 -1405.075028 -637.027453
7.400000 2.021366 29.285843 -1388.652034 -612.447366
7.450000 2.046273 28.636089 -1419.314016 -633.545061
7.500000 2.008403 18.697460 -1469.279291 -698.052487
7.550000 2.013245 18.344548 -1491.988236 -718.902236
7.600000 2.007619 17.346484 -1537.593863 -766.668100
7.650000 1.984956 17.567490 -1526.368061 -764.144941
7.700000 1.965339 17.844161 -1508.791688 -754.101669
7.750000 2.003176 18.233836 -1496.706854 -727.487271
7.800000 2.002262 16.629184 -1570.701096 -801.832536
7.850000 1.992187 17.181055 -1543.775547 -778.775650
7.900000 1.980742 17.712297 -1518.629989 -758.024944
7.950000 2.005132 17.867706 -1513.907608 -743.936849
8.000000 2.004671 17.498963 -1530.072685 -760.279061
8.050000 2.007647 16.770250 -1562.450812 -791.514185
8.100000 1.945243 17.208244 -1540.082393 -793.108946
8.150000 2.011114 18.233497 -1494.818636 -722.550770
8.200000 2.005549 18.320134 -1486.152556 -716.021596
8.250000 1.973759 18.258561 -1491.296466 -733.373121
8.300000 2.000653 18.604199 -1477.599836 -709.349159
8.350000 2.002343 18.236874 -1493.965806 -725.066017
8.400000 2.012587 17.106627 -1550.206884 -777.373421
8.450000 1.985474 16.441304 -1578.619577 -816.197537
8.500000 2.001557 16.784672 -1564.702721 -796.104885
8.550000 2.006596 17.369108 -1536.558363 -766.025397
8.600000 2.006928 17.863605 -1516.616798 -745.956558
8.650000 2.007159 18.084994 -1505.231664 -734.482626
8.700000 1.987531 16.158147 -1594.902155 -831.690162
8.750000 2.003242 18.155885 -1494.405710 -725.160781
8.800000 1.994891 17.192618 -1542.027247 -775.989126
8.850000 1.970103 18.496549 -1479.230454 -722.710728
8.900000 1.993633 19.327674 -1443.474353 -677.919344
8.950000 1.996888 18.435417 -1482.650463 -715.845457
9.000000 1.988298 18.921248 -1462.909827 -699.403312
9.050000 1.997803 17.655988 -1526.617913 -759.461473
9.100000 2.015352 17.619915 -1522.996224 -749.100989
9.150000 2.024329 18.156095 -1496.620223 -719.277740
9.200000 2.023060 16.325698 -1584.531607 -807.676700
9.250000 1.988748 17.619647 -1529.540872 -765.861711
9.300000 2.014133 17.458261 -1534.928980 -761.502027
9.350000 1.989691 19.197494 -1449.858443 -685.817201
9.400000 2.018257 18.035661 -1506.988912 -731.978144
9.450000 2.003765 16.357978 -1580.651115 -811.205256
9.500000 1.992956 17.524666 -1524.426598 -759.131524
9.550000 1.996225 18.877196 -1463.652741 -697.102416
9.600000 2.017390 18.012691 -1509.296955 -734.619203
9.650000 2.008669 18.054965 -1501.333968 -730.005099
9.700000 2.017460 16.711432 -1570.422982 -795.718400
9.750000 1.999313 18.457741 -1482.036166 -714.299919
9.800000 2.013657 17.647275 -1519.739117 -746.494813
9.850000 2.006778 18.496788 -1482.805606 -712.202704
9.900000 1.973619 18.023493 -1501.561891 -743.692144
9.950000 2.009856 16.821380 -1560.451159 -788.666577
10.000000 2.006820 17.658737 -1521.445076 -750.826156
10.050000 2.026281 17.423920 -1534.841828 -756.750024
10.100000 1.968040 17.803087 -1511.940765 -756.213223
10.150000 1.995767 17.270042 -1543.891641 -777.517233
10.200000 2.006266 17.891124 -1512.281100 -741.874819
10.250000 1.994636 17.130985 -1546.998129 -781.058045
10.300000 1.974843 17.567383 -1523.672534 -765.332631
10.350000 2.008180 18.391304 -1488.141736 -717.000594
10.400000 1.985457 18.499464 -1482.614987 -720.199397
10.450000 2.012743 17.346182 -1540.044466 -767.151229
10.500000 2.010184 17.296342 -1538.554077 -766.643342
10.550000 1.960330 16.683827 -1564.590106 -811.823298
10.600000 1.995914 17.790483 -1516.090605 -749.659761
10.650000 1.967104 16.731411 -1559.090503 -803.722486
10.700000 1.961221 17.108097 -1548.604181 -795.495419
10.750000 1.985834 16.939362 -1555.238681 -792.678472
10.800000 2.000709 18.104888 -1504.007216 -735.734785
10.850000 2.009968 17.134446 -1552.528060 -780.700394
10.900000 2.006743 18.207889 -1498.317226 -727.727776
10.950000 2.021435 17.827017 -1517.343203 -741.112231
11.000000 2.015395 17.968458 -1503.595902 -729.684186
11.050000 2.004291 18.162191 -1497.598858 -727.951172
11.100000 2.020338 17.222991 -1542.678098 -766.868268
11.150000 1.989622 17.654038 -1520.213810 -756.198998
11.200000 1.992076 17.886464 -1514.938189 -749.981137
11.250000 2.013575 19.061629 -1459.714223 -686.501312
11.300000 2.008437 19.004111 -1460.999088 -689.759107
11.350000 2.016347 17.129610 -1551.053934 -776.776872
11.400000 1.996581 17.508866 -1527.204267 -760.517182
11.450000 2.009054 18.520722 -1481.594677 -710.117995
11.500000 2.011636 17.232207 -1545.779151 -773.311039
11.550000 1.949943 18.992620 -1457.248573 -708.470373
11.600000 2.022165 18.595964 -1480.034218 -703.522838
11.650000 2.008059 17.423677 -1530.443133 -759.348441
11.700000 1.983267 18.305026 -1488.363694 -726.789291
11.750000 2.001535 18.059143 -1504.830220 -736.240897
11.800000 1.989928 18.678345 -1471.755554 -707.623361
11.850000 2.018452 18.000622 -1505.714419 -730.628833
11.900000 2.032419 16.023462 -1597.021194 -816.572352
11.950000 1.966325 15.641395 -1613.111086 -858.042431
12.000000 2.007385 18.577295 -1473.352216 -702.516322
12.050000 1.989882 17.908113 -1509.089406 -744.974549
12.100000 2.023840 18.954410 -1460.873291 -683.718551
12.150000 2.009536 17.803681 -1518.190154 -746.528325
12.200000 2.001303 16.636325 -1570.927910 -802.427484
12.250000 1.985984 17.730736 -1515.777989 -753.160191
12.300000 1.989191 17.570878 -1523.055786 -759.206365
12.350000 1.991248 17.856955 -1506.806545 -742.167203
12.400000 2.026634 17.495988 -1530.855245 -752.627785
12.450000 1.977464 17.673588 -1520.775319 -761.429193
12.500000 1.988798 17.899669 -1506.457188 -742.758943
12.550000 1.982374 18.035004 -1505.125186 -743.893505
12.600000 1.982058 17.963735 -1509.626855 -748.516645
12.650000 2.023630 18.486028 -1486.830117 -709.756094
12.700000 2.041330 17.343879 -1538.988793 -755.117991
12.750000 1.988135 17.141837 -1543.972430 -780.528548
12.800000 1.972511 18.835413 -1462.458182 -705.013872
12.850000 1.976307 18.348905 -1491.506082 -732.604384
12.900000 2.013496 18.126837 -1502.814471 -729.631954
12.950000 1.975100 18.084562 -1502.524061 -744.085478
13.000000 2.000786 17.618271 -1526.827287 -758.525428
13.050000 1.987250 17.956483 -1506.003359 -742.899405
13.100000 1.978911 17.020581 -1547.409131 -787.507269
13.150000 2.010316 16.377335 -1582.439338 -810.478135
13.200000 1.981190 17.776968 -1515.093861 -754.316923
13.250000 1.998028 17.966626 -1507.942057 -740.699412
13.300000 2.005422 17.915195 -1511.951330 -741.869190
13.350000 2.009038 18.659074 -1477.981476 -706.510929
13.400000 2.013758 17.312718 -1536.006862 -762.723876
13.450000 1.975077 16.619738 -1569.062450 -810.632740
13.500000 1.994842 16.851600 -1559.388602 -793.369236
13.550000 2.034897 17.696523 -1518.957374 -737.556924
13.600000 1.971180 18.902489 -1458.315132 -701.381895
13.650000 2.004208 17.094498 -1553.210082 -783.594120
13.700000 1.987502 16.825879 -1559.376245 -796.175297
13.750000 1.956844 18.383545 -1486.968663 -735.540453
13.800000 2.007076 18.118887 -1506.274168 -735.557084
13.850000 2.043103 18.455049 -1490.190554 -705.638814
13.900000 1.980199 17.250243 -1539.103978 -778.707440
13.950000 2.021643 16.945712 -1556.928652 -780.617728
14.000000 1.965760 16.214308 -1585.275149 -830.423397
14.050000 2.004016 17.656033 -1522.157353 -752.615222
14.100000 1.991396 17.027847 -1556.584567 -791.888678
14.150000 2.033945 17.172287 -1548.922068 -767.887350
14.200000 2.018418 16.947506 -1557.136774 -782.064432
14.250000 2.010526 17.589751 -1524.542666 -752.500756
14.300000 1.982807 16.962106 -1553.165204 -791.767202
14.350000 2.017234 18.458618 -1484.957330 -710.339329
14.400000 2.017264 16.883482 -1560.614900 -785.985675
14.450000 1.979664 17.037075 -1546.107167 -785.916222
14.500000 1.976103 18.061679 -1500.827794 -742.004381
14.550000 1.992379 17.609996 -1522.733890 -757.660371
14.600000 1.984418 18.231920 -1492.842968 -730.826619
14.650000 2.024518 17.757648 -1518.298011 -740.882958
14.700000 1.982177 18.107179 -1501.671459 -740.515550
14.750000 2.014798 18.213097 -1498.967982 -725.285727
14.800000 1.992221 17.665526 -1524.279045 -759.266001
14.850000 2.006559 18.357991 -1492.106571 -721.587983
14.900000 1.996897 17.106339 -1544.709044 -777.900507
14.950000 1.973311 16.706270 -1565.213671 -807.462347
15.000000 2.002663 15.476666 -1276.350477 -507.327802
15.050000 2.013190 14.377212 -1331.984274 -558.919209
15.100000 1.985765 15.643633 -1273.188999 -510.655178
15.150000 1.990235 15.959598 -1254.778213 -490.528043
15.200000 2.009032 15.150182 -1298.566990 -527.098682
15.250000 1.977418 15.160297 -1293.207724 -533.879179
15.300000 2.013949 16.153445 -1244.571686 -471.215241
15.350000 2.061807 15.268736 -1292.540977 -500.807100
15.400000 2.001617 13.235352 -1393.463644 -624.842604
15.450000 1.969955 14.824823 -1308.466243 -552.003331
15.500000 1.996715 16.025848 -1251.783431 -485.044776
15.550000 2.010826 14.865255 -1316.002886 -543.845819
15.600000 1.997757 15.302989 -1290.981432 -523.842610
15.650000 2.001619 14.762231 -1323.065579 -554.443976
15.700000 2.016381 15.342491 -1292.955596 -518.665423
15.750000 2.016390 14.889455 -1313.216820 -538.923186
15.800000 2.022226 15.045509 -1304.247118 -527.712167
15.850000 1.965510 15.624219 -1270.927262 -516.171583
15.900000 2.012844 14.933323 -1310.604940 -537.672942
15.950000 2.010606 15.472713 -1278.171626 -506.099110
16.000000 1.996016 16.446791 -1232.491947 -466.021772
16.050000 2.005158 15.513681 -1279.461694 -509.480983
16.100000 2.016313 15.391794 -1279.711360 -505.447277
16.150000 1.990974 14.725481 -1314.852626 -550.318424
16.200000 2.007589 15.012102 -1304.660927 -533.746741
16.250000 2.002793 14.816467 -1316.147169 -547.074521
16.300000 2.003460 15.004395 -1308.443856 -539.115272
16.350000 2.031303 14.576708 -1328.220801 -548.200608
16.400000 2.011926 15.086861 -1293.657681 -521.078229
16.450000 1.999288 14.948035 -1306.396829 -538.670218
16.500000 1.992496 16.042442 -1249.599179 -484.480617
16.550000 2.030869 15.458999 -1277.498810 -497.645009
16.600000 2.005748 14.844214 -1304.727633 -534.520248
16.650000 1.978150 15.335739 -1279.981998 -520.372572
16.700000 2.004490 14.838191 -1314.580715 -544.856643
16.750000 2.029960 15.368076 -1280.931242 -501.426682
16.800000 1.990850 14.390882 -1333.437047 -568.950642
16.850000 2.002504 14.741779 -1322.817934 -553.856423
16.900000 1.977809 15.499877 -1282.685768 -523.207153
16.950000 2.010281 16.081643 -1250.480169 -478.532203
17.000000 1.978287 15.172412 -1297.181414 -537.519219
17.050000 2.032737 15.331041 -1287.127457 -506.556432
17.100000 2.009220 14.560170 -1328.669544 -557.128992
17.150000 1.996624 14.844006 -1312.451517 -545.748030
17.200000 1.996826 15.089685 -1291.334458 -524.553342
17.250000 1.984954 14.730671 -1318.157999 -555.935609
17.300000 2.000645 15.903025 -1260.727913 -492.480262
17.350000 1.987726 15.416231 -1274.796474 -511.509838
17.400000 2.005285 15.609793 -1263.569287 -493.539924
17.450000 1.999906 15.852247 -1254.892294 -486.928333
17.500000 1.987005 15.695180 -1266.521125 -503.511022
17.550000 2.010104 16.154738 -1247.582537 -475.702709
17.600000 2.019442 15.786865 -1262.076053 -486.610481
17.650000 1.999853 15.560404 -1275.230607 -507.287032
17.700000 2.015748 15.454767 -1279.810741 -505.763670
17.750000 2.013889 15.549132 -1275.890047 -502.556576
17.800000 2.003279 14.589120 -1321.090741 -551.831765
17.850000 1.973886 14.906679 -1303.693220 -545.721069
17.900000 2.000693 14.803947 -1313.265271 -544.999148
17.950000 1.982884 17.011040 -1203.076554 -441.649002
18.000000 2.042458 15.160413 -1301.193338 -516.889504
18.050000 2.001141 15.302139 -1282.800295 -514.362175
18.100000 2.026103 14.372405 -1331.558866 -553.535185
18.150000 1.993728 14.287013 -1343.543387 -577.951669
18.200000 1.980229 15.078658 -1302.877319 -542.469416
18.250000 2.036706 15.069824 -1307.182117 -525.087174
18.300000 2.003160 15.560320 -1274.958672 -505.745412
18.350000 1.975772 14.679270 -1314.268541 -555.572079
18.400000 1.983492 14.598287 -1320.510436 -558.849461
18.450000 2.013649 14.626842 -1322.250232 -549.008886
18.500000 2.004378 14.877494 -1308.982642 -539.301523
18.550000 1.994066 15.192295 -1294.932278 -529.210854
18.600000 1.966525 15.997187 -1255.933694 -500.788174
18.650000 2.012558 15.328892 -1289.669852 -516.847507
18.700000 1.986233 14.896377 -1309.599893 -546.886458
18.750000 1.998163 14.630408 -1318.906087 -551.611457
18.800000 1.992062 15.607302 -1273.754914 -508.803137
18.850000 2.030574 15.123043 -1302.223489 -522.482914
18.900000 1.985604 13.933207 -1358.207173 -595.735273
18.950000 2.001424 14.824675 -1308.948666 -540.402028
19.000000 2.018167 15.518807 -1275.738597 -500.762473
19.050000 1.975614 13.758034 -1368.217718 -609.581792
19.100000 2.008830 14.079427 -1349.320970 -577.930437
19.150000 2.007235 14.462052 -1331.788119 -561.009700
19.200000 2.009310 14.952555 -1305.436589 -533.861513
19.250000 1.972962 15.079684 -1295.831031 -538.213635
19.300000 1.999886 15.144786 -1294.196167 -526.239790
19.350000 1.995102 15.373138 -1285.905710 -519.786413
19.400000 2.011488 15.149605 -1301.039660 -528.628369
19.450000 1.987578 15.961352 -1257.961481 -494.731677
19.500000 2.003498 14.806343 -1321.181656 -551.838581
19.550000 1.994589 16.045332 -1248.188278 -482.265934
19.600000 2.013153 15.390741 -1285.371305 -512.320388
19.650000 1.997029 16.396939 -1233.036760 -466.177726
19.700000 1.984678 15.072376 -1303.769409 -541.652978
19.750000 2.013336 14.332939 -1341.103618 -567.982418
19.800000 1.995711 15.345819 -1285.684031 -519.331173
19.850000 1.999755 15.265574 -1293.162393 -525.256644
19.900000 2.025976 14.716907 -1318.055558 -540.080739
19.950000 1.993393 14.683862 -1317.062607 -551.599744
20.000000 2.004588 14.870138 -1305.696663 -535.935051
20.050000 1.979220 14.607134 -1319.318050 -559.297575
20.100000 1.990881 15.701154 -1269.247810 -504.749684
20.150000 2.010905 14.407410 -1335.034163 -562.846515
20.200000 1.992799 15.127222 -1294.604930 -529.370146
20.250000 1.982118 14.620466 -1320.167410 -559.034261
20.300000 1.986823 15.178790 -1294.644160 -531.704222
20.350000 2.002546 14.446032 -1329.936825 -560.958975
20.400000 1.976635 14.510161 -1323.451283 -564.423550
20.450000 1.986762 16.551245 -1224.448519 -461.531927
20.500000 1.991303 15.841887 -1263.504458 -498.844227
20.550000 2.016621 14.529363 -1333.620029 -559.237638
20.600000 1.999241 14.707990 -1318.486602 -550.778170
20.650000 2.008420 14.552830 -1324.673431 -553.440251
20.700000 2.022165 16.318396 -1226.981348 -450.470145
20.750000 1.984371 14.772415 -1308.736377 -546.737836
20.800000 2.009870 14.051876 -1348.291264 -576.501369
20.850000 1.978977 13.820717 -1362.001392 -602.074331
20.900000 1.976163 14.472694 -1336.175947 -577.329450
20.950000 2.001029 16.583636 -1226.767310 -458.372015
21.000000 2.016794 16.193035 -1247.040146 -472.591428
21.050000 1.979115 15.020076 -1304.949111 -544.968897
21.100000 2.026311 14.752365 -1321.627514 -543.524255
21.150000 1.997910 14.320119 -1336.307290 -569.109686
21.200000 1.995969 15.839947 -1254.434595 -487.982641
21.250000 2.033508 15.343226 -1284.583787 -503.716823
21.300000 2.007588 14.813060 -1314.218521 -543.304744
21.350000 2.000538 15.343673 -1283.650953 -515.444229
21.400000 1.992514 15.970127 -1257.828689 -492.703238
21.450000 2.021460 15.260870 -1295.829409 -519.588593
21.500000 1.981831 14.024238 -1356.864287 -595.841038
21.550000 1.993796 14.662929 -1320.277630 -554.660088
21.600000 2.020604 14.686370 -1319.311836 -543.400046
21.650000 2.012419 14.365256 -1337.692260 -564.923175
21.700000 1.960688 14.646856 -1318.207399 -565.303160
21.750000 1.985199 16.747949 -1209.122996 -446.806605
21.800000 2.010948 15.284947 -1291.689899 -519.485984
21.850000 2.036772 14.784577 -1313.316891 -531.196301
21.900000 1.990847 14.681026 -1315.386908 -550.901797
21.950000 1.992710 15.377176 -1282.419768 -517.219120
22.000000 2.024799 15.751684 -1269.991448 -492.468742
22.050000 2.011483 15.093276 -1301.099445 -528.690003
22.100000 2.014558 14.511911 -1329.145784 -555.555425
22.150000 1.985349 14.075257 -1347.232598 -584.858665
22.200000 2.028680 14.488601 -1326.922165 -547.908942
22.250000 2.022329 14.224785 -1339.581246 -563.007035
22.300000 1.966005 14.518470 -1322.017879 -567.072025
22.350000 1.989460 15.614759 -1270.024898 -506.072175
22.400000 2.005988 15.336933 -1292.616392 -522.317102
22.450000 2.035882 15.625621 -1273.087096 -491.308484
22.500000 2.027020 8.697291 -1310.313928 -531.938100
22.550000 2.005691 8.299828 -1328.239553 -558.054332
22.600000 1.982283 8.859132 -1303.675462 -542.478813
22.650000 1.996687 10.054051 -1248.069343 -481.341541
22.700000 2.015027 9.357127 -1284.460382 -510.689867
22.750000 1.999137 9.636677 -1262.200004 -494.531409
22.800000 1.997753 8.906962 -1305.378288 -538.241077
22.850000 2.007421 10.115257 -1238.164380 -467.314710
22.900000 2.011852 8.362090 -1332.641741 -560.090679
22.950000 1.992099 9.143829 -1278.090575 -513.124546
23.000000 2.010084 9.149493 -1283.877702 -512.005364
23.050000 2.001378 8.823592 -1298.653961 -530.124883
23.100000 1.993974 10.054457 -1234.046101 -468.360221
23.150000 2.012400 9.464593 -1273.788495 -501.026930
23.200000 2.009289 9.316186 -1283.458323 -511.891418
23.250000 1.975173 9.267574 -1281.923939 -523.457597
23.300000 2.007248 8.824632 -1305.776837 -534.993553
23.350000 1.991429 8.874531 -1299.202847 -534.494264
23.400000 2.004480 8.780053 -1305.659429 -535.939128
23.450000 1.971740 8.737232 -1304.391028 -547.242753
23.500000 2.004938 8.178874 -1333.924920 -564.028702
23.550000 1.983184 8.528538 -1312.142144 -550.599403
23.600000 2.001393 9.331760 -1273.583150 -505.048207
23.650000 1.998008 8.859313 -1301.681398 -534.446271
23.700000 2.016203 8.456030 -1324.234036 -550.012252
23.750000 1.999180 8.798256 -1304.492450 -536.807470
23.800000 1.996922 8.617747 -1318.075508 -551.257297
23.850000 2.012583 8.055271 -1344.017401 -571.185601
23.900000 2.000508 7.617557 -1364.328710 -596.133608
23.950000 1.973836 8.717333 -1308.210646 -550.257804
24.000000 1.995571 9.001630 -1292.585698 -526.286514
24.050000 1.994203 8.782149 -1309.804543 -544.030630
24.100000 2.012657 8.814548 -1310.262549 -537.402225
24.150000 1.999080 9.170447 -1288.616658 -520.969926
24.200000 2.008748 8.585860 -1318.341258 -546.982038
24.250000 1.965473 8.735787 -1309.659483 -554.917781
24.300000 1.995024 8.538575 -1325.955243 -559.865990
24.350000 2.008114 8.853402 -1305.488761 -534.372871
24.400000 2.012429 9.033435 -1292.855795 -520.083228
24.450000 1.948299 8.839483 -1303.829946 -555.683117
24.500000 2.000310 9.100267 -1288.137070 -520.017907
24.550000 1.994331 8.828274 -1293.506730 -527.683499
24.600000 1.985231 8.252811 -1327.998039 -565.669225
24.650000 1.972147 9.097980 -1282.634952 -525.330644
24.700000 1.977681 9.448756 -1272.655231 -513.225571
24.750000 2.018972 8.865354 -1311.085632 -535.800354
24.800000 1.988827 9.226257 -1283.846373 -520.136923
24.850000 1.990078 8.515253 -1325.032852 -560.842801
24.900000 1.991096 9.176340 -1279.461098 -514.880228
24.950000 1.991732 8.061745 -1344.204414 -579.379484
25.000000 1.961280 10.094103 -1230.128606 -476.997227
25.050000 2.003115 8.606804 -1318.303080 -549.106992
25.100000 1.981983 8.437225 -1325.931308 -564.849840
25.150000 1.999359 9.016132 -1293.622267 -525.868302
25.200000 2.019898 8.774415 -1302.660587 -527.019592
25.250000 1.990528 9.119577 -1277.572588 -513.209764
25.300000 1.999341 8.359542 -1331.807230 -564.060204
25.350000 2.020243 8.909227 -1300.119468 -524.346180
25.400000 1.958783 9.374698 -1270.640240 -518.467401
25.450000 2.021756 8.563818 -1318.119142 -541.764650
25.500000 1.996600 8.791855 -1306.276080 -539.581582
25.550000 2.004274 9.271752 -1283.083002 -513.441631
25.600000 2.007968 8.756606 -1308.037655 -536.978027
25.650000 1.982725 9.545078 -1260.744827 -499.378560
25.700000 2.022318 9.681743 -1257.596313 -481.026314
25.750000 1.976772 10.511615 -1206.681865 -447.601392
25.800000 2.037719 9.493651 -1278.358467 -495.874289
25.850000 2.006997 9.082551 -1295.414670 -524.727872
25.900000 1.986095 8.476977 -1323.660875 -561.000506
25.950000 1.980574 9.060938 -1292.185819 -531.645578
26.000000 2.033645 9.166220 -1291.182599 -510.262758
26.050000 2.005487 7.722041 -1364.691181 -594.584163
26.100000 1.953962 9.058960 -1290.582142 -540.260925
26.150000 2.009967 8.932505 -1299.845288 -528.017995
26.200000 1.979109 9.196456 -1282.027106 -522.049384
26.250000 1.997808 10.405859 -1216.635300 -449.477071
26.300000 2.026232 9.712011 -1260.243385 -482.170176
26.350000 1.978726 9.237358 -1284.378168 -524.547347
26.400000 2.006230 9.205010 -1287.976865 -517.584468
26.450000 2.006454 8.702538 -1310.379390 -539.901181
26.500000 2.017808 8.346090 -1326.046423 -551.208305
26.550000 1.994258 9.006469 -1287.926452 -522.131321
26.600000 2.002071 9.492702 -1262.102375 -493.307177
26.650000 1.983993 9.007132 -1294.319352 -532.466181
26.700000 2.002026 8.470350 -1327.304231 -558.526080
26.750000 2.026924 7.951011 -1356.430374 -578.091733
26.800000 1.963281 8.685577 -1308.314306 -554.414371
26.850000 1.986565 9.744553 -1249.578167 -486.737307
26.900000 2.022695 8.759928 -1310.564251 -533.849480
26.950000 1.979398 8.814296 -1300.437776 -540.348881
27.000000 1.992792 9.013236 -1296.741410 -531.509203
27.050000 1.982319 10.001355 -1241.952797 -480.742267
27.100000 2.036671 10.073369 -1237.609133 -455.527557
27.150000 2.010530 8.646505 -1313.042111 -540.998691
27.200000 2.024523 8.804073 -1308.101260 -530.684561
27.250000 1.989707 8.087318 -1346.810785 -582.763459
27.300000 2.006321 8.471854 -1328.362656 -557.935236
27.350000 2.004194 9.168233 -1283.750639 -514.140270
27.400000 2.004550 8.553510 -1320.889140 -551.141803
27.450000 1.984510 9.024968 -1300.598612 -538.546814
27.500000 1.990493 9.826329 -1256.537523 -492.188097
27.550000 2.006555 8.370472 -1332.888500 -562.371509
27.600000 1.956570 9.610155 -1252.530657 -501.207949
27.650000 2.044158 8.659308 -1318.798028 -533.841310
27.700000 1.976132 8.933297 -1298.268185 -539.433624
27.750000 1.983019 9.194647 -1290.733598 -529.254390
27.800000 1.979465 9.240951 -1282.975071 -522.860355
27.850000 1.998581 9.199406 -1285.814630 -518.359635
27.900000 1.999975 9.779658 -1259.957844 -491.967532
27.950000 1.993856 9.865716 -1252.566242 -486.925481
28.000000 1.990639 9.700666 -1260.638936 -496.233501
28.050000 1.992760 9.112492 -1304.215348 -538.995619
28.100000 2.023134 9.300094 -1287.805576 -510.921986
28.150000 1.970150 8.819683 -1310.200586 -553.663052
28.200000 2.005871 9.708630 -1257.567414 -487.312865
28.250000 2.019911 9.046243 -1292.556962 -516.911171
28.300000 1.962872 9.855187 -1239.946799 -486.203794
28.350000 1.995617 8.761276 -1308.037665 -541.720670
28.400000 2.036682 9.415493 -1277.223872 -495.137969
28.450000 1.969316 9.213718 -1286.858547 -530.641291
28.500000 1.990485 9.747232 -1254.049741 -489.703678
28.550000 2.020476 8.560893 -1323.491824 -547.629144
28.600000 2.002153 8.885633 -1300.746183 -531.919276
28.650000 2.002271 8.320390 -1329.713770 -560.841743
28.700000 1.984142 9.703561 -1251.495154 -489.584533
28.750000 2.002677 8.816730 -1305.379796 -536.351966
28.800000 2.031017 8.403834 -1334.711637 -554.801226
28.850000 1.985529 9.053461 -1293.356462 -530.913288
28.900000 2.011756 9.426394 -1267.867471 -495.352984
28.950000 1.983921 9.377451 -1272.936623 -511.110860
29.000000 2.021103 8.784248 -1305.291851 -529.188283
29.050000 1.994843 8.882118 -1302.133815 -536.114246
29.100000 2.016812 8.933834 -1301.311560 -526.855601
29.150000 2.007771 8.126020 -1343.312258 -572.328361
29.200000 2.016493 9.588071 -1259.132988 -484.799613
29.250000 1.990145 9.339966 -1276.089426 -511.873609
29.300000 2.007855 8.289274 -1334.356091 -563.339956
29.350000 2.012279 8.526647 -1324.064578 -551.349365
29.400000 1.993388 9.512092 -1267.707979 -502.247005
29.450000 2.013895 9.636760 -1261.951150 -488.615318
29.500000 1.985748 9.628049 -1260.754570 -498.227236
29.550000 2.011155 8.669534 -1324.198215 -551.914606
29.600000 1.993090 8.806373 -1313.266337 -547.919725
29.650000 2.005790 8.949425 -1298.363502 -528.140295
29.700000 2.000028 9.518628 -1265.612730 -497.601789
29.750000 1.989841 10.487491 -1216.974316 -452.875256
29.800000 1.991843 8.954221 -1307.291902 -542.424251
29.850000 2.016598 9.044765 -1300.118373 -525.744879
29.900000 2.019528 9.289851 -1276.444200 -500.945477
29.950000 1.986956 8.727162 -1305.648053 -542.657120
30.000000 2.007535 4.986926 -1248.855348 -477.961838
30.050000 1.994745 5.096404 -1234.835840 -468.853657
30.100000 1.992974 4.942779 -1242.578205 -477.276329
30.150000 2.003724 4.804426 -1251.553089 -482.122937
30.200000 1.988601 5.223158 -1226.835549 -463.212626
30.250000 1.994884 5.752679 -1200.809951 -434.774659
30.300000 1.990827 5.212852 -1227.242117 -462.764443
30.350000 2.029910 5.019500 -1235.915079 -456.429514
30.400000 2.005342 4.597700 -1254.615227 -484.563711
30.450000 1.997057 4.802797 -1246.636745 -479.767035
30.500000 1.991412 5.514027 -1204.267563 -439.565440
30.550000 2.007697 5.213568 -1223.341335 -452.385797
30.600000 1.997772 4.809607 -1244.993779 -477.849509
30.650000 2.009387 4.607477 -1260.913182 -489.308754
30.700000 1.973519 5.617520 -1206.338467 -448.507361
30.750000 2.024329 5.961519 -1189.858471 -412.515976
30.800000 1.996426 5.786088 -1189.858465 -423.230913
30.850000 2.017914 5.470492 -1204.873907 -429.995015
30.900000 2.009937 4.449960 -1263.327480 -491.511716
30.950000 1.980738 4.839156 -1238.811018 -478.207776
31.000000 1.976135 4.807656 -1245.831857 -486.996087
31.050000 1.996016 5.183459 -1221.222107 -454.751905
31.100000 2.007392 5.120453 -1225.137481 -454.299114
31.150000 1.999655 5.458683 -1202.839717 -434.972214
31.200000 2.013931 4.803565 -1245.305422 -471.956065
31.250000 1.996325 5.017085 -1226.548406 -459.959508
31.300000 1.988920 4.685922 -1252.033147 -488.287890
31.350000 2.004230 5.074150 -1225.356506 -455.732327
31.400000 1.996448 5.069489 -1223.317579 -456.681438
31.450000 2.005602 4.584817 -1262.299549 -492.148264
31.500000 2.003178 5.104165 -1231.944454 -462.724249
31.550000 1.972320 5.323836 -1218.079247 -460.708247
31.600000 2.025627 5.351174 -1217.367082 -439.526437
31.650000 1.994834 4.903771 -1234.327611 -468.311266
31.700000 1.982903 4.515913 -1247.681760 -486.246860
31.750000 1.994661 4.205001 -1272.482805 -506.532807
31.800000 1.988932 4.648556 -1244.976896 -481.227142
31.850000 2.001356 4.903852 -1235.896712 -467.376113
31.900000 2.000409 5.474278 -1203.484511 -435.327289
31.950000 1.991102 4.906102 -1233.484908 -468.901877
32.000000 1.995711 4.803547 -1238.451737 -472.098732
32.050000 2.002264 5.029621 -1218.343399 -449.474155
32.100000 1.998642 4.969449 -1228.534543 -461.056111
32.150000 2.006557 5.687691 -1188.971737 -418.454036
32.200000 2.009543 4.911668 -1237.030139 -465.365446
32.250000 2.021239 5.055002 -1229.386472 -453.230841
32.300000 1.979473 5.751484 -1188.979206 -428.861560
32.350000 2.010127 4.835054 -1253.999945 -482.111114
32.400000 1.992464 5.081255 -1234.650475 -469.544279
32.450000 1.993956 5.106002 -1232.012296 -466.333060
32.500000 2.011343 5.432766 -1214.358461 -442.002569
32.550000 1.993538 5.395961 -1215.480907 -449.962381
32.600000 1.996374 5.606153 -1202.679757 -436.072271
32.650000 2.003728 5.637794 -1197.788663 -428.357125
32.700000 2.004166 5.258728 -1220.781516 -451.181733
32.750000 1.995151 5.322038 -1217.831892 -451.693754
32.800000 1.987837 5.176478 -1222.615776 -459.286273
32.850000 1.994547 5.899828 -1169.686621 -403.780606
32.900000 1.978472 5.664262 -1198.197181 -438.464028
32.950000 2.026386 5.433504 -1218.361445 -440.229403
33.000000 1.990716 5.533998 -1198.160795 -433.725777
33.050000 1.984966 5.981538 -1175.000740 -412.773919
33.100000 1.998163 4.935462 -1245.931060 -478.636601
33.150000 1.995803 5.066584 -1233.061819 -466.673379
33.200000 2.013790 5.033155 -1228.251913 -454.956379
33.250000 1.997261 5.089780 -1224.868668 -457.920386
33.300000 1.988714 4.865260 -1236.906872 -473.240887
33.350000 1.997398 4.524986 -1259.050056 -492.049163
33.400000 1.994859 5.494859 -1203.413166 -437.387170
33.450000 1.985181 5.350879 -1220.368943 -458.059341
33.500000 1.997586 5.386226 -1220.007975 -452.934826
33.550000 1.992400 5.101911 -1230.766250 -465.684695
33.600000 1.999303 5.124440 -1228.271567 -460.539332
33.650000 1.996611 5.972425 -1178.015018 -411.316529
33.700000 2.014678 5.773925 -1190.280230 -416.643748
33.750000 2.009735 4.648636 -1258.307768 -486.569692
33.800000 1.993675 5.128832 -1225.874216 -460.302971
33.850000 1.991096 5.956995 -1174.747454 -410.166538
33.900000 2.013627 5.402188 -1212.026127 -438.793220
33.950000 1.991661 5.178465 -1226.780584 -461.982666
34.000000 2.002001 4.808680 -1248.294799 -479.526526
34.050000 1.996188 5.284951 -1213.563951 -447.027835
34.100000 1.979841 5.509209 -1202.276823 -442.017853
34.150000 2.015093 5.339018 -1212.597022 -438.801333
34.200000 2.008695 5.346282 -1214.048169 -442.709383
34.250000 1.991770 5.927129 -1179.612790 -414.773145
34.300000 2.002479 5.845558 -1187.700642 -418.748852
34.350000 1.992838 5.108712 -1228.741537 -463.491822
34.400000 2.006449 5.085224 -1228.328137 -457.851893
34.450000 1.978578 5.327092 -1218.496073 -458.722312
34.500000 1.995050 5.653986 -1207.969824 -441.870480
34.550000 2.000979 5.811049 -1204.816471 -436.440531
34.600000 2.013506 6.293285 -1171.432267 -398.245937
34.650000 2.006110 5.699309 -1199.728962 -429.382680
34.700000 1.998798 4.786393 -1250.265010 -482.726692
34.750000 1.994155 4.691244 -1252.314971 -486.559332
34.800000 1.986593 5.285481 -1221.001169 -458.149344
34.850000 2.008423 5.357691 -1215.159786 -443.925516
34.900000 2.002450 4.991027 -1234.189669 -465.248744
34.950000 1.985337 5.302266 -1213.450961 -451.081398
35.000000 2.005935 6.049926 -1163.945542 -393.666598
35.050000 2.011395 5.358763 -1207.697322 -435.321725
35.100000 1.994208 5.272440 -1211.221361 -445.445393
35.150000 1.991686 5.389184 -1207.613393 -442.805820
35.200000 1.988103 5.918741 -1176.295953 -412.864536
35.250000 2.008320 5.885006 -1183.228650 -412.033745
35.300000 2.020057 5.651535 -1201.934150 -426.232120
35.350000 2.000570 5.278859 -1222.684950 -454.466138
35.400000 1.982748 5.606846 -1208.096973 -446.721604
35.450000 1.976081 6.422252 -1158.119606 -399.304400
35.500000 2.026805 5.834988 -1189.349199 -411.055958
35.550000 1.989483 4.931017 -1236.825309 -472.863879
35.600000 2.002591 5.439911 -1202.773636 -433.778837
35.650000 1.992373 5.751835 -1182.110318 -417.039066
35.700000 1.985085 5.401730 -1207.025277 -444.752716
35.750000 1.998372 5.427692 -1208.467059 -441.092224
35.800000 1.991157 5.997860 -1163.885729 -399.281442
35.850000 1.999558 4.671817 -1249.710649 -481.880342
35.900000 2.003871 5.118207 -1221.020090 -451.533810
35.950000 2.014156 4.696221 -1244.715253 -471.279338
36.000000 1.983948 5.473217 -1196.812157 -434.976025
36.050000 2.020524 5.364352 -1213.104409 -437.223362
36.100000 1.973739 5.681888 -1199.941171 -442.025391
36.150000 2.023119 5.710604 -1205.388676 -428.511006
36.200000 2.003130 4.911762 -1250.163358 -480.961627
36.250000 2.008569 5.450244 -1218.754465 -447.463900
36.300000 2.002118 4.703957 -1274.141092 -505.327955
36.350000 1.983742 5.678062 -1208.826076 -447.069213
36.400000 1.995313 5.084306 -1237.252953 -471.052739
36.450000 2.035775 4.789450 -1251.574293 -469.836534
36.500000 1.959354 5.412478 -1207.336318 -454.944446
36.550000 1.994928 5.214713 -1218.808060 -452.755795
36.600000 2.009611 5.167756 -1217.491979 -445.801322
36.650000 2.001156 4.277968 -1277.150132 -508.706106
36.700000 1.983533 4.414616 -1271.703701 -510.027197
36.750000 1.978792 5.459736 -1213.310035 -453.454001
36.800000 2.005968 5.637657 -1199.681203 -429.389584
36.850000 2.016243 4.480691 -1266.955118 -492.717619
36.900000 2.010115 4.075214 -1286.115776 -514.231547
36.950000 1.971799 4.917813 -1232.563963 -475.393313
37.000000 1.992479 6.619709 -1127.808120 -362.696110
37.050000 2.024620 4.736427 -1247.793035 -470.339054
37.100000 1.985465 5.136084 -1223.375454 -460.956841
37.150000 2.015289 5.121429 -1229.137974 -455.267125
37.200000 1.984875 5.619184 -1195.163855 -432.972022
37.250000 2.006604 5.261983 -1222.018594 -451.482739
37.300000 1.994853 5.716672 -1185.420516 -419.396947
37.350000 2.010469 5.118601 -1221.283138 -449.262944
37.400000 1.983474 5.187265 -1217.046442 -455.392249
37.450000 2.009450 4.781143 -1249.462901 -477.834069
37.500000 2.017517 2.975559 -1092.861527 -318.134825
37.550000 2.005726 2.635973 -1115.685802 -345.486876
37.600000 2.007306 2.797052 -1107.382181 -336.576760
37.650000 1.998001 2.866136 -1100.578677 -333.346241
37.700000 1.989967 2.932087 -1103.778592 -339.631358
37.750000 2.006336 2.741683 -1127.330147 -356.897210
37.800000 1.994447 3.367448 -1082.054334 -316.186687
37.850000 1.997613 3.256335 -1085.501126 -318.417762
37.900000 2.011702 2.536291 -1135.020137 -362.526694
37.950000 1.988328 2.862386 -1107.811130 -344.293093
38.000000 2.010605 2.478100 -1139.833185 -367.760733
38.050000 2.003352 2.609503 -1124.244190 -354.956853
38.100000 2.004478 2.528017 -1126.358840 -356.639471
38.150000 1.992519 2.729299 -1114.997367 -349.870026
38.200000 2.003465 2.525279 -1130.290139 -360.959712
38.250000 1.978115 3.164203 -1082.316742 -322.720654
38.300000 2.000936 3.008730 -1099.675199 -331.315852
38.350000 2.005928 2.604316 -1131.817664 -361.541314
38.400000 1.995346 2.938494 -1107.311623 -341.098810
38.450000 2.019602 3.122004 -1091.794110 -316.267112
38.500000 1.990403 3.719790 -1049.393522 -285.078848
38.550000 2.011789 3.292311 -1084.473962 -311.947025
38.600000 1.987462 3.293451 -1079.909448 -316.723971
38.650000 1.996236 2.781850 -1122.805392 -356.250903
38.700000 2.009085 2.993688 -1103.728999 -332.240472
38.750000 2.028616 2.709760 -1117.719141 -338.730429
38.800000 1.985256 2.275196 -1147.702449 -385.364162
38.850000 1.985055 3.467868 -1060.303637 -298.042680
38.900000 2.006062 2.677117 -1129.379261 -359.051587
38.950000 2.001214 2.912109 -1115.148935 -346.682932
39.000000 1.992527 3.189015 -1092.584930 -327.454389
39.050000 2.007180 2.370778 -1152.659731 -381.902526
39.100000 1.977230 3.520272 -1064.246417 -304.990235
39.150000 2.009289 2.945795 -1103.678192 -332.111153
39.200000 2.001180 2.941338 -1103.946417 -335.493443
39.250000 1.998856 3.088760 -1099.491008 -331.930278
39.300000 1.989614 3.260775 -1094.311479 -330.299787
39.350000 1.985034 3.424490 -1084.450190 -322.196968
39.400000 2.024755 2.773053 -1122.678571 -345.172595
39.450000 1.977341 2.767816 -1116.592488 -357.293511
39.500000 1.988030 3.394122 -1080.033762 -316.630215
39.550000 2.003946 3.562422 -1069.036619 -299.521164
39.600000 2.017002 2.878907 -1109.778407 -335.249777
39.650000 1.987476 3.199684 -1080.387817 -317.196963
39.700000 2.019899 2.953378 -1103.392346 -327.751062
39.750000 1.975508 3.255425 -1079.749000 -321.153985
39.800000 2.001310 3.200481 -1085.499124 -316.996050
39.850000 2.010692 3.214713 -1082.013094 -309.907370
39.900000 2.005914 2.899661 -1104.203889 -333.932915
39.950000 1.983738 3.436909 -1064.863751 -303.108529
40.000000 2.023108 2.854415 -1104.984030 -328.110567
40.050000 1.997540 2.601867 -1121.718273 -354.662848
40.100000 1.978834 3.761090 -1048.063095 -288.190963
40.150000 2.025129 3.404143 -1077.279507 -299.630098
40.200000 1.979637 3.011733 -1099.485652 -339.305169
40.250000 2.009415 3.241810 -1088.651873 -317.036428
40.300000 2.001024 3.344010 -1081.800957 -313.407584
40.350000 1.983007 3.432807 -1078.396398 -316.921711
40.400000 2.004528 3.373992 -1086.296194 -316.557528
40.450000 1.997814 2.902457 -1116.990403 -349.829747
40.500000 1.973503 3.655130 -1064.307807 -306.482764
40.550000 2.035403 3.069177 -1102.669498 -321.074654
40.600000 1.968922 2.746810 -1116.290755 -360.224562
40.650000 2.020085 2.770547 -1118.400458 -342.687975
40.700000 2.005817 2.886999 -1104.653632 -334.420052
40.750000 2.003247 2.842138 -1109.334640 -340.087828
40.800000 1.990346 3.216458 -1087.268984 -322.976200
40.850000 1.995231 3.675970 -1058.502505 -292.333671
40.900000 2.024603 3.697049 -1059.700061 -282.252639
40.950000 1.999816 3.424801 -1080.511022 -312.581793
41.000000 2.015034 3.466091 -1076.001536 -302.228301
41.050000 1.997423 3.141430 -1093.634281 -326.623694
41.100000 1.996403 3.675675 -1056.473570 -289.854716
41.150000 1.996890 3.591039 -1063.420599 -296.614987
41.200000 2.007074 3.722456 -1054.093147 -283.376890
41.250000 2.010167 3.066374 -1101.173623 -329.269433
41.300000 1.991546 3.436589 -1072.193308 -307.439518
41.350000 1.974913 3.177498 -1093.061158 -334.694490
41.400000 1.998432 3.555600 -1066.096647 -298.698652
41.450000 2.006101 2.985354 -1107.765098 -337.422340
41.500000 1.977516 3.260712 -1090.376444 -331.010247
41.550000 2.008382 3.041919 -1108.306281 -337.087528
41.600000 1.995714 2.692939 -1131.244338 -364.890307
41.650000 2.013344 2.786225 -1122.404680 -349.280648
41.700000 1.996062 2.944101 -1106.854795 -340.366917
41.750000 1.994403 3.402143 -1077.642074 -311.791418
41.800000 1.998728 3.348751 -1084.126872 -316.615423
41.850000 2.003874 2.932133 -1108.476601 -338.989167
41.900000 1.992791 2.900273 -1112.451414 -347.219730
41.950000 2.012301 3.141093 -1095.797326 -323.073654
42.000000 2.008597 3.318822 -1084.659051 -313.357659
42.050000 1.997960 3.399420 -1078.319420 -311.102942
42.100000 1.993587 3.041024 -1095.635822 -330.098578
42.150000 1.993313 3.064009 -1090.233673 -324.801496
42.200000 1.987304 2.694784 -1116.766828 -353.642069
42.250000 1.998840 2.921067 -1101.182157 -333.627515
42.300000 2.004706 2.973190 -1100.821985 -331.014979
42.350000 2.010129 2.796199 -1121.075448 -349.185821
42.400000 2.016502 3.254133 -1090.926332 -316.589615
42.450000 1.987835 3.325936 -1086.104672 -322.775848
42.500000 1.992954 3.419699 -1077.322629 -312.028290
42.550000 2.018641 2.678668 -1127.760402 -352.602428
42.600000 1.968418 3.166875 -1097.480767 -341.608327
42.650000 2.037772 3.386426 -1090.761439 -308.257072
42.700000 1.977291 2.889384 -1126.367135 -367.087208
42.750000 1.993379 3.557235 -1079.288867 -313.831376
42.800000 2.021273 2.990890 -1118.119128 -341.950154
42.850000 1.995910 2.881628 -1119.145285 -352.715725
42.900000 2.007422 3.421713 -1079.898608 -309.048477
42.950000 1.999533 3.356494 -1080.342411 -312.521817
43.000000 2.021608 2.925383 -1106.696184 -330.398900
43.050000 1.994129 2.947855 -1098.313105 -332.567516
43.100000 2.006501 3.032651 -1096.295617 -325.799324
43.150000 1.982507 3.028141 -1105.396107 -344.113508
43.200000 2.010253 3.373105 -1083.164107 -311.227066
43.250000 1.994877 3.373237 -1082.231437 -316.198651
43.300000 2.012495 3.362246 -1081.329477 -308.531483
43.350000 2.015408 2.542625 -1136.139287 -362.222499
43.400000 1.983714 3.091178 -1097.886675 -336.140357
43.450000 1.982476 3.757875 -1057.905157 -296.634302
43.500000 2.024629 3.516193 -1069.523428 -292.066009
43.550000 1.992138 2.623673 -1124.176957 -359.195940
43.600000 1.996407 2.444767 -1134.906857 -368.286412
43.650000 2.000213 3.256581 -1078.483048 -310.401161
43.700000 2.005006 3.026863 -1099.353028 -329.430650
43.750000 2.005984 3.367148 -1075.371284 -305.073600
43.800000 2.009110 2.984512 -1106.283086 -334.784942
43.850000 2.014135 3.205019 -1084.853971 -311.426183
43.900000 1.986282 2.887575 -1102.345489 -339.613320
43.950000 1.988124 2.636745 -1121.045163 -357.605618
44.000000 2.012587 2.736628 -1112.646690 -339.813170
44.050000 1.998816 2.654323 -1121.447939 -353.902749
44.100000 1.988571 2.900509 -1107.959844 -344.348757
44.150000 2.008961 2.688781 -1124.932807 -353.491958
44.200000 1.980616 3.263703 -1080.688780 -320.132374
44.250000 2.013812 3.400792 -1075.910520 -302.606628
44.300000 2.006941 2.976083 -1103.486759 -332.821336
44.350000 1.992520 2.794973 -1104.928026 -339.800407
44.400000 2.012667 2.499163 -1128.375493 -355.511322
44.450000 1.997698 2.927317 -1097.957897 -330.842033
44.500000 1.999073 2.547712 -1126.582887 -358.939025
44.550000 2.001034 2.876068 -1104.340077 -335.942964
44.600000 2.006005 2.648404 -1123.029526 -352.723485
44.650000 1.992634 3.048594 -1098.470070 -333.298682
44.700000 1.996638 3.343077 -1087.281283 -320.572293
44.750000 2.004928 3.330226 -1088.052565 -318.160196
44.800000 2.018184 2.956536 -1112.329480 -337.346892
44.850000 1.987565 3.190308 -1098.173786 -334.948752
44.900000 1.999768 3.802030 -1062.935039 -295.024016
44.950000 2.019346 3.273579 -1106.056997 -330.628025
45.000000 1.994478 1.675780 -977.222629 -211.343048
45.050000 2.005048 2.049783 -943.331932 -173.393421
45.100000 1.998265 1.807899 -955.131842 -187.798074
45.150000 2.004448 1.899699 -943.446333 -173.738111
45.200000 1.997220 1.932444 -945.425165 -178.492658
45.250000 1.998784 1.860247 -952.679241 -185.146231
45.300000 1.997454 1.825081 -958.451320 -191.428965
45.350000 1.992582 2.417816 -909.110069 -143.958608
45.400000 2.006802 2.378592 -913.188918 -142.577139
45.450000 1.998360 2.062264 -936.346802 -168.976536
45.500000 2.004368 1.450895 -980.943845 -211.266708
45.550000 1.999323 1.637873 -959.339029 -191.598893
45.600000 2.000863 1.728769 -955.010843 -186.679526
45.650000 1.994497 1.554385 -971.998869 -206.112070
45.700000 1.993274 1.723870 -958.582305 -193.165033
45.750000 2.025781 1.778810 -952.615217 -174.715497
45.800000 1.999419 1.911149 -938.738713 -170.961650
45.850000 1.992282 1.738895 -961.446521 -196.410197
45.900000 1.999706 1.922851 -954.264774 -186.377824
45.950000 1.989765 2.705210 -887.000088 -122.930283
46.000000 2.019609 1.717878 -970.196539 -194.666868
46.050000 1.994047 2.003957 -944.487430 -178.773282
46.100000 2.003066 2.190436 -932.330419 -163.153265
46.150000 2.007764 1.914069 -952.936697 -181.955222
46.200000 2.005473 1.744875 -966.496876 -196.395274
46.250000 1.992268 1.980086 -949.787071 -184.756227
46.300000 2.021274 1.961941 -940.765612 -164.596319
46.350000 1.995695 1.936853 -933.127374 -166.780519
46.400000 2.007747 1.767613 -949.558063 -178.583128
46.450000 1.987808 2.250935 -910.782384 -147.464057
46.500000 2.003014 1.688909 -952.812131 -183.654846
46.550000 1.995970 1.616165 -951.905706 -185.453112
46.600000 2.009201 2.018677 -919.256614 -147.723485
46.650000 1.987806 1.477416 -970.346657 -207.029035
46.700000 2.010775 1.920428 -941.078257 -168.940546
46.750000 2.009564 1.503605 -974.878983 -203.206466
46.800000 1.991450 1.536225 -973.505628 -208.788748
46.850000 2.004879 2.170257 -927.248678 -157.375137
46.900000 1.994144 1.797571 -962.193692 -196.442423
46.950000 2.015616 1.785920 -961.155465 -187.159060
47.000000 1.994710 1.644639 -972.888192 -206.919449
47.050000 2.002475 1.913398 -952.348881 -183.398313
47.100000 1.986521 2.035029 -943.044598 -180.220723
47.150000 2.010755 1.913386 -959.102902 -186.972856
47.200000 2.009738 1.724701 -970.363723 -198.624278
47.250000 1.980899 1.935997 -946.046202 -185.380875
47.300000 2.003954 1.951420 -940.964647 -171.446402
47.350000 2.005085 1.508875 -968.093090 -198.140500
47.400000 2.001588 2.033838 -922.919132 -154.309272
47.450000 2.003484 1.696999 -953.898998 -184.561274
47.500000 2.004602 1.571572 -969.932504 -200.165509
47.550000 1.997191 1.673876 -965.689372 -198.768145
47.600000 1.994327 1.799855 -955.445248 -189.623619
47.650000 2.007365 1.555867 -973.722497 -202.894382
47.700000 1.989308 1.502731 -982.210034 -218.315573
47.750000 2.002460 1.723529 -974.908227 -205.963498
47.800000 1.996044 1.923414 -964.640961 -198.159975
47.850000 2.004352 2.121225 -953.208574 -183.537561
47.900000 1.998787 2.303471 -938.763093 -171.228779
47.950000 2.011472 1.991629 -963.947122 -191.541863
48.000000 2.002292 1.789341 -977.658387 -208.778323
48.050000 1.993750 1.868775 -967.303625 -201.703517
48.100000 1.995870 2.006831 -953.506755 -187.092699
48.150000 2.009824 2.539948 -908.979955 -137.207552
48.200000 2.002698 1.751422 -979.231353 -210.195512
48.250000 2.002255 1.686423 -979.993952 -211.128130
48.300000 2.001338 2.110233 -939.538817 -171.024991
48.350000 2.006451 1.766387 -969.443212 -198.965915
48.400000 1.994843 1.768280 -964.776195 -198.756371
48.450000 1.998803 1.494162 -983.898925 -216.358548
48.500000 2.002174 1.284045 -1002.628877 -233.794041
48.550000 2.004924 1.766648 -960.670675 -190.779768
48.600000 1.999073 1.910325 -949.154826 -181.510933
48.650000 2.010330 1.826096 -954.912116 -182.945264
48.700000 1.990327 1.589644 -970.744475 -206.458940
48.750000 2.005708 1.582604 -968.539696 -198.347662
48.800000 1.992477 1.624848 -965.721523 -200.610457
48.850000 2.010012 1.789835 -952.727985 -180.883273
48.900000 1.992850 1.912493 -942.154896 -176.900525
48.950000 1.992694 1.720745 -959.287374 -194.092749
49.000000 1.992788 1.426986 -983.665156 -218.434618
49.050000 1.994202 1.916458 -946.689407 -180.915854
49.100000 1.997147 1.721098 -969.429281 -202.524918
49.150000 1.993024 2.209668 -931.564180 -166.243140
49.200000 1.999884 2.155426 -938.543940 -170.588423
49.250000 1.996716 2.013793 -947.119747 -180.380861
49.300000 2.008201 1.680048 -981.375351 -210.226085
49.350000 1.988489 2.083775 -951.607387 -188.027510
49.400000 2.023042 2.200918 -939.700846 -162.852880
49.450000 1.992139 1.802424 -967.783583 -202.802398
49.500000 2.013433 1.989586 -950.308152 -177.149744
49.550000 1.998506 1.894977 -956.259981 -188.833716
49.600000 1.999249 1.851064 -954.832847 -187.121301
49.650000 2.008504 1.679057 -961.669879 -190.404276
49.700000 1.989719 1.662741 -961.720237 -197.668235
49.750000 2.019217 1.784679 -953.772346 -178.393126
49.800000 1.997299 1.739459 -954.572221 -187.609261
49.850000 2.011930 1.678806 -954.860530 -182.279463
49.900000 1.988983 1.403166 -976.624584 -212.855067
49.950000 2.002175 1.780820 -948.931208 -180.095949
50.000000 2.016441 1.521358 -969.642275 -195.329030
50.050000 2.000734 1.360718 -983.192399 -214.910528
50.100000 1.985789 1.667712 -965.883021 -203.339941
50.150000 1.991300 1.749495 -962.774715 -198.115452
50.200000 1.988047 2.143491 -927.829783 -164.419640
50.250000 2.016452 1.951285 -941.078370 -166.760895
50.300000 2.009532 1.568777 -967.094907 -195.434739
50.350000 1.978071 1.781365 -948.742665 -189.163504
50.400000 2.007012 1.898894 -941.304275 -170.611841
50.450000 2.006414 2.038744 -935.003610 -164.540701
50.500000 2.000490 2.023366 -936.627031 -168.438744
50.550000 2.001993 1.511346 -973.283918 -204.518742
50.600000 2.010401 1.544172 -969.860819 -197.867023
50.650000 1.991426 1.670672 -966.412101 -201.704694
50.700000 1.998645 1.817500 -960.546227 -193.066586
50.750000 2.010148 1.685736 -973.315069 -201.418105
50.800000 1.993788 1.920478 -952.421157 -186.806523
50.850000 2.010186 2.070990 -939.587917 -167.676391
50.900000 2.010627 1.449870 -992.041238 -219.960317
50.950000 1.986286 1.525568 -990.131079 -227.397125
51.000000 2.005070 2.002897 -949.267897 -179.321097
51.050000 2.009071 1.108415 -1015.847652 -244.364532
51.100000 1.989921 1.034248 -1015.684384 -251.554609
51.150000 1.998701 1.206115 -1000.820658 -233.319455
51.200000 1.991908 1.720705 -962.704295 -197.811531
51.250000 1.991223 2.046537 -939.732798 -175.103326
51.300000 2.019586 1.834777 -957.893552 -182.372427
51.350000 1.980954 2.382279 -908.345672 -147.659337
51.400000 2.002586 2.347660 -913.525068 -144.532092
51.450000 2.013896 1.856973 -945.895444 -172.559473
51.500000 1.989740 1.583982 -962.524936 -198.464738
51.550000 1.998716 1.667633 -959.809838 -192.303024
51.600000 1.994335 2.147002 -923.320792 -157.496282
51.650000 2.003498 1.737659 -960.220806 -190.877719
51.700000 1.999841 1.464799 -984.374429 -216.435642
51.750000 1.997996 1.912958 -945.621156 -178.390728
51.800000 1.993486 1.755122 -956.634118 -191.135541
51.850000 1.998318 1.537747 -968.748622 -201.394438
51.900000 1.989960 1.519663 -963.342572 -199.197779
51.950000 2.004909 1.709416 -944.175204 -174.290267
52.000000 2.000338 1.497239 -962.666054 -194.536132
52.050000 1.979880 1.908654 -938.144800 -177.870728
52.100000 2.003302 1.570825 -983.003855 -213.735711
52.150000 2.003892 2.441738 -915.350755 -145.856370
52.200000 1.989548 2.262596 -928.103982 -164.117586
52.250000 1.991992 1.779306 -962.816347 -197.891396
52.300000 1.997515 2.070933 -935.693170 -168.647353
52.350000 2.000316 1.689884 -971.520269 -203.399010
52.400000 2.003194 1.775603 -961.653906 -192.427281
52.450000 2.009558 1.496021 -982.632685 -210.962377
52.500000 1.983258 1.051568 -802.931338 -41.360185
52.550000 2.018228 1.398056 -769.733520 5.265881
52.600000 2.008662 1.146879 -793.790220 -22.463907
52.650000 1.992939 1.180201 -793.377482 -28.089029
52.700000 1.989581 1.422515 -776.562784 -12.563819
52.750000 2.006023 1.234837 -799.647221 -29.334319
52.800000 2.010549 1.244370 -800.238604 -28.187972
52.850000 2.012034 1.017867 -820.434948 -47.814001
52.900000 1.988190 0.811334 -834.735520 -71.270677
52.950000 1.984142 1.069695 -812.411970 -50.501292
53.000000 1.977354 1.542980 -774.730423 -15.426507
53.050000 2.006447 1.480072 -779.179670 -8.703883
53.100000 1.996104 1.106222 -805.099096 -38.595073
53.150000 2.002848 0.937002 -811.606348 -42.512666
53.200000 1.989820 0.916798 -802.953399 -38.862420
53.250000 1.994236 0.994472 -796.170284 -30.383565
53.300000 1.999067 1.024788 -798.551179 -30.909587
53.350000 2.003854 0.990975 -807.056929 -37.577032
53.400000 2.004913 0.792964 -828.698415 -58.811873
53.450000 2.006838 0.874128 -816.690420 -46.064623
53.500000 1.986831 1.041559 -798.279950 -35.336691
53.550000 2.005012 1.121294 -794.810497 -24.885865
53.600000 1.988804 1.185808 -790.605300 -26.904752
53.650000 2.017679 0.893984 -820.031131 -45.242220
53.700000 1.992415 0.920749 -815.536034 -50.448578
53.750000 2.006208 1.083010 -801.255668 -30.871885
53.800000 1.993573 1.073764 -806.901899 -41.370034
53.850000 2.004609 1.226712 -796.477641 -26.707599
53.900000 1.988787 1.062619 -809.667447 -45.973180
53.950000 1.997232 0.992523 -817.196951 -50.259966
54.000000 1.975470 1.344121 -786.758474 -28.178155
54.050000 2.000015 1.493998 -777.191805 -9.185937
54.100000 2.007447 1.100026 -809.780560 -38.920833
54.150000 2.013009 0.884116 -826.055008 -53.059653
54.200000 2.002947 0.694121 -844.617716 -75.486172
54.250000 1.991759 1.129431 -807.577626 -42.742122
54.300000 2.014441 1.212589 -800.772606 -27.227300
54.350000 2.004980 1.177704 -799.208548 -29.296266
54.400000 2.007541 0.999803 -815.715758 -44.820168
54.450000 1.981950 1.111367 -806.912819 -45.844142
54.500000 1.984651 1.261661 -794.408682 -32.302650
54.550000 2.029397 0.967193 -821.782368 -42.493797
54.600000 1.986277 0.805217 -832.435347 -69.704872
54.650000 1.998319 1.363406 -775.399973 -8.045622
54.700000 1.999100 0.998173 -811.060238 -43.405814
54.750000 2.006820 0.964491 -806.824872 -36.205958
54.800000 1.994948 0.870553 -812.311888 -46.251924
54.850000 1.989619 0.936111 -813.426814 -49.412957
54.900000 2.004929 1.166114 -797.129135 -27.236535
54.950000 1.997466 1.216758 -795.198230 -28.171394
55.000000 2.013158 1.006602 -821.151571 -48.098832
55.050000 1.991843 1.383190 -782.411454 -17.543889
55.100000 2.004573 1.089908 -813.802335 -44.046286
55.150000 1.998132 0.984299 -825.530093 -58.247566
55.200000 1.998716 1.118888 -810.995400 -43.488337
55.250000 1.999509 0.968101 -825.107283 -57.295901
55.300000 1.997440 1.118012 -813.856833 -46.839843
55.350000 1.997428 1.115638 -815.540706 -48.528365
55.400000 2.005919 1.208302 -802.820371 -32.547315
55.450000 1.998277 1.357376 -783.555323 -16.217105
55.500000 1.988887 1.304042 -784.411545 -20.679072
55.550000 1.984249 1.288653 -781.903132 -19.951451
55.600000 2.010874 1.083300 -797.827688 -25.652032
55.650000 2.004772 0.882849 -811.997588 -42.165103
55.700000 1.990758 0.967062 -807.965123 -43.513916
55.750000 2.003068 1.407362 -779.012900 -9.834876
55.800000 2.013810 1.355988 -793.570954 -20.267851
55.850000 1.996309 1.256304 -807.686916 -41.104228
55.900000 2.012900 1.284875 -802.338132 -29.384516
55.950000 2.008036 1.105338 -816.665623 -45.579808
56.000000 1.987177 1.168691 -801.430588 -38.354525
56.050000 1.985415 0.962538 -818.533782 -56.134493
56.100000 2.003364 0.979902 -818.396325 -49.104705
56.150000 1.986974 1.340679 -785.238253 -22.240183
56.200000 2.003752 1.309773 -790.368918 -20.928105
56.250000 1.993319 0.929367 -824.575328 -59.140835
56.300000 2.007897 1.006920 -814.793357 -43.760954
56.350000 1.999631 1.069048 -807.108813 -39.250655
56.400000 1.991956 1.411095 -772.535668 -7.624588
56.450000 2.008527 1.282701 -782.192545 -10.918263
56.500000 2.006784 1.171144 -791.274625 -20.669745
56.550000 2.015183 0.915185 -812.142736 -38.312309
56.600000 1.988216 0.890025 -804.381038 -40.906112
56.650000 1.999172 0.694972 -823.440844 -55.758779
56.700000 1.992196 1.001366 -797.071717 -32.068298
56.750000 1.995024 1.050796 -805.008237 -38.919005
56.800000 1.992870 1.231387 -793.934585 -28.672517
56.850000 2.004179 1.338376 -779.780211 -10.175409
56.900000 1.999837 0.799441 -831.066341 -63.128743
56.950000 1.995688 1.282747 -790.805513 -24.461225
57.000000 1.998648 1.422604 -784.995503 -17.514530
57.050000 2.021146 1.338924 -788.210011 -12.089999
57.100000 1.983041 1.062026 -806.470065 -44.982466
57.150000 2.008861 0.753798 -833.272944 -61.870319
57.200000 1.989457 0.917089 -815.005779 -51.054251
57.250000 2.008582 1.062959 -802.812401 -31.517033
57.300000 1.994508 1.050655 -806.247788 -40.356890
57.350000 1.997959 1.032788 -812.956735 -45.740501
57.400000 2.013377 1.054345 -814.619582 -41.482746
57.450000 2.007022 1.406922 -780.178709 -9.482272
57.500000 2.000082 0.863317 -837.117328 -69.085728
57.550000 1.994650 1.130893 -814.179963 -48.234500
57.600000 1.993380 1.228335 -809.102505 -43.644754
57.650000 1.998690 1.335826 -800.303582 -32.806729
57.700000 2.000727 1.105188 -820.009131 -51.730032
57.750000 1.994084 1.127022 -813.603231 -47.874848
57.800000 2.010480 1.357016 -786.240843 -14.216513
57.850000 1.985610 1.018118 -821.607914 -59.133681
57.900000 1.993114 1.215246 -798.674136 -33.318285
57.950000 2.010464 0.899069 -822.887807 -50.869736
58.000000 1.996795 1.080902 -794.834312 -28.065165
58.050000 2.003516 0.779476 -827.845996 -58.495863
58.100000 2.002439 1.047307 -799.567099 -30.630542
58.150000 1.992128 1.100983 -797.066742 -32.089689
58.200000 2.006333 1.010287 -810.589467 -40.157404
58.250000 2.004061 0.778258 -833.865225 -64.305681
58.300000 1.995108 0.826073 -829.817965 -63.696617
58.350000 1.991632 1.129539 -803.994689 -39.208117
58.400000 1.982088 1.375931 -785.970203 -24.848590
58.450000 2.017748 1.395080 -793.841936 -19.026815
58.500000 1.998636 1.268859 -807.964964 -40.488755
58.550000 2.003098 1.198165 -819.337906 -50.148314
58.600000 1.997848 1.183740 -816.407387 -49.233568
58.650000 1.992192 1.071122 -825.101278 -60.099375
58.700000 1.991272 1.436709 -790.509895 -25.861396
58.750000 2.005502 1.241592 -805.361668 -35.248755
58.800000 2.010323 0.784782 -841.891842 -69.927899
58.850000 1.997372 0.801513 -836.644093 -69.653087
58.900000 1.996451 1.136115 -804.455424 -37.818377
58.950000 1.997124 1.025103 -814.112149 -47.216385
59.000000 2.004714 0.930373 -813.898898 -44.088534
59.050000 1.995771 0.643231 -833.365648 -66.989478
59.100000 1.998738 0.688421 -824.792309 -57.276900
59.150000 1.982336 1.240875 -775.023800 -13.806687
59.200000 2.012837 0.968183 -811.309595 -38.380285
59.250000 1.993132 1.182629 -790.661337 -25.298622
59.300000 1.996443 1.212619 -791.499223 -24.865058
59.350000 2.007933 1.037900 -806.607363 -35.561182
59.400000 1.985573 1.296570 -772.130029 -9.669840
59.450000 2.002827 1.073709 -790.366508 -21.281058
59.500000 1.995467 1.219217 -773.423216 -7.163973
59.550000 2.011016 0.872273 -800.476541 -28.246422
59.600000 1.999816 0.448838 -837.822891 -69.893691
59.650000 1.995290 0.968313 -787.191414 -21.000133
59.700000 2.000403 0.777619 -816.377913 -48.222983
59.750000 1.993058 0.957817 -807.604764 -42.270477
59.800000 1.999579 1.211733 -787.942286 -20.104116
59.850000 1.995651 1.362039 -779.621712 -13.291619
59.900000 2.010566 1.232454 -794.064424 -22.006955
59.950000 1.990614 0.976544 -818.313789 -53.917916
60.000000 1.996583 1.001649 -618.622656 148.065121
60.050000 1.999368 0.627252 -658.861895 108.895462
60.100000 1.992770 0.603810 -657.932805 107.290734
60.150000 2.005839 0.930211 -615.749205 154.493044
60.200000 2.004722 0.591426 -659.776037 110.037135
60.250000 1.998720 0.718929 -642.793177 124.715398
60.300000 1.989101 0.721217 -649.640898 114.173837
60.350000 2.009003 0.736007 -652.071337 119.385928
60.400000 2.001613 0.866672 -636.547840 132.071441
60.450000 2.001564 0.640338 -662.948475 105.652146
60.500000 1.999467 0.903958 -625.502356 142.292993
60.550000 1.999093 0.798387 -641.628829 126.022710
60.600000 2.000626 1.026022 -612.073986 156.166217
60.650000 1.991513 0.679487 -652.373010 112.367813
60.700000 2.002464 0.763606 -638.242844 130.703209
60.750000 2.005349 0.745498 -641.261787 128.792247
60.800000 1.998617 0.893573 -616.765197 150.703649
60.850000 2.004525 0.662028 -641.252250 128.485352
60.900000 1.989201 0.567384 -656.739924 107.113420
60.950000 2.002296 0.822577 -630.204285 138.677238
61.000000 1.998048 0.733523 -644.094153 123.156332
61.050000 1.994302 0.811963 -637.936374 127.875499
61.100000 1.992655 0.812676 -643.021865 122.157694
61.150000 2.001149 0.868098 -640.578858 127.862386
61.200000 1.997127 0.800964 -653.742578 113.154079
61.250000 2.001474 1.054274 -627.848362 140.717521
61.300000 1.990930 1.099082 -620.291305 144.225691
61.350000 2.013869 0.987792 -625.418742 147.907078
61.400000 1.993321 0.730285 -648.598500 116.836762
61.450000 1.989325 0.839995 -635.460314 128.440585
61.500000 2.003449 0.798317 -643.384543 125.940062
61.550000 2.001133 0.748147 -649.204420 119.230699
61.600000 2.001126 0.866420 -630.905817 137.526417
61.650000 1.997384 0.583609 -661.990767 105.004538
61.700000 2.001389 0.688389 -646.520257 122.013049
61.750000 2.004694 0.611912 -655.331830 114.470589
61.800000 1.987402 0.663469 -651.301770 111.860748
61.850000 2.013733 0.794502 -640.009033 133.264572
61.900000 1.991877 0.810037 -634.474359 130.406447
61.950000 2.006823 0.611176 -654.816518 115.803349
62.000000 1.989579 0.548501 -659.394177 104.604166
62.050000 2.015852 0.425782 -674.643010 99.444171
62.100000 1.995423 0.626830 -644.143894 122.098456
62.150000 2.013992 0.805282 -619.468806 153.904296
62.200000 2.000952 0.590780 -643.708906 124.656676
62.250000 1.990827 0.469741 -660.622237 103.855449
62.300000 1.999306 0.732396 -633.663938 134.069557
62.350000 2.001281 0.740740 -644.502296 123.989653
62.400000 1.979230 1.185723 -595.996999 164.027176
62.450000 2.017383 0.811347 -634.420948 140.254137
62.500000 1.998734 0.629072 -639.977882 127.536089
62.550000 2.000122 0.553113 -642.137680 125.909093
62.600000 1.997782 0.649811 -627.914562 139.233775
62.650000 1.996414 0.583990 -638.353712 128.269323
62.700000 2.003740 0.686412 -629.465938 139.970299
62.750000 1.999482 0.708632 -634.526004 133.274929
62.800000 2.008467 0.749863 -638.205453 133.045783
62.850000 1.986498 0.908357 -622.182810 140.632308
62.900000 2.002361 0.805959 -638.712587 130.193950
62.950000 2.001308 0.658288 -650.999743 117.502645
63.000000 1.996453 0.509055 -663.751716 102.886285
63.050000 2.001752 0.716715 -637.360809 131.311954
63.100000 1.990650 0.779564 -633.969596 130.439836
63.150000 1.998584 0.679443 -650.828221 116.627957
63.200000 1.996090 0.677447 -650.491048 116.007378
63.250000 2.003071 0.756169 -642.554159 126.624981
63.300000 2.008349 0.907805 -621.900239 149.305875
63.350000 1.993877 0.887508 -616.666259 148.982635
63.400000 2.015995 0.451508 -661.389342 112.752591
63.450000 1.997773 0.329592 -669.184627 97.960183
63.500000 2.003350 0.414934 -662.091984 107.194551
63.550000 1.998925 0.552880 -650.366493 117.220780
63.600000 2.000079 0.725119 -637.313474 130.717007
63.650000 1.996698 0.813427 -633.619577 133.112415
63.700000 2.008982 0.776751 -637.903397 133.545616
63.750000 1.996824 0.624151 -654.896578 111.883774
63.800000 1.998286 0.636418 -655.340975 112.000677
63.850000 1.999579 0.745153 -648.624351 119.213997
63.900000 1.996417 0.772905 -651.715852 114.908406
63.950000 1.997645 0.769690 -651.697913 115.397922
64.000000 1.997317 0.755026 -648.979303 117.990577
64.050000 2.002236 0.585107 -668.607049 100.251737
64.100000 1.989776 0.860485 -631.853325 132.220630
64.150000 2.003510 0.687622 -655.342564 114.005170
64.200000 1.992859 0.801385 -638.734832 126.523202
64.250000 2.004814 0.589770 -660.180513 109.667901
64.300000 2.009818 0.523692 -661.284146 110.486051
64.350000 1.985461 0.573786 -654.067675 108.349316
64.400000 1.999696 0.700708 -642.762115 125.121167
64.450000 2.004721 0.776337 -630.731457 139.081257
64.500000 2.004500 0.529163 -657.340715 112.387407
64.550000 1.990908 0.728637 -634.699502 129.809128
64.600000 1.989826 1.052946 -601.857620 162.235602
64.650000 2.008472 0.932950 -615.663931 155.589195
64.700000 1.996702 0.604738 -648.901100 117.832335
64.750000 2.000267 0.597438 -645.065282 123.037328
64.800000 2.010980 0.583403 -641.578331 130.638019
64.850000 2.000713 0.443424 -650.968640 117.305333
64.900000 1.993618 0.702963 -618.569711 146.979448
64.950000 2.003086 0.714918 -622.573474 146.611361
65.000000 1.998511 0.586984 -643.362516 124.065518
65.050000 2.005888 0.739631 -629.735535 140.525272
65.100000 2.002052 0.635167 -646.994969 121.793018
65.150000 1.993858 0.607576 -653.322927 112.318719
65.200000 1.998491 0.845552 -626.612758 140.807812
65.250000 1.998055 0.670776 -651.869382 115.383600
65.300000 2.002738 0.846164 -634.054490 134.997055
65.350000 2.005441 0.781121 -643.444104 126.645258
65.400000 2.003097 0.707387 -651.870196 117.319091
65.450000 1.999746 0.764319 -639.755658 128.146852
65.500000 1.995050 0.606264 -652.917727 113.181423
65.550000 2.009322 0.506336 -658.182402 113.397428
65.600000 1.996171 0.372727 -668.777218 97.752373
65.650000 1.992622 0.387329 -672.686171 92.480530
65.700000 2.009781 0.633893 -652.302164 119.453872
65.750000 2.001383 0.779019 -637.449456 131.081591
65.800000 2.012596 0.652334 -653.934354 118.902612
65.850000 2.000705 0.688150 -647.479381 120.791212
65.900000 1.994864 0.720225 -642.165647 123.862224
65.950000 2.007876 0.596030 -654.091401 116.933023
66.000000 1.998400 0.694857 -635.615940 131.769531
66.050000 1.994721 0.604730 -649.692371 116.280551
66.100000 2.002539 0.725891 -639.736323 129.238688
66.150000 2.006945 0.708462 -647.961353 122.705524
66.200000 1.995948 0.769554 -644.346932 122.097013
66.250000 1.993897 0.709045 -661.274364 104.382215
66.300000 2.005989 0.765662 -661.668897 108.631025
66.350000 1.989311 0.961042 -640.861669 123.033704
66.400000 2.010414 0.861582 -650.988796 121.010064
66.450000 2.004663 0.714700 -654.326030 115.464512
66.500000 2.002490 0.671038 -645.865475 123.090818
66.550000 2.001027 0.384917 -674.757984 93.636406
66.600000 1.999814 0.854044 -615.253153 152.675539
66.650000 2.012904 0.664731 -641.116085 131.839109
66.700000 1.993546 0.696154 -638.195388 127.326292
66.750000 2.004296 0.761720 -632.629628 137.019898
66.800000 2.004368 0.350064 -682.616900 87.060329
66.850000 1.996695 0.431328 -675.621026 91.109717
66.900000 1.993673 0.669170 -657.054810 108.515602
66.950000 1.989610 0.863547 -646.521328 117.488782
67.000000 1.994886 1.002123 -636.648589 129.387788
67.050000 1.997945 0.942773 -640.921160 126.289884
67.100000 2.004374 0.727858 -657.958512 111.721054
67.150000 1.989148 0.740559 -646.664398 117.168489
67.200000 2.010366 0.703442 -643.296819 128.683588
67.250000 1.982483 0.675095 -640.490177 120.783387
67.300000 2.015417 0.563793 -652.879581 121.040483
67.350000 2.003735 0.326148 -677.872641 91.561628
67.400000 1.986115 0.556731 -651.049545 111.618458
67.450000 1.997098 0.735312 -642.299212 124.586536
