# t Temp Pres Epot Etot
0.000000 2.012912 29.039353 -1396.937032 -623.978922
0.050000 2.006993 29.035047 -1395.878814 -625.193458
0.100000 1.969746 28.755520 -1409.533689 -653.151140
0.150000 2.000805 28.897084 -1402.283583 -633.974284
0.200000 1.983568 29.579613 -1372.731590 -611.041498
0.250000 1.991721 28.389292 -1428.688259 -663.867535
0.300000 2.018346 27.531261 -1463.830861 -688.786052
0.350000 1.999427 29.140865 -1392.766099 -624.986098
0.400000 2.018491 28.615382 -1415.000742 -639.900271
0.450000 1.978170 28.510285 -1420.195668 -660.578516
0.500000 2.009464 29.365083 -1387.008051 -615.373737
0.550000 1.994717 29.954056 -1356.815624 -590.844243
0.600000 2.042812 28.747029 -1414.156488 -629.716572
0.650000 1.998181 28.940679 -1399.094140 -631.792720
0.700000 1.981303 27.606596 -1458.211706 -697.391468
0.750000 1.943065 28.722414 -1406.350961 -660.214188
0.800000 1.992591 30.094500 -1354.252978 -589.098067
0.850000 2.028123 29.506746 -1381.269929 -602.470507
0.900000 2.013529 29.747829 -1366.185068 -592.990118
0.950000 1.986684 29.045584 -1397.467390 -634.580717
1.000000 2.006722 29.548171 -1373.784487 -603.203125
1.050000 2.016566 28.069081 -1439.877589 -665.516314
1.100000 1.977289 29.767503 -1362.213098 -602.934079
1.150000 2.031086 28.363052 -1430.227345 -650.290214
1.200000 2.013739 27.907021 -1448.479600 -675.203699
1.250000 2.004996 28.554455 -1419.741105 -649.822624
1.300000 1.977438 29.324231 -1382.928411 -623.592386
1.350000 2.045264 29.478985 -1381.005462 -595.624159
1.400000 1.998378 28.734204 -1412.792179 -645.414989
1.450000 2.012184 28.004767 -1442.394124 -669.715600
1.500000 2.006130 28.223080 -1433.824184 -663.470118
1.550000 1.982344 28.234918 -1430.261162 -669.040875
1.600000 2.017667 30.518168 -1329.434601 -554.650439
1.650000 1.978015 27.919494 -1447.651817 -688.094093
1.700000 2.025143 28.723786 -1412.275040 -634.620298
1.750000 1.985370 29.647700 -1371.458671 -609.076589
1.800000 1.975059 28.468330 -1423.272859 -664.850106
1.850000 1.995825 28.825190 -1405.764690 -639.367902
1.900000 2.019624 28.617775 -1421.532213 -645.996430
1.950000 1.955459 28.139634 -1435.219490 -684.323044
2.000000 2.006872 29.234315 -1393.981111 -623.342241
2.050000 2.008344 29.529636 -1374.805215 -603.601214
2.100000 2.004356 28.094440 -1439.843914 -670.171018
2.150000 1.989009 27.241056 -1479.367914 -715.588562
2.200000 1.970975 29.766046 -1362.728752 -605.874516
2.250000 1.998968 28.227588 -1434.099117 -666.495220
2.300000 1.969731 29.747318 -1366.224884 -609.848161
2.350000 2.018126 29.623535 -1374.010844 -599.050351
2.400000 2.022613 26.784626 -1497.498300 -720.814767
2.450000 1.965193 28.550380 -1413.668467 -659.034332
2.500000 1.966949 29.100781 -1392.905474 -637.597105
2.550000 2.044100 30.100955 -1348.261471 -563.326960
2.600000 2.023156 28.558879 -1417.513750 -640.621924
2.650000 2.011827 28.586944 -1417.039824 -644.498074
2.700000 1.996939 28.418501 -1424.764445 -657.939823
2.750000 1.985915 28.975050 -1399.522043 -636.930862
2.800000 2.018439 28.574808 -1419.523967 -644.443321
2.850000 2.013049 27.691604 -1460.533022 -687.522124
2.900000 1.991748 30.371607 -1337.915281 -573.083984
2.950000 2.014892 28.916842 -1400.619540 -626.901063
3.000000 1.955692 28.526253 -1416.954011 -665.968094
3.050000 1.982893 28.147061 -1438.188346 -676.757248
3.100000 1.979412 29.235524 -1387.092826 -626.998463
3.150000 2.013630 27.982936 -1444.670084 -671.436036
3.200000 2.013961 28.720259 -1411.043627 -637.682708
3.250000 1.992734 28.443496 -1426.345316 -661.135581
3.300000 2.007947 28.669970 -1412.363776 -641.311979
3.350000 1.960199 28.956491 -1397.309174 -644.592568
3.400000 2.005852 29.215305 -1391.677620 -621.430273
3.450000 2.005692 29.217966 -1388.786727 -618.600832
3.500000 1.973543 28.697003 -1410.384622 -652.544117
3.550000 1.993331 27.937045 -1445.542630 -680.103467
3.600000 1.983574 29.171122 -1386.896100 -625.203746
3.650000 2.031800 29.451549 -1378.407040 -598.195713
3.700000 1.992668 30.192193 -1344.916300 -579.731785
3.750000 1.994918 27.528222 -1462.992544 -696.944155
3.800000 1.989756 28.277440 -1431.151571 -667.085349
3.850000 1.991654 29.912331 -1361.394917 -596.599709
3.900000 2.015525 29.744263 -1367.102600 -593.140854
3.950000 2.000047 28.014109 -1443.817624 -675.799452
4.000000 2.045947 28.361343 -1432.615852 -646.972179
4.050000 1.981647 28.672014 -1413.310815 -652.358212
4.100000 1.983930 30.493473 -1331.646947 -569.817913
4.150000 2.008124 28.484565 -1422.046566 -650.927127
4.200000 1.966844 29.839773 -1361.490848 -606.222679
4.250000 2.011824 29.124808 -1395.641571 -623.101184
4.300000 2.031064 29.211052 -1391.457032 -611.528344
4.350000 1.996391 27.026620 -1487.174182 -720.560012
4.400000 1.995001 28.289096 -1431.182480 -665.102063
4.450000 1.975945 28.205884 -1435.320310 -676.557427
4.500000 2.000706 30.195082 -1347.589791 -579.318806
4.550000 2.013797 30.126486 -1350.144110 -576.845995
4.600000 2.013921 26.815244 -1501.050930 -727.705123
4.650000 1.973432 28.520679 -1417.654060 -659.856275
4.700000 1.989118 29.853339 -1359.540678 -595.719227
4.750000 2.051057 28.252784 -1434.448832 -646.843041
4.800000 2.036049 27.782764 -1454.777891 -672.935035
4.850000 1.993015 27.673931 -1456.965937 -691.648362
4.900000 1.980101 29.742159 -1366.855867 -606.497177
4.950000 2.049345 30.083682 -1354.112330 -567.163831
5.000000 1.997011 29.520224 -1375.262493 -608.410137
5.050000 2.024061 28.355676 -1428.268359 -651.029112
5.100000 1.981123 27.997261 -1443.223963 -682.472802
5.150000 1.987393 29.952358 -1355.441220 -592.282492
5.200000 1.997716 28.486624 -1422.022088 -654.899033
5.250000 1.979721 27.768057 -1451.439582 -691.226612
5.300000 2.001596 29.230214 -1388.939965 -620.326929
5.350000 2.010226 28.444597 -1423.486712 -651.559919
5.400000 2.017495 30.439184 -1333.093018 -558.374836
5.450000 2.037600 29.076711 -1397.570260 -615.131861
5.500000 2.010770 27.637556 -1459.732929 -687.597205
5.550000 1.990224 29.005650 -1398.975047 -634.729115
5.600000 2.005058 28.821553 -1407.134137 -637.191762
5.650000 2.035823 30.126359 -1352.838116 -571.082002
5.700000 1.999597 28.106682 -1439.761798 -671.916606
5.750000 2.048736 28.092702 -1445.233904 -658.519239
5.800000 1.944026 28.334125 -1425.884210 -679.378046
5.850000 2.002672 28.736651 -1411.138925 -642.113007
5.900000 2.005086 30.382347 -1340.445253 -570.492109
5.950000 1.991200 30.039758 -1352.380729 -587.760069
6.000000 2.006010 29.919784 -1356.451773 -586.143840
6.050000 2.017116 27.225334 -1482.322943 -707.750536
6.100000 1.929791 27.949511 -1443.307131 -702.267375
6.150000 2.004518 29.366561 -1383.341544 -613.606517
6.200000 1.957315 29.358702 -1383.689336 -632.080475
6.250000 2.002086 28.734505 -1410.526230 -641.725332
6.300000 2.018393 28.523712 -1422.449716 -647.386864
6.350000 1.988211 29.815105 -1360.059525 -596.586475
6.400000 1.987031 29.905130 -1356.507818 -593.487968
6.450000 1.992366 28.557694 -1418.197779 -653.129080
6.500000 1.986171 28.787383 -1409.627406 -646.937694
6.550000 1.980105 29.664696 -1368.667688 -608.307402
6.600000 2.045713 27.935733 -1449.258856 -663.705229
6.650000 1.997638 28.407675 -1424.187692 -657.094751
6.700000 1.985198 28.876082 -1403.979546 -641.663370
6.750000 1.982598 29.175005 -1389.419738 -628.102019
6.800000 1.965467 30.226766 -1342.374510 -587.635149
6.850000 2.029317 27.714297 -1458.042824 -678.785206
6.900000 1.967916 28.819919 -1407.253989 -651.574091
6.950000 1.979833 28.605663 -1415.526623 -655.270737
7.000000 1.984063 29.074288 -1392.420326 -630.540063
7.050000 1.992508 29.072763 -1392.845120 -627.721888
7.100000 1.997570 28.081097 -1440.264029 -673.197215
7.150000 1.997414 27.677480 -1459.507353 -692.500454
7.200000 1.968509 30.625296 -1326.089278 -570.181920
7.250000 2.030089 29.132473 -1397.203406 -617.649380
7.300000 2.023169 29.014421 -1398.974370 -622.077537
7.350000 1.995410 27.632480 -1464.110644 -697.873087
7.400000 2.027324 28.766913 -1408.451846 -629.959523
7.450000 2.001852 28.350533 -1427.958538 -659.247463
7.500000 1.970422 17.197495 -1541.543481 -784.901282
7.550000 1.990309 18.067388 -1503.199490 -738.920773
7.600000 2.007437 19.172504 -1452.692859 -681.837222
7.650000 2.014194 18.234759 -1499.398921 -725.948242
7.700000 2.028557 17.979233 -1505.112503 -726.146477
7.750000 2.013863 16.772708 -1564.451360 -791.128010
7.800000 1.991363 18.146996 -1497.082103 -732.398773
7.850000 1.980071 16.665339 -1569.802016 -809.454566
7.900000 2.013422 19.213679 -1451.166867 -678.012666
7.950000 1.997094 17.583945 -1523.070556 -756.186602
8.000000 1.987946 17.645017 -1525.486000 -762.114585
8.050000 1.993388 17.676789 -1523.266471 -757.805604
8.100000 2.027259 19.222897 -1451.381360 -672.913771
8.150000 2.017535 16.627756 -1572.791837 -798.058550
8.200000 2.012034 17.363992 -1535.904565 -763.283421
8.250000 2.001385 16.309707 -1586.273820 -817.742172
8.300000 1.988053 18.505356 -1479.543130 -716.130807
8.350000 1.993073 18.082123 -1501.189934 -735.849804
8.400000 2.012649 17.024140 -1555.845071 -782.987928
8.450000 2.004750 17.590554 -1527.266925 -757.442899
8.500000 1.962541 17.080307 -1550.453866 -796.838263
8.550000 1.990284 18.002823 -1508.273100 -744.004143
8.600000 2.015926 17.694317 -1523.853061 -749.737512
8.650000 1.996801 19.396889 -1441.524546 -674.752846
8.700000 2.050676 17.786063 -1516.404003 -728.944311
8.750000 1.980314 16.875089 -1554.430783 -793.990226
8.800000 1.974011 17.789564 -1516.438260 -758.418155
8.850000 2.020748 16.753158 -1567.334946 -791.367657
8.900000 1.968577 18.231430 -1489.686251 -733.752623
8.950000 2.019323 17.687610 -1519.540411 -744.120247
9.000000 1.991204 17.265951 -1540.229659 -775.607220
9.050000 1.985202 18.655143 -1475.876852 -713.559135
9.100000 2.006492 17.160877 -1545.313849 -774.820904
9.150000 1.982361 18.276004 -1492.929309 -731.702873
9.200000 1.960625 17.892654 -1507.842658 -754.962764
9.250000 1.997919 18.355316 -1489.210794 -722.010035
9.300000 2.024684 18.113339 -1498.690134 -721.211527
9.350000 1.962306 17.497328 -1527.454458 -773.928914
9.400000 2.001476 17.237507 -1542.506488 -773.939563
9.450000 1.995139 18.797016 -1466.456266 -700.322973
9.500000 2.022798 18.022658 -1506.615235 -729.860806
9.550000 1.981783 17.188455 -1543.755973 -782.751237
9.600000 1.994483 16.822019 -1559.991098 -794.109479
9.650000 1.999262 18.260335 -1492.179166 -724.462547
9.700000 2.034656 17.514881 -1532.115016 -750.807057
9.750000 1.987986 17.356080 -1535.955141 -772.568534
9.800000 2.000452 17.873453 -1513.555430 -745.382011
9.850000 2.023221 16.919480 -1560.348588 -783.431733
9.900000 1.996764 17.126619 -1551.813553 -785.056288
9.950000 1.994866 18.474114 -1484.669943 -718.641266
10.000000 2.006374 17.091593 -1551.185648 -780.738063
10.050000 1.950650 18.167124 -1496.975724 -747.926044
10.100000 2.046750 17.933435 -1513.876108 -727.924026
10.150000 2.015474 18.737188 -1468.407850 -694.465927
10.200000 1.992284 17.091502 -1549.420034 -784.383098
10.250000 2.022968 17.039143 -1551.459984 -774.640393
10.300000 1.977589 17.526926 -1524.926350 -765.532342
10.350000 2.029224 17.701379 -1518.743850 -739.521854
10.400000 1.978032 17.913239 -1506.000787 -746.436473
10.450000 1.997570 17.832825 -1513.892605 -746.825745
10.500000 2.018283 16.913781 -1556.210088 -781.189288
10.550000 1.979809 17.742722 -1518.506901 -758.260077
10.600000 2.017906 18.197357 -1501.261621 -726.385745
10.650000 2.024263 18.204326 -1496.415340 -719.098266
10.700000 2.007349 18.172506 -1500.197227 -729.375330
10.750000 2.002140 18.353702 -1486.289406 -717.467747
10.800000 2.010486 17.656216 -1523.251213 -751.224627
10.850000 1.982018 16.904397 -1552.561869 -791.466839
10.900000 1.982965 17.238851 -1538.939321 -777.480739
10.950000 1.995299 18.549088 -1478.463195 -712.268391
11.000000 2.029453 17.307859 -1538.247135 -758.937254
11.050000 2.002196 17.077918 -1546.980404 -778.136958
11.100000 1.965967 18.416114 -1485.398329 -730.466854
11.150000 2.020575 17.967618 -1508.940969 -733.039994
11.200000 2.014793 16.666655 -1565.948153 -792.267632
11.250000 1.976876 17.537732 -1525.721915 -766.601566
11.300000 2.037912 18.381622 -1488.293153 -705.735117
11.350000 1.977799 17.410592 -1533.397610 -773.922923
11.400000 2.003434 17.081845 -1553.397615 -784.078820
11.450000 1.995720 17.961576 -1510.042589 -743.686273
11.500000 2.009618 16.818695 -1564.204545 -792.511181
11.550000 2.006628 17.078951 -1556.108961 -785.563816
11.600000 1.999015 19.488267 -1439.546013 -671.924380
11.650000 1.991294 18.359084 -1490.488117 -725.831329
11.700000 2.026176 19.312475 -1445.354663 -667.303115
11.750000 2.003496 18.032519 -1508.374588 -739.031972
11.800000 1.995633 18.384339 -1488.624706 -722.301794
11.850000 2.001252 18.010258 -1507.192520 -738.711627
11.900000 2.022094 16.788534 -1564.855358 -788.371404
11.950000 2.010224 16.785895 -1563.575317 -791.649247
12.000000 1.994852 17.810975 -1516.826335 -750.803228
12.050000 2.028466 17.603950 -1524.382566 -745.451751
12.100000 1.993530 17.120504 -1552.698546 -787.182947
12.150000 2.022257 17.740410 -1521.721199 -745.174468
12.200000 2.005601 18.178983 -1497.517298 -727.366557
12.250000 2.004350 17.975338 -1508.246531 -738.576131
12.300000 2.025945 16.811134 -1560.244874 -782.281931
12.350000 1.965107 16.887004 -1556.916711 -802.315722
12.400000 2.024964 16.922462 -1560.097281 -782.511182
12.450000 2.008581 16.383001 -1585.594463 -814.299432
12.500000 2.010456 18.572557 -1478.731200 -706.715948
12.550000 1.997781 17.542840 -1527.259803 -760.111863
12.600000 2.012024 17.956843 -1504.075978 -731.458898
12.650000 2.029264 16.821929 -1562.630889 -783.393577
12.700000 1.988982 17.585541 -1523.645503 -759.876504
12.750000 1.983652 18.639334 -1471.163645 -709.441365
12.800000 1.993982 18.518528 -1484.261052 -718.571818
12.850000 2.029442 18.951048 -1463.785394 -684.479609
12.900000 1.996503 17.512818 -1526.883083 -760.225796
12.950000 2.002131 17.408949 -1535.770525 -766.952151
13.000000 1.983953 16.883188 -1556.743892 -794.905990
13.050000 1.985300 17.979116 -1504.371167 -742.016142
13.100000 1.999575 17.364904 -1535.960581 -768.123692
13.150000 2.006185 16.692469 -1567.202352 -796.827147
13.200000 1.996082 18.192958 -1496.457079 -729.961492
13.250000 2.011391 18.911160 -1464.907390 -692.533228
13.300000 2.000994 17.322141 -1542.901043 -774.519273
13.350000 1.979243 17.348594 -1537.024833 -776.995537
13.400000 2.005020 17.052786 -1548.996533 -779.068907
13.450000 2.000448 16.736960 -1563.660249 -795.488306
13.500000 2.030200 17.078586 -1551.932748 -772.335848
13.550000 1.975828 19.687087 -1422.878749 -664.160723
13.600000 1.997179 17.466663 -1531.530868 -764.614236
13.650000 2.002247 17.136487 -1543.839213 -774.976268
13.700000 1.981888 17.774440 -1511.747505 -750.702460
13.750000 2.004453 17.463667 -1531.725174 -762.015074
13.800000 1.989589 17.873536 -1510.751487 -746.749224
13.850000 1.992227 19.632968 -1433.014163 -667.998915
13.900000 2.028090 18.379294 -1494.232179 -715.445520
13.950000 1.972013 18.657832 -1474.136148 -716.883055
14.000000 1.999727 18.121970 -1503.037917 -735.142719
14.050000 2.030949 17.373045 -1539.971966 -760.087384
14.100000 1.979810 16.888253 -1550.760444 -790.513346
14.150000 2.000330 16.919233 -1555.179904 -787.053314
14.200000 1.978982 16.651390 -1568.397600 -808.468357
14.250000 1.984239 18.127918 -1500.143437 -738.195627
14.300000 2.006426 16.651559 -1571.326873 -800.859357
14.350000 1.989419 17.727629 -1516.117466 -752.180719
14.400000 1.979831 19.242508 -1440.788796 -680.533700
14.450000 2.008258 18.362427 -1491.281483 -720.110457
14.500000 2.016608 18.620154 -1481.595712 -707.218303
14.550000 1.987717 18.319772 -1490.338036 -727.054738
14.600000 1.999647 18.721802 -1474.614759 -706.750425
14.650000 2.009692 16.709632 -1564.947983 -793.226161
14.700000 1.994297 17.113179 -1549.424718 -783.614702
14.750000 2.015199 17.887253 -1510.125860 -736.289632
14.800000 2.009965 17.240321 -1542.586659 -770.760081
14.850000 1.957928 16.975073 -1551.520004 -799.675675
14.900000 1.979644 17.858254 -1510.872969 -750.689491
14.950000 1.974660 19.783044 -1420.153815 -661.884252
15.000000 2.001962 14.934827 -1307.557728 -538.804139
15.050000 2.014804 15.113934 -1295.898850 -522.213927
15.100000 1.985830 15.184387 -1290.555932 -527.997211
15.150000 2.000758 15.386486 -1278.329536 -510.038629
15.200000 2.014351 15.168104 -1285.730654 -512.220012
15.250000 2.025160 15.243388 -1281.943122 -504.281604
15.300000 2.022519 16.023436 -1248.601382 -471.954065
15.350000 2.000867 16.096460 -1240.964459 -472.631571
15.400000 1.981230 15.882107 -1251.435808 -490.643570
15.450000 1.989275 14.789609 -1313.403634 -549.522069
15.500000 2.013179 14.629265 -1322.938692 -549.878059
15.550000 1.987632 14.702730 -1315.603258 -552.352562
15.600000 2.006854 14.712361 -1311.959631 -541.327802
15.650000 1.976957 15.751928 -1258.698523 -499.547151
15.700000 1.984524 16.428130 -1226.301968 -464.244822
15.750000 2.039006 15.174212 -1293.823895 -510.845666
15.800000 2.011210 14.921939 -1304.197913 -531.893285
15.850000 1.976472 15.706990 -1264.925738 -505.960385
15.900000 2.006446 16.075916 -1242.693349 -472.218208
15.950000 1.986127 14.973147 -1307.002330 -544.329440
16.000000 2.011759 16.247528 -1238.171515 -465.656246
16.050000 2.009892 14.811622 -1320.505425 -548.706719
16.100000 1.970171 14.469855 -1332.487297 -575.941705
16.150000 2.003167 14.375350 -1340.461656 -571.245714
16.200000 1.991384 15.177542 -1292.691533 -527.999965
16.250000 2.011773 15.249138 -1290.631103 -518.110177
16.300000 1.947720 15.505605 -1279.232276 -531.307748
16.350000 2.010941 16.144552 -1245.968449 -473.767059
16.400000 2.010136 15.060025 -1299.774667 -527.882266
16.450000 2.017076 15.567931 -1277.692804 -503.135704
16.500000 1.947288 16.129566 -1243.011026 -495.252302
16.550000 1.999561 16.918855 -1204.925710 -437.094310
16.600000 1.985382 15.883467 -1256.350720 -493.964098
16.650000 1.981495 15.775914 -1259.959352 -499.065111
16.700000 2.030466 15.919942 -1262.592466 -482.893582
16.750000 2.003884 15.502613 -1280.023065 -510.531612
16.800000 2.014002 14.560499 -1332.533198 -559.156521
16.850000 1.994302 15.610576 -1280.847945 -515.036086
16.900000 2.002788 14.823565 -1317.474381 -548.403748
16.950000 1.982937 15.011797 -1306.804488 -545.356774
17.000000 1.960549 15.710865 -1268.967223 -516.116589
17.050000 2.014217 16.678727 -1224.396216 -450.937009
17.100000 2.030443 15.907384 -1264.744649 -485.054370
17.150000 1.995884 15.838803 -1271.231586 -504.812095
17.200000 2.011681 16.757314 -1217.726062 -445.240435
17.250000 2.007534 15.110247 -1301.654348 -530.761141
17.300000 1.997463 15.506782 -1279.868956 -512.843054
17.350000 2.000975 15.992341 -1250.884978 -482.510482
17.400000 2.017377 15.951687 -1251.900817 -477.228086
17.450000 1.997662 15.587650 -1276.107731 -509.005395
17.500000 1.985358 15.922063 -1261.138579 -498.761081
17.550000 2.026173 15.919361 -1265.130567 -487.080138
17.600000 2.016922 16.671420 -1219.717810 -445.219723
17.650000 1.992904 15.058334 -1300.517922 -535.242905
17.700000 2.015895 15.611363 -1270.992222 -496.888611
17.750000 2.009520 15.149021 -1299.291996 -527.636334
17.800000 1.991833 16.493253 -1228.229960 -463.365918
17.850000 2.018680 15.844971 -1260.674430 -485.501448
17.900000 2.031290 16.052602 -1245.512382 -465.496849
17.950000 1.979150 15.220360 -1287.393053 -527.399601
18.000000 2.009901 15.450759 -1273.696238 -501.894366
18.050000 2.010056 15.812352 -1255.079531 -483.218045
18.100000 2.010967 15.899868 -1252.998325 -480.787150
18.150000 2.008908 15.511105 -1278.988671 -507.567879
18.200000 1.976169 16.106570 -1251.702453 -492.853499
18.250000 2.013188 15.408157 -1288.899775 -515.835467
18.300000 1.998401 14.224703 -1342.579610 -575.193540
18.350000 1.968894 15.462193 -1276.693517 -520.638077
18.400000 2.001393 14.540348 -1324.853810 -556.318880
18.450000 1.990710 14.842198 -1306.836663 -542.404059
18.500000 1.987247 14.795465 -1312.240049 -549.137010
18.550000 2.003421 15.123781 -1303.047265 -533.733612
18.600000 1.992644 14.943132 -1313.886741 -548.711602
18.650000 2.019170 15.699895 -1271.234672 -495.873537
18.700000 1.996861 15.341710 -1289.511823 -522.717065
18.750000 2.046284 15.491823 -1285.723002 -499.950104
18.800000 1.957963 15.301876 -1286.451080 -534.593101
18.850000 2.019536 16.047799 -1245.933125 -470.431457
18.900000 1.987195 15.845167 -1258.106959 -495.023962
18.950000 2.041025 14.693375 -1326.384220 -542.630788
19.000000 2.008884 15.566258 -1280.093239 -508.681886
19.050000 1.998543 14.978237 -1311.101032 -543.660440
19.100000 2.012207 15.889690 -1259.800308 -487.112689
19.150000 2.005600 14.866907 -1310.777528 -540.627015
19.200000 1.980831 14.707226 -1312.814000 -552.174844
19.250000 1.983657 14.221763 -1341.027541 -579.303361
19.300000 2.004325 15.231579 -1289.135163 -519.474431
19.350000 1.974587 14.863977 -1302.502033 -544.260629
19.400000 2.016615 15.233017 -1285.024863 -510.644801
19.450000 1.997488 14.662604 -1320.246461 -553.211092
19.500000 2.012147 16.162501 -1240.396684 -467.732251
19.550000 2.029905 14.943295 -1308.372036 -528.888489
19.600000 2.020077 15.314750 -1289.564378 -513.854806
19.650000 2.017064 14.319344 -1340.975402 -566.422647
19.700000 2.027956 13.683244 -1373.524160 -594.788894
19.750000 1.995467 13.462896 -1377.786390 -611.527006
19.800000 1.997542 13.623775 -1373.033353 -605.977098
19.850000 1.987688 15.571164 -1276.249005 -512.976741
19.900000 1.997553 15.169087 -1298.531559 -531.471091
19.950000 1.994610 14.797625 -1314.483242 -548.553106
20.000000 2.005948 15.183336 -1295.352660 -525.068559
20.050000 2.016433 14.188314 -1340.158728 -565.848414
20.100000 1.997124 13.939402 -1352.438190 -585.542754
20.150000 2.004964 15.139260 -1298.023074 -528.116759
20.200000 2.006928 14.391658 -1337.937304 -567.277110
20.250000 1.979309 14.771509 -1314.454280 -554.399493
20.300000 1.986573 14.923668 -1308.543908 -545.699810
20.350000 2.047731 15.357495 -1285.980439 -499.651868
20.400000 2.008282 15.770173 -1263.065095 -491.884995
20.450000 2.013160 15.162546 -1296.379273 -523.325975
20.500000 2.018850 14.254408 -1340.481016 -565.242579
20.550000 2.021532 14.943678 -1305.896052 -529.627626
20.600000 1.988631 14.568884 -1325.367840 -561.733646
20.650000 2.016029 16.015037 -1246.250405 -472.095329
20.700000 1.992601 15.265607 -1291.397060 -526.238300
20.750000 2.008360 15.277989 -1294.476468 -523.266128
20.800000 2.000415 15.470762 -1287.583744 -519.424279
20.850000 2.031825 15.015646 -1309.123120 -528.902353
20.900000 2.017820 14.651068 -1319.406691 -544.563801
20.950000 1.991330 15.437840 -1280.962412 -516.291692
21.000000 2.035237 14.793464 -1322.993251 -541.462249
21.050000 1.989588 16.691866 -1216.358320 -452.356602
21.100000 1.967814 15.767598 -1266.576045 -510.935457
21.150000 2.017135 15.172442 -1295.709530 -521.129733
21.200000 1.999855 14.779910 -1317.200074 -549.255713
21.250000 1.985242 14.841144 -1312.009035 -549.676223
21.300000 2.014188 15.394625 -1283.850140 -510.402090
21.350000 1.995825 14.537242 -1335.849268 -569.452535
21.400000 1.993271 15.824321 -1267.165684 -501.749695
21.450000 1.993417 15.720306 -1264.932553 -499.460265
21.500000 1.977472 16.426352 -1229.665310 -470.316215
21.550000 2.045631 15.640067 -1275.505668 -489.983387
21.600000 1.991482 15.482066 -1277.646386 -512.917424
21.650000 2.011289 16.235630 -1242.076128 -469.741041
21.700000 1.994804 14.967995 -1309.854632 -543.849860
21.750000 1.980118 16.391308 -1236.622461 -476.257083
21.800000 2.022263 15.876858 -1252.757159 -476.208048
21.850000 1.984384 14.910245 -1307.064323 -545.060964
21.900000 1.996538 14.536813 -1327.110210 -560.439755
21.950000 1.989805 14.939334 -1302.407107 -538.322071
22.000000 1.954179 16.119447 -1243.965626 -493.560910
22.050000 2.022413 15.652864 -1269.477851 -492.871404
22.100000 1.968950 15.293729 -1290.859755 -534.783110
22.150000 1.994679 15.910092 -1257.565631 -491.609062
22.200000 2.000059 15.140451 -1296.363073 -528.340584
22.250000 2.013538 14.711138 -1311.416943 -538.218510
22.300000 1.996296 15.139939 -1288.145141 -521.567593
22.350000 2.004231 14.559276 -1320.459840 -550.835265
22.400000 2.018815 14.268390 -1339.184729 -563.959638
22.450000 2.008530 14.839156 -1309.143026 -537.867483
22.500000 1.975506 8.992458 -1298.637552 -540.043118
22.550000 1.986410 9.450539 -1274.850131 -512.068759
22.600000 2.028536 9.912960 -1254.693335 -475.735669
22.650000 2.000469 9.108706 -1303.656800 -535.476868
22.700000 2.002030 10.067252 -1240.464508 -471.684882
22.750000 1.992175 9.449553 -1267.244411 -502.249304
22.800000 2.024001 8.344616 -1329.919322 -552.702812
22.850000 2.016993 8.822943 -1295.586809 -521.061595
22.900000 1.990087 8.341178 -1322.822714 -558.629325
22.950000 1.991846 9.634817 -1255.770729 -490.901706
23.000000 2.022350 8.765959 -1306.641411 -530.058893
23.050000 1.991279 8.608216 -1309.888738 -545.237447
23.100000 2.003168 9.142322 -1287.646990 -518.430410
23.150000 2.031962 8.696923 -1315.705457 -535.432036
23.200000 1.986214 8.673216 -1313.771814 -551.065752
23.250000 2.002752 9.222320 -1285.958669 -516.901742
23.300000 1.970866 9.405930 -1272.125511 -515.312898
23.350000 2.002575 8.740624 -1306.600365 -537.611438
23.400000 2.001824 9.016204 -1288.032041 -519.331562
23.450000 1.992950 9.855166 -1237.703454 -472.410553
23.500000 1.998093 8.997941 -1287.675317 -520.407556
23.550000 1.996220 9.038432 -1281.968290 -515.419916
23.600000 1.987637 8.846648 -1298.400655 -535.147983
23.650000 1.987818 8.978623 -1298.352353 -535.030330
23.700000 2.006293 8.956639 -1301.356680 -530.940195
23.750000 2.010431 9.107763 -1295.225515 -523.220022
23.800000 2.009610 8.312785 -1334.728667 -563.038356
23.850000 1.985522 8.834800 -1302.932625 -540.492343
23.900000 1.988149 8.934908 -1299.144737 -535.695691
23.950000 1.996015 9.499867 -1268.748811 -502.279117
24.000000 2.004663 9.829915 -1250.240486 -480.450052
24.050000 2.025553 9.612312 -1255.928231 -478.115801
24.100000 1.999402 8.848282 -1297.719024 -529.948580
24.150000 1.997265 8.862215 -1295.649164 -528.699409
24.200000 1.962766 9.229750 -1273.741444 -520.039343
24.250000 2.027168 9.289732 -1271.588949 -493.156601
24.300000 2.014466 8.898876 -1292.369955 -518.814960
24.350000 1.998623 7.822931 -1352.769492 -585.298247
24.400000 2.013612 8.649000 -1306.858743 -533.631570
24.450000 2.001661 9.074650 -1288.204592 -519.566590
24.500000 1.975058 8.935413 -1292.687364 -534.265027
24.550000 1.982941 8.825095 -1297.888344 -536.438969
24.600000 1.988617 9.400522 -1268.088516 -504.459515
24.650000 2.008474 9.484791 -1271.465723 -500.211723
24.700000 1.989489 9.430293 -1272.114388 -508.150505
24.750000 1.995792 9.434826 -1266.227823 -499.843804
24.800000 1.986075 8.908854 -1296.889393 -534.236660
24.850000 2.002735 8.754294 -1308.833401 -539.782972
24.900000 1.990714 9.129187 -1285.748119 -521.314063
24.950000 2.004886 9.559669 -1270.237333 -500.361290
25.000000 2.002369 9.409470 -1277.903369 -508.993822
25.050000 1.976829 8.425846 -1329.046929 -569.944532
25.100000 1.987861 9.486612 -1263.998598 -500.659952
25.150000 2.000760 9.221327 -1282.262576 -513.970631
25.200000 1.999753 9.169306 -1283.256870 -515.351829
25.250000 2.000376 8.609183 -1316.503123 -548.358866
25.300000 2.000849 9.410288 -1271.589874 -503.263986
25.350000 2.018308 9.073737 -1290.358971 -515.328792
25.400000 1.983960 8.861298 -1298.679103 -536.838431
25.450000 2.003316 8.677957 -1311.200363 -541.927197
25.500000 1.990727 8.848235 -1305.770900 -541.331680
25.550000 2.011750 9.517848 -1264.622213 -492.110185
25.600000 1.996603 9.021700 -1294.856896 -528.161488
25.650000 2.014591 9.078259 -1293.304925 -519.701985
25.700000 1.999744 8.654242 -1316.100896 -548.199111
25.750000 1.973929 9.387558 -1273.568594 -515.580044
25.800000 1.990916 9.117839 -1291.180250 -526.668537
25.850000 1.983419 10.198751 -1227.737395 -466.104595
25.900000 2.025930 9.457986 -1270.767259 -492.810123
25.950000 1.974709 9.284561 -1278.637598 -520.349309
26.000000 1.988417 9.794419 -1249.598204 -486.046013
26.050000 2.022181 9.165501 -1284.367755 -507.850426
26.100000 1.986851 8.474414 -1326.739241 -563.788552
26.150000 1.978737 8.949879 -1303.468134 -543.632996
26.200000 1.979035 8.900609 -1309.791538 -549.842251
26.250000 1.995931 10.330470 -1226.859998 -460.422390
26.300000 1.992539 9.218880 -1284.474412 -519.339443
26.350000 1.952633 9.003837 -1294.539947 -544.728914
26.400000 2.024326 9.931864 -1247.420935 -470.079790
26.450000 2.021609 9.458941 -1270.500488 -494.202506
26.500000 1.985613 9.315200 -1275.537588 -513.062253
26.550000 1.998680 8.739366 -1310.691362 -543.198301
26.600000 1.990813 9.729787 -1258.264725 -493.792460
26.650000 1.997669 9.789712 -1258.223407 -491.118343
26.700000 2.001539 9.904014 -1248.682872 -480.091920
26.750000 2.000100 9.650410 -1260.990982 -492.952540
26.800000 1.992080 9.629784 -1265.183133 -500.224418
26.850000 1.997825 8.865233 -1310.398815 -543.234053
26.900000 1.998337 9.524882 -1264.805808 -497.444411
26.950000 1.973943 8.546163 -1320.161144 -562.167046
27.000000 1.998392 8.624339 -1315.475526 -548.093159
27.050000 1.995915 8.891480 -1296.976683 -530.545374
27.100000 1.986452 9.030041 -1297.447542 -534.649911
27.150000 1.992851 10.815193 -1193.432834 -428.178086
27.200000 1.988948 9.255643 -1285.210491 -521.454615
27.250000 2.013838 9.100738 -1295.222009 -521.908065
27.300000 1.998168 8.499265 -1316.025946 -548.729304
27.350000 1.995528 7.821334 -1354.111929 -587.829212
27.400000 1.973565 9.512994 -1263.947991 -506.099069
27.450000 1.997853 9.769835 -1257.335338 -490.159644
27.500000 2.009350 8.336586 -1334.701644 -563.111091
27.550000 1.980983 8.544264 -1319.177357 -558.479848
27.600000 1.977975 9.085195 -1288.160299 -528.617813
27.650000 2.020737 9.463618 -1275.924385 -499.961235
27.700000 2.019341 9.349634 -1276.345999 -500.918955
27.750000 2.000044 9.131015 -1287.163790 -519.146843
27.800000 1.993888 9.372181 -1271.128282 -505.475447
27.850000 2.050342 9.920984 -1238.155491 -450.824098
27.900000 1.998401 8.045914 -1348.675251 -581.289392
27.950000 1.992226 9.852618 -1252.758282 -487.743438
28.000000 1.999548 9.406375 -1276.873992 -509.047674
28.050000 1.996930 9.343833 -1271.437788 -504.616697
28.100000 2.008489 8.927063 -1297.958672 -526.698978
28.150000 1.967339 9.627975 -1253.475191 -498.016869
28.200000 2.018759 9.442738 -1265.735467 -490.532106
28.250000 1.991597 8.785367 -1310.163390 -545.390304
28.300000 2.002270 10.288664 -1229.834183 -460.962549
28.350000 2.013294 9.291520 -1280.100348 -506.995358
28.400000 1.990102 8.903721 -1292.925834 -528.726546
28.450000 2.004985 9.101800 -1282.274378 -512.360174
28.500000 1.992533 8.517410 -1316.847052 -551.714276
28.550000 1.990693 8.460701 -1328.149241 -563.723092
28.600000 1.985218 9.922095 -1249.502307 -487.178751
28.650000 2.007017 9.549264 -1270.007993 -499.313405
28.700000 1.996345 9.359162 -1274.838750 -508.242157
28.750000 1.998385 9.530884 -1265.645454 -498.265456
28.800000 1.983329 8.897190 -1305.176640 -543.578407
28.850000 2.014275 9.156766 -1292.186486 -518.704694
28.900000 2.003382 9.215443 -1288.505990 -519.207199
28.950000 1.988508 8.268858 -1341.357622 -577.770461
29.000000 2.008546 10.009319 -1244.845402 -473.563727
29.050000 1.977766 9.825899 -1250.456125 -490.993850
29.100000 2.020922 8.958552 -1294.391711 -518.357495
29.150000 1.965442 9.145667 -1280.160141 -525.430279
29.200000 2.022380 9.678036 -1255.603048 -479.009237
29.250000 1.995428 9.372602 -1274.314435 -508.070170
29.300000 1.996508 9.615043 -1265.122009 -498.462951
29.350000 1.994112 10.068661 -1241.892625 -476.153621
29.400000 2.007441 10.102508 -1236.706531 -465.849329
29.450000 2.004259 9.671948 -1258.389846 -488.754225
29.500000 2.006894 9.065111 -1288.944208 -518.296911
29.550000 2.009675 9.469891 -1259.196732 -487.481360
29.600000 1.998888 7.999969 -1345.678186 -578.105076
29.650000 1.993945 9.513031 -1263.856001 -498.180958
29.700000 1.993937 9.676985 -1255.054750 -489.383106
29.750000 2.016089 9.589614 -1256.184010 -482.005917
29.800000 2.013723 8.420662 -1330.654284 -557.384765
29.850000 2.001051 9.531409 -1270.219195 -501.815429
29.900000 1.994739 9.824506 -1248.699016 -482.719186
29.950000 1.988444 9.547874 -1262.294668 -498.732109
30.000000 1.996144 5.181642 -1231.228629 -464.709353
30.050000 1.999416 6.062620 -1174.501358 -406.725478
30.100000 2.008764 5.147270 -1234.412452 -463.046932
30.150000 2.002844 5.672754 -1207.376082 -438.283816
30.200000 2.023337 6.044199 -1187.958810 -410.997324
30.250000 2.016123 5.325531 -1222.157123 -447.965764
30.300000 1.972635 5.622900 -1195.733864 -438.242076
30.350000 1.994152 5.704779 -1192.539658 -426.785213
30.400000 1.998241 5.484658 -1204.649727 -437.324999
30.450000 2.005139 5.110309 -1225.392801 -455.419534
30.500000 1.976911 4.846190 -1242.444056 -483.310335
30.550000 1.979632 5.453274 -1202.887264 -442.708482
30.600000 1.999690 5.849815 -1183.795181 -415.914359
30.650000 2.002542 5.277635 -1215.175123 -446.198803
30.700000 1.993433 5.829734 -1172.528261 -407.049885
30.750000 1.971284 5.190833 -1217.590786 -460.617839
30.800000 2.031921 5.314157 -1214.593194 -434.335447
30.850000 1.983026 5.033730 -1232.340804 -470.859012
30.900000 1.999114 5.380393 -1216.548131 -448.888354
30.950000 1.996321 5.398280 -1213.014987 -446.427751
31.000000 2.001360 5.577410 -1197.900233 -429.377858
31.050000 1.991563 5.330911 -1210.289383 -445.529093
31.100000 1.981285 5.210183 -1221.426120 -460.612794
31.150000 2.005049 5.543643 -1201.310028 -431.371239
31.200000 1.999865 6.101296 -1161.404586 -393.456527
31.250000 1.986989 5.473471 -1202.495496 -439.491665
31.300000 1.999971 5.511973 -1202.982068 -434.993125
31.350000 2.003326 4.982505 -1237.578279 -468.301137
31.400000 1.987750 5.143354 -1227.663506 -464.367622
31.450000 2.002432 5.770992 -1194.191377 -425.257472
31.500000 1.989270 5.751102 -1197.105728 -433.225870
31.550000 1.999917 5.509523 -1204.841584 -436.873368
31.600000 2.032498 5.118739 -1227.581717 -447.102469
31.650000 1.993889 5.218200 -1219.485489 -453.832102
31.700000 1.998306 5.321768 -1211.100680 -443.751310
31.750000 2.019041 4.937058 -1235.883921 -460.572041
31.800000 1.980522 5.545866 -1196.430223 -435.909588
31.850000 2.002356 5.855548 -1179.203001 -410.298368
31.900000 2.005395 4.796024 -1247.673466 -477.601942
31.950000 2.017206 5.826945 -1176.858483 -402.251534
32.000000 1.982765 5.155583 -1220.283466 -458.901794
32.050000 1.988078 5.121379 -1224.280616 -460.858775
32.100000 1.978625 5.592376 -1195.741151 -435.949117
32.150000 2.015899 5.596057 -1198.368337 -424.262944
32.200000 1.955067 6.092225 -1167.009549 -416.263840
32.250000 2.010629 6.054601 -1173.163749 -401.082126
32.300000 1.997934 4.833696 -1246.040535 -478.833844
32.350000 1.997542 4.930521 -1236.180776 -469.124612
32.400000 1.990539 5.258613 -1214.547260 -450.180196
32.450000 1.999948 5.721076 -1195.870000 -427.890074
32.500000 2.006172 5.769142 -1193.496808 -423.126697
32.550000 2.007541 5.137364 -1229.329153 -458.433462
32.600000 2.008511 5.232784 -1226.059110 -454.790976
32.650000 1.985859 5.822256 -1186.905743 -424.336074
32.700000 1.986585 5.161300 -1231.939293 -469.090653
32.750000 2.016533 5.651100 -1192.694753 -418.346153
32.800000 2.023670 4.783369 -1242.116000 -465.026819
32.850000 1.985537 4.491576 -1261.513998 -499.067801
32.900000 2.012386 5.072754 -1226.140769 -453.384588
32.950000 1.994689 4.862515 -1238.287087 -472.326648
33.000000 1.993098 5.291908 -1214.316513 -448.966875
33.050000 1.991461 6.190953 -1157.454650 -392.733713
33.100000 2.019069 5.669329 -1196.041977 -420.719441
33.150000 1.988095 5.404743 -1211.009946 -447.581341
33.200000 1.999220 5.233061 -1217.177450 -449.476854
33.250000 1.997106 4.951348 -1227.440826 -460.551958
33.300000 2.029218 5.255144 -1206.076612 -426.856790
33.350000 1.991079 5.823833 -1172.770441 -408.196014
33.400000 2.009900 5.180780 -1223.368371 -451.566937
33.450000 1.993749 5.076899 -1233.947160 -468.347666
33.500000 2.016550 5.577139 -1203.906938 -429.551837
33.550000 1.987189 4.774403 -1254.907305 -491.826902
33.600000 2.007967 5.473970 -1209.562257 -438.502759
33.650000 1.998581 5.616143 -1193.404882 -425.949855
33.700000 2.027033 4.127941 -1287.788830 -509.407999
33.750000 1.994837 4.382334 -1264.506833 -498.489482
33.800000 1.990505 5.259039 -1209.137776 -444.783893
33.850000 2.027385 4.109875 -1285.465732 -506.949750
33.900000 1.976908 4.901601 -1230.819862 -471.687138
33.950000 1.995190 5.233628 -1224.051547 -457.898423
34.000000 2.039145 5.067539 -1242.833849 -459.802309
34.050000 1.980583 5.565294 -1200.747481 -440.203502
34.100000 2.014863 5.309919 -1214.042591 -440.335013
34.150000 1.996621 4.565973 -1261.156335 -494.453831
34.200000 2.000941 5.285663 -1215.124575 -446.763320
34.250000 2.024443 4.967600 -1238.313201 -460.926940
34.300000 1.985047 5.033869 -1228.386534 -466.128511
34.350000 2.009512 4.502567 -1259.623356 -487.970900
34.400000 2.000080 4.471243 -1257.630512 -489.599800
34.450000 2.009302 4.590228 -1248.346352 -476.774277
34.500000 1.966242 4.568787 -1252.959033 -497.922059
34.550000 1.989387 4.941097 -1236.672072 -472.747550
34.600000 2.005436 5.241390 -1219.745117 -449.657839
34.650000 2.020169 5.045640 -1233.201906 -457.456931
34.700000 1.975899 4.913477 -1239.638257 -480.892932
34.750000 2.006268 5.175786 -1218.491140 -448.084392
34.800000 1.982872 4.712863 -1245.902532 -484.479784
34.850000 2.016447 5.093005 -1229.891741 -455.575919
34.900000 1.981834 5.145537 -1239.659075 -478.634932
34.950000 1.995906 6.115232 -1183.696709 -417.268790
35.000000 1.989757 6.223168 -1178.171885 -414.105226
35.050000 1.993728 6.850665 -1136.128003 -370.536318
35.100000 2.020572 5.956064 -1189.812688 -413.913184
35.150000 2.004364 4.641547 -1271.626740 -501.951036
35.200000 1.990178 5.193410 -1233.868845 -469.640438
35.250000 1.999959 5.590507 -1206.400870 -438.416609
35.300000 1.988324 6.150295 -1161.797821 -398.281407
35.350000 2.012371 5.388714 -1208.504509 -435.754097
35.400000 2.017062 5.505060 -1201.631461 -427.079758
35.450000 2.000377 6.201348 -1155.129773 -386.984948
35.500000 2.007364 5.406659 -1205.039789 -434.211936
35.550000 2.008710 4.869073 -1243.033827 -471.689305
35.600000 1.984819 5.407072 -1219.853988 -457.683672
35.650000 2.021472 5.822324 -1197.430876 -421.185517
35.700000 1.995036 5.234133 -1228.903658 -462.809727
35.750000 1.985839 5.181145 -1233.815308 -471.252999
35.800000 2.006099 5.506421 -1210.448202 -440.106265
35.850000 2.006600 5.775218 -1187.493474 -416.959043
35.900000 1.976249 5.515970 -1207.367589 -448.487852
35.950000 2.005591 5.411260 -1212.333629 -442.186620
36.000000 2.012331 4.941857 -1239.889419 -467.154386
36.050000 1.986440 4.948677 -1232.037192 -469.244261
36.100000 1.993231 4.722671 -1255.573098 -490.172484
36.150000 1.996371 5.914085 -1182.808656 -416.202104
36.200000 2.002343 5.681442 -1186.938141 -418.038608
36.250000 2.013944 5.387889 -1194.393887 -421.039297
36.300000 1.997472 4.765823 -1233.855545 -466.826275
36.350000 1.989519 4.690339 -1244.826384 -480.851076
36.400000 1.997598 5.171790 -1219.825658 -452.748028
36.450000 2.004263 4.992478 -1228.634839 -458.997866
36.500000 1.995814 5.757521 -1184.580335 -418.187887
36.550000 2.012758 6.349586 -1152.508112 -379.609054
36.600000 2.031223 5.180304 -1230.089265 -450.099750
36.650000 1.992095 5.593985 -1208.532418 -443.567979
36.700000 2.022982 5.346680 -1227.462973 -450.637871
36.750000 1.992808 5.905183 -1193.531965 -428.293527
36.800000 2.012146 6.202930 -1176.118652 -403.454421
36.850000 1.991783 5.629716 -1206.002938 -441.158325
36.900000 1.993666 5.178768 -1235.874213 -470.306553
36.950000 2.012524 5.766565 -1187.463721 -414.654492
37.000000 1.993755 5.211824 -1227.710284 -462.108480
37.050000 1.999529 5.667698 -1200.816151 -432.997083
37.100000 2.017441 5.713385 -1191.969221 -417.271897
37.150000 2.008284 4.893595 -1239.795095 -468.613967
37.200000 1.983768 5.357884 -1203.292980 -441.526030
37.250000 2.003705 4.733118 -1247.253663 -477.830912
37.300000 2.033967 4.752202 -1246.305770 -465.262527
37.350000 1.980291 4.825481 -1241.013729 -480.581960
37.400000 1.999470 5.682573 -1193.996197 -426.199805
37.450000 1.990416 5.446033 -1210.568078 -446.248510
37.500000 1.990923 2.740644 -1113.142307 -348.627781
37.550000 2.002497 2.764282 -1113.831577 -344.872864
37.600000 2.002135 3.082053 -1096.095830 -327.276036
37.650000 1.994511 3.103281 -1099.557052 -333.664662
37.700000 1.988429 3.004927 -1104.773567 -341.216910
37.750000 1.992692 3.234731 -1083.074154 -317.880539
37.800000 1.991647 3.193809 -1082.803525 -318.010956
37.850000 1.998308 3.534449 -1060.587188 -293.236914
37.900000 2.000618 2.994213 -1105.638573 -337.401382
37.950000 2.002770 3.563262 -1065.012001 -295.948356
38.000000 2.005139 3.076207 -1098.233097 -328.259536
38.050000 1.981940 3.724201 -1048.435976 -287.371088
38.100000 2.004709 2.880164 -1109.882402 -340.074057
38.150000 2.006076 2.689731 -1119.479799 -349.146638
38.200000 1.999616 3.282474 -1080.166838 -312.314406
38.250000 2.012813 3.286450 -1086.689532 -313.769194
38.300000 1.995096 2.630316 -1130.935114 -364.818200
38.350000 1.993345 2.491063 -1135.307180 -369.862862
38.400000 1.997693 2.497461 -1132.703384 -365.589307
38.450000 2.008656 2.558264 -1127.836209 -356.512164
38.500000 1.988175 2.253235 -1149.780819 -386.321497
38.550000 1.995158 2.569302 -1127.458760 -361.318017
38.600000 2.013818 2.457088 -1141.073125 -367.767119
38.650000 2.005653 2.317923 -1152.883162 -382.712270
38.700000 1.992253 2.300624 -1161.060046 -396.035033
38.750000 1.973750 3.113182 -1114.359515 -356.439700
38.800000 2.001915 3.347665 -1113.462491 -344.727127
38.850000 1.958995 4.079141 -1065.164246 -312.910335
38.900000 2.014284 3.860942 -1082.712783 -309.227683
38.950000 1.999231 2.904723 -1139.226868 -371.522190
39.000000 1.993066 3.008218 -1119.111686 -353.774176
39.050000 1.991077 3.082128 -1109.390274 -344.816645
39.100000 2.007346 2.811628 -1130.104204 -359.283298
39.150000 1.994441 2.358639 -1157.687031 -391.821700
39.200000 2.011321 2.042329 -1182.527378 -410.180214
39.250000 2.000832 2.877472 -1114.569262 -346.249634
39.300000 1.983141 2.556825 -1136.815212 -375.289085
39.350000 1.994116 3.234437 -1085.828707 -320.088189
39.400000 2.009259 3.228851 -1083.989355 -312.434071
39.450000 2.004555 2.897934 -1104.776580 -335.027589
39.500000 1.986195 3.365177 -1062.593841 -299.895001
39.550000 2.009170 2.751109 -1111.687950 -340.166750
39.600000 1.990272 3.471691 -1068.803795 -304.539228
39.650000 2.016197 3.317829 -1088.436113 -314.216372
39.700000 1.978650 3.223167 -1094.599828 -334.798091
39.750000 2.006424 3.263893 -1093.345051 -322.878087
39.800000 2.022302 3.077717 -1107.338543 -330.774630
39.850000 1.992016 3.128617 -1099.211214 -334.277035
39.900000 1.997727 3.234146 -1088.832760 -321.705729
39.950000 2.016043 2.573900 -1134.100771 -359.940118
40.000000 2.004004 2.668843 -1126.995485 -357.458021
40.050000 2.025967 3.042731 -1097.328139 -319.356951
40.100000 1.995175 2.318959 -1135.884250 -369.736950
40.150000 1.994328 2.015299 -1152.609893 -386.787843
40.200000 2.010042 2.440862 -1127.216906 -355.360794
40.250000 1.985882 2.497290 -1126.640330 -364.061618
40.300000 1.991022 3.212960 -1079.556872 -315.004533
40.350000 1.998787 2.969275 -1104.106166 -336.571813
40.400000 1.997468 3.154698 -1090.780338 -323.752503
40.450000 1.990807 3.350762 -1077.324308 -312.854339
40.500000 2.019225 3.072711 -1099.018987 -323.636565
40.550000 2.001387 3.120245 -1099.317723 -330.785106
40.600000 1.996995 3.166273 -1094.998828 -328.152736
40.650000 2.000171 2.902983 -1112.588430 -344.522622
40.700000 2.010038 3.393817 -1076.787701 -304.933031
40.750000 2.006952 3.132292 -1098.839109 -328.169555
40.800000 2.002576 2.764967 -1125.156479 -356.167417
40.850000 2.005487 2.831097 -1114.564487 -344.457666
40.900000 1.964225 3.233635 -1083.692036 -329.429786
40.950000 2.009251 3.461258 -1064.548470 -292.996140
41.000000 1.985025 3.047301 -1088.953233 -326.703770
41.050000 1.977119 3.173190 -1084.085353 -324.871588
41.100000 2.012386 3.858539 -1041.380313 -268.624258
41.150000 2.000232 3.184533 -1098.708180 -330.619064
41.200000 1.991831 3.469781 -1081.199656 -316.336635
41.250000 2.014190 3.737317 -1061.708015 -288.259098
41.300000 2.015076 2.823326 -1122.049455 -348.260254
41.350000 1.983757 3.280765 -1080.283557 -318.520782
41.400000 2.019102 3.055819 -1093.628450 -318.293406
41.450000 2.002032 3.401069 -1064.642218 -295.861814
41.500000 2.005331 3.316234 -1066.860985 -296.813906
41.550000 1.995930 2.725541 -1109.313954 -342.876789
41.600000 2.007315 2.727818 -1114.195488 -343.386658
41.650000 1.998319 3.024802 -1094.168241 -326.813680
41.700000 1.987413 2.876466 -1111.539846 -348.373194
41.750000 2.002347 3.224290 -1089.749647 -320.848241
41.800000 1.996029 2.685288 -1132.166306 -365.690988
41.850000 2.006032 2.991970 -1108.013002 -337.696646
41.900000 1.978232 3.271076 -1084.849145 -325.207901
41.950000 1.994259 3.134276 -1104.006068 -338.210803
42.000000 2.008218 3.524923 -1071.955373 -300.799630
42.050000 2.009711 2.898303 -1109.166407 -337.437429
42.100000 1.988745 2.916233 -1100.101266 -336.423156
42.150000 1.996080 2.994715 -1096.887435 -330.392792
42.200000 2.006255 2.943405 -1103.463844 -333.061831
42.250000 1.979709 3.487106 -1064.288481 -304.080175
42.300000 1.995510 3.519750 -1072.675405 -306.399748
42.350000 2.007206 3.523064 -1073.633547 -302.866541
42.400000 1.998828 2.517968 -1138.619654 -371.069583
42.450000 2.003707 2.521822 -1132.316902 -362.893343
42.500000 2.002526 2.786841 -1114.728015 -345.757865
42.550000 2.006731 2.691687 -1131.304761 -360.720161
42.600000 1.987851 3.425078 -1082.455619 -319.120718
42.650000 2.019567 2.979531 -1115.695844 -340.182278
42.700000 1.981528 2.951499 -1110.644241 -349.737470
42.750000 1.991588 3.903683 -1044.506142 -279.736283
42.800000 1.993402 3.719839 -1057.085835 -291.619392
42.850000 2.005579 3.374105 -1078.221071 -308.078836
42.900000 2.014446 3.194695 -1079.342613 -305.795508
42.950000 1.983506 2.512749 -1118.961179 -357.294766
43.000000 2.002501 2.624722 -1116.150491 -347.190128
43.050000 1.988028 2.791881 -1109.923196 -346.520445
43.100000 2.011084 2.704183 -1122.583653 -350.327272
43.150000 2.002943 2.931968 -1102.068902 -332.938790
43.200000 1.991616 2.752098 -1124.460169 -359.679812
43.250000 1.996722 3.031813 -1112.113152 -345.371791
43.300000 2.003151 2.439576 -1147.080305 -377.870513
43.350000 1.979353 2.709428 -1119.795694 -359.724311
43.400000 2.025135 2.676707 -1127.365768 -349.713988
43.450000 1.975401 2.846668 -1116.558397 -358.004307
43.500000 2.008866 3.316860 -1089.088990 -317.684556
43.550000 2.012774 3.049666 -1107.792485 -334.887431
43.600000 1.997361 3.053587 -1106.741116 -339.754509
43.650000 2.020726 3.163080 -1099.420221 -323.461407
43.700000 1.990387 2.950120 -1113.783164 -349.474441
43.750000 2.008924 2.430685 -1146.633910 -375.207073
43.800000 1.997715 2.396201 -1145.623758 -378.501312
43.850000 1.995052 3.511070 -1067.009233 -300.909436
43.900000 2.002653 3.494013 -1076.054699 -307.036137
43.950000 2.001459 4.097513 -1031.838045 -263.277889
44.000000 2.009682 3.186742 -1096.379206 -324.661499
44.050000 1.995412 3.105221 -1099.279229 -333.040928
44.100000 2.001987 2.863747 -1114.384620 -345.621557
44.150000 2.002731 3.222988 -1081.328613 -312.279719
44.200000 1.995209 2.312236 -1152.182638 -386.022426
44.250000 2.002267 3.000167 -1102.896382 -334.025946
44.300000 2.017156 2.688092 -1122.925058 -348.337326
44.350000 2.008350 2.744072 -1119.705233 -348.498799
44.400000 1.987288 2.780957 -1117.355172 -354.236420
44.450000 2.005662 3.002993 -1102.435446 -332.261186
44.500000 1.989553 3.251100 -1083.472736 -319.484373
44.550000 2.004044 2.703944 -1119.538010 -349.985151
44.600000 2.007375 2.700828 -1117.574700 -346.742822
44.650000 1.990078 2.604047 -1125.976548 -361.786524
44.700000 2.001461 3.128095 -1091.355941 -322.794815
44.750000 1.992459 2.848444 -1112.721427 -347.617229
44.800000 1.988031 2.833127 -1105.039325 -341.635298
44.850000 2.017298 2.647066 -1116.026113 -341.383720
44.900000 2.000026 2.642238 -1116.499747 -348.489928
44.950000 1.989798 3.137339 -1082.207982 -318.125520
45.000000 1.997210 1.599839 -969.156420 -202.227960
45.050000 1.988668 1.580726 -970.398504 -206.749807
45.100000 1.993006 1.829674 -946.833511 -181.519312
45.150000 1.999890 1.694235 -963.561480 -195.603536
45.200000 1.989926 2.131445 -933.382471 -169.250805
45.250000 1.992706 2.355489 -922.468125 -157.268863
45.300000 2.009718 1.904189 -955.326939 -183.595400
45.350000 2.005034 1.743105 -958.390685 -188.457463
45.400000 2.003024 1.805592 -953.928544 -184.767495
45.450000 1.999759 1.349502 -990.541542 -222.634188
45.500000 1.999703 1.654856 -958.400758 -190.514958
45.550000 1.996537 1.432852 -974.534413 -207.864090
45.600000 1.998968 1.573496 -962.682222 -195.078318
45.650000 1.997352 1.640715 -966.868430 -199.885399
45.700000 1.984661 1.948064 -947.292967 -185.183261
45.750000 2.014210 1.572472 -978.300039 -204.843284
45.800000 2.006519 1.683520 -973.856522 -203.353257
45.850000 1.996310 2.077998 -947.350767 -180.767674
45.900000 1.999279 2.067977 -951.837754 -184.114766
45.950000 2.003877 1.676953 -980.309579 -210.820809
46.000000 1.999054 1.587554 -973.433024 -205.796423
46.050000 2.005375 1.054651 -1004.166024 -234.102120
46.100000 1.986603 1.361870 -971.597461 -208.742022
46.150000 2.004769 1.409895 -977.426220 -207.594742
46.200000 2.004650 1.387269 -987.034602 -217.248815
46.250000 1.999613 1.608810 -974.141876 -206.290407
46.300000 1.999258 1.874750 -958.096061 -190.381138
46.350000 1.991510 2.281990 -930.548135 -165.808179
46.400000 1.988429 2.424455 -921.497633 -157.940720
46.450000 2.018742 1.819628 -966.055044 -190.858199
46.500000 1.993168 1.324550 -999.639416 -234.263006
46.550000 1.997077 1.483912 -981.422057 -214.544608
46.600000 1.986279 1.323426 -996.224373 -233.493250
46.650000 1.982405 2.199217 -924.561394 -163.317840
46.700000 1.988889 2.079633 -932.904720 -169.171194
46.750000 1.996419 1.940716 -943.772517 -177.147452
46.800000 2.030721 1.515957 -979.726881 -199.930169
46.850000 1.999526 1.686895 -959.456396 -191.638519
46.900000 1.987046 1.551788 -965.595560 -202.569815
46.950000 1.968251 1.846278 -953.287364 -197.478939
47.000000 2.003139 2.663677 -896.180049 -126.974600
47.050000 2.023593 1.842310 -959.405448 -182.345878
47.100000 2.001092 1.590591 -969.173183 -200.753910
47.150000 1.998923 1.422430 -983.048123 -215.461574
47.200000 2.000068 1.621919 -976.695698 -208.669720
47.250000 1.988375 2.333559 -923.655520 -160.119506
47.300000 2.006791 1.935705 -956.417865 -185.809962
47.350000 1.999214 1.779612 -967.657426 -199.959160
47.400000 2.012671 1.823311 -963.779316 -190.913516
47.450000 2.004882 1.705917 -965.181960 -195.307225
47.500000 1.992739 1.294718 -991.120456 -225.908802
47.550000 2.007696 1.442587 -977.702980 -206.747618
47.600000 1.980240 1.775414 -946.083743 -185.671674
47.650000 2.011287 1.401300 -978.285123 -205.950762
47.700000 2.006546 1.483076 -968.815811 -198.301962
47.750000 1.985182 1.349076 -986.851163 -224.541319
47.800000 1.995456 1.753305 -965.326731 -199.071738
47.850000 2.006788 1.810372 -971.417704 -200.811040
47.900000 1.988879 2.039255 -953.701557 -189.971952
47.950000 1.993732 1.830423 -974.060397 -208.467498
48.000000 2.015047 1.953948 -964.430780 -190.652804
48.050000 1.987383 2.090297 -950.098786 -186.943879
48.100000 2.004235 2.045821 -945.303925 -175.677557
48.150000 1.995223 1.440824 -988.174567 -222.009015
48.200000 1.992453 2.063566 -936.306116 -171.204327
48.250000 1.999099 1.981088 -945.631506 -177.977308
48.300000 1.990911 2.124026 -930.376704 -165.867029
48.350000 2.004645 1.609928 -978.522928 -208.739251
48.400000 2.010003 2.095725 -937.438994 -165.597887
48.450000 1.987847 1.742958 -966.401947 -203.068875
48.500000 2.005894 1.740172 -967.993516 -197.730142
48.550000 2.017715 1.505216 -986.875108 -212.072640
48.600000 2.002333 1.342990 -997.126637 -228.230743
48.650000 1.993183 1.911217 -949.287426 -183.905136
48.700000 2.012423 1.358379 -993.314049 -220.543635
48.750000 2.003624 1.351603 -983.988283 -214.596584
48.800000 1.971418 1.255489 -992.379680 -235.355274
48.850000 2.008652 1.232950 -999.386252 -228.063984
48.900000 1.997381 1.831185 -943.967069 -176.972890
48.950000 1.996047 1.380079 -978.225302 -211.743147
49.000000 1.999647 1.414792 -977.583175 -209.718588
49.050000 2.000185 1.644357 -962.706482 -194.635545
49.100000 2.005825 1.483290 -975.924715 -205.688090
49.150000 2.005726 1.464457 -977.157873 -206.959110
49.200000 2.002329 1.886920 -942.996180 -174.101812
49.250000 1.996824 1.770918 -954.659568 -187.879289
49.300000 1.998356 1.723492 -956.791912 -189.423393
49.350000 2.002108 1.942793 -939.658347 -170.848713
49.400000 2.007906 1.523421 -974.988760 -203.952834
49.450000 1.997435 1.983287 -938.169482 -171.154385
49.500000 1.994080 2.040959 -939.697331 -173.970682
49.550000 1.985362 2.463927 -903.344473 -140.965449
49.600000 2.021850 1.405947 -978.070217 -201.679872
49.650000 1.983094 1.380866 -967.683234 -206.175292
49.700000 2.012562 1.433678 -969.858119 -197.034131
49.750000 1.999138 1.398059 -985.094693 -217.425729
49.800000 2.003658 1.906390 -953.460796 -184.056184
49.850000 2.019971 1.978552 -949.514388 -173.845597
49.900000 1.984460 1.879150 -950.389016 -188.356228
49.950000 2.014972 1.250038 -994.635889 -220.886493
50.000000 1.983982 1.438524 -974.420451 -212.571375
50.050000 1.993511 1.905344 -943.900663 -178.392267
50.100000 2.014099 1.458333 -990.683946 -217.269822
50.150000 1.973779 2.606799 -893.244877 -135.313599
50.200000 2.009282 1.527989 -984.386164 -212.821722
50.250000 1.997245 1.530500 -975.669115 -208.726855
50.300000 2.003419 1.621503 -967.511343 -198.198326
50.350000 1.993105 1.808336 -947.504137 -182.151634
50.400000 2.012191 1.600508 -968.427746 -195.746395
50.450000 1.998114 1.910298 -944.982506 -177.706736
50.500000 1.992634 1.685131 -965.752685 -200.581112
50.550000 1.992957 1.965511 -950.076329 -184.780772
50.600000 2.010734 2.268630 -925.245556 -153.123588
50.650000 2.013993 2.093709 -931.715341 -158.342028
50.700000 1.998614 2.229774 -915.740018 -148.272144
50.750000 2.002879 1.831277 -956.184261 -187.078661
50.800000 2.011803 1.905130 -962.231148 -189.698898
50.850000 1.996102 2.111272 -952.379552 -185.876408
50.900000 2.010971 2.153278 -944.381410 -172.168474
50.950000 1.998399 1.737896 -962.042803 -194.657619
51.000000 2.002061 1.749386 -947.146241 -178.354671
51.050000 1.997937 1.355211 -979.178118 -211.970403
51.100000 1.994015 1.619818 -960.450390 -194.748557
51.150000 2.006100 1.439423 -979.818801 -209.476301
51.200000 1.980153 1.556041 -969.976277 -209.597611
51.250000 2.015332 1.813559 -946.956341 -173.068663
51.300000 1.996869 1.606312 -957.188663 -190.391113
51.350000 1.992775 1.390033 -974.733355 -209.507749
51.400000 2.003407 1.531198 -968.517613 -199.209241
51.450000 1.997483 1.976441 -939.155564 -172.121908
51.500000 2.018335 1.656347 -965.808742 -190.767916
51.550000 1.997037 1.353318 -983.753334 -216.891138
51.600000 1.998809 1.552496 -970.508888 -202.966384
51.650000 2.009437 1.612202 -966.666674 -195.043003
51.700000 1.989380 1.639167 -963.614930 -199.693201
51.750000 2.011710 1.145880 -1005.651909 -233.155151
51.800000 1.979904 1.989788 -939.469215 -179.186258
51.850000 1.988699 2.070337 -946.694990 -183.034496
51.900000 2.010579 2.202563 -944.121417 -172.058928
51.950000 2.003437 1.997173 -965.051410 -195.731752
52.000000 1.974587 1.989011 -956.776145 -198.534912
52.050000 2.009567 1.875437 -960.670600 -188.996733
52.100000 1.999613 1.612323 -973.669791 -205.818210
52.150000 1.994481 1.559789 -979.657083 -213.776463
52.200000 1.999768 1.828428 -964.996041 -197.085002
52.250000 2.007095 2.215107 -934.997778 -164.273109
52.300000 1.993971 1.948897 -951.082373 -185.397449
52.350000 1.999866 1.741101 -964.376174 -196.427555
52.400000 1.984842 1.663618 -967.488067 -205.308701
52.450000 2.017364 1.890182 -953.237744 -178.570100
52.500000 1.987097 0.580444 -840.934568 -77.889265
52.550000 2.003112 0.700596 -820.390282 -51.195139
52.600000 1.995365 0.637707 -823.772548 -57.552249
52.650000 1.997166 0.971373 -798.267582 -31.355853
52.700000 1.991174 1.281929 -775.727576 -11.116876
52.750000 1.991009 1.309086 -780.403527 -15.856157
52.800000 1.990230 1.450708 -766.637850 -2.389613
52.850000 2.000329 1.199904 -795.324650 -27.198252
52.900000 1.991962 1.270772 -793.827196 -28.913667
52.950000 2.009176 1.065884 -812.388257 -40.864650
53.000000 1.981512 1.171365 -803.573439 -42.673015
53.050000 1.999537 1.458512 -783.855652 -16.033314
53.100000 2.000652 1.302699 -801.640870 -33.390449
53.150000 1.991273 1.403237 -790.555975 -25.906987
53.200000 2.004307 1.360944 -790.782858 -21.128918
53.250000 2.017181 1.231080 -790.262322 -15.664846
53.300000 1.995446 1.312535 -764.746151 1.505232
53.350000 2.020990 0.678131 -816.755290 -40.694965
53.400000 1.984586 0.886889 -788.880664 -26.799735
53.450000 2.001295 0.898109 -793.795656 -25.298188
53.500000 1.999455 0.736119 -815.290536 -47.499713
53.550000 1.996974 0.949082 -798.344334 -31.506292
53.600000 1.982969 1.104020 -792.879270 -31.419046
53.650000 2.005033 1.343587 -777.390124 -7.457313
53.700000 2.001741 1.048165 -809.386046 -40.717662
53.750000 1.994093 1.163702 -795.434438 -29.702901
53.800000 2.006520 0.967732 -815.625581 -45.122010
53.850000 1.995984 1.178206 -797.244899 -30.786872
53.900000 2.004751 0.990909 -815.240104 -45.415737
53.950000 2.009315 0.913277 -817.606297 -46.029217
54.000000 2.002522 0.819817 -828.270064 -59.301746
54.050000 1.997824 1.118753 -805.289786 -38.125307
54.100000 2.014429 0.990914 -826.443878 -52.903124
54.150000 1.997048 1.041787 -822.113107 -55.246623
54.200000 1.999318 1.124415 -810.315816 -42.577724
54.250000 2.004456 0.881746 -827.931412 -58.220157
54.300000 1.999240 0.748229 -840.168246 -72.460002
54.350000 1.998175 1.043980 -816.835794 -49.536641
54.400000 2.002725 1.354779 -791.567376 -22.521140
54.450000 2.008664 1.017379 -823.502811 -52.175847
54.500000 1.998615 1.108070 -809.936884 -42.468670
54.550000 1.997800 0.935137 -826.689526 -59.534255
54.600000 1.990307 0.932332 -831.395823 -67.118003
54.650000 1.999282 1.128249 -818.408230 -50.684079
54.700000 1.999364 1.349010 -795.519303 -27.763608
54.750000 1.991756 1.058726 -819.356012 -54.521662
54.800000 1.999290 1.167183 -801.694983 -33.967617
54.850000 1.994154 1.090770 -807.506457 -41.751456
54.900000 1.994638 0.994366 -813.157662 -47.216839
54.950000 2.003652 0.767567 -834.788681 -65.386443
55.000000 1.983085 1.044177 -808.331498 -46.826962
55.050000 1.990410 0.989734 -822.351094 -58.033554
55.100000 1.979589 1.304461 -795.113398 -34.951154
55.150000 2.002898 1.197096 -805.321829 -36.209013
55.200000 2.000542 0.924195 -823.565343 -55.357094
55.250000 1.982123 1.049976 -808.164095 -47.028980
55.300000 1.992028 1.105515 -813.579973 -48.641158
55.350000 1.987676 1.346762 -802.549169 -39.281622
55.400000 2.026185 1.644325 -776.191212 1.864005
55.450000 1.992052 1.398002 -791.965691 -27.017717
55.500000 2.002765 1.445495 -782.305937 -13.243996
55.550000 2.000887 1.039777 -812.227333 -43.886860
55.600000 2.005515 0.821147 -818.558823 -48.441114
55.650000 1.999065 0.957136 -798.340183 -30.699314
55.700000 2.002156 0.864467 -806.475789 -37.647898
55.750000 2.002782 0.922919 -796.642243 -27.573896
55.800000 2.003872 0.786608 -811.404180 -41.917402
55.850000 2.004846 0.921939 -801.130520 -31.269543
55.900000 1.985534 1.049407 -795.603670 -33.158581
55.950000 2.020646 0.932249 -814.910599 -38.982584
56.000000 2.002630 1.004928 -807.344928 -38.334863
56.050000 1.997591 0.916635 -816.148129 -49.073232
56.100000 2.003139 0.724123 -839.412661 -70.207425
56.150000 1.986866 1.063376 -811.273077 -48.316517
56.200000 2.005496 1.163454 -809.676065 -39.565623
56.250000 2.000344 1.264377 -798.580308 -30.448183
56.300000 1.994858 1.077530 -813.094973 -47.069392
56.350000 2.001690 1.199242 -799.476368 -30.827485
56.400000 2.004930 0.829450 -830.549387 -60.656145
56.450000 1.995384 0.743627 -831.679980 -65.452641
56.500000 1.996385 0.856916 -817.174019 -50.562157
56.550000 2.007416 0.701261 -833.139697 -62.292065
56.600000 1.995460 0.942029 -811.371053 -45.114347
56.650000 1.995423 1.069385 -796.764242 -30.521730
56.700000 1.997141 0.766282 -820.479763 -53.577709
56.750000 1.991625 0.900944 -805.038630 -40.254444
56.800000 2.017759 1.049102 -792.293089 -17.473712
56.850000 1.997823 0.851154 -812.679827 -45.515665
56.900000 2.002450 1.108258 -789.437758 -20.497142
56.950000 1.999957 1.114601 -789.697956 -21.714607
57.000000 2.009082 1.020485 -795.863529 -24.376146
57.050000 2.002486 0.588699 -837.781828 -68.827355
57.100000 1.978760 1.091667 -790.191326 -30.347622
57.150000 1.997160 1.230830 -782.002994 -15.093480
57.200000 2.011200 0.798636 -825.045297 -52.744674
57.250000 2.003693 1.075658 -799.120661 -29.702627
57.300000 2.008713 1.080049 -805.544250 -34.198532
57.350000 1.995073 1.287490 -783.154566 -17.046500
57.400000 2.008763 0.746002 -834.778378 -63.413555
57.450000 1.974529 1.114572 -797.296226 -39.077003
57.500000 2.002695 1.239986 -792.333314 -23.298385
57.550000 1.994069 1.124617 -805.023467 -39.300809
57.600000 2.002620 1.343340 -781.293243 -12.287127
57.650000 2.012638 1.148284 -796.590215 -23.737333
57.700000 1.995781 0.993884 -803.976698 -37.596710
57.750000 2.004171 0.813428 -821.977130 -52.375448
57.800000 1.991657 1.069378 -800.010915 -35.214806
57.850000 1.993125 1.300720 -787.426827 -22.066964
57.900000 2.003903 1.317267 -792.568411 -23.069757
57.950000 2.001214 1.330848 -788.813756 -20.347574
58.000000 2.001717 1.380327 -776.203934 -7.544426
58.050000 1.996413 1.123835 -798.261799 -31.639142
58.100000 2.006587 1.312122 -784.020457 -13.491002
58.150000 2.013404 1.425540 -778.280673 -5.133560
58.200000 1.989848 1.332321 -787.059258 -22.957547
58.250000 1.994583 1.309998 -787.308202 -21.388466
58.300000 2.004565 1.503395 -758.196206 11.556828
58.350000 2.021424 0.969347 -802.374173 -26.147380
58.400000 1.999804 0.715903 -825.776766 -57.851940
58.450000 1.983095 0.957402 -807.102595 -45.594149
58.500000 2.021181 1.317991 -780.800975 -4.667586
58.550000 2.005835 1.230877 -791.593798 -21.353138
58.600000 1.995836 1.033335 -818.896183 -52.495238
58.650000 2.008401 1.313492 -795.723262 -24.497429
58.700000 1.989403 1.306410 -798.805872 -34.875265
58.750000 1.987537 1.507483 -783.697852 -20.483464
58.800000 2.000804 1.310057 -803.778650 -35.469861
58.850000 1.989005 1.204425 -809.859836 -46.081753
58.900000 2.019161 1.277127 -799.528389 -24.170381
58.950000 1.997176 0.955150 -824.622132 -57.706509
59.000000 1.981139 1.555971 -764.183282 -3.426060
59.050000 2.019786 1.138282 -804.758586 -29.160764
59.100000 1.995161 0.774156 -828.404590 -62.262714
59.150000 1.992389 0.817834 -825.985278 -60.907990
59.200000 1.994948 1.505383 -764.040591 2.019278
59.250000 2.011885 1.179238 -798.034167 -25.470354
59.300000 2.004637 1.058069 -803.993119 -34.212329
59.350000 1.996304 0.967072 -805.108852 -38.528255
59.400000 2.008106 0.746969 -822.854838 -51.742245
59.450000 2.000221 0.670137 -830.261260 -62.176284
59.500000 1.996181 0.761016 -828.834243 -62.300778
59.550000 2.010360 0.681867 -847.372827 -75.394644
59.600000 1.998350 0.871595 -838.722743 -71.356386
59.650000 1.984282 1.459069 -796.039149 -34.074785
59.700000 2.014750 1.364790 -813.296198 -39.632030
59.750000 2.009614 1.405929 -804.662468 -32.970699
59.800000 1.995293 1.412533 -793.239949 -27.047409
59.850000 1.989968 0.996250 -834.365255 -70.217497
59.900000 2.008572 1.260841 -808.927114 -37.635416
59.950000 1.989396 1.467649 -785.840914 -21.912833
60.000000 1.985820 0.710759 -641.673841 120.880880
60.050000 2.001845 1.063746 -603.681697 165.026642
60.100000 2.018414 0.868001 -627.900090 147.171065
60.150000 2.000500 0.789974 -633.943828 134.248067
60.200000 2.005727 0.633374 -649.646662 120.552457
60.250000 2.015369 0.466295 -667.844034 106.057609
60.300000 1.988739 0.736056 -636.166211 127.509436
60.350000 1.998096 0.763965 -641.492366 125.776545
60.400000 1.999254 0.809999 -642.654638 125.058938
60.450000 1.996869 0.887561 -641.548591 125.249085
60.500000 1.992651 0.832195 -657.800023 107.377784
60.550000 2.014767 0.845580 -655.481472 118.188992
60.600000 1.994508 0.465587 -695.084737 70.806228
60.650000 1.998214 0.651850 -671.417780 95.896256
60.700000 2.006098 0.663411 -673.133834 97.207966
60.750000 1.997737 0.628671 -676.944291 90.186867
60.800000 1.985386 0.870041 -648.148650 114.239601
60.850000 1.991761 0.863153 -649.435605 115.400587
60.900000 2.005390 0.580469 -678.055436 92.014505
60.950000 1.995808 0.447456 -689.312545 77.077769
61.000000 1.992506 0.540128 -677.579357 87.543102
61.050000 2.010116 0.536793 -678.595461 93.288941
61.100000 1.986694 0.610644 -673.441704 89.448906
61.150000 2.008628 0.711737 -668.118227 103.195042
61.200000 2.002964 0.743069 -667.973893 101.164239
61.250000 2.005096 0.890962 -654.490563 115.466124
61.300000 1.993662 1.094432 -627.100136 138.465885
61.350000 1.998993 0.892711 -650.554846 117.058526
61.400000 2.011098 0.821316 -651.593917 120.667604
61.450000 1.997939 0.603991 -671.293501 95.915065
61.500000 1.999764 0.747748 -652.509748 115.399799
61.550000 1.995267 0.590158 -673.526120 92.656489
61.600000 2.000505 0.726198 -658.105743 110.087997
61.650000 1.998251 0.740778 -660.327641 107.000699
61.700000 1.994772 0.763945 -662.845027 103.147482
61.750000 2.022015 0.787457 -655.477895 120.975872
61.800000 1.991828 0.474884 -688.471811 76.390309
61.850000 2.005613 0.733056 -658.841890 111.313593
61.900000 2.002513 0.684538 -668.564302 100.400783
61.950000 1.991755 0.870231 -650.090258 114.743711
62.000000 2.016594 0.836913 -653.997459 120.374737
62.050000 1.996761 0.662093 -671.249300 95.506812
62.100000 1.998895 0.859929 -646.880757 120.694769
62.150000 1.988147 0.707588 -665.735668 97.712829
62.200000 1.998355 0.677504 -667.933797 99.434667
62.250000 2.011259 0.768137 -649.174667 123.148708
62.300000 1.991621 0.597434 -666.190679 98.591951
62.350000 1.990929 0.805808 -644.441055 120.075777
62.400000 1.996875 0.932453 -631.969849 134.830256
62.450000 2.003984 0.974622 -619.861265 149.668677
62.500000 1.993575 0.711918 -646.662150 118.870784
62.550000 2.008257 0.805033 -633.802997 137.367883
62.600000 1.999278 0.646890 -654.573270 113.149523
62.650000 2.010448 0.696308 -649.275077 122.737031
62.700000 1.993305 0.602660 -658.144703 107.284579
62.750000 1.992620 0.940978 -615.582285 149.583694
62.800000 2.012606 0.720194 -642.226579 130.613966
62.850000 2.006006 0.690231 -644.714561 125.591689
62.900000 1.993862 0.621871 -655.262545 110.380541
62.950000 1.999903 0.691116 -652.416936 115.545736
63.000000 2.004745 0.880069 -627.705620 142.116473
63.050000 1.996570 0.726837 -642.729527 123.953185
63.100000 1.990319 0.615183 -653.337039 110.945306
63.150000 2.010133 0.584846 -656.624340 115.266789
63.200000 2.003060 0.472156 -672.338559 96.836308
63.250000 1.981538 0.815506 -636.618222 124.292197
63.300000 1.997276 0.902732 -636.827923 130.125945
63.350000 2.006452 0.898356 -633.921947 136.555653
63.400000 1.996923 0.600541 -662.555689 104.262866
63.450000 1.999346 0.822076 -632.861425 134.887470
63.500000 2.011277 0.694485 -649.856804 122.473388
63.550000 1.991317 0.752722 -641.916773 122.749147
63.600000 1.992057 0.689663 -654.097357 110.852606
63.650000 2.020117 0.728710 -643.024383 132.700449
63.700000 1.988318 0.479013 -667.486070 96.028115
63.750000 2.009019 0.721131 -640.039377 131.424040
63.800000 1.988558 0.766859 -641.180606 122.425601
63.850000 1.999362 0.855724 -634.755467 132.999575
63.900000 2.007420 0.772429 -639.524236 131.324953
63.950000 1.999973 0.612641 -651.663405 116.326102
64.000000 1.983698 0.889653 -615.443938 146.295939
64.050000 1.992798 0.943124 -613.771887 151.462583
64.100000 2.013032 0.786153 -632.569864 140.434475
64.150000 2.004155 0.673296 -646.706290 122.889137
64.200000 1.989547 0.722582 -650.430406 113.555510
64.250000 2.002043 0.825187 -643.587126 125.197304
64.300000 2.006965 0.588787 -671.078961 99.595647
64.350000 1.997752 0.667794 -658.299944 108.836764
64.400000 1.998728 0.619702 -660.745967 106.765451
64.450000 1.998546 0.550828 -662.189309 105.252542
64.500000 1.996705 0.430960 -674.740988 91.993661
64.550000 2.005494 0.807482 -629.786834 140.322941
64.600000 2.003105 0.573465 -662.853035 106.339332
64.650000 2.001907 0.522662 -673.471486 95.260679
64.700000 1.987450 0.863510 -638.606077 124.574729
64.750000 2.002451 0.963736 -633.471355 135.469646
64.800000 2.003558 0.844396 -644.115135 125.251046
64.850000 1.998672 0.825676 -640.333994 127.155937
64.900000 2.001367 0.545691 -677.485890 91.039126
64.950000 2.003132 0.851872 -647.790055 121.412777
65.000000 2.015132 0.915656 -644.518517 129.292130
65.050000 1.995212 0.715998 -667.288226 98.873297
65.100000 2.000960 0.631557 -675.578215 92.790243
65.150000 1.995435 0.805290 -653.065524 113.181707
65.200000 1.997253 0.630387 -676.832408 90.112595
65.250000 1.996516 1.002320 -623.323686 143.338347
65.300000 2.002140 0.622795 -663.411571 105.410378
65.350000 1.999859 0.677856 -652.636881 115.308815
65.400000 1.992515 0.751462 -645.866604 119.259124
65.450000 2.000564 1.081775 -609.351803 158.864692
65.500000 2.017647 0.994604 -620.778539 153.997811
65.550000 1.991705 0.843877 -633.534067 131.280690
65.600000 1.991249 0.774984 -641.515355 123.124293
65.650000 1.991607 0.841618 -634.196723 130.580209
65.700000 2.016289 0.623208 -658.191363 116.063639
65.750000 1.991451 0.554688 -659.584243 105.132912
65.800000 2.001517 0.552987 -662.182081 106.400422
65.850000 2.010083 0.774599 -632.061149 139.810677
65.900000 2.008673 0.497268 -661.011088 110.319249
65.950000 1.993491 0.576239 -650.238119 115.262281
66.000000 2.007418 0.764279 -631.938483 138.909895
66.050000 2.000952 0.663604 -651.027975 117.337633
66.100000 2.000919 0.903219 -623.207268 145.145464
66.150000 2.004474 0.436925 -675.725742 93.992253
66.200000 1.991349 0.799363 -623.723023 140.955079
66.250000 2.014709 0.691122 -634.468276 139.179899
66.300000 2.008119 0.589171 -636.858561 134.258988
66.350000 2.003779 0.246810 -678.272911 91.178134
66.400000 1.994622 0.471245 -656.333585 109.601411
66.450000 2.011490 0.665991 -639.137932 133.274216
66.500000 1.994239 0.564767 -657.642554 108.145249
66.550000 2.000082 0.846093 -631.525168 136.506274
66.600000 2.000458 0.788283 -644.998781 123.176936
66.650000 2.002701 0.670989 -655.325059 113.712116
66.700000 2.005514 0.464042 -675.454815 94.662593
66.750000 1.990001 0.500626 -672.631874 91.528655
66.800000 2.005045 0.688650 -656.336804 113.600498
66.850000 1.999611 0.875450 -631.687767 136.162876
66.900000 1.995155 0.745996 -645.866623 120.272896
66.950000 1.998964 0.766818 -635.897569 131.704486
67.000000 1.998091 0.464839 -670.019661 97.247301
67.050000 1.991977 0.707469 -639.685846 125.233205
67.100000 2.012672 0.558422 -660.451173 112.414773
67.150000 1.999036 0.524628 -661.709767 105.920135
67.200000 2.013744 0.659281 -642.588970 130.688866
67.250000 2.003935 0.433376 -667.853025 101.657982
67.300000 1.989871 0.797113 -626.353183 137.757363
67.350000 2.002995 0.616150 -660.890718 108.259293
67.400000 2.000168 0.662452 -661.167401 106.896975
67.450000 1.987152 0.871529 -639.200922 123.865290
