# t Temp Pres Epot Etot
0.000000 2.010233 28.059146 -1440.597397 -668.667976
0.050000 2.010592 28.267260 -1433.806343 -661.739158
0.100000 2.017187 28.911315 -1400.438151 -625.838241
0.150000 1.975118 30.252103 -1341.114238 -582.668810
0.200000 1.974354 29.590864 -1370.840626 -612.688640
0.250000 2.014629 28.780149 -1411.749996 -638.132361
0.300000 1.979355 28.781971 -1409.964071 -649.891583
0.350000 2.028056 28.727615 -1412.983639 -634.210206
0.400000 2.001816 28.298160 -1432.112329 -663.414979
0.450000 2.000106 28.696687 -1413.070282 -645.029728
0.500000 1.980988 28.711106 -1410.248266 -649.548846
0.550000 2.027701 28.774095 -1410.249843 -631.612718
0.600000 1.943342 29.911505 -1351.226836 -604.983417
0.650000 2.045361 28.377511 -1424.934533 -639.516003
0.700000 1.996376 27.914362 -1447.078091 -680.469753
0.750000 1.958539 29.492979 -1374.000071 -621.921104
0.800000 1.955631 29.400390 -1375.717455 -624.755271
0.850000 1.989200 29.224919 -1388.186325 -624.333553
0.900000 2.000307 28.188506 -1434.643777 -666.525988
0.950000 2.002736 28.360553 -1428.897597 -659.846964
1.000000 2.030112 28.751109 -1412.775312 -633.212316
1.050000 1.977021 28.709279 -1408.587436 -649.411218
1.100000 1.980845 28.462073 -1423.680787 -663.036447
1.150000 2.019104 29.581087 -1375.048864 -599.713091
1.200000 1.987233 28.539653 -1419.564843 -656.467359
1.250000 2.026223 29.006889 -1399.220354 -621.150531
1.300000 1.980846 28.142476 -1437.028257 -676.383561
1.350000 1.984200 28.862048 -1403.701386 -641.768558
1.400000 1.986235 28.854631 -1404.854262 -642.139941
1.450000 1.996071 29.487195 -1376.326373 -609.835016
1.500000 2.015197 28.569425 -1419.352173 -645.516381
1.550000 2.028736 28.467428 -1420.885993 -641.851407
1.600000 2.011891 27.404768 -1470.758129 -698.191924
1.650000 2.002784 30.206857 -1345.844475 -576.775508
1.700000 2.058366 29.153517 -1393.324686 -602.912282
1.750000 2.003130 28.197795 -1431.194567 -661.992586
1.800000 2.007682 27.119807 -1481.090347 -710.140454
1.850000 1.976982 29.519343 -1376.700555 -617.539531
1.900000 2.036130 28.674512 -1414.673536 -632.799656
1.950000 1.990610 29.634766 -1370.683044 -606.288948
2.000000 1.995870 28.745306 -1405.750918 -639.336980
2.050000 1.964700 28.275230 -1429.901582 -675.456707
2.100000 1.993087 28.703968 -1414.219971 -648.874425
2.150000 2.013544 28.268733 -1432.139551 -658.938606
2.200000 1.995837 28.308946 -1431.092568 -664.690991
2.250000 1.973902 30.166111 -1345.971595 -587.993293
2.300000 2.055013 28.984624 -1403.896111 -614.771045
2.350000 1.981482 29.146514 -1392.902708 -632.013521
2.400000 2.028042 29.257252 -1387.473079 -608.705059
2.450000 1.992225 27.972264 -1446.367625 -681.353268
2.500000 1.993430 28.490304 -1420.962500 -655.485345
2.550000 1.979669 29.767126 -1367.005215 -606.812242
2.600000 2.004112 28.631526 -1417.458911 -647.879859
2.650000 2.031770 29.631514 -1370.951097 -590.751522
2.700000 1.981513 28.919470 -1405.983712 -645.082577
2.750000 1.985200 27.311703 -1476.942341 -714.625574
2.800000 1.999473 28.411619 -1425.997255 -658.199683
2.850000 1.980375 28.796353 -1410.127849 -649.663987
2.900000 1.998512 28.680801 -1418.137981 -650.709258
2.950000 2.000694 29.445591 -1382.333757 -614.067178
3.000000 1.993544 28.682318 -1413.042019 -647.521106
3.050000 2.016312 29.872625 -1361.636810 -587.372938
3.100000 2.000997 27.787315 -1449.805237 -681.422461
3.150000 1.990226 27.909150 -1446.821034 -682.574427
3.200000 1.975510 28.590621 -1414.429908 -655.834033
3.250000 2.018531 29.465008 -1378.385485 -603.269579
3.300000 2.037253 28.233501 -1435.262944 -652.957734
3.350000 1.975483 29.844203 -1358.118792 -599.533346
3.400000 1.983363 28.767180 -1409.395423 -647.784119
3.450000 2.003710 29.414733 -1380.597972 -611.173171
3.500000 1.974461 28.799282 -1407.045470 -648.852305
3.550000 2.028267 27.092909 -1485.605819 -706.751304
3.600000 1.990160 29.614826 -1368.733029 -604.511456
3.650000 1.992583 29.230508 -1389.609111 -624.457343
3.700000 2.049619 28.274113 -1436.287790 -649.233935
3.750000 1.974606 28.514705 -1419.599716 -661.351081
3.800000 2.016813 29.710220 -1366.577475 -592.121245
3.850000 2.007746 28.909951 -1402.621180 -631.646543
3.900000 1.973195 28.649781 -1412.477706 -654.770813
3.950000 1.957741 29.206261 -1386.968994 -635.196629
4.000000 1.956879 29.732323 -1364.779797 -613.338370
4.050000 2.033533 28.686120 -1416.576743 -635.699965
4.100000 1.978932 27.762009 -1453.820795 -693.911082
4.150000 1.993173 27.904964 -1450.159016 -684.780572
4.200000 2.010392 29.731281 -1365.310272 -593.319813
4.250000 1.989821 28.707088 -1409.607786 -645.516551
4.300000 1.979830 28.466400 -1422.763735 -662.508978
4.350000 2.034176 29.719076 -1371.006277 -589.882522
4.400000 2.015612 28.728834 -1412.094594 -638.099476
4.450000 2.014200 30.399447 -1336.072939 -562.620313
4.500000 1.984744 28.504773 -1419.182222 -657.040524
4.550000 2.001420 29.051538 -1398.536629 -629.991171
4.600000 2.012825 27.371232 -1473.016568 -700.091894
4.650000 2.010085 27.996815 -1447.470361 -675.597659
4.700000 2.010605 29.345198 -1385.439489 -613.367039
4.750000 2.006274 30.207088 -1346.311357 -575.902202
4.800000 2.029216 29.219629 -1386.503024 -607.284246
4.850000 1.995677 28.116018 -1439.519249 -673.179387
4.900000 1.974450 28.918285 -1403.338997 -645.150072
4.950000 1.992274 29.112774 -1397.321749 -632.288349
5.000000 2.042306 29.178787 -1394.827525 -610.581918
5.050000 2.008588 28.616279 -1417.450439 -646.152507
5.100000 2.011448 28.532774 -1420.125657 -647.729733
5.150000 1.979168 29.586905 -1372.170949 -612.170614
5.200000 2.028727 28.188264 -1434.300487 -655.269270
5.250000 2.003277 28.327064 -1427.304880 -658.046641
5.300000 1.967538 28.731306 -1409.584828 -654.050320
5.350000 2.004506 29.224788 -1387.379557 -617.649295
5.400000 1.991065 27.683060 -1457.479903 -692.911117
5.450000 1.995216 28.798159 -1408.076838 -641.913779
5.500000 1.951310 29.506188 -1375.438579 -626.135473
5.550000 1.988892 29.504777 -1374.735898 -611.001333
5.600000 2.000592 29.654245 -1367.254953 -599.027643
5.650000 1.981248 28.051991 -1439.940127 -679.141070
5.700000 1.973834 27.907316 -1445.610345 -687.658028
5.750000 1.993019 28.787538 -1408.886262 -643.566961
5.800000 1.979386 28.439416 -1426.605036 -666.520728
5.850000 1.986857 30.067690 -1349.025518 -586.072347
5.900000 2.014847 28.805551 -1409.091857 -635.390733
5.950000 2.010643 30.332114 -1337.668642 -565.581868
6.000000 1.994714 28.957809 -1402.275653 -636.305446
6.050000 1.996210 29.568172 -1371.955575 -605.410920
6.100000 1.992953 28.955074 -1399.966347 -634.672567
6.150000 1.979547 27.642583 -1458.136587 -697.990361
6.200000 2.003722 28.146471 -1436.215611 -666.786437
6.250000 1.954738 30.179629 -1342.960515 -592.341214
6.300000 2.031819 29.456839 -1381.182631 -600.964066
6.350000 2.003836 27.847073 -1448.857269 -679.384204
6.400000 1.990668 28.850697 -1406.118462 -641.702140
6.450000 2.027398 29.684307 -1371.054771 -592.533879
6.500000 2.028915 28.925318 -1404.072314 -624.968976
6.550000 2.017400 28.226009 -1437.840539 -663.158821
6.600000 2.014904 27.203091 -1481.497972 -707.774795
6.650000 2.010509 29.558448 -1374.781879 -602.746325
6.700000 2.011890 29.334043 -1383.297663 -610.731868
6.750000 2.033847 28.190655 -1435.976345 -654.978996
6.800000 1.985645 27.700649 -1456.511933 -694.024325
6.850000 1.982700 29.680569 -1366.443366 -605.086726
6.900000 1.966597 29.462966 -1377.877979 -622.704722
6.950000 2.020172 28.672265 -1418.476134 -642.730194
7.000000 2.032361 28.685441 -1416.335448 -635.908689
7.050000 2.006172 28.251730 -1431.334356 -660.964460
7.100000 1.982115 28.410069 -1423.537873 -662.405620
7.150000 2.028091 29.421730 -1377.947475 -599.160415
7.200000 1.995123 28.821278 -1408.118320 -641.991176
7.250000 2.019162 28.378410 -1428.789896 -653.431768
7.300000 2.039676 30.099588 -1347.370423 -564.134825
7.350000 2.004352 28.458178 -1423.888045 -654.217001
7.400000 2.012729 29.156557 -1389.719908 -616.831994
7.450000 1.968897 29.212520 -1386.230092 -630.173656
7.500000 2.000852 17.798565 -1515.691719 -747.364467
7.550000 1.980421 18.181156 -1495.172600 -734.691072
7.600000 2.002684 18.506165 -1484.238579 -715.207884
7.650000 2.008662 17.797318 -1513.741961 -742.415770
7.700000 1.995365 17.406618 -1530.855127 -764.635000
7.750000 2.001289 17.135008 -1545.753302 -777.258212
7.800000 2.001406 15.681174 -1617.527387 -848.987396
7.850000 2.002222 17.698694 -1518.620828 -749.767418
7.900000 2.004700 19.275786 -1445.872393 -676.067546
7.950000 2.022335 18.128709 -1503.274441 -726.697907
8.000000 1.997728 16.996875 -1553.545172 -786.417525
8.050000 1.988139 17.612554 -1527.907817 -764.462590
8.100000 1.982305 19.018009 -1458.295523 -697.090581
8.150000 2.019715 18.175417 -1494.502094 -718.931437
8.200000 1.957275 18.085392 -1502.842386 -751.248821
8.250000 2.033415 17.441346 -1531.369463 -750.538129
8.300000 2.013221 16.905454 -1557.091358 -784.014393
8.350000 1.957113 17.944986 -1504.029274 -752.498037
8.400000 2.023536 16.307506 -1587.758790 -810.720909
8.450000 1.982920 17.780642 -1517.741902 -756.300766
8.500000 2.009608 17.728858 -1518.468173 -746.778825
8.550000 2.000328 18.165952 -1492.765388 -724.639251
8.600000 1.964671 17.848512 -1507.660921 -753.227150
8.650000 2.030357 16.694523 -1569.974700 -790.317717
8.700000 2.014246 17.106475 -1547.452415 -773.982122
8.750000 1.992910 16.708492 -1569.261631 -803.984024
8.800000 2.000186 17.206117 -1541.888445 -773.817008
8.850000 2.000000 16.718237 -1565.019080 -797.019081
8.900000 2.005145 16.289594 -1586.312451 -816.336783
8.950000 1.997921 17.809379 -1511.401439 -744.199942
9.000000 1.982362 19.071298 -1454.209174 -692.982260
9.050000 2.009886 18.018121 -1508.932265 -737.136037
9.100000 2.048802 17.142196 -1546.293156 -759.553195
9.150000 1.969676 16.688851 -1563.714470 -807.358846
9.200000 2.019998 17.932391 -1508.313335 -732.634167
9.250000 1.978253 18.144528 -1496.651808 -737.002528
9.300000 2.023989 17.811805 -1518.849559 -741.637836
9.350000 1.999573 17.474545 -1529.694778 -761.858872
9.400000 2.001717 16.566889 -1573.371896 -804.712491
9.450000 1.998021 17.619878 -1523.643715 -756.403789
9.500000 1.978721 19.161764 -1450.275026 -690.446024
9.550000 2.033427 17.611028 -1528.885974 -748.049866
9.600000 1.975596 19.147302 -1451.539682 -692.910826
9.650000 2.012800 18.606324 -1475.747798 -702.832708
9.700000 2.005093 18.477366 -1481.264594 -711.308910
9.750000 1.991946 17.392668 -1532.992251 -768.085178
9.800000 1.991139 17.513010 -1530.407919 -765.810466
9.850000 2.008112 17.679392 -1521.277501 -750.162617
9.900000 2.006791 17.532911 -1525.723154 -755.115473
9.950000 2.015275 16.512433 -1575.611620 -801.746066
10.000000 2.009601 17.423007 -1532.283565 -760.596879
10.050000 2.008465 17.808708 -1517.765718 -746.515278
10.100000 1.996707 19.174620 -1451.210460 -684.475044
10.150000 1.994383 17.967969 -1509.589131 -743.745935
10.200000 2.021244 18.019366 -1505.804106 -729.646429
10.250000 1.988851 17.521358 -1525.521224 -761.802353
10.300000 2.007873 17.251085 -1543.560371 -772.537041
10.350000 2.010221 16.984373 -1552.757286 -780.832403
10.400000 1.992788 17.405625 -1534.914939 -769.684343
10.450000 2.006852 18.357218 -1491.069149 -720.437799
10.500000 2.004616 17.344409 -1539.318676 -769.546209
10.550000 2.039571 18.195349 -1496.972670 -713.777403
10.600000 1.989538 16.148234 -1592.864745 -828.881969
10.650000 1.979416 17.865535 -1510.271790 -750.176114
10.700000 2.039986 18.189439 -1501.198086 -717.843474
10.750000 1.988907 17.683795 -1520.267007 -756.526580
10.800000 2.009868 17.225556 -1542.227248 -770.438092
10.850000 1.995993 17.472346 -1535.397685 -768.936495
10.900000 2.019597 16.795392 -1563.693243 -788.167813
10.950000 1.956242 18.564634 -1477.335762 -726.138820
11.000000 2.004846 18.396335 -1488.762380 -718.901685
11.050000 2.009099 16.997733 -1554.531209 -783.037147
11.100000 1.996778 16.640762 -1569.626565 -802.863993
11.150000 1.996342 17.718033 -1516.250163 -749.654715
11.200000 1.977354 17.567583 -1521.170895 -761.866807
11.250000 1.965485 17.579958 -1521.916138 -767.169952
11.300000 1.990245 17.077892 -1551.666074 -787.411887
11.350000 2.022820 17.191903 -1549.061465 -772.298709
11.400000 2.010233 17.646882 -1520.304369 -748.375062
11.450000 2.006593 18.184294 -1500.710385 -730.178549
11.500000 2.011130 17.953237 -1507.330652 -735.056700
11.550000 1.971897 17.322693 -1534.643107 -777.434567
11.600000 2.023254 17.430477 -1532.413772 -755.484090
11.650000 1.990324 17.212612 -1547.658573 -783.374093
11.700000 2.012663 17.440302 -1533.574092 -760.711642
11.750000 1.995297 17.376882 -1533.941561 -767.747593
11.800000 1.978313 18.046240 -1502.188140 -742.516086
11.850000 2.003507 18.734705 -1463.720648 -694.374035
11.900000 1.979366 16.997200 -1555.406686 -795.330196
11.950000 2.005560 16.856075 -1561.956540 -791.821571
12.000000 1.955749 18.651965 -1474.492383 -723.484707
12.050000 2.004313 17.942488 -1511.061334 -741.405038
12.100000 1.992776 17.637622 -1523.313222 -758.087194
12.150000 1.968238 17.665709 -1517.998583 -762.195030
12.200000 2.010140 17.098561 -1548.138299 -776.244559
12.250000 1.988182 17.752047 -1516.593952 -753.132123
12.300000 1.971844 17.543301 -1527.735239 -770.547141
12.350000 1.970218 18.232964 -1492.678392 -736.114799
12.400000 2.030692 18.786178 -1472.839770 -693.054161
12.450000 2.021213 16.840199 -1564.276859 -788.131014
12.500000 2.035532 17.784466 -1519.085569 -737.441414
12.550000 1.973700 18.317937 -1492.277595 -734.376918
12.600000 2.052094 16.707217 -1569.858889 -781.854867
12.650000 1.971187 18.069484 -1502.880043 -745.944100
12.700000 2.002480 17.712709 -1524.071043 -755.118789
12.750000 1.988404 19.049883 -1458.474767 -694.927495
12.800000 2.019500 17.406668 -1537.458951 -761.971115
12.850000 1.984367 16.840976 -1560.387961 -798.390941
12.900000 1.987287 17.623787 -1522.387240 -759.269102
12.950000 2.038174 18.242516 -1499.522770 -716.863854
13.000000 2.017872 17.241886 -1546.500847 -771.637861
13.050000 1.981359 17.593031 -1525.522070 -764.680051
13.100000 2.015212 18.380424 -1488.185557 -714.344101
13.150000 2.007820 17.661236 -1520.923808 -749.920814
13.200000 2.019240 19.367405 -1441.626337 -666.237993
13.250000 2.008215 17.452276 -1532.157498 -761.003088
13.300000 1.991711 16.332697 -1584.261562 -819.444557
13.350000 2.026341 17.607481 -1523.408075 -745.293216
13.400000 1.960684 18.029357 -1503.852880 -750.950131
13.450000 2.030854 16.993501 -1560.162493 -780.314420
13.500000 1.999912 17.600119 -1525.960278 -757.994078
13.550000 1.994227 17.430200 -1529.111514 -763.328430
13.600000 2.033933 17.922530 -1512.418086 -731.387787
13.650000 1.998817 16.723951 -1563.240185 -795.694370
13.700000 1.998277 17.959446 -1507.664039 -740.325565
13.750000 2.010265 18.105381 -1502.814776 -730.872944
13.800000 2.030989 17.257826 -1540.228374 -760.328789
13.850000 1.988439 17.627555 -1517.099530 -753.539084
13.900000 2.001603 17.705724 -1520.390123 -751.774380
13.950000 2.005734 17.808174 -1514.189923 -743.987934
14.000000 1.999458 17.732760 -1517.373465 -749.581635
14.050000 1.993144 17.550289 -1528.546831 -763.179666
14.100000 1.976332 18.201950 -1497.666144 -738.754738
14.150000 2.026280 18.129942 -1503.784559 -725.693102
14.200000 2.005760 17.244739 -1542.587190 -772.375490
14.250000 2.012394 17.832067 -1514.290829 -741.531509
14.300000 1.979563 17.038210 -1551.726339 -791.574250
14.350000 1.981929 17.902177 -1513.682507 -752.621792
14.400000 2.014393 18.054282 -1505.510275 -731.983513
14.450000 1.999455 17.106794 -1548.694348 -780.903522
14.500000 2.006468 18.016066 -1506.988309 -736.504752
14.550000 2.001519 17.891142 -1512.741612 -744.158503
14.600000 2.002546 18.085118 -1505.478837 -736.501195
14.650000 1.975248 18.631862 -1475.745381 -717.250272
14.700000 2.001867 17.896755 -1509.426286 -740.709343
14.750000 2.020788 18.251219 -1493.518254 -717.535817
14.800000 1.962166 18.828462 -1469.380474 -715.908908
14.850000 2.023799 18.366163 -1492.572855 -715.434069
14.900000 1.957025 18.860411 -1467.286988 -715.789206
14.950000 2.031886 17.909052 -1515.000936 -734.756792
15.000000 1.957630 13.103503 -1394.009823 -642.279899
15.050000 2.029849 14.421139 -1331.703752 -552.241737
15.100000 1.995619 12.795309 -1410.844175 -644.526355
15.150000 1.998471 13.755889 -1363.690365 -596.277590
15.200000 2.016801 12.856863 -1407.752982 -633.301457
15.250000 2.009824 13.213256 -1390.673178 -618.900646
15.300000 1.996166 12.849467 -1406.292970 -639.765138
15.350000 1.972254 13.166458 -1388.513411 -631.168045
15.400000 2.019039 14.045311 -1350.720563 -575.409410
15.450000 1.997735 13.983987 -1354.327439 -587.197041
15.500000 2.005159 13.408604 -1383.581091 -613.599911
15.550000 2.002623 14.169339 -1342.216799 -573.209386
15.600000 2.003299 13.998641 -1356.230776 -586.964111
15.650000 2.010928 14.102142 -1351.696784 -579.500262
15.700000 2.000838 15.073893 -1297.548647 -529.227007
15.750000 2.006178 14.515954 -1320.706278 -550.333774
15.800000 1.990162 13.787078 -1360.817689 -596.595342
15.850000 2.012348 14.548999 -1324.017456 -551.275847
15.900000 2.006754 15.055543 -1294.398984 -523.805621
15.950000 1.984879 13.473302 -1380.249825 -618.056440
16.000000 2.016603 14.695971 -1313.903126 -539.527558
16.050000 1.979573 13.796304 -1362.960428 -602.804334
16.100000 2.007481 14.799861 -1307.107084 -536.234473
16.150000 2.010947 14.278739 -1335.112140 -562.908375
16.200000 1.966675 14.180308 -1337.876309 -582.672932
16.250000 2.030547 14.869303 -1306.594149 -526.863978
16.300000 1.991285 15.603793 -1265.558113 -500.904745
16.350000 2.010114 15.693032 -1260.704504 -488.820668
16.400000 2.015304 14.471561 -1326.571698 -552.694988
16.450000 1.989716 15.030082 -1296.835910 -532.784829
16.500000 1.994653 15.243188 -1285.972274 -520.025333
16.550000 1.981320 14.955724 -1307.477626 -546.650601
16.600000 1.987837 15.834878 -1262.886268 -499.556975
16.650000 2.031871 15.247168 -1294.207679 -513.969210
16.700000 2.005775 14.236902 -1343.188522 -572.970941
16.750000 1.987061 14.331085 -1336.433749 -573.402368
16.800000 2.004565 15.311092 -1286.438630 -516.685855
16.850000 1.981883 14.963099 -1302.207316 -541.164285
16.900000 1.996368 15.360650 -1285.283363 -518.678082
16.950000 2.013503 15.434451 -1285.821094 -512.636079
17.000000 2.001751 15.436242 -1285.054053 -516.381606
17.050000 1.992635 14.626920 -1322.708022 -557.536147
17.100000 2.021354 16.020570 -1251.021598 -474.821775
17.150000 2.001560 15.716105 -1270.314882 -501.715706
17.200000 2.031894 15.464265 -1282.422521 -502.175210
17.250000 1.996273 15.880117 -1255.926157 -489.357154
17.300000 2.016623 14.834782 -1311.588501 -537.205341
17.350000 1.974076 15.440414 -1275.797127 -517.752074
17.400000 1.991217 15.933357 -1253.581884 -488.954564
17.450000 2.005872 15.713820 -1272.623603 -502.368793
17.500000 2.020770 14.406531 -1331.592579 -555.616871
17.550000 1.991396 14.444495 -1327.279496 -562.583500
17.600000 1.986677 15.282674 -1281.918099 -519.034145
17.650000 2.001059 15.076803 -1294.975372 -526.568530
17.700000 1.973096 15.510063 -1277.465281 -519.796604
17.750000 2.031788 16.200615 -1248.672079 -468.465382
17.800000 1.999571 15.675002 -1275.980864 -508.145467
17.850000 2.013612 13.966006 -1368.210955 -594.984023
17.900000 2.009169 15.387973 -1286.784241 -515.263358
17.950000 1.983527 15.561445 -1276.936346 -515.261897
18.000000 1.989463 15.506708 -1280.799771 -516.846114
18.050000 2.011415 14.648776 -1326.066162 -553.682851
18.100000 1.993262 14.931596 -1312.570065 -547.157378
18.150000 2.001920 15.550975 -1279.156520 -510.419250
18.200000 2.005095 15.965693 -1251.991112 -482.034643
18.250000 2.012486 14.556613 -1328.526950 -555.732314
18.300000 1.968884 14.076666 -1351.907501 -595.855936
18.350000 2.038835 13.706212 -1370.233826 -587.321124
18.400000 1.964728 14.349773 -1332.173161 -577.717642
18.450000 1.971365 14.661383 -1327.449709 -570.445718
18.500000 2.013273 14.725426 -1321.668631 -548.571990
18.550000 1.977595 14.443880 -1328.579931 -569.183393
18.600000 1.954645 14.553708 -1324.942688 -574.358845
18.650000 2.009702 16.194672 -1239.227566 -467.501873
18.700000 1.964096 15.156497 -1288.061941 -533.849079
18.750000 2.010364 14.429490 -1330.595541 -558.615675
18.800000 1.962200 15.271162 -1287.931534 -534.446610
18.850000 2.004417 15.860735 -1263.406309 -493.710121
18.900000 2.033426 15.119249 -1299.839469 -519.003744
18.950000 1.999800 14.451884 -1330.945312 -563.022122
19.000000 1.977743 14.653111 -1323.830796 -564.377423
19.050000 2.020416 15.926996 -1261.864448 -486.024645
19.100000 1.975324 15.938848 -1254.700423 -496.175987
19.150000 1.977037 15.171567 -1295.452875 -536.270720
19.200000 2.007468 14.792909 -1312.643210 -541.775649
19.250000 1.968801 14.778200 -1312.840624 -556.820933
19.300000 1.988485 14.627681 -1324.781605 -561.203266
19.350000 1.963318 14.799693 -1309.307586 -555.393453
19.400000 2.000496 15.483135 -1274.248563 -506.058252
19.450000 2.016233 16.183594 -1241.978562 -467.745024
19.500000 1.992222 16.157931 -1248.235313 -483.222088
19.550000 2.030435 15.565481 -1285.168356 -505.481384
19.600000 1.984234 15.130063 -1297.857308 -535.911505
19.650000 2.022271 15.565972 -1277.345124 -500.793122
19.700000 2.009695 15.965221 -1257.557593 -485.834533
19.750000 1.986625 15.599124 -1269.055793 -506.191734
19.800000 1.996634 15.815138 -1260.125200 -493.417773
19.850000 1.996512 16.125487 -1246.048905 -479.388282
19.900000 2.017189 15.229597 -1296.803696 -522.203249
19.950000 1.983529 14.902117 -1311.652562 -549.977251
20.000000 1.982602 15.267945 -1287.979880 -526.660880
20.050000 2.001484 15.070620 -1298.459777 -529.889742
20.100000 1.989749 14.057962 -1349.709758 -585.646246
20.150000 2.039445 14.487601 -1334.954514 -551.807615
20.200000 2.001241 15.685479 -1273.082693 -504.605974
20.250000 2.019431 15.209481 -1295.205021 -519.743574
20.300000 1.987334 15.231128 -1292.773026 -529.636808
20.350000 1.988834 15.018342 -1302.079457 -538.367135
20.400000 1.990762 15.673416 -1266.415295 -501.962662
20.450000 2.011700 16.239844 -1243.012578 -470.519777
20.500000 2.003931 15.941148 -1260.238485 -490.729061
20.550000 2.008857 15.481497 -1283.263232 -511.862217
20.600000 2.001765 15.578680 -1277.037351 -508.359512
20.650000 2.035431 15.266301 -1292.427849 -510.822192
20.700000 1.986720 15.745393 -1261.235747 -498.335452
20.750000 2.008829 14.820036 -1315.122515 -543.732007
20.800000 2.000589 15.861572 -1263.354717 -495.128516
20.850000 1.998188 16.248399 -1244.274636 -476.970334
20.900000 2.035133 14.789605 -1317.216515 -535.725572
20.950000 1.989678 14.672105 -1320.361155 -556.324807
21.000000 2.013894 14.480534 -1326.813327 -553.477854
21.050000 1.958009 15.883554 -1251.272085 -499.396672
21.100000 2.023175 14.802314 -1310.485773 -533.586594
21.150000 1.994707 14.028877 -1350.207746 -584.240381
21.200000 1.986486 14.731250 -1314.023213 -551.212427
21.250000 1.973099 16.020895 -1248.329297 -490.659312
21.300000 1.993872 16.462696 -1229.043154 -463.396438
21.350000 2.013690 15.595379 -1273.320889 -500.063846
21.400000 1.995001 15.291554 -1289.914688 -523.834230
21.450000 2.004521 17.510393 -1176.742111 -407.006182
21.500000 2.003096 14.386797 -1335.226265 -566.037400
21.550000 1.985931 14.617582 -1321.929183 -559.331487
21.600000 2.038458 14.597057 -1328.154116 -545.386131
21.650000 1.961193 14.581729 -1321.884045 -568.785761
21.700000 2.036192 13.849680 -1364.461998 -582.564244
21.750000 1.962390 15.366991 -1281.648140 -528.090384
21.800000 2.006666 16.128384 -1253.718789 -483.159010
21.850000 1.987835 16.087439 -1252.009989 -488.681428
21.900000 2.020568 14.972251 -1306.787542 -530.889415
21.950000 2.006635 14.469425 -1333.772674 -563.225004
22.000000 1.998966 15.517764 -1281.221580 -513.618798
22.050000 2.005115 14.409577 -1335.706531 -565.742198
22.100000 1.987916 15.188312 -1291.965394 -528.605507
22.150000 2.038108 15.160018 -1296.533776 -513.900344
22.200000 1.996520 13.977045 -1359.583628 -592.919939
22.250000 1.974635 14.696468 -1318.820679 -560.560827
22.300000 2.011905 15.290346 -1289.878403 -517.306871
22.350000 2.024032 15.178063 -1301.412260 -524.183992
22.400000 1.981734 14.501129 -1327.505224 -566.519383
22.450000 2.007768 14.042640 -1355.708217 -584.725227
22.500000 2.002854 8.923587 -1293.269000 -524.173222
22.550000 1.965859 9.651032 -1250.535549 -495.645774
22.600000 2.015299 8.373591 -1333.868640 -559.993657
22.650000 1.986753 8.812270 -1307.889374 -544.976218
22.700000 2.018039 9.489408 -1276.441873 -501.514801
22.750000 1.987355 8.730581 -1316.543885 -553.399748
22.800000 2.014931 8.639818 -1319.994175 -546.260698
22.850000 2.001454 9.021248 -1286.267620 -517.709370
22.900000 1.969994 8.871602 -1293.397603 -536.920035
22.950000 2.015466 9.419392 -1270.393625 -496.454687
23.000000 1.980215 9.652822 -1261.153742 -500.751332
23.050000 1.993364 9.339510 -1284.062066 -518.610407
23.100000 2.025713 10.310925 -1223.421279 -445.547412
23.150000 2.003860 8.798033 -1309.724787 -540.242399
23.200000 1.985394 8.812918 -1308.459599 -546.068311
23.250000 1.997370 9.331967 -1281.186033 -514.195789
23.300000 2.001361 9.914073 -1251.607370 -483.084881
23.350000 1.991835 10.063744 -1244.311511 -479.446817
23.400000 1.978588 9.844145 -1260.932343 -501.154525
23.450000 2.012979 9.634508 -1268.424624 -495.440790
23.500000 2.031671 9.111184 -1295.222658 -515.060812
23.550000 2.012684 9.152781 -1283.506903 -510.636260
23.600000 1.982520 8.888944 -1296.910940 -535.623120
23.650000 2.011261 9.035057 -1293.285788 -520.961631
23.700000 1.983352 9.302143 -1277.200697 -515.593608
23.750000 1.988266 9.380039 -1280.132321 -516.638013
23.800000 2.007626 9.624301 -1268.750432 -497.822058
23.850000 1.980886 9.407703 -1274.196969 -513.536638
23.900000 2.002228 8.906753 -1304.595071 -535.739708
23.950000 1.972646 9.389518 -1270.901610 -513.405672
24.000000 2.025404 9.324702 -1277.045675 -499.290486
24.050000 2.012450 9.397934 -1269.094519 -496.313625
24.100000 1.996769 8.457668 -1319.101145 -552.341683
24.150000 1.987584 9.252617 -1276.689038 -513.456670
24.200000 2.000522 9.298138 -1282.473849 -514.273272
24.250000 1.976959 8.666014 -1314.785103 -555.632760
24.300000 1.980118 9.396691 -1268.004470 -507.639074
24.350000 2.010048 8.446363 -1324.222717 -552.364344
24.400000 1.993574 9.017032 -1292.187253 -526.654686
24.450000 1.993334 8.522505 -1317.118239 -551.677991
24.500000 2.005883 9.271007 -1276.326454 -506.067532
24.550000 2.004784 8.586593 -1318.037562 -548.200351
24.600000 1.997068 8.412867 -1331.137849 -564.263883
24.650000 1.970851 9.503671 -1269.350383 -512.543605
24.700000 2.022276 8.610849 -1322.203815 -545.649999
24.750000 1.993438 8.349252 -1328.917095 -563.437015
24.800000 1.996386 9.264548 -1279.630857 -513.018714
24.850000 2.004501 8.059193 -1352.197028 -582.468707
24.900000 2.000502 8.683298 -1316.435204 -548.242568
24.950000 1.994948 8.725022 -1312.308212 -546.248210
25.000000 2.008502 8.625043 -1312.052034 -540.787420
25.050000 1.989450 8.608340 -1307.794559 -543.845904
25.100000 2.006324 9.135173 -1284.627738 -514.199463
25.150000 2.016702 8.198963 -1339.592829 -565.179384
25.200000 2.008947 9.391510 -1266.237064 -494.801510
25.250000 1.977669 9.284840 -1283.885828 -524.461006
25.300000 2.041096 9.611046 -1271.931259 -488.150471
25.350000 1.998356 9.207676 -1285.361789 -517.993223
25.400000 2.019316 8.777879 -1311.314391 -535.897238
25.450000 1.980321 8.904756 -1299.067548 -538.624108
25.500000 2.017879 9.292521 -1278.572853 -503.707168
25.550000 2.005776 8.894158 -1295.466749 -525.248892
25.600000 1.996194 8.798682 -1299.234576 -532.696027
25.650000 2.004881 9.635929 -1260.982774 -491.108372
25.700000 2.012769 9.267988 -1294.826234 -521.922908
25.750000 1.997937 8.452492 -1337.616806 -570.408821
25.800000 1.999818 8.954281 -1308.009339 -540.079402
25.850000 1.981988 8.931960 -1304.819290 -543.735976
25.900000 2.005332 8.287541 -1339.161303 -569.113967
25.950000 2.010096 8.680533 -1311.481145 -539.604376
26.000000 2.004076 8.822314 -1301.004866 -531.439682
26.050000 1.969908 9.254919 -1280.790565 -524.345866
26.100000 2.010310 8.673750 -1313.577551 -541.618398
26.150000 2.000888 8.445174 -1321.081682 -552.740852
26.200000 1.964019 9.685377 -1255.078693 -500.895377
26.250000 2.002570 9.278345 -1284.764750 -515.777698
26.300000 1.978967 9.171424 -1289.090422 -529.167128
26.350000 1.998717 8.310132 -1343.517671 -576.010276
26.400000 1.985184 8.843670 -1319.061299 -556.750757
26.450000 2.004116 9.428100 -1281.794653 -512.213983
26.500000 1.999788 9.195151 -1291.461956 -523.543258
26.550000 2.005100 9.781174 -1254.460950 -484.502442
26.600000 1.985362 9.075650 -1290.677338 -528.298214
26.650000 1.997434 8.998138 -1298.193351 -531.178664
26.700000 2.003992 8.295584 -1340.266219 -570.733325
26.750000 1.990454 8.980734 -1300.624005 -536.289535
26.800000 2.017831 8.761456 -1317.155456 -542.308238
26.850000 1.979521 8.727805 -1321.808105 -561.671898
26.900000 1.986173 9.151374 -1295.822871 -533.132571
26.950000 2.026876 8.985034 -1294.464578 -516.144109
27.000000 2.014723 8.050518 -1340.307154 -566.653583
27.050000 2.002276 8.105658 -1342.298117 -573.424057
27.100000 2.015573 8.866583 -1299.370333 -525.390262
27.150000 2.005372 8.276989 -1330.420913 -560.357974
27.200000 1.974297 9.043097 -1287.922457 -529.792462
27.250000 2.006423 9.047875 -1291.665157 -521.198685
27.300000 2.001599 8.344164 -1322.297367 -553.683470
27.350000 1.998126 8.389222 -1322.318972 -555.038772
27.400000 2.016350 9.075703 -1291.359167 -517.080759
27.450000 2.014562 9.836683 -1249.997570 -476.405841
27.500000 2.008335 8.926887 -1302.309763 -531.108950
27.550000 1.990696 8.196851 -1343.215343 -578.787983
27.600000 2.023776 9.135965 -1290.303732 -513.173634
27.650000 2.017554 9.173476 -1286.477829 -511.737179
27.700000 2.010021 9.363151 -1274.568918 -502.720877
27.750000 1.987496 8.916285 -1298.816626 -535.618338
27.800000 2.000253 9.193023 -1281.824524 -513.727524
27.850000 1.991994 8.945796 -1295.856221 -530.930538
27.900000 2.019253 9.546722 -1261.049755 -485.656711
27.950000 1.997045 9.399222 -1270.060900 -503.195550
28.000000 1.992610 10.182882 -1229.447937 -464.285658
28.050000 2.022168 9.294979 -1285.661189 -509.148585
28.100000 1.996606 9.858778 -1258.072710 -491.375924
28.150000 2.024009 9.512284 -1283.648439 -506.429122
28.200000 2.028907 9.289095 -1289.517217 -510.417046
28.250000 2.002812 8.981980 -1296.753215 -527.673279
28.300000 1.990533 8.131128 -1335.178708 -570.814138
28.350000 1.975674 9.642550 -1248.415499 -489.756784
28.400000 2.004502 9.222403 -1278.545193 -508.816322
28.450000 1.991284 10.207534 -1227.182926 -462.529975
28.500000 2.012243 8.750677 -1311.252258 -538.550963
28.550000 1.998701 9.220802 -1275.965278 -508.464218
28.600000 1.983192 8.726561 -1300.490113 -538.944471
28.650000 2.014043 8.946175 -1287.249568 -513.857048
28.700000 1.978732 8.922653 -1296.482358 -536.649272
28.750000 2.006736 9.308386 -1281.993902 -511.407292
28.800000 1.992485 8.766991 -1314.803247 -549.689036
28.850000 1.997196 10.090810 -1241.841832 -474.918494
28.900000 2.010781 10.005071 -1245.628319 -473.488439
28.950000 2.005572 9.107927 -1288.486330 -518.346773
29.000000 1.968198 8.889834 -1302.552534 -546.764567
29.050000 1.990690 9.560558 -1273.936377 -509.511242
29.100000 2.043838 9.630731 -1266.239032 -481.405221
29.150000 2.011692 8.455105 -1328.497857 -556.008090
29.200000 2.004109 8.769700 -1304.714735 -535.136942
29.250000 1.987379 9.640175 -1251.100468 -487.947080
29.300000 2.000313 8.872989 -1306.220704 -538.100642
29.350000 1.999935 8.937370 -1301.569434 -533.594396
29.400000 1.994760 9.508526 -1271.048574 -505.060792
29.450000 2.006639 9.397582 -1268.837065 -498.287531
29.500000 1.983624 9.014964 -1291.588840 -529.877357
29.550000 2.009725 9.586243 -1263.447124 -491.712632
29.600000 1.993154 9.315838 -1275.064950 -509.693748
29.650000 1.983038 8.813419 -1304.794075 -543.307336
29.700000 2.004167 9.687596 -1254.334139 -484.733997
29.750000 2.013125 9.004805 -1290.621131 -517.581284
29.800000 1.989784 9.237008 -1276.058208 -511.981134
29.850000 2.000656 8.171929 -1337.605771 -569.354023
29.900000 2.004631 8.859819 -1295.081129 -525.302896
29.950000 1.978394 9.774444 -1245.394800 -485.691474
30.000000 2.001966 4.884984 -1243.908759 -475.153941
30.050000 1.970832 5.349327 -1209.594655 -452.795196
30.100000 1.999342 4.906856 -1234.278175 -466.530928
30.150000 2.010553 4.794528 -1236.963154 -464.910833
30.200000 2.007628 4.671519 -1248.353517 -477.424376
30.250000 1.975480 5.432399 -1205.784467 -447.200193
30.300000 1.993275 5.592708 -1197.243454 -431.825760
30.350000 2.003659 4.722024 -1249.001651 -479.596688
30.400000 1.998067 5.676508 -1184.170808 -416.913191
30.450000 1.999752 4.590020 -1257.546711 -489.641755
30.500000 2.011753 5.304199 -1209.474272 -436.961122
30.550000 1.982924 5.920254 -1173.948093 -412.505344
30.600000 1.997242 5.962358 -1179.260015 -412.319121
30.650000 2.032139 5.364250 -1213.254696 -432.913425
30.700000 1.986486 5.415379 -1203.818501 -441.007697
30.750000 1.989159 5.438162 -1203.958584 -440.121376
30.800000 2.009972 5.116301 -1224.208949 -452.379611
30.850000 2.012590 5.444402 -1207.032057 -434.197504
30.900000 2.002881 5.567990 -1209.028974 -439.922519
30.950000 2.001285 5.424764 -1218.375846 -449.882463
31.000000 2.003064 5.408953 -1220.182077 -451.005560
31.050000 2.000905 5.048853 -1240.773320 -472.425947
31.100000 1.989096 4.935391 -1246.962639 -483.149914
31.150000 1.968397 6.527275 -1139.989899 -384.125343
31.200000 2.020585 5.938891 -1175.936949 -400.032146
31.250000 2.015007 5.698403 -1190.642958 -416.880414
31.300000 1.992061 5.307275 -1211.476319 -446.524969
31.350000 1.988865 5.256851 -1207.845475 -444.121249
31.400000 1.997198 5.072161 -1225.161152 -458.237241
31.450000 2.011821 5.481760 -1202.613353 -430.074253
31.500000 2.013256 5.516749 -1204.855166 -431.764978
31.550000 2.004923 5.079962 -1234.944672 -465.054089
31.600000 1.994544 6.004115 -1164.429526 -398.524596
31.650000 1.993741 5.191462 -1212.033298 -446.436731
31.700000 2.018337 5.714814 -1184.887069 -409.845490
31.750000 1.983177 5.389874 -1210.996888 -449.457093
31.800000 2.004020 5.524933 -1208.933185 -439.389605
31.850000 1.994329 5.564447 -1202.705250 -436.882980
31.900000 1.984344 5.403757 -1205.968354 -443.980308
31.950000 2.002583 5.155942 -1220.350745 -451.358923
32.000000 2.011204 4.981509 -1226.128350 -453.825909
32.050000 2.005032 4.110902 -1276.550672 -506.618437
32.100000 1.995895 4.868640 -1226.722232 -460.298432
32.150000 2.005182 5.291567 -1208.203862 -438.213824
32.200000 1.990715 5.395352 -1203.722735 -439.288039
32.250000 1.992973 5.043147 -1225.470014 -460.168406
32.300000 2.021374 4.819668 -1235.228500 -459.020863
32.350000 1.991983 4.269687 -1263.831450 -498.910003
32.400000 1.982082 4.888761 -1230.132862 -469.013332
32.450000 1.994905 5.132127 -1217.084904 -451.041322
32.500000 1.999799 4.935282 -1229.246448 -461.323663
32.550000 1.989529 5.092988 -1222.655558 -458.676354
32.600000 2.011277 4.972845 -1237.301196 -464.970689
32.650000 1.999427 5.174893 -1223.366363 -455.586454
32.700000 1.965573 6.146304 -1168.783504 -414.003491
32.750000 2.020368 6.095240 -1180.920636 -405.099414
32.800000 1.965408 5.763929 -1197.585147 -442.868319
32.850000 2.008835 5.954748 -1188.255110 -416.862291
32.900000 1.977154 6.089609 -1181.119319 -421.892234
32.950000 1.999004 6.476787 -1156.913195 -389.295606
33.000000 2.025088 5.121580 -1236.041064 -458.407144
33.050000 1.999799 4.706877 -1249.476872 -481.554191
33.100000 1.996386 4.577666 -1259.841720 -493.229500
33.150000 2.011416 5.303389 -1213.433955 -441.050237
33.200000 2.014899 4.137828 -1285.163048 -511.441842
33.250000 1.991525 4.414396 -1267.664071 -502.918475
33.300000 1.988817 5.357330 -1209.971656 -446.265932
33.350000 1.997104 4.278461 -1275.855202 -508.967080
33.400000 1.987848 5.071403 -1220.158531 -456.824827
33.450000 2.002586 4.841801 -1236.931172 -467.938039
33.500000 1.986647 4.790112 -1243.848453 -480.975854
33.550000 1.994478 5.657288 -1196.485234 -430.605695
33.600000 1.981567 5.509355 -1215.441129 -454.519384
33.650000 2.023534 5.750921 -1192.132942 -415.095744
33.700000 1.981233 5.450010 -1203.584836 -442.791317
33.750000 1.989336 5.638909 -1198.221206 -434.316043
33.800000 2.001595 5.666647 -1196.539846 -427.927298
33.850000 2.001147 4.905932 -1243.722267 -475.281918
33.900000 2.005992 5.029361 -1232.364821 -462.063777
33.950000 2.014173 5.274432 -1213.447769 -440.005344
34.000000 2.026708 5.176057 -1222.541383 -444.285644
34.050000 2.004135 4.906443 -1236.666419 -467.078741
34.100000 1.978270 5.222143 -1223.791522 -464.135971
34.150000 2.020788 5.938839 -1181.312180 -405.329715
34.200000 1.995107 5.441343 -1206.369003 -440.247883
34.250000 2.008835 5.672698 -1192.320410 -420.927654
34.300000 1.986692 6.306838 -1154.233749 -391.343896
34.350000 1.996609 5.231331 -1217.531827 -450.833785
34.400000 2.026494 5.386944 -1206.525641 -428.352051
34.450000 1.984678 5.107640 -1225.575899 -463.459541
34.500000 2.024097 4.944192 -1236.895473 -459.642357
34.550000 1.983376 5.344988 -1215.527207 -453.910954
34.600000 2.012813 5.122637 -1237.904430 -464.984390
34.650000 1.980341 5.451671 -1215.884586 -455.433719
34.700000 2.004395 5.908585 -1190.388452 -420.700771
34.750000 2.005750 5.621594 -1201.181607 -430.973748
34.800000 2.019441 5.244279 -1220.004328 -444.539090
34.850000 2.010706 4.718086 -1250.734531 -478.623563
34.900000 1.969814 5.906808 -1177.015075 -420.606410
34.950000 2.022899 5.989031 -1172.902338 -396.109008
35.000000 2.004210 5.487754 -1195.633374 -426.016651
35.050000 1.991478 4.326393 -1268.656426 -503.928765
35.100000 1.987907 5.590851 -1192.330096 -428.973948
35.150000 2.009599 5.779721 -1191.735839 -420.049816
35.200000 1.999464 5.388066 -1220.083576 -452.289500
35.250000 2.005639 5.281583 -1220.477093 -450.311661
35.300000 1.998020 5.215949 -1217.851454 -450.611615
35.350000 1.992029 5.233821 -1214.246251 -449.307045
35.400000 2.001739 5.477270 -1201.989847 -433.322127
35.450000 2.001530 5.332843 -1215.971620 -447.384179
35.500000 1.998221 5.719354 -1196.077266 -428.760213
35.550000 2.029195 5.245934 -1226.130620 -446.919662
35.600000 1.971021 5.069984 -1239.640336 -482.768204
35.650000 2.013090 5.856334 -1199.986940 -426.960568
35.700000 1.989116 5.936760 -1196.072740 -432.252289
35.750000 2.004694 5.940293 -1191.997173 -422.194560
35.800000 2.006322 5.464168 -1213.918355 -443.490848
35.850000 2.009577 4.785504 -1248.317228 -476.639828
35.900000 1.993649 4.530129 -1261.338518 -495.777455
35.950000 1.978119 5.224537 -1216.137990 -456.540321
36.000000 2.014745 5.707999 -1186.211377 -412.549432
36.050000 2.019887 4.965696 -1227.139656 -451.502953
36.100000 2.011682 4.139563 -1273.638687 -501.152841
36.150000 1.975420 4.624165 -1248.614150 -490.052695
36.200000 1.993036 5.437412 -1208.541031 -443.215232
36.250000 2.006232 5.281083 -1221.208231 -450.815079
36.300000 2.006453 5.658408 -1194.530344 -424.052292
36.350000 2.003585 5.510363 -1207.660382 -438.283901
36.400000 2.004553 4.822387 -1255.667956 -485.919421
36.450000 1.994724 5.841241 -1196.261177 -430.287202
36.500000 2.012120 5.770992 -1203.062833 -430.408576
36.550000 1.969953 5.869670 -1194.547683 -438.085703
36.600000 2.023904 6.213878 -1176.700726 -399.521587
36.650000 1.990636 5.973892 -1189.886226 -425.481894
36.700000 1.991679 6.083319 -1184.285943 -419.481200
36.750000 2.008045 5.912835 -1197.983962 -426.894791
36.800000 1.992192 6.558696 -1146.769966 -381.768258
36.850000 1.996579 5.144958 -1236.163526 -469.477215
36.900000 1.989244 5.607620 -1208.179173 -444.309310
36.950000 2.003617 5.349057 -1227.897601 -458.508826
37.000000 2.014835 5.828589 -1189.577186 -415.880553
37.050000 2.016573 4.964922 -1237.233067 -462.869019
37.100000 1.989892 4.693731 -1246.676404 -482.557872
37.150000 1.988315 4.776623 -1244.478565 -480.965486
37.200000 1.996368 5.739317 -1187.995765 -421.390356
37.250000 2.018810 5.462614 -1210.141365 -434.918299
37.300000 1.997579 5.260450 -1218.171173 -451.100991
37.350000 1.986818 5.020549 -1233.517069 -470.579062
37.400000 1.980491 5.457259 -1212.914844 -452.406199
37.450000 2.007677 5.095224 -1241.005436 -470.057290
37.500000 1.991457 2.359045 -1132.089936 -367.370473
37.550000 1.993238 2.209394 -1146.166076 -380.762697
37.600000 1.992416 3.362361 -1071.014050 -305.926177
37.650000 2.004189 3.483243 -1069.479133 -299.870623
37.700000 1.994867 3.128523 -1095.201092 -329.172205
37.750000 2.016691 3.153915 -1085.892559 -311.483232
37.800000 2.010309 2.219967 -1149.146673 -377.187965
37.850000 1.990412 2.619483 -1118.775310 -354.457046
37.900000 1.996240 3.026075 -1092.579186 -326.023185
37.950000 1.994824 2.908130 -1098.483564 -332.471181
38.000000 1.989040 2.951403 -1093.220076 -329.428553
38.050000 2.031948 3.167698 -1088.771157 -308.503298
38.100000 1.993126 3.481174 -1068.790555 -303.430284
38.150000 2.006363 3.127782 -1099.360218 -328.916746
38.200000 1.982922 3.331741 -1087.029673 -325.587791
38.250000 1.993284 3.178873 -1098.004728 -332.583746
38.300000 1.996273 3.001883 -1103.079687 -336.510668
38.350000 1.997919 2.603908 -1126.459176 -359.258430
38.400000 2.012642 2.403255 -1138.483728 -365.629081
38.450000 1.978624 2.482267 -1136.861820 -377.070177
38.500000 1.994577 2.959578 -1111.254587 -345.337183
38.550000 2.002416 3.431607 -1077.540631 -308.612722
38.600000 1.987025 3.115107 -1094.702853 -331.685130
38.650000 2.006144 3.061004 -1099.227518 -328.868166
38.700000 1.981307 2.982722 -1104.591672 -343.769950
38.750000 2.009707 3.122445 -1093.614254 -321.886745
38.800000 2.003717 2.707840 -1113.908831 -344.481627
38.850000 1.983087 2.997421 -1095.475452 -333.970182
38.900000 1.975745 3.610253 -1059.310803 -300.624592
38.950000 2.017937 2.884942 -1114.034631 -339.146903
39.000000 1.993695 2.894244 -1099.834531 -334.255746
39.050000 1.993264 2.018264 -1159.956465 -394.543137
39.100000 2.008231 2.698359 -1109.890664 -338.729860
39.150000 1.997144 2.872368 -1096.268803 -329.365527
39.200000 1.995998 3.013880 -1086.644648 -320.181404
39.250000 2.015980 3.101696 -1081.301464 -307.165327
39.300000 2.012428 2.779179 -1105.581515 -332.809331
39.350000 1.999656 2.372748 -1130.409633 -362.541793
39.400000 2.014113 2.664088 -1105.463122 -332.043683
39.450000 1.999902 2.130818 -1151.774934 -383.812571
39.500000 1.974182 3.039775 -1092.032596 -333.946719
39.550000 2.008718 3.305133 -1081.063058 -309.715516
39.600000 1.990433 2.595244 -1134.594133 -370.267981
39.650000 1.998767 2.750191 -1126.584642 -359.058229
39.700000 2.009096 3.169007 -1096.248063 -324.755230
39.750000 1.985902 3.279361 -1084.198912 -321.612595
39.800000 1.988172 2.979741 -1108.430346 -344.972454
39.850000 2.014099 2.764399 -1118.023634 -344.609604
39.900000 1.990884 2.639162 -1123.249498 -358.749916
39.950000 2.001401 3.143956 -1089.364049 -320.826007
40.000000 1.989889 3.173212 -1087.332335 -323.214897
40.050000 2.006771 2.986885 -1101.806632 -331.206629
40.100000 1.998454 2.935976 -1097.557045 -330.150559
40.150000 1.991868 2.218511 -1145.620452 -380.743241
40.200000 2.010098 2.664123 -1118.241298 -346.363662
40.250000 1.982929 2.862204 -1113.587185 -352.142457
40.300000 2.001433 3.318997 -1087.878026 -319.327922
40.350000 2.015786 2.715247 -1124.799206 -350.737248
40.400000 2.000055 2.088720 -1162.302898 -394.281825
40.450000 1.991911 2.527359 -1133.528946 -368.635044
40.500000 2.010947 3.127557 -1097.593181 -325.389663
40.550000 2.013518 2.924920 -1106.133078 -332.942232
40.600000 1.987484 2.439257 -1136.968303 -373.774523
40.650000 2.002237 2.259728 -1146.969497 -378.110553
40.700000 1.978217 2.673208 -1116.488177 -356.852983
40.750000 1.994786 3.477551 -1064.985367 -298.987488
40.800000 2.006003 2.640762 -1123.884148 -353.578910
40.850000 1.998066 2.443264 -1130.860617 -363.603176
40.900000 2.001388 3.295382 -1069.036103 -300.502971
40.950000 1.978914 3.248607 -1081.050021 -321.147059
41.000000 2.007142 3.411433 -1078.015902 -307.273425
41.050000 1.975499 3.503487 -1074.082941 -315.491249
41.100000 2.008174 3.431189 -1077.787846 -306.649195
41.150000 1.986898 2.600749 -1135.781721 -372.812822
41.200000 1.998982 3.034260 -1109.602466 -341.993187
41.250000 2.021372 3.375287 -1082.964536 -306.757508
41.300000 1.981472 3.088067 -1105.797029 -344.911787
41.350000 2.008787 2.838542 -1125.408575 -354.034292
41.400000 1.996365 2.722995 -1127.603090 -360.998814
41.450000 2.005080 2.865677 -1117.844405 -347.893669
41.500000 2.006883 2.485190 -1143.325340 -372.682195
41.550000 1.993350 2.786970 -1120.859286 -355.412715
41.600000 2.006930 2.760468 -1122.364790 -351.703661
41.650000 2.019135 3.217621 -1090.939739 -315.591986
41.700000 2.006528 3.318137 -1083.951808 -313.444984
41.750000 1.992603 2.577312 -1140.673539 -375.514117
41.800000 1.995205 3.275906 -1092.136156 -325.977545
41.850000 1.997189 2.980793 -1114.597178 -347.676623
41.900000 1.975983 3.194692 -1095.339195 -336.561591
41.950000 2.010255 2.707983 -1124.652537 -352.714566
42.000000 2.001961 2.665191 -1122.928363 -354.175455
42.050000 1.994433 3.105913 -1093.376382 -327.514183
42.100000 1.989670 3.254735 -1089.363446 -325.330066
42.150000 1.984111 3.599818 -1071.005416 -309.106945
42.200000 2.007161 3.603677 -1067.177285 -296.427535
42.250000 1.997093 3.010035 -1102.167072 -335.283446
42.300000 1.987107 3.478265 -1066.655794 -303.606650
42.350000 2.005194 3.360687 -1072.204008 -302.209330
42.400000 1.989205 3.157252 -1084.747384 -320.892632
42.450000 1.996889 3.361648 -1078.347059 -311.541825
42.500000 2.027947 2.937659 -1112.089663 -333.358073
42.550000 1.978058 3.155104 -1090.838705 -331.264257
42.600000 1.979963 3.082794 -1098.727826 -338.421847
42.650000 2.007520 3.034261 -1095.749136 -324.861410
42.700000 2.007468 2.523640 -1133.244788 -362.377017
42.750000 2.009114 2.934663 -1109.873974 -338.374046
42.800000 1.983421 3.126717 -1098.575785 -336.942094
42.850000 2.001936 3.286005 -1089.146563 -320.403289
42.900000 1.981443 3.847761 -1050.590238 -289.716275
42.950000 2.016490 3.139209 -1096.294834 -321.962715
43.000000 1.993862 3.021185 -1102.424998 -336.781890
43.050000 2.002257 2.886173 -1118.719152 -349.852505
43.100000 2.006832 3.279718 -1091.256662 -320.633118
43.150000 2.011106 3.211336 -1097.161069 -324.896266
43.200000 2.011877 2.710940 -1132.091304 -359.530602
43.250000 1.988875 3.177951 -1095.056533 -331.328428
43.300000 2.006727 2.522080 -1142.999615 -372.416563
43.350000 1.999783 2.909490 -1111.347427 -343.430581
43.400000 2.007752 3.268738 -1081.699304 -310.722408
43.450000 1.999544 2.760524 -1116.324860 -348.499932
43.500000 1.995274 3.039792 -1096.592323 -330.407131
43.550000 1.990296 2.787933 -1113.294526 -349.020929
43.600000 1.991539 2.928595 -1100.822609 -336.071749
43.650000 2.003720 2.916895 -1108.085847 -338.657193
43.700000 2.000629 3.200362 -1093.622686 -325.381337
43.750000 1.999336 2.739906 -1125.207145 -357.462196
43.800000 1.975154 2.928715 -1107.635614 -349.176566
43.850000 2.006022 2.836450 -1111.844478 -341.532117
43.900000 1.983677 2.894630 -1111.708583 -349.976595
43.950000 2.001631 3.523918 -1072.530953 -303.904511
44.000000 2.012929 3.300027 -1077.092703 -304.127829
44.050000 2.017600 2.021260 -1158.853310 -384.095018
44.100000 1.976535 2.253282 -1141.636793 -382.647496
44.150000 2.003333 2.748590 -1118.941870 -349.662042
44.200000 1.986829 3.079553 -1105.538919 -342.596731
44.250000 2.003265 3.488876 -1083.934604 -314.680690
44.300000 2.002259 3.495380 -1075.539727 -306.672279
44.350000 2.012042 2.795729 -1120.776568 -348.152499
44.400000 1.999735 2.650880 -1131.597256 -363.698879
44.450000 2.002346 3.310793 -1086.625318 -317.724484
44.500000 2.025731 2.801328 -1123.713399 -345.832586
44.550000 1.992011 2.979659 -1105.386279 -340.453894
44.600000 2.007068 2.804255 -1114.694046 -343.979851
44.650000 1.998696 2.858948 -1109.871341 -342.371899
44.700000 1.991959 2.960701 -1101.247451 -336.335378
44.750000 1.991678 3.252410 -1076.223556 -311.419328
44.800000 1.996925 2.939995 -1103.882718 -337.063469
44.850000 1.994886 3.402586 -1078.640059 -312.603682
44.900000 2.001773 3.185934 -1097.818097 -329.137249
44.950000 2.017715 2.867868 -1121.249595 -346.446910
45.000000 2.007100 1.738828 -971.259918 -200.533345
45.050000 1.990588 1.813855 -958.879997 -194.494273
45.100000 1.993721 1.811854 -957.531704 -191.942798
45.150000 1.996723 1.550543 -976.445451 -209.703953
45.200000 1.997426 1.884634 -946.084757 -179.073249
45.250000 2.015927 1.741097 -956.733382 -182.617314
45.300000 1.989160 1.434447 -978.991502 -215.153900
45.350000 2.009980 1.385699 -984.283344 -212.450926
45.400000 1.995420 1.544764 -971.789686 -205.548481
45.450000 2.012292 1.541519 -973.265793 -200.545548
45.500000 2.007395 1.633814 -966.844402 -196.004907
45.550000 1.983639 1.447069 -987.658230 -225.941011
45.600000 2.017904 1.978180 -947.599019 -172.723943
45.650000 1.992554 2.318704 -909.021213 -143.880441
45.700000 2.001085 1.475526 -978.365649 -209.949115
45.750000 1.986103 1.676674 -960.008523 -197.345088
45.800000 2.005122 1.573086 -965.724827 -195.758171
45.850000 1.988160 1.805435 -946.171959 -182.718560
45.900000 1.988737 1.972767 -945.606181 -181.930988
45.950000 1.993535 2.176069 -935.442792 -169.925305
46.000000 1.999406 2.330242 -921.734367 -153.962440
46.050000 1.999009 1.900462 -952.569148 -184.949612
46.100000 2.014283 1.690153 -965.785172 -192.300643
46.150000 2.004950 1.987455 -939.660125 -169.759312
46.200000 2.003457 1.700081 -963.081719 -193.754272
46.250000 2.001323 1.547248 -969.153242 -200.645257
46.300000 1.986398 1.421495 -979.417942 -216.641180
46.350000 1.995170 2.005879 -932.693445 -166.548066
46.400000 1.985521 1.751252 -961.949815 -199.509769
46.450000 2.006069 2.354119 -921.843645 -151.513240
46.500000 1.999690 1.944976 -956.232976 -188.351876
46.550000 1.987120 1.960849 -947.036044 -183.981940
46.600000 2.007596 2.103928 -938.211260 -167.294390
46.650000 2.001126 1.821172 -962.598622 -194.166193
46.700000 2.003215 2.020736 -940.773343 -171.538937
46.750000 1.999907 1.833624 -951.106056 -183.141819
46.800000 1.996908 2.021745 -933.748020 -166.935320
46.850000 2.012044 2.029507 -934.162698 -161.537959
46.900000 1.999020 1.886774 -945.979744 -178.356082
46.950000 1.998859 1.763218 -957.837299 -190.275580
47.000000 1.996752 1.766665 -954.233527 -187.480730
47.050000 2.004100 1.731580 -954.504502 -184.930191
47.100000 2.000907 2.067151 -928.332300 -159.983972
47.150000 2.003013 1.652336 -965.564431 -196.407388
47.200000 2.020693 1.548375 -975.630798 -199.684720
47.250000 2.001265 1.816700 -947.639713 -179.153997
47.300000 1.992095 1.895334 -939.918884 -174.954228
47.350000 1.986826 2.072450 -932.695176 -169.753904
47.400000 1.998443 2.334003 -914.112378 -146.710368
47.450000 2.016594 2.201117 -919.941631 -145.569444
47.500000 2.005992 1.212693 -996.039701 -225.738805
47.550000 1.996232 1.710720 -955.768637 -189.215669
47.600000 1.992215 1.861617 -948.737211 -183.726681
47.650000 2.021140 1.805902 -950.927153 -174.809214
47.700000 2.005934 1.367811 -982.988242 -212.709679
47.750000 1.978349 2.177935 -918.930642 -159.244494
47.800000 2.016380 1.771917 -954.528898 -180.238811
47.850000 1.999570 1.472255 -969.491867 -201.656947
47.900000 2.024527 1.310448 -976.134684 -198.716373
47.950000 1.995075 1.093055 -993.670404 -227.561696
48.000000 1.979539 1.631959 -954.428196 -194.285249
48.050000 1.996151 1.877425 -943.788760 -177.266718
48.100000 2.007790 2.086448 -929.296179 -158.304717
48.150000 1.995672 1.893257 -947.925796 -181.587745
48.200000 2.012555 1.832227 -964.214669 -191.393388
48.250000 2.003658 2.321087 -931.479990 -162.075498
48.300000 2.010831 1.768490 -978.851208 -206.692024
48.350000 1.984108 1.845497 -963.667787 -201.770247
48.400000 1.994933 1.835683 -960.686609 -194.632177
48.450000 2.010302 2.249930 -927.926875 -155.970899
48.500000 1.997841 1.960783 -953.152790 -185.981858
48.550000 2.004084 1.940139 -960.011572 -190.443239
48.600000 2.015500 2.014821 -960.484431 -186.532405
48.650000 2.004735 1.840019 -975.924974 -206.106912
48.700000 2.021940 1.856054 -971.680677 -195.255623
48.750000 1.999858 1.738410 -972.684694 -204.739140
48.800000 2.002710 1.450202 -993.484789 -224.444000
48.850000 1.984931 1.800198 -966.061868 -203.848516
48.900000 2.006162 2.051260 -947.337749 -176.971682
48.950000 1.992861 1.569921 -984.432866 -219.174334
49.000000 2.004007 1.729331 -971.182149 -201.643434
49.050000 1.975409 1.961887 -953.350103 -194.793118
49.100000 2.011238 1.974666 -950.873350 -178.557994
49.150000 2.003814 2.068955 -934.074836 -164.610325
49.200000 2.006052 1.753763 -957.019778 -186.695854
49.250000 1.981190 1.642973 -963.673678 -202.896740
49.300000 2.001508 1.472641 -983.925615 -215.346535
49.350000 2.014740 2.025627 -940.883800 -167.223809
49.400000 1.984072 2.071777 -938.345631 -176.462091
49.450000 1.992122 2.249123 -925.639616 -160.664592
49.500000 2.008303 1.970889 -941.450123 -170.261655
49.550000 2.006857 1.501408 -968.035572 -197.402627
49.600000 1.983964 1.467243 -965.969671 -204.127401
49.650000 2.001370 1.976582 -925.065516 -156.539358
49.700000 1.990599 1.853136 -943.168999 -178.779031
49.750000 2.001338 2.036137 -937.286821 -168.772974
49.800000 2.003687 2.229999 -927.026108 -157.610225
49.850000 2.003426 1.777532 -963.362231 -194.046627
49.900000 1.989251 1.825142 -958.345345 -194.472976
49.950000 2.014841 1.945344 -951.780926 -178.082143
50.000000 2.002529 2.112004 -936.153245 -167.182092
50.050000 2.002519 1.815376 -963.624959 -194.657695
50.100000 2.002733 1.666712 -971.454731 -202.405303
50.150000 2.001532 2.011379 -940.122800 -171.534457
50.200000 2.001271 2.128686 -931.851787 -163.363774
50.250000 1.970783 1.896094 -945.854256 -189.073561
50.300000 1.999643 2.153636 -920.221166 -152.358237
50.350000 2.016540 1.731602 -944.370102 -170.018693
50.400000 1.991782 1.133637 -983.950634 -219.106228
50.450000 2.015967 1.150976 -985.308362 -211.176951
50.500000 2.002986 1.315073 -975.578543 -206.431948
50.550000 1.998973 1.234855 -995.438243 -227.832595
50.600000 1.989172 2.103720 -932.663615 -168.821709
50.650000 2.006644 1.901074 -959.790843 -189.239599
50.700000 1.988625 1.907588 -957.892414 -194.260418
50.750000 2.014295 1.837603 -961.035648 -187.546464
50.800000 2.010490 1.801151 -954.585165 -182.556950
50.850000 1.992554 1.226151 -1001.492270 -236.351485
50.900000 2.001559 1.598148 -972.392552 -203.794066
50.950000 2.028138 1.307082 -992.717274 -213.912185
51.000000 1.987355 1.282844 -990.042670 -226.898229
51.050000 1.997812 1.605086 -967.147882 -199.988256
51.100000 1.994165 1.940809 -949.588431 -183.829042
51.150000 2.006636 2.462773 -911.159605 -140.611387
51.200000 2.002498 1.946130 -954.771359 -185.812253
51.250000 2.001726 1.912767 -958.272428 -189.609482
51.300000 1.991472 1.911627 -952.676295 -187.951105
51.350000 2.006064 1.743421 -964.356781 -194.028198
51.400000 2.000464 1.332760 -992.829398 -224.651313
51.450000 2.010250 1.503451 -972.907204 -200.971319
51.500000 1.983023 1.505665 -977.138962 -215.658173
51.550000 2.003708 1.953519 -953.353061 -183.929240
51.600000 2.001084 2.140618 -942.679628 -174.263351
51.650000 1.995312 1.934167 -959.677562 -193.477625
51.700000 1.988889 1.895723 -955.490662 -191.757452
51.750000 2.005605 1.523136 -980.409951 -210.257609
51.800000 2.019939 1.502348 -976.878689 -201.221972
51.850000 1.997077 1.671683 -963.024728 -196.147269
51.900000 1.979061 2.063546 -941.654089 -181.694712
51.950000 2.019464 1.723806 -969.001722 -193.527527
52.000000 2.007248 1.527577 -972.158503 -201.375438
52.050000 1.991919 1.432372 -977.401967 -212.505031
52.100000 1.999167 1.675448 -960.464971 -192.784995
52.150000 1.979063 2.041016 -933.377911 -173.417879
52.200000 1.983942 2.385034 -911.226253 -149.392615
52.250000 1.985779 2.140959 -934.722361 -172.183258
52.300000 2.006998 1.890982 -952.672777 -181.985354
52.350000 1.991200 2.131775 -925.798229 -161.177542
52.400000 2.013621 1.556057 -972.480842 -199.250228
52.450000 1.991673 1.427579 -986.419808 -221.617534
52.500000 2.017883 1.050367 -816.628144 -41.761231
52.550000 1.985270 0.876901 -828.147345 -65.803816
52.600000 1.998932 0.983114 -820.233034 -52.643037
52.650000 1.989340 1.178725 -806.287054 -42.380465
52.700000 1.994690 1.439891 -786.022404 -20.061632
52.750000 2.005138 1.360910 -789.435719 -19.462916
52.800000 2.000343 0.900009 -829.197576 -61.065978
52.850000 1.989653 1.367898 -781.316471 -17.289803
52.900000 2.005553 1.027701 -816.488503 -46.356072
52.950000 1.992734 0.771890 -833.389738 -68.180032
53.000000 1.990445 1.070297 -799.128842 -34.797949
53.050000 2.018967 1.108095 -793.808025 -18.524708
53.100000 1.993485 0.865724 -812.986552 -47.488280
53.150000 2.007013 0.717188 -827.898981 -57.205840
53.200000 1.992953 1.181623 -785.064406 -19.770496
53.250000 1.998277 1.019274 -810.876259 -43.537908
53.300000 2.003820 0.975183 -816.069807 -46.602783
53.350000 1.983131 1.184161 -793.719391 -32.197118
53.400000 2.008517 1.182895 -793.167647 -21.897080
53.450000 2.000687 0.984918 -810.821421 -42.557745
53.500000 2.001284 1.073253 -809.202666 -40.709491
53.550000 2.000620 1.248083 -798.942002 -30.704064
53.600000 2.012583 1.182986 -805.419045 -32.587019
53.650000 1.989209 1.097516 -808.077307 -44.221218
53.700000 1.996903 1.096710 -807.074255 -40.263483
53.750000 2.018885 1.025206 -806.628174 -31.376149
53.800000 2.000368 0.518489 -848.502123 -80.360770
53.850000 1.989951 0.865323 -818.893936 -54.752584
53.900000 1.992684 1.238348 -791.413038 -26.222276
53.950000 2.018617 1.075549 -809.282923 -34.134124
54.000000 1.991706 1.182859 -792.008839 -27.193636
54.050000 2.002435 1.100283 -795.011864 -26.076865
54.100000 2.002543 1.021108 -801.486986 -32.510379
54.150000 1.992239 0.924756 -812.271526 -47.251599
54.200000 1.998163 1.160451 -796.547267 -29.252858
54.250000 1.999410 1.561520 -758.706158 9.067332
54.300000 1.990366 0.998182 -816.736131 -52.435715
54.350000 2.004022 1.150362 -802.601849 -33.057441
54.400000 1.999069 1.033512 -812.138361 -44.495821
54.450000 1.995667 0.853562 -831.331414 -64.995171
54.500000 1.993528 1.049998 -817.491677 -51.976923
54.550000 1.996169 1.110426 -824.726617 -58.197855
54.600000 2.006807 1.577429 -786.119968 -15.506051
54.650000 2.004452 1.414222 -796.505453 -26.795962
54.700000 1.990595 0.968343 -833.294734 -68.906075
54.750000 2.000517 0.843006 -840.023959 -71.825516
54.800000 1.988570 1.232148 -795.511587 -31.900602
54.850000 2.017433 1.144866 -801.352107 -26.657937
54.900000 1.991844 1.054271 -811.237031 -46.368779
54.950000 1.998739 1.177768 -801.919530 -34.403687
55.000000 2.014122 0.894838 -835.436667 -62.013956
55.050000 1.979525 1.481802 -782.066728 -21.929193
55.100000 2.008913 1.384089 -795.004905 -23.582151
55.150000 1.987842 1.131314 -817.920495 -54.589007
55.200000 2.000432 1.267697 -803.796161 -35.630415
55.250000 2.016212 1.100430 -813.697078 -39.471597
55.300000 1.997969 0.753403 -837.690752 -70.470549
55.350000 2.005598 0.928765 -823.922718 -53.773016
55.400000 2.000855 1.181091 -804.238877 -35.910415
55.450000 2.005670 1.154038 -804.639828 -34.462516
55.500000 1.987675 1.203768 -796.691481 -33.424472
55.550000 1.995748 1.297418 -787.711586 -21.344509
55.600000 1.996015 1.227761 -793.036101 -26.566199
55.650000 1.995166 1.263203 -787.988852 -21.845067
55.700000 2.000888 1.323957 -781.877934 -13.537109
55.750000 2.008779 1.275295 -787.506647 -16.135685
55.800000 2.009466 0.868971 -829.307474 -57.672485
55.850000 1.994856 1.146193 -804.358714 -38.333932
55.900000 2.004536 1.322849 -792.348801 -22.607063
55.950000 2.000555 1.180298 -806.184793 -37.971728
56.000000 2.011640 1.200234 -798.726294 -26.256581
56.050000 1.992625 1.163903 -801.218466 -36.050580
56.100000 2.010095 1.346078 -782.777641 -10.901279
56.150000 2.011937 0.849262 -830.024780 -57.440867
56.200000 2.010119 1.001838 -813.841802 -41.956178
56.250000 2.012531 0.988397 -821.197223 -48.385456
56.300000 1.995736 1.083131 -823.900293 -57.537791
56.350000 1.999365 1.329153 -809.721261 -41.964977
56.400000 2.014701 1.100948 -823.659250 -50.014174
56.450000 1.983917 1.046088 -815.302476 -53.478199
56.500000 2.001240 1.145978 -807.549796 -39.073781
56.550000 1.994765 1.440874 -777.175094 -11.185399
56.600000 2.003842 1.383445 -778.612171 -9.137028
56.650000 1.990262 1.075059 -801.319625 -37.059063
56.700000 2.004646 1.180047 -785.543531 -15.759612
56.750000 1.994202 1.060018 -793.984167 -28.210726
56.800000 1.991436 1.207491 -779.665364 -14.954041
56.850000 2.000449 1.246934 -773.368493 -5.195958
56.900000 2.013274 0.959313 -793.953661 -20.856410
56.950000 1.994322 0.733738 -813.937199 -48.117683
57.000000 2.001095 0.626107 -836.176419 -67.755840
57.050000 1.999115 1.172360 -795.758515 -28.098395
57.100000 2.006232 1.284366 -787.459365 -17.066245
57.150000 2.004006 0.984849 -809.800376 -40.262062
57.200000 1.989817 1.035352 -802.069745 -37.979994
57.250000 2.005123 1.110508 -796.919830 -26.952451
57.300000 2.001236 1.148697 -799.053843 -30.579230
57.350000 2.007650 1.465408 -770.628196 0.309225
57.400000 1.990683 1.086472 -807.077653 -42.655192
57.450000 2.003024 0.981273 -810.634485 -41.473442
57.500000 1.989678 0.978119 -806.036970 -42.000535
57.550000 2.000512 1.116015 -793.048772 -24.851991
57.600000 2.012595 0.882630 -812.622042 -39.785535
57.650000 1.984640 0.963526 -800.924002 -38.822429
57.700000 1.999280 1.021645 -801.857143 -34.133539
57.750000 1.994657 1.217989 -789.860005 -23.911767
57.800000 2.020781 1.404080 -768.747844 7.231888
57.850000 2.001747 1.015553 -788.972316 -20.301352
57.900000 1.992759 0.712050 -810.393243 -45.173808
57.950000 1.994648 0.822970 -802.223462 -36.278761
58.000000 2.002814 1.040507 -789.429559 -20.348878
58.050000 1.999505 1.016761 -803.492990 -35.683029
58.100000 1.989843 1.491514 -765.277831 -1.178050
58.150000 2.016291 1.443651 -773.651392 0.604293
58.200000 1.999794 0.962697 -816.181621 -48.260665
58.250000 2.010295 0.894242 -819.591386 -47.637963
58.300000 1.985037 0.989345 -811.221466 -48.967088
58.350000 2.001484 1.194471 -795.205299 -26.635390
58.400000 2.017199 1.279807 -788.712890 -14.108337
58.450000 1.997942 1.171181 -795.635306 -28.425523
58.500000 1.995453 1.036955 -806.461466 -40.207450
58.550000 2.010538 1.042745 -801.711499 -29.664935
58.600000 1.989929 1.039060 -793.987158 -29.854461
58.650000 1.999735 0.678974 -827.172844 -59.274729
58.700000 2.002126 0.786019 -814.136380 -45.320087
58.750000 1.989274 0.900665 -806.392442 -42.511388
58.800000 2.014741 0.811475 -822.073141 -48.412464
58.850000 1.995876 0.759397 -836.507053 -70.090526
58.900000 1.992513 1.143546 -815.648738 -50.523683
58.950000 2.019117 1.458798 -796.061386 -20.720608
59.000000 1.995727 1.334638 -809.959738 -43.600417
59.050000 2.009960 0.980675 -841.670207 -69.845393
59.100000 1.993049 0.831256 -850.919243 -85.588545
59.150000 1.985348 1.368938 -790.188484 -27.814873
59.200000 2.015669 0.985178 -823.449226 -49.432457
59.250000 2.018606 0.651362 -849.849567 -74.704791
59.300000 2.000664 0.844355 -831.825276 -63.570185
59.350000 2.007317 0.998586 -823.907995 -53.098145
59.400000 1.984122 1.486409 -775.974684 -14.071990
59.450000 2.011786 1.269949 -796.149569 -23.623695
59.500000 1.999067 0.945613 -824.694096 -57.052317
59.550000 1.989740 0.859466 -827.281032 -63.221041
59.600000 2.002834 0.991738 -812.780342 -43.691959
59.650000 1.994534 0.985699 -814.569735 -48.668630
59.700000 1.991138 1.171228 -798.251213 -33.654405
59.750000 1.996745 0.975464 -814.669360 -47.919223
59.800000 2.002203 0.721685 -832.394019 -63.548229
59.850000 1.990671 0.757362 -827.115486 -62.697932
59.900000 1.998255 0.829652 -829.037878 -61.708071
59.950000 1.996071 1.080945 -812.864410 -46.372960
60.000000 2.015668 0.486917 -674.652640 99.363929
60.050000 1.993185 0.562042 -657.435259 107.947813
60.100000 1.993632 0.761925 -635.094158 130.460534
60.150000 2.008706 0.567272 -658.433500 112.909452
60.200000 1.990893 0.476092 -667.926560 96.576537
60.250000 2.001575 0.760399 -642.160893 126.443971
60.300000 2.003227 1.087315 -604.047457 165.191871
60.350000 2.000187 0.753859 -639.879096 128.192659
60.400000 2.007420 0.615462 -648.597565 122.251828
60.450000 2.001066 0.558304 -651.865791 116.543671
60.500000 1.997132 0.582419 -650.652606 116.246143
60.550000 2.002271 0.680172 -641.577967 127.294128
60.600000 2.001885 0.682306 -641.663370 127.060329
60.650000 2.006791 0.650045 -646.443557 124.164250
60.700000 1.995116 0.784804 -632.144417 133.980282
60.750000 2.008367 0.663756 -653.422592 117.790375
60.800000 1.991194 0.808049 -642.013351 122.605121
60.850000 2.007297 0.914895 -639.220883 131.581121
60.900000 2.008165 0.940848 -636.199679 134.935751
60.950000 2.007477 0.744874 -658.866978 112.003999
61.000000 1.995833 0.771051 -653.669412 112.730357
61.050000 2.006461 0.554171 -679.275791 91.205410
61.100000 1.991728 0.772406 -654.921852 109.901611
61.150000 1.995747 0.977942 -631.442814 134.924083
61.200000 2.004782 0.787732 -646.044946 123.791343
61.250000 2.003435 0.595021 -658.257019 111.061929
61.300000 1.996472 0.748119 -632.534637 134.110654
61.350000 1.990930 0.741435 -632.362598 132.154560
61.400000 1.999804 0.759869 -621.719883 146.204964
61.450000 1.995721 0.492416 -643.950353 122.406675
61.500000 1.997341 0.590161 -621.763415 145.215663
61.550000 2.010952 0.514929 -626.008796 146.196810
61.600000 2.000909 0.583079 -615.810750 152.538142
61.650000 1.996678 0.471353 -636.378235 130.345970
61.700000 1.998437 0.701153 -616.291489 151.108427
61.750000 2.007970 0.589009 -634.223531 136.837124
61.800000 2.007095 0.593237 -631.752531 138.971954
61.850000 1.995994 0.502607 -653.692900 112.768897
61.900000 1.995775 0.726947 -643.045302 123.332401
61.950000 2.005980 0.992972 -619.653600 150.642648
62.000000 2.008764 0.819607 -649.703282 121.662136
62.050000 1.992185 0.872112 -644.791657 120.207338
62.100000 1.990808 0.825934 -652.832067 111.638293
62.150000 2.013111 0.840867 -648.609268 124.425352
62.200000 1.999612 0.646070 -667.631978 100.218995
62.250000 1.986387 0.987326 -627.348018 135.424770
62.300000 2.002035 0.769121 -657.953334 110.827979
62.350000 1.991035 0.742752 -655.942697 108.614597
62.400000 2.005315 0.623246 -669.006842 101.034302
62.450000 1.981594 0.931043 -630.970395 129.961856
62.500000 2.007379 0.745474 -654.943059 115.890632
62.550000 1.999771 0.699378 -657.963015 109.948929
62.600000 1.988094 0.948991 -632.003746 131.424524
62.650000 2.012420 0.842966 -647.201859 125.567316
62.700000 2.013424 0.461100 -685.498088 87.656720
62.750000 1.990126 0.632864 -658.231395 105.977017
62.800000 1.999355 0.503889 -675.907320 91.845083
62.850000 1.988299 0.671159 -655.590890 107.915904
62.900000 1.992094 0.777449 -641.959050 123.004904
62.950000 1.997920 0.745564 -639.990600 127.210848
63.000000 2.002273 0.628146 -648.291722 120.581271
63.050000 1.990560 0.567256 -651.783514 112.591664
63.100000 2.006669 0.494084 -661.508817 109.051948
63.150000 1.990890 0.703354 -639.435463 125.066475
63.200000 1.995774 0.559863 -664.644371 101.732975
63.250000 2.001013 0.851611 -632.602839 135.786175
63.300000 1.988929 0.728591 -652.076834 111.671944
63.350000 2.023783 0.845755 -636.270513 140.862289
63.400000 1.990736 0.696436 -643.492233 120.950569
63.450000 2.007268 0.585746 -646.531493 124.259534
63.500000 1.997510 0.407735 -665.924649 101.119128
63.550000 1.997429 0.707430 -635.429815 131.582993
63.600000 1.993555 0.856289 -625.922159 139.602804
63.650000 2.019316 0.735648 -645.053772 130.363597
63.700000 2.001189 0.721545 -646.180422 122.276275
63.750000 2.002798 0.601914 -666.823239 102.251267
63.800000 1.993098 0.934191 -631.996663 133.353111
63.850000 2.001995 0.957558 -629.150703 139.615510
63.900000 2.000970 0.684225 -653.286246 115.086299
63.950000 1.996803 0.558921 -663.484461 103.287999
64.000000 1.992503 0.786953 -640.864066 124.257056
64.050000 2.015983 0.977593 -626.069554 148.067744
64.100000 2.001851 0.925960 -632.330806 136.379990
64.150000 1.994936 0.807028 -640.039788 126.015748
64.200000 1.989199 0.601214 -658.394709 105.457662
64.250000 2.014930 0.607992 -650.989042 122.744258
64.300000 2.001537 0.352930 -673.302340 95.287941
64.350000 1.998969 0.443998 -660.677155 106.926918
64.400000 1.992026 0.578012 -647.337342 117.600626
64.450000 1.997653 0.706230 -637.802336 129.296397
64.500000 2.003391 0.665665 -645.466318 123.835643
64.550000 2.005634 0.503897 -660.127709 110.035835
64.600000 1.997170 0.457668 -660.052271 106.860831
64.650000 1.991685 0.530361 -657.027523 107.779491
64.700000 2.002360 0.484618 -672.763426 96.142669
64.750000 2.001888 0.763305 -643.754964 124.969914
64.800000 2.003944 0.652017 -665.422747 104.091891
64.850000 1.993834 0.857764 -643.584316 122.047952
64.900000 2.009348 0.749015 -659.538608 112.051169
64.950000 1.996161 0.785239 -652.611100 113.914549
65.000000 1.996828 0.712297 -663.446961 103.334808
65.050000 2.003513 0.707952 -665.366363 103.982456
65.100000 1.996640 0.814093 -650.716255 115.993341
65.150000 2.009304 0.753674 -656.581963 114.990685
65.200000 1.995183 0.665607 -668.522598 97.627621
65.250000 2.015060 0.854244 -644.979689 128.803510
65.300000 1.990821 0.602585 -677.951875 86.523558
65.350000 1.993752 0.831850 -656.929930 108.670848
65.400000 2.007699 0.918325 -652.557086 118.399250
65.450000 2.001182 0.789432 -664.074065 104.379683
65.500000 1.995500 0.584443 -687.915759 78.356412
65.550000 1.994255 0.731584 -672.642581 93.151352
65.600000 1.998322 0.868722 -662.178559 105.176956
65.650000 1.999576 0.825003 -666.973873 100.863388
65.700000 2.010681 0.826619 -660.945236 111.156236
65.750000 1.990295 0.710288 -670.332380 93.940832
65.800000 1.996876 0.943571 -638.314175 128.486036
65.850000 2.013292 0.759901 -654.523662 118.580618
65.900000 2.008269 0.620634 -664.779600 106.395670
65.950000 1.997382 0.655597 -657.638583 109.356276
66.000000 1.990005 0.768542 -643.625347 120.536390
66.050000 1.994542 0.667150 -661.072086 104.832191
66.100000 2.003569 0.740912 -653.837317 115.532999
66.150000 1.996895 0.841215 -638.785027 128.022771
66.200000 2.001970 0.556027 -673.294689 95.461955
66.250000 1.995965 0.749666 -651.277248 115.173301
66.300000 1.998203 0.832633 -647.485344 119.824593
66.350000 2.010515 0.601236 -678.017855 94.019923
66.400000 1.983216 0.840739 -650.295629 111.259504
66.450000 2.005688 0.657720 -675.282826 94.901243
66.500000 1.991238 0.856018 -649.469135 115.166158
66.550000 2.010783 0.773512 -655.718232 116.422445
66.600000 1.998634 0.607944 -667.381730 100.093730
66.650000 1.988313 0.779590 -644.032709 119.479586
66.700000 2.007159 0.612864 -665.533923 105.215224
66.750000 1.987823 0.609741 -663.672742 99.651292
66.800000 2.000540 0.760080 -647.300312 120.907226
66.850000 2.001924 0.687546 -656.845816 111.893113
66.900000 1.991795 0.883913 -633.917182 130.932222
66.950000 2.010719 0.680459 -660.002320 112.113919
67.000000 2.001249 0.686879 -654.936351 113.543238
67.050000 1.996921 0.574342 -669.301649 97.516130
67.100000 2.004469 0.800037 -641.270594 128.445686
67.150000 2.004844 0.606933 -664.514221 105.345803
67.200000 1.985580 0.856757 -633.768410 128.694144
67.250000 2.014141 0.937261 -628.228528 145.201712
67.300000 2.012940 0.839887 -640.008523 132.960622
67.350000 1.982499 0.890013 -639.781544 121.498142
67.400000 2.011678 0.728699 -665.963394 106.520891
67.450000 1.995675 0.813185 -652.411634 113.927517
