# t Temp Pres Epot Etot
0.000000 1.965078 29.140518 -1390.413676 -635.823544
0.050000 1.972580 29.380439 -1381.367282 -623.896687
0.100000 2.025895 29.022974 -1399.147132 -621.203270
0.150000 1.984266 29.108075 -1393.761338 -631.803332
0.200000 2.011417 28.561522 -1417.909112 -645.524866
0.250000 1.980462 28.196756 -1434.835046 -674.337677
0.300000 2.014033 28.090621 -1441.683781 -668.295278
0.350000 1.977917 29.275090 -1385.191483 -625.671203
0.400000 2.035805 30.059214 -1352.115893 -570.366903
0.450000 1.986080 28.711809 -1411.163942 -648.509059
0.500000 2.005316 28.133911 -1440.447061 -670.405762
0.550000 1.967168 29.063831 -1393.255619 -637.863201
0.600000 1.983624 28.871151 -1403.421920 -641.710243
0.650000 1.990787 28.441543 -1424.457861 -659.995673
0.700000 2.006933 28.939950 -1402.550772 -631.888690
0.750000 2.034480 29.773819 -1363.783204 -582.543044
0.800000 1.997548 28.582146 -1418.527023 -651.468663
0.850000 1.988857 28.363869 -1423.676458 -659.955257
0.900000 1.974501 28.680409 -1414.355540 -656.147112
0.950000 2.043582 27.040281 -1489.631032 -704.895387
1.000000 1.997906 29.387848 -1380.565238 -613.369187
1.050000 2.014698 29.344993 -1385.151866 -611.507868
1.100000 2.018001 28.317073 -1428.889682 -653.977273
1.150000 2.011159 29.422474 -1381.901025 -609.615939
1.200000 1.979184 29.616343 -1369.904665 -609.898076
1.250000 2.003137 28.465157 -1426.332945 -657.128319
1.300000 2.004609 28.164151 -1439.390442 -669.620620
1.350000 2.012475 29.002243 -1397.715245 -624.924728
1.400000 2.032543 28.456580 -1423.834296 -643.337695
1.450000 1.966381 26.853731 -1494.425401 -739.335116
1.500000 1.996718 29.472695 -1381.747999 -615.008427
1.550000 2.035170 30.101685 -1353.695731 -572.190303
1.600000 2.012556 28.583878 -1422.006050 -649.184541
1.650000 2.031106 28.862502 -1407.254484 -627.309785
1.700000 1.980986 27.592379 -1461.201352 -700.502680
1.750000 1.999527 28.153867 -1436.786207 -668.967683
1.800000 2.016113 29.013491 -1394.674680 -620.487175
1.850000 1.966081 29.415020 -1377.466587 -622.491581
1.900000 1.942880 29.895813 -1357.984162 -611.918193
1.950000 2.029661 30.645607 -1326.947043 -547.557279
2.000000 2.008606 28.685271 -1414.639363 -643.334774
2.050000 2.012633 27.880768 -1446.930088 -674.078839
2.100000 2.027348 28.968796 -1402.755108 -624.253352
2.150000 1.979402 27.323683 -1472.740605 -712.650423
2.200000 2.005959 29.514182 -1376.039883 -605.751546
2.250000 1.975722 29.131508 -1390.420333 -631.743047
2.300000 1.974377 28.947726 -1401.222689 -643.061899
2.350000 2.003729 30.013962 -1349.734910 -580.303019
2.400000 1.969620 29.125142 -1390.999090 -634.664855
2.450000 1.993285 27.693537 -1458.336782 -692.915452
2.500000 1.978650 28.144598 -1438.538940 -678.737312
2.550000 1.994976 29.701738 -1369.274836 -603.204098
2.600000 2.000178 28.772974 -1411.079325 -643.011011
2.650000 1.972614 29.038250 -1400.320175 -642.836447
2.700000 2.035862 29.365989 -1386.675104 -604.904229
2.750000 1.984345 28.531184 -1420.935742 -658.947261
2.800000 1.999369 28.770221 -1408.423110 -640.665460
2.850000 2.021456 28.405123 -1430.938252 -654.699338
2.900000 2.014601 28.704791 -1413.183454 -639.576542
2.950000 2.003764 28.107038 -1443.756152 -674.310755
3.000000 2.000829 28.103734 -1438.565277 -670.246787
3.050000 1.976873 29.511998 -1377.674374 -618.555114
3.100000 1.958896 28.102603 -1440.307007 -688.091009
3.150000 2.023602 31.431360 -1292.796794 -515.733562
3.200000 2.001448 28.514404 -1423.973855 -655.417888
3.250000 2.010049 27.731669 -1458.063162 -686.204201
3.300000 2.012758 28.332734 -1429.656669 -656.757490
3.350000 1.992802 28.038791 -1442.668389 -677.432579
3.400000 2.020661 29.421499 -1383.500100 -607.566103
3.450000 2.002634 28.528551 -1421.954729 -652.943330
3.500000 2.017885 27.475978 -1468.279611 -693.411790
3.550000 1.984034 28.065922 -1439.795012 -677.925783
3.600000 1.942622 29.381500 -1380.905514 -634.938620
3.650000 2.013563 29.684877 -1369.967599 -596.759363
3.700000 2.022468 29.603881 -1373.729274 -597.101467
3.750000 2.010631 29.075324 -1398.930226 -626.847800
3.800000 2.007353 27.689479 -1459.315550 -688.492058
3.850000 2.012209 29.235203 -1386.739331 -614.051075
3.900000 2.002665 29.469505 -1376.702522 -607.679134
3.950000 1.958762 27.697488 -1457.895375 -705.730822
4.000000 2.015944 29.488031 -1378.732087 -604.609738
4.050000 2.030775 28.549729 -1418.341162 -638.523589
4.100000 2.015975 29.533872 -1376.059810 -601.925344
4.150000 2.001804 28.036845 -1438.894234 -670.201359
4.200000 1.991037 29.398803 -1381.688599 -617.130455
4.250000 2.000802 29.644340 -1370.155625 -601.847686
4.300000 2.000905 27.695450 -1458.616657 -690.269152
4.350000 1.983724 28.206778 -1430.844454 -669.094392
4.400000 1.994706 28.724711 -1412.083599 -646.116566
4.450000 1.974208 28.533743 -1419.786298 -661.690512
4.500000 2.027553 28.559480 -1423.741045 -645.160594
4.550000 2.010509 27.886619 -1450.718969 -678.683512
4.600000 1.983563 29.481622 -1379.260943 -617.572718
4.650000 2.052190 29.688812 -1371.318769 -583.277936
4.700000 1.961687 29.723901 -1363.145207 -609.857437
4.750000 2.013567 29.263866 -1389.488370 -616.278556
4.800000 2.002465 28.879957 -1407.113298 -638.166790
4.850000 1.995054 29.129528 -1393.883316 -627.782755
4.900000 1.969120 28.663304 -1414.676974 -658.534703
4.950000 2.019729 28.819894 -1409.519379 -633.943626
5.000000 1.998455 28.944975 -1399.068844 -631.662111
5.050000 2.001491 29.050164 -1393.664210 -625.091738
5.100000 1.989609 27.970570 -1445.150716 -681.140750
5.150000 1.987402 27.903417 -1447.788760 -684.626359
5.200000 1.986522 30.815808 -1315.737609 -552.913336
5.250000 1.993668 29.243492 -1387.727262 -622.158719
5.300000 2.042739 27.994596 -1448.129686 -663.718007
5.350000 1.975651 28.330152 -1428.433295 -669.783326
5.400000 1.957200 30.000922 -1352.773681 -601.209038
5.450000 1.965104 29.114400 -1394.332256 -639.732485
5.500000 2.035847 27.724920 -1462.327640 -680.562344
5.550000 2.027229 28.464941 -1428.992503 -650.536490
5.600000 2.010186 28.836834 -1405.113936 -633.202550
5.650000 1.951940 30.045814 -1349.068345 -599.523234
5.700000 2.009235 28.651412 -1416.286406 -644.740091
5.750000 2.042446 28.600448 -1417.605184 -633.306034
5.800000 1.965952 29.046399 -1390.767898 -635.842465
5.850000 1.984499 27.929089 -1445.693506 -683.645876
5.900000 1.977191 30.006328 -1353.810771 -594.569356
5.950000 2.046178 29.852275 -1364.267208 -578.534741
6.000000 2.000199 29.409608 -1381.636727 -613.560343
6.050000 2.019965 28.655163 -1414.028465 -638.361723
6.100000 2.007340 27.955983 -1446.643492 -675.824966
6.150000 1.973597 28.597540 -1414.479182 -656.617795
6.200000 2.002602 29.138972 -1393.699629 -624.700347
6.250000 1.997043 29.698269 -1366.580399 -599.716074
6.300000 2.012620 28.930564 -1403.970909 -631.124953
6.350000 1.987250 27.406468 -1466.841249 -703.737400
6.400000 1.990864 27.389954 -1470.508049 -706.016127
6.450000 1.968516 30.153669 -1347.836868 -591.926628
6.500000 2.002747 31.067387 -1303.693465 -534.638531
6.550000 2.029247 30.306515 -1342.147203 -562.916468
6.600000 2.003012 28.128550 -1437.126575 -667.969937
6.650000 1.982657 29.358450 -1380.100336 -618.759946
6.700000 1.975645 28.779069 -1406.568401 -647.920590
6.750000 2.038556 27.423581 -1473.086387 -690.280773
6.800000 1.967256 29.108966 -1393.785617 -638.359277
6.850000 1.993106 28.936372 -1400.500833 -635.148118
6.900000 1.990724 28.755023 -1410.604037 -646.166056
6.950000 2.007693 27.970714 -1450.231055 -679.276925
7.000000 1.966186 28.034095 -1438.220635 -683.205111
7.050000 2.009200 29.320597 -1384.581154 -613.048400
7.100000 1.981109 30.271262 -1340.261713 -579.515844
7.150000 2.000571 28.960381 -1401.272988 -633.053760
7.200000 2.016988 27.530749 -1465.560279 -691.036831
7.250000 1.967098 29.262725 -1385.797830 -630.432383
7.300000 1.976158 30.485758 -1333.155396 -574.310881
7.350000 2.005542 29.027752 -1399.241260 -629.113044
7.400000 2.022604 28.480458 -1425.894047 -649.214222
7.450000 2.002353 28.069224 -1439.608275 -670.704870
7.500000 2.041273 17.202632 -1546.369128 -762.520435
7.550000 1.994525 17.339170 -1537.216737 -771.319176
7.600000 1.999300 18.099468 -1502.963507 -735.232344
7.650000 2.017265 17.270897 -1543.935899 -769.305989
7.700000 1.970155 17.820260 -1509.991266 -753.451644
7.750000 2.049609 17.846527 -1512.513599 -725.463823
7.800000 1.980841 16.577101 -1572.931707 -812.288798
7.850000 1.997099 16.623051 -1571.543691 -804.657529
7.900000 1.998836 18.014336 -1504.766475 -737.213559
7.950000 1.959948 18.940292 -1459.768955 -707.148810
8.000000 2.018892 18.299913 -1495.513274 -720.258579
8.050000 1.993046 17.158385 -1546.906075 -781.576377
8.100000 2.012549 17.796662 -1513.931929 -741.113163
8.150000 2.007108 17.219805 -1542.100084 -771.370739
8.200000 2.003377 17.517829 -1528.438207 -759.141345
8.250000 1.997055 17.808189 -1512.467745 -745.598575
8.300000 1.975083 17.408387 -1533.588894 -775.156916
8.350000 2.006821 19.027982 -1450.778547 -680.159425
8.400000 1.998378 17.562732 -1522.903970 -755.526991
8.450000 2.007473 17.168151 -1545.119085 -774.249619
8.500000 2.001187 17.395568 -1533.085402 -764.629474
8.550000 2.013350 16.905349 -1561.033539 -787.907073
8.600000 1.993876 18.973391 -1458.811974 -693.163705
8.650000 2.021956 17.329202 -1536.995590 -760.564665
8.700000 1.985166 17.780927 -1514.955113 -752.651557
8.750000 1.980259 18.362715 -1489.955272 -729.535725
8.800000 2.031039 19.133320 -1455.427689 -675.508563
8.850000 1.969642 18.279307 -1496.282797 -739.940209
8.900000 1.976257 19.360937 -1447.986034 -689.103534
8.950000 2.008526 18.439052 -1488.917960 -717.644065
9.000000 2.009878 17.666649 -1523.150134 -751.357102
9.050000 2.028396 16.668028 -1567.167096 -788.262933
9.100000 1.979521 16.711892 -1564.700075 -804.564079
9.150000 2.021245 16.544135 -1575.891951 -799.733915
9.200000 1.994306 18.012541 -1500.149230 -734.335642
9.250000 1.958108 18.506490 -1479.249426 -727.335913
9.300000 2.048056 18.096233 -1505.366531 -718.913187
9.350000 1.982806 17.521031 -1530.004397 -768.606740
9.400000 1.959352 18.207633 -1487.583740 -735.192592
9.450000 2.040843 18.396835 -1486.764714 -703.081078
9.500000 2.006977 17.342147 -1538.047513 -767.368324
9.550000 2.000356 17.459482 -1532.586561 -764.449705
9.600000 1.977718 17.860400 -1508.875735 -749.432157
9.650000 1.998922 17.337908 -1534.700415 -767.114230
9.700000 1.979509 18.078310 -1502.733266 -742.601956
9.750000 2.032178 18.496912 -1485.961056 -705.604628
9.800000 1.981333 17.517806 -1527.799873 -766.967895
9.850000 2.018181 17.193223 -1546.155297 -771.173786
9.900000 1.966099 16.977806 -1553.912564 -798.930513
9.950000 2.013898 16.860211 -1565.012320 -791.675340
10.000000 1.997685 18.034718 -1506.560460 -739.449391
10.050000 1.998022 17.919046 -1511.617085 -744.376804
10.100000 2.029330 17.365428 -1532.173990 -752.911147
10.150000 2.029185 18.415302 -1486.778949 -707.571966
10.200000 2.019202 17.132238 -1549.351133 -773.977710
10.250000 1.979118 16.843049 -1560.048791 -800.067331
10.300000 2.004991 19.489594 -1435.361997 -665.445304
10.350000 2.009520 17.905674 -1513.959183 -742.303371
10.400000 1.997701 17.664653 -1521.657482 -754.540405
10.450000 2.006352 17.015115 -1551.977468 -781.538142
10.500000 1.975771 16.728883 -1566.359235 -807.663180
10.550000 1.994017 17.505300 -1529.413338 -763.710883
10.600000 2.000570 17.204967 -1546.649617 -778.430822
10.650000 2.000714 18.164137 -1503.727409 -735.453049
10.700000 2.028214 18.091723 -1508.219822 -729.385740
10.750000 1.996880 18.112769 -1504.781394 -737.979655
10.800000 2.015447 17.505381 -1535.146797 -761.215258
10.850000 1.974169 16.586018 -1575.707072 -817.626221
10.900000 1.983649 18.049739 -1505.680312 -743.958983
10.950000 1.981659 18.261423 -1491.731822 -730.774730
11.000000 2.006834 17.994886 -1508.271734 -737.647612
11.050000 1.970403 18.272226 -1494.359266 -737.724675
11.100000 2.043460 16.828576 -1563.363548 -778.674893
11.150000 1.957747 18.505566 -1476.518120 -724.743138
11.200000 2.033863 18.006261 -1510.684842 -729.681624
11.250000 1.972363 18.086904 -1503.618819 -746.231525
11.300000 2.016570 19.918747 -1416.150574 -641.787809
11.350000 2.028468 17.699033 -1522.914662 -743.982792
11.400000 2.029573 16.626118 -1573.672426 -794.316340
11.450000 1.996235 15.848556 -1608.674474 -842.120139
11.500000 1.967318 17.739034 -1516.461280 -761.011311
11.550000 1.989889 17.649144 -1521.927349 -757.809912
11.600000 1.984147 17.853631 -1512.423748 -750.511317
11.650000 1.978742 17.269060 -1542.034125 -782.197243
11.700000 2.035287 16.898796 -1561.959718 -780.409548
11.750000 1.969885 17.246259 -1541.408062 -784.972116
11.800000 1.970950 18.751341 -1465.571850 -708.727175
11.850000 1.982739 18.277923 -1490.248785 -728.877119
11.900000 2.052774 17.266909 -1540.873265 -752.608157
11.950000 1.968636 18.045278 -1497.671911 -741.715764
12.000000 2.010683 16.476440 -1579.693924 -807.591477
12.050000 1.987808 16.310131 -1587.858662 -824.540459
12.100000 2.006713 17.907595 -1505.964036 -735.386301
12.150000 1.983446 18.081370 -1500.871091 -739.227929
12.200000 2.003062 18.887215 -1466.995555 -697.819702
12.250000 1.997285 18.823002 -1467.708448 -700.751148
12.300000 2.017796 17.114219 -1549.775314 -774.941552
12.350000 1.996068 17.281850 -1538.919097 -772.429109
12.400000 2.003506 17.464576 -1533.151354 -763.804877
12.450000 1.996301 17.722295 -1515.797336 -749.217616
12.500000 1.985014 18.223759 -1490.061153 -727.815844
12.550000 1.975022 16.779286 -1566.883514 -808.475243
12.600000 1.999657 17.917175 -1513.860680 -745.992383
12.650000 2.026823 17.063345 -1554.244010 -775.943982
12.700000 1.976529 17.917299 -1506.741838 -747.754835
12.750000 1.990819 18.183847 -1496.641913 -732.167311
12.800000 2.005042 18.151694 -1497.036955 -727.100767
12.850000 2.003811 17.159044 -1548.756782 -779.293295
12.900000 2.008016 16.965110 -1554.003211 -782.925189
12.950000 1.983478 18.532861 -1479.554838 -717.899457
13.000000 2.031328 17.762110 -1515.490664 -735.460761
13.050000 1.988745 17.151193 -1547.248134 -783.569984
13.100000 2.010946 17.639067 -1524.216422 -752.013155
13.150000 1.990106 17.361253 -1532.402529 -768.201697
13.200000 1.995261 17.154425 -1543.754139 -777.573729
13.250000 1.979178 17.153768 -1546.292780 -786.288317
13.300000 1.982043 18.263854 -1493.907861 -732.803247
13.350000 2.016342 18.009000 -1508.569593 -734.294433
13.400000 1.992596 17.774494 -1518.112383 -752.955654
13.450000 2.021241 16.896086 -1559.945153 -783.788644
13.500000 1.986242 17.265026 -1538.367063 -775.650178
13.550000 1.994334 18.971655 -1457.402253 -691.578113
13.600000 2.029041 17.831679 -1513.182833 -734.031106
13.650000 2.010983 17.825184 -1510.427189 -738.209694
13.700000 1.977288 16.329559 -1584.899903 -825.621424
13.750000 2.028494 17.206089 -1546.286810 -767.345251
13.800000 1.996159 17.467587 -1531.651080 -765.126006
13.850000 2.013428 17.186220 -1548.663641 -775.507467
13.900000 2.011694 17.366640 -1537.575421 -765.084755
13.950000 2.004200 17.565367 -1526.303646 -756.691003
14.000000 1.961072 19.598177 -1427.457119 -674.405520
14.050000 2.013761 18.381285 -1488.802833 -715.518439
14.100000 2.015318 17.485296 -1529.994996 -756.112758
14.150000 1.972875 16.119457 -1596.774081 -839.190221
14.200000 1.983351 19.335305 -1441.455573 -679.848870
14.250000 2.051314 16.460010 -1583.742932 -796.038259
14.300000 1.994533 16.328025 -1583.589449 -817.688790
14.350000 1.971142 18.064358 -1499.184395 -742.265906
14.400000 1.983186 18.985089 -1461.118311 -699.574740
14.450000 2.031811 17.988980 -1509.189372 -728.973942
14.500000 2.016854 17.252325 -1539.648690 -765.176896
14.550000 2.016090 16.976590 -1554.031272 -779.852785
14.600000 1.979977 17.626602 -1522.760253 -762.448927
14.650000 1.984732 18.061220 -1500.353921 -738.216850
14.700000 1.971332 18.190310 -1490.427317 -733.435928
14.750000 1.999721 17.015748 -1552.024407 -784.131523
14.800000 1.972467 17.979182 -1504.036940 -746.609484
14.850000 1.985767 17.071547 -1546.322134 -783.787571
14.900000 1.962137 18.265355 -1491.668575 -738.207908
14.950000 1.994855 19.074743 -1454.953306 -688.929062
15.000000 2.004411 15.769176 -1266.588419 -496.894691
15.050000 1.995086 15.017485 -1307.201938 -541.088881
15.100000 1.991846 15.390452 -1285.659045 -520.790279
15.150000 1.980652 16.536066 -1226.290616 -465.720156
15.200000 1.993950 15.624402 -1270.075619 -504.398725
15.250000 1.998568 16.068604 -1247.365658 -479.915519
15.300000 1.999971 15.686783 -1271.234266 -503.245390
15.350000 1.985010 15.638557 -1278.541827 -516.298030
15.400000 2.017637 16.018035 -1257.230138 -482.457660
15.450000 2.014775 15.535389 -1282.322787 -508.649353
15.500000 2.007222 15.550587 -1276.118975 -505.345791
15.550000 1.998417 14.944930 -1300.781571 -533.389431
15.600000 2.005918 14.935467 -1296.477643 -526.205115
15.650000 1.983742 15.820286 -1258.223652 -496.466653
15.700000 1.993897 15.697258 -1271.244914 -505.588443
15.750000 1.994803 15.692333 -1269.547221 -503.542693
15.800000 2.016761 16.133519 -1250.800572 -476.364447
15.850000 1.996071 16.448958 -1222.854438 -456.363050
15.900000 2.021190 14.869080 -1309.626646 -533.489792
15.950000 1.983864 15.055405 -1300.529024 -538.725323
16.000000 2.008736 15.266755 -1293.084933 -521.730158
16.050000 1.979550 15.794241 -1269.963106 -509.815905
16.100000 1.965196 15.911678 -1260.112722 -505.477588
16.150000 2.021536 15.199929 -1295.595739 -519.325997
16.200000 2.005664 15.614512 -1271.967583 -501.792750
16.250000 2.009377 13.892192 -1364.375729 -592.775026
16.300000 2.018301 13.496269 -1381.085439 -606.057920
16.350000 1.990069 14.154186 -1340.306668 -576.120267
16.400000 1.977856 13.733887 -1368.702097 -609.205252
16.450000 2.020126 15.306144 -1283.840830 -508.112520
16.500000 1.990179 15.288563 -1282.540764 -518.311999
16.550000 2.004892 15.430399 -1280.642141 -510.763662
16.600000 1.986448 15.796871 -1253.404666 -490.608667
16.650000 2.015756 15.789956 -1259.853847 -485.803362
16.700000 1.994543 15.378313 -1281.597112 -515.692523
16.750000 1.966335 14.724158 -1310.850126 -555.777436
16.800000 2.010841 14.593156 -1322.161390 -549.998403
16.850000 1.976329 15.099558 -1298.352211 -539.441731
16.900000 2.025403 14.812058 -1310.426110 -532.671531
16.950000 2.014245 14.738889 -1312.739466 -539.269366
17.000000 2.007935 15.360188 -1286.202564 -515.155536
17.050000 1.989270 16.315902 -1233.226721 -469.347119
17.100000 2.007555 15.147215 -1304.169687 -533.268527
17.150000 2.012623 15.495822 -1286.531817 -513.684478
17.200000 1.996787 14.652658 -1320.476800 -553.710405
17.250000 1.989013 14.999222 -1297.985093 -534.204214
17.300000 2.039834 16.060961 -1244.608172 -461.311774
17.350000 1.984719 15.794629 -1260.743925 -498.612005
17.400000 1.962982 16.232445 -1241.868619 -488.083677
17.450000 2.005741 15.643400 -1278.430531 -508.226121
17.500000 2.024478 15.808670 -1267.852143 -490.452551
17.550000 1.978185 15.866684 -1264.628572 -505.005552
17.600000 2.010883 14.554270 -1331.603474 -559.424395
17.650000 1.997292 14.834702 -1314.014929 -547.054913
17.700000 2.029423 14.962289 -1304.801440 -525.502861
17.750000 1.986999 15.438319 -1275.780687 -512.773066
17.800000 1.998760 15.764248 -1262.668540 -495.144574
17.850000 2.034159 16.241951 -1243.389497 -462.272382
17.900000 1.979187 15.351719 -1291.330059 -531.322441
17.950000 1.984950 15.781102 -1262.178970 -499.958133
18.000000 1.998239 15.392246 -1286.339079 -519.015383
18.050000 1.992490 15.603697 -1275.852775 -510.736619
18.100000 1.985788 15.236362 -1299.561216 -537.018699
18.150000 2.010222 15.140642 -1307.091098 -535.165792
18.200000 1.971969 15.812757 -1266.334562 -509.098419
18.250000 2.017482 16.429614 -1230.115899 -455.402639
18.300000 2.010442 15.341016 -1286.547751 -514.538045
18.350000 2.004156 15.104281 -1302.507811 -532.911900
18.400000 2.012042 15.704372 -1267.382199 -494.758198
18.450000 2.002904 15.517491 -1275.210187 -506.094890
18.500000 1.979669 16.466154 -1227.303186 -467.110198
18.550000 2.020214 15.574556 -1276.780173 -501.017950
18.600000 2.011891 13.932248 -1360.521453 -587.955348
18.650000 2.000075 16.100056 -1242.947926 -474.919110
18.700000 2.008101 16.026448 -1257.789487 -486.678881
18.750000 1.988368 15.842994 -1265.006170 -501.472938
18.800000 2.028484 15.362776 -1289.312341 -510.374645
18.850000 2.010535 15.860674 -1264.317175 -492.271846
18.900000 1.977459 15.245163 -1291.178520 -531.834295
18.950000 1.983968 14.045786 -1349.225290 -587.381760
19.000000 2.002421 15.345702 -1288.141877 -519.212344
19.050000 2.015607 16.567264 -1227.440260 -453.447344
19.100000 2.006306 15.366232 -1297.018969 -526.597571
19.150000 1.993349 15.148916 -1303.408730 -537.962693
19.200000 2.002466 15.278404 -1295.891364 -526.944344
19.250000 2.022407 14.782671 -1314.159846 -537.555547
19.300000 1.969831 14.296114 -1336.754145 -580.338936
19.350000 1.974691 15.134486 -1290.556487 -532.275248
19.400000 2.007936 15.826854 -1256.259511 -485.211905
19.450000 1.996282 14.886038 -1305.986642 -539.414363
19.500000 2.012601 15.718237 -1269.763912 -496.925093
19.550000 2.015952 15.358881 -1281.179376 -507.053704
19.600000 1.991517 15.541545 -1268.258935 -503.516577
19.650000 1.970760 15.881628 -1255.029140 -498.257393
19.700000 2.035361 14.871154 -1305.296032 -523.717433
19.750000 1.991199 14.392151 -1333.005890 -568.385364
19.800000 1.998924 15.075616 -1302.851323 -535.264459
19.850000 2.021850 15.727617 -1271.981833 -495.591336
19.900000 1.987992 15.591085 -1271.792277 -508.403269
19.950000 1.975556 14.201113 -1339.603658 -580.990038
20.000000 1.993330 14.815218 -1306.409431 -540.970602
20.050000 2.003624 14.571810 -1322.185858 -552.794066
20.100000 1.989296 14.731214 -1315.215770 -551.326252
20.150000 1.991647 15.054973 -1299.347202 -534.554920
20.200000 1.980907 15.110062 -1300.422259 -539.754020
20.250000 1.991585 15.144299 -1293.537828 -528.769045
20.300000 1.980133 15.357191 -1280.719547 -520.348609
20.350000 1.997504 15.220107 -1291.673937 -524.632273
20.400000 2.007118 15.088167 -1303.151814 -532.418616
20.450000 2.007820 15.033771 -1307.497877 -536.494995
20.500000 2.026353 15.165002 -1295.946908 -517.827401
20.550000 1.960234 15.380052 -1283.374935 -530.645117
20.600000 2.023486 16.302674 -1232.699278 -455.680610
20.650000 1.996906 14.378315 -1332.784587 -565.972551
20.700000 2.034059 15.547115 -1268.908976 -487.830411
20.750000 1.984177 15.064754 -1296.763667 -534.839509
20.800000 2.036482 14.787706 -1317.743706 -535.734757
20.850000 1.966949 14.992977 -1304.308082 -548.999696
20.900000 2.009524 15.414120 -1284.160685 -512.503518
20.950000 2.015389 15.428192 -1280.892225 -506.982993
21.000000 1.981077 14.491183 -1329.218619 -568.484961
21.050000 2.013316 14.978028 -1304.656223 -531.542821
21.100000 1.991245 16.120481 -1247.854943 -483.216726
21.150000 2.009482 15.709200 -1266.120574 -494.479552
21.200000 1.995514 15.782549 -1261.627759 -495.350239
21.250000 1.988073 15.444616 -1280.090382 -516.670234
21.300000 2.025712 15.145187 -1299.077747 -521.204167
21.350000 1.989161 14.596948 -1324.767227 -560.929277
21.400000 2.018676 15.247052 -1292.554762 -517.383242
21.450000 1.991141 13.942243 -1355.959373 -591.361241
21.500000 2.006452 15.127043 -1297.448771 -526.971301
21.550000 1.954062 15.370807 -1283.501589 -533.141724
21.600000 1.999767 15.324828 -1291.534991 -523.624640
21.650000 2.003348 15.928824 -1255.164911 -485.879351
21.700000 2.008257 14.990137 -1301.840333 -530.669481
21.750000 1.982272 15.862106 -1256.301964 -495.109350
21.800000 2.035047 14.419744 -1340.952428 -559.494473
21.850000 2.002241 15.952834 -1254.995012 -486.134557
21.900000 2.006226 14.690627 -1313.412132 -543.021316
21.950000 2.000403 14.249306 -1334.078162 -565.923297
22.000000 2.011438 15.009571 -1294.957884 -522.565759
22.050000 1.997843 14.849134 -1309.754796 -542.582997
22.100000 2.004944 14.932102 -1300.169594 -530.271209
22.150000 2.006018 14.957568 -1302.931106 -532.620246
22.200000 1.982289 15.497088 -1273.697738 -512.498632
22.250000 2.001316 15.626332 -1273.419063 -504.913720
22.300000 1.995470 15.599622 -1271.148121 -504.887640
22.350000 2.002380 14.724992 -1313.362236 -544.448507
22.400000 2.007977 14.587654 -1324.400719 -553.337573
22.450000 1.994692 14.802250 -1313.408532 -547.446896
22.500000 1.988640 9.727387 -1253.373124 -489.735489
22.550000 1.999772 9.347566 -1271.438027 -503.525515
22.600000 1.993535 9.241556 -1277.860819 -512.343343
22.650000 1.978686 9.735263 -1252.626031 -492.810679
22.700000 2.004541 9.715558 -1256.386310 -486.642706
22.750000 2.015585 9.683621 -1255.426782 -481.442114
22.800000 1.983556 9.324276 -1266.511876 -504.826335
22.850000 2.010113 8.837004 -1297.155856 -525.272371
22.900000 2.008317 9.363327 -1266.718766 -495.525190
22.950000 1.997797 8.295429 -1330.627937 -563.473797
23.000000 1.989979 8.985964 -1286.905189 -522.753250
23.050000 1.992637 9.541423 -1264.265655 -499.093184
23.100000 2.004782 9.278874 -1286.228549 -516.392324
23.150000 2.016839 8.875775 -1310.375282 -535.909272
23.200000 1.972434 10.006120 -1238.980463 -481.565914
23.250000 2.021199 8.591833 -1319.105894 -542.965318
23.300000 1.985744 9.090602 -1284.412315 -521.886679
23.350000 2.000025 8.681958 -1302.785466 -534.775912
23.400000 2.013552 8.351877 -1320.520138 -547.316088
23.450000 2.002909 8.788601 -1305.626676 -536.509448
23.500000 1.989446 9.053312 -1292.650818 -528.703455
23.550000 2.010415 9.021007 -1295.985999 -523.986468
23.600000 2.008155 8.482255 -1326.352254 -555.220852
23.650000 1.995283 8.280267 -1332.099850 -565.911249
23.700000 1.979554 8.973455 -1300.317833 -540.169146
23.750000 1.992970 9.274800 -1288.487947 -523.187504
23.800000 2.008845 9.189796 -1299.692554 -528.295888
23.850000 1.990103 9.490196 -1280.527101 -516.327497
23.900000 1.997405 9.778200 -1260.460453 -493.456770
23.950000 2.014920 9.146120 -1290.135572 -516.406320
24.000000 2.004325 7.889413 -1359.055817 -589.395020
24.050000 1.984940 9.203477 -1279.834971 -517.617862
24.100000 1.989390 9.009835 -1285.840662 -521.914984
24.150000 2.008273 9.017924 -1294.788462 -523.611589
24.200000 2.018847 8.693844 -1316.191754 -540.954409
24.250000 2.021029 8.521955 -1317.267310 -541.192016
24.300000 2.012735 8.121327 -1335.958938 -563.068541
24.350000 1.979255 8.876361 -1305.265117 -545.231338
24.400000 2.004364 9.156669 -1289.485979 -519.810230
24.450000 1.993581 8.948389 -1294.941002 -529.405817
24.500000 2.005700 8.970118 -1289.461670 -519.272903
24.550000 2.004487 8.096546 -1343.780524 -574.057327
24.600000 1.984010 8.603749 -1319.165484 -557.305821
24.650000 1.997969 9.168786 -1288.063773 -520.843708
24.700000 1.999079 9.061151 -1289.583406 -521.937070
24.750000 1.988202 9.794269 -1254.274861 -490.805118
24.800000 2.004137 10.068792 -1241.277277 -471.688697
24.850000 2.006461 10.182577 -1234.884989 -464.404141
24.900000 2.010542 8.839052 -1306.965569 -534.917503
24.950000 1.985238 9.259373 -1279.176765 -516.845278
25.000000 2.018308 9.504987 -1263.234515 -488.204114
25.050000 1.989125 8.234384 -1334.908032 -571.084026
25.100000 1.974195 9.352552 -1274.139295 -516.048446
25.150000 1.994189 10.016868 -1242.885304 -477.116657
25.200000 2.021914 9.161237 -1291.153635 -514.738779
25.250000 2.013654 9.049597 -1289.459630 -516.216344
25.300000 1.981955 9.097677 -1288.839088 -527.768222
25.350000 2.016430 8.755328 -1314.327441 -540.018339
25.400000 1.963006 9.204086 -1286.152427 -532.358293
25.450000 1.965851 10.475494 -1215.283885 -460.396950
25.500000 2.026203 10.656379 -1204.920312 -426.858450
25.550000 2.005820 9.876345 -1245.020816 -474.785755
25.600000 2.026858 9.442048 -1266.728971 -488.415537
25.650000 2.009656 8.396455 -1327.251996 -555.543973
25.700000 1.986560 8.946213 -1302.026629 -539.187598
25.750000 2.019075 10.010206 -1245.634405 -470.309484
25.800000 2.002019 8.921494 -1298.105796 -529.330358
25.850000 2.012673 8.400459 -1327.551361 -554.684959
25.900000 1.999340 8.727712 -1311.267621 -543.520891
25.950000 1.975636 9.627731 -1264.696934 -506.052630
26.000000 2.017431 9.786101 -1253.083189 -478.389691
26.050000 1.985447 9.455281 -1260.145765 -497.734248
26.100000 2.001437 9.466188 -1258.731344 -490.179634
26.150000 2.016782 9.332991 -1269.764455 -495.320154
26.200000 2.005461 7.987885 -1347.052586 -576.955411
26.250000 1.978441 9.441747 -1259.334842 -499.613391
26.300000 2.014416 9.072551 -1288.638752 -515.103033
26.350000 2.015754 10.054439 -1236.102677 -462.053119
26.400000 1.985161 9.809163 -1249.598432 -487.296692
26.450000 2.011386 9.105226 -1287.314518 -514.942394
26.500000 1.976552 9.514906 -1264.318631 -505.322592
26.550000 2.018888 8.675828 -1310.483711 -535.230707
26.600000 1.971464 8.970911 -1291.293510 -534.251335
26.650000 2.001753 9.376883 -1277.460236 -508.786916
26.700000 1.996240 9.386413 -1277.322659 -510.766687
26.750000 2.005320 9.046619 -1294.556225 -524.513471
26.800000 1.994902 8.552009 -1322.583461 -556.540958
26.850000 2.020254 8.835110 -1307.035379 -531.257981
26.900000 1.988887 9.233411 -1281.348513 -517.615784
26.950000 1.980247 9.727255 -1261.754451 -501.339510
27.000000 1.975040 10.006963 -1249.339973 -490.924712
27.050000 1.981422 9.217099 -1287.606436 -526.740429
27.100000 2.020579 8.875015 -1294.761098 -518.858913
27.150000 2.016044 8.674251 -1308.723642 -534.562876
27.200000 1.994419 8.655319 -1306.115817 -540.258874
27.250000 1.973422 9.024978 -1287.199349 -529.405421
27.300000 2.000560 8.958800 -1298.322964 -530.107856
27.350000 1.973686 9.715396 -1253.996007 -496.100474
27.400000 2.010458 9.660820 -1256.841517 -484.825492
27.450000 1.984651 10.338067 -1223.270024 -461.164213
27.500000 2.000907 9.652410 -1261.874513 -493.526061
27.550000 2.014915 9.057380 -1295.485540 -521.758313
27.600000 1.998958 9.735321 -1257.060725 -489.460708
27.650000 2.003177 9.327961 -1273.945878 -504.726034
27.700000 2.014976 8.647645 -1313.852466 -540.101709
27.750000 2.004371 8.851525 -1306.318574 -536.640165
27.800000 1.975584 8.651179 -1314.347989 -555.723679
27.850000 1.969107 9.362906 -1273.552909 -517.415983
27.900000 1.994495 10.185802 -1230.952168 -465.065973
27.950000 2.024841 9.613178 -1260.435529 -482.896485
28.000000 2.000598 8.969208 -1295.106662 -526.876960
28.050000 1.996393 8.845061 -1309.051295 -542.436435
28.100000 2.002996 9.737276 -1257.492919 -488.342486
28.150000 2.019916 9.692014 -1255.380408 -479.732790
28.200000 1.990725 8.864342 -1302.016370 -537.577921
28.250000 1.976678 9.589154 -1257.442925 -498.398424
28.300000 2.014778 9.390286 -1270.871000 -497.196290
28.350000 2.021980 8.408095 -1328.939435 -552.499189
28.400000 1.984505 8.091604 -1345.625567 -583.575784
28.450000 2.007716 8.960037 -1305.889751 -534.926662
28.500000 2.012083 8.208894 -1336.241021 -563.601165
28.550000 1.969669 8.221296 -1333.045357 -576.692625
28.600000 1.986863 9.122686 -1287.839328 -524.883902
28.650000 2.037430 8.857916 -1304.756117 -522.383037
28.700000 1.994723 8.846007 -1302.688427 -536.714767
28.750000 1.976708 8.598724 -1318.932995 -559.877051
28.800000 1.993645 9.497292 -1267.833533 -502.273798
28.850000 2.001380 9.216507 -1286.711352 -518.181548
28.900000 1.990126 9.700190 -1249.920187 -485.711687
28.950000 1.997641 8.821799 -1300.513862 -533.419752
29.000000 2.005532 9.535689 -1261.999556 -491.875217
29.050000 1.998952 8.833731 -1301.897981 -534.300481
29.100000 2.017288 8.593033 -1318.547203 -543.908497
29.150000 1.979150 9.364073 -1275.111901 -515.118470
29.200000 2.016148 8.650725 -1314.096204 -539.895345
29.250000 2.001982 8.905090 -1296.662633 -527.901454
29.300000 1.983217 9.573689 -1267.163344 -505.607998
29.350000 1.977343 9.209387 -1294.509633 -535.209818
29.400000 2.018258 9.630386 -1270.480509 -495.469260
29.450000 1.989630 9.202388 -1293.106476 -529.088736
29.500000 2.015316 9.683933 -1266.122943 -492.241511
29.550000 1.996753 9.256207 -1287.019261 -520.266217
29.600000 2.016824 9.101300 -1287.992731 -513.532366
29.650000 1.984947 9.011771 -1293.780515 -531.560780
29.700000 1.971614 9.802097 -1250.966202 -493.866568
29.750000 1.986353 10.187749 -1230.319750 -467.560228
29.800000 2.007578 9.948939 -1247.178487 -476.268612
29.850000 1.990556 9.677555 -1265.740124 -501.366486
29.900000 1.998205 9.037735 -1298.913583 -531.602951
29.950000 1.965452 9.949084 -1243.757546 -489.024122
30.000000 2.010966 4.897581 -1253.228417 -481.017583
30.050000 2.006964 5.115886 -1232.610531 -461.936474
30.100000 1.992004 5.232624 -1225.664274 -460.734626
30.150000 2.001831 5.430946 -1211.537427 -442.834312
30.200000 2.010481 5.169411 -1235.478706 -463.453908
30.250000 1.997187 6.121270 -1172.160896 -405.240981
30.300000 1.993282 5.586926 -1207.733040 -442.312647
30.350000 1.995941 5.396945 -1217.994637 -451.553269
30.400000 2.009987 5.626455 -1201.369536 -429.534556
30.450000 1.999199 5.017515 -1236.991351 -469.298983
30.500000 2.013382 5.758150 -1188.340036 -415.201255
30.550000 2.012599 4.951529 -1239.112318 -466.274271
30.600000 1.990859 5.502007 -1199.820355 -435.330644
30.650000 2.005913 5.331749 -1215.211534 -444.940921
30.700000 2.015640 5.182515 -1216.250295 -442.244708
30.750000 1.985623 5.043161 -1216.803509 -454.324184
30.800000 2.007138 4.474294 -1259.543123 -488.801947
30.850000 1.975407 5.100950 -1230.129125 -471.572737
30.900000 2.030670 5.412082 -1214.140480 -434.363063
30.950000 1.996339 4.752303 -1246.261831 -479.667678
31.000000 1.981136 4.570277 -1251.804348 -491.048272
31.050000 1.962552 5.174034 -1208.316674 -454.696862
31.100000 2.017865 5.026447 -1225.057779 -450.197698
31.150000 1.994576 5.080764 -1225.580627 -459.663526
31.200000 2.000669 5.428525 -1209.548369 -441.291344
31.250000 1.982560 4.919195 -1242.267258 -480.964313
31.300000 1.983883 5.430465 -1208.054859 -446.243712
31.350000 2.009184 5.249365 -1217.941303 -446.414530
31.400000 2.013966 4.940695 -1236.359706 -462.996880
31.450000 1.980101 5.182864 -1219.254504 -458.895899
31.500000 2.000396 5.024405 -1235.021623 -466.869686
31.550000 2.013684 5.369758 -1208.734203 -435.479483
31.600000 1.997049 4.798918 -1244.451524 -477.584825
31.650000 1.992419 5.114289 -1224.597579 -459.508703
31.700000 2.010699 5.186897 -1220.855852 -448.747412
31.750000 2.008901 5.106275 -1222.115719 -450.697750
31.800000 2.013055 5.139821 -1221.781920 -448.768982
31.850000 2.013429 4.696604 -1253.413191 -480.256288
31.900000 1.967754 5.394398 -1210.813774 -455.196281
31.950000 2.013139 6.646934 -1135.593882 -362.548670
32.000000 2.010150 5.526822 -1204.725542 -432.827855
32.050000 1.999871 5.872072 -1183.486284 -415.535768
32.100000 2.025918 5.244389 -1216.998281 -439.045588
32.150000 1.973349 5.170946 -1222.124307 -464.358339
32.200000 1.991599 5.593264 -1198.862021 -434.088178
32.250000 2.019975 4.834889 -1243.017399 -467.346921
32.300000 1.992466 4.483818 -1263.587748 -498.480959
32.350000 2.011885 5.066437 -1232.927814 -460.364061
32.400000 2.011650 5.041980 -1238.286681 -465.813050
32.450000 2.007469 5.321584 -1223.406166 -452.538189
32.500000 1.975008 5.784345 -1181.055907 -422.652749
32.550000 2.019825 4.744798 -1236.381486 -460.768835
32.600000 1.996146 4.558966 -1254.933358 -488.413252
32.650000 2.016342 5.224361 -1224.670138 -450.395001
32.700000 1.972409 5.679725 -1193.666650 -436.261477
32.750000 1.999318 5.551808 -1202.099322 -434.361237
32.800000 1.992993 5.562633 -1204.718319 -439.409048
32.850000 1.983854 5.868031 -1187.375100 -425.575056
32.900000 2.027466 6.310464 -1159.239631 -380.692551
32.950000 2.006182 5.253883 -1226.095686 -455.721898
33.000000 2.000045 4.742204 -1251.012834 -482.995683
33.050000 1.989898 5.447994 -1206.930883 -442.809989
33.100000 1.992516 6.055273 -1174.807682 -409.681634
33.150000 1.982464 5.878732 -1186.022292 -424.756228
33.200000 2.012984 5.602353 -1206.380683 -433.394652
33.250000 2.000641 6.095938 -1173.897544 -405.651430
33.300000 2.013038 5.800515 -1197.616468 -424.609806
33.350000 1.980703 5.709351 -1201.481391 -440.891499
33.400000 2.033400 5.919517 -1185.848638 -405.023088
33.450000 1.998832 4.663671 -1257.708563 -490.157092
33.500000 1.965362 5.818356 -1182.727901 -428.028951
33.550000 2.007851 5.424049 -1203.940448 -432.925677
33.600000 2.002496 4.692139 -1244.866479 -475.908134
33.650000 2.032661 4.983142 -1223.304072 -442.762315
33.700000 1.973047 5.683809 -1180.988217 -423.338286
33.750000 2.022743 5.707268 -1187.361524 -410.628346
33.800000 1.998917 5.631328 -1197.879002 -430.294769
33.850000 1.974613 5.553481 -1215.784310 -457.533017
33.900000 1.999322 6.036393 -1185.950198 -418.210609
33.950000 2.016478 5.640316 -1197.474945 -423.147437
34.000000 1.994147 4.857392 -1245.145747 -479.393109
34.050000 1.982968 5.661547 -1196.776146 -435.316467
34.100000 1.984644 5.251726 -1226.095019 -463.991662
34.150000 1.996239 4.690112 -1262.402026 -495.846322
34.200000 2.015311 5.260532 -1222.280671 -448.401203
34.250000 1.981567 4.160449 -1287.723300 -526.801416
34.300000 1.985997 5.548937 -1199.312313 -436.689320
34.350000 2.009417 5.205487 -1229.101937 -457.485770
34.400000 2.011252 5.595334 -1210.668828 -438.347983
34.450000 1.996549 5.542324 -1214.678832 -448.003838
34.500000 1.970652 5.429601 -1213.917443 -457.186939
34.550000 2.019925 5.511036 -1198.200713 -422.549556
34.600000 2.010172 4.750118 -1243.183107 -471.276935
34.650000 1.977098 5.256597 -1206.644163 -447.438627
34.700000 2.002524 4.853855 -1234.986140 -466.016766
34.750000 1.984314 5.378930 -1209.233922 -447.257537
34.800000 2.022448 5.430400 -1211.582357 -434.962355
34.850000 2.023501 5.084266 -1227.534390 -450.510086
34.900000 1.966938 4.907077 -1235.730145 -480.425911
34.950000 2.002720 5.312863 -1213.266626 -444.222101
35.000000 1.991927 5.098444 -1218.293485 -453.393331
35.050000 1.999302 5.467125 -1196.146979 -428.414920
35.100000 2.010092 5.209484 -1222.867332 -450.992023
35.150000 1.994158 5.539762 -1204.665485 -438.908983
35.200000 2.017521 5.128957 -1232.749992 -458.022097
35.250000 1.991601 5.151782 -1225.224600 -460.450007
35.300000 2.012741 4.945882 -1233.356934 -460.464298
35.350000 1.995145 4.787238 -1242.772035 -476.636408
35.400000 2.013805 4.713629 -1253.158029 -479.856835
35.450000 1.990367 5.009671 -1233.254023 -468.953004
35.500000 2.031892 4.342484 -1276.608491 -496.361911
35.550000 1.986848 4.767289 -1243.947545 -480.997963
35.600000 2.013796 4.821278 -1246.884034 -473.586407
35.650000 2.017001 5.506377 -1207.714860 -433.186447
35.700000 2.002181 4.852072 -1243.245611 -474.407939
35.750000 2.005029 4.795260 -1246.374909 -476.443815
35.800000 1.996087 4.604900 -1259.377800 -492.880268
35.850000 1.999259 4.754712 -1250.733222 -483.017910
35.900000 2.014342 5.885530 -1181.796048 -408.288897
35.950000 1.978370 5.871765 -1184.107252 -424.413347
36.000000 2.020377 5.585544 -1202.925683 -427.101074
36.050000 2.004636 4.563248 -1255.130456 -485.350381
36.100000 1.993785 4.489088 -1254.007246 -488.393932
36.150000 1.978593 5.173120 -1221.652693 -461.872882
36.200000 2.011400 5.754789 -1194.918929 -422.541269
36.250000 2.012549 5.239036 -1219.056366 -446.237618
36.300000 1.997382 4.986751 -1226.833273 -459.838588
36.350000 1.990040 5.285401 -1213.163207 -448.987875
36.400000 2.016488 5.502844 -1200.501118 -426.169764
36.450000 2.001373 4.655459 -1251.883518 -483.356414
36.500000 1.998560 4.935646 -1227.457715 -460.010658
36.550000 1.999573 4.504003 -1258.919340 -491.083430
36.600000 2.007494 5.021843 -1231.645039 -460.767412
36.650000 1.984014 5.264897 -1215.384750 -453.523560
36.700000 2.004652 5.279340 -1218.623177 -448.836851
36.750000 1.996773 5.422761 -1203.508466 -436.747493
36.800000 2.016466 4.834259 -1241.514832 -467.191877
36.850000 2.001399 4.677958 -1250.007650 -481.470503
36.900000 2.002950 5.565626 -1192.205176 -423.072290
36.950000 2.004237 5.200692 -1217.261647 -447.634494
37.000000 1.998646 5.066421 -1234.545655 -467.065557
37.050000 1.991713 4.979841 -1248.868196 -484.050354
37.100000 1.994722 6.158092 -1174.112713 -408.139332
37.150000 2.001542 5.053439 -1238.513437 -469.921298
37.200000 2.018799 4.773611 -1244.760570 -469.541798
37.250000 2.009437 4.528245 -1258.526135 -486.902255
37.300000 1.986335 4.832062 -1244.315844 -481.563052
37.350000 2.004854 5.262841 -1218.883977 -449.020045
37.400000 1.978885 5.741067 -1193.528949 -433.636951
37.450000 1.996496 5.189300 -1225.652232 -458.997856
37.500000 1.991920 2.753221 -1111.521042 -346.623849
37.550000 1.986618 3.067515 -1100.444512 -337.583148
37.600000 2.006061 3.634174 -1065.106428 -294.778906
37.650000 2.022578 3.535570 -1071.710031 -295.040047
37.700000 1.978543 3.205084 -1097.964651 -338.204253
37.750000 2.028293 3.873174 -1049.387305 -270.522922
37.800000 2.028792 2.590469 -1132.102176 -353.045922
37.850000 1.992275 2.589003 -1127.128918 -362.095180
37.900000 2.009011 2.363741 -1140.192820 -368.732762
37.950000 1.985918 2.876398 -1105.741953 -343.149473
38.000000 2.005419 2.820789 -1109.357942 -339.277152
38.050000 1.996818 2.587769 -1124.487086 -357.709114
38.100000 1.984666 3.464802 -1065.463355 -303.351506
38.150000 2.006873 3.134704 -1091.276900 -320.637515
38.200000 2.004095 2.495389 -1130.878362 -361.305979
38.250000 1.989215 2.503242 -1128.616718 -364.758139
38.300000 2.007626 2.695248 -1125.520892 -354.592385
38.350000 2.002256 3.242404 -1095.887803 -327.021456
38.400000 2.001824 3.133202 -1106.367552 -337.667027
38.450000 1.985840 3.222072 -1103.654589 -341.092171
38.500000 2.005684 3.080904 -1111.544992 -341.362385
38.550000 1.996822 3.051345 -1106.932421 -340.152629
38.600000 1.990678 3.672691 -1056.313784 -291.893554
38.650000 2.021649 3.729855 -1045.746252 -269.432942
38.700000 1.994857 3.264141 -1077.257032 -311.232019
38.750000 2.010861 2.641698 -1128.383210 -356.212744
38.800000 2.006557 3.281514 -1085.263002 -314.744944
38.850000 2.003709 2.790132 -1119.954976 -350.530667
38.900000 1.993578 2.981193 -1107.480293 -341.946493
38.950000 2.005929 2.648427 -1130.131705 -359.855122
39.000000 2.009185 2.394470 -1145.629225 -374.102181
39.050000 2.007555 2.912509 -1106.074679 -335.173419
39.100000 1.999394 2.887458 -1108.493292 -340.726009
39.150000 1.989786 2.896796 -1113.943068 -349.865248
39.200000 2.007775 2.743784 -1126.587415 -355.601652
39.250000 1.989716 2.853899 -1112.211564 -348.160792
39.300000 1.994111 2.798346 -1122.322074 -356.583341
39.350000 2.006030 3.145115 -1102.630353 -332.314729
39.400000 2.004423 3.421076 -1083.351819 -313.653463
39.450000 2.003540 3.445745 -1077.384698 -308.025518
39.500000 1.986383 2.836503 -1122.251273 -359.480225
39.550000 2.001651 3.445315 -1086.300073 -317.666051
39.600000 2.013452 3.167904 -1104.298968 -331.133300
39.650000 2.019341 2.848901 -1108.070609 -332.643635
39.700000 1.981743 2.972661 -1091.175044 -330.185546
39.750000 2.003636 2.832274 -1107.846930 -338.450767
39.800000 1.985830 3.666047 -1051.048668 -288.489969
39.850000 2.013533 3.464702 -1071.881488 -298.684991
39.900000 1.989601 3.388271 -1072.988369 -308.981648
39.950000 1.997063 3.095911 -1098.564320 -331.692046
40.000000 2.009195 3.161006 -1096.588408 -325.057509
40.050000 1.993872 3.130464 -1105.593767 -339.947106
40.100000 2.006856 3.806491 -1057.039211 -286.406424
40.150000 2.018304 3.272525 -1086.806592 -311.777726
40.200000 1.999871 2.631972 -1125.542416 -357.591811
40.250000 2.002913 2.736848 -1116.722594 -347.603898
40.300000 2.003739 3.110526 -1093.684334 -324.248407
40.350000 1.992465 3.312301 -1086.267695 -321.161090
40.400000 2.012065 3.481591 -1074.886859 -302.253782
40.450000 1.977971 3.329873 -1079.475641 -319.934899
40.500000 2.007930 3.013137 -1109.052036 -338.006950
40.550000 1.991533 3.029517 -1109.101676 -344.353179
40.600000 2.000566 2.809335 -1124.291386 -356.074175
40.650000 1.998976 2.571477 -1135.629687 -368.022951
40.700000 2.008180 2.750029 -1122.577911 -351.436876
40.750000 2.023587 3.315276 -1084.602680 -307.545128
40.800000 1.991765 3.139544 -1101.220856 -336.383010
40.850000 2.003585 2.861295 -1123.415858 -354.039075
40.900000 2.013164 3.175682 -1092.438042 -319.383016
40.950000 2.002562 2.825631 -1114.818242 -345.834584
41.000000 1.990680 2.833816 -1113.163080 -348.741848
41.050000 2.012403 3.126527 -1094.238692 -321.475844
41.100000 1.995617 3.084685 -1099.912551 -333.595694
41.150000 2.014755 2.862872 -1117.540278 -343.874419
41.200000 1.975268 3.072473 -1102.496240 -343.993358
41.250000 1.996744 3.616394 -1069.065844 -302.316273
41.300000 1.995214 3.266730 -1096.405514 -330.243525
41.350000 2.005136 3.564379 -1071.336412 -301.364074
41.400000 2.002969 3.372111 -1082.594836 -313.454756
41.450000 2.011057 2.983396 -1112.382414 -340.136471
41.500000 2.004275 3.206098 -1087.361957 -317.720477
41.550000 2.004770 2.919152 -1104.905963 -335.074151
41.600000 2.008426 2.546975 -1135.191801 -363.956039
41.650000 1.998018 2.956345 -1107.956597 -340.717827
41.700000 1.987928 3.437586 -1073.611795 -310.247590
41.750000 2.020920 2.800137 -1113.797926 -337.764522
41.800000 1.991428 2.589423 -1121.818183 -357.109908
41.850000 2.005228 3.281768 -1081.684195 -311.676464
41.900000 2.013355 3.405490 -1082.389692 -309.261396
41.950000 1.993902 2.886022 -1122.610650 -356.952294
42.000000 2.004306 2.891752 -1117.287782 -347.634389
42.050000 1.991581 2.772129 -1120.437672 -355.670567
42.100000 2.016206 2.162409 -1162.812014 -388.589076
42.150000 1.995634 2.406407 -1141.488256 -375.164892
42.200000 2.022324 2.601534 -1131.271268 -354.698763
42.250000 1.992579 2.580314 -1138.437258 -373.286863
42.300000 1.995645 3.147955 -1099.327101 -332.999397
42.350000 1.980423 3.064425 -1107.769479 -347.286945
42.400000 2.026318 3.281735 -1093.903863 -315.797874
42.450000 1.983798 3.082689 -1101.942102 -340.163508
42.500000 2.016137 3.209113 -1093.746192 -319.549737
42.550000 1.993100 3.099872 -1107.133853 -341.783508
42.600000 2.007947 2.867839 -1122.999979 -351.948417
42.650000 1.999981 2.671957 -1131.164111 -363.171302
42.700000 2.009208 3.607337 -1060.903126 -289.367261
42.750000 1.989107 3.295195 -1081.028331 -317.211389
42.800000 1.995850 2.915912 -1106.406521 -339.999932
42.850000 1.990869 2.764141 -1114.992509 -350.498813
42.900000 2.022077 2.667607 -1119.640009 -343.162482
42.950000 1.996908 2.050674 -1153.192100 -386.379596
43.000000 1.981809 2.484967 -1124.577143 -363.562451
43.050000 1.995158 3.146568 -1082.267394 -316.126682
43.100000 2.014019 2.739013 -1118.576344 -345.193045
43.150000 1.998487 3.355245 -1076.676037 -309.257095
43.200000 2.004650 2.812907 -1117.695399 -347.909981
43.250000 1.996951 2.978384 -1111.989439 -345.160371
43.300000 2.009868 3.486036 -1076.728987 -304.939627
43.350000 1.988111 3.277525 -1089.477856 -326.043288
43.400000 2.012464 3.078623 -1106.575883 -333.789624
43.450000 1.990086 3.487884 -1068.884883 -304.692028
43.500000 1.999176 2.942102 -1103.529597 -335.846013
43.550000 1.994782 3.306764 -1071.530977 -305.534768
43.600000 1.993260 3.221335 -1079.393823 -313.982141
43.650000 1.999716 2.863285 -1105.362844 -337.472018
43.700000 1.991836 3.079649 -1088.138968 -323.274067
43.750000 2.003777 3.221147 -1079.299318 -309.848817
43.800000 1.994638 2.838391 -1104.736048 -338.794966
43.850000 2.021282 2.513148 -1121.846544 -345.674106
43.900000 2.002398 2.450925 -1123.315218 -354.394326
43.950000 1.998719 2.541052 -1121.771738 -354.263816
44.000000 1.994861 2.660748 -1117.416432 -351.389699
44.050000 2.004847 2.417277 -1140.044935 -370.183802
44.100000 2.001294 2.844459 -1109.868951 -341.372179
44.150000 2.003027 2.875989 -1106.857192 -337.694805
44.200000 1.999048 3.274501 -1079.455613 -311.821047
44.250000 2.010624 2.436684 -1140.391382 -368.311748
44.300000 1.981267 2.875423 -1109.832399 -349.025702
44.350000 1.998116 3.375363 -1084.764099 -317.487452
44.400000 2.003694 3.298657 -1092.953637 -323.534969
44.450000 1.994394 3.541667 -1074.635177 -308.787880
44.500000 2.003730 3.452693 -1082.313769 -312.881450
44.550000 1.996840 3.441381 -1075.547161 -308.760789
44.600000 2.000336 3.346685 -1077.498546 -309.369576
44.650000 1.994500 3.264900 -1081.436793 -315.548964
44.700000 1.982771 3.631509 -1051.048499 -289.664270
44.750000 2.031519 2.652518 -1118.389188 -338.285779
44.800000 1.973093 2.453030 -1136.275292 -378.607608
44.850000 2.013382 3.562064 -1064.965779 -291.827137
44.900000 2.002057 2.458301 -1138.862362 -370.072333
44.950000 2.000851 2.145151 -1164.434537 -396.107733
45.000000 1.995799 1.155666 -997.658292 -231.271349
45.050000 2.008522 1.751529 -956.746352 -185.473925
45.100000 1.995807 2.050137 -937.658545 -171.268722
45.150000 2.019183 1.688594 -973.472667 -198.106362
45.200000 1.989304 1.740630 -971.650013 -207.757144
45.250000 1.993310 1.580990 -990.053929 -224.622972
45.300000 1.992219 1.994055 -956.284087 -191.271899
45.350000 2.011817 2.182698 -933.464758 -160.927148
45.400000 2.013153 1.744405 -962.829590 -189.778824
45.450000 2.002744 1.359142 -993.176156 -224.122271
45.500000 2.009441 1.612310 -979.390916 -207.765746
45.550000 1.978167 2.163837 -946.797491 -187.181269
45.600000 2.004207 2.459550 -925.705955 -156.090636
45.650000 2.008813 1.573119 -986.898404 -215.514154
45.700000 1.997439 1.566217 -975.780129 -208.763684
45.750000 1.988350 1.696814 -969.223079 -205.696739
45.800000 1.996414 1.987808 -951.384353 -184.761525
45.850000 2.006239 1.975567 -944.822502 -174.426806
45.900000 2.010825 1.528301 -971.270974 -199.114047
45.950000 1.999834 1.572027 -967.881598 -199.945400
46.000000 2.008162 1.687797 -967.834346 -196.700266
46.050000 1.992030 2.253360 -919.043952 -154.104344
46.100000 2.011443 2.230215 -921.389499 -148.995270
46.150000 1.990712 1.945987 -945.778095 -181.344753
46.200000 1.993493 2.245828 -917.618859 -152.117423
46.250000 1.999669 1.780386 -955.813506 -187.940515
46.300000 2.021407 1.822829 -949.605214 -173.385053
46.350000 1.997806 1.760803 -953.842430 -186.685026
46.400000 1.995938 1.720129 -955.938592 -189.498467
46.450000 1.991817 1.790611 -950.887499 -186.029866
46.500000 2.013569 1.721500 -955.294613 -182.084196
46.550000 2.007904 1.357398 -980.602225 -209.566918
46.600000 2.004483 1.340002 -986.958981 -217.237444
46.650000 1.976531 1.854362 -952.238969 -193.251094
46.700000 2.014384 2.093557 -932.980998 -159.457666
46.750000 2.005374 1.466017 -983.582039 -213.518294
46.800000 2.008260 2.019593 -938.981089 -167.809341
46.850000 1.985991 1.676500 -972.363214 -209.742585
46.900000 1.998198 1.960409 -950.953813 -183.645776
46.950000 1.983703 2.028675 -945.895261 -184.153359
47.000000 2.005577 2.086700 -939.101230 -168.959681
47.050000 1.996341 2.053588 -940.521557 -173.926434
47.100000 2.010820 1.873922 -960.502125 -188.347212
47.150000 1.992498 1.854291 -961.058461 -195.939412
47.200000 2.019190 1.727865 -965.912190 -190.543233
47.250000 1.996388 1.478977 -978.833738 -212.220570
47.300000 2.003785 1.498349 -970.775569 -201.322296
47.350000 2.001315 1.325745 -989.884721 -221.379622
47.400000 1.988278 1.744106 -961.043630 -197.544832
47.450000 2.002985 1.831108 -956.110158 -186.963777
47.500000 1.994087 1.739949 -961.655583 -195.926136
47.550000 1.998333 1.783669 -955.124708 -187.764972
47.600000 1.994188 1.925199 -945.358849 -179.590554
47.650000 2.003240 2.082138 -938.437774 -169.193730
47.700000 2.002770 2.255991 -920.984826 -151.921303
47.750000 2.008988 1.961739 -945.806371 -174.354933
47.800000 1.991903 2.110797 -924.421392 -159.530698
47.850000 1.999839 1.545196 -969.161370 -201.223010
47.900000 2.010969 1.968091 -931.439347 -159.227442
47.950000 1.999217 1.943437 -931.344895 -163.645489
48.000000 2.007117 1.402029 -980.552587 -209.819726
48.050000 2.009337 1.442902 -987.041875 -215.456344
48.100000 1.988823 2.025965 -950.133378 -186.425157
48.150000 1.990016 1.722797 -978.837615 -214.671457
48.200000 2.006244 1.567886 -984.636763 -214.238979
48.250000 1.977631 1.690045 -973.896813 -214.486591
48.300000 2.006061 2.159189 -932.404823 -162.077552
48.350000 2.011949 1.444340 -983.649529 -211.060965
48.400000 1.984312 1.452366 -985.174297 -223.198536
48.450000 2.010049 1.813670 -970.793060 -198.934252
48.500000 2.016329 2.070210 -962.353094 -188.082595
48.550000 1.982349 1.998139 -971.529536 -210.307589
48.600000 2.011145 2.269777 -946.882931 -174.603307
48.650000 2.018245 1.788171 -969.863500 -194.857372
48.700000 2.015902 1.349255 -988.371393 -214.264970
48.750000 1.984803 1.513493 -966.573534 -204.409191
48.800000 2.009444 1.489732 -972.068148 -200.441734
48.850000 1.998114 1.612061 -963.858167 -196.582319
48.900000 2.000142 1.564394 -966.985153 -198.930813
48.950000 1.993738 1.221409 -996.949639 -231.354061
49.000000 1.996874 1.247122 -997.350615 -230.551001
49.050000 1.996609 1.769638 -952.830719 -186.132800
49.100000 1.999269 1.452158 -974.566967 -206.847822
49.150000 1.994753 1.518997 -969.297750 -203.312483
49.200000 1.994902 1.814326 -953.155363 -187.112811
49.250000 2.019163 2.180705 -933.084646 -157.725927
49.300000 2.002940 2.183081 -943.136454 -174.007658
49.350000 1.991044 2.524463 -912.091378 -147.530406
49.400000 2.021814 1.821273 -960.759908 -184.383429
49.450000 2.000718 1.531494 -977.679936 -209.404363
49.500000 1.999095 2.012290 -942.446208 -174.793851
49.550000 2.007299 1.892052 -957.115549 -186.312793
49.600000 1.996251 1.715245 -974.854595 -208.294232
49.650000 2.014569 2.056248 -944.099372 -170.505016
49.700000 2.000592 1.519902 -982.881811 -214.654669
49.750000 1.997893 1.892842 -943.193723 -176.002703
49.800000 2.002632 1.500540 -973.441011 -204.430488
49.850000 1.997043 1.476727 -976.730693 -209.866038
49.900000 2.000653 1.789318 -954.811720 -186.560785
49.950000 2.000905 1.597946 -969.310359 -200.962681
50.000000 2.005784 1.288518 -988.327237 -218.106136
50.050000 2.015155 1.367305 -985.207996 -211.388385
50.100000 1.985661 2.028235 -941.023941 -178.530272
50.150000 1.989767 2.264279 -927.382232 -163.311674
50.200000 2.011307 2.154086 -934.570232 -162.228306
50.250000 2.000212 1.593423 -975.363586 -207.282159
50.300000 1.990466 1.890773 -943.454199 -179.115284
50.350000 1.999050 1.769415 -954.526737 -186.891445
50.400000 2.003590 1.674845 -959.295211 -189.916589
50.450000 1.997876 1.747350 -951.381182 -184.196723
50.500000 2.007749 1.676543 -959.450635 -188.474991
50.550000 1.986780 1.775060 -952.816150 -189.892569
50.600000 2.028666 1.688594 -958.884460 -179.876548
50.650000 1.983504 1.267385 -993.347285 -231.681835
50.700000 1.986951 1.716163 -955.899542 -192.910192
50.750000 1.996244 1.857352 -939.952045 -173.394190
50.800000 2.019194 1.281225 -987.215864 -211.845323
50.850000 1.992301 1.823728 -942.957498 -177.913939
50.900000 2.008618 1.775004 -954.840213 -183.530980
50.950000 2.008275 1.823309 -953.820307 -182.642737
51.000000 2.006322 1.983818 -946.918317 -176.490795
51.050000 2.008684 1.534218 -985.295701 -213.961010
51.100000 1.983516 1.556985 -983.460705 -221.790415
51.150000 1.991538 2.120330 -945.331027 -180.580486
51.200000 2.007045 1.920169 -962.236005 -191.530916
51.250000 1.999685 1.875230 -961.942559 -194.063598
51.300000 1.995692 1.687093 -982.733827 -216.387921
51.350000 2.012719 1.854158 -971.896550 -199.012278
51.400000 1.995755 1.951812 -965.624287 -199.254346
51.450000 2.006113 1.936822 -959.316866 -188.969639
51.500000 2.000988 1.494322 -984.311598 -215.932028
51.550000 1.998668 1.515868 -984.335443 -216.847021
51.600000 2.004672 1.593865 -980.551030 -210.757034
51.650000 1.993623 1.673917 -973.045212 -207.494122
51.700000 1.991549 1.672814 -979.896064 -215.141339
51.750000 2.000799 2.330264 -930.202650 -161.895895
51.800000 1.991874 2.078905 -945.591853 -180.712213
51.850000 2.012742 1.633755 -972.638161 -199.745235
51.900000 2.004033 1.360753 -988.959052 -219.410449
51.950000 2.006068 1.981901 -935.017937 -164.687930
52.000000 1.997871 1.626037 -972.193892 -205.011460
52.050000 2.000965 1.764056 -959.433760 -191.063065
52.100000 1.997817 1.821942 -946.191643 -179.029957
52.150000 2.014086 1.641476 -954.073055 -180.664095
52.200000 1.990402 1.377000 -971.753402 -207.439098
52.250000 2.003037 1.546652 -964.599934 -195.433700
52.300000 2.000502 1.802725 -950.417434 -182.224731
52.350000 2.005161 1.723049 -965.342932 -195.361117
52.400000 1.986965 2.065523 -944.590017 -181.595618
52.450000 2.001891 2.477372 -912.344943 -143.618850
52.500000 2.006456 0.968644 -823.590426 -53.111319
52.550000 2.003028 1.469170 -776.253854 -7.090913
52.600000 2.003973 1.254610 -799.231613 -29.705791
52.650000 1.998239 1.098053 -816.973517 -49.649758
52.700000 1.998883 1.259703 -796.907297 -29.336396
52.750000 1.995944 1.335430 -782.923000 -16.480382
52.800000 2.002852 0.977173 -812.737072 -43.641921
52.850000 2.007774 0.874095 -815.792439 -44.807183
52.900000 1.981466 1.290923 -769.769499 -8.886745
52.950000 2.003939 1.087280 -793.792983 -24.280394
53.000000 2.001958 0.966651 -809.478513 -40.726503
53.050000 1.995651 0.875674 -819.207061 -52.877002
53.100000 1.982564 1.237192 -790.045424 -28.741005
53.150000 2.010654 0.994057 -819.061579 -46.970585
53.200000 1.994956 0.950019 -831.038478 -64.975329
53.250000 1.992046 1.540802 -780.488708 -15.542853
53.300000 1.993627 1.627377 -772.199833 -6.647223
53.350000 2.013114 1.063674 -818.725943 -45.690254
53.400000 2.008608 0.711810 -841.906058 -70.600772
53.450000 1.999165 0.971841 -809.308981 -41.629494
53.500000 2.007868 0.719807 -836.236899 -65.215421
53.550000 1.987902 1.019926 -809.441872 -46.087318
53.600000 2.002669 1.035042 -814.079493 -45.054683
53.650000 1.991093 0.899354 -830.395520 -65.815717
53.700000 2.004768 1.143310 -806.452701 -36.621883
53.750000 1.990446 1.204027 -791.932055 -27.600928
53.800000 2.000298 1.003922 -804.745228 -36.630877
53.850000 1.999770 1.182420 -777.996446 -10.084592
53.900000 1.999631 0.633710 -830.380217 -62.521859
53.950000 1.982718 0.905672 -808.171315 -46.807492
54.000000 2.012212 1.052346 -800.586851 -27.897285
54.050000 1.986052 1.116014 -792.646879 -30.002898
54.100000 2.003485 1.119954 -792.215526 -22.877429
54.150000 2.002843 0.782594 -828.307141 -59.215544
54.200000 2.010588 1.005811 -812.314420 -40.248732
54.250000 1.985892 1.236610 -796.521249 -33.938579
54.300000 1.999647 1.262134 -798.633200 -30.768891
54.350000 1.999758 1.236984 -798.168597 -30.261477
54.400000 2.003911 1.253341 -795.270786 -25.769120
54.450000 2.004359 1.006780 -816.451914 -46.778100
54.500000 1.991608 1.240905 -788.282181 -23.504768
54.550000 2.006342 1.196155 -785.840582 -15.405106
54.600000 2.001737 0.771806 -817.752159 -49.084989
54.650000 2.006717 0.927139 -800.844253 -30.264748
54.700000 1.995099 1.005656 -795.694747 -29.576831
54.750000 2.001243 0.999674 -798.204407 -29.727212
54.800000 1.995071 0.970979 -797.675511 -31.568423
54.850000 2.005997 0.683068 -823.162286 -52.859545
54.900000 1.997288 0.629559 -825.639593 -58.681089
54.950000 2.011842 0.560191 -837.553987 -65.006767
55.000000 1.999418 1.082791 -792.371441 -24.594820
55.050000 1.997329 1.035434 -800.848628 -33.874235
55.100000 1.991126 1.034792 -799.629057 -35.036765
55.150000 2.006825 1.148403 -791.405066 -20.784127
55.200000 1.997594 1.354713 -766.625001 0.451246
55.250000 2.002340 0.904242 -811.130004 -42.231336
55.300000 1.995244 1.026878 -794.166570 -27.993046
55.350000 2.002771 0.919566 -805.214429 -36.150472
55.400000 1.994094 1.239086 -778.188779 -12.456633
55.450000 1.998762 1.064862 -802.385508 -34.860902
55.500000 2.001422 0.996001 -810.380823 -41.834936
55.550000 2.009619 0.853616 -823.955668 -52.262105
55.600000 1.992634 1.054381 -808.305950 -43.134598
55.650000 1.998356 1.413562 -772.579147 -5.210465
55.700000 1.988486 1.128172 -796.516835 -32.938031
55.750000 2.009610 0.990607 -801.487462 -29.797106
55.800000 2.010375 0.844345 -808.285083 -36.301013
55.850000 1.995603 0.844240 -805.900734 -39.589216
55.900000 2.004576 1.018582 -790.144919 -20.387670
55.950000 2.001932 0.978758 -798.341657 -29.599799
56.000000 2.009066 1.041674 -797.665058 -26.183897
56.050000 1.985106 1.222879 -784.830029 -22.549473
56.100000 1.996919 1.076539 -803.559318 -36.742582
56.150000 2.009113 1.083372 -804.544345 -33.044992
56.200000 1.995729 1.137820 -802.991004 -36.631157
56.250000 2.008341 1.170160 -805.507071 -34.304051
56.300000 2.003861 1.137119 -810.110324 -40.627576
56.350000 1.998715 0.809267 -841.061064 -73.554552
56.400000 1.988970 1.169983 -807.319414 -43.554919
56.450000 1.994054 1.351266 -799.979164 -34.262452
56.500000 1.992314 1.744827 -763.675588 1.372940
56.550000 2.007101 1.050601 -829.463980 -58.737235
56.600000 1.997291 1.019164 -823.818885 -56.858960
56.650000 1.994498 1.271239 -794.986111 -29.098717
56.700000 2.007439 1.120644 -803.732245 -32.875596
56.750000 1.989503 1.176614 -795.726163 -31.757065
56.800000 1.996151 1.380420 -771.296251 -4.774197
56.850000 2.006430 1.042527 -799.098593 -28.629565
56.900000 2.007491 1.001404 -795.930957 -25.054334
56.950000 1.999932 0.852824 -812.962353 -44.988405
57.000000 1.992698 1.090661 -798.324624 -33.128437
57.050000 1.988695 1.356932 -778.825145 -15.166320
57.100000 2.000286 1.223415 -790.825810 -22.716120
57.150000 2.001246 1.057147 -801.147657 -32.669335
57.200000 2.006929 0.910447 -807.216243 -36.555496
57.250000 1.995146 0.765060 -819.455976 -53.319772
57.300000 1.990155 1.184972 -777.616396 -13.396888
57.350000 1.997188 0.852541 -812.449060 -45.528939
57.400000 1.990863 0.946204 -808.255573 -43.764359
57.450000 2.012112 1.276952 -778.521647 -5.870667
57.500000 2.002589 1.123693 -795.703867 -26.709610
57.550000 1.998415 1.377069 -771.969124 -4.577950
57.600000 2.009648 1.131661 -793.349808 -21.644986
57.650000 2.001314 0.894845 -808.523210 -40.018687
57.700000 1.999962 0.836666 -811.976119 -43.990877
57.750000 1.982202 1.329637 -767.151172 -5.985794
57.800000 2.011845 1.303735 -773.766572 -1.218007
57.850000 1.993317 1.168697 -782.258944 -16.825120
57.900000 2.008903 0.940178 -805.200373 -33.781641
57.950000 2.004907 0.707073 -817.839810 -47.955441
58.000000 1.999691 0.701484 -806.765400 -38.884072
58.050000 1.993870 0.709565 -806.781400 -41.135432
58.100000 1.999689 1.107706 -767.702572 0.177899
58.150000 2.003341 0.696948 -813.249951 -43.966879
58.200000 2.008467 0.848682 -804.894630 -33.643486
58.250000 1.999491 0.899245 -808.811260 -41.006683
58.300000 1.996994 0.908956 -817.315127 -50.469406
58.350000 2.003486 1.272535 -782.215261 -12.876723
58.400000 1.997886 1.125013 -793.920026 -26.731683
58.450000 2.014778 0.892897 -812.246771 -38.572009
58.500000 1.994007 1.139447 -787.262212 -21.563677
58.550000 1.993637 1.192564 -791.347677 -25.791071
58.600000 1.999919 1.303474 -784.627887 -16.659011
58.650000 2.007204 1.082682 -805.196687 -34.430161
58.700000 1.997539 0.956743 -815.442785 -48.387705
58.750000 2.018584 0.842737 -819.438517 -44.302415
58.800000 1.996316 0.783338 -822.097226 -55.511855
58.850000 2.006874 0.991750 -811.491847 -40.852122
58.900000 1.984105 1.280965 -791.589326 -29.692981
58.950000 2.004902 1.549197 -771.752200 -1.869895
59.000000 2.000526 1.027124 -823.902688 -55.700835
59.050000 2.000478 0.873617 -835.495631 -67.312246
59.100000 1.982176 1.194968 -806.824504 -45.668860
59.150000 2.002476 1.280245 -807.338083 -38.387211
59.200000 1.985717 1.306382 -803.837667 -41.322244
59.250000 2.009162 1.113928 -816.173687 -44.655311
59.300000 2.009898 0.962789 -819.778054 -47.977034
59.350000 1.994534 0.961748 -812.629069 -46.727954
59.400000 2.000847 0.970573 -811.158834 -42.833755
59.450000 2.007455 0.756417 -832.763639 -61.900999
59.500000 1.983584 1.117894 -793.927806 -32.231466
59.550000 2.000859 1.201135 -789.013103 -20.683141
59.600000 1.998109 1.259627 -783.345897 -16.071902
59.650000 1.997985 0.848912 -830.083195 -62.857025
59.700000 1.999853 1.060131 -809.352711 -41.409344
59.750000 1.999189 0.971087 -818.759339 -51.070865
59.800000 1.984955 1.258831 -792.961489 -30.738626
59.850000 2.016545 1.221362 -794.856489 -20.503114
59.900000 1.983281 0.795816 -834.046530 -72.466670
59.950000 2.013335 1.264775 -787.275547 -14.155005
60.000000 1.985421 0.743756 -620.172747 142.228829
60.050000 1.990252 0.871750 -607.995297 156.261400
60.100000 2.000978 0.799245 -616.923537 151.452126
60.150000 1.990227 0.787081 -608.765892 155.481129
60.200000 1.994874 0.495063 -643.582562 122.449076
60.250000 1.995358 0.629030 -633.327860 132.889522
60.300000 1.999127 0.785525 -619.572182 148.092771
60.350000 2.010837 0.633003 -637.539623 134.621836
60.400000 1.999301 0.655785 -630.210134 137.521430
60.450000 1.998144 0.753083 -616.687047 150.600203
60.500000 2.000815 0.441635 -651.036602 117.276247
60.550000 1.981945 0.429370 -652.039180 109.027760
60.600000 2.002311 0.610575 -636.536424 132.350884
60.650000 1.994173 0.663352 -636.715217 129.047055
60.700000 1.992421 0.742320 -633.202359 131.887388
60.750000 2.002247 0.779410 -631.548121 137.314564
60.800000 2.005859 0.756946 -632.404398 137.845379
60.850000 2.001336 0.608415 -650.318003 118.195166
60.900000 1.996461 0.565692 -658.926969 107.713882
60.950000 2.000243 0.765400 -641.335426 126.758018
61.000000 2.005428 0.829170 -635.408700 134.675627
61.050000 1.999501 0.598475 -669.136951 98.671517
61.100000 1.986070 1.008068 -622.027962 140.622895
61.150000 1.987469 0.909760 -640.013080 123.174825
61.200000 2.004688 0.915279 -637.330616 132.469637
61.250000 2.005728 0.762234 -646.888211 123.311183
61.300000 1.998579 0.603542 -658.882752 108.571473
61.350000 2.002751 0.636576 -651.838694 117.217776
61.400000 1.991429 0.716689 -647.081357 117.627482
61.450000 1.995431 0.992691 -620.251485 145.993953
61.500000 2.011476 0.847586 -641.753860 130.652756
61.550000 2.005636 0.712737 -651.877843 118.286508
61.600000 2.002735 0.409627 -677.856131 91.194209
61.650000 1.986325 0.539873 -651.875940 110.872864
61.700000 2.014792 0.457426 -659.103593 114.576684
61.750000 1.992929 0.615661 -636.925065 128.359798
61.800000 2.004991 0.456783 -660.632147 109.284444
61.850000 1.989349 0.618718 -640.462250 123.447807
61.900000 1.996144 0.523031 -654.579301 111.939877
61.950000 2.005346 0.508361 -656.432486 113.620545
62.000000 2.006479 0.624933 -640.942895 129.545148
62.050000 2.001310 0.390206 -672.514869 95.988218
62.100000 1.993423 0.554580 -657.368951 108.105393
62.150000 1.995259 0.719078 -638.958424 127.221200
62.200000 2.003907 0.620417 -653.716607 115.783688
62.250000 2.006083 0.729275 -642.405627 127.930353
62.300000 2.003693 0.805627 -635.793416 133.624753
62.350000 1.998826 0.890467 -627.094645 140.454604
62.400000 2.001979 0.500511 -677.469312 91.290463
62.450000 2.014796 0.708803 -650.352243 123.329462
62.500000 1.981645 0.658989 -657.621480 103.330063
62.550000 2.009201 0.896074 -629.942645 141.590531
62.600000 2.005260 0.892697 -628.781609 141.238065
62.650000 1.999596 0.659705 -657.279037 110.565932
62.700000 2.002493 0.770497 -642.555491 126.401791
62.750000 2.009800 0.615835 -658.923574 112.839619
62.800000 1.979709 0.785118 -643.323844 116.884559
62.850000 2.004317 1.030319 -624.670135 144.987465
62.900000 2.005218 1.107210 -615.799387 154.204272
62.950000 2.005947 0.810883 -645.452843 124.830803
63.000000 2.009319 0.561852 -665.932677 105.645975
63.050000 1.991289 0.661207 -644.894840 119.760248
63.100000 2.007667 0.781947 -630.590037 140.354083
63.150000 1.995116 0.624537 -652.461091 113.663560
63.200000 1.994531 0.763531 -636.206650 129.693434
63.250000 1.999628 0.726339 -644.845906 123.011312
63.300000 1.998731 0.880023 -632.534709 134.978061
63.350000 2.002670 0.907993 -636.604036 132.421079
63.400000 2.008672 0.856607 -650.136628 121.193427
63.450000 2.008458 1.065548 -628.941573 142.306159
63.500000 2.009098 0.773236 -660.129429 111.364252
63.550000 1.990944 0.711384 -661.113745 103.408595
63.600000 1.989664 0.879675 -638.432798 125.598002
63.650000 2.001380 0.814244 -642.347875 126.181938
63.700000 2.004308 0.571976 -664.683190 104.970994
63.750000 1.993888 0.693279 -641.378747 124.274335
63.800000 1.997251 0.566266 -656.508608 110.435676
63.850000 2.001146 0.527869 -659.752148 108.687909
63.900000 1.983308 0.787002 -626.782550 134.807592
63.950000 2.007573 0.828053 -620.838389 150.069681
64.000000 2.016034 0.452776 -657.961391 116.195770
64.050000 2.003758 0.319875 -671.666496 97.776767
64.100000 1.982062 0.660905 -639.895909 121.215722
64.150000 1.999906 0.824550 -627.588978 140.375033
64.200000 2.002142 0.607988 -653.714031 115.108593
64.250000 1.997654 0.499663 -661.645701 105.453289
64.300000 1.999627 0.536747 -652.721828 115.134918
64.350000 1.989845 0.608995 -645.413875 118.686710
64.400000 2.001744 0.589378 -652.691770 115.978079
64.450000 2.003388 0.762347 -637.515804 131.785251
64.500000 1.997818 0.767628 -647.466735 119.695534
64.550000 2.003044 0.679994 -665.837781 103.331177
64.600000 1.997168 0.756173 -656.945420 109.966934
64.650000 1.990447 0.842112 -653.669663 110.661851
64.700000 2.018143 0.827888 -660.760677 114.206339
64.750000 1.980355 0.752061 -670.418333 90.037886
64.800000 1.997021 1.019915 -637.875693 128.980449
64.850000 2.007287 0.691995 -677.407433 93.390632
64.900000 1.972395 0.896362 -653.133786 104.265754
64.950000 2.006487 0.777271 -669.670979 100.820062
65.000000 2.001659 0.684626 -676.120571 92.516591
65.050000 2.010681 0.650550 -679.353644 92.747705
65.100000 1.992086 0.788171 -658.729364 106.231737
65.150000 2.000062 0.731058 -660.750732 107.272955
65.200000 2.009248 0.732470 -649.050811 122.500230
65.250000 1.997048 0.602310 -657.207834 109.658739
65.300000 1.996700 0.446114 -675.223521 91.509300
65.350000 1.993393 0.594317 -662.504350 102.958624
65.400000 2.003570 0.901442 -630.992902 138.378155
65.450000 2.001163 0.601322 -668.561750 99.884890
65.500000 1.999229 0.635143 -660.672956 107.030969
65.550000 2.016231 0.518835 -669.920983 104.311852
65.600000 1.986195 0.478039 -672.789583 89.909219
65.650000 1.998322 0.697083 -652.383715 114.972037
65.700000 2.006563 0.704466 -654.978424 115.541706
65.750000 2.004056 0.612455 -666.515353 103.041977
65.800000 1.987132 0.702303 -660.698980 102.359838
65.850000 2.007675 0.913288 -639.723970 131.223248
65.900000 1.999155 0.853836 -641.580019 126.095611
65.950000 1.996554 0.817712 -639.920310 126.756317
66.000000 1.999842 1.000287 -613.191771 154.747418
66.050000 2.001216 0.679465 -651.359256 117.107588
66.100000 2.000564 0.707986 -640.135230 128.081211
66.150000 2.003673 0.454969 -667.166869 102.243461
66.200000 2.000111 0.609842 -646.077623 121.964960
66.250000 1.996153 0.756408 -628.974825 137.547977
66.300000 2.002945 0.467168 -668.569083 100.561824
66.350000 1.996438 0.687807 -646.545076 120.087035
66.400000 2.010108 0.729093 -644.132163 127.749425
66.450000 2.005479 0.552729 -662.632758 107.471186
66.500000 1.991387 0.612678 -656.321241 108.371179
66.550000 1.994786 0.783095 -643.124721 122.873121
66.600000 1.999127 0.961275 -624.974213 142.690613
66.650000 2.000205 0.952543 -621.921752 146.156854
66.700000 2.006770 0.596813 -656.732013 113.867739
66.750000 1.985004 0.588874 -648.322894 113.918601
66.800000 2.001200 0.598444 -645.747548 122.713166
66.850000 1.988539 0.578951 -650.175574 113.423298
66.900000 2.007586 0.783856 -631.129456 139.783735
66.950000 1.993222 0.805651 -630.321062 135.076077
67.000000 2.000884 0.679982 -645.506981 122.832561
67.050000 2.003746 0.597627 -650.301007 119.137397
67.100000 1.999055 0.536915 -654.346767 113.290436
67.150000 1.989551 0.644710 -646.618981 117.368652
67.200000 2.002712 0.840492 -628.704599 140.336923
67.250000 1.994811 0.786994 -639.688977 126.318541
67.300000 1.993431 0.982268 -614.731877 150.745769
67.350000 1.992509 0.673528 -649.946899 115.176707
67.400000 2.011758 0.729781 -638.550851 133.964347
67.450000 1.992940 0.604921 -652.593329 112.695779
