# t Temp Pres Epot Etot
0.000000 1.996276 28.941495 -21900.723428 -9923.064804
0.050000 1.991534 28.947417 -21898.976803 -9949.771939
0.100000 1.996871 29.352433 -21627.105068 -9645.879076
0.150000 1.999135 28.781691 -22032.486903 -10037.674739
0.200000 1.999577 28.968802 -21877.414239 -9879.954329
0.250000 2.006359 28.700647 -22070.917263 -10032.762648
0.300000 1.993190 28.601155 -22141.591660 -10182.452718
0.350000 2.005628 28.663967 -22098.654350 -10064.883864
0.400000 1.987793 28.909514 -21913.132765 -9986.373678
0.450000 1.998329 29.100505 -21804.182967 -9814.208822
0.500000 2.010667 28.749122 -22060.150221 -9996.148010
0.550000 1.992364 28.847772 -21955.890483 -10001.709345
0.600000 2.003611 28.880444 -21955.483153 -9933.818066
0.650000 2.004173 28.972955 -21880.834098 -9855.796999
0.700000 2.001738 28.826313 -21978.069720 -9967.641769
0.750000 1.992887 28.703288 -22067.028449 -10109.703657
0.800000 2.004684 28.701202 -22081.962482 -10053.858105
0.850000 1.993818 28.848269 -21970.600243 -10007.692265
0.900000 2.003192 29.016325 -21852.136998 -9832.984396
0.950000 2.007368 28.838064 -21993.171777 -9948.961903
1.000000 1.996830 28.723476 -22064.278571 -10083.301535
1.050000 1.997342 29.008894 -21842.426695 -9858.373688
1.100000 2.001115 28.783916 -22006.073971 -9999.381917
1.150000 1.999297 28.923312 -21914.180738 -9918.395912
1.200000 2.011872 28.885765 -21940.861867 -9869.632308
1.250000 2.007261 28.764864 -22023.376390 -9979.811567
1.300000 1.988984 29.039445 -21829.896264 -9895.990707
1.350000 2.002875 28.807031 -22001.808239 -9984.559795
1.400000 2.005525 28.643363 -22116.442144 -10083.291065
1.450000 1.995008 29.057153 -21823.217288 -9853.166943
1.500000 1.999819 28.647812 -22113.635729 -10114.720846
1.550000 2.004535 28.906278 -21926.270834 -9899.060129
1.600000 2.007679 28.503311 -22207.470559 -10161.399347
1.650000 2.004269 28.955752 -21890.407717 -9864.792945
1.700000 2.003210 29.042817 -21829.582219 -9810.322424
1.750000 2.015367 28.638700 -22143.539916 -10051.336774
1.800000 1.996639 28.942295 -21910.331408 -9930.498290
1.850000 1.999249 29.090361 -21793.003545 -9797.512121
1.900000 2.000777 28.679491 -22091.451824 -10086.790004
1.950000 2.002425 28.729659 -22053.241096 -10038.690662
2.000000 1.986263 29.005943 -21855.535593 -9937.955242
2.050000 2.003128 28.807220 -22001.205050 -9982.435480
2.100000 1.997371 29.029750 -21846.339450 -9862.112750
2.150000 1.999796 28.760172 -22038.504356 -10039.729973
2.200000 2.000075 28.987002 -21877.691118 -9877.241286
2.250000 2.002978 28.734336 -22047.767507 -10029.901334
2.300000 2.001204 28.756319 -22039.704632 -10032.480872
2.350000 2.001032 28.960031 -21900.968278 -9894.774489
2.400000 2.001724 28.697019 -22087.246699 -10076.902090
2.450000 2.003269 28.679994 -22089.725822 -10070.114366
2.500000 1.996682 28.720467 -22048.603777 -10068.512660
2.550000 1.991336 28.786811 -22014.401245 -10066.386764
2.600000 1.995781 28.939310 -21914.544174 -9939.855452
2.650000 2.004988 28.994546 -21878.522269 -9848.596875
2.700000 2.007649 28.678713 -22104.779263 -10058.883168
2.750000 1.996253 28.691967 -22080.948151 -10103.427933
2.800000 1.996370 29.207258 -21722.279054 -9744.057951
2.850000 2.006266 29.155685 -21760.612533 -9723.017371
2.900000 2.004949 28.689436 -22099.589015 -10069.897596
2.950000 1.995174 28.907477 -21923.533426 -9952.490124
3.000000 2.011588 28.715900 -22084.286446 -10014.756112
3.050000 2.004754 28.907632 -21933.882321 -9905.356453
3.100000 1.998160 28.407119 -22286.662651 -10297.699934
3.150000 1.997229 29.028475 -21837.464969 -9854.089511
3.200000 2.001901 29.053631 -21817.266246 -9805.860343
3.250000 2.002011 29.009572 -21857.768478 -9845.700619
3.300000 2.003486 28.640114 -22110.273126 -10089.356114
3.350000 1.994507 29.108288 -21780.586116 -9813.545471
3.400000 1.998331 28.992296 -21872.896672 -9882.913571
3.450000 2.006795 28.918799 -21933.342350 -9892.569742
3.500000 2.006797 28.551078 -22181.440371 -10140.660819
3.550000 1.995302 28.695428 -22071.550093 -10099.739060
3.600000 2.004117 28.703922 -22075.423441 -10050.720194
3.650000 1.995489 28.861868 -21948.650121 -9975.718202
3.700000 2.001742 28.492326 -22214.461435 -10204.007770
3.750000 1.999198 28.972370 -21892.356475 -9897.169672
3.800000 1.993719 28.966905 -21876.561337 -9914.244547
3.850000 2.001819 28.959638 -21898.757674 -9887.840854
3.900000 1.993656 28.965056 -21883.631859 -9921.698341
3.950000 2.002048 28.767105 -22029.618022 -10017.332811
4.000000 1.997202 28.696591 -22081.828063 -10098.614911
4.050000 1.999759 28.822388 -21989.159743 -9990.605290
4.100000 2.003039 28.884964 -21956.023837 -9937.791918
4.150000 2.007481 29.058090 -21828.518993 -9783.631197
4.200000 1.998788 28.767826 -22036.338549 -10043.608850
4.250000 2.008123 28.735606 -22052.374874 -10003.637440
4.300000 1.995162 29.189850 -21723.854246 -9752.884026
4.350000 2.002786 28.787864 -22013.925763 -9997.211819
4.400000 1.996956 28.873554 -21946.006741 -9964.273496
4.450000 1.989067 29.015532 -21836.468383 -9902.066792
4.500000 2.005865 28.772373 -22029.910800 -9994.720444
4.550000 1.997029 28.567642 -22167.749845 -10185.578037
4.600000 1.999828 28.477218 -22223.738344 -10224.768561
4.650000 2.006013 28.913229 -21929.636813 -9893.559334
4.700000 2.002930 28.933150 -21914.552319 -9896.972871
4.750000 2.003174 29.045275 -21834.062096 -9815.019490
4.800000 2.005751 28.662851 -22105.515198 -10071.007221
4.850000 2.001600 28.593441 -22150.778540 -10141.178595
4.900000 1.998979 29.188274 -21725.049746 -9731.178131
4.950000 1.999950 28.963621 -21900.844278 -9901.144145
5.000000 2.001217 28.698793 -22076.838425 -10069.537053
5.050000 1.989305 28.967590 -21885.409003 -9949.576299
5.100000 2.000295 28.797437 -22014.777681 -10013.010569
5.150000 2.000978 29.078407 -21812.882007 -9807.013754
5.200000 1.995677 28.641715 -22113.211789 -10139.152463
5.250000 2.004831 28.744943 -22041.942676 -10012.958992
5.300000 2.005781 28.863107 -21967.872388 -9933.186851
5.350000 2.002479 28.655427 -22107.963542 -10093.092396
5.400000 2.000931 28.786408 -22009.416045 -10003.827259
5.450000 2.000855 28.845556 -21967.865180 -9962.733198
5.500000 1.997595 28.882654 -21945.461654 -9959.891133
5.550000 2.007430 28.532029 -22198.933718 -10154.352370
5.600000 1.994834 28.849095 -21964.161353 -9995.156269
5.650000 2.003528 28.755228 -22039.493932 -10018.324542
5.700000 1.993510 28.881083 -21948.870750 -9987.811108
5.750000 1.995094 28.751842 -22036.496788 -10065.934355
5.800000 1.994924 29.109695 -21792.778460 -9823.237380
5.850000 1.993738 29.011705 -21858.223742 -9895.794390
5.900000 1.999660 28.929087 -21919.525355 -9921.564729
5.950000 2.008570 28.762936 -22045.964135 -9994.544650
6.000000 1.998135 28.831868 -21969.168836 -9980.360103
6.050000 1.998255 28.852742 -21959.577186 -9970.045122
6.100000 1.998451 29.334500 -21624.546886 -9633.843693
6.150000 2.004426 28.450048 -22252.430144 -10225.877089
6.200000 2.011284 28.446248 -22249.266655 -10181.564553
6.250000 1.989380 28.981329 -21862.450115 -9926.168101
6.300000 2.006054 28.880095 -21959.792304 -9923.471064
6.350000 2.004667 28.816927 -21992.006122 -9964.002174
6.400000 2.008444 28.590994 -22155.803902 -10105.139039
6.450000 1.988191 28.661269 -22088.382969 -10159.236837
6.500000 1.993563 28.936728 -21900.353594 -9938.972810
6.550000 1.996186 29.050700 -21834.529403 -9857.414900
6.600000 1.996806 28.741545 -22040.360363 -10059.526482
6.650000 2.002953 29.085421 -21811.742781 -9794.026517
6.700000 1.991513 28.956319 -21886.011787 -9936.933171
6.750000 2.004292 28.804537 -22003.023359 -9977.271336
6.800000 1.995212 28.898703 -21933.745605 -9962.470673
6.850000 2.003558 28.746480 -22056.311650 -10034.966498
6.900000 1.994303 28.778305 -22008.478153 -10042.659413
6.950000 1.997213 29.001134 -21868.134158 -9884.855414
7.000000 2.002991 28.894990 -21943.789917 -9925.845393
7.050000 1.998836 28.841659 -21970.020243 -9977.002138
7.100000 2.003962 28.464355 -22235.354226 -10211.580278
7.150000 1.997695 28.981650 -21868.791815 -9882.620249
7.200000 2.006541 28.969899 -21888.065288 -9848.820270
7.250000 1.998581 28.979865 -21871.984659 -9880.495879
7.300000 2.000400 28.719851 -22057.724278 -10055.321331
7.350000 2.002442 28.811566 -21999.271643 -9984.618215
7.400000 1.991255 28.734611 -22052.726939 -10105.196613
7.450000 1.996745 28.952669 -21901.483566 -9921.012083
7.500000 1.999222 17.527499 -23888.264055 -11892.933014
7.550000 1.999628 17.979683 -23547.843500 -11550.077488
7.600000 1.994768 17.624316 -23815.633547 -11847.026920
7.650000 2.002533 17.646526 -23805.309607 -11790.109185
7.700000 1.995168 17.489594 -23903.128271 -11932.118885
7.750000 2.005329 17.580736 -23846.885846 -11814.914042
7.800000 2.001200 17.669444 -23781.630428 -11774.429375
7.850000 1.996251 17.400529 -23976.776851 -11999.269851
7.900000 2.001862 18.052715 -23509.664987 -11498.491293
7.950000 2.004555 17.835566 -23673.269574 -11645.939502
8.000000 2.009730 17.755998 -23747.944506 -11689.562817
8.050000 2.001876 17.380707 -24004.989533 -11993.732466
8.100000 1.991805 17.671115 -23774.205587 -11823.376369
8.150000 2.000901 17.945339 -23563.447367 -11558.039761
8.200000 1.995148 17.789234 -23685.563525 -11714.675710
8.250000 1.999680 17.973116 -23546.978352 -11548.896451
8.300000 2.004018 17.506066 -23911.810905 -11887.703201
8.350000 2.000430 17.264659 -24093.496656 -12090.916562
8.400000 1.995879 17.669073 -23778.117154 -11802.841292
8.450000 2.004942 17.858804 -23634.808773 -11605.155738
8.500000 2.001422 17.500419 -23912.785190 -11904.256021
8.550000 1.998456 17.289739 -24056.349216 -12065.614477
8.600000 1.993848 17.637819 -23802.706215 -11839.617231
8.650000 2.003445 17.678963 -23781.751996 -11761.079471
8.700000 1.998265 18.078272 -23482.954823 -11493.365672
8.750000 2.002359 17.724482 -23738.914534 -11724.758218
8.800000 1.991720 17.828502 -23671.846318 -11721.526778
8.850000 2.005222 17.772446 -23713.425926 -11682.095934
8.900000 1.990465 17.712346 -23764.193617 -11821.402408
8.950000 1.997651 17.798390 -23701.892363 -11715.988150
9.000000 2.007275 17.881732 -23642.419805 -11598.766870
9.050000 1.991891 17.695191 -23770.040854 -11818.692341
9.100000 1.998596 18.031913 -23525.988934 -11534.415370
9.150000 2.003302 17.703079 -23768.590560 -11748.778210
9.200000 1.998824 17.563963 -23871.054479 -11878.109322
9.250000 1.992622 17.553399 -23863.549894 -11907.817424
9.300000 2.007148 17.605925 -23826.623828 -11783.737044
9.350000 1.998720 17.352693 -24014.251335 -12021.932699
9.400000 1.995665 17.809508 -23688.564577 -11714.573877
9.450000 1.991471 17.822846 -23684.400260 -11735.573277
9.500000 2.002284 17.824518 -23692.581309 -11678.874857
9.550000 1.994584 18.060106 -23505.092701 -11537.591002
9.600000 2.007873 17.797325 -23699.028159 -11651.789550
9.650000 1.995780 17.837254 -23648.812319 -11674.135243
9.700000 2.005078 17.535016 -23878.413480 -11847.945823
9.750000 1.999535 17.881005 -23632.602411 -11635.392349
9.800000 2.004708 17.619886 -23805.150475 -11776.901272
9.850000 1.994131 17.521251 -23882.160939 -11917.376698
9.900000 1.997938 17.953932 -23573.090546 -11585.461934
9.950000 1.996275 17.929763 -23576.548228 -11598.897192
10.000000 2.006305 17.602954 -23817.073617 -11779.245406
10.050000 2.002950 17.529685 -23871.588013 -11853.890315
10.100000 1.993317 17.591564 -23811.624341 -11851.724647
10.150000 2.001945 17.616409 -23812.129152 -11800.461985
10.200000 2.001591 17.881878 -23620.215705 -11610.669348
10.250000 2.003029 17.716141 -23740.622912 -11722.446347
10.300000 2.004262 17.533035 -23885.627894 -11860.054710
10.350000 2.001976 17.348693 -24017.904288 -12006.049730
10.400000 1.998555 17.555693 -23854.136454 -11862.807585
10.450000 1.995263 18.033806 -23498.188947 -11526.612607
10.500000 1.999431 17.737539 -23720.846547 -11724.260189
10.550000 1.998118 17.643782 -23781.459788 -11792.754767
10.600000 1.995851 17.772920 -23695.018282 -11719.910947
10.650000 1.999316 17.764964 -23702.458962 -11706.562361
10.700000 2.003432 17.985144 -23541.033221 -11520.443723
10.750000 2.002912 17.415821 -23973.975037 -11956.503389
10.800000 2.001213 17.704090 -23753.862893 -11746.584262
10.850000 1.993703 17.659285 -23790.710029 -11828.489080
10.900000 1.994925 17.966600 -23576.953691 -11607.403681
10.950000 2.016835 17.538708 -23882.463375 -11781.453893
11.000000 1.985962 17.626702 -23801.062709 -11885.290450
11.050000 2.005538 17.890692 -23615.093945 -11581.865639
11.100000 1.994906 17.712741 -23744.727869 -11775.293162
11.150000 1.998825 17.558150 -23860.744841 -11867.792898
11.200000 1.987859 18.159984 -23407.592411 -11480.439196
11.250000 1.999649 17.919801 -23601.391077 -11603.499128
11.300000 1.997390 18.019480 -23517.805895 -11533.467273
11.350000 1.999259 17.910045 -23613.371685 -11617.816475
11.400000 2.006606 17.884125 -23620.930531 -11581.294536
11.450000 2.000847 17.539628 -23884.911127 -11879.831278
11.500000 2.005815 17.602384 -23825.796210 -11790.905058
11.550000 1.990343 17.739162 -23721.815968 -11779.756169
11.600000 2.008764 17.759800 -23731.191861 -11678.606966
11.650000 1.998715 17.302586 -24041.157783 -12048.867643
11.700000 1.989173 17.717513 -23734.904368 -11799.867323
11.750000 2.013560 17.537845 -23889.891026 -11808.531966
11.800000 1.992135 17.685556 -23742.403128 -11789.596001
11.850000 2.001713 17.676691 -23773.741423 -11763.464688
11.900000 1.994309 17.918149 -23597.189785 -11631.338168
11.950000 2.011627 17.789357 -23706.623038 -11636.859493
12.000000 2.001853 17.397432 -23974.165907 -11963.049964
12.050000 1.998027 17.688199 -23765.790473 -11777.628428
12.100000 2.001621 17.647734 -23796.006992 -11786.278513
12.150000 2.003984 17.699344 -23757.430110 -11733.526232
12.200000 2.003466 17.534142 -23877.875647 -11857.080213
12.250000 1.994231 17.455906 -23930.957922 -11965.569525
12.300000 1.990500 17.943125 -23571.443929 -11628.446466
12.350000 2.003053 17.809407 -23686.738871 -11668.423625
12.400000 1.998327 17.717261 -23758.760689 -11768.797702
12.450000 2.005128 17.864733 -23631.796191 -11601.027955
12.500000 1.996093 17.889103 -23596.151718 -11619.596279
12.550000 2.002428 17.646619 -23785.730543 -11771.163494
12.600000 1.995492 17.695481 -23751.942089 -11778.991019
12.650000 1.993428 18.065552 -23491.420470 -11530.854333
12.700000 2.010083 18.001804 -23551.619921 -11491.124725
12.750000 2.001141 17.668874 -23769.310170 -11762.461646
12.800000 1.997126 17.647673 -23766.631260 -11783.878197
12.850000 2.001799 17.737114 -23725.929427 -11715.132975
12.900000 1.997526 17.662527 -23786.752373 -11801.595763
12.950000 1.997348 17.799240 -23672.068941 -11687.983353
13.000000 2.005258 17.832190 -23667.766301 -11636.221065
13.050000 2.001919 17.756027 -23722.922487 -11711.408100
13.100000 1.999343 17.495670 -23899.551899 -11903.495153
13.150000 1.995646 17.580329 -23839.660382 -11865.781572
13.200000 2.007522 17.601931 -23839.076548 -11793.946223
13.250000 2.000670 17.513379 -23898.591184 -11894.571563
13.300000 2.008724 17.650830 -23792.416044 -11740.069485
13.350000 1.993728 17.843751 -23643.029086 -11680.659413
13.400000 2.009178 18.058758 -23515.562502 -11460.496012
13.450000 1.996853 17.832612 -23649.306678 -11668.191633
13.500000 2.002544 17.756900 -23711.288613 -11696.023381
13.550000 1.994650 17.591443 -23832.272901 -11864.374526
13.600000 1.999195 18.271103 -23338.480133 -11343.309787
13.650000 2.007130 17.623744 -23819.208090 -11776.429935
13.700000 1.995340 17.658269 -23777.387987 -11805.348658
13.750000 2.002250 17.788013 -23684.000168 -11670.498291
13.800000 1.997301 17.563117 -23850.108377 -11866.299699
13.850000 2.006184 17.697386 -23757.280770 -11720.179387
13.900000 1.996504 17.585484 -23847.158759 -11868.136947
13.950000 2.002778 17.749947 -23725.411056 -11708.742243
14.000000 1.993647 17.919629 -23594.813048 -11632.929940
14.050000 2.002581 17.694600 -23761.344200 -11745.856366
14.100000 1.998343 17.804660 -23679.080550 -11689.024147
14.150000 1.991030 17.807712 -23670.958382 -11724.778585
14.200000 2.008060 18.132682 -23443.782385 -11395.423114
14.250000 1.996890 17.832143 -23663.539034 -11682.198865
14.300000 2.006864 18.008310 -23538.932790 -11497.747934
14.350000 2.001908 17.467622 -23925.673410 -11914.223879
14.400000 1.994771 17.601485 -23810.912359 -11842.283940
14.450000 2.005857 17.652666 -23789.915280 -11754.772197
14.500000 1.996446 17.682029 -23771.878324 -11793.204065
14.550000 1.994534 18.010437 -23539.602535 -11572.396748
14.600000 2.004130 17.957917 -23566.454733 -11541.677175
14.650000 1.998506 17.962220 -23552.701573 -11561.664466
14.700000 1.999072 17.750457 -23724.325764 -11729.892766
14.750000 2.014017 17.860052 -23651.406740 -11567.303994
14.800000 1.993982 17.465253 -23938.106910 -11974.212609
14.850000 2.002668 18.346774 -23283.454526 -11267.444854
14.900000 2.011759 17.437360 -23977.869991 -11907.315710
14.950000 1.983791 17.604138 -23817.445576 -11914.702245
15.000000 2.005040 14.746400 -20558.510919 -8528.269842
15.050000 2.004206 14.539438 -20710.548379 -8685.309870
15.100000 1.996659 14.398193 -20845.203491 -8865.249041
15.150000 2.005935 14.592513 -20686.808206 -8651.199884
15.200000 2.000510 14.918199 -20420.653559 -8417.591069
15.250000 1.996220 15.039239 -20324.997419 -8347.678956
15.300000 2.010157 15.171790 -20220.104966 -8159.162084
15.350000 2.002849 14.877062 -20430.322872 -8413.226009
15.400000 2.004713 15.017289 -20360.426770 -8332.146960
15.450000 2.004110 15.027497 -20359.317298 -8334.658077
15.500000 2.003278 14.811167 -20517.983123 -8498.313004
15.550000 1.992918 14.836637 -20472.938107 -8515.428085
15.600000 2.001037 14.787751 -20533.791147 -8527.571603
15.650000 2.001274 15.051277 -20306.063298 -8298.417397
15.700000 1.990299 15.051883 -20321.943745 -8380.149729
15.750000 1.996020 15.424925 -20042.105762 -8065.985005
15.800000 2.009797 15.104369 -20312.352002 -8253.570336
15.850000 2.003179 15.176237 -20253.332785 -8234.257502
15.900000 1.999317 14.739449 -20572.926723 -8577.022907
15.950000 1.995216 14.937526 -20403.777794 -8432.484212
16.000000 2.002309 15.213420 -20206.356331 -8192.504414
16.050000 1.989906 15.335771 -20102.486382 -8163.052889
16.100000 2.006949 15.342277 -20122.689237 -8080.996661
16.150000 1.998072 14.910951 -20463.532882 -8475.099528
16.200000 2.002854 15.016536 -20362.121291 -8344.997534
16.250000 1.993473 15.379653 -20048.693025 -8087.855285
16.300000 1.992766 15.322377 -20111.603995 -8155.006239
16.350000 2.003980 15.191217 -20224.518961 -8200.641945
16.400000 1.995206 15.229044 -20160.749428 -8189.513997
16.450000 2.001326 15.229464 -20190.019159 -8182.061106
16.500000 1.997148 15.037416 -20330.265669 -8347.380538
16.550000 2.003034 15.153049 -20247.666087 -8229.464521
16.600000 1.997167 15.323968 -20111.939508 -8128.936504
16.650000 2.003362 15.293725 -20130.055032 -8109.883548
16.700000 2.001428 14.929436 -20414.859818 -8406.289074
16.750000 2.000655 15.000261 -20362.690236 -8358.762410
16.800000 1.998352 15.141877 -20255.341431 -8265.229469
16.850000 2.005973 14.996932 -20394.005156 -8358.168538
16.900000 1.998849 15.330486 -20120.264745 -8127.173234
16.950000 2.001148 15.251050 -20185.066087 -8178.179787
17.000000 2.000087 15.386307 -20082.848701 -8082.323855
17.050000 2.000043 15.341951 -20127.547965 -8127.287606
17.100000 1.997742 15.229762 -20219.371939 -8232.921351
17.150000 2.002689 15.227112 -20205.344953 -8189.208481
17.200000 1.996170 15.166602 -20218.473542 -8241.455816
17.250000 1.995244 14.948085 -20422.183483 -8450.717326
17.300000 2.002659 15.280498 -20160.222754 -8144.268405
17.350000 2.001905 15.204601 -20230.516731 -8219.089346
17.400000 1.999887 15.310006 -20141.672132 -8142.351392
17.450000 2.005797 15.414474 -20051.768375 -8016.988038
17.500000 1.998724 15.339461 -20101.424549 -8109.078752
17.550000 2.000810 15.472664 -20001.184231 -7996.326212
17.600000 2.001208 15.515493 -19940.056309 -7932.805514
17.650000 2.002650 15.450181 -19991.462955 -7975.564435
17.700000 1.995451 15.053007 -20329.068110 -8356.360919
17.750000 1.998161 15.392025 -20049.161072 -8060.196768
17.800000 1.997398 15.296653 -20154.332769 -8169.944925
17.850000 1.994467 15.455871 -20032.599473 -8065.795701
17.900000 2.004107 15.386542 -20081.659903 -8057.019372
17.950000 2.002458 15.351845 -20097.626586 -8082.878747
18.000000 1.994173 15.471692 -19982.024394 -8016.987369
18.050000 1.999553 15.300088 -20132.937642 -8135.619490
18.100000 1.996664 15.549169 -19934.031618 -7954.047631
18.150000 2.001261 15.161580 -20255.063064 -8247.495540
18.200000 1.992505 15.288505 -20144.237512 -8189.206602
18.250000 2.008001 15.067022 -20324.711761 -8276.706220
18.300000 1.997584 15.176379 -20186.164523 -8200.662764
18.350000 2.004907 15.017880 -20330.651752 -8301.207949
18.400000 1.992977 15.097615 -20301.933575 -8344.072679
18.450000 2.010009 15.312059 -20139.723463 -8079.666510
18.500000 2.000848 15.100751 -20287.009563 -8281.919481
18.550000 1.997278 15.501131 -19983.160338 -7999.494552
18.600000 2.000948 15.554577 -19950.705340 -7945.015109
18.650000 1.991454 15.092425 -20310.437103 -8361.712392
18.700000 2.004218 15.375856 -20058.654489 -8033.345081
18.750000 1.989373 15.396133 -20046.563913 -8110.322956
18.800000 2.003092 15.379049 -20061.768562 -8043.214730
18.850000 1.998756 15.372984 -20063.672365 -8071.138544
18.900000 1.998729 15.238835 -20199.743797 -8207.372775
18.950000 2.002607 15.326712 -20142.488757 -8126.845605
19.000000 2.004095 15.010249 -20374.884922 -8350.314330
19.050000 2.000931 15.197185 -20187.371205 -8181.785994
19.100000 2.000643 15.033397 -20327.414806 -8323.554637
19.150000 2.000540 14.870636 -20476.308833 -8473.067155
19.200000 1.999494 15.253576 -20162.965233 -8165.998495
19.250000 2.005543 15.482867 -19976.906789 -7943.646077
19.300000 2.004166 15.175843 -20233.933550 -8208.936736
19.350000 1.994782 15.072169 -20323.736583 -8355.047318
19.400000 2.005506 15.017441 -20347.076799 -8314.039016
19.450000 1.994685 15.042630 -20320.365064 -8352.256858
19.500000 2.000995 15.068913 -20327.997945 -8322.030851
19.550000 2.003238 15.298738 -20138.902324 -8119.476477
19.600000 2.002629 15.343542 -20109.411873 -8093.639146
19.650000 2.001883 15.426476 -20047.328239 -8036.029403
19.700000 2.002465 15.308642 -20141.393318 -8126.600820
19.750000 2.003184 15.143770 -20282.315424 -8263.210901
19.800000 2.003415 15.165586 -20245.371024 -8224.879716
19.850000 1.995728 15.405512 -20042.577907 -8068.209455
19.900000 2.003700 15.409446 -20043.227553 -8021.030035
19.950000 2.001082 15.332302 -20116.210106 -8109.720170
20.000000 1.998758 15.070739 -20326.546617 -8333.997276
20.050000 2.002632 15.227843 -20196.265869 -8180.474179
20.100000 1.998754 15.095009 -20291.891815 -8299.365731
20.150000 2.001800 15.046613 -20332.139805 -8321.338546
20.200000 2.003775 15.236724 -20169.231184 -8146.582385
20.250000 1.996581 15.092002 -20305.861205 -8326.373503
20.300000 2.000202 15.067671 -20318.760139 -8317.548866
20.350000 1.997023 15.144829 -20261.662111 -8279.521997
20.400000 2.001371 15.269415 -20162.758113 -8154.534045
20.450000 1.999907 15.220545 -20200.121900 -8200.680369
20.500000 1.995359 15.192379 -20228.885752 -8256.730977
20.550000 1.993802 15.405932 -20042.724074 -8079.911132
20.600000 2.004342 15.145012 -20243.858506 -8217.807398
20.650000 2.003975 15.091981 -20271.308309 -8247.455593
20.700000 2.001630 15.143948 -20233.375992 -8223.593863
20.750000 1.998091 15.451881 -20004.979667 -8016.434081
20.800000 2.003506 15.086448 -20306.567922 -8285.531623
20.850000 2.002589 15.013580 -20371.117196 -8355.583873
20.900000 2.002029 14.999556 -20381.547022 -8369.373443
20.950000 2.003773 15.106227 -20273.716232 -8251.076097
21.000000 1.997107 14.994386 -20350.627961 -8367.988347
21.050000 1.997510 15.050650 -20344.351964 -8359.294634
21.100000 2.001525 15.238863 -20192.656487 -8183.507541
21.150000 1.996769 15.071306 -20305.958592 -8325.342176
21.200000 1.996911 15.223557 -20179.528580 -8198.061840
21.250000 1.999353 15.464534 -20005.780461 -8009.664751
21.300000 1.997833 15.107192 -20315.005878 -8328.010195
21.350000 1.999280 15.212627 -20190.700075 -8195.019836
21.400000 2.002603 15.347233 -20087.587788 -8071.968022
21.450000 2.009092 15.150729 -20252.859192 -8198.305829
21.500000 1.994914 15.123021 -20260.586513 -8291.103984
21.550000 1.998999 15.305843 -20118.809360 -8124.817197
21.600000 1.999468 15.281808 -20147.234774 -8150.425781
21.650000 2.001849 15.267557 -20152.693504 -8141.600178
21.700000 1.997313 15.285576 -20118.076122 -8134.198614
21.750000 1.985718 15.090446 -20270.569660 -8356.262671
21.800000 1.993769 15.141326 -20260.742700 -8298.130096
21.850000 2.000862 15.068891 -20328.749867 -8323.578787
21.900000 2.002001 15.339910 -20126.184914 -8114.178236
21.950000 2.002262 15.230224 -20212.833394 -8199.263539
22.000000 1.999509 15.462803 -20023.169272 -8026.114170
22.050000 2.006087 15.159947 -20280.492074 -8243.972147
22.100000 1.999164 15.327812 -20117.287744 -8122.302199
22.150000 2.007025 15.110605 -20295.417820 -8253.269964
22.200000 1.997745 15.123060 -20276.790678 -8290.321928
22.250000 2.003274 15.205929 -20208.254648 -8188.608201
22.300000 1.996782 15.177126 -20244.146815 -8263.453761
22.350000 2.002998 15.114929 -20263.865246 -8245.875551
22.400000 1.998720 14.965638 -20363.850420 -8371.532776
22.450000 2.000555 15.013486 -20342.148691 -8338.816003
22.500000 1.996840 9.114973 -20146.279870 -8165.240190
22.550000 1.998917 9.299279 -19980.622788 -7987.118006
22.600000 2.002804 9.101414 -20142.726033 -8125.900517
22.650000 2.003415 9.062041 -20181.041460 -8160.552265
22.700000 2.002428 9.210810 -20063.721941 -8049.151680
22.750000 1.997346 9.154519 -20119.013765 -8134.938300
22.800000 1.996693 9.364673 -19912.688416 -7932.527680
22.850000 2.000768 9.190921 -20086.112866 -8081.504091
22.900000 2.002950 9.381334 -19942.678204 -7924.975643
22.950000 2.000769 9.395726 -19916.235926 -7911.619596
23.000000 1.994536 9.347080 -19948.955814 -7981.737899
23.050000 2.002508 9.261262 -20029.072439 -8014.026061
23.100000 2.000849 8.984766 -20266.930526 -8261.836299
23.150000 1.997290 9.314684 -19952.629563 -7968.892290
23.200000 1.998627 9.151724 -20089.734445 -8097.969633
23.250000 2.000219 9.225923 -20013.605002 -8012.293077
23.300000 2.003350 9.204782 -20019.890774 -7999.792381
23.350000 1.995702 9.213569 -20030.041940 -8055.827203
23.400000 2.002990 9.191154 -20063.254267 -8045.316119
23.450000 1.997938 9.082236 -20156.685652 -8169.056790
23.500000 2.005094 9.119682 -20127.961325 -8097.395225
23.550000 1.993272 9.112973 -20161.241553 -8201.607492
23.600000 2.000402 9.283062 -20033.077111 -8030.668058
23.650000 1.996067 9.173919 -20118.670918 -8142.270492
23.700000 2.002004 9.303198 -19994.326747 -7982.300471
23.750000 1.997478 9.311138 -20003.370075 -8018.500473
23.800000 2.002905 9.260782 -20058.812171 -8041.382619
23.850000 1.991513 9.312266 -19976.878225 -8027.800316
23.900000 2.001489 8.850899 -20395.814707 -8386.880568
23.950000 1.996862 9.287145 -19971.913118 -7990.741273
24.000000 2.005613 9.042238 -20189.698209 -8156.017481
24.050000 1.999637 9.023011 -20188.561119 -8190.739197
24.100000 1.994565 9.058174 -20186.320844 -8218.932003
24.150000 2.003846 9.162646 -20128.223160 -8105.145582
24.200000 1.994181 9.381765 -19927.832456 -7962.748157
24.250000 2.004940 9.343878 -19963.783884 -7934.141198
24.300000 1.996864 9.174559 -20093.346295 -8112.163361
24.350000 2.003007 8.940302 -20295.890230 -8277.846622
24.400000 1.999934 8.987360 -20239.522531 -8239.917188
24.450000 2.000965 8.866002 -20341.399385 -8335.606425
24.500000 2.000796 8.880229 -20310.817490 -8306.040204
24.550000 1.998093 9.028641 -20191.074504 -8202.513670
24.600000 1.995700 9.257896 -20011.985101 -8037.787707
24.650000 2.004603 9.234301 -20053.008088 -8025.389629
24.700000 1.997470 8.985921 -20258.015901 -8273.196181
24.750000 2.001185 8.923614 -20300.796609 -8293.689086
24.800000 2.001326 8.694791 -20480.589606 -8472.635157
24.850000 1.995530 8.945612 -20269.987556 -8296.809956
24.900000 1.997543 9.009341 -20215.548835 -8230.291509
24.950000 1.999442 8.956458 -20244.660283 -8248.007923
25.000000 1.997281 8.889278 -20293.196714 -8309.513621
25.050000 2.003591 8.893085 -20290.107176 -8268.561116
25.100000 1.997746 9.286136 -19936.386132 -7949.911026
25.150000 1.999261 9.050487 -20179.695101 -8184.131880
25.200000 2.000756 9.180938 -20075.481684 -8070.946512
25.250000 2.002843 9.175311 -20089.373947 -8072.316804
25.300000 2.006065 9.076870 -20174.977677 -8138.586151
25.350000 1.999106 9.208506 -20062.792280 -8068.154827
25.400000 2.002916 9.185522 -20092.056748 -8074.561472
25.450000 2.003242 9.117185 -20166.436401 -8146.986302
25.500000 2.003245 9.170391 -20119.934937 -8100.462779
25.550000 2.003034 9.240698 -20031.284683 -8013.079675
25.600000 1.999956 9.185296 -20050.135653 -8050.397490
25.650000 1.999901 9.173751 -20079.047773 -8079.639526
25.700000 1.995534 9.014890 -20247.032974 -8273.827733
25.750000 1.995731 9.106166 -20180.416041 -8206.030537
25.800000 2.001746 9.257668 -20060.812675 -8050.336807
25.850000 2.004494 9.173380 -20129.110517 -8102.144061
25.900000 2.002899 9.100327 -20152.401184 -8135.004445
25.950000 1.996769 9.163700 -20070.370007 -8089.754496
26.000000 2.001095 8.915764 -20325.093991 -8318.524737
26.050000 1.996977 9.175971 -20095.648787 -8113.788768
26.100000 1.999913 9.074033 -20195.790917 -8196.315868
26.150000 1.999767 9.383198 -19938.047229 -7939.445512
26.200000 2.000578 9.099816 -20175.755261 -8172.285034
26.250000 1.995002 9.031493 -20218.119674 -8248.108144
26.300000 2.000387 9.080520 -20171.826070 -8169.506240
26.350000 1.999528 9.159631 -20083.428282 -8086.261008
26.400000 2.005550 9.103125 -20135.267823 -8101.966809
26.450000 1.994049 8.976207 -20261.317013 -8297.024720
26.500000 1.996245 9.192963 -20070.330319 -8092.858020
26.550000 1.998380 9.202291 -20110.260679 -8119.981185
26.600000 2.001129 9.360578 -19973.284429 -7966.511176
26.650000 2.007556 9.205306 -20068.959743 -8023.625174
26.700000 1.995543 8.937084 -20300.876608 -8327.620759
26.750000 2.002374 9.114216 -20147.029754 -8132.788402
26.800000 1.996725 9.290777 -19991.713003 -8011.363573
26.850000 1.994133 9.209388 -20082.728784 -8117.928207
26.900000 2.004660 9.329634 -19975.658466 -7947.700775
26.950000 1.998738 9.242215 -20034.388135 -8041.958076
27.000000 2.001741 9.057846 -20180.058753 -8169.611629
27.050000 2.002912 8.988498 -20210.536899 -8193.065728
27.100000 1.997727 8.865640 -20306.214641 -8319.850757
27.150000 2.001970 8.955342 -20246.329361 -8234.509477
27.200000 1.998775 9.031919 -20229.405274 -8236.755419
27.250000 1.994791 9.220444 -20070.166007 -8101.417989
27.300000 1.992902 9.246456 -20027.525511 -8070.113529
27.350000 1.996489 9.247450 -20015.857599 -8036.923505
27.400000 1.997126 9.061002 -20177.708652 -8194.951367
27.450000 2.004598 8.935013 -20288.290111 -8260.700379
27.500000 1.990562 9.023929 -20170.480771 -8227.105898
27.550000 1.999040 9.007055 -20228.059223 -8233.816440
27.600000 1.999171 9.180657 -20068.196645 -8073.170519
27.650000 1.994393 8.961722 -20212.494401 -8246.133743
27.700000 2.000844 8.802749 -20379.030633 -8373.965229
27.750000 1.997086 9.265808 -19975.068327 -7992.551660
27.800000 2.001943 9.217807 -20056.156773 -8044.497536
27.850000 1.999982 9.037666 -20231.522825 -8231.630883
27.900000 1.998141 8.971616 -20269.545913 -8280.701458
27.950000 1.998023 8.972375 -20260.148737 -8272.009469
28.000000 1.998818 8.988247 -20242.648035 -8249.742519
28.050000 1.996204 9.075694 -20154.445504 -8177.223443
28.100000 2.002332 9.032443 -20222.968766 -8208.974733
28.150000 2.007899 9.229443 -20042.812456 -7995.419242
28.200000 1.993992 9.228854 -20032.281999 -8068.329935
28.250000 2.003337 9.187874 -20098.638693 -8078.616420
28.300000 1.994556 9.315761 -19971.520992 -8004.186455
28.350000 2.002758 9.224978 -20053.305727 -8036.760347
28.400000 2.003897 9.191182 -20102.547759 -8079.165846
28.450000 2.004141 9.284684 -19974.082211 -7949.237527
28.500000 2.001180 9.084137 -20145.237951 -8138.160211
28.550000 1.997509 9.165911 -20105.049970 -8119.995721
28.600000 1.997569 9.110280 -20157.611947 -8172.196096
28.650000 2.001085 9.067259 -20193.860794 -8187.351370
28.700000 2.001093 8.961492 -20263.260083 -8256.704414
28.750000 1.998398 9.083800 -20168.523258 -8178.135774
28.800000 2.007399 9.007650 -20237.458807 -8193.067277
28.850000 1.998316 8.808191 -20383.592749 -8393.698368
28.900000 2.007900 8.957257 -20251.327971 -8203.927309
28.950000 1.990753 8.872421 -20336.432756 -8391.916023
29.000000 1.998564 9.093141 -20142.484558 -8151.101721
29.050000 1.999636 9.204229 -20058.417894 -8060.602413
29.100000 2.000080 9.385552 -19909.287324 -7908.805002
29.150000 2.000969 9.117121 -20150.668159 -8144.853208
29.200000 2.002522 9.144442 -20116.995579 -8101.865315
29.250000 2.003424 9.120847 -20156.729628 -8136.183972
29.300000 1.993503 9.182145 -20079.455002 -8118.434246
29.350000 1.994139 9.276209 -19982.240007 -8017.404365
29.400000 1.997997 9.208094 -20042.666582 -8054.682058
29.450000 1.996491 8.908116 -20296.882047 -8317.938879
29.500000 1.999268 8.815307 -20374.411246 -8378.801559
29.550000 2.002234 9.147963 -20099.026417 -8085.622387
29.600000 2.000632 8.995905 -20258.344797 -8254.553236
29.650000 1.999225 9.017954 -20226.974199 -8231.623198
29.700000 2.001591 8.979053 -20241.003319 -8231.459760
29.750000 2.000791 8.827254 -20391.381285 -8386.637235
29.800000 1.994222 8.920847 -20314.786916 -8349.455839
29.850000 2.008084 8.973572 -20282.943111 -8234.441496
29.900000 1.993334 9.026017 -20225.680028 -8265.673539
29.950000 2.003316 9.134340 -20121.402674 -8101.508346
30.000000 1.989843 5.449633 -18864.659659 -6925.603788
30.050000 2.005553 5.211815 -19113.612881 -7080.294111
30.100000 1.993339 5.183518 -19142.979827 -7182.946744
30.150000 2.002141 5.253958 -19074.823281 -7061.975994
30.200000 2.005380 5.334542 -18974.714705 -6942.435898
30.250000 1.998514 5.282292 -18991.788589 -7000.704301
30.300000 2.001421 5.157087 -19120.186054 -7111.657418
30.350000 2.000975 5.046100 -19262.017399 -7256.167384
30.400000 1.994883 5.269303 -19093.727134 -7124.428237
30.450000 2.002336 5.433843 -18953.531053 -6939.514596
30.500000 1.996456 5.423345 -18949.598999 -6970.865633
30.550000 1.998343 5.543333 -18827.466244 -6837.406365
30.600000 2.006351 5.462533 -18902.680032 -6864.575377
30.650000 1.999619 5.249723 -19089.413351 -7091.700914
30.700000 1.998139 5.256113 -19074.770681 -7085.933908
30.750000 2.000144 5.158868 -19174.229587 -7173.363750
30.800000 1.999651 5.285202 -19058.296659 -7060.387985
30.850000 2.007692 5.141844 -19207.295032 -7161.144425
30.900000 1.992521 5.397758 -18941.906913 -6986.782702
30.950000 1.997562 5.330646 -19033.993693 -7048.620334
31.000000 2.006706 5.298413 -19067.521646 -7027.287960
31.050000 1.995612 5.386545 -18959.938694 -6986.266391
31.100000 1.999844 5.305579 -19030.914038 -7031.852261
31.150000 2.001995 5.211767 -19089.214536 -7077.244268
31.200000 1.998384 5.248889 -19046.984927 -7056.678365
31.250000 2.001636 5.231192 -19068.828487 -7059.014815
31.300000 2.002221 5.401307 -18916.015443 -6902.688721
31.350000 1.998056 5.289626 -19032.163659 -7043.827051
31.400000 1.993996 5.451059 -18851.253838 -6887.277988
31.450000 2.002139 5.340665 -18992.467863 -6979.632759
31.500000 2.002821 5.333780 -18990.914917 -6973.986023
31.550000 1.997679 5.285421 -19023.644567 -7037.568818
31.600000 1.994387 5.225994 -19086.146532 -7119.824096
31.650000 1.998936 5.307556 -19036.149581 -7042.535984
31.700000 2.008994 5.209306 -19145.813495 -7091.848269
31.750000 1.999796 5.176895 -19168.958479 -7170.180641
31.800000 1.999442 5.337281 -19014.875275 -7018.221214
31.850000 1.999075 5.219039 -19141.216157 -7146.768145
31.900000 2.000418 5.278517 -19070.560214 -7068.052570
31.950000 1.990538 5.320388 -19008.863925 -7065.638636
32.000000 2.003951 5.314425 -19017.452083 -6993.744648
32.050000 1.999487 5.337631 -19000.981046 -7004.057211
32.100000 1.999341 5.348644 -18984.492079 -6988.443473
32.150000 2.004999 5.315499 -19019.716025 -6989.720699
32.200000 1.998813 5.264428 -19077.699554 -7084.822181
32.250000 1.999368 5.483149 -18891.797931 -6895.591232
32.300000 2.000174 5.477933 -18915.654466 -6914.610850
32.350000 2.005141 5.371905 -19015.542462 -6984.698434
32.400000 1.996305 5.181236 -19183.575709 -7205.743683
32.450000 2.000930 5.416619 -18947.751566 -6942.172644
32.500000 1.999070 5.443273 -18912.030495 -6917.609462
32.550000 2.002136 5.309738 -19037.390827 -7024.572758
32.600000 2.003350 5.255226 -19099.423206 -7079.321669
32.650000 2.007847 5.454597 -18884.795237 -6837.714885
32.700000 2.000309 5.230887 -19102.899466 -7101.045415
32.750000 1.994564 5.311848 -19026.136052 -7058.753117
32.800000 2.000356 5.453246 -18896.767382 -6894.632843
32.850000 1.996031 5.373283 -18989.770147 -7013.583791
32.900000 2.001862 5.328896 -19026.808406 -7015.638444
32.950000 1.996300 5.365479 -18980.515531 -7002.714299
33.000000 1.997182 5.498240 -18827.952695 -6844.860077
33.050000 1.998137 5.400196 -18951.415341 -6962.590700
33.100000 1.997522 5.444557 -18914.891260 -6929.759534
33.150000 2.003594 5.284413 -19053.437319 -7031.876072
33.200000 2.000917 5.061245 -19242.271373 -7236.771320
33.250000 2.001322 5.144954 -19162.168625 -7154.239044
33.300000 1.998101 5.367077 -18975.760648 -6987.155233
33.350000 2.007990 5.299402 -19058.935885 -7010.993155
33.400000 2.001749 5.266972 -19077.313751 -7066.818877
33.450000 1.997914 5.320505 -19026.436013 -7038.954160
33.500000 1.998650 5.238624 -19093.304672 -7101.404946
33.550000 1.999744 5.180296 -19146.185296 -7147.720898
33.600000 1.995359 5.479302 -18866.205073 -6894.049139
33.650000 2.000309 5.491837 -18879.257002 -6877.402027
33.700000 2.000895 5.464008 -18894.002466 -6888.632574
33.750000 1.999706 5.449963 -18880.460659 -6882.221916
33.800000 1.997388 5.452923 -18857.545562 -6873.215266
33.850000 2.001608 5.348945 -18950.714147 -6941.066885
33.900000 2.005320 5.246806 -19038.233282 -7006.315249
33.950000 2.005101 5.212082 -19097.404619 -7066.799788
34.000000 1.991070 5.342316 -18986.703094 -7040.281613
34.050000 2.000318 5.460005 -18864.477804 -6862.572571
34.100000 2.004661 5.135886 -19191.807097 -7163.841250
34.150000 1.999517 5.164789 -19152.876261 -7155.773010
34.200000 2.004823 5.082649 -19249.242803 -7220.304092
34.250000 1.993726 5.159347 -19185.092292 -7222.735441
34.300000 1.997659 5.257920 -19098.319981 -7112.367528
34.350000 1.998492 5.381226 -18953.871293 -6962.916846
34.400000 2.002948 5.194065 -19122.309384 -7104.621986
34.450000 1.998591 5.372123 -18964.625349 -6973.078414
34.500000 2.003384 5.370718 -19006.857289 -6986.553564
34.550000 1.995986 5.274794 -19096.870792 -7120.954847
34.600000 2.008832 5.382204 -18980.415122 -6927.424983
34.650000 2.000542 5.224036 -19099.043169 -7095.788469
34.700000 1.996685 5.352388 -18966.314347 -6986.205758
34.750000 1.998708 5.288636 -19066.808109 -7074.558423
34.800000 1.998384 5.528219 -18843.425185 -6853.119860
34.850000 2.004702 5.362432 -19011.071148 -6982.859106
34.900000 1.995439 5.299942 -19036.717633 -7064.085485
34.950000 2.008070 5.153625 -19159.248903 -7110.826723
35.000000 1.993516 5.009441 -19280.873802 -7319.777715
35.050000 1.995688 5.111924 -19204.426456 -7230.296444
35.100000 2.003939 5.088706 -19285.120581 -7261.484084
35.150000 1.990236 5.461840 -18911.904792 -6970.489696
35.200000 2.002891 5.510651 -18885.037117 -6867.691593
35.250000 2.001842 5.502891 -18894.041476 -6882.986806
35.300000 2.000273 5.458142 -18911.100866 -6909.464810
35.350000 2.001260 5.262228 -19069.425559 -7061.863285
35.400000 1.995182 5.302470 -18995.520186 -7024.427862
35.450000 2.005552 5.283604 -18997.259844 -6963.948950
35.500000 1.997843 5.504330 -18781.853940 -6794.794459
35.550000 2.001064 5.254651 -19062.820939 -7056.437694
35.600000 2.000165 5.248394 -19078.958960 -7077.965997
35.650000 2.002449 5.275332 -19053.599657 -7038.907704
35.700000 2.000860 5.198488 -19120.151594 -7114.991357
35.750000 1.999521 5.219424 -19117.705575 -7120.580791
35.800000 1.995804 5.225882 -19102.301556 -7127.475277
35.850000 1.997120 5.191403 -19125.237046 -7142.516393
35.900000 2.004671 5.265250 -19060.657919 -7032.631023
35.950000 1.995076 5.158652 -19179.543848 -7209.088964
36.000000 2.001559 5.186252 -19168.333915 -7158.978988
36.050000 1.996961 5.130314 -19186.017573 -7204.248839
36.100000 2.005562 5.388430 -18904.120535 -6870.751326
36.150000 1.998628 5.215779 -19069.098945 -7077.332714
36.200000 2.004008 5.317258 -19003.011925 -6978.962938
36.250000 1.991226 5.332964 -19026.879541 -7079.524749
36.300000 2.001595 5.181109 -19159.765805 -7150.195813
36.350000 1.994056 5.249379 -19052.525359 -7088.191845
36.400000 1.995931 5.177411 -19116.162972 -7140.574527
36.450000 1.995194 5.411289 -18907.366939 -6936.202526
36.500000 2.003998 5.515709 -18838.025443 -6814.037027
36.550000 2.000389 5.397686 -18962.591003 -6960.254723
36.600000 2.002271 5.431012 -18913.628767 -6900.000479
36.650000 1.996890 5.369781 -18988.393117 -7007.055194
36.700000 1.997153 5.452316 -18892.691437 -6909.773911
36.750000 2.006415 5.358436 -18953.411040 -6914.920569
36.800000 1.992358 5.378402 -18932.207993 -6978.059771
36.850000 2.000497 5.486594 -18837.155882 -6834.173563
36.900000 1.999983 5.314569 -19008.654933 -7008.758243
36.950000 2.002113 5.285344 -19043.903593 -7031.224701
37.000000 1.994151 5.286701 -19028.078756 -7063.172340
37.050000 2.002959 5.499203 -18793.095207 -6775.340596
37.100000 2.001198 5.316408 -18963.680275 -6956.490602
37.150000 2.000081 5.164048 -19106.335349 -7105.847277
37.200000 2.000983 5.076513 -19198.643218 -7192.743768
37.250000 2.001154 5.074674 -19217.484790 -7210.558953
37.300000 1.995546 5.357975 -18951.181810 -6977.905533
37.350000 2.004422 5.254756 -19058.874011 -7032.340686
37.400000 1.999733 5.229767 -19066.345644 -7067.948986
37.450000 1.996375 5.115154 -19214.456795 -7236.206212
37.500000 2.001280 2.894063 -17364.180928 -5356.498214
37.550000 1.996415 3.024184 -17241.952738 -5263.461793
37.600000 2.005727 3.026775 -17234.378706 -5200.014817
37.650000 1.995773 2.930316 -17332.682686 -5358.044510
37.700000 2.000869 3.111071 -17136.756461 -5131.540915
37.750000 2.000769 2.996375 -17284.781923 -5280.168239
37.800000 1.998022 3.016692 -17269.329468 -5281.197585
37.850000 1.993600 3.191458 -17096.233306 -5134.633916
37.900000 2.006540 3.202398 -17075.824087 -5036.581588
37.950000 1.997457 3.087886 -17169.832389 -5185.090234
38.000000 2.001130 2.984058 -17293.805014 -5287.022863
38.050000 2.001921 2.961899 -17315.881184 -5304.353485
38.100000 2.004625 2.965754 -17299.996967 -5272.246113
38.150000 1.996242 3.018453 -17239.774323 -5262.322935
38.200000 1.999553 3.020528 -17294.340009 -5297.021308
38.250000 1.997622 3.173600 -17125.354459 -5139.619847
38.300000 2.003644 3.016387 -17268.670908 -5246.809428
38.350000 1.999412 3.029008 -17244.068552 -5247.596647
38.400000 2.000573 3.115825 -17155.473407 -5152.034410
38.450000 1.998585 3.145429 -17102.079288 -5110.570478
38.500000 1.999808 2.997323 -17227.349873 -5228.502566
38.550000 2.003756 2.859207 -17357.402856 -5334.867780
38.600000 1.995978 3.018789 -17164.403290 -5188.535145
38.650000 2.000311 3.064218 -17108.270637 -5106.404111
38.700000 2.003149 2.891792 -17291.421543 -5272.527819
38.750000 1.996323 2.665216 -17541.930950 -5563.995108
38.800000 1.996983 2.825927 -17377.906244 -5396.011214
38.850000 1.998841 3.003951 -17202.087040 -5209.038912
38.900000 1.996612 3.120550 -17095.586563 -5115.912709
38.950000 2.006690 3.023166 -17226.472975 -5186.330231
39.000000 1.994211 2.923362 -17326.619918 -5361.353580
39.050000 1.996797 3.088923 -17167.162610 -5186.378267
39.100000 1.995924 3.212121 -17081.709109 -5106.166810
39.150000 2.000344 3.216404 -17088.994439 -5086.929818
39.200000 2.001886 3.317194 -16976.565108 -4965.246864
39.250000 2.003040 3.101662 -17206.454096 -5188.214144
39.300000 2.000546 3.092965 -17187.451175 -5184.173702
39.350000 2.004642 2.936290 -17341.517722 -5313.666544
39.400000 1.996124 2.908638 -17360.753637 -5384.010389
39.450000 1.992667 3.003998 -17276.134264 -5320.130104
39.500000 2.002406 3.121315 -17145.280093 -5130.846132
39.550000 1.997497 2.997106 -17278.955420 -5293.975185
39.600000 2.002752 3.079582 -17195.079909 -5178.569251
39.650000 1.996583 3.096765 -17172.892280 -5193.395068
39.700000 2.001025 2.991209 -17299.411918 -5293.264620
39.750000 1.993476 3.147646 -17146.832673 -5185.978228
39.800000 2.001498 3.102741 -17242.186526 -5233.199570
39.850000 2.000840 3.119691 -17191.507153 -5186.466416
39.900000 2.000635 3.029038 -17254.050069 -5250.242279
39.950000 1.996151 3.089643 -17174.126335 -5197.222275
40.000000 2.003313 3.036948 -17248.416005 -5228.535317
40.050000 2.003092 3.017953 -17244.793638 -5226.240454
40.100000 2.002340 2.947917 -17296.908968 -5282.869849
40.150000 2.001590 2.973359 -17243.541192 -5233.999817
40.200000 2.001884 2.955529 -17277.307874 -5266.003722
40.250000 1.998386 3.009629 -17216.476461 -5226.157549
40.300000 2.001849 2.945498 -17296.589301 -5285.496318
40.350000 1.996387 2.951627 -17265.579133 -5287.259120
40.400000 1.999724 2.984669 -17217.298907 -5218.953636
40.450000 2.004012 2.958540 -17243.867484 -5219.793563
40.500000 1.997085 3.083169 -17116.827421 -5134.319268
40.550000 2.004092 3.128297 -17094.261778 -5069.712738
40.600000 1.999833 3.075313 -17147.115396 -5148.115228
40.650000 1.999324 3.096293 -17144.616422 -5148.671557
40.700000 2.004404 3.062165 -17217.636258 -5191.209715
40.750000 2.004742 3.019272 -17259.725693 -5231.276276
40.800000 2.006800 3.072647 -17186.345787 -5145.548657
40.850000 1.997084 3.056092 -17183.530527 -5201.029092
40.900000 2.004186 3.096185 -17119.613140 -5094.496890
40.950000 2.000676 2.897482 -17347.628212 -5343.570743
41.000000 2.000885 3.121056 -17088.868120 -5083.559512
41.050000 1.999229 3.138787 -17072.596389 -5077.221499
41.100000 2.002702 2.965608 -17276.652126 -5260.437484
41.150000 1.994319 3.109073 -17102.528800 -5136.615530
41.200000 2.007768 2.895682 -17340.387775 -5293.779539
41.250000 1.999080 2.831078 -17408.268858 -5413.791794
41.300000 2.001558 2.991528 -17268.373254 -5259.026211
41.350000 1.996182 2.991601 -17296.914537 -5319.820966
41.400000 2.000332 3.032376 -17234.866695 -5232.876783
41.450000 1.998329 2.951448 -17322.141040 -5332.169730
41.500000 2.000731 3.071978 -17215.705618 -5211.320381
41.550000 2.002703 3.179623 -17111.520885 -5095.302659
41.600000 1.996260 2.887090 -17442.524827 -5464.967570
41.650000 1.997800 3.059064 -17240.847685 -5254.048360
41.700000 2.001653 3.094785 -17178.562993 -5168.643186
41.750000 1.995790 3.014234 -17233.999773 -5259.260360
41.800000 2.004425 3.055371 -17162.003142 -5135.453376
41.850000 1.997674 3.083040 -17103.488301 -5117.445885
41.900000 2.001537 2.954673 -17272.415586 -5263.196222
41.950000 2.003275 2.919525 -17304.196055 -5284.547703
42.000000 2.000324 2.800552 -17416.855688 -5414.908925
42.050000 1.999192 2.845024 -17364.531482 -5369.376644
42.100000 1.996698 3.001839 -17241.707158 -5261.520913
42.150000 2.001959 3.084279 -17205.279960 -5193.528599
42.200000 1.996311 2.969021 -17344.762776 -5366.899541
42.250000 1.997332 3.082292 -17186.347701 -5202.357435
42.300000 2.001316 2.937944 -17361.026567 -5353.132794
42.350000 2.002634 2.978086 -17308.159442 -5292.354925
42.400000 1.993319 3.013071 -17260.894044 -5300.977955
42.450000 2.003017 2.917050 -17392.797333 -5374.693348
42.500000 1.993499 3.030516 -17274.006607 -5313.011793
42.550000 2.000117 3.181749 -17108.613099 -5107.913671
42.600000 2.001947 2.884304 -17415.350557 -5403.670790
42.650000 2.000719 2.831538 -17446.306997 -5441.992673
42.700000 2.002275 2.835142 -17445.928612 -5432.280114
42.750000 1.996490 3.066987 -17180.847447 -5201.909533
42.800000 2.006864 3.036549 -17237.896147 -5196.711979
42.850000 1.998243 2.949006 -17319.653034 -5330.193128
42.900000 1.997535 3.085952 -17163.456082 -5178.248196
42.950000 1.998476 3.158442 -17111.599165 -5120.740266
43.000000 2.004371 2.983915 -17306.749874 -5280.523451
43.050000 1.995771 3.102964 -17130.167401 -5155.539383
43.100000 2.003845 2.944460 -17288.101630 -5265.029141
43.150000 1.999145 2.916086 -17294.981512 -5300.109114
43.200000 2.001910 2.993476 -17232.455745 -5220.993195
43.250000 2.000960 2.922759 -17324.187383 -5318.428512
43.300000 1.992855 2.954541 -17293.200505 -5336.069680
43.350000 2.005351 3.052990 -17181.070230 -5148.966772
43.400000 1.999915 2.936368 -17303.953005 -5304.461229
43.450000 2.000006 2.790997 -17469.268645 -5469.232975
43.500000 1.991628 2.956480 -17293.691775 -5343.923309
43.550000 2.000734 3.046250 -17204.286847 -5199.883688
43.600000 1.999713 2.886491 -17356.516987 -5358.239596
43.650000 2.000663 2.854761 -17394.064493 -5390.084172
43.700000 2.007291 2.835659 -17404.452632 -5360.707251
43.750000 1.995085 2.820075 -17418.037080 -5447.528504
43.800000 1.995166 2.931092 -17310.436542 -5339.443065
43.850000 2.002333 3.006594 -17230.911006 -5216.915793
43.900000 2.001466 2.893993 -17348.332968 -5339.536468
43.950000 1.999716 2.930055 -17302.811780 -5304.513071
44.000000 1.996697 2.986467 -17263.404684 -5283.221756
44.050000 2.001583 3.094475 -17135.297777 -5125.800180
44.100000 2.003341 2.999244 -17250.614149 -5230.567612
44.150000 1.997772 3.032895 -17204.104545 -5217.474133
44.200000 2.001748 2.827426 -17431.988856 -5421.502870
44.250000 2.004348 2.940432 -17277.807988 -5251.717836
44.300000 1.999919 2.894601 -17310.144810 -5310.630868
44.350000 1.992159 2.943347 -17253.835961 -5300.880725
44.400000 2.000072 3.072810 -17146.702802 -5146.273650
44.450000 1.999004 2.985211 -17272.297545 -5278.273205
44.500000 2.004907 2.908320 -17356.066002 -5326.625153
44.550000 2.001262 2.915659 -17322.328621 -5314.754998
44.600000 2.001381 2.971602 -17259.328967 -5251.044967
44.650000 2.000381 2.991532 -17249.794801 -5247.511483
44.700000 1.997105 2.934242 -17328.718113 -5346.088530
44.750000 1.999865 2.982017 -17270.063873 -5270.875138
44.800000 2.000353 3.064575 -17182.572552 -5180.452928
44.850000 2.000703 3.049856 -17198.852216 -5194.636957
44.900000 2.003825 2.868086 -17401.330941 -5378.380682
44.950000 1.994527 3.042416 -17190.409672 -5223.247188
45.000000 2.000425 1.750432 -15023.267697 -3020.715475
45.050000 2.001088 1.781646 -14965.416663 -2958.891133
45.100000 2.001208 1.727854 -15004.166925 -2996.919475
45.150000 2.003046 1.672034 -15052.664162 -3034.390736
45.200000 1.997645 1.663268 -15053.402335 -3067.532179
45.250000 2.002183 1.765893 -14941.965237 -2928.867478
45.300000 2.000573 1.730342 -14997.908662 -2994.470369
45.350000 1.999638 1.698260 -15058.270696 -3060.439698
45.400000 1.996116 1.816228 -14922.354724 -2945.660583
45.450000 2.005867 1.803665 -14958.772267 -2923.570488
45.500000 1.997094 1.736226 -15056.768463 -3074.204086
45.550000 1.999937 1.821123 -14965.755511 -2966.133532
45.600000 2.002421 1.857103 -14940.012741 -2925.488127
45.650000 2.002963 1.774256 -15017.535189 -2999.756078
45.700000 2.001860 1.662126 -15124.147864 -3112.989539
45.750000 2.000693 1.726326 -15041.278184 -3037.120983
45.800000 1.997060 1.798010 -14964.906580 -2982.548704
45.850000 1.998712 1.815417 -14946.074466 -2953.803004
45.900000 2.001612 1.743161 -15027.293409 -3017.620154
45.950000 2.000398 1.669903 -15113.036929 -3110.651191
46.000000 1.998111 1.783067 -14979.902882 -2991.235181
46.050000 2.003722 1.795948 -14961.956518 -2939.624396
46.100000 1.999703 1.707281 -15039.228471 -3041.010909
46.150000 1.996378 1.850270 -14850.398171 -2872.132013
46.200000 2.003501 1.687511 -15086.162836 -3065.156948
46.250000 1.999807 1.721359 -15044.373233 -3045.533475
46.300000 1.998765 1.810687 -14956.713863 -2964.122599
46.350000 2.000305 1.848126 -14912.426476 -2910.595332
46.400000 2.002259 1.772651 -14986.717274 -2973.161363
46.450000 2.001422 1.623071 -15153.581757 -3145.049875
46.500000 2.000500 1.627185 -15157.177618 -3154.177036
46.550000 1.997965 1.719539 -15070.535415 -3082.744020
46.600000 2.000508 1.856738 -14944.579025 -2941.533150
46.650000 2.004554 1.873250 -14918.380707 -2891.058699
46.700000 2.001123 1.680507 -15132.120890 -3125.384821
46.750000 1.997912 1.658741 -15130.488485 -3143.019115
46.800000 2.000608 1.677327 -15098.499469 -3094.849525
46.850000 1.994305 1.662636 -15130.637316 -3164.809593
46.900000 1.998917 1.815671 -14949.381319 -2955.877699
46.950000 1.997225 1.777880 -15015.386013 -3032.036920
47.000000 2.001248 1.841892 -14914.314812 -2906.824524
47.050000 1.998791 1.745913 -15036.976354 -3044.229448
47.100000 1.996266 1.788791 -14981.311891 -3003.717819
47.150000 2.002654 1.708351 -15101.238808 -3085.315641
47.200000 1.994942 1.716459 -15091.463429 -3121.808988
47.250000 2.002048 1.846211 -14893.797684 -2881.509804
47.300000 2.004720 1.634653 -15137.013155 -3108.694373
47.350000 1.998562 1.717428 -15034.297908 -3042.923579
47.400000 1.997404 1.831826 -14929.886418 -2945.462377
47.450000 2.004810 1.721641 -15075.725910 -3046.866794
47.500000 1.998983 1.737793 -15058.091934 -3064.192834
47.550000 2.003619 1.725068 -15086.291543 -3064.576557
47.600000 1.997416 1.729991 -15066.835490 -3082.336604
47.650000 1.996681 1.816419 -14972.753197 -2992.667366
47.700000 2.001895 1.920232 -14863.719893 -2852.352524
47.750000 2.004927 1.805631 -15044.026063 -3014.464458
47.800000 1.998971 1.762559 -15116.613270 -3122.787566
47.850000 1.995205 1.979922 -14861.832142 -2890.601972
47.900000 2.001439 1.937780 -14940.319106 -2931.686682
47.950000 1.999717 1.859256 -15009.315663 -3011.011807
48.000000 1.998262 1.840230 -14981.434006 -2991.863847
48.050000 2.001373 1.756885 -15056.761277 -3048.520965
48.100000 2.002634 1.786851 -15022.400214 -3006.599000
48.150000 2.001252 1.764609 -15060.259136 -3052.749772
48.200000 1.999701 1.830256 -14964.650114 -2966.444820
48.250000 1.998321 1.835198 -14938.827430 -2948.902596
48.300000 2.006312 1.847191 -14913.890659 -2876.020371
48.350000 1.998807 1.720426 -15066.831038 -3073.989305
48.400000 1.997621 1.840321 -14886.960417 -2901.235207
48.450000 1.999907 1.686632 -15063.676777 -3064.232800
48.500000 1.999542 1.733778 -15010.437350 -3013.187902
48.550000 2.000054 1.752651 -15007.432824 -3007.108269
48.600000 1.997740 1.722817 -15046.124431 -3059.682443
48.650000 2.005764 1.667644 -15097.565792 -3062.980411
48.700000 1.998522 1.623597 -15143.956333 -3152.825676
48.750000 2.000056 1.658518 -15125.314639 -3124.980534
48.800000 2.001535 1.765074 -14997.578034 -2988.369522
48.850000 2.000334 1.773696 -14976.960424 -2974.954913
48.900000 1.998449 1.808878 -14922.115962 -2931.423311
48.950000 2.003201 1.808177 -14902.573626 -2883.369803
49.000000 1.997864 1.702365 -15016.465232 -3029.280164
49.050000 2.000891 1.732770 -14979.129396 -2973.781686
49.100000 2.000674 1.636246 -15122.231919 -3118.189622
49.150000 1.998221 1.710865 -15039.902574 -3050.576350
49.200000 2.001320 1.748420 -15006.956866 -2999.034840
49.250000 2.000157 1.719673 -15016.795437 -3015.852481
49.300000 2.005709 1.680109 -15042.153657 -3007.900181
49.350000 1.998735 1.644384 -15087.600438 -3095.190147
49.400000 1.998059 1.817684 -14900.988757 -2912.636035
49.450000 1.999524 1.913734 -14802.808805 -2805.667207
49.500000 2.004059 1.797182 -14942.702562 -2918.348943
49.550000 2.000978 1.753664 -14961.022316 -2955.155467
49.600000 1.999674 1.710735 -15035.273117 -3037.227734
49.650000 1.999646 1.714797 -15042.062053 -3044.183344
49.700000 1.999608 1.732111 -15034.354989 -3036.709307
49.750000 1.998272 1.788791 -14984.252609 -2994.621710
49.800000 1.996911 1.771154 -15029.762150 -3048.296485
49.850000 1.999981 1.845013 -14943.608837 -2943.723151
49.900000 1.997938 1.683758 -15169.073287 -3181.446891
49.950000 2.002311 1.869472 -14926.494659 -2912.631249
50.000000 2.004242 1.847518 -14962.587940 -2937.134398
50.050000 2.004137 1.704614 -15115.001141 -3090.177954
50.100000 1.995336 1.677749 -15133.331265 -3161.315664
50.150000 1.998658 1.862466 -14913.490482 -2921.543891
50.200000 2.000984 1.836803 -14955.147621 -2949.245788
50.250000 1.999891 1.799910 -14998.576571 -2999.228901
50.300000 1.999745 1.770060 -15010.494247 -3012.024346
50.350000 1.998901 1.684379 -15080.573117 -3087.165478
50.400000 2.000499 1.629191 -15149.300432 -3146.308505
50.450000 1.998744 1.784718 -14956.967319 -2964.505657
50.500000 2.000386 1.772775 -15009.669602 -3007.350673
50.550000 1.996356 1.858351 -14905.688045 -2927.550889
50.600000 2.003631 1.739244 -15024.071363 -3002.285679
50.650000 1.994721 1.645472 -15153.919254 -3185.595569
50.700000 1.999977 1.875201 -14880.521372 -2880.661097
50.750000 2.001620 1.833462 -14929.696662 -2919.978493
50.800000 2.000470 1.779453 -14978.971687 -2976.152292
50.850000 2.001683 1.684431 -15084.352377 -3074.252271
50.900000 1.997017 1.661579 -15105.306520 -3123.206612
50.950000 2.002758 1.676502 -15107.506396 -3090.957192
51.000000 1.995527 1.808911 -14978.012286 -3004.849560
51.050000 2.000324 1.863196 -14946.066802 -2944.124971
51.100000 1.999965 1.885602 -14894.215696 -2894.423163
51.150000 2.004892 1.796765 -14972.568388 -2943.218513
51.200000 1.999260 1.801540 -14946.440670 -2950.877867
51.250000 1.996872 1.709540 -15055.841788 -3074.612558
51.300000 2.001865 1.763279 -14972.546221 -2961.356548
51.350000 1.996559 1.696630 -15063.126251 -3083.769860
51.400000 1.995702 1.763512 -14996.367247 -3022.157946
51.450000 2.001267 1.824240 -14937.690556 -2930.089270
51.500000 2.000068 1.752828 -15042.324005 -3041.916442
51.550000 2.001006 1.783792 -15012.431754 -3006.396962
51.600000 1.999987 1.789752 -14997.467013 -2997.542627
51.650000 1.996230 1.875749 -14874.697645 -2897.316384
51.700000 2.005501 1.850134 -14905.020179 -2872.011215
51.750000 1.998363 1.735808 -15046.617192 -3056.441786
51.800000 1.999994 1.825934 -14926.828776 -2926.866512
51.850000 2.001557 1.735271 -15047.714721 -3038.373088
51.900000 1.998404 1.807389 -14963.301244 -2972.874800
51.950000 1.998035 1.785031 -14983.038304 -2994.827009
52.000000 2.004032 1.796335 -14953.300980 -2929.111134
52.050000 1.998559 1.716462 -15066.796782 -3075.439822
52.100000 1.999362 1.824417 -14942.178780 -2946.007328
52.150000 2.002932 1.814082 -14951.112804 -2933.518831
52.200000 2.001595 1.728669 -15055.225857 -3045.653244
52.250000 1.998524 1.633142 -15164.045002 -3172.900072
52.300000 1.995275 1.708036 -15062.759666 -3091.107485
52.350000 2.002001 1.737952 -15030.540348 -3018.536075
52.400000 1.995194 1.788565 -14970.949120 -2999.783974
52.450000 2.007466 1.801978 -14953.155032 -2908.360764
52.500000 2.000632 1.053485 -12544.085351 -540.293948
52.550000 2.000343 1.073495 -12557.882504 -555.826699
52.600000 2.001657 1.187924 -12406.514453 -396.573520
52.650000 2.002742 1.097653 -12531.833026 -515.380364
52.700000 1.999990 0.978125 -12687.464783 -687.522823
52.750000 1.997746 1.057579 -12577.672944 -591.197002
52.800000 1.998111 1.128700 -12467.896463 -479.228228
52.850000 2.004372 0.972224 -12687.062153 -660.832861
52.900000 1.995973 1.094679 -12477.725678 -501.888333
52.950000 2.004454 1.044094 -12603.484117 -576.758407
53.000000 1.997034 1.114667 -12501.132104 -518.930755
53.050000 1.998840 1.101861 -12538.991978 -545.952594
53.100000 2.004811 1.039152 -12640.477659 -611.611475
53.150000 1.998925 0.990174 -12722.192977 -728.643620
53.200000 1.999008 1.032645 -12653.336386 -659.289239
53.250000 1.996009 1.045784 -12611.484763 -635.429445
53.300000 2.004650 1.033928 -12620.923441 -593.024787
53.350000 2.000961 0.985196 -12717.847091 -712.078468
53.400000 1.998222 1.184208 -12424.955164 -435.622932
53.450000 2.001089 1.075066 -12599.638100 -593.103720
53.500000 1.999454 1.008848 -12716.745137 -720.023616
53.550000 2.000609 1.062976 -12649.495984 -645.844403
53.600000 2.000606 1.129861 -12557.677035 -554.043965
53.650000 2.005624 1.050939 -12651.898006 -618.155670
53.700000 1.995682 1.032653 -12644.294668 -670.204843
53.750000 1.998511 1.087604 -12577.640547 -586.576223
53.800000 2.002039 1.067506 -12607.685206 -595.449016
53.850000 2.001321 0.964212 -12745.277671 -737.353434
53.900000 1.996788 1.040629 -12626.696637 -645.969349
53.950000 1.999304 1.097346 -12574.612613 -578.791498
54.000000 2.001785 1.097951 -12597.431719 -586.720065
54.050000 2.001042 1.096166 -12619.898504 -613.649218
54.100000 1.997353 1.208093 -12447.760940 -463.641536
54.150000 2.000474 1.119584 -12573.551840 -570.709428
54.200000 1.997962 1.065079 -12621.377237 -633.607381
54.250000 2.003340 1.060692 -12603.849753 -583.809110
54.300000 1.997941 1.037401 -12609.799728 -622.155860
54.350000 1.996994 0.985533 -12687.550186 -705.585815
54.400000 2.001967 0.965472 -12725.006697 -713.202498
54.450000 1.994967 0.962789 -12756.032452 -786.230698
54.500000 1.995776 1.155945 -12476.761553 -502.103034
54.550000 1.999334 1.078862 -12593.200368 -597.196276
54.600000 1.998846 1.122743 -12503.828666 -510.752954
54.650000 2.001263 1.037755 -12636.819399 -629.242016
54.700000 1.999860 1.074957 -12586.133626 -586.974658
54.750000 1.997833 1.111209 -12537.502589 -550.503928
54.800000 2.001849 1.014427 -12699.596100 -688.499322
54.850000 2.003114 0.978856 -12765.303212 -746.620247
54.900000 1.994767 1.098209 -12573.516050 -604.913807
54.950000 2.002211 0.967152 -12787.976452 -774.709446
55.000000 1.997477 1.065487 -12641.066332 -656.205649
55.050000 2.001664 1.132497 -12560.646482 -550.659890
55.100000 2.000107 1.106867 -12610.245857 -609.605850
55.150000 1.999802 1.053577 -12708.326510 -709.517025
55.200000 2.004455 1.049618 -12712.493151 -685.763316
55.250000 1.997229 1.013711 -12748.348731 -764.975086
55.300000 1.999183 1.133912 -12550.345296 -555.246160
55.350000 1.997585 1.103998 -12612.483815 -626.973627
55.400000 2.000157 1.136928 -12565.379615 -564.438352
55.450000 1.997173 1.086748 -12628.900013 -645.862002
55.500000 2.001909 1.072844 -12639.126284 -627.675147
55.550000 1.999474 1.130762 -12559.549940 -562.706707
55.600000 2.000423 1.121446 -12571.431912 -568.896875
55.650000 2.000667 1.041291 -12671.625920 -667.625955
55.700000 2.003678 0.989462 -12724.440930 -702.375836
55.750000 1.997403 1.069958 -12573.136306 -588.721232
55.800000 2.004649 1.010052 -12663.646649 -635.751368
55.850000 1.998620 0.977163 -12705.564794 -713.844320
55.900000 1.999723 1.057922 -12609.095164 -610.756118
55.950000 2.000208 1.050964 -12646.147692 -644.896995
56.000000 1.997668 1.092565 -12574.709371 -588.700045
56.050000 2.001811 1.015040 -12700.803233 -689.937477
56.100000 1.998744 1.009293 -12694.628900 -702.163081
56.150000 1.999224 1.030875 -12647.890760 -652.544282
56.200000 1.999197 1.020748 -12660.300281 -665.115294
56.250000 2.002190 1.050643 -12628.406153 -615.263648
56.300000 1.996495 1.093140 -12556.306632 -577.336372
56.350000 2.001095 1.102113 -12535.640168 -529.068065
56.400000 2.001887 1.055050 -12590.270234 -578.947747
56.450000 2.001044 1.026244 -12631.281255 -625.017490
56.500000 2.000229 1.065981 -12594.078816 -592.707808
56.550000 1.999249 1.067707 -12608.558911 -613.066341
56.600000 2.000033 1.066080 -12611.340416 -611.144854
56.650000 1.997302 1.055258 -12643.518655 -659.704274
56.700000 2.003003 1.054694 -12655.113897 -637.097868
56.750000 1.996703 1.211991 -12400.530498 -420.309563
56.800000 2.000037 1.108409 -12568.596935 -568.374930
56.850000 2.003892 1.076321 -12594.593602 -571.243367
56.900000 1.999283 1.104771 -12555.739673 -560.038705
56.950000 2.001701 1.135866 -12549.151752 -538.946071
57.000000 2.003407 1.122258 -12599.020970 -578.578712
57.050000 1.998346 1.119343 -12594.104710 -604.029707
57.100000 2.004121 1.029479 -12704.501143 -679.776037
57.150000 1.995447 1.086168 -12601.799184 -629.115247
57.200000 1.999675 1.150200 -12505.117738 -507.069444
57.250000 2.002964 1.069079 -12593.920529 -576.138539
57.300000 2.002803 1.017988 -12618.476397 -601.657881
57.350000 1.997302 1.022103 -12581.979167 -598.167856
57.400000 2.001475 0.983430 -12646.047299 -637.194301
57.450000 2.001354 1.017123 -12601.720645 -593.596277
57.500000 1.996565 1.043622 -12606.027172 -626.635590
57.550000 2.002506 1.117913 -12540.488883 -525.454568
57.600000 2.000668 1.102862 -12582.193736 -578.183557
57.650000 2.001806 1.042447 -12675.640285 -664.807196
57.700000 1.999008 1.045944 -12673.191771 -679.143495
57.750000 1.997702 1.027330 -12682.661646 -696.447087
57.800000 1.999531 1.017851 -12676.617576 -679.434213
57.850000 1.998759 1.046501 -12603.645119 -611.093688
57.900000 1.998090 0.988055 -12661.274588 -672.735459
57.950000 2.002942 1.012028 -12587.410509 -569.761014
58.000000 2.001421 0.959466 -12669.016368 -660.490069
58.050000 1.997781 1.056427 -12537.463321 -550.775357
58.100000 1.996966 1.074984 -12550.315565 -568.521555
58.150000 2.003390 1.085299 -12564.370405 -544.033024
58.200000 2.003168 1.089477 -12559.917666 -540.909457
58.250000 1.999824 1.115584 -12494.744496 -495.800978
58.300000 2.001856 1.042199 -12597.471293 -586.337625
58.350000 2.000411 1.019040 -12638.713946 -636.250754
58.400000 1.997583 1.072342 -12556.942778 -571.442093
58.450000 2.003860 1.083486 -12538.991884 -515.831592
58.500000 1.999802 1.082512 -12538.543940 -539.732718
58.550000 2.000931 1.152287 -12443.529335 -437.943778
58.600000 2.003233 1.045969 -12631.432421 -612.034567
58.650000 2.002008 0.977191 -12741.805877 -729.759588
58.700000 1.997670 1.038198 -12669.811813 -683.794130
58.750000 1.998267 1.128510 -12567.998651 -578.399066
58.800000 2.002219 1.214791 -12438.867903 -425.553264
58.850000 2.001052 1.099702 -12617.771137 -611.457102
58.900000 1.999754 1.145706 -12528.942692 -530.419457
58.950000 2.003980 1.062265 -12618.357268 -594.476360
59.000000 1.998320 0.992519 -12682.777419 -692.860153
59.050000 1.998323 1.117913 -12481.508054 -491.570948
59.100000 2.000592 1.012252 -12649.110378 -645.556023
59.150000 1.996006 1.029691 -12614.001890 -637.968765
59.200000 1.999716 1.087705 -12530.305778 -532.012527
59.250000 1.997766 1.032477 -12587.737924 -601.143448
59.300000 1.998098 1.093632 -12455.409384 -466.819156
59.350000 2.001038 1.050242 -12518.144564 -511.917952
59.400000 1.999831 1.014830 -12594.063166 -595.078025
59.450000 1.995236 1.095281 -12500.051012 -528.633144
59.500000 2.003120 1.047605 -12588.258773 -569.536020
59.550000 2.000642 0.921346 -12753.083092 -749.233123
59.600000 1.996918 0.968605 -12709.092864 -727.585222
59.650000 1.998890 1.140127 -12502.600502 -509.262041
59.700000 1.999751 1.161726 -12509.067348 -510.560267
59.750000 2.000312 1.100489 -12616.305368 -614.432080
59.800000 1.999537 1.117472 -12580.783657 -583.559971
59.850000 2.000196 1.066220 -12644.960297 -643.787116
59.900000 2.003642 1.050053 -12655.716492 -633.867191
59.950000 1.999839 1.042563 -12672.984622 -673.953236
60.000000 1.998592 0.709134 -10160.183496 1831.370513
60.050000 2.003347 0.767915 -10047.303945 1972.780976
60.100000 2.001054 0.685488 -10168.894289 1837.429719
60.150000 1.999049 0.676321 -10155.839430 1838.453688
60.200000 2.000489 0.681184 -10129.661671 1873.271500
60.250000 1.997543 0.684128 -10111.628526 1873.630753
60.300000 2.002822 0.693474 -10086.000588 1930.934365
60.350000 1.996062 0.673862 -10126.002529 1850.369076
60.400000 2.000711 0.727208 -10045.640971 1958.622667
60.450000 2.003338 0.648483 -10198.738748 1821.292001
60.500000 1.998543 0.692234 -10097.746278 1893.510177
60.550000 1.999833 0.730887 -10032.080868 1966.917467
60.600000 1.999475 0.728259 -10048.113059 1948.738348
60.650000 2.000083 0.685542 -10136.998235 1863.499126
60.700000 1.998625 0.768289 -9976.310146 2015.440005
60.750000 1.999643 0.752574 -10036.072343 1961.783068
60.800000 2.001333 0.755177 -10049.518216 1958.478262
60.850000 2.001779 0.691156 -10160.753922 1849.922758
60.900000 1.998252 0.673495 -10184.754118 1804.756671
60.950000 1.999628 0.716201 -10123.196708 1874.573501
61.000000 1.999988 0.726046 -10114.656620 1885.273080
61.050000 2.003038 0.661675 -10236.352461 1781.874064
61.100000 1.999071 0.720390 -10115.383330 1879.044870
61.150000 1.997064 0.732295 -10113.406090 1868.979446
61.200000 2.003286 0.717802 -10122.083436 1897.635338
61.250000 1.998715 0.655706 -10210.484659 1781.806231
61.300000 2.000035 0.678959 -10184.854813 1815.352974
61.350000 1.998550 0.785965 -9993.587000 1997.713049
61.400000 2.001507 0.781396 -10000.386453 2008.653355
61.450000 2.000508 0.682827 -10184.917032 1818.133309
61.500000 2.000777 0.702274 -10162.358525 1842.305142
61.550000 1.998570 0.747694 -10083.876945 1907.545071
61.600000 1.997612 0.736080 -10106.036904 1879.635690
61.650000 1.996624 0.714499 -10138.763655 1840.982790
61.700000 2.005043 0.751486 -10030.772516 1999.486296
61.750000 2.002704 0.684119 -10111.245283 1904.981446
61.800000 1.999282 0.639338 -10186.427572 1809.262200
61.850000 1.996765 0.736476 -10021.253150 1959.336281
61.900000 2.003053 0.738920 -10048.909293 1969.408008
61.950000 2.001405 0.710757 -10102.170590 1906.257409
62.000000 1.998975 0.727284 -10061.120118 1932.731327
62.050000 2.001803 0.697087 -10111.524062 1899.292775
62.100000 2.000000 0.681992 -10122.325620 1877.672321
62.150000 2.001867 0.693352 -10089.705072 1921.495213
62.200000 1.998804 0.673143 -10121.580176 1871.246694
62.250000 2.001014 0.682950 -10095.178002 1910.903122
62.300000 2.002706 0.671466 -10119.711746 1896.521428
62.350000 1.999461 0.693019 -10079.797080 1916.967753
62.400000 2.002880 0.652317 -10161.429764 1855.847601
62.450000 1.999018 0.645481 -10171.447302 1822.663487
62.500000 1.999253 0.684742 -10122.099503 1873.417042
62.550000 1.999743 0.661387 -10197.333381 1801.126964
62.600000 2.000177 0.715939 -10105.879083 1895.182774
62.650000 1.999953 0.681681 -10179.690173 1820.027530
62.700000 1.998795 0.699956 -10148.342430 1844.429831
62.750000 2.000972 0.708152 -10147.822561 1858.007136
62.800000 2.000719 0.733081 -10091.371731 1912.940860
62.850000 1.999461 0.678388 -10183.579257 1813.185116
62.900000 1.996209 0.690648 -10167.535248 1809.719537
62.950000 2.003073 0.750067 -10054.810666 1963.626803
63.000000 1.998471 0.702683 -10130.350221 1860.478124
63.050000 2.002265 0.668816 -10188.425428 1825.166149
63.100000 2.000124 0.665702 -10190.752152 1809.991551
63.150000 1.996299 0.726332 -10077.106649 1900.685180
63.200000 1.999808 0.712263 -10122.887638 1875.961385
63.250000 2.002959 0.706489 -10135.139288 1882.615812
63.300000 1.996601 0.706689 -10125.735122 1853.870410
63.350000 2.001809 0.733602 -10105.398790 1905.455041
63.400000 2.003329 0.788053 -10022.831719 1997.141124
63.450000 2.001117 0.698023 -10196.312783 1810.391502
63.500000 1.999242 0.761043 -10064.467853 1930.985740
63.550000 2.002588 0.740279 -10109.807472 1905.722927
63.600000 1.999968 0.749654 -10077.490284 1922.318396
63.650000 2.001770 0.731224 -10089.421012 1921.197539
63.700000 1.998252 0.651600 -10211.898302 1777.611318
63.750000 2.002303 0.658900 -10192.465859 1821.353117
63.800000 2.001183 0.642895 -10246.854445 1760.242369
63.850000 1.999842 0.683460 -10195.767196 1803.283329
63.900000 2.000710 0.682429 -10220.161609 1784.099116
63.950000 2.000403 0.713210 -10167.340768 1835.076574
64.000000 2.000862 0.712609 -10165.055275 1840.116929
64.050000 1.997917 0.708385 -10180.735129 1806.769705
64.100000 1.998124 0.761717 -10087.379538 1901.364284
64.150000 1.998870 0.715598 -10174.429292 1818.790320
64.200000 2.004115 0.685808 -10217.849249 1806.840340
64.250000 1.997096 0.726892 -10129.418944 1853.154468
64.300000 2.000396 0.723835 -10139.489705 1862.884187
64.350000 2.003046 0.684980 -10198.935783 1819.338530
64.400000 1.999733 0.757022 -10045.175727 1953.219915
64.450000 1.998303 0.722207 -10118.357951 1871.462454
64.500000 1.997100 0.732312 -10101.296436 1881.306389
64.550000 2.002078 0.708084 -10142.965532 1869.505398
64.600000 2.000773 0.650821 -10241.202498 1763.436986
64.650000 1.999014 0.715024 -10122.797203 1871.287720
64.700000 2.001492 0.688104 -10199.197204 1809.755399
64.750000 1.999611 0.687630 -10215.341451 1782.327068
64.800000 1.997050 0.770592 -10061.560106 1920.741935
64.850000 2.003268 0.709197 -10172.233765 1847.376808
64.900000 1.997239 0.671310 -10246.655323 1736.777541
64.950000 2.002255 0.733047 -10137.450082 1876.081365
65.000000 2.001394 0.708609 -10172.240856 1836.122782
65.050000 2.001494 0.674532 -10240.848176 1768.115853
65.100000 2.000701 0.708447 -10174.579876 1829.624446
65.150000 1.999616 0.647599 -10295.978948 1701.716277
65.200000 1.997960 0.665578 -10244.347794 1743.409243
65.250000 1.996868 0.695412 -10189.306125 1791.904204
65.300000 2.002422 0.671592 -10241.218817 1773.313882
65.350000 1.998456 0.689127 -10200.638487 1790.098582
65.400000 2.003423 0.656781 -10270.159212 1750.379375
65.450000 1.997164 0.687765 -10217.452462 1765.528661
65.500000 1.996815 0.719770 -10166.795908 1814.094816
65.550000 2.002428 0.681501 -10232.538830 1782.027991
65.600000 1.999416 0.694394 -10206.269862 1790.227234
65.650000 1.997481 0.738224 -10139.881925 1845.006215
65.700000 2.003265 0.685490 -10258.657003 1760.935116
65.750000 1.997186 0.725039 -10184.318459 1798.796634
65.800000 2.002789 0.738042 -10169.087793 1847.648504
65.850000 1.999042 0.750324 -10128.879567 1865.371139
65.900000 1.998675 0.676027 -10276.300499 1715.751758
65.950000 1.996390 0.734537 -10159.596658 1818.741881
66.000000 2.001856 0.729888 -10171.661270 1839.475655
66.050000 1.996026 0.718359 -10188.634152 1787.522971
66.100000 1.999990 0.736960 -10152.008693 1847.934025
66.150000 2.003263 0.709401 -10185.380728 1834.198320
66.200000 2.000440 0.698696 -10192.259915 1810.377950
66.250000 1.997924 0.680522 -10229.031774 1758.514594
66.300000 1.999909 0.711109 -10174.906409 1824.548183
66.350000 1.997944 0.731934 -10142.992484 1844.671383
66.400000 1.999614 0.772124 -10053.705959 1943.980600
66.450000 1.999942 0.652937 -10242.543727 1757.108762
66.500000 2.001055 0.651528 -10222.979286 1783.347779
66.550000 1.999764 0.696634 -10157.985734 1840.596202
66.600000 1.998593 0.708214 -10176.959138 1814.601652
66.650000 2.001745 0.742942 -10120.526663 1889.944319
66.700000 2.001336 0.720016 -10143.195436 1864.819385
66.750000 1.995992 0.669148 -10240.471165 1735.479108
66.800000 2.003456 0.726034 -10124.466041 1896.268156
66.850000 1.999125 0.668689 -10216.322949 1778.429906
66.900000 1.998596 0.727368 -10115.042430 1876.532415
66.950000 2.001163 0.736380 -10112.377206 1894.603730
67.000000 2.001751 0.711274 -10152.027019 1858.476602
67.050000 2.003632 0.637829 -10270.147289 1751.645189
67.100000 1.997878 0.673294 -10186.047542 1801.222250
67.150000 2.002913 0.684665 -10184.021890 1833.455738
67.200000 1.998247 0.719893 -10137.815468 1851.664932
67.250000 1.998976 0.743158 -10096.293128 1897.563895
67.300000 2.002140 0.634227 -10285.421125 1727.419628
67.350000 2.001359 0.651993 -10227.352634 1780.804282
67.400000 2.003195 0.694918 -10151.038462 1868.134341
67.450000 1.996144 0.718280 -10130.784336 1846.078015
