# t Temp Pres Epot Etot
0.000000 1.992125 30.532138 -1328.407295 -563.431137
0.050000 2.013622 28.729516 -1412.274794 -639.043871
0.100000 1.958560 28.631153 -1415.306289 -663.219146
0.150000 2.009291 28.042251 -1444.698530 -673.130792
0.200000 2.019522 28.285927 -1430.698495 -655.201955
0.250000 1.980569 28.345522 -1426.200773 -665.662369
0.300000 2.027857 29.464549 -1380.107623 -601.410643
0.350000 1.957564 28.910831 -1398.817836 -647.113284
0.400000 2.013789 29.677423 -1369.935965 -596.641158
0.450000 1.977747 28.586231 -1416.129613 -656.674625
0.500000 2.017565 28.275522 -1431.469094 -656.724175
0.550000 1.957212 28.337964 -1425.684056 -674.114591
0.600000 1.997455 29.918169 -1359.462031 -592.439500
0.650000 2.034256 28.338420 -1427.958259 -646.803764
0.700000 1.991754 28.554089 -1420.058637 -655.225185
0.750000 2.005547 27.813419 -1451.706148 -681.576278
0.800000 1.956278 28.905333 -1401.200842 -649.990042
0.850000 1.999196 30.341290 -1338.596746 -570.905329
0.900000 1.988425 30.583679 -1330.416863 -566.861617
0.950000 2.005529 28.607608 -1417.799218 -647.675898
1.000000 1.958144 28.567762 -1414.036357 -662.109211
1.050000 2.010670 28.136161 -1437.645523 -665.548250
1.100000 1.979800 29.551294 -1371.697959 -611.454888
1.150000 2.004218 28.987396 -1398.884584 -629.264703
1.200000 1.977062 28.605534 -1414.569630 -655.378007
1.250000 1.991057 28.848545 -1402.432518 -637.866551
1.300000 2.009331 29.975164 -1355.826907 -584.243687
1.350000 2.035207 28.227173 -1434.634405 -653.114916
1.400000 1.992424 27.928151 -1443.183409 -678.092413
1.450000 2.017276 29.837068 -1361.275831 -586.641932
1.500000 1.992007 29.306123 -1382.790596 -617.859718
1.550000 1.985844 28.845802 -1408.888000 -646.324086
1.600000 2.021957 28.628879 -1417.909073 -641.477543
1.650000 1.974056 28.145047 -1435.693839 -677.656480
1.700000 2.007215 28.477251 -1421.860721 -651.090023
1.750000 2.009646 28.780446 -1412.803427 -641.099443
1.800000 1.983587 28.390718 -1425.611743 -663.914169
1.850000 2.002375 28.497786 -1422.551694 -653.639709
1.900000 2.036019 28.318053 -1430.919160 -649.087960
1.950000 1.994314 28.947962 -1402.884321 -637.067891
2.000000 1.999551 29.063902 -1394.252112 -626.424705
2.050000 1.985397 29.951085 -1355.332759 -592.940128
2.100000 1.978499 28.031929 -1443.009241 -683.265442
2.150000 2.022289 28.596394 -1418.137968 -641.579130
2.200000 1.968262 29.089160 -1393.630741 -637.818113
2.250000 1.998669 30.074140 -1349.141383 -581.652443
2.300000 2.017403 29.106483 -1396.349065 -621.666466
2.350000 1.997045 27.972057 -1446.440949 -679.575765
2.400000 2.011739 28.318158 -1433.335501 -660.827830
2.450000 2.020726 28.858576 -1407.588080 -631.629222
2.500000 1.998001 28.263856 -1432.820473 -665.588248
2.550000 1.984756 28.883432 -1399.813916 -637.667633
2.600000 2.000451 28.947030 -1402.420318 -634.247114
2.650000 1.999702 29.161376 -1393.535050 -625.649446
2.700000 1.986056 29.762265 -1363.954284 -601.308930
2.750000 1.998200 29.921523 -1358.140484 -590.831627
2.800000 2.022312 28.520697 -1424.043131 -647.475493
2.850000 1.969029 28.116461 -1439.102567 -682.995621
2.900000 1.984261 28.572188 -1418.826158 -656.869959
2.950000 1.998097 29.486937 -1380.019080 -612.749675
3.000000 2.049714 28.521441 -1423.507547 -636.417272
3.050000 1.989483 28.136073 -1438.492241 -674.530932
3.100000 1.999149 30.135839 -1350.927942 -583.254788
3.150000 1.997737 29.412883 -1381.154189 -614.023140
3.200000 2.017687 28.539722 -1421.550191 -646.758558
3.250000 2.011495 28.839667 -1405.763312 -633.349361
3.300000 2.026994 28.506813 -1424.547389 -646.181537
3.350000 1.986081 27.837523 -1449.517837 -686.862824
3.400000 1.975307 28.543864 -1419.043057 -660.525011
3.450000 1.993584 29.349603 -1386.360740 -620.824550
3.500000 1.992530 29.424292 -1381.150266 -616.018894
3.550000 2.042209 28.490637 -1428.134788 -643.926650
3.600000 1.985820 28.789223 -1406.804477 -644.249764
3.650000 1.989394 28.505664 -1420.611450 -656.684030
3.700000 2.033781 27.784241 -1458.141638 -677.169898
3.750000 1.985146 28.545741 -1418.332139 -656.036051
3.800000 2.045571 30.321093 -1341.794739 -556.295598
3.850000 1.991961 29.338772 -1382.608414 -617.695374
3.900000 2.016303 28.502660 -1422.751963 -648.491444
3.950000 1.998747 28.764596 -1409.887303 -642.368459
4.000000 1.998653 27.177804 -1479.581682 -712.098892
4.050000 1.960053 30.126425 -1343.372263 -590.711734
4.100000 2.034589 29.196745 -1392.367183 -611.084952
4.150000 2.003914 30.160153 -1348.903763 -579.400632
4.200000 2.023142 28.789551 -1412.512130 -635.625783
4.250000 2.025323 27.773159 -1457.363081 -679.638887
4.300000 1.958379 29.129057 -1386.048336 -634.030654
4.350000 2.000990 29.725863 -1367.515918 -599.135696
4.400000 2.017817 29.528157 -1374.681299 -599.839721
4.450000 1.997260 29.803282 -1361.517041 -594.569188
4.500000 2.005410 28.876065 -1406.751984 -636.674734
4.550000 2.040271 27.791741 -1453.681160 -670.217213
4.600000 1.981910 28.465198 -1422.054891 -661.001536
4.650000 2.017711 30.094224 -1351.281607 -576.480486
4.700000 2.002765 27.779503 -1453.189228 -684.127360
4.750000 1.999940 28.857206 -1409.055570 -641.078600
4.800000 1.995904 29.309058 -1386.969339 -620.542242
4.850000 1.964801 28.587022 -1415.023026 -660.539419
4.900000 1.986575 28.435284 -1424.532087 -661.687440
4.950000 1.972404 28.436795 -1426.110464 -668.707383
5.000000 2.027927 28.259866 -1435.067626 -656.343550
5.050000 1.993130 28.822457 -1408.776510 -643.414743
5.100000 2.019992 28.017982 -1445.676844 -669.999945
5.150000 1.992834 28.585337 -1414.296754 -649.048669
5.200000 2.014675 29.295828 -1387.386203 -613.751043
5.250000 2.001392 28.840310 -1404.863221 -636.328624
5.300000 1.974452 29.451984 -1376.215071 -618.025644
5.350000 1.997664 28.101392 -1439.645704 -672.542578
5.400000 1.976987 28.343230 -1427.541282 -668.378304
5.450000 2.020482 28.691734 -1414.507372 -638.642264
5.500000 1.970826 29.370110 -1381.270557 -624.473417
5.550000 2.032661 29.548867 -1377.886612 -597.344646
5.600000 1.974593 29.133641 -1390.671217 -632.427332
5.650000 2.008240 29.454250 -1383.085179 -611.921025
5.700000 1.989247 28.079023 -1439.788197 -675.917536
5.750000 2.011434 29.334931 -1384.709960 -612.319220
5.800000 1.977046 29.236040 -1389.012041 -629.826270
5.850000 2.029049 27.436077 -1471.283949 -692.128994
5.900000 1.957034 28.752085 -1409.286181 -657.784991
5.950000 1.986024 28.870723 -1402.768982 -640.135694
6.000000 2.000921 29.996167 -1353.077321 -584.723810
6.050000 2.026439 28.316105 -1432.489638 -654.336943
6.100000 1.990877 27.553051 -1462.807640 -698.311005
6.150000 1.968390 29.570643 -1372.512567 -616.650984
6.200000 2.004169 29.306297 -1387.151435 -617.550651
6.250000 1.982666 30.168612 -1346.426090 -585.082303
6.300000 2.007782 29.095621 -1397.467930 -626.479793
6.350000 2.017937 29.345609 -1385.352929 -610.465092
6.400000 2.011170 27.813145 -1453.762481 -681.473277
6.450000 2.030086 27.353795 -1475.020690 -695.467503
6.500000 1.970293 29.215995 -1388.680169 -632.087471
6.550000 1.969489 30.113901 -1349.981784 -593.698199
6.600000 2.005851 28.799136 -1412.375024 -642.128261
6.650000 2.020027 28.820884 -1406.810506 -631.120193
6.700000 1.967376 28.116253 -1436.972733 -681.500390
6.750000 1.998402 29.243591 -1388.412263 -621.025926
6.800000 2.001783 29.450121 -1377.829443 -609.144658
6.850000 1.996275 28.061960 -1442.185055 -675.615290
6.900000 2.004384 27.940624 -1446.176303 -676.492815
6.950000 1.985530 29.126280 -1394.182946 -631.739267
7.000000 1.993557 28.537746 -1420.479449 -654.953491
7.050000 1.975144 29.778576 -1360.912599 -602.457192
7.100000 2.030660 29.564467 -1374.988370 -595.214755
7.150000 2.000231 28.800356 -1407.316733 -639.227984
7.200000 1.976915 28.716039 -1411.340984 -652.205524
7.250000 2.053223 28.415892 -1429.036896 -640.599209
7.300000 1.974216 29.173136 -1388.373142 -630.274335
7.350000 2.029844 27.791715 -1453.155551 -673.695368
7.400000 1.998750 28.165425 -1437.024122 -669.503959
7.450000 1.994694 29.940273 -1355.139008 -589.176516
7.500000 2.000792 18.165018 -1497.143271 -728.839222
7.550000 1.980373 18.079270 -1502.569895 -742.106544
7.600000 1.992201 18.163907 -1500.433302 -735.428082
7.650000 1.991381 18.503583 -1478.620750 -713.930378
7.700000 1.984516 17.119027 -1547.592474 -785.538320
7.750000 2.008446 17.764662 -1516.742049 -745.498971
7.800000 2.019015 17.578042 -1529.122567 -753.820881
7.850000 1.999627 18.182298 -1501.593472 -733.736587
7.900000 1.962318 17.468279 -1530.848051 -777.318117
7.950000 2.022507 19.065850 -1453.413358 -676.770758
8.000000 1.992243 17.102759 -1550.098307 -785.076912
8.050000 2.008895 16.431831 -1583.855110 -812.439418
8.100000 2.009163 16.690576 -1567.114951 -795.596303
8.150000 1.976714 17.726157 -1514.235747 -755.177422
8.200000 1.988534 17.427449 -1533.714752 -770.117755
8.250000 2.010668 19.283926 -1442.968082 -670.871686
8.300000 2.015771 17.473548 -1531.154965 -757.098761
8.350000 1.960879 18.808686 -1464.038904 -711.061188
8.400000 2.027078 18.231404 -1495.822136 -717.424053
8.450000 2.006267 18.995335 -1461.676458 -691.269749
8.500000 2.014519 17.925498 -1515.417497 -741.842036
8.550000 2.008683 17.097747 -1547.063573 -775.729461
8.600000 1.994747 17.285054 -1535.974463 -769.991786
8.650000 1.995742 17.982690 -1506.926617 -740.561730
8.700000 1.986947 18.061644 -1504.849594 -741.861847
8.750000 2.006807 17.620818 -1524.807350 -754.193349
8.800000 1.998131 19.091941 -1450.400316 -683.117920
8.850000 2.016535 17.059020 -1553.389092 -779.039541
8.900000 2.008528 18.348089 -1488.628827 -717.354251
8.950000 1.987380 17.856307 -1510.406393 -747.252440
9.000000 2.056506 17.475182 -1533.499841 -743.801608
9.050000 1.993935 16.621378 -1572.090991 -806.419977
9.100000 1.985187 17.799539 -1513.720494 -751.408588
9.150000 2.024753 18.316671 -1489.591299 -712.085989
9.200000 2.000048 16.351692 -1585.738003 -817.719473
9.250000 1.988749 17.897475 -1507.976643 -744.297054
9.300000 2.003768 18.343938 -1487.089915 -717.642925
9.350000 1.978574 17.929181 -1509.222221 -749.449903
9.400000 1.990196 18.321715 -1493.301470 -729.066105
9.450000 2.029979 17.545418 -1530.355793 -750.843710
9.500000 1.965349 17.241194 -1539.927547 -785.233717
9.550000 2.015559 17.252517 -1544.242958 -770.268331
9.600000 1.977639 17.814652 -1510.819486 -751.406182
9.650000 1.995339 18.772294 -1465.201793 -698.991540
9.700000 2.008166 17.309508 -1536.795076 -765.659368
9.750000 2.000783 17.032057 -1552.369770 -784.068971
9.800000 1.999765 17.654453 -1520.864306 -752.954432
9.850000 2.025061 17.696479 -1523.954212 -746.330813
9.900000 1.987142 18.630918 -1478.146902 -715.084193
9.950000 2.012366 18.100544 -1505.178577 -732.429992
10.000000 1.983757 17.682013 -1520.228489 -758.465630
10.050000 1.994842 18.756506 -1466.944479 -700.925116
10.100000 2.020442 17.257546 -1539.872226 -764.022403
10.150000 1.980956 17.067526 -1550.900914 -790.213680
10.200000 2.000403 17.971380 -1505.498574 -737.343765
10.250000 1.974360 17.506370 -1528.855425 -770.701171
10.300000 2.002564 18.174244 -1497.175031 -728.190611
10.350000 2.012500 17.483519 -1533.121831 -760.321846
10.400000 2.000073 19.015862 -1459.707065 -691.678842
10.450000 1.990538 19.624720 -1431.511586 -667.144904
10.500000 2.016014 17.108815 -1555.006518 -780.857174
10.550000 2.016428 18.713007 -1476.420432 -702.111980
10.600000 2.020709 17.254283 -1541.588517 -765.636355
10.650000 2.013406 17.674153 -1524.310047 -751.162145
10.700000 2.038085 17.086158 -1552.175854 -769.551240
10.750000 1.993428 16.091048 -1595.436521 -829.960080
10.800000 1.953053 18.614880 -1477.218383 -727.246042
10.850000 2.054079 18.985444 -1464.796942 -676.030610
10.900000 2.034905 16.944827 -1557.726082 -776.322422
10.950000 1.977985 17.567693 -1522.664840 -763.118539
11.000000 2.033430 17.241352 -1544.074831 -763.237881
11.050000 1.998472 17.504420 -1528.826679 -761.413402
11.100000 2.017962 17.573797 -1526.390009 -751.492513
11.150000 1.994063 17.220547 -1540.389676 -774.669666
11.200000 2.021566 18.288870 -1491.407680 -715.126471
11.250000 1.991356 17.399302 -1531.167586 -766.486696
11.300000 1.992138 17.194210 -1542.570801 -777.589751
11.350000 1.986601 17.695020 -1520.677400 -757.822655
11.400000 2.005461 18.553561 -1485.989144 -715.891985
11.450000 2.014470 18.549162 -1481.005266 -707.448893
11.500000 2.026925 17.956468 -1506.862636 -728.523330
11.550000 1.969918 18.046473 -1498.505992 -742.057667
11.600000 2.003167 17.742605 -1517.874228 -748.657911
11.650000 1.977428 18.520486 -1477.888329 -718.556031
11.700000 1.996033 17.645453 -1521.343259 -754.866718
11.750000 2.022180 18.746461 -1475.214889 -698.697777
11.800000 2.027701 17.814925 -1516.716230 -738.079189
11.850000 1.987616 15.984970 -1604.150993 -840.906541
11.900000 1.987536 17.199996 -1546.969295 -783.755600
11.950000 1.943954 19.715029 -1424.517725 -678.039475
12.000000 2.013671 19.953552 -1411.480913 -638.231291
12.050000 2.021415 16.895039 -1560.250355 -784.027109
12.100000 1.977929 17.502544 -1529.169007 -769.644245
12.150000 2.005169 18.186768 -1499.685461 -729.700496
12.200000 2.031659 16.329918 -1586.730570 -806.573517
12.250000 1.959757 17.336647 -1533.169514 -780.622828
12.300000 1.987404 18.564680 -1482.347828 -719.184606
12.350000 2.012989 18.442006 -1484.022433 -711.034706
12.400000 2.006370 16.602372 -1571.815357 -801.369313
12.450000 2.002312 17.705451 -1520.842353 -751.954354
12.500000 1.990981 18.062047 -1508.796853 -744.260323
12.550000 2.042207 16.942291 -1560.527810 -776.320512
12.600000 1.948442 16.996598 -1549.855810 -801.654174
12.650000 2.008871 17.474935 -1530.946474 -759.539901
12.700000 1.947807 18.546240 -1476.874623 -728.916912
12.750000 2.005695 17.601983 -1527.797528 -757.610615
12.800000 1.999287 18.706582 -1472.820083 -705.093706
12.850000 2.051208 17.698473 -1523.434596 -735.770706
12.900000 2.000688 16.597968 -1574.367304 -806.103296
12.950000 2.002213 17.757642 -1516.470310 -747.620592
13.000000 1.981175 17.498374 -1532.737029 -771.965885
13.050000 2.013181 16.884334 -1561.860706 -788.799176
13.100000 2.013796 17.250195 -1543.963936 -770.666224
13.150000 1.964263 17.817486 -1511.400943 -757.123808
13.200000 2.026983 18.008129 -1502.271303 -723.910016
13.250000 1.939720 18.292479 -1485.730013 -740.877564
13.300000 2.039931 17.508769 -1533.145972 -749.812316
13.350000 2.022378 17.216825 -1542.292244 -765.699164
13.400000 2.039079 17.295076 -1542.083593 -759.077311
13.450000 1.979290 17.636770 -1524.305149 -764.257848
13.500000 2.024813 16.998759 -1554.678947 -777.150836
13.550000 1.971332 17.987880 -1501.850659 -744.859350
13.600000 1.997801 18.378005 -1490.583164 -723.427681
13.650000 2.005448 17.396421 -1534.892108 -764.800071
13.700000 1.985865 18.818291 -1461.907022 -699.334916
13.750000 2.049129 17.499756 -1532.675917 -745.810420
13.800000 1.973521 17.704706 -1518.810974 -760.978775
13.850000 1.980544 18.103755 -1499.495935 -738.966876
13.900000 1.987871 17.592697 -1526.593836 -763.251246
13.950000 2.000447 18.789894 -1472.705252 -704.533578
14.000000 1.980953 17.988133 -1510.100585 -749.414533
14.050000 2.027810 19.267339 -1448.985828 -670.306843
14.100000 1.968673 17.569375 -1520.703705 -764.733402
14.150000 2.001895 18.373015 -1485.720348 -716.992704
14.200000 2.034528 17.209982 -1543.242508 -761.983802
14.250000 1.980090 17.236785 -1537.252328 -776.897593
14.300000 1.988427 18.617194 -1472.233080 -708.677008
14.350000 2.004960 17.734529 -1514.685937 -744.781483
14.400000 2.011991 18.091737 -1497.850334 -725.245957
14.450000 1.976605 18.197454 -1492.529962 -733.513505
14.500000 2.035092 16.955720 -1553.607440 -772.132225
14.550000 2.001587 16.731333 -1563.368660 -794.759331
14.600000 2.008830 17.104866 -1543.185207 -771.794337
14.650000 1.942975 17.982864 -1499.343193 -753.240928
14.700000 2.009128 18.781199 -1466.685671 -695.180683
14.750000 2.000619 17.794392 -1512.521353 -744.283564
14.800000 1.989500 18.244386 -1492.908102 -728.940220
14.850000 2.000195 17.693807 -1520.771818 -752.696759
14.900000 1.999704 17.267189 -1536.063423 -768.176932
14.950000 2.004357 16.253223 -1585.896673 -816.223402
15.000000 1.989714 10.477148 -1519.413854 -755.363682
15.050000 1.989755 11.280604 -1483.206281 -719.140254
15.100000 1.982271 12.097011 -1445.989202 -684.797140
15.150000 2.004520 11.121399 -1495.606305 -725.870671
15.200000 1.979436 11.433786 -1475.668382 -715.565131
15.250000 1.982273 11.645420 -1467.389144 -706.196268
15.300000 2.003544 11.314469 -1482.723412 -713.362539
15.350000 1.983995 12.860620 -1401.289901 -639.435941
15.400000 2.012821 12.292471 -1431.897864 -658.974411
15.450000 2.008576 12.819974 -1405.912908 -634.619659
15.500000 1.997227 11.530273 -1470.479592 -703.544526
15.550000 2.021344 11.331840 -1479.909983 -703.713945
15.600000 1.981130 10.962652 -1496.951880 -736.197959
15.650000 2.011861 12.853909 -1403.911209 -631.356550
15.700000 1.997497 11.529542 -1475.046974 -708.008114
15.750000 1.993453 12.291782 -1433.111915 -667.626020
15.800000 2.003757 10.491055 -1524.949992 -755.507331
15.850000 1.995136 11.575083 -1465.111318 -698.979245
15.900000 1.998439 11.518533 -1466.407628 -699.006957
15.950000 1.981397 12.044416 -1440.224922 -679.368515
16.000000 2.023807 12.683310 -1412.700270 -635.558195
16.050000 1.980797 11.726357 -1461.110079 -700.484073
16.100000 2.034048 11.496813 -1475.753285 -694.678941
16.150000 1.958470 11.076492 -1489.975169 -737.922752
16.200000 1.989642 11.361462 -1479.034513 -715.011854
16.250000 1.995829 11.109808 -1490.767869 -724.369574
16.300000 1.997352 11.554712 -1472.908081 -705.925046
16.350000 1.964522 11.948390 -1451.628197 -697.251736
16.400000 1.989790 12.518586 -1423.694229 -659.614938
16.450000 2.015562 11.704333 -1463.420739 -689.445055
16.500000 1.997860 10.820836 -1511.766259 -744.588077
16.550000 2.010533 11.228781 -1485.781098 -713.736521
16.600000 1.995593 10.733624 -1508.196531 -741.888785
16.650000 1.977571 11.457093 -1472.660367 -713.273284
16.700000 2.023628 11.638532 -1464.779540 -687.706534
16.750000 2.018506 10.572215 -1518.875248 -743.768821
16.800000 1.977493 11.975382 -1444.269894 -684.912530
16.850000 2.013801 12.040086 -1446.856252 -673.556852
16.900000 1.981245 11.957079 -1448.549252 -687.751200
16.950000 1.990800 12.419056 -1426.403696 -661.936666
17.000000 1.982398 12.507134 -1421.320136 -660.079251
17.050000 2.001142 12.478678 -1419.045653 -650.607264
17.100000 2.002239 12.323501 -1428.133748 -659.274127
17.150000 1.984177 12.184036 -1436.452732 -674.528803
17.200000 2.006736 12.324032 -1426.497517 -655.911019
17.250000 1.979983 11.730457 -1457.291818 -696.978184
17.300000 1.993313 12.874232 -1398.448409 -633.016392
17.350000 2.030597 13.271655 -1384.467829 -604.718432
17.400000 1.964984 13.940205 -1344.140522 -589.586624
17.450000 2.009548 13.105772 -1391.389171 -619.722796
17.500000 1.963676 13.793416 -1352.927128 -598.875638
17.550000 1.983085 13.694060 -1371.034688 -609.530048
17.600000 2.007842 14.358009 -1334.770371 -563.758960
17.650000 2.005187 12.957878 -1403.111596 -633.119666
17.700000 1.999350 13.571472 -1370.791402 -603.041072
17.750000 2.001627 13.372260 -1381.961590 -613.336942
17.800000 1.997917 13.191676 -1390.335078 -623.134912
17.850000 1.992091 13.068605 -1398.460540 -633.497421
17.900000 1.988979 12.354721 -1435.631693 -671.863677
17.950000 1.996816 13.742517 -1361.078901 -594.301374
18.000000 1.992513 11.833431 -1457.956584 -692.831594
18.050000 2.002651 12.327664 -1430.851387 -661.833220
18.100000 1.984856 13.427370 -1376.937121 -614.752324
18.150000 2.007497 13.245042 -1384.348436 -613.469657
18.200000 2.014037 11.693649 -1464.082242 -690.692032
18.250000 1.981712 12.670622 -1416.860480 -655.883165
18.300000 2.019260 12.478797 -1428.513109 -653.117438
18.350000 1.990901 12.809635 -1406.829451 -642.323516
18.400000 1.991130 12.980518 -1398.280208 -633.686414
18.450000 1.965588 11.841984 -1457.532296 -702.746610
18.500000 2.025457 13.396396 -1380.140670 -602.365141
18.550000 1.992828 11.347834 -1482.441781 -717.195862
18.600000 1.996507 12.247578 -1434.253080 -667.594464
18.650000 2.001539 12.001384 -1448.147064 -679.556162
18.700000 1.988747 12.396366 -1433.183653 -669.504970
18.750000 2.020548 13.554570 -1379.044615 -603.154331
18.800000 1.976570 14.198196 -1346.870513 -587.867542
18.850000 2.018337 13.965742 -1358.073586 -583.032355
18.900000 2.032053 14.079897 -1346.422324 -566.113816
18.950000 2.018292 13.695028 -1364.360668 -589.336718
19.000000 1.986456 14.171159 -1341.602363 -578.803129
19.050000 2.023575 15.657435 -1267.241366 -490.188610
19.100000 1.986195 14.484995 -1323.092863 -560.394045
19.150000 1.997665 13.363942 -1378.746650 -611.643471
19.200000 1.958396 12.884881 -1405.915300 -653.891282
19.250000 1.979070 14.297944 -1337.464645 -577.501869
19.300000 2.018410 13.630264 -1372.608339 -597.538980
19.350000 1.987598 14.456141 -1324.612839 -561.375269
19.400000 1.980660 14.572330 -1323.224607 -562.651316
19.450000 2.051718 14.441767 -1336.569743 -548.709960
19.500000 1.997242 14.923253 -1300.822442 -533.881479
19.550000 1.979118 14.515796 -1323.329402 -563.348214
19.600000 2.007198 15.135647 -1298.273571 -527.509547
19.650000 2.032897 16.505029 -1222.475636 -441.843124
19.700000 1.958824 15.855918 -1245.935541 -493.747105
19.750000 1.992143 14.642416 -1318.195074 -553.212017
19.800000 2.009350 14.069179 -1350.005495 -578.415154
19.850000 2.003245 14.734728 -1311.996854 -542.750866
19.900000 1.985215 14.208966 -1337.918676 -575.596167
19.950000 2.026041 14.351292 -1333.410282 -555.410435
20.000000 2.010339 13.638674 -1370.639512 -598.669217
20.050000 2.026528 14.354465 -1335.199482 -557.012854
20.100000 2.000935 13.967749 -1355.925103 -587.566111
20.150000 1.981794 14.796143 -1313.712979 -552.703944
20.200000 2.020288 14.930153 -1306.918708 -531.128023
20.250000 1.992846 14.577339 -1316.244674 -550.991790
20.300000 1.974305 15.086765 -1302.325351 -544.192227
20.350000 2.050434 15.581992 -1276.281811 -488.915134
20.400000 2.019649 14.217850 -1344.558092 -569.012952
20.450000 1.960745 14.049233 -1350.797609 -597.871701
20.500000 2.017374 14.693788 -1318.018786 -543.347309
20.550000 1.996682 13.534663 -1377.126402 -610.400622
20.600000 1.980707 15.099191 -1294.228095 -533.636545
20.650000 2.012741 14.618372 -1326.239490 -553.347026
20.700000 2.015320 15.176771 -1291.081939 -517.199162
20.750000 1.987879 15.729725 -1260.477312 -497.131934
20.800000 1.969747 14.595579 -1322.617862 -566.235029
20.850000 1.982415 15.277202 -1285.330743 -524.083216
20.900000 1.989045 16.111174 -1245.416950 -481.623569
20.950000 2.010840 15.962077 -1255.104102 -482.941499
21.000000 1.998383 14.995675 -1304.445572 -537.066440
21.050000 1.951300 16.804573 -1201.575460 -452.276178
21.100000 2.020881 15.383698 -1283.945304 -507.927160
21.150000 2.002794 15.309293 -1282.879961 -513.806937
21.200000 1.969082 15.701036 -1271.277949 -515.150271
21.250000 1.991809 15.976808 -1260.228214 -495.373689
21.300000 1.975614 15.633300 -1269.374099 -510.738407
21.350000 2.030096 15.037390 -1302.766871 -523.210166
21.400000 2.015058 15.305470 -1290.190537 -516.408111
21.450000 1.992234 14.937348 -1307.167805 -542.150023
21.500000 1.983123 14.129391 -1345.070037 -583.550680
21.550000 1.979482 15.745260 -1268.581456 -508.460336
21.600000 2.022009 15.714709 -1275.397497 -498.945971
21.650000 1.981649 14.969206 -1301.945639 -540.992549
21.700000 2.030508 14.947410 -1299.807686 -520.092803
21.750000 1.991691 14.739145 -1308.402702 -543.593465
21.800000 1.997283 14.069782 -1352.272561 -585.315904
21.850000 2.012403 13.898966 -1361.632903 -588.870018
21.900000 2.003280 15.096850 -1295.307176 -526.047601
21.950000 1.976618 14.130965 -1343.859910 -584.838418
22.000000 1.985954 13.953051 -1353.918828 -591.312395
22.050000 1.949804 14.939870 -1298.498280 -549.773564
22.100000 1.998722 15.380792 -1282.077374 -514.568080
22.150000 2.003613 14.484505 -1330.596961 -561.209501
22.200000 2.014875 14.359735 -1332.890000 -559.177997
22.250000 1.988045 14.921511 -1305.617668 -542.208437
22.300000 1.968194 15.402814 -1287.273195 -531.486679
22.350000 1.998225 15.757058 -1265.850549 -498.531988
22.400000 2.002176 14.807334 -1310.126178 -541.290696
22.450000 2.007111 14.431235 -1331.711815 -560.981307
22.500000 2.008606 9.342567 -1275.628599 -504.323739
22.550000 2.006148 9.305833 -1278.800663 -508.439913
22.600000 2.005112 9.502108 -1262.249794 -492.286730
22.650000 1.989139 8.610182 -1311.973386 -548.144187
22.700000 1.997300 9.241385 -1278.645382 -511.682032
22.750000 2.011047 8.985170 -1304.820271 -532.578259
22.800000 1.989781 9.134204 -1290.548672 -526.472955
22.850000 1.987348 9.144102 -1283.100323 -519.958871
22.900000 1.998710 9.402693 -1272.461623 -504.957054
22.950000 2.012523 9.644130 -1265.209767 -492.400790
23.000000 2.005313 10.227011 -1231.257166 -461.217149
23.050000 2.008004 8.902889 -1304.700631 -533.627133
23.100000 1.985897 8.991952 -1298.990903 -536.406307
23.150000 1.998144 8.824098 -1304.115242 -536.827851
23.200000 2.005880 9.691122 -1256.649208 -486.391353
23.250000 2.005894 9.005364 -1302.263192 -531.999771
23.300000 2.003215 8.685792 -1314.050049 -544.815406
23.350000 2.008703 8.143839 -1346.087925 -574.745924
23.400000 1.983629 9.465564 -1275.661469 -513.947892
23.450000 2.001915 8.745435 -1313.120100 -544.384655
23.500000 1.992821 9.614687 -1261.856581 -496.613258
23.550000 1.992778 9.093397 -1300.267734 -535.041041
23.600000 1.998437 8.801547 -1310.026274 -542.626399
23.650000 1.992263 8.739053 -1309.494768 -544.465789
23.700000 2.011966 8.368304 -1329.430026 -556.834896
23.750000 1.992128 8.476614 -1320.389020 -555.411728
23.800000 1.997645 8.964909 -1296.524893 -529.429366
23.850000 2.021887 9.450750 -1269.610447 -493.205857
23.900000 2.020914 8.759287 -1304.240234 -528.209180
23.950000 1.990644 8.333551 -1324.419166 -560.011935
24.000000 2.010850 8.367100 -1320.682575 -548.516354
24.050000 1.980359 9.046831 -1288.030533 -527.572723
24.100000 2.005162 9.529730 -1268.426978 -498.444656
24.150000 1.991183 9.303274 -1283.321669 -518.707516
24.200000 1.987197 9.738069 -1253.792464 -490.708968
24.250000 1.995904 9.374490 -1276.676247 -510.249150
24.300000 2.014393 10.625923 -1201.259210 -427.732467
24.350000 2.015900 9.406346 -1277.596197 -503.490762
24.400000 1.985767 9.269854 -1286.151307 -523.616663
24.450000 2.001827 9.288265 -1283.752592 -515.050877
24.500000 2.012559 9.327904 -1276.997855 -504.175103
24.550000 2.010091 8.339486 -1338.505267 -566.630344
24.600000 1.994753 9.257825 -1285.591978 -519.606775
24.650000 2.004577 9.337382 -1283.442441 -513.685025
24.700000 1.990842 8.836653 -1309.279043 -544.795543
24.750000 2.010686 10.098366 -1241.163981 -469.060669
24.800000 2.022709 9.295483 -1288.134910 -511.414474
24.850000 2.005933 9.028302 -1299.326965 -529.048596
24.900000 1.999517 9.315767 -1277.587980 -509.773448
24.950000 2.007234 8.556917 -1329.794524 -559.016638
25.000000 1.999948 9.163220 -1296.392338 -528.412128
25.050000 1.996238 10.038178 -1240.477712 -473.922320
25.100000 2.009963 8.599303 -1315.437244 -543.611281
25.150000 1.997326 8.443287 -1323.333085 -556.360092
25.200000 2.009545 8.505311 -1323.321940 -551.656613
25.250000 1.986448 9.174641 -1281.224114 -518.428091
25.300000 2.011670 8.594536 -1314.706892 -542.225596
25.350000 1.994925 8.981002 -1295.170529 -529.119217
25.400000 1.996833 9.563841 -1258.915249 -492.131403
25.450000 1.999616 8.670403 -1317.227749 -549.375394
25.500000 2.003051 9.204102 -1289.226910 -520.055467
25.550000 1.992726 9.011097 -1298.454896 -533.248125
25.600000 1.992579 8.633590 -1324.352753 -559.202252
25.650000 2.028941 9.719206 -1260.472682 -481.359224
25.700000 1.992341 8.918442 -1296.834092 -531.774978
25.750000 2.008897 8.221889 -1335.890092 -564.473768
25.800000 1.995625 8.784452 -1308.279434 -541.959447
25.850000 2.000432 8.992428 -1299.533015 -531.367047
25.900000 2.028644 8.754618 -1310.747921 -531.748528
25.950000 1.985892 8.985242 -1295.013172 -532.430805
26.000000 1.984721 9.048060 -1291.977833 -529.844999
26.050000 2.004305 9.140413 -1290.550568 -520.897566
26.100000 1.999548 9.172700 -1290.545564 -522.719062
26.150000 2.024312 9.153446 -1285.035719 -507.699934
26.200000 1.980337 8.636395 -1309.772350 -549.323026
26.250000 1.986370 9.767341 -1248.822255 -486.056290
26.300000 2.037361 10.029715 -1239.194310 -456.847740
26.350000 1.988436 9.128777 -1284.302531 -520.743132
26.400000 2.013506 8.382562 -1333.283135 -560.096721
26.450000 1.985056 8.804424 -1311.373725 -549.112373
26.500000 2.008049 8.568324 -1321.113368 -550.022463
26.550000 2.006560 8.327434 -1335.657707 -565.138714
26.600000 2.003727 9.060906 -1293.138183 -523.707044
26.650000 1.945707 9.496283 -1262.445733 -515.294205
26.700000 2.011417 9.658773 -1260.091365 -487.707316
26.750000 2.035645 9.635262 -1263.363648 -481.676072
26.800000 2.010673 8.562238 -1323.352735 -551.254123
26.850000 2.006991 9.199750 -1280.245956 -509.561545
26.900000 2.023354 8.737059 -1305.298398 -528.330608
26.950000 1.986358 8.978281 -1294.161079 -531.399686
27.000000 2.000036 9.229281 -1282.124456 -514.110688
27.050000 2.008706 9.549794 -1267.593885 -496.250807
27.100000 2.014330 9.054558 -1288.768629 -515.265775
27.150000 1.980914 8.986333 -1296.219999 -535.549188
27.200000 1.994685 10.001299 -1242.125169 -476.166060
27.250000 2.018754 8.803560 -1306.448563 -531.247070
27.300000 1.993203 8.799387 -1302.969903 -537.579941
27.350000 1.978049 9.975656 -1244.651247 -485.080339
27.400000 2.020062 10.091111 -1241.099474 -465.395785
27.450000 2.012084 8.960111 -1302.512646 -529.872467
27.500000 2.007751 9.039003 -1296.215838 -525.239434
27.550000 2.008141 9.058297 -1289.268588 -518.142523
27.600000 1.989525 9.178006 -1278.359256 -514.381560
27.650000 1.978754 9.293564 -1272.976036 -513.134613
27.700000 1.991416 9.413282 -1273.310139 -508.606512
27.750000 2.027508 8.357556 -1332.635426 -554.072374
27.800000 1.987580 9.019118 -1294.759466 -531.528697
27.850000 1.994990 9.914842 -1247.336078 -481.260072
27.900000 2.027437 9.483160 -1276.085631 -497.549877
27.950000 2.020957 8.626079 -1324.227815 -548.180409
28.000000 1.990302 8.514350 -1318.353694 -554.077848
28.050000 2.006789 9.135354 -1284.274410 -513.667286
28.100000 2.029722 8.677740 -1306.157085 -526.743651
28.150000 2.012829 8.192162 -1338.518367 -565.591846
28.200000 1.977085 9.785787 -1252.740541 -493.539892
28.250000 1.993980 8.848559 -1312.279844 -546.591629
28.300000 1.993323 9.310116 -1289.314263 -523.878133
28.350000 2.015383 9.428588 -1275.953435 -502.046198
28.400000 2.011138 7.952989 -1353.005529 -580.728499
28.450000 1.981813 9.201822 -1283.234453 -522.218422
28.500000 2.006440 9.820851 -1254.148737 -483.675807
28.550000 1.994478 9.732005 -1262.111327 -496.231941
28.600000 2.004048 10.388566 -1227.230502 -457.676138
28.650000 2.010779 9.319510 -1280.046431 -507.907178
28.700000 2.001186 9.136927 -1290.267088 -521.811793
28.750000 1.972340 9.424395 -1271.383777 -514.005126
28.800000 1.985497 9.009297 -1297.602171 -535.171318
28.850000 1.996815 10.306116 -1226.280800 -459.504017
28.900000 1.979647 9.583824 -1269.067235 -508.882845
28.950000 2.032782 10.904185 -1192.179069 -411.590663
29.000000 1.994985 9.932352 -1249.745925 -483.671558
29.050000 2.018413 9.572666 -1272.940450 -497.869690
29.100000 2.020653 8.830895 -1314.143517 -538.212836
29.150000 1.997581 9.895382 -1241.384210 -474.313021
29.200000 2.005666 8.656804 -1316.202912 -546.027166
29.250000 2.000577 8.997438 -1294.638109 -526.416603
29.300000 1.974333 9.043096 -1287.791905 -529.648118
29.350000 1.978550 10.204080 -1228.046769 -468.283432
29.400000 2.004242 9.593851 -1264.038010 -494.408999
29.450000 2.036073 8.330858 -1341.753923 -559.901988
29.500000 1.985412 9.233703 -1284.370111 -521.972070
29.550000 1.990381 9.242739 -1279.040100 -514.733699
29.600000 2.019487 8.277846 -1337.180915 -561.697920
29.650000 1.978027 9.823431 -1250.618304 -491.055887
29.700000 2.021544 9.047031 -1297.657062 -521.384278
29.750000 2.020697 8.829615 -1305.571467 -529.623946
29.800000 2.019646 8.662778 -1310.863396 -535.319441
29.850000 1.994077 7.937228 -1348.272311 -582.546767
29.900000 1.969674 8.518132 -1317.921438 -561.566453
29.950000 1.998352 9.210765 -1282.324887 -514.957733
30.000000 2.013422 5.718830 -1194.391089 -421.236991
30.050000 1.998563 5.628440 -1199.614799 -432.166527
30.100000 2.009213 5.523083 -1207.077496 -435.539772
30.150000 1.991164 6.458713 -1140.898899 -376.291886
30.200000 2.003152 5.457139 -1204.207466 -434.997093
30.250000 2.011161 4.974952 -1240.132930 -467.846927
30.300000 1.995163 5.583004 -1203.287822 -437.145205
30.350000 1.989604 5.171565 -1229.064586 -465.056549
30.400000 1.984750 5.877763 -1181.953661 -419.809761
30.450000 1.989797 5.376935 -1211.187404 -447.105504
30.500000 1.985689 5.197305 -1218.722635 -456.218076
30.550000 1.986273 5.516329 -1196.573982 -433.845185
30.600000 1.997556 5.110099 -1217.809267 -450.747640
30.650000 2.009614 4.834070 -1236.015930 -464.324311
30.700000 2.011027 4.496501 -1260.186731 -487.952241
30.750000 2.000419 4.742495 -1248.329370 -480.168486
30.800000 1.988285 4.950273 -1234.232673 -470.731180
30.850000 1.971173 5.611899 -1194.865404 -437.935086
30.900000 2.024848 5.671777 -1195.160025 -417.618373
30.950000 2.007994 5.274347 -1221.970199 -450.900602
31.000000 1.988622 5.239450 -1229.286722 -465.655790
31.050000 2.018096 5.324765 -1220.745979 -445.797045
31.100000 2.019514 4.621692 -1257.852984 -482.359560
31.150000 1.998371 4.599234 -1257.370299 -489.995788
31.200000 2.018762 5.150763 -1231.669489 -456.464816
31.250000 1.993701 5.771115 -1190.786516 -425.205151
31.300000 1.983327 5.110552 -1224.808818 -463.211406
31.350000 2.002746 5.012363 -1228.015791 -458.961316
31.400000 2.007246 5.108632 -1221.934609 -451.152159
31.450000 1.981923 5.569441 -1192.963414 -431.905085
31.500000 2.025215 4.567337 -1269.035715 -491.353187
31.550000 1.996446 5.898702 -1186.588005 -419.952868
31.600000 2.017007 6.165728 -1172.616463 -398.085622
31.650000 2.009390 5.913320 -1181.739093 -410.133401
31.700000 2.002952 4.893161 -1248.904979 -479.771313
31.750000 1.985404 5.394506 -1214.279139 -451.883994
31.800000 1.990123 4.900422 -1232.101280 -467.893860
31.850000 1.993344 4.522824 -1248.362678 -482.918577
31.900000 1.989722 4.391832 -1256.891667 -492.838499
31.950000 1.992317 5.178171 -1216.713918 -451.664338
32.000000 2.003534 5.178641 -1218.665845 -449.308862
32.050000 2.001624 5.247310 -1213.372066 -444.748487
32.100000 1.994084 5.075963 -1227.915591 -462.187482
32.150000 1.987390 5.501500 -1201.720996 -438.563147
32.200000 2.023805 5.196843 -1221.009736 -443.868727
32.250000 1.992010 3.934177 -1296.987715 -532.055976
32.300000 1.996974 5.167018 -1223.250344 -456.412458
32.350000 2.006406 5.278567 -1216.229003 -445.769041
32.400000 2.017352 4.756003 -1246.550503 -471.887175
32.450000 1.997595 5.125138 -1220.616002 -453.539523
32.500000 1.981642 5.439058 -1209.553343 -448.602868
32.550000 1.994261 5.575008 -1207.720405 -441.924214
32.600000 2.007360 6.072459 -1171.996993 -401.170685
32.650000 2.001542 5.496077 -1203.664899 -435.072813
32.700000 2.028078 5.526989 -1198.351893 -419.569909
32.750000 1.984533 4.924601 -1235.616405 -473.555722
32.800000 1.994848 6.032615 -1173.836666 -407.815001
32.850000 2.018106 5.782430 -1184.924360 -409.971490
32.900000 1.996653 5.194580 -1217.279321 -450.564561
32.950000 2.020690 5.529617 -1198.706988 -422.761998
33.000000 1.997338 5.324263 -1206.138011 -439.160324
33.050000 2.000779 5.002731 -1226.425244 -458.126198
33.100000 1.998110 5.489333 -1201.220757 -433.946487
33.150000 1.988733 5.574995 -1207.366453 -443.692844
33.200000 2.003282 6.018443 -1184.586586 -415.326361
33.250000 2.031749 4.942092 -1246.428390 -466.236955
33.300000 1.981930 5.244260 -1220.641825 -459.580549
33.350000 1.981038 5.335415 -1215.158930 -454.440371
33.400000 2.005229 5.809040 -1183.107253 -413.099433
33.450000 2.003382 5.514362 -1208.377130 -439.078359
33.500000 2.001948 5.700597 -1195.771724 -427.023625
33.550000 2.013927 5.637350 -1198.507971 -425.160085
33.600000 2.005294 4.674580 -1259.211858 -489.178800
33.650000 1.998057 5.151922 -1227.994757 -460.740815
33.700000 1.981349 5.620105 -1195.645780 -434.807797
33.750000 2.003454 5.036996 -1231.859903 -462.533617
33.800000 2.003295 5.014054 -1237.734084 -468.468809
33.850000 1.997077 5.314405 -1219.745859 -452.868133
33.900000 2.005855 5.540575 -1200.545762 -430.297438
33.950000 1.999666 4.960986 -1234.749641 -466.877834
34.000000 2.022643 5.082231 -1222.367809 -445.673021
34.050000 1.976933 4.866060 -1237.998124 -478.855905
34.100000 2.010338 5.140416 -1229.358105 -457.388178
34.150000 1.994519 5.081142 -1231.963903 -466.068571
34.200000 2.008591 5.053016 -1230.636579 -459.337617
34.250000 2.008122 5.435269 -1207.669329 -436.550534
34.300000 2.003242 4.912777 -1238.558679 -469.313617
34.350000 2.018671 5.094965 -1230.674029 -455.504183
34.400000 1.996524 5.007878 -1237.492777 -470.827394
34.450000 2.014901 5.854280 -1182.760998 -409.038937
34.500000 2.018344 5.029817 -1239.884887 -464.840930
34.550000 2.010565 4.482617 -1273.249140 -501.192074
34.600000 2.002536 5.114306 -1230.566967 -461.593163
34.650000 1.971307 5.719744 -1191.938555 -434.956591
34.700000 2.001139 5.664153 -1203.671442 -435.233889
34.750000 2.006030 5.896727 -1188.967447 -418.651839
34.800000 2.020949 5.184018 -1230.581205 -454.536668
34.850000 1.985181 4.949585 -1235.084237 -472.774764
34.900000 2.023425 4.767445 -1241.493619 -464.498380
34.950000 1.988168 5.116933 -1211.608662 -448.152102
35.000000 1.997741 5.302025 -1199.282561 -432.150077
35.050000 1.989622 5.048267 -1219.808553 -455.793551
35.100000 2.003230 5.056631 -1228.242780 -459.002318
35.150000 1.983832 5.530714 -1205.465465 -443.674038
35.200000 2.023126 6.080110 -1173.431996 -396.551456
35.250000 1.984777 6.591786 -1141.166388 -379.011909
35.300000 2.031657 5.809415 -1198.445276 -418.288859
35.350000 1.996911 5.084818 -1241.407647 -474.593991
35.400000 1.990732 5.537345 -1206.791831 -442.350706
35.450000 2.007577 5.695195 -1195.134185 -424.224476
35.500000 1.985064 5.817628 -1191.423486 -429.159050
35.550000 2.008994 5.701728 -1199.813363 -428.359713
35.600000 2.009688 5.323913 -1214.162306 -442.442251
35.650000 1.988723 5.344365 -1205.468115 -441.798375
35.700000 2.001057 4.547873 -1257.674664 -489.268759
35.750000 2.011359 4.738675 -1251.188211 -478.826199
35.800000 1.990814 5.689198 -1190.809206 -426.336751
35.850000 2.007420 5.659125 -1196.098656 -425.249353
35.900000 1.998730 5.439881 -1213.914845 -446.402673
35.950000 2.011742 5.381851 -1214.193123 -441.684090
36.000000 1.996761 5.343094 -1223.864172 -457.108063
36.050000 2.005156 5.131002 -1236.491028 -466.511252
36.100000 1.989882 4.858127 -1248.546514 -484.431876
36.150000 2.033146 5.385502 -1219.685193 -438.957187
36.200000 1.995645 4.943657 -1244.183502 -477.855760
36.250000 2.013302 4.696849 -1258.960545 -485.852620
36.300000 1.985528 4.605469 -1263.423478 -500.980593
36.350000 2.010135 4.845367 -1243.700272 -471.808413
36.400000 1.971395 5.339820 -1210.351276 -453.335507
36.450000 2.029806 5.704623 -1190.581427 -411.135928
36.500000 1.992694 4.854870 -1243.405658 -478.210995
36.550000 1.987122 4.859791 -1240.605754 -477.550833
36.600000 2.016845 4.765363 -1245.132214 -470.663669
36.650000 2.010528 4.426760 -1261.740756 -489.697843
36.700000 1.999025 4.902035 -1236.533890 -468.908264
36.750000 1.982015 5.123647 -1226.454444 -465.360585
36.800000 1.989232 6.060205 -1163.814458 -399.949200
36.850000 1.989229 5.441578 -1205.201687 -441.337664
36.900000 2.004028 5.494032 -1201.102860 -431.556216
36.950000 2.009770 4.779414 -1245.782664 -474.031000
37.000000 1.999424 5.170826 -1217.253118 -449.474120
37.050000 2.010402 4.893634 -1235.516236 -463.521751
37.100000 1.984337 5.057108 -1223.872933 -461.887601
37.150000 2.007439 5.456257 -1206.199149 -435.342474
37.200000 2.016599 5.001922 -1233.921886 -459.547948
37.250000 1.986436 4.861805 -1239.482587 -476.691019
37.300000 1.992828 5.042405 -1227.278324 -462.032512
37.350000 2.013103 4.783009 -1245.647708 -472.616135
37.400000 1.990117 4.966130 -1235.076826 -470.871950
37.450000 2.014660 5.594360 -1202.490673 -428.861182
37.500000 2.016001 3.289136 -1087.783677 -313.639418
37.550000 2.008250 2.899893 -1108.516794 -337.348767
37.600000 2.014938 2.323967 -1140.287035 -366.550866
37.650000 2.004759 2.546922 -1121.417076 -351.589467
37.700000 2.017876 2.886104 -1102.523823 -327.659322
37.750000 2.012060 3.066513 -1089.132826 -316.501936
37.800000 1.990863 2.714454 -1116.146890 -351.655310
37.850000 1.989871 2.550496 -1130.954374 -366.843948
37.900000 1.988908 3.769861 -1048.242824 -284.502325
37.950000 1.992529 3.908281 -1047.134510 -282.003241
38.000000 2.021722 3.594010 -1071.538921 -295.197795
38.050000 1.979053 3.309117 -1084.047355 -324.091030
38.100000 2.006026 3.148170 -1091.239051 -320.924942
38.150000 2.011187 3.386944 -1067.218129 -294.922162
38.200000 1.994031 2.505957 -1124.941714 -359.233823
38.250000 1.978538 3.161563 -1072.880043 -313.121512
38.300000 2.012823 2.634082 -1110.103706 -337.179582
38.350000 1.990469 3.082710 -1079.631433 -315.291329
38.400000 1.991708 2.580430 -1122.133970 -357.318133
38.450000 1.992409 3.065464 -1093.633109 -328.548103
38.500000 1.990501 3.068493 -1098.379071 -334.026510
38.550000 2.021679 2.490078 -1132.199248 -355.874384
38.600000 2.002359 1.974442 -1163.239191 -394.333302
38.650000 1.982052 2.772200 -1119.745360 -358.637557
38.700000 1.997600 3.340539 -1092.574770 -325.496326
38.750000 1.988813 3.670927 -1070.687598 -306.983531
38.800000 1.974493 3.897473 -1047.374050 -289.168666
38.850000 2.013854 2.980946 -1108.365312 -335.045309
38.900000 2.002433 2.914670 -1109.257705 -340.323365
38.950000 1.987855 2.772370 -1123.769394 -360.433186
39.000000 2.008454 3.107945 -1097.586216 -326.339826
39.050000 2.001020 3.264320 -1079.782458 -311.390891
39.100000 2.013257 2.634404 -1117.324374 -344.233513
39.150000 1.995459 2.196438 -1146.821583 -380.565354
39.200000 2.007774 2.284400 -1146.498936 -375.513658
39.250000 1.981009 3.075115 -1096.313215 -335.605655
39.300000 2.022292 3.422112 -1076.938573 -300.378335
39.350000 2.024072 2.715704 -1128.141069 -350.897515
39.400000 1.983411 3.068770 -1102.213947 -340.584234
39.450000 2.007362 3.045063 -1109.652677 -338.825791
39.500000 1.993774 3.619161 -1066.530303 -300.921116
39.550000 2.008658 3.233166 -1091.250933 -319.926433
39.600000 1.995088 3.231221 -1091.433332 -325.319637
39.650000 2.012567 2.921747 -1114.585049 -341.759243
39.700000 2.005194 2.954092 -1112.131320 -342.136966
39.750000 1.990756 3.378906 -1087.664044 -323.213828
39.800000 2.012009 3.269834 -1100.159814 -327.548513
39.850000 1.991910 3.242323 -1105.317365 -340.424011
39.900000 2.011989 3.577234 -1085.216651 -312.612897
39.950000 1.991344 2.919200 -1125.511501 -360.835445
40.000000 1.986263 3.373199 -1089.961167 -327.236008
40.050000 2.007376 3.275039 -1097.860449 -327.027946
40.100000 2.006282 3.044276 -1108.965044 -338.552806
40.150000 1.985831 3.018729 -1102.334792 -339.775605
40.200000 2.017300 2.787855 -1108.028783 -333.385392
40.250000 1.991679 2.356533 -1132.085921 -367.281301
40.300000 1.982171 3.036090 -1091.736082 -330.582559
40.350000 1.995445 3.733401 -1050.535664 -284.284676
40.400000 2.007020 3.490039 -1067.904126 -297.208476
40.450000 1.983372 2.933759 -1106.288843 -344.673871
40.500000 2.019226 3.008140 -1098.206649 -322.823825
40.550000 1.989216 3.142846 -1089.028899 -325.169876
40.600000 2.008173 3.046767 -1103.247285 -332.108925
40.650000 1.977176 3.438355 -1079.311043 -320.075613
40.700000 2.000426 3.891689 -1051.425633 -283.261935
40.750000 2.025411 3.507955 -1074.239713 -296.482052
40.800000 2.016515 2.974283 -1108.050068 -333.708200
40.850000 1.986685 2.987053 -1104.972157 -342.085189
40.900000 2.012467 2.957467 -1112.434806 -339.647606
40.950000 2.011439 3.614293 -1062.946980 -290.554489
41.000000 1.974082 3.659925 -1060.911296 -302.863622
41.050000 2.019944 3.421140 -1077.881111 -302.222743
41.100000 2.013016 2.523809 -1132.483518 -359.485323
41.150000 1.990640 2.543366 -1134.871657 -370.465949
41.200000 1.996629 3.311010 -1085.228296 -318.522951
41.250000 1.999090 2.874033 -1121.545180 -353.894458
41.300000 1.975847 3.889136 -1056.051376 -297.326113
41.350000 2.023177 3.549033 -1086.404088 -309.504298
41.400000 1.993777 2.923924 -1121.126074 -355.515686
41.450000 1.993213 3.301121 -1088.058157 -322.664393
41.500000 2.022714 3.426991 -1071.936994 -295.214909
41.550000 1.992117 3.196208 -1077.879933 -312.907048
41.600000 1.984268 2.907704 -1099.811812 -337.853090
41.650000 2.002525 3.310211 -1078.095649 -309.126090
41.700000 1.989269 3.257079 -1082.834318 -318.954850
41.750000 1.987338 3.434777 -1070.529889 -307.391976
41.800000 2.023397 2.972974 -1101.432623 -324.448229
41.850000 2.004027 2.893760 -1100.183343 -330.637167
41.900000 1.981857 2.723206 -1114.601259 -353.567986
41.950000 1.987773 3.022715 -1095.468282 -332.163447
42.000000 2.018146 2.915837 -1108.744662 -333.776605
42.050000 2.008247 3.116699 -1091.705846 -320.538812
42.100000 1.991390 2.736828 -1127.807518 -363.113572
42.150000 1.997196 3.073399 -1107.517295 -340.594071
42.200000 1.999351 3.432079 -1079.276603 -311.525737
42.250000 2.013211 2.879993 -1111.221848 -338.148832
42.300000 2.007672 2.850569 -1106.535688 -335.589481
42.350000 1.984039 2.912816 -1114.399387 -352.528465
42.400000 2.001413 3.868494 -1054.632251 -286.089752
42.450000 2.009190 3.413094 -1082.139846 -310.610966
42.500000 1.999496 2.904454 -1103.868845 -336.062248
42.550000 2.001147 2.766857 -1110.338081 -341.897442
42.600000 1.980301 2.950540 -1101.706443 -341.270677
42.650000 1.996631 3.201269 -1085.878178 -319.171934
42.700000 2.013097 2.637868 -1119.186416 -346.157111
42.750000 2.007597 2.753179 -1103.840721 -332.923288
42.800000 2.000166 2.509033 -1125.762078 -357.698438
42.850000 2.005775 2.865410 -1106.230802 -336.013081
42.900000 2.005182 2.923788 -1101.704195 -331.714184
42.950000 1.994447 2.892134 -1095.722499 -329.854996
43.000000 1.996819 2.802564 -1104.501063 -337.722629
43.050000 1.981192 3.506746 -1060.197194 -299.419475
43.100000 2.008484 3.419475 -1074.388196 -303.130352
43.150000 2.008325 3.115848 -1092.050580 -320.853610
43.200000 1.995833 2.508493 -1135.577765 -369.178064
43.250000 2.004098 3.403840 -1075.259175 -305.685587
43.300000 2.020235 3.572125 -1066.271111 -290.500709
43.350000 1.990912 3.175908 -1099.728840 -335.218723
43.400000 1.999020 4.162375 -1033.786127 -266.162344
43.450000 2.011923 3.540167 -1073.175633 -300.597148
43.500000 2.004541 3.198543 -1090.030050 -320.286357
43.550000 2.010593 3.148084 -1092.124140 -320.056361
43.600000 1.996406 3.021337 -1096.200723 -329.580955
43.650000 1.980062 2.839042 -1113.320747 -352.976771
43.700000 2.016986 3.083099 -1093.831982 -319.309404
43.750000 2.015403 2.658782 -1119.815803 -345.900863
43.800000 1.997304 2.955512 -1096.682092 -329.717410
43.850000 1.996659 3.152443 -1085.112349 -318.395275
43.900000 1.999211 3.096139 -1096.870345 -329.173449
43.950000 1.988112 2.721044 -1130.134816 -366.699884
44.000000 2.022234 3.055169 -1102.006879 -325.469024
44.050000 1.995245 2.745290 -1122.096278 -355.922053
44.100000 1.985395 3.794988 -1043.879952 -281.488117
44.150000 2.023643 2.854775 -1113.234937 -336.156135
44.200000 1.989076 2.912863 -1100.208289 -336.403199
44.250000 2.013759 3.482433 -1057.934085 -284.650756
44.300000 1.990449 3.270914 -1077.475937 -313.143695
44.350000 2.014260 2.964538 -1103.174292 -329.698470
44.400000 2.002976 3.085231 -1095.575807 -326.433073
44.450000 1.982995 3.226381 -1091.581445 -330.111185
44.500000 2.005834 3.494043 -1077.973716 -307.733459
44.550000 1.993837 3.717176 -1070.576975 -304.943727
44.600000 2.002469 3.910826 -1060.995427 -292.047371
44.650000 2.018435 3.472656 -1074.938710 -299.859670
44.700000 1.985181 2.592226 -1133.363145 -371.053633
44.750000 1.996677 2.670049 -1120.016593 -353.292623
44.800000 2.004411 2.755346 -1107.062679 -337.369022
44.850000 1.989973 2.655120 -1119.512665 -355.362938
44.900000 1.995719 3.276871 -1077.376474 -311.020398
44.950000 2.014187 3.149916 -1089.847743 -316.399848
45.000000 1.995669 1.746995 -956.645546 -190.308636
45.050000 2.014683 1.893332 -941.642220 -168.003797
45.100000 2.004612 1.959811 -932.550958 -162.779908
45.150000 1.995512 2.088851 -927.727807 -161.451146
45.200000 2.003304 1.764646 -955.354784 -186.085870
45.250000 2.008922 1.412472 -976.144818 -204.718689
45.300000 1.998141 1.254995 -987.981183 -220.694954
45.350000 1.993176 1.609603 -960.035074 -194.655326
45.400000 1.988786 1.788202 -952.146647 -188.452650
45.450000 1.999199 1.970187 -942.621039 -174.928503
45.500000 2.003419 1.982584 -939.608942 -170.296199
45.550000 2.017401 1.512343 -970.888839 -196.206857
45.600000 2.009519 1.542157 -956.319133 -184.664024
45.650000 1.996984 1.172358 -985.683411 -218.841456
45.700000 2.004791 1.935649 -927.828023 -157.988187
45.750000 2.005385 1.657260 -955.553154 -185.485297
45.800000 2.009498 1.387237 -977.261535 -205.614150
45.850000 1.997766 1.687881 -957.056390 -189.914167
45.900000 1.984569 1.836822 -952.163194 -190.088599
45.950000 2.013586 2.120605 -924.969294 -151.752113
46.000000 2.016803 1.652102 -958.152524 -183.700207
46.050000 1.987283 1.822003 -941.904873 -178.788144
46.100000 2.011227 1.930432 -936.084322 -163.773021
46.150000 1.997504 1.411380 -986.895552 -219.854076
46.200000 2.012600 1.885570 -950.873743 -178.035231
46.250000 2.010797 1.468029 -981.947886 -209.801940
46.300000 1.985838 1.628059 -966.919331 -204.357485
46.350000 2.012918 1.456469 -984.945892 -211.985557
46.400000 1.977845 2.042878 -932.806866 -173.314566
46.450000 2.009470 1.737150 -958.212199 -186.575836
46.500000 1.994384 1.726456 -951.233370 -185.389900
46.550000 1.979772 2.057583 -925.564976 -165.332446
46.600000 2.006057 1.912640 -941.976099 -171.650053
46.650000 1.990816 1.888034 -939.752861 -175.279655
46.700000 2.013201 1.469498 -972.991663 -199.922634
46.750000 1.995819 2.000302 -927.453091 -161.058495
46.800000 1.997181 1.770222 -953.050114 -186.132581
46.850000 2.017903 1.714971 -954.792808 -179.917914
46.900000 1.985170 1.816506 -948.227507 -185.922169
46.950000 2.004863 2.129477 -924.753681 -154.886317
47.000000 2.008244 1.503428 -974.580675 -203.414990
47.050000 2.007305 1.656084 -960.233045 -189.428088
47.100000 1.988547 1.800013 -958.520712 -194.918805
47.150000 1.996305 1.920414 -953.338698 -186.757512
47.200000 2.005125 1.951981 -942.922087 -172.954249
47.250000 1.999749 1.544274 -973.442752 -205.539127
47.300000 1.998354 1.534712 -973.617838 -206.249766
47.350000 2.007289 1.539184 -974.087299 -203.288404
47.400000 1.995629 1.846490 -951.503699 -185.182157
47.450000 2.012772 1.973836 -946.256121 -173.351575
47.500000 1.985172 1.528747 -980.542972 -218.236763
47.550000 2.003905 2.044795 -933.665013 -164.165306
47.600000 1.998614 1.665781 -971.824384 -204.356567
47.650000 2.000438 2.147370 -930.753417 -162.585343
47.700000 2.004504 1.649935 -973.665096 -203.935446
47.750000 2.012460 1.480887 -985.709056 -212.924433
47.800000 1.989249 1.398232 -987.786903 -223.915277
47.850000 2.001786 1.360707 -994.541804 -225.856028
47.900000 2.011923 1.654289 -977.656345 -205.077928
47.950000 2.000280 2.311708 -922.447565 -154.340015
48.000000 2.003149 1.628855 -974.914818 -205.705542
48.050000 1.993533 1.523424 -975.008030 -209.491318
48.100000 1.988980 1.604067 -968.041651 -204.273320
48.150000 2.000724 2.009058 -936.213493 -167.935576
48.200000 1.998671 1.896710 -946.010975 -178.521228
48.250000 1.984075 1.787384 -949.063115 -187.178348
48.300000 1.999553 1.475392 -977.493243 -209.665072
48.350000 1.995891 1.696045 -955.240798 -188.818520
48.400000 1.996571 1.433527 -972.817930 -206.134777
48.450000 1.991889 1.506604 -972.654483 -207.768992
48.500000 2.028090 1.794251 -953.767346 -174.980807
48.550000 1.994541 1.622913 -971.758709 -205.854876
48.600000 1.994467 2.070334 -937.837648 -171.962390
48.650000 2.000727 1.904722 -961.538482 -193.259310
48.700000 2.021209 2.071022 -947.959795 -171.815628
48.750000 2.001097 1.458109 -998.730466 -230.309331
48.800000 1.985039 1.963732 -955.350876 -193.095761
48.850000 2.004163 1.701514 -980.296591 -210.697958
48.900000 1.993746 2.094500 -942.481618 -176.883188
48.950000 2.012286 2.091646 -942.732220 -170.014300
49.000000 2.004702 1.751591 -970.738494 -200.933049
49.050000 2.004323 2.060594 -939.232466 -169.572526
49.100000 1.999029 1.606045 -975.640439 -208.013436
49.150000 1.979813 2.040488 -936.985102 -176.737078
49.200000 2.017625 1.807755 -956.680723 -181.912562
49.250000 1.995703 1.551727 -973.178908 -206.828846
49.300000 2.001819 1.858556 -949.936216 -181.237581
49.350000 2.008165 1.654152 -969.428616 -198.293353
49.400000 1.998862 1.496926 -973.490689 -205.927797
49.450000 1.987338 1.380019 -980.368657 -217.230815
49.500000 1.987953 1.742831 -951.799215 -188.425349
49.550000 1.992030 1.931412 -941.524525 -176.585066
49.600000 2.017239 1.154731 -1008.875380 -234.255775
49.650000 2.000037 1.832978 -949.390470 -181.376198
49.700000 2.012455 1.806312 -962.631258 -189.848501
49.750000 1.994365 2.106781 -947.465112 -181.629103
49.800000 1.982686 2.384865 -927.700747 -166.349257
49.850000 2.013955 1.843952 -972.372517 -199.013925
49.900000 2.001736 1.650838 -976.962990 -208.296466
49.950000 1.990801 1.329114 -996.833501 -232.365806
50.000000 1.992238 1.911273 -944.867237 -179.847885
50.050000 1.998463 1.836410 -955.355738 -187.946133
50.100000 1.982167 2.079807 -936.822639 -175.670611
50.150000 1.991443 2.086497 -943.075635 -178.361692
50.200000 2.007949 2.047881 -946.026408 -174.973983
50.250000 1.999175 1.490778 -983.962305 -216.279241
50.300000 2.003943 1.688562 -965.228814 -195.714567
50.350000 1.989637 2.120854 -925.774323 -161.753899
50.400000 2.015410 1.666247 -964.599729 -190.682276
50.450000 1.999691 1.014230 -1016.353582 -248.472163
50.500000 1.991571 1.883855 -942.890320 -178.126983
50.550000 2.023826 1.783075 -959.187048 -182.037837
50.600000 1.998567 1.642725 -972.917085 -205.467367
50.650000 1.994597 1.822465 -958.778686 -192.853578
50.700000 2.009595 1.728629 -963.532821 -191.848161
50.750000 1.992623 1.978173 -938.529792 -173.362608
50.800000 2.001953 1.586408 -971.570277 -202.820221
50.850000 1.996386 1.654906 -963.197154 -196.585118
50.900000 2.012043 1.498661 -974.549300 -201.924631
50.950000 1.986585 1.718224 -959.841711 -196.992922
51.000000 2.007885 2.175191 -927.942546 -156.914722
51.050000 2.011708 2.268665 -915.858551 -143.362779
51.100000 2.007922 1.438867 -983.660275 -212.618253
51.150000 1.998302 1.743947 -960.891125 -193.543281
51.200000 1.986478 1.733158 -965.781819 -202.974294
51.250000 1.987050 2.060938 -932.453362 -169.426004
51.300000 2.009344 1.350508 -984.288828 -212.700841
51.350000 2.001772 1.494588 -972.891689 -204.211086
51.400000 2.006727 1.678762 -966.394234 -195.810909
51.450000 1.994405 1.623074 -979.671363 -213.819951
51.500000 1.994014 1.658219 -983.715792 -218.014361
51.550000 1.990895 2.119462 -954.822418 -190.318550
51.600000 2.003530 1.979117 -969.329918 -199.974469
51.650000 2.018328 1.408569 -1005.998462 -230.960595
51.700000 1.986856 1.355372 -1003.035402 -240.082708
51.750000 2.003270 1.786835 -967.945788 -198.689982
51.800000 1.992358 1.977448 -951.151360 -186.085925
51.850000 1.983564 2.130642 -939.397933 -177.709491
51.900000 2.001922 2.272673 -925.282190 -156.544143
51.950000 2.015989 1.753585 -964.089164 -189.949218
52.000000 1.989452 2.035145 -943.127606 -179.178117
52.050000 2.000602 1.825487 -973.492983 -205.261806
52.100000 1.995876 2.106447 -957.997901 -191.581684
52.150000 1.994953 2.185021 -950.464264 -184.402200
52.200000 1.991044 2.198084 -940.838381 -176.277543
52.250000 2.007282 1.934757 -957.680461 -186.884288
52.300000 2.012678 1.704105 -973.788741 -200.920258
52.350000 2.012775 1.458830 -989.104864 -216.199409
52.400000 1.988340 1.389999 -995.689554 -232.167001
52.450000 1.976332 1.974891 -950.716987 -191.805587
52.500000 2.015719 1.032906 -803.257053 -29.220870
52.550000 2.003162 0.888650 -812.932928 -43.718566
52.600000 1.991688 0.981362 -808.705144 -43.897089
52.650000 2.008309 1.009906 -809.475263 -38.284449
52.700000 2.009474 0.645647 -838.728953 -67.091013
52.750000 2.003419 0.656207 -833.078124 -63.765415
52.800000 1.987138 0.814664 -828.054240 -64.993264
52.850000 1.993503 1.366699 -783.304940 -17.799926
52.900000 1.988977 1.241329 -797.857689 -34.090342
52.950000 2.009696 1.149229 -804.033921 -32.310816
53.000000 2.004979 0.787713 -838.411274 -68.499414
53.050000 1.993115 0.937144 -825.759900 -60.403912
53.100000 2.001057 1.048843 -820.747140 -52.341122
53.150000 2.014206 1.446336 -784.945033 -11.489831
53.200000 2.003347 1.257627 -812.678587 -43.393425
53.250000 1.989329 1.396621 -804.384705 -40.482393
53.300000 2.009548 1.399470 -806.006700 -34.340094
53.350000 2.009870 1.186177 -821.996832 -50.206832
53.400000 1.996897 1.021127 -831.402953 -64.594611
53.450000 1.997007 0.983237 -829.484335 -62.633695
53.500000 2.001240 0.840721 -838.485261 -70.009211
53.550000 1.988785 0.960086 -823.815620 -60.122355
53.600000 2.008919 1.206168 -802.500334 -31.075307
53.650000 2.002563 1.119258 -811.744531 -42.760196
53.700000 1.984557 1.305230 -788.409290 -26.339497
53.750000 2.000376 0.764372 -835.826184 -67.681692
53.800000 1.985587 0.977389 -806.210269 -43.744716
53.850000 1.999586 0.911791 -809.115724 -41.274639
53.900000 2.008503 0.916109 -803.509476 -32.244229
53.950000 1.987057 0.858690 -810.604573 -47.574760
54.000000 2.010008 0.915321 -806.437567 -34.594671
54.050000 2.001307 0.939584 -802.618436 -34.116737
54.100000 1.988235 1.146184 -788.982525 -25.500171
54.150000 2.009024 1.132709 -802.429993 -30.964732
54.200000 2.000451 1.254461 -799.858070 -31.685043
54.250000 2.001728 1.322694 -791.364119 -22.700480
54.300000 2.014264 0.869843 -827.975059 -54.497635
54.350000 1.993231 0.961017 -813.535135 -48.134433
54.400000 1.994996 1.376652 -771.427028 -5.348621
54.450000 1.991735 1.142614 -796.225590 -31.399501
54.500000 2.004302 1.258417 -787.644037 -17.992117
54.550000 2.009213 0.909487 -819.333682 -47.795707
54.600000 1.992956 1.003804 -805.212307 -39.917144
54.650000 2.002705 1.039383 -804.357208 -35.318509
54.700000 2.010184 0.990280 -803.279859 -31.369049
54.750000 1.989950 0.760735 -829.265344 -65.124445
54.800000 2.001806 1.279109 -785.124975 -16.431410
54.850000 2.004995 1.234572 -788.029699 -18.111441
54.900000 2.005475 0.741028 -831.705246 -61.602818
54.950000 1.980155 0.911613 -811.050938 -50.671276
55.000000 2.002442 0.967953 -809.712750 -40.774909
55.050000 2.001375 1.100727 -796.004522 -27.476466
55.100000 1.995451 0.882033 -820.450042 -54.196764
55.150000 1.995339 0.916361 -822.179585 -55.969450
55.200000 1.997894 1.094133 -813.916872 -46.725578
55.250000 1.995522 1.455196 -778.601995 -12.321576
55.300000 1.991102 1.224863 -801.331616 -36.748288
55.350000 2.012939 1.223810 -795.698732 -22.730099
55.400000 2.009057 0.783578 -829.764414 -58.286456
55.450000 1.966371 1.226575 -784.075154 -28.988838
55.500000 2.012096 1.140792 -800.098299 -27.453373
55.550000 2.001816 0.739071 -838.453908 -69.756731
55.600000 1.998672 0.848630 -824.008897 -56.518887
55.650000 1.992711 0.748803 -835.516395 -70.315425
55.700000 2.016971 0.934667 -821.943074 -47.426361
55.750000 1.978469 1.309129 -793.585084 -33.853101
55.800000 2.006102 1.212033 -808.502522 -38.159512
55.850000 2.020167 1.239939 -797.323022 -21.578746
55.900000 1.986344 1.007115 -811.891077 -49.135010
55.950000 1.998136 0.974267 -815.945213 -48.661123
56.000000 2.012625 1.241354 -788.708830 -15.861015
56.050000 2.011028 0.968095 -807.845187 -35.610578
56.100000 1.996678 0.536207 -845.686573 -78.962075
56.150000 2.000762 1.024330 -800.752190 -32.459704
56.200000 2.004679 0.699856 -841.874422 -72.077875
56.250000 1.993929 1.108336 -806.226395 -40.557506
56.300000 2.002558 1.349298 -788.845731 -19.863378
56.350000 2.002562 1.261475 -800.556020 -31.572238
56.400000 1.989033 1.404880 -788.442557 -24.653844
56.450000 2.014173 1.152228 -813.437078 -39.994591
56.500000 2.010108 1.188783 -800.119538 -28.237909
56.550000 1.990587 0.859071 -830.747430 -66.361915
56.600000 2.004574 0.953507 -825.843361 -56.086992
56.650000 1.991777 1.395783 -789.280072 -24.437775
56.700000 2.012294 0.935748 -838.079597 -65.358547
56.750000 1.985458 1.210211 -804.426413 -42.010459
56.800000 2.005583 1.384393 -785.192991 -15.049229
56.850000 2.006279 1.030030 -813.650987 -43.239825
56.900000 1.999111 1.080118 -801.485963 -33.827275
56.950000 1.993688 0.996236 -806.926952 -41.350735
57.000000 1.997599 1.032376 -805.474190 -38.396076
57.050000 2.006565 1.199879 -793.074503 -22.553676
57.100000 1.990855 1.187246 -791.068058 -26.579885
57.150000 1.996001 0.994708 -809.667909 -43.203658
57.200000 2.003226 1.174802 -795.150901 -25.912070
57.250000 2.001950 1.005435 -818.233134 -49.484212
57.300000 1.998202 1.122847 -806.667966 -39.358590
57.350000 2.003151 1.071470 -817.499686 -48.289627
57.400000 1.998510 1.095223 -822.972133 -55.544119
57.450000 2.006678 1.136738 -826.294559 -55.730026
57.500000 1.998599 1.494136 -790.490905 -23.028963
57.550000 1.998121 1.358925 -797.594103 -30.315635
57.600000 2.009773 1.287853 -794.445238 -22.692389
57.650000 2.005432 1.010819 -813.151245 -43.065540
57.700000 1.991463 1.117598 -798.062614 -33.340960
57.750000 2.006318 1.066170 -803.564727 -33.138800
57.800000 1.995727 1.041157 -802.617440 -36.258263
57.850000 1.997091 1.076098 -793.770946 -26.888119
57.900000 1.985549 0.915516 -808.757234 -46.306329
57.950000 1.989063 1.103371 -796.448716 -32.648646
58.000000 1.992784 1.386425 -772.255350 -7.026337
58.050000 2.006656 1.362301 -778.979736 -8.423950
58.100000 2.006212 1.112926 -803.636269 -33.250871
58.150000 2.016595 0.865540 -825.571685 -51.199233
58.200000 1.979660 0.945200 -814.492933 -54.303353
58.250000 2.005974 1.021843 -809.465335 -39.171445
58.300000 1.988187 1.138271 -796.167126 -32.703421
58.350000 2.010846 0.995615 -812.772385 -40.607538
58.400000 2.012670 1.086048 -801.629963 -28.764594
58.450000 2.004918 0.799024 -825.172631 -55.284023
58.500000 2.007525 0.683210 -833.317433 -62.427738
58.550000 1.998957 0.866234 -815.380734 -47.781190
58.600000 2.001693 0.787217 -826.405315 -57.755187
58.650000 1.994054 0.916461 -815.747749 -50.031022
58.700000 2.003368 1.004047 -809.795267 -40.501885
58.750000 1.993412 1.206397 -788.875900 -23.405636
58.800000 1.995771 0.917271 -818.277371 -51.901425
58.850000 2.008167 0.921024 -816.586287 -45.450062
58.900000 1.994028 1.173620 -793.744725 -28.037960
58.950000 2.014539 1.204540 -795.800252 -22.217273
59.000000 2.009747 0.991244 -813.303478 -41.560773
59.050000 1.991316 1.172769 -794.599257 -29.933925
59.100000 1.989860 1.277040 -784.639428 -20.533294
59.150000 2.024950 1.051282 -802.451845 -24.871108
59.200000 1.988769 0.978462 -803.682713 -39.995440
59.250000 2.001004 1.143304 -794.473060 -26.087523
59.300000 2.017009 1.265685 -784.180363 -9.649062
59.350000 1.994250 1.217568 -786.846823 -21.054854
59.400000 1.995515 1.080698 -803.339024 -37.061373
59.450000 2.005679 1.153869 -795.416031 -25.235482
59.500000 1.987254 1.179363 -793.165271 -30.059904
59.550000 2.005504 1.443394 -760.802865 9.310635
59.600000 2.001667 0.744088 -825.000804 -56.360821
59.650000 1.993453 0.888436 -810.393773 -44.907745
59.700000 1.986050 1.378789 -768.415070 -5.771761
59.750000 2.012378 1.229604 -789.407330 -16.654009
59.800000 2.015627 1.210739 -788.028785 -14.028045
59.850000 1.995073 0.801790 -829.806200 -63.698257
59.900000 1.996159 1.031520 -814.951546 -48.426348
59.950000 1.993507 1.346976 -791.613782 -26.107188
60.000000 1.997610 0.723363 -629.635969 137.446093
60.050000 1.999509 0.656370 -637.538921 130.272696
60.100000 2.000468 0.634638 -634.484522 133.695252
60.150000 2.005970 0.693444 -620.718685 149.573664
60.200000 1.986206 0.592746 -631.299467 131.403535
60.250000 2.006877 0.628286 -630.922522 139.718336
60.300000 2.000349 0.573837 -643.041139 125.092817
60.350000 2.003395 0.837822 -616.443411 152.860112
60.400000 2.003715 0.707415 -634.113953 135.312433
60.450000 1.988509 0.682985 -632.675520 130.911765
60.500000 2.005174 0.477142 -651.948311 118.038470
60.550000 2.003012 0.454888 -648.734246 120.422530
60.600000 1.996135 0.466351 -650.741271 115.774541
60.650000 1.998722 0.621946 -642.631043 124.878175
60.700000 1.995451 0.736852 -640.793681 125.459504
60.750000 2.009158 0.559813 -675.615400 95.901253
60.800000 1.994718 0.946393 -633.447857 132.523869
60.850000 2.023421 0.766812 -661.589726 115.403965
60.900000 1.990161 1.010156 -628.191458 136.030273
60.950000 2.009314 0.831562 -648.870458 122.706256
61.000000 1.992918 0.759443 -647.883290 117.397242
61.050000 2.005271 0.568362 -662.828584 107.195550
61.100000 1.986932 0.737869 -635.278380 127.703591
61.150000 1.995735 0.825151 -620.792132 145.569951
61.200000 2.009394 0.710363 -627.061300 144.545825
61.250000 2.000869 0.463569 -649.997577 118.335956
61.300000 2.002972 0.652376 -628.047659 141.093673
61.350000 1.995423 0.691437 -632.131139 134.111161
61.400000 2.012061 0.595944 -648.240941 124.390442
61.450000 1.990399 0.616243 -652.418775 111.894530
61.500000 2.011206 0.753524 -646.254210 126.049019
61.550000 1.997569 0.695979 -662.975458 104.091075
61.600000 2.000119 1.027938 -628.544401 139.501454
61.650000 2.002430 0.893426 -640.356303 128.576792
61.700000 2.007000 0.788194 -641.149972 129.538137
61.750000 1.998983 0.483644 -665.209845 102.399731
61.800000 1.994623 0.468725 -657.766256 108.168937
61.850000 1.996459 0.411992 -663.990868 102.649245
61.900000 1.998381 0.507314 -656.110918 111.267512
61.950000 2.002819 0.621253 -651.602360 117.480081
62.000000 2.000005 0.774948 -646.326308 121.675792
62.050000 1.990616 0.945076 -644.900621 119.495851
62.100000 2.011865 1.178961 -625.773541 146.782716
62.150000 2.007118 0.832319 -658.238455 112.494809
62.200000 1.998429 0.519513 -684.287644 83.108973
62.250000 2.001477 0.751143 -650.641657 117.925607
62.300000 2.001427 0.797931 -649.531260 119.016576
62.350000 2.011385 0.954812 -633.519354 138.852429
62.400000 2.005900 0.655849 -663.004117 107.261452
62.450000 1.995739 0.467932 -675.770439 90.593212
62.500000 1.989004 0.719062 -639.677811 124.099641
62.550000 2.004983 0.699652 -641.660539 128.252977
62.600000 1.994779 0.829822 -631.728333 134.266885
62.650000 1.989926 1.118722 -602.050452 162.081190
62.700000 2.001307 0.750414 -650.846065 117.655821
62.750000 2.003588 0.842738 -636.649446 132.728491
62.800000 2.011727 0.706108 -654.172265 118.331088
62.850000 1.985433 0.921335 -625.111221 137.295167
62.900000 2.004201 0.878315 -632.717334 136.895928
62.950000 2.005004 0.845310 -635.807980 134.113530
63.000000 2.002043 0.701759 -653.454452 115.329880
63.050000 2.003737 0.632804 -661.439746 107.995403
63.100000 1.987873 0.737931 -646.860262 116.482973
63.150000 1.998310 0.654994 -655.028521 112.322557
63.200000 1.995234 0.646721 -651.886760 114.282976
63.250000 2.002430 0.632076 -651.661028 117.272058
63.300000 1.991700 0.578261 -657.325704 107.487269
63.350000 2.002024 0.724614 -642.023913 126.753412
63.400000 2.000341 0.808999 -631.561790 136.569121
63.450000 2.002227 0.639086 -655.258610 113.596411
63.500000 1.992892 0.735381 -647.482413 117.788115
63.550000 2.000799 0.803552 -647.108722 121.198274
63.600000 1.995177 1.011110 -626.761103 139.387037
63.650000 2.003846 1.059768 -620.999729 148.477300
63.700000 2.009134 0.582602 -668.753248 102.754016
63.750000 1.983044 0.533991 -666.843303 94.645591
63.800000 2.003622 0.554139 -666.545674 102.845084
63.850000 1.991857 0.894135 -627.364710 137.508501
63.900000 2.017742 0.902883 -628.887088 145.925720
63.950000 2.005177 0.592249 -660.801626 109.186462
64.000000 1.998166 0.739861 -637.257829 130.037989
64.050000 2.002936 0.717877 -635.859336 133.267908
64.100000 2.009369 0.686620 -638.412628 133.185078
64.150000 2.000327 0.760620 -633.535769 134.589643
64.200000 1.996729 0.803651 -629.000792 137.743179
64.250000 1.987689 0.638876 -651.670095 111.602459
64.300000 2.000452 0.749821 -643.044269 125.129469
64.350000 2.011592 0.722110 -646.748319 125.702918
64.400000 2.003906 0.685134 -646.004826 123.494896
64.450000 1.992248 0.508221 -668.994515 96.028781
64.500000 1.996089 0.861964 -631.450682 135.047551
64.550000 1.997840 0.781197 -645.432941 121.737465
64.600000 2.002741 0.588049 -671.951919 97.100523
64.650000 2.000169 0.942746 -629.396189 138.668624
64.700000 2.010301 0.812595 -649.126932 122.828493
64.750000 1.994248 0.934598 -628.460865 137.330437
64.800000 2.002935 0.813347 -639.293727 129.833251
64.850000 2.004701 0.760725 -642.954402 126.850607
64.900000 2.000350 0.593428 -667.484522 100.649946
64.950000 2.003848 0.593216 -671.994715 97.483086
65.000000 1.977803 0.704556 -663.817328 95.658921
65.050000 2.016350 0.692965 -668.112914 106.165356
65.100000 1.992309 0.611656 -675.044553 90.002197
65.150000 2.008665 0.701709 -663.014094 108.313447
65.200000 1.997632 0.531141 -679.886476 87.204045
65.250000 1.989352 0.836646 -641.824598 122.086628
65.300000 2.006927 0.834135 -638.244085 132.415761
65.350000 2.006929 0.464139 -672.389507 98.271317
65.400000 1.998229 0.409986 -675.470625 91.849171
65.450000 2.005928 0.561888 -660.043557 110.232718
65.500000 1.996302 0.497479 -672.673291 93.906659
65.550000 1.990768 0.633812 -664.739298 99.715716
65.600000 2.003480 0.931920 -634.480776 134.855634
65.650000 2.010852 0.725360 -658.499873 113.667302
65.700000 2.000310 0.550383 -675.404639 92.714305
65.750000 2.007235 0.517264 -678.159891 92.618240
65.800000 1.997417 0.605877 -672.170964 94.837205
65.850000 2.002264 0.750026 -662.535382 106.334043
65.900000 1.992717 0.814672 -658.175749 107.027756
65.950000 2.001866 0.895690 -647.563583 121.153018
66.000000 2.008246 0.720980 -655.953784 115.212651
66.050000 2.000867 0.357241 -688.718127 79.614879
66.100000 2.000413 0.443659 -677.204941 90.953538
66.150000 1.995042 0.598056 -665.453026 100.643057
66.200000 1.993531 0.926157 -626.485675 139.030070
66.250000 2.009853 0.670280 -651.058870 120.724544
66.300000 2.003911 0.347398 -678.231072 91.270579
66.350000 2.000608 0.431415 -659.286605 108.946720
66.400000 1.998170 0.480816 -654.508602 112.788501
66.450000 1.991047 0.633188 -637.874429 126.687670
66.500000 2.002390 0.459370 -664.547962 104.369908
66.550000 2.002433 0.501171 -661.549193 107.384989
66.600000 1.994886 0.542686 -661.821003 104.215178
66.650000 2.001857 0.762711 -637.899717 130.813324
66.700000 2.004699 0.538194 -661.736917 108.067531
66.750000 1.992262 0.618389 -644.512867 120.515856
66.800000 2.004365 0.597945 -645.472435 124.203680
66.850000 2.004485 0.647063 -634.344024 135.378042
66.900000 2.001201 0.403850 -661.021819 107.439473
66.950000 1.999668 0.486521 -652.786482 115.086132
67.000000 1.996343 0.587442 -646.303747 120.292050
67.050000 2.004313 0.725007 -634.364827 135.291329
67.100000 1.987692 0.894007 -622.095115 141.178429
67.150000 2.019244 0.902745 -625.416316 149.973335
67.200000 1.996170 0.540827 -657.234130 109.294995
67.250000 1.994620 0.603189 -640.375190 125.558871
67.300000 2.007185 0.713765 -624.356437 146.402678
67.350000 2.007360 0.508340 -647.384681 123.441480
67.400000 1.990012 0.510883 -651.019223 113.145380
67.450000 2.005370 0.687417 -630.887038 139.175060
