# t Temp Pres Epot Etot
0.000000 2.029117 27.985650 -1447.433946 -668.253145
0.050000 1.988544 28.677060 -1413.718261 -650.117461
0.100000 2.006788 29.727842 -1368.145749 -597.539188
0.150000 1.986599 29.938724 -1357.577391 -594.723493
0.200000 2.043747 28.359403 -1432.344917 -647.545951
0.250000 1.995580 28.578670 -1418.823981 -652.521297
0.300000 1.986958 29.183444 -1391.320749 -628.328807
0.350000 2.028518 29.012251 -1398.614907 -619.663817
0.400000 2.008280 30.310222 -1338.796708 -567.617186
0.450000 2.018866 27.619013 -1462.864234 -687.619580
0.500000 2.020148 28.943068 -1403.195952 -627.458990
0.550000 1.970593 29.893421 -1360.338298 -603.630632
0.600000 2.033891 28.636710 -1416.555340 -635.541197
0.650000 2.010653 28.222458 -1432.293565 -660.202886
0.700000 1.971374 28.362613 -1424.946999 -667.939310
0.750000 2.003453 28.401257 -1424.459534 -655.133754
0.800000 1.968565 30.233882 -1340.932536 -585.003400
0.850000 1.994217 31.384086 -1287.097134 -521.317881
0.900000 2.028984 27.777060 -1457.844189 -678.714199
0.950000 1.986131 27.485493 -1464.002334 -701.328208
1.000000 1.996289 30.163579 -1346.930702 -580.355731
1.050000 2.009547 28.048540 -1444.855990 -673.189951
1.100000 1.968456 28.364933 -1425.750217 -669.863099
1.150000 1.975763 28.035903 -1442.372337 -683.679226
1.200000 2.011266 30.318159 -1340.796284 -568.470067
1.250000 1.986968 29.927805 -1356.490296 -593.494683
1.300000 2.003412 28.893318 -1404.284173 -634.973775
1.350000 2.013071 27.676510 -1459.416073 -686.396995
1.400000 2.003135 27.854637 -1448.395725 -679.191864
1.450000 1.993172 29.591732 -1370.640260 -605.262273
1.500000 2.028509 27.810434 -1454.749572 -675.802160
1.550000 1.988895 28.815462 -1404.690669 -640.955062
1.600000 2.024195 29.642026 -1369.987370 -592.696375
1.650000 2.010525 28.239276 -1433.914813 -661.873300
1.700000 1.992848 28.592864 -1417.080188 -651.826728
1.750000 1.998229 28.268010 -1431.833583 -664.513724
1.800000 1.995405 28.730968 -1409.362072 -643.126488
1.850000 2.025798 29.272835 -1386.715385 -608.809047
1.900000 1.984029 30.058228 -1348.238868 -586.371545
1.950000 1.989703 28.782196 -1409.762427 -645.716309
2.000000 1.992305 28.152218 -1433.966300 -668.921359
2.050000 2.005359 28.787806 -1407.636221 -637.578389
2.100000 1.991581 30.722869 -1319.806554 -555.039299
2.150000 2.040180 29.054543 -1397.108003 -613.679054
2.200000 1.961712 29.109248 -1391.620964 -638.323452
2.250000 1.991772 28.565904 -1420.500718 -655.660092
2.300000 1.978074 28.182015 -1436.379806 -676.799315
2.350000 1.981645 30.164075 -1348.217091 -587.265517
2.400000 2.038904 29.194811 -1389.381882 -606.442925
2.450000 1.997510 28.443121 -1424.837564 -657.793676
2.500000 2.025660 29.582091 -1374.432788 -596.579533
2.550000 1.971559 28.547432 -1419.682816 -662.604078
2.600000 1.992364 28.852625 -1405.861663 -640.793698
2.650000 2.017030 30.331679 -1338.394397 -563.854974
2.700000 1.995827 28.362749 -1426.597046 -660.199518
2.750000 2.012271 28.512920 -1421.093363 -648.381303
2.800000 2.012303 28.677619 -1416.109200 -643.384842
2.850000 1.991975 28.743073 -1409.646985 -644.728598
2.900000 2.012433 29.131552 -1394.326717 -621.552602
2.950000 1.989354 28.282668 -1430.244613 -666.332850
3.000000 2.008175 28.971714 -1401.511430 -630.372272
3.050000 2.027457 27.668661 -1457.063466 -678.519853
3.100000 1.941378 29.234116 -1383.028964 -637.539931
3.150000 1.983191 28.732246 -1409.280959 -647.735740
3.200000 2.023726 27.669298 -1460.426901 -683.316066
3.250000 1.998725 27.886210 -1448.617583 -681.107020
3.300000 2.007498 29.747398 -1367.104312 -596.225187
3.350000 2.033246 28.877788 -1406.301642 -625.535115
3.400000 1.974125 27.899844 -1444.961033 -686.896884
3.450000 1.957358 29.865796 -1355.421219 -603.795650
3.500000 2.038719 28.594037 -1420.505717 -637.637518
3.550000 1.971828 28.222082 -1433.776504 -676.594596
3.600000 1.955410 30.254114 -1339.709151 -588.831828
3.650000 1.974218 30.101945 -1346.435462 -588.335899
3.700000 2.009644 28.131047 -1437.089328 -665.385856
3.750000 1.980353 27.126975 -1483.766757 -723.311234
3.800000 2.009189 28.292146 -1431.329110 -659.800371
3.850000 1.984184 28.517301 -1419.180029 -657.253382
3.900000 2.082121 29.192570 -1395.553252 -596.018775
3.950000 2.047984 28.553256 -1420.655077 -634.229056
4.000000 1.982998 29.602887 -1368.891872 -607.420676
4.050000 2.022053 29.270598 -1386.507249 -610.038944
4.100000 1.988596 27.706113 -1458.181898 -694.560945
4.150000 1.994904 28.320954 -1427.301412 -661.258190
4.200000 2.008187 29.372504 -1382.011679 -610.867848
4.250000 2.006836 29.103663 -1396.276599 -625.651763
4.300000 2.028540 28.116138 -1437.867410 -658.907897
4.350000 1.972883 29.115124 -1391.069989 -633.483057
4.400000 1.990760 29.246939 -1387.397506 -622.945625
4.450000 2.037212 28.826557 -1409.532977 -627.243498
4.500000 1.981252 29.222551 -1386.258809 -625.458025
4.550000 2.002578 27.312060 -1475.061858 -706.071800
4.600000 1.999048 28.958791 -1401.030655 -633.396257
4.650000 1.992447 29.115331 -1393.923144 -628.823622
4.700000 2.024443 29.007707 -1398.682738 -621.296545
4.750000 1.985131 28.826222 -1405.523451 -643.232979
4.800000 1.997992 29.758723 -1366.103664 -598.874797
4.850000 2.026597 28.864372 -1405.853943 -627.640610
4.900000 2.013651 29.137657 -1390.776332 -617.534345
4.950000 1.995583 28.620787 -1416.662121 -650.358179
5.000000 1.968971 28.262823 -1428.324609 -672.239764
5.050000 1.995999 30.305629 -1337.103563 -570.639872
5.100000 2.022520 28.921254 -1402.048183 -625.400566
5.150000 1.973295 27.722865 -1456.699224 -698.953967
5.200000 1.988396 29.628544 -1375.169683 -611.625445
5.250000 2.027612 28.799609 -1409.937318 -631.334170
5.300000 2.006045 28.702129 -1411.626896 -641.305650
5.350000 2.000665 28.456896 -1422.460895 -654.205682
5.400000 2.011573 29.979915 -1350.875138 -578.430988
5.450000 1.969973 27.450809 -1465.556368 -709.086732
5.500000 2.001327 28.778128 -1407.161244 -638.651507
5.550000 1.962257 27.580406 -1460.344088 -706.837441
5.600000 2.001730 30.242724 -1339.676528 -571.012173
5.650000 2.006994 28.817094 -1404.746128 -634.060455
5.700000 1.972728 28.664134 -1412.555062 -655.027631
5.750000 2.018274 30.206742 -1342.013234 -566.996023
5.800000 1.995835 29.199681 -1389.109819 -622.709064
5.850000 2.044694 28.912494 -1400.340084 -615.177688
5.900000 1.989338 27.916921 -1445.684904 -681.778925
5.950000 1.975222 28.765394 -1407.746444 -649.261225
6.000000 2.010569 28.256441 -1433.500632 -661.442152
6.050000 1.981196 29.637166 -1368.831789 -608.052542
6.100000 2.007063 29.578682 -1370.896577 -600.184431
6.150000 2.012559 29.414637 -1382.431910 -609.609218
6.200000 1.960115 29.149767 -1389.175635 -636.491477
6.250000 1.998473 28.492993 -1422.592965 -655.179333
6.300000 1.997118 28.454092 -1425.277083 -658.383810
6.350000 2.032370 28.110486 -1441.629027 -661.198760
6.400000 1.987365 28.729171 -1413.417698 -650.269431
6.450000 1.989523 28.809125 -1407.975048 -643.998388
6.500000 2.025362 28.811638 -1411.052065 -633.313019
6.550000 2.019371 28.816878 -1410.479262 -635.040749
6.600000 1.974187 28.734950 -1410.766000 -652.678316
6.650000 1.995588 28.253939 -1434.899759 -668.594130
6.700000 2.024533 28.655754 -1412.306583 -634.885863
6.750000 1.939044 28.642792 -1411.728360 -667.135427
6.800000 1.978081 28.738476 -1409.098873 -649.515676
6.850000 1.997496 28.924425 -1403.041911 -636.003624
6.900000 2.011663 28.405604 -1425.713251 -653.234771
6.950000 2.025764 29.226321 -1391.571126 -613.677603
7.000000 2.031871 27.976149 -1446.644789 -666.406206
7.050000 1.991531 27.665820 -1459.694471 -694.946572
7.100000 1.976611 29.840404 -1363.508926 -604.490220
7.150000 2.012572 29.054727 -1398.495156 -625.667376
7.200000 2.032760 28.946081 -1406.176957 -625.597229
7.250000 1.997857 27.657547 -1460.685138 -693.507892
7.300000 1.983710 29.099213 -1392.368705 -630.624030
7.350000 2.016815 29.382722 -1379.896118 -605.439034
7.400000 1.999243 28.535907 -1419.720719 -652.011501
7.450000 2.014377 28.009505 -1443.430877 -669.909931
7.500000 2.010966 17.841680 -1512.664995 -740.454106
7.550000 2.025583 17.477773 -1529.866561 -752.042629
7.600000 2.012044 16.585227 -1574.126419 -801.501417
7.650000 1.971826 17.356495 -1537.430276 -780.249159
7.700000 2.029255 17.015223 -1555.280270 -776.046408
7.750000 1.982232 17.942676 -1508.087376 -746.910372
7.800000 2.026642 18.242790 -1494.347466 -716.116806
7.850000 2.027278 16.621637 -1572.278612 -793.803879
7.900000 1.995194 17.808984 -1513.783919 -747.629453
7.950000 2.014832 16.861233 -1561.423990 -787.728368
8.000000 1.960774 18.149492 -1498.127809 -745.190716
8.050000 2.009091 18.329995 -1487.213951 -715.723123
8.100000 1.993274 19.619743 -1431.061565 -665.644308
8.150000 2.033280 18.290644 -1493.057368 -712.277996
8.200000 2.029465 16.413541 -1583.993584 -804.678845
8.250000 1.962853 16.245957 -1592.388661 -838.653039
8.300000 2.048290 16.770664 -1567.061146 -780.517831
8.350000 1.955285 18.786862 -1466.558025 -715.728501
8.400000 2.003237 18.178527 -1501.572802 -732.329631
8.450000 2.005655 18.633804 -1477.640629 -707.469285
8.500000 2.025122 17.589274 -1526.964291 -749.317484
8.550000 1.988656 17.361050 -1534.061222 -770.417443
8.600000 2.014253 17.315903 -1539.318564 -765.845568
8.650000 1.972384 18.636884 -1475.255377 -717.860095
8.700000 2.016986 17.947443 -1507.810529 -733.287827
8.750000 1.985527 17.349107 -1531.579427 -769.136869
8.800000 2.015647 18.331549 -1489.384432 -715.375816
8.850000 2.003980 17.106042 -1549.204121 -779.675727
8.900000 1.995185 17.803803 -1514.582107 -748.431251
8.950000 2.001067 18.963811 -1459.709723 -691.299963
9.000000 2.024562 17.886539 -1510.832955 -733.401312
9.050000 2.011884 17.112087 -1547.599043 -775.035678
9.100000 1.986921 17.255173 -1538.487747 -775.509930
9.150000 1.991714 17.772925 -1512.768413 -747.950212
9.200000 2.011847 18.013704 -1503.721428 -731.172151
9.250000 2.007512 17.358164 -1536.702979 -765.818241
9.300000 2.025729 17.809975 -1516.632592 -738.752600
9.350000 1.977487 16.692961 -1567.845212 -808.490283
9.400000 1.979434 17.066311 -1549.519360 -789.416610
9.450000 1.983341 18.313596 -1489.126337 -727.523449
9.500000 2.030054 18.257052 -1496.580455 -717.039884
9.550000 1.970365 17.189830 -1543.233362 -786.613274
9.600000 2.023790 17.737386 -1519.712557 -742.577257
9.650000 1.981131 18.675947 -1473.481340 -712.727044
9.700000 2.027967 17.418102 -1535.560229 -756.821008
9.750000 2.025720 16.620620 -1573.586025 -795.709682
9.800000 1.975621 16.642286 -1566.199512 -807.561000
9.850000 2.008100 17.707066 -1518.534746 -747.424502
9.900000 1.997123 17.906171 -1507.081747 -740.186538
9.950000 2.020383 19.229726 -1448.409926 -672.582895
10.000000 2.012230 18.228974 -1500.678174 -727.981838
10.050000 2.011150 16.609111 -1575.875507 -803.594024
10.100000 1.936431 18.958769 -1457.447820 -713.858498
10.150000 2.064562 18.740801 -1473.165627 -680.373788
10.200000 1.971527 17.208601 -1543.433586 -786.367039
10.250000 2.015284 17.518992 -1530.134063 -756.265005
10.300000 1.989001 17.731609 -1520.427926 -756.651569
10.350000 2.001408 17.662286 -1523.372774 -754.832046
10.400000 2.002206 18.025555 -1506.604933 -737.757788
10.450000 2.031423 17.837672 -1514.254649 -734.188062
10.500000 1.991080 17.587937 -1526.475525 -761.900958
10.550000 2.006122 17.192579 -1544.846391 -774.495709
10.600000 2.001061 17.225107 -1543.400009 -774.992720
10.650000 1.996762 17.311139 -1540.242837 -773.486409
10.700000 2.016763 16.935231 -1559.018422 -784.581372
10.750000 1.982997 19.540256 -1428.845537 -667.374758
10.800000 2.030492 18.488876 -1483.748536 -704.039657
10.850000 1.977467 18.076078 -1501.800351 -742.452846
10.900000 2.002122 17.659667 -1530.705973 -761.890950
10.950000 1.979430 18.823243 -1466.541374 -706.440297
11.000000 2.035248 18.496512 -1482.814256 -701.278906
11.050000 2.020760 17.189392 -1544.715734 -768.743745
11.100000 1.988778 15.226672 -1638.726319 -875.035516
11.150000 1.993612 16.539475 -1576.186906 -810.639883
11.200000 1.984531 19.119448 -1451.673661 -689.613640
11.250000 2.003484 19.478374 -1435.918667 -666.580900
11.300000 2.035038 18.153180 -1503.781952 -722.327369
11.350000 1.994976 17.064708 -1552.329246 -786.258334
11.400000 1.993123 17.143722 -1542.816249 -777.456847
11.450000 2.008692 17.863373 -1512.787148 -741.449296
11.500000 1.969446 17.178583 -1542.878464 -786.611058
11.550000 1.995515 18.108665 -1501.206094 -734.928503
11.600000 2.030854 17.418938 -1536.581548 -756.733612
11.650000 1.973981 17.095802 -1545.977424 -787.968611
11.700000 2.025622 17.393941 -1534.762545 -756.923777
11.750000 1.994776 17.393314 -1539.616860 -773.622876
11.800000 1.991685 17.207748 -1543.328212 -778.521203
11.850000 1.974541 17.121982 -1545.639876 -787.415951
11.900000 1.972460 17.298085 -1538.414221 -780.989406
11.950000 2.007518 17.704420 -1520.961042 -750.074045
12.000000 1.987819 17.464477 -1532.780524 -769.458000
12.050000 2.015694 16.901995 -1556.384865 -782.358246
12.100000 1.964307 16.447065 -1573.639342 -819.345330
12.150000 1.990892 16.432969 -1581.277278 -816.774786
12.200000 2.013788 18.255048 -1493.362329 -720.067924
12.250000 2.019049 18.122782 -1497.802750 -722.488084
12.300000 1.977791 17.154758 -1545.468611 -785.996839
12.350000 2.023600 17.703860 -1523.852048 -746.789747
12.400000 1.953658 18.148380 -1498.728844 -748.524362
12.450000 2.031139 17.250823 -1549.250389 -769.293084
12.500000 1.983534 18.507898 -1482.348091 -720.671073
12.550000 2.040880 17.749653 -1520.501537 -736.803608
12.600000 2.001377 17.125062 -1545.224823 -776.696161
12.650000 2.000677 16.178390 -1591.771287 -823.511404
12.700000 1.991565 18.089966 -1498.305523 -733.544694
12.750000 1.977519 17.910699 -1509.506512 -750.139304
12.800000 2.026314 17.012029 -1555.163941 -777.059312
12.850000 1.975993 16.756111 -1569.777563 -810.996075
12.900000 1.999373 17.402028 -1536.725194 -768.966114
12.950000 2.002098 17.658663 -1524.316600 -755.510797
13.000000 1.991331 18.309658 -1495.272964 -730.601969
13.050000 2.017726 19.737728 -1426.737306 -651.930525
13.100000 2.021324 17.444253 -1530.753968 -754.565717
13.150000 1.980161 17.242305 -1539.179175 -778.797259
13.200000 1.977325 17.353376 -1535.118418 -775.825674
13.250000 2.002079 18.916463 -1463.183476 -694.385089
13.300000 2.030767 17.396401 -1540.365636 -760.551277
13.350000 1.992705 17.205202 -1544.149378 -778.950491
13.400000 1.977668 16.754682 -1561.393557 -801.969223
13.450000 1.993649 17.379220 -1537.060566 -771.499476
13.500000 2.000822 18.949126 -1464.368715 -696.053075
13.550000 2.028455 18.499787 -1487.461043 -708.534464
13.600000 2.042430 18.935612 -1461.516108 -677.223107
13.650000 2.028262 17.324342 -1537.046972 -758.194321
13.700000 1.995757 16.749659 -1563.368973 -796.998303
13.750000 1.986359 17.131454 -1545.912944 -783.150996
13.800000 2.027315 18.175327 -1495.934014 -717.445112
13.850000 1.999877 16.308051 -1582.577552 -814.624712
13.900000 1.973383 17.305340 -1536.779164 -778.999925
13.950000 1.978587 16.543523 -1573.762635 -813.985176
14.000000 1.981572 19.194513 -1449.664366 -688.740546
14.050000 2.014448 17.244406 -1541.812888 -768.264805
14.100000 2.023564 17.586809 -1525.968512 -748.920065
14.150000 1.975432 18.095131 -1501.922904 -743.357194
14.200000 1.991403 17.868621 -1515.271130 -750.572202
14.250000 2.017917 18.093887 -1505.138060 -730.258039
14.300000 2.026299 17.333755 -1539.489437 -761.390615
14.350000 2.017581 16.713262 -1565.960123 -791.209028
14.400000 1.980895 15.812832 -1605.242211 -844.578691
14.450000 1.976098 17.907084 -1512.994508 -754.172847
14.500000 1.986770 18.565068 -1478.797565 -715.878072
14.550000 2.021131 19.606875 -1428.606428 -652.492278
14.600000 2.019178 17.411279 -1536.499801 -761.135290
14.650000 1.995213 18.113239 -1500.030034 -733.868248
14.700000 2.004340 17.758095 -1518.455349 -748.788743
14.750000 1.985743 18.135819 -1499.860460 -737.335248
14.800000 1.982096 17.684107 -1519.585698 -758.460681
14.850000 1.997208 17.196735 -1545.330202 -778.402214
14.900000 2.011976 16.930791 -1555.335822 -782.736924
14.950000 2.022016 17.836744 -1511.494694 -735.040412
15.000000 1.983854 12.948502 -1403.651924 -641.852127
15.050000 1.976040 13.462008 -1372.472493 -613.673000
15.100000 1.985529 13.662908 -1368.694334 -606.251253
15.150000 2.009177 14.398059 -1334.487733 -562.963715
15.200000 1.978280 13.794050 -1364.504022 -604.844653
15.250000 2.034097 13.572565 -1375.218416 -594.124994
15.300000 1.999096 13.410864 -1384.743666 -617.090660
15.350000 1.996961 13.575831 -1377.254497 -610.421554
15.400000 1.994633 12.702361 -1423.606394 -657.667330
15.450000 1.990290 13.299431 -1388.559654 -624.288373
15.500000 2.028784 14.250657 -1338.164244 -559.111170
15.550000 2.006158 13.372797 -1381.322237 -610.957481
15.600000 2.012903 13.001102 -1401.181424 -628.226830
15.650000 1.997839 13.946062 -1350.503387 -583.333041
15.700000 2.005955 14.206777 -1338.440709 -568.154037
15.750000 1.980186 14.488307 -1327.542205 -567.150940
15.800000 1.999966 14.079956 -1347.826474 -579.839460
15.850000 1.966174 13.605957 -1376.062590 -621.051719
15.900000 2.034173 15.362976 -1288.494717 -507.372224
15.950000 2.003037 14.824341 -1310.378778 -541.212632
16.000000 2.023758 14.038220 -1346.687117 -569.564037
16.050000 1.972474 14.490415 -1318.887864 -561.457773
16.100000 1.979170 15.316148 -1274.647960 -514.646845
16.150000 2.016754 15.067835 -1294.492894 -520.059233
16.200000 1.990909 15.390953 -1280.000815 -515.491795
16.250000 2.002024 15.441858 -1278.935303 -510.158092
16.300000 2.006730 15.427719 -1281.805944 -511.221493
16.350000 2.000106 14.704947 -1323.654205 -555.613532
16.400000 1.999061 15.544975 -1277.986788 -510.347482
16.450000 2.034908 15.213470 -1294.054873 -512.650306
16.500000 1.951323 14.469456 -1329.232493 -579.924513
16.550000 2.013538 16.243022 -1234.808709 -461.610260
16.600000 2.012464 14.534321 -1325.963273 -553.177170
16.650000 2.005391 14.465531 -1326.321652 -556.251453
16.700000 1.993921 14.633921 -1316.979265 -551.313588
16.750000 1.987657 14.882200 -1309.531661 -546.271262
16.800000 2.006054 15.661281 -1269.140129 -498.815203
16.850000 1.985840 15.759970 -1264.120426 -501.557989
16.900000 2.017168 15.602136 -1276.796573 -502.203942
16.950000 1.988164 14.948107 -1305.433772 -541.978937
17.000000 2.041785 15.624178 -1271.861931 -487.816533
17.050000 1.984984 14.187045 -1341.607311 -579.373399
17.100000 2.002803 15.240229 -1286.009326 -516.933012
17.150000 2.008231 15.710822 -1264.526597 -493.365894
17.200000 2.008431 14.980627 -1308.796869 -537.559234
17.250000 2.017627 15.468069 -1281.810122 -507.041310
17.300000 2.004347 15.735883 -1265.081402 -495.412039
17.350000 1.967303 16.079085 -1245.066939 -489.622615
17.400000 2.012145 16.584696 -1221.028801 -448.365170
17.450000 2.010482 16.037933 -1249.586614 -477.561402
17.500000 2.012575 15.109478 -1298.510278 -525.681359
17.550000 2.014289 14.230254 -1340.477092 -566.990228
17.600000 1.986119 14.937727 -1305.571906 -542.902350
17.650000 1.982492 15.027749 -1302.814340 -541.537564
17.700000 1.989573 15.469609 -1279.547727 -515.551613
17.750000 1.979645 15.236293 -1295.666152 -535.482506
17.800000 2.022906 15.926668 -1261.329060 -484.533212
17.850000 2.017905 15.496463 -1280.927744 -506.052246
17.900000 2.002049 14.917945 -1313.160877 -544.374200
17.950000 1.991490 16.567507 -1226.929962 -462.197740
18.000000 2.003851 16.289490 -1242.674437 -473.195502
18.050000 2.009775 17.295595 -1190.501824 -418.748391
18.100000 2.044077 15.754405 -1269.579982 -484.654523
18.150000 1.981703 15.392319 -1279.008881 -518.034847
18.200000 1.978635 15.597634 -1262.377245 -502.581258
18.250000 1.986379 14.300093 -1335.078201 -572.308654
18.300000 1.975823 14.532631 -1324.475399 -565.759431
18.350000 2.031214 14.904387 -1312.208347 -532.222353
18.400000 1.990063 14.578341 -1332.317112 -568.132757
18.450000 1.998747 16.465508 -1229.155905 -461.637021
18.500000 1.994764 15.650236 -1272.919438 -506.930086
18.550000 2.011758 15.371446 -1283.718532 -511.203579
18.600000 2.027047 15.013290 -1302.758472 -524.372378
18.650000 1.980960 15.675262 -1270.418289 -509.729794
18.700000 2.016540 14.677953 -1326.129743 -551.778317
18.750000 1.990244 15.825461 -1259.238979 -494.985374
18.800000 2.016976 15.917013 -1255.340849 -480.822103
18.850000 1.984909 15.139017 -1296.657323 -534.452077
18.900000 1.994196 14.919308 -1306.194923 -540.423517
18.950000 2.003924 15.237395 -1289.940512 -520.433717
19.000000 2.016568 14.949181 -1306.776873 -532.414878
19.050000 1.987133 15.268565 -1288.894638 -525.835681
19.100000 1.982745 15.267661 -1289.944214 -528.570189
19.150000 1.988139 14.207022 -1346.814204 -583.368820
19.200000 2.010548 15.730845 -1267.572427 -495.522175
19.250000 2.010277 15.231806 -1295.225697 -523.279517
19.300000 1.982545 14.806492 -1313.453231 -552.156093
19.350000 1.998978 16.371073 -1231.780693 -464.173100
19.400000 2.021083 15.576743 -1274.018004 -497.922118
19.450000 2.001217 14.806942 -1312.601898 -544.134675
19.500000 1.985664 14.999490 -1300.843584 -538.348594
19.550000 2.017881 14.796081 -1318.274087 -543.407635
19.600000 1.964576 15.619780 -1279.218829 -524.821684
19.650000 1.992897 15.990581 -1254.923452 -489.651042
19.700000 1.979012 15.221461 -1295.975609 -536.034815
19.750000 1.994418 16.428246 -1235.181403 -469.324823
19.800000 1.996426 15.373575 -1289.826992 -523.199411
19.850000 2.003842 15.948654 -1254.409759 -484.934271
19.900000 2.005850 15.747891 -1266.804704 -496.558155
19.950000 1.998290 14.429714 -1336.923576 -569.580373
20.000000 1.964791 14.957122 -1307.600201 -553.120422
20.050000 1.980253 16.639120 -1224.422963 -464.005942
20.100000 2.023469 15.456335 -1287.007148 -509.995175
20.150000 2.015841 14.371868 -1337.455970 -563.373058
20.200000 2.006309 15.009103 -1300.136415 -529.713682
20.250000 1.991605 14.986867 -1301.838516 -537.062089
20.300000 1.960607 15.675435 -1265.367261 -512.494264
20.350000 2.011245 15.521191 -1281.021821 -508.703875
20.400000 2.007257 16.470198 -1227.231037 -456.444378
20.450000 2.001954 15.321748 -1288.580800 -519.830377
20.500000 1.991096 14.973912 -1308.569243 -543.988564
20.550000 2.007722 15.608136 -1278.252422 -507.287359
20.600000 1.993860 15.637176 -1276.898426 -511.256376
20.650000 2.012075 16.852890 -1213.041831 -440.404895
20.700000 2.021390 16.314979 -1239.581699 -463.367762
20.750000 2.018421 15.032964 -1301.591683 -526.518009
20.800000 1.969836 15.198180 -1288.017007 -531.600068
20.850000 2.012847 15.179937 -1291.523475 -518.590252
20.900000 1.977230 14.756400 -1317.919521 -558.663179
20.950000 2.030051 15.380151 -1290.053674 -510.514192
21.000000 2.004211 14.493013 -1332.917784 -563.300917
21.050000 2.028711 14.663841 -1322.739253 -543.714405
21.100000 2.002621 14.175286 -1344.519634 -575.512986
21.150000 1.995719 15.004761 -1301.621668 -535.265717
21.200000 2.012801 15.271416 -1295.165034 -522.249566
21.250000 1.993836 15.000138 -1309.918804 -544.285832
21.300000 1.990495 15.246237 -1293.261667 -528.911602
21.350000 1.997926 15.743825 -1272.034818 -504.831396
21.400000 2.052591 15.329608 -1284.704442 -496.509608
21.450000 1.984350 15.204303 -1286.141154 -524.150728
21.500000 2.000032 15.444643 -1280.124633 -512.112423
21.550000 2.009313 14.973322 -1308.691590 -537.115524
21.600000 2.034820 14.346859 -1337.694452 -556.323559
21.650000 1.980790 15.128009 -1291.548423 -530.925089
21.700000 1.984768 14.915385 -1303.001765 -540.850826
21.750000 1.976380 14.295210 -1331.740135 -572.810254
21.800000 1.985906 15.387592 -1277.236315 -514.648524
21.850000 2.026829 15.197082 -1295.368166 -517.065956
21.900000 2.016620 15.581348 -1272.591476 -498.209554
21.950000 2.018894 15.742405 -1268.347943 -493.092671
22.000000 2.009478 14.881964 -1313.265490 -541.626020
22.050000 1.993486 15.197267 -1297.393134 -531.894678
22.100000 1.966300 15.715382 -1264.285425 -509.226208
22.150000 2.022857 15.663773 -1270.168478 -493.391236
22.200000 2.010859 14.703199 -1318.342205 -546.172193
22.250000 1.985628 14.442676 -1329.810483 -567.329163
22.300000 2.016345 15.159904 -1289.968364 -515.692045
22.350000 1.988860 14.735302 -1322.207385 -558.485224
22.400000 1.952295 16.190618 -1243.454735 -493.773279
22.450000 2.013324 15.539460 -1276.385390 -503.268979
22.500000 2.013783 9.373483 -1266.972384 -493.679860
22.550000 2.007270 9.199119 -1272.480832 -501.689252
22.600000 1.996111 8.299893 -1331.284216 -564.777515
22.650000 2.007101 8.618814 -1306.566710 -535.839949
22.700000 1.990238 8.424999 -1316.947898 -552.696594
22.750000 2.009969 9.029057 -1284.479735 -512.651813
22.800000 1.989601 8.413671 -1328.625230 -564.618411
22.850000 2.003410 9.477540 -1268.403124 -499.093818
22.900000 1.987455 9.744559 -1260.248228 -497.065598
22.950000 2.049822 9.885359 -1252.881918 -465.750258
23.000000 2.004415 9.238601 -1285.595702 -515.900335
23.050000 2.003233 8.930697 -1300.803068 -531.561748
23.100000 2.018728 8.325751 -1333.639818 -558.448341
23.150000 2.002286 7.745738 -1363.987019 -595.109020
23.200000 2.004704 8.418507 -1319.195115 -549.388593
23.250000 1.975865 8.725835 -1301.916475 -543.184183
23.300000 1.990218 9.593380 -1259.921958 -495.678295
23.350000 2.016132 9.691025 -1247.655466 -473.460779
23.400000 2.000045 8.066205 -1337.940857 -569.923471
23.450000 1.964188 8.754632 -1308.626648 -554.378489
23.500000 1.977615 10.717343 -1208.693292 -449.289211
23.550000 2.021110 9.801342 -1257.384674 -481.278267
23.600000 1.991031 8.609818 -1318.208834 -553.652982
23.650000 2.016684 9.495082 -1269.076547 -494.669708
23.700000 2.004182 9.896746 -1253.269991 -483.664230
23.750000 1.993704 8.951023 -1307.628783 -542.046437
23.800000 1.991131 9.722910 -1254.319841 -489.725570
23.850000 2.003284 9.078172 -1288.815693 -519.554607
23.900000 1.990257 9.617653 -1251.224002 -486.965229
23.950000 2.021689 9.135315 -1285.152258 -508.823781
24.000000 1.981149 9.343437 -1268.605826 -507.844454
24.050000 2.016341 9.092652 -1287.213052 -512.938000
24.100000 1.994587 9.665120 -1250.157378 -484.235883
24.150000 2.013942 9.213845 -1288.487178 -515.133332
24.200000 1.998635 9.522606 -1270.026612 -502.550583
24.250000 2.001431 9.229186 -1279.883209 -511.333645
24.300000 1.993751 8.963561 -1293.614263 -528.013964
24.350000 2.049491 9.526387 -1265.407837 -478.403223
24.400000 2.007352 9.230409 -1283.578755 -512.755399
24.450000 1.988638 9.674572 -1262.737008 -499.099991
24.500000 1.998515 9.950904 -1250.023092 -482.593401
24.550000 2.017654 9.219046 -1286.853037 -512.074041
24.600000 2.005565 8.717312 -1310.398829 -540.261960
24.650000 1.996641 8.029162 -1348.556486 -581.846384
24.700000 1.972445 9.402874 -1268.826871 -511.407826
24.750000 1.997757 9.594887 -1260.416566 -493.277798
24.800000 1.975630 9.122733 -1285.901588 -527.259540
24.850000 2.015902 8.968124 -1300.503134 -526.396873
24.900000 2.004150 8.650155 -1310.261145 -540.667705
24.950000 1.998674 9.404090 -1262.309581 -494.818840
25.000000 1.989440 9.625792 -1253.297376 -489.352583
25.050000 2.003313 9.049025 -1292.481665 -523.209367
25.100000 2.012120 8.801262 -1302.193678 -529.539444
25.150000 1.985500 9.054736 -1288.779389 -526.347510
25.200000 2.005136 9.259116 -1280.565395 -510.593140
25.250000 2.010326 9.245639 -1280.692881 -508.727784
25.300000 2.030516 9.158671 -1286.760601 -507.042587
25.350000 2.007700 8.932604 -1298.539108 -527.582369
25.400000 2.017997 9.101426 -1287.407790 -512.496847
25.450000 2.009058 9.133084 -1285.260908 -513.782543
25.500000 2.018669 8.774581 -1308.756580 -533.587756
25.550000 2.003090 8.900634 -1301.796869 -532.610295
25.600000 2.013958 8.198829 -1337.209708 -563.849932
25.650000 1.970793 8.456008 -1318.445332 -561.660836
25.700000 1.993906 10.260204 -1216.928773 -451.269040
25.750000 2.038207 9.859635 -1236.691460 -454.020098
25.800000 1.989169 8.494891 -1308.590025 -544.749128
25.850000 1.988341 8.636477 -1295.754507 -532.231472
25.900000 2.018310 7.404960 -1370.731047 -595.699859
25.950000 1.975024 8.666135 -1310.844974 -552.435745
26.000000 1.996201 9.676762 -1257.418630 -490.877308
26.050000 2.002942 9.281256 -1278.117684 -508.987969
26.100000 1.983449 9.552621 -1261.490332 -499.845840
26.150000 1.993332 9.679439 -1258.387904 -492.948273
26.200000 1.993254 9.464788 -1273.690236 -508.280823
26.250000 2.012821 8.954980 -1295.017974 -522.094841
26.300000 1.996681 8.455692 -1321.743029 -555.017420
26.350000 2.011208 8.898222 -1297.939427 -525.635445
26.400000 1.974246 8.671487 -1300.725348 -542.614965
26.450000 2.010095 8.607699 -1311.304537 -539.428026
26.500000 1.989430 8.836458 -1303.617524 -539.676579
26.550000 2.016574 9.445427 -1270.927830 -496.563383
26.600000 2.013089 8.631865 -1319.465223 -546.438991
26.650000 2.003627 8.979370 -1294.636626 -525.243997
26.700000 2.020205 8.808162 -1303.321785 -527.563035
26.750000 2.000529 8.141663 -1342.612860 -574.409839
26.800000 1.966766 9.609455 -1259.152800 -503.914548
26.850000 1.996179 8.965934 -1299.934021 -533.401386
26.900000 2.033426 8.668171 -1315.547758 -534.712348
26.950000 1.995742 8.032060 -1348.255553 -581.890454
27.000000 1.992803 8.402768 -1334.703685 -569.467245
27.050000 2.006084 9.161524 -1292.884613 -522.548448
27.100000 1.998672 8.933205 -1304.690493 -537.200531
27.150000 2.015959 8.873776 -1303.286252 -529.157943
27.200000 2.020133 8.819334 -1304.964227 -529.233315
27.250000 1.962799 9.133271 -1279.295136 -525.580251
27.300000 1.991250 8.831899 -1298.977426 -534.337455
27.350000 1.991942 8.204826 -1327.767007 -562.861186
27.400000 1.993701 7.510602 -1368.243684 -602.662472
27.450000 1.974873 8.712137 -1304.917282 -546.565966
27.500000 1.971791 9.262836 -1281.159495 -523.991781
27.550000 2.007993 9.504574 -1271.830570 -500.761368
27.600000 2.014653 9.181826 -1281.857065 -508.230250
27.650000 1.987824 8.542405 -1314.206962 -550.882518
27.700000 2.008234 8.087372 -1339.132753 -567.970845
27.750000 2.006497 9.879003 -1236.118580 -465.623837
27.800000 2.012521 8.379101 -1321.371849 -548.563801
27.850000 1.979189 8.818159 -1293.695459 -533.686957
27.900000 1.990026 9.301638 -1271.862554 -507.692409
27.950000 2.016193 8.929806 -1298.007424 -523.789227
28.000000 2.003568 8.676759 -1315.525765 -546.155600
28.050000 1.985741 9.544252 -1256.890939 -494.366339
28.100000 2.035081 8.606298 -1312.125530 -530.654306
28.150000 1.980656 9.649001 -1251.732400 -491.160413
28.200000 2.004134 9.206438 -1283.757872 -514.170281
28.250000 2.019467 8.797061 -1309.807444 -534.332191
28.300000 1.987627 9.822558 -1248.542468 -485.293865
28.350000 2.016650 9.530199 -1270.659571 -496.265811
28.400000 1.988469 9.225288 -1283.048892 -519.476903
28.450000 2.019914 8.406663 -1329.636317 -553.989397
28.500000 1.996061 8.646886 -1309.766156 -543.278811
28.550000 1.964627 9.561593 -1259.359870 -504.943178
28.600000 2.032815 8.253939 -1338.019291 -557.418333
28.650000 1.987524 8.329258 -1328.979317 -565.770106
28.700000 1.971974 9.943464 -1242.923409 -485.685315
28.750000 2.003560 10.052293 -1238.142495 -468.775483
28.800000 2.001581 9.979823 -1237.995482 -469.388494
28.850000 2.002768 9.236634 -1280.065709 -511.002904
28.900000 2.007223 8.877743 -1307.849417 -537.075847
28.950000 1.997001 8.993975 -1296.159257 -529.310857
29.000000 1.996946 9.868110 -1248.994293 -482.167060
29.050000 1.990474 9.245626 -1278.813317 -514.471114
29.100000 1.977854 8.789288 -1307.102119 -547.606314
29.150000 1.987670 10.271535 -1219.556271 -456.291118
29.200000 1.971607 10.185349 -1225.548203 -468.451143
29.250000 2.027045 9.925909 -1247.494261 -469.109065
29.300000 1.994561 9.643229 -1261.613866 -495.702267
29.350000 1.997014 10.067815 -1237.658927 -470.805657
29.400000 1.979748 8.973454 -1294.137262 -533.913898
29.450000 1.980982 9.442524 -1261.948122 -501.251204
29.500000 2.021273 9.373305 -1269.471298 -493.302394
29.550000 1.984022 9.229878 -1281.236843 -519.372481
29.600000 2.015786 9.091222 -1292.605278 -518.543467
29.650000 1.983396 8.614239 -1321.076213 -559.452028
29.700000 1.993919 9.460551 -1271.583905 -505.918879
29.750000 2.002496 9.583350 -1263.537822 -494.579326
29.800000 2.009145 9.473829 -1265.525910 -494.014346
29.850000 1.984407 9.242421 -1275.606979 -513.594506
29.900000 2.001331 9.234204 -1280.723521 -512.212457
29.950000 2.026328 9.609288 -1259.145696 -481.035755
30.000000 1.988660 5.793636 -1193.340162 -429.694713
30.050000 2.015822 6.251461 -1166.117648 -392.041925
30.100000 2.003615 5.192851 -1226.209209 -456.821201
30.150000 1.992862 4.277908 -1280.215046 -514.956098
30.200000 2.001821 5.170034 -1224.041225 -455.341822
30.250000 1.995995 4.677223 -1255.063112 -488.600954
30.300000 1.992116 5.084719 -1227.651870 -462.679400
30.350000 1.995977 5.724710 -1186.964452 -420.509431
30.400000 2.005931 5.317390 -1210.929998 -440.652317
30.450000 2.004374 5.249919 -1215.289057 -445.609293
30.500000 1.982038 5.129717 -1225.789576 -464.686964
30.550000 2.029827 5.275453 -1223.874598 -444.420970
30.600000 1.998854 5.599881 -1200.833745 -433.273833
30.650000 1.995878 4.948768 -1243.728551 -477.311270
30.700000 1.984169 5.757358 -1187.570393 -425.649408
30.750000 1.992099 6.276232 -1157.169129 -392.203123
30.800000 2.001103 6.302956 -1158.773467 -390.349880
30.850000 1.995325 5.515079 -1210.760059 -444.555090
30.900000 2.010949 5.776398 -1196.510262 -424.305834
30.950000 2.008876 6.053890 -1176.382584 -404.974031
31.000000 1.989145 5.384733 -1219.315967 -455.484259
31.050000 1.986139 5.800357 -1197.569001 -434.891544
31.100000 2.000308 5.945898 -1185.190384 -417.072064
31.150000 2.005266 5.241545 -1218.188072 -448.165910
31.200000 1.998840 4.774141 -1244.199888 -476.645147
31.250000 2.001869 5.128972 -1221.008701 -452.290873
31.300000 1.997529 4.864772 -1235.064967 -468.013884
31.350000 2.003298 5.156853 -1217.386970 -448.120581
31.400000 1.998191 5.385922 -1205.364349 -438.058920
31.450000 2.013480 4.793912 -1252.156626 -478.980198
31.500000 1.989731 5.427974 -1214.573330 -450.516653
31.550000 1.989338 5.472825 -1216.051775 -452.146145
31.600000 1.980403 5.887912 -1190.327300 -429.852618
31.650000 2.003971 5.469723 -1221.635102 -452.110328
31.700000 2.027693 5.203768 -1234.132797 -455.498715
31.750000 1.982360 5.442215 -1210.847849 -449.621432
31.800000 1.989578 5.408429 -1214.734428 -450.736548
31.850000 2.002855 5.977510 -1179.301424 -410.205286
31.900000 1.986771 5.112656 -1236.168368 -473.248315
31.950000 2.006678 5.382491 -1222.882626 -452.318228
32.000000 1.993221 5.352968 -1217.373879 -451.976871
32.050000 2.005553 5.273709 -1214.907726 -444.775327
32.100000 2.014930 4.960825 -1230.407532 -456.674491
32.150000 1.986942 4.864810 -1234.113409 -471.127812
32.200000 1.983675 5.545758 -1192.168294 -430.437193
32.250000 1.991018 4.935038 -1236.041894 -471.491122
32.300000 1.983628 6.199638 -1157.245684 -395.532428
32.350000 2.007775 4.858560 -1248.276217 -477.290613
32.400000 2.002839 5.235259 -1223.545332 -454.455122
32.450000 2.002187 4.988098 -1237.726940 -468.887260
32.500000 1.995986 5.091044 -1231.729024 -465.270528
32.550000 2.002726 5.266704 -1225.174011 -456.127086
32.600000 1.990037 5.535154 -1210.770311 -446.596209
32.650000 2.016407 5.336558 -1222.358915 -448.058457
32.700000 2.011824 5.138139 -1233.448717 -460.908226
32.750000 1.992839 4.790677 -1256.188339 -490.938308
32.800000 1.998502 5.139951 -1235.802330 -468.377661
32.850000 1.985407 5.069025 -1234.049860 -471.653431
32.900000 2.003789 5.203340 -1219.829487 -450.374379
32.950000 1.988289 4.524996 -1255.988403 -492.485320
33.000000 1.993217 5.251892 -1210.440088 -445.044635
33.050000 2.012699 5.021318 -1228.310156 -455.433616
33.100000 2.009037 4.864553 -1235.167709 -463.697389
33.150000 2.003199 5.299185 -1204.120946 -434.892390
33.200000 1.999079 4.679054 -1244.923853 -477.277486
33.250000 1.980477 4.859417 -1231.888747 -471.385590
33.300000 2.016712 5.588271 -1195.945501 -421.528071
33.350000 2.008079 5.318472 -1218.034739 -446.932324
33.400000 1.994892 5.706856 -1198.888757 -432.850273
33.450000 2.026872 5.744141 -1193.356636 -415.037858
33.500000 2.034827 4.459850 -1262.374467 -481.000934
33.550000 2.015082 4.207174 -1267.932113 -494.140568
33.600000 1.989645 4.596508 -1254.477607 -490.453931
33.650000 1.994551 5.926011 -1182.097094 -416.189440
33.700000 1.991244 5.970453 -1180.792042 -416.154505
33.750000 1.982349 5.060484 -1232.351879 -471.129868
33.800000 2.017627 5.955770 -1176.052745 -401.284120
33.850000 1.994157 5.485415 -1209.903056 -444.146679
33.900000 2.008111 5.272980 -1229.536503 -458.421932
33.950000 2.013769 5.128325 -1234.677432 -461.390319
34.000000 1.979678 5.153915 -1226.246700 -466.050411
34.050000 2.020708 5.369299 -1209.984523 -434.032598
34.100000 1.988891 5.600286 -1190.091318 -426.357062
34.150000 2.010196 4.774674 -1245.465999 -473.550923
34.200000 1.965343 5.018675 -1229.412479 -474.720687
34.250000 2.009060 5.906852 -1175.358733 -403.879597
34.300000 1.988246 5.706841 -1193.023000 -429.536405
34.350000 1.992528 5.844261 -1186.760840 -421.630073
34.400000 1.984574 5.682730 -1201.436194 -439.359626
34.450000 1.996704 6.360824 -1164.269891 -397.535448
34.500000 2.008689 6.038420 -1187.725106 -416.388677
34.550000 2.016912 5.287167 -1222.405516 -447.911334
34.600000 1.988037 5.196065 -1217.837045 -454.430723
34.650000 1.986739 5.101718 -1229.999968 -467.092120
34.700000 2.015388 4.762487 -1257.126796 -483.217699
34.750000 2.001933 4.775841 -1249.464782 -480.722334
34.800000 1.988314 4.884923 -1244.300359 -480.787667
34.850000 2.015579 5.780812 -1185.059726 -411.077251
34.900000 2.003685 5.551409 -1201.782282 -432.367232
34.950000 1.991632 5.511552 -1209.286784 -444.500055
35.000000 2.003027 5.829022 -1192.997987 -423.835695
35.050000 1.994603 6.239444 -1168.499187 -402.571822
35.100000 2.000842 5.268068 -1223.525083 -455.201626
35.150000 1.982853 5.527484 -1196.051149 -434.635496
35.200000 2.002149 4.853009 -1242.368049 -473.542660
35.250000 1.993032 5.731587 -1188.225843 -422.901639
35.300000 2.015923 4.946544 -1237.671461 -463.556977
35.350000 1.996510 4.575889 -1255.158955 -488.499245
35.400000 1.997450 4.658875 -1246.109657 -479.088791
35.450000 1.983625 4.917676 -1231.199440 -469.487495
35.500000 1.996208 5.258793 -1212.350643 -445.806599
35.550000 2.006753 4.513575 -1264.396942 -493.803706
35.600000 2.008276 5.414062 -1211.489362 -440.311248
35.650000 1.991555 5.030490 -1236.688555 -471.931268
35.700000 1.994399 5.503737 -1210.172245 -444.323119
35.750000 1.999989 4.916208 -1247.297640 -479.302016
35.800000 2.006911 5.051547 -1239.401548 -468.747794
35.850000 1.992620 5.748775 -1190.344399 -425.178274
35.900000 1.991895 5.843144 -1185.747085 -420.859237
35.950000 2.004052 5.608806 -1201.643381 -432.087569
36.000000 2.001605 5.179869 -1228.534437 -459.918205
36.050000 1.990677 5.717735 -1194.888548 -430.468455
36.100000 2.013133 4.959967 -1246.388600 -473.345440
36.150000 1.988076 6.013329 -1168.514644 -405.093307
36.200000 2.002017 4.708731 -1246.596008 -477.821370
36.250000 2.004910 5.636361 -1186.872980 -416.987380
36.300000 2.004988 5.422718 -1205.697439 -435.781912
36.350000 2.019996 5.335541 -1209.939178 -434.260855
36.400000 1.983542 4.871163 -1239.616193 -477.936182
36.450000 1.994287 5.337037 -1210.833502 -445.027329
36.500000 2.021130 5.243086 -1218.832495 -442.718735
36.550000 1.975717 5.422952 -1207.759092 -449.083942
36.600000 2.017335 5.486013 -1209.264252 -434.607735
36.650000 1.993226 5.413093 -1216.929298 -451.530565
36.700000 2.024125 5.413215 -1216.594693 -439.330589
36.750000 2.027845 5.348532 -1215.192691 -436.500157
36.800000 1.986145 5.014628 -1235.309056 -472.629304
36.850000 1.999874 6.403364 -1148.565328 -380.613669
36.900000 2.006103 5.839830 -1190.195405 -419.851699
36.950000 2.028777 5.785750 -1181.640059 -402.589676
37.000000 1.996746 4.685699 -1243.659004 -476.908591
37.050000 2.018122 4.632540 -1251.788962 -476.830064
37.100000 1.999804 5.740120 -1184.326767 -416.402120
37.150000 1.997097 5.173908 -1226.081835 -459.196584
37.200000 1.999661 6.035456 -1174.441819 -406.572156
37.250000 2.004870 6.258721 -1163.469479 -393.599529
37.300000 2.022922 5.430649 -1215.970431 -439.168215
37.350000 1.994818 5.202695 -1226.442595 -460.432559
37.400000 1.991173 5.368416 -1212.299346 -447.688905
37.450000 1.989446 6.217741 -1154.176662 -390.229377
37.500000 2.000045 2.506534 -1127.618239 -359.601059
37.550000 1.998791 2.601532 -1129.450824 -361.915021
37.600000 2.023646 2.826170 -1120.699012 -343.618895
37.650000 1.991114 2.844837 -1120.247654 -355.659862
37.700000 1.998394 3.422457 -1078.866990 -311.483579
37.750000 2.003143 3.507507 -1074.519202 -305.312280
37.800000 2.019936 3.223965 -1092.002926 -316.347434
37.850000 2.001448 2.686737 -1126.335629 -357.779598
37.900000 1.990247 3.013273 -1101.766112 -337.511079
37.950000 1.996441 2.726619 -1117.319123 -350.685792
38.000000 1.994193 3.008164 -1093.178656 -327.408622
38.050000 2.002590 2.704215 -1119.327338 -350.332746
38.100000 2.004780 2.958998 -1102.173610 -332.338050
38.150000 1.996757 2.614046 -1132.513976 -365.759255
38.200000 1.997595 2.993008 -1107.545551 -340.469016
38.250000 2.004189 2.501110 -1144.817456 -375.208924
38.300000 1.988100 3.229782 -1091.483845 -328.053463
38.350000 1.987229 3.825027 -1052.663804 -289.567978
38.400000 2.008087 3.433333 -1082.438619 -311.333383
38.450000 1.999180 2.889443 -1116.355010 -348.670015
38.500000 1.991268 2.883225 -1119.950121 -355.303208
38.550000 2.012820 3.113624 -1103.471838 -330.549143
38.600000 1.994867 3.149532 -1098.220555 -332.191713
38.650000 2.000746 3.030575 -1095.473137 -327.186847
38.700000 2.019175 2.459894 -1129.048582 -353.685399
38.750000 1.992688 2.391995 -1128.823085 -363.630972
38.800000 2.007315 2.443984 -1126.189686 -355.380763
38.850000 1.998029 2.664758 -1109.847031 -342.603794
38.900000 1.982869 2.602094 -1124.358478 -362.936973
38.950000 2.010351 4.100132 -1026.417109 -254.442151
39.000000 2.001399 2.502199 -1144.744975 -376.207929
39.050000 2.000412 3.421847 -1073.960223 -305.802061
39.100000 2.006896 3.081778 -1095.273233 -324.625123
39.150000 2.030772 2.763292 -1117.621211 -337.804942
39.200000 1.993894 2.599983 -1127.726900 -362.071588
39.250000 2.031972 2.894521 -1109.745509 -329.468086
39.300000 1.984282 3.151612 -1094.229695 -332.265521
39.350000 2.006322 3.233662 -1099.869892 -329.442095
39.400000 1.987156 4.019934 -1043.205818 -280.137925
39.450000 2.019749 3.379149 -1087.069659 -311.486187
39.500000 2.003356 2.927321 -1110.398386 -341.109785
39.550000 1.977729 3.451903 -1063.368667 -303.920658
39.600000 2.004547 2.801500 -1114.525233 -344.779028
39.650000 2.018858 2.931995 -1110.887480 -335.645944
39.700000 2.009230 3.983718 -1041.434730 -269.890497
39.750000 1.997804 3.217287 -1094.594535 -327.437753
39.800000 2.012382 2.847295 -1111.491137 -338.736271
39.850000 2.004918 3.015242 -1099.450087 -329.561569
39.900000 1.988043 3.100409 -1096.188480 -332.779871
39.950000 2.013055 2.923820 -1110.391206 -337.377950
40.000000 1.994095 2.749495 -1122.821419 -357.088893
40.050000 1.991038 3.396874 -1072.606457 -308.048030
40.100000 1.992181 3.259022 -1081.481937 -316.484317
40.150000 2.000620 2.487115 -1134.434294 -366.196227
40.200000 1.988166 3.058521 -1098.430307 -334.974488
40.250000 2.002666 3.098565 -1101.213232 -332.189373
40.300000 1.984156 2.993485 -1103.386233 -341.470274
40.350000 1.984548 3.488083 -1070.283180 -308.216621
40.400000 1.990218 3.551900 -1076.597033 -312.353149
40.450000 2.022463 3.167969 -1100.486733 -323.861069
40.500000 2.019534 2.734504 -1128.234617 -352.733526
40.550000 1.984691 2.734617 -1123.624814 -361.503418
40.600000 2.024879 2.924738 -1109.631147 -332.077445
40.650000 2.003575 2.340038 -1149.925990 -380.553020
40.700000 1.985341 3.067412 -1097.917968 -335.546933
40.750000 1.981851 3.847389 -1045.528363 -284.497659
40.800000 2.002461 2.835312 -1116.612901 -347.668005
40.850000 2.012035 2.349283 -1149.305152 -376.683837
40.900000 1.996533 2.712908 -1122.800647 -356.132107
40.950000 1.983875 2.929614 -1106.600833 -344.792846
41.000000 1.985729 2.835937 -1121.171156 -358.651220
41.050000 1.994673 3.408691 -1080.602316 -314.647889
41.100000 2.016793 2.617897 -1128.149708 -353.701011
41.150000 1.994738 2.659371 -1115.366629 -349.387194
41.200000 2.009193 2.748668 -1103.437600 -331.907336
41.250000 1.988186 2.312358 -1143.220844 -379.757607
41.300000 1.984271 3.162205 -1092.907843 -330.947814
41.350000 2.004229 2.954825 -1107.361975 -337.737970
41.400000 2.010154 2.565521 -1120.486428 -348.587403
41.450000 2.000405 1.951970 -1152.643773 -384.488203
41.500000 1.984079 2.425604 -1121.454211 -359.567928
41.550000 1.981691 3.064607 -1078.460404 -317.491226
41.600000 2.016990 3.235160 -1071.617760 -297.093410
41.650000 1.985997 3.898660 -1030.719577 -268.096728
41.700000 2.016498 3.610114 -1057.671738 -283.336534
41.750000 1.981372 3.231558 -1076.689673 -315.842956
41.800000 2.004715 2.886758 -1103.223490 -333.412976
41.850000 2.004621 3.243335 -1078.149122 -308.374613
41.900000 2.002461 2.732163 -1119.830632 -350.885757
41.950000 1.986583 3.458867 -1072.057252 -309.209282
42.000000 2.002439 3.827201 -1055.498956 -286.562408
42.050000 1.997197 3.408806 -1084.057375 -317.133916
42.100000 2.007276 3.218370 -1097.800429 -327.006526
42.150000 2.029755 3.214709 -1096.592613 -317.166833
42.200000 1.974808 3.134878 -1100.719355 -342.392953
42.250000 2.024051 3.330357 -1082.459963 -305.224297
42.300000 1.982742 2.531262 -1136.135885 -374.763046
42.350000 1.988699 3.466820 -1071.703697 -308.043175
42.400000 1.994782 3.355769 -1077.822596 -311.826195
42.450000 2.007149 3.642520 -1054.240799 -283.495757
42.500000 2.001346 3.468669 -1063.639678 -295.122849
42.550000 2.011892 2.890068 -1106.929082 -334.362443
42.600000 2.002690 2.721984 -1120.024895 -350.991861
42.650000 1.964231 3.285483 -1086.676719 -332.412140
42.700000 2.034330 3.670450 -1068.295323 -287.112675
42.750000 2.003093 3.017962 -1107.802893 -338.615339
42.800000 2.001199 2.863702 -1115.963779 -347.503191
42.850000 1.995687 2.700710 -1130.216898 -363.873094
42.900000 1.993865 3.265448 -1089.613614 -323.969485
42.950000 2.017812 3.086213 -1091.689601 -316.849958
43.000000 1.979839 2.680593 -1119.514477 -359.256279
43.050000 1.985440 3.050931 -1099.261292 -336.852493
43.100000 1.988166 2.998924 -1107.194390 -343.738734
43.150000 1.998912 2.850096 -1122.550404 -354.968157
43.200000 2.017048 2.769262 -1125.319997 -350.773435
43.250000 1.990948 2.843591 -1112.133148 -347.609083
43.300000 1.988277 2.873176 -1111.302074 -347.803813
43.350000 1.981369 3.041906 -1097.567736 -336.721973
43.400000 2.007061 2.585488 -1124.049016 -353.337454
43.450000 1.978446 2.617011 -1124.939459 -365.216082
43.500000 1.998406 3.308516 -1082.811578 -315.423808
43.550000 2.002577 2.843435 -1123.574832 -354.585353
43.600000 1.969208 3.757091 -1054.032839 -297.856800
43.650000 2.029337 3.313133 -1083.508078 -304.242662
43.700000 2.008747 2.864021 -1102.727247 -331.368297
43.750000 1.991983 2.542604 -1121.116884 -356.195349
43.800000 1.985982 3.399532 -1066.507264 -303.890216
43.850000 2.014525 3.087590 -1093.367107 -319.789482
43.900000 1.997310 2.636519 -1123.799486 -356.832457
43.950000 1.980249 3.282104 -1076.896097 -316.480617
44.000000 2.011055 2.466102 -1141.628536 -369.383475
44.050000 1.985222 2.363528 -1149.612386 -387.287190
44.100000 2.005646 2.714163 -1122.269041 -352.100969
44.150000 1.999520 2.487234 -1130.601534 -362.785849
44.200000 2.003672 3.300481 -1073.090514 -303.680423
44.250000 2.001669 3.602201 -1059.776639 -291.135569
44.300000 1.994685 3.449549 -1069.466789 -303.507850
44.350000 2.013234 3.351360 -1071.609848 -298.527923
44.400000 2.016161 2.651887 -1117.021684 -342.815770
44.450000 1.993544 2.264772 -1146.037059 -380.516014
44.500000 2.000965 2.843293 -1110.084180 -341.713681
44.550000 2.007829 3.073342 -1086.814468 -315.808285
44.600000 2.013455 2.343029 -1130.616556 -357.449961
44.650000 1.992304 2.724523 -1100.684104 -335.639424
44.700000 2.012506 3.023234 -1088.223487 -315.421061
44.750000 1.991877 2.946491 -1096.401647 -331.520787
44.800000 2.012878 3.077700 -1090.399363 -317.454129
44.850000 2.022132 2.721269 -1115.086541 -338.587937
44.900000 1.990666 3.267425 -1080.648581 -316.232920
44.950000 2.012425 3.035120 -1104.641226 -331.869983
45.000000 2.001422 2.234178 -926.986542 -158.440556
45.050000 1.975265 2.060000 -948.191655 -189.690030
45.100000 2.022174 1.674390 -976.257983 -199.743250
45.150000 1.994096 1.460865 -984.627974 -218.895000
45.200000 1.997846 1.845207 -949.184965 -182.011930
45.250000 2.012845 1.643750 -962.418182 -189.485752
45.300000 1.984916 1.491912 -973.210537 -211.002853
45.350000 2.006358 1.616147 -965.492663 -195.051198
45.400000 2.000373 1.695587 -962.511320 -194.368019
45.450000 1.999765 1.938132 -946.277089 -178.367469
45.500000 1.996287 1.698701 -968.665909 -202.091593
45.550000 1.999438 2.113375 -934.270120 -166.485828
45.600000 2.013062 1.453588 -993.851027 -220.835144
45.650000 1.987903 1.948236 -955.016751 -191.661949
45.700000 1.998966 2.080169 -938.847938 -171.245011
45.750000 2.003659 1.509627 -973.067171 -203.662303
45.800000 2.008142 1.190256 -997.407324 -226.280735
45.850000 1.982940 1.705667 -967.740353 -206.291293
45.900000 2.010167 1.994249 -953.766828 -181.862758
45.950000 1.992371 2.315792 -923.406777 -158.336476
46.000000 2.004744 1.971607 -955.044325 -185.222468
46.050000 1.974706 2.353680 -925.105596 -166.818528
46.100000 2.012430 2.228725 -940.341147 -167.567843
46.150000 1.994360 2.329738 -923.960269 -158.126137
46.200000 2.008259 1.747214 -967.481101 -196.309808
46.250000 1.999936 1.539046 -982.547282 -214.571718
46.300000 1.998345 1.881123 -962.226277 -194.861884
46.350000 1.990550 2.188399 -941.492447 -177.121177
46.400000 1.981730 2.157520 -947.679970 -186.695708
46.450000 2.014526 2.474557 -924.719934 -151.141782
46.500000 2.012069 1.898662 -967.469263 -194.834737
46.550000 2.003866 1.830827 -958.299115 -188.814722
46.600000 1.995097 1.598343 -969.134671 -203.017476
46.650000 2.007511 1.925256 -938.732586 -167.848247
46.700000 1.986320 1.694046 -960.713141 -197.966254
46.750000 2.001168 2.081620 -936.257442 -167.808893
46.800000 1.981549 2.416215 -909.931869 -149.017108
46.850000 1.999914 2.326614 -912.475798 -144.508791
46.900000 2.025203 1.704644 -958.756271 -181.078457
46.950000 1.975605 1.980077 -934.479215 -175.846991
47.000000 2.012563 1.869662 -948.898008 -176.073875
47.050000 1.988128 1.741878 -960.401705 -196.960412
47.100000 2.014260 2.083576 -935.800441 -162.324604
47.150000 1.997530 2.517745 -905.219474 -138.167948
47.200000 1.992087 2.263643 -922.871462 -157.909958
47.250000 2.011394 1.608500 -963.182966 -190.807820
47.300000 1.996126 1.151024 -993.797676 -227.285467
47.350000 1.981239 1.603756 -960.897812 -200.101985
47.400000 1.988772 1.810764 -956.422272 -192.733655
47.450000 2.020131 1.870615 -958.958206 -183.228072
47.500000 2.004956 1.794310 -966.446050 -196.542878
47.550000 2.018164 1.546468 -984.528937 -209.553952
47.600000 1.988378 1.350407 -990.219834 -226.682509
47.650000 1.989165 1.500366 -977.836680 -213.997314
47.700000 1.991124 2.045028 -940.417633 -175.825902
47.750000 2.004044 2.253745 -927.043614 -157.490826
47.800000 2.006777 1.827888 -960.248027 -189.645836
47.850000 1.993033 1.560100 -978.809124 -213.484620
47.900000 2.007828 1.857258 -955.365187 -184.359091
47.950000 1.993861 1.921061 -954.864151 -189.221459
48.000000 2.001954 2.221447 -928.082842 -159.332326
48.050000 1.989602 2.185443 -921.257269 -157.250154
48.100000 1.996740 1.725384 -952.240540 -185.492281
48.150000 2.001336 1.219448 -994.322161 -225.809099
48.200000 2.007430 1.547837 -965.245725 -194.392572
48.250000 1.996779 1.661381 -955.812310 -189.049137
48.300000 2.026167 1.521222 -971.200837 -193.152652
48.350000 1.992413 1.627180 -966.070075 -200.983325
48.400000 2.008797 1.405484 -989.405053 -218.026877
48.450000 2.003365 1.697521 -966.190035 -196.897845
48.500000 2.009404 1.691315 -965.604910 -193.993624
48.550000 2.000768 1.714447 -960.083226 -191.788448
48.600000 1.987598 1.868997 -944.875969 -181.638505
48.650000 2.011788 1.442570 -977.315164 -204.788505
48.700000 1.989017 1.400758 -980.813786 -217.031133
48.750000 2.002146 1.678584 -966.062499 -197.238252
48.800000 2.012931 1.849777 -953.966429 -181.000992
48.850000 1.994022 1.646847 -974.804850 -209.100438
48.900000 1.994546 2.138459 -936.683460 -170.777826
48.950000 2.005132 2.099653 -940.605159 -170.634514
49.000000 2.000357 2.021591 -948.926635 -180.789657
49.050000 1.998143 2.432816 -913.826701 -146.539743
49.100000 1.999215 1.988334 -949.355327 -181.656633
49.150000 1.999250 1.824080 -959.478701 -191.766517
49.200000 1.993154 1.702675 -962.189411 -196.818199
49.250000 2.017985 1.623823 -959.935121 -185.029027
49.300000 1.961780 1.773435 -943.750372 -190.426992
49.350000 1.985681 2.136674 -918.202789 -155.701336
49.400000 2.027252 2.179989 -921.617654 -143.153073
49.450000 1.995834 1.846560 -950.784734 -184.384372
49.500000 2.008380 1.620832 -972.161829 -200.943793
49.550000 1.984330 1.373791 -990.084938 -228.102156
49.600000 1.990588 2.321219 -905.929583 -141.543937
49.650000 2.018460 1.322467 -984.543292 -209.454614
49.700000 1.995976 1.319204 -984.134123 -217.679240
49.750000 2.007188 1.735519 -957.446637 -186.686351
49.800000 2.001962 1.925676 -943.271651 -174.518214
49.850000 1.997184 1.908162 -948.995707 -182.076909
49.900000 1.998768 1.930450 -953.225961 -185.699168
49.950000 2.010569 1.751429 -967.738391 -195.679983
50.000000 1.986817 1.916031 -950.424860 -187.487188
50.050000 2.009383 1.622226 -977.761483 -206.158327
50.100000 1.996020 1.979186 -949.510588 -183.038732
50.150000 1.998676 2.211795 -935.030693 -167.539077
50.200000 2.007395 2.051921 -951.133788 -180.293928
50.250000 2.008664 1.760668 -972.337617 -201.010582
50.300000 2.000623 1.985639 -955.054220 -186.814800
50.350000 2.007285 2.041442 -952.490547 -181.693168
50.400000 1.998714 1.839380 -966.916733 -199.410423
50.450000 1.993064 1.920325 -958.741351 -193.404896
50.500000 1.996035 1.923167 -955.634590 -189.157132
50.550000 2.009869 1.742317 -967.040657 -195.250972
50.600000 1.997588 1.841302 -954.687077 -187.613097
50.650000 2.005131 1.659841 -968.145409 -198.175036
50.700000 1.999391 1.420424 -991.125875 -223.359575
50.750000 1.984089 1.557778 -978.927808 -217.037779
50.800000 1.999769 1.258432 -1004.410010 -236.498843
50.850000 1.992308 1.984442 -942.566103 -177.519829
50.900000 2.008434 1.519946 -982.429852 -211.191273
50.950000 1.990157 1.676069 -973.441566 -209.221146
51.000000 1.987282 2.325860 -925.870933 -162.754830
51.050000 2.022280 1.659343 -980.066891 -203.511180
51.100000 2.004093 1.583528 -981.212942 -211.641391
51.150000 1.994967 1.588503 -985.131259 -219.063914
51.200000 2.001747 1.834984 -967.727762 -199.056863
51.250000 2.010127 1.591003 -988.044609 -216.155772
51.300000 1.995833 1.756527 -972.722422 -206.322409
51.350000 1.979967 1.688430 -979.681562 -219.374063
51.400000 2.016250 2.066958 -945.235681 -170.995630
51.450000 1.995256 1.709523 -970.810670 -204.632536
51.500000 2.017103 1.809187 -963.027578 -188.459875
51.550000 1.989832 1.873065 -953.116808 -189.021239
51.600000 2.001320 1.671428 -969.920700 -201.413863
51.650000 1.994790 1.742791 -958.874141 -192.874967
51.700000 1.993974 1.920090 -944.105032 -178.418961
51.750000 2.014089 1.886582 -945.248922 -171.838562
51.800000 1.981970 1.795719 -954.243989 -193.167515
51.850000 2.001903 1.970708 -944.605158 -175.874587
51.900000 2.004031 1.605364 -974.138554 -204.590476
51.950000 2.006648 1.885827 -945.937074 -175.384163
52.000000 2.017741 1.388565 -982.591211 -207.778539
52.050000 1.988235 1.456177 -973.615664 -210.133369
52.100000 2.005976 1.631433 -962.145067 -191.850333
52.150000 1.996187 1.600604 -969.738613 -203.202966
52.200000 2.001765 1.794924 -961.481705 -192.803970
52.250000 2.009856 1.724487 -970.918904 -199.134135
52.300000 1.992950 1.577770 -982.163421 -216.870760
52.350000 2.002554 2.016685 -947.392106 -178.411558
52.400000 1.995277 1.702588 -971.214765 -205.028221
52.450000 1.982975 1.939451 -950.542967 -189.080617
52.500000 1.997138 1.074756 -801.997079 -35.096124
52.550000 2.001865 0.868589 -814.664541 -45.948223
52.600000 2.004729 0.870250 -810.310264 -40.494441
52.650000 2.001093 0.946147 -802.506135 -34.086557
52.700000 1.981027 1.242385 -774.017344 -13.303097
52.750000 2.006201 0.982406 -799.137081 -28.755822
52.800000 2.000171 1.085613 -782.183776 -14.118172
52.850000 1.994098 0.716161 -822.783501 -57.049814
52.900000 2.006264 0.824536 -827.849566 -57.444236
52.950000 1.997643 1.439600 -775.715548 -8.620730
53.000000 2.003445 0.963680 -829.887292 -60.564297
53.050000 2.003361 1.030765 -825.332900 -56.042296
53.100000 2.003253 0.883125 -839.499708 -70.250370
53.150000 1.998434 0.915546 -834.082451 -66.683973
53.200000 2.000083 0.968065 -837.407996 -69.376278
53.250000 1.988722 1.342443 -810.722840 -47.053685
53.300000 1.995539 1.186779 -826.529959 -60.243138
53.350000 1.999627 1.107418 -827.080653 -59.223965
53.400000 1.989768 1.441618 -794.561503 -30.490456
53.450000 1.994342 1.785579 -757.719850 8.107364
53.500000 1.998235 1.214063 -808.656079 -41.333700
53.550000 2.018360 1.215393 -798.566996 -23.516859
53.600000 1.993817 0.879260 -820.664307 -55.038455
53.650000 1.987926 1.228175 -777.838526 -14.474939
53.700000 2.005361 0.939751 -810.703260 -40.644600
53.750000 2.002679 1.019951 -812.334915 -43.306019
53.800000 2.002207 1.348296 -783.331515 -14.483840
53.850000 2.004217 1.050972 -810.110960 -40.491617
53.900000 1.990740 1.201701 -792.639687 -28.195335
53.950000 2.001727 1.369004 -773.710464 -5.047139
54.000000 1.997944 1.140863 -789.966540 -22.755891
54.050000 1.993254 1.053798 -795.397917 -29.988536
54.100000 2.000787 1.010533 -802.721332 -34.419043
54.150000 2.001077 1.327168 -772.462172 -4.048766
54.200000 2.011403 0.846433 -815.763025 -43.384264
54.250000 1.999670 0.764874 -816.701814 -48.828439
54.300000 2.002179 1.007421 -791.570579 -22.733861
54.350000 1.999002 0.969549 -798.143104 -30.526309
54.400000 1.996719 1.327173 -765.638734 1.101237
54.450000 2.019550 1.179090 -784.160543 -8.653252
54.500000 2.004843 1.051008 -789.613200 -19.753630
54.550000 1.998672 0.834177 -807.132316 -39.642080
54.600000 1.997093 0.932191 -795.999879 -29.116161
54.650000 2.000020 0.917150 -800.031640 -32.023988
54.700000 2.001701 1.015530 -798.737371 -30.084317
54.750000 1.992877 1.138433 -790.119193 -24.854294
54.800000 1.995862 1.204732 -778.186612 -11.775478
54.850000 2.011046 0.728367 -821.357875 -49.116205
54.900000 1.989941 0.956692 -797.849469 -33.711946
54.950000 2.001407 1.109382 -790.531615 -21.991331
55.000000 2.000913 1.147127 -788.615818 -20.265218
55.050000 1.988602 1.400717 -756.749401 6.873721
55.100000 2.002544 0.886313 -807.629186 -38.652122
55.150000 1.994700 0.886749 -804.969804 -39.005047
55.200000 2.001372 1.029109 -787.062169 -18.535270
55.250000 1.993708 1.088235 -784.277487 -18.693621
55.300000 1.995354 1.036653 -801.226629 -35.010657
55.350000 1.977196 1.496944 -767.097840 -7.854447
55.400000 2.010774 1.484821 -773.364901 -1.227671
55.450000 2.006924 1.308648 -787.724425 -17.065477
55.500000 1.993635 1.354110 -774.726348 -9.170638
55.550000 2.003150 0.873585 -812.532776 -43.323119
55.600000 1.989703 0.712426 -823.575912 -59.529967
55.650000 1.988198 1.158181 -782.318573 -18.850645
55.700000 2.012446 1.129608 -787.908561 -15.129131
55.750000 1.999523 0.931856 -807.923359 -40.106356
55.800000 1.998636 1.198616 -783.922345 -16.446304
55.850000 1.984673 1.284360 -777.192695 -15.078090
55.900000 2.000460 1.199010 -784.844482 -16.667968
55.950000 1.997888 0.934408 -808.133798 -40.944754
56.000000 2.002525 0.926144 -809.496401 -40.526993
56.050000 2.003164 1.151717 -790.187209 -20.972225
56.100000 1.999358 1.205527 -794.126837 -26.373503
56.150000 2.009886 1.347187 -785.065175 -13.269104
56.200000 2.001773 1.331396 -782.748842 -14.067847
56.250000 1.995812 1.378946 -780.112213 -13.720460
56.300000 2.011869 1.406072 -780.729390 -8.171506
56.350000 2.009598 1.187291 -795.992533 -24.306941
56.400000 1.990666 1.074043 -798.108366 -33.692703
56.450000 2.005529 1.085004 -791.352533 -21.229242
56.500000 2.004822 0.672858 -830.829701 -60.977951
56.550000 1.999616 0.677648 -836.713576 -68.861033
56.600000 1.999060 1.103034 -804.153033 -36.514085
56.650000 2.009080 1.076345 -806.966248 -35.479362
56.700000 2.008045 1.040763 -805.953030 -34.863665
56.750000 1.986535 1.216603 -785.621473 -22.791886
56.800000 2.004553 1.058868 -802.112317 -32.363871
56.850000 2.006010 0.980425 -810.651372 -40.343348
56.900000 1.989823 1.283894 -784.592880 -20.500677
56.950000 2.009551 1.291034 -786.338533 -14.670772
57.000000 2.005045 1.169437 -795.402870 -25.465429
57.050000 1.997605 1.230211 -784.520401 -17.440227
57.100000 2.002000 0.873993 -819.166643 -50.398676
57.150000 2.000122 1.220422 -787.419872 -19.373106
57.200000 2.005158 1.208390 -798.385261 -28.404521
57.250000 1.996859 1.214910 -807.571782 -40.778068
57.300000 2.008102 1.329983 -801.523399 -30.412371
57.350000 2.023924 1.423650 -795.274790 -18.088004
57.400000 2.012899 1.232592 -815.591442 -42.638365
57.450000 1.996036 1.391953 -801.668436 -35.190688
57.500000 2.015210 1.461426 -795.147721 -21.307115
57.550000 1.995672 1.280750 -809.649289 -43.311313
57.600000 2.003577 1.197623 -817.631824 -48.258278
57.650000 1.992883 1.156686 -819.292714 -54.025768
57.700000 2.008586 1.228438 -812.957258 -41.660199
57.750000 2.005851 1.061033 -826.383880 -56.136980
57.800000 1.998650 1.102047 -818.589572 -51.108029
57.850000 2.002344 1.551856 -770.581367 -1.681247
57.900000 2.013985 1.113457 -807.828625 -34.458485
57.950000 1.993053 0.983007 -818.143089 -52.810916
58.000000 1.988803 1.559179 -767.739346 -4.039158
58.050000 2.004588 1.284352 -801.208396 -31.446433
58.100000 1.995661 1.332730 -792.696368 -26.362371
58.150000 1.991622 1.502965 -771.833436 -7.050633
58.200000 2.023029 0.957424 -820.670430 -43.827190
58.250000 1.983582 1.074427 -802.269235 -40.573808
58.300000 2.000867 1.211328 -790.677043 -22.343945
58.350000 1.983277 1.442371 -767.532691 -5.954360
58.400000 2.011523 1.193664 -792.586170 -20.161257
58.450000 1.997208 1.204104 -788.558681 -21.630654
58.500000 2.002167 1.302925 -778.530923 -9.698731
58.550000 1.996700 1.070678 -806.026342 -39.293671
58.600000 1.995714 1.304557 -786.570611 -20.216582
58.650000 2.009314 1.225428 -798.201786 -26.625353
58.700000 1.991160 1.200601 -802.416084 -37.810635
58.750000 1.996128 1.250573 -797.172420 -30.659242
58.800000 1.997895 0.983912 -823.219653 -56.028156
58.850000 2.003819 1.071257 -814.132097 -44.665468
58.900000 1.999914 1.169951 -804.667107 -36.699955
58.950000 2.011599 1.043710 -816.344992 -43.891157
59.000000 2.008045 0.840463 -834.270869 -63.181756
59.050000 1.992171 0.938733 -828.949095 -63.955421
59.100000 1.999681 1.112138 -822.023580 -54.145889
59.150000 1.997565 1.313949 -807.537673 -40.472599
59.200000 2.010391 1.344571 -801.996891 -30.006712
59.250000 2.020972 1.154243 -812.627250 -36.574025
59.300000 1.999863 0.660170 -853.634815 -85.687531
59.350000 1.988601 0.943981 -823.630227 -60.007297
59.400000 2.003585 1.086313 -812.002184 -42.625627
59.450000 2.006541 1.029874 -815.675200 -45.163532
59.500000 1.988650 1.000525 -816.559060 -52.917353
59.550000 2.021962 1.156127 -794.664457 -18.231099
59.600000 1.979275 1.140438 -797.032691 -36.991007
59.650000 2.015554 1.468716 -766.715597 7.257211
59.700000 2.007642 0.961919 -810.796503 -39.862108
59.750000 2.014093 1.217171 -781.171108 -7.759225
59.800000 1.999156 1.166595 -785.285033 -17.609065
59.850000 1.999867 1.333788 -767.188228 0.760817
59.900000 2.001909 1.167720 -788.156955 -19.423855
59.950000 2.013856 1.238912 -785.298932 -11.978333
60.000000 1.984157 0.777592 -643.638902 118.277238
60.050000 2.007812 0.643482 -663.464868 107.534767
60.100000 1.997878 0.739330 -648.418913 118.766427
60.150000 1.991344 0.648558 -658.159341 106.516579
60.200000 1.995738 0.692156 -644.586708 121.776681
60.250000 1.988810 0.534763 -664.630379 99.072755
60.300000 2.001917 0.686841 -650.587609 118.148706
60.350000 1.988207 0.744520 -648.884711 114.586672
60.400000 1.992499 0.850482 -642.731732 122.387898
60.450000 2.017619 0.865891 -641.868182 132.897684
60.500000 1.998559 0.664169 -662.245410 105.201395
60.550000 2.005451 0.748069 -648.532247 121.560996
60.600000 1.999390 0.519932 -675.650826 92.114750
60.650000 1.984708 0.802750 -645.212810 116.915007
60.700000 2.000814 1.056537 -620.724383 147.588001
60.750000 1.996604 0.886587 -642.278264 124.417530
60.800000 2.009072 0.907401 -632.372330 139.111283
60.850000 1.990971 0.642837 -655.303940 109.228937
60.900000 1.990117 0.477830 -677.294569 86.910356
60.950000 2.005542 0.775458 -645.378590 124.749400
61.000000 2.004142 0.547129 -669.489137 100.101238
61.050000 1.996232 0.569885 -662.821615 103.731618
61.100000 2.005487 0.530202 -672.637657 97.469411
61.150000 1.979625 0.825024 -644.295941 115.879878
61.200000 2.012243 0.837818 -650.485064 122.216083
61.250000 2.006139 0.745183 -660.409568 109.947697
61.300000 2.007602 0.427379 -700.517741 70.401359
61.350000 1.990739 0.778617 -657.420042 107.023881
61.400000 1.996027 0.730499 -671.056101 95.418096
61.450000 2.005832 0.997611 -634.674791 135.564623
61.500000 1.994013 0.695375 -668.484943 97.215986
61.550000 2.009007 0.737128 -663.989684 107.469184
61.600000 1.992034 0.829292 -651.697525 113.243389
61.650000 2.003332 0.848800 -645.651441 123.628068
61.700000 2.009450 0.552238 -671.914177 99.714700
61.750000 1.998149 0.642893 -656.206448 111.082732
61.800000 2.014180 0.813761 -637.372974 136.072112
61.850000 1.999088 0.481182 -678.259381 89.390339
61.900000 2.002432 0.622918 -662.042313 106.891494
61.950000 1.991326 0.657156 -658.338372 106.330763
62.000000 2.009219 0.726951 -648.599890 122.940306
62.050000 1.995821 0.852285 -632.798193 133.597044
62.100000 2.001617 0.745736 -646.210190 122.410627
62.150000 2.009921 0.495685 -673.059479 98.750097
62.200000 1.990131 0.613985 -653.403492 110.806637
62.250000 2.005262 0.638454 -650.698172 119.322465
62.300000 1.994799 0.633811 -647.435428 118.567543
62.350000 1.998046 0.688958 -637.631226 129.618546
62.400000 2.008835 0.528729 -656.281075 115.111556
62.450000 2.002520 0.689025 -635.215288 133.752377
62.500000 2.013530 0.720606 -633.855724 139.339945
62.550000 1.993016 0.700216 -642.102566 123.215693
62.600000 1.993887 0.818077 -634.325280 131.327383
62.650000 2.003905 0.842838 -633.510884 135.988789
62.700000 1.993430 0.787868 -636.880428 128.596844
62.750000 1.995991 0.705331 -644.275629 122.184922
62.800000 1.997995 0.602992 -655.737000 111.492968
62.850000 2.001258 0.526823 -669.185854 99.297396
62.900000 2.002999 0.718924 -648.348071 120.803375
62.950000 1.990112 0.659628 -655.345261 108.857765
63.000000 2.006658 0.636753 -652.563123 117.993399
63.050000 2.004113 0.517821 -658.269867 111.309507
63.100000 2.004810 0.498485 -655.844664 114.002206
63.150000 2.004544 0.671701 -635.864376 133.880385
63.200000 2.007812 0.612687 -648.733177 122.266582
63.250000 1.992229 0.706234 -638.251696 126.764356
63.300000 2.005620 0.794458 -624.024634 146.133601
63.350000 1.994272 0.424143 -665.167148 100.633335
63.400000 2.020289 0.644569 -634.130987 141.659851
63.450000 1.982719 0.489797 -651.214417 110.149706
63.500000 1.996459 0.590288 -643.622837 123.017395
63.550000 1.995074 0.536376 -655.818036 110.290324
63.600000 1.998036 0.628394 -649.994736 117.251195
63.650000 2.002138 0.701820 -644.402197 124.418878
63.700000 1.992522 0.664825 -649.152452 115.975944
63.750000 2.011785 0.632774 -653.205250 119.320204
63.800000 2.000617 0.663180 -645.835219 122.401525
63.850000 1.997152 0.817399 -632.472492 134.434029
63.900000 2.009083 0.738209 -647.596285 123.891686
63.950000 2.001968 0.829789 -635.311216 133.444443
64.000000 2.008845 0.672304 -645.568667 125.827925
64.050000 2.003636 0.423777 -668.092486 101.303834
64.100000 1.974628 0.791758 -623.470254 134.786980
64.150000 2.008308 0.758664 -638.668985 132.521461
64.200000 1.998886 0.770873 -638.252350 129.320036
64.250000 1.984896 0.717529 -642.532083 119.668133
64.300000 1.992083 0.760782 -636.851399 128.108554
64.350000 1.994713 0.706837 -651.503133 114.466534
64.400000 2.002411 0.998118 -620.611130 148.314849
64.450000 2.009144 0.728872 -648.499443 123.011851
64.500000 2.004537 0.641640 -651.456279 118.285976
64.550000 2.001034 0.616910 -658.066478 110.330732
64.600000 1.984252 1.059347 -609.915622 152.037034
64.650000 2.000829 0.945983 -623.771416 144.546774
64.700000 2.003516 0.773319 -633.589220 135.760800
64.750000 1.994907 0.742100 -629.184803 136.859306
64.800000 2.013863 0.466023 -662.330852 110.992520
64.850000 1.994227 0.653187 -642.656193 123.126841
64.900000 2.007276 0.999644 -611.923746 158.870299
64.950000 2.001721 0.740516 -649.637618 119.023143
65.000000 2.006585 0.744656 -647.398402 123.130086
65.050000 1.991604 0.747609 -642.577347 122.198513
65.100000 2.000404 0.806618 -633.509769 134.645332
65.150000 1.997373 0.784939 -632.306657 134.684637
65.200000 1.990728 0.733548 -640.960188 123.479191
65.250000 1.998070 0.935088 -616.626355 150.632372
65.300000 2.002391 0.510208 -663.725703 105.192330
65.350000 2.007118 0.417353 -667.645759 103.087375
65.400000 1.983029 0.769130 -619.100139 142.383170
65.450000 2.002394 0.562427 -645.192991 123.726330
65.500000 1.999618 0.524265 -654.000456 113.853021
65.550000 1.977577 0.899647 -620.743671 138.645730
65.600000 2.007290 0.930958 -631.172987 139.626216
65.650000 2.001852 0.838511 -642.422370 126.288662
65.700000 2.003057 0.724073 -650.044326 119.129485
65.750000 2.011511 0.556525 -662.345603 110.074482
65.800000 1.985064 0.629660 -647.799645 114.465071
65.850000 1.999847 0.684842 -639.477680 128.463695
65.900000 1.991524 0.716426 -631.355366 133.389861
65.950000 2.002653 0.874616 -612.561335 156.457244
66.000000 2.003655 0.853600 -619.273118 150.130270
66.050000 2.007639 0.619343 -652.747127 118.186224
66.100000 2.011039 0.797508 -630.750971 141.488168
66.150000 2.002499 0.587578 -659.782378 109.177419
66.200000 2.001554 0.668698 -651.068306 117.528607
66.250000 2.005699 0.577120 -665.182835 105.005717
66.300000 1.997539 0.778848 -641.200834 125.854277
66.350000 2.003200 0.842294 -633.322543 135.906190
66.400000 1.997706 0.517106 -668.724614 98.394376
66.450000 1.995648 0.525304 -662.196933 104.131893
66.500000 2.003745 0.660052 -640.698741 128.739453
66.550000 1.991971 0.611873 -644.545607 120.371339
66.600000 2.016030 0.464392 -665.725358 108.430103
66.650000 1.991145 0.658254 -650.203502 114.396361
66.700000 2.013476 0.892816 -634.886040 138.288677
66.750000 1.989317 0.828308 -649.690258 114.207638
66.800000 2.004029 0.698386 -667.691891 101.855278
66.850000 1.999860 0.671799 -667.906733 100.039621
66.900000 1.995190 0.652820 -668.166232 97.986894
66.950000 2.008290 0.591873 -675.859200 95.324281
67.000000 1.982992 0.639965 -671.628666 89.840379
67.050000 2.002833 0.744967 -669.218073 99.869699
67.100000 1.996210 1.040091 -634.272247 132.272502
67.150000 2.008819 0.908373 -641.960194 129.426402
67.200000 1.994088 0.484589 -682.655610 83.074260
67.250000 1.987974 0.843848 -633.037887 130.344118
67.300000 2.012266 0.738952 -640.230865 132.479312
67.350000 2.005541 0.632480 -641.023054 129.104815
67.400000 1.998778 0.510015 -653.715922 113.814923
67.450000 1.986604 0.866701 -611.171007 151.684977
