# t Temp Pres Epot Etot
0.000000 2.020042 29.019161 -1402.835321 -627.139364
0.050000 2.017259 28.453216 -1424.962021 -650.334430
0.100000 1.995662 28.703691 -1412.388135 -646.054059
0.150000 2.027292 28.120951 -1441.459890 -662.979845
0.200000 1.987428 28.281440 -1430.460456 -667.288255
0.250000 1.998904 28.452866 -1424.019008 -656.439795
0.300000 2.009736 28.713906 -1411.879047 -640.140392
0.350000 2.019896 30.238423 -1342.162951 -566.522743
0.400000 1.978950 28.189435 -1433.727464 -673.810545
0.450000 2.055420 29.037790 -1397.930133 -608.648960
0.500000 1.981748 28.377625 -1424.422552 -663.431188
0.550000 1.988275 28.151559 -1435.903217 -672.405567
0.600000 1.992284 30.096997 -1347.721561 -582.684337
0.650000 1.982875 30.289083 -1337.320340 -575.896239
0.700000 1.993826 27.757050 -1454.893721 -689.264569
0.750000 1.982861 28.333224 -1428.620070 -667.201454
0.800000 1.986177 28.504787 -1416.637473 -653.945441
0.850000 1.987844 29.927737 -1352.182386 -588.850292
0.900000 1.999091 29.174410 -1392.617576 -624.966538
0.950000 1.985579 28.109815 -1440.594369 -678.131924
1.000000 2.001097 28.880990 -1406.155277 -637.734055
1.050000 1.975360 28.969319 -1399.037715 -640.499468
1.100000 1.994893 29.746047 -1364.220188 -598.181252
1.150000 2.003013 28.133096 -1438.386751 -669.229624
1.200000 1.966550 29.355796 -1379.748298 -624.593155
1.250000 2.009275 28.816950 -1407.681883 -636.120423
1.300000 2.018065 28.408091 -1428.297563 -653.360746
1.350000 2.005356 27.277427 -1477.618374 -707.561583
1.400000 1.970505 28.375680 -1424.834101 -668.160104
1.450000 2.010476 30.759674 -1322.120922 -550.098023
1.500000 1.987697 30.830736 -1315.853036 -552.577454
1.550000 2.048445 28.407223 -1429.040335 -642.437535
1.600000 2.023783 28.082288 -1439.277863 -662.145262
1.650000 1.957805 28.189168 -1430.457872 -678.660632
1.700000 1.968325 29.975955 -1351.645258 -595.808642
1.750000 2.001954 28.595463 -1415.619421 -646.869160
1.800000 2.006345 28.532618 -1419.617801 -649.181413
1.850000 1.989472 28.617242 -1413.610103 -649.652804
1.900000 1.979418 29.801534 -1361.524809 -601.428479
1.950000 1.995089 29.132293 -1392.119416 -626.005076
2.000000 2.003172 29.166766 -1395.549062 -626.331016
2.050000 2.028322 27.209516 -1483.265553 -704.390068
2.100000 1.994588 27.895478 -1447.816097 -681.894232
2.150000 1.991676 29.311042 -1383.792368 -618.988914
2.200000 1.971550 29.270805 -1386.869465 -629.794334
2.250000 2.021701 28.176174 -1438.424876 -662.091724
2.300000 1.977234 31.438353 -1288.409975 -529.152019
2.350000 1.996774 29.330691 -1384.671695 -617.910385
2.400000 2.042334 27.958718 -1446.814704 -662.558631
2.450000 1.972319 27.847828 -1448.090796 -690.720247
2.500000 1.997688 28.107939 -1437.055982 -669.943933
2.550000 2.002589 29.210438 -1388.316898 -619.322751
2.600000 1.987971 29.056313 -1395.409858 -632.028870
2.650000 1.987511 30.796832 -1316.835587 -553.631338
2.700000 2.016822 28.522705 -1423.586978 -649.127314
2.750000 2.033102 28.302397 -1430.232824 -649.521504
2.800000 1.954644 28.246756 -1430.199036 -679.615765
2.850000 1.992362 29.860781 -1361.482605 -596.415768
2.900000 2.005239 28.357884 -1429.593917 -659.581960
2.950000 1.976087 28.473016 -1421.985723 -663.168389
3.000000 2.015283 29.985948 -1355.252538 -581.384003
3.050000 2.030165 27.604139 -1460.751413 -681.168242
3.100000 1.970814 28.662085 -1414.559779 -657.767243
3.150000 2.000582 28.085856 -1440.873620 -672.650037
3.200000 1.975024 29.412620 -1381.404606 -622.995477
3.250000 1.972217 30.716229 -1321.015997 -563.684708
3.300000 1.998169 28.907880 -1405.349349 -638.052346
3.350000 2.015243 27.474561 -1469.654142 -695.800720
3.400000 1.971321 28.775877 -1406.523000 -649.535812
3.450000 1.987409 28.270861 -1433.882024 -670.717077
3.500000 2.027504 28.742632 -1410.622586 -632.061161
3.550000 1.984188 27.945100 -1445.646687 -683.718558
3.600000 2.010386 28.547915 -1422.818550 -650.830194
3.650000 2.035515 28.863487 -1410.765306 -629.127453
3.700000 1.966203 28.769974 -1410.913134 -655.891125
3.750000 2.024994 28.657040 -1414.632482 -637.034793
3.800000 1.987711 27.687417 -1457.824769 -694.543660
3.850000 1.971758 28.544160 -1418.545922 -661.390935
3.900000 2.001515 30.259473 -1342.064064 -573.482436
3.950000 2.004489 29.517043 -1377.294343 -607.570465
4.000000 2.029495 29.240220 -1389.941939 -610.615916
4.050000 2.006712 28.061067 -1441.016959 -670.439469
4.100000 2.003176 27.752036 -1452.829225 -683.609772
4.150000 1.974795 28.537569 -1417.273321 -658.952186
4.200000 2.019323 28.919763 -1404.730314 -629.310356
4.250000 1.989208 28.926631 -1401.080890 -637.225091
4.300000 2.005575 29.790830 -1366.985207 -596.844236
4.350000 1.977524 29.233799 -1390.419722 -631.050670
4.400000 1.996293 28.419832 -1425.705468 -659.128970
4.450000 2.005291 29.095422 -1394.684242 -624.652564
4.500000 1.981343 28.389757 -1424.965760 -664.130010
4.550000 1.962048 29.093529 -1389.623675 -636.197324
4.600000 2.000011 28.057533 -1441.770448 -673.766143
4.650000 1.990405 29.761959 -1368.408381 -604.092874
4.700000 2.020715 28.392037 -1426.965029 -651.010394
4.750000 2.025449 28.054082 -1441.260793 -663.488226
4.800000 1.977717 28.862376 -1403.619734 -644.176285
4.850000 1.946315 30.215025 -1340.956139 -593.570996
4.900000 2.011543 29.723996 -1370.135952 -597.703410
4.950000 2.008200 28.377177 -1429.924054 -658.775374
5.000000 1.995175 27.376989 -1473.310693 -707.163598
5.050000 1.972735 29.360529 -1381.596697 -624.066291
5.100000 2.017906 27.143069 -1482.369212 -707.493500
5.150000 2.005094 29.953252 -1358.995459 -589.039290
5.200000 1.996208 29.925592 -1359.573099 -593.029414
5.250000 1.997162 28.847963 -1406.004808 -639.094778
5.300000 2.018395 28.431038 -1425.580600 -650.517087
5.350000 1.983559 28.619429 -1415.597485 -653.910877
5.400000 1.993045 29.201562 -1391.564664 -626.235291
5.450000 1.995329 28.077087 -1440.132879 -673.926403
5.500000 1.999775 30.244477 -1345.393203 -577.479682
5.550000 1.991536 29.299279 -1384.226514 -619.476575
5.600000 2.044013 27.444811 -1470.844240 -685.943142
5.650000 2.006481 28.007502 -1444.865433 -674.376588
5.700000 1.967161 29.477523 -1377.226944 -621.837207
5.750000 2.036965 28.300763 -1432.395616 -650.201096
5.800000 2.007502 28.860518 -1403.228194 -632.347507
5.850000 1.987577 28.855904 -1406.354362 -643.124796
5.900000 1.956440 29.062790 -1396.334339 -645.061327
5.950000 2.012534 29.375811 -1383.285947 -610.472986
6.000000 1.964040 29.932097 -1357.267990 -603.076447
6.050000 1.970237 28.861001 -1404.604834 -648.033957
6.100000 2.018619 29.180425 -1391.741409 -616.591727
6.150000 1.992779 28.283242 -1429.429156 -664.202012
6.200000 1.972909 28.879958 -1402.191452 -644.594334
6.250000 1.973971 28.752532 -1406.983497 -648.978690
6.300000 1.987991 28.174956 -1437.237680 -673.849052
6.350000 2.008948 30.000440 -1355.657293 -584.221296
6.400000 2.010566 28.950572 -1402.018869 -629.961642
6.450000 1.955128 29.073245 -1395.465479 -644.696157
6.500000 2.002759 29.396646 -1379.642265 -610.582781
6.550000 1.997885 28.761709 -1408.394615 -641.206665
6.600000 1.957487 29.165388 -1388.356251 -636.681401
6.650000 1.977276 28.110818 -1439.116751 -679.842598
6.700000 1.988809 29.114492 -1393.505539 -629.802752
6.750000 1.978055 29.972797 -1352.387901 -592.814641
6.800000 1.981741 28.297461 -1432.619609 -671.630972
6.850000 2.013589 27.502853 -1468.769030 -695.551038
6.900000 1.952265 29.049023 -1392.853966 -643.184337
6.950000 2.003835 28.551889 -1419.975380 -650.502571
7.000000 1.995431 27.799297 -1454.668840 -688.423227
7.050000 1.998049 28.184496 -1435.923776 -668.672966
7.100000 2.017125 29.485482 -1379.383345 -604.807314
7.150000 1.983285 28.808994 -1408.001491 -646.419919
7.200000 2.004919 28.323701 -1431.132751 -661.244006
7.250000 2.006974 29.094013 -1396.740393 -626.062292
7.300000 1.976568 28.344520 -1425.836605 -666.834467
7.350000 2.028907 28.993537 -1404.751609 -625.651183
7.400000 1.972347 28.645990 -1413.976684 -656.595390
7.450000 1.993561 28.366754 -1425.277898 -659.750577
7.500000 2.006230 17.842089 -1515.049354 -744.657071
7.550000 1.980088 18.708176 -1469.622963 -709.269201
7.600000 1.996372 17.206614 -1542.124338 -775.517580
7.650000 1.974480 18.694024 -1469.898433 -711.698294
7.700000 2.007343 18.532591 -1480.398717 -709.579064
7.750000 2.008135 18.017444 -1503.726139 -732.602195
7.800000 1.989637 17.639005 -1522.358193 -758.337772
7.850000 2.019444 17.423201 -1534.980446 -759.513782
7.900000 1.991624 17.773896 -1514.535271 -749.751594
7.950000 2.000920 16.794846 -1564.229291 -795.876114
8.000000 1.979425 17.837649 -1513.006241 -752.906989
8.050000 1.999595 17.371575 -1535.176001 -767.331503
8.100000 2.022173 19.304009 -1444.243717 -667.729146
8.150000 2.001793 19.455686 -1440.345634 -671.657143
8.200000 2.032607 19.279147 -1448.616065 -668.095157
8.250000 2.011931 17.280243 -1538.280847 -765.699482
8.300000 1.990632 17.557182 -1530.649877 -766.247314
8.350000 2.020574 16.847194 -1561.443053 -785.542719
8.400000 1.956887 18.553448 -1479.785251 -728.340566
8.450000 2.019225 17.956421 -1510.927032 -735.544795
8.500000 2.003973 17.430379 -1534.253176 -764.727379
8.550000 2.000439 17.286372 -1540.443546 -772.275056
8.600000 2.038667 18.052243 -1505.850398 -723.002419
8.650000 2.017286 16.825454 -1564.176495 -789.538622
8.700000 1.979978 16.981137 -1551.867035 -791.555350
8.750000 1.992688 18.034056 -1505.417145 -740.224780
8.800000 1.993802 18.318718 -1490.190283 -724.570216
8.850000 2.014272 18.844930 -1466.368083 -692.887755
8.900000 2.003200 17.109618 -1548.227234 -778.998488
8.950000 2.013842 17.987546 -1507.908533 -734.593191
9.000000 2.012012 16.456463 -1576.307808 -803.695215
9.050000 1.962363 16.583004 -1569.508653 -815.961240
9.100000 1.989632 18.541999 -1479.564341 -715.545572
9.150000 2.007588 18.279918 -1492.626590 -721.712939
9.200000 2.019393 18.844869 -1465.272028 -689.824958
9.250000 2.026254 17.024230 -1556.685600 -778.603877
9.300000 1.982677 18.161408 -1496.605109 -735.256989
9.350000 2.021378 17.178795 -1546.863734 -770.654652
9.400000 2.005011 18.776251 -1472.054051 -702.129696
9.450000 2.015972 18.572665 -1477.972260 -703.838986
9.500000 2.016283 17.811180 -1516.743925 -742.491221
9.550000 1.979238 17.304876 -1542.010313 -781.983094
9.600000 2.032815 16.781100 -1566.543571 -785.942426
9.650000 2.002116 17.271364 -1538.505986 -769.693556
9.700000 1.951876 17.985172 -1506.852004 -757.331783
9.750000 2.025204 17.843276 -1517.684108 -740.005860
9.800000 2.015052 18.474427 -1483.989401 -710.209329
9.850000 2.012830 15.662687 -1618.268273 -845.341497
9.900000 1.979948 17.088949 -1547.028565 -786.728441
9.950000 1.980558 17.181403 -1543.542851 -783.008636
10.000000 2.009063 19.478792 -1437.961331 -666.481258
10.050000 1.998671 19.116989 -1453.748610 -686.258907
10.100000 1.997222 18.209763 -1497.849925 -730.916557
10.150000 2.017876 17.265149 -1545.486063 -770.621697
10.200000 1.996211 15.869475 -1608.443550 -841.898456
10.250000 1.967695 17.028877 -1551.319514 -795.724543
10.300000 1.978681 16.808542 -1560.942402 -801.128872
10.350000 2.005938 19.157123 -1451.536091 -681.256041
10.400000 2.012448 18.113673 -1502.511404 -729.731196
10.450000 2.021885 18.015179 -1505.459452 -729.055759
10.500000 2.000538 17.747759 -1516.367945 -748.161439
10.550000 1.989248 18.135012 -1499.023500 -735.152437
10.600000 2.015086 18.997118 -1460.899804 -687.106685
10.650000 2.002069 18.005680 -1507.565728 -738.771242
10.700000 2.006769 17.146030 -1547.033310 -776.433873
10.750000 1.998785 18.062597 -1502.610944 -735.077679
10.800000 2.034637 17.208123 -1546.873552 -765.572897
10.850000 2.009766 17.173049 -1543.193951 -771.443693
10.900000 2.006463 16.892325 -1557.348144 -786.866513
10.950000 1.980772 18.636529 -1477.022495 -716.406190
11.000000 1.998334 18.310420 -1492.261395 -724.901155
11.050000 2.025608 18.693583 -1472.758950 -694.925368
11.100000 1.982487 16.418787 -1582.145673 -820.870609
11.150000 1.993730 17.251983 -1543.450788 -777.858289
11.200000 1.992317 17.606588 -1523.873490 -758.823719
11.250000 2.027922 18.225746 -1499.637267 -720.915063
11.300000 1.975674 18.484733 -1484.761483 -726.102846
11.350000 2.037511 17.939516 -1513.508751 -731.104477
11.400000 1.991766 16.189041 -1588.206632 -823.368659
11.450000 2.013044 16.971271 -1553.225504 -780.216601
11.500000 1.976446 17.113592 -1543.346710 -784.391531
11.550000 1.981345 18.557662 -1479.984643 -719.148098
11.600000 1.993807 18.111729 -1504.623812 -739.001853
11.650000 1.988185 17.791140 -1518.675828 -755.212869
11.700000 1.988675 17.457111 -1532.348692 -768.697579
11.750000 1.997403 18.907162 -1464.865786 -697.862854
11.800000 2.012877 16.375749 -1582.982230 -810.037351
11.850000 1.988101 17.186498 -1542.262997 -778.832067
11.900000 1.988111 18.065141 -1503.874658 -740.439960
11.950000 1.986190 17.800776 -1515.458347 -752.761442
12.000000 1.976274 18.196271 -1493.043756 -734.154452
12.050000 2.010881 18.160003 -1499.573356 -727.394873
12.100000 2.001832 17.910534 -1509.115853 -740.412388
12.150000 2.020650 17.205460 -1543.009504 -767.079787
12.200000 1.980326 17.105514 -1546.895124 -786.449825
12.250000 2.008720 17.519396 -1531.904334 -760.555724
12.300000 2.004037 18.731654 -1469.971687 -700.421515
12.350000 1.963139 17.902664 -1508.426546 -754.581234
12.400000 2.036086 17.690538 -1521.269215 -739.412033
12.450000 1.995772 18.417909 -1483.614378 -717.238121
12.500000 2.005228 17.401961 -1532.303969 -762.296347
12.550000 2.003565 18.445882 -1479.618656 -710.249642
12.600000 2.008510 16.998872 -1551.101206 -779.833468
12.650000 1.999805 17.143403 -1543.584071 -775.659079
12.700000 2.011176 17.583506 -1525.933734 -753.642062
12.750000 1.968119 17.711937 -1517.327436 -761.569829
12.800000 2.002258 17.779371 -1514.572821 -745.705641
12.850000 2.034232 16.296726 -1586.392017 -805.247072
12.900000 1.996839 16.384148 -1577.710904 -810.924812
12.950000 1.991542 17.419355 -1534.047832 -769.295840
13.000000 1.985895 18.924785 -1461.722922 -699.139215
13.050000 2.041233 19.700176 -1430.102945 -646.269346
13.100000 2.004417 18.418161 -1489.738506 -720.042238
13.150000 1.996938 16.833057 -1565.470862 -798.646746
13.200000 2.035815 16.381354 -1584.416875 -802.664097
13.250000 1.989217 16.970107 -1555.005994 -791.146522
13.300000 1.982264 17.891431 -1513.328030 -752.138728
13.350000 2.030848 18.016389 -1507.294571 -727.449003
13.400000 2.004566 18.213592 -1494.869169 -725.115644
13.450000 2.019645 17.806780 -1516.274118 -740.730348
13.500000 1.972640 16.978996 -1550.565068 -793.071490
13.550000 1.993857 16.851976 -1556.155437 -790.514192
13.600000 1.964727 16.806060 -1561.983537 -807.528456
13.650000 2.009170 18.135432 -1500.011907 -728.490445
13.700000 1.987545 17.856535 -1508.106457 -744.889342
13.750000 2.003694 18.265314 -1495.553328 -726.134808
13.800000 2.044235 17.455507 -1533.832350 -748.845953
13.850000 2.010054 16.665034 -1571.804990 -799.944342
13.900000 2.001529 16.648618 -1569.630946 -801.043933
13.950000 2.012766 17.118095 -1545.044408 -772.142102
14.000000 1.994101 17.480250 -1529.216895 -763.482052
14.050000 2.004122 17.616884 -1524.592258 -755.009448
14.100000 2.003614 17.529339 -1530.853846 -761.465994
14.150000 1.969043 18.193074 -1494.373761 -738.261214
14.200000 2.030780 18.711631 -1471.056633 -691.236947
14.250000 1.979110 16.704560 -1566.275311 -806.297006
14.300000 2.003470 16.223065 -1589.354385 -820.021717
14.350000 1.991003 17.576911 -1522.265361 -757.720047
14.400000 1.988211 17.662377 -1521.120974 -757.647861
14.450000 2.004998 18.100919 -1500.625352 -730.705943
14.500000 2.004387 17.729934 -1518.502007 -748.817294
14.550000 1.986963 17.870553 -1510.426006 -747.432206
14.600000 2.007694 17.971078 -1506.989944 -736.035415
14.650000 1.977245 19.434580 -1435.924655 -676.662723
14.700000 1.993819 17.597946 -1528.446722 -762.820263
14.750000 2.013498 15.892263 -1605.796325 -832.613056
14.800000 1.975776 17.239526 -1541.391859 -782.694008
14.850000 2.014123 17.912676 -1507.526663 -734.103305
14.900000 1.992209 17.322672 -1534.994674 -769.986599
14.950000 2.000506 17.612879 -1523.807314 -755.613133
15.000000 1.980331 10.673716 -1509.912351 -749.465243
15.050000 1.975889 12.324955 -1428.785098 -670.043683
15.100000 1.994779 11.637363 -1468.579556 -702.584552
15.150000 1.964721 11.672933 -1464.071604 -709.618911
15.200000 1.997165 12.900621 -1405.596806 -638.685629
15.250000 2.024582 12.356202 -1434.995468 -657.555888
15.300000 2.002095 11.761577 -1461.726493 -692.922136
15.350000 1.941286 14.047316 -1347.309137 -601.855445
15.400000 1.993833 14.008811 -1352.578340 -586.946640
15.450000 2.023101 12.836922 -1409.313887 -632.443125
15.500000 1.977817 12.200987 -1433.117909 -673.636354
15.550000 2.013995 12.309686 -1432.240645 -658.866431
15.600000 1.987867 13.321173 -1379.575045 -616.233991
15.650000 2.035172 12.484180 -1423.384927 -641.879028
15.700000 1.998482 12.300977 -1431.699751 -664.282635
15.750000 1.996794 11.448200 -1477.210056 -710.441265
15.800000 1.991284 12.977132 -1399.983734 -635.330653
15.850000 1.988659 12.582565 -1416.461060 -652.816192
15.900000 2.007531 12.968036 -1394.334661 -623.442645
15.950000 1.973657 12.750810 -1409.899584 -652.015238
16.000000 2.002193 13.101366 -1393.552131 -624.710108
16.050000 1.966442 12.258821 -1432.902892 -677.789095
16.100000 2.014686 13.927563 -1351.677006 -578.037516
16.150000 1.981579 13.421830 -1377.948787 -617.022596
16.200000 2.013290 13.232543 -1386.149886 -613.046575
16.250000 1.991342 12.462051 -1424.723443 -660.047983
16.300000 1.968037 12.841446 -1407.594846 -651.868780
16.350000 2.002338 14.893366 -1302.777086 -533.879403
16.400000 2.030646 12.797642 -1413.721869 -633.953919
16.450000 2.002918 12.676800 -1417.371526 -648.250899
16.500000 2.001969 12.913518 -1405.840135 -637.083996
16.550000 1.982117 13.935087 -1353.453479 -592.320466
16.600000 1.970655 14.755038 -1309.862804 -553.131152
16.650000 2.056984 13.926297 -1351.305568 -561.423575
16.700000 1.965167 13.283298 -1385.258469 -630.634235
16.750000 2.003280 13.995382 -1351.979725 -582.720084
16.800000 2.010452 14.299288 -1337.040150 -565.026754
16.850000 2.001036 13.902874 -1357.648920 -589.251262
16.900000 2.006963 13.527364 -1374.010698 -603.336782
16.950000 1.976774 12.443306 -1427.925631 -668.844232
17.000000 1.958681 14.135837 -1343.328103 -591.194680
17.050000 2.007196 14.903322 -1306.297685 -535.534269
17.100000 2.023318 14.516650 -1327.614207 -550.659905
17.150000 2.001062 14.882254 -1307.751433 -539.343613
17.200000 1.998563 15.190992 -1296.562773 -529.114544
17.250000 1.993956 15.209493 -1290.270217 -524.591211
17.300000 2.016755 15.874299 -1259.972919 -485.539085
17.350000 1.973128 15.655020 -1272.059147 -514.377805
17.400000 2.007550 15.666963 -1272.818950 -501.919581
17.450000 1.998969 15.024493 -1295.035426 -527.431229
17.500000 2.010106 15.812623 -1259.596896 -487.716293
17.550000 2.029407 14.596624 -1321.464953 -542.172478
17.600000 2.011747 14.248592 -1334.594181 -562.083375
17.650000 2.004588 15.150892 -1295.398735 -525.637072
17.700000 2.005831 14.675670 -1316.832348 -546.593077
17.750000 1.988940 13.475575 -1375.287216 -611.534151
17.800000 1.990600 15.248011 -1288.310768 -523.920200
17.850000 1.982658 14.780273 -1316.531270 -555.190471
17.900000 2.013181 15.729143 -1271.042754 -497.981344
17.950000 2.011596 14.781640 -1315.728941 -543.276186
18.000000 2.035208 14.509119 -1330.484039 -548.963988
18.050000 1.986078 15.002462 -1299.047360 -536.393281
18.100000 1.996927 15.192830 -1295.299479 -528.479559
18.150000 2.006979 16.482356 -1233.173523 -462.493456
18.200000 2.018712 15.414886 -1285.996175 -510.810836
18.250000 1.993329 15.424709 -1277.294452 -511.856200
18.300000 1.992789 14.441895 -1328.928351 -563.697381
18.350000 1.992201 15.561143 -1275.650297 -510.645223
18.400000 2.026390 15.125452 -1295.095397 -516.961514
18.450000 1.989511 14.805312 -1310.359866 -546.387770
18.500000 1.995068 14.693780 -1323.487718 -557.381529
18.550000 2.018373 14.617641 -1326.041575 -550.986397
18.600000 1.974664 15.723103 -1268.138625 -509.867582
18.650000 1.986775 16.160206 -1239.383566 -476.462077
18.700000 2.014605 14.994799 -1302.549311 -528.941109
18.750000 1.995321 15.764452 -1256.936699 -490.733426
18.800000 1.998855 14.773160 -1317.410403 -549.850107
18.850000 1.999424 16.403709 -1230.450510 -462.671840
18.900000 2.022789 15.559360 -1283.544364 -506.793328
18.950000 2.018396 15.786849 -1269.151755 -494.087651
19.000000 2.018838 15.094946 -1302.187919 -526.954230
19.050000 2.000923 15.236214 -1290.068029 -521.713631
19.100000 2.038373 14.944917 -1306.959555 -524.224443
19.150000 1.987890 13.981536 -1358.107437 -594.757504
19.200000 1.999581 15.570267 -1278.076728 -510.237807
19.250000 2.007518 15.794276 -1264.430874 -493.544117
19.300000 2.026680 15.097582 -1302.489432 -524.244195
19.350000 1.989657 15.197169 -1291.693559 -527.665430
19.400000 1.975520 15.440665 -1272.258638 -513.659028
19.450000 1.996569 16.411817 -1227.098562 -460.416197
19.500000 2.008795 15.692640 -1265.787981 -494.410758
19.550000 2.004686 14.606855 -1324.547226 -554.747616
19.600000 1.950366 15.422974 -1279.393207 -530.452616
19.650000 1.989636 15.598194 -1275.106661 -511.086488
19.700000 1.982908 16.260358 -1241.118415 -479.681707
19.750000 2.015202 16.204061 -1240.440670 -466.603286
19.800000 1.991993 14.654480 -1322.148702 -557.223393
19.850000 1.996950 14.378763 -1337.525003 -570.696296
19.900000 1.988646 15.116260 -1297.229617 -533.589362
19.950000 2.014975 16.268403 -1238.645453 -464.894871
20.000000 2.006126 15.592589 -1276.898300 -506.545897
20.050000 2.005022 15.090342 -1299.155782 -529.227491
20.100000 2.016625 15.551971 -1268.960950 -494.576979
20.150000 2.029104 14.903790 -1305.284699 -526.108744
20.200000 1.976283 15.171719 -1293.107955 -534.215358
20.250000 1.999370 15.797225 -1270.603446 -502.845517
20.300000 2.040280 16.172154 -1249.503581 -466.036248
20.350000 1.993185 15.461117 -1278.621068 -513.237875
20.400000 1.999343 15.143276 -1295.378399 -527.630725
20.450000 2.011013 15.105833 -1292.818654 -520.589555
20.500000 1.977579 14.443962 -1329.049333 -569.659104
20.550000 2.006530 15.691170 -1273.277022 -502.769564
20.600000 1.995357 15.310079 -1293.804705 -527.587662
20.650000 2.005096 15.332005 -1296.811347 -526.854522
20.700000 1.997111 14.887653 -1316.498935 -549.608365
20.750000 1.977977 14.641469 -1321.754470 -562.211130
20.800000 1.993669 14.298764 -1343.599799 -578.031025
20.850000 1.978764 15.980250 -1257.440224 -497.594761
20.900000 1.995779 15.105072 -1301.339856 -534.960645
20.950000 2.027783 14.719432 -1320.413744 -541.745257
21.000000 1.972398 14.351082 -1334.213784 -576.813030
21.050000 2.014182 16.127705 -1245.982971 -472.536991
21.100000 2.011090 15.193670 -1296.500224 -524.241793
21.150000 1.973962 14.716698 -1316.895998 -558.894506
21.200000 1.990231 14.294520 -1338.899361 -574.650801
21.250000 1.998506 14.849586 -1308.813450 -541.387166
21.300000 1.982320 15.349513 -1287.739088 -526.528302
21.350000 2.022470 15.650397 -1275.193239 -498.564604
21.400000 1.992712 15.606390 -1277.775588 -512.574064
21.450000 1.978182 15.707835 -1269.536187 -509.914428
21.500000 2.011848 15.558225 -1277.914402 -505.364659
21.550000 1.986000 15.273659 -1297.260646 -534.636477
21.600000 1.977757 15.988450 -1263.646591 -504.187969
21.650000 2.005536 15.757411 -1273.134880 -503.009129
21.700000 2.014796 14.674877 -1326.061491 -552.379674
21.750000 2.018111 14.612831 -1323.678523 -548.723802
21.800000 1.987205 14.785564 -1308.761083 -545.674327
21.850000 1.992416 14.698639 -1311.893240 -546.805404
21.900000 2.023292 15.800545 -1258.153410 -481.209192
21.950000 1.984294 15.038686 -1302.117954 -540.149043
22.000000 1.995553 15.914800 -1252.557533 -486.265247
22.050000 2.001738 14.715000 -1313.606924 -544.939535
22.100000 1.983402 15.626258 -1267.041268 -505.414831
22.150000 1.964157 15.161237 -1294.604456 -540.368144
22.200000 1.995454 15.621740 -1271.010024 -504.755807
22.250000 2.037645 16.125908 -1238.839493 -456.383930
22.300000 1.975584 16.077804 -1242.895959 -484.271523
22.350000 2.022425 16.116404 -1251.198222 -474.586840
22.400000 1.970965 15.133593 -1296.029290 -539.178583
22.450000 1.989996 15.237901 -1297.386800 -533.228445
22.500000 1.984736 9.393253 -1274.339239 -512.200596
22.550000 2.014912 10.125054 -1230.995303 -457.269258
22.600000 2.010034 9.804580 -1251.142855 -479.289814
22.650000 2.003272 9.126520 -1289.147388 -519.890885
22.700000 1.997371 8.837385 -1304.760216 -537.769873
22.750000 2.028575 8.835148 -1302.034786 -523.061940
22.800000 2.015453 9.128423 -1282.217471 -508.283444
22.850000 1.988922 8.649627 -1308.631329 -544.885266
22.900000 1.997395 8.966441 -1294.485793 -527.486090
22.950000 2.012191 9.292236 -1276.872376 -504.191112
23.000000 2.004531 8.084808 -1346.657083 -576.917229
23.050000 1.984150 9.005044 -1290.025017 -528.111344
23.100000 1.994910 9.649000 -1252.559156 -486.513822
23.150000 2.029910 8.680531 -1315.536200 -536.050638
23.200000 2.005690 9.169350 -1290.714096 -520.529262
23.250000 1.992419 9.724560 -1263.404582 -498.315604
23.300000 1.989627 9.634187 -1263.173542 -499.156687
23.350000 2.005380 9.006346 -1294.888955 -524.823050
23.400000 1.993706 8.767577 -1308.350141 -542.767086
23.450000 1.990471 9.253884 -1279.680620 -515.339754
23.500000 2.020958 9.247072 -1279.574138 -503.526375
23.550000 1.996679 8.929803 -1296.205904 -529.481035
23.600000 2.005083 7.940768 -1355.908204 -585.956449
23.650000 1.988414 8.223477 -1331.969977 -568.418811
23.700000 1.989829 9.545133 -1254.970262 -490.875996
23.750000 2.010638 9.170674 -1278.593362 -506.508371
23.800000 1.987020 9.442204 -1258.460075 -495.444403
23.850000 2.013720 8.626816 -1307.454752 -534.186182
23.900000 1.996272 8.799606 -1296.718181 -530.149783
23.950000 2.013369 8.630641 -1309.085793 -535.952134
24.000000 1.986212 8.779429 -1296.707459 -534.001949
24.050000 2.002474 9.020962 -1292.095934 -523.145731
24.100000 1.987031 9.145392 -1288.730736 -525.710954
24.150000 1.987724 9.582661 -1267.275417 -503.989590
24.200000 2.005512 9.122506 -1294.204583 -524.087986
24.250000 1.994167 8.895615 -1305.061749 -539.301610
24.300000 2.024448 10.204632 -1232.369210 -454.981030
24.350000 2.012960 8.542278 -1325.624419 -552.647737
24.400000 1.978468 8.330137 -1334.983006 -575.251388
24.450000 2.005906 8.619945 -1318.218676 -547.950665
24.500000 1.992392 8.354397 -1327.755632 -562.677130
24.550000 1.989532 8.995143 -1290.366360 -526.386125
24.600000 1.958666 9.289107 -1272.958255 -520.830603
24.650000 2.005419 9.898092 -1244.229585 -474.148648
24.700000 2.019100 9.794394 -1239.926921 -464.592709
24.750000 2.008479 8.360428 -1318.230680 -546.974755
24.800000 2.011955 7.975150 -1341.399735 -568.809111
24.850000 1.999949 7.774748 -1356.593691 -588.613110
24.900000 1.983776 8.162435 -1334.977272 -573.207469
24.950000 1.999350 9.100198 -1286.670754 -518.920208
25.000000 1.989253 9.334876 -1276.990066 -513.117062
25.050000 2.009036 9.088383 -1294.638796 -523.169137
25.100000 1.993718 8.926029 -1303.738157 -538.150437
25.150000 2.006664 8.134236 -1345.646936 -575.087936
25.200000 2.002896 8.601251 -1312.049852 -542.937962
25.250000 1.983313 8.452607 -1325.544499 -563.952223
25.300000 2.030052 8.174863 -1340.027938 -560.487941
25.350000 1.996078 8.545465 -1315.436363 -548.942356
25.400000 1.971334 10.076908 -1225.631572 -468.639169
25.450000 1.995246 9.368418 -1268.181870 -502.007397
25.500000 2.031044 8.042009 -1345.073575 -565.152635
25.550000 1.990139 8.380475 -1330.573817 -566.360538
25.600000 2.021412 9.017467 -1299.130063 -522.907909
25.650000 2.016981 8.966473 -1296.939142 -522.418415
25.700000 1.989871 8.492597 -1319.345418 -555.234830
25.750000 1.988528 9.007618 -1290.252253 -526.657554
25.800000 1.989877 8.912437 -1300.216988 -536.104390
25.850000 1.996548 7.863709 -1362.405112 -595.730865
25.900000 1.992805 8.922423 -1296.681168 -531.443911
25.950000 1.998878 8.073783 -1347.289746 -579.720715
26.000000 2.007498 8.766128 -1309.347037 -538.467680
26.050000 2.022612 9.019241 -1291.407306 -514.724110
26.100000 1.994969 8.485469 -1316.074622 -550.006403
26.150000 2.003884 8.095320 -1346.164930 -576.673554
26.200000 1.995869 8.027808 -1350.899611 -584.485731
26.250000 2.005148 8.350475 -1327.041334 -557.064411
26.300000 1.987852 8.603495 -1312.276703 -548.941587
26.350000 2.018311 8.635946 -1312.101746 -537.070318
26.400000 1.983070 8.869033 -1297.426514 -535.927781
26.450000 1.987139 8.987369 -1298.630030 -535.568571
26.500000 2.008949 8.917449 -1300.841049 -529.404670
26.550000 1.985516 8.968361 -1290.461445 -528.023394
26.600000 1.987645 9.475718 -1268.784808 -505.528960
26.650000 2.021402 10.042379 -1237.651371 -461.432932
26.700000 1.998068 9.643656 -1261.839224 -494.581081
26.750000 2.002358 8.943375 -1298.803096 -529.897674
26.800000 1.986712 9.438688 -1270.551340 -507.653772
26.850000 2.018714 9.335600 -1286.628168 -511.442069
26.900000 1.984530 9.451736 -1275.190725 -513.131363
26.950000 1.985192 9.540015 -1263.094118 -500.780427
27.000000 2.005850 9.708512 -1260.693828 -490.447238
27.050000 1.995192 9.544724 -1268.034997 -501.881160
27.100000 1.984207 9.283892 -1284.445971 -522.510400
27.150000 2.020431 9.694219 -1258.728399 -482.882819
27.200000 1.988083 9.592935 -1267.027923 -503.604051
27.250000 1.988852 9.989505 -1246.243445 -482.524255
27.300000 2.009735 9.827828 -1259.524754 -487.786436
27.350000 1.978443 11.055177 -1190.147847 -430.425638
27.400000 1.997206 9.928015 -1255.584527 -488.657519
27.450000 2.008669 9.683673 -1265.797676 -494.468711
27.500000 2.027684 9.893296 -1243.638240 -465.007765
27.550000 1.991615 8.989243 -1292.104678 -527.324670
27.600000 2.014087 9.770554 -1243.679077 -470.269759
27.650000 1.990109 9.715588 -1249.393473 -485.191781
27.700000 2.003646 9.854889 -1247.904924 -478.504848
27.750000 2.003566 8.604800 -1317.895816 -548.526547
27.800000 2.014220 8.585468 -1320.108199 -546.647854
27.850000 1.977981 9.968959 -1241.199703 -481.655118
27.900000 2.010912 10.426686 -1219.305706 -447.115474
27.950000 2.011764 9.343761 -1275.673237 -503.155710
28.000000 2.012313 8.939874 -1299.251626 -526.523411
28.050000 2.002904 9.561795 -1265.807826 -496.692634
28.100000 2.031322 8.489084 -1329.561921 -549.534319
28.150000 1.988813 8.344315 -1332.590396 -568.886162
28.200000 2.003747 9.107167 -1289.260727 -519.822061
28.250000 2.001289 8.786151 -1307.803037 -539.308115
28.300000 1.988847 8.489789 -1327.201727 -563.484490
28.350000 2.000409 9.062386 -1294.092302 -525.935192
28.400000 1.973587 9.968566 -1244.117080 -486.259617
28.450000 2.014645 9.293342 -1287.893408 -514.269741
28.500000 2.009239 8.508864 -1327.738671 -556.190731
28.550000 2.023097 8.707775 -1309.983784 -533.114486
28.600000 1.968244 9.318513 -1270.154582 -514.348926
28.650000 2.010262 9.544875 -1269.223899 -497.283164
28.700000 2.009971 8.898064 -1309.287035 -537.458123
28.750000 1.985025 9.695126 -1255.246460 -492.996907
28.800000 2.015218 8.809485 -1310.048683 -536.205121
28.850000 2.012401 9.847681 -1244.249366 -471.487370
28.900000 1.997838 9.175728 -1287.986881 -520.817019
28.950000 2.005153 9.811421 -1253.484998 -483.506201
29.000000 1.986641 8.975415 -1299.049248 -536.179195
29.050000 2.008861 9.112698 -1283.168355 -511.765765
29.100000 2.005958 8.054310 -1341.578677 -571.290916
29.150000 2.004163 8.589117 -1310.951593 -541.352897
29.200000 1.983914 9.123513 -1291.084051 -529.261019
29.250000 2.018652 9.038331 -1298.401755 -523.239561
29.300000 2.018019 8.959310 -1296.587818 -521.668699
29.350000 1.998734 7.937806 -1346.685818 -579.171775
29.400000 1.975919 8.614610 -1316.979405 -558.226526
29.450000 1.997456 9.903422 -1250.695887 -483.672783
29.500000 1.987624 8.381351 -1338.450075 -575.202320
29.550000 1.993133 10.119609 -1230.282167 -464.919194
29.600000 2.005702 8.816228 -1304.944646 -534.754992
29.650000 2.007987 8.171096 -1346.490421 -575.423430
29.700000 1.999209 9.390955 -1278.553271 -510.856980
29.750000 1.985793 9.505673 -1273.923541 -511.379123
29.800000 2.021230 9.008673 -1296.903414 -520.750955
29.850000 1.994354 9.497125 -1269.079303 -503.247391
29.900000 2.003931 9.861079 -1251.375063 -481.865514
29.950000 1.964617 10.267088 -1232.926990 -478.514249
30.000000 1.982432 6.411608 -1154.739971 -393.486102
30.050000 2.023320 5.820659 -1188.139034 -411.184009
30.100000 1.994004 4.988854 -1235.423561 -469.726215
30.150000 2.012720 4.772811 -1246.619507 -473.735044
30.200000 1.988297 5.340148 -1215.542960 -452.037071
30.250000 2.001937 5.637539 -1193.010864 -424.267020
30.300000 1.989210 4.621254 -1260.730025 -496.873415
30.350000 2.005276 5.063155 -1237.104142 -467.078320
30.400000 1.991569 5.155111 -1230.707103 -465.944693
30.450000 1.999330 6.346799 -1150.797731 -383.055110
30.500000 2.012055 4.976829 -1239.347642 -466.718513
30.550000 2.008638 5.178804 -1225.536707 -454.219673
30.600000 2.002111 5.776049 -1190.276396 -421.465624
30.650000 2.002935 6.287679 -1158.622162 -389.495291
30.700000 2.003400 5.516375 -1207.408350 -438.102921
30.750000 1.987554 4.904559 -1239.912815 -476.691973
30.800000 2.022299 4.959872 -1234.702716 -458.139866
30.850000 1.980995 5.067879 -1225.603773 -464.901807
30.900000 2.015184 4.960683 -1240.974447 -467.143838
30.950000 1.970201 5.397613 -1216.080607 -459.523373
31.000000 2.027412 5.350127 -1216.205052 -437.678679
31.050000 1.998089 4.444552 -1262.948640 -495.682433
31.100000 2.029230 4.977860 -1236.980892 -457.756521
31.150000 1.988559 5.244052 -1229.014586 -465.407812
31.200000 2.008072 5.563746 -1211.568657 -440.468857
31.250000 2.018140 5.359876 -1228.849151 -453.883399
31.300000 2.008540 5.149836 -1239.055494 -467.776075
31.350000 2.012913 5.260317 -1224.837803 -451.879111
31.400000 1.990559 4.797900 -1244.360147 -479.985444
31.450000 2.004390 4.447332 -1259.157824 -489.472170
31.500000 1.976701 4.423527 -1269.327837 -510.274805
31.550000 1.990230 5.749831 -1201.133310 -436.884884
31.600000 2.008185 5.143873 -1229.140514 -457.997595
31.650000 1.998328 5.064510 -1225.464063 -458.106290
31.700000 1.982679 5.598962 -1194.792331 -433.443568
31.750000 1.994144 5.822196 -1188.405180 -422.653946
31.800000 2.013178 5.539991 -1200.836256 -427.775819
31.850000 2.000278 5.710735 -1180.984643 -412.877968
31.900000 1.988548 6.131355 -1157.537543 -393.935149
31.950000 2.020651 5.048645 -1234.925327 -458.995448
32.000000 1.991296 6.038457 -1168.252714 -403.595178
32.050000 1.991173 5.530939 -1199.994694 -435.384250
32.100000 2.004285 5.155430 -1221.317145 -451.671673
32.150000 2.023040 4.871343 -1242.604922 -465.757466
32.200000 1.989729 5.583209 -1199.922650 -435.866757
32.250000 1.999681 5.117711 -1228.750040 -460.872538
32.300000 1.989944 5.012371 -1234.065623 -469.927162
32.350000 2.009955 5.237613 -1221.059900 -449.237362
32.400000 1.991904 4.717099 -1257.786945 -492.895676
32.450000 2.003163 5.195456 -1225.292335 -456.077574
32.500000 1.987619 5.352230 -1216.593593 -453.347834
32.550000 2.001223 4.928215 -1246.840792 -478.370983
32.600000 2.010476 4.825411 -1250.646684 -478.623904
32.650000 1.972149 5.870319 -1182.527361 -425.222160
32.700000 1.990651 6.113249 -1160.277308 -395.867389
32.750000 2.008280 4.940700 -1233.627371 -462.447823
32.800000 2.007040 5.201333 -1217.432677 -446.729198
32.850000 2.012755 4.450960 -1263.656674 -490.758915
32.900000 1.962807 5.519520 -1191.921600 -438.203897
32.950000 1.996303 5.064577 -1224.378288 -457.797944
33.000000 1.992560 4.644268 -1249.218655 -484.075570
33.050000 1.995378 5.299334 -1205.887971 -439.662959
33.100000 1.999217 5.422913 -1199.797355 -432.098104
33.150000 1.990304 5.652046 -1190.712748 -426.436116
33.200000 2.039223 5.007991 -1229.723149 -446.661516
33.250000 2.009640 4.581615 -1255.415899 -483.714216
33.300000 1.990773 4.134902 -1290.796930 -526.339988
33.350000 1.984208 5.125107 -1229.116131 -467.180393
33.400000 2.007771 5.461340 -1206.349289 -435.365251
33.450000 2.007815 6.407771 -1142.474777 -371.473682
33.500000 2.005567 5.849888 -1180.395549 -410.257782
33.550000 1.997073 4.829284 -1243.263857 -476.387987
33.600000 1.994549 5.002717 -1233.700377 -467.793512
33.650000 1.998474 5.515969 -1204.365869 -436.951894
33.700000 2.019555 5.821569 -1185.160233 -409.651180
33.750000 2.004604 4.997000 -1234.858024 -465.090034
33.800000 1.994466 5.103904 -1231.326857 -465.451887
33.850000 1.977115 5.769473 -1193.191362 -433.979023
33.900000 2.024278 4.935811 -1247.397226 -470.074381
33.950000 1.991111 5.658673 -1195.439689 -430.852954
34.000000 2.000573 5.011517 -1236.589883 -468.369865
34.050000 2.012683 4.789611 -1246.643897 -473.773601
34.100000 1.985292 5.406053 -1205.997248 -443.645023
34.150000 1.998576 5.490843 -1203.568730 -436.115676
34.200000 2.008372 5.108813 -1224.244307 -453.029300
34.250000 1.995566 5.199589 -1225.646401 -459.349241
34.300000 2.006741 4.997174 -1241.937548 -471.348866
34.350000 1.978461 5.058794 -1234.697471 -474.968531
34.400000 2.007690 4.720168 -1259.332167 -488.379070
34.450000 1.989374 5.622293 -1197.816455 -433.896848
34.500000 2.009697 4.846174 -1249.995779 -478.272258
34.550000 2.000455 4.773738 -1250.616743 -482.441912
34.600000 2.003924 5.272840 -1209.342216 -439.835334
34.650000 2.011725 4.477447 -1258.954362 -486.452040
34.700000 1.980579 5.022729 -1224.255089 -463.712896
34.750000 1.979598 4.862038 -1245.889297 -485.723759
34.800000 2.000846 5.819497 -1186.962456 -418.637778
34.850000 1.992956 5.868705 -1185.144874 -419.849926
34.900000 2.001356 5.166760 -1233.217542 -464.696667
34.950000 1.998681 4.909575 -1246.220764 -478.727109
35.000000 1.994854 5.237979 -1219.935399 -453.911294
35.050000 2.006394 4.878855 -1247.854166 -477.398718
35.100000 1.995659 6.214869 -1163.983833 -397.650928
35.150000 1.985615 5.281159 -1219.122285 -456.646266
35.200000 2.007257 5.166136 -1219.863539 -449.076728
35.250000 1.987173 5.039137 -1225.459030 -462.384591
35.300000 1.986557 5.071255 -1225.254108 -462.416130
35.350000 2.018198 5.332240 -1211.653161 -436.665215
35.400000 2.010278 5.527696 -1205.160605 -433.213806
35.450000 2.023358 5.219704 -1222.107243 -445.137853
35.500000 2.012519 4.668087 -1253.485362 -480.678194
35.550000 1.976788 4.594400 -1258.529165 -499.442559
35.600000 2.009082 4.852768 -1246.009641 -474.522283
35.650000 1.987361 4.754308 -1249.545101 -486.398489
35.700000 2.008380 5.519528 -1207.857977 -436.639932
35.750000 2.024901 5.306628 -1216.151584 -438.589682
35.800000 1.997190 4.237107 -1278.031962 -511.110889
35.850000 2.009586 4.756584 -1247.060066 -475.379156
35.900000 1.996954 4.915886 -1233.778239 -466.947843
35.950000 1.991797 4.546658 -1254.566164 -489.716053
36.000000 1.996878 5.210500 -1213.108795 -446.307791
36.050000 1.981258 6.223383 -1153.246317 -392.443376
36.100000 1.997130 5.717621 -1192.037458 -425.139443
36.150000 2.022082 5.864315 -1186.655178 -410.175810
36.200000 2.007102 5.696044 -1200.023795 -429.296579
36.250000 1.996380 5.250838 -1230.120456 -463.510423
36.300000 1.984819 5.261978 -1225.761308 -463.590899
36.350000 2.044257 5.661054 -1200.450703 -415.456005
36.400000 1.987811 5.161041 -1229.466084 -466.146781
36.450000 1.978379 5.541314 -1208.552467 -448.854924
36.500000 2.015192 5.711082 -1202.729596 -428.895802
36.550000 1.997735 5.835845 -1193.348360 -426.217957
36.600000 2.020298 5.359315 -1220.903406 -445.108972
36.650000 2.019486 4.718747 -1251.557168 -476.074736
36.700000 1.990702 4.917449 -1234.780899 -470.351277
36.750000 2.002439 5.797339 -1175.833791 -406.897034
36.800000 1.986538 5.477365 -1200.104266 -437.273598
36.850000 1.984048 5.988358 -1168.950812 -407.076190
36.900000 2.053265 5.434591 -1199.869117 -411.415539
36.950000 1.986036 5.154440 -1222.846153 -460.208392
37.000000 2.005919 5.604267 -1195.537647 -425.264864
37.050000 1.989322 5.064550 -1230.741545 -466.841731
37.100000 2.024958 5.443322 -1211.052664 -433.468618
37.150000 2.006332 4.612995 -1259.468610 -489.037086
37.200000 1.991029 4.349784 -1269.669230 -505.114232
37.250000 1.991104 4.902967 -1235.548884 -470.965118
37.300000 1.985681 5.018810 -1232.634818 -470.133244
37.350000 1.991512 5.037944 -1238.916127 -474.175540
37.400000 1.997779 4.927673 -1248.789549 -481.642567
37.450000 1.983594 5.490928 -1212.083956 -450.383984
37.500000 1.989872 2.865604 -1115.933334 -351.822370
37.550000 1.993555 2.941642 -1112.434154 -346.909194
37.600000 2.000970 3.446659 -1071.677165 -303.304645
37.650000 2.001995 3.259680 -1080.740106 -311.973981
37.700000 2.002890 3.163326 -1084.767643 -315.657974
37.750000 2.000149 2.732834 -1116.887359 -348.830067
37.800000 1.997881 2.854338 -1107.345496 -340.159271
37.850000 2.008038 3.375822 -1073.935900 -302.849452
37.900000 1.999232 3.207938 -1082.654123 -314.948875
37.950000 1.988500 2.884546 -1103.096632 -339.512736
38.000000 2.012274 2.876039 -1102.133278 -329.420135
38.050000 1.981986 3.076088 -1092.189542 -331.106760
38.100000 2.006678 2.850572 -1109.899359 -339.335005
38.150000 2.011416 2.535382 -1124.110610 -351.726704
38.200000 1.993628 3.355837 -1065.243943 -299.690671
38.250000 2.026841 2.986807 -1098.179150 -319.872366
38.300000 2.015165 2.429307 -1140.338802 -366.515397
38.350000 1.995067 3.129353 -1095.335953 -329.230293
38.400000 1.974071 3.624289 -1062.212095 -304.168790
38.450000 2.002672 3.704687 -1057.565605 -288.539571
38.500000 2.018818 3.196576 -1090.455426 -315.229132
38.550000 1.989525 2.982492 -1107.607801 -343.630016
38.600000 2.000878 2.732906 -1131.385341 -363.048024
38.650000 2.003941 2.880776 -1118.014700 -348.501216
38.700000 1.994632 2.699199 -1132.007836 -366.069236
38.750000 2.012975 3.143462 -1101.363956 -328.381712
38.800000 2.002579 2.635893 -1129.564156 -360.573761
38.850000 1.978941 2.632110 -1119.735781 -359.822419
38.900000 2.014910 2.478071 -1128.738891 -355.013522
38.950000 1.988784 2.378560 -1131.854331 -368.161441
39.000000 2.000833 2.683702 -1110.955940 -342.636044
39.050000 2.022857 2.105518 -1146.561293 -369.784366
39.100000 1.987554 1.801632 -1168.591585 -405.370889
39.150000 2.000147 2.317406 -1142.256393 -374.200093
39.200000 1.978480 3.077202 -1092.658414 -332.921949
39.250000 2.016257 3.005148 -1102.482421 -328.239602
39.300000 1.989310 3.211502 -1086.921742 -323.026770
39.350000 2.003744 2.734893 -1119.548894 -350.111364
39.400000 1.999102 2.571868 -1134.296878 -366.641633
39.450000 1.999572 2.764436 -1126.086301 -358.250630
39.500000 2.011994 2.852626 -1123.763698 -351.158135
39.550000 1.988961 2.832094 -1128.048820 -364.287642
39.600000 1.991926 3.361627 -1086.754316 -321.854651
39.650000 2.002675 2.898795 -1108.349049 -339.321728
39.700000 2.015673 2.542657 -1119.490849 -345.472563
39.750000 1.991540 2.886393 -1090.306108 -325.554731
39.800000 1.991941 2.834682 -1104.234114 -339.328948
39.850000 2.005118 3.013351 -1095.652464 -325.687266
39.900000 1.990167 2.996307 -1099.046624 -334.822482
39.950000 2.005002 3.168189 -1089.038709 -319.117992
40.000000 2.001273 3.137304 -1097.132852 -328.643927
40.050000 2.004334 3.506426 -1072.344303 -302.680062
40.100000 2.014828 3.595823 -1067.489462 -293.795626
40.150000 2.016311 3.263295 -1087.534273 -313.270749
40.200000 2.006125 3.038476 -1099.138282 -328.786302
40.250000 1.968326 3.748068 -1048.993234 -293.155992
40.300000 2.012103 3.912441 -1046.792513 -274.145066
40.350000 2.001442 3.530915 -1070.464417 -301.910667
40.400000 2.014968 2.700386 -1128.133702 -354.385928
40.450000 2.001411 2.707795 -1120.692001 -352.150136
40.500000 2.000188 2.776661 -1120.240186 -352.167855
40.550000 2.032388 2.824948 -1115.540761 -335.103904
40.600000 2.010979 2.781220 -1120.121537 -347.905535
40.650000 1.991187 3.145648 -1096.939278 -332.323647
40.700000 2.003386 3.224633 -1098.460842 -329.160621
40.750000 1.995176 3.271050 -1099.315060 -333.167513
40.800000 2.016825 3.595062 -1069.859809 -295.398933
40.850000 2.009307 2.702419 -1140.135846 -368.562145
40.900000 1.989186 3.086650 -1114.660477 -350.813070
40.950000 2.036551 3.469123 -1093.341920 -311.306197
41.000000 1.985982 3.313088 -1100.342857 -337.725867
41.050000 2.018725 3.193843 -1099.223203 -324.032617
41.100000 1.991623 2.381180 -1141.874457 -377.091124
41.150000 2.000223 3.136688 -1083.719871 -315.634240
41.200000 1.994712 2.747254 -1120.986934 -355.017434
41.250000 2.000494 3.557967 -1070.743603 -302.553835
41.300000 1.990933 3.023485 -1113.608875 -349.090613
41.350000 1.986176 3.197107 -1103.637929 -340.946178
41.400000 1.983501 3.702589 -1064.072847 -302.408467
41.450000 2.008862 3.020006 -1106.843823 -335.440995
41.500000 2.004332 2.864980 -1113.740076 -344.076691
41.550000 2.005186 2.396118 -1149.761446 -379.769896
41.600000 2.000730 3.072151 -1103.827812 -335.547631
41.650000 2.005564 2.935233 -1118.218670 -348.081914
41.700000 2.002534 2.816415 -1124.804238 -355.831174
41.750000 1.976641 3.131651 -1098.727979 -339.698013
41.800000 2.008891 2.761370 -1120.859219 -349.445035
41.850000 1.985776 2.715528 -1116.432591 -353.894782
41.900000 2.000417 2.868151 -1102.198894 -334.038930
41.950000 1.983841 2.993538 -1094.433667 -332.638739
42.000000 1.989242 3.001772 -1097.494020 -333.625272
42.050000 2.011035 2.811726 -1116.789581 -344.552290
42.100000 1.999309 2.765048 -1122.233123 -354.498531
42.150000 1.999044 3.243625 -1083.551845 -315.918799
42.200000 1.990507 2.737374 -1117.806540 -353.451937
42.250000 1.993727 2.719306 -1116.098768 -350.507630
42.300000 1.996285 2.796265 -1114.376650 -347.803215
42.350000 2.000362 3.250557 -1078.929452 -310.790410
42.400000 2.009321 2.703952 -1117.831061 -346.251781
42.450000 1.985118 2.953070 -1103.289169 -341.004047
42.500000 2.011346 2.937986 -1110.126771 -337.769804
42.550000 1.994350 3.396486 -1073.886932 -308.056724
42.600000 2.009582 2.934137 -1100.318252 -328.638704
42.650000 1.984428 2.795569 -1109.428019 -347.407609
42.700000 1.996706 2.861036 -1113.931399 -347.196159
42.750000 2.005607 3.310108 -1086.394661 -316.241439
42.800000 1.999653 3.003022 -1108.588594 -340.721941
42.850000 2.024350 2.938433 -1108.334475 -330.984060
42.900000 2.010563 2.697909 -1119.393603 -347.337453
42.950000 1.991288 2.546480 -1131.120810 -366.466044
43.000000 1.996788 2.683664 -1117.411590 -350.644902
43.050000 2.003354 2.984719 -1103.208302 -333.920270
43.100000 2.011131 2.547517 -1139.429055 -367.154772
43.150000 1.974504 3.471426 -1067.498835 -309.289176
43.200000 2.007241 3.436305 -1077.487598 -306.706994
43.250000 1.981516 3.598116 -1064.871970 -303.969831
43.300000 2.016202 3.195107 -1095.491739 -321.270348
43.350000 1.997884 2.851886 -1121.692964 -354.505468
43.400000 2.005796 3.408707 -1082.107274 -311.881651
43.450000 2.031176 3.117708 -1097.298301 -317.326705
43.500000 1.988955 3.513757 -1071.307226 -307.548490
43.550000 2.011642 3.218048 -1099.238084 -326.767726
43.600000 2.003146 3.272051 -1095.845982 -326.638002
43.650000 1.998066 3.426398 -1086.075453 -318.818230
43.700000 2.000470 3.276615 -1094.988940 -326.808593
43.750000 1.979241 3.409760 -1082.176547 -322.147868
43.800000 2.009446 2.995711 -1115.555908 -343.928495
43.850000 2.002044 3.066795 -1113.754250 -344.969318
43.900000 1.984054 3.113272 -1106.020273 -344.143353
43.950000 1.988696 3.294264 -1094.059994 -330.400853
44.000000 2.023417 3.423012 -1081.105128 -304.113173
44.050000 2.004689 3.089014 -1098.568604 -328.767885
44.100000 1.993634 3.369504 -1077.887711 -312.332171
44.150000 2.006351 3.165069 -1093.031835 -322.592879
44.200000 1.999692 2.677753 -1127.031192 -359.149346
44.250000 2.006489 2.715057 -1118.742025 -348.250331
44.300000 2.005085 2.989617 -1099.101272 -329.148459
44.350000 1.998143 3.053953 -1096.513365 -329.226363
44.400000 1.996355 3.039029 -1101.656723 -335.056290
44.450000 1.996342 3.052576 -1096.443866 -329.848574
44.500000 1.987385 3.201893 -1082.765987 -319.610276
44.550000 2.019935 2.819289 -1107.268380 -331.613274
44.600000 2.006609 2.908631 -1099.159930 -328.622224
44.650000 1.996660 3.257437 -1078.897835 -312.180393
44.700000 2.009230 2.650091 -1126.816711 -355.272358
44.750000 1.997676 3.218155 -1084.079326 -316.971844
44.800000 1.966097 3.657544 -1051.831469 -296.850256
44.850000 2.014929 2.655641 -1122.678663 -348.945961
44.900000 2.011348 2.502794 -1133.275303 -360.917604
44.950000 1.988046 2.978116 -1104.374551 -340.965000
45.000000 2.008132 2.042987 -939.575112 -168.452372
45.050000 1.999606 1.916632 -951.012208 -183.163483
45.100000 1.998004 2.200790 -927.677613 -160.444069
45.150000 2.015564 2.010614 -940.621671 -166.644941
45.200000 2.002735 1.920994 -937.273552 -168.223394
45.250000 2.003034 1.510299 -969.492499 -200.327395
45.300000 1.993077 1.596718 -961.301711 -195.960056
45.350000 2.000272 1.570598 -962.737065 -194.632798
45.400000 2.014325 1.222047 -992.897343 -219.396618
45.450000 1.992396 1.370368 -984.131251 -219.051067
45.500000 2.006940 1.811863 -948.127866 -177.462776
45.550000 1.986767 1.612336 -961.530769 -198.612418
45.600000 2.008780 1.368034 -978.526902 -207.155547
45.650000 2.004937 1.402434 -973.962958 -204.067069
45.700000 1.982442 1.494148 -967.123052 -205.865363
45.750000 1.995634 1.525840 -970.305224 -203.981905
45.800000 2.009710 1.514181 -972.368401 -200.639692
45.850000 1.970962 1.724417 -959.087104 -202.237813
45.900000 2.019312 1.852019 -959.587396 -184.171730
45.950000 1.985484 1.921283 -958.558082 -196.132123
46.000000 1.997347 2.071717 -944.273981 -177.292703
46.050000 1.982935 1.912164 -947.299363 -185.852294
46.100000 2.012940 1.785410 -958.450576 -185.481624
46.150000 2.007932 2.265400 -915.593499 -144.547604
46.200000 2.004886 1.641799 -966.924864 -197.048819
46.250000 1.993135 1.552617 -975.359189 -209.995192
46.300000 2.000005 1.892684 -955.696321 -187.694461
46.350000 2.003634 2.133378 -940.976139 -171.580813
46.400000 2.005027 1.860120 -968.716294 -198.785904
46.450000 2.006143 2.118264 -951.547914 -181.189019
46.500000 1.996913 2.220961 -945.347425 -178.532849
46.550000 2.000655 1.931701 -969.292566 -201.041023
46.600000 2.009420 1.757724 -981.839052 -210.221880
46.650000 2.005935 1.619117 -987.359075 -217.079963
46.700000 2.006914 1.407340 -995.719943 -225.065043
46.750000 1.995515 1.511832 -982.503435 -216.225790
46.800000 1.997105 1.445726 -994.106231 -227.217801
46.850000 1.998754 1.963181 -954.688076 -187.166505
46.900000 2.004771 2.148535 -945.752525 -175.920439
46.950000 1.994364 2.369296 -929.736851 -163.900929
47.000000 2.022929 2.087472 -950.507699 -173.702794
47.050000 2.017809 1.894225 -956.016270 -181.177643
47.100000 1.992403 1.380906 -990.292075 -225.209280
47.150000 2.016946 1.173330 -1001.748687 -227.241468
47.200000 1.983862 1.424631 -981.053571 -219.250381
47.250000 1.995406 1.936018 -945.126216 -178.890356
47.300000 2.006853 1.775703 -964.515636 -193.883899
47.350000 2.010398 2.343726 -917.108267 -145.115420
47.400000 2.004781 1.918505 -949.022444 -179.186483
47.450000 1.999661 1.836271 -955.215510 -187.345511
47.500000 2.009447 1.774628 -960.543620 -188.916082
47.550000 1.996969 2.245908 -919.413390 -152.577318
47.600000 1.998851 1.801467 -957.843271 -190.284404
47.650000 1.979083 1.928717 -949.144259 -189.176512
47.700000 2.011679 1.916210 -955.175376 -182.690767
47.750000 1.991224 2.048031 -939.904463 -175.274588
47.800000 1.994484 2.119290 -932.042015 -166.160035
47.850000 1.989743 1.913210 -953.061717 -189.000393
47.900000 2.008780 1.872578 -953.879173 -182.507762
47.950000 1.992607 1.824539 -951.089569 -185.928622
48.000000 2.012209 1.532824 -967.858220 -195.169847
48.050000 1.975038 1.406414 -972.147298 -213.732833
48.100000 1.994891 1.794794 -945.143569 -179.105356
48.150000 2.026254 1.386431 -980.329688 -202.248173
48.200000 1.980056 1.378648 -981.333168 -220.991809
48.250000 2.003169 1.477694 -982.464045 -213.246993
48.300000 2.015456 1.789256 -961.176631 -187.241584
48.350000 1.983228 1.634003 -979.672358 -218.112697
48.400000 2.011150 1.711396 -970.256843 -197.975216
48.450000 1.985095 1.469793 -985.510518 -223.234028
48.500000 2.005749 1.536198 -982.194528 -211.986998
48.550000 1.979271 1.654722 -979.025122 -218.985150
48.600000 2.007750 2.411995 -925.027981 -154.052128
48.650000 2.007817 1.774277 -978.105827 -207.104051
48.700000 1.999988 1.542998 -984.540911 -216.545551
48.750000 2.008604 1.120216 -1014.505351 -243.201429
48.800000 1.992849 1.322802 -999.607915 -234.353921
48.850000 1.998469 1.788920 -971.625265 -204.213039
48.900000 1.999675 1.717664 -983.959832 -216.084574
48.950000 2.001661 1.554767 -998.237148 -229.599289
49.000000 2.007918 1.522480 -997.925712 -226.885382
49.050000 1.987815 1.612877 -990.406350 -227.085395
49.100000 2.020651 1.676290 -981.159844 -205.229867
49.150000 1.984954 1.093525 -1023.451092 -261.228862
49.200000 2.012648 1.558782 -987.718358 -214.861353
49.250000 2.006361 1.596455 -990.658232 -220.215698
49.300000 1.973486 2.017359 -959.033937 -201.215325
49.350000 2.017774 1.936385 -965.799074 -190.973920
49.400000 1.993453 1.487966 -994.260168 -228.774095
49.450000 2.000726 1.750325 -966.002301 -197.723709
49.500000 1.999763 1.765505 -964.706194 -196.797036
49.550000 2.009526 1.670518 -970.994574 -199.336597
49.600000 1.992916 1.584585 -973.242975 -207.963361
49.650000 2.004394 1.545948 -980.354065 -210.666704
49.700000 1.997948 1.678762 -971.930740 -204.718527
49.750000 1.994464 2.005442 -951.579922 -185.705648
49.800000 2.000279 2.017698 -955.791531 -187.684562
49.850000 1.999315 1.713665 -976.115171 -208.378118
49.900000 2.007492 1.948345 -945.850406 -174.973585
49.950000 2.018851 1.477318 -981.045575 -205.806658
50.000000 1.978150 1.518381 -975.820396 -216.210831
50.050000 2.000691 1.692589 -963.688173 -195.422914
50.100000 1.990727 1.724896 -960.191694 -195.752458
50.150000 2.004390 1.574414 -977.088260 -207.402433
50.200000 2.001211 1.960428 -948.648830 -180.183803
50.250000 2.015369 1.530699 -991.460228 -217.558367
50.300000 1.987504 1.908107 -962.834503 -199.632894
50.350000 2.010426 1.526937 -988.925112 -216.921339
50.400000 2.004603 1.555676 -973.696009 -203.928638
50.450000 1.991426 1.437851 -983.086088 -218.378431
50.500000 1.998064 1.838874 -949.137657 -181.881043
50.550000 2.000174 1.658529 -963.580787 -195.513873
50.600000 2.005647 1.459232 -977.226510 -207.057981
50.650000 2.000571 1.254779 -990.692355 -222.473146
50.700000 1.998449 1.505800 -973.523843 -206.119249
50.750000 1.993255 1.940652 -948.317685 -182.907633
50.800000 1.996262 2.002404 -950.384296 -183.819826
50.850000 1.993896 2.407479 -922.345142 -156.689220
50.900000 2.015833 2.164601 -945.978192 -171.898474
50.950000 1.999326 1.855463 -962.875428 -195.134428
51.000000 2.014316 1.811494 -957.055900 -183.558644
51.050000 1.977863 1.570012 -975.598098 -216.098771
51.100000 2.006483 2.028640 -938.616469 -168.126950
51.150000 2.005306 1.637424 -971.463680 -201.426095
51.200000 1.973979 1.985098 -938.157096 -180.149130
51.250000 2.009635 1.632346 -969.278772 -197.579020
51.300000 2.007141 1.212116 -1010.100535 -239.358538
51.350000 1.989459 1.727274 -973.498539 -209.546460
51.400000 2.001402 2.077459 -953.467426 -184.929050
51.450000 2.004232 1.938034 -964.568299 -194.943105
51.500000 2.015167 1.552062 -990.514787 -216.690771
51.550000 1.999960 1.421042 -993.112208 -225.127530
51.600000 1.978159 1.324470 -1000.178247 -240.565322
51.650000 2.022912 1.573648 -977.481693 -200.683617
51.700000 1.995231 1.442248 -985.408326 -219.239510
51.750000 2.007214 1.560330 -977.198438 -206.428283
51.800000 2.011375 1.682019 -966.816142 -194.448137
51.850000 1.998337 1.581288 -970.804025 -203.442675
51.900000 1.993993 1.344808 -992.023559 -226.330213
51.950000 2.005575 1.823783 -960.223261 -190.082312
52.000000 1.998363 1.929801 -954.310532 -186.938964
52.050000 1.989419 1.769878 -967.655227 -203.718458
52.100000 1.997377 1.978876 -943.645541 -176.652767
52.150000 2.010528 1.626182 -970.866209 -198.823409
52.200000 1.998393 1.614905 -972.553687 -205.170751
52.250000 2.006819 1.662390 -973.468288 -202.849940
52.300000 1.990128 1.972305 -957.616029 -193.407047
52.350000 2.019966 2.102387 -944.761137 -169.094073
52.400000 2.002809 1.871044 -947.469462 -178.390706
52.450000 2.003824 1.585724 -967.331655 -197.863399
52.500000 1.987562 0.983968 -817.067232 -53.843467
52.550000 1.985654 1.125206 -812.442562 -49.951468
52.600000 1.989804 1.229712 -802.841630 -38.756903
52.650000 2.008196 1.153912 -802.130257 -30.983034
52.700000 1.995215 0.998769 -814.081077 -47.918390
52.750000 1.990243 1.057710 -811.405126 -47.151633
52.800000 1.990419 1.181521 -798.988401 -34.667685
52.850000 2.007871 0.943363 -814.555243 -43.532669
52.900000 1.996909 1.069722 -792.932782 -26.119694
52.950000 1.996073 1.114319 -786.779756 -20.287675
53.000000 2.011172 1.227771 -776.205309 -3.915108
53.050000 2.012003 1.012565 -798.250248 -25.641059
53.100000 1.996061 1.083959 -792.127140 -25.639696
53.150000 2.004040 1.218832 -778.988176 -9.436705
53.200000 2.021520 1.001395 -800.312290 -24.048724
53.250000 1.999777 1.038463 -790.711158 -22.796723
53.300000 1.993394 0.866729 -800.328990 -34.865810
53.350000 2.004164 0.623479 -818.262572 -48.663484
53.400000 2.003789 0.482624 -831.570022 -62.114964
53.450000 1.983485 0.732310 -813.921767 -52.263458
53.500000 2.002586 1.207647 -777.240950 -8.248042
53.550000 2.004367 1.213005 -782.043036 -12.366187
53.600000 2.006922 1.137057 -790.413733 -19.755537
53.650000 1.994549 1.091600 -794.796929 -28.890155
53.700000 2.002797 1.031106 -809.190244 -40.116312
53.750000 2.000912 1.281528 -793.403867 -25.053542
53.800000 1.989152 1.574979 -772.923497 -9.089256
53.850000 2.005143 1.467425 -785.533646 -15.558789
53.900000 2.005633 1.360794 -787.117183 -16.953969
53.950000 1.983854 1.026377 -811.605825 -49.805832
54.000000 2.006727 0.883355 -822.319925 -51.736707
54.050000 1.994477 1.102052 -798.788374 -32.909081
54.100000 2.004086 1.130116 -802.682797 -33.113939
54.150000 1.989881 1.328640 -789.521722 -25.407411
54.200000 2.013758 1.122984 -813.809264 -40.526252
54.250000 1.998586 1.110283 -808.352826 -40.895705
54.300000 1.986110 1.180773 -796.867950 -34.201887
54.350000 2.007407 0.811698 -839.369776 -68.525422
54.400000 1.988861 1.149751 -813.291732 -49.569023
54.450000 2.006168 1.179005 -825.587994 -55.219396
54.500000 1.987000 1.397618 -813.763685 -50.755564
54.550000 2.010117 1.444450 -809.479463 -37.594718
54.600000 1.992221 1.019370 -841.706476 -76.693623
54.650000 2.013884 1.211676 -809.221264 -35.889999
54.700000 2.002280 0.688598 -852.747333 -83.871884
54.750000 1.986239 1.347774 -783.670353 -20.954492
54.800000 1.998377 1.194003 -802.277892 -34.901236
54.850000 2.004784 1.192540 -798.994313 -29.157403
54.900000 1.999746 0.861185 -827.003612 -59.101032
54.950000 1.993055 0.909872 -818.141757 -52.808547
55.000000 1.997109 0.805036 -829.868781 -62.979107
55.050000 1.998558 0.973031 -820.933696 -53.487578
55.100000 2.005236 1.286573 -795.096913 -25.086430
55.150000 1.998670 0.827453 -836.855279 -69.365953
55.200000 1.997764 0.605727 -852.898255 -85.756718
55.250000 2.008607 1.112806 -803.270868 -31.965656
55.300000 1.997438 0.982071 -822.159078 -55.142973
55.350000 2.005068 1.225646 -793.726060 -23.780103
55.400000 1.991871 0.826219 -832.923327 -68.044993
55.450000 1.983568 1.294686 -790.852849 -29.162693
55.500000 2.001199 1.247073 -803.385318 -34.924846
55.550000 1.982194 1.277716 -811.045221 -49.882788
55.600000 2.002871 1.638676 -785.165157 -16.062520
55.650000 2.011206 1.488577 -802.089095 -29.786085
55.700000 2.003145 1.131454 -830.029055 -60.821219
55.750000 1.994968 1.284908 -805.458850 -39.391069
55.800000 1.994778 1.209293 -807.492520 -41.497584
55.850000 1.997741 1.009878 -826.284533 -59.152088
55.900000 1.981783 1.131481 -810.200991 -49.196331
55.950000 1.998119 1.237399 -797.134304 -29.856616
56.000000 1.998154 1.282889 -795.132340 -27.841277
56.050000 2.009485 1.290062 -792.582655 -20.940375
56.100000 1.987655 0.979245 -817.797797 -54.538406
56.150000 2.008524 0.827039 -822.597555 -51.324499
56.200000 1.995906 0.746064 -822.145671 -55.717758
56.250000 2.015336 0.943625 -802.830038 -28.940907
56.300000 2.000979 0.661748 -829.442504 -61.066560
56.350000 2.003851 1.071115 -790.412806 -20.934083
56.400000 2.000028 0.807676 -819.355787 -51.345208
56.450000 2.009869 0.920515 -806.857862 -35.068077
56.500000 2.001635 1.086321 -789.547027 -20.919021
56.550000 1.992921 0.838372 -811.319417 -46.037785
56.600000 2.006025 0.906140 -800.547815 -30.234229
56.650000 2.005594 0.863580 -808.833283 -38.685208
56.700000 1.997094 0.797612 -816.528361 -49.644380
56.750000 1.991138 1.033357 -790.890662 -26.293509
56.800000 2.005631 0.816973 -814.007670 -43.845553
56.850000 1.995464 0.961715 -796.192511 -29.934418
56.900000 1.985123 0.966740 -791.367321 -29.080269
56.950000 2.010088 0.589117 -827.539646 -55.665865
57.000000 1.997026 0.607312 -821.645634 -54.787723
57.050000 2.012685 0.511960 -832.689877 -59.818747
57.100000 1.995623 0.747638 -811.694354 -45.375197
57.150000 1.992674 1.074751 -784.950781 -19.764068
57.200000 1.997651 0.901073 -808.520377 -41.422477
57.250000 2.013464 0.963688 -801.872807 -28.702799
57.300000 1.975376 0.962498 -803.841089 -45.296704
57.350000 2.008646 0.991753 -809.248326 -37.928290
57.400000 1.994220 1.068197 -803.730887 -37.950443
57.450000 1.994454 1.304762 -783.203045 -17.332844
57.500000 2.006746 1.069162 -806.106730 -35.516367
57.550000 1.997601 0.863687 -817.111047 -50.032317
57.600000 2.002893 0.696795 -830.963766 -61.852992
57.650000 1.997298 1.162332 -787.299739 -20.337439
57.700000 2.002260 0.830685 -822.396232 -53.528324
57.750000 1.994834 0.876858 -811.505661 -45.489435
57.800000 1.988462 0.895768 -807.021646 -43.452214
57.850000 2.002806 0.854192 -814.333801 -45.256361
57.900000 1.993837 1.113016 -787.248392 -21.614987
57.950000 2.000048 0.899792 -809.148381 -41.130123
58.000000 2.002462 1.160433 -788.392558 -19.447285
58.050000 2.011144 1.117356 -802.842168 -30.563007
58.100000 2.002730 1.283155 -785.187006 -16.138629
58.150000 1.991373 1.435675 -767.083814 -2.396606
58.200000 2.005758 1.110413 -797.162396 -26.951244
58.250000 2.002934 0.987902 -808.104984 -38.978169
58.300000 1.995266 0.974565 -815.519942 -49.337937
58.350000 1.990490 1.368553 -775.186781 -10.838616
58.400000 2.000405 0.974957 -814.710595 -46.555202
58.450000 1.991723 1.310772 -781.447386 -16.625688
58.500000 2.000853 1.226779 -791.045547 -22.718183
58.550000 1.989634 1.194211 -792.844455 -28.824933
58.600000 2.012873 1.406760 -769.381479 3.561824
58.650000 2.005827 0.895056 -818.240380 -48.002844
58.700000 1.995754 1.046593 -803.362290 -36.992575
58.750000 1.995049 1.047002 -807.710305 -41.611462
58.800000 2.005626 1.315391 -786.472926 -16.312441
58.850000 1.997163 1.285513 -796.567744 -29.656962
58.900000 2.002729 1.258509 -800.543526 -31.495623
58.950000 1.975651 1.379561 -784.176392 -25.526416
59.000000 1.991239 1.256435 -786.994126 -22.358439
59.050000 2.012933 0.925625 -807.552380 -34.586243
59.100000 1.997505 0.932877 -801.386463 -34.344619
59.150000 1.985473 1.112241 -790.819701 -28.397921
59.200000 2.011413 1.440682 -768.733044 3.649403
59.250000 2.004574 1.173797 -795.306930 -25.550540
59.300000 2.004158 1.050527 -803.368465 -33.771877
59.350000 2.000312 1.130954 -790.683481 -22.563796
59.400000 1.989988 1.134129 -790.602648 -26.447318
59.450000 2.009648 1.210773 -789.884576 -18.179905
59.500000 1.995591 1.306487 -786.416473 -20.109512
59.550000 1.998639 1.418229 -775.638543 -8.161272
59.600000 2.005102 0.959154 -815.804071 -45.845024
59.650000 1.999159 1.051045 -796.730048 -29.052908
59.700000 2.021605 0.899465 -804.568791 -28.272519
59.750000 1.978044 1.207477 -773.086364 -13.517496
59.800000 2.007346 1.493782 -756.247595 14.573243
59.850000 1.987391 1.419594 -773.265672 -10.107481
59.900000 2.011068 1.351960 -779.083204 -6.833281
59.950000 2.002756 0.975656 -809.861354 -40.803228
60.000000 2.005985 0.538992 -663.204793 107.093383
60.050000 1.993417 0.616300 -654.809842 110.662118
60.100000 2.004927 0.746835 -646.863016 123.029007
60.150000 2.008678 0.891907 -630.946208 140.386143
60.200000 1.996470 0.566142 -670.945752 95.698833
60.250000 1.996175 0.825906 -636.078202 130.453038
60.300000 1.997504 0.574830 -666.642827 100.398764
60.350000 1.997629 0.876784 -626.221522 140.868013
60.400000 1.996819 0.579712 -662.357076 104.421256
60.450000 1.999707 0.718189 -639.860911 128.026391
60.500000 1.999476 0.512256 -662.250250 105.548417
60.550000 2.003141 0.511750 -664.402481 104.803780
60.600000 1.996709 0.787426 -632.965749 133.770453
60.650000 2.006559 0.625167 -653.314520 117.204290
60.700000 1.981321 0.931053 -611.706507 149.120574
60.750000 2.002520 0.535059 -669.177007 99.790518
60.800000 1.976636 1.021210 -612.559086 146.469024
60.850000 2.005235 0.878089 -639.967862 130.042425
60.900000 2.022603 0.907589 -640.445140 136.234491
60.950000 1.991137 0.886468 -643.569953 121.026831
61.000000 2.006412 0.822292 -648.531640 121.930704
61.050000 2.006284 0.585609 -668.709193 101.703951
61.100000 1.997318 0.648905 -650.612193 116.357795
61.150000 1.996944 0.478448 -666.719127 100.107458
61.200000 2.006575 0.534540 -655.035227 115.489433
61.250000 2.004943 0.486485 -657.341285 112.556990
61.300000 1.993354 0.543061 -653.543889 111.903900
61.350000 1.997414 0.559632 -658.321088 108.685927
61.400000 1.998516 0.670641 -647.791085 119.639066
61.450000 2.007368 0.627274 -655.146910 115.682484
61.500000 1.988551 0.930635 -616.871715 146.731687
61.550000 2.006313 0.880009 -623.244939 147.179350
61.600000 1.995796 0.903762 -616.491492 149.894348
61.650000 2.002361 0.736103 -633.386421 135.520285
61.700000 2.008662 0.550854 -651.284709 120.041320
61.750000 1.995670 0.804838 -616.094078 150.243023
61.800000 1.995632 0.613076 -642.339428 123.983260
61.850000 1.994750 0.660911 -639.385620 126.598239
61.900000 1.997435 0.832897 -627.525142 139.489769
61.950000 2.010550 0.879125 -629.107401 142.943917
62.000000 2.002251 0.508487 -677.292216 91.572090
62.050000 1.987458 0.729349 -654.540164 108.643640
62.100000 2.008816 0.878819 -638.674680 132.710738
62.150000 2.006910 0.823324 -640.668261 129.985284
62.200000 1.993936 0.679399 -655.854898 109.816479
62.250000 2.018114 0.538030 -678.060527 96.895414
62.300000 1.988548 0.920889 -635.368820 128.233538
62.350000 2.012264 0.803287 -655.528765 117.180502
62.400000 1.985462 0.831074 -650.692452 111.724919
62.450000 2.010855 0.842408 -643.208584 128.959884
62.500000 2.004323 0.459624 -679.359476 90.300397
62.550000 1.976169 0.733507 -642.885454 115.963460
62.600000 2.006953 0.805208 -638.448460 132.221322
62.650000 1.999267 0.577337 -667.878861 99.839483
62.700000 2.009682 0.709919 -651.696188 120.021751
62.750000 1.971474 0.614094 -665.513174 91.532703
62.800000 2.007078 0.702442 -660.448645 110.269219
62.850000 1.980966 0.997837 -621.453085 139.237695
62.900000 1.994788 0.790755 -643.413557 122.585047
62.950000 2.016331 0.792682 -639.834232 134.436977
63.000000 2.006100 0.854534 -626.856278 143.486190
63.050000 1.990679 0.496308 -665.030230 99.390414
63.100000 1.998246 0.630179 -643.882668 123.443941
63.150000 1.998061 0.696375 -633.883941 133.371405
63.200000 2.007272 0.562565 -648.968596 121.823925
63.250000 2.000058 0.481763 -660.584889 107.437323
63.300000 1.994566 0.559519 -659.356598 106.556573
63.350000 2.003998 0.639489 -656.605248 112.929840
63.400000 1.998502 0.409610 -693.267143 74.157763
63.450000 1.993563 0.818700 -657.281333 108.246939
63.500000 2.005625 0.920514 -653.547220 116.612794
63.550000 1.995733 0.791297 -665.676885 100.684480
63.600000 2.002983 0.537454 -695.472301 73.673335
63.650000 1.997324 0.704739 -671.850642 95.121799
63.700000 1.996294 0.811631 -655.385584 111.191399
63.750000 1.998667 0.713327 -663.507847 103.980362
63.800000 1.991778 0.548396 -681.724655 83.117995
63.850000 1.994516 0.796803 -652.211409 113.682634
63.900000 1.999595 0.887088 -641.392091 126.452546
63.950000 1.999187 0.795160 -652.369132 115.318626
64.000000 2.000121 0.737171 -663.031826 105.014712
64.050000 2.006374 1.102819 -618.536906 151.910698
64.100000 2.007754 0.596930 -676.077591 94.899869
64.150000 1.993894 0.647002 -661.743172 103.912285
64.200000 2.003662 0.599014 -667.039050 102.367108
64.250000 1.987527 0.780262 -642.170536 121.039988
64.300000 1.997827 0.786542 -643.728721 123.436820
64.350000 1.995777 0.807296 -638.415649 127.962679
64.400000 2.003172 0.600172 -665.281450 103.936748
64.450000 1.991874 0.987273 -616.375319 148.504389
64.500000 2.009637 0.740033 -645.255429 126.445194
64.550000 1.997925 0.519472 -669.929530 97.273714
64.600000 2.006335 0.611961 -657.649681 112.783062
64.650000 2.013822 0.603263 -656.362811 116.944772
64.700000 1.995400 0.692908 -646.446995 119.786704
64.750000 1.999485 0.673587 -656.291486 111.510927
64.800000 2.000347 0.922425 -631.032331 137.101072
64.850000 1.996217 0.883671 -636.200203 130.347170
64.900000 2.006418 0.719781 -645.953351 124.511326
64.950000 2.002740 0.482551 -664.032386 105.019831
65.000000 1.994436 0.529139 -653.460723 112.402652
65.050000 2.001050 0.713017 -631.148122 137.255100
65.100000 2.000382 0.741682 -629.367344 138.779166
65.150000 2.017508 0.680019 -640.364092 134.358876
65.200000 1.994926 0.733089 -640.422686 125.628964
65.250000 2.000809 0.765260 -646.387221 121.923503
65.300000 1.988958 1.025595 -619.041299 144.718632
65.350000 2.018105 0.868748 -643.044116 131.908282
65.400000 2.013813 0.675125 -664.057215 109.246892
65.450000 1.993245 0.691464 -663.025657 102.380460
65.500000 2.003426 0.778994 -658.923772 110.391665
65.550000 2.008970 0.858437 -652.633916 118.810422
65.600000 1.996759 0.844642 -654.056558 112.698776
65.650000 2.000228 0.830062 -650.046263 118.041414
65.700000 2.016754 0.728270 -656.267419 118.166170
65.750000 2.004159 0.599222 -670.822177 98.774861
65.800000 1.979632 0.848924 -646.356499 113.822027
65.850000 2.012887 0.844113 -649.034640 123.913826
65.900000 2.003394 0.773690 -654.414845 114.888444
65.950000 1.987759 0.907741 -649.505849 113.793662
66.000000 2.010817 0.974376 -650.223252 121.930546
66.050000 2.005950 0.895040 -657.053167 113.231683
66.100000 1.988552 1.033981 -635.365573 128.238347
66.150000 1.997923 0.854664 -655.216409 111.985884
66.200000 2.004579 0.816228 -655.272832 114.485675
66.250000 1.985334 1.060562 -619.362666 143.005615
66.300000 2.014841 0.898607 -634.215756 139.483009
66.350000 2.011459 0.661863 -650.332685 122.067556
66.400000 1.995245 0.680124 -639.970869 126.203028
66.450000 1.999154 0.497656 -661.459323 106.215752
66.500000 1.996491 0.553846 -652.758868 113.893546
66.550000 1.985941 0.738091 -631.685265 130.916057
66.600000 2.008278 0.757629 -628.956666 142.222233
66.650000 1.993682 0.632780 -642.725104 122.848674
66.700000 2.006704 0.707498 -632.888641 137.685789
66.750000 2.002196 0.352272 -675.883626 92.959696
66.800000 1.996607 0.578069 -649.602011 117.094936
66.850000 2.013319 0.617802 -647.392569 125.722059
66.900000 1.988651 0.601516 -650.944821 112.697109
66.950000 2.006627 0.779069 -630.849448 139.695162
67.000000 1.999962 0.543273 -659.211421 108.774108
67.050000 1.992258 0.629448 -650.132185 114.894952
67.100000 1.999174 0.764836 -640.209723 127.472962
67.150000 1.998788 1.069933 -603.017701 164.516850
67.200000 2.000407 0.827514 -630.579383 137.576778
67.250000 2.005126 0.764794 -629.236444 140.732108
67.300000 1.986917 0.611002 -638.629132 124.347176
67.350000 2.009449 0.560337 -638.302252 133.326038
67.400000 1.988032 0.550687 -638.432263 124.972054
67.450000 2.008762 0.787357 -618.069860 153.294880
