# t Temp Pres Epot Etot
0.000000 2.037133 27.889373 -1451.489052 -669.229807
0.050000 1.994811 29.337286 -1385.376570 -619.369142
0.100000 1.978884 30.266490 -1339.668690 -579.777331
0.150000 2.013338 29.229838 -1387.943826 -614.822225
0.200000 2.003738 29.870090 -1359.711799 -590.276409
0.250000 2.023022 29.329830 -1384.003910 -607.163583
0.300000 2.013298 27.016784 -1488.454105 -715.347841
0.350000 2.016307 28.091598 -1439.488612 -665.226872
0.400000 1.966561 29.493012 -1377.112960 -621.953347
0.450000 2.003539 29.385316 -1384.182638 -614.823566
0.500000 1.982018 28.510610 -1419.291609 -658.196708
0.550000 1.999999 28.090808 -1439.140103 -671.140463
0.600000 1.991783 28.212146 -1434.616336 -669.771772
0.650000 1.991963 29.330528 -1387.155313 -622.241556
0.700000 1.971215 29.139319 -1393.305905 -636.359435
0.750000 1.979834 31.161367 -1299.394001 -539.137894
0.800000 2.025114 29.138096 -1392.973930 -615.330045
0.850000 1.992734 29.077743 -1393.039427 -627.829528
0.900000 1.961693 28.745532 -1409.080864 -655.790863
0.950000 2.044144 27.958916 -1447.680694 -662.729348
1.000000 1.992095 28.290614 -1429.823949 -664.859508
1.050000 2.025742 28.557521 -1419.885792 -642.000855
1.100000 2.006456 28.654160 -1414.363998 -643.884960
1.150000 2.003060 28.563837 -1418.727937 -649.552923
1.200000 1.996007 29.787989 -1362.034816 -595.568254
1.250000 1.983342 30.002990 -1350.209751 -588.606511
1.300000 1.980874 28.520252 -1419.465681 -658.810139
1.350000 2.036605 27.503833 -1466.934045 -684.877691
1.400000 1.992749 27.985436 -1445.701104 -680.485481
1.450000 2.005650 29.836119 -1359.582219 -589.412497
1.500000 2.017058 28.796759 -1411.761628 -637.211523
1.550000 1.969755 29.066724 -1397.222114 -640.836121
1.600000 1.970198 30.078370 -1346.420322 -589.864420
1.650000 2.016948 28.961900 -1400.826060 -626.317953
1.700000 1.976565 28.036135 -1442.701129 -683.700060
1.750000 1.959291 28.541729 -1419.779337 -667.411477
1.800000 2.010252 28.433113 -1426.893550 -654.956967
1.850000 1.990268 28.538306 -1419.763335 -655.500568
1.900000 2.041571 29.101948 -1395.719545 -611.756124
1.950000 1.930539 28.594414 -1413.145902 -671.819106
2.000000 2.018500 27.413678 -1471.380293 -696.276111
2.050000 2.027382 29.114781 -1396.163662 -617.649057
2.100000 2.018681 28.931405 -1403.167843 -627.994482
2.150000 1.994354 29.292169 -1384.088792 -618.256708
2.200000 1.989715 28.219600 -1433.903473 -669.853008
2.250000 2.020657 29.013048 -1396.234534 -620.302368
2.300000 1.991556 28.947366 -1398.834387 -634.076963
2.350000 1.975675 28.848042 -1404.107043 -645.447907
2.400000 2.009070 29.348498 -1387.221468 -615.738617
2.450000 1.997428 27.794736 -1453.672297 -686.659826
2.500000 2.004767 29.409266 -1381.513509 -611.683010
2.550000 2.017456 26.896222 -1495.668417 -720.965270
2.600000 1.957202 28.976421 -1397.537828 -645.972086
2.650000 2.004053 29.673540 -1367.704338 -598.148080
2.700000 1.986464 28.488267 -1422.640762 -659.838669
2.750000 2.020553 30.121704 -1346.307633 -570.415451
2.800000 1.997421 28.413403 -1424.501531 -657.491802
2.850000 2.024033 28.895551 -1401.864089 -624.635250
2.900000 1.990455 29.158958 -1391.767656 -627.432861
2.950000 2.037978 28.146386 -1439.283059 -656.699447
3.000000 2.003028 28.579942 -1419.367095 -650.204405
3.050000 1.992556 29.858754 -1362.167266 -597.025654
3.100000 2.021654 28.851639 -1406.602751 -630.287781
3.150000 2.006765 28.222400 -1433.854321 -663.256738
3.200000 1.999561 29.962621 -1356.404805 -588.573488
3.250000 2.008618 29.186235 -1389.891725 -618.582396
3.300000 1.975360 30.639185 -1326.779597 -568.241346
3.350000 2.013971 28.958112 -1400.359435 -626.994456
3.400000 2.014615 28.654302 -1415.278169 -641.666105
3.450000 1.962222 28.484940 -1416.457834 -662.964774
3.500000 1.932485 28.716614 -1407.021108 -664.946736
3.550000 1.988915 28.934645 -1406.427068 -642.683568
3.600000 1.994374 28.234895 -1432.853682 -667.014192
3.650000 1.990362 28.505234 -1422.628184 -658.329018
3.700000 2.011177 29.895673 -1359.092560 -586.800748
3.750000 2.027713 27.642141 -1461.055356 -682.413503
3.800000 2.004526 29.190448 -1392.239136 -622.501289
3.850000 2.016330 28.946293 -1403.350132 -629.079566
3.900000 1.967906 28.109978 -1441.806727 -686.130942
3.950000 1.997660 28.389729 -1429.511099 -662.409593
4.000000 2.013495 30.124165 -1349.179673 -575.997627
4.050000 1.987476 27.739118 -1454.397281 -691.206454
4.100000 1.983910 29.285158 -1386.027840 -624.206294
4.150000 2.051941 27.473188 -1474.552633 -686.607306
4.200000 1.981634 28.225923 -1432.472022 -671.524394
4.250000 2.004115 29.691504 -1370.509748 -600.929567
4.300000 2.013544 28.777505 -1412.693314 -639.492273
4.350000 1.968546 27.497001 -1467.624751 -711.703166
4.400000 1.982212 30.193011 -1349.403956 -588.234431
4.450000 2.076476 28.882169 -1408.533168 -611.166233
4.500000 1.990846 28.453482 -1422.733428 -658.248744
4.550000 1.982971 29.108647 -1391.228434 -629.767518
4.600000 1.961691 28.500196 -1420.956839 -667.667468
4.650000 1.970291 29.874307 -1359.888540 -603.296701
4.700000 2.004820 28.261668 -1434.047128 -664.196118
4.750000 1.975415 29.091960 -1397.060896 -638.501567
4.800000 2.002062 28.502488 -1418.775421 -649.983534
4.850000 2.001590 29.038500 -1395.149305 -626.538709
4.900000 2.040275 29.547442 -1376.299671 -592.834136
4.950000 1.966678 28.181908 -1433.456933 -678.252535
5.000000 2.009970 28.785582 -1409.213947 -637.385327
5.050000 1.964133 28.265341 -1430.645488 -676.418330
5.100000 2.012667 29.207985 -1389.598322 -616.734024
5.150000 2.023564 28.964218 -1402.022294 -624.973660
5.200000 1.967289 29.631176 -1371.971630 -616.532596
5.250000 2.022516 26.861418 -1498.061009 -721.415051
5.300000 2.001002 28.848318 -1404.818997 -636.434376
5.350000 1.985368 31.017849 -1306.863896 -544.482624
5.400000 2.026895 29.725523 -1368.184131 -589.856471
5.450000 2.003153 27.856289 -1451.015214 -681.804505
5.500000 1.995304 28.622498 -1416.256180 -650.059564
5.550000 1.956342 28.855652 -1401.967184 -650.731910
5.600000 2.030325 28.771860 -1411.465822 -631.820961
5.650000 2.017596 29.122776 -1394.377913 -619.621082
5.700000 1.975917 28.697761 -1414.441725 -655.689659
5.750000 2.006006 28.294809 -1431.334854 -661.028381
5.800000 2.003516 30.323663 -1340.977606 -571.627578
5.850000 2.014284 29.981368 -1356.607124 -583.121912
5.900000 2.013942 28.491192 -1424.291899 -650.938267
5.950000 2.006947 27.768519 -1454.440239 -683.772486
6.000000 1.979264 28.296753 -1430.708894 -670.671457
6.050000 2.011409 29.016797 -1395.566233 -623.185090
6.100000 2.003398 29.170562 -1392.341564 -623.036915
6.150000 2.011350 28.288446 -1431.889146 -659.530603
6.200000 1.997667 27.897670 -1448.133089 -681.029102
6.250000 2.010012 28.423654 -1426.683279 -654.838514
6.300000 2.012194 28.775894 -1409.293454 -636.611125
6.350000 1.995786 29.492155 -1373.685526 -607.303743
6.400000 2.005519 28.878463 -1406.969172 -636.849864
6.450000 1.992957 27.842014 -1452.028776 -686.733366
6.500000 1.990133 29.165289 -1393.646304 -629.435308
6.550000 2.020285 29.070693 -1397.653462 -621.864156
6.600000 2.013737 27.488765 -1471.676737 -698.401676
6.650000 2.014673 28.611879 -1420.587115 -646.952643
6.700000 2.008266 28.727911 -1413.560942 -642.386634
6.750000 1.980810 29.110987 -1393.671954 -633.041088
6.800000 2.012929 29.111121 -1398.094637 -625.129848
6.850000 1.989545 29.229214 -1391.453392 -627.468174
6.900000 2.009964 29.145000 -1393.465383 -621.639285
6.950000 1.987079 28.108887 -1435.733639 -672.695250
7.000000 1.947450 28.779244 -1403.895276 -656.074543
7.050000 1.979676 28.296232 -1428.918520 -668.722940
7.100000 2.001850 29.001187 -1400.667631 -631.957269
7.150000 1.987874 28.827201 -1407.808098 -644.464401
7.200000 2.009326 28.826389 -1406.039868 -634.458500
7.250000 1.998663 28.774711 -1409.198576 -641.711815
7.300000 1.988294 29.141160 -1390.909328 -627.404247
7.350000 1.995544 29.233792 -1390.339638 -624.050826
7.400000 2.005824 27.663008 -1460.285072 -690.048621
7.450000 1.972585 27.990741 -1442.856219 -685.383771
7.500000 1.964623 17.677469 -1518.553245 -764.138016
7.550000 1.998751 17.585228 -1522.416362 -754.895903
7.600000 2.021668 17.313995 -1534.211293 -757.890719
7.650000 1.944120 17.885436 -1505.667113 -759.124916
7.700000 2.038978 18.605737 -1477.987353 -695.019829
7.750000 2.000080 19.003316 -1460.514072 -692.483453
7.800000 2.044486 17.297915 -1540.660935 -755.578389
7.850000 2.019503 15.967274 -1602.491861 -827.002874
7.900000 1.994137 16.051239 -1597.485013 -831.736394
7.950000 1.970494 17.665741 -1520.319536 -763.649712
8.000000 1.974949 18.926834 -1460.183345 -701.802973
8.050000 2.002302 17.979981 -1506.273770 -737.389695
8.100000 1.977110 18.200140 -1498.411412 -739.201194
8.150000 1.982402 17.579425 -1528.490888 -767.248529
8.200000 2.021374 17.844542 -1515.182213 -738.974786
8.250000 1.997564 17.895919 -1511.376337 -744.311823
8.300000 2.013213 17.614079 -1527.172336 -754.098425
8.350000 1.995664 17.180987 -1543.492984 -777.157873
8.400000 2.014807 16.633192 -1571.557048 -797.871339
8.450000 2.017639 17.983303 -1507.694410 -732.920932
8.500000 2.008976 18.571268 -1480.889306 -709.442419
8.550000 2.022212 18.336643 -1487.686856 -711.157336
8.600000 1.990478 17.759423 -1514.678428 -750.334898
8.650000 2.010899 17.779449 -1514.830076 -742.644973
8.700000 2.006990 18.346613 -1490.537911 -719.853847
8.750000 1.998459 18.065097 -1503.803704 -736.395265
8.800000 2.021313 17.953169 -1508.662381 -732.478127
8.850000 1.993586 16.705272 -1563.123298 -797.586369
8.900000 1.961806 18.052173 -1502.804882 -749.471477
8.950000 2.041004 19.252958 -1448.831699 -665.086034
9.000000 2.011627 17.161868 -1548.740433 -776.275740
9.050000 2.012729 18.417212 -1486.708873 -713.820906
9.100000 1.988710 17.682850 -1518.616427 -754.951747
9.150000 1.987877 17.651405 -1523.067054 -759.722223
9.200000 2.008373 16.742066 -1568.618056 -797.402898
9.250000 1.996542 17.412971 -1531.967741 -765.295666
9.300000 2.003481 17.670808 -1520.288835 -750.952137
9.350000 1.965850 18.799131 -1463.956210 -709.069801
9.400000 1.989676 17.596303 -1522.469433 -758.433726
9.450000 2.004480 16.753740 -1566.692439 -796.972229
9.500000 2.009130 19.121784 -1460.512405 -689.006630
9.550000 1.983044 17.825560 -1519.334318 -757.845469
9.600000 2.026514 18.271477 -1496.746108 -718.564628
9.650000 2.012694 16.099137 -1598.244194 -825.369778
9.700000 1.962384 17.867807 -1516.020313 -762.464948
9.750000 2.011821 17.541856 -1528.472055 -755.932927
9.800000 1.958266 17.388636 -1530.038277 -778.064077
9.850000 1.969154 18.702867 -1476.388981 -720.233782
9.900000 1.996167 18.309699 -1498.024137 -731.495860
9.950000 2.018071 17.687865 -1523.757976 -748.818889
10.000000 2.005610 17.326417 -1537.509526 -767.355295
10.050000 1.980455 18.574638 -1477.233005 -716.738239
10.100000 1.993784 18.070381 -1503.065786 -737.452582
10.150000 1.977897 18.116149 -1498.564194 -739.051728
10.200000 2.004870 18.145427 -1495.623925 -725.753770
10.250000 1.988034 16.939382 -1554.702437 -791.297538
10.300000 1.986138 17.642382 -1523.287386 -760.610310
10.350000 2.023969 18.686080 -1478.159539 -700.955374
10.400000 2.027816 18.427154 -1491.518012 -712.836539
10.450000 1.999562 17.668429 -1523.127290 -755.295471
10.500000 2.002930 18.213092 -1496.429038 -727.303801
10.550000 2.010795 17.315933 -1537.816857 -765.671758
10.600000 2.014496 17.542271 -1524.363268 -750.796808
10.650000 1.954357 17.850487 -1509.156274 -758.683320
10.700000 2.003387 17.651153 -1522.942626 -753.642060
10.750000 1.999353 16.699961 -1569.175701 -801.424082
10.800000 2.013087 17.111422 -1550.878181 -777.852769
10.850000 1.979807 18.105471 -1498.550248 -738.304319
10.900000 2.019859 16.631204 -1570.746310 -795.120467
10.950000 2.000451 17.960063 -1505.464213 -737.291090
11.000000 1.964031 17.703268 -1519.930630 -765.742915
11.050000 2.015791 17.417891 -1537.160978 -763.097149
11.100000 2.015935 17.719968 -1521.092304 -746.973415
11.150000 1.989608 18.467299 -1482.456110 -718.446471
11.200000 1.985031 18.113830 -1506.959788 -744.707912
11.250000 2.007172 18.453612 -1491.256549 -720.502658
11.300000 1.988644 17.212328 -1543.084991 -779.445620
11.350000 1.995042 17.404694 -1535.482271 -769.386249
11.400000 1.976953 16.984833 -1551.932636 -792.782622
11.450000 1.963014 18.256243 -1494.102278 -740.304789
11.500000 2.040711 18.642464 -1477.018310 -693.385316
11.550000 1.969458 16.749185 -1564.834585 -808.562689
11.600000 1.999409 17.408900 -1541.034110 -773.261217
11.650000 2.000111 17.552876 -1524.708763 -756.666146
11.700000 1.948066 19.489074 -1432.356949 -684.299552
11.750000 2.053174 18.001851 -1508.330193 -719.911298
11.800000 2.002255 15.971319 -1602.870516 -834.004567
11.850000 2.007236 17.262793 -1536.893600 -766.114914
11.900000 1.936542 18.479209 -1475.954750 -732.322437
11.950000 1.987003 17.855726 -1513.427027 -750.417863
12.000000 1.980683 18.182351 -1498.808851 -738.226703
12.050000 1.965064 18.053339 -1501.505458 -746.920698
12.100000 2.017224 17.906121 -1512.793873 -738.179925
12.150000 2.026777 16.652216 -1572.670104 -794.387652
12.200000 1.984278 17.527624 -1527.924888 -765.962177
12.250000 1.992576 17.968684 -1510.572151 -745.422823
12.300000 2.004240 17.273338 -1541.987003 -772.359033
12.350000 1.996591 18.717765 -1468.657119 -701.966179
12.400000 2.012420 16.426931 -1580.115451 -807.346289
12.450000 2.000772 17.697360 -1516.863932 -748.567462
12.500000 2.047919 16.778335 -1561.333420 -774.932683
12.550000 1.983240 16.387601 -1579.747914 -818.183795
12.600000 1.975293 19.086681 -1454.202001 -695.689345
12.650000 1.996084 18.973647 -1463.271003 -696.774810
12.700000 2.009862 17.965818 -1508.743241 -736.956084
12.750000 2.017417 18.204868 -1501.382598 -726.694560
12.800000 2.002682 15.971648 -1602.916359 -833.886600
12.850000 1.997994 17.765911 -1513.384889 -746.155186
12.900000 2.022312 15.788893 -1611.865705 -835.297773
12.950000 1.972504 17.257932 -1537.581532 -780.140036
13.000000 1.985732 18.637686 -1475.681313 -713.160178
13.050000 2.025619 18.278152 -1496.216135 -718.378288
13.100000 2.032902 16.909717 -1560.044414 -779.410164
13.150000 1.985214 17.109288 -1546.257173 -783.935146
13.200000 1.981861 17.509390 -1528.152600 -767.118125
13.250000 2.015292 17.597323 -1525.368299 -751.496190
13.300000 2.040973 17.138114 -1551.120054 -767.386334
13.350000 1.998659 16.957343 -1555.544761 -788.059885
13.400000 2.008247 17.606881 -1523.960724 -752.793781
13.450000 1.983634 17.814892 -1516.563681 -754.848127
13.500000 1.995467 17.224405 -1543.655166 -777.395659
13.550000 2.005068 16.866736 -1561.739667 -791.793653
13.600000 2.011921 17.162978 -1548.805056 -776.227332
13.650000 1.948480 17.395868 -1532.642860 -784.426632
13.700000 1.993033 18.214455 -1496.767409 -731.442612
13.750000 2.014098 18.181547 -1494.127638 -720.714022
13.800000 1.997919 18.558518 -1477.220132 -710.019048
13.850000 1.988191 18.264718 -1494.092673 -730.627211
13.900000 1.986624 17.358149 -1534.665965 -771.802416
13.950000 2.020502 16.846338 -1562.824132 -786.951529
14.000000 1.976707 18.284591 -1491.629138 -732.573712
14.050000 1.993865 18.842579 -1468.600355 -702.956330
14.100000 2.016848 18.758325 -1468.289121 -693.819475
14.150000 1.991382 16.514491 -1573.994850 -809.304238
14.200000 1.952141 17.244702 -1538.403598 -788.781556
14.250000 1.996570 17.398441 -1534.850339 -768.167606
14.300000 2.008265 17.723807 -1516.846870 -745.672986
14.350000 1.987785 17.115095 -1546.363223 -783.053779
14.400000 2.003143 17.674098 -1520.713956 -751.507213
14.450000 2.012519 17.001809 -1551.700495 -778.893115
14.500000 1.989893 17.888131 -1511.087638 -746.968832
14.550000 1.996799 16.765168 -1565.342059 -798.571065
14.600000 1.992295 18.505849 -1482.611415 -717.570116
14.650000 1.989528 18.494637 -1482.130407 -718.151489
14.700000 1.946274 18.891202 -1461.197381 -713.828002
14.750000 2.041242 17.520688 -1535.680835 -751.843894
14.800000 2.011967 17.037740 -1552.793221 -780.197949
14.850000 1.955742 16.855437 -1558.418524 -807.413556
14.900000 2.017821 17.397805 -1530.912758 -756.069624
14.950000 1.980951 18.264371 -1490.438649 -729.753292
15.000000 2.005249 13.767350 -1360.316707 -590.301272
15.050000 2.028366 13.349741 -1377.837784 -598.945244
15.100000 1.964915 15.695323 -1267.612671 -513.085480
15.150000 2.014920 15.919074 -1268.025592 -494.296503
15.200000 1.997145 15.541535 -1273.492900 -506.589296
15.250000 2.013377 14.459995 -1325.280921 -552.144032
15.300000 1.992159 14.569159 -1318.342474 -553.353564
15.350000 2.003980 14.439162 -1328.892886 -559.364669
15.400000 2.012985 14.058005 -1352.308985 -579.322760
15.450000 2.003574 14.700775 -1313.878138 -544.505583
15.500000 1.981935 14.131185 -1343.274539 -582.211584
15.550000 1.997783 15.739396 -1265.494015 -498.345163
15.600000 1.994095 15.946941 -1253.392487 -487.659997
15.650000 2.021926 15.164104 -1291.159308 -514.739739
15.700000 1.996715 14.397042 -1328.454131 -561.715465
15.750000 1.964988 15.240647 -1280.800330 -526.244983
15.800000 2.003048 15.083854 -1294.497322 -525.326933
15.850000 1.987829 14.920243 -1308.399335 -545.072899
15.900000 1.981967 15.891076 -1252.454307 -491.378930
15.950000 2.024872 15.133782 -1295.347161 -517.796257
16.000000 1.995181 15.110272 -1293.812544 -527.662959
16.050000 1.972752 14.393571 -1333.296432 -575.759536
16.100000 1.992118 15.303438 -1291.407615 -526.434283
16.150000 2.021630 14.875770 -1307.429273 -531.123541
16.200000 1.987579 15.432918 -1279.225238 -515.994888
16.250000 1.990920 16.062953 -1242.365177 -477.851823
16.300000 2.000327 15.446315 -1274.184311 -506.058652
16.350000 2.003438 15.146947 -1291.939964 -522.619862
16.400000 1.994735 15.615559 -1265.643155 -499.664946
16.450000 1.993443 14.977972 -1302.583238 -537.101099
16.500000 2.007158 15.247176 -1292.207536 -521.458834
16.550000 2.003935 15.591267 -1274.157959 -504.646942
16.600000 1.991354 15.921042 -1261.689139 -497.009281
16.650000 2.005094 16.653056 -1221.073847 -451.117614
16.700000 2.017013 15.620494 -1275.837477 -501.304530
16.750000 1.991565 15.422613 -1282.053174 -517.292106
16.800000 1.972410 14.763950 -1305.231498 -547.826107
16.850000 1.987329 14.499397 -1318.104324 -554.969830
16.900000 2.012692 14.512129 -1327.536318 -554.662416
16.950000 2.023157 13.350379 -1385.475903 -608.583790
17.000000 1.968618 14.244617 -1331.597752 -575.648573
17.050000 1.987231 13.986227 -1354.898689 -591.801935
17.100000 1.993546 14.349771 -1331.568197 -566.046590
17.150000 1.992789 14.669034 -1311.732643 -546.501547
17.200000 2.017239 14.415089 -1328.162711 -553.542837
17.250000 1.958430 14.783583 -1312.097621 -560.060535
17.300000 2.037686 15.222640 -1294.897886 -512.426321
17.350000 1.987629 15.278220 -1284.622745 -521.373195
17.400000 1.963266 14.972127 -1305.964117 -552.070102
17.450000 2.011226 15.026497 -1303.048273 -530.737521
17.500000 1.987826 14.996505 -1300.918438 -537.593431
17.550000 2.026291 14.882010 -1305.003570 -526.907957
17.600000 1.982617 15.496636 -1270.559960 -509.234939
17.650000 1.987534 14.887287 -1308.889733 -545.676510
17.700000 1.990014 13.686088 -1371.276960 -607.111508
17.750000 2.034880 15.087987 -1300.307169 -518.913239
17.800000 1.967248 15.554991 -1271.800056 -516.376713
17.850000 2.022376 15.436681 -1283.147337 -506.554772
17.900000 1.986261 15.148406 -1292.395179 -529.670957
17.950000 1.950687 16.117348 -1241.387425 -492.323560
18.000000 2.010476 15.170342 -1298.109635 -526.086664
18.050000 1.986659 15.088955 -1302.131486 -539.254547
18.100000 2.010271 14.572936 -1332.983881 -561.039678
18.150000 1.986953 15.111759 -1300.706021 -537.716054
18.200000 1.998675 15.591966 -1276.239971 -508.748750
18.250000 1.998633 15.254050 -1284.322120 -516.846991
18.300000 1.989699 15.288531 -1285.995833 -521.951472
18.350000 1.996531 15.141047 -1298.656329 -531.988460
18.400000 2.015552 14.703594 -1320.131773 -546.159835
18.450000 1.968304 16.039115 -1241.340168 -485.511321
18.500000 2.018328 16.247977 -1236.626674 -461.588686
18.550000 2.002862 14.342354 -1344.692988 -575.594170
18.600000 1.992732 14.387738 -1334.831638 -569.622643
18.650000 1.999191 15.706872 -1263.897997 -496.208475
18.700000 2.026928 14.919288 -1307.413608 -529.073443
18.750000 1.996696 15.028857 -1295.930275 -529.198894
18.800000 1.982880 14.854374 -1304.679979 -543.254230
18.850000 2.024333 15.533608 -1268.661345 -491.317629
18.900000 1.950562 14.652206 -1314.146377 -565.130696
18.950000 2.004877 14.503047 -1326.061091 -556.188322
19.000000 2.012714 15.465364 -1277.701234 -504.819135
19.050000 2.032296 16.159279 -1244.573095 -464.171329
19.100000 1.988924 16.007229 -1252.647695 -488.901044
19.150000 2.000122 15.419223 -1282.726850 -514.680150
19.200000 2.016039 14.852820 -1312.511678 -538.352608
19.250000 1.962026 14.854182 -1309.603130 -556.185053
19.300000 2.012513 15.372207 -1283.480472 -510.675439
19.350000 2.007944 14.663213 -1313.769881 -542.719565
19.400000 1.974598 14.977704 -1298.521114 -540.275526
19.450000 1.993572 15.564760 -1272.629924 -507.098457
19.500000 2.022765 15.365682 -1280.590026 -503.848102
19.550000 2.021040 15.980352 -1251.973221 -475.893869
19.600000 2.006959 14.878754 -1312.181577 -541.509435
19.650000 1.994157 15.566258 -1276.207421 -510.451180
19.700000 2.005000 15.835946 -1267.115359 -497.195295
19.750000 2.009399 14.749985 -1314.683518 -543.074422
19.800000 2.005617 13.302160 -1386.857897 -616.701005
19.850000 1.972403 14.222740 -1339.337856 -581.935252
19.900000 1.999237 15.166562 -1290.778641 -523.071543
19.950000 1.999613 15.387921 -1278.542772 -510.691555
20.000000 1.994414 14.648450 -1321.257205 -555.402358
20.050000 1.990799 16.096853 -1253.631283 -489.164646
20.100000 1.995832 16.376688 -1231.358032 -464.958355
20.150000 2.022461 14.843561 -1312.460417 -535.835414
20.200000 1.992059 15.044250 -1305.988639 -541.037832
20.250000 1.990869 15.932866 -1258.084922 -493.591348
20.300000 2.003241 15.544010 -1278.021614 -508.777176
20.350000 1.978516 15.923941 -1248.776299 -489.026238
20.400000 2.017570 15.005008 -1306.615025 -531.868200
20.450000 1.993849 15.537556 -1277.489311 -511.851237
20.500000 2.012015 15.812510 -1265.353609 -492.740008
20.550000 1.981372 15.319430 -1287.504815 -526.657847
20.600000 2.001754 15.069337 -1304.854364 -536.181010
20.650000 2.010252 15.264510 -1293.976871 -522.039971
20.700000 1.979248 15.246334 -1296.491568 -536.460484
20.750000 1.995959 14.091283 -1352.208151 -585.759793
20.800000 1.970225 15.364801 -1292.680561 -536.114181
20.850000 2.023847 16.418267 -1242.172273 -465.015121
20.900000 1.987694 16.499029 -1232.113381 -468.839064
20.950000 2.020254 15.593458 -1279.030292 -503.252676
21.000000 1.981644 15.945898 -1257.985890 -497.034676
21.050000 1.997475 16.762072 -1213.769013 -446.738515
21.100000 2.013822 16.476811 -1230.810329 -457.502569
21.150000 1.968927 16.119922 -1244.017642 -487.949643
21.200000 2.009521 15.777481 -1264.907926 -493.251681
21.250000 2.010100 15.123984 -1296.270331 -524.391931
21.300000 2.010470 15.495551 -1281.016772 -508.996244
21.350000 1.989347 15.589395 -1278.130226 -514.220896
21.400000 2.020655 15.682198 -1269.089523 -493.157848
21.450000 2.027040 14.617664 -1325.305762 -546.922373
21.500000 1.994206 15.115860 -1298.387622 -532.612625
21.550000 2.019064 14.982594 -1304.540460 -529.219919
21.600000 1.974981 14.747008 -1318.027900 -559.635158
21.650000 1.999526 14.520092 -1338.060409 -570.242595
21.700000 1.995597 15.029920 -1308.377055 -542.067699
21.750000 1.987578 15.757983 -1262.910430 -499.680476
21.800000 2.032327 14.980539 -1303.827982 -523.414552
21.850000 2.002830 16.033630 -1250.254717 -481.167960
21.900000 1.989874 15.501161 -1276.785341 -512.673644
21.950000 2.003806 14.073131 -1350.723055 -581.261447
22.000000 1.970576 14.997329 -1301.346843 -544.645667
22.050000 2.012559 15.743383 -1264.652446 -491.829718
22.100000 2.017830 14.490431 -1329.501309 -554.654440
22.150000 1.989510 15.163161 -1287.591023 -523.619206
22.200000 2.024717 15.444293 -1280.229251 -502.737946
22.250000 2.012770 14.962440 -1305.500787 -532.596959
22.300000 1.962416 14.983815 -1308.245937 -554.678045
22.350000 2.032645 15.439549 -1288.802574 -508.267018
22.400000 1.983739 15.923544 -1255.095025 -493.339124
22.450000 1.993345 14.768596 -1321.172500 -555.728187
22.500000 2.013219 8.622879 -1313.417578 -540.341657
22.550000 1.981868 8.289839 -1332.084867 -571.047732
22.600000 1.985121 9.435922 -1267.906560 -505.619977
22.650000 2.013699 9.343026 -1277.412191 -504.151942
22.700000 2.009304 8.913279 -1300.618222 -529.045577
22.750000 1.992427 8.659763 -1316.096617 -551.004700
22.800000 2.004080 8.632744 -1313.086230 -543.519406
22.850000 1.995169 9.377316 -1272.024236 -505.879422
22.900000 1.976462 9.318877 -1272.130569 -513.169287
22.950000 1.997699 9.111737 -1288.745079 -521.628739
23.000000 2.034629 8.723281 -1317.383973 -536.086578
23.050000 1.997969 9.141547 -1284.025505 -516.805462
23.100000 1.994392 8.774289 -1302.102376 -536.255658
23.150000 2.002421 8.148339 -1341.689199 -572.759710
23.200000 2.012498 8.020490 -1346.666987 -573.867884
23.250000 1.991677 9.187311 -1277.264130 -512.460017
23.300000 2.028495 9.205465 -1285.303345 -506.361410
23.350000 2.003430 9.194953 -1283.253254 -513.935967
23.400000 1.997953 8.979174 -1297.768306 -530.554217
23.450000 2.021422 8.851132 -1306.820782 -530.594652
23.500000 1.995870 9.264817 -1281.918315 -515.504239
23.550000 2.020912 7.984816 -1349.057918 -573.027851
23.600000 1.986797 8.671603 -1303.527121 -540.596922
23.650000 1.997478 8.691728 -1311.780140 -544.748697
23.700000 2.001295 9.212371 -1279.608125 -511.111031
23.750000 1.977732 8.422730 -1323.582986 -564.134078
23.800000 2.003298 8.512070 -1319.616921 -550.350508
23.850000 1.989080 9.385456 -1271.351125 -507.544386
23.900000 1.989980 9.143337 -1283.468201 -519.316029
23.950000 1.987494 9.124877 -1281.891513 -518.693983
24.000000 1.993342 8.739288 -1308.075636 -542.632141
24.050000 2.011027 9.012146 -1295.176205 -522.941738
24.100000 1.972419 8.809069 -1306.396996 -548.988146
24.150000 1.997550 9.084384 -1295.963107 -528.903724
24.200000 1.994450 9.333111 -1280.205338 -514.336659
24.250000 1.979346 10.414379 -1212.051037 -451.982302
24.300000 2.003647 8.728625 -1308.556431 -539.155824
24.350000 1.998409 9.609281 -1255.060000 -487.670818
24.400000 2.009485 9.082727 -1293.815025 -522.172928
24.450000 1.986437 9.306106 -1279.034612 -516.242874
24.500000 1.993255 9.907718 -1246.785821 -481.375795
24.550000 2.018087 9.804226 -1254.133262 -479.187746
24.600000 2.019654 9.322313 -1282.894034 -507.346841
24.650000 2.007912 10.242694 -1224.697862 -453.659641
24.700000 2.014487 8.882555 -1301.605989 -528.042916
24.750000 1.968113 8.685004 -1311.205993 -555.450670
24.800000 1.982999 9.582229 -1262.541991 -501.070277
24.850000 2.000858 9.330218 -1274.269975 -505.940564
24.900000 2.027798 8.148476 -1344.834250 -566.159667
24.950000 1.971608 8.720301 -1305.504569 -548.406976
25.000000 1.996091 9.051687 -1290.093870 -523.594877
25.050000 2.024679 9.189336 -1286.938499 -509.461758
25.100000 2.000713 9.108602 -1290.886213 -522.612318
25.150000 1.978378 9.174341 -1285.365127 -525.667971
25.200000 1.988724 9.411389 -1273.605084 -509.934933
25.250000 1.995260 10.047300 -1235.363642 -469.183971
25.300000 2.025105 9.877158 -1244.955139 -467.314630
25.350000 1.979373 8.530532 -1319.369785 -559.290517
25.400000 1.998010 8.996691 -1292.682854 -525.447096
25.450000 1.971218 10.013774 -1234.663040 -477.715379
25.500000 2.013883 9.142159 -1288.407116 -515.075973
25.550000 2.015463 8.986956 -1289.183242 -515.245358
25.600000 2.003032 8.679184 -1306.761427 -537.597126
25.650000 2.003423 9.352912 -1275.060172 -505.745825
25.700000 2.010995 8.725615 -1311.967244 -539.745138
25.750000 2.005898 8.435817 -1329.306050 -559.041165
25.800000 1.986505 9.532954 -1263.835445 -501.017355
25.850000 1.981906 9.359062 -1263.475284 -502.423545
25.900000 1.994546 9.560393 -1251.965441 -486.059745
25.950000 2.011163 8.460942 -1324.933443 -552.646714
26.000000 1.961646 9.972438 -1241.783616 -488.511476
26.050000 2.029970 9.914450 -1249.181236 -469.672569
26.100000 1.972330 10.071999 -1229.640082 -472.265181
26.150000 2.023541 8.912738 -1293.713366 -516.673753
26.200000 1.985144 9.014335 -1288.466352 -526.171145
26.250000 2.017987 9.242580 -1282.506645 -507.599597
26.300000 1.999836 9.127758 -1289.180042 -521.242869
26.350000 1.991598 9.494759 -1268.989957 -504.216420
26.400000 2.009392 10.221380 -1230.947643 -459.341292
26.450000 2.000847 10.261866 -1224.460075 -456.134807
26.500000 2.025837 9.614160 -1261.798889 -483.877574
26.550000 2.008783 8.717759 -1315.767750 -544.395267
26.600000 1.984811 9.957087 -1252.028711 -489.861472
26.650000 2.019111 10.316260 -1227.380444 -452.041961
26.700000 1.983840 9.418913 -1268.979418 -507.184798
26.750000 2.004510 9.754211 -1253.052276 -483.320377
26.800000 2.015581 9.388074 -1279.246866 -505.263617
26.850000 2.006102 9.034030 -1297.615106 -527.271748
26.900000 1.989453 9.239698 -1284.561051 -520.611274
26.950000 2.029349 8.735150 -1315.857308 -536.587330
27.000000 1.982717 9.840265 -1255.505746 -494.142433
27.050000 2.015256 9.047541 -1304.314339 -530.456170
27.100000 2.010620 9.544240 -1266.124642 -494.046487
27.150000 1.989018 8.682674 -1310.276282 -546.493390
27.200000 2.020045 8.576658 -1321.680676 -545.983555
27.250000 2.005526 9.239255 -1287.513774 -517.391644
27.300000 2.017449 9.286509 -1282.467109 -507.766852
27.350000 2.005107 9.366650 -1274.191093 -504.230135
27.400000 1.991282 9.649511 -1258.079153 -493.426739
27.450000 2.022233 9.644897 -1260.214032 -483.676661
27.500000 2.006593 9.235224 -1279.623791 -509.092002
27.550000 2.004765 10.541020 -1208.251661 -438.421774
27.600000 2.018281 9.564996 -1259.229485 -484.209668
27.650000 1.994833 9.684582 -1251.843494 -485.827476
27.700000 2.022396 9.051722 -1289.134083 -512.533987
27.750000 1.982966 9.420309 -1262.637946 -501.179008
27.800000 1.998118 10.139132 -1223.886414 -456.608995
27.850000 1.980562 9.799415 -1248.774599 -488.238671
27.900000 2.012962 9.788047 -1256.773524 -483.796049
27.950000 1.976127 9.654295 -1258.535314 -499.702479
28.000000 1.993016 9.430539 -1276.248601 -510.930479
28.050000 2.017046 8.930264 -1304.986707 -530.441007
28.100000 1.990330 9.520950 -1275.392209 -511.105312
28.150000 2.001601 9.782354 -1266.336582 -497.721743
28.200000 2.016241 9.601650 -1274.240783 -500.004285
28.250000 2.013573 9.131785 -1295.514228 -522.302306
28.300000 1.977082 8.856188 -1309.163364 -549.963948
28.350000 2.019313 9.564179 -1270.425376 -495.009350
28.400000 2.024120 8.721759 -1312.738260 -535.476071
28.450000 1.978197 9.165633 -1285.003571 -525.375942
28.500000 2.003655 9.208598 -1283.854722 -514.451247
28.550000 1.985096 9.683567 -1254.956260 -492.679551
28.600000 2.029645 8.648367 -1314.015936 -534.632134
28.650000 2.014888 8.151067 -1341.921021 -568.203923
28.700000 1.993973 9.466247 -1261.339239 -495.653734
28.750000 1.977108 10.110067 -1230.595663 -471.386346
28.800000 2.016117 8.933068 -1297.339537 -523.150784
28.850000 1.983928 8.741199 -1307.337951 -545.509436
28.900000 2.010623 9.295722 -1288.400124 -516.320893
28.950000 2.001183 8.987599 -1306.309204 -537.854834
29.000000 1.991625 8.633624 -1323.087587 -558.303648
29.050000 1.996802 9.698582 -1257.719368 -490.947531
29.100000 2.012889 8.847659 -1301.535480 -528.586227
29.150000 1.992150 8.239178 -1338.378059 -573.392277
29.200000 2.000301 9.525864 -1262.885772 -494.770280
29.250000 1.991077 8.641369 -1310.184056 -545.610610
29.300000 2.002772 8.809552 -1302.330585 -533.266255
29.350000 1.986453 8.719599 -1308.118788 -545.320757
29.400000 1.996051 8.471007 -1329.040993 -562.557477
29.450000 2.038307 8.384296 -1335.862694 -553.152667
29.500000 1.966385 7.699548 -1371.205191 -616.113271
29.550000 1.997754 9.977764 -1248.180003 -481.042585
29.600000 1.971804 9.776449 -1254.652158 -497.479242
29.650000 2.018228 9.547642 -1270.034348 -495.034783
29.700000 1.979962 9.553107 -1270.151536 -509.846034
29.750000 1.997335 10.540968 -1209.917759 -442.941180
29.800000 1.962839 9.681376 -1265.028973 -511.298654
29.850000 1.957491 10.753693 -1201.822084 -450.145542
29.900000 2.009548 9.002738 -1305.548700 -533.882275
29.950000 1.998471 9.291212 -1281.166887 -513.754187
30.000000 1.973612 5.779737 -1185.975943 -428.109124
30.050000 1.970687 5.760494 -1190.144133 -433.400454
30.100000 2.018371 5.416082 -1205.855776 -430.801162
30.150000 1.987387 4.749834 -1237.422688 -474.266201
30.200000 1.969328 5.087468 -1217.510577 -461.288538
30.250000 2.000772 5.834325 -1172.320233 -404.023832
30.300000 2.011392 4.876981 -1232.706520 -460.332095
30.350000 2.009549 4.991835 -1226.539213 -454.872572
30.400000 2.008421 4.691302 -1255.799123 -484.565633
30.450000 2.021997 5.232173 -1232.994990 -456.548096
30.500000 1.989887 5.271651 -1219.702121 -455.585661
30.550000 2.010487 4.324033 -1268.188660 -496.161656
30.600000 2.009021 4.289017 -1263.841172 -492.377131
30.650000 1.977003 5.468838 -1192.630552 -433.461279
30.700000 2.009998 5.592331 -1198.285906 -426.446555
30.750000 2.005435 5.785993 -1188.440690 -418.353661
30.800000 1.992086 5.626246 -1194.288121 -429.327238
30.850000 2.006159 5.247872 -1222.186659 -451.821642
30.900000 2.021983 5.673583 -1200.271644 -423.830062
30.950000 2.033484 4.503791 -1267.539817 -486.682107
31.000000 1.967812 4.886912 -1238.658571 -483.018951
31.050000 2.018016 4.853312 -1246.398662 -471.480665
31.100000 2.006768 5.126171 -1223.064111 -452.465357
31.150000 1.996398 4.605904 -1257.326940 -490.710270
31.200000 2.002017 4.387122 -1270.937860 -502.163493
31.250000 1.988887 4.540918 -1259.796244 -496.063798
31.300000 2.006790 4.678939 -1249.604476 -478.997178
31.350000 1.982415 5.485929 -1206.908049 -445.660819
31.400000 2.008772 6.038146 -1184.575491 -413.206929
31.450000 2.001342 5.566576 -1212.161414 -443.645983
31.500000 1.957707 6.164946 -1164.216165 -412.456642
31.550000 1.997099 5.682747 -1195.973905 -429.088057
31.600000 2.024342 5.737921 -1188.635633 -411.288291
31.650000 2.025217 4.907148 -1238.214747 -460.531334
31.700000 1.999253 5.246826 -1213.330849 -445.617771
31.750000 2.015662 5.348854 -1214.106112 -440.091774
31.800000 1.995392 5.298633 -1221.676145 -455.445648
31.850000 1.984047 5.823953 -1199.168275 -437.294065
31.900000 2.025477 5.199430 -1239.900467 -462.117303
31.950000 1.994317 5.492416 -1208.784973 -442.967071
32.000000 2.000094 5.476123 -1210.846215 -442.810118
32.050000 1.971128 5.774219 -1186.081540 -429.168379
32.100000 1.999402 5.166116 -1222.750140 -454.979919
32.150000 2.025800 4.559769 -1259.500066 -481.592874
32.200000 1.972420 4.984819 -1234.160278 -476.751061
32.250000 1.994136 5.103945 -1227.850733 -462.102345
32.300000 1.991570 5.297724 -1218.034709 -453.271715
32.350000 2.012982 5.409942 -1218.833791 -445.848851
32.400000 2.010477 5.602650 -1200.477807 -428.454726
32.450000 1.979750 5.520085 -1198.313889 -438.090025
32.500000 1.986128 5.471128 -1203.426165 -440.752845
32.550000 2.026698 5.598919 -1187.972315 -409.720192
32.600000 2.001142 5.544635 -1190.925543 -422.487144
32.650000 1.996478 5.097333 -1220.746562 -454.099135
32.700000 1.992103 5.678731 -1192.240686 -427.273321
32.750000 2.002221 5.642406 -1200.486286 -431.633513
32.800000 2.011104 5.094476 -1227.608616 -455.344558
32.850000 1.993403 5.413261 -1206.436627 -440.969900
32.900000 1.993079 5.821013 -1183.509617 -418.167153
32.950000 2.014444 5.167847 -1221.370684 -447.824137
33.000000 1.998845 5.318243 -1214.339517 -446.782998
33.050000 2.001622 5.950243 -1176.808865 -408.186180
33.100000 2.003427 5.376651 -1208.376113 -439.060043
33.150000 2.012333 4.824863 -1237.648229 -464.912543
33.200000 1.995609 4.697851 -1249.121598 -482.807858
33.250000 1.972809 5.130513 -1226.855761 -469.297174
33.300000 1.997091 4.913044 -1241.384723 -474.501929
33.350000 2.014089 5.111476 -1228.001561 -454.591372
33.400000 1.996646 5.893842 -1177.399636 -410.687633
33.450000 2.001953 5.878672 -1177.316370 -408.566339
33.500000 2.012336 4.515211 -1261.289401 -488.552323
33.550000 1.976604 5.200828 -1211.239877 -452.223945
33.600000 1.994543 3.781955 -1302.616322 -536.711798
33.650000 2.005291 4.766120 -1242.826643 -472.794752
33.700000 1.977671 5.150425 -1223.473580 -464.048065
33.750000 1.995690 5.053124 -1238.529849 -472.184779
33.800000 2.004326 4.717863 -1266.957286 -497.295992
33.850000 1.965978 6.197790 -1170.533947 -415.598344
33.900000 1.979830 6.114708 -1177.591249 -417.336521
33.950000 1.991850 5.760824 -1205.890235 -441.019799
34.000000 2.000601 5.673987 -1209.142675 -440.911942
34.050000 2.006005 5.429419 -1215.984899 -445.679085
34.100000 1.996728 5.604741 -1196.939326 -430.195878
34.150000 2.017829 4.997567 -1241.410257 -466.563759
34.200000 1.995642 5.960298 -1182.647900 -416.321383
34.250000 1.994495 5.255143 -1227.087279 -461.201225
34.300000 1.986101 5.271946 -1223.439026 -460.776318
34.350000 2.012819 5.339232 -1212.186432 -439.263805
34.400000 1.979729 5.320454 -1209.194587 -448.978600
34.450000 2.023744 5.409814 -1206.100768 -428.983216
34.500000 2.004373 5.257902 -1217.320637 -447.641476
34.550000 2.001990 5.082814 -1228.009975 -459.245934
34.600000 1.998989 4.757321 -1250.024128 -482.412415
34.650000 1.992354 5.207015 -1221.176653 -456.112632
34.700000 1.976449 5.240831 -1219.086648 -460.130201
34.750000 1.995500 5.357060 -1210.407931 -444.136115
34.800000 2.004685 5.232732 -1215.199281 -445.400183
34.850000 2.009264 5.657903 -1183.233261 -411.675769
34.900000 1.999013 4.863628 -1236.022983 -468.402053
34.950000 2.002383 5.500135 -1200.579969 -431.665078
35.000000 2.005144 4.786920 -1248.744668 -478.769546
35.050000 2.008137 5.649803 -1196.708565 -425.584050
35.100000 1.988817 5.713188 -1194.569891 -430.864223
35.150000 2.005714 5.178445 -1220.802779 -450.608714
35.200000 1.997084 4.895207 -1228.429896 -461.549636
35.250000 1.992162 4.909150 -1229.723967 -464.733894
35.300000 2.020170 5.119970 -1226.689320 -450.944182
35.350000 1.974006 5.319755 -1219.148004 -461.129756
35.400000 1.997447 5.909367 -1194.570461 -427.550883
35.450000 1.988241 6.115524 -1178.805662 -415.321027
35.500000 2.019306 5.503954 -1204.847204 -429.433852
35.550000 2.014696 4.784250 -1245.610805 -471.967534
35.600000 2.004808 4.936627 -1236.864667 -467.018370
35.650000 1.982286 5.163102 -1224.752404 -463.554519
35.700000 2.003161 5.366374 -1215.418960 -446.205200
35.750000 2.011295 4.938915 -1242.124156 -469.787058
35.800000 1.985310 5.785460 -1188.214718 -425.855824
35.850000 1.998414 5.997541 -1184.328611 -416.937634
35.900000 2.017122 5.795417 -1197.458951 -422.884170
35.950000 1.981227 5.925175 -1189.956553 -429.165519
36.000000 2.014761 5.826432 -1201.132743 -427.464411
36.050000 2.008522 5.761776 -1199.878939 -428.606443
36.100000 1.972967 5.402553 -1208.711656 -451.092429
36.150000 2.033500 4.755890 -1244.895329 -464.031251
36.200000 2.000577 4.642047 -1248.974466 -480.752922
36.250000 1.991685 4.765630 -1242.522095 -477.714972
36.300000 2.008859 5.265353 -1213.076276 -441.674292
36.350000 2.024255 4.825170 -1243.315864 -466.002029
36.400000 1.996767 4.657560 -1248.276938 -481.518325
36.450000 1.994408 4.901081 -1238.403204 -472.550347
36.500000 1.981320 5.089741 -1230.826821 -469.999948
36.550000 1.992057 5.728608 -1194.202849 -429.252998
36.600000 2.003214 5.812633 -1191.858184 -422.624042
36.650000 1.989217 5.269059 -1220.398295 -456.538948
36.700000 1.998163 6.130061 -1163.512436 -396.217762
36.750000 2.028416 5.147631 -1220.122249 -441.210361
36.800000 1.971308 5.843033 -1167.856008 -410.873586
36.850000 2.005588 5.712418 -1183.225268 -413.079553
36.900000 2.019837 4.811466 -1241.964122 -466.346893
36.950000 1.987745 5.397952 -1204.329542 -441.035399
37.000000 2.009552 5.861239 -1179.676983 -408.009175
37.050000 2.004485 5.478614 -1208.455120 -438.732723
37.100000 1.999899 5.608263 -1205.697325 -437.735924
37.150000 2.000370 5.656968 -1201.516877 -433.374773
37.200000 2.001914 6.013209 -1173.063573 -404.328669
37.250000 2.003123 4.732887 -1262.578194 -493.378797
37.300000 2.021836 5.906226 -1179.897704 -403.512796
37.350000 2.015942 4.845877 -1243.098878 -468.977298
37.400000 1.990571 4.812141 -1243.679805 -479.300660
37.450000 2.004603 4.874560 -1236.169570 -466.401955
37.500000 1.992403 3.396889 -1072.558840 -307.475942
37.550000 1.998585 2.877089 -1110.111820 -342.655343
37.600000 1.993943 3.128363 -1097.196567 -331.522587
37.650000 1.998358 3.784716 -1055.649654 -288.280039
37.700000 2.008177 3.035476 -1109.323174 -338.183335
37.750000 1.983956 2.596552 -1132.380463 -370.541262
37.800000 2.011211 2.958300 -1106.199883 -333.894713
37.850000 1.959772 3.599769 -1068.194063 -315.641549
37.900000 1.994951 4.003431 -1047.029816 -280.968556
37.950000 2.020331 3.076346 -1106.729979 -330.923034
38.000000 1.999234 2.881966 -1112.895170 -345.189311
38.050000 2.014727 2.912195 -1103.382955 -329.727926
38.100000 2.004804 2.587248 -1114.696885 -344.852191
38.150000 2.005288 2.790925 -1097.458787 -327.428199
38.200000 2.011814 2.771021 -1104.785859 -332.249285
38.250000 1.993798 3.020249 -1095.865368 -330.247119
38.300000 2.001699 3.012857 -1107.093135 -338.440662
38.350000 2.006054 3.178412 -1098.109659 -327.785069
38.400000 2.006280 2.972552 -1113.927711 -343.516159
38.450000 1.983201 3.414454 -1078.410463 -316.861092
38.500000 2.009330 2.639704 -1139.775722 -368.193064
38.550000 1.992933 3.009693 -1113.692562 -348.406183
38.600000 1.998055 3.237664 -1101.037067 -333.784114
38.650000 2.005889 2.793638 -1124.836003 -354.574648
38.700000 1.984557 2.891364 -1110.208919 -348.138944
38.750000 2.002245 3.099926 -1096.320036 -327.458077
38.800000 1.991866 2.986972 -1099.046600 -334.170130
38.850000 2.017651 2.702409 -1114.436717 -339.658851
38.900000 1.996037 2.611960 -1115.586473 -349.108317
38.950000 2.001229 2.815863 -1100.038061 -331.566018
39.000000 2.004986 2.844568 -1099.365783 -329.451062
39.050000 2.002652 2.439067 -1134.063317 -365.044916
39.100000 1.961442 3.405885 -1069.175226 -315.981639
39.150000 2.007839 2.852346 -1113.109386 -342.099326
39.200000 1.997877 2.799217 -1114.836936 -347.652297
39.250000 1.983607 3.035699 -1097.765474 -336.060330
39.300000 1.996567 3.361429 -1073.521932 -306.840069
39.350000 2.007261 3.012957 -1091.040955 -320.252914
39.400000 2.000428 2.712145 -1111.881032 -343.716744
39.450000 1.986807 3.278396 -1077.998061 -315.064289
39.500000 2.010071 3.186603 -1089.743692 -317.876239
39.550000 2.004830 2.802724 -1125.239921 -355.385371
39.600000 2.006925 3.150944 -1111.304001 -340.644687
39.650000 1.992378 3.703352 -1066.769773 -301.696762
39.700000 2.014129 3.406000 -1086.103512 -312.677861
39.750000 1.986504 3.553669 -1068.201278 -305.383592
39.800000 2.016635 3.381079 -1079.754662 -305.366818
39.850000 2.009287 2.802354 -1114.679360 -343.113032
39.900000 2.009457 2.573202 -1131.032816 -359.401166
39.950000 1.978880 3.537083 -1058.196715 -298.306696
40.000000 2.009691 3.059507 -1097.981431 -326.260167
40.050000 2.005381 2.975468 -1102.639178 -332.572854
40.100000 2.011923 2.915089 -1110.058287 -337.480005
40.150000 2.020102 2.606622 -1128.210131 -352.490988
40.200000 1.988936 2.741220 -1113.086085 -349.334681
40.250000 1.983958 2.981311 -1099.692015 -337.852329
40.300000 2.037225 2.722170 -1118.116574 -335.822008
40.350000 1.980934 2.704148 -1119.975073 -359.296273
40.400000 1.988433 2.805079 -1122.735034 -359.176776
40.450000 2.000286 3.323193 -1088.591543 -320.481608
40.500000 1.993573 3.332100 -1082.398916 -316.866890
40.550000 2.009348 3.122769 -1094.429916 -322.840139
40.600000 1.986976 3.037601 -1097.468995 -334.470393
40.650000 1.986099 3.297671 -1073.446730 -310.784551
40.700000 2.015911 2.471538 -1130.709307 -356.599522
40.750000 1.984550 2.654726 -1115.943088 -353.875765
40.800000 2.003613 3.113143 -1088.228952 -318.841509
40.850000 2.004174 2.810281 -1114.760521 -345.157888
40.900000 1.999238 3.426810 -1080.414665 -312.707137
40.950000 2.015751 3.741855 -1066.630773 -292.582577
41.000000 2.002773 3.603295 -1075.889137 -306.824444
41.050000 2.005847 3.235599 -1096.317320 -326.072037
41.100000 2.016916 3.238884 -1094.496382 -320.000783
41.150000 1.992554 3.239588 -1097.532507 -332.391916
41.200000 2.013561 2.795290 -1123.029064 -349.821538
41.250000 1.996678 2.593934 -1132.203766 -365.479447
41.300000 1.994446 3.100582 -1099.374194 -333.506792
41.350000 2.002195 3.250688 -1088.493665 -319.650809
41.400000 2.008748 3.022170 -1095.130866 -323.771779
41.450000 1.987399 2.859943 -1101.374690 -338.213653
41.500000 1.991857 3.095077 -1088.433496 -323.560418
41.550000 2.008402 2.570400 -1126.537368 -355.311016
41.600000 1.973157 2.904630 -1110.866139 -353.173941
41.650000 2.015537 3.350773 -1084.056067 -310.089950
41.700000 2.015556 3.213527 -1089.123411 -315.150016
41.750000 2.000721 2.604292 -1134.308288 -366.031411
41.800000 1.987449 3.252592 -1091.848552 -328.668270
41.850000 2.012064 3.025067 -1119.234553 -346.601947
41.900000 1.996827 3.642549 -1073.101034 -306.319491
41.950000 2.014798 3.336089 -1093.421136 -319.738628
42.000000 1.989892 3.424651 -1080.356641 -316.238150
42.050000 2.009819 3.021551 -1102.634953 -330.864600
42.100000 2.000611 2.644094 -1126.653445 -358.418813
42.150000 2.011303 2.751562 -1115.063883 -342.723598
42.200000 1.993552 2.516020 -1128.960699 -363.436838
42.250000 1.999910 2.741347 -1117.719071 -349.753602
42.300000 1.973743 2.982140 -1102.579303 -344.662151
42.350000 1.998111 3.492014 -1071.992702 -304.717929
42.400000 2.013407 3.350613 -1089.311743 -316.163570
42.450000 1.997802 3.443972 -1080.564754 -313.408601
42.500000 1.992388 3.417758 -1080.079280 -315.002340
42.550000 2.000714 3.577982 -1063.639132 -295.364910
42.600000 2.012741 3.288686 -1080.208870 -307.316155
42.650000 1.990295 3.199655 -1083.646644 -319.373234
42.700000 2.011897 2.824161 -1108.874767 -336.306293
42.750000 1.999139 2.655711 -1114.793832 -347.124642
42.800000 1.987667 3.073298 -1079.944068 -316.680008
42.850000 1.971781 3.280520 -1069.559519 -312.395450
42.900000 2.023109 3.075768 -1092.652958 -315.779113
42.950000 2.001287 3.188080 -1089.450634 -320.956478
43.000000 2.005566 3.173223 -1090.284320 -320.147052
43.050000 1.997459 2.739404 -1113.215367 -346.191165
43.100000 1.997234 2.950829 -1104.309849 -337.372132
43.150000 1.996454 3.472007 -1072.177340 -305.539170
43.200000 2.009446 3.152900 -1091.261204 -319.633815
43.250000 2.004551 2.757840 -1116.247560 -346.499998
43.300000 1.987732 2.812372 -1111.190761 -347.901709
43.350000 1.981413 2.984978 -1101.720296 -340.857794
43.400000 2.019087 2.956065 -1099.951677 -324.622447
43.450000 1.986508 2.965991 -1098.272471 -335.453336
43.500000 1.997668 3.278441 -1083.108277 -316.003857
43.550000 2.005523 3.260586 -1084.267649 -314.147008
43.600000 2.020891 3.117750 -1093.155738 -317.133727
43.650000 1.990788 3.147917 -1089.176334 -324.713690
43.700000 2.010850 2.919589 -1100.571414 -328.405162
43.750000 1.981389 2.785068 -1105.193016 -344.339742
43.800000 1.996511 3.421718 -1066.672271 -300.012055
43.850000 2.004056 3.446158 -1074.470516 -304.913124
43.900000 2.019488 3.069290 -1103.928346 -328.445087
43.950000 2.009520 2.919404 -1113.980434 -342.324886
44.000000 2.000223 3.413835 -1075.024035 -306.938472
44.050000 2.004640 2.751824 -1120.180022 -350.398113
44.100000 1.999085 2.675422 -1117.389829 -349.741252
44.150000 1.965523 3.109557 -1091.808753 -337.047950
44.200000 2.019393 3.864370 -1045.609325 -270.162549
44.250000 2.008467 3.413200 -1075.085074 -303.833896
44.300000 1.995973 2.624307 -1128.468724 -362.015046
44.350000 1.990942 3.340236 -1070.071676 -305.549925
44.400000 1.996089 3.213189 -1078.504133 -312.005916
44.450000 2.001085 2.937457 -1098.960825 -330.544303
44.500000 2.009305 3.372204 -1067.463531 -295.890297
44.550000 1.997364 3.174366 -1086.852559 -319.864816
44.600000 1.988725 2.760566 -1125.023008 -361.352626
44.650000 2.013242 2.818381 -1124.326032 -351.241035
44.700000 2.000847 2.986249 -1111.590589 -343.265256
44.750000 2.005766 3.032356 -1109.597939 -339.383838
44.800000 1.994500 3.029085 -1113.329254 -347.441355
44.850000 1.984614 3.555382 -1079.189133 -317.097381
44.900000 2.003992 3.707347 -1067.726770 -298.193977
44.950000 2.000721 3.344013 -1089.816321 -321.539388
45.000000 2.023343 1.897866 -961.654198 -184.690369
45.050000 1.996542 1.297717 -1004.188973 -237.516788
45.100000 1.993311 1.654083 -972.312109 -206.880709
45.150000 2.001917 1.702576 -958.580361 -189.844252
45.200000 1.999262 0.823286 -1026.006834 -258.290092
45.250000 1.995809 1.114441 -1001.606331 -235.215790
45.300000 2.000041 1.508317 -974.816114 -206.800239
45.350000 2.003061 1.961187 -934.976981 -165.801655
45.400000 2.000995 1.504247 -970.106158 -201.723894
45.450000 2.002950 1.404116 -980.301299 -211.168601
45.500000 2.000833 1.765833 -951.879330 -183.559511
45.550000 1.997553 1.662119 -960.291340 -193.231107
45.600000 1.998339 1.862427 -942.099537 -174.737428
45.650000 2.002755 1.701275 -958.737616 -189.679750
45.700000 2.010296 1.692219 -961.121511 -189.167775
45.750000 1.984599 1.406449 -981.406449 -219.320507
45.800000 1.996532 1.413005 -982.915718 -216.247528
45.850000 2.004773 1.874113 -946.398869 -176.566155
45.900000 2.008647 2.085684 -934.422747 -163.102397
45.950000 1.993107 1.975949 -945.710017 -180.356835
46.000000 2.020692 2.026777 -942.091881 -166.146139
46.050000 1.967420 2.142163 -935.672109 -180.182723
46.100000 2.019966 1.875309 -966.830433 -191.163471
46.150000 2.004556 1.880492 -957.814886 -188.065440
46.200000 2.003778 1.473957 -987.922997 -218.472184
46.250000 1.995897 1.796258 -958.648449 -192.223860
46.300000 2.024020 1.524999 -983.622324 -206.398488
46.350000 2.000176 1.704506 -968.726153 -200.658558
46.400000 2.018612 1.800237 -966.832530 -191.685620
46.450000 1.992510 1.923820 -956.892326 -191.768341
46.500000 2.006330 1.994425 -949.614925 -179.184239
46.550000 2.000985 1.575854 -977.833590 -209.455238
46.600000 1.996738 1.371285 -992.755875 -226.008523
46.650000 1.996177 1.582910 -979.770793 -213.238769
46.700000 2.016568 1.971439 -951.372176 -177.009954
46.750000 1.997975 1.620438 -977.927017 -210.704632
46.800000 2.003964 2.162284 -936.641864 -167.119712
46.850000 2.001527 1.936276 -957.588132 -189.001785
46.900000 2.011956 2.241742 -929.524819 -156.933561
46.950000 2.006700 1.503710 -985.511260 -214.938268
47.000000 2.007530 1.058330 -1012.050124 -241.158629
47.050000 1.993951 1.311714 -986.765229 -221.088129
47.100000 1.996333 1.550564 -972.973458 -206.381461
47.150000 1.990553 1.649021 -967.466248 -203.093906
47.200000 2.016292 1.538089 -973.012019 -198.755718
47.250000 2.000233 1.411650 -979.432127 -211.342680
47.300000 1.990911 1.629045 -965.329481 -200.819794
47.350000 1.996189 1.509568 -978.511183 -211.974532
47.400000 2.014368 1.383963 -993.559093 -220.041908
47.450000 1.975244 1.861010 -961.037852 -202.544017
47.500000 2.018248 1.977621 -965.593409 -190.586211
47.550000 2.000303 2.369420 -931.183837 -163.067336
47.600000 2.006761 2.111653 -948.578551 -177.982440
47.650000 2.016394 1.812538 -970.473168 -196.177851
47.700000 1.988363 1.475302 -996.122427 -232.591000
47.750000 2.009940 1.469614 -996.228024 -224.410888
47.800000 1.992118 2.103595 -939.515661 -174.542431
47.850000 2.006675 1.775891 -967.846907 -197.283829
47.900000 1.988257 1.759112 -969.097991 -205.607391
47.950000 2.017176 1.994492 -943.924589 -169.329045
48.000000 2.000903 1.620900 -965.106084 -196.759472
48.050000 1.997382 1.857149 -943.233666 -176.239155
48.100000 2.001790 1.592722 -962.594972 -193.907725
48.150000 2.000350 1.399345 -978.265203 -210.130723
48.200000 2.007901 1.279361 -982.919156 -211.885222
48.250000 1.997510 1.345911 -971.963867 -204.920011
48.300000 1.991748 1.549353 -957.603253 -192.771897
48.350000 2.001773 1.393658 -979.195867 -210.515204
48.400000 2.003914 1.909333 -942.730912 -173.227808
48.450000 2.009954 1.763014 -963.711638 -191.889234
48.500000 1.998884 1.654562 -976.724098 -209.152645
48.550000 1.998994 1.942677 -946.544554 -178.930694
48.600000 2.002740 1.850718 -951.401721 -182.349681
48.650000 2.009776 1.547455 -977.042862 -205.288747
48.700000 1.995990 1.868260 -949.293831 -182.833667
48.750000 1.999138 1.648371 -968.103524 -200.434508
48.800000 1.992811 1.727851 -961.290787 -196.051347
48.850000 2.014711 1.631751 -961.021198 -187.372338
48.900000 1.993791 1.218918 -994.139674 -228.523897
48.950000 2.008045 1.510645 -973.228772 -202.139389
49.000000 1.988047 1.300923 -994.498576 -231.088511
49.050000 2.002123 1.757860 -959.129980 -190.314914
49.100000 2.011108 1.898539 -946.050019 -173.784550
49.150000 2.005835 1.702294 -957.483472 -187.243004
49.200000 1.992737 2.113686 -922.491767 -157.280623
49.250000 2.005378 1.692789 -957.051935 -186.986927
49.300000 1.996039 1.383599 -978.602852 -212.123990
49.350000 1.992790 1.243575 -996.929064 -231.697781
49.400000 2.009709 1.675985 -969.828770 -198.100564
49.450000 2.016055 1.730893 -965.042007 -190.876885
49.500000 1.993654 1.109254 -1016.521958 -250.958906
49.550000 2.015298 1.803474 -958.442656 -184.568035
49.600000 2.001788 1.669908 -971.075894 -202.389176
49.650000 2.002581 1.654022 -976.057774 -207.066743
49.700000 1.991017 2.126532 -940.315640 -175.765056
49.750000 2.026802 2.422660 -915.579408 -137.287437
49.800000 2.002803 1.506740 -982.310834 -213.234651
49.850000 1.994301 1.702210 -960.706196 -194.894797
49.900000 2.002934 1.327654 -995.954027 -226.827540
49.950000 2.010651 1.463731 -989.486728 -217.396801
50.000000 1.994991 1.827076 -960.326124 -194.249609
50.050000 1.993955 1.862698 -955.298458 -189.619840
50.100000 2.025719 1.719579 -966.386012 -188.509918
50.150000 1.993174 1.662524 -975.642554 -210.263792
50.200000 1.990388 1.971362 -956.472092 -192.163263
50.250000 1.997091 2.185841 -938.976646 -172.093815
50.300000 2.010906 1.948546 -956.683687 -184.495857
50.350000 2.012035 2.002844 -949.761192 -177.139598
50.400000 2.001618 1.799834 -960.377349 -191.756010
50.450000 1.983844 1.803716 -955.663857 -193.867946
50.500000 1.990001 1.621454 -966.148145 -201.987678
50.550000 1.998365 1.373307 -981.425215 -214.053154
50.600000 2.006199 1.445003 -973.491837 -203.111491
50.650000 1.991271 1.640532 -965.979369 -201.331333
50.700000 1.992390 1.941852 -951.368832 -186.291018
50.750000 1.991008 2.405800 -914.493235 -149.946058
50.800000 2.005110 2.123483 -930.946299 -160.983919
50.850000 1.998199 1.682341 -960.918205 -193.609944
50.900000 1.986969 2.090643 -925.068178 -162.071945
50.950000 2.013253 1.642591 -958.225961 -185.136986
51.000000 1.988171 1.490200 -962.435256 -198.977581
51.050000 2.009174 1.587147 -956.345405 -184.822460
51.100000 2.003173 1.544834 -963.819013 -194.600524
51.150000 1.997831 1.822266 -941.280312 -174.113188
51.200000 2.008252 1.607532 -959.860378 -188.691679
51.250000 1.979410 1.765045 -946.569962 -186.476595
51.300000 2.022282 1.487671 -974.810574 -198.254388
51.350000 1.980664 2.147952 -919.283880 -158.708813
51.400000 2.013880 1.870527 -948.831735 -175.501636
51.450000 1.991360 1.702786 -964.159815 -199.477619
51.500000 1.994379 1.681704 -969.250560 -203.409058
51.550000 2.014878 1.581146 -979.950514 -206.237331
51.600000 1.996817 1.496275 -987.708838 -220.931144
51.650000 1.997858 1.785918 -963.612518 -196.434879
51.700000 1.999234 2.013655 -938.731071 -171.025043
51.750000 1.995069 1.683898 -954.280337 -188.173690
51.800000 2.001451 1.649494 -947.912669 -179.355439
51.850000 2.019823 1.655540 -952.802000 -177.189973
51.900000 2.004472 1.861598 -946.846157 -177.128982
51.950000 2.003424 1.690641 -969.321973 -200.007192
52.000000 2.023608 1.942865 -955.047397 -177.981862
52.050000 2.006121 1.696982 -973.762470 -203.411985
52.100000 2.011515 1.352024 -1010.485188 -238.063543
52.150000 1.992718 1.667029 -990.276829 -225.072969
52.200000 1.984060 1.606546 -995.369235 -233.490004
52.250000 1.997721 1.614065 -990.800069 -223.675032
52.300000 1.997268 1.671064 -983.173405 -216.222538
52.350000 1.999889 1.698112 -974.174989 -206.217659
52.400000 2.010357 1.913990 -951.244170 -179.267179
52.450000 1.992871 1.617153 -981.276229 -216.013860
52.500000 1.999637 1.054878 -795.676358 -27.815671
52.550000 2.000816 1.142556 -792.257965 -23.944626
52.600000 1.990093 1.301209 -785.469475 -21.273586
52.650000 2.010566 1.122803 -809.154261 -37.096825
52.700000 2.007451 1.151560 -806.432559 -35.571336
52.750000 2.004905 1.196620 -808.615036 -38.731651
52.800000 1.993200 1.625281 -772.132662 -6.743701
52.850000 2.016823 1.313432 -808.192139 -33.732042
52.900000 2.000593 1.063785 -828.315221 -60.087566
52.950000 1.997238 1.094709 -822.817330 -55.877791
53.000000 1.978299 1.178415 -822.346090 -62.679434
53.050000 2.025768 1.266392 -813.984808 -36.089789
53.100000 2.015589 1.086334 -820.639812 -46.653555
53.150000 1.989917 1.118268 -812.876505 -48.748249
53.200000 1.985091 1.189772 -806.000498 -43.725740
53.250000 2.005623 0.920986 -828.209527 -58.050157
53.300000 1.997910 0.798010 -831.552000 -64.354531
53.350000 2.010809 1.046958 -805.235771 -33.085151
53.400000 2.003155 1.051119 -808.747474 -39.536069
53.450000 1.983502 1.330438 -786.140688 -24.476072
53.500000 2.019489 1.658859 -748.895831 26.588118
53.550000 1.985031 0.896835 -817.526368 -55.274516
53.600000 2.001975 1.120609 -793.138247 -24.379667
53.650000 1.990887 1.135634 -788.659688 -24.159203
53.700000 1.996297 1.018241 -793.162149 -26.583953
53.750000 1.992589 1.021865 -788.414150 -23.259808
53.800000 1.998242 0.797144 -809.513939 -42.188961
53.850000 2.007241 0.806541 -814.739846 -43.959479
53.900000 1.994802 1.078546 -801.298303 -35.294443
53.950000 1.995780 1.450854 -780.026049 -13.646635
54.000000 2.005853 1.836978 -745.897496 24.349964
54.050000 2.003272 1.337485 -794.396672 -25.140219
54.100000 1.997329 1.255943 -798.782899 -31.808449
54.150000 1.988142 1.401927 -783.257848 -19.811447
54.200000 1.995582 1.388531 -789.150489 -22.847018
54.250000 2.003500 1.517060 -775.039121 -5.695242
54.300000 2.013976 1.108558 -809.497408 -36.130478
54.350000 2.005128 1.031930 -809.240351 -39.271205
54.400000 2.003037 0.952397 -813.541032 -44.374792
54.450000 1.996386 1.111037 -799.075209 -32.463068
54.500000 1.999114 1.187751 -794.420464 -26.760793
54.550000 2.005606 1.045673 -808.524015 -38.371443
54.600000 2.005272 0.800318 -827.986906 -57.962401
54.650000 1.996039 0.988906 -800.559303 -34.080299
54.700000 1.985610 0.891897 -806.437100 -43.962750
54.750000 2.007471 1.087166 -789.533843 -18.664913
54.800000 2.014716 1.103662 -790.220632 -16.569585
54.850000 1.999661 0.762920 -826.010126 -58.140492
54.900000 2.006657 1.059592 -797.618510 -27.062362
54.950000 1.989473 1.265906 -775.404484 -11.446767
55.000000 2.010290 0.983016 -800.191718 -28.240447
55.050000 2.004614 0.856980 -806.231703 -36.459945
55.100000 2.006179 0.956843 -793.737100 -23.364235
55.150000 1.994808 0.876334 -802.021579 -36.015387
55.200000 2.011151 1.148796 -779.150634 -6.868722
55.250000 1.995293 0.979606 -803.245281 -37.052904
55.300000 2.004177 1.123807 -797.143096 -27.539160
55.350000 2.004280 0.861775 -827.276065 -57.632689
55.400000 2.004340 0.987372 -814.936587 -45.269954
55.450000 2.001053 0.837564 -830.491803 -62.087578
55.500000 1.998665 0.952648 -817.287055 -49.799854
55.550000 2.011862 0.660119 -841.368509 -68.813449
55.600000 1.999149 0.439938 -860.085550 -92.412330
55.650000 1.982693 0.913445 -816.085478 -54.731541
55.700000 1.999834 1.055444 -804.957004 -37.020706
55.750000 2.011367 0.906539 -813.922911 -41.557997
55.800000 1.990531 1.018202 -799.247544 -34.883613
55.850000 2.012899 1.276762 -772.397575 0.555674
55.900000 1.993772 0.920369 -807.646771 -42.038244
55.950000 2.002575 1.027811 -802.287661 -33.299019
56.000000 1.992070 1.047986 -803.521280 -38.566531
56.050000 2.010646 1.191637 -788.028128 -15.939914
56.100000 1.994560 1.011127 -803.659855 -37.748720
56.150000 1.999743 0.985248 -803.468253 -35.566829
56.200000 1.995906 0.773766 -822.275051 -55.847287
56.250000 1.995218 0.927935 -804.296527 -38.132815
56.300000 2.009592 0.670585 -830.393792 -58.710408
56.350000 1.985184 0.862594 -816.548452 -54.237840
56.400000 2.002715 1.439577 -770.343107 -1.300442
56.450000 1.997960 1.388768 -780.517451 -13.300737
56.500000 1.991374 1.271984 -795.843781 -31.156058
56.550000 2.007021 1.601519 -764.404768 6.291486
56.600000 1.994913 1.053600 -816.651549 -50.605137
56.650000 1.993787 0.942765 -820.530138 -54.915750
56.700000 1.999894 0.850556 -826.854978 -58.895680
56.750000 1.997790 0.919285 -822.268744 -55.117392
56.800000 2.000006 1.176270 -803.142790 -35.140521
56.850000 2.010109 1.136672 -818.805733 -46.923718
56.900000 2.009131 1.410199 -795.045982 -23.539639
56.950000 2.005428 1.167654 -815.579911 -45.495677
57.000000 2.001521 0.984086 -827.736501 -59.152550
57.050000 2.007743 0.958259 -822.099201 -51.125999
57.100000 1.999505 0.846022 -829.024803 -61.214887
57.150000 1.990088 1.277692 -790.878980 -26.685198
57.200000 2.001442 1.034129 -820.270030 -51.716302
57.250000 2.010441 1.039980 -815.881058 -43.871627
57.300000 1.991900 1.064227 -817.692721 -52.802981
57.350000 1.999402 1.239793 -805.965772 -38.195430
57.400000 2.015909 1.362019 -793.840843 -19.731656
57.450000 1.993300 1.325670 -799.763074 -34.335861
57.500000 2.011816 1.234915 -808.985333 -36.447997
57.550000 1.992617 1.397818 -788.288284 -23.123276
57.600000 1.997388 1.208610 -805.538442 -38.541533
57.650000 1.996060 1.379060 -786.999375 -20.512388
57.700000 1.999609 1.138727 -810.379652 -42.529932
57.750000 2.005559 1.028995 -816.117684 -45.983105
57.800000 1.990845 0.745981 -844.315898 -79.831426
57.850000 2.011749 1.190085 -805.807352 -33.295758
57.900000 1.988252 1.439249 -780.151420 -16.662738
57.950000 1.993416 1.165284 -797.401593 -31.929762
58.000000 2.007640 1.090313 -789.887345 -18.953565
58.050000 2.001846 0.807037 -809.505700 -40.796760
58.100000 2.001710 0.779353 -812.095962 -43.439420
58.150000 1.986030 1.320662 -763.942603 -1.306965
58.200000 2.004394 1.393922 -759.974216 9.713121
58.250000 2.006092 1.119480 -783.036098 -12.696750
58.300000 2.000555 0.926767 -806.247354 -38.034340
58.350000 1.997385 1.062912 -802.413433 -35.417720
58.400000 1.988990 1.201575 -797.519958 -33.747744
58.450000 2.007848 1.312037 -789.555981 -18.542185
58.500000 1.997526 1.253796 -793.276048 -26.226117
58.550000 2.006402 1.216959 -801.554631 -31.096400
58.600000 2.002257 1.034024 -822.921389 -54.054786
58.650000 1.984518 1.445209 -781.362266 -19.307238
58.700000 2.002443 1.366480 -789.616720 -20.678742
58.750000 2.019477 1.173272 -808.565785 -33.086491
58.800000 2.001605 0.812032 -834.947566 -66.331180
58.850000 1.991165 0.760834 -839.868853 -75.261414
58.900000 2.003622 1.186190 -800.175221 -30.784204
58.950000 1.998250 1.073160 -808.510161 -41.182285
59.000000 2.003414 0.811369 -828.994193 -59.683103
59.050000 2.004558 0.665519 -842.737764 -72.987669
59.100000 1.996067 0.870422 -825.961909 -59.472220
59.150000 1.999377 1.304711 -786.839851 -19.078983
59.200000 2.006789 1.113639 -801.592288 -30.985132
59.250000 1.991220 0.843155 -817.929287 -53.300688
59.300000 2.006620 0.929178 -806.532836 -35.990659
59.350000 2.003562 0.818220 -817.566424 -48.198732
59.400000 1.993689 0.904463 -808.264351 -42.687958
59.450000 1.998425 0.859594 -819.950655 -52.555361
59.500000 2.007191 0.982458 -816.428863 -45.667499
59.550000 2.006723 1.035832 -821.607336 -51.025861
59.600000 1.995299 1.633346 -766.144278 0.050349
59.650000 1.999401 1.394738 -789.779829 -22.009699
59.700000 2.001609 1.444303 -774.314248 -5.696550
59.750000 2.014539 0.828569 -821.646237 -48.063378
59.800000 2.005852 0.467368 -844.393135 -74.146060
59.850000 1.983673 0.732563 -821.892856 -60.162262
59.900000 1.998841 1.055018 -805.881371 -38.326286
59.950000 1.979566 1.444219 -778.942260 -18.788900
60.000000 1.998575 0.625572 -671.761150 95.691670
60.050000 1.992322 0.730292 -657.756922 107.294561
60.100000 1.994551 0.729591 -659.866452 106.041250
60.150000 2.011340 0.786691 -651.990115 120.364410
60.200000 2.007690 0.810741 -648.167590 122.785473
60.250000 2.003008 0.731853 -653.419086 115.736051
60.300000 1.989385 0.611236 -664.303241 99.620629
60.350000 1.980611 0.972509 -615.253316 145.301191
60.400000 2.008979 0.877289 -625.232146 146.215724
60.450000 2.008505 0.682460 -643.623175 127.642708
60.500000 1.996038 0.665032 -644.355080 122.123375
60.550000 1.999260 0.876861 -617.990979 149.724685
60.600000 2.011311 0.767648 -627.096164 145.247252
60.650000 1.990268 0.747663 -624.013478 140.249427
60.700000 2.004534 0.475843 -661.329042 108.412158
60.750000 1.998417 0.540183 -657.095059 110.297087
60.800000 2.014061 0.721882 -639.841380 133.558119
60.850000 2.007012 0.598828 -660.159298 110.533351
60.900000 2.002101 0.689891 -652.241551 116.565355
60.950000 1.988117 0.813075 -640.021391 123.415489
61.000000 1.993151 0.676036 -663.569924 101.800228
61.050000 2.004929 0.788878 -651.918883 117.973922
61.100000 1.999569 0.705643 -659.248036 108.586514
61.150000 2.013223 0.706409 -654.775501 118.302270
61.200000 1.995982 0.595376 -666.946734 99.510416
61.250000 2.004496 0.730619 -651.228094 118.498196
61.300000 1.995787 0.601742 -665.207156 101.175062
61.350000 1.991319 0.639825 -657.401180 107.265252
61.400000 2.007535 0.696429 -647.717113 123.176155
61.450000 1.987011 0.600638 -661.929449 101.082951
61.500000 2.006938 0.700028 -652.449633 118.214518
61.550000 2.003322 0.502939 -674.128870 95.146660
61.600000 1.998919 0.661218 -652.935234 114.649784
61.650000 1.995022 0.418917 -681.855753 84.232718
61.700000 2.005354 0.650531 -648.326359 121.729660
61.750000 1.990540 0.753090 -633.185708 131.181794
61.800000 2.014626 0.504343 -660.700287 112.916226
61.850000 1.985830 0.456953 -665.086869 97.471733
61.900000 2.001698 0.719100 -637.054182 131.597761
61.950000 2.001668 0.597289 -655.375129 113.265262
62.000000 1.994587 0.645222 -657.078529 108.842890
62.050000 1.999207 0.869157 -638.778467 128.917036
62.100000 1.991129 0.939465 -631.862664 132.730880
62.150000 1.995712 0.894792 -634.730310 131.622906
62.200000 2.000437 0.782722 -647.483050 120.684789
62.250000 1.995510 0.972889 -620.717122 145.558813
62.300000 2.004189 0.767947 -641.333695 128.274856
62.350000 1.990252 0.745951 -644.750525 119.506074
62.400000 1.998259 0.976983 -619.594354 147.736935
62.450000 2.012413 0.716424 -648.961373 123.805328
62.500000 1.999371 0.516004 -670.827951 96.930604
62.550000 1.993174 0.599140 -662.497156 102.881531
62.600000 1.998450 0.837189 -636.840821 130.564007
62.650000 1.994315 0.758530 -654.500466 111.316566
62.700000 2.015179 0.815077 -652.181939 121.646796
62.750000 1.999308 0.880849 -645.056307 122.677954
62.800000 2.011354 0.760898 -662.155987 110.203963
62.850000 1.995077 0.785884 -660.627118 105.482558
62.900000 1.991917 0.723234 -667.733168 97.162919
62.950000 2.000266 0.692383 -668.943600 99.158578
63.000000 2.002841 0.731017 -666.345437 102.745591
63.050000 1.995020 0.991219 -634.181059 131.906675
63.100000 2.002070 0.825735 -655.981731 112.813002
63.150000 1.999091 0.851981 -646.058408 121.592653
63.200000 1.999103 0.819186 -641.442143 126.213598
63.250000 1.999669 0.505336 -675.764425 92.108389
63.300000 1.998157 0.542643 -671.171744 96.120394
63.350000 1.990031 0.745691 -651.649170 112.522692
63.400000 2.008430 0.899244 -633.776445 137.460673
63.450000 2.011899 0.633385 -658.042684 114.526575
63.500000 1.997534 0.546768 -664.678532 102.374694
63.550000 2.000680 0.714603 -648.405867 119.855430
63.600000 2.008472 0.608308 -667.598285 103.654873
63.650000 1.993855 0.767331 -656.066527 109.573720
63.700000 2.010730 0.655247 -678.448939 93.671428
63.750000 1.995780 0.952003 -640.593474 125.786183
63.800000 2.005572 0.731615 -663.466365 106.673358
63.850000 1.996892 0.640846 -663.514787 103.291667
63.900000 2.003040 0.561189 -662.203565 106.963705
63.950000 2.001490 0.465549 -673.421354 95.150621
64.000000 1.991688 0.693616 -652.044169 112.764164
64.050000 2.008907 0.650297 -665.232110 106.188039
64.100000 2.004902 0.515303 -684.085108 85.797086
64.150000 1.995538 0.629892 -676.464956 89.821516
64.200000 1.999640 0.893789 -650.799466 117.062309
64.250000 2.006254 0.687021 -674.297306 96.104165
64.300000 1.989446 0.645233 -679.833660 84.113792
64.350000 1.995323 0.922180 -648.692395 117.511768
64.400000 1.997580 0.905935 -646.085165 120.985729
64.450000 2.004044 0.654495 -668.367802 101.185118
64.500000 2.003492 0.440712 -686.093958 83.246901
64.550000 1.982252 0.694387 -652.230602 108.954238
64.600000 2.003856 0.801001 -639.472817 130.007794
64.650000 2.009924 0.617929 -656.516435 115.294421
64.700000 2.008982 0.521924 -663.608943 107.840068
64.750000 1.996980 0.562438 -662.009916 104.830269
64.800000 1.997135 0.771715 -642.904593 123.995256
64.850000 2.006042 0.692279 -654.927019 115.393195
64.900000 1.993279 0.623838 -662.651001 102.768072
64.950000 1.987168 0.704567 -650.174527 112.897826
65.000000 1.999368 0.675530 -647.685362 120.071781
65.050000 2.001092 0.624538 -647.915049 120.504151
65.100000 1.993719 0.678239 -639.413644 126.174415
65.150000 2.015520 0.739254 -627.413040 146.546680
65.200000 2.004761 0.501833 -647.558125 122.270047
65.250000 2.008915 0.396403 -656.454580 114.968756
65.300000 1.996641 0.488428 -649.473939 117.236343
65.350000 2.012831 0.647704 -636.082396 136.844844
65.400000 1.996592 0.630437 -639.019578 127.671634
65.450000 1.999179 0.578988 -652.248042 115.436561
65.500000 2.004172 0.575669 -658.559427 111.042761
65.550000 1.998491 0.585001 -663.338701 104.081790
65.600000 1.992190 0.803083 -644.423288 120.577764
65.650000 2.009568 0.949701 -637.767437 133.906715
65.700000 2.013890 0.779336 -661.436380 111.897255
65.750000 1.986363 0.656204 -675.720807 87.042771
65.800000 2.010863 0.853705 -653.573429 118.597854
65.850000 1.997230 0.966778 -636.806965 130.129536
65.900000 2.005542 0.872749 -644.428819 125.699470
65.950000 1.998452 0.887730 -630.321920 137.083666
66.000000 2.002568 0.634763 -652.356268 116.629870
66.050000 2.005208 0.601305 -650.241680 119.758215
66.100000 2.007082 0.394306 -674.368849 96.350829
66.150000 1.979488 0.589228 -658.860071 101.263503
66.200000 2.008879 0.852046 -636.998338 134.411070
66.250000 2.001302 0.518601 -673.685563 94.814451
66.300000 1.996828 0.566250 -665.342496 101.439427
66.350000 1.997360 0.627168 -661.309315 105.677088
66.400000 2.002170 0.638608 -661.139627 107.693478
66.450000 2.011199 0.550855 -671.083324 101.217052
66.500000 1.995860 0.587586 -669.192169 97.218244
66.550000 1.999998 0.733918 -657.548487 110.450591
66.600000 1.988238 0.752633 -661.883389 101.599956
66.650000 2.006751 0.914166 -647.864413 122.728126
66.700000 1.993465 0.953841 -643.169619 122.320834
66.750000 2.010788 0.868385 -649.001333 123.141155
66.800000 1.994869 0.554245 -679.012334 87.017399
66.850000 1.999799 0.590483 -671.703535 96.219373
66.900000 2.004469 0.617707 -666.461244 103.254969
66.950000 1.995009 0.720999 -653.634609 112.448939
67.000000 2.001423 0.681380 -659.715241 108.831132
67.050000 1.991306 0.792218 -643.490769 121.170546
67.100000 2.009670 0.706642 -652.405435 119.307738
67.150000 1.995007 0.528221 -669.968361 96.114164
67.200000 1.997112 0.681043 -650.623229 116.267634
67.250000 2.004753 0.750528 -641.897239 127.927936
67.300000 1.989724 0.713529 -648.112817 115.941116
67.350000 1.999589 0.762419 -649.855828 117.986187
67.400000 2.018138 0.615440 -666.013823 108.951087
67.450000 1.995691 0.634321 -660.234456 106.110720
