# t Temp Pres Epot Etot
0.000000 2.040293 28.590304 -1416.870956 -633.398361
0.050000 1.996956 27.905590 -1446.131579 -679.300623
0.100000 1.963450 28.302723 -1429.500323 -675.535533
0.150000 2.011777 29.341955 -1386.107812 -613.585540
0.200000 1.995156 29.815651 -1360.482159 -594.342236
0.250000 1.999780 27.677203 -1458.326723 -690.411159
0.300000 1.986780 27.808040 -1451.670632 -688.747166
0.350000 1.997752 27.434467 -1468.532874 -701.396017
0.400000 1.982672 29.659557 -1370.209609 -608.863421
0.450000 2.013883 28.535354 -1423.412468 -650.081416
0.500000 1.972109 29.432682 -1376.824703 -619.534674
0.550000 2.031603 29.634590 -1372.869636 -592.734259
0.600000 2.039279 27.947034 -1446.467560 -663.384597
0.650000 1.967330 29.460022 -1375.092002 -619.637203
0.700000 2.034167 29.317602 -1383.426565 -602.306546
0.750000 2.018672 27.570455 -1463.414435 -688.244492
0.800000 1.967811 27.763288 -1451.725954 -696.086581
0.850000 2.003457 29.932582 -1356.488834 -587.161434
0.900000 1.995196 30.552829 -1326.904061 -560.748895
0.950000 2.015305 27.846489 -1450.895550 -677.018542
1.000000 1.980137 28.318605 -1426.117951 -665.745262
1.050000 1.970634 27.320151 -1471.823547 -715.100182
1.100000 2.002581 30.943960 -1311.316859 -542.325563
1.150000 2.013760 28.585359 -1418.803893 -645.520213
1.200000 1.980193 28.266049 -1431.442210 -671.048034
1.250000 2.019633 29.240388 -1387.808243 -612.269329
1.300000 1.968109 27.811239 -1452.093664 -696.339819
1.350000 2.022951 31.021736 -1310.481212 -533.668147
1.400000 2.006361 28.450358 -1426.395109 -655.952388
1.450000 2.017725 29.086010 -1397.359017 -622.552486
1.500000 2.012304 28.969384 -1400.226379 -627.501589
1.550000 2.002757 28.170556 -1432.892886 -663.834054
1.600000 1.969287 29.385643 -1381.053811 -624.847462
1.650000 1.996411 29.103295 -1393.943167 -627.321258
1.700000 1.985236 28.233657 -1433.636342 -671.305720
1.750000 1.980045 29.492551 -1377.533893 -617.196621
1.800000 1.997250 30.092293 -1349.586337 -582.642242
1.850000 2.036292 28.586513 -1419.501937 -637.565686
1.900000 1.971992 27.055947 -1480.609861 -723.364795
1.950000 1.998094 28.198091 -1435.231781 -667.963698
2.000000 1.997700 28.656906 -1415.484166 -648.367537
2.050000 1.979124 30.359904 -1338.491774 -578.508183
2.100000 2.082013 28.528404 -1422.804031 -623.311226
2.150000 2.000059 27.455570 -1468.898352 -700.875678
2.200000 1.998389 28.565535 -1418.772585 -651.391312
2.250000 2.030273 28.487281 -1422.313792 -642.689124
2.300000 1.975815 29.089565 -1394.961485 -636.248649
2.350000 2.037489 28.460350 -1426.854979 -644.459136
2.400000 1.997611 28.393223 -1424.015097 -656.932285
2.450000 1.982995 28.283267 -1427.148695 -665.678518
2.500000 1.987269 28.759304 -1408.359433 -645.248079
2.550000 2.017960 28.845167 -1408.394942 -633.498139
2.600000 1.978534 29.490776 -1376.531191 -616.774313
2.650000 2.028400 29.328093 -1387.389658 -608.483951
2.700000 1.993703 28.041352 -1443.594856 -678.012979
2.750000 2.036012 29.525807 -1378.253152 -596.424708
2.800000 2.057265 28.079678 -1442.641568 -652.651985
2.850000 1.983110 27.761855 -1453.962233 -692.448184
2.900000 1.969081 29.512124 -1378.259438 -622.132269
2.950000 2.029892 28.758250 -1411.472233 -631.993875
3.000000 2.006591 29.233202 -1387.068163 -616.537336
3.050000 2.008567 28.996168 -1400.839125 -629.549452
3.100000 2.032623 28.487213 -1428.401325 -647.874175
3.150000 2.001557 28.451755 -1422.914954 -654.317130
3.200000 2.003525 28.916199 -1400.459933 -631.106500
3.250000 2.022590 28.184596 -1436.690697 -660.015971
3.300000 2.008700 28.470224 -1423.295821 -651.955142
3.350000 1.969286 29.434704 -1375.414273 -619.208344
3.400000 1.974723 29.292833 -1382.004363 -623.710597
3.450000 1.984851 28.418658 -1425.015440 -662.832602
3.500000 1.989019 29.461588 -1378.471024 -614.687782
3.550000 1.982907 28.537837 -1418.484715 -657.048294
3.600000 1.982226 28.703915 -1410.582192 -649.407483
3.650000 1.993675 29.488444 -1375.896044 -610.324665
3.700000 2.008864 28.941915 -1402.499663 -631.095713
3.750000 2.006360 29.047807 -1397.741346 -627.299214
3.800000 2.004612 28.255336 -1430.268635 -660.497695
3.850000 2.013749 27.823770 -1448.325786 -675.046002
3.900000 1.961150 27.728852 -1454.136245 -701.054669
3.950000 1.990609 30.146374 -1348.120056 -583.726310
4.000000 2.010629 29.961741 -1359.006002 -586.924422
4.050000 1.967385 30.019668 -1354.152743 -598.676948
4.100000 2.005584 30.067343 -1350.507379 -580.363157
4.150000 1.999695 29.174187 -1388.533834 -620.650934
4.200000 1.989738 27.490949 -1467.279775 -703.220196
4.250000 2.042191 29.567857 -1373.817448 -589.616072
4.300000 1.990284 28.187266 -1433.341026 -669.072094
4.350000 1.990593 28.461580 -1421.849471 -657.461697
4.400000 1.976691 29.338559 -1382.659708 -623.610477
4.450000 1.970287 30.224829 -1343.054359 -586.464059
4.500000 2.058510 29.999952 -1358.248352 -567.780574
4.550000 2.047297 28.700923 -1413.493067 -627.330862
4.600000 1.978654 28.397880 -1423.840802 -664.037511
4.650000 2.008237 28.025588 -1440.895610 -669.732693
4.700000 2.011713 28.518825 -1423.913723 -651.415977
4.750000 2.000016 28.325689 -1434.936457 -666.930459
4.800000 1.991451 29.687127 -1367.991001 -603.274000
4.850000 2.005166 30.141514 -1348.929959 -578.946186
4.900000 1.985959 28.455718 -1422.648393 -660.040280
4.950000 2.032885 27.385249 -1472.168065 -691.540348
5.000000 2.005932 29.002059 -1399.417623 -629.139593
5.050000 1.996973 28.908492 -1403.431338 -636.593887
5.100000 2.001947 27.829108 -1452.704208 -683.956629
5.150000 2.011242 27.892873 -1450.348681 -678.031936
5.200000 2.010179 29.935156 -1357.146556 -585.237843
5.250000 1.989009 29.095000 -1393.078166 -629.298620
5.300000 2.009017 27.889332 -1446.012004 -674.549305
5.350000 1.975091 27.797960 -1452.744638 -694.309511
5.400000 1.971181 30.224092 -1340.613904 -583.680222
5.450000 1.992698 28.920806 -1403.269544 -638.073559
5.500000 1.978673 29.964498 -1353.863111 -594.052666
5.550000 2.006336 29.196855 -1391.640602 -621.207747
5.600000 2.011343 28.232327 -1433.638223 -661.282486
5.650000 2.009458 28.778853 -1410.912975 -639.281080
5.700000 1.997956 28.769412 -1406.827487 -639.612558
5.750000 1.994520 28.263801 -1433.314143 -667.418599
5.800000 1.963635 29.643216 -1370.852035 -616.816126
5.850000 1.978162 30.245696 -1340.815111 -581.200970
5.900000 2.011975 29.602533 -1371.800213 -599.201649
5.950000 2.001124 27.986405 -1442.455306 -674.023635
6.000000 2.004527 27.549510 -1464.724423 -694.986021
6.050000 1.993260 28.772356 -1405.872498 -640.460728
6.100000 1.971560 29.283533 -1386.917075 -629.838066
6.150000 2.035186 29.106477 -1397.248065 -615.736482
6.200000 1.998123 28.450708 -1426.323166 -659.043910
6.250000 1.962580 28.478633 -1421.814065 -668.183413
6.300000 2.025650 28.662900 -1415.921088 -638.071365
6.350000 2.000892 28.339041 -1429.526693 -661.184324
6.400000 1.979364 28.973778 -1401.204908 -641.129183
6.450000 1.983437 28.861086 -1401.523872 -639.883880
6.500000 2.023592 29.722843 -1366.509278 -589.449804
6.550000 2.007972 28.622808 -1412.556435 -641.495217
6.600000 1.956093 28.281913 -1428.881189 -677.741602
6.650000 2.010301 28.347460 -1428.374566 -656.419137
6.700000 1.986211 30.310186 -1339.922036 -577.216928
6.750000 1.991778 27.836846 -1450.382679 -685.539959
6.800000 1.987114 29.097505 -1391.940379 -628.888589
6.850000 2.020911 28.762953 -1411.293734 -635.264057
6.900000 1.992738 29.340174 -1383.015389 -617.804068
6.950000 2.007418 30.256911 -1343.019788 -572.171441
7.000000 1.975841 29.695475 -1366.858013 -608.135099
7.050000 2.021891 28.612944 -1417.444707 -641.038474
7.100000 1.984422 27.650338 -1462.100165 -700.082017
7.150000 1.992892 28.277345 -1430.689051 -665.418480
7.200000 2.033677 30.747102 -1324.427114 -543.495276
7.250000 1.994500 27.780240 -1453.655582 -687.767633
7.300000 2.012208 27.938454 -1446.631062 -673.943076
7.350000 1.992787 28.587086 -1415.710312 -650.480098
7.400000 1.991999 28.813707 -1407.207136 -642.279640
7.450000 2.016632 28.417653 -1428.934728 -654.548232
7.500000 1.978373 17.332698 -1536.360119 -776.664753
7.550000 2.007996 18.440914 -1485.641671 -714.571257
7.600000 1.985817 17.795575 -1511.152412 -748.598575
7.650000 2.012562 16.686168 -1567.706818 -794.883110
7.700000 1.978233 17.417505 -1534.348695 -774.707137
7.750000 2.013566 19.193881 -1455.315615 -682.106213
7.800000 2.038882 19.286997 -1451.984353 -669.053837
7.850000 1.998107 18.904354 -1466.771939 -699.498886
7.900000 2.028775 17.653472 -1527.073695 -748.023992
7.950000 1.979139 16.356554 -1582.045599 -822.056259
8.000000 1.982330 17.652408 -1520.444590 -759.229779
8.050000 2.003176 16.303349 -1583.687820 -814.468376
8.100000 2.004557 17.850489 -1509.828286 -740.078523
8.150000 2.014560 17.616286 -1525.237080 -751.646078
8.200000 2.013031 17.841261 -1510.040649 -737.036862
8.250000 2.025325 17.022347 -1550.767755 -773.043099
8.300000 1.966815 18.142183 -1498.727921 -743.470975
8.350000 2.026634 17.088102 -1551.335022 -773.107402
8.400000 2.009798 17.052799 -1548.948082 -777.185772
8.450000 1.986738 17.154992 -1543.737290 -780.830038
8.500000 2.029952 17.944853 -1507.538966 -728.037289
8.550000 1.997673 15.984913 -1598.668240 -831.561715
8.600000 1.992166 17.843398 -1512.417482 -747.425602
8.650000 1.993040 18.162265 -1496.541462 -731.213968
8.700000 2.020021 17.363469 -1539.863703 -764.175549
8.750000 2.012204 17.353509 -1539.180452 -766.493957
8.800000 2.024029 17.318203 -1540.823461 -763.596489
8.850000 1.984069 17.375838 -1531.467330 -769.584743
8.900000 2.029340 18.149668 -1498.513546 -719.246963
8.950000 2.017896 16.739196 -1568.297948 -793.425724
9.000000 2.010541 18.636355 -1473.926111 -701.878350
9.050000 1.984338 17.321853 -1537.615333 -775.629660
9.100000 2.004054 18.731234 -1471.659189 -702.102478
9.150000 2.008066 16.963468 -1559.079648 -787.982196
9.200000 2.005787 17.467202 -1535.206588 -764.984241
9.250000 1.988503 16.117082 -1593.780910 -830.195717
9.300000 1.985973 18.529343 -1478.829998 -716.216269
9.350000 1.988910 18.351526 -1485.582734 -721.841465
9.400000 2.048189 18.284587 -1494.555844 -708.051104
9.450000 2.026743 17.431329 -1533.414993 -755.145728
9.500000 1.980355 16.106314 -1593.256889 -832.800673
9.550000 1.984714 18.045682 -1498.994696 -736.864455
9.600000 2.010439 16.779210 -1565.047377 -793.038632
9.650000 1.959235 17.868269 -1506.825631 -754.479445
9.700000 2.029104 17.867095 -1516.227842 -737.051777
9.750000 2.014606 15.768906 -1612.024661 -838.416044
9.800000 2.026913 17.598665 -1522.607528 -744.272881
9.850000 1.993145 17.444228 -1531.324792 -765.956982
9.900000 1.975185 18.452975 -1486.843328 -728.372317
9.950000 2.005479 18.434766 -1488.563792 -718.459692
10.000000 2.018280 16.318458 -1592.993464 -817.974049
10.050000 2.003108 17.647486 -1521.285602 -752.092280
10.100000 2.012714 17.558579 -1525.925629 -753.043552
10.150000 1.986735 16.562592 -1572.906141 -809.999824
10.200000 1.986522 16.828941 -1559.333258 -796.508903
10.250000 2.003058 17.933035 -1511.716903 -742.542634
10.300000 1.969818 18.578862 -1480.253905 -723.843676
10.350000 1.994730 17.875174 -1514.980608 -749.004213
10.400000 1.975795 19.373787 -1442.386838 -683.681417
10.450000 2.065282 18.994305 -1461.383554 -668.315124
10.500000 1.988572 17.247621 -1542.429491 -778.817871
10.550000 2.010997 15.983360 -1604.753391 -832.530616
10.600000 2.004442 17.076169 -1547.710766 -778.005008
10.650000 2.003612 16.815761 -1560.159478 -790.772433
10.700000 2.002478 17.053641 -1550.834869 -781.883137
10.750000 2.004302 16.928225 -1555.835306 -786.183424
10.800000 1.977518 18.773332 -1467.623332 -708.256469
10.850000 2.033682 17.660458 -1527.246718 -746.313010
10.900000 2.019433 17.936402 -1509.289746 -733.827483
10.950000 1.961643 16.767295 -1565.047074 -811.776054
11.000000 2.017115 17.038725 -1549.677377 -775.105264
11.050000 2.004762 17.451098 -1533.505007 -763.676323
11.100000 2.030624 17.450385 -1533.829825 -754.070128
11.150000 1.957591 19.053972 -1454.961096 -703.246301
11.200000 2.002977 19.160700 -1452.372962 -683.229798
11.250000 2.006816 17.411694 -1537.403861 -766.786485
11.300000 1.985958 18.633339 -1473.620047 -711.012111
11.350000 2.000326 16.746729 -1567.087014 -798.962021
11.400000 1.972901 17.877136 -1506.200183 -748.606117
11.450000 2.002604 17.929423 -1506.834868 -737.834836
11.500000 1.997687 17.420532 -1530.958006 -763.846078
11.550000 2.016455 17.716246 -1523.039075 -748.720518
11.600000 1.990460 17.249545 -1541.593073 -777.256335
11.650000 1.996979 17.427300 -1529.716563 -762.876694
11.700000 1.979210 16.837075 -1562.148161 -802.131424
11.750000 1.983825 18.905605 -1456.058668 -694.269979
11.800000 1.974074 18.664510 -1471.861012 -713.816598
11.850000 2.021142 18.649696 -1478.503625 -702.385146
11.900000 2.005717 18.128437 -1498.884455 -728.689189
11.950000 2.026349 18.215194 -1498.918776 -720.800667
12.000000 2.015319 17.398748 -1535.114237 -761.231851
12.050000 2.018376 17.410614 -1534.459846 -759.403639
12.100000 2.004699 16.646022 -1570.631606 -800.827125
12.150000 2.010068 17.620012 -1524.073941 -752.208007
12.200000 1.979398 17.852361 -1513.044401 -752.955385
12.250000 1.994643 18.881939 -1462.085872 -696.142923
12.300000 2.001409 18.350842 -1489.368748 -720.827526
12.350000 1.971198 18.374210 -1488.492560 -731.552453
12.400000 2.039582 18.250989 -1494.561525 -711.362014
12.450000 1.984717 18.216312 -1496.500698 -734.369526
12.500000 2.002842 17.908436 -1515.940508 -746.849131
12.550000 1.999737 18.963309 -1462.331631 -694.432515
12.600000 2.020459 17.133055 -1546.423304 -770.566896
12.650000 1.985488 16.742469 -1560.383230 -797.955704
12.700000 1.997850 16.689888 -1564.833939 -797.659468
12.750000 1.998421 16.356516 -1582.986945 -815.593250
12.800000 1.996118 17.588590 -1526.266094 -759.756741
12.850000 1.983994 17.456656 -1533.304075 -771.450523
12.900000 1.987712 18.216320 -1497.709665 -734.428374
12.950000 2.010444 18.331331 -1485.241631 -713.231243
13.000000 1.967776 18.820545 -1461.767284 -706.141392
13.050000 1.998753 17.632738 -1521.185297 -753.664032
13.100000 2.003477 16.626763 -1572.016079 -802.681036
13.150000 2.002344 17.162148 -1546.553866 -777.653892
13.200000 1.984930 16.633607 -1571.051261 -808.838020
13.250000 1.978623 18.224565 -1496.085575 -736.294262
13.300000 2.009722 17.957279 -1507.676659 -735.943303
13.350000 1.997854 18.128559 -1498.967987 -731.792021
13.400000 1.999922 16.888528 -1557.544762 -789.574796
13.450000 1.993563 17.347955 -1535.271135 -769.743033
13.500000 1.981251 18.513451 -1479.057749 -718.257234
13.550000 2.009995 17.329369 -1537.864064 -766.025895
13.600000 1.983350 17.923755 -1509.689964 -748.083682
13.650000 1.991736 17.588079 -1524.474927 -759.648406
13.700000 1.980418 18.383936 -1483.682196 -723.201668
13.750000 1.971273 18.787008 -1469.203107 -712.234238
13.800000 2.013811 18.422917 -1488.198872 -714.895538
13.850000 2.033832 16.799980 -1563.924859 -782.933404
13.900000 1.982833 17.117835 -1542.177458 -780.769741
13.950000 2.003026 16.617889 -1568.318315 -799.156201
14.000000 1.970698 17.544222 -1521.961977 -765.213905
14.050000 1.988449 18.041247 -1503.657278 -740.092818
14.100000 1.988049 18.406562 -1486.540061 -723.129326
14.150000 1.993740 17.066983 -1548.657658 -783.061360
14.200000 2.011992 18.747066 -1469.265509 -696.660418
14.250000 1.992736 17.124473 -1547.768771 -782.557997
14.300000 2.006741 17.724249 -1523.575734 -752.987203
14.350000 2.032972 17.677446 -1523.257381 -742.596064
14.400000 1.959198 18.413072 -1483.907834 -731.575648
14.450000 2.003133 17.650272 -1520.697885 -751.494949
14.500000 2.003694 18.155425 -1500.310860 -730.892280
14.550000 1.980600 17.137124 -1541.629712 -781.079472
14.600000 1.973860 18.506608 -1481.143773 -723.181391
14.650000 1.995442 18.791454 -1468.606441 -702.356641
14.700000 2.025441 17.099201 -1548.794367 -771.025174
14.750000 1.957370 17.437169 -1534.331446 -782.701251
14.800000 2.000877 18.234344 -1494.960922 -726.624008
14.850000 1.977532 18.407248 -1487.899187 -728.527041
14.900000 2.014460 18.892687 -1464.841297 -691.288810
14.950000 1.999809 17.024384 -1551.157394 -783.230767
15.000000 2.005863 15.186057 -1293.099359 -522.848071
15.050000 1.964344 14.460751 -1332.596787 -578.288606
15.100000 1.996305 15.295511 -1286.890426 -520.309307
15.150000 2.010932 14.346754 -1341.493986 -569.296147
15.200000 1.962053 15.245743 -1282.506658 -529.078139
15.250000 1.988983 14.493110 -1327.800676 -564.031041
15.300000 2.020672 15.200032 -1296.281512 -520.343413
15.350000 2.008554 14.728379 -1316.465475 -545.180868
15.400000 2.008944 15.318254 -1288.838136 -517.403633
15.450000 1.976826 14.284180 -1342.203777 -583.102670
15.500000 1.991719 15.265031 -1291.337878 -526.517617
15.550000 2.041686 15.212628 -1294.662814 -510.655364
15.600000 2.013529 15.167316 -1297.182904 -523.987782
15.650000 2.006507 16.358415 -1231.625696 -461.126887
15.700000 2.002266 16.668008 -1218.094317 -449.224363
15.750000 2.006330 14.654409 -1327.334675 -556.904037
15.800000 2.004671 15.502072 -1283.862088 -514.068370
15.850000 2.016813 15.949174 -1258.886803 -484.430777
15.900000 1.988582 14.447954 -1331.774611 -568.159235
15.950000 2.011349 14.124973 -1348.869927 -576.511799
16.000000 2.005181 14.716381 -1314.141256 -544.151764
16.050000 1.980090 15.242243 -1286.299644 -525.945206
16.100000 2.001112 15.034329 -1303.591704 -535.164623
16.150000 2.008842 15.880087 -1262.637530 -491.242120
16.200000 1.993823 16.166415 -1251.302742 -485.674558
16.250000 2.020917 15.959950 -1255.222325 -479.190123
16.300000 2.012707 15.732957 -1268.315988 -495.436662
16.350000 1.965237 16.338059 -1235.225956 -480.575018
16.400000 2.012804 15.403140 -1288.627363 -515.710799
16.450000 2.028445 14.288752 -1343.661611 -564.738877
16.500000 1.972858 13.475504 -1378.045579 -620.468171
16.550000 1.994924 15.460180 -1274.136246 -508.085565
16.600000 2.016057 15.959656 -1253.550137 -479.384313
16.650000 1.944288 14.898272 -1305.986535 -559.379931
16.700000 2.005051 14.448874 -1331.851305 -561.911578
16.750000 1.958802 14.288185 -1333.846607 -581.666558
16.800000 2.010395 15.879258 -1252.014976 -480.023106
16.850000 2.029773 15.306149 -1283.610337 -504.177405
16.900000 1.989676 15.555449 -1266.575954 -502.540284
16.950000 2.013631 14.786343 -1312.660184 -539.425750
17.000000 1.970444 14.675454 -1319.936763 -563.286146
17.050000 2.003883 14.470048 -1325.613963 -556.122802
17.100000 1.993162 14.873752 -1303.352812 -537.978679
17.150000 1.998217 14.239391 -1334.577209 -567.262008
17.200000 1.989872 14.319040 -1338.579579 -574.468819
17.250000 2.002190 14.636004 -1324.445717 -555.604754
17.300000 2.025358 14.896107 -1310.749973 -533.012409
17.350000 1.998651 15.069627 -1300.995179 -533.513135
17.400000 1.979892 15.714272 -1268.169870 -507.891313
17.450000 2.041118 15.762680 -1262.800873 -479.011584
17.500000 1.996221 13.869627 -1359.142706 -592.593743
17.550000 2.002656 14.143524 -1344.866528 -575.846522
17.600000 1.950045 15.364040 -1284.771759 -535.954416
17.650000 1.998409 15.554658 -1279.952069 -512.562831
17.700000 1.992772 16.546116 -1225.715053 -460.490600
17.750000 2.000402 14.577420 -1322.079371 -553.925004
17.800000 1.997719 14.631749 -1316.450465 -549.326183
17.850000 2.012689 14.957757 -1305.165441 -532.293054
17.900000 2.000125 14.514647 -1332.527711 -564.479766
17.950000 2.004216 15.218768 -1287.838055 -518.219104
18.000000 1.993147 15.333217 -1287.455075 -522.086768
18.050000 1.994260 15.449281 -1281.063896 -515.268059
18.100000 2.037939 15.612720 -1269.660144 -487.091719
18.150000 2.021419 15.317337 -1285.354696 -509.129669
18.200000 1.952885 16.170543 -1249.014084 -499.106304
18.250000 2.003908 16.274498 -1243.275696 -473.775029
18.300000 2.024711 14.695114 -1320.639449 -543.150332
18.350000 1.987483 15.270067 -1293.748306 -530.554919
18.400000 2.023644 16.507387 -1234.096738 -457.017402
18.450000 2.019901 15.871414 -1258.894355 -483.252495
18.500000 1.953195 14.347680 -1335.134690 -585.107805
18.550000 1.981374 15.387241 -1282.954585 -522.106816
18.600000 2.029786 14.705215 -1320.189021 -540.751167
18.650000 1.989959 14.433865 -1332.959589 -568.815493
18.700000 1.997125 14.553107 -1323.016305 -556.120195
18.750000 1.989459 14.129958 -1350.559090 -586.606970
18.800000 1.974103 14.828355 -1315.379560 -557.324191
18.850000 1.989718 15.888957 -1265.408910 -501.357135
18.900000 2.016230 15.496197 -1285.819000 -511.586496
18.950000 1.963947 16.256320 -1244.198094 -490.042612
19.000000 2.028712 15.794817 -1263.165627 -484.140134
19.050000 2.000714 13.993453 -1350.335749 -582.061762
19.100000 1.986530 15.356154 -1282.609232 -519.781759
19.150000 2.000882 15.768986 -1264.632704 -496.293852
19.200000 2.018800 14.753495 -1321.213498 -545.994343
19.250000 1.983421 15.674635 -1274.485972 -512.852305
19.300000 1.991901 15.352905 -1286.390033 -521.499942
19.350000 2.018050 14.158949 -1351.678420 -576.747262
19.400000 1.991107 13.964205 -1351.877530 -587.292261
19.450000 1.988384 14.701285 -1315.109714 -551.570154
19.500000 1.990223 14.871563 -1306.595060 -542.349371
19.550000 2.002095 14.269351 -1336.688957 -567.884400
19.600000 2.009283 14.840442 -1305.372832 -533.808150
19.650000 2.002644 15.127850 -1293.585003 -524.569523
19.700000 1.994901 14.565905 -1324.437919 -558.395871
19.750000 1.991692 15.406931 -1277.897487 -513.087727
19.800000 2.003408 15.367461 -1290.505673 -521.196979
19.850000 1.961119 15.467718 -1284.652595 -531.582738
19.900000 2.004428 15.993587 -1256.444002 -486.743590
19.950000 1.991964 16.318536 -1239.460281 -474.546267
20.000000 2.020815 15.168762 -1298.789439 -522.796495
20.050000 1.996746 14.333201 -1335.837063 -569.086774
20.100000 1.982112 15.460434 -1275.650853 -514.519773
20.150000 2.024127 14.874101 -1313.265714 -536.000916
20.200000 1.959340 15.500893 -1269.663120 -517.276371
20.250000 1.971701 15.358937 -1282.790308 -525.657001
20.300000 2.019664 14.451908 -1331.365751 -555.814767
20.350000 2.016193 14.360064 -1335.863251 -561.645082
20.400000 1.981654 15.807656 -1258.040902 -497.085610
20.450000 1.992241 15.643419 -1269.595018 -504.574547
20.500000 2.025797 14.532300 -1328.124669 -550.218767
20.550000 2.000934 14.793304 -1313.140213 -544.781732
20.600000 1.993386 14.893303 -1305.193983 -539.733735
20.650000 1.995761 15.480051 -1275.849209 -509.476896
20.700000 1.978197 14.888958 -1306.944832 -547.317054
20.750000 1.998907 15.653203 -1275.195843 -507.615640
20.800000 2.008167 15.163507 -1297.952821 -526.816584
20.850000 1.976977 14.686444 -1316.914380 -557.755287
20.900000 2.008050 15.701908 -1267.788830 -496.697521
20.950000 1.986866 16.800110 -1212.417679 -449.461145
21.000000 2.018687 14.914521 -1305.636209 -530.460546
21.050000 1.996789 13.974700 -1353.666761 -586.899654
21.100000 1.995578 14.354141 -1335.795419 -569.493478
21.150000 1.979836 14.849347 -1310.757441 -550.500490
21.200000 2.023118 15.216039 -1300.309180 -523.431705
21.250000 2.033516 13.561866 -1378.244394 -597.374400
21.300000 2.005404 14.029663 -1349.250647 -579.175574
21.350000 1.975089 14.547879 -1325.079658 -566.645323
21.400000 1.983619 14.143855 -1347.130260 -585.420504
21.450000 1.999347 14.402473 -1332.958834 -565.209547
21.500000 1.994022 15.011337 -1307.952645 -542.248388
21.550000 2.000300 15.572069 -1275.778470 -507.663375
21.600000 1.966593 16.016318 -1248.611225 -493.439409
21.650000 2.027425 15.391792 -1289.058494 -510.527140
21.700000 1.977068 15.340713 -1287.138623 -527.944543
21.750000 1.975888 15.970846 -1258.197355 -499.456403
21.800000 2.029239 16.854029 -1210.794508 -431.566684
21.850000 2.015585 14.967605 -1306.134169 -532.149499
21.900000 2.002963 14.247327 -1340.779482 -571.641632
21.950000 2.006852 14.757433 -1317.291490 -546.660473
22.000000 2.004377 15.037133 -1301.969382 -532.288709
22.050000 1.994211 14.881712 -1307.069767 -541.292610
22.100000 1.974470 15.819146 -1256.378477 -498.181988
22.150000 1.980800 15.307611 -1287.042722 -526.415480
22.200000 2.034372 14.529551 -1331.733454 -550.534423
22.250000 2.012852 14.162901 -1350.206772 -577.271720
22.300000 1.973482 14.722580 -1320.545648 -562.728444
22.350000 2.007282 15.349882 -1286.955617 -516.159233
22.400000 1.983438 15.294532 -1286.571184 -524.931016
22.450000 1.991418 14.374929 -1328.503637 -563.799202
22.500000 1.987776 9.277772 -1282.618208 -519.312061
22.550000 1.985270 9.425241 -1271.859974 -509.516428
22.600000 2.013599 8.914555 -1295.883078 -522.660928
22.650000 1.976360 8.911702 -1295.992206 -537.069909
22.700000 2.035536 9.334970 -1283.366193 -501.720246
22.750000 1.994475 9.045752 -1292.777781 -526.899451
22.800000 1.978007 9.246594 -1276.185565 -516.630784
22.850000 1.997045 9.481027 -1268.812803 -501.947546
22.900000 1.998443 10.214094 -1227.158895 -459.756814
22.950000 2.016991 9.511589 -1264.466868 -489.942263
23.000000 1.994158 8.759541 -1303.957298 -538.200498
23.050000 1.993788 9.808744 -1246.728946 -481.114382
23.100000 2.010227 8.928702 -1299.624688 -527.697552
23.150000 1.994187 7.959830 -1350.850544 -585.082674
23.200000 2.002940 8.761396 -1308.497023 -539.368185
23.250000 2.009693 9.292627 -1290.623369 -518.901242
23.300000 2.005988 9.231803 -1286.992648 -516.693210
23.350000 2.001426 9.578682 -1262.171821 -493.624400
23.400000 2.000041 9.052712 -1291.224668 -523.208950
23.450000 2.001723 9.705148 -1258.453670 -489.791893
23.500000 2.004973 9.367501 -1285.715530 -515.805763
23.550000 1.993127 9.934631 -1247.800860 -482.440227
23.600000 2.006819 8.408022 -1338.887613 -568.269186
23.650000 2.008601 9.220792 -1291.053824 -519.750901
23.700000 2.012504 9.248733 -1294.195447 -521.393885
23.750000 2.018802 9.572592 -1271.287145 -496.067154
23.800000 1.995649 8.084243 -1340.781728 -574.452400
23.850000 1.969869 8.943650 -1283.916560 -527.486767
23.900000 2.008305 8.160288 -1335.253480 -564.064200
23.950000 1.992315 9.107520 -1281.437453 -516.388429
24.000000 1.994928 8.788894 -1307.410381 -541.358084
24.050000 2.010686 9.884158 -1248.976386 -476.872953
24.100000 1.992147 9.316147 -1278.694847 -513.710244
24.150000 2.019970 9.065423 -1293.821610 -518.153144
24.200000 1.991091 8.385807 -1324.775047 -560.195995
24.250000 1.986060 7.963414 -1349.682026 -587.035037
24.300000 2.010947 8.998697 -1291.110571 -518.906748
24.350000 1.993320 9.224471 -1282.424702 -516.989745
24.400000 2.008755 9.515386 -1268.401910 -497.040171
24.450000 2.009733 7.856649 -1352.923252 -581.185672
24.500000 1.996079 8.041592 -1339.970646 -573.476196
24.550000 1.985247 9.106555 -1282.940855 -520.605935
24.600000 2.007326 8.169874 -1338.711018 -567.897769
24.650000 2.016259 7.993706 -1349.430476 -575.186964
24.700000 1.982773 8.383186 -1330.559626 -569.174934
24.750000 1.981345 8.832121 -1304.904346 -544.067752
24.800000 1.996619 8.387953 -1329.086894 -562.385284
24.850000 1.984113 9.214123 -1278.688189 -516.788866
24.900000 2.003413 8.389684 -1333.573540 -564.262801
24.950000 1.987663 9.917692 -1250.701735 -487.438975
25.000000 2.015600 9.871357 -1253.209770 -479.219366
25.050000 1.979765 9.123574 -1291.155703 -530.926111
25.100000 2.018697 8.742933 -1313.283280 -538.103512
25.150000 2.001385 9.280012 -1280.967637 -512.435976
25.200000 1.994014 9.505934 -1271.676825 -505.975568
25.250000 2.009485 9.103958 -1291.924801 -520.282703
25.300000 1.978961 9.424065 -1268.360808 -508.439896
25.350000 1.997528 9.029420 -1288.885123 -521.834181
25.400000 2.011570 8.834448 -1300.418523 -527.975616
25.450000 1.984858 8.829001 -1297.689122 -535.503671
25.500000 2.000961 8.343558 -1331.828998 -563.459818
25.550000 1.969155 9.927302 -1235.213398 -479.058061
25.600000 2.017857 9.721341 -1248.917319 -474.060057
25.650000 2.000017 8.695882 -1309.054765 -541.048401
25.700000 2.013760 9.165373 -1283.925966 -510.642067
25.750000 2.006297 9.069305 -1284.051449 -513.633463
25.800000 1.973110 9.105815 -1278.935105 -521.260799
25.850000 1.988520 7.903373 -1354.767423 -591.175590
25.900000 1.997360 9.223360 -1287.843122 -520.856813
25.950000 1.982412 10.630989 -1204.360151 -443.113769
26.000000 2.021201 10.381009 -1219.956111 -443.814913
26.050000 2.014016 9.481946 -1264.299514 -490.917542
26.100000 2.009312 9.876481 -1238.556154 -466.980240
26.150000 2.018736 9.116376 -1286.184066 -510.989414
26.200000 1.995286 8.739726 -1311.793992 -545.604257
26.250000 1.985875 8.840305 -1312.541729 -549.965920
26.300000 2.006727 9.158271 -1290.277034 -519.693991
26.350000 2.000209 9.209193 -1282.711434 -514.631287
26.400000 1.980951 9.100060 -1282.931080 -522.245854
26.450000 1.998744 8.963831 -1291.354454 -523.836602
26.500000 1.982021 9.085379 -1284.941191 -523.845222
26.550000 1.995080 9.567147 -1262.037875 -495.926977
26.600000 2.002178 9.696384 -1249.814297 -480.978054
26.650000 1.979502 9.433046 -1268.382808 -508.254127
26.700000 2.011515 9.369609 -1269.749587 -497.327868
26.750000 2.023140 8.544072 -1315.879629 -538.994005
26.800000 2.001925 8.823172 -1297.076691 -528.337575
26.850000 2.010823 9.229418 -1277.251956 -505.095849
26.900000 1.992878 8.776953 -1305.602619 -540.337365
26.950000 1.996668 9.202957 -1289.233213 -522.512519
27.000000 2.021380 9.901948 -1245.400044 -469.190138
27.050000 2.013903 8.123528 -1345.250325 -571.911514
27.100000 1.992686 9.308003 -1273.126670 -507.935186
27.150000 2.020514 9.899943 -1240.275188 -464.397968
27.200000 1.997101 9.086392 -1286.593028 -519.706288
27.250000 1.999015 9.130140 -1284.919049 -517.297327
27.300000 2.042714 8.997599 -1295.100614 -510.698376
27.350000 1.973868 8.982440 -1296.982614 -539.017421
27.400000 2.017049 9.429335 -1272.104781 -497.557827
27.450000 1.999978 8.941849 -1294.073250 -526.081733
27.500000 2.001324 8.262798 -1337.950183 -569.441830
27.550000 2.009154 8.614133 -1314.346056 -542.831075
27.600000 1.957528 9.919275 -1243.648777 -491.957955
27.650000 2.039344 9.988112 -1245.836158 -462.727871
27.700000 1.984269 9.014212 -1297.908364 -535.949237
27.750000 2.010834 9.083826 -1295.696416 -523.536122
27.800000 2.010133 8.957844 -1303.778250 -531.887359
27.850000 2.001357 9.321578 -1292.571596 -524.050340
27.900000 2.008766 9.187968 -1292.707462 -521.341186
27.950000 2.015357 8.457043 -1328.840276 -554.943307
28.000000 2.007082 7.830016 -1358.271252 -587.551605
28.050000 1.971250 9.179347 -1270.468258 -513.508139
28.100000 2.019548 8.127833 -1338.516390 -563.009884
28.150000 1.989550 7.874495 -1355.782654 -591.795520
28.200000 1.992601 8.655816 -1314.799048 -549.640435
28.250000 1.981760 9.633370 -1260.592748 -499.596978
28.300000 2.028743 10.073928 -1241.432267 -462.394966
28.350000 1.995269 8.820923 -1312.266019 -546.082553
28.400000 2.010533 9.001044 -1302.754794 -530.710294
28.450000 1.970958 8.967977 -1300.457549 -543.609615
28.500000 1.996713 9.348826 -1278.922657 -512.185008
28.550000 1.989589 9.015005 -1296.853817 -532.851763
28.600000 2.012034 9.482031 -1267.421069 -494.799852
28.650000 2.000292 9.127268 -1289.080815 -520.968728
28.700000 1.983334 8.857887 -1303.411840 -541.811652
28.750000 1.981814 9.892911 -1242.593633 -481.577022
28.800000 2.017369 8.588816 -1326.457983 -551.788297
28.850000 2.002490 9.082713 -1298.522401 -529.566190
28.900000 2.002896 8.552936 -1317.764605 -548.652672
28.950000 1.992521 8.844718 -1296.430587 -531.302480
29.000000 1.988810 9.833555 -1239.311394 -475.608452
29.050000 2.007611 8.747159 -1312.086363 -541.163739
29.100000 2.026987 8.319163 -1333.766487 -555.403532
29.150000 1.959400 8.875266 -1298.517262 -546.107540
29.200000 2.011516 8.489763 -1327.978779 -555.556779
29.250000 1.986038 9.125818 -1287.913499 -525.274992
29.300000 2.020555 8.985126 -1296.850121 -520.957039
29.350000 1.989003 8.611209 -1319.557852 -555.780551
29.400000 1.979487 8.208548 -1342.569373 -582.446460
29.450000 1.986149 9.277928 -1277.023735 -514.342700
29.500000 1.993526 9.530829 -1267.829389 -502.315342
29.550000 2.016868 9.596021 -1265.968032 -491.490759
29.600000 2.003861 9.104785 -1296.277469 -526.794920
29.650000 1.993373 9.549800 -1271.570086 -506.115011
29.700000 1.980248 9.531694 -1272.200357 -511.785308
29.750000 2.009955 9.039098 -1299.484526 -527.661748
29.800000 2.014496 7.974808 -1354.692270 -581.125982
29.850000 1.961476 8.749011 -1308.364590 -555.157846
29.900000 2.000449 10.157690 -1228.996771 -460.824440
29.950000 1.995314 9.136387 -1290.188814 -523.988408
30.000000 2.016098 4.717971 -1258.148405 -483.966777
30.050000 1.999035 4.440673 -1270.820779 -503.191290
30.100000 1.979583 5.082666 -1233.108374 -472.948545
30.150000 2.026533 5.448613 -1213.892244 -435.703577
30.200000 1.998226 4.744884 -1248.205816 -480.887208
30.250000 1.995734 4.958196 -1235.695151 -469.333125
30.300000 1.990773 4.600270 -1265.824458 -501.367783
30.350000 1.995979 5.440017 -1217.618272 -451.162161
30.400000 2.010279 5.601601 -1199.745522 -427.798404
30.450000 2.005797 4.944548 -1233.397890 -463.171835
30.500000 1.980769 5.471988 -1201.914836 -441.299725
30.550000 1.993285 5.530458 -1209.756840 -444.335285
30.600000 2.043409 5.732067 -1191.315888 -406.646866
30.650000 1.976595 5.463474 -1201.564072 -442.551687
30.700000 2.001652 5.699849 -1192.565066 -423.930661
30.750000 2.007736 5.221410 -1219.997729 -449.027069
30.800000 2.005561 5.098960 -1229.049318 -458.913814
30.850000 1.991482 4.446380 -1275.686291 -510.957300
30.900000 2.001424 5.060900 -1235.695843 -467.149070
30.950000 2.009787 4.695833 -1260.533740 -488.775403
31.000000 1.997030 5.254621 -1226.292436 -459.433030
31.050000 2.001685 5.724978 -1195.743182 -427.096174
31.100000 1.999471 4.897052 -1239.786439 -471.989450
31.150000 2.012404 3.833659 -1305.307472 -532.544451
31.200000 1.966040 5.301796 -1212.044526 -457.085062
31.250000 2.012022 5.537857 -1200.885020 -428.268575
31.300000 1.990338 6.314819 -1148.615691 -384.325781
31.350000 2.003481 5.422846 -1210.579785 -441.243224
31.400000 2.000077 5.339992 -1215.030280 -447.000881
31.450000 2.003520 5.119635 -1236.747723 -467.396086
31.500000 1.968407 5.855361 -1195.741600 -439.873215
31.550000 1.996479 5.613114 -1213.949412 -447.301389
31.600000 2.015697 6.094577 -1184.361070 -410.333371
31.650000 1.998847 5.721419 -1201.013996 -433.456640
31.700000 2.006303 5.469944 -1208.506487 -438.086116
31.750000 2.020828 4.662056 -1255.425504 -479.427365
31.800000 1.991322 5.293906 -1207.924601 -443.257086
31.850000 2.033783 5.250793 -1211.481879 -430.509222
31.900000 2.033940 4.643948 -1252.893661 -471.860796
31.950000 1.978239 5.093190 -1226.236581 -466.592644
32.000000 1.989254 6.158250 -1163.269328 -399.395943
32.050000 1.997792 5.792868 -1186.522079 -419.370028
32.100000 1.982841 5.807740 -1184.320165 -422.909341
32.150000 2.004814 5.440852 -1212.305589 -442.457034
32.200000 1.983787 5.799086 -1194.698833 -432.924721
32.250000 2.002436 5.542134 -1213.170324 -444.235067
32.300000 1.998922 5.714433 -1197.099271 -429.513404
32.350000 2.030390 5.466564 -1209.215540 -429.545743
32.400000 1.985673 4.933783 -1244.419908 -481.921516
32.450000 1.988782 5.288604 -1227.415192 -463.723068
32.500000 1.978971 6.068258 -1175.756373 -415.831338
32.550000 2.003566 6.819196 -1124.622358 -355.253134
32.600000 2.006901 5.400836 -1214.873883 -444.224069
32.650000 1.999726 6.234154 -1160.830064 -392.935404
32.700000 2.005348 6.017279 -1173.378868 -403.325105
32.750000 2.010353 5.089354 -1225.109956 -453.134589
32.800000 2.012983 4.934387 -1232.306381 -459.320727
32.850000 2.016565 4.414976 -1264.901331 -490.540469
32.900000 1.987975 4.412647 -1261.218795 -497.836334
32.950000 2.007168 4.652585 -1250.936658 -480.184265
33.000000 2.002669 4.653739 -1251.609057 -482.584037
33.050000 1.995915 4.540378 -1257.922678 -491.491147
33.100000 1.994507 4.721755 -1248.522440 -482.631780
33.150000 1.999129 5.278154 -1216.745527 -449.080151
33.200000 2.005008 4.631571 -1259.982561 -490.059308
33.250000 1.990002 5.523552 -1198.205566 -434.044696
33.300000 1.996519 4.669490 -1258.433808 -491.770541
33.350000 1.982445 6.015076 -1168.129097 -406.870181
33.400000 2.015778 4.689836 -1245.856465 -471.797696
33.450000 1.980425 4.752759 -1232.834348 -472.351100
33.500000 2.006394 4.726507 -1237.769309 -467.314184
33.550000 1.979554 5.131508 -1209.957306 -449.808667
33.600000 2.012201 4.861800 -1239.450568 -466.765576
33.650000 1.984069 5.403867 -1210.911086 -449.028706
33.700000 2.012396 5.233825 -1222.698351 -449.938121
33.750000 1.979556 5.235537 -1211.940921 -451.791395
33.800000 2.006193 5.549714 -1192.834361 -422.456319
33.850000 2.002942 5.249069 -1213.098639 -443.968793
33.900000 1.989832 5.245697 -1217.723729 -453.628249
33.950000 2.014712 6.017174 -1176.674978 -403.025655
34.000000 1.994729 5.952780 -1187.205093 -421.229288
34.050000 2.027480 6.178338 -1175.845471 -397.292970
34.100000 2.008981 5.970404 -1181.928508 -410.479730
34.150000 2.010177 5.634528 -1200.316382 -428.408304
34.200000 2.001266 5.356767 -1215.171102 -446.685107
34.250000 1.981264 5.199629 -1226.709909 -465.904625
34.300000 2.022549 6.235470 -1159.203236 -382.544304
34.350000 2.017210 4.804351 -1244.218465 -469.609982
34.400000 1.988219 4.720783 -1249.089903 -485.613643
34.450000 1.980396 5.629209 -1202.050914 -441.578707
34.500000 1.977071 5.882947 -1184.428381 -425.232965
34.550000 1.998087 5.715380 -1190.923032 -423.657645
34.600000 1.995465 4.808187 -1248.725231 -482.466522
34.650000 1.983407 5.665878 -1188.686604 -427.058393
34.700000 2.010258 5.007873 -1236.533766 -464.594701
34.750000 1.981753 5.845734 -1181.583472 -420.590426
34.800000 1.985003 5.527231 -1202.795338 -440.554141
34.850000 2.020632 5.701678 -1191.942624 -416.019917
34.900000 2.009324 5.189691 -1222.975929 -451.395461
34.950000 1.994970 5.463301 -1209.700553 -443.631984
35.000000 2.012215 4.662453 -1260.898805 -488.208365
35.050000 1.985700 4.816255 -1243.706610 -481.197799
35.100000 1.995550 4.435654 -1271.453506 -505.162389
35.150000 1.984150 5.309204 -1219.384491 -457.470700
35.200000 1.986093 6.011098 -1180.705970 -418.046318
35.250000 1.998813 5.573711 -1207.439380 -439.895004
35.300000 2.008571 5.305620 -1214.953895 -443.662613
35.350000 2.010344 4.484551 -1268.269436 -496.297460
35.400000 1.987862 5.514709 -1206.186898 -442.847911
35.450000 2.007915 5.377534 -1219.477523 -448.438190
35.500000 2.007759 5.545838 -1214.293140 -443.313823
35.550000 2.001653 5.730944 -1202.666762 -434.032111
35.600000 2.005745 6.341497 -1162.148418 -391.942287
35.650000 2.011709 5.771727 -1194.854627 -422.358346
35.700000 1.980771 5.387154 -1214.570683 -453.954742
35.750000 1.989135 6.467312 -1147.156121 -383.328132
35.800000 1.997630 5.852420 -1186.491284 -419.401319
35.850000 2.010058 5.419064 -1214.718182 -442.856063
35.900000 2.021255 5.363254 -1218.694718 -442.532864
35.950000 2.000663 5.657134 -1197.035170 -428.780395
36.000000 2.022830 4.728784 -1256.506406 -479.739559
36.050000 1.986991 4.958462 -1234.546170 -471.541722
36.100000 1.977455 5.569679 -1194.922632 -435.580090
36.150000 2.018553 5.439741 -1208.676118 -433.551713
36.200000 1.994245 5.606630 -1196.098470 -430.308463
36.250000 2.021178 5.029840 -1235.760285 -459.627825
36.300000 1.990311 5.754354 -1187.652395 -423.373130
36.350000 1.971111 6.510751 -1142.032548 -385.126098
36.400000 2.047367 6.164021 -1172.620299 -386.431233
36.450000 1.988809 5.455157 -1212.017004 -448.314433
36.500000 2.003420 5.561453 -1207.922396 -438.609172
36.550000 1.983659 5.416721 -1216.327712 -454.602684
36.600000 1.991323 5.933741 -1182.936553 -418.268708
36.650000 2.006586 5.842630 -1183.601701 -413.072755
36.700000 2.006869 4.959399 -1236.630300 -465.992651
36.750000 2.000348 4.973944 -1240.130327 -471.996532
36.800000 1.988668 5.359659 -1219.726026 -456.077640
36.850000 1.985543 6.105567 -1175.337628 -412.889149
36.900000 2.000227 5.815647 -1199.724482 -431.637257
36.950000 2.005814 6.125106 -1179.412345 -409.179676
37.000000 2.010287 4.601580 -1271.449497 -499.499110
37.050000 1.997832 5.283532 -1222.906292 -455.738637
37.100000 1.994445 5.468735 -1205.213214 -439.346178
37.150000 1.961797 6.075468 -1162.891526 -409.561563
37.200000 2.020044 5.762153 -1190.440195 -414.743468
37.250000 1.974208 6.344124 -1155.974396 -397.878636
37.300000 2.017309 5.749916 -1193.107610 -418.461041
37.350000 2.008778 5.891291 -1176.911732 -405.541088
37.400000 1.998186 5.328906 -1215.597610 -448.294095
37.450000 1.995225 5.285129 -1217.725875 -451.559587
37.500000 1.996908 3.027755 -1099.550371 -332.737619
37.550000 1.998399 2.930003 -1110.860270 -343.474937
37.600000 1.981197 4.005817 -1045.568400 -284.788779
37.650000 2.016654 3.625660 -1082.482338 -308.087103
37.700000 1.998815 3.476328 -1086.929161 -319.384108
37.750000 2.000818 2.948226 -1118.902152 -350.587870
37.800000 2.011108 2.708778 -1128.143258 -355.877811
37.850000 2.008896 3.178504 -1092.210710 -320.794697
37.900000 2.025651 3.080979 -1106.856361 -329.006268
37.950000 2.011936 2.992608 -1118.056045 -345.472770
38.000000 1.999505 3.362801 -1095.064875 -327.254987
38.050000 2.006794 3.479612 -1085.463936 -314.855047
38.100000 2.004951 3.389510 -1085.736154 -315.835074
38.150000 2.030706 2.976106 -1111.709892 -331.918652
38.200000 1.988965 2.893235 -1114.395687 -350.632944
38.250000 1.982830 4.043580 -1035.892283 -274.485390
38.300000 2.009150 3.308455 -1091.720822 -320.207074
38.350000 2.010734 3.219325 -1090.780252 -318.658310
38.400000 1.990643 2.803609 -1110.888203 -346.481204
38.450000 1.995152 3.356537 -1064.696862 -298.558473
38.500000 2.015967 3.018193 -1087.950039 -313.818681
38.550000 2.011823 2.773696 -1105.423600 -332.883386
38.600000 1.987225 3.331193 -1067.562821 -304.468534
38.650000 1.993439 3.297880 -1075.777496 -310.296901
38.700000 1.997298 3.255219 -1076.850218 -309.887903
38.750000 2.015941 2.377965 -1130.667696 -356.546510
38.800000 1.999125 2.437144 -1123.672066 -356.007920
38.850000 1.987512 3.526035 -1057.988105 -294.783352
38.900000 2.006873 3.482595 -1072.664571 -302.025161
38.950000 1.980134 3.488022 -1073.141303 -312.769661
39.000000 2.001900 3.650969 -1067.304389 -298.574839
39.050000 1.993826 3.684880 -1061.137304 -295.508306
39.100000 1.999986 3.046344 -1102.526745 -334.531949
39.150000 1.999981 2.439388 -1135.553988 -367.561228
39.200000 1.993047 2.756437 -1110.861138 -345.531205
39.250000 1.984044 2.720376 -1115.226021 -353.353256
39.300000 1.978444 3.448800 -1069.452317 -309.729892
39.350000 2.015768 3.405416 -1082.963436 -308.908547
39.400000 1.973675 3.558511 -1076.516976 -318.625909
39.450000 2.011291 3.593457 -1081.123029 -308.787359
39.500000 2.003229 3.357320 -1093.453474 -324.213384
39.550000 1.999201 3.099154 -1103.010780 -335.317684
39.600000 1.989978 2.565156 -1144.444575 -380.293131
39.650000 2.021361 3.220478 -1098.171566 -321.969077
39.700000 1.995571 3.026489 -1103.886662 -337.587466
39.750000 1.993689 2.669670 -1127.205056 -361.628630
39.800000 1.998907 3.307652 -1079.389749 -311.809269
39.850000 2.004377 2.811799 -1111.877209 -342.196321
39.900000 1.988560 2.694114 -1120.918570 -357.311376
39.950000 2.003666 3.411688 -1070.991569 -301.584000
40.000000 2.007328 3.103031 -1096.474656 -325.660742
40.050000 2.008488 2.791154 -1121.330634 -350.071399
40.100000 1.995244 3.962438 -1038.737620 -272.563764
40.150000 2.016956 3.256357 -1094.847341 -320.336229
40.200000 1.980785 3.522322 -1070.372121 -309.750718
40.250000 2.025774 2.966240 -1104.856483 -326.959407
40.300000 1.992113 2.535350 -1127.210594 -362.239216
40.350000 1.965624 3.095421 -1091.278657 -336.479146
40.400000 2.014267 3.130481 -1099.395301 -325.916613
40.450000 2.008507 2.889150 -1116.252064 -344.985447
40.500000 1.989054 2.948341 -1109.102435 -345.305746
40.550000 2.003992 2.762395 -1120.256960 -350.723938
40.600000 1.983501 3.109556 -1096.073550 -334.409144
40.650000 2.002232 3.249394 -1088.089936 -319.232760
40.700000 2.015595 2.727439 -1127.472732 -353.484347
40.750000 2.005422 3.374924 -1081.515200 -311.433099
40.800000 1.992652 3.590566 -1065.203247 -300.024790
40.850000 2.014459 3.127432 -1097.912463 -324.360222
40.900000 2.015042 3.095764 -1088.907050 -315.131093
40.950000 2.005377 2.579771 -1121.913687 -351.848919
41.000000 2.020257 2.785075 -1113.772393 -337.993845
41.050000 1.996906 2.731871 -1121.995851 -355.184037
41.100000 1.997108 2.908624 -1113.470441 -346.581069
41.150000 1.985116 3.012222 -1110.790134 -348.505667
41.200000 2.001460 4.097971 -1031.457613 -262.896826
41.250000 1.986693 3.803335 -1055.686983 -292.797017
41.300000 2.035447 3.674957 -1067.428629 -285.816866
41.350000 2.025567 3.069438 -1105.459037 -327.641473
41.400000 1.987963 3.217159 -1088.485300 -325.107497
41.450000 2.002449 2.570943 -1130.843213 -361.902722
41.500000 1.987383 2.893000 -1101.386663 -338.231422
41.550000 2.002785 2.607466 -1121.828670 -352.759377
41.600000 1.993966 2.672869 -1122.339581 -356.656799
41.650000 2.003856 2.940330 -1108.526009 -339.045289
41.700000 2.006139 2.887991 -1111.016492 -340.659248
41.750000 1.981479 3.656708 -1054.185349 -293.297309
41.800000 2.030700 3.107078 -1094.871019 -315.082357
41.850000 1.986110 3.285885 -1071.121126 -308.454886
41.900000 1.980943 3.016545 -1091.359717 -330.677608
41.950000 1.991093 3.272761 -1073.525356 -308.945676
42.000000 2.000722 3.295505 -1078.112178 -309.834835
42.050000 1.997816 3.215770 -1095.168796 -328.007591
42.100000 2.012557 3.306686 -1093.626104 -320.804075
42.150000 2.002228 2.818284 -1127.279539 -358.423876
42.200000 2.006004 3.305609 -1087.631659 -317.326135
42.250000 1.999716 2.934315 -1108.972371 -341.081307
42.300000 2.022761 2.627231 -1126.586780 -349.846717
42.350000 1.992422 2.776154 -1116.827985 -351.738110
42.400000 1.990963 2.971902 -1110.989463 -346.459838
42.450000 2.007351 3.479075 -1077.816347 -306.993675
42.500000 1.996488 3.459877 -1075.305192 -308.653979
42.550000 1.990791 3.340840 -1085.007985 -320.544286
42.600000 2.009928 3.455413 -1080.506082 -308.693763
42.650000 1.987832 3.480955 -1071.294433 -307.966769
42.700000 1.997180 3.997095 -1028.808430 -261.891199
42.750000 2.004615 3.422343 -1072.006393 -302.234242
42.800000 2.012376 3.394904 -1073.568363 -300.815916
42.850000 1.998533 3.214876 -1088.393671 -320.956996
42.900000 1.993256 3.460183 -1076.506115 -311.095828
42.950000 2.016564 3.208816 -1094.919447 -320.558784
43.000000 1.999856 2.279792 -1154.570080 -386.625237
43.050000 1.984917 2.450029 -1134.479683 -372.271426
43.100000 1.994309 2.689621 -1125.451699 -359.636961
43.150000 2.005213 3.437047 -1074.196564 -304.194820
43.200000 2.003114 2.708981 -1127.230786 -358.034992
43.250000 2.004239 2.937953 -1107.962866 -338.335016
43.300000 1.992775 2.866297 -1110.133841 -344.908392
43.350000 2.006508 2.682277 -1122.564129 -352.064882
43.400000 1.993284 2.759974 -1111.554159 -346.133284
43.450000 2.004070 2.738635 -1109.915188 -340.352237
43.500000 1.987968 2.614893 -1117.657067 -354.277401
43.550000 2.005336 2.337350 -1139.130315 -369.081224
43.600000 2.011780 2.681270 -1120.654187 -348.130793
43.650000 1.980843 3.356419 -1081.404580 -320.760704
43.700000 2.014105 3.445103 -1078.741535 -305.325168
43.750000 1.971530 3.199812 -1091.683595 -334.616108
43.800000 2.002502 3.526539 -1064.564093 -295.603349
43.850000 1.994353 2.919880 -1106.081992 -340.250384
43.900000 1.997562 2.746223 -1112.937614 -345.873665
43.950000 1.997533 2.808385 -1106.653152 -339.600606
44.000000 1.989801 3.175661 -1086.193872 -322.110352
44.050000 1.997501 3.253060 -1086.789103 -319.748664
44.100000 2.001126 2.858086 -1110.747113 -342.314798
44.150000 2.007393 3.242250 -1082.607613 -311.768531
44.200000 2.008356 3.148522 -1094.365368 -323.156641
44.250000 2.019974 3.007121 -1102.850350 -327.180455
44.300000 2.001139 2.583308 -1128.303089 -359.865525
44.350000 1.992870 3.485611 -1058.960780 -293.698853
44.400000 2.001326 2.658835 -1118.584460 -350.075382
44.450000 1.995671 3.008974 -1091.499832 -325.162226
44.500000 1.991946 3.011174 -1094.097725 -329.190551
44.550000 1.991852 2.952999 -1098.757848 -333.886698
44.600000 1.992420 3.027433 -1095.340577 -330.251480
44.650000 2.011089 2.521100 -1135.590193 -363.331955
44.700000 2.001172 2.544022 -1134.624792 -366.174752
44.750000 1.981517 3.005427 -1105.974427 -345.072019
44.800000 1.996824 3.344153 -1086.883836 -320.103254
44.850000 2.016499 3.428524 -1083.992247 -309.656558
44.900000 2.001014 3.642115 -1070.542225 -302.152702
44.950000 2.021629 3.497604 -1083.634356 -307.328832
45.000000 1.992756 1.824564 -959.365442 -194.147125
45.050000 2.006638 1.843912 -955.939863 -185.391042
45.100000 2.001045 1.940116 -947.175094 -178.773723
45.150000 2.011756 1.677353 -966.535025 -194.020845
45.200000 1.990645 1.327494 -998.868129 -234.460482
45.250000 2.001191 1.798636 -958.200925 -189.743682
45.300000 2.004478 1.460038 -981.382728 -211.663001
45.350000 2.008280 1.734464 -956.712321 -185.532614
45.400000 1.996978 1.612564 -963.853985 -197.014277
45.450000 1.999628 1.752998 -948.919068 -181.061860
45.500000 2.002575 1.486799 -979.954410 -210.965616
45.550000 2.009568 1.799424 -958.520630 -186.846419
45.600000 1.981283 1.773616 -963.454255 -202.641609
45.650000 2.009767 1.851544 -959.083599 -187.332972
45.700000 1.995163 1.842541 -954.292271 -188.149717
45.750000 1.996505 1.728919 -961.397450 -194.739373
45.800000 2.000724 1.715801 -966.860321 -198.582444
45.850000 1.995863 1.775710 -968.941967 -202.530752
45.900000 2.008288 2.031021 -952.818011 -181.635544
45.950000 1.999561 1.883565 -963.323654 -195.492411
46.000000 1.996949 1.799373 -962.373007 -195.544559
46.050000 2.010377 1.871168 -955.976886 -183.992265
46.100000 1.999952 1.764245 -961.861851 -193.880190
46.150000 1.977019 2.026224 -944.892906 -185.717765
46.200000 2.022551 2.398628 -915.298747 -138.639209
46.250000 2.000681 1.616042 -980.260855 -211.999483
46.300000 2.005013 1.791036 -965.609584 -195.684422
46.350000 2.014519 1.977994 -944.551355 -170.976039
46.400000 1.999707 1.453063 -984.308303 -216.420846
46.450000 2.015493 1.529373 -972.412312 -198.462839
46.500000 1.980364 1.516044 -972.109353 -211.649637
46.550000 2.004785 1.880465 -945.509951 -175.672562
46.600000 2.002725 1.840927 -945.109911 -176.063684
46.650000 1.993657 1.341245 -991.441526 -225.877412
46.700000 1.996453 1.626302 -972.244260 -205.606434
46.750000 1.989988 2.079925 -931.313113 -167.157875
46.800000 2.007506 1.792888 -950.548958 -179.666715
46.850000 1.986834 1.458268 -972.406429 -209.461991
46.900000 1.997090 1.703981 -952.926166 -186.043614
46.950000 1.995545 1.900100 -940.138554 -173.849303
47.000000 1.981253 1.638334 -966.977769 -206.176546
47.050000 2.002514 1.819811 -956.646703 -187.681495
47.100000 2.012362 1.569369 -971.211848 -198.464828
47.150000 1.993177 1.593394 -961.371555 -195.991703
47.200000 2.005923 2.013706 -929.220778 -158.946252
47.250000 1.995474 1.958735 -939.613780 -173.351639
47.300000 2.003564 1.762902 -965.603923 -196.235317
47.350000 1.985401 2.462455 -913.069599 -150.675720
47.400000 2.007910 1.784274 -971.745538 -200.708251
47.450000 2.009307 1.489646 -988.133047 -216.559223
47.500000 2.000769 1.424281 -988.762223 -220.466761
47.550000 1.987228 1.488741 -988.560145 -225.464478
47.600000 1.990776 1.754769 -968.513832 -204.055751
47.650000 2.006090 1.630378 -976.810049 -206.471502
47.700000 2.007158 1.797308 -954.161085 -183.412538
47.750000 1.990335 1.513205 -969.238608 -204.949884
47.800000 2.008807 1.837347 -942.328433 -170.946715
47.850000 1.988606 1.765059 -953.387930 -189.763196
47.900000 2.003363 1.744986 -962.117882 -192.826474
47.950000 1.999384 1.952855 -951.074089 -183.310824
48.000000 1.999340 1.898951 -954.049696 -186.303299
48.050000 1.989046 1.891227 -951.009093 -187.215340
48.100000 2.014266 1.495279 -977.597842 -204.119747
48.150000 2.000941 1.228449 -995.324499 -226.963041
48.200000 1.995993 1.480962 -974.232812 -207.771328
48.250000 2.000488 1.401806 -982.624969 -214.437720
48.300000 2.011836 1.078877 -1009.135844 -236.590965
48.350000 1.981499 1.337772 -989.214955 -228.319354
48.400000 2.011673 1.648017 -974.520557 -202.038027
48.450000 1.994058 1.684775 -981.272741 -215.554310
48.500000 1.981744 2.100027 -951.420062 -190.430350
48.550000 2.002645 2.006229 -967.039286 -198.023532
48.600000 2.004476 2.021701 -968.585433 -198.866468
48.650000 1.999098 2.266678 -950.873431 -183.219910
48.700000 2.003037 2.077728 -964.391818 -195.225779
48.750000 2.013188 1.803493 -977.534701 -204.470335
48.800000 1.987660 1.843611 -972.418538 -209.157124
48.850000 2.030427 1.952734 -960.119421 -180.435641
48.900000 1.990015 1.290757 -1008.158300 -243.992644
48.950000 1.988801 1.746483 -965.203833 -201.504202
49.000000 1.983380 1.947577 -945.021466 -183.403458
49.050000 2.012542 1.777825 -952.866413 -180.050131
49.100000 1.997394 1.350522 -981.241616 -214.242335
49.150000 1.997723 1.649138 -952.548644 -185.422901
49.200000 1.986823 1.416099 -974.834182 -211.894211
49.250000 2.005387 1.729752 -952.425876 -182.357353
49.300000 1.999687 1.405728 -987.986193 -220.106316
49.350000 1.994541 2.096592 -937.509718 -171.605801
49.400000 2.010817 2.089037 -941.398058 -169.244197
49.450000 1.991991 1.812640 -958.715235 -193.790773
49.500000 2.023137 1.694935 -961.506659 -184.621995
49.550000 1.981845 1.574311 -969.998719 -208.970341
49.600000 1.991877 2.080210 -935.157571 -170.276686
49.650000 2.008083 2.222307 -926.715960 -155.611948
49.700000 1.990055 1.806175 -958.281941 -194.100701
49.750000 2.022682 2.035587 -938.040083 -161.330228
49.800000 1.998512 2.174074 -925.513188 -158.084416
49.850000 1.998284 1.681536 -972.463392 -205.122310
49.900000 1.998005 1.881350 -954.514840 -187.280945
49.950000 1.990890 1.609385 -976.411797 -211.910128
50.000000 2.009798 1.633793 -977.014477 -205.252101
50.050000 1.998279 1.773074 -963.670397 -196.331243
50.100000 1.981197 1.535613 -982.400719 -221.621165
50.150000 1.998088 1.710940 -967.784019 -200.518394
50.200000 2.003039 1.576404 -979.150801 -209.983842
50.250000 1.996194 1.774325 -964.341384 -197.802790
50.300000 1.995948 1.720074 -970.282634 -203.838565
50.350000 1.996691 1.483697 -987.021401 -220.292243
50.400000 1.991055 1.785638 -955.888948 -191.323911
50.450000 1.995528 1.881358 -949.709489 -183.426725
50.500000 1.994545 1.998091 -944.217254 -178.312082
50.550000 1.999142 1.603766 -971.844766 -204.174413
50.600000 1.993133 1.231057 -996.401833 -231.038847
50.650000 1.986633 1.731523 -956.666856 -193.799646
50.700000 1.990002 2.243326 -920.759803 -156.599078
50.750000 2.000464 1.847518 -958.486953 -190.308786
50.800000 2.006051 1.689199 -968.212576 -197.888892
50.850000 1.999411 1.407679 -988.898629 -221.124924
50.900000 1.999075 1.452990 -982.775026 -215.130200
50.950000 2.006182 1.339239 -994.171311 -223.797561
51.000000 1.997160 1.614112 -976.960183 -210.050904
51.050000 2.023993 1.767235 -972.852786 -195.639439
51.100000 1.991702 1.899855 -965.450409 -200.636867
51.150000 1.995205 1.712905 -984.788844 -218.630138
51.200000 1.997503 1.871810 -969.975982 -202.934851
51.250000 2.004877 1.544320 -992.642848 -222.770224
51.300000 2.010069 1.188575 -1017.668259 -245.801710
51.350000 1.987547 1.534052 -983.702698 -220.484619
51.400000 2.027858 1.868335 -952.753636 -174.056188
51.450000 1.988786 1.723268 -971.365225 -207.671424
51.500000 1.973349 2.027692 -949.620686 -191.854641
51.550000 2.008072 2.171036 -939.647536 -168.547757
51.600000 2.011669 2.117026 -940.505182 -168.024463
51.650000 1.981106 2.098343 -942.906067 -182.161510
51.700000 1.994721 2.081325 -943.773278 -177.800452
51.750000 2.027249 2.245983 -923.991613 -145.527965
51.800000 1.998010 1.606650 -973.889501 -206.653726
51.850000 2.004441 1.432711 -984.504679 -214.799302
51.900000 2.003409 1.316686 -992.236417 -222.927387
51.950000 1.985235 1.714431 -965.837892 -203.507810
52.000000 1.992814 2.115390 -940.219967 -174.979274
52.050000 1.998818 2.133437 -934.261889 -166.715750
52.100000 2.017708 1.494186 -975.136061 -200.336080
52.150000 1.977267 1.514617 -967.431940 -208.161566
52.200000 2.000843 1.626271 -959.132550 -190.808997
52.250000 2.006398 1.282289 -991.404100 -220.947258
52.300000 1.978185 2.119287 -933.003207 -173.380148
52.350000 2.010615 2.442018 -919.721209 -147.644989
52.400000 2.015496 1.970352 -954.706502 -180.755977
52.450000 2.001895 1.715296 -962.692001 -193.964226
52.500000 2.000158 0.942044 -816.239419 -48.178721
52.550000 2.007742 1.352990 -773.675498 -2.702581
52.600000 1.999075 0.773378 -830.217763 -62.572851
52.650000 2.007628 0.920310 -811.303398 -40.374059
52.700000 2.001392 0.760292 -824.987500 -56.453104
52.750000 1.992115 0.905097 -815.328876 -50.356592
52.800000 1.995383 1.241748 -790.743850 -24.516786
52.850000 2.009790 1.302783 -788.480563 -16.721129
52.900000 1.993143 1.009996 -815.621994 -50.255098
52.950000 1.997731 0.830980 -830.253485 -63.124609
53.000000 1.995348 1.168910 -792.522486 -26.308798
53.050000 2.005735 0.817784 -828.667832 -58.465537
53.100000 1.992181 0.807009 -826.646573 -61.649176
53.150000 2.010831 1.075207 -797.873564 -25.714513
53.200000 1.981555 1.099861 -799.469562 -38.552502
53.250000 2.012057 1.148907 -797.810556 -25.180720
53.300000 2.000700 1.031021 -801.585969 -33.317289
53.350000 1.997871 0.729334 -828.968683 -61.786290
53.400000 1.998054 1.001974 -799.173549 -31.920999
53.450000 2.007804 0.853752 -816.945346 -45.948763
53.500000 1.987238 1.121259 -797.700309 -34.601066
53.550000 2.002432 1.072526 -815.038671 -46.104713
53.600000 2.001036 1.441823 -777.331878 -8.934192
53.650000 2.006342 1.030689 -815.056887 -44.621667
53.700000 2.000655 1.108651 -800.812764 -32.561210
53.750000 2.005263 0.823735 -827.464754 -57.443708
53.800000 2.000864 1.064247 -799.493860 -31.161895
53.850000 1.993092 0.705819 -835.123707 -69.776416
53.900000 2.010050 0.734602 -832.477619 -60.618292
53.950000 1.992509 0.740142 -836.274772 -71.151352
54.000000 2.017198 0.983499 -816.208716 -41.604852
54.050000 2.007665 0.914361 -819.712797 -48.769281
54.100000 2.005116 0.718453 -838.085262 -68.120551
54.150000 1.996989 0.846482 -830.607711 -63.764014
54.200000 2.002298 1.165379 -807.963247 -39.080698
54.250000 1.995000 1.063319 -822.222568 -56.142436
54.300000 2.023771 1.105467 -818.835360 -41.707200
54.350000 1.985492 0.990492 -828.956229 -66.527428
54.400000 1.994070 1.061161 -821.883278 -56.160434
54.450000 2.010968 1.088559 -814.245894 -42.034024
54.500000 2.001105 0.869208 -833.327361 -64.903064
54.550000 1.992548 0.914309 -830.324966 -65.186671
54.600000 2.016174 0.816185 -840.961777 -66.750970
54.650000 1.995031 0.712885 -847.266410 -81.174631
54.700000 1.986901 1.117572 -809.954479 -46.984621
54.750000 2.003042 1.243722 -802.042367 -32.874082
54.800000 1.999605 1.087109 -820.426374 -52.577896
54.850000 2.002129 1.364692 -795.632019 -26.814418
54.900000 1.996736 1.173551 -819.384130 -52.637592
54.950000 2.006857 1.158435 -814.868883 -44.235658
55.000000 2.006929 0.963715 -822.920385 -52.259540
55.050000 2.006251 0.856460 -824.995196 -54.594723
55.100000 1.985387 1.073643 -800.991869 -38.603430
55.150000 2.011478 0.748452 -832.725171 -60.317797
55.200000 2.001250 0.670078 -836.200991 -67.721002
55.250000 1.996749 0.579034 -849.585099 -82.833561
55.300000 1.994598 1.088693 -804.663030 -38.737539
55.350000 1.995681 1.066767 -809.099942 -42.758606
55.400000 1.992306 1.224721 -795.136029 -30.090333
55.450000 2.008344 1.168047 -801.940252 -30.736223
55.500000 1.978184 1.562971 -768.247790 -8.625114
55.550000 1.997906 1.769941 -752.157297 15.038557
55.600000 2.007650 1.066949 -818.187453 -47.249989
55.650000 1.996793 1.130469 -802.161458 -35.392983
55.700000 1.988954 0.940016 -816.154328 -52.396114
55.750000 1.994188 1.327262 -777.569211 -11.801128
55.800000 1.984579 1.442168 -761.976262 0.101938
55.850000 1.997941 1.235722 -775.843635 -8.634139
55.900000 2.006260 0.933941 -801.205996 -30.802078
55.950000 2.006406 0.836579 -810.321351 -39.861601
56.000000 1.981805 1.119521 -786.614827 -25.601633
56.050000 2.021615 1.140171 -792.961025 -16.660771
56.100000 1.993169 1.030099 -806.515758 -41.138860
56.150000 2.005023 1.112159 -802.956115 -33.027441
56.200000 2.006047 1.056425 -809.932953 -39.610808
56.250000 1.997096 1.127169 -801.103613 -34.218873
56.300000 2.010853 1.354368 -781.056377 -8.888846
56.350000 2.012310 1.264330 -790.458908 -17.731680
56.400000 1.983435 1.177474 -799.336498 -37.697495
56.450000 2.003290 1.402599 -783.231540 -13.968302
56.500000 1.992611 1.583321 -778.773649 -13.611086
56.550000 2.031219 1.518242 -789.176201 -9.188156
56.600000 1.996204 1.030802 -829.638758 -63.096487
56.650000 1.995219 1.207287 -806.048828 -39.884827
56.700000 2.009046 1.157171 -802.178550 -30.704805
56.750000 1.980588 1.315189 -787.898390 -27.352453
56.800000 2.016210 1.068927 -813.131265 -38.906540
56.850000 2.000108 0.942518 -815.135692 -47.094382
56.900000 1.996263 0.685373 -832.814466 -66.249345
56.950000 1.988119 0.748362 -828.020469 -64.582918
57.000000 1.998797 1.133848 -799.399065 -31.860889
57.050000 1.989490 1.258701 -793.206351 -29.242167
57.100000 2.002227 0.963356 -824.487518 -55.632513
57.150000 1.993250 1.103822 -814.578526 -49.170435
57.200000 2.009372 1.425531 -791.256614 -19.657744
57.250000 1.992878 1.321958 -805.974137 -40.708959
57.300000 1.997102 1.384534 -800.773856 -33.886581
57.350000 1.996555 1.316011 -799.915675 -33.238664
57.400000 2.016073 0.968117 -824.792153 -50.620076
57.450000 1.986315 1.210573 -787.182524 -24.437614
57.500000 1.990209 0.627334 -839.513869 -75.273603
57.550000 1.993107 0.970119 -799.146102 -33.793009
57.600000 2.009517 0.702379 -823.622979 -51.968589
57.650000 1.983926 0.944520 -801.340781 -39.513165
57.700000 2.002408 1.101022 -791.650420 -22.725868
57.750000 2.006134 0.917007 -810.816605 -40.461150
57.800000 2.004299 0.917309 -812.370312 -42.719681
57.850000 2.000137 0.892508 -825.139055 -57.086580
57.900000 1.992957 1.539848 -770.999678 -5.704131
57.950000 2.009038 1.490466 -773.644760 -2.174326
58.000000 2.014930 0.838186 -829.967326 -56.234092
58.050000 1.993483 0.969795 -815.638424 -50.140997
58.100000 2.000828 1.148528 -800.626487 -32.308545
58.150000 2.010766 0.668640 -845.291475 -73.157398
58.200000 2.009106 0.736594 -835.466708 -63.970166
58.250000 1.987907 1.029924 -814.432345 -51.076009
58.300000 1.990438 1.222590 -806.859469 -42.531389
58.350000 2.001755 1.424093 -789.518580 -20.844801
58.400000 2.010281 0.914244 -838.633521 -66.685448
58.450000 2.006103 1.123714 -816.304919 -45.961373
58.500000 1.990105 1.228937 -806.566875 -42.366448
58.550000 2.000822 1.099254 -819.597788 -51.282149
58.600000 1.998181 1.121938 -808.280732 -40.979044
58.650000 2.000175 0.643234 -846.542315 -78.475218
58.700000 1.994130 1.020055 -810.666647 -44.920546
58.750000 2.003320 1.165042 -808.014817 -38.740065
58.800000 1.995741 1.374233 -788.613738 -22.249361
58.850000 2.006166 0.957291 -824.211975 -53.844246
58.900000 1.995723 0.886495 -823.857739 -57.499944
58.950000 1.984384 0.950552 -821.526588 -59.523161
59.000000 2.009587 1.253430 -794.858452 -23.176887
59.050000 2.000009 0.911644 -827.142239 -59.138731
59.100000 1.985464 0.776886 -839.548723 -77.130682
59.150000 2.009151 1.199680 -803.288192 -31.774127
59.200000 1.985469 1.192357 -805.581265 -43.161306
59.250000 2.002669 0.836695 -836.562747 -67.537675
59.300000 1.995998 0.823626 -833.392625 -66.929312
59.350000 1.992430 1.190983 -794.909294 -29.816184
59.400000 2.009833 1.007773 -813.289604 -41.513707
59.450000 1.989301 1.122526 -802.026846 -38.135180
59.500000 2.001179 1.132209 -807.984600 -39.531949
59.550000 1.995178 1.449065 -779.723853 -13.575440
59.600000 1.989083 1.370331 -785.413886 -21.606184
59.650000 2.000721 1.278076 -794.922896 -26.646066
59.700000 1.999387 1.330648 -785.475081 -17.710663
59.750000 2.012035 1.117761 -800.797302 -28.175735
59.800000 2.000184 1.017462 -802.139784 -34.069119
59.850000 2.001833 0.885002 -809.804333 -41.100313
59.900000 1.998511 0.843324 -814.223522 -46.795275
59.950000 2.005340 0.760725 -827.474309 -57.423890
60.000000 1.984263 0.945822 -637.149681 124.807254
60.050000 2.003386 1.334654 -592.782886 176.517478
60.100000 1.990441 1.223237 -601.083389 163.245984
60.150000 2.007015 0.669895 -655.543780 115.150003
60.200000 2.000761 0.472181 -663.527093 104.764987
60.250000 1.995789 0.389892 -669.784726 96.598358
60.300000 1.987837 0.678711 -639.759771 123.569496
60.350000 2.002769 0.778538 -635.194755 133.868386
60.400000 1.999540 0.841411 -630.709019 137.114164
60.450000 2.005553 0.916080 -619.808759 150.323467
60.500000 2.008817 0.618896 -652.290595 119.095052
60.550000 1.998448 0.483403 -663.080619 104.323376
60.600000 1.985499 0.870755 -617.205899 145.225730
60.650000 2.014887 0.582911 -655.328700 118.387968
60.700000 1.995279 0.646781 -646.016511 120.170512
60.750000 2.004476 0.848577 -630.434353 139.284420
60.800000 2.010810 0.841090 -635.484594 136.666373
60.850000 1.998172 0.975681 -619.439515 147.858584
60.900000 1.996095 0.698188 -653.831976 112.668330
60.950000 2.000625 0.744660 -646.205562 122.034507
61.000000 2.015071 0.734020 -650.910502 122.876850
61.050000 1.989492 0.625483 -672.026481 91.938543
61.100000 1.994714 0.980628 -638.758667 127.211646
61.150000 2.004229 0.959833 -642.479456 127.144642
61.200000 2.007836 0.911760 -637.295087 133.714077
61.250000 1.998077 0.605426 -664.936144 102.325346
61.300000 2.003568 0.521237 -667.270230 102.099813
61.350000 2.006012 0.650638 -644.445148 125.863502
61.400000 2.000424 0.525467 -655.907515 112.255445
61.450000 2.004265 0.439393 -666.569587 103.068075
61.500000 1.994948 0.516934 -658.433039 107.626959
61.550000 2.005163 0.498932 -665.955297 104.027176
61.600000 1.975471 0.943156 -613.292596 145.288174
61.650000 1.994480 0.911248 -621.173423 144.706991
61.700000 1.997084 0.727452 -641.718366 125.161809
61.750000 2.009842 0.599901 -655.745481 116.033995
61.800000 1.993485 0.493124 -670.886067 94.612224
61.850000 1.997826 0.555067 -668.459162 98.705991
61.900000 2.003404 0.656814 -659.405893 109.901343
61.950000 2.010334 0.594259 -667.357267 104.611099
62.000000 1.998961 0.677306 -655.094600 112.506569
62.050000 1.996891 0.647070 -663.951530 102.854559
62.100000 2.006461 0.844776 -638.351617 132.129538
62.150000 1.986205 0.741697 -646.885809 115.817052
62.200000 1.999815 0.492142 -680.703277 87.225509
62.250000 2.001816 0.692294 -659.756113 108.941169
62.300000 1.999709 0.671370 -667.052916 100.835376
62.350000 2.005090 0.754416 -655.271229 114.683395
62.400000 1.995748 0.562830 -678.324235 88.043167
62.450000 2.003491 0.715028 -662.552744 106.787703
62.500000 1.997474 0.818698 -654.305135 112.724758
62.550000 2.010816 0.891731 -652.670532 119.482720
62.600000 1.998988 0.915506 -654.028322 113.583110
62.650000 1.991677 1.024120 -638.650085 126.153831
62.700000 2.000744 0.835577 -661.877044 106.408675
62.750000 2.004312 0.773967 -660.907223 108.748648
62.800000 1.993546 0.607771 -675.208854 90.312707
62.850000 1.987845 0.958125 -633.246127 130.086437
62.900000 2.007662 0.791977 -654.206070 116.736301
62.950000 1.995383 0.759465 -655.291514 110.935730
63.000000 1.999996 0.893030 -637.150081 130.848193
63.050000 2.003725 0.755446 -649.090416 120.339814
63.100000 2.006786 0.668720 -652.595464 118.010321
63.150000 1.982400 0.738167 -641.190818 120.050724
63.200000 2.019780 0.642799 -648.951782 126.643658
63.250000 1.990526 0.531982 -658.155927 106.206095
63.300000 1.991496 0.737163 -642.728669 122.005765
63.350000 1.995835 0.942148 -630.275750 136.125069
63.400000 2.008350 0.903664 -633.865479 137.340855
63.450000 1.998008 0.746749 -644.077966 123.157051
63.500000 2.003394 0.787748 -632.211966 137.091363
63.550000 1.995740 0.510053 -664.039301 102.324714
63.600000 1.992094 0.767447 -631.665869 133.298057
63.650000 2.000458 0.806484 -628.144265 140.031728
63.700000 2.006831 0.844209 -617.637866 152.985391
63.750000 1.998929 0.405857 -663.337038 104.251523
63.800000 2.000738 0.394621 -659.869347 108.414102
63.850000 2.000108 0.440491 -654.995374 113.046207
63.900000 1.988576 0.694887 -627.710681 135.902372
63.950000 2.014189 0.606936 -644.137986 129.310606
64.000000 2.008745 0.577201 -649.191752 122.166485
64.050000 2.008421 0.694353 -636.148060 135.085695
64.100000 2.004603 0.469318 -667.230608 102.536838
64.150000 1.992709 0.662814 -641.858121 123.341952
64.200000 2.006005 0.606854 -649.859560 120.446251
64.250000 2.008781 0.414284 -674.562733 96.809206
64.300000 1.977597 0.767350 -635.949580 123.447506
64.350000 2.005414 0.746595 -646.794104 123.285025
64.400000 1.998422 0.848196 -634.402005 132.991915
64.450000 1.996511 0.908593 -624.449993 142.210151
64.500000 1.997469 0.779371 -637.288788 129.739224
64.550000 1.998611 0.674554 -644.929748 122.536941
64.600000 2.008852 0.775102 -632.263524 139.135774
64.650000 1.995859 0.749656 -644.520584 121.889333
64.700000 2.001875 1.055738 -613.081601 155.638496
64.750000 2.001369 0.899225 -628.199024 140.326669
64.800000 2.008091 0.662740 -647.761920 123.344967
64.850000 2.002414 0.383564 -674.394246 94.532629
64.900000 1.997674 0.502650 -657.901902 109.205087
64.950000 2.001257 0.558653 -656.089291 112.393238
65.000000 2.007345 0.653452 -648.914899 121.905646
65.050000 1.989596 0.839146 -628.590304 135.414439
65.100000 2.011892 0.775172 -642.274040 130.292404
65.150000 1.988959 0.947729 -625.927661 137.832590
65.200000 2.034691 0.960192 -626.099707 155.221827
65.250000 1.974794 0.952252 -615.708164 142.612556
65.300000 2.004060 0.661174 -647.846699 121.712509
65.350000 1.998753 0.503447 -660.516154 107.005043
65.400000 2.005199 0.794197 -614.059209 155.937196
65.450000 1.996028 0.460388 -647.335982 119.138726
65.500000 2.004838 0.452919 -647.557625 122.299981
65.550000 1.978614 0.764267 -612.692910 147.094751
65.600000 2.003744 0.631111 -637.553723 131.884053
65.650000 1.995690 0.705538 -629.834981 136.510125
65.700000 1.998287 0.762681 -627.186915 140.155296
65.750000 2.004234 0.620839 -642.995446 126.630344
65.800000 2.000261 0.450029 -662.670599 105.429725
65.850000 2.009583 0.591764 -646.703028 124.976948
65.900000 1.983459 0.518694 -663.587677 98.060737
65.950000 1.996315 0.731039 -647.245822 119.339268
66.000000 2.002080 0.781204 -645.506313 123.292244
66.050000 1.997942 0.875736 -633.539740 133.669884
66.100000 2.007312 0.667029 -655.847438 114.960435
66.150000 2.010044 0.459285 -679.640379 92.216535
66.200000 1.981466 0.680963 -652.586496 108.296577
66.250000 2.003951 0.578078 -668.166153 101.351174
66.300000 1.996003 0.741641 -647.779507 118.685758
66.350000 2.006156 0.735702 -650.584522 119.779338
66.400000 1.998934 0.899622 -635.070941 132.519809
66.450000 1.997062 0.824592 -653.824162 113.047686
66.500000 1.997645 0.861438 -656.307070 110.788473
66.550000 2.006430 0.784747 -668.307438 102.161838
66.600000 1.991926 0.918634 -650.867790 114.031801
66.650000 2.012889 0.835788 -657.776786 115.172438
66.700000 1.986659 0.831229 -650.641254 112.235752
66.750000 2.008839 0.752651 -657.402403 113.991686
66.800000 1.992401 0.673615 -670.067590 95.014427
66.850000 1.979930 0.967549 -645.275384 115.017556
66.900000 2.027967 1.065180 -636.314947 142.424502
66.950000 1.993410 0.881269 -646.990654 118.478727
67.000000 1.998922 0.516468 -680.889661 86.696296
67.050000 1.982428 0.755397 -642.247838 119.004700
67.100000 2.003458 0.765994 -638.293439 131.034271
67.150000 1.998821 0.594162 -654.376150 113.171058
67.200000 2.001195 0.488989 -661.102185 107.356848
67.250000 2.009470 0.580536 -645.775913 125.860453
67.300000 1.994349 0.497700 -659.975444 105.854402
67.350000 1.995938 0.614957 -653.067422 113.372712
67.400000 1.998923 0.648071 -653.122809 114.463515
67.450000 2.003989 0.690164 -645.564697 123.967168
