# t Temp Pres Epot Etot
0.000000 1.991710 29.189670 -2710.009592 -1216.226731
0.050000 1.971466 28.248164 -2794.034519 -1315.434872
0.100000 2.014280 29.449776 -2694.891517 -1184.181724
0.150000 1.998769 28.788414 -2753.079810 -1254.003288
0.200000 1.995591 29.611729 -2679.046035 -1182.353129
0.250000 2.011396 28.229829 -2804.238073 -1295.691097
0.300000 1.986999 28.282137 -2799.594699 -1309.345207
0.350000 1.983899 29.083888 -2720.326268 -1232.402353
0.400000 2.002522 27.394241 -2876.337188 -1374.445438
0.450000 2.018130 29.382551 -2701.551430 -1187.954036
0.500000 2.014282 30.273942 -2621.599838 -1110.888466
0.550000 1.999908 28.194924 -2801.881827 -1301.950914
0.600000 2.012347 28.382822 -2787.628792 -1278.368499
0.650000 1.987453 29.293165 -2706.223257 -1215.633265
0.700000 2.015647 28.192202 -2808.020131 -1296.284985
0.750000 1.958528 29.018638 -2730.662572 -1261.766290
0.800000 2.031344 29.212255 -2723.546111 -1200.038323
0.850000 2.010084 28.283764 -2800.440322 -1292.877670
0.900000 2.028731 28.975443 -2740.956072 -1219.407954
0.950000 1.998598 28.624651 -2764.369265 -1265.420796
1.000000 1.947880 29.528120 -2682.913286 -1222.003197
1.050000 2.016126 28.192983 -2806.534698 -1294.440398
1.100000 1.979483 29.176896 -2720.199077 -1235.586951
1.150000 2.019217 29.246122 -2712.475017 -1198.062503
1.200000 2.025357 28.376570 -2791.490265 -1272.472360
1.250000 2.018689 28.425308 -2781.581139 -1267.564191
1.300000 1.995575 27.955694 -2820.812795 -1324.131869
1.350000 1.995110 29.378577 -2697.380731 -1201.047859
1.400000 2.003840 29.219837 -2716.514548 -1213.634247
1.450000 2.013354 29.023035 -2730.827362 -1220.811558
1.500000 1.995501 29.299005 -2703.374696 -1206.748585
1.550000 2.024056 28.525234 -2770.195934 -1252.154103
1.600000 2.005278 27.666722 -2847.689516 -1343.730730
1.650000 1.973138 28.026274 -2814.582243 -1334.728837
1.700000 2.005283 29.376284 -2705.473534 -1201.511283
1.750000 1.983302 29.314599 -2705.812636 -1218.336170
1.800000 1.996276 29.171583 -2716.180784 -1218.973924
1.850000 2.029556 29.194348 -2720.149720 -1197.982670
1.900000 2.003463 28.341773 -2791.119843 -1288.522424
1.950000 1.970809 28.008811 -2814.968523 -1336.861655
2.000000 1.981306 29.235473 -2704.505865 -1218.526475
2.050000 2.030195 28.484430 -2782.890583 -1260.244509
2.100000 1.980783 29.142192 -2716.769206 -1231.181983
2.150000 1.981531 28.802372 -2751.206479 -1265.058551
2.200000 2.002299 28.806022 -2752.682284 -1250.957945
2.250000 2.025516 29.149769 -2722.808534 -1203.671239
2.300000 1.997495 28.162627 -2805.659757 -1307.538832
2.350000 1.973396 28.929848 -2738.658511 -1258.611190
2.400000 2.012199 29.005233 -2733.392642 -1224.243311
2.450000 1.973735 28.824007 -2744.975549 -1264.674557
2.500000 1.994665 28.690954 -2764.563161 -1268.564533
2.550000 2.000384 29.369894 -2702.706827 -1202.418675
2.600000 2.020685 29.654328 -2680.262276 -1164.748247
2.650000 2.022622 28.954976 -2741.554097 -1224.587443
2.700000 1.992441 28.548171 -2770.077298 -1275.746829
2.750000 1.996048 28.036537 -2818.587584 -1321.551758
2.800000 1.994575 28.991798 -2733.187725 -1237.256195
2.850000 2.001830 28.205218 -2800.948049 -1299.575524
2.900000 2.007795 28.361761 -2791.667999 -1285.821874
2.950000 1.970424 29.786315 -2661.804378 -1183.986591
3.000000 2.025390 29.212419 -2716.317313 -1197.274541
3.050000 1.986905 29.070725 -2723.205537 -1233.026959
3.100000 2.002214 29.032382 -2735.283188 -1233.622341
3.150000 2.011294 28.779947 -2754.358945 -1245.888127
3.200000 1.998836 28.135050 -2807.670923 -1308.543727
3.250000 2.000570 28.548413 -2774.149844 -1273.722127
3.300000 2.004716 29.084388 -2725.807749 -1222.270652
3.350000 1.995506 28.306819 -2796.346113 -1299.716404
3.400000 2.010030 28.657240 -2760.562576 -1253.040291
3.450000 1.979069 28.890262 -2740.459690 -1256.157615
3.500000 2.025898 29.263930 -2717.795399 -1198.371777
3.550000 1.984430 27.937779 -2824.602759 -1336.280501
3.600000 2.013911 29.007559 -2738.164391 -1227.731021
3.650000 1.991789 29.873447 -2650.364801 -1156.523402
3.700000 1.988809 28.605828 -2767.819307 -1276.212905
3.750000 2.032369 27.776161 -2845.615199 -1321.338694
3.800000 2.006209 29.093220 -2724.117648 -1219.461170
3.850000 2.001352 28.634931 -2765.499279 -1264.484932
3.900000 1.970370 29.022139 -2730.638516 -1252.861208
3.950000 2.015106 29.480112 -2691.774794 -1180.445036
4.000000 2.029710 29.913169 -2656.938964 -1134.656304
4.050000 2.007013 29.009959 -2733.044648 -1227.784948
4.100000 1.979753 27.686463 -2844.848730 -1360.033700
4.150000 1.972791 28.402078 -2782.120562 -1302.527203
4.200000 1.978043 29.077587 -2717.258498 -1233.726367
4.250000 2.002721 29.243731 -2713.557110 -1211.516404
4.300000 2.000190 28.175427 -2808.979286 -1308.836885
4.350000 1.999071 29.077211 -2726.399721 -1227.096660
4.400000 1.995563 29.241609 -2712.938437 -1216.266541
4.450000 2.008727 28.634715 -2766.332810 -1259.787336
4.500000 1.988886 28.983822 -2735.907092 -1244.242716
4.550000 1.996108 28.945192 -2735.349703 -1238.268924
4.600000 1.981511 28.558973 -2765.910194 -1279.776731
4.650000 2.003188 28.675307 -2761.215203 -1258.824504
4.700000 1.967479 28.209766 -2796.759273 -1321.150393
4.750000 2.013210 28.413818 -2782.677668 -1272.769806
4.800000 1.983377 28.899073 -2739.814516 -1252.281922
4.850000 2.014853 29.088394 -2722.775511 -1211.635542
4.900000 2.007766 28.480371 -2773.582606 -1267.758348
4.950000 1.980764 28.033045 -2814.604078 -1329.031246
5.000000 1.994244 28.788534 -2750.119366 -1254.436244
5.050000 2.022895 28.846703 -2743.349502 -1226.178278
5.100000 1.985323 29.101552 -2719.528093 -1230.535760
5.150000 2.016240 29.131659 -2720.101396 -1207.921636
5.200000 2.006934 29.318478 -2702.358037 -1197.157657
5.250000 1.993518 28.496811 -2778.802200 -1283.663595
5.300000 1.993603 28.581301 -2772.081798 -1276.879381
5.350000 1.987563 28.498852 -2778.605922 -1287.933684
5.400000 2.019063 28.072233 -2816.950786 -1302.653390
5.450000 1.999769 28.916071 -2741.976582 -1242.149597
5.500000 1.997261 29.182680 -2713.254028 -1215.307975
5.550000 2.016115 28.451190 -2777.111118 -1265.024533
5.600000 1.988377 29.239805 -2709.271751 -1217.988975
5.650000 2.015041 29.255982 -2711.826802 -1200.545705
5.700000 1.982017 28.633687 -2765.732807 -1279.220283
5.750000 1.978296 29.281719 -2707.138063 -1223.415927
5.800000 1.994056 29.316908 -2706.723121 -1211.181001
5.850000 1.988478 28.377315 -2788.070692 -1296.711965
5.900000 1.998997 28.390513 -2784.477331 -1285.229815
5.950000 2.018014 28.017813 -2823.234051 -1309.723584
6.000000 1.982533 29.051145 -2722.991891 -1236.092042
6.050000 2.008191 29.965241 -2648.312249 -1142.168835
6.100000 1.996675 29.470588 -2691.756843 -1194.250629
6.150000 2.009275 28.610349 -2765.688452 -1258.732340
6.200000 2.020276 28.502328 -2778.743001 -1263.536026
6.250000 1.962793 28.986521 -2731.940633 -1259.846140
6.300000 1.998332 29.408902 -2697.276021 -1198.526907
6.350000 2.003253 28.910967 -2739.673946 -1237.233874
6.400000 1.993064 29.082592 -2722.833893 -1228.035582
6.450000 2.021545 28.316989 -2793.062659 -1276.903720
6.500000 1.988454 28.199882 -2804.286498 -1312.946198
6.550000 1.997941 29.086970 -2728.390616 -1229.935078
6.600000 2.021143 29.695539 -2675.604979 -1159.747503
6.650000 2.022679 27.759200 -2841.171607 -1324.162091
6.700000 1.982166 28.083493 -2812.146915 -1325.522775
6.750000 1.997151 29.122666 -2724.068753 -1226.205434
6.800000 2.001418 29.804943 -2661.425419 -1160.361930
6.850000 2.004707 30.147205 -2630.177170 -1126.647081
6.900000 2.008868 29.159335 -2718.852396 -1212.201286
6.950000 2.002399 28.576057 -2767.924878 -1266.125902
7.000000 1.985691 27.793807 -2836.770330 -1347.502434
7.050000 2.010317 28.525669 -2773.426653 -1265.688711
7.100000 1.981565 28.423163 -2781.300864 -1295.127125
7.150000 1.997351 28.102022 -2810.474969 -1312.461379
7.200000 2.001423 29.189867 -2720.438608 -1219.370987
7.250000 1.990435 29.389454 -2702.952665 -1210.126210
7.300000 1.992957 29.480056 -2692.626300 -1197.908655
7.350000 2.031535 28.459346 -2782.869299 -1259.218352
7.400000 2.016968 28.078890 -2814.517694 -1301.791527
7.450000 1.972294 28.495034 -2774.221738 -1295.001006
7.500000 1.992851 17.657612 -2966.059153 -1471.421243
7.550000 1.959283 17.922677 -2941.238481 -1471.776435
7.600000 2.007285 18.005132 -2942.747648 -1437.284120
7.650000 2.006771 18.567407 -2887.632184 -1382.554269
7.700000 2.006174 18.039095 -2939.351084 -1434.720413
7.750000 1.986946 17.423789 -3000.553797 -1510.343937
7.800000 1.993916 18.522178 -2891.185758 -1395.748568
7.850000 2.016501 17.915686 -2946.894168 -1434.518270
7.900000 1.999829 17.600961 -2971.744071 -1471.872090
7.950000 1.984732 17.122849 -3022.172441 -1533.623586
8.000000 1.995886 17.484357 -2987.321578 -1490.407207
8.050000 1.989534 17.930945 -2949.900084 -1457.749524
8.100000 2.015411 17.403574 -3001.359486 -1489.800915
8.150000 1.997804 17.961685 -2937.907977 -1439.554602
8.200000 1.985469 16.893997 -3044.868033 -1555.766606
8.250000 2.007864 18.609649 -2884.129406 -1378.231077
8.300000 1.994419 18.126521 -2928.483620 -1432.669059
8.350000 2.010972 17.280716 -3009.988040 -1501.758684
8.400000 1.994580 17.924802 -2942.950647 -1447.015274
8.450000 1.983676 17.505160 -2985.696262 -1497.939284
8.500000 1.972025 18.099439 -2937.465233 -1458.446717
8.550000 2.020006 18.322974 -2919.457035 -1404.452369
8.600000 1.999162 17.931940 -2946.097747 -1446.726326
8.650000 2.004231 16.721543 -3061.425400 -1558.252262
8.700000 1.978664 17.593992 -2974.808376 -1490.810645
8.750000 2.009867 16.826864 -3053.677667 -1546.277485
8.800000 2.015199 17.357766 -3004.339317 -1492.939819
8.850000 1.996062 17.197767 -3019.794387 -1522.747913
8.900000 1.972971 18.994238 -2844.366218 -1364.637686
8.950000 2.031833 17.692038 -2975.035958 -1451.160945
9.000000 1.989589 17.536662 -2983.841361 -1491.649819
9.050000 1.983199 17.038552 -3027.215213 -1539.816313
9.100000 2.007037 18.304217 -2910.397301 -1405.119624
9.150000 2.006411 17.574787 -2977.196795 -1472.388337
9.200000 1.983525 17.915795 -2949.647519 -1462.004053
9.250000 1.991414 17.685956 -2976.170631 -1482.609953
9.300000 2.018371 17.086766 -3029.642242 -1515.863832
9.350000 1.983488 17.614057 -2975.962148 -1488.346221
9.400000 2.002720 18.065178 -2934.209608 -1432.169318
9.450000 1.995003 17.555082 -2987.904921 -1491.652673
9.500000 1.995101 17.790269 -2961.577295 -1465.251405
9.550000 2.004327 17.684563 -2975.871546 -1472.625995
9.600000 1.982400 17.325061 -2999.319413 -1512.519498
9.650000 1.999996 17.602293 -2984.078594 -1484.081630
9.700000 2.013391 17.219371 -3013.472296 -1503.428981
9.750000 1.984603 17.760613 -2962.307089 -1473.854524
9.800000 2.005094 17.162523 -3024.650787 -1520.830444
9.850000 1.978003 18.029888 -2937.647496 -1454.145249
9.900000 2.039229 18.233254 -2925.451769 -1396.030041
9.950000 1.994718 17.049539 -3028.969786 -1532.931592
10.000000 1.986208 17.153292 -3020.157431 -1530.501120
10.050000 2.005547 18.305565 -2910.289267 -1406.129054
10.100000 1.990763 17.787289 -2960.263010 -1467.190890
10.150000 2.009443 18.434051 -2907.804869 -1400.722762
10.200000 1.982552 17.965030 -2945.833845 -1458.919492
10.250000 2.001091 17.712142 -2968.634068 -1467.815980
10.300000 1.993785 18.506301 -2895.979500 -1400.640797
10.350000 2.010804 18.411193 -2904.564197 -1396.461062
10.400000 1.998703 16.999079 -3037.101767 -1538.074837
10.450000 2.005620 17.515593 -2983.935597 -1479.720667
10.500000 1.972988 17.602105 -2972.513632 -1492.772568
10.550000 1.993252 17.793177 -2962.844146 -1467.904894
10.600000 2.012556 17.208644 -3014.965110 -1505.548414
10.650000 2.011444 17.393142 -2994.771283 -1486.188632
10.700000 1.982327 16.664478 -3060.553480 -1573.808604
10.750000 1.984577 17.644830 -2969.277071 -1480.844169
10.800000 2.013683 18.488895 -2896.328243 -1386.066059
10.850000 2.017472 18.177124 -2924.668046 -1411.564333
10.900000 2.018066 18.168772 -2927.397636 -1413.848334
10.950000 1.999280 17.764966 -2963.332900 -1463.872574
11.000000 2.022984 17.121597 -3025.449178 -1508.210928
11.050000 1.994627 17.433125 -2990.678362 -1494.708271
11.100000 1.992069 16.681212 -3066.638474 -1572.586501
11.150000 2.007785 19.006468 -2851.234602 -1345.395517
11.200000 2.006160 17.481330 -2986.191741 -1481.572090
11.250000 1.986874 17.167918 -3011.401210 -1521.245915
11.300000 2.002196 17.241734 -3008.396224 -1506.749218
11.350000 2.004276 16.493853 -3081.521077 -1578.314308
11.400000 1.977811 17.246066 -3011.050375 -1527.692057
11.450000 1.988995 18.133475 -2932.013347 -1440.267125
11.500000 1.975638 17.704152 -2962.926566 -1481.197808
11.550000 2.007694 17.954523 -2945.368878 -1439.598489
11.600000 1.983030 17.678617 -2966.725290 -1479.452637
11.650000 1.989711 18.009111 -2935.377579 -1443.094252
11.700000 1.987796 17.320063 -2998.397832 -1507.550504
11.750000 1.978185 17.370274 -3000.875957 -1517.237197
11.800000 1.989916 18.535733 -2897.306849 -1404.869755
11.850000 2.021046 17.954517 -2951.641911 -1435.857529
11.900000 1.998746 17.348129 -2999.679801 -1500.620137
11.950000 1.960449 18.103968 -2929.241695 -1458.904904
12.000000 2.009563 18.946376 -2853.634818 -1346.462786
12.050000 2.005476 17.942715 -2950.306217 -1446.199431
12.100000 1.991122 16.872855 -3046.555596 -1553.213738
12.150000 2.009081 17.928151 -2947.012218 -1440.201395
12.200000 2.004154 17.828441 -2957.447527 -1454.332014
12.250000 2.005755 17.766607 -2966.972021 -1462.655958
12.300000 2.003483 17.884050 -2952.745542 -1450.133142
12.350000 1.994337 17.192155 -3017.398922 -1521.646213
12.400000 1.992791 18.254861 -2916.306421 -1421.713231
12.450000 1.985912 18.661520 -2881.059169 -1391.625040
12.500000 2.000413 17.262827 -3012.045324 -1511.735345
12.550000 1.991242 17.626756 -2980.911739 -1487.480295
12.600000 1.996993 17.714010 -2966.733948 -1468.989285
12.650000 1.971023 17.752263 -2963.343046 -1485.075580
12.700000 2.009671 18.366121 -2909.959552 -1402.706300
12.750000 2.006490 17.174197 -3016.450559 -1511.583283
12.800000 1.993828 17.473710 -2993.346904 -1497.975820
12.850000 1.980497 18.714586 -2879.554414 -1394.182008
12.900000 1.997224 18.280872 -2918.760292 -1420.842058
12.950000 2.015727 18.232297 -2919.987454 -1408.192104
13.000000 2.007359 16.945869 -3036.483842 -1530.964747
13.050000 1.988885 17.617761 -2974.478589 -1482.814732
13.100000 2.002175 17.799753 -2957.181541 -1455.550354
13.150000 1.995776 18.011370 -2935.572198 -1438.740212
13.200000 2.006674 17.234520 -3020.121801 -1515.116052
13.250000 2.002208 16.753814 -3054.605700 -1552.949718
13.300000 1.971387 18.123848 -2929.267261 -1450.727038
13.350000 2.019970 17.498764 -2990.695474 -1475.718201
13.400000 1.969063 18.115987 -2922.886808 -1446.089245
13.450000 1.973096 17.887100 -2952.863720 -1473.042053
13.500000 2.014821 17.852121 -2956.936038 -1445.820616
13.550000 1.995962 18.259995 -2913.927976 -1416.956374
13.600000 1.999947 18.686700 -2879.331858 -1379.371337
13.650000 2.002410 17.963007 -2950.531204 -1448.723657
13.700000 1.999994 18.344860 -2913.960087 -1413.964812
13.750000 2.021728 17.289545 -3007.486364 -1491.190633
13.800000 2.001610 17.336487 -3001.793247 -1500.585969
13.850000 2.018622 16.889910 -3041.067064 -1527.100591
13.900000 1.988416 17.059937 -3023.990644 -1532.678415
13.950000 2.019532 17.679854 -2972.896689 -1458.247596
14.000000 1.991368 18.010377 -2938.904696 -1445.378739
14.050000 1.992113 17.878184 -2950.884698 -1456.800243
14.100000 1.986355 17.409392 -2999.860684 -1510.094809
14.150000 2.017379 17.161852 -3021.151309 -1508.117104
14.200000 1.987407 18.527788 -2895.359756 -1404.804789
14.250000 2.006260 17.743616 -2964.004727 -1459.309858
14.300000 1.972084 17.629505 -2977.774819 -1498.711800
14.350000 2.009667 17.821255 -2963.540246 -1456.290040
14.400000 1.987605 18.972678 -2855.531490 -1364.827730
14.450000 2.030783 17.795401 -2968.736257 -1445.649301
14.500000 1.997437 16.059873 -3122.288153 -1624.210349
14.550000 1.984619 17.965114 -2944.659631 -1456.195227
14.600000 2.012195 17.509557 -2987.134707 -1477.988363
14.650000 2.002668 18.584462 -2887.114827 -1385.113903
14.700000 2.018802 17.224710 -3017.066879 -1502.965745
14.750000 2.001057 17.416226 -2992.937938 -1492.145353
14.800000 1.984850 17.692348 -2964.820535 -1476.182807
14.850000 2.010844 18.130900 -2930.950833 -1422.817821
14.900000 1.995431 16.503829 -3078.293531 -1581.720593
14.950000 1.980910 18.302438 -2904.060724 -1418.378045
15.000000 1.996764 13.818009 -2658.098399 -1160.525692
15.050000 1.999800 15.003500 -2535.011723 -1035.161988
15.100000 2.001760 13.654663 -2673.593898 -1172.273618
15.150000 1.987466 14.410261 -2600.041386 -1109.441846
15.200000 2.003005 14.048725 -2642.222986 -1139.969035
15.250000 1.991772 14.535777 -2591.197543 -1097.368789
15.300000 1.990626 14.950574 -2547.997065 -1055.027632
15.350000 2.017264 14.175427 -2625.665019 -1112.717022
15.400000 1.991398 15.199830 -2512.192812 -1018.644091
15.450000 2.004141 15.233107 -2516.246456 -1013.140592
15.500000 2.012055 14.657171 -2576.687706 -1067.646222
15.550000 1.989508 14.470356 -2593.172002 -1101.040903
15.600000 2.021282 14.588771 -2576.923442 -1060.961970
15.650000 1.995174 13.621748 -2672.808899 -1176.428603
15.700000 1.998607 14.341905 -2608.946681 -1109.991661
15.750000 1.995274 14.593264 -2584.910271 -1088.454970
15.800000 1.995131 15.032433 -2546.560413 -1050.212193
15.850000 1.993099 14.887062 -2551.936829 -1057.112733
15.900000 2.003088 14.710951 -2579.465405 -1077.149581
15.950000 1.987104 14.970401 -2553.489724 -1063.161396
16.000000 1.987714 14.548702 -2596.595406 -1105.809763
16.050000 1.990446 15.080075 -2538.497783 -1045.663552
16.100000 2.011152 15.241673 -2515.883240 -1007.519025
16.150000 2.002595 14.922174 -2552.656437 -1050.710403
16.200000 2.000719 16.456636 -2404.621896 -904.082468
16.250000 1.998999 15.709028 -2480.829536 -981.580153
16.300000 2.006246 15.492656 -2498.188444 -993.503864
16.350000 1.986897 15.770282 -2460.893366 -970.720956
16.400000 2.013347 15.649974 -2471.185160 -961.175149
16.450000 2.008372 14.612468 -2576.535064 -1070.255729
16.500000 2.012521 15.339164 -2511.054473 -1001.664057
16.550000 1.989978 14.710888 -2581.448605 -1088.965281
16.600000 1.992112 14.827260 -2562.453390 -1068.369745
16.650000 2.009651 14.566744 -2588.534554 -1081.296167
16.700000 1.988253 14.496885 -2591.765998 -1100.576088
16.750000 2.000633 14.759986 -2559.863447 -1059.388408
16.800000 2.010409 14.718835 -2562.492075 -1054.684990
16.850000 2.002864 14.914496 -2553.505039 -1051.357241
16.900000 1.994758 15.530997 -2494.373982 -998.305279
16.950000 1.996448 15.184976 -2536.457344 -1039.121416
17.000000 1.988792 16.043465 -2448.566280 -956.972581
17.050000 2.014232 16.111096 -2444.830327 -934.156593
17.100000 1.986836 15.705273 -2479.947485 -989.820328
17.150000 2.003450 15.332844 -2515.398723 -1012.811582
17.200000 1.982336 16.065149 -2438.867778 -952.115617
17.250000 2.005050 16.319110 -2415.914534 -912.126990
17.300000 2.012666 15.318740 -2521.664233 -1012.164889
17.350000 1.980313 15.897806 -2457.012811 -971.777813
17.400000 2.007685 15.386339 -2517.607249 -1011.843316
17.450000 1.997537 15.704012 -2478.751720 -980.599185
17.500000 2.000400 15.392089 -2502.742117 -1002.442141
17.550000 1.992676 15.116380 -2533.666173 -1039.158942
17.600000 1.977728 15.488898 -2496.865516 -1013.569317
17.650000 2.001518 15.746164 -2464.660404 -963.521702
17.700000 2.004419 14.737815 -2565.373358 -1062.058935
17.750000 1.982669 15.141057 -2528.448029 -1041.446319
17.800000 1.996906 15.375456 -2507.477537 -1009.798046
17.850000 2.018721 16.283145 -2420.219572 -906.178517
17.900000 1.995160 15.968013 -2445.588153 -949.218149
17.950000 2.007185 15.434011 -2498.119779 -992.731242
18.000000 2.004352 15.132486 -2525.939674 -1022.675717
18.050000 1.995500 14.899095 -2554.602335 -1057.977420
18.100000 1.993508 14.381183 -2605.512112 -1110.380744
18.150000 1.994502 15.205791 -2522.389625 -1026.513463
18.200000 1.984994 15.741063 -2475.182702 -986.436862
18.250000 2.028443 15.413994 -2513.617019 -992.284410
18.300000 2.019235 14.426984 -2598.276768 -1083.850786
18.350000 1.975460 14.441296 -2594.714495 -1113.119748
18.400000 1.994113 14.701618 -2563.038430 -1067.453891
18.450000 1.994205 15.024236 -2539.223651 -1043.570175
18.500000 1.998305 15.261706 -2521.657117 -1022.928016
18.550000 1.989426 14.927766 -2558.349996 -1066.280856
18.600000 1.990439 15.277329 -2518.353387 -1025.523936
18.650000 1.995263 15.235705 -2517.146693 -1020.699279
18.700000 2.009423 13.838593 -2654.127335 -1147.060217
18.750000 1.970130 14.781517 -2557.881671 -1080.283925
18.800000 2.011457 14.992121 -2550.435778 -1041.842849
18.850000 1.993499 14.897588 -2549.842250 -1054.718181
18.900000 2.004228 15.116536 -2532.082029 -1028.910668
18.950000 1.985253 15.051638 -2539.145718 -1050.206309
19.000000 2.014197 14.934533 -2554.013800 -1043.365974
19.050000 1.998545 16.028971 -2440.463483 -941.554606
19.100000 2.001683 15.111694 -2542.081601 -1040.819079
19.150000 2.009293 15.643806 -2486.898730 -979.929273
19.200000 1.997590 14.864064 -2562.465103 -1064.272364
19.250000 2.001751 15.688274 -2472.933670 -971.620527
19.300000 1.994406 14.255861 -2619.516626 -1123.711906
19.350000 1.984215 14.900182 -2555.006952 -1066.845902
19.400000 1.992100 14.644859 -2576.494361 -1082.419418
19.450000 1.987188 14.662108 -2579.079317 -1088.688327
19.500000 1.984445 14.417518 -2604.015738 -1115.682275
19.550000 1.996131 14.319316 -2612.864454 -1115.766306
19.600000 1.997767 15.437149 -2497.131703 -998.806735
19.650000 2.018110 14.850365 -2557.120693 -1043.537875
19.700000 1.987926 15.101948 -2534.726947 -1043.782124
19.750000 1.982485 14.787750 -2580.621947 -1093.758233
19.800000 2.014066 15.560328 -2490.307104 -979.757642
19.850000 1.981133 14.621346 -2588.225508 -1102.375565
19.900000 2.006429 15.448555 -2504.184428 -999.362427
19.950000 2.001915 14.798158 -2564.636720 -1063.200223
20.000000 2.008696 15.893163 -2457.650847 -951.128760
20.050000 2.025988 15.020849 -2551.546854 -1032.055751
20.100000 1.988926 15.294565 -2513.148747 -1021.454469
20.150000 2.017088 14.390484 -2601.868516 -1089.052859
20.200000 1.982077 14.503772 -2594.233851 -1107.676357
20.250000 1.990874 14.992463 -2545.118361 -1051.963062
20.300000 1.997286 15.326049 -2515.363814 -1017.399066
20.350000 1.987691 15.108658 -2545.587856 -1054.819361
20.400000 1.993663 15.562620 -2495.182488 -999.935364
20.450000 2.003803 15.658811 -2478.359794 -975.507749
20.500000 2.009319 15.068163 -2540.471760 -1033.482879
20.550000 1.979992 15.660837 -2479.721295 -994.727278
20.600000 2.029826 14.958079 -2562.928627 -1040.559484
20.650000 1.986440 15.524288 -2495.929101 -1006.099440
20.700000 2.018791 15.160979 -2542.403921 -1028.310862
20.750000 2.007662 14.869753 -2572.373326 -1066.626456
20.800000 2.002711 15.255290 -2524.538820 -1022.505403
20.850000 1.990184 15.169470 -2527.240750 -1034.602940
20.900000 2.001795 15.537579 -2490.915455 -989.569561
20.950000 1.984659 15.722370 -2476.391686 -987.897252
21.000000 1.987115 15.949425 -2454.407334 -964.070933
21.050000 1.990042 15.988465 -2450.520880 -957.989515
21.100000 1.994033 16.167432 -2429.701849 -934.177027
21.150000 2.029946 15.862943 -2459.430520 -936.971097
21.200000 1.968636 15.370639 -2510.679826 -1034.202679
21.250000 2.014973 15.362142 -2513.231038 -1002.001085
21.300000 1.988730 14.545017 -2589.728601 -1098.180756
21.350000 1.994779 15.973153 -2453.297115 -957.213095
21.400000 2.000693 16.164166 -2440.959797 -940.439698
21.450000 2.024811 15.609702 -2498.203615 -979.595308
21.500000 1.989319 16.231852 -2423.869414 -931.879856
21.550000 1.989623 15.444366 -2507.662374 -1015.445339
21.600000 2.010995 15.306768 -2517.239824 -1008.993706
21.650000 2.013680 15.194925 -2536.258835 -1025.998721
21.700000 2.007071 16.341890 -2421.869061 -916.565862
21.750000 2.027683 15.062112 -2544.350068 -1023.587790
21.800000 1.999682 15.209888 -2523.098501 -1023.337337
21.850000 1.989639 15.566515 -2496.991139 -1004.761519
21.900000 1.977496 15.974179 -2453.470876 -970.348973
21.950000 2.009458 15.731110 -2478.519957 -971.426163
22.000000 2.012893 15.376968 -2513.038928 -1003.369492
22.050000 2.008705 14.476336 -2603.965454 -1097.436443
22.100000 2.009100 14.151905 -2632.520067 -1125.695101
22.150000 1.976161 15.192420 -2531.478361 -1049.357684
22.200000 1.999402 15.670240 -2489.942546 -990.391144
22.250000 2.000202 14.689302 -2581.301923 -1081.150464
22.300000 1.989170 15.289095 -2508.427006 -1016.549362
22.350000 1.997074 14.846228 -2562.236111 -1064.430982
22.400000 1.999620 15.028649 -2537.419320 -1037.704594
22.450000 2.004480 14.788328 -2565.040700 -1061.681023
22.500000 2.002789 8.379016 -2589.137907 -1087.045850
22.550000 1.970279 8.826350 -2539.338122 -1061.628513
22.600000 2.011444 8.996357 -2531.003565 -1022.420606
22.650000 1.998546 8.892353 -2540.216877 -1041.307166
22.700000 1.984202 9.308840 -2494.244330 -1006.092992
22.750000 2.011630 9.685538 -2453.590505 -944.868145
22.800000 1.999348 8.925499 -2547.175872 -1047.665051
22.850000 2.014266 9.133053 -2522.022935 -1011.323624
22.900000 2.007533 8.760322 -2560.563501 -1054.913719
22.950000 2.009292 8.815332 -2561.709339 -1054.740689
23.000000 1.987520 9.526972 -2479.205443 -988.565715
23.050000 2.006922 9.735329 -2446.626726 -941.435250
23.100000 1.998216 9.320613 -2481.406617 -982.744844
23.150000 1.995058 9.057125 -2519.311556 -1023.018125
23.200000 2.017092 8.592054 -2580.272354 -1067.453517
23.250000 1.988282 9.274273 -2495.417150 -1004.205986
23.300000 2.017168 8.846342 -2545.495920 -1032.619883
23.350000 1.995453 8.771369 -2540.009884 -1043.420399
23.400000 1.985526 8.709615 -2552.904851 -1063.760494
23.450000 2.001001 9.148402 -2506.381236 -1005.630746
23.500000 1.999856 8.607646 -2561.559821 -1061.667715
23.550000 1.994719 8.919030 -2530.197773 -1034.158187
23.600000 1.993802 8.746112 -2547.665089 -1052.313835
23.650000 1.984773 8.192696 -2603.546464 -1114.967078
23.700000 2.007004 8.251448 -2597.351529 -1092.098743
23.750000 2.006112 8.763627 -2543.852127 -1039.268259
23.800000 1.976303 8.833186 -2538.481420 -1056.254309
23.850000 2.009396 9.029895 -2526.547806 -1019.500739
23.900000 2.016795 9.124224 -2515.649142 -1003.053153
23.950000 1.990397 8.604073 -2571.660079 -1078.862675
24.000000 1.997586 9.721103 -2451.756580 -953.567228
24.050000 2.012317 9.237240 -2510.728426 -1001.490593
24.100000 2.020712 8.801590 -2552.646849 -1037.112930
24.150000 1.983399 8.685378 -2556.004874 -1068.455422
24.200000 2.012271 9.130837 -2508.475779 -999.272763
24.250000 2.006565 8.642794 -2565.672972 -1060.748930
24.300000 2.006823 9.222005 -2503.664219 -998.547225
24.350000 2.001490 9.725958 -2445.300695 -944.182900
24.400000 2.000917 9.096602 -2508.107735 -1007.419657
24.450000 2.008492 8.662105 -2559.311544 -1052.942672
24.500000 1.994538 8.415601 -2594.150651 -1098.247231
24.550000 1.983926 8.638052 -2568.384464 -1080.439796
24.600000 2.000160 9.885113 -2432.294330 -932.174142
24.650000 1.998905 9.417500 -2484.773702 -985.595055
24.700000 2.020727 8.880435 -2534.192399 -1018.647318
24.750000 1.995447 8.819296 -2533.548177 -1036.963271
24.800000 1.983312 9.287468 -2496.819617 -1009.335871
24.850000 2.004838 9.583575 -2459.460158 -955.831792
24.900000 2.011895 8.825116 -2550.621228 -1041.699753
24.950000 1.991106 9.525588 -2473.496139 -980.166956
25.000000 2.015365 9.685604 -2457.484397 -945.960518
25.050000 1.991314 9.558520 -2470.415532 -976.930085
25.100000 2.000485 9.475447 -2482.198715 -981.834825
25.150000 2.014527 9.523228 -2473.863524 -962.968060
25.200000 1.996304 8.731979 -2559.405528 -1062.177503
25.250000 1.984037 8.631413 -2570.899055 -1082.871501
25.300000 1.993165 9.234882 -2507.118657 -1012.244892
25.350000 1.980729 9.387347 -2485.628053 -1000.081044
25.400000 2.009514 9.202912 -2512.709975 -1005.574448
25.450000 2.001604 9.537316 -2475.433702 -974.230956
25.500000 2.006964 9.188016 -2506.332603 -1001.109258
25.550000 2.015852 8.474766 -2582.082716 -1070.193775
25.600000 1.998551 8.811494 -2539.473180 -1040.560216
25.650000 1.995921 8.636442 -2570.919573 -1073.978468
25.700000 2.003342 9.354241 -2504.270471 -1001.763777
25.750000 2.003681 9.039157 -2538.659321 -1035.898375
25.800000 2.016270 9.116396 -2529.653589 -1017.451137
25.850000 1.990034 8.696797 -2573.598127 -1081.072463
25.900000 2.006390 9.264768 -2507.742094 -1002.949724
25.950000 2.004096 8.885209 -2535.729377 -1032.657293
26.000000 2.001051 8.383221 -2592.105139 -1091.316530
26.050000 1.999647 8.504320 -2582.381706 -1082.646364
26.100000 1.989226 8.869564 -2545.314409 -1053.394863
26.150000 1.996079 9.322137 -2501.678908 -1004.619588
26.200000 2.008028 8.593423 -2581.876578 -1075.855879
26.250000 1.981106 8.745935 -2557.148285 -1071.318775
26.300000 1.996735 9.124271 -2516.237369 -1018.686302
26.350000 2.011028 9.305179 -2501.155420 -992.884242
26.400000 1.992263 8.856263 -2546.173477 -1051.976279
26.450000 1.981851 9.253763 -2500.383187 -1013.994834
26.500000 1.999593 9.203943 -2514.314139 -1014.619504
26.550000 1.990249 9.177482 -2516.785091 -1024.098311
26.600000 2.015426 9.482648 -2485.520563 -973.951009
26.650000 2.004069 9.434434 -2483.398218 -980.346816
26.700000 1.988763 9.144510 -2507.207484 -1015.635413
26.750000 1.992367 8.842419 -2541.402442 -1047.126896
26.800000 2.005636 9.310706 -2494.957201 -990.730167
26.850000 2.006009 8.970184 -2532.053333 -1027.546385
26.900000 2.001326 8.758027 -2550.585667 -1049.590817
26.950000 2.002727 9.035577 -2522.404527 -1020.359424
27.000000 2.004348 9.567398 -2466.043786 -962.783010
27.050000 2.000941 9.138682 -2517.175965 -1016.470052
27.100000 2.016971 9.568954 -2473.713033 -960.985056
27.150000 2.020414 8.384364 -2602.411657 -1087.101478
27.200000 1.987536 8.895932 -2537.522384 -1046.870050
27.250000 2.004396 9.104204 -2523.770951 -1020.473929
27.300000 1.994648 8.982788 -2528.398626 -1032.412882
27.350000 2.005905 8.735061 -2552.500550 -1048.072046
27.400000 1.995957 9.186310 -2502.859824 -1005.892047
27.450000 2.002721 9.059493 -2523.251324 -1021.210292
27.500000 2.005204 8.767500 -2553.412450 -1049.509539
27.550000 2.004782 9.258971 -2494.676211 -991.090000
27.600000 2.017985 8.629459 -2565.323318 -1051.834761
27.650000 1.987276 8.961360 -2522.473564 -1032.016798
27.700000 2.004463 9.076335 -2517.240079 -1013.892665
27.750000 2.010064 8.939861 -2529.487072 -1021.939197
27.800000 1.986475 9.289530 -2491.376834 -1001.520796
27.850000 2.014908 9.362340 -2490.403957 -979.223105
27.900000 2.003510 9.062162 -2514.415189 -1011.783051
27.950000 2.009704 8.615021 -2568.581710 -1061.303442
28.000000 2.005092 9.433551 -2483.193223 -979.374578
28.050000 1.993517 9.485504 -2480.890108 -985.752450
28.100000 2.010026 9.591786 -2466.210287 -958.691105
28.150000 2.014432 9.309443 -2498.094793 -987.270721
28.200000 1.988277 9.629059 -2457.942712 -966.735292
28.250000 2.022840 9.027086 -2530.269102 -1013.138860
28.300000 1.985948 8.876703 -2541.672802 -1052.212171
28.350000 1.982664 9.471792 -2474.463279 -987.465472
28.400000 2.003086 9.168002 -2511.031848 -1008.717665
28.450000 1.992503 9.740100 -2452.866631 -958.489223
28.500000 1.997711 9.154316 -2515.226241 -1016.943139
28.550000 2.007692 9.471783 -2474.712356 -968.943218
28.600000 2.011002 9.194506 -2514.310936 -1006.059591
28.650000 2.006170 9.109262 -2517.261895 -1012.634065
28.700000 2.006198 9.057859 -2523.652248 -1019.003629
28.750000 2.000620 8.730989 -2569.927033 -1069.461711
28.800000 1.992936 8.753589 -2561.659785 -1066.957592
28.850000 2.013291 9.598598 -2464.148543 -954.180155
28.900000 1.990303 9.214991 -2505.718223 -1012.990701
28.950000 2.001652 9.561802 -2468.375196 -967.136364
29.000000 2.017198 8.972252 -2535.583305 -1022.684554
29.050000 1.999805 8.723224 -2555.658215 -1055.804430
29.100000 2.016612 9.368694 -2482.866174 -970.407515
29.150000 1.984844 9.586022 -2462.982269 -974.349577
29.200000 2.001440 9.250217 -2503.728564 -1002.648693
29.250000 2.004174 8.913620 -2538.745329 -1035.614651
29.300000 2.007168 8.984342 -2535.345869 -1029.970085
29.350000 1.977183 9.309367 -2497.241033 -1014.353685
29.400000 2.017489 8.773195 -2559.638458 -1046.521770
29.450000 2.006226 8.582841 -2569.795236 -1065.125506
29.500000 1.986786 8.868556 -2536.388280 -1046.298898
29.550000 1.998511 9.472043 -2487.227355 -988.344323
29.600000 2.012517 9.484369 -2486.659899 -977.272056
29.650000 2.010199 8.615748 -2575.475340 -1067.826437
29.700000 2.000138 8.647153 -2569.820159 -1069.716618
29.750000 2.014268 8.598999 -2575.639330 -1064.938631
29.800000 1.987556 8.563244 -2582.845189 -1092.178341
29.850000 1.984566 9.389945 -2492.098194 -1003.673924
29.900000 2.014724 8.632359 -2582.114310 -1071.071545
29.950000 1.989993 8.982285 -2527.133236 -1034.638852
30.000000 2.003000 4.973236 -2414.404110 -912.154299
30.050000 1.999982 4.674344 -2441.110208 -941.123710
30.100000 1.993928 5.071937 -2387.965010 -892.518707
30.150000 1.996510 5.103847 -2398.938621 -901.555995
30.200000 1.993844 5.405061 -2365.700306 -870.317618
30.250000 2.001050 5.280075 -2375.414105 -874.626430
30.300000 2.010010 5.177738 -2393.771429 -886.263837
30.350000 1.986497 5.569930 -2344.290381 -854.417808
30.400000 2.001946 5.777114 -2324.535692 -823.076434
30.450000 1.982800 5.174684 -2391.316120 -904.216126
30.500000 1.995474 5.667678 -2340.557671 -843.952071
30.550000 2.003527 5.506944 -2375.908748 -873.263423
30.600000 2.010041 5.206368 -2413.598946 -906.067873
30.650000 2.011694 5.733437 -2342.154256 -833.383659
30.700000 2.017400 5.202295 -2401.178789 -888.128597
30.750000 1.989192 5.496626 -2369.350389 -877.456534
30.800000 2.004054 5.538507 -2360.294057 -857.253472
30.850000 2.009439 5.333541 -2380.974743 -873.895738
30.900000 2.002138 5.353161 -2367.939245 -866.335943
30.950000 1.981266 5.332054 -2372.007849 -886.058158
31.000000 1.997912 5.249786 -2384.255695 -885.821823
31.050000 2.018556 5.166653 -2390.392969 -876.475913
31.100000 2.001158 4.695678 -2446.266879 -945.398106
31.150000 2.003569 4.965039 -2409.176805 -906.499943
31.200000 1.991202 4.785993 -2440.792178 -947.390452
31.250000 2.009601 5.515228 -2356.238736 -849.037926
31.300000 2.016882 5.347596 -2383.667426 -871.005703
31.350000 1.983872 5.666164 -2347.643649 -859.739726
31.400000 2.000416 5.707801 -2343.874522 -843.562597
31.450000 1.991288 5.594003 -2357.084791 -863.618729
31.500000 1.994986 6.059466 -2298.688952 -802.449088
31.550000 2.010493 5.989237 -2305.463757 -797.593719
31.600000 2.003265 5.126012 -2397.673313 -895.224702
31.650000 1.984610 5.634242 -2320.888263 -832.430502
31.700000 2.008814 5.386947 -2368.183045 -861.572911
31.750000 1.979256 5.675692 -2335.482215 -851.040229
31.800000 2.007899 5.711472 -2325.797969 -819.873982
31.850000 1.996575 5.526659 -2348.195673 -850.764235
31.900000 2.022157 5.606813 -2334.963225 -818.345622
31.950000 2.003140 5.175632 -2384.547354 -882.192101
32.000000 2.006293 5.213133 -2386.681716 -881.962306
32.050000 1.983684 5.473097 -2366.922421 -879.159390
32.100000 1.992742 5.924361 -2315.799449 -821.243320
32.150000 2.024287 5.575742 -2367.601965 -849.386921
32.200000 2.000898 5.043670 -2425.495148 -924.821687
32.250000 1.983601 5.783215 -2332.461588 -844.761121
32.300000 2.002605 5.255613 -2395.596619 -893.642741
32.350000 1.996176 5.205516 -2398.570266 -901.438564
32.400000 2.006366 5.283381 -2390.548173 -885.773624
32.450000 1.992572 5.547378 -2352.357521 -857.928877
32.500000 1.987724 5.826618 -2318.242533 -827.449456
32.550000 2.004974 5.301039 -2392.423634 -888.693398
32.600000 1.988752 5.516439 -2349.682532 -858.118373
32.650000 1.997158 4.931212 -2417.707994 -919.839668
32.700000 1.996703 5.076365 -2405.456105 -907.928937
32.750000 1.992908 5.296829 -2379.434997 -884.754340
32.800000 2.002793 5.431087 -2367.548197 -865.453393
32.850000 2.000787 5.151747 -2403.521607 -902.930987
32.900000 1.986753 5.466133 -2363.942150 -873.877030
32.950000 1.994254 5.203425 -2402.306058 -906.615894
33.000000 2.012692 4.978552 -2430.574557 -921.055596
33.050000 1.992004 5.444954 -2377.023970 -883.020749
33.100000 2.010456 5.579367 -2360.776918 -852.934980
33.150000 2.013104 5.071873 -2396.278756 -886.450449
33.200000 1.981321 4.587637 -2447.494641 -961.504265
33.250000 2.013764 5.719060 -2318.373561 -808.050490
33.300000 2.006811 5.063140 -2400.060643 -894.952668
33.350000 1.994785 4.783589 -2426.762276 -930.673751
33.400000 1.985273 5.090277 -2390.298177 -901.343316
33.450000 2.005357 5.354183 -2367.520801 -863.503136
33.500000 1.989070 5.286099 -2382.358813 -890.556099
33.550000 1.996999 5.973076 -2289.869903 -792.120764
33.600000 1.997628 5.422067 -2355.677093 -857.456308
33.650000 1.991971 5.610185 -2337.529271 -843.551164
33.700000 2.017629 5.324494 -2386.029694 -872.807738
33.750000 1.989308 5.559980 -2351.466500 -859.485414
33.800000 2.016290 5.855887 -2320.254603 -808.037126
33.850000 2.007765 5.158154 -2414.639561 -908.816061
33.900000 2.008301 5.224571 -2403.879831 -897.654261
33.950000 2.000317 5.619988 -2341.199747 -840.962182
34.000000 1.991919 5.210629 -2393.404713 -899.465321
34.050000 1.997826 5.724961 -2330.837713 -832.468271
34.100000 2.003183 5.285665 -2391.302884 -888.915838
34.150000 2.006416 5.546793 -2359.034421 -854.222373
34.200000 2.007904 5.582715 -2346.308262 -840.380306
34.250000 1.995223 5.173190 -2389.688196 -893.271168
34.300000 1.989696 4.965083 -2415.671792 -923.399926
34.350000 1.994666 5.496070 -2345.707532 -849.707876
34.400000 2.021478 5.072109 -2398.778348 -882.669890
34.450000 1.997400 5.028064 -2396.762070 -898.711943
34.500000 1.990515 5.324949 -2363.384355 -870.497800
34.550000 2.012269 5.405717 -2368.732808 -859.531411
34.600000 2.008283 5.308024 -2379.158999 -872.946951
34.650000 1.992435 5.115629 -2405.105681 -910.779796
34.700000 2.018353 5.183219 -2405.844491 -892.080038
34.750000 1.992936 5.594747 -2354.661336 -859.959072
34.800000 2.011236 5.278184 -2390.191558 -881.764920
34.850000 1.977672 5.166275 -2399.403845 -916.149639
34.900000 1.994510 5.899799 -2319.160034 -823.277439
34.950000 2.009738 5.743091 -2341.698679 -834.395130
35.000000 2.009488 5.768724 -2332.183322 -825.067397
35.050000 2.002782 5.272173 -2387.503934 -885.417570
35.100000 1.975132 5.461917 -2358.180359 -876.831220
35.150000 2.011949 5.240563 -2389.538152 -880.576139
35.200000 1.990318 5.376316 -2370.505142 -877.766269
35.250000 2.001673 5.391417 -2362.967875 -861.713477
35.300000 1.991867 5.345508 -2364.906114 -871.005627
35.350000 1.996532 4.915333 -2421.527240 -924.127985
35.400000 2.003691 4.835284 -2435.433161 -932.665061
35.450000 1.985132 5.260643 -2380.241814 -891.392551
35.500000 2.024831 4.996437 -2414.902267 -896.279062
35.550000 1.987141 4.507049 -2475.898683 -985.542872
35.600000 2.002251 4.944760 -2416.384778 -914.696599
35.650000 1.973985 5.190861 -2376.349743 -895.861341
35.700000 2.023429 4.802726 -2428.285661 -910.713749
35.750000 2.003818 5.252767 -2365.056587 -862.193312
35.800000 1.981084 5.410536 -2352.884937 -867.071948
35.850000 2.017519 5.497855 -2354.255014 -841.115672
35.900000 1.985886 5.578153 -2345.068995 -855.654268
35.950000 2.001499 6.081282 -2287.287467 -786.163031
36.000000 1.998433 5.279172 -2387.667452 -888.842710
36.050000 1.990805 5.018014 -2419.499895 -926.395864
36.100000 2.004774 5.588134 -2342.344140 -838.763500
36.150000 2.015677 5.170703 -2387.968352 -876.210730
36.200000 2.004288 4.890506 -2415.657607 -912.441301
36.250000 1.991668 4.650436 -2443.946308 -950.195093
36.300000 1.987549 5.433061 -2348.987017 -858.325388
36.350000 2.017641 5.755355 -2318.640376 -805.409882
36.400000 1.977966 5.338594 -2373.964494 -890.490339
36.450000 1.996853 6.071769 -2287.774031 -790.134295
36.500000 2.017480 5.265251 -2389.250477 -876.140313
36.550000 2.006023 5.125236 -2403.618746 -899.101498
36.600000 1.997435 5.350376 -2377.199783 -879.123710
36.650000 1.989550 6.128249 -2289.207234 -797.044491
36.700000 1.998337 5.960933 -2312.913742 -814.160720
36.750000 2.000962 5.444702 -2369.565232 -868.843950
36.800000 2.006455 5.288654 -2375.442078 -870.600468
36.850000 1.988886 5.127231 -2399.458937 -907.794313
36.900000 2.006044 5.407813 -2371.427028 -866.893740
36.950000 1.985446 5.742292 -2334.875322 -845.790969
37.000000 2.012967 5.195453 -2412.492055 -902.766820
37.050000 1.997418 5.336779 -2394.187149 -896.123284
37.100000 1.993497 5.408784 -2383.595871 -888.472897
37.150000 2.004850 5.350863 -2387.054895 -883.417739
37.200000 1.997470 5.424838 -2374.039546 -875.936699
37.250000 1.983178 5.566548 -2345.834737 -858.450945
37.300000 1.997639 5.313813 -2372.397815 -874.168590
37.350000 2.005594 5.467309 -2349.039093 -844.843401
37.400000 2.017983 4.925976 -2416.359824 -902.872772
37.450000 1.996678 5.174202 -2391.224454 -893.715939
37.500000 1.984705 3.101997 -2136.138588 -647.610025
37.550000 2.013648 3.105308 -2142.879358 -632.643299
37.600000 2.004894 2.937787 -2162.247947 -658.577620
37.650000 1.994432 3.023319 -2160.997544 -665.173269
37.700000 1.997515 2.892737 -2188.045256 -689.909233
37.750000 2.004466 3.564584 -2089.670214 -586.320547
37.800000 2.002309 2.818170 -2196.634261 -694.902573
37.850000 1.990659 3.074453 -2161.954184 -668.959912
37.900000 1.997207 3.108855 -2153.713148 -655.807900
37.950000 2.004541 3.020297 -2156.663485 -653.257508
38.000000 1.992450 2.973455 -2161.159381 -666.821839
38.050000 2.011015 3.051196 -2154.767101 -646.505836
38.100000 2.003978 3.005496 -2164.691597 -661.708010
38.150000 1.995334 2.922578 -2173.450028 -676.949718
38.200000 1.998280 3.071498 -2150.785543 -652.075726
38.250000 1.990101 2.919904 -2173.455863 -680.880428
38.300000 2.010186 3.166780 -2141.451086 -633.811592
38.350000 2.007766 2.954267 -2166.331460 -660.506916
38.400000 2.002909 3.107703 -2134.227813 -632.046070
38.450000 2.007444 3.067589 -2142.054636 -636.471469
38.500000 1.999852 2.850233 -2171.311492 -671.422847
38.550000 1.993368 3.221480 -2130.144839 -635.119013
38.600000 1.993392 3.927447 -2041.579687 -546.535486
38.650000 2.013762 3.278706 -2129.441993 -619.120159
38.700000 2.001044 2.554612 -2221.150514 -720.367631
38.750000 1.993003 2.832143 -2178.122854 -683.370574
38.800000 1.988862 2.711350 -2200.077052 -708.430759
38.850000 1.995306 3.408100 -2100.121371 -603.641821
38.900000 2.017631 3.019249 -2158.291828 -645.068650
38.950000 2.000381 2.932473 -2171.371845 -671.086210
39.000000 1.994407 3.129042 -2135.068645 -639.263558
39.050000 1.998175 2.744508 -2186.029856 -687.398713
39.100000 1.997798 3.056380 -2139.515890 -641.167548
39.150000 1.997245 2.921744 -2159.643293 -661.709841
39.200000 2.004092 2.842977 -2169.861953 -666.792975
39.250000 1.985670 2.961135 -2160.798703 -671.545877
39.300000 2.003699 3.437991 -2108.178617 -605.404201
39.350000 2.014792 3.210073 -2145.418260 -634.324228
39.400000 1.992868 3.736790 -2064.944930 -570.293908
39.450000 2.014452 3.108480 -2141.605180 -630.766423
39.500000 2.004972 3.026719 -2141.576534 -637.847310
39.550000 2.010979 2.448039 -2225.202740 -716.968515
39.600000 1.998244 2.306210 -2238.690386 -740.007411
39.650000 1.995676 2.608244 -2201.961650 -705.204327
39.700000 1.994538 3.050497 -2146.499318 -650.596156
39.750000 2.024248 2.916281 -2164.818235 -646.632394
39.800000 1.998860 2.480585 -2217.092436 -717.947601
39.850000 2.003175 2.810568 -2176.403783 -674.022695
39.900000 1.992889 3.030327 -2152.069025 -657.402527
39.950000 1.997182 3.273387 -2126.969184 -629.082765
40.000000 2.008903 3.116479 -2158.618085 -651.940779
40.050000 2.003315 3.330412 -2125.209696 -622.723781
40.100000 1.993715 3.425759 -2114.130998 -618.844850
40.150000 2.011765 3.049651 -2160.974442 -652.150774
40.200000 1.996966 3.025701 -2149.479726 -651.755040
40.250000 1.999285 2.596685 -2199.717071 -700.253421
40.300000 1.998689 2.580857 -2207.533367 -708.516725
40.350000 2.006083 2.934829 -2172.821091 -668.259014
40.400000 1.993115 3.167113 -2146.272559 -651.436316
40.450000 1.984307 3.153572 -2145.191183 -656.960999
40.500000 2.004088 3.353934 -2107.596718 -604.530376
40.550000 1.991000 3.256622 -2118.783813 -625.534179
40.600000 1.997522 3.289275 -2132.212581 -634.071429
40.650000 1.999266 3.654504 -2084.507699 -585.058288
40.700000 1.994378 3.208255 -2141.734339 -645.950872
40.750000 1.988066 3.511740 -2096.121722 -605.072492
40.800000 2.012109 3.327817 -2115.015432 -605.933326
40.850000 2.010031 3.180091 -2127.313035 -619.789497
40.900000 1.989876 2.569508 -2217.023646 -724.616719
40.950000 2.007102 3.166085 -2132.078059 -626.751882
41.000000 1.997798 2.873219 -2168.905501 -670.556749
41.050000 2.012952 2.857628 -2165.378968 -655.664862
41.100000 1.996733 2.593880 -2197.919424 -700.369896
41.150000 1.984972 3.412052 -2084.526460 -595.797650
41.200000 2.000880 2.774426 -2190.068296 -689.408112
41.250000 1.996277 2.952912 -2166.851978 -669.644477
41.300000 2.012163 2.864654 -2171.622501 -662.500588
41.350000 1.999730 2.787361 -2166.176064 -666.378513
41.400000 1.989376 3.130433 -2121.979567 -629.947886
41.450000 1.996683 3.190317 -2124.871531 -627.358916
41.500000 2.010218 3.191339 -2121.432562 -613.768841
41.550000 1.995556 3.061473 -2140.646267 -643.978914
41.600000 2.011351 2.943347 -2165.609567 -657.096130
41.650000 2.008710 2.819841 -2180.084001 -673.551204
41.700000 1.996705 2.760188 -2188.614247 -691.085211
41.750000 2.000039 2.976185 -2162.611409 -662.582332
41.800000 2.002391 2.812337 -2179.859974 -678.066815
41.850000 2.000681 2.411727 -2233.878618 -733.367671
41.900000 1.992382 3.086185 -2142.338598 -648.051784
41.950000 2.014262 2.630089 -2208.208823 -697.512171
42.000000 1.990129 2.834188 -2173.654922 -681.058167
42.050000 1.998468 2.816155 -2189.721483 -690.870616
42.100000 2.002641 3.381773 -2121.474615 -619.493861
42.150000 2.014092 3.466344 -2107.312338 -596.743597
42.200000 2.010882 3.145266 -2142.654524 -634.492871
42.250000 1.998254 3.293162 -2119.166047 -620.475376
42.300000 2.000642 3.376855 -2113.991249 -613.509425
42.350000 2.005867 3.351111 -2097.346999 -592.946938
42.400000 2.010199 2.392640 -2215.474079 -707.825000
42.450000 1.961911 2.869070 -2150.955829 -679.522262
42.500000 2.002611 2.638912 -2192.487495 -690.528969
42.550000 2.002382 2.834591 -2156.567315 -654.780510
42.600000 1.989189 3.070053 -2126.610207 -634.718162
42.650000 1.996144 2.934219 -2153.680604 -656.572656
42.700000 1.988012 3.348737 -2093.506747 -602.498110
42.750000 2.012542 3.007243 -2144.970454 -635.564198
42.800000 1.991099 3.061471 -2136.695176 -643.370697
42.850000 2.007297 3.629678 -2069.167858 -563.694801
42.900000 1.991713 3.487879 -2090.360269 -596.575888
42.950000 1.999488 3.298676 -2117.427854 -617.812206
43.000000 2.015063 3.194053 -2136.482010 -625.184666
43.050000 2.003712 2.905197 -2179.144020 -676.359888
43.100000 2.005240 3.220959 -2133.898765 -629.968555
43.150000 2.001865 2.834895 -2182.466595 -681.067947
43.200000 1.994456 2.874969 -2164.210784 -668.368487
43.250000 1.999208 3.026588 -2134.504530 -635.098186
43.300000 2.009337 2.672380 -2179.877260 -672.874160
43.350000 1.997439 2.851540 -2159.796943 -661.717345
43.400000 1.999978 3.275362 -2108.211509 -608.227997
43.450000 1.994285 3.303700 -2114.122289 -618.408626
43.500000 1.995913 3.052514 -2147.813233 -650.878473
43.550000 2.009935 2.714647 -2183.649106 -676.197974
43.600000 1.990396 2.830891 -2161.655199 -668.857868
43.650000 1.997272 3.078156 -2136.796286 -638.842589
43.700000 2.001997 3.180863 -2130.028080 -628.530275
43.750000 1.998892 3.300215 -2123.535048 -624.366136
43.800000 1.996144 3.688094 -2078.650401 -581.542082
43.850000 2.012715 3.222753 -2137.547270 -628.010764
43.900000 2.006663 3.085746 -2151.698492 -646.700917
43.950000 1.989426 3.222318 -2136.463055 -644.393824
44.000000 2.007004 3.733906 -2064.454795 -559.201701
44.050000 2.000087 2.978323 -2178.867031 -678.801793
44.100000 2.015802 2.950008 -2179.456346 -667.604868
44.150000 1.980791 3.167385 -2141.310783 -655.717783
44.200000 1.982637 3.335612 -2126.047353 -639.069549
44.250000 1.995714 3.620950 -2088.572300 -591.786669
44.300000 2.009670 3.553913 -2095.181815 -587.929670
44.350000 2.004675 3.015710 -2165.887596 -662.381514
44.400000 1.999229 2.894133 -2180.268613 -680.847115
44.450000 2.004544 3.181612 -2135.194796 -631.786634
44.500000 2.007359 2.834121 -2179.409635 -673.890156
44.550000 2.001728 2.783769 -2186.890956 -685.595131
44.600000 1.995217 3.195754 -2119.705207 -623.292776
44.650000 1.998630 3.033300 -2148.570572 -649.598246
44.700000 1.990311 3.506401 -2087.249606 -594.516727
44.750000 2.004618 3.266606 -2130.912888 -627.449584
44.800000 1.992787 3.478171 -2094.907387 -600.316783
44.850000 1.997078 2.809860 -2189.701833 -691.892990
44.900000 1.987107 2.915007 -2177.963998 -687.633645
44.950000 2.007830 3.180084 -2145.048578 -639.176122
45.000000 2.003478 1.605810 -1889.289345 -386.680613
45.050000 2.008331 1.747596 -1864.875417 -358.626840
45.100000 1.995034 1.778759 -1854.419873 -358.144275
45.150000 2.004963 1.625606 -1870.166695 -366.444716
45.200000 1.997306 1.377129 -1909.097605 -411.117847
45.250000 1.987708 1.827563 -1843.537942 -352.757017
45.300000 2.005468 1.678040 -1880.509135 -376.408065
45.350000 2.009637 1.580847 -1899.641594 -392.413651
45.400000 1.997667 1.612877 -1884.181132 -385.930533
45.450000 1.998655 1.454432 -1908.515758 -409.524724
45.500000 2.015293 1.551859 -1896.700276 -385.230457
45.550000 2.003293 1.465769 -1907.702951 -405.232940
45.600000 2.003750 1.556736 -1895.030237 -392.217949
45.650000 1.990981 1.763308 -1867.890100 -374.654067
45.700000 1.985984 1.774612 -1883.046439 -393.558246
45.750000 1.987309 1.895562 -1870.659103 -380.177547
45.800000 2.005501 1.791178 -1886.858640 -382.732523
45.850000 2.003369 2.116470 -1823.469242 -320.942280
45.900000 2.006893 1.419817 -1927.750986 -422.580885
45.950000 1.994114 1.540472 -1899.655597 -404.070116
46.000000 1.995609 1.575755 -1900.351649 -403.645108
46.050000 2.010962 1.898498 -1848.454258 -340.232525
46.100000 2.000383 1.530539 -1912.734149 -412.446871
46.150000 2.001865 1.725945 -1888.875634 -387.476841
46.200000 2.005242 1.772453 -1883.230117 -379.298955
46.250000 2.004590 1.914149 -1853.977829 -350.534971
46.300000 2.002034 1.731621 -1879.997916 -378.472526
46.350000 2.014119 1.781174 -1874.127350 -363.537880
46.400000 1.997836 1.687143 -1895.224651 -396.847540
46.450000 2.004727 1.761460 -1885.985007 -382.439806
46.500000 1.989030 2.026140 -1846.438909 -354.666698
46.550000 2.019767 2.170132 -1828.144442 -313.319053
46.600000 2.000831 1.940936 -1860.993306 -360.369815
46.650000 2.000761 1.744722 -1890.445905 -389.875109
46.700000 1.988005 1.606824 -1911.614203 -420.610559
46.750000 1.997192 1.974875 -1848.812460 -350.918566
46.800000 2.017172 1.776645 -1871.063438 -358.184345
46.850000 1.999021 1.659869 -1886.312804 -387.047354
46.900000 1.999279 1.672322 -1890.220120 -390.760572
46.950000 1.996230 1.816791 -1864.488062 -367.315423
47.000000 1.994701 1.620334 -1893.876679 -397.851215
47.050000 1.992926 1.488526 -1924.166295 -429.471855
47.100000 2.006581 1.867412 -1869.246671 -364.311019
47.150000 1.996789 2.005363 -1839.744956 -342.152961
47.200000 2.012781 1.731606 -1874.447719 -364.861759
47.250000 2.001540 1.323797 -1940.978118 -439.823170
47.300000 1.993482 1.631043 -1893.623185 -398.511551
47.350000 1.995413 1.822661 -1868.409888 -371.850124
47.400000 2.007882 1.803313 -1866.943453 -361.032014
47.450000 2.003966 1.396720 -1917.673779 -414.699194
47.500000 1.995312 1.138326 -1951.841677 -455.357529
47.550000 2.003382 1.440381 -1909.228893 -406.692376
47.600000 2.000911 1.545327 -1899.116965 -398.433870
47.650000 2.003289 1.302574 -1941.695149 -439.228414
47.700000 1.989585 1.660428 -1885.656014 -393.467155
47.750000 1.988526 1.748279 -1879.992341 -388.597889
47.800000 1.999536 1.713300 -1882.388406 -382.736543
47.850000 1.996373 1.750474 -1865.856653 -368.576593
47.900000 1.991688 1.650683 -1883.885861 -390.120036
47.950000 2.015491 1.939663 -1829.105267 -317.487284
48.000000 1.998082 1.561126 -1881.006452 -382.444919
48.050000 2.000809 1.275241 -1929.716648 -429.109643
48.100000 1.998174 1.734550 -1864.272001 -365.641693
48.150000 1.994577 1.875948 -1856.311641 -360.378829
48.200000 2.013904 1.640715 -1896.872804 -386.444562
48.250000 1.995803 1.492175 -1916.865661 -420.013637
48.300000 2.002638 1.511427 -1914.606982 -412.628220
48.350000 1.983611 1.821647 -1858.519119 -370.810512
48.400000 1.991983 1.630502 -1897.822786 -403.835523
48.450000 2.008779 1.614276 -1900.000299 -393.415901
48.500000 1.997123 1.784270 -1865.134624 -367.292075
48.550000 1.997799 1.951953 -1841.209034 -342.859564
48.600000 1.993715 1.749599 -1882.816726 -387.530181
48.650000 2.006913 1.703468 -1893.071756 -387.886754
48.700000 2.003154 1.832654 -1868.058867 -365.693595
48.750000 1.998044 1.808241 -1871.213731 -372.680429
48.800000 1.991780 1.841375 -1869.905903 -376.071206
48.850000 2.016510 1.955541 -1851.591309 -339.209122
48.900000 1.995439 1.597119 -1904.033474 -407.453866
48.950000 2.003132 1.620081 -1895.119483 -392.770388
49.000000 1.999733 1.471679 -1916.846104 -417.046234
49.050000 2.003514 1.563638 -1897.963393 -395.327667
49.100000 1.994654 1.431892 -1916.312279 -420.321936
49.150000 2.000543 1.625207 -1884.984428 -384.576817
49.200000 2.005399 1.691700 -1875.105758 -371.056863
49.250000 1.988867 1.950000 -1833.934159 -342.283984
49.300000 2.004125 1.664626 -1879.048089 -375.954169
49.350000 1.989859 1.777893 -1854.770378 -362.376035
49.400000 2.003103 1.487683 -1902.234925 -399.907827
49.450000 1.991921 1.563867 -1892.337818 -398.397169
49.500000 1.999724 2.042110 -1824.356824 -324.563707
49.550000 1.994234 2.123382 -1817.701327 -322.025465
49.600000 1.990205 2.180944 -1809.608691 -316.954744
49.650000 2.008889 2.087021 -1825.718097 -319.051482
49.700000 1.996850 1.943322 -1842.614022 -344.976831
49.750000 1.996125 1.800334 -1867.262332 -370.168621
49.800000 2.002754 2.248212 -1790.462158 -288.396311
49.850000 2.000790 1.799115 -1865.208990 -364.616378
49.900000 2.006065 1.862637 -1855.479195 -350.930749
49.950000 1.995187 1.794879 -1860.673937 -364.283739
50.000000 2.010332 1.821428 -1853.695881 -345.947060
50.050000 2.004132 1.891962 -1846.960609 -343.861522
50.100000 1.992185 1.801358 -1868.272089 -374.133475
50.150000 2.010481 1.964945 -1848.970429 -341.110045
50.200000 2.003707 1.623202 -1909.779338 -406.999080
50.250000 2.004394 1.874143 -1868.482380 -365.187193
50.300000 1.987401 1.832074 -1873.564267 -383.013370
50.350000 2.007525 1.420627 -1936.280260 -430.636351
50.400000 1.996464 1.385430 -1931.380440 -434.032557
50.450000 1.985183 1.587241 -1901.725745 -412.838731
50.500000 2.013317 1.754447 -1876.152838 -366.165180
50.550000 2.011849 1.698413 -1880.522354 -371.635545
50.600000 1.997030 1.604468 -1893.278429 -395.506221
50.650000 2.000211 1.753366 -1867.076356 -366.918433
50.700000 1.991448 2.238824 -1783.970635 -290.384468
50.750000 2.011851 1.676953 -1881.573582 -372.685565
50.800000 1.990478 1.800792 -1866.543929 -373.685621
50.850000 2.004279 1.910884 -1853.552046 -350.342480
50.900000 2.012107 1.566475 -1896.344789 -387.264166
50.950000 1.984933 1.436345 -1911.714600 -423.014848
51.000000 1.983848 1.819177 -1860.086402 -372.200218
51.050000 2.020103 1.643030 -1895.343209 -380.266238
51.100000 1.995364 1.415824 -1924.915641 -428.392917
51.150000 1.995537 1.484936 -1913.735776 -417.082958
51.200000 1.996166 1.577957 -1907.015288 -409.890803
51.250000 2.002305 1.936936 -1847.325943 -345.597092
51.300000 1.999995 1.629146 -1895.158606 -395.162413
51.350000 1.994294 1.898616 -1856.218157 -360.497328
51.400000 2.004215 1.553259 -1919.746908 -416.585992
51.450000 1.989917 1.876467 -1865.063369 -372.625342
51.500000 1.995261 1.775907 -1888.696129 -392.250541
51.550000 2.003924 2.028517 -1845.646809 -342.703605
51.600000 2.006083 1.723434 -1888.373046 -383.811038
51.650000 2.003350 1.646137 -1901.460845 -398.948349
51.700000 1.997019 1.853711 -1870.997436 -373.233336
51.750000 1.998192 1.957359 -1858.941202 -360.297320
51.800000 2.001439 1.726527 -1890.276516 -389.197158
51.850000 2.002033 1.576285 -1897.812973 -396.287975
51.900000 1.992737 1.751997 -1861.938901 -367.386293
51.950000 1.994282 1.794804 -1857.970861 -362.259733
52.000000 2.009491 1.424405 -1922.087691 -414.969572
52.050000 1.996158 1.361978 -1947.629753 -450.511278
52.100000 1.991165 2.276473 -1823.509688 -330.136211
52.150000 2.009192 2.238251 -1843.270021 -336.376081
52.200000 2.005002 1.724797 -1917.001516 -413.249972
52.250000 1.980756 2.034921 -1851.535398 -365.968468
52.300000 1.994261 1.950550 -1855.949052 -360.253219
52.350000 2.002410 1.751745 -1872.437296 -370.629511
52.400000 1.991918 1.759823 -1871.254655 -377.316509
52.450000 2.014838 2.023517 -1834.399115 -323.270819
52.500000 2.004980 1.198299 -1539.440520 -35.705605
52.550000 1.993040 1.323885 -1516.282354 -21.502703
52.600000 1.997634 1.045724 -1568.290858 -70.065352
52.650000 2.004773 0.985803 -1576.407437 -72.827435
52.700000 2.005323 1.043944 -1562.248202 -58.256017
52.750000 2.005412 0.939128 -1590.538542 -86.479756
52.800000 1.994980 1.103800 -1568.769607 -72.534264
52.850000 2.007159 1.063134 -1581.969766 -76.600535
52.900000 1.993563 1.189225 -1559.449354 -64.277400
52.950000 2.007533 1.312037 -1540.525599 -34.876185
53.000000 1.995612 1.163242 -1571.925767 -75.216436
53.050000 1.992308 1.268890 -1552.349706 -58.118538
53.100000 2.011944 1.105346 -1579.376602 -70.418710
53.150000 1.990302 0.871525 -1620.954547 -128.228263
53.200000 1.997477 1.073215 -1586.972923 -88.865378
53.250000 2.005649 1.155695 -1574.350402 -70.113551
53.300000 1.989872 1.189381 -1570.907733 -78.503381
53.350000 1.996421 1.186389 -1573.123383 -75.807528
53.400000 2.009275 1.099663 -1584.244491 -77.288557
53.450000 2.007888 1.006291 -1596.483234 -90.567036
53.500000 1.987590 1.336411 -1533.289549 -42.596790
53.550000 2.008264 1.351669 -1533.378739 -27.180898
53.600000 2.001094 1.111908 -1577.623155 -76.802304
53.650000 2.006669 0.853519 -1628.245859 -123.244164
53.700000 1.993441 0.985716 -1608.589876 -113.508932
53.750000 2.000928 1.280562 -1557.052873 -56.356810
53.800000 2.002534 1.120912 -1585.047559 -83.147186
53.850000 1.996177 1.096339 -1579.592637 -82.460196
53.900000 1.996548 0.977564 -1594.470949 -97.060146
53.950000 2.008177 0.850126 -1617.819011 -111.686308
54.000000 1.998092 1.046824 -1577.775935 -79.206645
54.050000 1.994036 1.139046 -1562.327989 -66.800998
54.100000 2.006037 1.092027 -1560.681145 -56.153498
54.150000 2.006632 0.813533 -1601.779608 -96.805815
54.200000 1.998541 0.886861 -1586.444078 -87.538535
54.250000 1.995126 1.032396 -1570.295147 -73.950506
54.300000 1.999473 1.207232 -1549.095632 -49.490802
54.350000 2.006719 1.132185 -1577.407611 -72.368038
54.400000 1.994371 1.195812 -1565.842587 -70.064220
54.450000 2.009196 1.293026 -1533.010591 -26.113740
54.500000 2.001654 0.749436 -1616.047801 -114.807397
54.550000 1.998226 0.867947 -1591.121388 -92.452042
54.600000 1.994575 1.162937 -1546.544495 -50.612968
54.650000 2.000916 1.165209 -1551.626433 -50.939234
54.700000 2.001756 1.078876 -1561.005373 -59.688016
54.750000 1.993990 1.008317 -1564.904983 -69.412356
54.800000 2.007986 1.049442 -1550.420375 -44.430544
54.850000 2.004026 0.918070 -1578.214700 -75.194876
54.900000 1.997010 0.942196 -1579.761584 -82.004162
54.950000 1.999956 1.342632 -1501.392283 -1.425563
55.000000 1.996148 1.099625 -1543.704606 -46.593350
55.050000 2.006084 0.878318 -1586.769094 -82.205964
55.100000 1.999428 0.822109 -1597.899989 -98.328823
55.150000 2.000572 1.075008 -1555.176147 -54.747013
55.200000 2.001676 0.957599 -1588.932928 -87.676010
55.250000 2.001554 1.097687 -1563.592744 -62.426916
55.300000 2.000314 0.957351 -1597.016457 -96.780689
55.350000 2.009376 1.127914 -1568.514409 -61.482165
55.400000 1.998593 1.100091 -1576.484885 -77.539973
55.450000 1.995927 1.144930 -1577.693455 -80.748554
55.500000 1.991572 1.396600 -1532.294757 -38.615986
55.550000 1.990091 1.259534 -1558.013140 -65.445131
55.600000 1.998361 1.191656 -1561.722852 -62.952303
55.650000 2.001972 1.089795 -1572.040637 -70.561692
55.700000 2.007567 1.140127 -1559.588598 -53.912991
55.750000 2.003490 0.983204 -1595.288882 -92.671349
55.800000 1.998992 1.091880 -1575.827896 -76.583560
55.850000 1.990367 1.066437 -1581.643766 -88.868716
55.900000 2.007787 1.206910 -1544.452602 -38.612384
55.950000 1.995108 1.119064 -1552.717368 -56.386627
56.000000 2.008510 0.963907 -1577.755926 -71.373141
56.050000 1.992748 1.001198 -1563.012403 -68.451254
56.100000 1.996555 1.047844 -1551.365510 -53.949603
56.150000 2.004556 0.823400 -1590.317832 -86.900568
56.200000 1.992714 0.878838 -1574.212899 -79.677746
56.250000 2.006289 0.825363 -1582.774098 -78.057026
56.300000 1.983454 0.979622 -1549.902029 -62.311258
56.350000 2.003184 1.024728 -1554.007740 -51.619773
56.400000 2.000378 1.002412 -1565.839047 -65.555775
56.450000 1.997677 0.792085 -1620.732909 -122.474826
56.500000 1.999252 1.011607 -1597.421727 -97.982524
56.550000 1.994042 1.186093 -1583.106377 -87.575164
56.600000 2.011044 1.330617 -1557.221411 -48.938257
56.650000 1.995518 1.094682 -1593.374696 -96.735939
56.700000 2.007177 0.920335 -1621.514905 -116.132317
56.750000 1.995691 0.895283 -1623.251517 -126.483294
56.800000 1.999808 1.027681 -1599.442839 -99.587096
56.850000 1.992424 1.068693 -1599.706902 -105.388953
56.900000 1.997269 1.284053 -1557.219715 -59.268037
56.950000 2.004435 1.012781 -1591.538555 -88.212097
57.000000 1.990503 1.008866 -1574.820888 -81.943845
57.050000 2.005435 1.045631 -1571.343836 -67.267404
57.100000 1.994998 1.247740 -1536.381476 -40.132785
57.150000 2.004353 1.156839 -1563.515866 -60.251242
57.200000 1.987432 1.321654 -1537.704861 -47.130489
57.250000 2.008374 1.357834 -1533.211380 -26.931191
57.300000 2.006458 0.961462 -1596.571652 -91.728518
57.350000 2.003476 0.979552 -1585.633859 -83.026987
57.400000 1.994160 1.019959 -1590.566420 -94.946080
57.450000 1.990837 1.374276 -1533.955085 -40.827563
57.500000 2.010829 1.102080 -1580.546588 -72.424964
57.550000 2.000380 0.933222 -1596.910578 -96.625566
57.600000 2.004836 1.088704 -1559.222307 -55.595052
57.650000 1.988887 1.365494 -1500.825237 -9.159696
57.700000 1.996362 1.289608 -1526.387830 -29.116415
57.750000 1.991859 1.623351 -1461.575421 32.319098
57.800000 2.013496 1.118405 -1556.030755 -45.909070
57.850000 1.990697 1.023529 -1565.883080 -72.860611
57.900000 1.996642 1.110643 -1552.923366 -55.442069
57.950000 2.011528 0.926153 -1592.624451 -83.978772
58.000000 1.988056 1.078843 -1563.033768 -71.991960
58.050000 2.011643 1.241262 -1535.159351 -26.426761
58.100000 1.991026 1.284878 -1520.276043 -27.006648
58.150000 2.002448 1.101888 -1559.332435 -57.496330
58.200000 2.006900 1.076927 -1558.461077 -53.285888
58.250000 2.003062 1.009130 -1562.706690 -60.410328
58.300000 1.995966 0.845277 -1586.997922 -90.023571
58.350000 2.004980 0.917427 -1572.863970 -69.128923
58.400000 1.999880 0.842041 -1599.548603 -99.638841
58.450000 1.991840 1.153904 -1548.365006 -54.484724
58.500000 2.004126 1.063651 -1567.556390 -64.461969
58.550000 2.000683 1.049530 -1567.473016 -66.960790
58.600000 2.004519 1.046823 -1570.613091 -67.224147
58.650000 2.007584 1.143776 -1549.880200 -44.191990
58.700000 2.004458 1.137360 -1555.691694 -52.348060
58.750000 2.004751 1.090596 -1572.956583 -69.393019
58.800000 1.999879 1.136739 -1571.111982 -71.202992
58.850000 1.994325 1.003510 -1599.417964 -103.674092
58.900000 2.004398 1.116750 -1575.448496 -72.150028
58.950000 1.999490 1.057852 -1578.499730 -78.882341
59.000000 2.002279 0.861850 -1603.643585 -101.934378
59.050000 2.001012 0.845411 -1596.349853 -95.590638
59.100000 2.006952 0.703144 -1625.153081 -119.938768
59.150000 1.992308 1.011066 -1575.302307 -81.071614
59.200000 2.011830 1.124190 -1571.470072 -62.597930
59.250000 1.998434 1.226005 -1558.589726 -59.764226
59.300000 2.008447 1.139783 -1570.546220 -64.211044
59.350000 2.005733 1.083859 -1570.683474 -66.383987
59.400000 1.998797 1.194203 -1548.446359 -49.348941
59.450000 2.008548 0.992658 -1590.620330 -84.209003
59.500000 1.998912 0.893980 -1602.226760 -103.042482
59.550000 1.993424 1.030447 -1573.581254 -78.513061
59.600000 1.995182 1.202262 -1536.031477 -39.645233
59.650000 2.001757 0.795643 -1609.772333 -108.454385
59.700000 2.003429 1.012220 -1560.337899 -57.766485
59.750000 2.008036 0.823847 -1606.593187 -100.566426
59.800000 1.997900 1.000317 -1585.483894 -87.058949
59.850000 1.997654 1.255430 -1552.585735 -54.345415
59.900000 2.014909 1.029452 -1596.760259 -85.578286
59.950000 2.002530 1.005436 -1588.851064 -86.953294
60.000000 2.005601 0.633974 -1282.725351 221.475611
60.050000 1.995301 0.628901 -1286.588848 209.886539
60.100000 2.007200 0.909872 -1217.412043 287.987968
60.150000 2.013789 0.614316 -1285.733282 224.608753
60.200000 1.992388 0.568047 -1293.750577 200.540708
60.250000 2.000527 0.693276 -1272.768277 227.627288
60.300000 2.010853 0.635441 -1295.393823 212.745997
60.350000 1.987449 0.795171 -1269.054234 221.532768
60.400000 2.001845 0.947691 -1239.526327 261.857635
60.450000 1.999064 0.863505 -1246.966126 252.332036
60.500000 2.001741 0.579834 -1313.433307 187.872147
60.550000 1.997544 0.854066 -1252.496450 245.661591
60.600000 2.003645 0.835824 -1268.351564 234.382141
60.650000 1.999745 0.891795 -1254.891405 244.917009
60.700000 2.007111 0.872550 -1253.265590 252.067710
60.750000 1.994711 0.736908 -1278.758070 217.275309
60.800000 1.992483 0.924242 -1228.789715 265.572584
60.850000 2.011441 0.701804 -1279.084409 229.496567
60.900000 1.996770 0.772205 -1255.141395 242.435978
60.950000 1.998465 0.779342 -1255.373519 243.475222
61.000000 1.992892 0.806197 -1247.134806 247.534052
61.050000 2.014762 0.736565 -1253.936188 257.135320
61.100000 1.990560 0.629964 -1269.239458 223.680382
61.150000 1.997950 0.702430 -1251.813542 246.649205
61.200000 1.998009 0.571307 -1287.967367 210.539555
61.250000 2.002692 0.823612 -1229.309917 272.708741
61.300000 1.995595 0.701561 -1259.759003 236.936932
61.350000 1.997036 0.584357 -1285.483746 212.292903
61.400000 1.994289 0.667804 -1263.576836 232.139729
61.450000 2.012858 0.570938 -1295.184748 214.458775
61.500000 2.003978 0.592861 -1293.729587 209.254058
61.550000 1.988170 0.759111 -1261.501327 229.626050
61.600000 2.000896 0.675572 -1286.351404 214.320384
61.650000 1.991907 0.784376 -1254.554854 239.375586
61.700000 2.001460 0.578659 -1295.864967 205.230388
61.750000 1.999025 0.655943 -1274.256846 225.011750
61.800000 2.000762 0.763395 -1254.340236 246.231199
61.850000 2.008300 0.773862 -1255.084324 251.141031
61.900000 2.001170 0.593431 -1295.414272 205.463306
61.950000 1.994461 0.642659 -1277.999697 217.845759
62.000000 1.999746 0.725521 -1250.854835 248.954346
62.050000 1.991930 0.614957 -1271.305443 222.642038
62.100000 2.014352 0.556798 -1286.382036 224.381639
62.150000 1.989274 0.654998 -1267.273488 224.681970
62.200000 1.995258 0.826875 -1233.392235 263.051373
62.250000 2.013547 0.789879 -1238.793014 271.366898
62.300000 2.001009 0.646873 -1266.281998 234.474834
62.350000 1.993592 0.594700 -1286.335769 208.858283
62.400000 2.001391 0.685145 -1277.013156 224.030228
62.450000 2.000368 0.734191 -1265.037819 235.237871
62.500000 1.999091 0.650660 -1290.781131 208.537141
62.550000 1.998661 0.794571 -1262.905160 236.090669
62.600000 1.999292 0.765303 -1268.938510 230.530419
62.650000 1.995023 0.779336 -1260.974050 235.293333
62.700000 1.993131 0.745652 -1261.809730 233.038435
62.750000 2.000120 0.739852 -1253.455923 246.634147
62.800000 2.005396 0.570786 -1288.630620 215.416610
62.850000 1.996527 0.704177 -1255.430454 241.964556
62.900000 2.007955 0.700986 -1255.079742 250.886299
62.950000 2.000815 0.565491 -1278.781043 221.830151
63.000000 1.998182 0.518459 -1286.513391 212.123453
63.050000 1.985797 0.686757 -1239.886852 249.460530
63.100000 2.004786 0.597172 -1267.735309 235.854263
63.150000 1.999236 0.536002 -1286.798259 212.628459
63.200000 1.995788 0.694776 -1251.632857 245.208096
63.250000 2.012083 0.595891 -1275.750287 233.311709
63.300000 1.994424 0.607288 -1270.519410 225.298533
63.350000 2.000362 0.640978 -1270.842917 229.428359
63.400000 1.997820 0.852377 -1231.460620 266.904232
63.450000 2.007254 0.802775 -1254.089597 251.350772
63.500000 2.001944 0.739057 -1269.386618 232.071512
63.550000 2.007786 0.698667 -1277.359802 228.479997
63.600000 1.988946 0.631972 -1297.646646 194.062607
63.650000 2.008213 0.702118 -1286.887193 219.272572
63.700000 2.005589 0.551388 -1325.475535 178.715890
63.750000 1.988262 0.761658 -1284.337805 206.859062
63.800000 1.996633 0.858960 -1264.910399 232.564688
63.850000 2.009477 0.614489 -1316.816281 190.291680
63.900000 1.998308 0.784613 -1263.462929 235.267836
63.950000 1.997445 0.627164 -1303.705372 194.378216
64.000000 1.998403 0.684312 -1293.391917 205.410679
64.050000 2.003545 0.673305 -1296.702118 205.956669
64.100000 1.997754 0.726198 -1281.036367 217.279461
64.150000 2.000838 0.696411 -1289.639874 210.988672
64.200000 2.003882 0.748782 -1277.980048 224.931353
64.250000 1.996513 0.629090 -1309.830475 187.554281
64.300000 1.995402 0.704374 -1300.152547 196.398946
64.350000 1.994923 0.870144 -1264.339093 231.852927
64.400000 1.992381 0.852915 -1267.272613 227.013488
64.450000 2.005496 0.791653 -1272.129324 231.992475
64.500000 1.994534 0.651462 -1299.822035 196.078784
64.550000 2.003039 0.783390 -1260.271905 242.007580
64.600000 2.000797 0.552392 -1312.632525 187.965124
64.650000 1.996472 0.661720 -1288.706396 208.647709
64.700000 2.001543 0.555239 -1324.283470 176.874154
64.750000 1.998830 0.716090 -1292.292650 206.829887
64.800000 1.997857 0.682804 -1306.419731 191.973014
64.850000 1.993376 0.766431 -1278.060022 216.972213
64.900000 1.998243 0.628398 -1302.196938 196.485072
64.950000 2.007871 0.573831 -1305.344246 200.558812
65.000000 1.993921 0.495145 -1320.033527 175.407567
65.050000 1.994351 0.775904 -1253.136035 242.627109
65.100000 2.003242 0.712981 -1272.279411 230.152252
65.150000 2.000737 0.730347 -1261.365897 239.187110
65.200000 1.988530 0.615377 -1285.782396 205.615343
65.250000 2.010514 0.738976 -1252.749793 255.135568
65.300000 2.002868 0.598983 -1286.064132 216.086801
65.350000 1.998963 0.571540 -1299.372853 199.849634
65.400000 2.003572 0.730403 -1274.309297 228.369982
65.450000 2.000215 0.763427 -1276.257840 223.903164
65.500000 1.998216 0.789520 -1280.870604 217.791236
65.550000 2.000730 0.996432 -1242.414121 258.133557
65.600000 2.000678 0.937959 -1253.929219 246.579582
65.650000 2.003205 0.723046 -1289.359508 213.044273
65.700000 1.987776 0.770049 -1265.134123 225.698140
65.750000 2.010302 0.663407 -1280.919947 226.806188
65.800000 1.994204 0.695199 -1260.562181 235.090515
65.850000 1.999743 0.561697 -1286.075042 213.731840
65.900000 1.985037 0.629593 -1268.704768 220.073128
65.950000 2.005867 0.728238 -1255.301032 249.099527
66.000000 1.996964 0.716438 -1255.234455 242.488457
66.050000 2.004168 0.596510 -1278.117562 225.008415
66.100000 1.999092 0.452324 -1314.565423 184.753492
66.150000 2.001004 0.767411 -1244.860299 255.892996
66.200000 1.998433 0.648220 -1277.812346 221.012396
66.250000 1.999594 0.683405 -1276.947325 222.747897
66.300000 1.997756 0.723246 -1277.020477 221.296843
66.350000 2.007156 0.836442 -1253.101403 252.265332
66.400000 2.005653 0.652307 -1294.786594 209.453475
66.450000 1.994331 0.669148 -1286.825553 208.922397
66.500000 2.006206 0.732693 -1266.492373 238.162404
66.550000 1.995464 0.632281 -1280.230215 216.367600
66.600000 1.990657 0.784827 -1237.114650 255.878358
66.650000 2.004193 0.630985 -1279.520472 223.624070
66.700000 2.005206 0.598351 -1294.706345 209.197874
66.750000 2.002405 0.775620 -1262.404028 239.399505
66.800000 2.004675 0.721166 -1289.131543 214.375011
66.850000 1.995941 0.810457 -1274.151721 222.803882
66.900000 2.000807 0.754154 -1286.477521 214.127409
66.950000 2.006271 0.624480 -1313.200617 191.502617
67.000000 1.991387 0.698387 -1291.450215 202.090089
67.050000 1.995337 0.654027 -1306.124840 190.377908
67.100000 1.994792 0.805818 -1268.736951 227.356797
67.150000 2.004338 0.702791 -1290.963982 212.289495
67.200000 1.996565 0.719779 -1280.750225 216.673175
67.250000 1.996049 0.728392 -1275.921158 221.115680
67.300000 1.998696 0.796208 -1264.487512 234.534856
67.350000 2.003575 0.745520 -1284.559997 218.121347
67.400000 1.989211 1.024860 -1209.031406 282.876476
67.450000 2.002177 0.633002 -1298.236235 203.396279
