# t Temp Pres Epot Etot
0.000000 2.004155 28.677204 -1413.303196 -643.707824
0.050000 2.008831 29.242657 -1389.522945 -618.131817
0.100000 1.993596 29.580333 -1372.920999 -607.380057
0.150000 2.013088 30.289879 -1344.720293 -571.694684
0.200000 1.998851 28.671773 -1413.033909 -645.475044
0.250000 2.016966 28.866428 -1407.696350 -633.181233
0.300000 1.995644 29.192141 -1391.076306 -624.748973
0.350000 2.004759 28.935512 -1401.983385 -632.155776
0.400000 2.018120 28.082215 -1440.488221 -665.530119
0.450000 1.963586 28.807469 -1406.637869 -652.620745
0.500000 1.976864 29.254781 -1383.570514 -624.454628
0.550000 2.001456 28.987519 -1400.522415 -631.963442
0.600000 1.997059 27.660257 -1457.272712 -690.402007
0.650000 2.032482 29.571406 -1374.486591 -594.013534
0.700000 1.976210 29.274743 -1385.789564 -626.924811
0.750000 2.001885 28.710706 -1413.445252 -644.721259
0.800000 1.995229 28.169111 -1439.300589 -673.132556
0.850000 2.008827 28.298815 -1433.097424 -661.708038
0.900000 2.003332 29.245913 -1386.488880 -617.209223
0.950000 2.027983 29.638927 -1372.004386 -593.258895
1.000000 2.002174 28.705522 -1409.960048 -641.125265
1.050000 1.996717 29.369854 -1382.634992 -615.895505
1.100000 2.013633 28.192178 -1437.764438 -664.529267
1.150000 1.949948 28.380180 -1428.842381 -680.062363
1.200000 1.994092 29.524226 -1377.867798 -612.136309
1.250000 2.027661 29.038360 -1399.786353 -621.164648
1.300000 2.025009 29.159777 -1395.989888 -618.386311
1.350000 2.039229 26.838697 -1499.507424 -716.443495
1.400000 1.988112 28.598663 -1415.979693 -652.544814
1.450000 1.990392 28.910836 -1400.961460 -636.651061
1.500000 1.988168 29.549164 -1374.788576 -611.332042
1.550000 2.021406 28.343829 -1433.419045 -657.199267
1.600000 1.986163 26.946302 -1491.799108 -729.112508
1.650000 1.983893 29.007324 -1400.693876 -638.878985
1.700000 2.026477 30.403235 -1343.298957 -565.131741
1.750000 2.023399 29.187415 -1394.389860 -617.404495
1.800000 1.995906 29.453793 -1379.219306 -612.791369
1.850000 2.014149 27.061443 -1488.180275 -714.747202
1.900000 1.966249 28.852319 -1404.692753 -649.653146
1.950000 1.971621 29.395179 -1381.466372 -624.363915
2.000000 2.030450 28.139526 -1441.311844 -661.618864
2.050000 2.002090 28.669130 -1412.229919 -643.427402
2.100000 1.992999 29.569089 -1371.423752 -606.112216
2.150000 2.016141 29.221286 -1389.722035 -615.524002
2.200000 1.969105 28.153504 -1435.094784 -678.958321
2.250000 2.014228 28.678720 -1417.523377 -644.059877
2.300000 2.020258 28.740352 -1413.329828 -637.550613
2.350000 1.964029 28.695914 -1409.969716 -655.782594
2.400000 1.983581 29.896948 -1358.825901 -597.130648
2.450000 1.985697 28.835284 -1405.169672 -642.661928
2.500000 1.992706 28.236382 -1437.568061 -672.368934
2.550000 1.988364 28.119762 -1438.285601 -674.753850
2.600000 2.009061 29.172906 -1393.015006 -621.535745
2.650000 1.984496 27.787964 -1455.800432 -693.753949
2.700000 1.998791 29.252418 -1392.679165 -625.143309
2.750000 1.979293 27.790114 -1451.465958 -691.417336
2.800000 2.003262 28.470421 -1420.801795 -651.549236
2.850000 1.970212 29.733495 -1366.313304 -609.751811
2.900000 2.013909 29.758144 -1366.780479 -593.439248
2.950000 2.001891 28.833414 -1411.498688 -642.772409
3.000000 2.006979 27.717449 -1456.567339 -685.887410
3.050000 1.990159 29.321827 -1383.455488 -619.234458
3.100000 1.951871 28.876315 -1402.353686 -652.835408
3.150000 2.013303 30.177109 -1349.567428 -576.458913
3.200000 2.041719 29.276634 -1387.536192 -603.516129
3.250000 1.983972 27.960727 -1446.075199 -684.230064
3.300000 1.992649 28.822129 -1409.353006 -644.175849
3.350000 2.046486 28.964549 -1401.780752 -615.930219
3.400000 2.005872 28.182537 -1436.281697 -666.026693
3.450000 2.009700 28.168991 -1436.078953 -664.354169
3.500000 1.982229 29.275196 -1383.775396 -622.599372
3.550000 1.983598 29.896852 -1358.462579 -596.761032
3.600000 2.008418 28.267332 -1434.102008 -662.869349
3.650000 1.990016 28.973040 -1397.628054 -633.461840
3.700000 2.001934 28.564448 -1419.296877 -650.554031
3.750000 2.043526 28.704241 -1413.296199 -628.582032
3.800000 2.012232 27.668370 -1458.091117 -685.393986
3.850000 1.977844 28.969311 -1397.719573 -638.227411
3.900000 2.026540 28.882012 -1407.009018 -628.817516
3.950000 1.980817 30.629018 -1320.145304 -559.511623
4.000000 2.030419 29.828311 -1363.624566 -583.943647
4.050000 2.036440 26.816059 -1497.316077 -715.323136
4.100000 1.961076 29.581177 -1367.049503 -613.996469
4.150000 2.040834 30.092376 -1349.628057 -565.947921
4.200000 2.010826 27.211290 -1477.101007 -704.943900
4.250000 1.977925 28.859062 -1406.731009 -647.207949
4.300000 1.988027 30.302014 -1342.757979 -579.355630
4.350000 2.072868 29.642265 -1374.110221 -578.128781
4.400000 2.004184 28.251013 -1431.658196 -662.051602
4.450000 1.967568 27.526310 -1463.768066 -708.221846
4.500000 1.991541 28.047224 -1439.567436 -674.815829
4.550000 1.999048 30.572114 -1327.390816 -559.756574
4.600000 1.974833 27.399714 -1473.462637 -715.126643
4.650000 2.013143 27.429447 -1471.613472 -698.566638
4.700000 1.953752 29.601417 -1368.112066 -617.871449
4.750000 2.002627 29.108587 -1397.327370 -628.318543
4.800000 2.038278 29.472830 -1381.029330 -598.330460
4.850000 2.002066 27.957336 -1444.349039 -675.555621
4.900000 1.985458 29.496116 -1374.416831 -612.001039
4.950000 2.024546 27.998141 -1445.470958 -668.045399
5.000000 1.965435 29.533807 -1372.004251 -617.277066
5.050000 2.003986 28.809827 -1408.859518 -639.329073
5.100000 1.994817 28.730599 -1412.063107 -646.053234
5.150000 1.986841 29.816899 -1362.928812 -599.982030
5.200000 1.969470 29.417546 -1377.669753 -621.393463
5.250000 2.036667 29.315899 -1383.097100 -601.017113
5.300000 2.007142 27.849131 -1449.886228 -679.143600
5.350000 1.963866 27.934423 -1447.269566 -693.144951
5.400000 2.020447 29.515655 -1378.167013 -602.315540
5.450000 1.984498 29.131916 -1392.808405 -630.761142
5.500000 1.979332 29.374792 -1380.433321 -620.369672
5.550000 2.019472 27.864181 -1452.806377 -677.329069
5.600000 1.987326 29.044524 -1398.448958 -635.315771
5.650000 2.028157 29.219450 -1389.479048 -610.666813
5.700000 1.984690 28.775404 -1408.922991 -646.802106
5.750000 2.011461 29.101722 -1397.375073 -624.973952
5.800000 2.012279 28.905193 -1402.395263 -629.680063
5.850000 2.032715 28.804243 -1409.525756 -628.963332
5.900000 2.009141 28.945126 -1401.308070 -629.798082
5.950000 2.025620 29.287778 -1386.480027 -608.642127
6.000000 1.942478 28.896829 -1396.318030 -650.406301
6.050000 2.022225 29.266631 -1387.555701 -611.021115
6.100000 1.981870 29.289059 -1385.924803 -624.886761
6.150000 2.010340 28.280086 -1433.982669 -662.012247
6.200000 1.988400 28.642922 -1411.746203 -648.200755
6.250000 1.980221 30.009574 -1353.347676 -592.942740
6.300000 2.042094 28.317289 -1432.391859 -648.227769
6.350000 1.999342 28.117561 -1436.745703 -668.998289
6.400000 1.960783 28.305407 -1427.270077 -674.329580
6.450000 2.026671 29.115822 -1391.802953 -613.561434
6.500000 2.002476 29.991287 -1356.749264 -587.798598
6.550000 2.053904 28.688134 -1415.356220 -626.656900
6.600000 1.996627 27.982588 -1444.067019 -677.362107
6.650000 2.000895 28.656408 -1414.724800 -646.381275
6.700000 2.007600 27.205228 -1478.561093 -707.642501
6.750000 1.964349 29.365482 -1382.248187 -627.937993
6.800000 1.988039 28.884195 -1403.239977 -639.833064
6.850000 2.009110 28.768631 -1410.826352 -639.328213
6.900000 2.014744 27.915077 -1453.554411 -679.892638
6.950000 1.983689 28.922856 -1401.313586 -639.576976
7.000000 2.027253 28.210039 -1434.164609 -655.699472
7.050000 1.979041 29.963396 -1353.951916 -594.000078
7.100000 2.028934 28.809459 -1408.652421 -629.541664
7.150000 2.007229 27.939079 -1445.779634 -675.003552
7.200000 1.973386 28.643713 -1412.216611 -654.436209
7.250000 2.002101 30.141299 -1348.146323 -579.339379
7.300000 2.025000 30.002976 -1354.729423 -577.129421
7.350000 2.040844 27.864302 -1451.412401 -667.728313
7.400000 1.977136 27.532379 -1462.902830 -703.682580
7.450000 2.016659 28.715321 -1412.277775 -637.880651
7.500000 1.997363 17.788801 -1517.398826 -750.411617
7.550000 2.029338 19.367344 -1439.369486 -660.103748
7.600000 2.048206 17.935692 -1513.607078 -727.096057
7.650000 1.973621 17.266865 -1539.746704 -781.876187
7.700000 2.010618 17.045362 -1554.045994 -781.968506
7.750000 1.961030 17.372882 -1532.761936 -779.726403
7.800000 2.028429 18.248781 -1493.330952 -714.414396
7.850000 1.999267 18.148782 -1498.410358 -730.691970
7.900000 2.001688 17.505268 -1532.608054 -763.959834
7.950000 1.998070 17.072063 -1552.432474 -785.173668
8.000000 1.990725 16.982791 -1553.022987 -788.584422
8.050000 2.009637 18.627120 -1481.684831 -709.984262
8.100000 2.022270 19.437618 -1438.903946 -662.352442
8.150000 2.001982 17.583294 -1524.902505 -756.141398
8.200000 2.005225 18.394316 -1484.631882 -714.625295
8.250000 2.028365 16.302449 -1582.391702 -803.499725
8.300000 1.985310 15.990921 -1598.611192 -836.252278
8.350000 2.010759 16.394138 -1580.585246 -808.453971
8.400000 1.979486 18.460241 -1479.827551 -719.705070
8.450000 2.017879 17.742496 -1518.810013 -743.944311
8.500000 1.978785 18.467180 -1482.076956 -722.223683
8.550000 2.035753 18.362537 -1488.323196 -706.594172
8.600000 1.988942 16.570829 -1572.647189 -808.893387
8.650000 2.009884 18.093474 -1501.083418 -729.287939
8.700000 2.016723 16.819414 -1565.256935 -790.835136
8.750000 1.997248 16.729736 -1567.439643 -800.496221
8.800000 1.982366 17.407893 -1532.762144 -771.533514
8.850000 2.003499 18.544462 -1479.734819 -710.391158
8.900000 1.992606 18.475260 -1482.416301 -717.255749
8.950000 2.015955 18.432948 -1485.048903 -710.922328
9.000000 1.982751 17.955463 -1509.069000 -747.692432
9.050000 2.005444 17.426205 -1538.110172 -768.019607
9.100000 1.999150 17.562019 -1525.706924 -758.033313
9.150000 1.978685 18.576369 -1480.830013 -721.015032
9.200000 2.001291 18.270938 -1499.734314 -731.238624
9.250000 2.028874 17.275737 -1542.497435 -763.409946
9.300000 2.016966 17.289388 -1544.283782 -769.768886
9.350000 1.977403 18.626896 -1476.352359 -717.029767
9.400000 2.027127 18.124111 -1499.269833 -720.852964
9.450000 2.013019 16.100958 -1595.289080 -822.289863
9.500000 1.990254 16.985348 -1554.648980 -790.391518
9.550000 2.003657 17.387928 -1537.715854 -768.311617
9.600000 1.983859 18.196482 -1496.435550 -734.633758
9.650000 1.985088 17.482311 -1530.378695 -768.105031
9.700000 1.973090 18.480948 -1486.349351 -728.682752
9.750000 2.002675 18.275428 -1492.077239 -723.049867
9.800000 2.012672 16.275030 -1587.434354 -814.568259
9.850000 2.006725 16.719946 -1565.977503 -795.394987
9.900000 1.956073 18.332990 -1487.933620 -736.801603
9.950000 2.030641 17.071936 -1551.942303 -772.176191
10.000000 1.976040 17.764020 -1515.658686 -756.859217
10.050000 2.017601 17.722166 -1518.023838 -743.265197
10.100000 1.985274 17.362193 -1537.937816 -775.592549
10.150000 2.032094 17.492576 -1535.542066 -755.217802
10.200000 1.982538 17.426880 -1534.220303 -772.925760
10.250000 2.008473 17.919890 -1509.253001 -737.999391
10.300000 1.989447 17.434691 -1531.791137 -767.843404
10.350000 2.019170 16.699469 -1573.404423 -798.042972
10.400000 2.000130 17.229178 -1542.800322 -774.750433
10.450000 2.008512 16.707879 -1567.767234 -796.498463
10.500000 1.989022 17.721544 -1517.059578 -753.275110
10.550000 2.014609 17.540564 -1532.058663 -758.448975
10.600000 1.994108 18.304953 -1489.815530 -724.078062
10.650000 2.009053 17.594388 -1524.638640 -753.162308
10.700000 1.996332 19.170657 -1450.898683 -684.307172
10.750000 2.021986 16.892103 -1563.012144 -786.569692
10.800000 2.027395 17.154967 -1545.449540 -766.929902
10.850000 1.962403 17.206530 -1540.669021 -787.106207
10.900000 1.982548 18.105204 -1498.423517 -737.125241
10.950000 2.042236 16.504917 -1578.691529 -794.472832
11.000000 2.009979 17.065904 -1549.650111 -777.818343
11.050000 1.966711 16.023578 -1598.492808 -843.275772
11.100000 1.985145 18.684178 -1472.669729 -710.374171
11.150000 2.008526 16.961426 -1554.310705 -783.036724
11.200000 1.971808 18.635385 -1476.656020 -719.481775
11.250000 2.020871 18.604142 -1480.884286 -704.869864
11.300000 2.013925 17.710244 -1520.984153 -747.637095
11.350000 2.003526 16.430388 -1580.185968 -810.832141
11.400000 1.987066 17.616445 -1522.705431 -759.671982
11.450000 1.997567 17.052209 -1553.171854 -786.106111
11.500000 2.033747 19.070409 -1457.911059 -676.952376
11.550000 2.026554 18.287656 -1490.667103 -712.470258
11.600000 1.994985 17.027065 -1553.638246 -787.563959
11.650000 2.005744 18.475429 -1484.371327 -714.165526
11.700000 1.996607 17.055666 -1550.923160 -784.225915
11.750000 1.998119 17.105967 -1551.899722 -784.622076
11.800000 1.993080 17.286160 -1541.505002 -776.162420
11.850000 2.019786 17.778467 -1516.710695 -741.113027
11.900000 2.007251 17.194421 -1545.608238 -774.823798
11.950000 1.968576 18.132628 -1498.556012 -742.622774
12.000000 1.993166 18.852577 -1466.504556 -701.128986
12.050000 2.039030 17.431156 -1537.129305 -754.141731
12.100000 1.980421 17.770346 -1519.248891 -758.767302
12.150000 2.021204 18.115452 -1501.233395 -725.091149
12.200000 2.010464 16.518802 -1574.454986 -802.436655
12.250000 1.977590 16.850156 -1559.218223 -799.823724
12.300000 2.029814 17.581245 -1530.702190 -751.253542
12.350000 1.972602 18.104996 -1498.692013 -741.212674
12.400000 2.026330 17.833852 -1516.079527 -737.968958
12.450000 1.989860 18.110467 -1501.562063 -737.455724
12.500000 2.018374 18.095719 -1503.094703 -728.039108
12.550000 1.986682 17.749866 -1519.876400 -756.990479
12.600000 1.985716 17.760504 -1512.853418 -750.338660
12.650000 1.997133 18.225225 -1487.299638 -720.400415
12.700000 1.978909 16.650083 -1568.641438 -808.740471
12.750000 1.988720 17.079133 -1547.042809 -783.374168
12.800000 1.994078 17.308196 -1535.039090 -769.313235
12.850000 1.970909 17.814128 -1513.246713 -756.417492
12.900000 2.005291 17.725661 -1522.043191 -752.011583
12.950000 1.984725 17.413091 -1535.632246 -773.497955
13.000000 1.987536 19.061646 -1461.006082 -697.792303
13.050000 2.023856 17.749075 -1521.402854 -744.242066
13.100000 1.987180 17.193819 -1546.932034 -783.854737
13.150000 2.016913 17.959951 -1508.127444 -733.632797
13.200000 1.978181 18.445076 -1487.614782 -727.993261
13.250000 2.050285 17.218442 -1543.923359 -756.614073
13.300000 1.963558 18.241436 -1488.929225 -734.922825
13.350000 1.992524 17.521565 -1530.337240 -765.208164
13.400000 1.981037 18.459977 -1485.759719 -725.041328
13.450000 2.034577 18.204918 -1499.021334 -717.743795
13.500000 2.022940 17.652815 -1521.033075 -744.224196
13.550000 1.971797 16.575934 -1573.205347 -816.035149
13.600000 2.006191 18.039887 -1506.818365 -736.441074
13.650000 2.000052 18.322453 -1492.384978 -724.364863
13.700000 2.019232 18.404225 -1489.901001 -714.515931
13.750000 2.027239 17.464471 -1529.333221 -750.873504
13.800000 1.999109 16.403126 -1579.704183 -812.046421
13.850000 1.961358 17.116204 -1549.562265 -796.400601
13.900000 2.041969 18.013018 -1505.400452 -721.284266
13.950000 2.022863 16.996619 -1551.776521 -774.997017
14.000000 1.980538 17.438165 -1533.709439 -773.183020
14.050000 2.029012 18.730312 -1474.174948 -695.034324
14.100000 1.979012 17.795193 -1512.839361 -752.898738
14.150000 2.002252 18.100988 -1497.308117 -728.443420
14.200000 2.023173 16.958570 -1554.581777 -777.683418
14.250000 1.977454 17.641663 -1520.829780 -761.487443
14.300000 1.999843 16.774457 -1566.528334 -798.588802
14.350000 1.998926 17.271114 -1539.425551 -771.838096
14.400000 1.987563 18.026787 -1502.408949 -739.184605
14.450000 1.961911 17.879448 -1508.845684 -755.471857
14.500000 2.016012 18.675392 -1475.057730 -700.909168
14.550000 2.021361 18.340840 -1490.073953 -713.871260
14.600000 2.017488 17.081494 -1551.630201 -776.914995
14.650000 2.004765 17.428793 -1533.576029 -763.746381
14.700000 2.018346 17.570681 -1528.267747 -753.222703
14.750000 1.962362 18.451628 -1477.846439 -724.299352
14.800000 1.981929 18.039922 -1500.840491 -739.779796
14.850000 2.036961 18.776276 -1475.194178 -693.001214
14.900000 1.982421 16.825033 -1559.607787 -798.357957
14.950000 2.005139 19.774626 -1421.943581 -651.970230
15.000000 1.996661 13.555902 -1375.082527 -608.364596
15.050000 2.005473 14.829965 -1308.637357 -538.535854
15.100000 1.993146 14.410550 -1334.792325 -569.424444
15.150000 1.996722 15.773157 -1261.424390 -494.683304
15.200000 2.021416 15.042688 -1303.520946 -527.297118
15.250000 1.992361 15.322510 -1283.709657 -518.643092
15.300000 1.987710 14.053344 -1348.077363 -584.796572
15.350000 1.996419 13.696364 -1375.155999 -608.530960
15.400000 1.977496 15.379852 -1283.927857 -524.569493
15.450000 2.008751 13.988410 -1357.892271 -586.531818
15.500000 2.020285 14.704590 -1319.832527 -544.043043
15.550000 1.996940 15.446377 -1274.435553 -507.610567
15.600000 1.985160 15.196503 -1290.023115 -527.721860
15.650000 2.015202 15.523128 -1274.585226 -500.747512
15.700000 2.004318 14.865086 -1310.600769 -540.942691
15.750000 1.974235 15.442442 -1282.349488 -524.243362
15.800000 2.016303 15.831240 -1269.856730 -495.596237
15.850000 2.024367 15.828513 -1262.815401 -485.458393
15.900000 1.964786 15.302351 -1284.113323 -529.635435
15.950000 2.015626 15.723918 -1257.599293 -483.598974
16.000000 2.000447 15.433470 -1271.798306 -503.626659
16.050000 2.011414 15.614246 -1273.369483 -500.986401
16.100000 2.005812 15.022446 -1303.920416 -533.688661
16.150000 1.993311 15.679458 -1268.355254 -502.923829
16.200000 1.984722 15.665477 -1271.067727 -508.934604
16.250000 1.997846 15.540480 -1279.995293 -512.822286
16.300000 2.001308 15.079130 -1293.639858 -525.137527
16.350000 2.013112 15.090871 -1295.932062 -522.897025
16.400000 1.995718 14.738297 -1317.345635 -550.990011
16.450000 2.018839 14.456490 -1338.413603 -563.179482
16.500000 2.001739 15.523311 -1274.015164 -505.347534
16.550000 2.009595 15.368700 -1280.676026 -508.991517
16.600000 1.994821 14.712032 -1318.420912 -552.409636
16.650000 1.999926 15.360443 -1290.436777 -522.465122
16.700000 2.042581 15.260343 -1292.042712 -507.691716
16.750000 2.003577 15.975608 -1249.490965 -480.117217
16.800000 2.007908 15.245160 -1289.575228 -518.538624
16.850000 2.004211 15.138523 -1294.785121 -525.168225
16.900000 2.009184 16.145556 -1248.820343 -477.293531
16.950000 2.019121 15.357884 -1295.446018 -520.103684
17.000000 1.975015 15.191441 -1306.098766 -547.692951
17.050000 2.022656 15.370920 -1290.053392 -513.353512
17.100000 1.980829 15.192310 -1294.103709 -533.465217
17.150000 1.994575 15.654714 -1275.341985 -509.425184
17.200000 2.009556 15.465191 -1282.366348 -510.696987
17.250000 1.973398 15.371652 -1286.506695 -528.721995
17.300000 2.009711 14.944745 -1314.019055 -542.290143
17.350000 2.017711 15.283997 -1292.788360 -517.987231
17.400000 2.003967 15.084662 -1299.746867 -530.223553
17.450000 1.979508 15.148463 -1293.257617 -533.126709
17.500000 1.992339 15.152537 -1295.218603 -530.160306
17.550000 2.006340 15.527086 -1276.721128 -506.286489
17.600000 1.987826 14.734853 -1319.891073 -556.565768
17.650000 1.995346 16.417535 -1230.602357 -464.389619
17.700000 1.970784 16.874372 -1209.640008 -452.858976
17.750000 2.005712 15.256309 -1294.168653 -523.975158
17.800000 1.986071 15.890440 -1251.412866 -488.761415
17.850000 2.012466 15.008708 -1306.099312 -533.312231
17.900000 2.008196 16.103224 -1249.355542 -478.208438
17.950000 1.996798 15.749200 -1264.161925 -497.391491
18.000000 1.989408 15.892115 -1253.038850 -489.106013
18.050000 1.988883 15.442727 -1277.520310 -513.789281
18.100000 2.010516 15.703031 -1262.553379 -490.515203
18.150000 1.989112 14.980147 -1304.569987 -540.751166
18.200000 1.996804 14.504598 -1330.934188 -564.161469
18.250000 2.002254 16.233276 -1239.063982 -470.198449
18.300000 1.997767 15.160832 -1295.555829 -528.413362
18.350000 2.012639 15.049293 -1299.707518 -526.854028
18.400000 1.974688 15.868484 -1252.099413 -493.819298
18.450000 2.008323 15.713466 -1266.939914 -495.743774
18.500000 2.013081 15.885432 -1257.919435 -484.896372
18.550000 2.007551 15.072420 -1302.833364 -531.933794
18.600000 1.981325 14.704939 -1317.930978 -557.102002
18.650000 2.015406 15.442515 -1283.572038 -509.655957
18.700000 1.997534 16.167314 -1255.859076 -488.805972
18.750000 1.999538 15.657134 -1277.725461 -509.902840
18.800000 1.984152 15.775004 -1267.538558 -505.624305
18.850000 1.989276 15.760232 -1269.300657 -505.418763
18.900000 2.020990 14.291032 -1348.130475 -572.070504
18.950000 1.987145 15.578748 -1273.554984 -510.491384
19.000000 2.010096 16.090844 -1248.003196 -476.126335
19.050000 2.002050 14.367672 -1339.795648 -571.008484
19.100000 2.004389 15.067755 -1295.123238 -525.437710
19.150000 1.953495 13.604027 -1374.752828 -624.610708
19.200000 1.984635 15.394014 -1284.411908 -522.311922
19.250000 2.019034 15.142330 -1306.422736 -531.113670
19.300000 1.982082 14.915053 -1309.224433 -548.104960
19.350000 2.007577 14.053435 -1357.884377 -586.974978
19.400000 1.994305 15.411327 -1288.222546 -522.409477
19.450000 1.992703 16.350834 -1234.902702 -469.704780
19.500000 2.035928 14.847044 -1315.950647 -534.154227
19.550000 2.027641 16.182340 -1241.256845 -462.642784
19.600000 1.986620 14.561359 -1324.100956 -561.238874
19.650000 2.000370 15.138834 -1301.595178 -533.453066
19.700000 2.002720 14.893342 -1313.761584 -544.717102
19.750000 2.015476 14.400450 -1334.664794 -560.722173
19.800000 1.985373 15.329329 -1288.550343 -526.167286
19.850000 1.987762 16.045097 -1257.083404 -493.782749
19.900000 2.025562 16.919006 -1209.982462 -432.166806
19.950000 1.977007 16.478103 -1233.521805 -474.351029
20.000000 2.007988 15.222913 -1304.306626 -533.239046
20.050000 1.969687 16.930534 -1205.041554 -448.681831
20.100000 2.035359 15.999270 -1250.980072 -469.402206
20.150000 2.000907 15.130598 -1288.677355 -520.329098
20.200000 2.005795 14.879964 -1307.304941 -537.079781
20.250000 1.985319 15.412374 -1283.651580 -521.288961
20.300000 1.979736 15.867877 -1257.047886 -496.829219
20.350000 2.024529 15.361523 -1283.391215 -505.972269
20.400000 1.995292 15.476932 -1274.058954 -507.867010
20.450000 1.997161 15.989696 -1245.654953 -478.745264
20.500000 1.998948 15.319186 -1285.731036 -518.135032
20.550000 2.004854 14.627813 -1324.247589 -554.383796
20.600000 1.997953 15.386883 -1283.772590 -516.558453
20.650000 1.991286 16.169361 -1242.444777 -477.790884
20.700000 2.015374 15.426936 -1283.028326 -509.124788
20.750000 2.000389 16.814736 -1199.986336 -431.837028
20.800000 2.012582 15.696586 -1263.556809 -490.725373
20.850000 2.001896 14.864958 -1309.544616 -540.816437
20.900000 1.994767 15.805477 -1259.153807 -493.163121
20.950000 2.000687 14.684490 -1325.640956 -557.377226
21.000000 2.004003 16.210270 -1240.955280 -471.418042
21.050000 2.002355 15.242460 -1293.560891 -524.656456
21.100000 1.980674 15.934734 -1259.986661 -499.407735
21.150000 2.015305 15.352184 -1285.859680 -511.982598
21.200000 1.991013 15.514515 -1276.032798 -511.483814
21.250000 2.031588 14.601775 -1328.890746 -548.761104
21.300000 2.034928 14.167873 -1349.937989 -568.525507
21.350000 2.024361 14.932679 -1308.444564 -531.089782
21.400000 1.965032 15.515083 -1284.776887 -530.204673
21.450000 2.008566 15.837045 -1265.393865 -494.104557
21.500000 1.995310 15.581949 -1270.799627 -504.600573
21.550000 2.002676 14.957530 -1298.329100 -529.301629
21.600000 2.010619 16.053840 -1239.774648 -467.696834
21.650000 1.999439 14.435391 -1325.091020 -557.306268
21.700000 1.993363 14.861319 -1305.780484 -540.329117
21.750000 1.993970 15.576035 -1274.960566 -509.276238
21.800000 2.033562 15.082410 -1305.593629 -524.705774
21.850000 1.993986 15.082291 -1306.500654 -540.809969
21.900000 1.978263 14.651614 -1324.452661 -564.799806
21.950000 1.986752 15.734267 -1266.345220 -503.432299
22.000000 2.004263 15.618691 -1276.771256 -507.134188
22.050000 2.001225 14.548185 -1331.419880 -562.949584
22.100000 2.022651 15.793828 -1262.849700 -486.151700
22.150000 2.021847 15.434945 -1281.580244 -505.190902
22.200000 2.016465 15.734913 -1268.825707 -494.503094
22.250000 1.980705 15.233230 -1291.873342 -531.282593
22.300000 2.004339 15.316584 -1292.912999 -523.246949
22.350000 2.014215 15.794579 -1264.599200 -491.140601
22.400000 2.002841 15.266546 -1290.203014 -521.111894
22.450000 2.012292 14.736202 -1315.822691 -543.102689
22.500000 2.004561 8.668252 -1305.975530 -536.223926
22.550000 1.996452 8.267277 -1331.162676 -564.525037
22.600000 1.980764 9.155233 -1279.656149 -519.042682
22.650000 2.034892 9.068011 -1289.175863 -507.777525
22.700000 1.997185 8.438853 -1324.267201 -557.348151
22.750000 1.996037 8.653044 -1314.826371 -548.348061
22.800000 2.019235 8.432872 -1330.071758 -554.685660
22.850000 1.976110 9.354803 -1274.848035 -516.021772
22.900000 2.012752 8.628265 -1321.561173 -548.664472
22.950000 2.006975 9.020119 -1297.573486 -526.895124
23.000000 1.988302 8.827031 -1309.214757 -545.706684
23.050000 2.007693 9.297535 -1280.783759 -509.829759
23.100000 2.012573 8.884841 -1301.524627 -528.696681
23.150000 1.982182 9.297597 -1273.838625 -512.680596
23.200000 1.989327 8.606763 -1317.936765 -554.035248
23.250000 1.997914 9.640098 -1256.300988 -489.102120
23.300000 1.994621 9.361256 -1269.053924 -503.119283
23.350000 2.001726 8.845381 -1299.701028 -531.038330
23.400000 1.982924 9.085040 -1290.339381 -528.896727
23.450000 2.011813 8.517211 -1325.490573 -552.954295
23.500000 1.985158 9.231146 -1276.384350 -514.083519
23.550000 1.995053 8.630835 -1315.437435 -549.337122
23.600000 1.983608 9.827636 -1251.111011 -489.405600
23.650000 2.002365 10.018952 -1239.478825 -470.570645
23.700000 1.990310 8.771503 -1311.526830 -547.247917
23.750000 1.991176 9.497859 -1263.827021 -499.215535
23.800000 2.002958 9.205946 -1279.008435 -509.872740
23.850000 1.996959 8.979652 -1292.742499 -525.910117
23.900000 2.006370 8.880133 -1299.434894 -528.988745
23.950000 1.992845 8.622133 -1317.661853 -552.409271
24.000000 1.989487 9.547006 -1260.294632 -496.331553
24.050000 2.020249 9.818241 -1248.112414 -472.336884
24.100000 2.010172 8.839962 -1309.472835 -537.566652
24.150000 2.015434 9.230105 -1290.015731 -516.088923
24.200000 2.016477 9.334227 -1280.348730 -506.021747
24.250000 2.009372 7.764537 -1360.875428 -589.276739
24.300000 1.971777 8.826361 -1298.012346 -540.849883
24.350000 2.012576 9.226278 -1281.246550 -508.417488
24.400000 1.990247 9.237835 -1281.884086 -517.629332
24.450000 1.990700 8.636969 -1316.794382 -552.365658
24.500000 1.989787 9.321892 -1275.166289 -511.087996
24.550000 2.016440 8.877928 -1301.364292 -527.051182
24.600000 1.990202 9.319757 -1276.144045 -511.906312
24.650000 1.985916 9.834928 -1246.793407 -484.201751
24.700000 2.011150 9.165297 -1291.558256 -519.276685
24.750000 2.000729 9.206702 -1283.459306 -515.179181
24.800000 1.955202 9.292099 -1278.058457 -527.260857
24.850000 2.005306 9.271766 -1280.150563 -510.113148
24.900000 1.967703 9.297499 -1279.630614 -524.032842
24.950000 2.031186 8.834836 -1309.367514 -529.391952
25.000000 2.007387 9.627780 -1259.131708 -488.295173
25.050000 1.984930 9.494204 -1268.800065 -506.587129
25.100000 1.997514 8.264255 -1341.685581 -574.640366
25.150000 2.003922 9.662186 -1265.571993 -496.065913
25.200000 2.008171 9.153464 -1293.869872 -522.732386
25.250000 2.009945 9.425385 -1271.159841 -499.341114
25.300000 1.970522 8.655031 -1318.547017 -561.866661
25.350000 2.014804 9.191840 -1286.619609 -512.934685
25.400000 2.013619 9.097242 -1290.708052 -517.478374
25.450000 1.963464 9.346363 -1275.699095 -521.728909
25.500000 2.010728 8.982469 -1292.153506 -520.033822
25.550000 2.005264 8.907971 -1293.073546 -523.052358
25.600000 1.994323 9.349877 -1269.943244 -504.123044
25.650000 1.993167 8.850136 -1305.703745 -540.327580
25.700000 1.983144 9.177876 -1280.958600 -519.431309
25.750000 2.011347 9.186852 -1281.194851 -508.837637
25.800000 1.985005 8.930774 -1297.866845 -535.624957
25.850000 2.005566 9.292485 -1277.833686 -507.696268
25.900000 1.989077 10.033538 -1236.202887 -472.397412
25.950000 2.019171 9.177054 -1285.610324 -510.248529
26.000000 1.968560 8.876214 -1302.722976 -546.795816
26.050000 2.012167 9.614221 -1266.268553 -493.596252
26.100000 2.011536 9.865467 -1252.164441 -479.734618
26.150000 1.991639 8.605356 -1318.669941 -553.880707
26.200000 1.991009 8.671912 -1317.509099 -552.961816
26.250000 1.987623 9.634572 -1260.008954 -496.761827
26.300000 2.001509 9.193024 -1285.195115 -516.615755
26.350000 1.994522 8.940624 -1301.954310 -536.058019
26.400000 1.976118 9.026675 -1297.898291 -539.069152
26.450000 2.004303 8.563344 -1317.626676 -547.974504
26.500000 2.013607 9.737787 -1255.741513 -482.516330
26.550000 1.964565 10.058951 -1240.104974 -485.711862
26.600000 2.013453 9.804451 -1245.446834 -472.280904
26.650000 2.004069 9.451970 -1260.207571 -490.645221
26.700000 1.998646 8.748022 -1308.822767 -541.342725
26.750000 2.002538 9.123432 -1285.819759 -516.845255
26.800000 1.997770 9.030940 -1288.650543 -521.506798
26.850000 1.970902 9.683840 -1255.171931 -498.345386
26.900000 2.005956 9.606164 -1260.935631 -490.648598
26.950000 2.012177 8.383974 -1330.083381 -557.407484
27.000000 1.972743 8.896217 -1313.550388 -556.017090
27.050000 1.994414 9.952707 -1257.834428 -491.979280
27.100000 1.994339 9.699755 -1265.216885 -499.390810
27.150000 1.995252 9.251608 -1289.448844 -523.272149
27.200000 2.021838 9.729074 -1266.439508 -490.053844
27.250000 2.036462 9.112088 -1296.817929 -514.816566
27.300000 1.990025 8.995410 -1302.443493 -538.273830
27.350000 2.029632 8.748640 -1315.155227 -535.776418
27.400000 1.974541 9.803446 -1252.048179 -493.824473
27.450000 2.011023 9.858987 -1251.405356 -479.172357
27.500000 2.006333 9.760145 -1255.334417 -484.902458
27.550000 1.996981 9.455901 -1276.033594 -509.193064
27.600000 2.014179 9.656950 -1266.225884 -492.781167
27.650000 1.996951 9.478847 -1272.711288 -505.881932
27.700000 1.982388 9.870226 -1242.757859 -481.520780
27.750000 1.991437 8.969254 -1297.907746 -533.195860
27.800000 2.000215 9.283077 -1279.252822 -511.170295
27.850000 2.028085 9.116923 -1292.249769 -513.464941
27.900000 1.990494 9.210819 -1281.940075 -517.590281
27.950000 2.008924 8.888990 -1304.020264 -532.593348
28.000000 1.982639 10.208778 -1231.313770 -469.980279
28.050000 1.987223 11.351341 -1174.668892 -411.575361
28.100000 2.033025 11.012392 -1199.289980 -418.608509
28.150000 2.005040 9.776331 -1261.482241 -491.546803
28.200000 2.018319 9.065377 -1293.887090 -518.852527
28.250000 1.986225 9.822588 -1241.643349 -478.932864
28.300000 2.021421 9.804061 -1250.854729 -474.629123
28.350000 2.000674 8.897791 -1301.667137 -533.408309
28.400000 1.981428 9.665015 -1258.149723 -497.281283
28.450000 1.986230 9.333160 -1278.758122 -516.045946
28.500000 2.002165 9.247612 -1289.091193 -520.260025
28.550000 2.020154 9.804136 -1253.858805 -478.119509
28.600000 2.009884 9.107166 -1288.714717 -516.919381
28.650000 2.021915 8.248852 -1336.617382 -560.201946
28.700000 1.986638 8.871575 -1301.429605 -538.560613
28.750000 2.005524 9.548995 -1263.579679 -493.458561
28.800000 1.971202 9.611646 -1258.599352 -501.657930
28.850000 2.014488 8.746803 -1307.843520 -534.280301
28.900000 1.995190 9.247175 -1282.125161 -515.972195
28.950000 2.031581 9.287964 -1283.568863 -503.441790
29.000000 2.016257 8.454487 -1324.750455 -550.507948
29.050000 1.998780 8.521476 -1314.270356 -546.738765
29.100000 2.008605 8.295151 -1333.916336 -562.612169
29.150000 1.993272 8.868327 -1299.693884 -534.277477
29.200000 2.005235 8.565714 -1314.582802 -544.572595
29.250000 2.009008 8.528566 -1315.350664 -543.891657
29.300000 1.960871 9.319901 -1267.296253 -514.321817
29.350000 2.010317 9.317133 -1273.243040 -501.281465
29.400000 2.010948 8.976703 -1288.578591 -516.374693
29.450000 1.996131 7.710208 -1359.086125 -592.571955
29.500000 1.985391 8.789389 -1299.177264 -536.787263
29.550000 2.015816 8.813835 -1299.462935 -525.389534
29.600000 1.985872 9.504593 -1267.323749 -504.748893
29.650000 2.005234 9.033992 -1302.597124 -532.587332
29.700000 2.008180 9.395053 -1275.990646 -504.849690
29.750000 2.002213 9.487099 -1269.913898 -501.064111
29.800000 1.984541 9.969799 -1245.567798 -483.504002
29.850000 2.012291 9.349845 -1285.415335 -512.695569
29.900000 1.996050 8.533166 -1321.987586 -555.504323
29.950000 2.008270 8.576156 -1314.097539 -542.921753
30.000000 2.016340 5.677656 -1199.803430 -425.528974
30.050000 2.012052 5.404467 -1218.894134 -446.266061
30.100000 2.001466 4.621508 -1260.341503 -491.778750
30.150000 2.001640 4.818380 -1240.565746 -471.935938
30.200000 1.986767 5.119633 -1217.744455 -454.825793
30.250000 2.007242 4.658115 -1252.953891 -482.172830
30.300000 1.996356 5.348949 -1217.493667 -450.893058
30.350000 2.017204 5.482213 -1212.185980 -437.579498
30.400000 1.986637 6.145833 -1165.164715 -402.295953
30.450000 1.994869 6.316154 -1150.065414 -384.035637
30.500000 2.007594 6.056978 -1168.000483 -397.084323
30.550000 1.998135 5.418356 -1210.644422 -443.360465
30.600000 2.004272 5.302427 -1219.092174 -449.451743
30.650000 2.001292 5.764182 -1193.451849 -424.955539
30.700000 2.002127 5.679854 -1202.442752 -433.626033
30.750000 2.004058 5.699489 -1197.468594 -427.910427
30.800000 2.016396 5.101141 -1229.204614 -454.908407
30.850000 1.978697 4.376866 -1270.895058 -511.075416
30.900000 1.998022 5.355643 -1211.947342 -444.707024
30.950000 2.003872 5.581562 -1196.822702 -427.335891
31.000000 1.999751 4.863817 -1243.560384 -475.656092
31.050000 2.004245 4.967655 -1241.425255 -471.795130
31.100000 2.004912 4.835244 -1256.584278 -486.698106
31.150000 1.979992 5.530544 -1213.907552 -453.590719
31.200000 2.039655 6.311726 -1161.381915 -378.154363
31.250000 1.996046 5.709805 -1194.305988 -427.824276
31.300000 1.985234 6.492630 -1144.700875 -382.371158
31.350000 2.044570 5.637668 -1200.975101 -415.860207
31.400000 1.983896 5.209757 -1222.197562 -460.381383
31.450000 1.983581 5.566981 -1201.521991 -439.827010
31.500000 1.982895 6.054795 -1177.239828 -415.808094
31.550000 2.020644 5.809988 -1192.627666 -416.700234
31.600000 1.996714 5.350883 -1214.057659 -447.319640
31.650000 1.993351 5.164127 -1227.268083 -461.821429
31.700000 1.998417 5.551650 -1203.128111 -435.736103
31.750000 2.005102 4.963484 -1230.568825 -460.609630
31.800000 2.005273 4.841256 -1233.259795 -463.235052
31.850000 1.973439 4.746115 -1247.237865 -489.437254
31.900000 1.999439 5.130053 -1238.377746 -470.593236
31.950000 1.997523 5.940310 -1189.738334 -422.689511
32.000000 2.021399 5.629637 -1202.679671 -426.462519
32.050000 1.974435 5.153637 -1230.649009 -472.465873
32.100000 2.009311 5.475755 -1208.647575 -437.072141
32.150000 1.977016 5.076797 -1230.148402 -470.974273
32.200000 1.994737 5.437850 -1216.535033 -450.556156
32.250000 2.009179 5.896579 -1188.278648 -416.753852
32.300000 2.000242 5.748852 -1193.752911 -425.659800
32.350000 1.988561 5.561335 -1208.760043 -445.152802
32.400000 1.976207 5.319269 -1225.062910 -466.199253
32.450000 1.984507 5.677223 -1200.456798 -438.405971
32.500000 1.994845 5.682922 -1190.756451 -424.735831
32.550000 1.988169 4.952538 -1231.377992 -467.920995
32.600000 2.003199 5.362590 -1208.638261 -439.409781
32.650000 1.983039 4.877483 -1243.983672 -482.496872
32.700000 2.011886 5.927130 -1175.991469 -403.427176
32.750000 1.995815 5.737531 -1187.337607 -420.944674
32.800000 2.013826 5.721400 -1189.828040 -416.518735
32.850000 1.998023 5.931537 -1181.760844 -414.520177
32.900000 2.013388 5.695662 -1196.662167 -423.521037
32.950000 1.994732 5.592741 -1200.905003 -434.927895
33.000000 1.981361 6.051824 -1178.501526 -417.658712
33.050000 2.008294 6.173687 -1174.820709 -403.635772
33.100000 2.014168 5.137525 -1233.400581 -459.960197
33.150000 1.986637 5.085786 -1236.368794 -473.500304
33.200000 2.025219 5.665835 -1204.216789 -426.532730
33.250000 1.973267 5.841790 -1192.514987 -434.780274
33.300000 2.020495 6.101857 -1176.458897 -400.588782
33.350000 1.995892 5.518772 -1206.956577 -440.534218
33.400000 2.004457 5.618515 -1206.148654 -436.437053
33.450000 1.999008 6.249645 -1165.333226 -397.714057
33.500000 2.006843 6.109241 -1172.157643 -401.529760
33.550000 2.002378 4.854787 -1245.187487 -476.274393
33.600000 1.995110 5.453651 -1204.199975 -438.077865
33.650000 2.003754 5.222384 -1219.573988 -450.132493
33.700000 1.989194 4.274820 -1275.900577 -512.050102
33.750000 1.995011 4.791508 -1242.933177 -476.848764
33.800000 2.023768 5.013913 -1234.008458 -456.881728
33.850000 1.997268 5.413530 -1208.522170 -441.571270
33.900000 2.008565 4.781933 -1246.105392 -474.816469
33.950000 1.997192 5.182161 -1215.829461 -448.907721
34.000000 2.000810 4.651074 -1248.771667 -480.460524
34.050000 1.988756 5.073936 -1226.345559 -462.663431
34.100000 1.988203 5.313798 -1214.889668 -451.419546
34.150000 1.994792 4.922650 -1239.848395 -473.848374
34.200000 2.004488 4.481757 -1269.395055 -499.671587
34.250000 2.001248 5.017801 -1231.829459 -463.350133
34.300000 1.992115 5.447043 -1204.866398 -439.894408
34.350000 2.022934 4.623868 -1259.304191 -482.497653
34.400000 2.000985 4.964230 -1229.240745 -460.862447
34.450000 1.994407 4.189899 -1276.277167 -510.424876
34.500000 1.980282 5.072802 -1226.740649 -466.312193
34.550000 2.005989 5.516717 -1203.685106 -433.385426
34.600000 2.001795 4.746573 -1247.913843 -479.224713
34.650000 1.994081 5.038698 -1229.088609 -463.361422
34.700000 2.002993 5.103962 -1229.937273 -460.787865
34.750000 1.986662 5.620408 -1198.213399 -435.335331
34.800000 1.995352 5.695903 -1192.640008 -426.424704
34.850000 2.005912 5.071249 -1226.928074 -456.657942
34.900000 2.003606 4.488268 -1261.380157 -491.995548
34.950000 2.001032 4.766042 -1243.005149 -474.608697
35.000000 1.991319 5.456490 -1203.753757 -439.087397
35.050000 2.020395 5.753287 -1186.370414 -410.538761
35.100000 2.012751 4.590022 -1260.556865 -487.660525
35.150000 1.999126 5.175722 -1224.979228 -457.315035
35.200000 1.983809 5.703453 -1195.510267 -433.727642
35.250000 1.994632 5.592936 -1205.561964 -439.623340
35.300000 1.998082 6.229222 -1165.160988 -397.897491
35.350000 2.006861 5.503706 -1204.219723 -433.584953
35.400000 2.006623 5.169509 -1220.452482 -449.909423
35.450000 2.007745 5.222105 -1220.713252 -449.739058
35.500000 1.994066 5.000867 -1232.368344 -466.646957
35.550000 1.983820 5.810234 -1178.093456 -416.306401
35.600000 2.034036 5.218466 -1215.857167 -434.787335
35.650000 2.004515 4.323567 -1271.921786 -502.187858
35.700000 1.994083 4.927274 -1239.397674 -473.669935
35.750000 2.008638 4.704200 -1255.867448 -484.550342
35.800000 1.995577 5.095852 -1223.792923 -457.491256
35.850000 2.002740 4.644517 -1254.569511 -485.517335
35.900000 1.988115 5.173874 -1229.830325 -466.394120
35.950000 2.010447 5.845855 -1201.819580 -429.808068
36.000000 2.008311 5.740244 -1202.526977 -431.335505
36.050000 2.011292 5.418991 -1211.869311 -439.533110
36.100000 2.007250 4.730058 -1243.173521 -472.389546
36.150000 1.985713 4.237978 -1273.794009 -511.280048
36.200000 2.005662 5.342064 -1206.595771 -436.421581
36.250000 1.994998 4.797479 -1239.747106 -473.667830
36.300000 1.986045 5.124040 -1223.856817 -461.215683
36.350000 2.003733 5.658259 -1192.075569 -422.641942
36.400000 1.991454 4.925998 -1239.105283 -474.387019
36.450000 2.005253 4.968037 -1233.595278 -463.577994
36.500000 1.995499 4.830496 -1240.915663 -474.643857
36.550000 1.968404 5.042784 -1228.060313 -472.193149
36.600000 1.999933 5.288652 -1217.572782 -449.598530
36.650000 2.006593 5.922403 -1176.896776 -406.365249
36.700000 2.012346 5.232456 -1223.058602 -450.317749
36.750000 2.014181 4.812740 -1246.263859 -472.818288
36.800000 2.014400 5.510780 -1204.139933 -430.610365
36.850000 2.003279 5.279993 -1216.106504 -446.847398
36.900000 1.990126 5.175266 -1224.150451 -459.941958
36.950000 2.041282 5.063507 -1234.684857 -450.832440
37.000000 1.991019 4.655117 -1257.262940 -492.711586
37.050000 1.990350 4.977862 -1237.374630 -473.080203
37.100000 1.999599 5.304600 -1216.930163 -449.084004
37.150000 1.991888 5.521632 -1207.249824 -442.364868
37.200000 1.991644 5.637073 -1203.472197 -438.681047
37.250000 2.000173 5.738525 -1193.486448 -425.420024
37.300000 2.003352 5.351870 -1220.835040 -451.548028
37.350000 2.015808 5.739075 -1204.226815 -430.156479
37.400000 1.998560 5.588363 -1216.011855 -448.564747
37.450000 2.003078 6.110517 -1180.370908 -411.188923
37.500000 2.004447 3.142754 -1097.005496 -327.297790
37.550000 1.993230 3.070211 -1099.090561 -333.690176
37.600000 1.992363 3.098977 -1093.221931 -328.154539
37.650000 2.007056 2.996734 -1090.392445 -319.683102
37.700000 1.973842 2.889678 -1096.246547 -338.291117
37.750000 2.026092 2.569538 -1119.659427 -341.640158
37.800000 2.004243 2.237779 -1133.028997 -363.399769
37.850000 2.003044 2.761761 -1100.791601 -331.622650
37.900000 2.011410 3.206096 -1080.567912 -308.186561
37.950000 1.994021 2.646180 -1123.311959 -357.607853
38.000000 2.004714 3.034113 -1106.588733 -336.778445
38.050000 1.998482 3.141756 -1103.318660 -335.901404
38.100000 2.001760 2.995269 -1111.279087 -342.603284
38.150000 1.980727 3.719400 -1057.848047 -297.248792
38.200000 2.004429 3.636216 -1066.591421 -296.890560
38.250000 2.011899 2.945300 -1107.733537 -335.164419
38.300000 1.991244 3.039931 -1094.078016 -329.440489
38.350000 2.001943 2.853781 -1112.845934 -344.099705
38.400000 2.017737 2.566385 -1142.571372 -367.760264
38.450000 1.996265 2.792258 -1128.886121 -362.320340
38.500000 1.995394 3.284701 -1087.299206 -321.068003
38.550000 1.993684 2.863252 -1121.475697 -355.901009
38.600000 2.007154 3.062273 -1106.663086 -335.915933
38.650000 1.997910 3.043938 -1098.549231 -331.351884
38.700000 1.983171 2.954228 -1102.491520 -340.954014
38.750000 1.993518 3.192054 -1086.822213 -321.311493
38.800000 2.002542 2.812233 -1115.046523 -346.070554
38.850000 1.994597 3.141554 -1089.387306 -323.461916
38.900000 2.016265 3.572993 -1060.724292 -286.478719
38.950000 2.000295 3.841297 -1038.140628 -270.027514
39.000000 2.020705 3.266488 -1078.359359 -302.408513
39.050000 1.981896 3.065656 -1088.855883 -327.807680
39.100000 2.015590 2.711104 -1115.201756 -341.215067
39.150000 1.993561 2.761240 -1106.930761 -341.403328
39.200000 1.991924 3.218061 -1079.476666 -314.577676
39.250000 2.016956 4.055074 -1021.215058 -246.703984
39.300000 2.014809 2.945153 -1101.677734 -327.991143
39.350000 1.978340 2.636033 -1119.714129 -360.031734
39.400000 2.023754 3.092513 -1093.181536 -316.059853
39.450000 1.985569 2.979329 -1104.908139 -342.449471
39.500000 2.008343 3.279780 -1088.146473 -316.942849
39.550000 2.011741 2.824305 -1118.748905 -346.240493
39.600000 1.990930 3.764591 -1051.340785 -286.823546
39.650000 2.001935 3.234264 -1092.227078 -323.483935
39.700000 1.994470 3.252815 -1082.216161 -316.339672
39.750000 2.008879 2.289728 -1148.250867 -376.841481
39.800000 1.980762 2.864070 -1105.148924 -344.536497
39.850000 1.994517 3.095058 -1093.783608 -327.888997
39.900000 2.012055 2.945832 -1101.003758 -328.374520
39.950000 1.993054 2.784786 -1111.349875 -346.017124
40.000000 1.983444 2.706172 -1122.780907 -361.138487
40.050000 2.018119 3.346385 -1080.128708 -305.171014
40.100000 2.001375 3.118773 -1091.587448 -323.059535
40.150000 1.990193 2.925911 -1106.181416 -341.947228
40.200000 2.003098 3.267094 -1085.544455 -316.354824
40.250000 1.999721 3.317802 -1079.181227 -311.288551
40.300000 2.007636 3.058383 -1098.723725 -327.791691
40.350000 1.985370 3.219974 -1084.839589 -322.457408
40.400000 2.013173 3.017144 -1098.104154 -325.045819
40.450000 2.008516 2.630602 -1125.791943 -354.521851
40.500000 2.007109 2.560997 -1132.067410 -361.337685
40.550000 1.979832 2.997421 -1107.559471 -347.303911
40.600000 1.989337 3.936112 -1040.961291 -277.056039
40.650000 2.007800 3.058001 -1110.349819 -339.354722
40.700000 2.007435 3.537216 -1071.667341 -300.812361
40.750000 2.001214 3.651514 -1057.773071 -289.306934
40.800000 2.010690 2.892024 -1113.368244 -341.263257
40.850000 1.979160 3.281450 -1077.292380 -317.294916
40.900000 2.020877 2.788294 -1114.833483 -338.816554
40.950000 2.011629 2.854892 -1109.613930 -337.148243
41.000000 1.995410 3.282589 -1081.009969 -314.772515
41.050000 1.992035 3.201642 -1090.362247 -325.420965
41.100000 2.005670 3.568474 -1067.926350 -297.749167
41.150000 2.002481 2.918010 -1109.792478 -340.839645
41.200000 1.995746 2.698906 -1113.250870 -346.884508
41.250000 2.009615 2.492251 -1119.777684 -348.085611
41.300000 1.996086 2.386817 -1124.357929 -357.860969
41.350000 2.002735 2.218491 -1141.956959 -372.906791
41.400000 1.979553 2.842961 -1108.580565 -348.432114
41.450000 2.009294 3.555482 -1070.563470 -298.994442
41.500000 2.009277 3.237611 -1094.955297 -323.392758
41.550000 2.001694 2.861295 -1113.682596 -345.032146
41.600000 2.000761 3.164011 -1086.037745 -317.745643
41.650000 1.994664 2.966883 -1102.859974 -336.908941
41.700000 2.004683 2.991292 -1100.764506 -330.966326
41.750000 1.987542 3.187547 -1083.148955 -319.932778
41.800000 2.007288 2.976250 -1101.670794 -330.872119
41.850000 1.996811 3.306669 -1081.300710 -314.525140
41.900000 1.986661 3.626177 -1057.930738 -295.052854
41.950000 1.997647 3.080356 -1095.835113 -328.738606
42.000000 2.009279 3.018367 -1096.957507 -325.394356
42.050000 2.013409 2.630121 -1120.143569 -346.994339
42.100000 1.988462 3.141709 -1083.524924 -319.955594
42.150000 2.013337 2.927590 -1103.924501 -330.802998
42.200000 1.989830 3.290480 -1080.561241 -316.466688
42.250000 2.013321 2.806624 -1117.403106 -344.287833
42.300000 1.993594 2.837384 -1112.014468 -346.474359
42.350000 1.976878 2.976645 -1103.622429 -344.501430
42.400000 1.998884 2.877527 -1116.608959 -349.037558
42.450000 1.997110 3.478119 -1074.828258 -307.937976
42.500000 1.995244 3.589298 -1068.180940 -302.007189
42.550000 2.010870 3.572271 -1067.533625 -295.359604
42.600000 1.997429 2.949794 -1111.923968 -344.911188
42.650000 2.003713 3.107535 -1097.406100 -327.980383
42.700000 2.000312 3.281235 -1082.770660 -314.650778
42.750000 2.011622 3.219639 -1089.094609 -316.631932
42.800000 2.013033 2.151763 -1162.308379 -389.303829
42.850000 1.983800 2.798728 -1111.175264 -349.396199
42.900000 2.005024 2.827442 -1110.553015 -340.623754
42.950000 1.995537 3.013714 -1099.374523 -333.088464
43.000000 2.018501 3.082444 -1097.389783 -322.285361
43.050000 2.012362 2.572325 -1127.869556 -355.122514
43.100000 1.981925 2.588213 -1126.154768 -365.095568
43.150000 2.002220 2.915640 -1107.849700 -338.997238
43.200000 2.001785 2.996780 -1105.436606 -336.751149
43.250000 1.996275 3.255373 -1095.737135 -329.167667
43.300000 2.002627 3.165110 -1108.038736 -339.029954
43.350000 1.993784 2.860905 -1124.302892 -358.690013
43.400000 1.977558 3.193512 -1102.818079 -343.435915
43.450000 1.992270 3.780923 -1062.403088 -297.371572
43.500000 1.999587 3.606028 -1074.015377 -306.174095
43.550000 2.012646 3.215025 -1096.987996 -324.131997
43.600000 2.010851 2.925801 -1113.216568 -341.049926
43.650000 2.010769 2.498298 -1138.019679 -365.884377
43.700000 1.982036 2.625556 -1127.445835 -366.343842
43.750000 1.991703 2.995244 -1102.319903 -337.506091
43.800000 2.014212 2.779592 -1108.987443 -335.529915
43.850000 2.008608 2.675545 -1117.661563 -346.355923
43.900000 1.973603 3.296903 -1079.734259 -321.870767
43.950000 2.016453 3.009326 -1112.834557 -338.516424
44.000000 1.981550 3.493210 -1070.018200 -309.102927
44.050000 2.007348 2.140222 -1164.079725 -393.258147
44.100000 1.987009 2.327740 -1149.959133 -386.947500
44.150000 2.020117 2.540316 -1138.135902 -362.411134
44.200000 1.992473 2.853024 -1113.524828 -348.415271
44.250000 1.989243 2.935636 -1108.752604 -344.883336
44.300000 1.986514 2.781703 -1120.732822 -357.911409
44.350000 2.004887 3.342156 -1080.974805 -311.098295
44.400000 2.002358 2.975948 -1106.730929 -337.825270
44.450000 2.007233 3.406025 -1067.100827 -296.323536
44.500000 1.981646 3.170702 -1083.480177 -322.528278
44.550000 1.977151 3.437357 -1070.495395 -311.269263
44.600000 1.996756 3.508455 -1067.373623 -300.619295
44.650000 2.003945 3.228189 -1089.283531 -319.768722
44.700000 1.994431 2.877074 -1117.019621 -351.158128
44.750000 2.006007 2.964010 -1114.910972 -344.604335
44.800000 1.996500 3.237822 -1091.615805 -324.959643
44.850000 1.997982 3.221725 -1094.555368 -327.330140
44.900000 2.016172 3.579889 -1067.120190 -292.909975
44.950000 1.992496 3.478221 -1078.621157 -313.502760
45.000000 2.003121 1.523528 -963.857338 -194.658694
45.050000 2.005645 1.413967 -969.833245 -199.665500
45.100000 2.000401 1.461024 -964.535191 -196.381379
45.150000 2.015326 1.493155 -969.277380 -195.392060
45.200000 1.979565 1.918561 -941.086578 -180.933602
45.250000 2.006225 1.970959 -939.764169 -169.373648
45.300000 2.000026 1.896492 -945.422168 -177.412116
45.350000 1.993170 1.893219 -946.141111 -180.763821
45.400000 2.001690 1.488956 -982.557471 -213.908618
45.450000 2.010888 1.784108 -955.673520 -183.492501
45.500000 2.006187 1.653792 -967.232819 -196.856837
45.550000 1.986685 2.003565 -948.640038 -185.752907
45.600000 2.002090 2.132774 -947.879994 -179.077353
45.650000 2.007990 1.841252 -969.166211 -198.097888
45.700000 1.978414 1.853899 -962.940940 -203.230015
45.750000 1.997661 1.915092 -961.919795 -194.818136
45.800000 2.009149 2.050582 -948.663300 -177.150229
45.850000 1.996011 2.223803 -932.715677 -166.247546
45.900000 1.994136 2.104852 -944.967370 -179.219160
45.950000 2.019398 1.907720 -957.992181 -182.543477
46.000000 1.993831 1.723253 -961.016501 -195.385418
46.050000 1.991346 1.558726 -966.583999 -201.906990
46.100000 2.015123 1.378364 -973.835125 -200.027905
46.150000 1.987062 1.396394 -972.331790 -209.299892
46.200000 1.990704 2.211647 -909.525956 -145.095523
46.250000 2.001449 1.976068 -937.068006 -168.511527
46.300000 2.013275 2.127662 -926.015959 -152.918280
46.350000 1.990755 1.736346 -960.847269 -196.397302
46.400000 1.992500 2.221190 -925.393386 -160.273229
46.450000 2.023166 1.763859 -966.367232 -189.471572
46.500000 1.980641 1.638931 -978.214504 -217.648442
46.550000 2.013016 1.373583 -1000.087369 -227.089404
46.600000 1.987334 1.455043 -991.653516 -228.517428
46.650000 2.017109 1.511340 -987.856556 -213.286571
46.700000 2.003637 1.462250 -983.332559 -213.935864
46.750000 1.983496 1.514232 -975.718760 -214.056439
46.800000 2.014486 1.917077 -942.602945 -169.040496
46.850000 2.002093 1.385922 -981.369274 -212.565519
46.900000 1.982196 1.764196 -950.851825 -189.688649
46.950000 2.018620 1.726608 -956.274225 -181.124041
47.000000 1.996679 1.880933 -938.169056 -171.444399
47.050000 1.994436 1.963784 -936.950229 -171.086647
47.100000 2.017883 1.978872 -935.491563 -160.624670
47.150000 2.000592 1.571768 -964.991341 -196.764154
47.200000 2.006374 1.781788 -945.314136 -174.866432
47.250000 2.001456 1.279690 -988.539850 -219.980743
47.300000 1.990224 1.546845 -971.516668 -207.270646
47.350000 2.008573 1.539471 -982.508084 -211.215974
47.400000 1.988960 1.642944 -974.527652 -210.766915
47.450000 1.993366 1.743706 -969.240288 -203.787649
47.500000 2.002177 1.929483 -953.486235 -184.650372
47.550000 1.964015 1.789653 -963.181659 -208.999741
47.600000 2.015851 1.751332 -969.897756 -195.810967
47.650000 1.987894 1.693200 -973.034189 -209.682728
47.700000 1.989827 2.395465 -912.968691 -148.875244
47.750000 2.019116 1.942874 -948.334600 -172.993924
47.800000 1.979244 1.918295 -941.326186 -181.296436
47.850000 1.998139 1.977825 -934.919373 -167.633870
47.900000 1.995711 1.609816 -963.410036 -197.057139
47.950000 1.994923 1.935319 -939.045741 -172.995202
48.000000 2.010426 1.982908 -939.693600 -167.689945
48.050000 1.996895 1.551722 -971.354696 -204.546979
48.100000 1.990986 1.754417 -946.756976 -182.218192
48.150000 2.014248 1.369961 -975.351896 -201.880541
48.200000 1.974829 1.601164 -955.937146 -197.602944
48.250000 2.009408 1.827861 -942.420798 -170.808065
48.300000 1.999488 1.349544 -985.485533 -217.682012
48.350000 1.984177 1.948068 -938.257105 -176.333097
48.400000 2.007777 1.827284 -953.043769 -182.057229
48.450000 1.989973 2.039283 -941.417548 -177.267965
48.500000 2.000460 2.087991 -943.531555 -175.354755
48.550000 2.023465 1.769411 -968.856985 -191.846285
48.600000 1.990144 1.520584 -985.828659 -221.613237
48.650000 1.997047 1.461322 -988.962588 -222.096671
48.700000 1.997776 1.483975 -984.317293 -217.171479
48.750000 2.002936 1.510283 -984.035612 -214.908338
48.800000 1.998788 1.972516 -952.365380 -184.830706
48.850000 1.996148 2.085901 -946.435372 -179.914448
48.900000 2.000928 1.986246 -953.328820 -184.972595
48.950000 2.018537 1.752367 -967.559983 -192.441630
49.000000 1.993956 1.756388 -966.390674 -200.711465
49.050000 1.991557 2.215222 -935.280173 -170.522145
49.100000 2.009860 2.213946 -943.591501 -171.805143
49.150000 2.020374 1.749161 -973.639101 -197.815548
49.200000 1.984993 1.396191 -998.248268 -236.011035
49.250000 2.005489 1.867017 -959.688063 -189.580121
49.300000 1.997064 1.787006 -962.562723 -195.690209
49.350000 2.001215 1.672497 -968.744314 -200.277808
49.400000 2.000787 2.126043 -929.520693 -161.218303
49.450000 2.003973 1.764985 -960.736662 -191.211146
49.500000 1.998705 2.344926 -905.686125 -138.183305
49.550000 2.001793 1.408451 -983.462954 -214.774503
49.600000 2.002357 1.754457 -951.400580 -182.495637
49.650000 1.999856 1.710541 -958.392107 -190.447220
49.700000 1.981883 2.147694 -929.576934 -168.533998
49.750000 2.021078 1.742926 -971.020000 -194.926036
49.800000 1.995628 1.465356 -992.588597 -226.267508
49.850000 1.994909 1.583915 -984.081993 -218.036762
49.900000 2.019982 2.012531 -947.052228 -171.379251
49.950000 1.994142 2.042343 -942.316912 -176.566401
50.000000 1.999039 1.568791 -977.071070 -209.440016
50.050000 2.009648 1.659642 -964.990541 -193.285735
50.100000 1.978438 1.609433 -968.822175 -209.101859
50.150000 2.009646 1.792179 -961.003704 -189.299523
50.200000 2.009951 1.967739 -949.393260 -177.571987
50.250000 2.007501 1.928260 -956.637130 -185.756567
50.300000 1.996674 2.127112 -939.114120 -172.391283
50.350000 1.996524 2.614791 -893.223738 -126.558597
50.400000 1.993396 2.390920 -909.103263 -143.639300
50.450000 2.010547 1.883015 -953.969416 -181.919462
50.500000 1.998902 1.997264 -943.765511 -176.187059
50.550000 1.982415 2.352590 -918.684271 -157.436912
50.600000 2.020811 2.037642 -943.542825 -167.551344
50.650000 1.988032 1.649329 -974.821593 -211.417166
50.700000 1.984452 1.914492 -958.862511 -196.833000
50.750000 2.015492 2.334989 -923.764793 -149.815869
50.800000 1.989122 2.145759 -933.126737 -169.303990
50.850000 2.011025 1.878451 -959.012301 -186.778660
50.900000 2.008137 1.909990 -951.647159 -180.522524
50.950000 1.986826 1.740802 -964.088825 -201.147512
51.000000 2.003591 2.001377 -947.011073 -177.631951
51.050000 2.010574 1.290089 -1005.020473 -232.959948
51.100000 1.981637 1.947265 -952.514864 -191.566329
51.150000 2.011242 2.105859 -945.196910 -172.879850
51.200000 2.002518 1.483004 -984.472035 -215.504940
51.250000 2.002707 1.136892 -1000.854141 -231.814729
51.300000 1.999074 1.032630 -1003.781102 -236.136726
51.350000 1.981903 1.723360 -946.481541 -185.430892
51.400000 1.990830 2.051333 -922.012375 -157.533686
51.450000 2.011893 1.802996 -935.338017 -162.770966
51.500000 1.996511 1.268990 -975.164449 -208.504382
51.550000 1.998061 1.436862 -967.314008 -200.058641
51.600000 1.998227 1.435231 -982.119651 -214.800385
51.650000 2.002690 1.751013 -964.363478 -195.330541
51.700000 1.999976 1.816880 -966.472687 -198.481742
51.750000 1.980683 2.066737 -952.962017 -192.379895
51.800000 1.993663 2.642899 -911.465529 -145.899128
51.850000 2.008520 2.276276 -938.506656 -167.235057
51.900000 2.002685 2.094154 -936.618230 -167.587031
51.950000 1.996985 1.759495 -961.406320 -194.564068
52.000000 2.002276 1.846454 -952.989607 -184.115746
52.050000 2.004778 1.640711 -964.938314 -195.103508
52.100000 2.000393 1.697726 -952.810417 -184.659482
52.150000 1.997409 1.373974 -978.406332 -211.401314
52.200000 1.983519 1.783294 -952.938884 -191.267452
52.250000 2.006143 2.114361 -936.267312 -165.908253
52.300000 1.999672 2.224790 -930.861952 -162.987765
52.350000 1.994162 2.066705 -942.139151 -176.380761
52.400000 2.004690 1.767059 -957.916029 -188.115237
52.450000 1.993086 1.319783 -986.899859 -221.554729
52.500000 1.999092 1.076510 -797.755004 -30.103530
52.550000 2.001187 1.481487 -758.367229 10.088431
52.600000 2.000541 1.006558 -805.431047 -37.223343
52.650000 1.996877 0.842421 -817.695175 -50.894593
52.700000 2.004095 1.002213 -793.929642 -24.357245
52.750000 1.990040 1.045384 -790.916014 -26.740839
52.800000 2.008477 1.169687 -789.259578 -18.004438
52.850000 1.989457 1.073576 -802.548274 -38.596691
52.900000 2.014391 1.158830 -795.665430 -22.139321
52.950000 2.000145 0.918373 -816.135022 -48.079518
53.000000 1.994141 0.919608 -822.729189 -56.979115
53.050000 2.004805 1.259877 -796.589269 -26.744247
53.100000 2.020105 1.216311 -801.621064 -25.900554
53.150000 2.012127 1.104821 -805.225650 -32.568951
53.200000 1.995930 0.954884 -813.418637 -46.981425
53.250000 2.002254 0.897077 -813.195515 -44.329907
53.300000 2.004440 0.886667 -813.754678 -44.049801
53.350000 1.995980 0.937878 -813.890673 -47.434427
53.400000 1.994892 0.935908 -814.085245 -48.046706
53.450000 1.992296 1.019498 -808.064308 -43.022801
53.500000 1.985216 1.257991 -794.214045 -31.891029
53.550000 2.009345 1.349844 -786.678660 -15.090123
53.600000 1.997539 1.218185 -792.410626 -25.355746
53.650000 2.008832 0.925145 -814.205136 -42.813468
53.700000 2.002883 0.524607 -844.660486 -75.553360
53.750000 1.991053 0.976181 -798.455675 -33.891252
53.800000 2.006458 0.772153 -824.852068 -54.372095
53.850000 2.000701 0.809155 -822.083521 -53.814449
53.900000 1.994917 1.044588 -799.560142 -33.511844
53.950000 1.989034 1.163293 -789.432505 -25.643357
54.000000 2.014536 0.980256 -804.530338 -30.948697
54.050000 2.003572 0.977553 -800.017379 -30.645604
54.100000 1.990152 0.933118 -811.144081 -46.925831
54.150000 1.992858 1.387499 -770.013486 -4.756104
54.200000 2.011899 0.950501 -813.867169 -41.297996
54.250000 2.007301 0.914623 -810.060478 -39.257038
54.300000 1.998668 0.904967 -805.927287 -38.438914
54.350000 1.998307 0.827738 -817.847062 -50.497012
54.400000 1.985401 1.340312 -772.556131 -10.162046
54.450000 1.996942 1.181300 -789.458577 -22.632831
54.500000 2.001771 1.243892 -777.795623 -9.115413
54.550000 1.992731 1.075661 -788.354308 -23.145660
54.600000 2.011998 0.704122 -821.545145 -48.937905
54.650000 2.003024 0.878590 -803.668785 -34.507557
54.700000 1.991126 0.953222 -809.629545 -45.037317
54.750000 2.004541 1.533675 -763.557153 6.186467
54.800000 1.992364 1.362672 -781.254163 -16.186268
54.850000 2.006949 1.036630 -809.076503 -38.407979
54.900000 2.003216 1.206095 -789.126265 -19.891257
54.950000 2.011568 1.213980 -789.715307 -17.273183
55.000000 2.009650 0.907115 -821.714458 -50.008735
55.050000 1.978461 1.027299 -812.528142 -52.799279
55.100000 2.005252 1.130528 -804.846095 -34.829472
55.150000 1.993002 1.421938 -774.994758 -9.682156
55.200000 1.987614 1.657644 -752.851630 10.392126
55.250000 2.015045 1.308763 -788.330959 -14.553850
55.300000 2.003101 1.009292 -810.613968 -41.423317
55.350000 1.993347 0.766510 -833.823229 -68.377913
55.400000 2.008730 1.179908 -796.713973 -25.361520
55.450000 2.011329 1.422236 -770.994514 1.355725
55.500000 1.991011 1.168612 -793.131365 -28.583072
55.550000 2.016017 1.102148 -790.870703 -16.720206
55.600000 1.993957 0.831377 -811.531700 -45.852260
55.650000 1.992528 1.163560 -779.658261 -14.527343
55.700000 2.006177 1.189493 -779.939293 -9.567345
55.750000 2.007094 1.072614 -793.438312 -22.714289
55.800000 2.002935 1.318721 -776.098382 -6.971218
55.850000 1.992509 1.342923 -781.608562 -16.485197
55.900000 2.018869 1.316072 -781.308632 -6.063086
55.950000 2.015546 0.958695 -804.450666 -30.480980
56.000000 1.982213 1.157214 -780.029446 -18.859734
56.050000 2.005106 1.373549 -762.454423 7.506333
56.100000 2.014203 0.836927 -816.710442 -43.256667
56.150000 1.990348 0.977797 -806.368241 -42.074579
56.200000 1.985262 1.485077 -763.667980 -1.327472
56.250000 2.021200 1.116939 -795.853602 -19.712841
56.300000 1.988239 0.962588 -802.627589 -39.143842
56.350000 2.009762 0.720254 -824.466660 -52.718069
56.400000 1.991419 0.904539 -801.004034 -36.299316
56.450000 2.009674 0.774865 -813.856160 -42.141154
56.500000 1.999563 0.765480 -819.236929 -51.404829
56.550000 1.999205 1.295746 -775.216999 -7.522431
56.600000 1.999395 0.930260 -819.323913 -51.556368
56.650000 1.996465 1.122297 -802.550446 -35.907892
56.700000 1.985983 1.087226 -813.862963 -51.245656
56.750000 2.004930 1.189568 -810.637165 -40.743936
56.800000 2.006282 1.248465 -804.126718 -33.714317
56.850000 1.990438 1.128154 -815.886380 -51.558275
56.900000 2.006572 1.043953 -827.527543 -57.003981
56.950000 2.005528 1.272984 -807.218350 -37.095541
57.000000 1.994796 1.372227 -796.274790 -30.273108
57.050000 1.998226 1.162911 -816.579737 -49.260980
57.100000 1.997790 1.409079 -790.842794 -23.691325
57.150000 2.004847 1.304401 -793.361199 -23.500041
57.200000 1.999512 0.959746 -812.036816 -44.224127
57.250000 2.002445 0.634737 -835.230378 -66.291387
57.300000 1.997324 0.872864 -811.684416 -44.712096
57.350000 1.996042 0.711002 -833.062199 -66.582020
57.400000 1.984738 1.055902 -811.053013 -48.913479
57.450000 2.004233 1.325925 -799.274306 -29.648949
57.500000 2.014090 1.074515 -824.622917 -51.212251
57.550000 1.989293 1.063077 -822.288896 -58.400343
57.600000 2.004907 1.035353 -825.687570 -55.803269
57.650000 1.999880 1.171925 -811.140291 -43.186455
57.700000 1.994983 1.000143 -827.277142 -61.203843
57.750000 2.003496 0.933237 -833.949843 -64.607428
57.800000 2.001615 1.154390 -814.731855 -46.111865
57.850000 1.993625 1.308497 -803.051713 -37.499744
57.900000 2.007206 1.245835 -809.973622 -39.206541
57.950000 2.001986 1.057877 -827.593100 -58.830471
58.000000 1.995826 1.219359 -811.118160 -44.721108
58.050000 2.002524 1.231113 -811.168112 -42.199050
58.100000 2.005403 1.167305 -814.400523 -44.325724
58.150000 1.999450 1.140069 -814.901656 -47.112920
58.200000 1.986852 1.285557 -793.845582 -30.894291
58.250000 2.001498 1.091145 -811.408081 -42.832752
58.300000 1.994138 1.318882 -786.970674 -21.221625
58.350000 1.990387 1.157530 -808.764408 -44.455621
58.400000 2.002517 1.126171 -813.678878 -44.712530
58.450000 1.992767 0.926744 -830.102893 -64.880193
58.500000 2.002772 0.847279 -839.025777 -69.961458
58.550000 1.994510 1.107386 -819.676548 -53.784697
58.600000 1.990409 1.250514 -808.907107 -44.590151
58.650000 2.005830 1.149582 -816.197291 -45.958399
58.700000 1.996565 1.248205 -796.391953 -29.711107
58.750000 1.994423 1.067975 -806.801814 -40.943332
58.800000 1.993256 1.300590 -775.093175 -9.682763
58.850000 2.008506 0.967905 -805.310372 -34.044081
58.900000 1.995291 1.028981 -791.683986 -25.492318
58.950000 2.007508 0.888216 -800.032127 -29.149156
59.000000 2.001974 0.690019 -815.158937 -46.400915
59.050000 1.986717 0.832305 -804.138965 -41.239823
59.100000 2.000183 1.172101 -779.436352 -11.366070
59.150000 1.999128 1.063709 -796.936909 -29.271708
59.200000 2.011353 1.215281 -784.772064 -12.412329
59.250000 1.992122 0.977492 -811.362679 -46.387853
59.300000 1.994490 1.039868 -810.305887 -44.421538
59.350000 1.994867 1.266340 -790.762095 -24.733195
59.400000 2.004479 0.970878 -826.335796 -56.615696
59.450000 2.002772 1.149070 -804.598681 -35.534208
59.500000 2.000183 0.837150 -826.297966 -58.227618
59.550000 1.996383 0.783687 -821.154221 -54.543007
59.600000 1.999729 0.732993 -824.638649 -56.742614
59.650000 1.995833 0.976446 -805.356111 -38.956161
59.700000 2.001826 1.174130 -786.068362 -17.367250
59.750000 2.017511 0.750008 -826.707738 -51.983568
59.800000 1.982813 0.979308 -803.573643 -42.173436
59.850000 2.015045 0.942063 -816.581250 -42.804149
59.900000 2.002477 0.945944 -820.920132 -51.969093
59.950000 1.996914 1.056405 -816.565521 -49.750452
60.000000 1.989066 0.768950 -650.471802 113.329693
60.050000 2.015998 0.857745 -641.267555 132.875615
60.100000 1.981492 0.771220 -649.478586 111.414318
60.150000 2.009309 0.644488 -663.701282 107.873533
60.200000 2.005266 0.527244 -675.341956 94.680066
60.250000 1.986849 0.835639 -639.371438 123.578732
60.300000 2.014360 0.656372 -665.680538 107.833769
60.350000 2.002368 0.467151 -687.771726 81.137737
60.400000 1.985824 0.804093 -647.372318 115.184147
60.450000 2.001582 0.717995 -662.409700 106.197770
60.500000 1.994965 0.810236 -650.586424 115.480073
60.550000 1.988976 0.985923 -623.985950 139.780793
60.600000 1.999178 0.701578 -653.896620 113.787679
60.650000 2.006254 0.632685 -655.704808 114.696874
60.700000 1.997919 0.567682 -656.404274 110.796752
60.750000 1.989735 0.648548 -646.857931 117.200205
60.800000 2.005649 0.831182 -623.506701 146.662414
60.850000 2.001865 0.760336 -628.207133 140.509193
60.900000 1.980974 0.809748 -618.044881 142.649032
60.950000 2.016719 0.682683 -628.726603 145.693651
61.000000 1.999059 0.391187 -657.804910 109.833862
61.050000 1.992017 0.487922 -650.157727 114.776787
61.100000 1.996242 0.657294 -638.733690 127.823252
61.150000 1.999087 0.691449 -638.920167 128.729105
61.200000 2.001429 0.602122 -653.566757 114.981896
61.250000 1.995907 0.702050 -647.189374 119.238780
61.300000 1.994454 0.885257 -628.784528 137.085902
61.350000 2.005945 0.836886 -639.792833 130.489995
61.400000 1.995074 0.759969 -649.442379 116.666029
61.450000 2.012115 0.766175 -643.578928 129.073292
61.500000 2.001122 0.658275 -652.114889 116.315919
61.550000 2.000405 0.727186 -646.388926 121.766454
61.600000 1.998351 0.871905 -631.985714 135.380960
61.650000 2.003943 0.670513 -657.201984 112.312279
61.700000 2.005583 0.683761 -648.163411 121.980568
61.750000 1.996044 0.581261 -654.427465 112.053277
61.800000 1.993042 0.770270 -625.722845 139.605212
61.850000 1.996468 0.554747 -647.257624 119.385981
61.900000 2.007632 0.505345 -647.554248 123.376320
61.950000 1.997182 0.456753 -651.541993 115.375874
62.000000 1.987504 0.673530 -630.177385 133.024235
62.050000 2.006298 0.709936 -628.597083 141.821160
62.100000 1.995498 0.492634 -654.320474 111.950649
62.150000 2.007114 0.650097 -639.269463 131.462342
62.200000 1.993982 0.775053 -629.170198 136.519038
62.250000 2.005851 0.670442 -648.616000 121.630908
62.300000 1.974783 0.918444 -626.278988 132.037583
62.350000 2.007173 1.020133 -622.624000 148.130469
62.400000 1.999465 0.822932 -644.389331 123.405200
62.450000 2.001952 0.640679 -662.554383 106.195191
62.500000 1.999102 0.650338 -660.489735 107.165349
62.550000 2.005777 0.717181 -650.366656 119.851556
62.600000 1.997248 0.524780 -671.384543 95.558576
62.650000 1.996791 0.816806 -634.480403 132.287529
62.700000 2.014581 0.669230 -656.082619 117.516602
62.750000 2.002743 0.815668 -636.495023 132.558288
62.800000 2.000444 0.652406 -652.121339 116.049173
62.850000 1.999818 0.529287 -665.522738 102.407424
62.900000 1.994545 0.809595 -632.683875 133.221584
62.950000 2.003605 0.555076 -666.797730 102.586602
63.000000 1.989371 0.584593 -663.788105 100.130492
63.050000 2.009792 0.659015 -657.008880 114.751072
63.100000 1.995996 0.568126 -667.181700 99.280629
63.150000 1.991578 0.701759 -652.258672 112.507434
63.200000 2.008879 0.733442 -647.736906 123.672674
63.250000 2.001081 0.513849 -674.864714 93.550495
63.300000 1.998204 0.728731 -644.643482 122.666884
63.350000 2.005487 0.633100 -648.715507 121.391319
63.400000 2.002694 0.430654 -661.084023 107.950372
63.450000 2.002671 0.241140 -677.913573 91.111909
63.500000 1.985309 0.486755 -653.370273 108.988555
63.550000 2.008210 0.740263 -634.591335 136.561278
63.600000 1.990588 0.955401 -613.539555 150.846273
63.650000 1.990754 0.876966 -629.531091 134.918311
63.700000 2.012312 0.712643 -655.429535 117.298321
63.750000 1.999286 0.968131 -621.627294 146.098573
63.800000 1.999454 0.715968 -656.007990 111.782170
63.850000 2.008223 0.789229 -643.678405 127.479188
63.900000 1.998903 0.736265 -645.171587 122.407014
63.950000 2.002202 0.459447 -677.005719 91.840022
64.000000 2.003058 0.557355 -663.132906 106.041461
64.050000 1.992345 0.790048 -634.054592 131.005814
64.100000 1.996738 0.612923 -657.832946 108.914591
64.150000 2.007718 0.603608 -660.921297 110.042285
64.200000 2.001838 0.670103 -653.543943 115.161706
64.250000 1.998423 0.638301 -658.532440 108.862057
64.300000 1.999814 0.599158 -661.103799 106.824807
64.350000 1.997148 0.560826 -663.476457 103.428554
64.400000 1.997349 0.716494 -643.944864 123.037327
64.450000 2.004253 0.693913 -644.822745 124.810359
64.500000 2.001351 0.555957 -660.154136 108.364514
64.550000 2.006160 0.646265 -649.730120 120.635134
64.600000 1.994025 0.726935 -644.413312 121.292101
64.650000 1.991554 0.825895 -637.282903 127.473999
64.700000 1.993750 0.836140 -635.058357 130.541704
64.750000 1.998634 0.479118 -675.860022 91.615622
64.800000 2.002016 0.660347 -648.947878 119.826218
64.850000 1.993578 0.695354 -642.940470 122.593585
64.900000 1.998601 0.828063 -627.793172 139.669461
64.950000 1.981236 0.730636 -646.752446 114.042239
65.000000 2.012640 0.960279 -621.477027 151.376581
65.050000 2.013368 0.706594 -647.057151 126.076143
65.100000 1.998862 0.588975 -655.646009 111.916989
65.150000 1.987101 0.694696 -644.785234 118.261517
65.200000 2.008776 0.762524 -642.234421 129.135411
65.250000 2.003253 0.578166 -665.283548 103.965702
65.300000 1.999900 0.707081 -647.401336 120.560253
65.350000 2.010118 0.581737 -662.487010 109.398184
65.400000 2.000261 0.705518 -650.284676 117.815573
65.450000 2.002878 0.802368 -644.203681 124.901653
65.500000 1.992242 0.812143 -648.070942 116.950040
65.550000 2.015576 0.826811 -653.299713 120.681644
65.600000 1.998675 0.917051 -642.709913 124.781403
65.650000 2.009505 0.894977 -644.868427 126.781354
65.700000 2.001770 0.743239 -654.044214 114.635566
65.750000 1.997620 0.494267 -679.561773 87.524172
65.800000 2.001185 0.857404 -638.376018 130.079063
65.850000 1.997571 0.842023 -649.890273 117.176998
65.900000 2.002150 0.974243 -635.888111 132.937337
65.950000 2.017347 0.806328 -651.938355 122.722823
66.000000 1.998445 0.508494 -682.705701 84.697144
66.050000 2.002039 0.558169 -674.190600 94.592528
66.100000 1.990927 0.755594 -646.158224 118.357746
66.150000 1.999884 0.669770 -653.726311 114.229154
66.200000 2.009931 0.622691 -661.395797 110.417526
66.250000 1.998441 0.669723 -658.530282 108.871176
66.300000 1.989637 0.801273 -644.154801 119.865889
66.350000 2.010080 0.684636 -653.759900 118.110908
66.400000 1.999234 0.491542 -670.679028 97.026935
66.450000 1.997361 0.600380 -660.670787 106.315841
66.500000 2.001548 0.682291 -658.577935 110.016435
66.550000 1.997318 0.828740 -647.225245 119.744724
66.600000 2.008664 1.150648 -607.375103 163.952037
66.650000 2.008247 0.739492 -656.353473 114.813287
66.700000 1.992319 0.676868 -661.817547 103.232873
66.750000 1.998588 0.944021 -626.609199 140.848514
66.800000 2.002796 0.754117 -646.712509 122.361094
66.850000 1.998223 0.584464 -661.934904 105.382603
66.900000 2.000178 0.524343 -667.466987 100.601245
66.950000 2.000376 0.675002 -647.973355 120.171044
67.000000 1.999043 0.593666 -655.130189 112.502479
67.050000 1.996977 0.546592 -660.577158 106.261845
67.100000 2.013635 0.662862 -652.947415 120.288344
67.150000 2.001842 0.697102 -654.925728 113.781504
67.200000 2.003890 0.591780 -676.204942 93.288993
67.250000 1.980496 1.105139 -620.898302 139.612172
67.300000 2.012650 0.947995 -639.459892 133.397884
67.350000 2.004030 0.500221 -678.922530 90.625032
67.400000 1.994761 0.481870 -674.429165 91.559112
67.450000 1.988579 0.830809 -635.096538 128.517835
