# t Temp Pres Epot Etot
0.000000 1.991079 13.358353 -47.415457 0.370433
0.050000 1.867258 17.666214 -34.201787 10.612407
0.100000 2.018393 14.396274 -42.706060 5.735365
0.150000 1.920444 22.774843 -24.232202 21.858465
0.200000 2.170698 24.293474 -19.456546 32.640195
0.250000 1.939339 14.162768 -44.384267 2.159875
0.300000 1.972548 15.754850 -39.046995 8.294163
0.350000 1.875024 16.990537 -34.819750 10.180815
0.400000 2.035838 12.727845 -46.451782 2.408325
0.450000 1.945229 12.397172 -47.853512 -1.168019
0.500000 1.948148 16.311821 -39.028080 7.727464
0.550000 2.040072 18.627900 -29.586118 19.375618
0.600000 1.940960 14.289405 -43.613705 2.969325
0.650000 1.883891 14.123025 -44.742354 0.471028
0.700000 2.060463 15.729183 -38.926564 10.524549
0.750000 2.130820 14.545034 -42.545142 8.594541
0.800000 1.952744 14.976515 -40.625706 6.240160
0.850000 1.982561 12.264248 -48.774805 -1.193343
0.900000 2.053205 15.806817 -38.907645 10.369270
0.950000 2.046515 9.895048 -54.320371 -5.204010
1.000000 1.809660 16.628899 -35.477483 7.954351
1.050000 2.039590 10.268907 -54.897867 -5.947698
1.100000 2.069133 8.364520 -59.497169 -9.837975
1.150000 1.943212 10.210366 -54.921642 -8.284560
1.200000 1.785067 20.336095 -25.849651 16.991965
1.250000 2.058325 16.853194 -36.847067 12.552723
1.300000 1.987833 11.810313 -50.072643 -2.364652
1.350000 1.987887 17.143352 -34.374725 13.334570
1.400000 2.031859 8.892836 -56.986003 -8.221375
1.450000 2.065522 11.911076 -48.294171 1.278363
1.500000 1.999568 16.705132 -35.053256 12.936365
1.550000 2.010832 13.391704 -46.467532 1.792434
1.600000 2.051594 15.112329 -45.130604 4.107651
1.650000 2.030339 15.299647 -41.391049 7.337085
1.700000 1.976991 11.098568 -50.886027 -3.438242
1.750000 2.002520 19.620568 -30.833724 17.226751
1.800000 2.108524 20.119776 -26.944702 23.659874
1.850000 1.937847 10.150252 -53.663786 -7.155464
1.900000 2.106083 12.574830 -48.142904 2.403087
1.950000 2.111791 15.409033 -41.482375 9.200614
2.000000 2.006522 10.607691 -53.077841 -4.921302
2.050000 1.721336 21.276297 -21.466299 19.845763
2.100000 2.071461 17.109128 -34.924570 14.790496
2.150000 1.717633 24.067055 -13.949082 27.274117
2.200000 1.880913 18.926698 -30.056996 15.084918
2.250000 1.975480 12.644528 -48.649255 -1.237732
2.300000 1.911728 17.679760 -35.930768 9.950693
2.350000 1.986975 15.064067 -41.640380 6.047011
2.400000 1.956154 12.418565 -48.133621 -1.185926
2.450000 2.091064 9.630645 -55.901160 -5.715634
2.500000 1.890095 15.373419 -38.547669 6.814612
2.550000 2.066641 13.467667 -45.691908 3.907474
2.600000 1.959935 11.325244 -50.512688 -3.474256
2.650000 2.086675 14.383242 -42.359349 7.720848
2.700000 1.885435 15.576678 -40.640106 4.610335
2.750000 2.043374 18.212625 -34.587585 14.453391
2.800000 1.999526 16.639458 -37.454532 10.534101
2.850000 2.026895 21.960621 -20.448689 28.196785
2.900000 2.087780 15.514899 -40.266268 9.840447
2.950000 2.006531 18.626821 -31.314642 16.842102
3.000000 2.003209 13.728610 -43.395366 4.681654
3.050000 1.930801 15.095707 -43.380084 2.959131
3.100000 1.941255 21.814731 -25.690391 20.899739
3.150000 2.134889 19.638947 -29.211636 22.025689
3.200000 1.953996 14.421555 -43.493773 3.402127
3.250000 2.033945 18.351340 -32.093178 16.721506
3.300000 2.205488 21.567297 -21.856729 31.074971
3.350000 1.941024 12.090710 -48.459681 -1.875098
3.400000 1.981323 13.528715 -44.987266 2.564489
3.450000 1.955855 19.047115 -28.491098 18.449425
3.500000 2.053267 11.542517 -50.742218 -1.463804
3.550000 1.913424 16.222413 -37.894982 8.027202
3.600000 1.981781 17.643058 -33.068817 14.493927
3.650000 1.907411 18.347149 -30.320334 15.457532
3.700000 2.146086 9.453920 -55.900108 -4.394049
3.750000 1.867311 19.266410 -28.309652 16.505810
3.800000 1.781699 18.136983 -31.347002 11.413782
3.850000 2.063265 16.371272 -37.650753 11.867599
3.900000 2.011791 15.103411 -41.720463 6.562512
3.950000 1.942210 15.579646 -41.005703 5.607347
4.000000 2.038671 13.038155 -47.413375 1.514725
4.050000 2.072941 13.816350 -43.934685 5.815911
4.100000 2.022614 15.484991 -39.065828 9.476913
4.150000 2.011433 13.536259 -45.039477 3.234919
4.200000 2.036126 17.189983 -35.038988 13.828037
4.250000 2.077795 10.585607 -54.609695 -4.742604
4.300000 2.009515 17.815862 -34.853112 13.375240
4.350000 1.968370 15.329182 -39.974928 7.265951
4.400000 2.028127 13.208936 -44.830580 3.844468
4.450000 1.863840 11.869492 -48.225388 -3.493224
4.500000 2.049679 17.993925 -32.730967 16.461328
4.550000 2.058527 13.366969 -44.409949 4.994695
4.600000 1.902113 13.625223 -43.683350 1.967372
4.650000 1.921709 15.175982 -43.545559 2.575468
4.700000 1.809477 22.575362 -24.379627 19.047827
4.750000 2.031993 14.810430 -44.136116 4.631725
4.800000 1.938623 15.826685 -39.358833 7.168111
4.850000 1.984871 18.576545 -33.015218 14.621694
4.900000 1.981979 23.020778 -19.524916 28.042590
4.950000 1.917688 14.676736 -43.857966 2.166535
5.000000 1.831753 18.493798 -32.104021 11.858049
5.050000 1.938627 21.965502 -22.701664 23.825379
5.100000 2.001955 23.201722 -18.065723 29.981186
5.150000 1.888992 20.105099 -27.488944 17.846867
5.200000 2.141039 21.918035 -21.424480 29.960458
5.250000 1.976529 20.415400 -26.067759 21.368928
5.300000 1.905080 20.882775 -25.875758 19.846172
5.350000 2.002106 13.330011 -46.140785 1.909769
5.400000 2.035590 18.684147 -29.831868 19.022295
5.450000 1.959248 17.773493 -34.735772 12.286186
5.500000 2.117048 15.581891 -41.594981 9.214180
5.550000 1.926459 17.414752 -34.496666 11.738349
5.600000 2.108397 10.692096 -53.037661 -2.436126
5.650000 1.573818 20.519861 -25.391963 12.379681
5.700000 2.065568 8.568332 -58.109853 -8.536222
5.750000 1.938252 14.046968 -42.481747 4.036302
5.800000 2.065374 12.195207 -48.563410 1.005562
5.850000 2.073605 9.146454 -57.410647 -7.644137
5.900000 1.897013 13.538283 -45.577177 -0.048853
5.950000 2.116257 19.333337 -31.591486 19.198693
6.000000 1.946989 18.911448 -32.305832 14.421906
6.050000 1.992303 18.154598 -34.846572 12.968702
6.100000 1.907279 20.150538 -29.039466 16.735227
6.150000 1.992975 17.643710 -34.804881 13.026519
6.200000 2.051003 11.690916 -50.765033 -1.540963
6.250000 2.035267 12.891718 -46.453902 2.392512
6.300000 1.970750 9.386756 -55.945964 -8.647964
6.350000 2.034899 11.338421 -51.670393 -2.832819
6.400000 2.111037 16.957172 -37.035770 13.629120
6.450000 1.971159 13.818947 -45.192330 2.115485
6.500000 2.047743 11.662795 -51.116904 -1.971061
6.550000 1.967277 12.964696 -46.432648 0.782010
6.600000 2.056846 13.278620 -46.437092 2.927224
6.650000 2.100408 14.429431 -43.172296 7.237494
6.700000 2.041111 12.011841 -49.067291 -0.080635
6.750000 1.990143 12.680904 -48.217851 -0.454417
6.800000 2.040994 14.126702 -43.912640 5.071205
6.850000 2.024870 19.164298 -28.759889 19.836983
6.900000 1.916869 19.861153 -27.317450 18.687404
6.950000 2.044824 12.822713 -47.194593 1.881180
7.000000 2.140540 10.571096 -54.160287 -2.787324
7.050000 2.045600 12.802480 -45.623801 3.470610
7.100000 2.012203 11.396536 -51.550799 -3.257933
7.150000 2.043152 14.070677 -43.157024 5.878636
7.200000 1.985791 10.422208 -52.782494 -5.123508
7.250000 1.828457 20.002574 -28.213665 15.669291
7.300000 2.028612 15.669546 -41.004946 7.681737
7.350000 1.994639 24.290376 -14.855479 33.015863
7.400000 2.193375 19.237685 -30.569534 22.071460
7.450000 2.047528 16.012227 -35.640532 13.500129
7.500000 1.969219 8.133563 -52.557069 -5.295809
7.550000 1.990763 6.388812 -56.362235 -8.583929
7.600000 2.062223 3.971883 -60.761243 -11.267890
7.650000 1.917230 5.332313 -56.515495 -10.501985
7.700000 2.009418 6.276121 -55.776631 -7.550594
7.750000 1.965935 10.047168 -45.230670 1.951763
7.800000 2.053959 8.757288 -49.123952 0.171062
7.850000 2.034857 4.910124 -58.407595 -9.571024
7.900000 1.929622 5.729387 -55.700767 -9.389836
7.950000 2.004346 7.314794 -52.871769 -4.767472
8.000000 1.998785 7.535345 -52.562254 -4.591419
8.050000 1.942964 7.058443 -52.802197 -6.171067
8.100000 2.015227 6.600644 -54.175386 -5.809938
8.150000 1.965627 7.475673 -54.737264 -7.562207
8.200000 2.047382 12.431347 -42.523488 6.613671
8.250000 1.897054 13.419497 -38.618984 6.910315
8.300000 2.018421 11.554246 -43.296872 5.145234
8.350000 2.022447 7.533266 -52.937372 -4.398643
8.400000 2.012787 7.357931 -52.199990 -3.893102
8.450000 1.992364 6.266983 -56.125626 -8.308887
8.500000 2.006570 7.129167 -52.932643 -4.774972
8.550000 2.025214 5.400731 -57.164685 -8.559549
8.600000 1.951221 6.896514 -53.809248 -6.979945
8.650000 2.032390 7.319730 -53.497366 -4.720013
8.700000 1.946789 8.543170 -50.517358 -3.794411
8.750000 2.046379 8.931213 -49.304267 -0.191160
8.800000 1.994729 4.510266 -61.154818 -13.281318
8.850000 1.997678 7.329389 -51.847878 -3.903612
8.900000 1.988991 7.898777 -50.232730 -2.496952
8.950000 1.992516 7.283210 -53.015628 -5.195253
9.000000 1.986301 7.603121 -50.991224 -3.320006
9.050000 2.004189 8.059534 -50.505638 -2.405109
9.100000 2.003811 7.915430 -51.246024 -3.154557
9.150000 1.958483 9.118778 -47.732105 -0.728517
9.200000 2.052351 6.836344 -54.480500 -5.224066
9.250000 1.955869 7.451351 -52.212872 -5.272011
9.300000 1.975412 10.538331 -45.480822 1.929058
9.350000 1.982229 10.543884 -46.603874 0.969623
9.400000 2.102413 10.547147 -45.151562 5.306351
9.450000 2.017127 5.960052 -55.486704 -7.075659
9.500000 1.979374 4.185869 -60.189408 -12.684444
9.550000 2.044788 9.434589 -45.093211 3.981694
9.600000 2.014766 5.944450 -55.928022 -7.573631
9.650000 2.025895 4.741098 -60.173826 -11.552355
9.700000 1.965335 5.939711 -56.023229 -8.855187
9.750000 1.963986 7.513165 -52.213087 -5.077435
9.800000 1.973083 5.971227 -58.051564 -10.697564
9.850000 1.986634 9.623901 -45.981906 1.697318
9.900000 2.031019 7.682424 -51.446757 -2.702306
9.950000 2.046332 7.957149 -50.264837 -1.152861
10.000000 1.981978 6.525625 -53.816347 -6.248884
10.050000 2.025214 6.735389 -53.775213 -5.170073
10.100000 2.013966 7.606337 -51.356220 -3.021042
10.150000 1.993789 8.146683 -50.525197 -2.674260
10.200000 2.002579 7.662356 -51.748393 -3.686489
10.250000 2.021592 7.654870 -52.465075 -3.946861
10.300000 1.977497 6.803453 -54.121918 -6.662002
10.350000 2.005760 7.801570 -51.065623 -2.927394
10.400000 2.014522 4.323626 -60.814766 -12.466246
10.450000 1.979505 5.888125 -57.445720 -9.937604
10.500000 2.026636 8.450656 -51.119432 -2.480169
10.550000 2.015652 7.495961 -53.043506 -4.667852
10.600000 1.973018 8.943564 -47.685072 -0.332643
10.650000 1.998410 7.155343 -52.505235 -4.543400
10.700000 2.025817 7.911915 -48.879632 -0.260017
10.750000 1.839831 7.830603 -49.546248 -5.390309
10.800000 1.962716 6.428392 -54.713835 -7.608647
10.850000 1.993883 6.508824 -54.491146 -6.637964
10.900000 1.988345 4.126273 -61.124436 -13.404147
10.950000 2.029125 4.192678 -59.516376 -10.817367
11.000000 2.002582 3.138974 -63.131771 -15.069811
11.050000 2.013331 10.341677 -42.824286 5.495662
11.100000 1.963927 7.253983 -52.439436 -5.305185
11.150000 2.003149 6.087567 -54.713641 -6.638069
11.200000 2.105363 9.660710 -43.907823 6.620897
11.250000 1.966187 7.116023 -52.563289 -5.374801
11.300000 2.052563 5.173113 -57.406062 -8.144548
11.350000 1.965159 3.509191 -61.521509 -14.357690
11.400000 2.096354 6.221873 -54.939480 -4.626995
11.450000 2.014837 8.028508 -49.396439 -1.040346
11.500000 2.016548 6.979199 -52.366600 -3.969458
11.550000 2.026597 7.722201 -50.586657 -1.948330
11.600000 1.963036 8.374402 -51.467632 -4.354769
11.650000 2.034735 6.433101 -57.794492 -8.960862
11.700000 1.932368 7.240736 -53.355049 -6.978224
11.750000 2.053494 7.279195 -53.263121 -3.979255
11.800000 1.886331 7.779305 -50.944369 -5.672419
11.850000 2.048034 6.035056 -57.868639 -8.715814
11.900000 1.999574 7.602714 -53.783512 -5.793738
11.950000 1.959372 8.479131 -50.536602 -3.511667
12.000000 1.928501 8.534794 -50.511585 -4.227567
12.050000 2.112522 7.657055 -53.288812 -2.588289
12.100000 1.950249 5.486127 -58.582568 -11.776586
12.150000 2.044055 8.375368 -49.267967 -0.210654
12.200000 2.010629 5.271692 -57.972644 -9.717552
12.250000 1.947827 6.830125 -52.652272 -5.904426
12.300000 2.063743 6.563056 -52.746081 -3.216256
12.350000 1.943030 6.811463 -52.253332 -5.620618
12.400000 1.998469 7.367976 -52.462354 -4.499099
12.450000 1.965560 10.572891 -43.329149 3.844292
12.500000 2.059442 6.823041 -53.907194 -4.480588
12.550000 1.997138 4.115272 -60.965458 -13.034139
12.600000 2.004834 7.646798 -50.402986 -2.286976
12.650000 1.978642 5.926874 -56.078620 -8.591222
12.700000 1.995997 6.480763 -55.520007 -7.616083
12.750000 2.026666 5.162959 -58.487541 -9.847555
12.800000 1.962677 5.590501 -56.474817 -9.370564
12.850000 2.019190 6.315807 -54.569570 -6.109010
12.900000 2.023906 6.217075 -56.301367 -7.727619
12.950000 1.951948 7.681108 -53.020187 -6.173443
13.000000 2.026841 8.226409 -51.114339 -2.470155
13.050000 2.009486 6.093534 -56.235205 -8.007536
13.100000 1.987480 7.447166 -52.620159 -4.920645
13.150000 2.010257 7.474198 -52.626492 -4.380332
13.200000 2.028910 5.236193 -58.546187 -9.852350
13.250000 1.998008 4.400892 -60.474932 -12.522742
13.300000 1.994161 7.130149 -52.825093 -4.965234
13.350000 1.993806 6.928129 -53.515482 -5.664143
13.400000 1.991897 7.602593 -51.176072 -3.370541
13.450000 1.908563 9.552040 -45.630676 0.174838
13.500000 2.006490 8.989967 -48.269843 -0.114091
13.550000 2.000465 6.582801 -55.239787 -7.228632
13.600000 2.019299 7.308881 -52.239267 -3.776082
13.650000 2.024552 4.951520 -58.514907 -9.925659
13.700000 2.058544 4.277213 -60.702530 -11.297472
13.750000 1.874397 7.309018 -53.827143 -8.841618
13.800000 2.095500 5.480263 -59.449864 -9.157853
13.850000 1.925579 4.767185 -58.620778 -12.406871
13.900000 2.012106 4.541957 -59.867752 -11.577209
13.950000 1.975325 6.392116 -54.739332 -7.331527
14.000000 2.003125 5.565759 -58.197683 -10.122682
14.050000 1.964047 8.139063 -51.012447 -3.875313
14.100000 1.997992 10.114143 -46.624233 1.327567
14.150000 2.036196 9.496703 -48.981101 -0.112400
14.200000 2.002163 9.290291 -47.692907 0.359009
14.250000 2.030051 5.812135 -55.734766 -7.013542
14.300000 1.989066 5.458616 -55.421591 -7.684018
14.350000 1.974553 7.078994 -50.608704 -3.219443
14.400000 2.021201 6.498196 -53.737936 -5.229116
14.450000 2.006080 4.896029 -59.780581 -11.634651
14.500000 1.973163 6.771419 -53.671207 -6.315297
14.550000 2.006968 5.167964 -58.259419 -10.092190
14.600000 2.029881 5.837403 -55.740591 -7.023445
14.650000 2.012091 6.456321 -54.768021 -6.477832
14.700000 2.018515 7.968403 -51.119803 -2.675443
14.750000 1.984881 6.469723 -54.635784 -6.998639
14.800000 2.008441 6.478359 -54.756154 -6.553565
14.850000 1.951119 8.949213 -47.787437 -0.960579
14.900000 2.010080 5.308214 -58.164661 -9.922741
14.950000 1.997321 6.062799 -55.555224 -7.619526
15.000000 2.000255 5.353392 -50.510733 -2.504623
15.050000 1.978849 3.706412 -55.893164 -8.400794
15.100000 2.009583 8.489020 -40.893163 7.336818
15.150000 2.004185 6.623602 -48.731284 -0.630845
15.200000 1.978627 6.087140 -49.245545 -1.758503
15.250000 2.015635 6.751772 -44.606937 3.768297
15.300000 2.004081 4.089899 -53.246532 -5.148597
15.350000 2.004548 5.802262 -46.962019 1.147133
15.400000 1.912816 6.791997 -43.336044 2.571548
15.450000 2.078014 7.256316 -42.426584 7.445743
15.500000 1.966236 4.138397 -52.230719 -5.041054
15.550000 2.078849 4.203950 -53.420403 -3.528021
15.600000 1.901522 6.865352 -45.892813 -0.256276
15.650000 2.110535 5.558770 -51.342756 -0.689917
15.700000 2.127390 6.810741 -45.765941 5.291430
15.750000 1.945017 5.682266 -51.150831 -4.470413
15.800000 1.916674 12.193259 -29.996697 16.003475
15.850000 2.030459 6.273669 -48.358192 0.372815
15.900000 1.994369 4.742270 -52.037779 -4.172933
15.950000 1.993092 6.791792 -44.604679 3.229527
16.000000 1.987607 4.205185 -52.274456 -4.571889
16.050000 2.069682 6.194310 -45.524013 4.148361
16.100000 2.002381 4.044988 -52.514342 -4.457190
16.150000 1.974200 4.575001 -52.433904 -5.053106
16.200000 2.043211 5.676181 -50.200386 -1.163328
16.250000 1.979003 4.433874 -53.175765 -5.679684
16.300000 1.999948 7.044852 -43.851092 4.147653
16.350000 2.035423 4.262044 -52.095846 -3.245705
16.400000 2.011419 5.011426 -49.525518 -1.251450
16.450000 1.993478 5.103029 -50.248532 -2.405059
16.500000 2.047453 6.089012 -47.112105 2.026760
16.550000 1.986900 4.539123 -52.354654 -4.669058
16.600000 2.006742 7.272321 -42.380332 5.781485
16.650000 2.011443 3.801059 -52.485834 -4.211202
16.700000 1.988775 4.778979 -50.118827 -2.388225
16.750000 2.018987 5.484567 -48.915064 -0.459371
16.800000 2.025862 6.913446 -45.485387 3.135302
16.850000 2.029789 3.868336 -54.835596 -6.120661
16.900000 1.968373 4.045778 -53.775728 -6.534786
16.950000 1.988097 8.085664 -41.143932 6.570387
17.000000 1.993179 6.453352 -48.085855 -0.249550
17.050000 1.970925 8.774224 -39.353150 7.949050
17.100000 2.021143 5.225289 -49.487468 -0.980032
17.150000 1.954061 5.465552 -48.773536 -1.876076
17.200000 2.004405 4.375885 -52.619097 -4.513374
17.250000 2.027034 6.421548 -46.398497 2.250313
17.300000 2.025511 5.245690 -50.545945 -1.933693
17.350000 1.971549 5.275621 -49.684476 -2.367308
17.400000 1.991503 4.476385 -53.218477 -5.422406
17.450000 2.013783 6.928906 -45.671869 2.658930
17.500000 2.022391 3.897165 -54.569166 -6.031772
17.550000 2.026240 2.392123 -57.117128 -8.487356
17.600000 1.990824 0.390189 -63.257671 -15.477887
17.650000 1.993858 2.751811 -57.092295 -9.239694
17.700000 2.009352 2.200362 -59.492376 -11.267939
17.750000 1.972992 3.620343 -55.075095 -7.723290
17.800000 1.968152 4.822802 -50.939757 -3.704104
17.850000 2.032801 5.672718 -48.388993 0.398230
17.900000 2.043194 4.800921 -52.270553 -3.233892
17.950000 1.978845 5.158758 -51.623335 -4.131050
18.000000 1.981682 7.270725 -45.616263 1.944114
18.050000 2.021018 4.701494 -53.251898 -4.747459
18.100000 2.033524 4.603180 -51.288246 -2.483664
18.150000 2.003664 2.285134 -58.097938 -10.009996
18.200000 1.954902 5.069684 -49.386006 -2.468356
18.250000 1.983371 4.813777 -51.035834 -3.434937
18.300000 2.007302 4.274577 -54.142926 -5.967676
18.350000 2.009474 4.199708 -54.146666 -5.919282
18.400000 1.973163 4.730030 -52.347283 -4.991369
18.450000 2.016555 5.325324 -50.838972 -2.441648
18.500000 1.973337 4.770890 -52.403874 -5.043787
18.550000 2.077617 5.932344 -49.050124 0.812679
18.600000 2.007328 6.579975 -47.432531 0.743338
18.650000 2.040619 4.447104 -53.549055 -4.574192
18.700000 1.993856 3.533589 -56.616565 -8.764024
18.750000 1.971688 5.110269 -52.864192 -5.543687
18.800000 2.039094 4.563414 -53.986525 -5.048278
18.850000 1.980480 4.799571 -50.496850 -2.965331
18.900000 1.984847 4.570629 -50.604605 -2.968287
18.950000 1.992055 7.236844 -42.342964 5.466364
19.000000 2.013787 5.615601 -48.536469 -0.205589
19.050000 2.001479 5.188998 -50.938181 -2.902691
19.100000 1.986306 5.833713 -49.586610 -1.915277
19.150000 2.056812 6.062086 -49.519947 -0.156455
19.200000 1.969247 6.228811 -48.685620 -1.423683
19.250000 1.943303 9.261570 -38.998775 7.640500
19.300000 2.032027 6.279081 -48.005745 0.762909
19.350000 2.010603 5.242476 -50.032854 -1.778374
19.400000 1.972442 4.895431 -50.501060 -3.162444
19.450000 2.009057 4.881160 -50.906700 -2.689325
19.500000 1.982034 6.284941 -46.893317 0.675498
19.550000 2.042080 4.279816 -54.673844 -5.663916
19.600000 1.919621 7.105940 -44.885764 1.185131
19.650000 2.004272 6.891870 -45.286644 2.815893
19.700000 2.062452 5.049368 -49.845744 -0.346891
19.750000 2.030859 2.731062 -57.581082 -8.840472
19.800000 1.916435 5.812528 -49.320913 -3.326476
19.850000 2.028929 6.391840 -48.566690 0.127615
19.900000 2.020372 6.498597 -46.933372 1.555555
19.950000 1.892058 6.717219 -44.832682 0.576709
20.000000 2.077332 8.163745 -41.134634 8.721331
20.050000 2.019042 4.674226 -52.422854 -3.965851
20.100000 1.959268 5.365796 -48.613460 -1.591016
20.150000 1.981752 3.906292 -52.124943 -4.562893
20.200000 2.028715 3.231566 -54.880045 -6.190875
20.250000 1.978905 5.113103 -49.295973 -1.802264
20.300000 2.019092 3.197708 -55.351019 -6.892823
20.350000 2.106549 6.159700 -44.938139 5.619037
20.400000 2.022823 3.733768 -52.822549 -4.274797
20.450000 1.928682 5.235671 -47.536336 -1.247979
20.500000 2.000843 4.991762 -48.965046 -0.944820
20.550000 1.964090 6.575722 -44.599208 2.538961
20.600000 2.037965 7.931379 -42.729369 6.181794
20.650000 1.978658 8.243632 -41.314168 6.173617
20.700000 1.996610 5.096551 -51.173844 -3.255195
20.750000 2.035773 5.371059 -49.435078 -0.576533
20.800000 2.002787 3.771762 -53.767475 -5.700598
20.850000 1.982293 5.219986 -48.403288 -0.828265
20.900000 2.038762 3.536508 -54.241800 -5.311513
20.950000 1.989431 3.899086 -53.900000 -6.153647
21.000000 1.992611 5.536099 -48.897793 -1.075131
21.050000 1.951773 5.295851 -50.769981 -3.927418
21.100000 1.984999 8.442549 -41.527438 6.112549
21.150000 2.028215 5.118872 -51.212667 -2.535500
21.200000 1.973850 5.278871 -49.668355 -2.295956
21.250000 1.965519 6.245957 -47.051552 0.120915
21.300000 2.005866 6.165059 -46.463467 1.677311
21.350000 2.058223 5.545247 -47.661418 1.735929
21.400000 2.000814 4.149341 -53.466461 -5.446935
21.450000 1.990109 6.001472 -50.373034 -2.610425
21.500000 1.958159 9.353307 -40.977043 6.018777
21.550000 1.985547 5.480912 -52.329152 -4.676022
21.600000 2.047699 6.824601 -46.649164 2.495616
21.650000 2.005437 5.330624 -51.645724 -3.515241
21.700000 2.032534 4.632143 -51.972872 -3.192054
21.750000 1.932996 4.674704 -51.421954 -5.030056
21.800000 1.994248 6.963555 -45.410622 2.451321
21.850000 2.003597 5.705008 -49.477329 -1.390999
21.900000 2.053902 4.330447 -53.979212 -4.685561
21.950000 1.991498 5.825018 -48.811667 -1.015727
22.000000 2.003735 7.169342 -46.471516 1.618136
22.050000 2.039761 7.361811 -48.215378 0.738888
22.100000 2.008395 7.372823 -48.238828 -0.037354
22.150000 2.017283 5.168061 -53.059386 -4.644595
22.200000 2.027803 5.462507 -51.419029 -2.751747
22.250000 1.965955 4.792429 -55.211782 -8.028867
22.300000 2.007072 6.741071 -49.800169 -1.630446
22.350000 1.983111 6.517536 -49.511502 -1.916833
22.400000 2.011051 6.822297 -47.064324 1.200896
22.450000 1.963454 5.288787 -50.715997 -3.593096
22.500000 1.999188 4.144552 -45.269494 2.711007
22.550000 1.999666 2.375391 -50.405454 -2.413478
22.600000 1.996693 4.047281 -45.909012 2.011618
22.650000 2.013445 5.640563 -42.047484 6.275207
22.700000 1.985058 4.383238 -46.558102 1.083300
22.750000 2.010074 4.634769 -44.152413 4.089363
22.800000 1.941183 3.725177 -47.497849 -0.909461
22.850000 1.975215 6.200565 -38.255521 9.149649
22.900000 2.019825 2.183784 -51.108102 -2.632307
22.950000 1.989577 2.564374 -51.362568 -3.612732
23.000000 1.953848 6.200246 -40.038895 6.853459
23.050000 2.090152 5.700963 -40.859550 9.304088
23.100000 2.024683 2.675040 -50.275221 -1.682839
23.150000 1.900934 4.159787 -44.666729 0.955685
23.200000 2.021711 5.713111 -41.297395 7.223676
23.250000 1.987158 3.526450 -50.133916 -2.442132
23.300000 2.040008 6.256346 -40.695120 8.265061
23.350000 1.958485 6.412901 -39.807698 7.195947
23.400000 2.006850 3.691042 -47.253465 0.910936
23.450000 1.942435 3.949895 -46.352493 0.265936
23.500000 2.030477 5.625117 -43.333295 5.398141
23.550000 2.046579 5.409065 -43.820781 5.297114
23.600000 2.012822 1.898309 -52.491095 -4.183375
23.650000 1.944285 3.015394 -47.824386 -1.161538
23.700000 1.994906 3.032731 -47.809846 0.067893
23.750000 1.945071 3.928196 -43.671191 3.010516
23.800000 2.009875 3.900891 -43.182161 5.054841
23.850000 1.993750 2.811626 -46.926951 0.923043
23.900000 2.026467 3.168351 -46.398806 2.236403
23.950000 1.994581 2.592509 -49.821538 -1.951603
24.000000 1.993407 3.848809 -46.305794 1.535974
24.050000 2.009524 2.750585 -50.726809 -2.498229
24.100000 1.944028 6.255782 -39.577707 7.078975
24.150000 2.016224 4.517194 -47.907140 0.482247
24.200000 1.999836 4.516304 -48.351545 -0.355482
24.250000 1.951732 4.381918 -47.377161 -0.535598
24.300000 1.996877 3.493440 -50.090469 -2.165412
24.350000 1.978763 4.133267 -47.047935 0.442368
24.400000 1.978579 6.146763 -39.649439 7.836456
24.450000 2.011784 4.886295 -43.273911 5.008901
24.500000 2.050782 3.629967 -46.458644 2.760132
24.550000 2.047649 4.122213 -42.543544 6.600021
24.600000 2.013859 3.352671 -45.792478 2.540140
24.650000 2.003055 2.600013 -49.951896 -1.878569
24.700000 2.001551 3.704963 -46.145142 1.892093
24.750000 2.039865 3.157203 -48.287318 0.669444
24.800000 1.986582 3.247760 -47.521324 0.156646
24.850000 1.994374 3.137333 -47.686960 0.178015
24.900000 2.054969 1.557794 -52.700366 -3.381106
24.950000 1.965323 1.840820 -51.933333 -4.765588
25.000000 1.991189 3.095413 -48.338890 -0.550352
25.050000 2.003844 2.208092 -49.947184 -1.854923
25.100000 2.015257 2.274459 -49.207232 -0.841071
25.150000 2.021838 4.847164 -40.335686 8.188416
25.200000 1.999476 1.910158 -51.653807 -3.666379
25.250000 2.002558 2.869399 -48.703447 -0.642063
25.300000 1.977314 3.298722 -47.961792 -0.506254
25.350000 2.017351 3.957651 -46.574814 1.841617
25.400000 1.958024 3.477987 -48.307747 -1.315170
25.450000 2.077347 4.662086 -44.327213 5.529118
25.500000 2.000168 5.412655 -42.545390 5.458640
25.550000 2.010542 5.430417 -44.523668 3.729338
25.600000 1.994363 4.623600 -48.906503 -1.041787
25.650000 1.986800 4.249389 -50.323144 -2.639943
25.700000 1.981406 5.944688 -44.382117 3.171631
25.750000 2.038849 4.934910 -47.318980 1.613391
25.800000 2.016063 3.841939 -49.031107 -0.645597
25.850000 2.020966 1.811961 -53.892655 -5.389479
25.900000 1.910394 4.012022 -46.537721 -0.688275
25.950000 2.123428 5.785146 -41.672599 9.289661
26.000000 1.952174 3.932120 -45.913648 0.938539
26.050000 2.017563 1.965975 -52.709907 -4.288400
26.100000 1.939147 3.152340 -49.760851 -3.221317
26.150000 2.050205 3.435714 -49.820659 -0.615749
26.200000 2.039969 4.766585 -43.952089 5.007157
26.250000 1.901076 5.971768 -39.828828 5.797001
26.300000 2.046492 3.973426 -47.277132 1.838667
26.350000 1.988256 2.425332 -50.624564 -2.906410
26.400000 2.002249 1.769332 -52.148193 -4.094224
26.450000 1.974826 4.677440 -42.704926 4.690897
26.500000 2.004164 4.814192 -43.964120 4.135806
26.550000 2.000032 6.556608 -37.841836 10.158933
26.600000 2.036610 3.155447 -49.451327 -0.572694
26.650000 1.987824 2.480653 -51.716413 -4.008644
26.700000 1.984329 5.624949 -41.306068 6.317832
26.750000 1.998960 5.498151 -42.414983 5.560045
26.800000 2.025169 6.174433 -39.183915 9.420144
26.850000 2.035474 3.050609 -49.755944 -0.904579
26.900000 2.001045 2.161750 -51.494305 -3.469224
26.950000 2.004449 2.042387 -51.263206 -3.156429
27.000000 2.015414 2.183555 -51.718806 -3.348879
27.050000 1.963559 5.494166 -41.257278 5.868150
27.100000 2.037009 2.082156 -52.579455 -3.691230
27.150000 1.960119 3.342982 -47.100971 -0.058112
27.200000 1.990334 3.107398 -48.201039 -0.433034
27.250000 2.030033 1.462217 -53.413627 -4.692832
27.300000 1.978911 1.761375 -53.440711 -5.946841
27.350000 1.944697 5.561901 -43.373217 3.299507
27.400000 1.976951 7.338136 -38.663357 8.783474
27.450000 2.008978 5.082729 -44.561302 3.654167
27.500000 2.023154 3.778800 -46.652427 1.903275
27.550000 1.979547 2.923280 -48.919896 -1.410763
27.600000 1.985731 5.169090 -39.679758 7.977788
27.650000 1.971610 3.852572 -44.926444 2.392186
27.700000 2.033737 2.063798 -51.884309 -3.074614
27.750000 1.933419 4.553789 -43.171265 3.230803
27.800000 2.011168 4.489029 -44.424563 3.843464
27.850000 2.054955 3.948053 -44.889009 4.429922
27.900000 1.970645 4.404969 -41.991406 5.304084
27.950000 2.178864 3.043445 -48.331791 3.960949
28.000000 1.971942 2.916939 -48.795909 -1.469311
28.050000 2.032232 5.047715 -42.740961 6.032606
28.100000 1.997478 4.570813 -44.677102 3.262361
28.150000 2.030204 3.278406 -48.545655 0.179229
28.200000 1.972136 3.589734 -46.100282 1.230984
28.250000 1.979539 3.122108 -47.959412 -0.450469
28.300000 1.991597 4.688477 -43.732767 4.065571
28.350000 2.028366 5.264851 -40.810102 7.870691
28.400000 2.013961 3.294883 -48.083402 0.251669
28.450000 1.998760 2.067492 -52.906814 -4.936579
28.500000 1.953304 4.225273 -46.539717 0.339579
28.550000 2.006708 6.776491 -36.301140 11.859850
28.600000 2.037245 1.349654 -53.975638 -5.081764
28.650000 1.973181 2.875820 -48.692542 -1.336205
28.700000 1.953461 4.852703 -43.855726 3.027350
28.750000 2.013261 4.014590 -47.579627 0.738631
28.800000 1.954420 4.932741 -42.909662 3.996408
28.850000 2.023800 2.987789 -48.959721 -0.388518
28.900000 2.008671 1.551600 -52.218886 -4.010775
28.950000 1.990223 1.677340 -51.474588 -3.709234
29.000000 1.998205 2.637388 -49.326849 -1.369932
29.050000 1.990263 2.846160 -49.859428 -2.093122
29.100000 1.961141 4.570388 -43.274705 3.792690
29.150000 1.966008 6.709830 -35.167912 12.016284
29.200000 2.055311 2.030025 -51.285957 -1.958504
29.250000 1.975971 1.323292 -52.869364 -5.446072
29.300000 1.996022 3.154801 -46.407018 1.497513
29.350000 1.979758 2.933390 -47.572523 -0.058322
29.400000 2.034201 3.284600 -46.802772 2.018054
29.450000 1.988603 3.085515 -48.598911 -0.872450
29.500000 1.997490 4.035415 -45.642855 2.296903
29.550000 1.990333 5.304239 -39.674799 8.093198
29.600000 1.956822 3.993034 -45.071994 1.891723
29.650000 2.020954 3.882982 -46.250143 2.252742
29.700000 1.967634 3.544711 -48.914955 -1.691746
29.750000 2.055141 5.116663 -42.885269 6.438125
29.800000 2.015164 1.610904 -52.842636 -4.478705
29.850000 1.973638 1.585185 -51.882342 -4.515028
29.900000 2.001458 2.701080 -48.666880 -0.631892
29.950000 2.008248 2.983848 -48.282951 -0.085004
30.000000 2.025017 2.760673 -44.260237 4.340180
30.050000 2.066863 3.063649 -41.527492 8.077218
30.100000 1.955298 2.045810 -43.512710 3.414431
30.150000 2.012753 1.653165 -45.181786 3.124275
30.200000 1.961465 2.917568 -41.389146 5.686004
30.250000 2.014656 2.909356 -42.225669 6.126086
30.300000 1.969999 2.348569 -42.892170 4.387795
30.350000 1.981942 4.253290 -34.942806 12.623796
30.400000 1.962357 2.833609 -41.293441 5.803131
30.450000 2.002552 2.615489 -41.581624 6.479620
30.500000 2.036350 2.597022 -40.218114 8.654291
30.550000 2.006985 1.133882 -44.894862 3.272770
30.600000 2.008110 0.655499 -47.434248 0.760389
30.650000 1.977711 1.346164 -45.647335 1.817728
30.700000 2.017402 1.343222 -46.557698 1.859955
30.750000 1.970872 1.985386 -44.497323 2.803595
30.800000 2.000932 2.234997 -43.930569 4.091791
30.850000 1.985997 1.897898 -45.308885 2.355052
30.900000 2.034442 1.913697 -44.664580 4.162023
30.950000 1.972074 3.396698 -37.930885 9.398902
31.000000 2.010435 0.432164 -50.870921 -2.620484
31.050000 1.973695 1.620507 -47.217449 0.151222
31.100000 2.007549 1.733168 -47.492219 0.688946
31.150000 1.999067 2.050486 -46.124079 1.853526
31.200000 1.987770 1.727035 -46.900091 0.806378
31.250000 2.001783 1.896008 -45.922126 2.120675
31.300000 2.012615 1.785372 -45.100040 3.202721
31.350000 1.997347 1.131839 -47.769223 0.167098
31.400000 2.004211 2.036290 -45.277809 2.823258
31.450000 2.019072 2.966294 -42.836583 5.621144
31.500000 1.986319 2.290844 -44.818842 2.852819
31.550000 2.002206 1.617934 -46.610488 1.442444
31.600000 1.975858 3.553888 -40.137783 7.282802
31.650000 2.009755 4.921944 -35.620111 12.614013
31.700000 2.015335 1.674076 -47.035220 1.332810
31.750000 2.013104 2.835612 -42.248926 6.065574
31.800000 1.973639 2.559954 -45.512955 1.854384
31.850000 1.981456 5.586434 -34.232581 13.322353
31.900000 2.022880 2.141364 -45.675408 2.873704
31.950000 2.029145 0.824037 -48.268062 0.431421
32.000000 1.948956 0.938640 -48.108582 -1.333632
32.050000 2.032631 2.562482 -43.009743 5.773391
32.100000 1.980939 2.305132 -43.247149 4.295385
32.150000 1.917999 2.553917 -40.640256 5.391716
32.200000 2.033222 2.109946 -42.793140 6.004194
32.250000 2.031244 1.401131 -46.724013 2.025844
32.300000 1.972535 4.908396 -34.624474 12.716368
32.350000 2.045884 2.522246 -45.099408 4.001809
32.400000 2.013235 1.031382 -50.238261 -1.920630
32.450000 1.955232 2.006783 -47.440892 -0.515326
32.500000 2.037930 2.406053 -46.531439 2.378871
32.550000 1.978468 2.511066 -45.547529 1.935711
32.600000 2.040017 4.508714 -38.437189 10.523222
32.650000 1.980293 3.587790 -44.181694 3.345339
32.700000 1.975239 5.142492 -38.039984 9.365742
32.750000 2.029840 5.154005 -35.689780 13.026380
32.800000 1.970301 4.147840 -38.213293 9.073931
32.850000 2.005964 5.324424 -34.263231 13.879901
32.900000 1.936249 6.857836 -28.266250 18.203727
32.950000 2.017275 3.803416 -41.581848 6.832753
33.000000 1.968028 4.433635 -38.684065 8.548597
33.050000 2.037868 5.311313 -34.748069 14.160766
33.100000 2.048970 2.840564 -43.893721 5.281549
33.150000 1.988079 1.647988 -47.505675 0.208229
33.200000 2.015479 2.116559 -44.594240 3.777253
33.250000 1.988461 1.733470 -46.566250 1.156814
33.300000 2.004554 4.132431 -37.709328 10.399976
33.350000 1.965799 2.300724 -44.414500 2.764683
33.400000 2.034424 2.590871 -43.202260 5.623927
33.450000 2.014781 2.929840 -42.283428 6.071308
33.500000 2.016124 3.159768 -42.004070 6.382898
33.550000 2.006647 1.683573 -47.010176 1.149341
33.600000 2.003067 2.201652 -43.285892 4.787704
33.650000 1.963549 2.466733 -40.926684 6.198486
33.700000 2.043921 1.412969 -45.521815 3.532295
33.750000 1.963873 2.306425 -43.408327 3.724618
33.800000 1.920044 4.511502 -37.309150 8.771894
33.850000 1.981087 5.644375 -32.979238 14.566854
33.900000 2.043196 2.444687 -44.207319 4.829396
33.950000 1.974665 2.761421 -42.968691 4.423281
34.000000 2.032508 3.362878 -42.714717 6.065486
34.050000 1.991400 2.833129 -45.995296 1.798316
34.100000 1.987721 4.089841 -42.192102 5.513192
34.150000 2.022826 4.577442 -39.253722 9.294096
34.200000 2.004514 2.304016 -45.137888 2.970446
34.250000 1.950380 3.836961 -37.789862 9.019254
34.300000 1.988346 4.223763 -37.066460 10.653856
34.350000 2.031115 3.545453 -40.081792 8.664970
34.400000 2.042068 3.599074 -38.983974 10.025656
34.450000 2.057513 1.458775 -45.597756 3.782564
34.500000 1.936278 1.566256 -44.320728 2.149955
34.550000 2.055358 3.739924 -36.907182 12.421418
34.600000 2.032990 0.981051 -49.062573 -0.270809
34.650000 1.956398 2.637138 -45.120342 1.833199
34.700000 1.951046 5.731957 -35.099338 11.725771
34.750000 2.007518 3.026085 -44.561748 3.618687
34.800000 1.966873 2.819261 -43.086623 4.118333
34.850000 2.062657 2.342203 -43.199107 6.304656
34.900000 1.998829 0.949814 -47.210708 0.761188
34.950000 1.978801 2.115101 -42.254258 5.236959
35.000000 1.991654 1.484435 -46.031123 1.768580
35.050000 1.987829 2.667311 -42.815984 4.891919
35.100000 1.998185 2.262589 -45.425291 2.531146
35.150000 2.029141 2.685467 -43.359282 5.340091
35.200000 1.992506 2.145614 -44.672960 3.147191
35.250000 2.023721 1.678812 -45.946513 2.622795
35.300000 1.999198 1.269997 -47.660363 0.320391
35.350000 1.913435 3.688197 -39.051495 6.870935
35.400000 2.050635 2.353418 -45.634162 3.581070
35.450000 1.965534 2.181677 -45.699466 1.473344
35.500000 2.038942 2.767431 -42.696359 6.238240
35.550000 1.967935 2.532097 -42.043500 5.186952
35.600000 1.996658 1.315107 -46.907682 1.012115
35.650000 2.015735 2.657776 -42.492845 5.884790
35.700000 1.920624 3.499521 -41.073892 5.021088
35.750000 2.023141 4.608773 -37.252536 11.302853
35.800000 1.999588 2.311771 -44.699150 3.290958
35.850000 1.998243 3.159460 -39.406018 8.551815
35.900000 2.018513 1.735369 -44.042929 4.401387
35.950000 1.980553 1.186045 -46.091444 1.441817
36.000000 1.970405 2.214359 -44.096156 3.193557
36.050000 2.068924 2.752532 -43.382002 6.272167
36.100000 1.997032 2.322540 -43.804549 4.124227
36.150000 2.003974 0.629543 -50.491579 -2.396199
36.200000 1.979480 1.777012 -45.799568 1.707958
36.250000 2.003329 2.289340 -44.733001 3.346901
36.300000 1.979412 3.347153 -42.354626 5.151266
36.350000 2.017972 6.579992 -32.235889 16.195446
36.400000 2.024690 5.176881 -38.263731 10.328834
36.450000 2.021407 1.278178 -49.306504 -0.792739
36.500000 2.011421 0.164848 -51.464217 -3.190118
36.550000 1.950737 1.342467 -48.296786 -1.479097
36.600000 2.044844 2.900498 -44.119169 4.957076
36.650000 2.010014 1.952598 -46.976028 1.264312
36.700000 2.002994 1.230590 -49.773250 -1.701399
36.750000 1.986154 2.125504 -47.117165 0.550537
36.800000 1.987460 3.956451 -40.519083 7.179967
36.850000 2.056678 3.422224 -43.080920 6.279355
36.900000 1.887090 5.086600 -37.274026 8.016144
36.950000 2.084303 4.239904 -41.178758 8.844506
37.000000 1.956916 2.733206 -45.352111 1.613871
37.050000 1.958703 3.375571 -44.578747 2.430122
37.100000 1.984202 3.735786 -43.929366 3.691477
37.150000 2.015392 3.321306 -46.542550 1.826854
37.200000 2.008604 3.915516 -42.549456 5.657044
37.250000 2.021924 3.333100 -41.932283 6.593883
37.300000 1.980864 3.933645 -38.763625 8.777114
37.350000 2.034952 3.086768 -41.623432 7.215416
37.400000 1.993648 1.313146 -47.900111 -0.052549
37.450000 1.977009 2.650206 -42.270295 5.177924
37.500000 1.976939 2.139622 -38.246658 9.199872
37.550000 2.030985 1.196097 -42.625702 6.117932
37.600000 1.993230 1.522720 -40.064624 7.772891
37.650000 1.991760 1.284594 -40.957178 6.845070
37.700000 1.976144 1.940197 -39.742718 7.684750
37.750000 2.055643 2.442746 -38.331818 11.003611
37.800000 1.940875 2.245573 -38.099667 8.481338
37.850000 2.034371 1.107790 -41.857793 6.967121
37.900000 2.011042 0.637206 -42.096942 6.168058
37.950000 1.975831 0.460743 -43.432993 3.986940
38.000000 1.976131 2.899684 -34.146321 13.280811
38.050000 2.035769 1.912849 -39.194856 9.663605
38.100000 1.998460 0.887263 -42.785130 5.177914
38.150000 1.984949 2.230758 -36.627984 11.010803
38.200000 2.001807 2.338998 -35.450563 12.592808
38.250000 2.015722 0.955478 -39.930375 8.446948
38.300000 2.004730 0.359587 -41.965589 6.147927
38.350000 1.991752 0.600975 -41.528746 6.273306
38.400000 2.004815 0.904149 -41.652596 6.462966
38.450000 1.995784 2.340105 -36.744088 11.154730
38.500000 1.958590 2.265255 -39.072687 7.933462
38.550000 2.004127 4.316758 -30.709896 17.389147
38.600000 2.022579 2.269925 -39.997658 8.544233
38.650000 1.979557 1.852558 -40.662077 6.847281
38.700000 2.020962 2.222518 -37.855192 10.647885
38.750000 2.005122 1.134870 -41.754113 6.368809
38.800000 1.892744 4.235737 -26.977356 18.448492
38.850000 2.003757 1.440022 -39.581206 8.508964
38.900000 2.025689 1.873990 -36.627832 11.988711
38.950000 2.010183 1.120277 -40.379544 7.864837
39.000000 1.946584 2.396576 -35.856964 10.861057
39.050000 1.990108 1.797731 -40.981614 6.780983
39.100000 2.000038 2.535166 -38.646409 9.354512
39.150000 2.002274 3.772293 -32.933980 15.120594
39.200000 1.964642 3.740059 -34.589751 12.561668
39.250000 2.042362 1.881368 -42.926539 6.090154
39.300000 1.960736 1.620436 -41.641395 5.416277
39.350000 2.017546 1.160226 -42.290299 6.130815
39.400000 1.940684 3.079444 -32.603557 13.972862
39.450000 1.985382 1.751389 -39.679670 7.969504
39.500000 2.019158 2.685272 -34.956749 13.503032
39.550000 1.986899 1.423162 -39.184530 8.501047
39.600000 2.002694 0.389513 -44.327236 3.737413
39.650000 1.955573 2.681545 -35.223313 11.710450
39.700000 2.001318 1.817790 -42.172757 5.858878
39.750000 2.006177 3.479734 -36.989666 11.158589
39.800000 1.989002 2.858876 -40.663005 7.073033
39.850000 1.956097 3.439708 -37.472896 9.473422
39.900000 2.021367 2.520490 -39.921457 8.591349
39.950000 2.060784 2.080388 -39.823079 9.635744
40.000000 1.941541 2.866450 -34.704936 11.892048
40.050000 2.012689 1.247578 -41.875703 6.428823
40.100000 1.980091 1.511070 -40.042633 7.479546
40.150000 1.968948 2.216335 -37.639512 9.615235
40.200000 1.992786 1.956954 -40.469763 7.357092
40.250000 2.033806 3.235520 -35.546249 13.265090
40.300000 1.950360 3.856721 -32.888862 13.919769
40.350000 2.027010 2.229041 -39.569946 9.078285
40.400000 1.952094 3.243236 -33.004941 13.845305
40.450000 2.019982 0.961678 -43.845916 4.633659
40.500000 1.977947 2.543669 -37.480265 9.990460
40.550000 2.026233 3.531749 -33.296028 15.333555
40.600000 2.013898 0.702758 -46.681445 1.652113
40.650000 1.981952 1.977456 -40.890291 6.676563
40.700000 1.948215 2.341041 -38.740525 8.016633
40.750000 2.073421 2.837775 -35.345383 14.416714
40.800000 2.024226 1.408505 -40.600491 7.980941
40.850000 1.969386 1.261179 -41.354722 5.910548
40.900000 1.986592 3.441701 -32.440535 15.237670
40.950000 2.030160 1.173649 -42.252954 6.470894
41.000000 1.998538 0.153129 -45.243113 2.721796
41.050000 1.955384 1.348967 -40.411348 6.517873
41.100000 2.019359 1.346573 -42.215576 6.249029
41.150000 2.007950 1.257417 -43.104860 5.085930
41.200000 1.977548 1.977923 -39.967345 7.493804
41.250000 2.001330 1.553746 -42.190235 5.841690
41.300000 1.995733 1.773287 -41.292604 6.604979
41.350000 1.957687 2.897407 -36.321402 10.663083
41.400000 2.007842 1.576860 -40.865240 7.322957
41.450000 1.988956 3.032631 -31.421855 16.313094
41.500000 2.067181 1.522786 -37.878112 11.734226
41.550000 2.008400 0.728140 -41.219411 6.982180
41.600000 1.984429 1.777020 -37.311971 10.314329
41.650000 1.999262 1.553400 -39.004722 8.977564
41.700000 1.997748 0.790026 -42.315977 5.629983
41.750000 2.079288 2.536043 -34.360424 15.542485
41.800000 1.977063 1.537037 -39.085831 8.363688
41.850000 2.012355 2.339886 -35.157236 13.139275
41.900000 2.010597 1.284544 -39.956955 8.297375
41.950000 1.975438 3.408607 -29.125568 18.284955
42.000000 2.014515 1.371609 -38.890485 9.457868
42.050000 1.997589 1.900020 -36.486957 11.455173
42.100000 1.937151 3.083395 -31.685087 14.806532
42.150000 2.026454 1.197221 -41.771628 6.863277
42.200000 2.034394 2.900894 -34.104799 14.720658
42.250000 1.999839 2.688856 -35.145861 12.850275
42.300000 2.030901 1.815546 -39.010475 9.731139
42.350000 1.999473 1.017858 -42.416372 5.570977
42.400000 1.983268 1.534613 -39.968062 7.630368
42.450000 2.025560 1.853082 -38.285403 10.328040
42.500000 2.011596 1.053653 -41.519506 6.758794
42.550000 1.971583 1.367940 -40.747790 6.570204
42.600000 2.029298 0.859847 -42.777351 5.925794
42.650000 1.966345 1.758662 -37.811654 9.380635
42.700000 2.006702 1.087292 -41.315768 6.845089
42.750000 2.019989 2.470958 -35.301788 13.177952
42.800000 1.973574 2.389705 -35.697709 11.668077
42.850000 2.012135 1.555745 -39.078931 9.212312
42.900000 1.995328 2.037363 -37.325530 10.562338
42.950000 2.031041 2.175508 -37.271824 11.473167
43.000000 2.012913 0.821163 -43.477753 4.832150
43.050000 1.976255 1.258814 -42.280532 5.149587
43.100000 2.011497 3.583958 -32.725581 15.550354
43.150000 1.976081 3.309056 -34.040087 13.385846
43.200000 2.034384 1.128380 -43.637195 5.188024
43.250000 1.959062 2.279084 -39.004749 8.012747
43.300000 1.985773 5.317496 -26.095517 21.563032
43.350000 2.003873 2.759192 -36.879912 11.213035
43.400000 1.901867 5.060112 -24.308288 21.336520
43.450000 1.927498 2.458310 -36.342033 9.917915
43.500000 2.002716 1.536730 -39.024338 9.040836
43.550000 1.963777 1.478991 -37.493721 9.636937
43.600000 1.977899 1.396724 -38.056380 9.413203
43.650000 2.008337 2.274028 -35.108268 13.091823
43.700000 2.003558 2.671359 -35.447333 12.638064
43.750000 1.968277 4.106063 -30.094397 17.144260
43.800000 2.080723 2.239293 -39.647177 10.290172
43.850000 1.954833 2.596221 -38.086367 8.829631
43.900000 1.993285 1.612029 -43.027199 4.811642
43.950000 2.011916 1.985452 -41.782008 6.503980
44.000000 1.996219 1.005145 -47.327798 0.581460
44.050000 1.979682 3.263915 -37.301523 10.210834
44.100000 2.001344 1.412839 -43.773318 4.258948
44.150000 2.019076 1.285706 -42.455689 6.002131
44.200000 1.977360 1.031439 -43.820898 3.635747
44.250000 2.020956 1.435420 -43.045531 5.457414
44.300000 1.957878 2.726534 -37.583297 9.405766
44.350000 2.037417 2.091061 -41.868395 7.029616
44.400000 1.974277 2.466553 -41.251035 6.131619
44.450000 2.009512 2.138685 -42.902633 5.325665
44.500000 1.991954 1.331957 -44.740038 3.066855
44.550000 1.991120 1.082677 -43.503880 4.282996
44.600000 1.995779 1.885099 -38.995203 8.903504
44.650000 2.016506 1.781343 -39.997306 8.398832
44.700000 1.978419 2.120890 -39.077690 8.404372
44.750000 2.020268 2.323274 -39.291631 9.194811
44.800000 2.009556 1.972659 -41.038369 7.190984
44.850000 2.037729 1.755858 -41.094806 7.810701
44.900000 2.027397 0.878462 -42.729932 5.927588
44.950000 1.981941 0.495663 -43.728802 3.837787
45.000000 2.019740 1.047801 -33.766005 14.707759
45.050000 2.006878 0.169761 -37.554485 10.610577
45.100000 1.973945 0.792761 -35.256587 12.118084
45.150000 2.003644 1.900708 -31.024197 17.063257
45.200000 1.991444 1.895390 -31.946991 15.847658
45.250000 2.037581 0.918719 -37.557112 11.344825
45.300000 1.974961 1.280918 -35.993893 11.405165
45.350000 2.014159 0.667460 -38.612195 9.727611
45.400000 1.995953 0.378043 -38.391269 9.511608
45.450000 1.978574 0.692802 -36.365921 11.119852
45.500000 2.028011 0.663437 -37.367899 11.304370
45.550000 1.939857 2.534548 -27.677825 18.878753
45.600000 2.034288 0.697258 -37.686963 11.135945
45.650000 1.975802 0.942436 -36.180024 11.239215
45.700000 1.960341 1.150843 -36.772493 10.275699
45.750000 2.091695 2.626719 -31.049151 19.151536
45.800000 1.925435 3.455664 -27.675982 18.534458
45.850000 2.043929 2.839280 -30.879473 18.174827
45.900000 1.987052 1.407212 -36.520964 11.168291
45.950000 1.999530 2.078491 -31.488053 16.500672
46.000000 2.012802 0.941167 -35.975290 12.331967
46.050000 1.970203 1.237066 -32.608848 14.676015
46.100000 1.989571 0.762452 -34.148050 13.601662
46.150000 2.013242 0.470432 -35.825084 12.492714
46.200000 1.970218 1.876756 -30.059016 17.226212
46.250000 2.021173 1.201853 -34.770476 13.737681
46.300000 1.989332 0.894276 -36.065951 11.678014
46.350000 2.017657 0.971806 -36.596000 11.827759
46.400000 1.979636 2.552252 -28.867871 18.643405
46.450000 2.017972 1.382755 -35.259333 13.171990
46.500000 1.995070 1.469161 -33.917584 13.964096
46.550000 2.011503 0.757056 -36.887968 11.388103
46.600000 2.005246 0.338421 -38.100820 10.025093
46.650000 1.997628 0.188143 -38.529271 9.413798
46.700000 1.948088 1.213016 -33.105024 13.649087
46.750000 1.998207 0.627958 -36.380063 11.576899
46.800000 1.999821 1.014477 -34.851271 13.144429
46.850000 1.977480 2.413480 -28.324509 19.135013
46.900000 2.026982 0.686718 -36.608038 12.039530
46.950000 1.992396 0.301768 -37.313254 10.504243
47.000000 1.990765 0.705497 -35.795279 11.983070
47.050000 1.957142 2.606212 -26.716935 20.254481
47.100000 2.031024 1.109987 -34.394471 14.350110
47.150000 1.996749 0.363489 -37.282237 10.639742
47.200000 1.967462 1.336183 -32.206263 15.012831
47.250000 2.017179 1.429830 -32.848655 15.563630
47.300000 2.016042 1.348862 -34.165374 14.219635
47.350000 1.985994 0.977618 -36.568696 11.095162
47.400000 1.980424 2.387272 -29.359990 18.170181
47.450000 2.018885 1.781518 -33.125882 15.327368
47.500000 2.012624 1.345710 -35.218503 13.084468
47.550000 2.015901 2.150178 -30.757061 17.624569
47.600000 1.958965 1.936404 -32.034122 14.981037
47.650000 2.026359 1.506753 -33.949726 14.682884
47.700000 1.988827 0.704391 -37.209797 10.522058
47.750000 2.004628 1.062320 -35.187699 12.923373
47.800000 1.986560 0.343224 -38.561582 9.115859
47.850000 1.998432 1.041939 -34.825487 13.136889
47.900000 1.992044 1.331405 -33.960316 13.848744
47.950000 2.051719 1.655762 -32.596001 16.645255
48.000000 2.006723 0.750803 -36.308365 11.852992
48.050000 2.001858 0.353743 -38.230948 9.813651
48.100000 1.987469 0.944675 -36.534683 11.164582
48.150000 2.031316 2.230063 -31.100507 17.651076
48.200000 1.993750 1.195899 -37.385367 10.464640
48.250000 2.003327 2.478973 -30.751091 17.328750
48.300000 1.998877 1.517034 -35.577883 12.395170
48.350000 1.982159 1.482349 -34.321828 13.249981
48.400000 1.998359 0.394223 -39.060367 8.900248
48.450000 2.005941 1.162365 -35.048634 13.093954
48.500000 2.007968 0.581343 -38.640520 9.550717
48.550000 1.981038 1.292038 -35.732482 11.812427
48.600000 2.008713 1.106620 -38.269905 9.939198
48.650000 2.002125 2.240054 -33.777017 14.273994
48.700000 1.987250 2.341157 -33.729893 13.964118
48.750000 2.088065 2.418434 -33.116078 16.997491
48.800000 1.965568 2.629487 -29.675082 17.498553
48.850000 1.997281 1.614300 -33.954498 13.980248
48.900000 2.015432 1.729716 -32.412367 15.958008
48.950000 2.015946 0.509076 -37.771781 10.610920
49.000000 1.963106 0.537089 -36.356063 10.758484
49.050000 2.018925 0.078615 -38.612306 9.841900
49.100000 2.031290 1.068805 -33.536697 15.214272
49.150000 1.999448 0.430071 -38.486014 9.500742
49.200000 1.979934 3.006165 -26.502517 21.015901
49.250000 2.029229 0.928059 -38.341240 10.360260
49.300000 1.990673 0.846911 -40.782433 6.993711
49.350000 1.975920 3.048539 -34.475156 12.946917
49.400000 2.035691 4.092991 -30.895186 17.961398
49.450000 2.026268 1.807083 -37.552388 11.078054
49.500000 2.008282 -0.272117 -42.774486 5.424278
49.550000 1.977618 -0.341300 -41.170255 6.292581
49.600000 2.013838 0.865459 -35.519387 12.812729
49.650000 1.986185 1.622853 -32.359716 15.308724
49.700000 1.989460 1.921761 -30.600971 17.146066
49.750000 2.026388 1.432406 -33.496961 15.136359
49.800000 2.007372 0.749972 -37.100460 11.076460
49.850000 1.970102 2.109214 -29.255424 18.027029
49.900000 2.030576 0.527986 -37.858154 10.875662
49.950000 1.949516 1.557901 -33.315344 13.473052
50.000000 2.025139 2.379517 -29.634652 18.968694
50.050000 2.014843 0.606142 -37.218531 11.137706
50.100000 1.972435 0.843637 -34.696888 12.641555
50.150000 2.053507 0.921941 -34.743086 14.541092
50.200000 1.958989 0.829173 -36.937307 10.078437
50.250000 2.098829 3.327378 -26.685923 23.685971
50.300000 2.016666 3.006627 -27.946253 20.453728
50.350000 1.977495 2.541080 -30.619940 16.839951
50.400000 1.956875 4.366283 -21.028850 25.936149
50.450000 2.074660 2.854802 -27.628922 22.162907
50.500000 2.011890 0.659234 -36.730238 11.555124
50.550000 2.003010 0.385425 -36.881552 11.190683
50.600000 1.992200 0.250583 -37.159263 10.653526
50.650000 1.990660 0.828456 -35.286894 12.488949
50.700000 2.016745 2.102910 -30.278308 18.123580
50.750000 1.996304 1.785535 -32.102589 15.808704
50.800000 2.032570 1.706472 -32.070010 16.711668
50.850000 2.004789 1.050787 -34.258931 13.855996
50.900000 2.018541 0.421550 -37.522719 10.922273
50.950000 1.976761 0.594694 -38.380065 9.062193
51.000000 2.034378 2.045811 -32.181972 16.643096
51.050000 1.978568 0.983904 -37.001088 10.484543
51.100000 2.031425 1.474985 -33.480599 15.273605
51.150000 1.990688 1.318455 -33.998638 13.777872
51.200000 1.976310 2.000770 -31.214274 16.217165
51.250000 2.060728 2.104128 -30.427546 19.029930
51.300000 2.008599 1.014475 -35.461928 12.744436
51.350000 2.010224 1.860962 -30.454358 17.791028
51.400000 2.005656 1.225861 -32.616303 15.519434
51.450000 2.012352 0.357760 -35.838104 12.458346
51.500000 1.999160 0.068982 -37.047549 10.932300
51.550000 1.985492 0.701263 -35.035556 12.616250
51.600000 1.967717 2.285284 -28.538865 18.686348
51.650000 2.057262 1.473819 -33.780390 15.593899
51.700000 1.974111 0.772874 -36.838738 10.539921
51.750000 2.022372 0.354514 -38.043068 10.493848
51.800000 1.994281 0.016081 -39.438559 8.424190
51.850000 1.981081 0.848350 -36.612969 10.932964
51.900000 2.016659 2.115568 -30.924511 17.475297
51.950000 2.028185 0.613453 -37.227586 11.448843
52.000000 1.984197 0.159212 -38.428031 9.192695
52.050000 1.987579 1.242370 -33.553826 14.148061
52.100000 1.976827 1.695655 -32.537695 14.906149
52.150000 2.045421 1.628410 -33.228974 15.861119
52.200000 1.987026 1.060445 -35.396276 12.292345
52.250000 2.018032 0.834721 -37.256951 11.175822
52.300000 1.954655 1.401582 -35.292480 11.619245
52.350000 1.982986 2.954358 -27.862915 19.728747
52.400000 2.002113 1.264374 -36.914763 11.135955
52.450000 2.040407 0.959776 -36.855820 12.113948
52.500000 1.960934 1.379060 -28.617201 18.445209
52.550000 2.026596 2.565808 -20.220853 28.417454
52.600000 1.981555 1.582559 -24.326568 23.230744
52.650000 2.021496 0.291792 -31.438274 17.077619
52.700000 1.966962 0.489980 -30.165209 17.041876
52.750000 2.023956 1.500841 -24.664598 23.910341
52.800000 1.997775 0.683760 -29.195167 18.751443
52.850000 1.994930 0.605109 -28.476198 19.402113
52.900000 1.969154 1.077583 -24.680110 22.579588
52.950000 2.017869 0.112575 -31.603710 16.825135
53.000000 1.987137 0.721963 -30.723093 16.968184
53.050000 1.937311 2.799786 -21.647356 24.848104
53.100000 2.010897 2.934604 -22.531360 25.730158
53.150000 2.031836 0.997768 -32.881538 15.882536
53.200000 1.971628 1.123334 -30.924729 16.394349
53.250000 1.971526 2.592293 -20.981829 26.334789
53.300000 1.976093 1.211387 -30.506637 16.919593
53.350000 1.977907 1.715450 -29.265948 18.203813
53.400000 2.019852 3.382043 -19.222843 29.253604
53.450000 2.026101 0.442271 -35.861302 12.765131
53.500000 1.921486 1.436738 -29.803920 16.311750
53.550000 2.038554 2.016736 -26.551296 22.374005
53.600000 2.007159 0.857362 -30.385667 17.786139
53.650000 2.000940 0.110099 -33.544982 14.477588
53.700000 1.897005 1.208650 -26.879149 18.648959
53.750000 1.994884 0.711855 -31.101105 16.776103
53.800000 2.030527 0.914399 -30.227748 18.504897
53.850000 1.994110 0.662500 -32.529696 15.328948
53.900000 2.028193 1.337061 -29.438064 19.238566
53.950000 2.004070 0.804844 -32.853251 15.244419
54.000000 1.984266 0.556725 -33.223784 14.398611
54.050000 2.018452 0.263944 -33.627661 14.815178
54.100000 1.953522 0.692235 -30.399128 16.485397
54.150000 2.013613 1.322431 -26.721987 21.604728
54.200000 1.978654 1.159609 -26.286051 21.201656
54.250000 1.994632 0.875989 -26.382552 21.488620
54.300000 2.004855 -0.103633 -31.211451 16.905073
54.350000 1.985391 0.138093 -29.566362 18.083016
54.400000 2.001711 0.578111 -27.849011 20.192056
54.450000 2.007872 0.379461 -30.224643 17.964281
54.500000 1.977582 1.278930 -26.103475 21.358493
54.550000 2.020979 1.297296 -27.660531 20.842965
54.600000 1.978600 1.351601 -27.746197 19.740192
54.650000 2.011738 1.633037 -26.111442 22.170267
54.700000 1.985972 1.223590 -29.310128 18.353195
54.750000 2.036772 1.445319 -28.553214 20.329312
54.800000 2.003510 0.862373 -32.466644 15.617604
54.850000 1.999811 0.991699 -31.996824 15.998636
54.900000 1.985735 1.305223 -29.730788 17.926840
54.950000 2.011283 0.542583 -33.481901 14.788893
55.000000 2.000067 0.177218 -35.044987 12.956630
55.050000 1.959193 1.230477 -29.255367 17.765262
55.100000 2.022065 1.674090 -27.767495 20.762059
55.150000 2.019138 1.743413 -27.382846 21.076465
55.200000 2.004847 0.497865 -32.387783 15.728551
55.250000 2.007458 0.282975 -31.194191 16.984797
55.300000 1.979820 0.230607 -30.667969 16.847720
55.350000 1.998993 1.049173 -25.349348 22.626494
55.400000 2.017876 0.180718 -29.460339 18.968697
55.450000 2.002475 -0.246643 -31.457022 16.602381
55.500000 1.989591 0.174798 -30.558685 17.191509
55.550000 1.990019 1.149016 -27.787496 19.972968
55.600000 2.009998 1.734036 -27.076543 21.163408
55.650000 1.975143 1.972874 -24.815722 22.587711
55.700000 1.979341 0.828581 -31.015707 16.488469
55.750000 2.037457 1.018084 -30.523616 18.375362
55.800000 1.985357 1.721121 -26.771052 20.877527
55.850000 2.019407 1.182665 -28.903720 19.562051
55.900000 1.981937 0.996767 -29.150458 18.416039
55.950000 2.000053 1.388695 -27.396303 20.604970
56.000000 1.993325 1.762399 -25.833745 22.006067
56.050000 2.012058 1.495582 -28.551322 19.738070
56.100000 1.995188 1.478043 -28.119351 19.765160
56.150000 2.010674 0.906239 -30.640815 17.615359
56.200000 1.990582 1.233419 -27.199935 20.574024
56.250000 2.004424 0.515175 -32.043353 16.062830
56.300000 1.980287 1.359815 -28.574123 18.952776
56.350000 2.023982 1.401116 -29.264527 19.311042
56.400000 1.994657 0.581405 -33.755540 14.116235
56.450000 1.984762 1.365343 -28.248585 19.385694
56.500000 2.005481 0.911348 -31.272011 16.859535
56.550000 1.976202 1.184778 -29.696947 17.731908
56.600000 2.023848 1.135181 -29.007686 19.564663
56.650000 2.015226 0.063075 -33.875438 14.489977
56.700000 1.962677 0.435745 -31.945006 15.159249
56.750000 2.016145 1.622049 -26.202051 22.185424
56.800000 2.016964 0.595670 -32.227426 16.179699
56.850000 1.988368 0.464156 -31.861863 15.858965
56.900000 2.008371 0.468593 -31.429829 16.771071
56.950000 1.991699 0.519250 -31.487729 16.313057
57.000000 1.926921 1.897595 -24.012505 22.233592
57.050000 2.052160 1.235368 -27.425368 21.826482
57.100000 1.999034 0.195857 -30.446144 17.530681
57.150000 1.999596 0.010941 -30.396581 17.593720
57.200000 1.958327 1.017080 -24.972023 22.027827
57.250000 2.032930 0.787763 -27.845467 20.944850
57.300000 1.969477 0.629177 -30.035932 17.231507
57.350000 2.065465 1.748335 -23.390583 26.180573
57.400000 2.016580 0.019454 -33.340197 15.057711
57.450000 1.981080 0.257776 -33.249685 14.296245
57.500000 1.951638 2.593647 -21.411360 25.427949
57.550000 2.033210 1.693908 -27.374242 21.422798
57.600000 1.997912 0.662910 -30.937955 17.011939
57.650000 2.004437 0.313917 -30.780928 17.325572
57.700000 1.983425 0.328878 -29.976127 17.626081
57.750000 2.004797 0.562949 -29.336063 18.779065
57.800000 1.996697 1.001118 -27.531959 20.388772
57.850000 1.981244 2.002016 -20.882229 26.667626
57.900000 1.983432 0.279753 -31.267988 16.334379
57.950000 2.002942 0.970907 -28.341009 19.729590
58.000000 2.029307 0.954198 -30.011401 18.691962
58.050000 1.995458 0.687471 -31.874272 16.016724
58.100000 1.966393 1.262983 -28.233854 18.959572
58.150000 2.037851 1.813958 -24.131940 24.776485
58.200000 1.988156 0.883151 -29.502676 18.213062
58.250000 2.091787 1.311832 -26.107719 24.095168
58.300000 1.989310 0.127509 -32.521657 15.221795
58.350000 1.930398 1.532969 -24.409723 21.919833
58.400000 1.985561 1.418407 -25.381512 22.271946
58.450000 2.043192 1.053283 -26.811219 22.225396
58.500000 1.984027 0.494771 -31.394001 16.222653
58.550000 1.960277 3.194176 -16.159604 30.887050
58.600000 2.015248 1.697346 -24.573026 23.792938
58.650000 2.026603 0.665002 -28.808425 19.830041
58.700000 1.997182 0.043109 -32.319996 15.612376
58.750000 1.998787 2.444373 -18.881753 29.089143
58.800000 2.066600 1.664442 -25.220048 24.378360
58.850000 2.001327 0.310242 -33.637917 14.393940
58.900000 1.957257 1.820415 -25.772373 21.201803
58.950000 2.055218 1.276260 -30.871658 18.453562
59.000000 1.945538 1.448868 -29.778538 16.914374
59.050000 1.983412 1.342032 -31.242053 16.359825
59.100000 2.016017 1.505943 -29.198031 19.186384
59.150000 2.012673 0.946629 -30.366982 17.937172
59.200000 2.006201 0.252072 -32.545792 15.603031
59.250000 1.997150 0.131579 -32.600724 15.330866
59.300000 1.979962 0.599965 -31.054750 16.464327
59.350000 2.046802 2.035051 -22.821338 26.301910
59.400000 1.996652 0.723505 -30.277866 17.641774
59.450000 2.017008 0.692379 -30.513512 17.894677
59.500000 1.973403 1.721875 -23.418511 23.943163
59.550000 1.999513 0.276200 -33.206217 14.782102
59.600000 1.976953 1.205157 -27.754683 19.692199
59.650000 2.003978 0.942285 -29.786385 18.309080
59.700000 1.988165 1.320610 -26.782352 20.933604
59.750000 2.015660 0.650727 -30.329357 18.046475
59.800000 1.998072 0.234701 -32.574774 15.378964
59.850000 1.989402 0.991780 -28.583258 19.162388
59.900000 2.004228 0.695292 -30.699282 17.402194
59.950000 2.003112 0.406151 -32.823067 15.251618
60.000000 2.002874 0.483723 -24.742586 23.326382
60.050000 1.990312 0.753110 -23.072677 24.694820
60.100000 2.007225 0.852655 -22.715083 25.458323
60.150000 1.985443 0.686550 -23.922364 23.728257
60.200000 2.015639 0.861230 -21.721423 26.653905
60.250000 2.020036 0.550716 -22.587533 25.893326
60.300000 1.996622 0.280504 -24.443960 23.474959
60.350000 1.955563 0.894475 -21.058242 25.875271
60.400000 2.061310 1.121033 -20.533075 28.938371
60.450000 1.987243 0.700932 -23.545011 24.148831
60.500000 2.004534 0.499635 -25.235729 22.873090
60.550000 2.006191 0.206336 -27.341492 20.807102
60.600000 1.991621 0.327309 -27.148523 20.650381
60.650000 1.990661 1.008863 -22.924758 24.851104
60.700000 2.011819 0.588091 -26.078953 22.204699
60.750000 1.986791 0.491329 -27.335963 20.347026
60.800000 2.000625 1.158439 -23.560196 24.454802
60.850000 2.011122 0.707489 -28.046606 20.220310
60.900000 1.985141 1.057233 -25.977049 21.666341
60.950000 1.993208 0.973216 -26.890686 20.946313
61.000000 1.989899 0.966642 -26.144291 21.613276
61.050000 2.024433 0.722659 -26.320712 22.265672
61.100000 2.004018 -0.005893 -29.901189 18.195250
61.150000 1.908055 0.939671 -22.741331 23.051979
61.200000 2.094158 0.805260 -23.380773 26.879017
61.250000 1.994736 -0.118695 -27.465217 20.408445
61.300000 1.986145 0.138632 -25.485198 22.182274
61.350000 2.011342 0.400336 -24.345444 23.926765
61.400000 1.978369 0.562682 -23.403947 24.076898
61.450000 2.026619 0.536713 -23.735392 24.903459
61.500000 1.993534 0.329431 -25.861351 21.983462
61.550000 1.972696 1.186591 -21.157851 26.186845
61.600000 2.057946 1.352633 -21.014948 28.375761
61.650000 1.954879 1.137552 -22.249243 24.667850
61.700000 2.011920 0.870674 -23.818694 24.467387
61.750000 2.006106 0.236142 -27.496244 20.650311
61.800000 1.986644 0.450735 -25.813827 21.865618
61.850000 1.999369 1.023209 -22.285464 25.699382
61.900000 2.036257 0.662874 -25.833781 23.036394
61.950000 1.990542 0.456763 -28.406893 19.366117
62.000000 2.000253 1.004399 -26.131940 21.874137
62.050000 2.002757 1.110414 -25.997607 22.068550
62.100000 2.005835 0.839376 -27.638143 20.501905
62.150000 1.987517 0.869466 -25.500761 22.199653
62.200000 2.002878 0.372639 -26.153826 21.915256
62.250000 1.995565 0.074851 -25.490595 22.402973
62.300000 1.991725 0.072841 -24.395746 23.405658
62.350000 2.017565 0.903222 -17.687953 30.733604
62.400000 1.993405 0.272351 -22.574007 25.267706
62.450000 2.007844 0.213946 -22.710318 25.477929
62.500000 2.001761 0.074340 -23.978397 24.063858
62.550000 1.994973 0.263865 -23.563558 24.315794
62.600000 1.997528 0.494328 -22.892158 25.048526
62.650000 2.015964 0.264675 -24.704868 23.678258
62.700000 2.000352 0.039601 -26.178965 21.829491
62.750000 1.995786 0.170778 -25.563408 22.335457
62.800000 2.004723 0.313248 -25.414971 22.698373
62.850000 1.986252 0.578223 -25.291029 22.379027
62.900000 2.000301 1.364199 -21.169227 26.837986
62.950000 1.910648 1.994367 -16.203443 29.652100
63.000000 2.025253 0.817967 -24.036988 24.569092
63.050000 2.008157 0.304395 -26.138381 22.057392
63.100000 1.997190 0.247607 -26.707828 21.224724
63.150000 1.993075 0.612347 -25.079612 22.754191
63.200000 1.991192 0.851677 -23.955843 23.832775
63.250000 2.016362 0.462134 -26.331780 22.060914
63.300000 1.994181 0.278629 -26.739411 21.120940
63.350000 1.988476 0.704038 -23.707464 24.015972
63.400000 1.992451 1.021259 -21.786477 26.032338
63.450000 2.012315 0.498893 -25.128185 23.167383
63.500000 2.012437 0.131902 -26.937474 21.361005
63.550000 1.995720 0.064406 -28.185472 19.711808
63.600000 1.989594 0.854822 -23.901098 23.849151
63.650000 1.973442 1.132323 -22.794621 24.567975
63.700000 2.044696 1.223783 -21.192578 27.880117
63.750000 1.994958 0.253120 -27.866878 20.012112
63.800000 1.944071 1.297059 -20.357288 26.300422
63.850000 2.017689 1.418352 -20.149146 28.275382
63.900000 1.986628 1.376262 -19.024488 28.654581
63.950000 2.027558 0.258829 -26.095700 22.565690
64.000000 1.965153 0.354855 -25.907060 21.256622
64.050000 2.024543 1.577433 -18.240110 30.348932
64.100000 1.988500 0.728399 -25.604294 22.119694
64.150000 2.010194 0.528195 -26.980846 21.263812
64.200000 1.980993 0.599191 -26.364315 21.179511
64.250000 2.012191 1.142424 -22.138600 26.153975
64.300000 1.974188 1.045303 -21.942508 25.438016
64.350000 1.985802 0.560430 -25.277424 22.381833
64.400000 2.013995 0.880284 -22.303319 26.032549
64.450000 2.000825 0.831584 -21.897775 26.122018
64.500000 1.985260 0.847904 -22.140109 25.506124
64.550000 2.017400 1.927054 -13.278668 35.138925
64.600000 2.006155 0.518051 -22.899650 25.248059
64.650000 1.993579 0.458525 -22.543684 25.302208
64.700000 2.007224 0.553133 -21.500870 26.672499
64.750000 2.006363 0.236128 -23.532544 24.620167
64.800000 2.000436 0.150954 -24.245383 23.765084
64.850000 2.006049 0.133459 -24.958222 23.186957
64.900000 1.995909 0.222600 -25.605061 22.296767
64.950000 1.976190 0.969629 -21.546963 25.881609
65.000000 2.026855 1.017254 -21.704956 26.939572
65.050000 2.002663 0.363793 -25.927628 22.136284
65.100000 1.994065 0.408622 -25.622723 22.234827
65.150000 1.997244 1.053533 -20.966434 26.967418
65.200000 1.997323 0.872688 -22.431154 25.504603
65.250000 2.003589 0.755047 -22.411835 25.674313
65.300000 2.014237 0.418774 -23.703598 24.638083
65.350000 1.983452 0.370268 -23.664246 23.938609
65.400000 2.009942 0.760886 -21.188888 27.049719
65.450000 2.002475 0.781375 -21.750065 26.309326
65.500000 2.021496 0.858052 -21.822301 26.693602
65.550000 2.004576 0.354497 -26.345546 21.764275
65.600000 2.000956 0.444035 -26.610949 21.411993
65.650000 1.972380 0.898214 -23.914298 23.422825
65.700000 1.996527 1.024254 -23.351335 24.565324
65.750000 2.013489 0.954063 -23.093829 25.229899
65.800000 2.007158 0.322264 -26.523213 21.648579
65.850000 1.988757 0.359437 -25.297322 22.432840
65.900000 2.005858 0.395992 -25.331161 22.809425
65.950000 1.962969 0.941955 -21.849207 25.262055
66.000000 2.022846 0.883275 -22.353364 26.194935
66.050000 2.008405 0.478814 -23.744565 24.457162
66.100000 1.993802 0.208978 -24.715284 23.135975
66.150000 2.011406 0.389315 -23.232821 25.040919
66.200000 1.993578 0.342144 -25.156657 22.689223
66.250000 2.006060 0.824461 -24.322761 23.822670
66.300000 2.007976 1.588646 -21.012595 27.178823
66.350000 2.012884 1.414844 -22.608704 25.700510
66.400000 1.999254 1.198473 -21.383161 26.598946
66.450000 2.002761 0.437466 -25.138297 22.927964
66.500000 1.996138 0.366943 -24.531778 23.375545
66.550000 1.996491 0.540982 -23.320126 24.595668
66.600000 1.991416 1.188639 -18.669893 29.124099
66.650000 1.997024 0.616553 -23.259902 24.668666
66.700000 2.018443 0.547050 -23.315400 25.127233
66.750000 2.003905 0.167820 -26.042998 22.050720
66.800000 1.997400 0.253802 -26.117395 21.820200
66.850000 1.973638 0.884997 -22.606444 24.760857
66.900000 2.010314 0.940158 -22.862935 25.384606
66.950000 2.014991 0.814965 -22.710667 25.649116
67.000000 1.992827 0.844235 -20.740288 27.087566
67.050000 1.995293 0.385070 -22.830810 25.056230
67.100000 2.004306 0.229968 -22.887530 25.215804
67.150000 1.995953 0.254495 -22.592272 25.310602
67.200000 1.996182 0.503687 -22.168031 25.740328
67.250000 2.032178 0.936379 -20.628154 28.144114
67.300000 2.006158 0.297614 -27.038494 21.109293
67.350000 1.980676 0.807836 -24.654912 22.881304
67.400000 2.021078 0.946773 -24.569897 23.935976
67.450000 1.995253 0.608429 -26.861326 21.024739
