# t Temp Pres Epot Etot
0.000000 2.002194 29.035552 -1397.405769 -628.563123
0.050000 1.984858 28.983309 -1400.890139 -638.704695
0.100000 2.002922 27.152615 -1482.736722 -713.614573
0.150000 2.032800 29.262894 -1390.429724 -609.834381
0.200000 1.993076 29.378000 -1380.745611 -615.404266
0.250000 2.015406 28.812659 -1411.391130 -637.475099
0.300000 1.994457 28.331836 -1429.843752 -663.972312
0.350000 2.000729 28.622212 -1416.791851 -648.511787
0.400000 2.011157 30.146429 -1352.825129 -580.541024
0.450000 2.040208 27.954015 -1447.118069 -663.678184
0.500000 1.975162 29.306069 -1384.031085 -625.568830
0.550000 2.016865 28.481183 -1423.106822 -648.630845
0.600000 2.033925 27.861907 -1453.502893 -672.475618
0.650000 1.950611 28.291257 -1429.628929 -680.594397
0.700000 1.993904 28.738127 -1409.197573 -643.538494
0.750000 1.987575 31.142577 -1301.843574 -538.614765
0.800000 2.026666 29.399119 -1381.106270 -602.866351
0.850000 2.002313 27.533477 -1462.662043 -693.773773
0.900000 1.954043 27.606727 -1460.423626 -710.071142
0.950000 1.980097 30.380406 -1339.267637 -578.910324
1.000000 2.043811 28.534261 -1425.186583 -640.363072
1.050000 1.983866 28.555480 -1421.997284 -660.192625
1.100000 2.029495 28.881428 -1404.216633 -624.890516
1.150000 2.009328 29.519272 -1377.616581 -606.034502
1.200000 1.976734 28.451161 -1421.499788 -662.434061
1.250000 1.984656 31.025032 -1307.103693 -544.995956
1.300000 2.018265 26.876251 -1496.405502 -721.391641
1.350000 1.985622 28.449257 -1419.829403 -657.350634
1.400000 1.969469 29.507587 -1376.339454 -620.063489
1.450000 2.027086 29.577320 -1376.506220 -598.105379
1.500000 2.006384 28.944690 -1400.602174 -630.150848
1.550000 1.990393 28.778608 -1409.436043 -645.125143
1.600000 2.005974 28.638880 -1416.732149 -646.438096
1.650000 2.003979 28.756903 -1411.554094 -642.026240
1.700000 2.010602 29.293896 -1386.159691 -614.088501
1.750000 1.978189 27.913797 -1445.865707 -686.241198
1.800000 1.996871 30.144272 -1348.932463 -582.134088
1.850000 2.017165 29.433644 -1380.317719 -605.726344
1.900000 2.010581 27.119912 -1482.778662 -710.715609
1.950000 1.982290 28.585678 -1414.914604 -653.715350
2.000000 1.984292 29.349444 -1379.996390 -618.028228
2.050000 2.001612 28.883212 -1410.552785 -641.933908
2.100000 2.002040 27.837653 -1451.247846 -682.464613
2.150000 1.969933 29.380400 -1381.731620 -625.277375
2.200000 2.009929 28.731478 -1411.816050 -640.003195
2.250000 1.999011 29.420372 -1382.651728 -615.031682
2.300000 1.995405 30.375532 -1337.200510 -570.964870
2.350000 1.987640 28.639290 -1415.608633 -652.354698
2.400000 2.001796 27.100686 -1485.949753 -717.260059
2.450000 1.975454 28.696018 -1413.335380 -654.760960
2.500000 2.020568 28.336435 -1430.865751 -654.967650
2.550000 1.947971 29.224212 -1386.325069 -638.304221
2.600000 1.983763 30.777388 -1318.676883 -556.911758
2.650000 2.041522 29.646560 -1374.198377 -590.254099
2.700000 2.034052 28.264405 -1436.395710 -655.319612
2.750000 1.997566 27.964658 -1445.158930 -678.093599
2.800000 2.003099 28.333486 -1429.352748 -660.162633
2.850000 1.997533 28.602123 -1418.702362 -651.649693
2.900000 2.014487 27.630489 -1459.566472 -686.003655
2.950000 1.936017 30.489677 -1327.294151 -583.863683
3.000000 2.019490 29.255493 -1388.255678 -612.771386
3.050000 2.000282 26.820880 -1497.887685 -729.779453
3.100000 1.953423 30.534512 -1328.496108 -578.381715
3.150000 2.002779 29.795690 -1364.335588 -595.268383
3.200000 2.002596 28.658457 -1415.183913 -646.187027
3.250000 1.992382 27.087505 -1485.206412 -720.131851
3.300000 1.981845 29.374984 -1381.564185 -620.535577
3.350000 1.947418 28.441479 -1423.353514 -675.544829
3.400000 2.023885 29.037913 -1401.277772 -624.106005
3.450000 1.987093 29.556697 -1379.981053 -616.937379
3.500000 1.985303 29.989253 -1353.078353 -590.722025
3.550000 2.021473 28.121062 -1440.113201 -663.867506
3.600000 2.011900 27.612359 -1461.823806 -689.254305
3.650000 2.015012 27.544416 -1465.412289 -691.647642
3.700000 2.000224 28.412735 -1424.584263 -656.498304
3.750000 2.003203 28.986853 -1399.738878 -630.508756
3.800000 2.002080 29.191406 -1392.056115 -623.257487
3.850000 2.013268 28.785378 -1408.164181 -635.069143
3.900000 1.988899 29.749906 -1365.980246 -602.242842
3.950000 2.020913 28.880886 -1405.668934 -629.638261
4.000000 1.983200 27.557468 -1463.714601 -702.165867
4.050000 1.967092 29.370112 -1382.044868 -626.681451
4.100000 2.008491 28.937610 -1404.113506 -632.853140
4.150000 1.992047 29.272999 -1386.188783 -621.242604
4.200000 2.019664 28.950839 -1403.104360 -627.553576
4.250000 1.996276 29.703848 -1366.390841 -599.820739
4.300000 2.003498 28.455451 -1421.879718 -652.536583
4.350000 1.975437 28.304796 -1428.900227 -670.332330
4.400000 1.998143 30.006510 -1353.090242 -585.803478
4.450000 2.005406 29.433246 -1377.355580 -607.279505
4.500000 2.010596 28.605862 -1416.123048 -644.054311
4.550000 1.985309 28.877013 -1404.643021 -642.284445
4.600000 1.995763 29.266479 -1382.935651 -616.562848
4.650000 2.000775 28.564019 -1418.485576 -650.187972
4.700000 1.979265 29.077837 -1393.950048 -633.912123
4.750000 1.983832 28.388474 -1426.512298 -664.720671
4.800000 2.005484 29.429944 -1378.780304 -608.674410
4.850000 1.977053 28.100195 -1439.922508 -680.734334
4.900000 1.995519 29.536684 -1373.161354 -606.882080
4.950000 2.000226 29.252198 -1386.415740 -618.328879
5.000000 1.975997 27.681274 -1459.721166 -700.938328
5.050000 1.993453 28.192653 -1437.449512 -671.963404
5.100000 1.990759 29.298932 -1385.001835 -620.550443
5.150000 2.027849 29.072946 -1394.878309 -616.184435
5.200000 2.000463 28.550054 -1418.963070 -650.785105
5.250000 1.935640 29.530139 -1374.158560 -630.872782
5.300000 2.060058 29.911635 -1360.500844 -569.438699
5.350000 2.007601 27.714417 -1454.101097 -683.182131
5.400000 1.992042 27.998268 -1442.458588 -677.514575
5.450000 2.026554 28.151153 -1438.130359 -659.933777
5.500000 2.009007 28.448738 -1422.070966 -650.612454
5.550000 1.980963 30.557005 -1327.212455 -566.522727
5.600000 1.994947 28.659434 -1415.238036 -649.178442
5.650000 2.006469 28.856954 -1407.566025 -637.081960
5.700000 1.962856 29.647509 -1366.173655 -612.436994
5.750000 2.012909 29.730847 -1368.452492 -595.495467
5.800000 1.973073 28.514267 -1417.299669 -659.639484
5.850000 2.002806 27.964557 -1445.569858 -676.492504
5.900000 1.999392 28.014035 -1442.209914 -674.443476
5.950000 1.955501 28.993356 -1395.560200 -644.647738
6.000000 2.010019 30.442547 -1338.408206 -566.560902
6.050000 2.044161 29.933194 -1361.790522 -576.832822
6.100000 2.015459 28.065764 -1441.730545 -667.794142
6.150000 2.001010 28.858581 -1403.252365 -634.864547
6.200000 2.000046 28.603585 -1416.308389 -648.290659
6.250000 2.017127 29.625443 -1374.096022 -599.519328
6.300000 1.997708 28.829535 -1407.604092 -640.484114
6.350000 1.998490 29.372928 -1380.101429 -612.681217
6.400000 2.007188 28.130262 -1437.804537 -667.044247
6.450000 2.003571 28.872567 -1404.202559 -634.831313
6.500000 1.967685 28.828072 -1403.928536 -648.337321
6.550000 2.034094 29.802734 -1362.771479 -581.679321
6.600000 2.003360 26.853171 -1495.077269 -725.786910
6.650000 1.967915 28.506670 -1419.274377 -663.595042
6.700000 1.995882 28.421709 -1426.085869 -659.667238
6.750000 1.968631 30.564574 -1328.707840 -572.753583
6.800000 2.032287 28.573710 -1420.175106 -639.776709
6.850000 2.030880 27.754858 -1454.952729 -675.094975
6.900000 1.906403 29.082737 -1388.981996 -656.923301
6.950000 2.034715 26.612352 -1508.229547 -726.898948
7.000000 1.987624 29.158256 -1391.524372 -628.276573
7.050000 1.993702 29.266776 -1386.385177 -620.803727
7.100000 2.025579 29.858253 -1362.330043 -584.507845
7.150000 2.003711 29.214307 -1391.575615 -622.150455
7.200000 1.968441 28.520139 -1421.982902 -666.101585
7.250000 2.046236 28.133519 -1440.539933 -654.785166
7.300000 1.973631 28.839018 -1405.494043 -647.619808
7.350000 1.989095 29.737500 -1366.948928 -603.136604
7.400000 2.005798 28.452213 -1422.328897 -652.102434
7.450000 1.993625 29.233894 -1388.223206 -622.671320
7.500000 1.997888 18.094689 -1498.690267 -731.501353
7.550000 1.994907 18.242674 -1494.651401 -728.606946
7.600000 2.015562 16.802114 -1564.491011 -790.515213
7.650000 1.975542 18.087955 -1502.320963 -743.712652
7.700000 2.026510 18.185715 -1499.711461 -721.531456
7.750000 1.993589 19.589410 -1427.880988 -662.342715
7.800000 2.001842 18.909656 -1462.350099 -693.642597
7.850000 1.985097 19.200569 -1445.499373 -683.222175
7.900000 1.994269 18.374030 -1490.004405 -724.205139
7.950000 2.030874 17.935782 -1512.153107 -732.297363
8.000000 1.997883 17.409935 -1530.991288 -763.804349
8.050000 1.971317 17.585074 -1524.261692 -767.276111
8.100000 2.012516 18.576067 -1479.523873 -706.717550
8.150000 2.000251 18.678273 -1473.258066 -705.161721
8.200000 2.000213 16.519850 -1572.149440 -804.067505
8.250000 1.985270 18.094652 -1498.161789 -735.818264
8.300000 2.012193 16.242394 -1590.314805 -817.632664
8.350000 1.967501 17.266512 -1539.561203 -784.040763
8.400000 1.989392 18.870146 -1463.739681 -699.813218
8.450000 2.008115 18.553219 -1481.317095 -710.200896
8.500000 2.022129 15.806237 -1610.746138 -834.248716
8.550000 1.952420 17.948667 -1505.640032 -755.910847
8.600000 1.992752 18.280575 -1494.470124 -729.253442
8.650000 1.996646 18.321118 -1494.392141 -727.680022
8.700000 2.009667 18.228665 -1496.946583 -725.234287
8.750000 2.026104 17.642062 -1526.032511 -748.008509
8.800000 1.977601 17.836366 -1514.822298 -755.423394
8.850000 1.976404 18.889240 -1462.254267 -703.315089
8.900000 2.004504 17.827551 -1516.492157 -746.762731
8.950000 1.999484 17.812687 -1514.445592 -746.643783
9.000000 2.010470 16.792328 -1562.266103 -790.245711
9.050000 1.993556 17.253236 -1539.937917 -774.412332
9.100000 1.996731 17.282311 -1536.771800 -770.027217
9.150000 1.998097 17.448489 -1533.052813 -765.783716
9.200000 1.991251 19.462702 -1437.755987 -673.115768
9.250000 2.033596 19.305040 -1444.384690 -663.483821
9.300000 1.996057 19.170442 -1448.530679 -682.044927
9.350000 1.997291 17.979452 -1505.109478 -738.149866
9.400000 2.031697 16.693860 -1569.685615 -789.513866
9.450000 2.023012 16.694202 -1568.344597 -791.508087
9.500000 2.003910 17.050063 -1549.739012 -780.237642
9.550000 1.961270 18.621837 -1470.880508 -717.752814
9.600000 2.027987 18.421654 -1487.453755 -708.706709
9.650000 2.006051 16.869089 -1558.206195 -787.882528
9.700000 1.994815 17.018657 -1547.143465 -781.134577
9.750000 1.968454 17.743280 -1516.376729 -760.490302
9.800000 2.026190 16.983719 -1557.042920 -778.985964
9.850000 2.014255 19.041749 -1455.696852 -682.222782
9.900000 2.018057 17.638939 -1522.994146 -748.060160
9.950000 2.004895 17.795566 -1516.120902 -746.241276
10.000000 1.993416 18.556080 -1475.960285 -710.488542
10.050000 1.983693 17.818087 -1510.316594 -748.578613
10.100000 2.000416 17.701173 -1514.791709 -746.631969
10.150000 1.993358 17.341984 -1537.149656 -771.700014
10.200000 1.997190 17.731915 -1515.956631 -749.035719
10.250000 2.005176 17.866348 -1508.671613 -738.683934
10.300000 1.978469 16.757072 -1563.161643 -803.429467
10.350000 1.979624 17.895460 -1513.009315 -752.833766
10.400000 2.027218 18.475668 -1486.079615 -707.627722
10.450000 2.013625 18.050335 -1502.249266 -729.017322
10.500000 2.011094 17.723458 -1518.781984 -746.521875
10.550000 1.995814 17.330639 -1535.666966 -769.274481
10.600000 1.983962 16.892546 -1555.994402 -794.153060
10.650000 2.032003 17.545764 -1528.596975 -748.307874
10.700000 2.006305 17.579687 -1526.344502 -755.923274
10.750000 1.993545 17.561775 -1530.393874 -764.872465
10.800000 2.017368 18.319350 -1495.045223 -720.376030
10.850000 2.001284 17.602953 -1525.238309 -756.745316
10.900000 1.968883 18.747000 -1468.583944 -712.532740
10.950000 2.015838 17.977968 -1507.220142 -733.138305
11.000000 2.022509 17.897710 -1516.426784 -739.783403
11.050000 1.955719 17.972827 -1505.702150 -754.705959
11.100000 2.019789 18.419108 -1488.385094 -712.786195
11.150000 2.009162 18.665358 -1477.775218 -706.257020
11.200000 2.015954 18.040207 -1504.244747 -730.118503
11.250000 1.987955 16.943226 -1555.359580 -791.984827
11.300000 1.986912 17.571401 -1524.904952 -761.930796
11.350000 2.008933 16.449915 -1579.683022 -808.252892
11.400000 1.981639 17.925776 -1506.047538 -745.098069
11.450000 2.000374 17.381916 -1535.880668 -767.737236
11.500000 1.964386 18.350317 -1489.060751 -734.736575
11.550000 2.032509 17.736275 -1519.327290 -738.843645
11.600000 2.017617 16.581680 -1576.523124 -801.758126
11.650000 1.987679 17.095650 -1551.454324 -788.185446
11.700000 1.980194 19.856742 -1419.197945 -658.803440
11.750000 2.005428 19.158559 -1453.006628 -682.922192
11.800000 1.995075 18.111389 -1500.656574 -734.547605
11.850000 2.019151 18.562352 -1481.297761 -705.943961
11.900000 2.028242 18.618937 -1479.722844 -700.877901
11.950000 2.003061 18.507714 -1479.804984 -710.629618
12.000000 1.950724 19.760141 -1418.973825 -669.895821
12.050000 2.018976 16.379841 -1582.816812 -807.529947
12.100000 2.002467 17.351715 -1535.460682 -766.513397
12.150000 2.041264 16.881707 -1562.294576 -778.449097
12.200000 1.993665 17.622774 -1520.898187 -755.330698
12.250000 1.981670 17.775151 -1514.403201 -753.442054
12.300000 1.992643 18.060659 -1501.852459 -736.677529
12.350000 2.004681 17.680672 -1520.474765 -750.677301
12.400000 2.037701 18.078120 -1501.409061 -718.931727
12.450000 1.988196 18.763637 -1468.268174 -704.800939
12.500000 2.010570 17.757817 -1518.653936 -746.595191
12.550000 2.008160 18.644695 -1471.252944 -700.119487
12.600000 2.008299 18.416666 -1486.332118 -715.145416
12.650000 2.031103 16.524981 -1576.426667 -796.483270
12.700000 1.984455 16.909476 -1556.510823 -794.480176
12.750000 2.021171 16.742767 -1562.264826 -786.135222
12.800000 1.950438 17.661845 -1522.231179 -773.263071
12.850000 2.035667 19.062511 -1457.769048 -676.072732
12.900000 1.982933 17.640198 -1521.078360 -759.632026
12.950000 2.014103 19.032218 -1458.129787 -684.714241
13.000000 2.010494 18.139881 -1503.422652 -731.392896
13.050000 2.005190 17.459669 -1532.749704 -762.756593
13.100000 1.979014 18.844558 -1464.676564 -704.735122
13.150000 1.968994 18.850563 -1464.873210 -708.779429
13.200000 2.031298 18.546909 -1482.372441 -702.353897
13.250000 1.990898 16.675768 -1567.478439 -802.973690
13.300000 1.988279 17.687156 -1522.817765 -759.318479
13.350000 2.009394 17.714155 -1519.601409 -747.994168
13.400000 1.990180 17.984084 -1503.930323 -739.701207
13.450000 2.001540 17.979013 -1506.274186 -737.682934
13.500000 2.024831 17.683601 -1522.281549 -744.746509
13.550000 1.985039 17.396228 -1528.307789 -766.052696
13.600000 1.973411 17.743353 -1516.208787 -758.418986
13.650000 2.009144 18.251822 -1495.990577 -724.479307
13.700000 2.021707 18.750187 -1473.856782 -697.521264
13.750000 1.970671 17.479320 -1530.035755 -773.298244
13.800000 2.013405 17.677340 -1526.380978 -753.233586
13.850000 1.998943 17.189153 -1543.600686 -776.006673
13.900000 1.993707 17.019142 -1551.675883 -786.092507
13.950000 2.012693 18.119991 -1501.749355 -728.875088
14.000000 1.971589 17.476031 -1529.630672 -772.540636
14.050000 2.006307 17.994677 -1507.869301 -737.447471
14.100000 2.007519 18.472778 -1485.843271 -714.955883
14.150000 2.049244 18.286769 -1493.092027 -706.182187
14.200000 1.978729 17.209662 -1538.017325 -778.185256
14.250000 1.982722 17.781474 -1512.123151 -750.757981
14.300000 1.968889 18.002168 -1506.325667 -750.272273
14.350000 2.009123 17.185282 -1544.803774 -773.300495
14.400000 1.994849 16.779267 -1559.449834 -793.427942
14.450000 1.957187 18.099537 -1498.995370 -747.435635
14.500000 2.003516 17.988383 -1509.694060 -740.343966
14.550000 1.983184 18.121239 -1497.704955 -736.162294
14.600000 1.991744 17.509128 -1529.250048 -764.420194
14.650000 1.999957 18.753569 -1468.191327 -700.207686
14.700000 2.021597 18.207555 -1499.978515 -723.685387
14.750000 2.000308 17.942835 -1507.655321 -739.536914
14.800000 2.001838 16.723149 -1565.211005 -796.505090
14.850000 1.960937 17.233062 -1543.630870 -790.631208
14.900000 1.994041 18.031775 -1509.577836 -743.866006
14.950000 2.016660 18.476808 -1489.250515 -714.852988
15.000000 1.980509 15.963542 -1253.957707 -493.442408
15.050000 1.985122 15.061165 -1309.155914 -546.868995
15.100000 1.996789 15.259828 -1300.045016 -533.277861
15.150000 2.005040 15.121209 -1304.414285 -534.479061
15.200000 2.028693 15.756930 -1268.917506 -489.899359
15.250000 1.974168 15.248823 -1296.012133 -537.931505
15.300000 1.998259 16.222722 -1239.078909 -471.747510
15.350000 1.973881 16.323477 -1235.769840 -477.799623
15.400000 2.014031 15.132644 -1297.633944 -524.246151
15.450000 2.003998 14.632027 -1318.077175 -548.541799
15.500000 2.009209 14.810646 -1308.992328 -537.456156
15.550000 1.994596 16.196982 -1242.544558 -476.619801
15.600000 1.999534 15.522465 -1277.508678 -509.687799
15.650000 1.993903 15.286351 -1289.862836 -524.204266
15.700000 1.991565 16.770183 -1216.604947 -451.844079
15.750000 2.014411 15.321873 -1291.482767 -517.948832
15.800000 1.966139 15.704107 -1269.044186 -514.046916
15.850000 1.994245 15.921462 -1256.181349 -490.391180
15.900000 1.991411 15.918193 -1258.876878 -494.174984
15.950000 1.990012 15.425150 -1286.397407 -522.232654
16.000000 2.018237 15.631065 -1270.632484 -495.629453
16.050000 1.983710 15.311451 -1286.023088 -524.278262
16.100000 1.994323 14.324887 -1343.937854 -578.117901
16.150000 2.019394 14.692246 -1329.783687 -554.336477
16.200000 1.983515 15.069185 -1304.152711 -542.483038
16.250000 2.002383 14.759091 -1310.850657 -541.935720
16.300000 1.970376 13.951257 -1353.611268 -596.987020
16.350000 2.014866 15.683477 -1275.523053 -501.814385
16.400000 1.995377 16.085386 -1254.009077 -487.784475
16.450000 2.000344 15.327724 -1294.144694 -526.012460
16.500000 1.975176 14.514172 -1331.402088 -572.934495
16.550000 2.020706 14.649415 -1319.772671 -543.821745
16.600000 1.980899 14.496161 -1323.629880 -562.964851
16.650000 1.990229 14.803800 -1312.342936 -548.095164
16.700000 2.037557 14.847993 -1310.237758 -527.815941
16.750000 1.991865 15.645955 -1267.504461 -502.628166
16.800000 1.978908 15.457844 -1278.575371 -518.674721
16.850000 2.008469 13.576576 -1370.381507 -599.129328
16.900000 1.980754 14.890978 -1306.512401 -545.902682
16.950000 1.999606 15.634956 -1273.535502 -505.686698
17.000000 2.010719 15.460558 -1279.113372 -506.997324
17.050000 2.007246 15.918630 -1258.950980 -488.168337
17.100000 2.024769 16.669868 -1217.134469 -439.623117
17.150000 2.012088 15.507543 -1281.424875 -508.783266
17.200000 2.001682 15.109148 -1304.771235 -536.125486
17.250000 2.022475 14.188534 -1356.024129 -579.393764
17.300000 1.984065 15.502651 -1283.503648 -521.622730
17.350000 2.031404 15.724673 -1274.181045 -494.121984
17.400000 2.021918 15.631593 -1271.313765 -494.897340
17.450000 2.004553 16.097659 -1247.787246 -478.038704
17.500000 1.980985 16.208694 -1242.020289 -481.321992
17.550000 2.019790 16.212054 -1244.089318 -468.490011
17.600000 2.008350 15.895167 -1255.680353 -484.473813
17.650000 1.996047 15.663681 -1268.441089 -501.958977
17.700000 2.030102 14.758828 -1319.870149 -540.311163
17.750000 2.000307 16.151027 -1244.495168 -476.377122
17.800000 2.016090 16.537366 -1222.484922 -448.306488
17.850000 2.023655 14.714561 -1317.353603 -540.270178
17.900000 1.984973 14.742267 -1311.942627 -549.713160
17.950000 1.982945 14.933781 -1303.763255 -542.312353
18.000000 1.972351 16.600463 -1218.694334 -461.311586
18.050000 2.038155 15.148101 -1302.531544 -519.880034
18.100000 1.993631 15.475660 -1279.519272 -513.964944
18.150000 2.006845 15.022809 -1304.376443 -533.747802
18.200000 1.978534 14.929540 -1306.413515 -546.656406
18.250000 2.005387 15.000027 -1300.807632 -530.738907
18.300000 2.003352 14.851420 -1309.818871 -540.531760
18.350000 1.993862 15.905084 -1255.565580 -489.922698
18.400000 2.023083 14.871174 -1305.807535 -528.943712
18.450000 1.984827 14.428749 -1328.955525 -566.781884
18.500000 1.980884 15.792340 -1262.399849 -501.740368
18.550000 2.029684 14.834078 -1310.613008 -531.214317
18.600000 2.004050 14.922994 -1302.663893 -533.108515
18.650000 2.003097 15.040030 -1291.254561 -522.065452
18.700000 1.970935 15.823707 -1258.256083 -501.416995
18.750000 2.054171 16.179013 -1249.394068 -460.592398
18.800000 2.005607 15.536466 -1275.788468 -505.635545
18.850000 1.976763 15.915613 -1250.089825 -491.012947
18.900000 2.038314 15.159543 -1295.123557 -512.411031
18.950000 1.980908 15.757727 -1262.471509 -501.802875
19.000000 2.001890 16.199014 -1240.874426 -472.148621
19.050000 2.004502 15.678898 -1265.528063 -495.799177
19.100000 1.992240 15.205913 -1288.924473 -523.904137
19.150000 1.982826 14.806159 -1317.902799 -556.497705
19.200000 2.014490 14.721499 -1324.103840 -550.539714
19.250000 1.974538 14.452431 -1326.992653 -568.769934
19.300000 2.026155 14.286010 -1338.311154 -560.267677
19.350000 1.974296 15.202889 -1287.778969 -529.649184
19.400000 1.967330 16.256764 -1236.483457 -481.028801
19.450000 1.985296 15.693207 -1268.795118 -506.441530
19.500000 2.030937 16.675121 -1210.746295 -430.866616
19.550000 2.017348 14.880971 -1309.088954 -534.427512
19.600000 1.977697 14.978077 -1301.308121 -541.872286
19.650000 1.977979 15.399725 -1272.760767 -513.216984
19.700000 2.021061 13.993697 -1350.816648 -574.729275
19.750000 1.973433 15.383901 -1282.443738 -524.645424
19.800000 2.020699 15.207465 -1296.651613 -520.703081
19.850000 2.029945 14.966875 -1309.028311 -529.529355
19.900000 2.005633 15.083847 -1303.711581 -533.548355
19.950000 1.995467 14.831330 -1318.203848 -551.944583
20.000000 2.020456 13.829844 -1369.699335 -593.844171
20.050000 1.961250 15.995572 -1255.032642 -501.912502
20.100000 1.995547 15.942861 -1256.200055 -489.909861
20.150000 2.039412 16.637886 -1212.035019 -428.900903
20.200000 1.998498 15.361405 -1279.582563 -512.159202
20.250000 2.056545 14.998910 -1303.362210 -513.649007
20.300000 1.956077 16.400288 -1229.413830 -478.280442
20.350000 1.994257 16.450294 -1229.957050 -464.162537
20.400000 2.007522 15.248474 -1288.619551 -517.731265
20.450000 2.002813 15.962048 -1244.439687 -475.359670
20.500000 1.982810 14.514981 -1318.876937 -557.477711
20.550000 2.004942 14.360908 -1330.384958 -560.487283
20.600000 1.975613 14.869312 -1310.593136 -551.957559
20.650000 1.977920 15.207576 -1294.681168 -535.159770
20.700000 2.002637 14.651945 -1323.845211 -554.832499
20.750000 1.989679 15.355981 -1285.448578 -521.411853
20.800000 2.005306 14.690559 -1323.455897 -553.418495
20.850000 1.998026 15.757169 -1263.881207 -496.639306
20.900000 2.002817 15.570311 -1273.280976 -504.199280
20.950000 1.993063 15.752929 -1260.488861 -495.152623
21.000000 1.988494 15.650729 -1270.442733 -506.860925
21.050000 1.982765 15.953915 -1252.877256 -491.495652
21.100000 1.995334 15.393400 -1281.853226 -515.644993
21.150000 1.999325 14.690951 -1315.811871 -548.071052
21.200000 1.993471 16.778006 -1211.440662 -445.947894
21.250000 2.032852 15.484221 -1285.182226 -504.567245
21.300000 1.959143 15.792373 -1266.748813 -514.437960
21.350000 2.048256 14.945638 -1312.467692 -525.937498
21.400000 1.993503 14.568474 -1321.413324 -555.908099
21.450000 1.936483 15.144250 -1292.611962 -549.002310
21.500000 2.021860 14.470108 -1335.891988 -559.497893
21.550000 1.962248 15.147990 -1301.065533 -547.562225
21.600000 2.007132 15.600066 -1271.914074 -501.175357
21.650000 2.002505 15.564627 -1269.641220 -500.679170
21.700000 1.994246 15.575064 -1271.211547 -505.420955
21.750000 2.029866 15.613005 -1272.084125 -492.615532
21.800000 1.960226 15.326621 -1279.002840 -526.276080
21.850000 1.999551 14.349128 -1335.111553 -567.283789
21.900000 1.999868 15.012971 -1299.757553 -531.808056
21.950000 2.024399 14.582371 -1326.908988 -549.539633
22.000000 1.997103 14.441513 -1334.511035 -567.623361
22.050000 2.009080 14.615223 -1317.799839 -546.313078
22.100000 1.990385 14.647627 -1309.106587 -544.798858
22.150000 2.012708 15.597253 -1271.880718 -499.000807
22.200000 2.023793 14.859913 -1314.503744 -537.367323
22.250000 1.974771 15.180277 -1295.602420 -537.290542
22.300000 1.996947 15.642768 -1274.025391 -507.197693
22.350000 2.007289 14.558834 -1332.713597 -561.914603
22.400000 1.998678 14.752325 -1322.228400 -554.736140
22.450000 2.014311 15.419173 -1290.044741 -516.549410
22.500000 2.004962 9.353010 -1276.144851 -506.239530
22.550000 2.030401 9.590446 -1258.482011 -478.807919
22.600000 1.985206 9.051302 -1291.088671 -528.769398
22.650000 2.033661 9.521929 -1270.495888 -489.570042
22.700000 1.973385 8.563589 -1316.495806 -558.716122
22.750000 2.009514 8.434160 -1329.272102 -557.618764
22.800000 2.001072 9.140100 -1292.539757 -524.128019
22.850000 1.972686 9.962081 -1246.737689 -489.226349
22.900000 2.045350 9.641982 -1262.594198 -477.179792
22.950000 1.972224 9.577911 -1260.363994 -503.029852
23.000000 2.007912 9.578225 -1264.295089 -493.256857
23.050000 2.005053 9.230915 -1280.227792 -510.287625
23.100000 1.993358 9.296262 -1276.915402 -511.465879
23.150000 1.987347 8.949879 -1298.941807 -535.800556
23.200000 1.964283 9.869045 -1245.046480 -490.761748
23.250000 1.997040 10.098105 -1240.457836 -473.594459
23.300000 1.997266 9.294768 -1291.995733 -525.045552
23.350000 2.012415 10.091145 -1247.572168 -474.804907
23.400000 2.018114 8.777868 -1318.866042 -543.910302
23.450000 1.970476 9.070005 -1299.837562 -543.174888
23.500000 2.018234 8.871077 -1310.221073 -535.219251
23.550000 1.992853 9.184557 -1286.025305 -520.769897
23.600000 2.010199 8.776500 -1306.057935 -534.141616
23.650000 1.993936 9.410221 -1263.580575 -497.909333
23.700000 2.013823 9.729415 -1243.228232 -469.920359
23.750000 1.995038 9.765046 -1248.188816 -482.094182
23.800000 1.970598 10.575807 -1204.408057 -447.698609
23.850000 2.006346 9.827814 -1249.646360 -479.209677
23.900000 2.003347 9.846685 -1250.753082 -481.467878
23.950000 2.003238 8.812418 -1311.243511 -542.000182
24.000000 2.033407 8.975563 -1298.776396 -517.948174
24.050000 2.005006 9.499153 -1258.125012 -488.202855
24.100000 1.996336 9.440609 -1272.807666 -506.214660
24.150000 2.013418 8.938949 -1302.758364 -529.605721
24.200000 1.991694 8.787619 -1309.976496 -545.165887
24.250000 1.996542 8.977914 -1299.505621 -532.833448
24.300000 2.015537 9.454825 -1266.472829 -492.506689
24.350000 1.990433 9.096425 -1285.849159 -521.522964
24.400000 2.023170 9.538316 -1271.619418 -494.722055
24.450000 2.006143 9.987279 -1239.317050 -468.958014
24.500000 1.998650 8.871370 -1303.018147 -535.536612
24.550000 2.014372 9.123703 -1288.025230 -514.506476
24.600000 1.966212 10.638632 -1204.461195 -449.435920
24.650000 2.017733 9.176976 -1291.237954 -516.428614
24.700000 2.000564 8.827424 -1303.731198 -535.514618
24.750000 1.982630 9.478530 -1258.290557 -496.960792
24.800000 1.957952 8.859772 -1292.932916 -541.079455
24.850000 1.999713 9.277586 -1278.773739 -510.883874
24.900000 2.013422 9.825657 -1251.986019 -478.831928
24.950000 2.011271 8.595275 -1327.865014 -555.537081
25.000000 1.975063 8.468216 -1333.216154 -574.791972
25.050000 2.000531 9.542174 -1272.900441 -504.696689
25.100000 2.042692 9.808549 -1262.244008 -477.850453
25.150000 1.985469 9.319311 -1281.869748 -519.449506
25.200000 1.983406 9.648840 -1256.050286 -494.422219
25.250000 2.015285 9.003764 -1297.975436 -524.106042
25.300000 1.996394 9.568352 -1261.048177 -494.432957
25.350000 2.030288 9.593354 -1258.087630 -478.457026
25.400000 1.998535 9.546727 -1260.054797 -492.617333
25.450000 2.011862 8.737048 -1308.987175 -536.432116
25.500000 1.995468 8.481499 -1323.167912 -556.908195
25.550000 1.988213 9.440091 -1277.465915 -513.992018
25.600000 2.018065 9.430229 -1275.378941 -500.442136
25.650000 2.012467 8.382387 -1325.380128 -552.592828
25.700000 2.005823 8.281354 -1329.708607 -559.472529
25.750000 2.022567 9.158703 -1283.837318 -507.171675
25.800000 1.995393 8.959443 -1297.289018 -531.058136
25.850000 1.979431 9.709000 -1252.564895 -492.463224
25.900000 1.999524 9.566613 -1266.736062 -498.918670
25.950000 2.014981 9.437114 -1271.999959 -498.247382
26.000000 2.002203 8.694888 -1310.293622 -541.447832
26.050000 2.009163 9.442064 -1264.208450 -492.689696
26.100000 2.023087 8.654782 -1310.486122 -533.620600
26.150000 2.004049 8.913799 -1296.744904 -527.189939
26.200000 1.989624 9.234549 -1280.651485 -516.636007
26.250000 2.001792 8.677171 -1314.259047 -545.571102
26.300000 2.015854 8.940755 -1297.899837 -523.811911
26.350000 2.005231 8.915505 -1297.353015 -527.344445
26.400000 1.989382 9.413584 -1271.680433 -507.757929
26.450000 2.004172 9.355861 -1280.797780 -511.195745
26.500000 2.021930 8.874329 -1300.000928 -523.579621
26.550000 2.005788 8.233792 -1336.993632 -566.771151
26.600000 2.009156 8.331258 -1331.613680 -560.097644
26.650000 1.981911 9.233905 -1279.760006 -518.706181
26.700000 2.020273 9.333882 -1273.913148 -498.128327
26.750000 1.982157 9.460696 -1265.711885 -504.563785
26.800000 2.010840 9.797721 -1251.887254 -479.724882
26.850000 1.986006 9.947658 -1248.661509 -486.035340
26.900000 2.005034 9.988736 -1249.093439 -479.160353
26.950000 2.023558 9.753201 -1259.339641 -482.293194
27.000000 2.007860 8.776362 -1311.506197 -540.488073
27.050000 2.029623 9.208723 -1288.717977 -509.342837
27.100000 1.990775 8.891434 -1301.115825 -536.658387
27.150000 1.996621 8.348762 -1327.368408 -560.665903
27.200000 1.995943 8.708791 -1305.345183 -538.902992
27.250000 2.012248 8.219061 -1337.775499 -565.072151
27.300000 1.994405 9.407307 -1273.077096 -507.225486
27.350000 2.013805 9.236757 -1283.837248 -510.536160
27.400000 1.993524 9.224744 -1282.499958 -516.986638
27.450000 2.024822 9.001793 -1294.341654 -516.810012
27.500000 1.996340 8.928529 -1294.078444 -527.483850
27.550000 1.983909 9.236147 -1281.059618 -519.238569
27.600000 1.955405 10.198072 -1238.673631 -487.797932
27.650000 2.052798 10.067085 -1246.533993 -458.259618
27.700000 1.995170 9.617606 -1260.451663 -494.306385
27.750000 1.978363 9.356579 -1275.662486 -515.971093
27.800000 1.981079 9.269364 -1283.137253 -522.402989
27.850000 2.004748 8.651549 -1313.991496 -544.168114
27.900000 1.964759 9.055477 -1292.777178 -538.309610
27.950000 2.027759 9.638324 -1267.643592 -488.984097
28.000000 2.009834 9.500326 -1272.078743 -500.302350
28.050000 1.989787 9.051381 -1299.140275 -535.062068
28.100000 2.029334 9.278205 -1281.029175 -501.765040
28.150000 1.959372 9.068190 -1287.441388 -535.042598
28.200000 2.007825 9.235645 -1289.278535 -518.273845
28.250000 2.011333 9.592497 -1266.190345 -493.838446
28.300000 1.995150 8.901495 -1306.354413 -540.216965
28.350000 2.010407 9.148259 -1289.589010 -517.592568
28.400000 2.002344 9.581960 -1262.501213 -493.601214
28.450000 2.028366 9.183358 -1289.488296 -510.595718
28.500000 2.001739 9.208775 -1287.837475 -519.169578
28.550000 1.965074 9.700492 -1260.522663 -505.934104
28.600000 1.976592 10.602734 -1213.298189 -454.286677
28.650000 2.039633 10.499993 -1213.510428 -430.291524
28.700000 2.003204 9.312240 -1270.451789 -501.221580
28.750000 2.001928 9.831877 -1237.577701 -468.837322
28.800000 1.991849 9.380229 -1263.024071 -498.153867
28.850000 1.992967 9.029171 -1286.074253 -520.775024
28.900000 1.996002 9.210771 -1279.867165 -513.402489
28.950000 1.994011 9.482598 -1265.332403 -499.632066
29.000000 1.993158 9.204353 -1282.576959 -517.204417
29.050000 2.002679 9.812902 -1247.293124 -478.264488
29.100000 2.006837 9.745370 -1250.037084 -479.411651
29.150000 2.025423 8.875243 -1300.989669 -523.227233
29.200000 1.986687 8.881670 -1293.567345 -530.679529
29.250000 2.018357 8.828815 -1296.221791 -521.172881
29.300000 2.000604 8.492917 -1318.401560 -550.169472
29.350000 2.007971 9.603504 -1265.740040 -494.678989
29.400000 1.995927 10.016612 -1243.158538 -476.722405
29.450000 1.982661 9.495031 -1272.085269 -510.743381
29.500000 2.012177 9.684609 -1256.643705 -483.967576
29.550000 2.019114 9.587607 -1261.095942 -485.756265
29.600000 2.007902 9.102328 -1285.741909 -514.707452
29.650000 2.011527 9.173550 -1281.560585 -509.134180
29.700000 1.998985 8.598049 -1310.392166 -542.782098
29.750000 1.971714 9.261884 -1276.245975 -519.107843
29.800000 2.006591 8.960146 -1296.461765 -525.930778
29.850000 1.993127 8.598496 -1316.542338 -551.181732
29.900000 1.984939 9.610589 -1265.073537 -502.857111
29.950000 2.019700 9.634468 -1259.481405 -483.916522
30.000000 1.992658 5.051597 -1224.323267 -459.142563
30.050000 2.010959 5.226531 -1219.545315 -447.336899
30.100000 2.012352 4.451420 -1265.522767 -492.779556
30.150000 1.995446 4.753559 -1241.104248 -474.853024
30.200000 2.024208 5.026690 -1221.911383 -444.615443
30.250000 2.020114 4.378660 -1265.747145 -490.023397
30.300000 1.995922 4.545585 -1258.747904 -492.313741
30.350000 1.986055 4.896055 -1233.050388 -470.405165
30.400000 2.000727 4.777380 -1240.049636 -471.770399
30.450000 1.991175 4.639667 -1252.012976 -487.401803
30.500000 1.990220 5.415146 -1206.511196 -442.266664
30.550000 2.013623 5.557302 -1196.354348 -423.123058
30.600000 2.010768 4.466544 -1261.490403 -489.355351
30.650000 1.990372 4.362616 -1269.385068 -505.082236
30.700000 1.998602 5.567535 -1203.526668 -436.063680
30.750000 1.996263 5.895573 -1184.928715 -418.363753
30.800000 2.012662 6.167684 -1170.096778 -397.234586
30.850000 1.998813 5.620227 -1206.295877 -438.751851
30.900000 1.981419 5.406168 -1221.408602 -460.543703
30.950000 2.007223 4.892416 -1252.600751 -481.827115
31.000000 2.004178 5.235850 -1219.316610 -449.712417
31.050000 1.984620 4.703046 -1250.040066 -487.945822
31.100000 1.998973 5.310219 -1212.830862 -445.225136
31.150000 2.017187 5.060257 -1231.909237 -457.309311
31.200000 1.968006 4.826464 -1245.059774 -489.345469
31.250000 2.004240 4.964252 -1237.810402 -468.182187
31.300000 2.016133 4.820065 -1247.743692 -473.548429
31.350000 2.003980 5.167337 -1223.931297 -454.402884
31.400000 2.018385 4.797593 -1245.773078 -470.713262
31.450000 1.980393 5.198700 -1216.892187 -456.421257
31.500000 2.021565 5.602360 -1192.511703 -416.230883
31.550000 1.975344 4.768551 -1243.746293 -485.214331
31.600000 1.990805 5.695587 -1189.891457 -425.422357
31.650000 2.009889 5.443929 -1210.964953 -439.167458
31.700000 1.994869 5.237134 -1223.107694 -457.078086
31.750000 2.014443 4.816314 -1253.192933 -479.646800
31.800000 1.979857 5.067201 -1241.822983 -481.557789
31.850000 1.982230 6.030797 -1186.368936 -425.192723
31.900000 1.989636 5.924447 -1186.479982 -422.459901
31.950000 2.006382 5.795819 -1195.059644 -424.609034
32.000000 1.998992 5.387492 -1224.964319 -457.351537
32.050000 2.015381 6.160602 -1170.674632 -396.768333
32.100000 2.023093 4.868206 -1245.180150 -468.312306
32.150000 1.997329 5.243185 -1216.785228 -449.810994
32.200000 2.004269 4.818162 -1244.016356 -474.376936
32.250000 1.970088 5.175429 -1219.176836 -462.663001
32.300000 1.993047 4.984042 -1231.968379 -466.638265
32.350000 2.003050 5.031569 -1233.204642 -464.033599
32.400000 2.016218 5.493251 -1200.845431 -426.617598
32.450000 2.007668 4.541798 -1258.605157 -487.660816
32.500000 1.975426 4.719904 -1245.253705 -486.689942
32.550000 2.011738 4.700460 -1245.243831 -472.736323
32.600000 1.983616 4.693311 -1248.167107 -486.458674
32.650000 1.984600 4.869844 -1241.289494 -479.203007
32.700000 1.994883 5.034003 -1232.738217 -466.703175
32.750000 1.974536 5.088534 -1222.099822 -463.877974
32.800000 1.991956 5.387734 -1205.419079 -440.508027
32.850000 2.008277 4.937389 -1239.918386 -468.740137
32.900000 2.002841 4.790589 -1251.122772 -482.031662
32.950000 2.022252 5.778550 -1189.426868 -412.882150
33.000000 1.969974 5.419028 -1205.501475 -449.031464
33.050000 1.988574 4.857141 -1238.688922 -475.076623
33.100000 2.009694 4.432313 -1268.146146 -496.423758
33.150000 1.996022 4.709133 -1252.124793 -485.652501
33.200000 1.998641 5.213666 -1223.476807 -455.998588
33.250000 1.992246 5.008164 -1231.626435 -466.604129
33.300000 2.021650 4.957704 -1229.304158 -452.990370
33.350000 1.980788 4.713893 -1243.812752 -483.190207
33.400000 2.015896 4.663330 -1255.892741 -481.788712
33.450000 1.961294 5.023014 -1242.545617 -489.408807
33.500000 1.997358 5.407540 -1217.374685 -450.389036
33.550000 1.996813 4.850685 -1249.888200 -483.111935
33.600000 2.025520 5.116740 -1234.597765 -456.798137
33.650000 1.995125 5.338525 -1216.957974 -450.830059
33.700000 2.019662 4.746238 -1253.514127 -477.963794
33.750000 1.974267 4.736578 -1255.447092 -497.328605
33.800000 1.999026 5.717806 -1198.181460 -430.555583
33.850000 2.009468 5.482688 -1211.647096 -440.011511
33.900000 1.980984 5.657068 -1206.370281 -445.672502
33.950000 2.002998 5.894808 -1193.914603 -424.763200
34.000000 2.011781 5.162776 -1228.730723 -456.206959
34.050000 2.004007 4.813973 -1242.523690 -472.985084
34.100000 2.001035 4.774728 -1248.842301 -480.444929
34.150000 2.004339 5.478701 -1213.365269 -443.698942
34.200000 2.000456 5.311738 -1220.585776 -452.410630
34.250000 1.999316 5.085062 -1224.943160 -457.205696
34.300000 1.974520 5.200186 -1219.637167 -461.421491
34.350000 2.010705 5.767188 -1188.518273 -416.407672
34.400000 1.995231 5.089729 -1228.109572 -461.940934
34.450000 1.989868 5.528320 -1197.398291 -433.288984
34.500000 2.006524 6.081556 -1164.502076 -393.996936
34.550000 2.031585 5.137303 -1234.854347 -454.725895
34.600000 1.989945 5.633102 -1193.243462 -429.104612
34.650000 1.983660 5.298319 -1211.712783 -449.987438
34.700000 1.987363 4.318958 -1273.410193 -510.262626
34.750000 2.001471 5.177896 -1217.335111 -448.770158
34.800000 1.994247 4.917228 -1244.192258 -478.401417
34.850000 1.982760 5.124981 -1235.099489 -473.719758
34.900000 1.998433 5.105632 -1239.360644 -471.962236
34.950000 1.980240 5.781937 -1192.896672 -432.484424
35.000000 2.009878 5.861117 -1183.525241 -411.732230
35.050000 1.999280 5.493836 -1207.982002 -440.258450
35.100000 1.982712 5.903026 -1189.268071 -427.906826
35.150000 2.008582 5.934248 -1183.415145 -412.119498
35.200000 1.987060 5.457328 -1206.081285 -443.050213
35.250000 2.000588 5.577560 -1196.671571 -428.445654
35.300000 2.001618 4.924047 -1242.544023 -473.922834
35.350000 2.003141 5.513901 -1201.687016 -432.480944
35.400000 2.008235 4.830479 -1240.818873 -469.656666
35.450000 1.989497 4.547911 -1263.016519 -499.049483
35.500000 1.980145 5.451925 -1212.127408 -451.751659
35.550000 2.008416 5.443029 -1211.900332 -440.668756
35.600000 2.002434 5.200542 -1221.173715 -452.239034
35.650000 2.017049 5.441662 -1205.693509 -431.146841
35.700000 1.982335 5.421487 -1205.925849 -444.709278
35.750000 2.028477 5.039729 -1237.266175 -458.331157
35.800000 1.993392 5.995525 -1175.145578 -409.683071
35.850000 2.010024 5.184766 -1226.556404 -454.707090
35.900000 2.006745 5.966114 -1182.632330 -412.042401
35.950000 2.010233 5.856714 -1192.822194 -420.892840
36.000000 2.013431 5.392941 -1212.169207 -439.011756
36.050000 2.000172 4.912891 -1236.428429 -468.362327
36.100000 2.020792 4.876525 -1241.910193 -465.926069
36.150000 1.997944 5.116657 -1223.903003 -456.692470
36.200000 2.005007 5.522775 -1199.333743 -429.411049
36.250000 2.009664 4.581132 -1262.257344 -490.546228
36.300000 1.995355 4.822537 -1244.022361 -477.806065
36.350000 1.989847 4.635462 -1254.731695 -490.630316
36.400000 1.989636 5.486618 -1206.372730 -442.352659
36.450000 2.000971 5.312013 -1217.860580 -449.487560
36.500000 2.004006 5.110004 -1230.602993 -461.064865
36.550000 1.999813 5.589353 -1196.159593 -428.231238
36.600000 1.982518 5.577916 -1203.388538 -442.101614
36.650000 1.998962 5.854457 -1190.351091 -422.749622
36.700000 1.994748 5.327889 -1217.650626 -451.667205
36.750000 1.990171 5.179544 -1216.981426 -452.755630
36.800000 1.985932 5.173014 -1213.206707 -450.608752
36.850000 2.038648 5.182383 -1215.676279 -432.835398
36.900000 1.988362 5.507582 -1199.481565 -435.950610
36.950000 2.004007 5.320587 -1213.337943 -443.799185
37.000000 1.999058 5.204181 -1223.648752 -456.010636
37.050000 2.002179 5.545871 -1204.314943 -435.478061
37.100000 1.999619 5.098842 -1231.780383 -463.926525
37.150000 1.998104 5.349309 -1212.693725 -445.421737
37.200000 2.007079 5.456189 -1213.210985 -442.492769
37.250000 2.001090 5.761893 -1195.608755 -427.190281
37.300000 1.990059 6.400603 -1155.955158 -391.772665
37.350000 2.014092 5.506491 -1210.492564 -437.081180
37.400000 1.971992 5.736777 -1194.496582 -437.251790
37.450000 1.998494 5.597614 -1213.238304 -445.816567
37.500000 1.987732 3.093402 -1093.976030 -330.686787
37.550000 1.991704 2.827508 -1110.978911 -346.164455
37.600000 1.999520 2.904888 -1110.533968 -342.718150
37.650000 1.987394 2.869021 -1113.557410 -350.398029
37.700000 1.996252 3.140896 -1097.559239 -330.998285
37.750000 2.032912 2.983480 -1105.683174 -325.044820
37.800000 1.987121 2.898004 -1109.158997 -346.104557
37.850000 2.008668 3.192746 -1100.656776 -329.328328
37.900000 2.018224 3.411680 -1080.062196 -305.063990
37.950000 1.992175 2.759263 -1123.614111 -358.618774
38.000000 2.007000 3.252417 -1090.441760 -319.753667
38.050000 2.011120 3.144600 -1098.537428 -326.267353
38.100000 1.993993 3.192870 -1096.229970 -330.536767
38.150000 1.990426 3.523617 -1075.853940 -311.530535
38.200000 2.021842 3.082838 -1107.167962 -330.780630
38.250000 1.970427 3.272852 -1088.075837 -331.431720
38.300000 2.015628 3.248456 -1092.878632 -318.877644
38.350000 1.990157 3.177305 -1096.334913 -332.114470
38.400000 1.996892 3.472678 -1079.288975 -312.482412
38.450000 2.017705 3.155827 -1105.902759 -331.104109
38.500000 1.994545 3.635724 -1069.129556 -303.224455
38.550000 2.000153 2.872667 -1115.333885 -347.275077
38.600000 1.985989 2.768105 -1110.581795 -347.961987
38.650000 2.006648 2.746661 -1110.572315 -340.019391
38.700000 2.001865 2.785461 -1110.781477 -342.065439
38.750000 1.991583 3.537977 -1061.803198 -297.035245
38.800000 2.007238 3.530401 -1066.099093 -295.319866
38.850000 2.020403 3.420385 -1074.612246 -298.777513
38.900000 1.998974 2.971999 -1109.889578 -342.283676
38.950000 2.001546 3.306609 -1081.674552 -313.080757
39.000000 2.006023 2.651053 -1122.883842 -352.570885
39.050000 1.997321 2.339340 -1142.730292 -375.758847
39.100000 1.998952 2.653103 -1122.370068 -354.772406
39.150000 1.997066 2.822957 -1115.120463 -348.247300
39.200000 1.989473 2.973996 -1111.724592 -347.766936
39.250000 1.991090 3.279424 -1089.658117 -325.079382
39.300000 1.984481 3.043878 -1103.287200 -341.246551
39.350000 1.987908 3.051006 -1101.534239 -338.177383
39.400000 2.019098 3.099000 -1096.220386 -320.886595
39.450000 1.991643 2.844393 -1110.936105 -346.145025
39.500000 1.999628 3.160005 -1090.148608 -322.291637
39.550000 1.996546 2.670669 -1123.813935 -357.140152
39.600000 1.987489 2.469476 -1142.627927 -379.432176
39.650000 1.990580 3.255701 -1087.223965 -322.841199
39.700000 2.012961 3.269737 -1083.532494 -310.555538
39.750000 2.000372 2.829810 -1108.196324 -340.053580
39.800000 2.009730 3.090793 -1090.671612 -318.935248
39.850000 1.990123 2.658120 -1130.341197 -366.134092
39.900000 2.014767 3.501260 -1074.703995 -301.033392
39.950000 1.997711 3.807635 -1053.804807 -286.683758
40.000000 2.017283 3.764032 -1052.863520 -278.226932
40.050000 2.004226 3.216895 -1086.258917 -316.635994
40.100000 2.005024 3.220322 -1080.054508 -310.125258
40.150000 1.988498 2.970955 -1096.333433 -332.750088
40.200000 2.005831 3.415915 -1068.861816 -298.622698
40.250000 1.999584 3.459374 -1067.440473 -299.600408
40.300000 2.024373 2.620451 -1127.354158 -349.995052
40.350000 1.980112 3.191882 -1082.160456 -321.797601
40.400000 2.001754 3.037165 -1093.645649 -324.972061
40.450000 2.015701 3.239675 -1080.212897 -306.183801
40.500000 1.994066 3.089356 -1089.086186 -323.364695
40.550000 2.006965 3.074672 -1094.186703 -323.512068
40.600000 1.996495 2.888316 -1110.275471 -343.621225
40.650000 1.995533 2.915428 -1114.215981 -347.931308
40.700000 2.003923 3.500655 -1074.107326 -304.600823
40.750000 1.996833 3.291153 -1080.763849 -313.980053
40.800000 2.018217 2.853193 -1109.345398 -334.349952
40.850000 1.978901 3.105819 -1085.444619 -325.546765
40.900000 2.011375 2.807443 -1110.020408 -337.652401
40.950000 1.990917 2.547283 -1129.953837 -365.441871
41.000000 1.990558 2.748074 -1120.090382 -355.716002
41.050000 1.997131 2.884629 -1117.219894 -350.321668
41.100000 2.014423 2.687409 -1127.003254 -353.464945
41.150000 1.997252 2.591139 -1133.156977 -366.212088
41.200000 1.978079 3.405502 -1084.393535 -324.811224
41.250000 2.031006 3.041298 -1113.578165 -333.671965
41.300000 1.979845 3.056365 -1106.801560 -346.540938
41.350000 1.995394 3.354411 -1096.805671 -330.574429
41.400000 1.998040 3.709125 -1072.232652 -304.985184
41.450000 2.006226 3.040190 -1109.242945 -338.852096
41.500000 1.994224 3.233997 -1082.394799 -316.612650
41.550000 2.021826 2.785621 -1110.302885 -333.921827
41.600000 1.997974 2.431226 -1130.808024 -363.585998
41.650000 2.005099 2.499934 -1127.189254 -357.231295
41.700000 1.983563 2.805193 -1110.885143 -349.196806
41.750000 2.001760 2.633473 -1129.467891 -360.791909
41.800000 2.000761 2.671286 -1123.807300 -355.515114
41.850000 2.000525 2.561475 -1126.849938 -358.648326
41.900000 1.989678 2.889675 -1108.329427 -344.292993
41.950000 1.978894 3.772494 -1050.505376 -290.609964
42.000000 2.005114 2.996828 -1110.091832 -340.128209
42.050000 1.984923 3.342810 -1081.990505 -319.779979
42.100000 1.972563 3.072629 -1096.595484 -339.131338
42.150000 2.020775 2.997590 -1095.472239 -319.494482
42.200000 2.010346 2.669903 -1120.967066 -348.994097
42.250000 1.999181 3.057469 -1096.083266 -328.397587
42.300000 1.985938 2.918966 -1106.625207 -344.025001
42.350000 2.008962 3.243345 -1080.071558 -308.630232
42.400000 2.008010 2.841792 -1107.164321 -336.088643
42.450000 1.999449 2.677684 -1125.991404 -358.202905
42.500000 1.993158 3.320987 -1083.347046 -317.974255
42.550000 2.000180 2.919407 -1107.777347 -339.708157
42.600000 2.004747 2.613255 -1129.017321 -359.194449
42.650000 1.980381 3.093937 -1090.358996 -329.892742
42.700000 2.015486 2.834112 -1110.415769 -336.469268
42.750000 2.000723 2.881710 -1104.864960 -336.587217
42.800000 2.004493 3.100688 -1086.975347 -317.250077
42.850000 2.012782 2.550672 -1128.721933 -355.813799
42.900000 2.002521 2.749907 -1112.933462 -343.965474
42.950000 1.983601 2.762188 -1116.875286 -355.172649
43.000000 2.010271 3.262235 -1090.593605 -318.649538
43.050000 1.991795 3.044412 -1101.777435 -336.928259
43.100000 2.008226 2.682762 -1128.974389 -357.815453
43.150000 1.999646 3.029981 -1106.243012 -338.378963
43.200000 1.990095 3.454370 -1075.102063 -310.905677
43.250000 2.007732 3.129516 -1100.422637 -329.453617
43.300000 1.990933 3.179727 -1094.140920 -329.622630
43.350000 1.964779 4.374337 -1005.402023 -250.926777
43.400000 2.003292 3.253985 -1089.490921 -320.226758
43.450000 1.984988 3.461533 -1073.118644 -310.883343
43.500000 1.999886 3.207030 -1094.425075 -326.468879
43.550000 1.995485 3.291228 -1087.719443 -321.453219
43.600000 2.000495 3.173982 -1095.905009 -327.714846
43.650000 1.980434 3.155776 -1094.647125 -334.160301
43.700000 2.018418 2.934800 -1109.809097 -334.736504
43.750000 2.008458 3.200470 -1090.528736 -319.280870
43.800000 1.985638 3.426537 -1078.122925 -315.637893
43.850000 2.008688 3.876343 -1044.914858 -273.578627
43.900000 2.003191 2.903220 -1110.294519 -341.069210
43.950000 2.008234 2.785818 -1115.095429 -343.933393
44.000000 1.997957 3.136891 -1092.954422 -325.738785
44.050000 1.995264 3.460715 -1075.357589 -309.176389
44.100000 1.997506 3.161591 -1098.628763 -331.586458
44.150000 2.011881 3.297900 -1091.497595 -318.935407
44.200000 1.989900 3.171662 -1103.228241 -339.106571
44.250000 2.001407 3.760111 -1062.843504 -294.303234
44.300000 2.005401 3.516611 -1082.693938 -312.619780
44.350000 2.003645 3.691930 -1070.424012 -301.024522
44.400000 2.002528 3.181711 -1106.512049 -337.541112
44.450000 1.993000 3.610710 -1070.311835 -304.999792
44.500000 1.995177 2.851868 -1125.284623 -359.136759
44.550000 2.008188 3.613632 -1066.406074 -295.262001
44.600000 1.988020 3.020241 -1110.383608 -346.983755
44.650000 1.986760 3.633528 -1062.622216 -299.706392
44.700000 2.005824 3.587104 -1066.603894 -296.367306
44.750000 2.017302 3.098792 -1093.757375 -319.113533
44.800000 1.985607 2.954531 -1101.877626 -339.404648
44.850000 2.004750 3.020379 -1101.272687 -331.448871
44.900000 2.000709 3.349421 -1079.459682 -311.187338
44.950000 1.989877 2.949292 -1108.369869 -344.257202
45.000000 2.016035 1.322076 -989.551548 -215.394160
45.050000 2.005792 1.227298 -998.916493 -228.692320
45.100000 1.991771 1.140191 -1007.423371 -242.583279
45.150000 1.990947 1.313949 -991.407433 -226.883893
45.200000 2.012808 1.710858 -965.598845 -192.680385
45.250000 2.002033 1.629467 -982.470979 -213.690254
45.300000 1.999925 2.011008 -957.022320 -189.051050
45.350000 2.001253 2.115161 -950.193614 -181.712361
45.400000 2.007203 1.810884 -978.657078 -207.891250
45.450000 1.997710 2.035450 -962.461973 -195.341448
45.500000 2.006769 1.853062 -976.079167 -205.479851
45.550000 1.980315 1.951048 -956.943497 -196.502367
45.600000 1.995548 1.698842 -964.103966 -197.813405
45.650000 2.018021 1.385437 -981.076589 -206.156542
45.700000 1.979163 1.501848 -972.670286 -212.671693
45.750000 1.994061 2.098835 -928.243191 -162.523664
45.800000 2.005338 1.659692 -962.348566 -192.298797
45.850000 2.018420 1.506540 -962.153199 -187.079784
45.900000 1.993002 1.231917 -976.724699 -211.411996
45.950000 1.994941 1.656780 -945.443094 -179.385806
46.000000 1.999342 1.666839 -950.767323 -183.020162
46.050000 2.002337 1.434489 -977.397080 -208.499854
46.100000 2.005776 1.526974 -973.434146 -203.216229
46.150000 2.013209 1.450492 -977.911643 -204.839213
46.200000 1.988111 1.458544 -976.562839 -213.128104
46.250000 1.976868 1.796998 -953.100371 -193.983118
46.300000 2.017770 1.966727 -942.394114 -167.570299
46.350000 2.003511 1.327869 -989.264604 -219.916329
46.400000 1.998583 1.562691 -965.386159 -197.930299
46.450000 1.987484 2.060888 -927.736302 -164.542591
46.500000 2.011951 2.186648 -919.443481 -146.854141
46.550000 2.007202 1.679003 -959.712922 -188.947270
46.600000 2.011844 1.431698 -978.621174 -206.073256
46.650000 1.989122 1.618030 -967.563725 -203.740856
46.700000 2.003286 1.845850 -948.740180 -179.478469
46.750000 2.000737 1.729358 -954.159371 -185.876470
46.800000 2.008546 1.926997 -939.122679 -167.841130
46.850000 2.017851 1.806272 -946.930766 -172.076086
46.900000 1.975131 1.686932 -956.616723 -198.166284
46.950000 2.002810 1.910293 -943.642403 -174.563311
47.000000 2.024545 1.726303 -958.196183 -180.770752
47.050000 1.971945 1.761833 -951.245361 -194.018313
47.100000 2.002909 1.753984 -958.717640 -189.600653
47.150000 2.008298 1.944406 -947.836590 -176.649977
47.200000 1.990732 2.326539 -918.002965 -153.562033
47.250000 1.992596 2.274783 -922.304656 -157.147983
47.300000 1.994113 1.721955 -968.989896 -203.250543
47.350000 1.987135 2.167346 -931.553494 -168.493489
47.400000 2.014740 2.230714 -927.395832 -153.735571
47.450000 2.001906 1.949344 -948.509476 -179.777745
47.500000 1.998359 1.734477 -972.745666 -205.375768
47.550000 2.001922 2.022176 -952.947694 -184.209771
47.600000 1.998959 1.831548 -970.410232 -202.810076
47.650000 1.988973 1.834686 -959.090750 -195.325016
47.700000 1.997806 1.363630 -985.682363 -218.524920
47.750000 2.003979 1.347973 -983.483741 -213.955785
47.800000 1.994290 1.787239 -941.091838 -175.284386
47.850000 1.996692 1.178128 -996.377088 -229.647199
47.900000 1.991948 1.587690 -967.994625 -203.086546
47.950000 1.995629 1.858737 -946.414635 -180.092982
48.000000 2.008909 1.745772 -956.575124 -185.154195
48.050000 2.004546 1.775997 -945.471068 -175.725440
48.100000 2.004717 1.289215 -980.840377 -211.029079
48.150000 1.993832 1.451081 -973.205887 -207.574345
48.200000 2.016530 2.034859 -933.168371 -158.820941
48.250000 1.991685 1.753197 -963.471144 -198.663975
48.300000 2.017027 1.692920 -970.946838 -196.408300
48.350000 1.989207 1.659008 -971.062837 -207.207215
48.400000 1.993227 1.873675 -961.597309 -196.198139
48.450000 2.001058 1.771719 -975.870134 -207.463996
48.500000 2.008402 1.847571 -968.915850 -197.689563
48.550000 2.000407 1.933437 -952.755779 -184.599491
48.600000 1.999357 1.655217 -969.999097 -202.245909
48.650000 1.996513 1.907543 -949.880086 -183.218975
48.700000 2.001788 1.769011 -965.438679 -196.752257
48.750000 2.005920 1.765172 -960.579559 -190.306199
48.800000 1.986368 1.634787 -966.278035 -203.512880
48.850000 1.990989 1.805075 -949.330026 -184.790202
48.900000 2.003339 1.583281 -964.833452 -195.551395
48.950000 1.998540 1.843016 -945.481487 -178.042248
49.000000 2.003978 2.121577 -924.767700 -155.240300
49.050000 1.985821 1.897425 -950.897797 -188.342656
49.100000 1.995900 2.376742 -914.878242 -148.452612
49.150000 1.998082 2.030193 -943.943602 -176.680241
49.200000 2.004151 1.711970 -968.407123 -198.812978
49.250000 2.006915 1.666516 -962.588999 -191.933620
49.300000 1.985051 1.604325 -957.683352 -195.423888
49.350000 1.992388 2.142968 -915.275156 -150.198295
49.400000 2.015859 2.015890 -941.585979 -167.495961
49.450000 2.011729 2.132933 -937.696032 -165.192133
49.500000 1.992753 1.846056 -964.232036 -199.015050
49.550000 1.996585 1.676216 -984.441891 -217.753363
49.600000 2.005879 1.929855 -964.370795 -194.113100
49.650000 1.989286 2.057797 -953.187762 -189.302046
49.700000 2.007403 1.770940 -973.699303 -202.856566
49.750000 2.004192 1.334651 -1005.260340 -235.650519
49.800000 1.979955 2.000381 -947.299615 -186.996847
49.850000 2.011840 2.074617 -938.711428 -166.164874
49.900000 1.993994 1.476889 -984.068852 -218.375073
49.950000 2.000798 1.626769 -968.175183 -199.868769
50.000000 2.009543 1.896581 -943.751764 -172.087205
50.050000 1.999152 1.713651 -958.589051 -190.914606
50.100000 1.990419 1.637333 -970.368139 -206.047378
50.150000 2.002218 1.691079 -971.003727 -202.152149
50.200000 1.999686 1.513465 -988.933084 -221.053572
50.250000 2.002825 1.708361 -971.821141 -202.736220
50.300000 2.002817 1.623392 -980.757815 -211.675940
50.350000 1.994986 1.804025 -963.198695 -197.123968
50.400000 2.006512 1.758527 -961.346632 -190.846165
50.450000 2.003971 1.566061 -973.262022 -203.737010
50.500000 2.000560 1.666507 -967.458282 -199.243178
50.550000 1.992127 1.732830 -961.904947 -196.928078
50.600000 2.002271 1.624397 -974.047278 -205.175399
50.650000 2.003496 1.579167 -978.071760 -208.729302
50.700000 1.986686 1.534446 -986.166678 -223.279065
50.750000 1.986495 2.376245 -918.298470 -155.484407
50.800000 1.998487 1.981506 -948.244061 -180.824864
50.850000 2.004771 1.749239 -964.405836 -194.573912
50.900000 2.004111 1.312052 -998.470095 -228.891381
50.950000 1.979970 2.250280 -909.638429 -149.329783
51.000000 2.018856 1.345497 -976.976596 -201.735928
51.050000 2.002440 1.555491 -949.976118 -181.039041
51.100000 1.991601 1.262685 -982.066333 -217.291518
51.150000 1.995109 1.721674 -952.970429 -186.848663
51.200000 2.013042 1.679381 -964.146147 -191.138084
51.250000 1.966379 2.119025 -926.235667 -171.146117
51.300000 2.027838 1.960719 -939.879658 -161.189871
51.350000 2.022141 1.316159 -980.835810 -204.333785
51.400000 1.984934 1.397931 -968.564744 -206.349966
51.450000 2.008014 1.424924 -975.337710 -204.260455
51.500000 1.990210 1.520023 -974.217469 -209.976697
51.550000 1.999065 1.738864 -958.720377 -191.079551
51.600000 2.004226 1.767094 -955.858691 -186.235804
51.650000 1.986505 2.068147 -932.766701 -169.948706
51.700000 2.009390 2.449736 -897.957932 -126.352100
51.750000 1.984530 1.418184 -976.371533 -214.312013
51.800000 1.986470 1.656438 -958.987568 -196.183031
51.850000 2.005992 1.965792 -939.591475 -169.290387
51.900000 2.006294 1.946317 -945.845950 -175.428963
51.950000 2.008866 2.128945 -931.606888 -160.202317
52.000000 1.998180 1.778550 -958.620491 -191.319553
52.050000 2.004377 1.868195 -951.452628 -181.771946
52.100000 1.993976 1.927296 -947.447335 -181.760549
52.150000 2.008833 1.406318 -985.929759 -214.538058
52.200000 1.986729 1.469230 -974.687095 -211.783216
52.250000 1.983603 1.782787 -951.329845 -189.626219
52.300000 2.017869 1.741656 -957.804532 -182.942872
52.350000 1.991817 1.684457 -964.019171 -199.161285
52.400000 1.994030 1.983375 -938.985124 -173.277616
52.450000 2.021431 1.522904 -968.346229 -192.116791
52.500000 2.011185 1.047099 -796.031619 -23.736748
52.550000 2.005742 0.692246 -838.168044 -67.963190
52.600000 1.979573 1.369276 -776.361948 -16.205940
52.650000 2.003077 1.109285 -806.447400 -37.265646
52.700000 1.995208 1.173822 -799.357026 -33.197017
52.750000 2.008180 1.417324 -774.323539 -3.182322
52.800000 1.999620 1.202376 -783.211092 -15.357117
52.850000 1.999992 0.819195 -814.908113 -46.911246
52.900000 1.992342 0.879528 -811.715734 -46.656427
52.950000 2.011388 0.927456 -805.438331 -33.065332
53.000000 1.998717 0.762574 -818.617308 -51.109799
53.050000 1.997017 0.989159 -798.451983 -31.597386
53.100000 1.980611 1.347757 -768.124473 -7.569712
53.150000 2.018310 1.099850 -804.005512 -28.974458
53.200000 1.995025 1.189521 -801.349593 -35.260109
53.250000 2.007040 1.205846 -800.499100 -29.795726
53.300000 1.998575 0.960906 -816.298515 -48.845641
53.350000 1.999522 0.824662 -827.065871 -59.249611
53.400000 2.008978 0.980222 -809.787595 -38.340092
53.450000 2.000048 0.852297 -817.003854 -48.985512
53.500000 2.006957 0.518821 -850.856442 -80.184780
53.550000 1.989793 0.701570 -837.108763 -73.028274
53.600000 1.988258 1.031825 -813.198241 -49.707253
53.650000 2.002050 1.163042 -805.071665 -36.284554
53.700000 1.994269 1.125365 -812.369873 -46.570536
53.750000 2.016846 1.235064 -801.660563 -27.191509
53.800000 1.995567 1.053367 -814.809143 -48.511404
53.850000 2.020563 0.869091 -827.692490 -51.796235
53.900000 1.997586 0.860601 -828.794916 -61.721857
53.950000 1.995791 1.603979 -765.359665 1.024104
54.000000 2.011165 1.328233 -800.509286 -28.222008
54.050000 1.994778 1.151646 -808.317436 -42.322828
54.100000 2.001173 0.933431 -821.951238 -53.500793
54.150000 1.986877 1.246531 -789.199398 -26.238522
54.200000 2.007737 1.191106 -795.804543 -24.833541
54.250000 1.999691 1.306178 -784.034959 -16.153576
54.300000 1.995607 1.071478 -802.049008 -35.735881
54.350000 2.005922 0.800033 -817.787956 -47.514091
54.400000 1.989687 0.797086 -807.047136 -43.007146
54.450000 1.996287 0.776979 -807.158352 -40.584068
54.500000 2.002000 1.104698 -778.267122 -9.499180
54.550000 2.006341 0.799553 -811.237476 -40.802692
54.600000 2.003872 0.847291 -806.785878 -37.298911
54.650000 1.993610 1.097670 -785.295109 -19.748928
54.700000 2.013589 0.987188 -800.291584 -27.073575
54.750000 2.006664 0.875283 -813.915936 -43.356872
54.800000 1.997099 0.857266 -822.270467 -55.384618
54.850000 1.994682 1.350128 -777.781575 -11.823594
54.900000 2.009690 1.098472 -806.239148 -34.518140
54.950000 2.011189 0.859349 -827.552303 -55.255563
55.000000 1.984927 0.947566 -827.334630 -65.122824
55.050000 2.002622 1.401413 -789.468596 -20.461879
55.100000 2.011321 1.006309 -825.798848 -53.451733
55.150000 1.993436 1.001020 -822.068326 -56.588935
55.200000 1.993647 1.108484 -811.485026 -45.924643
55.250000 1.997352 1.234220 -800.565581 -33.582592
55.300000 2.014712 1.352676 -787.602342 -13.953092
55.350000 1.987614 1.104112 -807.012099 -43.768142
55.400000 2.012206 1.323890 -776.799951 -4.112915
55.450000 2.000170 0.839696 -818.119783 -50.054394
55.500000 1.999289 0.779938 -822.283465 -54.556603
55.550000 1.989452 1.198936 -783.281347 -19.331593
55.600000 2.014191 0.938062 -812.647885 -39.198583
55.650000 1.987945 0.959608 -809.911569 -46.540633
55.700000 1.999341 1.337366 -779.072704 -11.325871
55.750000 1.998055 1.338049 -788.875149 -21.622180
55.800000 2.000653 1.575528 -772.331102 -4.080520
55.850000 2.006296 1.756910 -760.803973 9.613604
55.900000 2.001338 1.654323 -771.115077 -2.601421
55.950000 2.012989 1.337212 -788.916838 -15.929133
56.000000 1.990088 1.093983 -798.421744 -34.228062
56.050000 2.010971 0.854795 -818.812311 -46.599396
56.100000 2.005542 0.859194 -820.617213 -50.489031
56.150000 1.989288 1.240335 -789.606196 -25.719740
56.200000 2.004957 1.136260 -807.946699 -38.043079
56.250000 2.009274 1.268568 -793.881750 -22.320694
56.300000 2.008842 1.443835 -775.027120 -3.631772
56.350000 2.006107 1.315315 -786.082840 -15.737651
56.400000 1.993854 1.129799 -803.119049 -37.479274
56.450000 2.012241 1.127297 -795.801754 -23.101057
56.500000 1.979858 1.186325 -781.099867 -20.834372
56.550000 2.013642 1.089599 -791.673398 -18.434728
56.600000 1.989289 1.149270 -786.251323 -22.364397
56.650000 2.007533 0.904659 -818.244542 -47.352007
56.700000 1.986374 1.089220 -805.712640 -42.944866
56.750000 2.007824 1.087173 -813.093485 -42.088896
56.800000 2.003614 1.011105 -815.330793 -45.942827
56.850000 2.002361 0.808472 -828.646815 -59.740324
56.900000 2.003044 0.756837 -832.931752 -63.762708
56.950000 1.993805 1.087497 -805.005869 -39.384860
57.000000 2.004100 1.210130 -794.599334 -25.024772
57.050000 2.009975 0.994415 -810.342278 -38.512014
57.100000 1.994686 0.790384 -821.618351 -55.658988
57.150000 1.995375 0.953407 -804.522086 -38.297928
57.200000 2.007157 0.952563 -805.437547 -34.689185
57.250000 1.995536 1.105773 -794.990692 -28.704955
57.300000 1.994108 1.387036 -775.407255 -9.669924
57.350000 1.997445 1.331588 -789.066973 -22.048282
57.400000 2.018509 1.327716 -788.487490 -13.379886
57.450000 2.000137 0.936612 -822.363807 -54.311138
57.500000 2.002893 0.973549 -821.053125 -51.942383
57.550000 1.985220 1.237588 -802.617145 -40.292806
57.600000 2.023931 1.417501 -786.501928 -9.312613
57.650000 1.991259 0.974435 -822.496772 -57.853144
57.700000 2.000124 1.076300 -814.828020 -46.780374
57.750000 1.986800 1.131139 -808.364831 -45.433603
57.800000 2.016134 0.972746 -817.241278 -43.045814
57.850000 2.010686 0.700632 -834.274725 -62.171411
57.900000 1.984384 0.695415 -831.521147 -69.517877
57.950000 2.008430 0.961788 -807.945830 -36.708889
58.000000 2.000568 1.072315 -799.281733 -31.063715
58.050000 1.995511 1.112283 -798.274236 -31.998127
58.100000 1.999722 1.100250 -801.344996 -33.451785
58.150000 1.993326 0.916507 -819.797622 -54.360341
58.200000 1.989218 1.275436 -785.880634 -22.021019
58.250000 2.012767 1.244804 -790.072081 -17.169664
58.300000 1.983174 1.298589 -783.410072 -21.871293
58.350000 2.006497 1.254981 -791.652144 -21.157289
58.400000 1.996838 1.058555 -813.680124 -46.894243
58.450000 2.013558 1.183532 -799.615802 -26.409696
58.500000 2.001969 0.968206 -818.314791 -49.558531
58.550000 1.990336 0.900730 -823.128051 -58.839100
58.600000 2.005206 1.364825 -775.809912 -5.810928
58.650000 1.987251 1.193113 -793.153390 -30.049075
58.700000 1.998911 1.240971 -786.217960 -18.635948
58.750000 2.003463 1.077603 -797.262458 -27.932723
58.800000 2.004946 0.772834 -821.477484 -51.578070
58.850000 1.997226 0.860519 -816.286149 -49.351184
58.900000 2.006934 0.992971 -808.311122 -37.648628
58.950000 1.976623 1.026793 -806.563724 -47.540395
59.000000 2.009367 1.108569 -803.822562 -32.225788
59.050000 2.001343 1.045090 -811.343509 -42.827948
59.100000 1.998392 0.870083 -826.716990 -59.334509
59.150000 2.020540 0.878268 -823.057518 -47.169970
59.200000 1.994864 0.827345 -831.547125 -65.519352
59.250000 2.008068 0.893367 -833.038697 -61.940465
59.300000 1.996993 0.679702 -849.647776 -82.802610
59.350000 2.010234 0.633859 -844.980282 -73.050242
59.400000 1.993070 0.661677 -835.711962 -70.372969
59.450000 1.986041 1.130116 -788.781848 -26.141983
59.500000 1.988888 1.177680 -786.112078 -22.379013
59.550000 2.003048 1.065536 -799.007383 -29.836845
59.600000 1.999292 0.809460 -823.805193 -56.077156
59.650000 1.993148 1.101897 -796.914497 -31.545654
59.700000 2.008776 0.900897 -818.107100 -46.737158
59.750000 1.991687 1.307568 -778.614307 -13.806597
59.800000 1.995621 1.059001 -809.505180 -43.186777
59.850000 1.999537 0.978079 -818.187521 -50.365256
59.900000 2.010250 1.015688 -814.248864 -42.312744
59.950000 2.007202 1.125505 -801.541343 -30.775939
60.000000 2.005308 0.557609 -659.349913 110.688370
60.050000 1.993812 0.635980 -639.909606 125.714270
60.100000 2.011220 0.735150 -626.286776 146.021710
60.150000 1.991162 0.712976 -629.660482 134.945764
60.200000 2.005559 0.623534 -644.669169 125.465626
60.250000 2.004214 0.481967 -666.440350 103.177837
60.300000 1.994630 0.747071 -640.480384 125.457424
60.350000 2.003984 0.722394 -645.982198 123.547742
60.400000 1.994662 0.728162 -647.944758 118.005296
60.450000 2.001003 0.866481 -635.305435 133.079884
60.500000 2.007574 0.857307 -633.169493 137.738914
60.550000 2.009924 0.517067 -667.242394 104.568584
60.600000 1.999180 0.508221 -660.375833 107.309229
60.650000 1.991892 0.524981 -655.203510 109.683058
60.700000 2.000591 0.484707 -659.760706 108.466332
60.750000 1.993727 0.540378 -654.317308 111.273761
60.800000 2.000989 0.800924 -626.100360 142.279463
60.850000 1.994830 0.823448 -625.797025 140.217624
60.900000 2.016845 0.833168 -624.811558 149.656764
60.950000 1.998849 0.600070 -651.071547 116.486611
61.000000 2.013555 0.619235 -652.319574 120.885679
61.050000 1.987441 0.653869 -653.695914 109.481459
61.100000 2.005962 0.894721 -627.884345 142.405158
61.150000 2.013141 0.461316 -676.656145 96.390179
61.200000 1.981759 0.594725 -657.576877 103.418722
61.250000 2.007540 0.871899 -628.099604 142.795753
61.300000 2.000848 0.806506 -630.995814 137.329741
61.350000 2.000043 0.569362 -658.303408 109.713114
61.400000 1.997975 0.883804 -614.895101 152.327364
61.450000 1.982604 0.760021 -624.485404 136.834705
61.500000 2.007195 0.621705 -633.036803 137.725940
61.550000 1.991657 0.526917 -639.414809 125.381665
61.600000 2.012197 0.554434 -636.162622 136.520894
61.650000 1.998280 0.506645 -647.049421 120.290217
61.700000 1.988358 0.736168 -629.961368 133.568288
61.750000 2.005222 0.775416 -629.728112 140.276962
61.800000 2.005481 0.510275 -656.955276 113.149245
61.850000 2.001612 0.494227 -658.196284 110.422823
61.900000 1.992478 0.685288 -638.748266 126.363472
61.950000 2.007037 0.573982 -664.408708 106.293413
62.000000 1.975371 0.912782 -632.844402 125.698173
62.050000 2.019292 1.000087 -633.459438 141.948776
62.100000 1.996875 0.849397 -650.112057 116.687759
62.150000 1.986913 0.818485 -656.596299 106.378280
62.200000 2.025791 0.814050 -652.480921 125.422931
62.250000 1.998966 0.592720 -675.451265 92.151495
62.300000 1.993170 0.797079 -649.998570 115.378637
62.350000 2.011311 0.657676 -668.513389 103.829895
62.400000 2.005435 0.831583 -649.794828 120.292105
62.450000 1.995786 0.801585 -661.521402 104.860393
62.500000 1.999563 0.920395 -648.902854 118.929293
62.550000 2.005389 0.788290 -660.206729 109.862777
62.600000 2.000960 0.674594 -671.500537 96.867912
62.650000 2.001588 0.605013 -681.680137 86.929753
62.700000 1.990747 0.728506 -670.159378 94.287655
62.750000 2.000881 0.825228 -656.533641 111.804568
62.800000 1.995909 0.730780 -664.986223 101.442773
62.850000 2.006321 0.879595 -644.248875 126.178519
62.900000 2.002399 0.732175 -656.714401 112.206832
62.950000 1.996150 0.634625 -664.134309 102.387165
63.000000 2.006399 0.575590 -670.970411 99.486989
63.050000 1.994552 0.644894 -663.272624 102.635487
63.100000 1.995995 0.785739 -651.623899 114.838340
63.150000 2.006381 0.825237 -649.221291 121.229195
63.200000 2.006997 0.620566 -674.331811 96.355145
63.250000 1.997710 0.844150 -648.309132 118.811687
63.300000 2.001299 0.818786 -654.331442 114.167535
63.350000 2.003915 0.595597 -679.782225 89.721130
63.400000 1.995115 0.771533 -655.365300 110.758708
63.450000 2.008543 0.692899 -666.515937 104.764550
63.500000 1.991323 0.682423 -664.839624 99.828373
63.550000 1.992888 0.769963 -659.623742 105.645433
63.600000 2.004296 0.729103 -667.967494 101.682276
63.650000 2.003962 0.897405 -643.140009 126.381572
63.700000 2.001475 0.712591 -667.000223 101.566268
63.750000 2.000570 0.713124 -671.085357 97.133470
63.800000 2.003869 0.982807 -635.105725 134.379882
63.850000 2.011078 0.550612 -676.388589 95.865205
63.900000 2.002114 0.438803 -676.692739 92.119171
63.950000 2.005625 0.581453 -655.051835 115.108242
64.000000 1.991146 0.557892 -664.898649 99.701240
64.050000 1.998837 0.835085 -639.803406 127.750182
64.100000 2.020607 0.743236 -649.257655 126.655360
64.150000 2.002748 0.460424 -674.581276 94.474030
64.200000 1.987945 0.618717 -652.369376 111.001476
64.250000 2.014702 0.695795 -645.463592 128.182151
64.300000 1.997761 0.536805 -662.089451 105.050670
64.350000 2.013712 0.552810 -655.659169 117.606072
64.400000 1.990261 0.499772 -660.620776 103.639258
64.450000 2.007338 0.798328 -627.062926 143.754991
64.500000 2.011462 0.624565 -650.266655 122.134564
64.550000 2.003480 0.756745 -631.827988 137.508407
64.600000 1.987473 0.755582 -624.865450 138.324295
64.650000 2.006668 0.416152 -659.501857 111.058621
64.700000 1.987581 0.456617 -654.041733 109.189335
64.750000 1.990025 0.839607 -614.620492 149.549004
64.800000 1.998278 0.818281 -620.641016 146.697740
64.850000 1.996504 0.627333 -648.297800 118.359829
64.900000 2.013942 0.868282 -620.249680 153.104074
64.950000 1.981747 0.834027 -622.490274 138.500528
65.000000 2.017213 0.539251 -658.561127 116.048715
65.050000 1.989385 0.558551 -653.619780 110.303935
65.100000 1.991692 0.674920 -644.587665 120.222205
65.150000 2.004117 0.653509 -649.147723 120.433088
65.200000 2.008073 0.561044 -660.828467 110.271584
65.250000 1.988637 0.682349 -650.307733 113.328892
65.300000 2.003755 0.935085 -628.835500 140.606591
65.350000 1.999494 0.813899 -640.585145 127.220401
65.400000 1.991705 0.799305 -632.322091 132.492717
65.450000 1.996223 0.644943 -639.863192 126.686560
65.500000 2.005021 0.553555 -638.650779 131.277306
65.550000 2.003405 0.480056 -642.414584 126.892798
65.600000 1.995476 0.520940 -642.135368 124.127373
65.650000 1.997598 0.684150 -634.615955 132.461707
65.700000 2.002132 0.766147 -631.363050 137.455824
65.750000 2.017248 0.866033 -621.474398 153.148802
65.800000 1.998862 0.878479 -623.931000 143.631992
65.850000 2.005802 0.737290 -640.575008 129.652812
65.900000 2.000073 0.520871 -660.233055 107.795098
65.950000 1.982329 0.698568 -637.197130 124.017152
66.000000 1.992888 1.023847 -603.138913 162.130193
66.050000 2.010725 0.970462 -612.318295 159.800135
66.100000 2.006733 0.707483 -637.747949 132.837516
66.150000 2.008632 0.525905 -654.453713 116.861142
66.200000 1.990196 0.645514 -636.765632 127.469802
66.250000 2.003968 0.555084 -646.879662 122.643883
66.300000 1.990823 0.667822 -634.057446 130.418455
66.350000 2.006973 0.649715 -644.321083 126.356501
66.400000 2.005966 0.824524 -627.909198 142.381626
66.450000 2.007767 0.660088 -654.250296 116.732119
66.500000 1.979500 0.968405 -617.751866 142.376276
66.550000 2.006896 1.047304 -613.148082 157.499907
66.600000 2.010181 0.764542 -649.580357 122.328986
66.650000 1.998463 0.867835 -636.547747 130.861971
66.700000 2.002468 0.997412 -615.007035 153.940703
66.750000 2.001515 0.822027 -632.562093 136.019775
66.800000 1.999979 0.802487 -628.976582 139.015506
66.850000 2.000816 0.812785 -619.653982 148.659366
66.900000 2.004025 0.639903 -629.956785 139.588716
66.950000 1.998196 0.340022 -663.995110 103.312188
67.000000 1.988395 0.694569 -626.566096 136.977592
67.050000 2.006891 0.649537 -639.424687 131.221406
67.100000 1.997734 0.706429 -636.673711 130.456297
67.150000 2.009771 0.655836 -649.143524 122.608498
67.200000 2.001606 0.644446 -655.906370 112.710346
67.250000 1.997601 0.870749 -632.831382 134.247281
67.300000 1.996984 0.806340 -644.945911 121.896038
67.350000 2.008202 0.848753 -635.460117 135.689459
67.400000 2.007340 0.711365 -646.809452 124.008919
67.450000 1.987161 0.560587 -662.155244 100.914506
