# t Temp Pres Epot Etot
0.000000 1.996254 28.063349 -1441.486807 -674.925426
0.050000 1.990962 28.633872 -1416.089457 -651.560163
0.100000 1.984532 28.213786 -1432.341298 -670.281094
0.150000 1.971775 29.224647 -1389.708587 -632.546865
0.200000 2.028646 29.895668 -1360.042361 -581.042262
0.250000 1.982672 28.788942 -1411.618680 -650.272518
0.300000 2.008940 29.178031 -1391.463045 -620.030145
0.350000 1.977618 28.454301 -1419.971887 -660.566530
0.400000 1.986941 28.056260 -1443.696205 -680.710692
0.450000 2.017632 28.958551 -1403.222570 -628.451877
0.500000 2.001325 29.071766 -1395.341726 -626.833023
0.550000 2.003664 27.508384 -1468.159483 -698.752344
0.600000 1.980957 28.199223 -1433.492487 -672.804995
0.650000 1.961740 30.296992 -1338.025839 -584.717563
0.700000 2.011771 29.000804 -1400.857719 -628.337678
0.750000 2.021105 29.571172 -1376.547807 -600.443424
0.800000 2.001701 28.579277 -1415.099360 -646.446012
0.850000 2.003724 27.512706 -1463.445742 -694.015907
0.900000 1.983048 29.049017 -1393.822725 -632.332316
0.950000 2.021000 29.898493 -1358.373326 -582.309512
1.000000 2.016221 29.124486 -1392.602387 -618.373464
1.050000 1.984867 28.910222 -1401.302087 -639.112984
1.100000 2.040563 28.633533 -1418.020954 -634.444583
1.150000 1.976547 27.068288 -1483.336918 -724.342911
1.200000 2.003977 30.089954 -1349.299699 -579.772461
1.250000 2.026538 29.676781 -1371.331901 -593.141472
1.300000 1.957061 28.973565 -1395.843010 -644.331486
1.350000 2.010727 29.273522 -1390.093644 -617.974418
1.400000 1.968630 28.388208 -1426.436892 -670.482900
1.450000 2.021566 28.824118 -1409.711602 -633.430353
1.500000 1.987749 28.495239 -1423.888151 -660.592714
1.550000 2.014875 28.767257 -1408.447897 -634.735717
1.600000 2.005599 28.190191 -1437.894010 -667.743922
1.650000 1.982744 28.049975 -1442.383760 -681.010212
1.700000 2.062056 29.781398 -1368.318923 -576.489285
1.750000 2.031306 28.055588 -1443.626920 -663.605599
1.800000 1.968402 28.851173 -1404.650533 -648.784236
1.850000 2.015384 28.454723 -1425.344603 -651.437125
1.900000 1.979988 29.558465 -1372.812698 -612.497316
1.950000 1.994936 29.734212 -1365.683531 -599.628269
2.000000 1.980109 28.574163 -1415.027597 -654.665551
2.050000 2.006312 29.978101 -1357.714020 -587.290065
2.100000 1.983052 29.023542 -1400.164608 -638.672728
2.150000 1.994236 29.032206 -1397.592642 -631.806169
2.200000 2.054311 28.708071 -1415.991650 -627.136418
2.250000 2.010177 27.766914 -1452.940479 -681.032354
2.300000 1.993223 29.365570 -1379.603444 -614.205648
2.350000 2.023415 29.329340 -1383.356875 -606.365582
2.400000 1.989598 27.901642 -1447.171255 -683.165653
2.450000 2.005630 29.436163 -1377.874170 -607.712392
2.500000 2.000620 30.790147 -1320.456976 -552.218806
2.550000 2.028728 28.197074 -1436.168341 -657.136737
2.600000 1.968334 27.988907 -1445.240411 -689.400008
2.650000 1.999928 29.186624 -1391.014945 -623.042725
2.700000 2.020448 27.585965 -1465.036709 -689.184527
2.750000 1.975112 29.125502 -1392.480059 -634.037082
2.800000 2.004343 29.141720 -1396.148665 -626.480941
2.850000 2.020990 27.926597 -1447.946541 -671.886365
2.900000 1.997456 28.931344 -1402.314371 -635.291288
2.950000 1.975769 28.965369 -1398.966263 -640.270984
3.000000 2.029134 30.216548 -1348.915554 -569.728150
3.050000 2.010709 29.075092 -1397.013343 -624.901141
3.100000 1.992334 27.617529 -1459.943106 -694.886985
3.150000 1.990524 28.834583 -1407.219149 -642.857836
3.200000 1.983660 28.207575 -1435.843581 -674.118072
3.250000 1.983282 29.160398 -1391.839949 -630.259476
3.300000 1.973790 28.459244 -1427.619347 -669.683888
3.350000 2.041761 28.763370 -1413.082011 -629.045773
3.400000 1.978631 28.910162 -1405.515644 -645.721396
3.450000 2.021480 29.370657 -1382.124365 -605.876116
3.500000 2.009356 28.741698 -1409.836176 -638.243571
3.550000 1.996649 28.533125 -1418.762690 -652.049620
3.600000 1.979709 29.314628 -1383.683677 -623.475531
3.650000 2.019382 29.295534 -1388.572343 -613.129700
3.700000 1.998742 28.775215 -1411.367109 -643.850263
3.750000 2.001131 28.459594 -1425.789282 -657.354973
3.800000 1.983901 28.993367 -1396.253572 -634.435709
3.850000 2.041463 27.558345 -1465.333419 -681.411694
3.900000 1.973386 28.318521 -1430.479712 -672.699672
3.950000 2.006860 29.949595 -1354.895793 -584.261675
4.000000 2.006175 29.039589 -1398.282661 -627.911456
4.050000 1.996939 27.319004 -1474.681535 -707.856958
4.100000 2.032243 28.105987 -1442.070990 -661.689521
4.150000 2.007699 29.875904 -1358.715419 -587.758870
4.200000 2.007262 28.485033 -1422.308213 -651.519554
4.250000 2.013472 28.606215 -1419.759022 -646.585632
4.300000 2.011005 29.209965 -1384.783165 -612.557120
4.350000 1.975238 29.579248 -1369.846743 -611.355338
4.400000 1.973229 28.582002 -1418.076894 -660.357073
4.450000 1.999984 29.150137 -1395.160417 -627.166506
4.500000 2.014280 26.996508 -1489.204948 -715.721616
4.550000 2.011008 28.844738 -1408.024670 -635.797455
4.600000 1.972126 29.526109 -1373.036835 -615.740449
4.650000 1.990379 29.963339 -1353.408864 -589.103408
4.700000 1.977060 29.200891 -1390.179894 -630.988722
4.750000 1.979136 28.853908 -1403.945391 -643.957350
4.800000 1.987494 29.956499 -1354.919934 -591.722157
4.850000 1.993167 28.244631 -1433.441270 -668.065022
4.900000 1.998855 28.984610 -1399.249893 -631.689610
4.950000 1.967314 29.094094 -1391.819519 -636.370918
5.000000 1.959525 28.288083 -1429.269808 -676.812319
5.050000 2.052493 29.682817 -1369.295565 -581.138360
5.100000 1.986446 28.302606 -1429.243975 -666.448707
5.150000 1.990673 29.215363 -1385.965450 -621.547137
5.200000 1.980743 29.558785 -1374.495466 -613.890151
5.250000 2.012422 28.102261 -1441.612345 -668.842459
5.300000 1.978175 29.634242 -1368.668730 -609.049549
5.350000 1.986814 29.274324 -1390.856010 -627.919377
5.400000 2.000132 29.880296 -1362.922275 -594.871670
5.450000 2.039589 29.633700 -1372.637534 -589.435317
5.500000 1.989750 28.452493 -1423.400800 -659.336734
5.550000 2.007532 28.213343 -1434.402526 -663.510416
5.600000 2.025754 28.740358 -1412.349598 -634.460097
5.650000 1.995313 28.260257 -1430.472637 -664.272484
5.700000 1.969416 28.533640 -1419.419001 -663.163162
5.750000 1.983413 29.346580 -1383.736517 -622.105986
5.800000 1.989711 28.499249 -1421.275473 -657.226598
5.850000 2.020855 28.128870 -1438.051149 -662.042717
5.900000 1.982139 28.713096 -1410.925240 -649.783732
5.950000 1.998573 28.390481 -1424.661738 -657.209734
6.000000 1.993987 30.403540 -1335.392232 -569.701170
6.050000 1.995980 28.281668 -1427.925352 -661.469109
6.100000 2.012033 29.448621 -1379.428440 -606.807753
6.150000 2.003254 28.977936 -1399.035884 -629.786239
6.200000 2.026992 28.058557 -1442.106977 -663.742207
6.250000 1.976946 29.018600 -1396.160024 -637.012946
6.300000 1.996886 28.372781 -1427.969507 -661.165146
6.350000 1.988049 29.752427 -1363.806629 -600.395730
6.400000 1.969852 29.768677 -1363.557735 -607.134576
6.450000 1.999169 28.496550 -1422.678279 -654.997345
6.500000 2.000339 28.010205 -1444.064114 -675.933938
6.550000 2.000580 28.274092 -1435.480718 -667.258065
6.600000 1.989906 29.882215 -1357.636511 -593.512534
6.650000 2.017412 29.570039 -1375.018050 -600.331782
6.700000 1.952862 27.850864 -1449.131522 -699.232689
6.750000 2.017733 28.184936 -1435.909915 -661.100497
6.800000 1.994458 30.203375 -1344.130518 -578.258630
6.850000 1.994978 28.257464 -1433.607461 -667.535808
6.900000 2.007286 28.081623 -1441.699696 -670.901837
6.950000 1.990728 28.644919 -1416.258240 -651.818568
7.000000 2.031523 29.087610 -1399.773464 -619.668702
7.050000 1.989234 28.025808 -1445.423566 -681.557772
7.100000 2.011448 30.431678 -1338.090775 -565.694696
7.150000 2.014452 29.095052 -1393.629576 -620.079876
7.200000 2.022366 27.733974 -1457.075656 -680.487178
7.250000 2.008496 28.342989 -1430.532863 -659.270426
7.300000 2.017348 28.552769 -1422.840717 -648.179214
7.350000 2.032911 28.402807 -1426.772236 -646.134399
7.400000 1.992624 29.401911 -1379.760586 -614.593137
7.450000 1.979125 29.213768 -1389.493497 -629.509581
7.500000 1.999266 17.187163 -1544.062783 -776.344689
7.550000 2.005456 17.639217 -1523.679398 -753.584214
7.600000 1.962975 18.758840 -1469.300887 -715.518319
7.650000 2.040193 18.521631 -1483.332137 -699.897915
7.700000 2.011800 17.457313 -1532.071447 -759.540205
7.750000 2.007832 17.753458 -1518.022877 -747.015504
7.800000 1.974938 17.017939 -1552.054617 -793.678515
7.850000 1.986109 18.583125 -1481.322890 -718.656955
7.900000 2.035564 18.299600 -1498.706740 -717.050130
7.950000 1.988305 17.207132 -1543.746320 -780.237050
8.000000 1.980134 17.870832 -1512.926168 -752.554773
8.050000 2.021752 16.507549 -1580.239877 -803.887120
8.100000 1.966146 18.353710 -1488.145709 -733.145634
8.150000 1.986869 17.900752 -1512.520429 -749.562776
8.200000 1.996145 17.358948 -1535.646124 -769.126388
8.250000 1.972806 17.627670 -1523.297278 -765.739608
8.300000 2.013721 16.240798 -1589.875315 -816.606356
8.350000 1.983968 17.712621 -1515.985853 -754.142308
8.400000 2.008834 16.812603 -1564.511121 -793.118887
8.450000 1.983198 18.207672 -1494.797695 -733.249777
8.500000 2.022156 19.157781 -1451.197687 -674.689675
8.550000 2.002088 18.500793 -1477.941890 -709.140081
8.600000 2.005341 19.088704 -1452.736849 -682.685796
8.650000 1.996310 16.512891 -1577.767959 -811.185089
8.700000 2.006725 16.934878 -1559.825854 -789.243631
8.750000 2.019807 17.233731 -1542.496682 -766.890683
8.800000 1.993712 16.859608 -1560.062243 -794.476696
8.850000 1.988073 17.120167 -1547.105832 -783.685786
8.900000 1.965881 16.468479 -1576.347346 -821.449132
8.950000 2.014474 18.278854 -1494.387862 -720.829797
9.000000 2.001478 18.830275 -1466.395548 -697.828109
9.050000 2.016486 18.268356 -1491.601053 -717.270382
9.100000 1.995803 17.566782 -1522.654600 -756.266085
9.150000 2.009611 16.535624 -1575.285123 -803.594522
9.200000 2.025602 18.905968 -1465.335471 -687.504319
9.250000 2.012761 17.092757 -1549.745420 -776.845050
9.300000 1.978725 17.425419 -1532.872431 -773.042126
9.350000 1.996146 17.979337 -1501.588126 -735.068019
9.400000 1.961461 18.753477 -1467.398739 -714.197866
9.450000 2.023930 17.511922 -1537.308380 -760.119354
9.500000 1.974266 19.162811 -1450.228941 -692.110649
9.550000 2.043013 16.963674 -1557.421602 -772.904669
9.600000 1.965526 17.242507 -1542.732224 -787.970308
9.650000 2.048475 16.764045 -1569.504476 -782.890187
9.700000 1.967398 18.305699 -1490.352169 -734.871284
9.750000 2.059377 18.200912 -1499.902832 -709.102017
9.800000 1.970006 17.820267 -1511.408916 -754.926509
9.850000 1.998314 18.247525 -1493.352051 -725.999456
9.900000 2.019002 18.719436 -1476.491111 -701.194465
9.950000 1.998536 17.609645 -1523.365814 -755.927997
10.000000 1.976895 17.471734 -1531.310220 -772.182452
10.050000 2.018079 18.512200 -1482.906487 -707.963990
10.100000 2.000554 17.586327 -1524.326042 -756.113478
10.150000 1.993825 18.466921 -1481.199741 -715.570953
10.200000 2.003168 17.878093 -1515.436148 -746.219768
10.250000 2.000518 18.332833 -1487.901753 -719.702847
10.300000 1.992787 18.977353 -1453.235723 -688.005519
10.350000 2.023091 17.522373 -1528.397525 -751.530510
10.400000 2.009002 17.089861 -1548.737355 -777.280681
10.450000 1.988114 16.160084 -1593.325336 -829.889387
10.500000 1.973994 18.075710 -1500.265724 -742.252212
10.550000 2.018110 18.736959 -1472.319430 -697.365044
10.600000 2.014670 17.552942 -1526.426415 -752.793117
10.650000 1.974350 17.362743 -1534.869687 -776.719143
10.700000 2.002303 17.367168 -1536.513846 -767.629465
10.750000 1.977880 18.871843 -1465.243942 -705.738118
10.800000 1.972986 17.987386 -1511.870442 -754.243850
10.850000 1.993656 18.644118 -1478.022825 -712.458948
10.900000 2.013620 17.345289 -1540.365144 -767.134961
10.950000 2.011671 17.995974 -1508.340455 -735.858890
11.000000 2.002747 15.953229 -1603.636274 -834.581575
11.050000 2.001762 18.016527 -1504.841983 -736.165352
11.100000 2.019402 16.211234 -1587.897296 -812.447088
11.150000 1.964109 18.646124 -1472.930162 -718.712352
11.200000 1.995808 17.690956 -1521.606987 -755.216873
11.250000 2.015422 17.463785 -1532.218019 -758.295919
11.300000 2.006603 17.820301 -1515.158027 -744.622449
11.350000 1.996441 17.370511 -1536.352886 -769.719451
11.400000 2.007280 17.904094 -1510.187037 -739.391546
11.450000 2.014225 17.485979 -1533.381960 -759.919468
11.500000 2.015983 18.174755 -1500.400430 -726.262997
11.550000 1.971557 16.734278 -1563.563077 -806.485001
11.600000 2.005974 18.374183 -1488.415537 -718.121409
11.650000 2.021128 18.123200 -1499.777744 -723.664729
11.700000 2.011736 18.333409 -1490.390589 -717.884112
11.750000 2.002125 17.896399 -1506.993841 -738.177984
11.800000 1.989542 17.918933 -1508.052262 -744.068278
11.850000 2.011604 17.581328 -1523.308614 -750.852487
11.900000 1.989396 17.437776 -1531.076932 -767.148699
11.950000 1.982730 17.610720 -1523.250680 -761.882262
12.000000 1.976024 17.819716 -1512.206039 -753.412985
12.050000 1.988815 19.640827 -1430.349465 -666.644455
12.100000 2.018756 17.927681 -1509.845318 -734.643039
12.150000 1.986437 18.928632 -1459.543327 -696.751662
12.200000 2.007472 17.470580 -1531.884168 -761.014860
12.250000 2.004007 18.370828 -1485.407073 -715.868554
12.300000 1.994189 17.248723 -1537.012133 -771.243516
12.350000 2.000811 18.379295 -1483.489873 -715.178315
12.400000 2.020181 17.335567 -1537.779885 -762.030486
12.450000 1.982858 17.329001 -1538.036911 -776.619417
12.500000 1.991795 17.525456 -1526.277389 -761.428008
12.550000 1.987372 16.993413 -1555.130587 -791.979782
12.600000 2.008689 17.148180 -1547.432125 -776.095385
12.650000 1.985946 17.817481 -1512.207338 -749.604040
12.700000 2.011234 18.595770 -1480.905061 -708.591098
12.750000 1.981280 17.893059 -1507.069243 -746.257885
12.800000 1.996558 19.119605 -1453.243101 -686.564839
12.850000 2.000645 18.775786 -1473.656698 -705.408939
12.900000 1.999490 18.723390 -1473.189273 -705.385274
12.950000 2.036600 19.021712 -1456.689412 -674.634956
13.000000 1.993318 18.315050 -1491.349937 -725.915863
13.050000 2.004059 17.408760 -1532.330780 -762.771998
13.100000 2.000406 16.927798 -1556.374792 -788.218916
13.150000 2.006512 17.175102 -1543.906997 -773.406228
13.200000 1.982572 17.842583 -1511.384387 -750.076834
13.250000 2.021898 17.600026 -1523.400563 -746.991579
13.300000 2.025154 16.779776 -1563.088160 -785.428870
13.350000 1.965595 17.464057 -1527.874592 -773.086087
13.400000 2.012318 17.844765 -1513.679889 -740.949688
13.450000 2.008288 16.930357 -1560.848214 -789.665647
13.500000 1.997489 17.975079 -1505.899226 -738.863532
13.550000 1.986041 17.982459 -1508.593785 -745.954140
13.600000 2.019012 17.815925 -1516.457644 -741.157031
13.650000 1.998633 17.373799 -1536.585065 -769.109945
13.700000 2.013378 17.736869 -1519.808919 -746.671682
13.750000 2.005450 16.708750 -1569.118481 -799.025524
13.800000 2.022123 16.616622 -1570.445767 -793.950569
13.850000 1.978555 16.841424 -1560.339775 -800.574659
13.900000 1.995848 17.383222 -1535.078203 -768.672492
13.950000 2.026906 17.258120 -1541.644663 -763.312615
14.000000 1.986759 19.188448 -1449.207304 -686.291773
14.050000 2.024258 17.934329 -1509.959339 -732.644165
14.100000 2.037333 19.217958 -1447.255495 -664.919629
14.150000 1.973074 17.532034 -1529.226996 -771.566452
14.200000 2.013632 17.376173 -1539.254645 -766.019987
14.250000 2.015290 18.270705 -1493.468679 -719.597382
14.300000 2.009614 16.570726 -1569.156614 -797.464924
14.350000 1.988924 17.198925 -1546.470880 -782.724161
14.400000 1.998631 16.883511 -1558.691639 -791.217486
14.450000 1.967727 18.238098 -1490.169642 -734.562419
14.500000 2.017656 18.008262 -1508.370636 -733.590641
14.550000 1.997788 17.046614 -1551.094717 -783.943947
14.600000 1.988446 17.902952 -1509.865562 -746.302273
14.650000 1.967283 19.107124 -1449.826727 -694.389970
14.700000 2.029593 18.460359 -1486.530576 -707.166991
14.750000 2.037088 17.592455 -1526.926239 -744.684429
14.800000 2.002299 17.721535 -1515.578284 -746.695539
14.850000 1.988041 16.056254 -1593.277441 -829.869552
14.900000 2.013693 16.408082 -1580.333618 -807.075356
14.950000 1.994898 17.082807 -1544.715201 -778.674493
15.000000 1.988603 15.142244 -1293.017462 -529.393744
15.050000 2.010771 16.011844 -1253.205013 -481.068973
15.100000 1.999262 15.854599 -1263.973808 -496.257370
15.150000 2.003242 16.140936 -1239.868831 -470.624003
15.200000 1.992864 15.889530 -1258.073731 -492.814125
15.250000 1.989653 15.853048 -1260.992139 -496.965415
15.300000 1.993601 15.761394 -1268.587308 -503.044403
15.350000 2.011591 15.048918 -1304.767514 -532.316403
15.400000 2.019480 14.980573 -1309.553939 -534.073777
15.450000 1.975078 15.795247 -1264.043195 -505.613262
15.500000 2.037738 15.540748 -1279.716929 -497.225407
15.550000 2.014321 15.501127 -1282.287588 -508.788396
15.600000 1.992796 15.015589 -1304.585794 -539.352188
15.650000 1.995177 15.023131 -1301.382864 -535.235052
15.700000 1.992592 14.233978 -1343.932410 -578.777099
15.750000 2.053258 14.767963 -1312.867876 -524.416619
15.800000 2.026302 15.372088 -1282.026223 -503.926323
15.850000 1.985837 14.942729 -1309.476701 -546.915169
15.900000 2.013345 14.595135 -1328.502948 -555.378392
15.950000 1.998223 14.536037 -1329.728136 -562.410639
16.000000 1.980575 15.137725 -1296.442098 -535.901254
16.050000 2.017739 14.576871 -1331.158125 -556.346353
16.100000 2.006719 14.587903 -1323.344679 -552.764631
16.150000 1.969530 14.719274 -1308.990600 -552.691102
16.200000 1.978552 15.739179 -1266.029329 -506.265364
16.250000 1.998414 14.810245 -1312.987165 -545.596266
16.300000 1.991378 13.863890 -1362.069347 -597.380296
16.350000 2.028183 14.746756 -1309.791376 -530.969021
16.400000 2.019492 13.142778 -1390.765098 -615.280287
16.450000 1.949390 14.366502 -1326.876919 -578.311049
16.500000 2.007351 15.200803 -1294.019241 -523.196520
16.550000 1.997925 14.369335 -1334.282997 -567.079711
16.600000 2.012473 15.226585 -1289.181531 -516.391946
16.650000 2.022468 15.127755 -1292.995153 -516.367379
16.700000 1.985513 14.912376 -1303.017771 -540.580588
16.750000 2.006745 14.784980 -1312.311844 -541.721837
16.800000 1.985915 15.019879 -1295.696948 -533.105637
16.850000 1.999884 12.921745 -1405.123224 -637.167757
16.900000 2.008728 14.330526 -1333.163314 -561.811879
16.950000 1.987739 14.428826 -1330.513774 -567.221991
17.000000 1.967408 15.007660 -1291.814931 -536.330102
17.050000 1.980967 15.933209 -1245.295558 -484.604055
17.100000 1.966047 15.709864 -1262.811452 -507.849411
17.150000 1.996331 15.120547 -1291.695499 -525.104325
17.200000 2.026970 15.719393 -1262.548269 -484.191932
17.250000 2.018407 15.139411 -1295.295173 -520.226929
17.300000 2.034010 14.806576 -1317.875339 -536.815547
17.350000 1.993565 14.733521 -1315.710506 -550.181439
17.400000 1.990902 14.535859 -1325.778745 -561.272262
17.450000 1.981572 14.802832 -1310.734637 -549.811086
17.500000 2.000388 15.031271 -1302.772109 -534.622960
17.550000 1.993938 17.001504 -1195.997396 -430.325252
17.600000 2.013278 14.936457 -1309.072961 -535.974219
17.650000 2.024925 14.672819 -1327.922885 -550.351733
17.700000 1.977001 15.642601 -1271.760461 -512.591990
17.750000 2.002861 15.238804 -1294.849628 -525.751136
17.800000 1.994372 16.153488 -1247.486406 -481.647458
17.850000 2.028207 15.868029 -1258.847882 -480.016218
17.900000 1.973300 14.686056 -1318.562836 -560.815771
17.950000 2.010262 15.794337 -1265.635197 -493.694637
18.000000 2.022618 15.282878 -1283.907038 -507.221682
18.050000 1.967178 15.673864 -1262.338801 -506.942526
18.100000 2.018397 15.557582 -1272.872580 -497.807965
18.150000 1.981433 14.694856 -1320.038429 -559.168201
18.200000 2.044593 14.401662 -1335.097876 -549.974008
18.250000 1.972300 14.411399 -1323.606191 -566.242842
18.300000 1.989533 14.557139 -1319.517011 -555.536443
18.350000 1.984056 14.262526 -1343.345851 -581.468502
18.400000 1.979805 15.227465 -1291.920805 -531.675657
18.450000 1.987730 15.025691 -1302.248931 -538.960701
18.500000 1.996696 15.989268 -1250.480837 -483.749673
18.550000 1.997627 15.435289 -1280.659851 -513.570939
18.600000 1.982577 15.513601 -1278.974255 -517.664678
18.650000 2.016625 14.878524 -1307.982607 -533.598650
18.700000 1.972595 15.094822 -1291.764539 -534.287895
18.750000 1.990200 14.874917 -1312.444813 -548.207970
18.800000 2.023666 15.875447 -1260.999837 -483.912061
18.850000 1.984502 14.933401 -1308.521658 -546.472699
18.900000 2.030520 14.896251 -1314.950357 -535.230701
18.950000 1.997611 15.242873 -1289.034932 -521.952457
19.000000 2.014865 14.557960 -1325.915987 -552.207849
19.050000 1.994626 15.528894 -1267.961892 -502.025504
19.100000 1.992218 15.473125 -1273.318138 -508.306464
19.150000 2.021498 15.927586 -1258.626189 -482.370847
19.200000 2.025513 15.206668 -1292.812042 -515.015241
19.250000 2.022510 15.125778 -1290.702608 -514.058828
19.300000 1.980786 14.891762 -1303.914934 -543.293074
19.350000 1.998903 15.379936 -1290.050960 -522.472027
19.400000 1.999381 14.391897 -1340.966824 -573.204683
19.450000 1.991134 15.036530 -1298.589286 -533.993753
19.500000 2.023297 13.268070 -1392.120457 -615.174418
19.550000 1.975678 14.928457 -1306.703025 -548.042494
19.600000 2.003581 15.383432 -1283.545659 -514.170415
19.650000 1.972576 15.770957 -1258.941013 -501.471775
19.700000 2.019459 16.187107 -1242.416819 -466.944491
19.750000 1.995212 15.573387 -1275.685550 -509.524106
19.800000 2.020344 15.975584 -1257.026472 -481.214213
19.850000 2.032351 16.488261 -1226.833248 -446.410338
19.900000 2.000601 15.775807 -1259.729793 -491.499090
19.950000 2.004324 15.265684 -1291.048400 -521.388099
20.000000 2.005634 15.640291 -1269.028307 -498.864754
20.050000 2.009182 14.940677 -1311.208807 -539.683049
20.100000 1.989170 15.404250 -1290.002025 -526.160932
20.150000 1.987749 15.710361 -1273.205934 -509.910471
20.200000 2.007476 16.197397 -1239.476697 -468.605834
20.250000 2.018157 15.032364 -1303.072283 -528.100049
20.300000 2.014594 14.884052 -1312.171724 -538.567549
20.350000 1.982711 15.740576 -1265.053159 -503.692314
20.400000 1.988569 14.882735 -1309.573335 -545.962962
20.450000 2.026250 14.580383 -1325.027400 -546.947398
20.500000 2.010815 15.521568 -1282.079862 -509.926976
20.550000 1.974578 15.944727 -1257.572689 -499.334620
20.600000 2.023949 15.317967 -1296.462867 -519.266416
20.650000 1.956224 16.187377 -1247.448046 -496.258134
20.700000 2.004716 16.716410 -1216.372785 -446.561843
20.750000 1.999922 15.683019 -1269.050307 -501.080231
20.800000 1.966502 17.008711 -1196.564207 -441.427317
20.850000 2.012974 15.575813 -1274.962043 -501.980032
20.900000 1.997400 15.658226 -1271.897888 -504.896106
20.950000 1.997085 15.784591 -1271.158495 -504.277798
21.000000 2.019256 15.858359 -1264.426221 -489.032084
21.050000 1.976993 17.296933 -1183.379602 -424.214198
21.100000 2.040021 16.388472 -1231.969435 -448.601229
21.150000 1.980331 15.656466 -1267.975593 -507.528664
21.200000 2.005109 15.855105 -1255.863640 -485.901924
21.250000 2.040875 13.810525 -1364.302930 -580.606881
21.300000 1.958524 15.746472 -1261.245256 -509.172111
21.350000 2.018993 15.655865 -1276.273359 -500.980101
21.400000 1.993164 15.046158 -1305.295516 -539.920659
21.450000 2.018877 14.558068 -1323.902970 -548.654105
21.500000 1.999789 14.657557 -1322.773345 -554.854511
21.550000 1.976780 15.176414 -1297.185962 -538.102570
21.600000 1.989925 15.614053 -1277.891916 -513.760828
21.650000 2.005203 16.371822 -1237.805910 -467.808013
21.700000 1.976686 17.553390 -1174.801689 -415.754366
21.750000 1.977627 17.173746 -1196.639673 -437.230868
21.800000 2.010154 15.236992 -1293.548607 -521.649469
21.850000 2.022067 15.271997 -1288.988296 -512.514611
21.900000 1.994536 14.696525 -1310.337769 -544.435806
21.950000 1.985517 16.020969 -1243.970559 -481.532087
22.000000 2.008980 16.155623 -1243.483092 -472.034959
22.050000 1.962204 14.946856 -1303.630890 -550.144520
22.100000 2.031802 15.662522 -1267.588946 -487.376812
22.150000 2.004392 15.426607 -1286.053025 -516.366330
22.200000 2.010799 15.955720 -1258.750493 -486.603527
22.250000 2.005058 15.758225 -1262.007529 -492.065425
22.300000 2.014806 15.513308 -1274.000453 -500.314899
22.350000 1.987450 15.378126 -1284.562304 -521.381680
22.400000 2.018081 15.001032 -1304.562179 -529.619151
22.450000 1.996627 15.211069 -1295.787277 -529.082385
22.500000 1.985453 10.653195 -1209.159988 -446.745972
22.550000 2.013510 9.673446 -1262.304081 -489.116134
22.600000 2.007052 9.715044 -1247.682900 -476.974924
22.650000 1.993027 9.639005 -1256.887730 -491.565529
22.700000 2.014650 8.716570 -1310.102873 -536.477310
22.750000 1.990802 8.965053 -1293.629476 -529.161684
22.800000 2.002129 8.755639 -1305.855163 -537.037481
22.850000 2.002237 8.995255 -1289.245231 -520.386325
22.900000 1.984360 9.949178 -1245.268206 -483.274118
22.950000 2.025082 10.154040 -1241.968829 -464.337157
23.000000 2.007125 9.632680 -1264.580754 -493.844929
23.050000 2.009345 9.776706 -1247.418850 -475.830189
23.100000 2.020503 8.467928 -1325.022725 -549.149738
23.150000 1.983887 8.737393 -1311.873996 -550.061541
23.200000 2.018433 9.155958 -1288.752364 -513.674248
23.250000 1.990737 9.131268 -1280.407686 -515.964610
23.300000 1.983299 8.645733 -1313.831674 -552.244732
23.350000 2.011692 8.611154 -1324.485251 -551.995356
23.400000 1.968948 9.282629 -1286.837397 -530.761311
23.450000 1.999194 9.425497 -1277.070368 -509.379895
23.500000 1.990397 8.920614 -1303.849340 -539.537034
23.550000 2.005294 8.880919 -1304.429258 -534.396356
23.600000 1.994769 8.982665 -1296.059190 -530.067888
23.650000 2.000502 8.787895 -1307.537561 -539.344811
23.700000 1.991957 8.928717 -1295.458372 -530.546833
23.750000 1.975162 9.063042 -1288.571752 -530.109390
23.800000 2.023585 9.096178 -1285.200239 -508.143408
23.850000 2.004793 8.001850 -1342.207004 -572.366483
23.900000 1.987814 8.378581 -1319.391822 -556.071186
23.950000 2.000395 9.751100 -1246.884400 -478.732552
24.000000 1.978826 9.429969 -1268.425403 -508.556189
24.050000 2.005269 10.352217 -1214.162667 -444.139260
24.100000 1.990377 8.536675 -1318.385944 -554.081284
24.150000 2.000890 8.900145 -1299.888166 -531.546369
24.200000 1.978630 8.961179 -1294.367377 -534.573345
24.250000 1.980702 9.573635 -1261.540481 -500.950855
24.300000 2.021134 8.529036 -1329.633720 -553.518299
24.350000 1.995256 9.465748 -1268.895899 -502.717510
24.400000 1.996000 8.548661 -1314.260470 -547.796334
24.450000 1.995115 8.518486 -1316.314238 -550.190057
24.500000 2.028115 8.811174 -1301.858447 -523.062252
24.550000 1.986709 8.663925 -1311.207334 -548.310991
24.600000 1.987799 9.393564 -1270.404062 -507.089272
24.650000 2.005194 9.507322 -1270.288760 -500.294261
24.700000 2.020888 9.198960 -1286.118533 -510.097415
24.750000 1.980032 9.024113 -1291.636844 -531.304500
24.800000 2.029888 8.600050 -1320.488386 -541.011419
24.850000 1.993732 9.184325 -1284.169101 -518.576054
24.900000 2.002825 9.313175 -1278.381483 -509.296827
24.950000 1.988169 9.801067 -1245.201640 -481.744648
25.000000 2.009648 8.394895 -1330.306174 -558.601403
25.050000 2.001057 8.294526 -1339.282550 -570.876722
25.100000 1.987411 9.283422 -1278.683165 -515.517462
25.150000 1.995362 8.826180 -1305.041556 -538.822544
25.200000 2.001015 9.577640 -1260.635160 -492.245341
25.250000 2.008967 9.341299 -1280.077046 -508.633664
25.300000 1.998092 9.570310 -1270.062458 -502.795259
25.350000 1.996775 10.639105 -1207.145240 -440.383564
25.400000 2.003052 11.878605 -1136.504834 -367.332683
25.450000 1.980586 10.182637 -1241.565280 -481.020258
25.500000 2.013530 9.057913 -1299.839422 -526.643723
25.550000 2.006314 8.491388 -1315.000406 -544.575789
25.600000 2.006141 8.179073 -1334.813524 -564.455234
25.650000 1.978876 9.290898 -1273.364256 -513.475756
25.700000 1.998538 8.607659 -1311.304873 -543.866458
25.750000 2.002671 9.110302 -1279.564007 -510.538528
25.800000 1.993254 8.407585 -1319.582436 -554.172723
25.850000 2.014571 7.917745 -1353.967345 -580.372160
25.900000 1.990139 8.422718 -1325.883936 -561.670530
25.950000 1.984895 9.473914 -1266.113314 -503.913564
26.000000 2.021514 9.395160 -1276.666653 -500.405365
26.050000 1.980200 9.462824 -1280.264531 -519.867919
26.100000 2.022068 8.865160 -1309.595714 -533.121616
26.150000 1.988320 8.760300 -1307.616795 -544.102082
26.200000 2.007181 9.423402 -1269.097050 -498.339605
26.250000 2.028400 9.229921 -1286.272405 -507.366870
26.300000 1.998450 9.390924 -1278.625673 -511.220791
26.350000 2.001116 8.975524 -1300.882777 -532.454187
26.400000 1.998604 10.092522 -1238.169599 -470.705801
26.450000 2.009749 9.526697 -1274.633589 -502.889818
26.500000 1.999218 9.716579 -1261.509539 -493.809973
26.550000 2.004710 8.973226 -1303.643928 -533.835249
26.600000 2.003518 9.436157 -1273.176691 -503.825687
26.650000 2.000945 9.084829 -1285.874313 -517.511616
26.700000 2.032747 8.340739 -1328.457941 -547.883024
26.750000 1.951129 9.037368 -1289.767087 -540.533386
26.800000 1.996148 9.457221 -1277.840354 -511.319375
26.850000 2.001725 9.251003 -1278.529360 -509.867080
26.900000 1.997018 9.337368 -1263.023217 -496.168434
26.950000 1.970314 10.039235 -1228.174535 -471.574010
27.000000 2.049036 9.709917 -1248.679331 -461.849696
27.050000 2.008937 8.119733 -1341.663803 -570.231992
27.100000 1.983281 7.607526 -1370.563182 -608.983239
27.150000 1.975062 9.786909 -1248.283484 -489.859535
27.200000 2.030875 8.675729 -1321.010136 -541.154017
27.250000 2.009439 9.134239 -1286.294985 -514.670331
27.300000 1.995612 8.516147 -1325.439345 -559.124434
27.350000 1.994851 10.629975 -1201.351684 -435.328868
27.400000 2.009493 8.668583 -1315.751298 -544.105960
27.450000 1.984854 8.785061 -1306.256973 -544.072901
27.500000 2.002682 9.393677 -1272.868796 -503.838802
27.550000 2.008993 9.762499 -1253.432126 -481.978794
27.600000 1.989246 8.690590 -1311.265103 -547.394714
27.650000 2.027856 9.627931 -1258.877972 -480.181076
27.700000 2.003419 8.665798 -1324.305093 -554.992219
27.750000 1.996621 8.768006 -1315.964334 -549.261911
27.800000 1.966577 9.245980 -1283.161921 -527.996228
27.850000 2.015600 8.935683 -1301.162307 -527.171776
27.900000 1.997171 8.863537 -1305.258199 -538.344480
27.950000 2.007277 10.298601 -1221.333324 -450.538787
28.000000 1.983851 9.253835 -1276.514435 -514.715514
28.050000 2.010461 9.631188 -1254.786076 -482.769009
28.100000 1.999977 9.022232 -1292.593507 -524.602184
28.150000 2.000057 9.754507 -1254.656745 -486.634746
28.200000 2.018549 9.188904 -1287.859519 -512.736677
28.250000 1.988736 9.217570 -1286.548680 -522.874087
28.300000 1.993304 8.831780 -1302.436033 -537.007156
28.350000 1.989264 9.124507 -1284.046854 -520.169527
28.400000 1.994758 8.371875 -1330.878354 -564.891401
28.450000 1.985627 8.767043 -1297.422180 -534.941227
28.500000 2.000799 8.939656 -1293.353602 -525.046804
28.550000 1.982184 10.053396 -1239.329912 -478.171417
28.600000 1.991788 9.699854 -1258.194641 -493.348129
28.650000 2.019999 9.081217 -1293.897656 -518.218174
28.700000 1.979675 9.734407 -1254.547531 -494.352304
28.750000 2.000391 10.218787 -1227.422352 -459.272127
28.800000 1.988100 10.095221 -1235.107543 -471.677291
28.850000 2.017896 9.448634 -1271.374538 -496.502524
28.900000 2.043285 9.216468 -1278.916664 -494.295046
28.950000 1.984690 8.901767 -1289.654210 -527.533187
29.000000 2.005458 9.341866 -1273.668934 -503.573213
29.050000 2.008074 9.272390 -1281.651773 -510.551511
29.100000 1.993765 9.039673 -1294.729116 -529.123277
29.150000 2.063295 9.103227 -1293.835088 -501.529876
29.200000 1.998360 8.373605 -1322.857473 -555.487358
29.250000 1.993577 8.847545 -1293.570546 -528.036958
29.300000 2.017276 8.276488 -1335.872982 -561.238853
29.350000 1.974943 9.471285 -1258.940868 -500.562787
29.400000 2.001858 8.536141 -1317.992099 -549.278524
29.450000 1.985444 8.553859 -1318.988957 -556.578635
29.500000 2.001152 8.966596 -1293.742085 -525.299791
29.550000 1.996668 8.332148 -1333.581186 -566.860803
29.600000 1.976469 8.931400 -1305.492823 -546.528576
29.650000 1.994826 9.376698 -1281.566973 -515.553728
29.700000 1.987881 8.720451 -1312.070743 -548.724601
29.750000 2.009344 9.085799 -1288.717860 -517.129923
29.800000 2.013543 8.862561 -1303.921583 -530.720927
29.850000 2.003360 8.827623 -1307.669275 -538.378870
29.900000 1.996943 9.694994 -1259.741843 -492.915620
29.950000 2.008945 9.022296 -1301.433964 -529.999110
30.000000 1.980030 5.540384 -1196.513015 -436.181456
30.050000 1.997170 5.488216 -1209.576119 -442.662865
30.100000 1.977664 6.172612 -1167.896487 -408.473595
30.150000 2.004709 5.892381 -1184.796299 -414.987909
30.200000 2.000317 5.413481 -1207.201650 -439.079992
30.250000 1.988011 5.835307 -1179.625352 -416.229191
30.300000 1.987711 5.676346 -1194.383594 -431.102560
30.350000 1.995333 5.278670 -1217.887570 -451.679630
30.400000 2.012256 4.681047 -1250.631550 -477.925176
30.450000 1.989244 5.039963 -1228.015230 -464.145415
30.500000 2.005338 4.425186 -1268.091620 -498.041789
30.550000 1.994181 4.870618 -1236.457333 -470.691781
30.600000 1.993619 4.737272 -1250.054100 -484.504487
30.650000 1.997596 5.392879 -1216.060770 -448.983988
30.700000 2.008383 5.265131 -1227.865208 -456.646170
30.750000 1.987191 4.847374 -1249.300721 -486.219306
30.800000 2.018311 4.654133 -1255.314686 -480.283288
30.850000 2.001210 4.531641 -1261.354458 -492.889657
30.900000 1.984128 5.238361 -1216.494184 -454.589024
30.950000 2.003076 5.018511 -1234.639291 -465.458023
31.000000 1.996853 5.432424 -1210.908125 -444.116645
31.050000 2.017993 6.099482 -1170.249095 -395.339638
31.100000 1.968797 5.490492 -1201.730747 -445.712882
31.150000 2.013487 4.942467 -1240.155678 -466.976626
31.200000 2.000499 4.896521 -1233.155792 -464.964317
31.250000 1.976218 5.840145 -1175.893640 -417.026020
31.300000 2.017086 5.567924 -1197.465261 -422.904217
31.350000 1.980838 5.212806 -1225.171291 -464.529496
31.400000 1.997677 6.887506 -1124.750281 -357.642341
31.450000 2.005832 5.712895 -1201.172521 -430.933099
31.500000 2.000675 5.340528 -1218.440100 -450.181060
31.550000 1.982520 5.517248 -1200.462943 -439.175241
31.600000 1.998123 5.387344 -1209.773684 -442.494277
31.650000 1.996360 6.217476 -1161.546813 -394.944639
31.700000 2.014252 6.225918 -1162.649394 -389.176455
31.750000 1.993192 5.776604 -1191.059131 -425.673509
31.800000 1.998313 5.576264 -1208.942613 -441.590539
31.850000 2.012805 5.807365 -1195.615596 -422.698499
31.900000 1.973989 5.345193 -1227.837060 -469.825406
31.950000 2.016126 5.965139 -1190.339364 -416.146989
32.000000 2.010373 5.370667 -1223.293722 -451.310369
32.050000 1.974831 4.962147 -1244.525532 -486.190434
32.100000 2.004063 5.175897 -1228.480996 -458.920792
32.150000 1.976922 5.411959 -1210.114387 -450.976302
32.200000 2.030043 5.504790 -1202.867559 -423.331067
32.250000 1.987026 4.597890 -1257.423399 -494.405368
32.300000 2.016821 5.067087 -1231.063439 -456.604058
32.350000 1.994667 5.158875 -1231.893336 -465.941304
32.400000 1.995820 5.735162 -1203.580708 -437.185640
32.450000 1.999691 5.399763 -1222.710441 -454.829240
32.500000 1.976616 5.582917 -1204.921108 -445.900664
32.550000 2.009857 5.438294 -1211.232748 -439.447795
32.600000 2.019758 4.501099 -1263.351789 -487.764641
32.650000 1.991292 4.921422 -1233.643269 -468.987010
32.700000 2.006648 4.880701 -1238.998439 -468.445465
32.750000 1.981893 4.855619 -1233.700523 -472.653554
32.800000 2.024964 5.072973 -1218.602470 -441.016135
32.850000 2.024868 4.592837 -1240.605573 -463.056305
32.900000 1.966449 5.251880 -1205.471324 -450.354782
32.950000 2.014408 5.661480 -1189.514232 -415.981517
33.000000 2.028288 4.725142 -1242.974458 -464.112033
33.050000 1.977031 4.735457 -1242.875363 -483.695573
33.100000 1.995255 5.901098 -1182.612735 -416.434963
33.150000 2.004481 5.478383 -1214.992425 -445.271750
33.200000 2.031379 4.750465 -1254.147079 -474.097551
33.250000 2.009707 4.861397 -1240.238617 -468.511135
33.300000 1.960407 4.858889 -1233.980948 -481.184802
33.350000 2.011082 5.126122 -1223.161091 -450.905646
33.400000 1.997781 4.833048 -1246.643825 -479.496065
33.450000 1.995570 5.706112 -1197.260355 -430.961584
33.500000 2.000624 5.543284 -1211.109830 -442.870212
33.550000 1.996076 5.811097 -1187.843012 -421.349806
33.600000 1.964149 5.083131 -1231.617496 -477.384367
33.650000 2.030345 5.569357 -1211.872181 -432.219649
33.700000 1.995129 5.761404 -1194.964954 -428.835381
33.750000 2.020536 5.227183 -1223.478055 -447.592060
33.800000 1.996312 5.656479 -1197.254012 -430.670342
33.850000 2.019521 5.570569 -1207.584206 -432.088010
33.900000 2.018251 5.094297 -1235.668734 -460.660259
33.950000 2.012143 4.953071 -1241.601114 -468.938082
34.000000 1.992108 5.368968 -1206.403537 -441.434083
34.050000 1.966137 5.496757 -1200.059769 -445.063126
34.100000 2.011072 5.190978 -1227.785803 -455.534107
34.150000 2.005487 5.887228 -1181.020927 -410.913835
34.200000 2.006067 5.312471 -1219.440242 -449.110626
34.250000 1.998444 5.465650 -1206.620895 -439.218425
34.300000 1.989324 5.009420 -1235.284656 -471.384077
34.350000 2.013601 4.813738 -1249.938926 -476.716020
34.400000 1.984820 5.618973 -1198.449432 -436.278672
34.450000 2.011804 5.831700 -1187.137943 -414.605044
34.500000 1.967713 5.211146 -1218.590640 -462.989029
34.550000 2.015746 5.555304 -1198.171866 -424.125342
34.600000 1.991929 5.978637 -1173.719184 -408.818550
34.650000 2.025325 4.996000 -1237.039766 -459.314909
34.700000 1.992073 5.000695 -1235.057053 -470.100898
34.750000 2.011741 5.469937 -1209.135489 -436.626760
34.800000 2.019853 4.954290 -1237.441275 -461.817540
34.850000 1.987020 5.254123 -1208.099107 -445.083482
34.900000 2.005743 4.861363 -1237.338554 -467.133317
34.950000 1.988113 5.442419 -1206.599054 -443.163639
35.000000 2.017192 5.844570 -1188.829002 -414.227464
35.050000 1.999021 5.675859 -1195.711982 -428.088100
35.100000 1.979842 5.191177 -1224.379640 -464.120279
35.150000 1.991482 4.872594 -1245.539754 -480.810720
35.200000 1.998990 5.692617 -1195.412630 -427.800626
35.250000 2.012264 6.051376 -1173.404445 -400.694982
35.300000 1.997123 4.941107 -1232.328187 -465.433029
35.350000 2.037474 4.793237 -1238.319206 -455.929151
35.400000 1.988385 5.028297 -1226.607309 -463.067434
35.450000 2.014410 4.991459 -1226.914631 -453.381063
35.500000 1.999007 4.264133 -1277.343352 -509.724703
35.550000 1.998240 5.462539 -1209.604066 -442.280083
35.600000 1.990492 5.239610 -1230.633211 -466.284405
35.650000 1.991790 5.518027 -1211.271916 -446.424664
35.700000 1.987401 5.951111 -1178.123668 -414.961873
35.750000 2.019750 5.393344 -1213.690352 -438.106261
35.800000 2.015091 4.926846 -1238.233805 -464.438851
35.850000 1.990254 4.794517 -1249.427281 -485.169813
35.900000 2.019902 4.724721 -1253.034384 -477.391908
35.950000 1.995157 4.200298 -1280.725385 -514.585008
36.000000 1.982443 4.784660 -1243.487411 -482.229218
36.050000 2.006311 4.397947 -1266.311427 -495.888107
36.100000 1.994740 5.019818 -1229.790265 -463.809998
36.150000 2.012789 5.199836 -1220.931659 -448.020610
36.200000 1.990800 5.041136 -1230.185288 -465.718222
36.250000 1.997089 5.098845 -1229.289552 -462.407242
36.300000 2.011280 4.796349 -1248.443040 -476.111392
36.350000 2.002977 5.041562 -1228.512238 -459.368989
36.400000 2.003723 5.094106 -1225.015830 -455.586152
36.450000 2.016954 5.230439 -1217.977464 -443.466989
36.500000 1.983855 5.813440 -1184.714346 -422.914130
36.550000 2.010523 5.251669 -1224.926487 -452.885832
36.600000 2.009289 4.885846 -1240.865873 -469.299037
36.650000 1.984378 5.687700 -1193.118055 -431.116756
36.700000 2.025065 5.061510 -1234.709826 -457.084841
36.750000 2.000656 5.058346 -1230.465084 -462.213325
36.800000 1.991806 5.426945 -1215.936787 -451.083234
36.850000 1.993726 6.033848 -1182.032688 -416.441729
36.900000 1.989754 6.373903 -1161.803984 -397.738516
36.950000 2.017284 6.198527 -1178.768780 -404.131814
37.000000 2.009615 5.564997 -1214.014411 -442.322429
37.050000 2.013939 6.090961 -1166.026352 -392.673686
37.100000 1.988231 5.531237 -1195.226867 -431.746225
37.150000 2.015669 5.794027 -1185.452908 -411.435933
37.200000 1.986097 5.719238 -1188.620406 -425.959231
37.250000 1.997280 6.082844 -1166.204947 -399.249539
37.300000 2.010145 5.482607 -1207.822859 -435.927059
37.350000 1.985948 5.569379 -1200.163359 -437.559185
37.400000 1.999811 6.069176 -1170.261489 -402.334144
37.450000 2.001409 5.804291 -1191.737691 -423.196585
37.500000 1.989947 3.131562 -1104.948431 -340.808709
37.550000 1.989633 2.939566 -1122.546957 -358.527997
37.600000 1.990994 3.614489 -1075.196864 -310.655128
37.650000 2.012143 3.530764 -1082.345473 -309.682734
37.700000 1.998307 3.562648 -1073.997289 -306.647486
37.750000 2.009385 3.410544 -1077.418804 -305.814842
37.800000 1.994554 2.858919 -1107.551448 -341.642771
37.850000 1.988086 2.952757 -1103.188171 -339.763151
37.900000 1.998925 3.680947 -1054.440603 -286.853559
37.950000 2.017451 3.569884 -1065.702106 -291.001046
38.000000 2.002326 2.820877 -1119.337543 -350.444277
38.050000 1.998452 3.349485 -1077.080734 -309.675322
38.100000 2.003099 3.099775 -1094.474680 -325.284508
38.150000 2.019513 2.984661 -1091.107203 -315.614040
38.200000 1.989934 2.546023 -1122.358138 -358.223404
38.250000 2.001283 2.730153 -1121.587152 -353.094441
38.300000 1.989736 3.461187 -1074.677317 -310.618714
38.350000 2.005179 2.874683 -1116.836859 -346.848259
38.400000 2.002766 2.699693 -1128.087463 -359.025149
38.450000 2.008407 2.714484 -1122.442639 -351.214435
38.500000 1.991359 2.391248 -1142.283819 -377.601946
38.550000 1.985064 2.832240 -1107.325292 -345.060676
38.600000 2.002559 2.710950 -1121.708646 -352.725869
38.650000 1.977112 3.575057 -1060.483987 -301.273030
38.700000 2.019013 3.527517 -1066.809520 -291.508635
38.750000 1.984190 3.863187 -1041.570173 -279.641283
38.800000 2.012063 3.429636 -1077.242974 -304.610934
38.850000 2.002228 3.041961 -1100.895392 -332.039786
38.900000 1.990730 3.326958 -1078.071075 -313.630790
38.950000 2.002566 3.449097 -1070.389193 -301.403995
39.000000 2.003239 2.786657 -1113.075358 -343.831773
39.050000 2.006829 2.719806 -1114.796073 -344.173888
39.100000 1.967416 2.985933 -1099.306673 -343.818891
39.150000 1.995115 3.444875 -1072.915893 -306.791688
39.200000 2.021525 2.996490 -1100.807413 -324.541622
39.250000 1.997479 2.346807 -1139.929881 -372.897799
39.300000 1.983192 3.082602 -1088.313400 -326.767649
39.350000 1.979813 3.832399 -1040.258646 -280.010388
39.400000 2.008039 3.429340 -1068.377836 -297.290834
39.450000 2.002130 2.986093 -1104.623228 -335.805267
39.500000 2.001291 3.248620 -1093.430972 -324.935193
39.550000 2.011073 3.847841 -1052.523415 -280.271217
39.600000 2.000858 3.473117 -1075.389253 -307.059787
39.650000 1.992996 3.118681 -1099.968056 -334.657501
39.700000 1.991907 3.207512 -1093.317882 -328.425534
39.750000 2.014155 3.283586 -1086.516801 -313.081449
39.800000 2.005539 3.147331 -1096.967468 -326.840388
39.850000 1.988085 3.054403 -1102.710493 -339.285872
39.900000 2.026343 3.027398 -1102.455799 -324.340256
39.950000 1.996002 2.487213 -1137.918303 -371.453685
40.000000 2.015023 2.979644 -1099.604759 -325.836091
40.050000 1.989196 2.624035 -1123.648333 -359.797134
40.100000 2.010105 2.635209 -1120.718975 -348.838616
40.150000 2.000482 1.936680 -1172.434207 -404.249048
40.200000 1.970858 3.183572 -1091.383621 -334.574031
40.250000 2.003778 3.113397 -1106.998857 -337.548166
40.300000 1.994794 3.307553 -1087.372347 -321.371319
40.350000 2.018041 2.980711 -1105.462833 -330.535155
40.400000 1.982947 3.275867 -1078.570115 -317.118381
40.450000 1.999884 3.469202 -1070.594771 -302.639219
40.500000 2.001947 3.715525 -1055.396511 -286.648941
40.550000 2.009057 3.821739 -1047.123577 -275.645657
40.600000 1.987295 4.475661 -992.257782 -229.136341
40.650000 1.993066 2.837513 -1112.797373 -347.460130
40.700000 1.992049 2.827871 -1118.663042 -353.716352
40.750000 2.014065 2.904328 -1113.975647 -340.574726
40.800000 2.017882 2.616623 -1131.691432 -356.824913
40.850000 1.990139 3.172762 -1092.487132 -328.273942
40.900000 1.992756 2.836555 -1122.281623 -357.063251
40.950000 1.994294 3.270838 -1092.752578 -326.943534
41.000000 1.996251 3.839310 -1053.625835 -287.065466
41.050000 1.994232 4.227681 -1023.576286 -257.791020
41.100000 2.015181 2.952174 -1113.021622 -339.192024
41.150000 2.005648 3.507692 -1062.094197 -291.925248
41.200000 2.009495 2.307975 -1146.226305 -374.580230
41.250000 1.978542 2.539658 -1130.761037 -371.000993
41.300000 1.995743 3.443178 -1074.153592 -307.788235
41.350000 1.988520 3.282681 -1086.325802 -322.734052
41.400000 1.995169 2.760691 -1120.008526 -353.863642
41.450000 1.999745 2.290340 -1153.993717 -386.091724
41.500000 1.988120 3.039955 -1101.484930 -338.046723
41.550000 1.996180 2.946329 -1106.560306 -340.027171
41.600000 1.995894 3.569193 -1063.116963 -296.693511
41.650000 2.005689 3.227695 -1089.810372 -319.625733
41.700000 2.005032 3.219448 -1092.257906 -322.325522
41.750000 1.998995 2.973629 -1110.062511 -342.448539
41.800000 1.992804 3.173094 -1099.222419 -333.985588
41.850000 1.975575 3.411163 -1089.519937 -330.899025
41.900000 2.025199 3.402334 -1091.028986 -313.352582
41.950000 1.992425 3.029385 -1112.591439 -347.500089
42.000000 2.011750 2.704371 -1135.246161 -362.734260
42.050000 2.009025 3.246826 -1097.077512 -325.611784
42.100000 2.011290 2.780121 -1124.195756 -351.860478
42.150000 1.993374 2.419085 -1143.663548 -378.207832
42.200000 2.002215 2.824636 -1107.416558 -338.566163
42.250000 2.001461 2.567155 -1118.795810 -350.234627
42.300000 1.994887 2.534468 -1133.132327 -367.095687
42.350000 1.992852 3.812860 -1055.671833 -290.416648
42.400000 2.008683 3.275543 -1100.387962 -329.053600
42.450000 2.023915 2.783166 -1129.221547 -352.038122
42.500000 2.014232 3.019375 -1107.303493 -333.838283
42.550000 1.999295 2.367780 -1156.099307 -388.370193
42.600000 1.981788 3.182274 -1104.059509 -343.052742
42.650000 2.011667 3.490615 -1083.831827 -311.351766
42.700000 1.994778 2.713734 -1130.726083 -364.731238
42.750000 2.005479 2.435971 -1139.035666 -368.931575
42.800000 1.984860 2.711274 -1108.762173 -346.575984
42.850000 2.018064 2.435579 -1130.153117 -355.216572
42.900000 1.991414 2.755031 -1111.439673 -346.736595
42.950000 2.001316 3.026643 -1095.167149 -326.661864
43.000000 2.015229 2.651463 -1120.003674 -346.155671
43.050000 2.011799 2.121041 -1156.474500 -383.943674
43.100000 1.990172 2.923270 -1104.897188 -340.671065
43.150000 1.982607 3.209516 -1094.454693 -333.133653
43.200000 2.017196 3.863788 -1044.585872 -269.982524
43.250000 2.005331 3.110151 -1094.287656 -324.240536
43.300000 2.026717 2.910605 -1100.551912 -322.292656
43.350000 2.007546 2.129803 -1147.912919 -377.015079
43.400000 1.991249 2.719794 -1106.207516 -341.567870
43.450000 1.989282 3.165960 -1088.667644 -324.783397
43.500000 1.995672 3.664097 -1060.713913 -294.376041
43.550000 1.992376 2.947159 -1109.072267 -343.999987
43.600000 2.015251 2.550455 -1135.453954 -361.597460
43.650000 1.998365 3.044605 -1093.021661 -325.649422
43.700000 2.004242 2.411212 -1141.264585 -371.635552
43.750000 2.003074 2.723686 -1117.190137 -348.009874
43.800000 1.996680 2.563151 -1128.308702 -361.583516
43.850000 1.990494 2.856527 -1110.761499 -346.411690
43.900000 1.995883 3.310765 -1079.434356 -313.015104
43.950000 1.994128 3.046579 -1102.857856 -337.112691
44.000000 2.001752 3.365044 -1081.379615 -312.706745
44.050000 2.007943 3.399090 -1079.546626 -308.496532
44.100000 2.025217 2.847925 -1115.902231 -338.218955
44.150000 1.984198 3.488964 -1068.416142 -306.484047
44.200000 1.998407 3.301677 -1089.234686 -321.846585
44.250000 1.993957 3.410513 -1083.287885 -317.608325
44.300000 1.986546 3.312855 -1089.154640 -326.321007
44.350000 2.003211 3.045803 -1104.489814 -335.256767
44.400000 1.994610 2.888052 -1110.315972 -344.385684
44.450000 1.986246 3.396941 -1074.663784 -311.945182
44.500000 1.982787 3.221630 -1092.480981 -331.090756
44.550000 2.008333 3.043905 -1102.853074 -331.653201
44.600000 1.990758 2.961203 -1101.785037 -337.333963
44.650000 1.996351 2.464739 -1141.772415 -375.173762
44.700000 2.012894 3.098807 -1106.407648 -333.456425
44.750000 1.996445 3.571350 -1077.460976 -310.826125
44.800000 2.001056 3.075196 -1105.128886 -336.723453
44.850000 2.001978 2.921380 -1105.202335 -336.442611
44.900000 1.972311 3.299268 -1074.941770 -317.574209
44.950000 1.999342 3.037452 -1095.029444 -327.281971
45.000000 2.003324 1.249988 -996.293194 -227.016687
45.050000 1.991721 1.910891 -946.079927 -181.258890
45.100000 2.006009 2.112245 -935.022026 -164.714488
45.150000 2.001528 2.206919 -927.332395 -158.745742
45.200000 2.007065 1.620742 -969.003062 -198.290144
45.250000 2.002544 1.690821 -960.525727 -191.548705
45.300000 2.006705 1.934092 -941.539280 -170.964745
45.350000 1.997381 1.907763 -946.829880 -179.835525
45.400000 2.000356 1.713687 -955.676244 -187.539591
45.450000 2.009044 1.766703 -944.459327 -172.986246
45.500000 2.012279 1.240392 -983.287274 -210.571955
45.550000 2.000693 1.478680 -963.018428 -194.752179
45.600000 1.992511 1.528031 -968.406707 -203.282527
45.650000 2.006376 1.645614 -966.640957 -196.192664
45.700000 2.011279 1.830386 -960.061725 -187.730554
45.750000 1.991730 2.246801 -933.049740 -168.225242
45.800000 1.998303 2.011663 -953.429869 -186.081404
45.850000 1.998250 2.136236 -937.418843 -170.090759
45.900000 2.016058 1.809347 -961.227898 -187.061577
45.950000 2.007033 1.832071 -951.704866 -181.004373
46.000000 2.005187 1.697021 -969.439465 -199.447509
46.050000 1.997301 1.975473 -950.492451 -183.528825
46.100000 2.004079 1.956953 -959.522947 -189.956448
46.150000 1.994854 2.807666 -895.764754 -129.740739
46.200000 2.028148 2.182216 -945.600969 -166.792160
46.250000 1.990963 2.033240 -946.854705 -182.325031
46.300000 1.996745 1.888037 -946.043743 -179.293846
46.350000 2.006201 1.359063 -974.924883 -204.543575
46.400000 1.989219 1.145567 -985.059264 -221.199145
46.450000 2.007260 1.257500 -979.812110 -209.024227
46.500000 1.991952 1.828945 -937.013361 -172.103671
46.550000 2.012208 2.060632 -919.258335 -146.570338
46.600000 2.013414 1.572868 -960.900657 -187.749544
46.650000 1.992312 1.645260 -957.557289 -192.509511
46.700000 2.006792 1.534307 -970.521600 -199.913543
46.750000 1.985959 1.803768 -948.416386 -185.808141
46.800000 2.000816 1.900930 -940.531661 -172.218271
46.850000 2.022866 1.567579 -970.823526 -194.042918
46.900000 1.992394 1.505751 -978.795005 -213.715662
46.950000 2.002718 1.653050 -968.374684 -199.330781
47.000000 1.998316 1.405305 -990.862452 -223.509161
47.050000 1.999943 1.855606 -958.735030 -190.756879
47.100000 2.010501 1.959862 -949.687210 -177.654701
47.150000 1.965714 1.949508 -941.826730 -186.992631
47.200000 2.006249 1.550133 -971.514644 -201.115072
47.250000 1.996696 1.582693 -962.362890 -195.631576
47.300000 2.016357 1.669619 -958.991524 -184.710479
47.350000 1.995876 1.611740 -967.767376 -201.351138
47.400000 1.995300 1.729306 -961.792928 -195.597617
47.450000 1.996263 1.585575 -969.324903 -202.760059
47.500000 2.018597 1.499816 -972.761004 -197.619761
47.550000 1.994050 1.734140 -952.296610 -186.581421
47.600000 1.984562 2.022711 -933.187414 -171.115797
47.650000 2.032669 1.906861 -947.666496 -167.121493
47.700000 2.002772 1.852347 -946.477370 -177.412883
47.750000 1.993041 1.483565 -983.492895 -218.165016
47.800000 2.005813 2.133912 -929.199755 -158.967572
47.850000 1.983311 1.759454 -956.390798 -194.799490
47.900000 2.014367 1.328687 -987.551724 -214.034867
47.950000 1.990240 1.487959 -968.153910 -203.901574
48.000000 2.003521 1.595536 -962.773374 -193.421361
48.050000 2.015520 1.672113 -957.304326 -183.344600
48.100000 1.973538 2.191586 -920.883976 -163.045398
48.150000 2.027042 2.089558 -936.721582 -158.337527
48.200000 2.010871 1.712257 -963.071811 -190.897539
48.250000 1.985358 1.699424 -972.562190 -210.184535
48.300000 2.010646 1.749799 -975.100662 -203.012559
48.350000 1.991896 1.859969 -959.974640 -195.086494
48.400000 2.002198 1.727998 -963.359660 -194.515730
48.450000 2.006313 1.455115 -978.957478 -208.533301
48.500000 1.985775 1.520220 -969.719336 -207.181599
48.550000 1.994548 1.841028 -943.601131 -177.694520
48.600000 1.982062 2.016027 -933.737262 -172.625332
48.650000 2.022477 1.742202 -963.397636 -186.766597
48.700000 2.012156 1.578796 -975.054407 -202.386537
48.750000 1.983763 1.482215 -979.322632 -217.557575
48.800000 2.003281 1.938123 -941.392014 -172.132070
48.850000 1.999922 1.688868 -960.455558 -192.485487
48.900000 2.008787 1.618088 -959.386663 -188.012591
48.950000 2.009024 1.283632 -985.984704 -214.519565
49.000000 1.998164 1.878737 -939.295752 -172.000749
49.050000 1.996791 1.626628 -966.897720 -200.130150
49.100000 2.006608 1.731471 -961.197962 -190.660439
49.150000 2.001026 1.761796 -961.465829 -193.071817
49.200000 1.987663 1.831416 -952.273934 -189.011262
49.250000 2.022371 1.427499 -982.614973 -206.024664
49.300000 1.991745 1.243475 -995.040602 -230.210467
49.350000 1.976370 2.292971 -914.702862 -155.776761
49.400000 2.007309 1.790789 -960.368726 -189.562086
49.450000 1.994878 1.596752 -974.607531 -208.574226
49.500000 1.997924 1.750515 -967.870219 -200.667264
49.550000 1.996526 2.050420 -947.258197 -180.592048
49.600000 2.014701 1.739664 -971.661652 -198.016413
49.650000 1.998286 1.624205 -976.686048 -209.344238
49.700000 2.011993 1.339366 -997.778973 -225.173770
49.750000 2.004393 1.524340 -980.433537 -210.746481
49.800000 2.003769 1.829864 -956.659524 -187.212273
49.850000 1.999105 1.752905 -962.154016 -194.497878
49.900000 1.991182 1.517371 -982.958817 -218.344995
49.950000 2.007765 1.769691 -962.284718 -191.303128
50.000000 1.980812 1.947508 -944.809038 -184.177223
50.050000 2.013934 1.565569 -982.910051 -209.559248
50.100000 2.006162 1.830934 -960.313001 -189.946817
50.150000 2.004612 1.736996 -967.295266 -197.524195
50.200000 2.007470 1.633545 -971.800579 -200.931931
50.250000 1.995133 1.520627 -980.734407 -214.603514
50.300000 2.002941 1.673263 -964.352957 -195.223787
50.350000 1.979363 1.694344 -955.565616 -195.490067
50.400000 1.994567 1.813423 -952.365202 -186.451418
50.450000 2.000803 2.063789 -937.221341 -168.913140
50.500000 2.008274 2.012930 -944.389615 -173.212559
50.550000 2.001596 2.179392 -931.063141 -162.450454
50.600000 2.002401 1.819986 -960.732099 -191.810141
50.650000 2.005622 1.810178 -952.133390 -181.974659
50.700000 1.996509 1.428337 -982.727102 -216.067672
50.750000 1.983075 1.899011 -947.322042 -185.821335
50.800000 2.005705 1.747729 -961.757831 -191.567082
50.850000 2.006549 1.342455 -992.160749 -221.645915
50.900000 1.988276 1.729601 -966.377481 -202.879568
50.950000 2.014290 2.030562 -940.393179 -166.905926
51.000000 2.011128 1.149463 -1003.558987 -231.285852
51.050000 1.988188 1.622697 -963.969474 -200.505329
51.100000 1.997639 2.100108 -929.832519 -162.739261
51.150000 2.004265 2.008060 -942.080966 -172.443161
51.200000 2.006220 2.122971 -933.560380 -163.171795
51.250000 1.995948 2.052506 -941.998389 -175.554398
51.300000 1.992140 1.928667 -950.377865 -185.395962
51.350000 2.004734 1.940053 -945.234429 -175.416485
51.400000 2.011095 1.383238 -991.832430 -219.571842
51.450000 1.977575 1.867840 -965.074302 -205.685564
51.500000 2.008165 2.716218 -902.118052 -130.982587
51.550000 2.003995 2.243333 -933.462562 -163.928299
51.600000 2.011759 1.671768 -971.951034 -199.435536
51.650000 1.993613 1.469653 -975.128020 -209.580503
51.700000 1.992343 1.485810 -971.953786 -206.894056
51.750000 2.007050 1.650606 -961.170183 -190.463130
51.800000 1.982849 1.685628 -964.535063 -203.121131
51.850000 1.994755 1.833050 -955.742983 -189.756901
51.900000 2.019627 1.486111 -979.124554 -203.587802
51.950000 1.982472 1.473669 -971.885796 -210.616402
52.000000 1.990641 1.604308 -963.839958 -199.433888
52.050000 1.996808 1.925039 -946.620625 -179.846497
52.100000 2.000440 2.295344 -922.958675 -154.789777
52.150000 2.017673 1.993756 -951.327058 -176.540503
52.200000 2.000255 1.445096 -1000.422900 -232.325128
52.250000 1.990949 2.164332 -941.171902 -176.647640
52.300000 1.990112 2.330072 -930.995560 -166.792410
52.350000 1.999059 1.910147 -962.743780 -195.105263
52.400000 1.999287 1.675470 -976.280610 -208.554561
52.450000 2.003673 1.570375 -979.857512 -210.447006
52.500000 1.985075 0.922547 -814.516210 -52.247503
52.550000 2.004038 1.135632 -804.882283 -35.331755
52.600000 2.010210 1.276340 -786.848005 -14.927262
52.650000 2.015519 0.792388 -826.420236 -52.460790
52.700000 1.994995 0.680846 -831.012675 -64.934507
52.750000 1.977530 1.117874 -791.187747 -31.816096
52.800000 2.008553 1.186591 -793.813905 -22.529367
52.850000 1.993455 1.044093 -806.314938 -40.828093
52.900000 2.003479 1.006263 -812.715450 -43.379516
52.950000 2.002213 1.005526 -814.172646 -45.322889
53.000000 2.002824 1.074912 -811.867959 -42.783431
53.050000 2.000144 1.492724 -776.896888 -8.841613
53.100000 2.014227 1.087361 -815.250364 -41.787074
53.150000 2.010404 1.064174 -811.548703 -39.553563
53.200000 1.972899 1.055608 -810.254596 -52.661386
53.250000 2.005778 1.105956 -810.741542 -40.522962
53.300000 1.994715 1.343059 -786.406604 -20.436098
53.350000 1.992191 1.509229 -770.424577 -5.423370
53.400000 2.012699 0.983600 -821.272039 -48.395531
53.450000 1.997073 1.141288 -794.447722 -27.571605
53.500000 2.000457 0.907805 -816.530116 -48.354734
53.550000 2.001029 1.010282 -807.020568 -38.625410
53.600000 2.001735 1.025738 -809.710407 -41.043998
53.650000 1.986017 1.346233 -784.020351 -21.389964
53.700000 2.014475 1.294638 -788.709844 -15.151631
53.750000 2.003230 0.991263 -812.819574 -43.579261
53.800000 1.993041 0.940850 -817.406562 -52.078926
53.850000 1.999639 0.927958 -821.644464 -53.782923
53.900000 1.993758 0.930499 -823.423664 -57.820482
53.950000 1.995694 1.211671 -798.909024 -32.562483
54.000000 2.000446 1.223842 -801.999732 -33.828298
54.050000 2.010407 1.274871 -794.743000 -22.746737
54.100000 1.982043 1.141486 -805.187956 -44.083585
54.150000 2.023372 0.964115 -827.928533 -50.953497
54.200000 1.994072 0.903443 -834.309792 -68.586100
54.250000 2.002713 1.124665 -809.913158 -40.871349
54.300000 2.003171 1.003598 -813.334393 -44.116822
54.350000 2.000100 0.745615 -835.267858 -67.229494
54.400000 2.002553 1.152954 -794.213375 -25.233020
54.450000 2.000191 1.022998 -806.434181 -38.360884
54.500000 1.991945 1.059701 -803.533945 -38.627052
54.550000 2.008788 0.873958 -818.998025 -47.623376
54.600000 1.988908 0.846456 -821.004670 -57.264169
54.650000 2.001537 1.364240 -775.386569 -6.796525
54.700000 1.994825 1.305947 -780.928817 -14.916200
54.750000 2.005645 1.143549 -789.572725 -19.405198
54.800000 1.990405 1.067767 -791.862732 -27.547259
54.850000 2.012839 1.030293 -793.472471 -20.542470
54.900000 1.992176 0.765467 -820.220613 -55.225218
54.950000 1.997266 0.909648 -816.202939 -49.252751
55.000000 2.009603 1.261289 -789.177351 -17.489923
55.050000 2.001759 1.237407 -789.372043 -20.696699
55.100000 2.004773 1.137135 -797.052763 -27.219976
55.150000 2.005889 0.920630 -814.516095 -44.254764
55.200000 1.982382 0.984751 -798.885058 -37.650350
55.250000 2.015627 0.697069 -820.474531 -46.473767
55.300000 1.985702 0.700887 -822.264095 -59.754434
55.350000 1.985300 1.238088 -784.584588 -22.229456
55.400000 2.010923 1.278408 -791.207681 -19.013094
55.450000 1.996198 1.321247 -783.741178 -17.201283
55.500000 1.995874 1.314745 -781.182987 -14.767448
55.550000 2.018629 0.829842 -830.888720 -55.735369
55.600000 1.982723 1.030930 -809.441846 -48.076398
55.650000 2.010961 0.948697 -827.284463 -55.075338
55.700000 1.995640 1.056580 -821.474217 -55.148489
55.750000 2.000003 1.540385 -778.872455 -10.871396
55.800000 1.989419 1.464043 -791.532003 -27.595169
55.850000 2.026621 1.230308 -810.358050 -32.135666
55.900000 1.978592 1.153407 -803.101304 -43.321952
55.950000 1.990611 0.794611 -831.939814 -67.545302
56.000000 2.001277 1.125072 -796.631999 -28.141782
56.050000 2.010194 1.270013 -782.851517 -10.936875
56.100000 1.995970 1.126114 -799.124426 -32.671940
56.150000 2.002022 1.116827 -801.496526 -32.720100
56.200000 2.008379 0.906277 -818.132354 -46.914633
56.250000 1.980033 1.085553 -795.119430 -34.786853
56.300000 2.010640 0.929960 -816.352244 -44.266590
56.350000 2.004927 1.103756 -800.579770 -30.687931
56.400000 2.004873 1.249740 -787.269642 -17.398446
56.450000 1.998960 1.163680 -797.540520 -29.939925
56.500000 1.990596 1.268374 -784.810182 -20.421449
56.550000 1.994697 0.957645 -820.756330 -54.792539
56.600000 2.002234 1.338504 -785.613511 -16.755555
56.650000 2.006979 1.289565 -780.378748 -9.698809
56.700000 1.988943 0.923970 -807.034027 -43.279913
56.750000 2.019640 0.924769 -801.424604 -25.882762
56.800000 1.990868 0.855267 -811.423699 -46.930310
56.850000 1.991705 1.227613 -782.506044 -17.691450
56.900000 2.005541 1.055668 -796.285693 -26.157758
56.950000 1.999177 0.757410 -819.108820 -51.424974
57.000000 2.000253 0.910091 -807.293979 -39.196801
57.050000 1.993381 1.153583 -795.057568 -29.599171
57.100000 1.996462 1.266818 -793.331439 -26.690138
57.150000 2.001080 1.311586 -789.864013 -21.449197
57.200000 1.987024 1.259381 -791.391937 -28.374739
57.250000 2.008713 0.877338 -825.936964 -54.591129
57.300000 2.009818 0.991337 -807.128421 -35.358270
57.350000 1.999797 0.747814 -827.083213 -59.161162
57.400000 2.003604 0.742579 -824.658216 -55.274255
57.450000 1.998380 0.928681 -804.519782 -37.141728
57.500000 1.992196 0.779994 -822.593528 -57.590374
57.550000 1.995452 1.198119 -785.280360 -19.026866
57.600000 2.017300 0.929195 -810.688102 -36.044854
57.650000 2.004849 0.995311 -801.403972 -31.541889
57.700000 2.001954 0.983611 -804.913447 -36.163284
57.750000 2.006847 0.957111 -808.146339 -37.517141
57.800000 2.000127 0.841091 -825.716357 -57.667535
57.850000 2.000033 1.039961 -819.131024 -51.118176
57.900000 2.007038 1.303957 -796.780432 -26.077946
57.950000 2.004025 0.842553 -836.099113 -66.553583
58.000000 2.014609 0.810115 -833.042772 -59.432987
58.050000 1.977592 1.018583 -816.437954 -57.042676
58.100000 1.998884 1.366747 -793.626033 -26.054512
58.150000 2.002799 1.364174 -798.584342 -29.509613
58.200000 1.999902 0.957128 -840.376665 -72.414192
58.250000 1.992768 1.155389 -819.616351 -54.393250
58.300000 2.016825 1.142026 -810.815977 -36.355024
58.350000 1.998005 0.682710 -845.522384 -78.288372
58.400000 1.992542 0.813759 -832.440009 -67.303953
58.450000 2.005164 0.863495 -833.739993 -63.757112
58.500000 1.990638 0.996812 -826.524251 -62.119305
58.550000 2.004312 1.114929 -821.794597 -52.138860
58.600000 2.016642 1.121426 -819.330966 -44.940276
58.650000 1.990659 1.131851 -811.479710 -47.066768
58.700000 1.991019 1.164969 -804.012543 -39.461363
58.750000 2.007701 0.982217 -821.085378 -50.128185
58.800000 1.990984 0.999538 -817.239955 -52.701978
58.850000 1.999595 1.026258 -814.304061 -46.459716
58.900000 2.000991 0.877010 -827.132930 -58.752277
58.950000 1.997809 1.038913 -808.650925 -41.492166
59.000000 1.992462 1.459073 -769.933808 -4.828278
59.050000 2.000057 1.353015 -785.955991 -17.933912
59.100000 1.996814 1.166637 -803.552647 -36.776200
59.150000 2.005965 0.860700 -830.337134 -60.046457
59.200000 1.986258 1.284869 -782.948350 -20.225371
59.250000 2.020338 0.962695 -811.903169 -36.093354
59.300000 1.995008 0.893103 -815.567068 -49.483977
59.350000 1.995297 1.373889 -770.701090 -4.507058
59.400000 2.011382 0.939452 -814.233818 -41.862957
59.450000 1.994126 0.948603 -810.315743 -44.571245
59.500000 2.001897 1.113397 -798.183482 -29.455187
59.550000 2.005811 0.947656 -815.198520 -44.966920
59.600000 1.991505 1.072621 -800.369415 -35.631624
59.650000 2.007241 0.829001 -824.192470 -53.411903
59.700000 1.995707 1.043699 -797.651174 -31.299683
59.750000 2.003291 0.729978 -830.924631 -61.660926
59.800000 2.000895 1.028892 -799.359741 -31.015878
59.850000 2.001996 1.006482 -800.939651 -32.173304
59.900000 1.999991 0.831092 -823.641368 -55.644639
59.950000 1.993697 1.234942 -783.989092 -18.409631
60.000000 1.999662 0.515557 -678.285467 89.584887
60.050000 1.998841 0.506263 -678.461567 89.093305
60.100000 1.999118 0.510232 -683.729797 83.931539
60.150000 2.012268 0.683782 -673.564535 99.146485
60.200000 2.008467 0.958459 -647.588313 123.662875
60.250000 2.002212 0.957616 -645.987168 122.862092
60.300000 2.000669 0.649578 -676.915433 91.341538
60.350000 1.989000 0.763984 -659.140224 104.635701
60.400000 2.018250 0.811887 -651.776748 123.231415
60.450000 1.986310 0.764901 -655.067057 107.676066
60.500000 1.998126 0.878552 -641.457642 125.822844
60.550000 2.005521 0.855795 -637.346411 132.773815
60.600000 1.993661 0.641047 -656.303378 109.262342
60.650000 2.000751 0.694472 -644.944130 123.344380
60.700000 2.009042 0.700762 -639.993610 131.478512
60.750000 2.000252 0.660140 -644.514469 123.582449
60.800000 1.997408 0.831552 -621.267921 145.736811
60.850000 2.002297 0.558528 -654.841793 114.040344
60.900000 1.999456 0.682271 -639.931441 127.859613
60.950000 2.006669 0.647967 -645.381113 125.179925
61.000000 1.980068 0.714531 -641.130571 119.215615
61.050000 1.995875 0.998990 -617.313369 149.102715
61.100000 2.001528 0.960812 -633.813943 134.773001
61.150000 1.990599 1.005234 -630.743278 133.646861
61.200000 1.987674 1.175661 -608.076180 155.190524
61.250000 2.008333 0.977417 -632.252368 138.947432
61.300000 2.008257 0.912357 -634.682565 136.488146
61.350000 2.000057 0.956087 -623.513347 144.508441
61.400000 1.999838 0.727105 -653.626017 114.311850
61.450000 1.997523 0.793683 -648.582573 118.466312
61.500000 1.995876 1.013727 -616.054795 150.361416
61.550000 1.998623 0.717560 -648.918925 118.552402
61.600000 2.016942 0.747878 -641.563318 132.942600
61.650000 1.997938 0.552083 -662.958030 104.250264
61.700000 2.006080 0.607050 -659.744006 110.590704
61.750000 1.985425 0.762057 -648.686217 113.717159
61.800000 2.021154 0.890252 -634.182969 141.940227
61.850000 1.995216 0.665801 -657.481092 108.682017
61.900000 1.994570 0.677096 -656.617630 109.297182
61.950000 2.011839 0.511462 -672.634940 99.911336
62.000000 1.995976 0.371680 -686.323724 80.131201
62.050000 1.993944 0.715718 -645.638867 120.035574
62.100000 2.017474 0.759612 -642.115102 132.594937
62.150000 1.987026 0.598909 -661.341964 101.676144
62.200000 1.995576 0.793783 -644.562687 121.738663
62.250000 2.002881 0.986487 -626.566527 142.539690
62.300000 2.010194 0.646529 -664.496002 107.418470
62.350000 1.996755 0.561985 -670.682686 96.071330
62.400000 1.989316 0.653231 -667.011005 96.886345
62.450000 2.015740 0.968847 -636.460184 137.583885
62.500000 2.012446 0.733765 -661.882283 110.896897
62.550000 1.993540 0.510259 -687.345572 78.173895
62.600000 2.001897 0.726893 -666.161722 102.566909
62.650000 2.006941 0.593325 -686.611860 84.053507
62.700000 1.991529 0.707757 -673.396638 91.350393
62.750000 2.002424 0.712716 -675.522495 93.408136
62.800000 2.004004 0.571056 -689.571661 79.965779
62.850000 1.987977 0.685576 -668.453676 94.929308
62.900000 2.001469 0.511689 -684.837899 83.726093
62.950000 2.001015 0.924733 -627.518855 140.870794
63.000000 2.002519 0.694328 -658.582327 110.385155
63.050000 2.003998 0.772085 -647.885582 121.649598
63.100000 1.996950 0.738293 -653.617607 113.211148
63.150000 2.010802 0.763357 -649.727170 122.420818
63.200000 1.999216 0.688423 -661.700550 105.998331
63.250000 2.000180 0.686768 -664.516672 103.552597
63.300000 1.995560 0.708824 -658.685650 107.609284
63.350000 1.998562 0.863157 -635.812139 131.635588
63.400000 2.003046 0.774899 -639.835063 129.334605
63.450000 2.000819 0.558153 -659.787167 108.527469
63.500000 1.994280 0.617760 -651.300745 114.502845
63.550000 1.990819 0.795596 -629.458221 135.016091
63.600000 1.988479 0.919778 -616.585291 146.990595
63.650000 2.013696 0.697646 -642.580258 130.678935
63.700000 1.980469 0.705183 -635.319812 125.180220
63.750000 2.015666 0.700980 -638.009026 136.006639
63.800000 1.987137 0.825792 -621.191710 141.868867
63.850000 1.999209 0.672438 -646.084595 121.611723
63.900000 2.000303 0.856034 -626.965069 141.151183
63.950000 2.004433 0.737221 -648.817497 120.884928
64.000000 1.999740 0.695627 -655.589375 112.310702
64.050000 1.995558 0.888119 -628.700177 137.593966
64.100000 2.009179 0.595662 -656.740355 114.784235
64.150000 2.000633 0.361033 -678.511214 89.731942
64.200000 1.983459 0.900326 -615.895411 145.752715
64.250000 2.012489 0.880311 -626.176149 146.619624
64.300000 2.007737 0.612180 -660.809192 110.161978
64.350000 2.001421 0.919184 -630.436982 138.108624
64.400000 2.012980 0.830334 -640.927073 132.057210
64.450000 1.993257 0.665122 -656.165294 109.245241
64.500000 1.999907 0.682198 -650.320504 117.643833
64.550000 1.997410 0.576449 -658.796631 108.208956
64.600000 2.001334 0.794334 -631.920204 136.592082
64.650000 1.999814 0.569899 -657.294011 110.634747
64.700000 1.994374 0.515554 -661.858731 103.980895
64.750000 1.998813 0.575638 -655.306832 112.237521
64.800000 1.991236 0.678885 -643.573415 121.061173
64.850000 2.003199 0.632534 -652.157058 117.071231
64.900000 2.002483 0.510347 -668.318181 100.635143
64.950000 1.995811 0.606370 -659.145539 107.245724
65.000000 1.996157 1.022081 -614.861117 151.663270
65.050000 2.007982 0.771899 -652.606515 118.458568
65.100000 1.993327 0.796100 -647.156028 118.281672
65.150000 2.000908 1.045947 -612.801953 155.546630
65.200000 2.001335 0.829551 -635.039183 133.473307
65.250000 2.006515 0.560193 -661.085461 109.416457
65.300000 1.984952 0.614295 -654.343656 107.877939
65.350000 1.989514 0.881485 -623.923628 140.049691
65.400000 2.002472 0.804951 -635.730273 133.219120
65.450000 2.002402 0.816084 -633.679414 135.242791
65.500000 1.996758 0.674461 -648.885047 117.870051
65.550000 2.006876 0.562971 -661.154937 109.485332
65.600000 1.979177 0.799974 -635.077497 124.926314
65.650000 2.005497 1.264683 -581.641162 188.469578
65.700000 2.009731 0.884844 -630.907363 140.829209
65.750000 2.001412 0.910026 -623.034716 145.507468
65.800000 1.995282 0.560204 -663.412920 102.775267
65.850000 2.002962 0.764665 -630.304245 138.833189
65.900000 1.996970 0.576348 -649.154973 117.681548
65.950000 1.997344 0.731219 -626.925004 140.055233
66.000000 2.016257 0.671108 -635.012280 139.230430
66.050000 1.998943 0.471415 -662.393591 105.200632
66.100000 1.993689 0.737432 -639.898791 125.677792
66.150000 1.990071 0.947431 -624.508373 139.678778
66.200000 2.011751 0.793292 -644.478589 128.033917
66.250000 1.988321 0.795810 -639.408893 124.106195
66.300000 1.990382 0.947816 -621.962459 142.344367
66.350000 2.004080 0.669297 -653.922584 115.644167
66.400000 2.000226 0.693269 -654.428445 113.658423
66.450000 2.007540 0.952502 -634.039022 136.856270
66.500000 2.010338 0.878971 -650.103109 121.866721
66.550000 2.002320 0.794848 -655.958087 112.932801
66.600000 1.992648 0.697471 -664.756256 100.420601
66.650000 2.005090 0.858558 -636.749189 133.205245
66.700000 2.006346 0.454209 -671.632456 98.804430
66.750000 1.999466 0.420855 -665.674737 102.120331
66.800000 1.999076 0.466587 -657.834056 109.811071
66.850000 1.990082 0.494753 -657.283592 106.907769
66.900000 1.994265 0.597976 -653.767736 112.029839
66.950000 2.002196 0.764939 -639.357145 129.486309
67.000000 2.005831 0.904801 -621.405861 148.833058
67.050000 2.003642 0.691646 -644.295927 125.102574
67.100000 1.986511 0.839645 -623.826363 138.994041
67.150000 2.004836 0.756002 -637.223108 132.633895
67.200000 2.001020 0.629500 -647.431983 120.959648
67.250000 2.007053 0.391737 -674.855926 95.852294
67.300000 2.000831 0.607875 -654.473565 113.845458
67.350000 1.984431 0.821608 -640.228128 121.793377
67.400000 2.003732 0.859641 -644.983785 124.449354
67.450000 2.000438 0.821097 -647.837063 120.331260
