# t Temp Pres Epot Etot
0.000000 2.026827 28.854571 -4750.220818 -2123.452496
0.050000 1.985838 28.535687 -4792.451132 -2218.805621
0.100000 1.997752 28.673678 -4776.246773 -2187.160359
0.150000 2.011827 28.625242 -4781.248513 -2173.921172
0.200000 1.984635 29.277104 -4678.471377 -2106.384622
0.250000 2.005881 29.326092 -4671.822394 -2072.200778
0.300000 1.998946 30.006154 -4569.994446 -1979.360140
0.350000 1.991717 28.809938 -4746.749955 -2165.485033
0.400000 1.997350 29.014587 -4721.852075 -2133.286652
0.450000 1.997034 28.384204 -4814.315191 -2226.158764
0.500000 2.005796 28.264506 -4834.723421 -2235.211696
0.550000 1.993822 28.929003 -4727.431445 -2143.438016
0.600000 2.001387 28.361459 -4817.659563 -2223.862495
0.650000 2.008023 28.840140 -4745.222848 -2142.825039
0.700000 1.992133 28.684385 -4772.462510 -2190.658482
0.750000 2.003610 29.121249 -4713.434057 -2116.755244
0.800000 2.000746 29.175569 -4688.799188 -2095.832189
0.850000 1.983388 28.600811 -4780.579371 -2210.109118
0.900000 1.986353 28.992044 -4725.493196 -2151.179833
0.950000 2.003895 29.030490 -4716.336314 -2119.288055
1.000000 1.992384 28.711815 -4758.900620 -2176.771229
1.050000 1.985507 29.241739 -4681.468157 -2108.250844
1.100000 2.006977 29.181872 -4693.560760 -2092.517936
1.150000 2.009672 28.398253 -4815.985328 -2211.449977
1.200000 2.003782 28.911318 -4738.918234 -2142.017295
1.250000 2.014404 28.619539 -4785.125052 -2174.457492
1.300000 1.990114 29.138484 -4696.792997 -2117.604611
1.350000 2.012986 28.964456 -4725.892843 -2117.063158
1.400000 1.985416 29.002383 -4721.315857 -2148.216842
1.450000 1.997181 27.836665 -4898.199650 -2309.853015
1.500000 2.015392 28.921338 -4736.828823 -2124.881005
1.550000 1.992660 29.305098 -4679.234089 -2096.747080
1.600000 2.009346 28.573523 -4788.543022 -2184.430461
1.650000 1.980430 28.929388 -4728.675718 -2162.038856
1.700000 1.997988 28.367957 -4815.946698 -2226.554171
1.750000 1.994333 29.001175 -4723.780661 -2139.125490
1.800000 1.980684 28.700724 -4761.999753 -2195.032720
1.850000 1.998030 28.504553 -4797.879731 -2208.433177
1.900000 1.996516 28.626219 -4780.407693 -2192.923028
1.950000 2.009145 28.857612 -4745.531480 -2141.679792
2.000000 1.986803 29.555562 -4643.139048 -2068.241800
2.050000 2.013189 28.706301 -4772.015058 -2162.921726
2.100000 1.986539 29.150527 -4696.326918 -2121.772179
2.150000 2.011588 29.284270 -4675.893709 -2068.875292
2.200000 2.003594 28.616239 -4781.864856 -2185.207296
2.250000 1.993430 28.456380 -4805.720096 -2222.234722
2.300000 2.011168 29.093135 -4709.008949 -2102.534578
2.350000 1.995149 28.198361 -4842.608612 -2256.894889
2.400000 2.001978 29.252582 -4681.646786 -2087.083227
2.450000 1.969552 28.222710 -4837.815657 -2285.275899
2.500000 2.005410 29.353329 -4672.587262 -2073.575831
2.550000 2.010226 28.429454 -4807.697111 -2202.444556
2.600000 1.995040 28.647358 -4771.087819 -2185.515933
2.650000 1.993103 29.356496 -4661.174950 -2078.113247
2.700000 2.037140 28.632071 -4780.790434 -2140.656539
2.750000 1.993308 28.168806 -4843.952605 -2260.625926
2.800000 1.994004 28.027847 -4869.989821 -2285.760683
2.850000 1.981972 29.178114 -4689.711348 -2121.075036
2.900000 2.001220 29.339391 -4666.414555 -2072.833917
2.950000 2.012829 28.109267 -4857.075066 -2248.449274
3.000000 2.004143 28.647618 -4772.049483 -2174.680679
3.050000 2.007968 28.952946 -4733.392919 -2131.066821
3.100000 2.007968 28.546757 -4787.855136 -2185.528329
3.150000 1.999467 28.278491 -4827.505446 -2236.195746
3.200000 2.001440 28.545340 -4788.710098 -2194.843544
3.250000 1.990894 29.397251 -4659.716015 -2079.517757
3.300000 1.999050 29.340547 -4669.903784 -2079.134583
3.350000 2.008227 28.624186 -4781.140798 -2178.478537
3.400000 1.999476 28.467359 -4807.340710 -2216.020096
3.450000 1.983430 29.149076 -4694.267667 -2123.742632
3.500000 2.035002 28.899039 -4746.725701 -2109.363047
3.550000 2.003134 28.739641 -4767.575198 -2171.513639
3.600000 1.995210 28.613782 -4781.617313 -2195.825044
3.650000 2.008141 28.943586 -4732.840953 -2130.290687
3.700000 2.009336 29.628865 -4622.076105 -2017.976133
3.750000 1.997307 29.144047 -4700.270955 -2111.760633
3.800000 1.994647 29.089264 -4703.209961 -2118.147981
3.850000 2.024159 28.320458 -4832.430760 -2209.121311
3.900000 1.995705 28.789801 -4753.984059 -2167.550434
3.950000 2.008456 28.935720 -4735.320499 -2132.361037
4.000000 2.011811 28.668919 -4771.291637 -2163.984821
4.050000 2.008761 28.910295 -4735.717615 -2132.363825
4.100000 2.003619 28.352993 -4816.140232 -2219.450551
4.150000 2.000838 28.394306 -4813.062512 -2219.975982
4.200000 1.971921 29.978614 -4565.914454 -2010.304309
4.250000 2.032028 28.629023 -4790.667571 -2157.158779
4.300000 1.982951 28.114092 -4852.940147 -2283.035098
4.350000 1.991987 29.066501 -4707.717731 -2126.102597
4.400000 1.996222 29.016466 -4717.542575 -2130.438413
4.450000 1.969898 28.826214 -4748.748624 -2195.761274
4.500000 2.021535 28.596207 -4794.398785 -2174.488815
4.550000 1.979732 29.243999 -4681.079403 -2115.346881
4.600000 2.012556 28.582923 -4790.290524 -2182.017367
4.650000 1.988820 28.936880 -4733.689080 -2156.178087
4.700000 2.008884 28.256775 -4839.769094 -2236.256062
4.750000 1.996502 28.484255 -4800.181105 -2212.715121
4.800000 1.999256 29.330642 -4673.786984 -2082.750731
4.850000 2.007024 28.749284 -4766.643949 -2165.541322
4.900000 2.004605 28.316718 -4829.387880 -2231.420353
4.950000 1.991658 28.798194 -4755.538473 -2174.350145
5.000000 2.006061 28.820935 -4755.313970 -2155.458881
5.050000 1.999518 28.912103 -4738.420324 -2147.045065
5.100000 2.006506 29.170010 -4695.622162 -2095.190712
5.150000 2.008551 28.038961 -4873.010391 -2269.928659
5.200000 2.003730 29.372572 -4664.163589 -2067.329630
5.250000 2.000108 28.941056 -4729.698638 -2137.558576
5.300000 2.012924 28.774880 -4763.494118 -2154.744785
5.350000 2.007326 28.821455 -4756.885920 -2155.391685
5.400000 1.995130 28.870944 -4744.349509 -2158.660599
5.450000 2.008916 28.522392 -4790.540658 -2186.985382
5.500000 2.000150 28.992004 -4718.680133 -2126.486106
5.550000 1.977722 28.975394 -4725.160671 -2162.032779
5.600000 2.016261 29.074433 -4712.365108 -2099.291176
5.650000 1.989723 29.324733 -4680.633473 -2101.952035
5.700000 2.016479 28.281249 -4834.540205 -2221.183212
5.750000 2.004093 28.594641 -4786.762601 -2189.458212
5.800000 2.007203 29.029197 -4717.786849 -2116.451849
5.850000 2.002860 28.625387 -4781.264276 -2185.558233
5.900000 1.994911 28.708947 -4766.301793 -2180.897679
5.950000 1.983802 29.324255 -4664.963588 -2093.956012
6.000000 1.996688 28.756286 -4760.681009 -2172.973088
6.050000 2.001465 28.266679 -4833.978500 -2240.079492
6.100000 2.002499 29.318136 -4678.608107 -2083.369506
6.150000 1.998369 28.717343 -4760.546589 -2170.659807
6.200000 2.011356 28.420698 -4814.535501 -2207.818647
6.250000 2.000353 28.261142 -4831.754929 -2239.297134
6.300000 2.010917 28.402230 -4814.549177 -2208.400499
6.350000 1.992977 28.779529 -4752.021677 -2169.123733
6.400000 2.006587 28.785912 -4751.494055 -2150.956830
6.450000 1.989837 29.370864 -4661.214323 -2082.386069
6.500000 1.979046 29.299798 -4671.649706 -2106.806105
6.550000 2.008301 28.782189 -4755.111424 -2152.353778
6.600000 1.997887 28.168857 -4848.220183 -2258.958886
6.650000 1.981588 28.069815 -4858.694769 -2290.556100
6.700000 1.986358 29.354191 -4664.587180 -2090.266631
6.750000 2.008144 29.635584 -4629.297952 -2026.743574
6.800000 2.014532 28.830999 -4750.321590 -2139.488442
6.850000 1.974555 28.375621 -4813.582353 -2254.558786
6.900000 1.977190 29.455077 -4643.388822 -2080.950439
6.950000 2.010560 28.878367 -4742.767175 -2137.082024
7.000000 1.991953 28.294127 -4825.930087 -2244.359145
7.050000 2.015858 29.610566 -4632.048374 -2019.496768
7.100000 2.000907 29.002063 -4722.999759 -2129.824217
7.150000 1.984318 28.835756 -4745.905572 -2174.229565
7.200000 2.013279 28.909960 -4735.329850 -2126.120369
7.250000 1.999467 28.143583 -4851.447560 -2260.138390
7.300000 1.990000 29.194747 -4691.263129 -2112.223677
7.350000 2.003320 29.483485 -4653.829557 -2057.526933
7.400000 2.003565 28.381775 -4814.161902 -2217.541220
7.450000 1.990252 28.208780 -4840.392582 -2261.025617
7.500000 2.006333 17.855762 -5115.639668 -2515.431590
7.550000 1.997473 18.309359 -5031.002623 -2442.277060
7.600000 2.002632 18.201233 -5046.392547 -2450.981355
7.650000 1.987332 18.164937 -5060.306134 -2484.723469
7.700000 2.008492 18.045241 -5082.538998 -2479.533277
7.750000 1.975918 18.281386 -5029.322730 -2468.532658
7.800000 2.000831 17.466968 -5175.042687 -2581.966241
7.850000 2.001143 18.078599 -5065.550864 -2472.069742
7.900000 1.996114 16.909921 -5261.106818 -2674.142686
7.950000 1.983197 17.276904 -5197.795512 -2627.572287
8.000000 2.004430 17.592739 -5149.088089 -2551.346855
8.050000 1.990530 17.941843 -5085.942133 -2506.215603
8.100000 1.993140 17.577218 -5153.996517 -2570.886447
8.150000 2.024678 17.899502 -5105.521189 -2481.537903
8.200000 1.997590 17.409026 -5176.131913 -2587.255112
8.250000 2.006193 17.479753 -5172.970396 -2572.944142
8.300000 1.993905 17.960983 -5081.899012 -2497.798627
8.350000 2.000413 17.622268 -5144.151052 -2551.615312
8.400000 2.016152 17.296941 -5203.522982 -2590.589713
8.450000 1.994687 17.585623 -5141.877201 -2556.762646
8.500000 1.982106 18.138141 -5055.093410 -2486.284127
8.550000 2.020588 17.790636 -5123.688305 -2505.005710
8.600000 1.975492 17.976107 -5076.405179 -2516.167614
8.650000 2.014451 18.933162 -4930.410982 -2319.682922
8.700000 1.998396 18.058730 -5065.474619 -2475.553711
8.750000 2.003850 17.899189 -5099.749249 -2502.759409
8.800000 1.998425 17.225445 -5211.380310 -2621.421405
8.850000 1.999770 17.327942 -5185.822768 -2594.121380
8.900000 1.982070 17.989974 -5078.062093 -2509.299489
8.950000 2.002444 17.736150 -5122.721834 -2527.554459
9.000000 2.005351 17.335583 -5189.970534 -2591.036014
9.050000 1.998239 17.565614 -5147.895432 -2558.177917
9.100000 1.988190 17.711974 -5117.299186 -2540.604377
9.150000 1.994449 17.609814 -5151.220677 -2566.414634
9.200000 2.001524 17.839051 -5109.444279 -2515.469449
9.250000 2.006538 17.365793 -5186.515736 -2586.042041
9.300000 1.996387 17.502589 -5156.774540 -2569.457487
9.350000 2.000558 18.074690 -5073.022376 -2480.299027
9.400000 2.005459 18.192644 -5049.996148 -2450.920743
9.450000 2.004769 17.402626 -5183.734806 -2585.553820
9.500000 1.999594 17.900326 -5094.075570 -2502.601486
9.550000 1.998161 17.820786 -5114.158073 -2524.540890
9.600000 2.006836 18.126688 -5059.680012 -2458.820882
9.650000 1.989873 17.434562 -5177.079891 -2598.203995
9.700000 1.991847 18.126010 -5064.306913 -2482.873017
9.750000 1.989845 17.668405 -5132.851141 -2554.011858
9.800000 1.979782 17.658121 -5138.158033 -2572.360714
9.850000 2.008573 18.006829 -5088.122563 -2485.012160
9.900000 2.005938 18.142983 -5061.129583 -2461.434491
9.950000 1.995064 18.174814 -5053.073558 -2467.470692
10.000000 2.008600 17.436458 -5179.191515 -2576.045313
10.050000 2.007273 17.452912 -5169.354002 -2567.928067
10.100000 2.010407 17.544285 -5152.785302 -2547.297200
10.150000 1.997564 17.484649 -5159.811692 -2570.968215
10.200000 2.008450 16.943393 -5251.144062 -2648.192779
10.250000 1.990593 16.847364 -5259.442689 -2679.634548
10.300000 2.000905 18.425068 -5012.877978 -2419.704791
10.350000 1.996208 18.538795 -4990.700660 -2403.614452
10.400000 2.000972 18.238367 -5040.891455 -2447.631343
10.450000 2.008548 17.539904 -5157.535325 -2554.457699
10.500000 2.005967 17.077087 -5238.251550 -2638.518766
10.550000 2.004699 17.004872 -5233.630646 -2635.540149
10.600000 1.981129 17.492589 -5159.553188 -2592.010413
10.650000 1.996263 18.280445 -5037.790728 -2450.634315
10.700000 2.013823 17.563285 -5160.210777 -2550.296705
10.750000 1.983776 17.279765 -5193.490518 -2622.516742
10.800000 2.000844 17.749082 -5126.969103 -2533.874931
10.850000 1.989181 18.112729 -5057.927413 -2479.948384
10.900000 2.014589 17.472568 -5163.277404 -2552.370570
10.950000 1.992540 17.494953 -5154.489360 -2572.157174
11.000000 1.997328 17.703308 -5128.536565 -2539.998830
11.050000 2.009797 17.823066 -5113.195063 -2508.497600
11.100000 1.996920 17.838717 -5109.420884 -2521.412020
11.150000 1.977695 18.281916 -5029.854014 -2466.761192
11.200000 2.007724 18.448076 -5014.968514 -2412.958009
11.250000 1.988613 17.792109 -5112.889655 -2535.646559
11.300000 2.007203 17.197736 -5209.743474 -2608.408210
11.350000 2.000147 17.526607 -5162.538096 -2570.348193
11.400000 2.000288 18.478063 -5009.990948 -2417.618236
11.450000 1.994128 18.285760 -5030.390291 -2446.000296
11.500000 1.978973 18.171509 -5054.762452 -2490.013365
11.550000 2.004828 18.454052 -5010.177951 -2411.921242
11.600000 1.997696 17.579562 -5144.647663 -2555.634045
11.650000 2.015077 17.988452 -5082.269405 -2470.729106
11.700000 2.006652 16.998715 -5250.075898 -2649.454326
11.750000 1.997095 16.650260 -5295.715859 -2707.480274
11.800000 2.003579 17.329397 -5186.715191 -2590.077200
11.850000 1.993145 17.615652 -5140.754779 -2557.639452
11.900000 1.999898 17.351496 -5187.575793 -2595.708112
11.950000 1.994637 17.798748 -5122.786601 -2537.737298
12.000000 2.005541 17.286445 -5195.729567 -2596.548089
12.050000 1.982474 17.863730 -5103.178728 -2533.892717
12.100000 2.013194 17.483689 -5168.369465 -2559.269577
12.150000 1.995887 17.142987 -5221.312770 -2634.642725
12.200000 1.994318 17.811504 -5117.450501 -2532.814785
12.250000 2.008494 18.302311 -5041.655822 -2438.647281
12.300000 1.990617 18.681369 -4983.715935 -2403.875931
12.350000 1.985837 18.266765 -5043.167699 -2469.523054
12.400000 2.003802 17.287220 -5198.004639 -2601.076797
12.450000 2.010635 17.500474 -5154.105062 -2548.321935
12.500000 1.986924 17.421996 -5172.115543 -2597.062211
12.550000 1.997452 17.787840 -5119.638389 -2530.941126
12.600000 2.000549 17.863973 -5109.508814 -2516.797211
12.650000 1.986360 17.848578 -5106.316481 -2531.993561
12.700000 1.989137 18.531208 -4992.430739 -2414.508833
12.750000 1.994930 18.497700 -5003.777485 -2418.348771
12.800000 2.016829 18.306436 -5046.441031 -2432.631154
12.850000 2.010215 16.909092 -5269.177403 -2663.938652
12.900000 1.997673 17.344915 -5184.530738 -2595.546974
12.950000 1.977503 17.384984 -5174.589870 -2611.746472
13.000000 2.005221 17.437124 -5176.675818 -2577.909475
13.050000 2.003039 17.615407 -5149.742573 -2553.803533
13.100000 1.994172 18.448864 -5012.339648 -2427.892857
13.150000 1.997138 18.880590 -4948.932295 -2360.641717
13.200000 2.003267 18.258739 -5043.454124 -2447.220623
13.250000 2.012225 17.132836 -5216.298225 -2608.454724
13.300000 1.985294 17.499197 -5156.061714 -2583.120629
13.350000 2.004941 17.386843 -5184.630272 -2586.227230
13.400000 1.977504 17.661986 -5135.095289 -2572.250692
13.450000 2.021621 18.007325 -5089.281567 -2469.260349
13.500000 2.008429 16.868952 -5268.117688 -2665.193457
13.550000 2.004352 17.227739 -5203.214932 -2605.574723
13.600000 1.993105 17.286798 -5192.768226 -2609.703643
13.650000 2.016082 18.097383 -5069.922600 -2457.080268
13.700000 1.987755 17.606595 -5145.650386 -2569.520540
13.750000 2.010742 17.791061 -5122.647839 -2516.726325
13.800000 1.989821 17.636309 -5141.836058 -2563.028149
13.850000 2.000645 17.926552 -5091.975133 -2499.138809
13.900000 2.019690 18.177923 -5051.602364 -2434.084547
13.950000 1.984622 17.297700 -5189.758076 -2617.687990
14.000000 1.990999 17.834918 -5110.132222 -2529.797238
14.050000 2.006624 17.221303 -5216.057089 -2615.472993
14.100000 2.006991 17.930543 -5098.845996 -2497.785961
14.150000 1.992266 18.103331 -5065.195565 -2483.218395
14.200000 1.989711 17.929461 -5096.124528 -2517.459093
14.250000 2.018070 17.866487 -5104.393961 -2488.975242
14.300000 1.998515 17.802778 -5111.120832 -2521.045398
14.350000 2.010697 17.771108 -5116.157341 -2510.293686
14.400000 2.004222 17.278335 -5199.885092 -2602.413085
14.450000 1.995038 17.786228 -5114.253126 -2528.684201
14.500000 2.000226 18.032331 -5077.265519 -2484.972907
14.550000 2.003687 18.263177 -5037.361305 -2440.582612
14.600000 2.003181 18.315422 -5038.889679 -2442.766758
14.650000 2.004277 18.047188 -5076.855305 -2479.312671
14.700000 2.005613 16.841687 -5274.878540 -2675.604603
14.750000 1.996431 18.118418 -5065.208270 -2477.833572
14.800000 2.004191 17.593240 -5153.093121 -2555.661186
14.850000 1.998241 17.604063 -5147.658685 -2557.938849
14.900000 1.996946 17.745188 -5119.998519 -2531.956495
14.950000 1.985583 17.695498 -5125.015795 -2551.699783
15.000000 2.017472 14.935687 -4397.368690 -1782.724934
15.050000 1.977023 14.967631 -4387.803969 -1825.582676
15.100000 2.000278 15.320095 -4345.709735 -1753.349997
15.150000 2.011408 15.060046 -4384.463562 -1777.678968
15.200000 2.001889 15.038490 -4394.611888 -1800.163837
15.250000 1.992581 15.698143 -4276.583485 -1694.198040
15.300000 2.002073 15.567930 -4301.851888 -1707.165518
15.350000 1.998436 14.993307 -4400.244970 -1810.271406
15.400000 1.992354 15.626657 -4302.731868 -1720.641346
15.450000 2.002708 15.511042 -4323.395358 -1727.886136
15.500000 1.998620 14.798340 -4441.143052 -1850.931829
15.550000 2.005807 14.686862 -4461.655696 -1862.130460
15.600000 1.999132 14.697447 -4460.698507 -1869.823729
15.650000 1.998053 14.964682 -4417.197516 -1827.720976
15.700000 2.003360 15.323130 -4351.408859 -1755.054056
15.750000 1.994605 14.911918 -4412.999644 -1827.991710
15.800000 2.010918 15.376456 -4330.889208 -1724.739767
15.850000 1.975212 15.379201 -4330.713386 -1770.838993
15.900000 1.997562 14.896795 -4421.778832 -1832.939111
15.950000 1.999364 15.278229 -4358.923898 -1767.747803
16.000000 2.010760 15.409164 -4328.061661 -1722.117219
16.050000 1.982663 14.976632 -4398.960486 -1829.429448
16.100000 1.999050 15.522899 -4305.185408 -1714.416417
16.150000 2.012233 15.463743 -4321.647900 -1713.793983
16.200000 2.011249 15.674951 -4284.132131 -1677.553066
16.250000 2.000236 15.195703 -4363.504084 -1771.198716
16.300000 2.001367 15.603523 -4286.725097 -1692.953618
16.350000 1.990410 15.096527 -4385.924131 -1806.352881
16.400000 1.983496 16.128087 -4196.546106 -1625.934696
16.450000 2.021784 15.363664 -4341.100543 -1720.868563
16.500000 2.011756 14.592549 -4470.509657 -1863.273755
16.550000 1.994128 15.245400 -4354.340519 -1769.950971
16.600000 1.985398 15.587935 -4283.606693 -1710.531142
16.650000 1.994618 15.962704 -4237.355683 -1652.331265
16.700000 2.011368 15.940052 -4234.634360 -1627.901009
16.750000 2.007549 15.127523 -4376.806340 -1775.022787
16.800000 2.007561 14.892528 -4413.457378 -1811.658368
16.850000 1.995952 15.057796 -4377.606489 -1790.853145
16.900000 1.993920 15.287227 -4345.665672 -1761.545479
16.950000 2.004383 15.812157 -4268.217793 -1670.537416
17.000000 2.005673 16.034398 -4234.092505 -1634.740592
17.050000 2.016932 15.214921 -4376.194946 -1762.250517
17.100000 2.000273 15.088405 -4382.249959 -1789.896092
17.150000 2.008556 14.945982 -4415.923651 -1812.835547
17.200000 1.994598 15.656281 -4290.821307 -1705.822546
17.250000 1.991426 15.863016 -4264.041176 -1683.153549
17.300000 2.016131 15.025772 -4415.249721 -1802.343764
17.350000 1.995608 15.174124 -4377.799228 -1791.491306
17.400000 1.996580 14.816172 -4432.030639 -1844.462684
17.450000 1.989264 15.138454 -4367.468896 -1789.382181
17.500000 2.020552 15.194550 -4367.755902 -1749.120986
17.550000 1.986727 15.135331 -4373.903193 -1799.105234
17.600000 1.989334 15.396324 -4335.952082 -1757.775822
17.650000 2.009014 15.498366 -4310.559597 -1706.877145
17.700000 2.011626 15.473561 -4311.097321 -1704.029835
17.750000 2.003836 15.167583 -4371.634826 -1774.663728
17.800000 1.996057 14.972968 -4413.125563 -1826.236226
17.850000 2.002088 15.929478 -4246.252342 -1651.546115
17.900000 1.996266 15.567370 -4305.641477 -1718.480783
17.950000 2.007847 15.616195 -4283.539459 -1681.370071
18.000000 1.994057 15.582783 -4284.550612 -1700.253087
18.050000 2.000771 15.834401 -4258.241947 -1665.243124
18.100000 2.005196 15.558071 -4318.147077 -1719.412618
18.150000 2.002757 15.646445 -4300.530826 -1704.957495
18.200000 2.001513 15.227456 -4367.170150 -1773.208993
18.250000 2.003587 15.305211 -4349.035694 -1752.387162
18.300000 1.995103 15.125121 -4377.702147 -1792.049254
18.350000 2.008210 15.048728 -4398.223891 -1795.583494
18.400000 1.997015 15.394436 -4332.077133 -1743.945065
18.450000 1.996370 15.007040 -4402.646748 -1815.351182
18.500000 1.997574 15.813939 -4263.532868 -1674.677030
18.550000 2.017513 15.199336 -4382.663163 -1767.966480
18.600000 1.987951 15.803837 -4268.463455 -1692.078653
18.650000 2.008207 15.783752 -4275.076736 -1672.441063
18.700000 2.010409 15.636836 -4289.437629 -1683.947179
18.750000 2.009372 14.860630 -4426.288755 -1822.142317
18.800000 1.995578 14.759578 -4446.792585 -1860.522883
18.850000 2.003176 15.434554 -4328.091387 -1731.975863
18.900000 2.010513 14.891639 -4425.874069 -1820.248579
18.950000 1.995932 14.592542 -4475.460739 -1888.733228
19.000000 1.988718 15.318968 -4352.498293 -1775.119960
19.050000 2.005791 15.540585 -4312.142669 -1712.637890
19.100000 2.004093 15.574193 -4293.790571 -1696.486469
19.150000 2.000739 14.928237 -4407.134447 -1814.176424
19.200000 1.988325 14.773220 -4432.666264 -1855.796439
19.250000 1.999465 15.264629 -4354.823148 -1763.517127
19.300000 1.981130 15.264919 -4350.227337 -1782.683498
19.350000 2.015261 15.072168 -4389.558740 -1777.780612
19.400000 1.991367 14.896038 -4420.379623 -1839.567393
19.450000 2.011676 15.575826 -4296.905648 -1689.772905
19.500000 1.992097 15.014935 -4380.541649 -1798.784341
19.550000 2.014051 15.156490 -4372.779930 -1762.570372
19.600000 2.001488 15.112739 -4381.892097 -1787.963854
19.650000 1.983731 15.370527 -4333.981451 -1763.065783
19.700000 2.024988 14.522197 -4493.117592 -1868.733169
19.750000 1.999172 14.986449 -4400.358037 -1809.430509
19.800000 1.996386 14.877370 -4415.156732 -1827.840738
19.850000 1.986449 15.148755 -4368.496911 -1794.058949
19.900000 1.987163 14.900355 -4416.150785 -1840.787773
19.950000 1.992274 15.187081 -4371.694258 -1789.707569
20.000000 1.993850 15.009617 -4402.313030 -1818.283596
20.050000 2.021777 15.231581 -4372.836731 -1752.614062
20.100000 2.010014 15.175726 -4373.961942 -1768.984110
20.150000 2.021554 15.026840 -4396.152645 -1776.218065
20.200000 1.998389 15.301622 -4352.806697 -1762.894011
20.250000 2.015897 15.166102 -4383.068588 -1770.466239
20.300000 1.988796 15.394210 -4348.122180 -1770.642327
20.350000 1.996610 15.633415 -4304.132692 -1716.525995
20.400000 1.990058 15.342434 -4349.205646 -1770.089989
20.450000 2.024492 15.268398 -4353.303515 -1729.562259
20.500000 1.988976 15.120219 -4370.301175 -1792.588852
20.550000 2.011218 15.143420 -4378.031239 -1771.493335
20.600000 1.998178 14.649312 -4455.829121 -1866.190558
20.650000 2.001588 15.040262 -4384.534794 -1790.477247
20.700000 2.010791 15.015368 -4394.502096 -1788.516922
20.750000 1.999674 15.501153 -4324.172803 -1732.595565
20.800000 1.992447 15.589856 -4303.975163 -1721.764369
20.850000 2.010285 15.460030 -4326.822101 -1721.492858
20.900000 1.994662 15.497038 -4327.087489 -1742.005280
20.950000 2.023168 15.509057 -4323.633327 -1701.607374
21.000000 1.994569 14.621315 -4483.173935 -1898.212714
21.050000 2.001810 15.718495 -4291.860977 -1697.515144
21.100000 1.988145 15.920351 -4247.452213 -1670.815692
21.150000 2.004551 15.444798 -4326.178532 -1728.280720
21.200000 1.985088 15.191350 -4365.896040 -1793.221480
21.250000 2.017634 15.501447 -4325.170799 -1710.317578
21.300000 2.003943 15.380108 -4327.210245 -1730.099556
21.350000 2.012749 15.347155 -4341.057837 -1732.535496
21.400000 1.983258 16.099837 -4200.750937 -1630.448115
21.450000 2.011073 15.377280 -4329.142178 -1722.791902
21.500000 1.992564 14.989074 -4392.132886 -1809.770470
21.550000 2.003820 15.111874 -4383.702070 -1786.751399
21.600000 2.004481 15.659074 -4283.000759 -1685.192808
21.650000 1.992030 15.993766 -4215.656286 -1633.985802
21.700000 1.994223 15.206628 -4365.134714 -1780.621754
21.750000 2.005652 15.965162 -4237.491179 -1638.165586
21.800000 2.025777 15.133520 -4377.380537 -1751.973834
21.850000 1.988405 14.978714 -4399.119254 -1822.146501
21.900000 1.984947 15.581245 -4307.162250 -1734.670634
21.950000 2.004930 15.589099 -4292.097621 -1693.708333
22.000000 1.999553 15.342728 -4338.565833 -1747.145420
22.050000 2.008049 15.379897 -4325.921570 -1723.489542
22.100000 1.985181 15.049361 -4380.033765 -1807.239678
22.150000 2.006570 15.329391 -4340.172360 -1739.658215
22.200000 1.984167 15.219439 -4360.951144 -1789.470475
22.250000 1.997745 15.659900 -4279.558154 -1690.480031
22.300000 1.987560 15.115201 -4363.029077 -1787.151813
22.350000 1.990401 15.675122 -4271.823677 -1692.264585
22.400000 2.001590 15.181401 -4379.374229 -1785.313762
22.450000 2.002464 16.171808 -4196.486674 -1601.293882
22.500000 1.990362 8.880385 -4376.617095 -1797.108462
22.550000 1.993656 9.064047 -4349.577213 -1765.799118
22.600000 1.991628 9.472269 -4283.856019 -1702.706027
22.650000 2.000372 9.572393 -4280.225785 -1687.743716
22.700000 2.014891 9.986893 -4209.945372 -1598.646215
22.750000 1.993000 9.720838 -4262.759549 -1679.832144
22.800000 2.013738 9.268483 -4343.389384 -1733.584913
22.850000 2.003221 9.261252 -4315.587050 -1719.413167
22.900000 1.990844 9.074258 -4346.120742 -1765.986384
22.950000 2.007827 8.836905 -4406.216289 -1804.072382
23.000000 2.009871 9.072120 -4362.412458 -1757.619208
23.050000 1.976796 9.378173 -4314.353999 -1752.426959
23.100000 2.013240 9.020821 -4394.335685 -1785.177073
23.150000 2.002726 9.534621 -4266.470379 -1670.937365
23.200000 1.993776 9.087809 -4356.420553 -1772.486403
23.250000 1.998047 9.124768 -4355.109087 -1765.639812
23.300000 2.004043 8.483365 -4464.206216 -1866.966294
23.350000 1.974839 8.443203 -4461.286487 -1901.895658
23.400000 2.007713 8.868366 -4391.843774 -1789.848279
23.450000 1.993901 8.534359 -4455.846651 -1871.751425
23.500000 1.999395 8.942968 -4384.916691 -1793.700216
23.550000 1.999152 8.849068 -4410.243900 -1819.342867
23.600000 1.999008 9.172422 -4350.545064 -1759.830226
23.650000 1.999639 9.008913 -4369.472523 -1777.940482
23.700000 1.988123 8.753818 -4417.208929 -1840.600966
23.750000 1.997636 9.104055 -4361.846477 -1772.909831
23.800000 1.995295 9.403494 -4303.178804 -1717.276073
23.850000 1.997954 9.297128 -4323.811602 -1734.463865
23.900000 1.995154 9.402313 -4293.172692 -1707.452489
23.950000 1.995313 9.163672 -4332.736686 -1746.811235
24.000000 1.991578 9.001332 -4370.695905 -1789.610389
24.050000 2.004766 9.487096 -4283.343381 -1685.166075
24.100000 1.997815 9.041518 -4359.156429 -1769.988585
24.150000 2.001214 8.974576 -4377.320004 -1783.746607
24.200000 1.987712 9.426722 -4297.491708 -1721.417301
24.250000 1.998934 8.864296 -4399.610419 -1808.991935
24.300000 1.999202 9.025437 -4372.988065 -1782.022769
24.350000 1.994280 9.201684 -4342.262064 -1757.675796
24.400000 2.002607 9.028398 -4371.223067 -1775.844721
24.450000 2.001962 9.016190 -4368.195127 -1773.652526
24.500000 1.994471 8.485727 -4458.584023 -1873.749592
24.550000 2.003376 8.646888 -4429.546477 -1833.171714
24.600000 1.998282 8.798609 -4396.542588 -1806.768615
24.650000 1.990124 8.829296 -4394.328523 -1815.127642
24.700000 2.003685 9.345549 -4298.540017 -1701.763743
24.750000 2.008908 9.083081 -4351.356573 -1747.811991
24.800000 2.003000 9.035684 -4370.832708 -1774.944953
24.850000 1.991294 9.112838 -4354.645169 -1773.928256
24.900000 2.008375 8.662842 -4427.914561 -1825.060657
24.950000 2.003667 9.140354 -4338.486045 -1741.733794
25.000000 1.996163 9.240065 -4331.798733 -1744.771187
25.050000 2.009067 9.114082 -4350.439067 -1746.688224
25.100000 2.003117 8.613900 -4435.552638 -1839.513130
25.150000 1.982069 9.137791 -4329.013112 -1760.251232
25.200000 2.011888 8.948373 -4374.175533 -1766.769292
25.250000 1.995868 8.984932 -4373.845254 -1787.200794
25.300000 2.020688 8.870459 -4410.509468 -1791.698255
25.350000 1.991226 8.670573 -4440.553902 -1859.925112
25.400000 2.005915 9.010162 -4377.178273 -1777.512796
25.450000 1.982669 9.657241 -4257.216701 -1687.678242
25.500000 2.008164 9.211731 -4347.401737 -1744.821308
25.550000 1.995158 9.310625 -4329.972464 -1744.247167
25.600000 2.010144 9.371402 -4327.681884 -1722.534762
25.650000 2.005787 9.929825 -4224.425478 -1624.925580
25.700000 1.999909 9.561397 -4287.511327 -1695.629629
25.750000 2.003141 9.312457 -4325.197468 -1729.126456
25.800000 1.992593 9.033176 -4362.778016 -1780.377151
25.850000 1.992123 9.525861 -4273.584028 -1691.793005
25.900000 2.006105 8.940504 -4390.812302 -1790.899911
25.950000 1.992768 8.680248 -4436.464478 -1853.837289
26.000000 1.995598 9.737468 -4235.227401 -1648.933032
26.050000 2.014934 9.192244 -4345.619933 -1734.266083
26.100000 1.991183 8.821966 -4406.993144 -1826.420080
26.150000 2.008976 9.049762 -4348.643447 -1745.010608
26.200000 1.999059 8.639798 -4422.963644 -1832.183419
26.250000 1.987323 9.106620 -4332.551338 -1756.981274
26.300000 1.992278 9.840917 -4200.006665 -1618.014602
26.350000 2.004234 9.132671 -4346.307665 -1748.820504
26.400000 2.000770 8.945631 -4370.881802 -1777.883464
26.450000 1.987807 9.110455 -4353.737410 -1777.539983
26.500000 2.007664 9.272590 -4327.019251 -1725.086945
26.550000 1.982612 8.984354 -4382.396092 -1812.931491
26.600000 1.996893 9.187925 -4343.384195 -1755.411207
26.650000 1.998108 9.191915 -4332.642002 -1743.094337
26.700000 1.994236 9.339074 -4288.946475 -1704.416666
26.750000 1.999899 8.953413 -4375.799172 -1783.930443
26.800000 1.997595 9.516167 -4272.867495 -1683.984835
26.850000 1.989789 9.716414 -4231.507613 -1652.740725
26.900000 2.033561 9.070671 -4360.284309 -1724.789763
26.950000 1.979780 8.573378 -4444.837586 -1879.042158
27.000000 2.002306 9.213174 -4337.466530 -1742.478008
27.050000 2.003794 9.041837 -4372.154849 -1775.237226
27.100000 1.983884 9.427586 -4303.727828 -1732.613909
27.150000 2.010424 9.149319 -4349.660071 -1744.150294
27.200000 2.004400 8.869506 -4397.520967 -1799.818792
27.250000 1.991415 8.798998 -4400.140346 -1819.266517
27.300000 1.999310 9.173735 -4316.418995 -1725.313010
27.350000 1.990855 9.022083 -4359.390505 -1779.242674
27.400000 2.012661 8.987159 -4381.602332 -1773.193888
27.450000 2.001070 9.115992 -4350.020841 -1756.633625
27.500000 1.980309 9.207065 -4330.984243 -1764.503177
27.550000 1.994557 9.664785 -4232.282537 -1647.336103
27.600000 2.011114 9.656693 -4245.432277 -1639.029149
27.650000 1.997376 9.175965 -4339.769314 -1751.170194
27.700000 2.009370 9.013109 -4373.347020 -1769.203305
27.750000 1.998030 8.712766 -4428.033484 -1838.586518
27.800000 1.999940 8.801966 -4411.816984 -1819.894304
27.850000 2.014371 8.907904 -4386.106986 -1775.482505
27.900000 1.978451 8.964285 -4366.160913 -1802.088489
27.950000 2.015439 9.166757 -4329.561542 -1717.552655
28.000000 1.990177 9.108083 -4341.465346 -1762.196378
28.050000 2.009350 9.344991 -4300.231858 -1696.113680
28.100000 1.999836 9.086644 -4351.925062 -1760.137571
28.150000 2.011201 8.856688 -4399.923055 -1793.406318
28.200000 1.995459 8.665521 -4419.803957 -1833.689246
28.250000 1.991604 8.980918 -4365.646633 -1784.527540
28.300000 2.000140 9.574304 -4259.881526 -1667.700506
28.350000 2.009920 8.843590 -4408.786557 -1803.929911
28.400000 2.012031 8.821660 -4408.658565 -1801.066146
28.450000 1.994833 8.801836 -4413.910398 -1828.607425
28.500000 1.979382 8.702287 -4445.086561 -1879.807093
28.550000 1.992136 9.312028 -4316.974397 -1735.165819
28.600000 2.005204 9.113034 -4349.405713 -1750.661842
28.650000 1.995837 9.175938 -4336.495400 -1749.891241
28.700000 2.003549 8.849651 -4391.131727 -1794.532150
28.750000 2.009025 8.647821 -4436.647502 -1832.951608
28.800000 2.000247 8.797490 -4412.253987 -1819.934132
28.850000 1.997216 8.795343 -4414.851161 -1826.459784
28.900000 2.012117 9.384434 -4296.417235 -1688.714232
28.950000 1.993694 8.915215 -4397.030626 -1813.203358
29.000000 2.006109 8.782733 -4423.309873 -1823.392552
29.050000 2.007116 8.546351 -4454.282288 -1853.059362
29.100000 1.993198 8.752860 -4403.817721 -1820.633161
29.150000 2.000378 9.023842 -4368.964711 -1776.474511
29.200000 1.995157 9.645989 -4256.138879 -1670.415536
29.250000 2.000375 9.425671 -4308.282157 -1715.796178
29.300000 2.017556 9.053328 -4355.312423 -1740.559233
29.350000 1.988624 8.882582 -4378.616418 -1801.360280
29.400000 1.993542 8.872565 -4384.496234 -1800.865581
29.450000 2.006283 8.678606 -4422.459375 -1822.316222
29.500000 1.989974 8.903439 -4375.882247 -1796.875513
29.550000 2.005037 8.891581 -4389.078563 -1790.550915
29.600000 1.992234 9.149372 -4348.404845 -1766.468965
29.650000 2.002941 9.345766 -4337.498834 -1741.687622
29.700000 1.996909 9.693720 -4260.563145 -1672.569642
29.750000 1.992120 9.527074 -4274.330966 -1692.542908
29.800000 2.000236 9.235524 -4328.832112 -1736.526232
29.850000 1.992385 8.664325 -4445.163854 -1863.032545
29.900000 2.001636 8.802140 -4413.106955 -1818.987173
29.950000 1.989282 9.070495 -4362.508664 -1784.398925
30.000000 1.991646 5.099610 -4128.468431 -1547.295156
30.050000 1.998266 5.077393 -4137.432135 -1547.679562
30.100000 2.003362 5.397790 -4076.134474 -1479.777496
30.150000 1.998135 5.181054 -4119.189799 -1529.607484
30.200000 2.021078 5.215898 -4109.573309 -1490.256122
30.250000 1.994411 5.104571 -4137.757745 -1553.001685
30.300000 2.002387 5.088415 -4145.941446 -1550.848070
30.350000 2.008288 4.988355 -4170.467462 -1567.725927
30.400000 2.005502 5.054196 -4149.209490 -1550.079375
30.450000 2.007544 4.777400 -4195.321873 -1593.545273
30.500000 1.992340 4.744066 -4198.112210 -1616.040208
30.550000 1.998932 4.831003 -4195.887941 -1605.272284
30.600000 1.991144 5.305340 -4104.482959 -1523.960056
30.650000 2.002973 5.196142 -4135.112811 -1539.260439
30.700000 2.001668 5.080678 -4156.507238 -1562.345660
30.750000 2.000890 5.071944 -4158.140033 -1564.986315
30.800000 1.990528 4.894429 -4192.442797 -1612.719131
30.850000 2.005331 5.189576 -4134.113654 -1535.205154
30.900000 2.008378 4.953266 -4183.297499 -1580.439536
30.950000 1.982445 5.107970 -4157.446056 -1588.197376
31.000000 2.014988 5.356856 -4108.434004 -1497.010107
31.050000 2.003183 5.209271 -4134.550405 -1538.425133
31.100000 1.997961 5.126588 -4153.843527 -1564.485527
31.150000 2.013308 5.238108 -4120.989237 -1511.742557
31.200000 2.001980 5.077840 -4153.008648 -1558.442657
31.250000 1.995348 5.312581 -4102.103125 -1516.131731
31.300000 2.007445 4.889650 -4199.849117 -1598.200479
31.350000 1.999396 5.253201 -4125.690942 -1534.473325
31.400000 1.990266 5.625361 -4059.415489 -1480.030442
31.450000 2.001209 5.718431 -4042.343354 -1448.776544
31.500000 1.995673 6.098143 -3959.416448 -1373.024670
31.550000 2.001674 5.904673 -3993.550021 -1399.380315
31.600000 2.004611 5.327817 -4117.208011 -1519.232324
31.650000 1.998313 5.345997 -4110.427971 -1520.614964
31.700000 1.995258 5.352020 -4115.729513 -1529.875189
31.750000 1.997860 5.380491 -4108.580793 -1519.354633
31.800000 1.996174 5.483251 -4079.539698 -1492.498774
31.850000 1.981773 5.380863 -4099.791348 -1531.413609
31.900000 2.003980 5.473165 -4084.052254 -1486.893790
31.950000 2.006687 5.469447 -4080.847139 -1480.180632
32.000000 1.996997 5.219359 -4117.844063 -1529.736206
32.050000 1.991176 5.269718 -4111.849566 -1531.285371
32.100000 1.997353 5.306473 -4124.408450 -1535.838932
32.150000 1.995459 5.383142 -4112.116393 -1526.001680
32.200000 2.004339 5.233642 -4130.979748 -1533.356506
32.250000 2.002492 5.399353 -4075.679555 -1480.450538
32.300000 1.989672 5.177784 -4133.558248 -1554.943198
32.350000 2.010214 5.498189 -4076.822009 -1471.585263
32.400000 1.998530 5.368988 -4115.710967 -1525.615944
32.450000 2.007400 5.365345 -4115.865696 -1514.275695
32.500000 1.993881 5.092235 -4169.229357 -1585.159143
32.550000 2.002803 5.668737 -4050.818251 -1455.185991
32.600000 1.998929 5.280864 -4139.879145 -1549.266776
32.650000 2.003185 5.362535 -4119.251162 -1523.123495
32.700000 1.988260 5.331796 -4123.935091 -1547.149523
32.750000 2.009320 5.179313 -4158.921909 -1554.843007
32.800000 1.991498 5.350312 -4107.902143 -1526.920543
32.850000 1.995524 5.244035 -4124.989705 -1538.790352
32.900000 2.000141 5.188358 -4129.578110 -1537.395759
32.950000 2.004188 4.980723 -4173.557653 -1576.130623
33.000000 1.997378 5.319985 -4101.954840 -1513.352777
33.050000 1.990573 5.553809 -4065.108692 -1485.326548
33.100000 2.003532 5.318850 -4115.008758 -1518.431762
33.150000 2.003101 5.290977 -4114.360325 -1518.341405
33.200000 2.002541 5.292758 -4120.906155 -1525.612973
33.250000 2.011335 5.323752 -4128.143937 -1521.453233
33.300000 1.989665 5.449639 -4096.002632 -1517.396531
33.350000 2.003870 5.211775 -4138.390726 -1541.375701
33.400000 1.994442 5.182563 -4148.671129 -1563.873654
33.450000 1.992965 5.506286 -4083.860271 -1500.978028
33.500000 2.010150 5.221221 -4138.317083 -1533.162698
33.550000 1.990589 5.325671 -4101.978040 -1522.175155
33.600000 1.993983 5.258327 -4112.154416 -1527.951893
33.650000 2.010951 4.815554 -4202.810471 -1596.617758
33.700000 1.986184 5.249475 -4122.019155 -1547.924208
33.750000 1.993902 5.931742 -4001.029290 -1416.932459
33.800000 2.004079 5.679223 -4050.305980 -1453.019569
33.850000 2.001351 5.227247 -4123.851218 -1530.100144
33.900000 1.999288 5.143621 -4141.409290 -1550.332277
33.950000 2.005758 5.056894 -4165.335094 -1565.872521
34.000000 1.984177 5.506329 -4071.586539 -1500.093300
34.050000 2.003243 5.255386 -4131.020867 -1534.817379
34.100000 2.006491 4.941867 -4196.883045 -1596.470152
34.150000 1.987462 4.831623 -4216.093427 -1640.343249
34.200000 2.001347 4.989458 -4170.479783 -1576.733571
34.250000 1.993538 4.960841 -4161.841992 -1578.216906
34.300000 2.003337 5.165163 -4128.676583 -1532.352128
34.350000 2.010677 5.112773 -4146.072317 -1540.235566
34.400000 1.988733 5.387078 -4087.358668 -1509.961269
34.450000 2.007461 5.563072 -4070.474561 -1468.804633
34.500000 2.001625 5.703865 -4041.991405 -1447.885864
34.550000 2.002571 5.724895 -4025.960704 -1430.629044
34.600000 2.010983 5.371708 -4090.866513 -1484.632837
34.650000 2.010921 5.137771 -4149.162951 -1543.009960
34.700000 1.994263 4.945864 -4186.076491 -1601.511009
34.750000 1.995208 5.333478 -4106.421313 -1520.632377
34.800000 2.006618 5.739083 -4022.533297 -1421.955912
34.850000 1.993415 5.256775 -4122.968408 -1539.502474
34.900000 2.000169 5.328303 -4103.472192 -1511.253055
34.950000 2.007867 5.374360 -4087.479638 -1485.283372
35.000000 1.991066 5.214056 -4124.132747 -1543.710908
35.050000 2.002482 5.485889 -4061.147351 -1465.930551
35.100000 2.008530 5.010110 -4165.911757 -1562.857483
35.150000 1.985789 5.420903 -4083.454522 -1509.872067
35.200000 1.998689 5.621032 -4066.127980 -1475.827018
35.250000 2.002103 5.385558 -4109.445413 -1514.720538
35.300000 1.988883 5.429521 -4075.842123 -1498.249984
35.350000 2.003092 5.127346 -4139.985352 -1543.978155
35.400000 1.992363 5.295535 -4109.973960 -1527.871229
35.450000 1.999393 5.183898 -4148.231011 -1557.017289
35.500000 2.012394 5.676468 -4044.579430 -1436.517295
35.550000 2.003350 5.439593 -4088.271788 -1491.930236
35.600000 2.005960 5.051959 -4167.773369 -1568.048666
35.650000 1.984668 5.542771 -4064.604541 -1492.474350
35.700000 2.004054 5.907150 -3992.030263 -1394.776834
35.750000 2.002180 5.431401 -4077.290867 -1482.465049
35.800000 2.009008 4.482158 -4274.422565 -1670.747608
35.850000 1.984027 4.899159 -4182.637263 -1611.337940
35.900000 1.999064 5.062056 -4159.687264 -1568.900232
35.950000 2.007029 5.154560 -4147.263900 -1546.154160
36.000000 1.994359 4.938128 -4173.634642 -1588.945030
36.050000 1.987150 5.039807 -4148.239449 -1572.892454
36.100000 1.997435 5.198912 -4123.985652 -1535.309583
36.150000 1.998292 5.777828 -4011.007198 -1421.220983
36.200000 2.002763 5.495286 -4081.674445 -1486.093412
36.250000 1.996129 5.048765 -4168.449509 -1581.466817
36.300000 1.999960 5.168254 -4149.051306 -1557.103335
36.350000 2.000530 5.573099 -4062.565391 -1469.879061
36.400000 1.990255 5.324374 -4117.027446 -1537.656798
36.450000 1.988155 5.472087 -4072.636346 -1495.987824
36.500000 2.001846 5.498949 -4070.999675 -1476.606884
36.550000 1.999817 5.625937 -4054.494644 -1462.731903
36.600000 2.010557 5.410363 -4094.721103 -1489.038627
36.650000 2.004294 5.153777 -4144.587284 -1547.021747
36.700000 1.980213 5.907777 -3984.387118 -1418.030919
36.750000 2.002607 5.200945 -4144.752051 -1549.372879
36.800000 1.997494 5.403261 -4092.560746 -1503.809107
36.850000 2.000728 5.181526 -4144.774102 -1551.829988
36.900000 2.004144 5.333780 -4113.125043 -1515.753932
36.950000 2.001423 5.357231 -4094.963309 -1501.118645
37.000000 1.994169 5.262976 -4111.486858 -1527.043626
37.050000 1.999870 5.436739 -4084.460335 -1492.629145
37.100000 1.985533 5.277459 -4114.262951 -1541.011788
37.150000 1.992914 5.533474 -4065.572370 -1482.755692
37.200000 1.985706 5.438403 -4082.765321 -1509.289926
37.250000 2.011817 5.285925 -4104.185740 -1496.871295
37.300000 1.990865 4.928188 -4173.898868 -1593.737955
37.350000 1.991565 5.276977 -4113.650706 -1532.582855
37.400000 1.998089 5.826589 -4005.415077 -1415.891711
37.450000 2.012383 5.787754 -4013.251641 -1405.202812
37.500000 2.002984 2.341971 -3857.681357 -1261.814388
37.550000 2.001859 2.471113 -3836.912275 -1242.503628
37.600000 1.996304 2.671179 -3800.161541 -1212.951761
37.650000 2.005034 3.193640 -3685.265418 -1086.741510
37.700000 1.998147 3.250284 -3663.432160 -1073.833400
37.750000 1.992023 2.940941 -3729.398920 -1147.737233
37.800000 2.004041 2.620124 -3807.379943 -1210.142691
37.850000 1.991150 3.027304 -3713.575035 -1133.045171
37.900000 2.001656 2.969800 -3737.079362 -1142.933606
37.950000 2.003064 2.914533 -3737.206106 -1141.235225
38.000000 2.000957 2.831648 -3743.206998 -1149.967319
38.050000 1.997671 2.980729 -3711.195502 -1122.213966
38.100000 2.002920 3.029415 -3715.832178 -1120.047368
38.150000 1.987316 3.278463 -3665.458881 -1089.897334
38.200000 2.001032 3.288209 -3675.481104 -1082.143522
38.250000 2.006033 3.131344 -3715.383057 -1115.564344
38.300000 2.004227 3.174659 -3697.866009 -1100.387511
38.350000 1.989921 2.980173 -3737.745526 -1158.808521
38.400000 2.000635 3.099858 -3703.896328 -1111.072842
38.450000 1.986360 3.129534 -3700.492780 -1126.169847
38.500000 2.007774 3.005760 -3740.682895 -1138.607390
38.550000 1.999249 3.079273 -3715.450784 -1124.424670
38.600000 2.001337 3.070640 -3718.573093 -1124.840296
38.650000 1.997551 2.947452 -3744.849112 -1156.023605
38.700000 1.995508 2.870733 -3763.729116 -1177.551005
38.750000 1.997547 2.907992 -3746.761864 -1157.940653
38.800000 1.991960 3.046331 -3716.982216 -1135.401436
38.850000 2.004204 3.210515 -3694.987333 -1097.539580
38.900000 2.012573 2.990184 -3748.882600 -1140.587821
38.950000 1.995091 2.744904 -3804.459667 -1218.822005
39.000000 1.983380 3.026143 -3737.000094 -1166.539745
39.050000 2.004590 2.885973 -3773.055190 -1175.107122
39.100000 2.003554 2.957574 -3738.390421 -1141.784917
39.150000 1.990469 2.756342 -3786.389408 -1206.741940
39.200000 2.004605 2.888900 -3753.626135 -1155.657903
39.250000 1.994527 2.738007 -3791.360273 -1206.453241
39.300000 1.994593 2.906133 -3756.225659 -1171.232766
39.350000 2.004739 3.138031 -3699.381599 -1101.240141
39.400000 2.003115 2.802309 -3782.281564 -1186.244450
39.450000 2.001536 3.183664 -3689.584467 -1095.593447
39.500000 2.004611 2.991138 -3755.474795 -1157.499510
39.550000 1.992126 3.372000 -3659.328753 -1077.533647
39.600000 1.995242 3.207264 -3699.835140 -1114.001718
39.650000 1.999403 3.481076 -3632.986250 -1041.759577
39.700000 2.006693 3.071009 -3720.150058 -1119.475455
39.750000 1.999805 3.032543 -3716.897367 -1125.149506
39.800000 1.996676 3.103452 -3696.611701 -1108.919885
39.850000 1.997534 3.055749 -3717.352178 -1128.547779
39.900000 1.996948 3.110070 -3710.633380 -1122.589370
39.950000 2.000111 2.829804 -3773.242130 -1181.098900
40.000000 2.004314 2.900527 -3741.830642 -1144.239629
40.050000 1.998479 3.120877 -3687.611434 -1097.583188
40.100000 2.007505 2.933253 -3735.738939 -1134.012036
40.150000 2.002392 3.188214 -3666.405503 -1071.305771
40.200000 1.997578 3.030979 -3692.587122 -1103.726391
40.250000 2.013758 2.785230 -3750.856752 -1141.026977
40.300000 1.996536 2.539046 -3813.386784 -1225.876667
40.350000 1.991241 2.867648 -3736.083405 -1155.435488
40.400000 1.991194 2.882037 -3743.257165 -1162.669174
40.450000 2.000328 3.492662 -3602.990425 -1010.565706
40.500000 1.990887 3.395264 -3629.446245 -1049.257013
40.550000 2.001838 3.297191 -3655.081879 -1060.700166
40.600000 2.005079 3.326810 -3633.016947 -1034.434532
40.650000 1.996194 2.892824 -3738.728232 -1151.660789
40.700000 2.004502 3.278571 -3657.820133 -1059.985366
40.750000 1.992614 3.266255 -3664.287191 -1081.859383
40.800000 2.003257 3.207558 -3673.993194 -1077.772421
40.850000 2.010917 2.914161 -3742.869355 -1136.721470
40.900000 2.000466 2.892395 -3745.430609 -1152.827233
40.950000 1.995277 2.798230 -3772.109592 -1186.230812
41.000000 2.001345 3.065279 -3701.443135 -1107.699665
41.050000 2.001277 3.152918 -3678.206163 -1084.550634
41.100000 1.998564 2.887071 -3742.482572 -1152.343952
41.150000 2.005519 2.878724 -3750.864865 -1151.712432
41.200000 2.000010 2.837901 -3761.348632 -1169.335535
41.250000 1.995911 2.743108 -3779.983740 -1193.283000
41.300000 2.006427 2.633617 -3805.271801 -1204.942433
41.350000 1.993414 2.463876 -3845.434868 -1261.970021
41.400000 1.992945 2.765901 -3778.778934 -1195.922094
41.450000 1.994200 3.078146 -3704.256956 -1119.774092
41.500000 1.999499 3.227407 -3669.909183 -1078.558022
41.550000 2.005955 3.021381 -3727.372923 -1127.655390
41.600000 1.997740 2.896640 -3748.034681 -1158.963608
41.650000 2.008542 2.674956 -3794.265487 -1191.195146
41.700000 2.004098 3.033228 -3702.894926 -1105.583604
41.750000 1.999823 2.906494 -3739.322562 -1147.551685
41.800000 1.998609 3.073670 -3705.059666 -1114.862546
41.850000 1.997407 3.200887 -3689.215755 -1100.576751
41.900000 2.000924 3.111213 -3716.800053 -1123.602532
41.950000 1.992578 3.090639 -3709.835874 -1127.454661
42.000000 1.995428 3.434794 -3617.706223 -1031.630906
42.050000 2.009856 3.216458 -3662.348051 -1057.574356
42.100000 1.994925 3.206079 -3651.367788 -1065.944443
42.150000 2.009844 2.827974 -3743.859742 -1139.101740
42.200000 1.997417 3.121865 -3665.835048 -1077.182500
42.250000 1.997601 2.874031 -3739.404174 -1150.513830
42.300000 1.989778 2.962796 -3734.618984 -1155.866848
42.350000 2.013255 3.022702 -3728.798294 -1119.619514
42.400000 1.985119 2.960113 -3737.446464 -1164.732131
42.450000 2.009206 3.227503 -3684.128245 -1080.197588
42.500000 1.996274 3.080266 -3715.663363 -1128.491773
42.550000 2.006100 3.028497 -3723.190972 -1123.285098
42.600000 1.997862 3.062553 -3721.396976 -1132.167934
42.650000 1.998397 3.399215 -3648.494346 -1058.571239
42.700000 2.009526 3.232622 -3677.599018 -1073.253910
42.750000 2.007875 2.884050 -3748.932101 -1146.726352
42.800000 1.999441 2.886335 -3752.538482 -1161.262645
42.850000 2.003853 3.017241 -3729.601697 -1132.608148
42.900000 1.987090 2.735815 -3792.549535 -1217.281119
42.950000 1.998939 2.875704 -3760.318761 -1169.693473
43.000000 2.002949 3.016228 -3719.656672 -1123.834177
43.050000 1.998373 2.930475 -3738.890390 -1148.999407
43.100000 1.986203 3.216597 -3668.968129 -1094.849069
43.150000 1.998068 2.919663 -3736.363618 -1146.867179
43.200000 1.992726 2.922051 -3732.687829 -1150.114577
43.250000 2.004312 3.028148 -3711.022766 -1113.434877
43.300000 2.005055 2.843573 -3757.581385 -1159.030667
43.350000 1.996781 3.140275 -3685.858801 -1098.029982
43.400000 1.999632 3.018329 -3718.786213 -1127.262521
43.450000 1.991086 3.216282 -3667.864770 -1087.417784
43.500000 1.998161 2.996498 -3735.429300 -1145.813007
43.550000 2.006247 3.190206 -3680.687140 -1080.591522
43.600000 2.000803 3.077385 -3692.488910 -1099.448133
43.650000 2.000063 3.070061 -3690.852601 -1098.770586
43.700000 2.011455 2.894234 -3745.272672 -1138.427535
43.750000 2.000575 3.126116 -3684.659812 -1091.914655
43.800000 2.000613 3.024974 -3716.835635 -1124.041786
43.850000 1.992604 3.517747 -3602.452114 -1020.037340
43.900000 1.996581 3.507449 -3612.407053 -1024.838246
43.950000 2.004398 3.410698 -3628.736530 -1031.036390
44.000000 2.002908 2.802567 -3774.677075 -1178.908098
44.050000 1.992670 3.103630 -3693.533668 -1111.033135
44.100000 1.990788 3.359770 -3646.338987 -1066.277500
44.150000 1.994576 3.409159 -3628.751922 -1043.782055
44.200000 2.019098 2.934943 -3738.379888 -1121.628264
44.250000 1.996304 3.058232 -3709.323385 -1122.112920
44.300000 1.992975 2.979374 -3747.022391 -1164.127235
44.350000 2.013760 3.027821 -3737.258545 -1127.425605
44.400000 1.985026 3.079634 -3711.730906 -1139.136867
44.450000 2.006533 3.082127 -3711.783525 -1111.316226
44.500000 1.991878 3.152926 -3681.059294 -1099.586017
44.550000 2.003993 2.757858 -3771.509024 -1174.334413
44.600000 2.001821 2.922353 -3726.227230 -1131.867035
44.650000 2.004318 2.793936 -3767.304082 -1169.708343
44.700000 2.003832 2.866106 -3754.787468 -1157.821703
44.750000 1.997666 3.079286 -3702.604609 -1113.630009
44.800000 2.002679 2.870408 -3739.230619 -1143.759220
44.850000 1.999355 2.567745 -3800.011492 -1208.847239
44.900000 2.002160 2.866607 -3726.369258 -1131.569944
44.950000 1.996570 2.962638 -3720.843150 -1133.287948
45.000000 2.007023 1.883279 -3216.949411 -615.847736
45.050000 1.999892 1.415786 -3319.085870 -727.226349
45.100000 1.998995 1.746939 -3211.905326 -621.207725
45.150000 2.004542 1.544847 -3276.937755 -679.050906
45.200000 1.994911 1.610479 -3261.441505 -676.037240
45.250000 1.997791 1.566293 -3276.169098 -687.032077
45.300000 1.998761 1.826256 -3209.531702 -619.136808
45.350000 2.004962 1.737050 -3243.451165 -645.020155
45.400000 2.005520 1.565227 -3292.233446 -693.079031
45.450000 1.998508 1.610546 -3274.513681 -684.447349
45.500000 2.002394 1.604846 -3280.248064 -685.145516
45.550000 1.996664 1.888405 -3194.704019 -607.027514
45.600000 2.005809 1.426940 -3319.610430 -720.081363
45.650000 1.996181 1.858221 -3188.317051 -601.266144
45.700000 1.999738 1.632938 -3261.772272 -670.111930
45.750000 1.998856 1.831581 -3209.790919 -619.273303
45.800000 2.000199 1.592759 -3276.936591 -684.678922
45.850000 1.993310 1.401927 -3332.477540 -749.148320
45.900000 1.998130 1.783345 -3233.626638 -644.049738
45.950000 2.000611 1.829763 -3236.134692 -643.342680
46.000000 2.003159 1.841213 -3244.283254 -648.189018
46.050000 1.996262 1.992381 -3200.109907 -612.954517
46.100000 1.998047 1.988495 -3206.322835 -616.853617
46.150000 2.000623 2.136059 -3181.879669 -589.072395
46.200000 2.006274 2.084832 -3195.351459 -595.220977
46.250000 1.999782 1.830406 -3247.596544 -655.878635
46.300000 2.003023 1.659481 -3280.789081 -684.871855
46.350000 2.002044 1.702768 -3259.811348 -665.162604
46.400000 2.005617 1.697220 -3255.606879 -656.327321
46.450000 2.014701 1.627306 -3273.596938 -662.544323
46.500000 1.989847 1.709526 -3249.675048 -670.833962
46.550000 2.004788 1.821021 -3229.959192 -631.754585
46.600000 2.002875 1.886790 -3212.689498 -616.963140
46.650000 1.996510 1.933286 -3197.549922 -610.072632
46.700000 1.998129 1.801827 -3233.148520 -643.573287
46.750000 2.009434 1.835490 -3221.754260 -617.527321
46.800000 2.002478 1.671061 -3267.323443 -672.111747
46.850000 1.999164 1.824818 -3232.966606 -642.049911
46.900000 2.007667 1.784169 -3253.647234 -651.710962
46.950000 1.996706 2.029075 -3172.322213 -584.591497
47.000000 2.004466 1.701860 -3259.958375 -662.170928
47.050000 1.987736 1.722068 -3257.272858 -681.166765
47.100000 2.005862 1.865800 -3234.626777 -635.029729
47.150000 1.991186 1.667624 -3293.410207 -712.832620
47.200000 2.000319 2.103402 -3165.549927 -573.136451
47.250000 2.004304 1.701752 -3288.116650 -690.538267
47.300000 2.000842 1.822634 -3248.125354 -655.034668
47.350000 1.997324 1.733251 -3259.712959 -671.180884
47.400000 1.992113 1.833583 -3233.825085 -652.046528
47.450000 2.009012 2.054751 -3174.849844 -571.169792
47.500000 1.998653 1.723800 -3258.524434 -668.269974
47.550000 1.998763 1.817724 -3221.928417 -631.531143
47.600000 2.001429 1.866432 -3213.217579 -619.365758
47.650000 1.996053 1.721880 -3259.870708 -672.986078
47.700000 1.994071 1.846541 -3231.809770 -647.493311
47.750000 2.002741 1.926664 -3214.303497 -618.751700
47.800000 1.995106 1.848393 -3225.340654 -639.682674
47.850000 2.004171 1.667413 -3267.934148 -670.528348
47.900000 1.992574 1.742352 -3238.733903 -656.358043
47.950000 1.993275 1.841514 -3212.442902 -629.157980
48.000000 2.000483 1.814822 -3219.339594 -626.713823
48.050000 2.000347 1.564079 -3268.458737 -676.009431
48.100000 1.999043 1.579053 -3250.578250 -659.819147
48.150000 1.994992 1.523308 -3267.349739 -681.839835
48.200000 2.000561 1.482926 -3288.201803 -695.474585
48.250000 1.999356 1.596591 -3274.516887 -683.351540
48.300000 1.996682 1.814125 -3232.980259 -645.280902
48.350000 1.999931 1.812728 -3241.718886 -649.808511
48.400000 2.003886 1.770611 -3241.706928 -644.671098
48.450000 1.999223 1.517510 -3309.229875 -718.237037
48.500000 1.997717 1.734700 -3250.817776 -661.775966
48.550000 2.000818 1.763243 -3234.125799 -641.065382
48.600000 1.999732 1.772735 -3220.316784 -628.663542
48.650000 2.001207 1.664810 -3260.984308 -667.420266
48.700000 2.004713 1.666603 -3269.656635 -671.548172
48.750000 1.989497 1.672870 -3263.461780 -685.073568
48.800000 2.003331 1.875048 -3213.383735 -617.067045
48.850000 2.007415 1.950209 -3189.304618 -587.695221
48.900000 2.000407 1.845227 -3211.882235 -619.354530
48.950000 2.000709 2.115340 -3130.528705 -537.610063
49.000000 2.006412 1.815943 -3213.907044 -613.597470
49.050000 2.000702 1.757758 -3228.103185 -635.193746
49.100000 1.987815 1.959024 -3184.747856 -608.539093
49.150000 2.012677 1.970087 -3194.226914 -585.798080
49.200000 1.996070 1.622088 -3280.719771 -693.813357
49.250000 1.997064 1.528039 -3295.318984 -707.123893
49.300000 1.995880 1.436050 -3319.583016 -732.923112
49.350000 1.994113 1.869709 -3195.930526 -611.559987
49.400000 2.015314 1.609203 -3273.211013 -661.364587
49.450000 1.986257 1.769036 -3236.884818 -662.695982
49.500000 2.004517 1.956322 -3193.814021 -595.959375
49.550000 1.991602 1.787312 -3239.779709 -658.663617
49.600000 2.016155 1.868782 -3204.195023 -591.258654
49.650000 2.005501 1.656141 -3247.810595 -648.680927
49.700000 1.999681 1.593787 -3274.577935 -682.991860
49.750000 1.998966 1.835604 -3228.506715 -637.846436
49.800000 2.010150 2.055383 -3185.399462 -580.245364
49.850000 2.008895 1.867245 -3234.940615 -631.412793
49.900000 1.997018 1.712026 -3259.133972 -670.998952
49.950000 2.004153 1.592054 -3284.142021 -686.760269
50.000000 1.984754 1.658322 -3263.012536 -690.771809
50.050000 2.007423 1.764232 -3232.994650 -631.374537
50.100000 2.005481 1.660521 -3252.110628 -653.006874
50.150000 1.997194 1.571210 -3286.226475 -697.862524
50.200000 2.003220 1.717885 -3248.272602 -652.099565
50.250000 2.001117 1.618735 -3263.855822 -670.408651
50.300000 1.994217 1.475256 -3301.125537 -716.620746
50.350000 2.000678 1.723282 -3244.238395 -651.359857
50.400000 2.002609 1.608452 -3282.238597 -686.856804
50.450000 1.996819 1.458708 -3326.278420 -738.401622
50.500000 1.996353 1.839901 -3227.258180 -639.984358
50.550000 2.004908 1.837406 -3231.790345 -633.429092
50.600000 2.001583 1.730402 -3261.154108 -667.102519
50.650000 1.991389 2.017332 -3172.327382 -591.487802
50.700000 2.005091 1.686379 -3267.055869 -668.458306
50.750000 1.993145 1.755570 -3239.984992 -656.868685
50.800000 2.008078 1.767397 -3230.095525 -627.627013
50.850000 1.991466 1.653940 -3259.651346 -678.711688
50.900000 2.007236 1.723156 -3255.595644 -654.217591
50.950000 1.999279 1.646211 -3289.062988 -697.997020
51.000000 1.998857 1.688696 -3276.863911 -686.345577
51.050000 2.003995 1.643631 -3283.855386 -686.677372
51.100000 1.999606 1.621723 -3281.932685 -690.443621
51.150000 1.998382 1.757445 -3245.306993 -655.403868
51.200000 1.996460 1.824472 -3233.511738 -646.099419
51.250000 1.992295 1.881167 -3228.465359 -646.450792
51.300000 2.001327 1.943670 -3217.134030 -623.413607
51.350000 2.000176 1.855180 -3228.972929 -636.745379
51.400000 2.009147 1.710632 -3254.078136 -650.223924
51.450000 1.993706 1.718620 -3239.727210 -655.883751
51.500000 2.002904 1.731418 -3242.586870 -646.823409
51.550000 2.010129 1.545573 -3299.819733 -694.692183
51.600000 1.986434 1.664238 -3269.691154 -695.272876
51.650000 2.006007 1.647634 -3283.888010 -684.102798
51.700000 1.992447 1.828193 -3224.296515 -642.085448
51.750000 2.009899 1.580468 -3289.903342 -685.074218
51.800000 1.998829 1.397310 -3343.803673 -753.320783
51.850000 1.999128 1.682664 -3277.278192 -686.408094
51.900000 1.988674 2.110992 -3180.223202 -602.902274
51.950000 1.992647 2.186409 -3173.118814 -590.648807
52.000000 2.004809 2.047149 -3198.913333 -600.680360
52.050000 2.000437 1.617748 -3304.477561 -711.911101
52.100000 2.002257 1.676903 -3275.195112 -680.270210
52.150000 2.000938 1.894412 -3205.551378 -612.335809
52.200000 1.993734 1.776688 -3226.226630 -642.347735
52.250000 1.998723 1.485739 -3304.817846 -714.472346
52.300000 1.995756 1.885134 -3197.899112 -611.399837
52.350000 2.002433 1.787487 -3238.028149 -642.874830
52.400000 1.989576 1.804827 -3249.195147 -670.705254
52.450000 2.002953 1.935999 -3223.829872 -628.002157
52.500000 2.004494 1.048180 -2732.119897 -134.296119
52.550000 1.998378 1.152071 -2689.949367 -100.051604
52.600000 2.005371 1.184472 -2677.038399 -78.077896
52.650000 2.005835 1.260756 -2649.927957 -50.365257
52.700000 2.005128 1.048838 -2714.360666 -115.714719
52.750000 1.994770 0.992847 -2733.075329 -147.852903
52.800000 2.001379 1.225562 -2657.277743 -63.490231
52.850000 2.006162 0.909558 -2756.463858 -156.477604
52.900000 1.993340 1.036393 -2703.648919 -120.279692
52.950000 1.997149 0.950594 -2738.280952 -149.975919
53.000000 2.006371 1.151304 -2672.295461 -72.038364
53.050000 1.988938 1.080243 -2708.311079 -130.647370
53.100000 1.998841 1.253803 -2668.982093 -78.483985
53.150000 2.006126 1.162299 -2717.246938 -117.307595
53.200000 1.999587 1.303822 -2681.113553 -89.649161
53.250000 1.994554 1.249282 -2708.651595 -123.709202
53.300000 2.010999 1.138527 -2737.610855 -131.356797
53.350000 2.002188 1.078970 -2734.919679 -140.083705
53.400000 1.991053 1.139381 -2706.909330 -126.504800
53.450000 2.000619 1.276400 -2651.467390 -58.665774
53.500000 1.999987 1.105454 -2698.308666 -106.325380
53.550000 2.003328 1.013490 -2713.938595 -117.625479
53.600000 1.996297 0.801827 -2768.916881 -181.716210
53.650000 1.997558 0.789745 -2777.925795 -189.090052
53.700000 1.990326 1.117433 -2681.019282 -101.556637
53.750000 2.006767 1.173683 -2667.374314 -66.603962
53.800000 2.002617 0.866267 -2764.160560 -168.769347
53.850000 1.993060 1.032212 -2709.009397 -126.003339
53.900000 2.006173 0.914648 -2757.628379 -157.627827
53.950000 1.996314 1.043848 -2717.172682 -129.949467
54.000000 2.001983 1.105863 -2698.993880 -104.423528
54.050000 1.998019 1.129899 -2700.693426 -111.260489
54.100000 2.008994 1.179608 -2698.278461 -94.621800
54.150000 1.999664 1.233751 -2668.141086 -76.576954
54.200000 2.000437 1.014765 -2735.745950 -143.178968
54.250000 1.992977 1.059732 -2722.657231 -139.758494
54.300000 2.004181 1.081576 -2728.956234 -131.537570
54.350000 1.992701 1.270154 -2673.131655 -90.591380
54.400000 2.011207 1.170913 -2705.589367 -99.064606
54.450000 1.997151 1.127403 -2694.467950 -106.160418
54.500000 1.998700 0.989307 -2729.745276 -139.429625
54.550000 2.002031 1.000206 -2724.373382 -129.740944
54.600000 1.992356 0.950251 -2752.306009 -170.212790
54.650000 2.003481 1.143036 -2696.606384 -100.095469
54.700000 1.996235 1.061746 -2723.883757 -136.762939
54.750000 1.999588 1.141422 -2692.404445 -100.938850
54.800000 1.996548 1.071510 -2709.199277 -121.672654
54.850000 1.998602 1.126309 -2684.439606 -94.251887
54.900000 2.002833 1.077783 -2693.414312 -97.742468
54.950000 2.001576 1.051340 -2684.518815 -90.476024
55.000000 2.002067 1.025449 -2685.549040 -90.870670
55.050000 1.993572 1.021954 -2700.396448 -116.726748
55.100000 2.001412 1.043273 -2712.600415 -118.770930
55.150000 1.999336 1.051442 -2719.048690 -127.909254
55.200000 2.000293 1.286490 -2644.300045 -51.920125
55.250000 2.004606 0.973424 -2745.343020 -147.374092
55.300000 1.992737 1.092730 -2688.988381 -106.400686
55.350000 2.009284 1.045909 -2701.274458 -97.242957
55.400000 1.999555 0.962086 -2733.361369 -141.937555
55.450000 1.989744 1.130432 -2690.757877 -112.049077
55.500000 2.002941 1.125882 -2699.699638 -103.888564
55.550000 1.998777 1.113792 -2691.407621 -100.993040
55.600000 2.004001 1.067826 -2701.257758 -104.072551
55.650000 2.003921 1.052847 -2706.791958 -109.709865
55.700000 1.995255 0.985174 -2737.537992 -151.688028
55.750000 1.997020 1.194698 -2676.428785 -88.290638
55.800000 2.001876 1.145677 -2702.893264 -108.462241
55.850000 2.005809 1.061543 -2727.457797 -127.929211
55.900000 1.995495 1.019151 -2733.364452 -147.202890
55.950000 2.005573 0.961471 -2744.282625 -145.059558
56.000000 2.008080 1.029751 -2706.456095 -103.984104
56.050000 1.990379 0.956662 -2744.510286 -164.978955
56.100000 2.011964 1.219153 -2671.107913 -63.602094
56.150000 1.997843 1.022547 -2743.742743 -154.538045
56.200000 2.002311 0.994325 -2765.133723 -170.139228
56.250000 1.994398 1.253319 -2678.488098 -93.747857
56.300000 1.993601 1.153352 -2719.059719 -135.353443
56.350000 1.996692 1.242004 -2689.674499 -101.962066
56.400000 2.002683 1.168186 -2717.290208 -121.812396
56.450000 2.005318 1.206569 -2693.968153 -95.076353
56.500000 2.007372 1.127112 -2706.026606 -104.472832
56.550000 2.000055 0.938954 -2752.670905 -160.599995
56.600000 1.990817 0.946631 -2745.943750 -165.844313
56.650000 2.006499 1.157425 -2676.611833 -76.188486
56.700000 2.003677 0.991474 -2730.115879 -133.350491
56.750000 1.995634 1.128784 -2687.530762 -101.188682
56.800000 1.999434 1.053139 -2726.196549 -134.930297
56.850000 1.997789 1.104051 -2709.461596 -120.326939
56.900000 2.009009 1.192533 -2673.880136 -70.204375
56.950000 2.001748 0.953041 -2752.383701 -158.118603
57.000000 2.003328 1.003178 -2729.670055 -133.356541
57.050000 1.992767 1.195263 -2664.110517 -81.484194
57.100000 2.007601 0.946379 -2759.036273 -157.185667
57.150000 1.996461 1.031546 -2732.322357 -144.909148
57.200000 1.998898 0.999247 -2754.104519 -163.533104
57.250000 2.001653 1.092640 -2726.540002 -132.398048
57.300000 1.999126 1.095761 -2722.289381 -131.422169
57.350000 1.995793 1.053214 -2736.929533 -150.382327
57.400000 2.007356 1.083232 -2729.014246 -127.480549
57.450000 1.997140 1.151517 -2686.439586 -98.145917
57.500000 2.003704 0.912181 -2753.075321 -156.275234
57.550000 2.002823 0.915209 -2742.822707 -147.163804
57.600000 2.000923 1.060681 -2696.019157 -102.823166
57.650000 1.998026 0.965520 -2730.013469 -140.572073
57.700000 2.001922 0.866475 -2765.502924 -171.012167
57.750000 1.994286 0.972870 -2738.447636 -153.853281
57.800000 1.999804 1.042602 -2721.352883 -129.606330
57.850000 1.999538 1.064879 -2722.780572 -131.379356
57.900000 1.996295 1.121585 -2715.743160 -128.545282
57.950000 2.009165 1.090873 -2726.665444 -122.787440
58.000000 2.000159 0.914677 -2785.784101 -193.577546
58.050000 2.002360 1.129028 -2714.610027 -119.551814
58.100000 1.997828 1.211915 -2676.478964 -87.293425
58.150000 1.997575 1.083640 -2711.006998 -122.149711
58.200000 1.994228 1.097605 -2698.173889 -113.654718
58.250000 1.998165 1.048264 -2714.279860 -124.658066
58.300000 1.998015 0.954817 -2755.380370 -165.953525
58.350000 2.001382 1.173089 -2687.542154 -93.751515
58.400000 1.996786 1.023822 -2727.030703 -139.195676
58.450000 1.991788 0.953498 -2748.166346 -166.808628
58.500000 1.997170 1.050617 -2723.051391 -134.718684
58.550000 1.999766 1.165316 -2681.879241 -90.182900
58.600000 2.008073 0.788876 -2805.673755 -203.211410
58.650000 1.995881 0.936997 -2755.616709 -168.955308
58.700000 1.997438 1.141950 -2695.011605 -106.332439
58.750000 2.006920 0.975850 -2744.463635 -143.495659
58.800000 1.995470 0.969044 -2724.715081 -138.586351
58.850000 1.997518 0.908218 -2743.965082 -155.181394
58.900000 2.009550 1.077404 -2691.597071 -87.219967
58.950000 1.989235 1.103524 -2685.212658 -107.164321
59.000000 1.991913 1.157392 -2669.616379 -88.096653
59.050000 2.003179 0.928133 -2747.555875 -151.435849
59.100000 2.000087 0.963554 -2735.354564 -143.242097
59.150000 2.004286 0.992267 -2736.669808 -139.114718
59.200000 1.998174 1.124460 -2698.722181 -109.088944
59.250000 2.004402 0.967763 -2755.924290 -158.219035
59.300000 1.992846 1.006150 -2752.280199 -169.552170
59.350000 2.004178 1.315691 -2661.044262 -63.630090
59.400000 1.997123 1.227216 -2693.669281 -105.398462
59.450000 2.002599 1.167354 -2710.944538 -115.575674
59.500000 2.003650 0.946361 -2777.430116 -180.699471
59.550000 1.998832 0.887091 -2788.893312 -198.407309
59.600000 1.997014 1.062514 -2738.965437 -150.835500
59.650000 2.003906 1.234472 -2688.532845 -91.470886
59.700000 1.996651 1.000335 -2764.661286 -177.001718
59.750000 1.993499 1.325294 -2650.417285 -66.841963
59.800000 2.007284 1.122428 -2709.203580 -107.763476
59.850000 2.002719 0.950937 -2752.383998 -156.860578
59.900000 1.992305 1.086843 -2714.489900 -132.463003
59.950000 2.009344 1.185465 -2689.881627 -85.771542
60.000000 2.004714 0.620296 -2174.151414 423.958550
60.050000 1.995614 0.661067 -2154.802013 431.513525
60.100000 1.996152 0.724779 -2131.283231 455.729961
60.150000 1.997404 0.733296 -2134.589129 454.046119
60.200000 2.004584 0.676840 -2163.228638 434.712303
60.250000 2.004745 0.687239 -2151.533311 446.615863
60.300000 2.002833 0.515275 -2218.696076 376.975913
60.350000 1.997200 0.629649 -2176.943833 411.427929
60.400000 2.002859 0.725410 -2160.886693 434.817963
60.450000 2.001658 0.888223 -2110.276383 483.872995
60.500000 1.994535 0.801207 -2163.266157 421.651227
60.550000 2.001800 0.820380 -2154.691895 439.641027
60.600000 2.003898 0.737836 -2186.284129 410.768005
60.650000 1.996658 0.707770 -2189.667237 398.001039
60.700000 2.001717 0.753056 -2162.104185 432.121204
60.750000 1.999286 0.669102 -2196.196317 394.877989
60.800000 1.997225 0.677645 -2196.505209 391.898277
60.850000 2.005470 0.699625 -2190.863106 408.226557
60.900000 2.000291 0.633110 -2215.099174 377.277523
60.950000 2.002317 0.610433 -2226.946632 368.056098
61.000000 1.993853 0.712345 -2191.750694 392.283043
61.050000 2.000502 0.778038 -2175.613835 417.036386
61.100000 2.004296 0.800197 -2160.599474 436.968124
61.150000 1.998929 0.717613 -2189.479984 401.131877
61.200000 2.000219 0.770542 -2164.993622 427.290209
61.250000 2.005859 0.625973 -2233.692441 365.900573
61.300000 1.996869 0.792235 -2170.124030 417.818477
61.350000 2.002553 0.734778 -2192.461291 402.847857
61.400000 2.002996 0.618162 -2233.337646 362.544932
61.450000 1.987591 0.774420 -2167.376263 408.541897
61.500000 2.008248 0.706413 -2198.558885 404.130723
61.550000 2.006115 0.633685 -2210.272434 389.652149
61.600000 1.992479 0.660738 -2189.569996 392.682763
61.650000 2.008878 0.627081 -2200.841017 402.664281
61.700000 1.995073 0.625784 -2198.329051 387.285963
61.750000 2.000326 0.629217 -2213.815384 378.606772
61.800000 1.998538 0.733345 -2183.330860 406.773955
61.850000 2.005373 0.710753 -2210.096354 388.867530
61.900000 1.996978 0.750214 -2205.648479 382.435456
61.950000 2.000681 0.761855 -2201.571195 391.311499
62.000000 1.999456 0.655693 -2247.991330 343.304038
62.050000 1.999307 0.890422 -2166.022394 425.079149
62.100000 2.000297 0.773559 -2234.862873 357.522211
62.150000 2.004583 0.927852 -2181.120186 416.819666
62.200000 2.002161 0.819357 -2224.136044 370.665011
62.250000 1.999559 0.888161 -2180.804505 410.624576
62.300000 2.005419 0.715303 -2234.812882 364.210595
62.350000 2.003206 0.642784 -2243.881702 352.272710
62.400000 1.995039 0.781691 -2176.231502 409.338791
62.450000 2.005523 0.683573 -2209.278203 389.879609
62.500000 2.000542 0.686930 -2189.839887 402.862971
62.550000 2.000033 0.584247 -2218.241693 373.801094
62.600000 1.992698 0.604693 -2203.952180 378.584751
62.650000 2.003951 0.594500 -2211.347621 385.772797
62.700000 1.997827 0.594060 -2213.789143 375.395101
62.750000 1.996594 0.754680 -2152.876360 434.709691
62.800000 2.004065 0.653426 -2201.400025 395.868434
62.850000 1.997748 0.756121 -2163.353894 425.727859
62.900000 1.998041 0.776026 -2163.035317 426.426339
62.950000 1.999170 0.744009 -2177.348225 413.576696
63.000000 2.002352 0.727154 -2182.132732 412.915619
63.050000 1.994658 0.760979 -2174.389364 410.687938
63.100000 2.001608 0.866620 -2143.819050 450.264293
63.150000 1.994028 0.838010 -2153.033770 431.226838
63.200000 2.003563 0.843749 -2140.224465 456.393601
63.250000 1.998033 0.697577 -2194.618564 394.831600
63.300000 2.006129 0.649001 -2219.597069 380.346706
63.350000 2.000307 0.673207 -2218.701424 373.696096
63.400000 1.997779 0.809135 -2174.372907 414.749063
63.450000 1.996804 0.910321 -2136.795208 451.062425
63.500000 2.000010 0.713504 -2201.474946 390.537670
63.550000 1.996600 0.613018 -2222.971381 364.621950
63.600000 1.999153 0.745732 -2167.855033 423.046908
63.650000 2.001250 0.789853 -2168.733234 424.887145
63.700000 1.993984 0.916943 -2128.984838 455.218152
63.750000 2.007829 0.743803 -2192.153964 409.991863
63.800000 2.002273 0.583165 -2236.094810 358.851389
63.850000 1.998935 0.663281 -2195.734247 394.885405
63.900000 2.001896 0.746998 -2162.948714 431.508552
63.950000 1.997248 0.735615 -2176.077886 412.355010
64.000000 2.003366 0.714387 -2182.997680 413.365021
64.050000 2.000374 0.672998 -2194.822562 397.661520
64.100000 1.995557 0.782225 -2153.837139 432.404504
64.150000 2.006602 0.768443 -2159.096657 441.459027
64.200000 2.000766 0.694037 -2183.876580 409.115859
64.250000 1.995993 0.833205 -2119.714314 467.092978
64.300000 1.998870 0.658169 -2193.379458 397.155819
64.350000 1.999672 0.703283 -2172.051668 419.522965
64.400000 1.998460 0.682500 -2174.967935 415.036517
64.450000 2.002083 0.668815 -2178.153751 416.545438
64.500000 1.997999 0.706268 -2167.576503 421.830402
64.550000 1.996305 0.728350 -2171.109288 416.102394
64.600000 2.005083 0.773095 -2162.981295 435.606096
64.650000 1.998598 0.753721 -2170.199382 419.984188
64.700000 2.006825 0.622396 -2216.393602 384.450995
64.750000 2.002513 0.632778 -2199.108468 396.149018
64.800000 1.997202 0.538486 -2237.889586 350.484082
64.850000 2.001957 0.583530 -2230.408236 364.127811
64.900000 2.000610 0.698062 -2204.125712 388.665364
64.950000 1.996252 0.774862 -2192.712453 394.430684
65.000000 2.008034 0.729995 -2207.883595 394.528131
65.050000 1.992919 0.729568 -2187.432892 395.390345
65.100000 2.007029 0.710384 -2189.429789 411.679505
65.150000 1.998931 0.664794 -2202.801695 387.812354
65.200000 1.999847 0.651436 -2207.924220 383.877291
65.250000 2.001257 0.640617 -2224.619075 369.009363
65.300000 1.996933 0.760428 -2200.447614 387.577185
65.350000 1.998226 0.785030 -2198.098723 391.601792
65.400000 1.999811 0.699549 -2219.649953 372.104567
65.450000 2.002575 0.680138 -2214.961163 380.375436
65.500000 1.997156 0.653677 -2219.519135 368.795520
65.550000 2.001751 0.656502 -2219.825477 374.443442
65.600000 2.000804 0.685526 -2206.493714 386.548438
65.650000 2.000704 0.562631 -2260.036095 332.876150
65.700000 1.997486 0.615223 -2235.389339 353.352643
65.750000 1.990350 0.765526 -2177.069119 402.424974
65.800000 1.995057 0.668323 -2227.973740 357.619811
65.850000 2.002278 0.731939 -2202.335632 392.616250
65.900000 1.997371 0.727074 -2204.171557 384.421098
65.950000 2.010199 0.802016 -2171.281946 433.935988
66.000000 2.005948 0.771071 -2174.295775 425.412872
66.050000 1.999848 0.638949 -2222.091337 369.711968
66.100000 2.001257 0.686939 -2195.653904 397.975225
66.150000 1.991958 0.728532 -2170.261511 411.316511
66.200000 2.005360 0.662289 -2188.091820 410.854405
66.250000 1.992698 0.548663 -2224.312479 358.224745
66.300000 1.994854 0.721095 -2153.135653 432.195022
66.350000 1.996889 0.769882 -2137.016959 450.951271
66.400000 2.000637 0.747891 -2145.639070 447.185995
66.450000 2.004824 0.644177 -2187.213826 411.037710
66.500000 1.994961 0.628572 -2200.151811 385.317973
66.550000 1.994476 0.782422 -2153.116422 431.724845
66.600000 2.006276 0.763492 -2170.150059 429.983557
66.650000 1.997768 0.670342 -2200.128956 388.977782
66.700000 2.003636 0.721791 -2179.308304 417.403483
66.750000 1.997376 0.759125 -2167.360342 421.239147
66.800000 2.006631 0.783015 -2163.009508 437.583841
66.850000 2.006572 0.702017 -2186.613669 413.903033
66.900000 2.000503 0.593616 -2221.945473 370.706953
66.950000 2.001797 0.656885 -2196.334980 397.993976
67.000000 2.001460 0.678788 -2186.556674 407.335956
67.050000 2.002692 0.542228 -2252.404330 343.084450
67.100000 1.996771 0.769668 -2164.411639 423.404135
67.150000 2.003125 0.693457 -2199.295530 396.754028
67.200000 1.999202 0.701874 -2186.655613 404.310287
67.250000 2.002740 0.611804 -2217.721102 377.830084
67.300000 1.997482 0.554705 -2246.984143 341.753150
67.350000 1.996002 0.842240 -2151.946011 434.873169
67.400000 2.003656 0.778576 -2196.627425 400.111007
67.450000 1.993622 0.781071 -2194.176584 389.557261
