# t Temp Pres Epot Etot
0.000000 2.023422 21.210302 -311.068326 -116.819859
0.050000 1.973139 22.582075 -294.015785 -104.594469
0.100000 1.970949 25.891072 -260.241893 -71.030762
0.150000 1.995236 24.227318 -278.037629 -86.494945
0.200000 1.967234 24.582968 -272.663046 -83.808604
0.250000 1.940569 24.663342 -273.372348 -87.077680
0.300000 1.971454 25.165587 -270.461683 -81.202084
0.350000 2.026572 25.564487 -264.524265 -69.973398
0.400000 2.058332 23.744187 -283.544697 -85.944843
0.450000 2.036535 24.501000 -277.606234 -82.098840
0.500000 1.935035 26.805278 -252.772648 -67.009287
0.550000 2.037351 24.601556 -275.625760 -80.040096
0.600000 1.996188 23.904833 -281.036278 -89.402274
0.650000 1.970502 26.068505 -259.596414 -70.428183
0.700000 1.993075 25.745037 -262.337622 -71.002449
0.750000 1.910973 24.797235 -269.173822 -85.720443
0.800000 1.997883 25.967850 -259.124733 -67.327965
0.850000 2.037794 24.886434 -270.408252 -74.780026
0.900000 1.992259 28.104966 -231.470568 -40.213680
0.950000 1.998047 25.158821 -270.444528 -78.631985
1.000000 2.041810 24.348876 -279.786981 -83.773180
1.050000 2.017980 25.635231 -261.663197 -67.937136
1.100000 2.012218 24.625153 -272.007791 -78.834844
1.150000 2.137491 24.552893 -276.589113 -71.389957
1.200000 1.978865 23.992467 -279.801572 -89.830498
1.250000 1.938842 23.707488 -281.998549 -95.869741
1.300000 1.989478 24.831103 -269.080700 -78.090821
1.350000 1.981926 23.135894 -287.965859 -97.700981
1.400000 2.017477 24.565946 -271.561832 -77.884031
1.450000 2.024277 24.256286 -275.401228 -81.070598
1.500000 2.061872 25.161829 -266.090259 -68.150590
1.550000 1.964496 23.237256 -290.107979 -101.516356
1.600000 2.024939 23.966740 -282.436242 -88.042057
1.650000 2.004186 23.029285 -291.209279 -98.807444
1.700000 2.008219 23.719717 -282.463421 -89.674400
1.750000 1.932979 23.507789 -283.430105 -97.864165
1.800000 2.044149 25.250201 -267.743232 -71.504918
1.850000 2.016361 22.590469 -296.018942 -102.448314
1.900000 1.962920 26.160840 -257.476980 -69.036671
1.950000 2.010758 25.994479 -257.532623 -64.499841
2.000000 2.043358 24.052298 -280.844188 -84.681809
2.050000 2.042515 25.175405 -269.898639 -73.817194
2.100000 2.002052 25.832396 -262.067109 -69.870138
2.150000 1.989581 25.777484 -261.395034 -70.395242
2.200000 1.986013 26.212686 -255.586643 -64.929380
2.250000 2.005298 24.702694 -273.266350 -80.757708
2.300000 1.981787 26.524515 -251.876199 -61.624628
2.350000 2.079598 23.627207 -286.383874 -86.742423
2.400000 1.980085 26.849627 -247.612627 -57.524436
2.450000 2.063379 22.173390 -300.642762 -102.558384
2.500000 2.011681 22.024683 -303.080990 -109.959649
2.550000 2.004762 21.116668 -309.619788 -117.162611
2.600000 1.999633 24.008103 -280.888985 -88.924242
2.650000 1.944470 23.868640 -283.793008 -97.123925
2.700000 2.026353 22.336189 -301.090924 -106.561053
2.750000 1.981004 26.976552 -247.697120 -57.520724
2.800000 1.998053 27.836236 -239.625529 -47.812459
2.850000 2.071200 30.129043 -215.357040 -16.521836
2.900000 2.017553 24.988769 -269.091793 -75.406713
2.950000 2.066354 22.334795 -299.150990 -100.781050
3.000000 2.036403 21.817000 -305.004034 -109.509343
3.050000 2.004736 23.876524 -281.956367 -89.501743
3.100000 1.950274 24.561228 -275.716134 -88.489859
3.150000 2.033475 25.524597 -269.163420 -73.949816
3.200000 1.987324 27.101657 -247.464863 -56.681779
3.250000 1.990900 24.912262 -270.109859 -78.983496
3.300000 1.974326 26.703886 -251.321052 -61.785765
3.350000 1.998154 27.058119 -247.108439 -55.285700
3.400000 1.999318 25.502750 -265.649410 -73.714901
3.450000 1.988201 24.850750 -271.208371 -80.341101
3.500000 2.077805 22.994052 -292.369513 -92.900187
3.550000 1.958552 22.685700 -295.177077 -107.156096
3.600000 1.988035 24.933786 -267.749641 -76.898326
3.650000 2.012563 24.359251 -275.104562 -81.898479
3.700000 2.015769 24.066151 -279.621738 -86.107951
3.750000 1.981106 27.661527 -239.711659 -49.525509
3.800000 2.086888 24.852556 -273.001975 -72.660773
3.850000 1.921334 26.576655 -250.783477 -66.335453
3.900000 2.002362 24.507153 -275.110815 -82.884104
3.950000 1.994170 26.447691 -250.715699 -59.275363
4.000000 1.909115 26.582266 -251.339278 -68.064262
4.050000 2.028916 26.180983 -258.335701 -63.559740
4.100000 1.979140 26.299848 -255.658461 -65.660999
4.150000 2.092853 24.197076 -279.681102 -78.767168
4.200000 2.004213 23.194610 -289.227374 -96.822932
4.250000 2.028233 24.816320 -271.487979 -76.777626
4.300000 2.017720 22.908330 -292.897914 -99.196812
4.350000 2.042529 20.275218 -321.821859 -125.739064
4.400000 1.967671 22.999250 -289.382384 -100.485961
4.450000 2.061649 26.479126 -255.835195 -57.916855
4.500000 2.066941 24.770469 -273.633711 -75.207357
4.550000 1.988623 24.095440 -281.350113 -90.442351
4.600000 2.119492 24.776307 -273.797571 -70.326355
4.650000 1.876409 27.374631 -241.151241 -61.016004
4.700000 1.983585 23.283454 -287.628794 -97.204630
4.750000 2.017707 23.419092 -287.037194 -93.337345
4.800000 1.857516 28.145823 -228.542028 -50.220483
4.850000 2.008471 25.471384 -264.138953 -71.325748
4.900000 2.013187 26.440598 -254.311249 -61.045278
4.950000 2.004561 23.775884 -283.831299 -91.393438
5.000000 1.999233 25.907611 -260.053653 -68.127241
5.050000 1.909170 24.598933 -274.849236 -91.568936
5.100000 2.090753 24.186219 -277.589772 -76.877530
5.150000 1.953973 26.844545 -246.338827 -58.757391
5.200000 1.972835 27.707842 -237.776711 -48.384509
5.250000 2.061646 26.792929 -250.923294 -53.005284
5.300000 2.061669 24.599814 -272.773808 -74.853610
5.350000 2.095579 25.479353 -263.277812 -62.102262
5.400000 2.027070 24.574745 -275.658902 -81.060203
5.450000 2.054467 24.445742 -274.983892 -77.755064
5.500000 1.951604 21.683558 -305.882201 -118.528231
5.550000 1.932555 25.183372 -265.238676 -79.713362
5.600000 1.996033 25.173887 -265.063081 -73.443940
5.650000 1.935027 24.018492 -280.206777 -94.444206
5.700000 1.891339 28.542180 -232.862313 -51.293760
5.750000 2.036612 27.271005 -246.861265 -51.346522
5.800000 2.063026 29.161684 -223.570713 -25.520203
5.850000 2.020730 29.184981 -218.924609 -24.934489
5.900000 2.002436 24.867056 -270.078015 -77.844172
5.950000 1.993009 24.493437 -274.042037 -82.713194
6.000000 2.029000 25.091225 -265.050835 -70.266799
6.050000 1.928767 23.810182 -280.963251 -95.801574
6.100000 2.067600 24.605060 -277.541159 -79.051514
6.150000 1.948236 25.898769 -257.416349 -70.385708
6.200000 2.039980 27.351487 -243.716910 -47.878808
6.250000 2.014848 29.092705 -225.877272 -32.451877
6.300000 2.079733 26.417042 -257.822785 -58.168379
6.350000 2.050382 26.539360 -253.291717 -56.455030
6.400000 2.028587 23.449689 -286.692314 -91.947976
6.450000 2.044110 22.685426 -296.324663 -100.090150
6.500000 1.959391 23.160920 -287.865527 -99.763966
6.550000 2.121366 25.768180 -263.374539 -59.723421
6.600000 1.934454 28.786251 -224.963233 -39.255695
6.650000 2.065607 23.009604 -290.419518 -92.121259
6.700000 2.004848 25.364806 -264.289785 -71.824420
6.750000 1.950200 26.014334 -257.854823 -70.635617
6.800000 1.966296 26.292920 -253.435720 -64.671266
6.850000 2.005866 25.914189 -256.455224 -63.892102
6.900000 2.043572 25.189917 -265.630048 -69.447103
6.950000 2.006217 24.694044 -273.082825 -80.485946
7.000000 2.091954 25.409359 -264.520364 -63.692758
7.050000 2.020167 24.250403 -275.678929 -81.742906
7.100000 2.014369 23.180113 -290.191768 -96.812391
7.150000 2.007533 24.297984 -278.573536 -85.850395
7.200000 1.974036 23.941138 -280.956162 -91.448662
7.250000 2.076906 24.319626 -279.605002 -80.222033
7.300000 1.986466 22.577362 -297.473019 -106.772306
7.350000 2.066280 23.811879 -285.507536 -87.144666
7.400000 1.961020 22.188445 -300.977993 -112.720039
7.450000 2.038899 22.956240 -294.549464 -98.815124
7.500000 1.971334 14.216035 -313.827472 -124.579442
7.550000 1.991617 12.834891 -328.509883 -137.314651
7.600000 1.986858 12.324386 -334.640055 -143.901670
7.650000 2.051185 13.656952 -320.578763 -123.665029
7.700000 1.981606 12.659197 -332.854632 -142.620428
7.750000 1.990281 15.835956 -293.026419 -101.959447
7.800000 2.008386 12.965676 -326.288593 -133.483571
7.850000 1.930519 13.215914 -324.024348 -138.694502
7.900000 1.987111 15.794622 -298.371796 -107.609119
7.950000 2.093601 14.328798 -314.342433 -113.356733
8.000000 1.976627 13.324274 -324.435357 -134.679148
8.050000 2.009653 12.486437 -335.036609 -142.109917
8.100000 1.968326 13.832517 -316.661037 -127.701782
8.150000 1.954097 14.952426 -303.601019 -116.007706
8.200000 2.013839 15.838376 -297.741568 -104.413001
8.250000 2.057008 14.091173 -318.302544 -120.829743
8.300000 2.029767 13.334485 -323.005410 -128.147756
8.350000 1.937041 14.944946 -305.253508 -119.297614
8.400000 1.936337 16.543507 -290.808404 -104.920014
8.450000 2.031262 14.909388 -310.107082 -115.105915
8.500000 2.006527 14.826230 -307.707327 -115.080736
8.550000 1.999420 12.293476 -338.111347 -146.167059
8.600000 1.979347 14.212187 -317.865021 -127.847712
8.650000 2.002057 14.101236 -317.412625 -125.215169
8.700000 1.985848 13.009773 -328.495393 -137.854010
8.750000 2.046757 11.384067 -345.172699 -148.684032
8.800000 1.930742 15.415252 -296.147858 -110.796658
8.850000 1.962186 14.296157 -314.429014 -126.059186
8.900000 2.038000 16.376522 -288.813014 -93.165047
8.950000 1.983125 15.847477 -297.072624 -106.692593
9.000000 2.042927 16.422945 -289.264848 -93.143884
9.050000 2.062343 13.285370 -324.710155 -126.725216
9.100000 1.975597 14.514149 -310.268836 -120.611499
9.150000 2.009314 13.992291 -316.592840 -123.698721
9.200000 2.004586 13.068954 -328.466088 -136.025821
9.250000 2.034717 14.931442 -308.356230 -113.023388
9.300000 1.994765 13.504123 -325.146183 -133.648710
9.350000 2.007017 13.647169 -322.857674 -130.184032
9.400000 2.028234 13.508676 -321.411374 -126.700938
9.450000 1.999238 13.965477 -315.458356 -123.531467
9.500000 1.986347 14.252104 -312.519820 -121.830482
9.550000 1.985128 15.969211 -293.079825 -102.507564
9.600000 2.003557 17.101383 -281.204483 -88.863037
9.650000 2.028728 15.665031 -299.783369 -105.025434
9.700000 1.964519 15.158297 -303.071653 -114.477852
9.750000 2.018415 15.202743 -304.602674 -110.834865
9.800000 2.012037 13.317443 -325.699068 -132.543563
9.850000 1.985238 15.045608 -303.379723 -112.796851
9.900000 1.956374 13.998488 -313.479061 -125.667112
9.950000 2.000921 13.423699 -321.636822 -129.548438
10.000000 1.953984 13.195960 -324.313241 -136.730813
10.050000 1.983498 15.685723 -295.737280 -105.321499
10.100000 2.009073 15.049291 -306.794399 -113.923418
10.150000 1.985540 15.751402 -296.753614 -106.141758
10.200000 2.002277 15.235656 -303.684255 -111.465659
10.250000 2.019554 14.368711 -315.544270 -121.667096
10.300000 1.995784 15.257251 -303.806264 -112.211035
10.350000 1.989448 15.156229 -304.212564 -113.225512
10.400000 1.930081 16.025835 -293.503361 -108.215539
10.450000 2.092173 14.509484 -313.793036 -112.944402
10.500000 2.007999 13.149873 -326.711545 -133.943629
10.550000 1.979035 15.141918 -303.992908 -114.005503
10.600000 1.988056 16.130081 -293.177122 -102.323781
10.650000 2.006197 13.257020 -326.944496 -134.349599
10.700000 2.027892 13.179498 -325.739791 -131.062139
10.750000 2.027243 14.377301 -310.969393 -116.354108
10.800000 1.945783 13.214872 -323.507372 -136.712250
10.850000 2.011830 14.854168 -307.562541 -114.426882
10.900000 1.993349 15.692290 -298.914381 -107.552879
10.950000 2.078916 17.212594 -282.824352 -83.248436
11.000000 2.024448 16.986547 -285.273295 -90.926241
11.050000 2.007587 17.898783 -274.978038 -82.249721
11.100000 2.042932 13.027061 -330.358471 -134.236977
11.150000 1.912486 15.735826 -292.591242 -108.992587
11.200000 2.035598 12.961054 -329.578563 -134.161169
11.250000 2.046136 14.963013 -305.726163 -109.297083
11.300000 1.999968 12.136183 -339.052935 -147.055973
11.350000 1.993901 12.363850 -334.250965 -142.836471
11.400000 1.916917 13.100288 -325.744600 -141.720555
11.450000 1.992430 15.780215 -295.976196 -104.702914
11.500000 1.976991 15.006907 -308.677939 -118.886810
11.550000 2.012196 17.610026 -276.426992 -83.256215
11.600000 2.009078 16.662662 -288.841475 -95.970031
11.650000 2.011736 17.031679 -281.490653 -88.363959
11.700000 1.987801 13.502746 -323.983575 -133.154703
11.750000 1.979711 16.192314 -292.290281 -102.238056
11.800000 1.944122 16.824228 -283.360073 -96.724405
11.850000 1.958952 16.486883 -288.038131 -99.978700
11.900000 2.020045 17.356550 -277.966944 -84.042595
11.950000 1.983591 14.168669 -315.962282 -125.537573
12.000000 2.007034 14.691691 -311.197786 -118.522481
12.050000 2.026862 16.009381 -294.052237 -99.473439
12.100000 2.050736 13.789041 -318.847293 -121.976624
12.150000 1.947627 14.198240 -312.259774 -125.287541
12.200000 2.027102 15.015814 -305.107340 -110.505531
12.250000 2.003637 15.911316 -293.135343 -100.786237
12.300000 1.996720 15.130768 -301.102056 -109.416970
12.350000 1.961560 13.172625 -327.565979 -139.256239
12.400000 1.963752 17.517773 -276.503205 -87.983001
12.450000 2.056020 13.166329 -329.202247 -131.824369
12.500000 1.967765 15.100249 -304.684897 -115.779481
12.550000 1.994984 15.096149 -304.813245 -113.294776
12.600000 2.028711 13.725047 -324.960624 -130.204393
12.650000 1.963396 14.511928 -312.432772 -123.946762
12.700000 2.001407 14.722763 -308.557120 -116.422094
12.750000 1.965508 15.344044 -304.436956 -115.748187
12.800000 1.994634 14.976315 -310.537670 -119.052763
12.850000 1.915389 16.563962 -291.173594 -107.296220
12.900000 1.990316 15.425819 -306.266290 -115.195910
12.950000 2.012682 14.171872 -318.445590 -125.228087
13.000000 2.034158 14.491904 -313.047072 -117.767905
13.050000 1.993925 13.307615 -325.813245 -134.396409
13.100000 2.015701 14.230016 -313.044458 -119.537203
13.150000 1.994441 13.280021 -325.273796 -133.807485
13.200000 2.032247 14.849860 -308.561015 -113.465262
13.250000 2.012917 14.646025 -309.660487 -116.420502
13.300000 1.979276 13.685150 -321.093300 -131.082812
13.350000 2.071586 15.070076 -306.232979 -107.360739
13.400000 1.970101 14.869226 -308.208804 -119.079073
13.450000 2.007294 15.255809 -302.917560 -110.217378
13.500000 1.959629 16.086051 -294.520944 -106.396530
13.550000 2.032996 17.257353 -285.066115 -89.898542
13.600000 2.013274 14.935194 -311.819170 -118.544875
13.650000 1.981874 14.107682 -316.668462 -126.408538
13.700000 1.997352 14.048958 -318.197393 -126.451589
13.750000 1.980132 14.930802 -306.345945 -116.253318
13.800000 2.002678 12.480317 -333.885109 -141.628021
13.850000 1.950385 14.618804 -310.331736 -123.094821
13.900000 2.018973 17.250532 -280.752646 -86.931201
13.950000 1.973501 18.305825 -269.324109 -79.867990
14.000000 2.017441 15.833069 -300.022163 -106.347865
14.050000 1.986882 15.872264 -298.224516 -107.483871
14.100000 2.024917 12.682400 -336.306076 -141.914048
14.150000 1.973897 14.575077 -312.226298 -122.732160
14.200000 2.001059 14.079181 -317.317476 -125.215829
14.250000 1.988550 13.671458 -321.422246 -130.521483
14.300000 1.996605 14.529235 -311.183522 -119.509403
14.350000 1.964964 14.766969 -308.016090 -119.379502
14.400000 2.036099 14.984919 -307.617996 -112.152521
14.450000 2.012046 13.639045 -323.903804 -130.747342
14.500000 1.948428 12.874904 -332.328651 -145.279530
14.550000 2.041515 14.855676 -307.664960 -111.679564
14.600000 1.959417 15.192392 -304.323221 -116.219201
14.650000 2.013877 14.807857 -312.803726 -119.471564
14.700000 1.980523 17.203324 -283.248926 -93.118730
14.750000 1.987998 15.893685 -300.352609 -109.504756
14.800000 2.008407 14.521156 -316.946896 -124.139835
14.850000 1.975812 15.286011 -304.456961 -114.779016
14.900000 1.973211 13.660693 -320.442181 -131.013923
14.950000 1.982473 14.819238 -309.646192 -119.328770
15.000000 2.028599 6.851736 -335.426259 -140.680798
15.050000 1.998138 7.260053 -330.561303 -138.740043
15.100000 2.050600 8.715516 -312.715172 -115.857583
15.150000 1.976152 9.438947 -303.506070 -113.795477
15.200000 1.978770 11.281464 -282.624292 -92.662398
15.250000 1.988758 9.232578 -310.752427 -119.831700
15.300000 1.992723 9.571670 -301.946785 -110.645411
15.350000 2.000156 9.202150 -305.868658 -113.853665
15.400000 1.978923 7.508006 -329.700273 -139.723687
15.450000 2.049131 9.048302 -306.479619 -109.763000
15.500000 1.993834 6.792148 -335.028542 -143.620514
15.550000 1.991075 7.767215 -322.127303 -130.984142
15.600000 1.956773 6.882464 -336.594925 -148.744763
15.650000 2.000470 9.511286 -304.321581 -112.276419
15.700000 1.988810 8.530928 -317.782297 -126.856540
15.750000 1.982772 9.668206 -300.721656 -110.375544
15.800000 1.997262 9.857983 -298.340006 -106.602894
15.850000 2.002064 9.519435 -304.974787 -112.776627
15.900000 1.971860 8.694008 -314.125269 -124.826697
15.950000 1.968450 9.762497 -299.015666 -110.044478
16.000000 2.004813 8.418231 -317.085568 -124.623503
16.050000 2.024097 10.450090 -290.423234 -96.109899
16.100000 1.990824 10.199732 -295.193571 -104.074499
16.150000 1.998792 7.911653 -326.158430 -134.274357
16.200000 1.933247 10.189506 -294.855991 -109.264279
16.250000 2.007024 9.280574 -307.497783 -114.823465
16.300000 2.044573 8.160384 -319.817669 -123.538632
16.350000 1.940185 10.210294 -290.554386 -104.296647
16.400000 1.923367 10.628480 -285.941507 -101.298237
16.450000 1.979594 7.809098 -322.191865 -132.150803
16.500000 1.974157 8.726716 -310.126521 -120.607425
16.550000 2.017671 8.511744 -314.786288 -121.089843
16.600000 2.054816 9.097296 -308.303490 -111.041191
16.650000 1.972572 7.878292 -322.595640 -133.228708
16.700000 1.989345 7.785324 -322.329467 -131.352355
16.750000 1.998070 8.167667 -316.866882 -125.052119
16.800000 1.974433 9.899174 -296.309455 -106.763931
16.850000 2.014468 8.991572 -309.410003 -116.021049
16.900000 2.047680 9.001862 -309.137313 -112.560043
16.950000 2.012485 8.242047 -319.470960 -126.272356
17.000000 1.984514 9.224929 -307.299400 -116.786046
17.050000 2.006004 8.005520 -322.761459 -130.185109
17.100000 2.026000 8.575214 -311.377406 -116.881393
17.150000 2.006022 7.150145 -329.128621 -136.550492
17.200000 1.978052 6.952220 -335.703337 -145.810389
17.250000 1.972091 9.380977 -305.482594 -116.161820
17.300000 2.041896 10.308023 -294.573328 -98.551295
17.350000 1.967879 10.442893 -289.382219 -100.465838
17.400000 2.040372 7.448877 -329.397842 -133.522144
17.450000 1.985080 6.508547 -341.523314 -150.955651
17.500000 1.966541 9.197669 -308.072336 -119.284395
17.550000 2.033281 8.549217 -316.222787 -121.027782
17.600000 1.951503 11.433914 -274.931077 -87.586810
17.650000 1.944692 10.488063 -289.970211 -103.279786
17.700000 2.049012 9.411506 -304.388609 -107.683415
17.750000 1.937469 9.596164 -301.465131 -115.468079
17.800000 2.027454 8.581895 -316.616766 -121.981157
17.850000 1.982830 9.056399 -309.796706 -119.445061
17.900000 2.013290 9.550787 -303.312933 -110.037128
17.950000 2.014801 8.598775 -315.128631 -121.707768
18.000000 1.995424 8.821352 -309.429406 -117.868674
18.050000 1.983762 8.351627 -314.764352 -124.323237
18.100000 1.951591 8.021604 -319.982339 -132.629592
18.150000 2.009270 9.166530 -304.626437 -111.736559
18.200000 2.002443 10.310533 -289.603440 -97.368866
18.250000 1.985564 9.530466 -304.079592 -113.465448
18.300000 1.985465 9.667265 -304.573949 -113.969308
18.350000 1.990236 9.634621 -303.856292 -112.793601
18.400000 2.035950 8.306927 -319.433092 -123.981866
18.450000 1.937527 10.020347 -295.197299 -109.194724
18.500000 2.042172 9.034295 -309.820311 -113.771823
18.550000 1.951659 9.568787 -302.863877 -115.504660
18.600000 2.042548 7.710881 -327.609026 -131.524422
18.650000 2.002669 8.629940 -312.845893 -120.589667
18.700000 2.001886 10.338382 -291.225879 -99.044840
18.750000 2.047555 8.842126 -313.575159 -117.009846
18.800000 2.011677 10.185623 -297.079950 -103.958922
18.850000 1.971893 9.424932 -306.053906 -116.752224
18.900000 2.026298 10.665535 -289.235927 -94.711302
18.950000 1.999253 10.189412 -294.101040 -102.172767
19.000000 1.974875 9.131860 -310.925157 -121.337119
19.050000 2.013851 9.436437 -305.985535 -112.655797
19.100000 2.000796 9.219229 -306.550073 -114.473671
19.150000 2.016251 7.396828 -326.709947 -133.149887
19.200000 1.970744 8.753197 -306.632967 -117.441576
19.250000 2.016534 8.453607 -312.684701 -119.097468
19.300000 1.995719 7.228259 -330.902807 -139.313791
19.350000 2.035505 7.942677 -323.875490 -128.467041
19.400000 2.051962 8.247096 -318.652695 -121.664322
19.450000 1.978742 6.629646 -335.745072 -145.785799
19.500000 1.938115 9.505846 -300.843861 -114.784808
19.550000 2.033448 10.553444 -293.996166 -98.785142
19.600000 2.008027 9.752134 -303.699403 -110.928790
19.650000 2.005612 9.021732 -310.041056 -117.502265
19.700000 2.020512 10.494452 -287.896637 -93.927489
19.750000 2.023945 7.107080 -330.661840 -136.363163
19.800000 1.994025 6.458146 -339.557610 -148.131183
19.850000 1.968742 9.402153 -301.733199 -112.734010
19.900000 2.000425 9.275217 -306.130407 -114.089576
19.950000 2.042196 10.233727 -295.441932 -99.391097
20.000000 2.031438 8.462005 -315.814481 -120.796462
20.050000 2.025634 8.938295 -310.106029 -115.645197
20.100000 1.993632 9.830452 -302.647660 -111.259033
20.150000 1.987521 8.663187 -316.128163 -125.326135
20.200000 1.995104 8.564760 -315.425284 -123.895278
20.250000 2.020755 7.983239 -323.311872 -129.319395
20.300000 2.009082 7.386476 -329.209391 -136.337505
20.350000 1.997579 6.479857 -342.322593 -150.554970
20.400000 1.965021 7.695097 -328.315790 -139.673782
20.450000 1.947933 11.395812 -281.009565 -94.007965
20.500000 2.034000 8.954449 -312.239025 -116.975047
20.550000 1.945006 9.464117 -304.454582 -117.733975
20.600000 2.037696 10.700326 -292.034180 -96.415322
20.650000 2.063334 9.085412 -309.432669 -111.352591
20.700000 1.962939 8.426662 -315.157027 -126.714855
20.750000 1.936295 9.887616 -295.299866 -109.415546
20.800000 2.017796 7.535199 -327.090498 -133.382046
20.850000 2.018083 8.844833 -308.133880 -114.397900
20.900000 1.997629 9.161794 -304.637060 -112.864718
20.950000 2.007137 8.894775 -307.078807 -114.393657
21.000000 1.973506 8.138012 -317.141799 -127.685205
21.050000 2.026492 8.814661 -310.998901 -116.455685
21.100000 2.034562 7.743837 -326.818427 -131.500476
21.150000 1.985828 9.237900 -303.912423 -113.272942
21.200000 1.990865 9.013394 -310.840384 -119.717370
21.250000 2.019791 9.363982 -308.680454 -114.780522
21.300000 2.010724 7.753740 -329.646363 -136.616813
21.350000 1.980120 9.498120 -304.514260 -114.422738
21.400000 1.980023 12.092480 -268.412709 -78.330516
21.450000 2.041798 8.249643 -317.625324 -121.612737
21.500000 1.976621 6.357718 -339.416618 -149.660968
21.550000 2.049934 7.328021 -329.489719 -132.696093
21.600000 1.981069 8.342125 -315.581211 -125.398633
21.650000 2.018862 7.608976 -328.695056 -134.884291
21.700000 1.994686 8.881963 -313.503389 -122.013565
21.750000 1.984536 9.334467 -302.596021 -112.080606
21.800000 1.999110 7.420057 -325.279357 -133.364843
21.850000 2.018836 8.553345 -312.372791 -118.564522
21.900000 1.993927 9.364510 -300.950807 -109.533821
21.950000 2.006444 7.930287 -320.113768 -127.495111
22.000000 2.004541 9.643974 -299.184961 -106.749037
22.050000 1.999715 9.333979 -303.930627 -111.957958
22.100000 2.066856 9.162212 -305.766502 -107.348315
22.150000 1.978218 6.937199 -334.738564 -144.829657
22.200000 2.040935 8.642479 -314.267580 -118.337845
22.250000 1.971370 8.975911 -309.086902 -119.835357
22.300000 2.009358 8.681864 -318.061043 -125.162721
22.350000 2.035053 8.937092 -315.665026 -120.299895
22.400000 1.989120 7.792483 -326.739889 -135.784343
22.450000 2.046763 8.126865 -322.150328 -125.661059
22.500000 1.976780 6.284247 -283.885391 -94.114536
22.550000 1.982288 6.289074 -283.106978 -92.807286
22.600000 1.970303 6.358188 -279.542585 -90.393535
22.650000 2.012055 5.769071 -290.642904 -97.485645
22.700000 2.000956 4.802610 -307.890671 -115.798899
22.750000 2.016470 6.385091 -288.601325 -95.020179
22.800000 2.002164 7.127515 -280.932724 -88.725023
22.850000 2.061363 5.377207 -303.733590 -105.842740
22.900000 1.975944 5.525360 -296.665562 -106.974974
22.950000 2.008906 5.088524 -300.284129 -107.429110
23.000000 1.965595 5.131458 -296.512810 -107.815683
23.050000 2.018820 4.925884 -300.541843 -106.735094
23.100000 1.981278 5.629590 -291.392147 -101.189423
23.150000 1.976132 6.061710 -287.143153 -97.434477
23.200000 1.993739 5.431010 -298.207491 -106.808510
23.250000 1.971914 6.440192 -282.809285 -93.505500
23.300000 2.028441 5.864855 -290.868868 -96.138578
23.350000 1.965382 5.332096 -295.653096 -106.976423
23.400000 2.022472 4.489628 -306.977040 -112.819719
23.450000 1.975900 4.240573 -308.597312 -118.910942
23.500000 1.999665 5.508189 -292.217906 -100.250024
23.550000 1.994080 4.715360 -305.135767 -113.704047
23.600000 1.961926 5.962270 -290.257494 -101.912567
23.650000 2.014638 7.502100 -270.277910 -76.872685
23.700000 1.987569 7.698070 -267.428519 -76.621878
23.750000 2.017819 6.440101 -289.203311 -95.492658
23.800000 2.018965 7.031880 -277.156853 -83.336219
23.850000 2.010299 5.777050 -291.542575 -98.553912
23.900000 2.000525 4.446264 -308.299943 -116.249587
23.950000 2.019422 4.943858 -301.043141 -107.178668
24.000000 2.016890 4.340403 -309.382692 -115.761287
24.050000 2.012234 5.801418 -289.322054 -96.147589
24.100000 1.998599 5.091605 -302.695480 -110.829934
24.150000 1.970430 7.115635 -274.855560 -85.694272
24.200000 2.038965 4.357343 -314.219185 -118.478528
24.250000 1.978514 4.210959 -313.488375 -123.551049
24.300000 1.990452 5.642050 -295.734287 -104.650938
24.350000 2.001503 5.833389 -293.818656 -101.674352
24.400000 1.976035 6.016425 -287.093047 -97.393648
24.450000 2.039019 5.265629 -295.229805 -99.483968
24.500000 1.962723 5.137034 -296.785590 -108.364168
24.550000 2.009768 4.163357 -311.356628 -118.418882
24.600000 1.983519 5.008896 -299.751760 -109.333957
24.650000 2.010757 5.573595 -294.613973 -101.581309
24.700000 2.004225 4.763536 -307.963538 -115.557981
24.750000 1.992299 5.960092 -293.678244 -102.417532
24.800000 2.005633 4.820566 -308.858274 -116.317469
24.850000 1.997180 4.986911 -304.593977 -112.864651
24.900000 2.052149 4.909504 -303.338611 -106.332314
24.950000 1.977813 5.413926 -295.841183 -105.971101
25.000000 2.038756 5.568565 -295.002195 -99.281611
25.050000 2.005420 4.077388 -313.664263 -121.143932
25.100000 1.987324 4.156115 -310.156520 -119.373396
25.150000 2.007106 5.598192 -289.038509 -96.356291
25.200000 1.979206 5.363046 -294.099602 -104.095868
25.250000 2.034362 6.067313 -286.880882 -91.582108
25.300000 1.984711 4.992923 -304.271556 -113.739330
25.350000 1.986411 5.874533 -293.966382 -103.270939
25.400000 2.070223 7.361201 -273.076769 -74.335361
25.450000 1.985616 5.724988 -293.457312 -102.838209
25.500000 1.997082 5.700256 -291.576631 -99.856724
25.550000 1.997375 4.752293 -305.410274 -113.662285
25.600000 2.004364 4.931960 -299.511271 -107.092284
25.650000 1.959408 5.424050 -293.098936 -104.995765
25.700000 2.020490 5.974682 -289.621659 -95.654654
25.750000 2.020123 4.389793 -309.494166 -115.562384
25.800000 1.993745 4.441066 -307.783557 -116.384060
25.850000 2.001624 3.282202 -323.483724 -131.327863
25.900000 1.989336 5.833143 -286.959422 -95.983119
25.950000 1.960020 5.479568 -292.663696 -104.501802
26.000000 2.014611 6.538895 -279.226553 -85.823885
26.050000 2.009742 5.585635 -294.671717 -101.736467
26.100000 2.007595 5.595485 -291.831316 -99.102221
26.150000 2.004753 4.767293 -301.632128 -109.175880
26.200000 1.968304 4.335676 -310.068054 -121.110846
26.250000 2.023361 5.654399 -290.560785 -96.318117
26.300000 1.974846 5.699159 -285.248963 -95.663757
26.350000 1.956794 5.311870 -292.381445 -104.529267
26.400000 2.016251 4.639995 -306.441099 -112.880998
26.450000 2.003298 4.399113 -310.003873 -117.687238
26.500000 1.984469 5.486430 -296.049891 -105.540894
26.550000 2.016376 4.978306 -303.348283 -109.776214
26.600000 1.998507 4.393550 -308.406702 -116.550039
26.650000 1.966814 4.164150 -313.924779 -125.110627
26.700000 1.992881 6.800407 -278.730601 -87.414029
26.750000 2.026455 5.210918 -297.082620 -102.542975
26.800000 1.986870 2.891981 -327.328047 -136.588526
26.850000 1.976315 4.810339 -299.348729 -109.622493
26.900000 1.982592 5.569452 -286.679955 -96.351126
26.950000 2.021781 2.888652 -326.293772 -132.202748
27.000000 1.994791 4.123796 -311.940152 -120.440180
27.050000 1.996589 5.383108 -295.212692 -103.540161
27.100000 1.983179 4.171700 -312.002945 -121.617717
27.150000 2.009138 4.683440 -304.349796 -111.472572
27.200000 2.023895 4.203208 -311.883430 -117.589514
27.250000 1.971255 4.332447 -308.765198 -119.524714
27.300000 1.930029 6.893299 -276.663343 -91.380575
27.350000 2.045808 6.596446 -284.822171 -88.424590
27.400000 2.000704 5.974171 -290.223426 -98.155834
27.450000 1.996683 5.791850 -291.400552 -99.718975
27.500000 1.991678 5.461782 -294.442356 -103.241278
27.550000 2.010481 6.261767 -278.811329 -85.805178
27.600000 1.988172 4.313620 -305.037794 -114.173328
27.650000 2.014692 5.935165 -283.806833 -90.396444
27.700000 2.009220 4.510730 -306.259567 -113.374430
27.750000 2.022118 5.122699 -296.797438 -102.674134
27.800000 2.000325 4.758145 -303.353130 -111.321959
27.850000 1.994176 4.190717 -310.670312 -119.229376
27.900000 1.989544 5.199646 -294.746823 -103.750643
27.950000 1.983158 5.843189 -288.620969 -98.237767
28.000000 2.003668 6.639078 -278.829720 -86.477618
28.050000 2.029476 4.023142 -315.087886 -120.258176
28.100000 1.994209 5.076081 -299.921325 -108.477246
28.150000 2.019817 4.884587 -301.765600 -107.863133
28.200000 1.948271 4.326756 -307.758412 -120.724377
28.250000 1.983422 5.695310 -289.062385 -98.653892
28.300000 2.019005 4.317339 -309.783278 -115.958812
28.350000 1.986902 5.203826 -299.431721 -108.689159
28.400000 1.994702 6.656347 -278.291943 -86.800514
28.450000 2.061911 3.952308 -314.636337 -116.692834
28.500000 1.960228 3.929053 -311.718659 -123.536765
28.550000 1.979752 6.609448 -276.298770 -86.242547
28.600000 1.967561 6.003431 -290.300719 -101.414826
28.650000 1.974350 6.003992 -290.364614 -100.826983
28.700000 2.055556 6.182837 -282.256728 -84.923327
28.750000 2.065684 4.644752 -302.901305 -104.595679
28.800000 1.947579 4.162752 -310.473627 -123.506063
28.850000 1.982938 4.723000 -304.672335 -114.310259
28.900000 1.976917 6.156566 -283.897561 -94.113484
28.950000 2.022494 4.876538 -301.455651 -107.296221
29.000000 2.030156 4.066571 -309.600712 -114.705695
29.050000 1.974881 4.255096 -306.890952 -117.302358
29.100000 2.011468 4.619467 -307.874805 -114.773872
29.150000 2.013945 6.488443 -283.957019 -90.618296
29.200000 2.000835 5.765175 -293.054589 -100.974470
29.250000 1.969505 5.894188 -290.509299 -101.436828
29.300000 2.016653 4.699432 -305.515855 -111.917162
29.350000 1.964260 5.090113 -301.185165 -112.616167
29.400000 2.030738 6.407728 -283.619353 -88.668551
29.450000 1.992538 5.443179 -294.575868 -103.292177
29.500000 2.015342 5.349898 -294.112633 -100.639786
29.550000 1.999984 4.048824 -313.639476 -121.641035
29.600000 2.006936 5.124814 -300.859809 -108.193952
29.650000 2.019186 5.291036 -297.947245 -104.105408
29.700000 1.984641 5.065452 -300.444317 -109.918745
29.750000 1.997138 4.950460 -302.173431 -110.448207
29.800000 1.990069 5.726029 -292.823160 -101.776529
29.850000 2.032801 5.553515 -292.758721 -97.609793
29.900000 1.987680 5.202702 -296.723414 -105.906102
29.950000 2.006878 4.802853 -303.463887 -110.803601
30.000000 1.948419 3.907318 -260.384670 -73.336450
30.050000 2.031157 4.182844 -257.525533 -62.534506
30.100000 1.975841 2.927192 -275.309883 -85.629175
30.150000 2.049578 3.901933 -259.840063 -63.080532
30.200000 2.004602 1.797884 -292.801118 -100.359309
30.250000 1.994820 2.588522 -279.430783 -87.928026
30.300000 2.008125 3.780550 -260.384646 -67.604616
30.350000 1.996458 3.948504 -259.515681 -67.855737
30.400000 2.045703 4.581918 -250.936626 -54.549117
30.450000 1.962879 2.805108 -275.866356 -87.429989
30.500000 1.966487 3.703669 -264.031786 -75.249010
30.550000 1.977863 5.771142 -233.527849 -43.652981
30.600000 1.978201 4.052512 -259.118008 -69.210697
30.650000 2.000633 3.106501 -273.348944 -81.288178
30.700000 1.986173 3.623008 -262.547187 -71.874541
30.750000 2.028266 3.581100 -265.097827 -70.384278
30.800000 2.058889 4.616848 -248.412925 -50.759575
30.850000 1.973534 2.631985 -278.858797 -89.399529
30.900000 2.028549 3.066404 -271.240437 -76.499715
30.950000 1.963033 3.094241 -268.643455 -80.192286
31.000000 1.965082 2.977948 -272.197958 -83.550101
31.050000 2.003421 3.531766 -267.216506 -74.888098
31.100000 2.029245 3.741736 -264.226409 -69.418923
31.150000 1.984317 3.640748 -264.430760 -73.936326
31.200000 1.992871 3.596740 -267.643140 -76.327541
31.250000 2.011810 3.946372 -265.825502 -72.691745
31.300000 1.999133 3.891752 -268.404348 -76.487546
31.350000 2.014239 3.457604 -273.763717 -80.396753
31.400000 1.980523 3.359269 -270.299061 -80.168855
31.450000 2.019826 2.378568 -282.133657 -88.230389
31.500000 1.965295 2.397607 -283.067789 -94.399454
31.550000 2.023028 3.675913 -264.829963 -70.619321
31.600000 2.002491 2.383629 -282.999992 -90.760817
31.650000 1.999105 3.047784 -272.090393 -80.176281
31.700000 1.974960 2.850631 -279.119547 -89.523393
31.750000 1.984641 4.160293 -260.033296 -69.507759
31.800000 2.017770 3.286346 -273.262130 -79.556241
31.850000 1.997930 3.152201 -272.484692 -80.683401
31.900000 2.039321 3.684428 -262.924648 -67.149788
31.950000 2.001761 2.822288 -273.101412 -80.932397
32.000000 2.019846 4.512715 -246.816196 -52.911001
32.050000 1.969599 3.692431 -261.668407 -72.586874
32.100000 1.997816 4.452534 -252.300014 -60.509639
32.150000 1.972903 3.584736 -266.161348 -76.762673
32.200000 1.995128 3.251258 -272.464285 -80.932010
32.250000 1.998327 3.185256 -273.753969 -81.914535
32.300000 2.021233 2.344761 -283.041267 -89.002876
32.350000 1.991086 2.348344 -278.189851 -87.045579
32.400000 2.007954 2.700433 -272.525380 -79.761829
32.450000 1.975354 2.774241 -274.567890 -84.933953
32.500000 2.014175 4.490036 -250.854431 -57.493619
32.550000 2.004382 5.016863 -245.424893 -53.004190
32.600000 2.030690 3.107978 -275.789157 -80.842963
32.650000 1.972424 3.724707 -264.068372 -74.715714
32.700000 2.029390 2.970576 -276.942481 -82.121080
32.750000 1.926565 4.813884 -247.695394 -62.745167
32.800000 1.989626 4.401690 -255.654898 -64.650794
32.850000 2.036844 3.076742 -273.846374 -78.309349
32.900000 1.976490 2.702439 -276.517986 -86.774979
32.950000 1.984470 3.629471 -261.924789 -71.415708
33.000000 2.001278 2.587846 -279.331421 -87.208747
33.050000 2.027220 3.212635 -270.464785 -75.851625
33.100000 1.991930 2.991189 -275.816850 -84.591568
33.150000 2.005593 3.228932 -273.820476 -81.283582
33.200000 2.004731 3.316220 -272.554886 -80.100754
33.250000 2.008389 2.511517 -283.535449 -90.730148
33.300000 1.996833 2.142772 -288.943203 -97.247283
33.350000 2.005812 2.892607 -275.056365 -82.498459
33.400000 2.023533 2.514098 -276.022814 -81.763660
33.450000 1.984309 2.555373 -272.322087 -81.828452
33.500000 2.014133 1.738554 -287.764202 -94.407419
33.550000 1.974529 2.536500 -275.578233 -86.023430
33.600000 2.004429 2.979796 -271.405665 -78.980456
33.650000 2.025800 2.871948 -274.624502 -80.147734
33.700000 1.991522 2.355252 -280.726100 -89.539992
33.750000 1.999964 2.069949 -284.167092 -92.170562
33.800000 1.956153 2.672857 -275.711829 -87.921129
33.850000 2.042345 2.101000 -288.727692 -92.662604
33.900000 1.986483 3.067077 -272.924167 -82.221779
33.950000 2.019869 2.970829 -276.299017 -82.391565
34.000000 1.984713 2.991044 -276.364395 -85.831960
34.050000 2.003448 3.558266 -266.795738 -74.464703
34.100000 2.001548 2.845884 -278.176826 -86.028231
34.150000 1.991223 2.872140 -277.987054 -86.829622
34.200000 2.017220 3.562491 -268.332624 -74.679482
34.250000 1.966198 3.031157 -279.091962 -90.336928
34.300000 2.034267 5.190682 -246.908706 -51.619044
34.350000 1.998835 3.241316 -277.040551 -85.152375
34.400000 1.960887 3.990723 -262.787857 -74.542750
34.450000 2.040531 3.850853 -265.925959 -70.035022
34.500000 2.032020 4.030958 -261.829819 -66.755880
34.550000 1.999992 2.719644 -281.665965 -89.666746
34.600000 2.011866 3.363345 -271.475143 -78.335997
34.650000 1.940986 3.948852 -263.540471 -77.205771
34.700000 2.023459 3.866524 -265.400825 -71.148721
34.750000 1.982197 4.032622 -262.337094 -72.046224
34.800000 2.024671 3.855107 -264.621210 -70.252800
34.850000 1.986159 2.732048 -278.950123 -88.278837
34.900000 2.007810 2.643595 -279.876111 -87.126341
34.950000 2.003824 3.375895 -268.145946 -75.778831
35.000000 1.999849 2.816317 -277.700551 -85.715075
35.050000 1.982420 3.362475 -271.119154 -80.806809
35.100000 2.024902 3.808304 -266.704400 -72.313842
35.150000 2.046419 3.837103 -264.354314 -67.898059
35.200000 1.982127 3.480503 -266.717055 -76.432860
35.250000 2.006441 2.916682 -276.704729 -84.086375
35.300000 1.994379 2.613661 -280.846348 -89.385987
35.350000 2.021498 2.828114 -275.451226 -81.387463
35.400000 1.977614 2.792210 -277.013701 -87.162766
35.450000 2.015438 4.159101 -257.142092 -63.660007
35.500000 2.029772 3.182965 -273.736219 -78.878113
35.550000 2.002183 2.616517 -281.939500 -89.729952
35.600000 2.006471 3.009161 -274.812739 -82.191492
35.650000 2.005632 1.861054 -293.028597 -100.487935
35.700000 1.976888 2.808539 -279.083534 -89.302280
35.750000 1.994812 3.212366 -274.506007 -83.004082
35.800000 2.012669 3.324644 -271.309459 -78.093205
35.850000 1.979551 2.492676 -283.809424 -93.772531
35.900000 1.953614 3.560326 -270.426287 -82.879317
35.950000 2.001137 4.102920 -265.671370 -73.562189
36.000000 2.041016 3.611283 -270.352960 -74.415460
36.050000 2.013405 2.300422 -284.423191 -91.136282
36.100000 1.975852 2.224168 -283.265480 -93.583704
36.150000 2.009673 2.166376 -285.316291 -92.387699
36.200000 2.004604 3.257366 -268.555019 -76.113071
36.250000 2.015233 2.431117 -280.906134 -87.443786
36.300000 2.008119 1.925877 -286.882766 -94.103307
36.350000 1.989422 2.257803 -283.276399 -92.291917
36.400000 2.003977 2.726216 -276.254886 -83.873105
36.450000 2.010646 1.893700 -289.213851 -96.191814
36.500000 1.993073 2.134736 -285.480679 -94.145652
36.550000 1.995886 2.609390 -279.547631 -87.942600
36.600000 1.974119 3.216866 -272.960138 -83.444674
36.650000 2.013505 2.918424 -276.047070 -82.750603
36.700000 1.975494 2.197043 -283.857310 -94.209889
36.750000 2.000611 3.564866 -264.287920 -72.229247
36.800000 2.007281 3.303317 -269.719789 -77.020766
36.850000 2.019757 1.772875 -290.308575 -96.411921
36.900000 2.009096 0.988125 -299.095656 -106.222461
36.950000 1.986089 1.106361 -299.126301 -108.461783
37.000000 1.973784 2.415813 -282.475389 -92.992156
37.050000 1.996839 3.086887 -276.274504 -84.577996
37.100000 2.036854 3.042156 -276.907691 -81.369750
37.150000 2.007488 3.019189 -274.740056 -82.021226
37.200000 1.986554 2.214001 -290.914483 -100.205344
37.250000 2.026658 4.292042 -261.194600 -66.635419
37.300000 1.972362 4.205504 -261.659096 -72.312373
37.350000 2.047410 3.578431 -269.200540 -72.649209
37.400000 1.990804 1.975440 -291.632442 -100.515255
37.450000 1.989406 2.391297 -285.599487 -94.616502
37.500000 1.976895 2.644258 -229.682370 -39.900494
37.550000 1.990050 2.590164 -230.929793 -39.885006
37.600000 1.994215 2.143553 -240.065268 -48.620628
37.650000 1.980619 3.410351 -218.152780 -28.013377
37.700000 1.993413 3.345719 -217.814983 -26.447369
37.750000 1.994017 2.197772 -236.322389 -44.896755
37.800000 2.020999 2.371613 -234.043668 -40.027726
37.850000 2.006676 1.398497 -253.240762 -60.599877
37.900000 1.985456 2.638176 -229.720030 -39.116215
37.950000 2.008021 2.179149 -234.840762 -42.070703
38.000000 1.970374 2.352787 -226.256196 -37.100318
38.050000 1.996883 1.048405 -250.110430 -58.409674
38.100000 1.977351 1.503870 -243.013308 -53.187572
38.150000 1.990809 1.902744 -239.594101 -48.476459
38.200000 2.010301 2.714373 -229.315964 -36.327079
38.250000 1.964888 3.637275 -215.602592 -26.973341
38.300000 1.996034 3.083930 -224.324499 -32.705217
38.350000 1.995016 2.573597 -231.353684 -39.832120
38.400000 2.016631 2.139865 -241.010444 -47.413911
38.450000 2.002737 1.738264 -247.782621 -55.519849
38.500000 1.976492 2.132002 -239.937504 -50.194227
38.550000 2.002576 2.823264 -230.387853 -38.140575
38.600000 1.990410 1.750601 -245.517308 -54.437963
38.650000 2.010937 0.597410 -266.141558 -73.091628
38.700000 1.971482 2.765271 -228.919003 -39.656704
38.750000 2.030659 1.636018 -251.166094 -56.222790
38.800000 1.973432 1.874619 -245.040302 -55.590801
38.850000 2.008821 1.811081 -250.229829 -57.382989
38.900000 1.987456 2.767973 -234.174430 -43.378662
38.950000 2.024553 4.045958 -208.233627 -13.876516
39.000000 2.015228 2.615526 -232.306528 -38.844616
39.050000 2.000929 2.160823 -237.811486 -45.722258
39.100000 2.011057 2.490089 -231.278728 -38.217261
39.150000 2.001924 2.358130 -235.744483 -43.559754
39.200000 2.009010 2.374441 -235.219586 -42.354583
39.250000 1.953059 2.928848 -224.583981 -37.090277
39.300000 1.988433 2.471315 -236.290269 -45.400728
39.350000 2.064414 2.829115 -229.297298 -31.113536
39.400000 1.983668 1.322781 -254.741913 -64.309799
39.450000 2.026500 1.648646 -249.492010 -54.947986
39.500000 1.977480 2.289915 -240.350794 -50.512672
39.550000 1.996265 2.221530 -243.706819 -52.065340
39.600000 1.977195 2.248512 -241.055919 -51.245188
39.650000 1.997879 1.820439 -248.313733 -56.517339
39.700000 2.015939 1.848548 -244.983262 -51.453122
39.750000 1.993843 1.079635 -254.734351 -63.325401
39.800000 1.971159 1.789945 -238.569220 -49.337959
39.850000 2.018422 1.796781 -237.496007 -43.727516
39.900000 1.969902 1.744388 -238.380637 -49.269997
39.950000 2.027748 1.427644 -244.231807 -49.567997
40.000000 1.951106 1.765115 -238.561618 -51.255441
40.050000 1.976149 2.302741 -233.458728 -43.748460
40.100000 1.981939 3.256273 -215.915859 -25.649724
40.150000 1.998175 2.056654 -240.922504 -49.097690
40.200000 2.001926 1.717575 -247.292202 -55.107302
40.250000 2.008985 1.799227 -244.455277 -51.592680
40.300000 2.025151 2.548334 -232.499425 -38.084943
40.350000 2.007365 2.434111 -237.533681 -44.826626
40.400000 2.002850 2.307526 -242.081021 -49.807427
40.450000 2.005475 2.002042 -242.980555 -50.454925
40.500000 2.005447 1.850561 -242.492524 -49.969597
40.550000 1.989396 2.024654 -238.657498 -47.675466
40.600000 2.022279 1.696717 -242.324540 -48.185732
40.650000 1.989747 1.476831 -245.745633 -54.729955
40.700000 2.012253 2.194721 -235.807732 -42.631453
40.750000 2.005317 1.987036 -241.064796 -48.554376
40.800000 2.007073 1.881463 -244.543784 -51.864778
40.850000 2.004704 1.710115 -249.451667 -57.000116
40.900000 1.999016 1.935473 -246.805359 -54.899798
40.950000 1.980954 2.857784 -231.513430 -41.341858
41.000000 2.013140 2.427739 -240.616110 -47.354670
41.050000 1.954836 3.004661 -227.859574 -40.195312
41.100000 2.029914 2.589492 -236.153024 -41.281264
41.150000 2.013797 3.033284 -223.453035 -30.128481
41.200000 2.021250 1.120732 -253.433887 -59.393904
41.250000 1.983727 0.866186 -254.877188 -64.439357
41.300000 1.973604 1.527571 -242.189229 -52.723235
41.350000 1.990817 1.317065 -246.085667 -54.967234
41.400000 2.012492 1.426783 -245.507212 -52.308027
41.450000 1.982591 1.226047 -252.201963 -61.873201
41.500000 2.005851 2.259236 -237.507635 -44.945958
41.550000 1.993418 1.967733 -242.833869 -51.465788
41.600000 2.018573 1.002606 -259.091957 -65.308944
41.650000 1.991216 1.099323 -256.532044 -65.375273
41.700000 1.972270 1.846050 -246.222031 -56.884139
41.750000 2.040390 1.662756 -250.074692 -54.197212
41.800000 1.959414 2.064616 -237.809679 -49.705947
41.850000 2.028100 1.602402 -247.008544 -52.310982
41.900000 2.020904 2.785053 -226.688260 -32.681523
41.950000 1.984741 2.710086 -227.218382 -36.683277
42.000000 1.988907 2.225792 -232.410915 -41.475833
42.050000 1.968467 2.046326 -233.488237 -44.515452
42.100000 2.028230 1.695896 -238.527549 -43.817517
42.150000 1.998622 1.668772 -238.172513 -46.304804
42.200000 2.011775 2.218610 -232.849775 -39.719390
42.250000 1.983152 2.236159 -235.596794 -45.214175
42.300000 1.995470 2.152930 -234.866892 -43.301786
42.350000 2.023540 0.994897 -252.485974 -58.226147
42.400000 1.985200 0.556792 -258.066729 -67.487575
42.450000 1.994157 1.544620 -240.383347 -48.944252
42.500000 1.988429 1.360805 -246.557004 -55.667856
42.550000 1.996399 2.241767 -235.037664 -43.383373
42.600000 2.032995 2.453701 -232.362642 -37.195098
42.650000 1.988218 1.814885 -241.663152 -50.794208
42.700000 2.005021 1.235423 -252.434571 -59.952514
42.750000 2.015253 1.552387 -245.992061 -52.527760
42.800000 1.998103 1.776855 -243.483307 -51.665392
42.850000 1.994495 2.002982 -240.992795 -49.521318
42.900000 2.029493 1.711170 -244.300510 -49.469205
42.950000 1.991289 2.091344 -233.740351 -42.576575
43.000000 1.991372 1.664940 -242.838535 -51.666793
43.050000 2.008497 2.714562 -227.209809 -34.394059
43.100000 2.003175 2.822999 -230.745514 -38.440700
43.150000 2.047941 3.012441 -228.528655 -31.926344
43.200000 1.989110 2.000297 -244.465976 -53.511403
43.250000 2.004846 2.304054 -234.361705 -41.896515
43.300000 2.005313 1.607893 -243.744228 -51.234197
43.350000 1.977936 1.736952 -242.486829 -52.604989
43.400000 2.013285 2.012487 -240.761016 -47.485652
43.450000 1.985165 2.121259 -239.018932 -48.443101
43.500000 2.001806 1.840230 -245.073217 -52.899801
43.550000 2.021950 1.847438 -246.236156 -52.128960
43.600000 1.970910 2.106002 -242.363216 -53.155837
43.650000 2.003007 2.674851 -233.356165 -41.067517
43.700000 1.997995 2.626423 -233.139699 -41.332220
43.750000 2.020456 2.579965 -230.903198 -36.939405
43.800000 2.007583 1.830220 -239.777436 -47.049492
43.850000 1.993883 1.484984 -243.741126 -52.328350
43.900000 2.014240 1.743241 -238.719066 -45.351984
43.950000 2.000639 1.433223 -245.658180 -53.596805
44.000000 2.011433 0.744780 -259.794222 -66.696642
44.050000 1.969409 1.608381 -246.034664 -56.971440
44.100000 2.000692 2.382916 -236.932094 -44.865674
44.150000 2.022876 2.700295 -231.966000 -37.769877
44.200000 1.959920 3.027523 -224.973347 -36.820995
44.250000 2.017939 2.181159 -242.859774 -49.137585
44.300000 2.021143 2.314099 -239.131736 -45.102044
44.350000 1.984134 2.239352 -238.200239 -47.723394
44.400000 2.035645 1.655899 -246.944624 -51.522741
44.450000 1.998748 1.752111 -241.789888 -49.910080
44.500000 2.000895 1.093592 -252.058626 -59.972692
44.550000 2.000044 2.286015 -231.180389 -39.176209
44.600000 1.990709 1.784337 -244.409433 -53.301381
44.650000 1.973043 1.629442 -250.674842 -61.262748
44.700000 2.034676 2.742633 -232.093284 -36.764350
44.750000 1.980482 2.385451 -234.571914 -44.445636
44.800000 1.997528 2.401119 -236.776305 -45.013607
44.850000 2.033186 3.095048 -226.912225 -31.726372
44.900000 2.047608 2.519056 -235.699283 -39.128947
44.950000 1.983387 2.389331 -235.964678 -45.559554
45.000000 1.988906 1.000566 -213.109572 -22.174562
45.050000 1.971001 1.424154 -204.080748 -14.864610
45.100000 2.027117 0.811941 -214.728322 -20.125042
45.150000 1.977547 1.188996 -205.980863 -16.136399
45.200000 1.978541 2.005688 -191.252913 -1.313012
45.250000 2.019018 0.698842 -218.263157 -24.437399
45.300000 1.980671 0.615646 -220.545913 -30.401532
45.350000 2.004850 1.493330 -203.927483 -11.461892
45.400000 2.014178 0.863762 -219.118193 -25.757128
45.450000 1.972167 2.160962 -196.689171 -7.361122
45.500000 2.000737 2.688560 -190.289912 1.780806
45.550000 2.019407 2.020936 -201.874061 -8.010950
45.600000 2.010018 1.595736 -205.985031 -13.023307
45.650000 1.995450 1.363394 -209.576498 -18.013326
45.700000 1.979680 1.472824 -206.670187 -16.620944
45.750000 2.000155 1.933481 -193.650276 -1.635365
45.800000 2.015909 1.535189 -201.478729 -7.951488
45.850000 1.975280 1.231878 -207.914697 -18.287783
45.900000 1.950865 2.276997 -185.218450 2.064543
45.950000 2.020177 0.898497 -210.858146 -16.921108
46.000000 1.978202 1.114349 -203.241276 -13.333870
46.050000 2.007041 1.474964 -196.944685 -4.268735
46.100000 2.005140 1.162854 -202.173745 -9.680328
46.150000 2.013119 0.808460 -211.321079 -18.061609
46.200000 1.993081 1.087976 -210.044555 -18.708754
46.250000 1.979770 2.084523 -194.760954 -4.702996
46.300000 2.044634 3.074319 -175.027611 21.257260
46.350000 1.993279 1.518503 -204.761765 -13.406952
46.400000 1.990660 1.375945 -205.465068 -14.361665
46.450000 2.010667 1.513223 -201.819827 -8.795789
46.500000 1.988485 1.151984 -210.067655 -19.173058
46.550000 1.988008 2.409855 -184.355092 6.493630
46.600000 2.018751 1.114356 -209.820773 -16.020701
46.650000 1.994526 0.810908 -208.903577 -17.429043
46.700000 2.001093 0.282612 -218.060956 -25.956003
46.750000 2.007313 0.396965 -215.821319 -23.119264
46.800000 1.994356 0.484483 -215.727916 -24.269696
46.850000 2.004286 0.492753 -215.783402 -23.371978
46.900000 1.965850 1.191683 -202.343588 -13.621967
46.950000 2.007522 1.141815 -206.903270 -14.181138
47.000000 2.041368 1.114075 -205.438025 -9.466692
47.050000 1.989756 0.615019 -212.721518 -21.704958
47.100000 2.003810 0.486112 -216.794502 -24.428707
47.150000 2.002413 1.195221 -204.707101 -12.475406
47.200000 1.986553 1.699633 -195.966963 -5.257828
47.250000 1.983496 1.284576 -206.699742 -16.284111
47.300000 2.012072 1.222981 -209.127010 -15.968054
47.350000 2.015737 0.936688 -213.174028 -19.663268
47.400000 1.981982 0.772714 -216.942030 -26.671760
47.450000 2.006725 1.963632 -190.528168 2.117427
47.500000 1.998645 0.781714 -214.517754 -22.647864
47.550000 2.017082 1.696471 -195.016386 -1.376515
47.600000 2.010296 0.781829 -213.886217 -20.897771
47.650000 2.001704 0.864949 -210.411281 -18.247656
47.700000 1.992496 0.680889 -214.961474 -23.681885
47.750000 1.991948 1.235091 -204.370172 -13.143120
47.800000 2.004744 0.958856 -207.904558 -15.449167
47.850000 1.998999 0.949523 -204.633068 -12.729162
47.900000 1.986877 0.756657 -209.269267 -18.529069
47.950000 1.999966 1.378147 -199.908931 -7.912212
48.000000 1.974379 1.563700 -198.315802 -8.775413
48.050000 2.031404 1.017669 -210.871114 -15.856314
48.100000 1.981947 1.599105 -198.251871 -7.984925
48.150000 2.008002 1.179426 -207.683810 -14.915652
48.200000 2.010938 0.928326 -216.451205 -23.401188
48.250000 1.980106 1.599493 -207.891356 -17.801219
48.300000 2.021033 2.317166 -197.783284 -3.764081
48.350000 2.017793 1.444367 -214.650748 -20.942606
48.400000 1.988243 0.923929 -222.291267 -31.419914
48.450000 1.984954 1.461534 -209.385584 -18.830007
48.500000 1.986435 2.344833 -188.877676 1.820118
48.550000 2.003761 2.302965 -188.758322 3.602716
48.600000 2.012051 1.701043 -201.437803 -8.280903
48.650000 1.990981 1.722787 -200.522432 -9.388246
48.700000 2.008074 1.442165 -207.633520 -14.858380
48.750000 2.004527 1.376399 -209.979316 -17.544723
48.800000 2.000238 1.926377 -197.219393 -5.196554
48.850000 1.994228 1.785650 -201.603518 -10.157582
48.900000 1.991333 1.717147 -202.202080 -11.034125
48.950000 2.011601 1.541716 -203.573477 -10.459800
49.000000 1.985268 1.358820 -202.478458 -11.892702
49.050000 1.999938 0.633184 -214.711222 -22.717129
49.100000 1.998332 0.796104 -210.864842 -19.025002
49.150000 1.991439 0.729541 -214.496220 -23.318058
49.200000 1.956407 1.608866 -200.879874 -13.064825
49.250000 2.003402 1.905602 -199.189987 -6.863435
49.300000 1.996023 2.036531 -194.896790 -3.278598
49.350000 2.005888 0.925704 -217.573790 -25.008552
49.400000 1.974486 1.409346 -208.190896 -18.640210
49.450000 2.010908 1.856052 -199.961534 -6.914407
49.500000 2.008274 1.978222 -195.367248 -2.572988
49.550000 2.019422 1.409014 -203.980233 -10.115754
49.600000 1.997310 0.551876 -216.839406 -25.097625
49.650000 2.008391 0.781562 -208.824757 -16.019236
49.700000 2.010241 0.507510 -211.034095 -18.050940
49.750000 1.993605 0.352070 -212.078530 -20.692407
49.800000 1.983781 1.236765 -198.806383 -8.363387
49.850000 1.977946 1.565135 -201.321721 -11.438931
49.900000 2.023756 2.324328 -190.865754 3.414807
49.950000 2.009749 1.883574 -200.867915 -7.931976
50.000000 2.000156 2.229556 -192.284104 -0.269149
50.050000 2.009210 2.152723 -192.599711 0.284485
50.100000 2.035695 1.174468 -207.433991 -12.007254
50.150000 2.002302 0.805135 -209.790872 -17.569866
50.200000 1.991743 0.363169 -219.562900 -28.355537
50.250000 1.997706 0.950764 -211.320140 -19.540396
50.300000 2.009398 1.657725 -197.887161 -4.984947
50.350000 1.987142 1.652932 -196.029410 -5.263771
50.400000 1.983043 1.200749 -205.875028 -15.502917
50.450000 2.010065 1.504921 -199.700874 -6.734658
50.500000 2.001122 1.751918 -192.889522 -0.781807
50.550000 2.021665 0.895366 -208.174091 -14.094231
50.600000 2.014230 1.183412 -198.724477 -5.358438
50.650000 1.988524 0.636811 -210.487769 -19.589462
50.700000 2.001058 0.777818 -211.224238 -19.122630
50.750000 1.977452 1.440463 -201.448720 -11.613329
50.800000 2.018157 1.352247 -206.271024 -12.527956
50.850000 1.990226 1.417906 -206.741797 -15.680117
50.900000 2.011244 1.369982 -210.183770 -17.104335
50.950000 2.004387 1.454760 -207.215863 -14.794692
51.000000 2.000382 1.130619 -211.686450 -19.649765
51.050000 1.985688 1.489362 -203.478324 -12.852296
51.100000 2.032932 1.741277 -196.134666 -0.973180
51.150000 1.990679 0.919560 -212.006039 -20.900877
51.200000 1.996541 1.737288 -193.188591 -1.520632
51.250000 2.009610 0.695363 -212.369985 -19.447378
51.300000 1.996134 1.420472 -198.195318 -6.566460
51.350000 1.999940 1.618026 -197.831983 -5.837781
51.400000 2.017741 1.039919 -209.233731 -15.530630
51.450000 2.000160 1.003796 -207.482679 -15.467282
51.500000 2.015500 1.747189 -194.007054 -0.519065
51.550000 2.007489 2.551639 -180.426465 12.292482
51.600000 2.041546 1.471377 -200.008592 -4.020221
51.650000 2.002922 0.517150 -215.079873 -22.799370
51.700000 2.000793 0.555210 -214.866368 -22.790203
51.750000 1.994639 1.074956 -209.936412 -18.451062
51.800000 2.013243 1.291606 -210.516589 -17.245268
51.850000 1.999006 1.257726 -214.317690 -22.413068
51.900000 2.022708 1.725225 -206.191698 -12.011718
51.950000 1.999484 1.433872 -213.957092 -22.006675
52.000000 1.991144 1.307693 -219.848780 -28.698913
52.050000 1.996282 2.329676 -200.792908 -9.149794
52.100000 2.015511 1.983624 -207.955147 -14.466114
52.150000 2.012604 1.504973 -215.074777 -21.864754
52.200000 2.025043 1.142066 -216.714194 -22.310083
52.250000 1.988053 0.996724 -215.632693 -24.779653
52.300000 2.007632 1.138764 -210.928190 -18.195554
52.350000 2.001489 0.733780 -217.026961 -24.884009
52.400000 2.004214 0.901551 -211.939793 -19.535287
52.450000 1.997845 1.441724 -199.315904 -7.522776
52.500000 1.986024 0.945979 -176.731574 13.926696
52.550000 1.995468 0.848889 -180.121142 11.443750
52.600000 2.004322 1.516988 -161.696113 30.718825
52.650000 2.019369 0.560257 -180.583111 13.276275
52.700000 1.991373 0.086041 -189.173389 1.998412
52.750000 1.988021 1.049625 -165.248485 25.601578
52.800000 1.985793 0.906081 -168.391697 22.244473
52.850000 2.007239 0.484683 -177.014677 15.680303
52.900000 1.998459 0.275872 -182.782675 9.069426
52.950000 1.978293 1.178780 -162.656045 27.260044
53.000000 2.003608 1.182455 -164.209730 28.136632
53.050000 1.998904 0.458023 -181.344315 10.550506
53.100000 2.001791 0.909131 -170.692969 21.478922
53.150000 2.024611 1.109190 -170.222254 24.140380
53.200000 2.006939 1.181455 -171.571867 21.094277
53.250000 1.998373 1.035006 -178.520487 13.323300
53.300000 2.028127 1.519398 -170.126312 24.573847
53.350000 1.979732 1.977351 -160.553087 29.501175
53.400000 2.026913 1.558840 -167.826158 26.757517
53.450000 2.008980 0.761020 -180.688450 12.173604
53.500000 1.998526 0.203408 -189.502133 2.356362
53.550000 1.986466 0.738165 -173.212967 17.487812
53.600000 2.001472 0.569231 -178.010793 14.130540
53.650000 2.008892 0.416397 -183.665946 9.187687
53.700000 2.014173 0.053835 -197.030818 -3.670194
53.750000 2.013272 0.735051 -183.741972 9.532143
53.800000 1.999216 0.572009 -189.550114 2.374668
53.850000 1.981595 0.898293 -184.715067 5.518092
53.900000 2.008555 1.320183 -175.349576 17.471708
53.950000 2.003795 1.257563 -177.026754 15.337611
54.000000 1.998591 1.313908 -177.326619 14.538143
54.050000 2.023526 1.333926 -174.956993 19.301467
54.100000 1.987559 0.620708 -189.615277 1.190406
54.150000 1.997453 0.766424 -185.656114 6.099407
54.200000 2.000418 1.701979 -160.995705 31.044415
54.250000 2.008995 0.861081 -179.031086 13.832421
54.300000 2.002763 0.546253 -183.498024 8.767179
54.350000 1.978197 1.187203 -165.235387 24.671498
54.400000 1.996026 0.845657 -171.868363 19.750123
54.450000 2.013023 0.495795 -176.784750 16.465444
54.500000 1.997694 0.224172 -179.488412 12.290174
54.550000 1.979213 0.257600 -178.411903 11.592541
54.600000 2.021815 0.414896 -175.793039 18.301156
54.650000 1.990271 0.286703 -181.789130 9.276885
54.700000 1.996739 0.761614 -176.213745 15.473163
54.750000 2.002102 1.208154 -169.570247 22.631558
54.800000 2.009108 0.636256 -182.423151 10.451257
54.850000 1.993689 1.051279 -168.967233 22.426956
54.900000 1.975805 0.776305 -178.659338 11.017974
54.950000 1.987049 1.379009 -165.902314 24.854394
55.000000 2.004162 1.112350 -172.937909 19.461653
55.050000 2.020245 0.834886 -178.343849 15.599681
55.100000 2.014255 0.792917 -177.050485 16.318016
55.150000 1.988843 0.877128 -174.441642 16.487307
55.200000 2.041008 1.097485 -168.019397 27.917399
55.250000 1.995899 0.420210 -183.903891 7.702435
55.300000 2.005496 1.117678 -171.698389 20.829272
55.350000 2.007777 1.153600 -178.168294 14.578287
55.400000 2.012968 1.856712 -164.529352 28.715557
55.450000 2.007638 1.501554 -171.412206 21.320995
55.500000 2.009758 0.994552 -179.039861 13.896932
55.550000 2.015834 0.613576 -184.538494 8.981586
55.600000 1.989182 0.558408 -183.544369 7.417127
55.650000 1.989949 0.718282 -178.601039 12.434076
55.700000 2.016079 0.551490 -180.925670 12.617928
55.750000 1.983480 0.580505 -179.296995 11.117127
55.800000 2.001248 0.927797 -170.390349 21.729497
55.850000 2.003884 0.460917 -181.807791 10.565046
55.900000 1.987551 0.635353 -180.625825 10.179076
55.950000 1.987815 1.507319 -161.292131 29.538115
56.000000 2.009037 0.836205 -175.571339 17.296245
56.050000 1.980927 0.513517 -181.865668 8.303342
56.100000 2.017822 0.646380 -178.328624 15.382329
56.150000 1.989840 0.789772 -174.954200 16.070396
56.200000 2.002322 1.055386 -170.621729 21.601172
56.250000 2.016937 1.292690 -163.463893 30.162047
56.300000 1.984747 0.871269 -173.721083 16.814676
56.350000 2.059617 1.227064 -165.136396 32.586794
56.400000 1.985051 0.288298 -189.273333 1.291570
56.450000 2.036600 0.895921 -176.071171 19.442400
56.500000 1.971001 0.901479 -178.795568 10.420497
56.550000 1.995132 2.022313 -156.229703 35.302966
56.600000 1.991002 1.953808 -159.216000 31.920163
56.650000 2.001487 1.319594 -175.315248 16.827548
56.700000 1.988132 1.955652 -157.231706 33.628944
56.750000 2.015314 0.778281 -181.089896 12.380273
56.800000 1.967454 1.019593 -169.850318 19.025241
56.850000 2.026778 1.186387 -162.921764 31.648901
56.900000 2.007538 0.271272 -182.592872 10.130818
56.950000 1.982680 0.444214 -178.556305 11.780990
57.000000 1.996179 0.911485 -168.388107 23.245081
57.050000 2.010916 0.469493 -178.990451 14.057443
57.100000 1.999192 0.350478 -184.884783 7.037642
57.150000 1.987375 1.319619 -165.499345 25.288696
57.200000 2.009611 0.892698 -179.748529 13.174085
57.250000 2.005395 1.095973 -172.876167 19.641762
57.300000 1.988275 0.591079 -183.994964 6.879453
57.350000 1.991064 1.408953 -161.168357 29.973805
57.400000 2.025396 0.953359 -168.604871 25.833103
57.450000 1.988659 0.460196 -178.953249 11.958026
57.500000 2.021734 1.014908 -166.778398 27.308058
57.550000 2.007867 0.801649 -173.835888 18.919357
57.600000 2.018769 0.761603 -177.441464 16.360376
57.650000 1.987960 1.600984 -155.398592 35.445524
57.700000 1.988657 0.907949 -172.146966 18.764083
57.750000 2.000918 0.787254 -172.647565 19.440600
57.800000 1.991857 0.713943 -174.522848 16.695418
57.850000 1.983522 1.707119 -152.901656 37.516472
57.900000 2.005432 1.449402 -161.719528 30.801939
57.950000 2.006095 1.286603 -164.799889 27.785225
58.000000 2.012101 1.263464 -165.883638 27.278102
58.050000 2.013016 0.780668 -177.945655 15.303882
58.100000 1.991224 0.599597 -183.152096 8.005398
58.150000 1.997828 0.613468 -186.135379 5.656151
58.200000 2.004805 1.397280 -169.489183 22.972118
58.250000 1.966846 1.484765 -168.293408 20.523792
58.300000 2.016836 1.430092 -168.633911 24.982387
58.350000 2.033295 0.812882 -182.659568 12.536790
58.400000 1.981132 0.976725 -179.997060 10.191623
58.450000 1.989115 1.171552 -177.296371 13.658653
58.500000 2.029089 1.250345 -172.236825 22.555677
58.550000 1.999278 0.695748 -180.680943 11.249712
58.600000 2.003947 0.482754 -180.937840 11.441034
58.650000 1.987098 0.479323 -177.104530 13.656855
58.700000 1.997357 0.704173 -169.693891 22.052426
58.750000 1.971489 0.886474 -166.337281 22.925620
58.800000 2.024936 1.179137 -158.315704 36.078174
58.850000 2.025880 0.725473 -168.691479 25.792972
58.900000 2.005004 0.849897 -166.069459 26.410940
58.950000 2.006323 0.563350 -175.570609 17.036438
59.000000 1.972424 0.956704 -167.138041 22.214650
59.050000 2.015281 0.602556 -178.233359 15.233661
59.100000 1.999327 0.608599 -179.468365 12.467045
59.150000 1.996877 0.616410 -181.236841 10.463357
59.200000 1.984411 1.012838 -173.916546 16.586888
59.250000 2.015500 1.615616 -159.093454 34.394557
59.300000 1.984416 1.227250 -165.305020 25.198869
59.350000 2.006412 0.552677 -176.465071 16.150492
59.400000 1.992851 0.525155 -172.662622 18.651119
59.450000 1.993179 0.798619 -165.752568 25.592634
59.500000 1.991941 0.811194 -166.335844 24.890532
59.550000 2.022385 0.795186 -167.007614 27.141299
59.600000 1.998801 1.013596 -163.768959 28.115910
59.650000 1.996604 0.972436 -169.688390 21.985596
59.700000 2.001675 1.217830 -166.806264 25.354521
59.750000 2.013795 1.759706 -152.829133 40.495214
59.800000 2.017705 0.655650 -180.260665 13.439015
59.850000 1.991950 0.529652 -181.601553 9.625685
59.900000 2.012858 0.426551 -182.163358 11.071004
59.950000 2.009125 0.383917 -181.036601 11.839396
60.000000 2.010938 0.771637 -135.434537 57.615525
60.050000 2.013765 0.327026 -146.349758 46.971651
60.100000 1.993396 0.249523 -150.254042 41.111988
60.150000 1.985397 0.924326 -134.367158 56.230955
60.200000 2.027336 0.800793 -139.596028 55.028276
60.250000 1.986834 0.569802 -143.622716 47.113302
60.300000 1.994222 1.033492 -127.548574 63.896732
60.350000 2.008260 0.838489 -130.548591 62.244335
60.400000 1.982931 0.635561 -132.406002 57.955402
60.450000 2.015839 0.824335 -122.755114 70.765421
60.500000 2.001921 0.539840 -129.571323 62.613106
60.550000 1.997008 0.579476 -130.407429 61.305331
60.600000 2.006865 0.629486 -130.567526 62.091478
60.650000 2.006315 0.385016 -138.989735 53.616486
60.700000 1.999489 0.440434 -139.466699 52.484287
60.750000 1.976439 0.795075 -132.593189 57.144977
60.800000 2.013049 0.762813 -135.987762 57.264919
60.850000 1.994621 0.460987 -143.708061 47.775569
60.900000 2.000117 0.732783 -135.969034 56.042200
60.950000 1.985155 1.001255 -129.389028 61.185811
61.000000 2.004775 0.986563 -129.846371 62.612060
61.050000 2.007499 0.850819 -133.511592 59.208267
61.100000 1.999830 0.568111 -141.692360 50.291300
61.150000 2.000426 1.010400 -125.844972 66.195923
61.200000 1.976384 0.984730 -122.529138 67.203719
61.250000 1.998965 0.211898 -143.291758 48.608863
61.300000 1.972250 0.627617 -128.325495 61.010497
61.350000 2.005238 0.590982 -129.314630 63.188254
61.400000 2.018152 0.584269 -126.890603 66.851992
61.450000 1.986190 0.576786 -127.546298 63.127901
61.500000 2.030114 0.607171 -128.786138 66.104780
61.550000 1.998287 0.419091 -136.779608 55.055916
61.600000 1.987911 0.571770 -136.509612 54.329809
61.650000 1.999990 0.672886 -138.223353 53.775693
61.700000 2.015907 0.597002 -142.684054 50.843041
61.750000 1.990230 0.798708 -136.126718 54.935353
61.800000 1.980082 0.988187 -130.886626 59.201262
61.850000 2.003167 0.592246 -140.739364 51.564654
61.900000 1.994107 0.508974 -142.250427 49.183843
61.950000 1.986137 0.851066 -135.068614 55.600491
62.000000 2.021136 0.778455 -140.219362 53.809718
62.050000 1.949719 1.075805 -131.992439 55.180576
62.100000 1.988999 1.051448 -134.790971 56.152950
62.150000 2.014694 0.795942 -142.153091 51.257509
62.200000 2.002448 0.684439 -142.420058 49.814902
62.250000 1.994977 0.576435 -142.203970 49.313808
62.300000 2.006347 0.379836 -143.652324 48.957035
62.350000 2.004116 -0.045540 -151.966444 40.428734
62.400000 1.996848 -0.012901 -149.891062 41.806340
62.450000 1.998042 0.153279 -150.459291 41.352740
62.500000 1.992838 0.674793 -141.303760 50.008734
62.550000 1.982634 0.841534 -141.190986 49.141855
62.600000 2.013948 0.741041 -146.132169 47.206875
62.650000 1.990667 0.645880 -150.839372 40.264692
62.700000 1.998462 1.068610 -139.983720 51.868614
62.750000 2.039506 1.053449 -139.825889 55.966662
62.800000 2.001320 0.633969 -151.821590 40.305089
62.850000 1.999531 0.950698 -142.211328 49.743611
62.900000 2.026089 0.768752 -146.821596 47.682972
62.950000 1.991902 0.484728 -153.209643 38.012905
63.000000 2.006816 0.720079 -143.950902 48.703454
63.050000 2.008010 0.295846 -154.292143 38.476796
63.100000 1.980611 0.878701 -133.166712 56.971956
63.150000 2.017255 0.339488 -149.508564 44.147900
63.200000 1.995873 0.584150 -141.797027 49.806766
63.250000 2.010254 1.203470 -121.855015 71.129414
63.300000 2.012131 0.510652 -140.084678 53.079895
63.350000 1.987518 0.607284 -132.394501 58.407235
63.400000 2.006382 0.413684 -136.583430 56.029203
63.450000 1.974646 0.459205 -132.975162 56.590898
63.500000 2.008063 0.362426 -136.982177 55.791858
63.550000 1.973062 0.649654 -130.005117 59.408788
63.600000 2.016392 0.850998 -125.936067 67.637524
63.650000 2.002046 0.486231 -136.857564 55.338850
63.700000 1.999161 0.341198 -142.163273 49.756136
63.750000 1.995841 0.608222 -135.042559 56.558180
63.800000 1.994106 0.952555 -124.300049 67.134125
63.850000 2.001199 0.656667 -131.920442 60.194708
63.900000 1.996863 0.611493 -131.480596 60.218233
63.950000 2.002261 0.386773 -139.288196 52.928838
64.000000 2.010946 0.772323 -128.376998 64.673859
64.050000 2.010984 0.519579 -138.939533 54.114970
64.100000 1.974775 0.900867 -129.767913 59.810473
64.150000 2.056981 0.915237 -131.844385 65.625755
64.200000 1.977755 0.590087 -141.469864 48.394606
64.250000 1.991119 1.047915 -129.152861 61.994608
64.300000 2.013754 0.519849 -144.845832 48.474519
64.350000 1.993062 0.385768 -146.190127 45.143814
64.400000 1.981791 0.615252 -138.393163 51.858746
64.450000 1.990004 1.102212 -121.784751 69.255621
64.500000 1.975866 1.173917 -118.850059 70.833108
64.550000 2.021089 0.547063 -137.229938 56.794618
64.600000 1.998213 0.594378 -133.079632 58.748799
64.650000 1.991783 0.718211 -132.054012 59.157126
64.700000 1.995618 0.616495 -139.447738 52.131569
64.750000 2.001541 0.750632 -137.963111 54.184787
64.800000 1.993850 0.928216 -133.611679 57.797923
64.850000 2.012985 0.711788 -139.516409 53.730198
64.900000 1.996950 0.825835 -132.806861 58.900374
64.950000 2.007660 0.498138 -140.500614 52.234790
65.000000 1.990537 0.460455 -139.245620 51.845903
65.050000 1.988509 0.534328 -136.771417 54.125433
65.100000 1.989532 0.723370 -131.967790 59.027285
65.150000 2.012899 0.859629 -128.671942 64.566324
65.200000 1.997490 0.577571 -139.069424 52.689660
65.250000 2.005765 1.009452 -127.907778 64.645695
65.300000 1.989745 0.873444 -131.819374 59.196111
65.350000 1.996011 0.650058 -138.279477 53.337618
65.400000 2.000120 0.880855 -131.241453 60.770092
65.450000 1.994595 0.784126 -136.244399 55.236755
65.500000 2.015924 0.774981 -135.508434 58.020268
65.550000 1.993702 0.511065 -139.045226 52.350139
65.600000 2.018853 0.350481 -141.221201 52.588713
65.650000 1.992135 0.710200 -129.088155 62.156814
65.700000 1.972555 1.053503 -119.333602 70.031642
65.750000 2.026928 0.744771 -127.941439 66.643656
65.800000 2.000558 0.705074 -125.455192 66.598329
65.850000 2.010342 0.498840 -131.198663 61.794125
65.900000 1.993919 0.665681 -125.357427 66.058836
65.950000 1.996237 0.543629 -131.888268 59.750509
66.000000 1.991970 1.686295 -98.656926 92.572197
66.050000 2.000732 0.661849 -129.807847 62.262456
66.100000 2.014522 0.609801 -128.310203 65.083953
66.150000 1.997599 0.280210 -139.528053 52.241434
66.200000 2.017305 0.824043 -124.963383 68.697932
66.250000 2.003461 0.627778 -132.814778 59.517512
66.300000 2.015293 0.338045 -142.769003 50.699149
66.350000 1.982439 0.432854 -141.810060 48.504036
66.400000 2.018746 0.804742 -135.816384 57.983228
66.450000 1.978267 1.243154 -125.155401 64.758216
66.500000 2.008847 1.193142 -128.417430 64.431876
66.550000 1.988920 0.860277 -139.078545 51.857747
66.600000 2.014107 0.693171 -144.519714 48.834593
66.650000 1.995964 1.012760 -133.021509 58.591022
66.700000 2.008417 0.587579 -144.027053 48.780935
66.750000 2.016632 0.838269 -132.418270 61.178442
66.800000 1.983949 0.734360 -135.977060 54.482074
66.850000 1.996001 0.971654 -131.088558 60.527549
66.900000 2.018711 0.823042 -134.200044 59.596191
66.950000 2.008237 0.354211 -143.618386 49.172355
67.000000 1.994265 0.309898 -143.196359 48.253108
67.050000 1.980521 0.640287 -135.254115 54.875930
67.100000 2.017770 0.857073 -131.221340 62.484614
67.150000 1.985379 0.700044 -136.929884 53.666530
67.200000 2.012475 0.614971 -142.566396 50.631193
67.250000 1.983681 1.232840 -124.940751 65.492613
67.300000 2.013354 0.741162 -139.031732 54.250230
67.350000 1.985154 0.651948 -139.271232 51.303559
67.400000 1.992134 1.060683 -124.940429 66.304473
67.450000 2.004743 0.568981 -138.293038 54.162285
