# t Temp Pres Epot Etot
0.000000 -nan -nan -1108.756114 -nan
0.050000 -nan -nan -1108.756114 -nan
0.100000 -nan -nan -1108.756114 -nan
0.150000 -nan -nan -1108.756114 -nan
0.200000 -nan -nan -1108.756114 -nan
0.250000 -nan -nan -1108.756114 -nan
0.300000 -nan -nan -1108.756114 -nan
0.350000 -nan -nan -1108.756114 -nan
0.400000 -nan -nan -1108.756114 -nan
0.450000 -nan -nan -1108.756114 -nan
0.500000 -nan -nan -1108.756114 -nan
0.550000 -nan -nan -1108.756114 -nan
0.600000 -nan -nan -1108.756114 -nan
0.650000 -nan -nan -1108.756114 -nan
0.700000 -nan -nan -1108.756114 -nan
0.750000 -nan -nan -1108.756114 -nan
0.800000 -nan -nan -1108.756114 -nan
0.850000 -nan -nan -1108.756114 -nan
0.900000 -nan -nan -1108.756114 -nan
0.950000 -nan -nan -1108.756114 -nan
1.000000 -nan -nan -1108.756114 -nan
1.050000 -nan -nan -1108.756114 -nan
1.100000 -nan -nan -1108.756114 -nan
1.150000 -nan -nan -1108.756114 -nan
1.200000 -nan -nan -1108.756114 -nan
1.250000 -nan -nan -1108.756114 -nan
1.300000 -nan -nan -1108.756114 -nan
1.350000 -nan -nan -1108.756114 -nan
1.400000 -nan -nan -1108.756114 -nan
1.450000 -nan -nan -1108.756114 -nan
1.500000 -nan -nan -1108.756114 -nan
1.550000 -nan -nan -1108.756114 -nan
1.600000 -nan -nan -1108.756114 -nan
1.650000 -nan -nan -1108.756114 -nan
1.700000 -nan -nan -1108.756114 -nan
1.750000 -nan -nan -1108.756114 -nan
1.800000 -nan -nan -1108.756114 -nan
1.850000 -nan -nan -1108.756114 -nan
1.900000 -nan -nan -1108.756114 -nan
1.950000 -nan -nan -1108.756114 -nan
2.000000 -nan -nan -1108.756114 -nan
2.050000 -nan -nan -1108.756114 -nan
2.100000 -nan -nan -1108.756114 -nan
2.150000 -nan -nan -1108.756114 -nan
2.200000 -nan -nan -1108.756114 -nan
2.250000 -nan -nan -1108.756114 -nan
2.300000 -nan -nan -1108.756114 -nan
2.350000 -nan -nan -1108.756114 -nan
2.400000 -nan -nan -1108.756114 -nan
2.450000 -nan -nan -1108.756114 -nan
2.500000 -nan -nan -1108.756114 -nan
2.550000 -nan -nan -1108.756114 -nan
2.600000 -nan -nan -1108.756114 -nan
2.650000 -nan -nan -1108.756114 -nan
2.700000 -nan -nan -1108.756114 -nan
2.750000 -nan -nan -1108.756114 -nan
2.800000 -nan -nan -1108.756114 -nan
2.850000 -nan -nan -1108.756114 -nan
2.900000 -nan -nan -1108.756114 -nan
2.950000 -nan -nan -1108.756114 -nan
3.000000 -nan -nan -1108.756114 -nan
3.050000 -nan -nan -1108.756114 -nan
3.100000 -nan -nan -1108.756114 -nan
3.150000 -nan -nan -1108.756114 -nan
3.200000 -nan -nan -1108.756114 -nan
3.250000 -nan -nan -1108.756114 -nan
3.300000 -nan -nan -1108.756114 -nan
3.350000 -nan -nan -1108.756114 -nan
3.400000 -nan -nan -1108.756114 -nan
3.450000 -nan -nan -1108.756114 -nan
3.500000 -nan -nan -1108.756114 -nan
3.550000 -nan -nan -1108.756114 -nan
3.600000 -nan -nan -1108.756114 -nan
3.650000 -nan -nan -1108.756114 -nan
3.700000 -nan -nan -1108.756114 -nan
3.750000 -nan -nan -1108.756114 -nan
3.800000 -nan -nan -1108.756114 -nan
3.850000 -nan -nan -1108.756114 -nan
3.900000 -nan -nan -1108.756114 -nan
3.950000 -nan -nan -1108.756114 -nan
4.000000 -nan -nan -1108.756114 -nan
4.050000 -nan -nan -1108.756114 -nan
4.100000 -nan -nan -1108.756114 -nan
4.150000 -nan -nan -1108.756114 -nan
4.200000 -nan -nan -1108.756114 -nan
4.250000 -nan -nan -1108.756114 -nan
4.300000 -nan -nan -1108.756114 -nan
4.350000 -nan -nan -1108.756114 -nan
4.400000 -nan -nan -1108.756114 -nan
4.450000 -nan -nan -1108.756114 -nan
4.500000 -nan -nan -1108.756114 -nan
4.550000 -nan -nan -1108.756114 -nan
4.600000 -nan -nan -1108.756114 -nan
4.650000 -nan -nan -1108.756114 -nan
4.700000 -nan -nan -1108.756114 -nan
4.750000 -nan -nan -1108.756114 -nan
4.800000 -nan -nan -1108.756114 -nan
4.850000 -nan -nan -1108.756114 -nan
4.900000 -nan -nan -1108.756114 -nan
4.950000 -nan -nan -1108.756114 -nan
5.000000 -nan -nan -1108.756114 -nan
5.050000 -nan -nan -1108.756114 -nan
5.100000 -nan -nan -1108.756114 -nan
5.150000 -nan -nan -1108.756114 -nan
5.200000 -nan -nan -1108.756114 -nan
5.250000 -nan -nan -1108.756114 -nan
5.300000 -nan -nan -1108.756114 -nan
5.350000 -nan -nan -1108.756114 -nan
5.400000 -nan -nan -1108.756114 -nan
5.450000 -nan -nan -1108.756114 -nan
5.500000 -nan -nan -1108.756114 -nan
5.550000 -nan -nan -1108.756114 -nan
5.600000 -nan -nan -1108.756114 -nan
5.650000 -nan -nan -1108.756114 -nan
5.700000 -nan -nan -1108.756114 -nan
5.750000 -nan -nan -1108.756114 -nan
5.800000 -nan -nan -1108.756114 -nan
5.850000 -nan -nan -1108.756114 -nan
5.900000 -nan -nan -1108.756114 -nan
5.950000 -nan -nan -1108.756114 -nan
6.000000 -nan -nan -1108.756114 -nan
6.050000 -nan -nan -1108.756114 -nan
6.100000 -nan -nan -1108.756114 -nan
6.150000 -nan -nan -1108.756114 -nan
6.200000 -nan -nan -1108.756114 -nan
6.250000 -nan -nan -1108.756114 -nan
6.300000 -nan -nan -1108.756114 -nan
6.350000 -nan -nan -1108.756114 -nan
6.400000 -nan -nan -1108.756114 -nan
6.450000 -nan -nan -1108.756114 -nan
6.500000 -nan -nan -1108.756114 -nan
6.550000 -nan -nan -1108.756114 -nan
6.600000 -nan -nan -1108.756114 -nan
6.650000 -nan -nan -1108.756114 -nan
6.700000 -nan -nan -1108.756114 -nan
6.750000 -nan -nan -1108.756114 -nan
6.800000 -nan -nan -1108.756114 -nan
6.850000 -nan -nan -1108.756114 -nan
6.900000 -nan -nan -1108.756114 -nan
6.950000 -nan -nan -1108.756114 -nan
7.000000 -nan -nan -1108.756114 -nan
7.050000 -nan -nan -1108.756114 -nan
7.100000 -nan -nan -1108.756114 -nan
7.150000 -nan -nan -1108.756114 -nan
7.200000 -nan -nan -1108.756114 -nan
7.250000 -nan -nan -1108.756114 -nan
7.300000 -nan -nan -1108.756114 -nan
7.350000 -nan -nan -1108.756114 -nan
7.400000 -nan -nan -1108.756114 -nan
7.450000 -nan -nan -1108.756114 -nan
7.500000 2.000000 0.906023 -1016.359771 1575.640229
7.550000 2.000000 0.906023 -1016.359771 1575.640229
7.600000 2.000000 0.906023 -1016.359771 1575.640229
7.650000 2.000000 0.906023 -1016.359771 1575.640229
7.700000 2.000000 0.906023 -1016.359771 1575.640229
7.750000 2.000000 0.906023 -1016.359771 1575.640229
7.800000 2.000000 0.906023 -1016.359771 1575.640229
7.850000 2.000000 0.906023 -1016.359771 1575.640229
7.900000 2.000000 0.906023 -1016.359771 1575.640229
7.950000 2.000000 0.906023 -1016.359771 1575.640229
8.000000 2.000000 0.906023 -1016.359771 1575.640229
8.050000 2.000000 0.906023 -1016.359771 1575.640229
8.100000 2.000000 0.906023 -1016.359771 1575.640229
8.150000 2.000000 0.906023 -1016.359771 1575.640229
8.200000 2.000000 0.906023 -1016.359771 1575.640229
8.250000 2.000000 0.906023 -1016.359771 1575.640229
8.300000 2.000000 0.906023 -1016.359771 1575.640229
8.350000 2.000000 0.906023 -1016.359771 1575.640229
8.400000 2.000000 0.906023 -1016.359771 1575.640229
8.450000 2.000000 0.906023 -1016.359771 1575.640229
8.500000 2.000000 0.906023 -1016.359771 1575.640229
8.550000 2.000000 0.906023 -1016.359771 1575.640229
8.600000 2.000000 0.906023 -1016.359771 1575.640229
8.650000 2.000000 0.906023 -1016.359771 1575.640229
8.700000 2.000000 0.906023 -1016.359771 1575.640229
8.750000 2.000000 0.906023 -1016.359771 1575.640229
8.800000 2.000000 0.906023 -1016.359771 1575.640229
8.850000 2.000000 0.906023 -1016.359771 1575.640229
8.900000 2.000000 0.906023 -1016.359771 1575.640229
8.950000 2.000000 0.906023 -1016.359771 1575.640229
9.000000 2.000000 0.906023 -1016.359771 1575.640229
9.050000 2.000000 0.906023 -1016.359771 1575.640229
9.100000 2.000000 0.906023 -1016.359771 1575.640229
9.150000 2.000000 0.906023 -1016.359771 1575.640229
9.200000 2.000000 0.906023 -1016.359771 1575.640229
9.250000 2.000000 0.906023 -1016.359771 1575.640229
9.300000 2.000000 0.906023 -1016.359771 1575.640229
9.350000 2.000000 0.906023 -1016.359771 1575.640229
9.400000 2.000000 0.906023 -1016.359771 1575.640229
9.450000 2.000000 0.906023 -1016.359771 1575.640229
9.500000 2.000000 0.906023 -1016.359771 1575.640229
9.550000 2.000000 0.906023 -1016.359771 1575.640229
9.600000 2.000000 0.906023 -1016.359771 1575.640229
9.650000 2.000000 0.906023 -1016.359771 1575.640229
9.700000 2.000000 0.906023 -1016.359771 1575.640229
9.750000 2.000000 0.906023 -1016.359771 1575.640229
9.800000 2.000000 0.906023 -1016.359771 1575.640229
9.850000 2.000000 0.906023 -1016.359771 1575.640229
9.900000 2.000000 0.906023 -1016.359771 1575.640229
9.950000 2.000000 0.906023 -1016.359771 1575.640229
10.000000 2.000000 0.906023 -1016.359771 1575.640229
10.050000 2.000000 0.906023 -1016.359771 1575.640229
10.100000 2.000000 0.906023 -1016.359771 1575.640229
10.150000 2.000000 0.906023 -1016.359771 1575.640229
10.200000 2.000000 0.906023 -1016.359771 1575.640229
10.250000 2.000000 0.906023 -1016.359771 1575.640229
10.300000 2.000000 0.906023 -1016.359771 1575.640229
10.350000 2.000000 0.906023 -1016.359771 1575.640229
10.400000 2.000000 0.906023 -1016.359771 1575.640229
10.450000 2.000000 0.906023 -1016.359771 1575.640229
10.500000 2.000000 0.906023 -1016.359771 1575.640229
10.550000 2.000000 0.906023 -1016.359771 1575.640229
10.600000 2.000000 0.906023 -1016.359771 1575.640229
10.650000 2.000000 0.906023 -1016.359771 1575.640229
10.700000 2.000000 0.906023 -1016.359771 1575.640229
10.750000 2.000000 0.906023 -1016.359771 1575.640229
10.800000 2.000000 0.906023 -1016.359771 1575.640229
10.850000 2.000000 0.906023 -1016.359771 1575.640229
10.900000 2.000000 0.906023 -1016.359771 1575.640229
10.950000 2.000000 0.906023 -1016.359771 1575.640229
11.000000 2.000000 0.906023 -1016.359771 1575.640229
11.050000 2.000000 0.906023 -1016.359771 1575.640229
11.100000 2.000000 0.906023 -1016.359771 1575.640229
11.150000 2.000000 0.906023 -1016.359771 1575.640229
11.200000 2.000000 0.906023 -1016.359771 1575.640229
11.250000 2.000000 0.906023 -1016.359771 1575.640229
11.300000 2.000000 0.906023 -1016.359771 1575.640229
11.350000 2.000000 0.906023 -1016.359771 1575.640229
11.400000 2.000000 0.906023 -1016.359771 1575.640229
11.450000 2.000000 0.906023 -1016.359771 1575.640229
11.500000 2.000000 0.906023 -1016.359771 1575.640229
11.550000 2.000000 0.906023 -1016.359771 1575.640229
11.600000 2.000000 0.906023 -1016.359771 1575.640229
11.650000 2.000000 0.906023 -1016.359771 1575.640229
11.700000 2.000000 0.906023 -1016.359771 1575.640229
11.750000 2.000000 0.906023 -1016.359771 1575.640229
11.800000 2.000000 0.906023 -1016.359771 1575.640229
11.850000 2.000000 0.906023 -1016.359771 1575.640229
11.900000 2.000000 0.906023 -1016.359771 1575.640229
11.950000 2.000000 0.906023 -1016.359771 1575.640229
12.000000 2.000000 0.906023 -1016.359771 1575.640229
12.050000 2.000000 0.906023 -1016.359771 1575.640229
12.100000 2.000000 0.906023 -1016.359771 1575.640229
12.150000 2.000000 0.906023 -1016.359771 1575.640229
12.200000 2.000000 0.906023 -1016.359771 1575.640229
12.250000 2.000000 0.906023 -1016.359771 1575.640229
12.300000 2.000000 0.906023 -1016.359771 1575.640229
12.350000 2.000000 0.906023 -1016.359771 1575.640229
12.400000 2.000000 0.906023 -1016.359771 1575.640229
12.450000 2.000000 0.906023 -1016.359771 1575.640229
12.500000 2.000000 0.906023 -1016.359771 1575.640229
12.550000 2.000000 0.906023 -1016.359771 1575.640229
12.600000 2.000000 0.906023 -1016.359771 1575.640229
12.650000 2.000000 0.906023 -1016.359771 1575.640229
12.700000 2.000000 0.906023 -1016.359771 1575.640229
12.750000 2.000000 0.906023 -1016.359771 1575.640229
12.800000 2.000000 0.906023 -1016.359771 1575.640229
12.850000 2.000000 0.906023 -1016.359771 1575.640229
12.900000 2.000000 0.906023 -1016.359771 1575.640229
12.950000 2.000000 0.906023 -1016.359771 1575.640229
13.000000 2.000000 0.906023 -1016.359771 1575.640229
13.050000 2.000000 0.906023 -1016.359771 1575.640229
13.100000 2.000000 0.906023 -1016.359771 1575.640229
13.150000 2.000000 0.906023 -1016.359771 1575.640229
13.200000 2.000000 0.906023 -1016.359771 1575.640229
13.250000 2.000000 0.906023 -1016.359771 1575.640229
13.300000 2.000000 0.906023 -1016.359771 1575.640229
13.350000 2.000000 0.906023 -1016.359771 1575.640229
13.400000 2.000000 0.906023 -1016.359771 1575.640229
13.450000 2.000000 0.906023 -1016.359771 1575.640229
13.500000 2.000000 0.906023 -1016.359771 1575.640229
13.550000 2.000000 0.906023 -1016.359771 1575.640229
13.600000 2.000000 0.906023 -1016.359771 1575.640229
13.650000 2.000000 0.906023 -1016.359771 1575.640229
13.700000 2.000000 0.906023 -1016.359771 1575.640229
13.750000 2.000000 0.906023 -1016.359771 1575.640229
13.800000 2.000000 0.906023 -1016.359771 1575.640229
13.850000 2.000000 0.906023 -1016.359771 1575.640229
13.900000 2.000000 0.906023 -1016.359771 1575.640229
13.950000 2.000000 0.906023 -1016.359771 1575.640229
14.000000 2.000000 0.906023 -1016.359771 1575.640229
14.050000 2.000000 0.906023 -1016.359771 1575.640229
14.100000 2.000000 0.906023 -1016.359771 1575.640229
14.150000 2.000000 0.906023 -1016.359771 1575.640229
14.200000 2.000000 0.906023 -1016.359771 1575.640229
14.250000 2.000000 0.906023 -1016.359771 1575.640229
14.300000 2.000000 0.906023 -1016.359771 1575.640229
14.350000 2.000000 0.906023 -1016.359771 1575.640229
14.400000 2.000000 0.906023 -1016.359771 1575.640229
14.450000 2.000000 0.906023 -1016.359771 1575.640229
14.500000 2.000000 0.906023 -1016.359771 1575.640229
14.550000 2.000000 0.906023 -1016.359771 1575.640229
14.600000 2.000000 0.906023 -1016.359771 1575.640229
14.650000 2.000000 0.906023 -1016.359771 1575.640229
14.700000 2.000000 0.906023 -1016.359771 1575.640229
14.750000 2.000000 0.906023 -1016.359771 1575.640229
14.800000 2.000000 0.906023 -1016.359771 1575.640229
14.850000 2.000000 0.906023 -1016.359771 1575.640229
14.900000 2.000000 0.906023 -1016.359771 1575.640229
14.950000 2.000000 0.906023 -1016.359771 1575.640229
15.000000 2.000000 0.930598 -923.963428 1668.036572
15.050000 2.000000 0.930598 -923.963428 1668.036572
15.100000 2.000000 0.930598 -923.963428 1668.036572
15.150000 2.000000 0.930598 -923.963428 1668.036572
15.200000 2.000000 0.930598 -923.963428 1668.036572
15.250000 2.000000 0.930598 -923.963428 1668.036572
15.300000 2.000000 0.930598 -923.963428 1668.036572
15.350000 2.000000 0.930598 -923.963428 1668.036572
15.400000 2.000000 0.930598 -923.963428 1668.036572
15.450000 2.000000 0.930598 -923.963428 1668.036572
15.500000 2.000000 0.930598 -923.963428 1668.036572
15.550000 2.000000 0.930598 -923.963428 1668.036572
15.600000 2.000000 0.930598 -923.963428 1668.036572
15.650000 2.000000 0.930598 -923.963428 1668.036572
15.700000 2.000000 0.930598 -923.963428 1668.036572
15.750000 2.000000 0.930598 -923.963428 1668.036572
15.800000 2.000000 0.930598 -923.963428 1668.036572
15.850000 2.000000 0.930598 -923.963428 1668.036572
15.900000 2.000000 0.930598 -923.963428 1668.036572
15.950000 2.000000 0.930598 -923.963428 1668.036572
16.000000 2.000000 0.930598 -923.963428 1668.036572
16.050000 2.000000 0.930598 -923.963428 1668.036572
16.100000 2.000000 0.930598 -923.963428 1668.036572
16.150000 2.000000 0.930598 -923.963428 1668.036572
16.200000 2.000000 0.930598 -923.963428 1668.036572
16.250000 2.000000 0.930598 -923.963428 1668.036572
16.300000 2.000000 0.930598 -923.963428 1668.036572
16.350000 2.000000 0.930598 -923.963428 1668.036572
16.400000 2.000000 0.930598 -923.963428 1668.036572
16.450000 2.000000 0.930598 -923.963428 1668.036572
16.500000 2.000000 0.930598 -923.963428 1668.036572
16.550000 2.000000 0.930598 -923.963428 1668.036572
16.600000 2.000000 0.930598 -923.963428 1668.036572
16.650000 2.000000 0.930598 -923.963428 1668.036572
16.700000 2.000000 0.930598 -923.963428 1668.036572
16.750000 2.000000 0.930598 -923.963428 1668.036572
16.800000 2.000000 0.930598 -923.963428 1668.036572
16.850000 2.000000 0.930598 -923.963428 1668.036572
16.900000 2.000000 0.930598 -923.963428 1668.036572
16.950000 2.000000 0.930598 -923.963428 1668.036572
17.000000 2.000000 0.930598 -923.963428 1668.036572
17.050000 2.000000 0.930598 -923.963428 1668.036572
17.100000 2.000000 0.930598 -923.963428 1668.036572
17.150000 2.000000 0.930598 -923.963428 1668.036572
17.200000 2.000000 0.930598 -923.963428 1668.036572
17.250000 2.000000 0.930598 -923.963428 1668.036572
17.300000 2.000000 0.930598 -923.963428 1668.036572
17.350000 2.000000 0.930598 -923.963428 1668.036572
17.400000 2.000000 0.930598 -923.963428 1668.036572
17.450000 2.000000 0.930598 -923.963428 1668.036572
17.500000 2.000000 0.930598 -923.963428 1668.036572
17.550000 2.000000 0.930598 -923.963428 1668.036572
17.600000 2.000000 0.930598 -923.963428 1668.036572
17.650000 2.000000 0.930598 -923.963428 1668.036572
17.700000 2.000000 0.930598 -923.963428 1668.036572
17.750000 2.000000 0.930598 -923.963428 1668.036572
17.800000 2.000000 0.930598 -923.963428 1668.036572
17.850000 2.000000 0.930598 -923.963428 1668.036572
17.900000 2.000000 0.930598 -923.963428 1668.036572
17.950000 2.000000 0.930598 -923.963428 1668.036572
18.000000 2.000000 0.930598 -923.963428 1668.036572
18.050000 2.000000 0.930598 -923.963428 1668.036572
18.100000 2.000000 0.930598 -923.963428 1668.036572
18.150000 2.000000 0.930598 -923.963428 1668.036572
18.200000 2.000000 0.930598 -923.963428 1668.036572
18.250000 2.000000 0.930598 -923.963428 1668.036572
18.300000 2.000000 0.930598 -923.963428 1668.036572
18.350000 2.000000 0.930598 -923.963428 1668.036572
18.400000 2.000000 0.930598 -923.963428 1668.036572
18.450000 2.000000 0.930598 -923.963428 1668.036572
18.500000 2.000000 0.930598 -923.963428 1668.036572
18.550000 2.000000 0.930598 -923.963428 1668.036572
18.600000 2.000000 0.930598 -923.963428 1668.036572
18.650000 2.000000 0.930598 -923.963428 1668.036572
18.700000 2.000000 0.930598 -923.963428 1668.036572
18.750000 2.000000 0.930598 -923.963428 1668.036572
18.800000 2.000000 0.930598 -923.963428 1668.036572
18.850000 2.000000 0.930598 -923.963428 1668.036572
18.900000 2.000000 0.930598 -923.963428 1668.036572
18.950000 2.000000 0.930598 -923.963428 1668.036572
19.000000 2.000000 0.930598 -923.963428 1668.036572
19.050000 2.000000 0.930598 -923.963428 1668.036572
19.100000 2.000000 0.930598 -923.963428 1668.036572
19.150000 2.000000 0.930598 -923.963428 1668.036572
19.200000 2.000000 0.930598 -923.963428 1668.036572
19.250000 2.000000 0.930598 -923.963428 1668.036572
19.300000 2.000000 0.930598 -923.963428 1668.036572
19.350000 2.000000 0.930598 -923.963428 1668.036572
19.400000 2.000000 0.930598 -923.963428 1668.036572
19.450000 2.000000 0.930598 -923.963428 1668.036572
19.500000 2.000000 0.930598 -923.963428 1668.036572
19.550000 2.000000 0.930598 -923.963428 1668.036572
19.600000 2.000000 0.930598 -923.963428 1668.036572
19.650000 2.000000 0.930598 -923.963428 1668.036572
19.700000 2.000000 0.930598 -923.963428 1668.036572
19.750000 2.000000 0.930598 -923.963428 1668.036572
19.800000 2.000000 0.930598 -923.963428 1668.036572
19.850000 2.000000 0.930598 -923.963428 1668.036572
19.900000 2.000000 0.930598 -923.963428 1668.036572
19.950000 2.000000 0.930598 -923.963428 1668.036572
20.000000 2.000000 0.930598 -923.963428 1668.036572
20.050000 2.000000 0.930598 -923.963428 1668.036572
20.100000 2.000000 0.930598 -923.963428 1668.036572
20.150000 2.000000 0.930598 -923.963428 1668.036572
20.200000 2.000000 0.930598 -923.963428 1668.036572
20.250000 2.000000 0.930598 -923.963428 1668.036572
20.300000 2.000000 0.930598 -923.963428 1668.036572
20.350000 2.000000 0.930598 -923.963428 1668.036572
20.400000 2.000000 0.930598 -923.963428 1668.036572
20.450000 2.000000 0.930598 -923.963428 1668.036572
20.500000 2.000000 0.930598 -923.963428 1668.036572
20.550000 2.000000 0.930598 -923.963428 1668.036572
20.600000 2.000000 0.930598 -923.963428 1668.036572
20.650000 2.000000 0.930598 -923.963428 1668.036572
20.700000 2.000000 0.930598 -923.963428 1668.036572
20.750000 2.000000 0.930598 -923.963428 1668.036572
20.800000 2.000000 0.930598 -923.963428 1668.036572
20.850000 2.000000 0.930598 -923.963428 1668.036572
20.900000 2.000000 0.930598 -923.963428 1668.036572
20.950000 2.000000 0.930598 -923.963428 1668.036572
21.000000 2.000000 0.930598 -923.963428 1668.036572
21.050000 2.000000 0.930598 -923.963428 1668.036572
21.100000 2.000000 0.930598 -923.963428 1668.036572
21.150000 2.000000 0.930598 -923.963428 1668.036572
21.200000 2.000000 0.930598 -923.963428 1668.036572
21.250000 2.000000 0.930598 -923.963428 1668.036572
21.300000 2.000000 0.930598 -923.963428 1668.036572
21.350000 2.000000 0.930598 -923.963428 1668.036572
21.400000 2.000000 0.930598 -923.963428 1668.036572
21.450000 2.000000 0.930598 -923.963428 1668.036572
21.500000 2.000000 0.930598 -923.963428 1668.036572
21.550000 2.000000 0.930598 -923.963428 1668.036572
21.600000 2.000000 0.930598 -923.963428 1668.036572
21.650000 2.000000 0.930598 -923.963428 1668.036572
21.700000 2.000000 0.930598 -923.963428 1668.036572
21.750000 2.000000 0.930598 -923.963428 1668.036572
21.800000 2.000000 0.930598 -923.963428 1668.036572
21.850000 2.000000 0.930598 -923.963428 1668.036572
21.900000 2.000000 0.930598 -923.963428 1668.036572
21.950000 2.000000 0.930598 -923.963428 1668.036572
22.000000 2.000000 0.930598 -923.963428 1668.036572
22.050000 2.000000 0.930598 -923.963428 1668.036572
22.100000 2.000000 0.930598 -923.963428 1668.036572
22.150000 2.000000 0.930598 -923.963428 1668.036572
22.200000 2.000000 0.930598 -923.963428 1668.036572
22.250000 2.000000 0.930598 -923.963428 1668.036572
22.300000 2.000000 0.930598 -923.963428 1668.036572
22.350000 2.000000 0.930598 -923.963428 1668.036572
22.400000 2.000000 0.930598 -923.963428 1668.036572
22.450000 2.000000 0.930598 -923.963428 1668.036572
22.500000 2.000000 0.933784 -831.567085 1760.432915
22.550000 2.000000 0.933784 -831.567085 1760.432915
22.600000 2.000000 0.933784 -831.567085 1760.432915
22.650000 2.000000 0.933784 -831.567085 1760.432915
22.700000 2.000000 0.933784 -831.567085 1760.432915
22.750000 2.000000 0.933784 -831.567085 1760.432915
22.800000 2.000000 0.933784 -831.567085 1760.432915
22.850000 2.000000 0.933784 -831.567085 1760.432915
22.900000 2.000000 0.933784 -831.567085 1760.432915
22.950000 2.000000 0.933784 -831.567085 1760.432915
23.000000 2.000000 0.933784 -831.567085 1760.432915
23.050000 2.000000 0.933784 -831.567085 1760.432915
23.100000 2.000000 0.933784 -831.567085 1760.432915
23.150000 2.000000 0.933784 -831.567085 1760.432915
23.200000 2.000000 0.933784 -831.567085 1760.432915
23.250000 2.000000 0.933784 -831.567085 1760.432915
23.300000 2.000000 0.933784 -831.567085 1760.432915
23.350000 2.000000 0.933784 -831.567085 1760.432915
23.400000 2.000000 0.933784 -831.567085 1760.432915
23.450000 2.000000 0.933784 -831.567085 1760.432915
23.500000 2.000000 0.933784 -831.567085 1760.432915
23.550000 2.000000 0.933784 -831.567085 1760.432915
23.600000 2.000000 0.933784 -831.567085 1760.432915
23.650000 2.000000 0.933784 -831.567085 1760.432915
23.700000 2.000000 0.933784 -831.567085 1760.432915
23.750000 2.000000 0.933784 -831.567085 1760.432915
23.800000 2.000000 0.933784 -831.567085 1760.432915
23.850000 2.000000 0.933784 -831.567085 1760.432915
23.900000 2.000000 0.933784 -831.567085 1760.432915
23.950000 2.000000 0.933784 -831.567085 1760.432915
24.000000 2.000000 0.933784 -831.567085 1760.432915
24.050000 2.000000 0.933784 -831.567085 1760.432915
24.100000 2.000000 0.933784 -831.567085 1760.432915
24.150000 2.000000 0.933784 -831.567085 1760.432915
24.200000 2.000000 0.933784 -831.567085 1760.432915
24.250000 2.000000 0.933784 -831.567085 1760.432915
24.300000 2.000000 0.933784 -831.567085 1760.432915
24.350000 2.000000 0.933784 -831.567085 1760.432915
24.400000 2.000000 0.933784 -831.567085 1760.432915
24.450000 2.000000 0.933784 -831.567085 1760.432915
24.500000 2.000000 0.933784 -831.567085 1760.432915
24.550000 2.000000 0.933784 -831.567085 1760.432915
24.600000 2.000000 0.933784 -831.567085 1760.432915
24.650000 2.000000 0.933784 -831.567085 1760.432915
24.700000 2.000000 0.933784 -831.567085 1760.432915
24.750000 2.000000 0.933784 -831.567085 1760.432915
24.800000 2.000000 0.933784 -831.567085 1760.432915
24.850000 2.000000 0.933784 -831.567085 1760.432915
24.900000 2.000000 0.933784 -831.567085 1760.432915
24.950000 2.000000 0.933784 -831.567085 1760.432915
25.000000 2.000000 0.933784 -831.567085 1760.432915
25.050000 2.000000 0.933784 -831.567085 1760.432915
25.100000 2.000000 0.933784 -831.567085 1760.432915
25.150000 2.000000 0.933784 -831.567085 1760.432915
25.200000 2.000000 0.933784 -831.567085 1760.432915
25.250000 2.000000 0.933784 -831.567085 1760.432915
25.300000 2.000000 0.933784 -831.567085 1760.432915
25.350000 2.000000 0.933784 -831.567085 1760.432915
25.400000 2.000000 0.933784 -831.567085 1760.432915
25.450000 2.000000 0.933784 -831.567085 1760.432915
25.500000 2.000000 0.933784 -831.567085 1760.432915
25.550000 2.000000 0.933784 -831.567085 1760.432915
25.600000 2.000000 0.933784 -831.567085 1760.432915
25.650000 2.000000 0.933784 -831.567085 1760.432915
25.700000 2.000000 0.933784 -831.567085 1760.432915
25.750000 2.000000 0.933784 -831.567085 1760.432915
25.800000 2.000000 0.933784 -831.567085 1760.432915
25.850000 2.000000 0.933784 -831.567085 1760.432915
25.900000 2.000000 0.933784 -831.567085 1760.432915
25.950000 2.000000 0.933784 -831.567085 1760.432915
26.000000 2.000000 0.933784 -831.567085 1760.432915
26.050000 2.000000 0.933784 -831.567085 1760.432915
26.100000 2.000000 0.933784 -831.567085 1760.432915
26.150000 2.000000 0.933784 -831.567085 1760.432915
26.200000 2.000000 0.933784 -831.567085 1760.432915
26.250000 2.000000 0.933784 -831.567085 1760.432915
26.300000 2.000000 0.933784 -831.567085 1760.432915
26.350000 2.000000 0.933784 -831.567085 1760.432915
26.400000 2.000000 0.933784 -831.567085 1760.432915
26.450000 2.000000 0.933784 -831.567085 1760.432915
26.500000 2.000000 0.933784 -831.567085 1760.432915
26.550000 2.000000 0.933784 -831.567085 1760.432915
26.600000 2.000000 0.933784 -831.567085 1760.432915
26.650000 2.000000 0.933784 -831.567085 1760.432915
26.700000 2.000000 0.933784 -831.567085 1760.432915
26.750000 2.000000 0.933784 -831.567085 1760.432915
26.800000 2.000000 0.933784 -831.567085 1760.432915
26.850000 2.000000 0.933784 -831.567085 1760.432915
26.900000 2.000000 0.933784 -831.567085 1760.432915
26.950000 2.000000 0.933784 -831.567085 1760.432915
27.000000 2.000000 0.933784 -831.567085 1760.432915
27.050000 2.000000 0.933784 -831.567085 1760.432915
27.100000 2.000000 0.933784 -831.567085 1760.432915
27.150000 2.000000 0.933784 -831.567085 1760.432915
27.200000 2.000000 0.933784 -831.567085 1760.432915
27.250000 2.000000 0.933784 -831.567085 1760.432915
27.300000 2.000000 0.933784 -831.567085 1760.432915
27.350000 2.000000 0.933784 -831.567085 1760.432915
27.400000 2.000000 0.933784 -831.567085 1760.432915
27.450000 2.000000 0.933784 -831.567085 1760.432915
27.500000 2.000000 0.933784 -831.567085 1760.432915
27.550000 2.000000 0.933784 -831.567085 1760.432915
27.600000 2.000000 0.933784 -831.567085 1760.432915
27.650000 2.000000 0.933784 -831.567085 1760.432915
27.700000 2.000000 0.933784 -831.567085 1760.432915
27.750000 2.000000 0.933784 -831.567085 1760.432915
27.800000 2.000000 0.933784 -831.567085 1760.432915
27.850000 2.000000 0.933784 -831.567085 1760.432915
27.900000 2.000000 0.933784 -831.567085 1760.432915
27.950000 2.000000 0.933784 -831.567085 1760.432915
28.000000 2.000000 0.933784 -831.567085 1760.432915
28.050000 2.000000 0.933784 -831.567085 1760.432915
28.100000 2.000000 0.933784 -831.567085 1760.432915
28.150000 2.000000 0.933784 -831.567085 1760.432915
28.200000 2.000000 0.933784 -831.567085 1760.432915
28.250000 2.000000 0.933784 -831.567085 1760.432915
28.300000 2.000000 0.933784 -831.567085 1760.432915
28.350000 2.000000 0.933784 -831.567085 1760.432915
28.400000 2.000000 0.933784 -831.567085 1760.432915
28.450000 2.000000 0.933784 -831.567085 1760.432915
28.500000 2.000000 0.933784 -831.567085 1760.432915
28.550000 2.000000 0.933784 -831.567085 1760.432915
28.600000 2.000000 0.933784 -831.567085 1760.432915
28.650000 2.000000 0.933784 -831.567085 1760.432915
28.700000 2.000000 0.933784 -831.567085 1760.432915
28.750000 2.000000 0.933784 -831.567085 1760.432915
28.800000 2.000000 0.933784 -831.567085 1760.432915
28.850000 2.000000 0.933784 -831.567085 1760.432915
28.900000 2.000000 0.933784 -831.567085 1760.432915
28.950000 2.000000 0.933784 -831.567085 1760.432915
29.000000 2.000000 0.933784 -831.567085 1760.432915
29.050000 2.000000 0.933784 -831.567085 1760.432915
29.100000 2.000000 0.933784 -831.567085 1760.432915
29.150000 2.000000 0.933784 -831.567085 1760.432915
29.200000 2.000000 0.933784 -831.567085 1760.432915
29.250000 2.000000 0.933784 -831.567085 1760.432915
29.300000 2.000000 0.933784 -831.567085 1760.432915
29.350000 2.000000 0.933784 -831.567085 1760.432915
29.400000 2.000000 0.933784 -831.567085 1760.432915
29.450000 2.000000 0.933784 -831.567085 1760.432915
29.500000 2.000000 0.933784 -831.567085 1760.432915
29.550000 2.000000 0.933784 -831.567085 1760.432915
29.600000 2.000000 0.933784 -831.567085 1760.432915
29.650000 2.000000 0.933784 -831.567085 1760.432915
29.700000 2.000000 0.933784 -831.567085 1760.432915
29.750000 2.000000 0.933784 -831.567085 1760.432915
29.800000 2.000000 0.933784 -831.567085 1760.432915
29.850000 2.000000 0.933784 -831.567085 1760.432915
29.900000 2.000000 0.933784 -831.567085 1760.432915
29.950000 2.000000 0.933784 -831.567085 1760.432915
30.000000 2.000000 0.915583 -739.170742 1852.829258
30.050000 2.000000 0.915583 -739.170742 1852.829258
30.100000 2.000000 0.915583 -739.170742 1852.829258
30.150000 2.000000 0.915583 -739.170742 1852.829258
30.200000 2.000000 0.915583 -739.170742 1852.829258
30.250000 2.000000 0.915583 -739.170742 1852.829258
30.300000 2.000000 0.915583 -739.170742 1852.829258
30.350000 2.000000 0.915583 -739.170742 1852.829258
30.400000 2.000000 0.915583 -739.170742 1852.829258
30.450000 2.000000 0.915583 -739.170742 1852.829258
30.500000 2.000000 0.915583 -739.170742 1852.829258
30.550000 2.000000 0.915583 -739.170742 1852.829258
30.600000 2.000000 0.915583 -739.170742 1852.829258
30.650000 2.000000 0.915583 -739.170742 1852.829258
30.700000 2.000000 0.915583 -739.170742 1852.829258
30.750000 2.000000 0.915583 -739.170742 1852.829258
30.800000 2.000000 0.915583 -739.170742 1852.829258
30.850000 2.000000 0.915583 -739.170742 1852.829258
30.900000 2.000000 0.915583 -739.170742 1852.829258
30.950000 2.000000 0.915583 -739.170742 1852.829258
31.000000 2.000000 0.915583 -739.170742 1852.829258
31.050000 2.000000 0.915583 -739.170742 1852.829258
31.100000 2.000000 0.915583 -739.170742 1852.829258
31.150000 2.000000 0.915583 -739.170742 1852.829258
31.200000 2.000000 0.915583 -739.170742 1852.829258
31.250000 2.000000 0.915583 -739.170742 1852.829258
31.300000 2.000000 0.915583 -739.170742 1852.829258
31.350000 2.000000 0.915583 -739.170742 1852.829258
31.400000 2.000000 0.915583 -739.170742 1852.829258
31.450000 2.000000 0.915583 -739.170742 1852.829258
31.500000 2.000000 0.915583 -739.170742 1852.829258
31.550000 2.000000 0.915583 -739.170742 1852.829258
31.600000 2.000000 0.915583 -739.170742 1852.829258
31.650000 2.000000 0.915583 -739.170742 1852.829258
31.700000 2.000000 0.915583 -739.170742 1852.829258
31.750000 2.000000 0.915583 -739.170742 1852.829258
31.800000 2.000000 0.915583 -739.170742 1852.829258
31.850000 2.000000 0.915583 -739.170742 1852.829258
31.900000 2.000000 0.915583 -739.170742 1852.829258
31.950000 2.000000 0.915583 -739.170742 1852.829258
32.000000 2.000000 0.915583 -739.170742 1852.829258
32.050000 2.000000 0.915583 -739.170742 1852.829258
32.100000 2.000000 0.915583 -739.170742 1852.829258
32.150000 2.000000 0.915583 -739.170742 1852.829258
32.200000 2.000000 0.915583 -739.170742 1852.829258
32.250000 2.000000 0.915583 -739.170742 1852.829258
32.300000 2.000000 0.915583 -739.170742 1852.829258
32.350000 2.000000 0.915583 -739.170742 1852.829258
32.400000 2.000000 0.915583 -739.170742 1852.829258
32.450000 2.000000 0.915583 -739.170742 1852.829258
32.500000 2.000000 0.915583 -739.170742 1852.829258
32.550000 2.000000 0.915583 -739.170742 1852.829258
32.600000 2.000000 0.915583 -739.170742 1852.829258
32.650000 2.000000 0.915583 -739.170742 1852.829258
32.700000 2.000000 0.915583 -739.170742 1852.829258
32.750000 2.000000 0.915583 -739.170742 1852.829258
32.800000 2.000000 0.915583 -739.170742 1852.829258
32.850000 2.000000 0.915583 -739.170742 1852.829258
32.900000 2.000000 0.915583 -739.170742 1852.829258
32.950000 2.000000 0.915583 -739.170742 1852.829258
33.000000 2.000000 0.915583 -739.170742 1852.829258
33.050000 2.000000 0.915583 -739.170742 1852.829258
33.100000 2.000000 0.915583 -739.170742 1852.829258
33.150000 2.000000 0.915583 -739.170742 1852.829258
33.200000 2.000000 0.915583 -739.170742 1852.829258
33.250000 2.000000 0.915583 -739.170742 1852.829258
33.300000 2.000000 0.915583 -739.170742 1852.829258
33.350000 2.000000 0.915583 -739.170742 1852.829258
33.400000 2.000000 0.915583 -739.170742 1852.829258
33.450000 2.000000 0.915583 -739.170742 1852.829258
33.500000 2.000000 0.915583 -739.170742 1852.829258
33.550000 2.000000 0.915583 -739.170742 1852.829258
33.600000 2.000000 0.915583 -739.170742 1852.829258
33.650000 2.000000 0.915583 -739.170742 1852.829258
33.700000 2.000000 0.915583 -739.170742 1852.829258
33.750000 2.000000 0.915583 -739.170742 1852.829258
33.800000 2.000000 0.915583 -739.170742 1852.829258
33.850000 2.000000 0.915583 -739.170742 1852.829258
33.900000 2.000000 0.915583 -739.170742 1852.829258
33.950000 2.000000 0.915583 -739.170742 1852.829258
34.000000 2.000000 0.915583 -739.170742 1852.829258
34.050000 2.000000 0.915583 -739.170742 1852.829258
34.100000 2.000000 0.915583 -739.170742 1852.829258
34.150000 2.000000 0.915583 -739.170742 1852.829258
34.200000 2.000000 0.915583 -739.170742 1852.829258
34.250000 2.000000 0.915583 -739.170742 1852.829258
34.300000 2.000000 0.915583 -739.170742 1852.829258
34.350000 2.000000 0.915583 -739.170742 1852.829258
34.400000 2.000000 0.915583 -739.170742 1852.829258
34.450000 2.000000 0.915583 -739.170742 1852.829258
34.500000 2.000000 0.915583 -739.170742 1852.829258
34.550000 2.000000 0.915583 -739.170742 1852.829258
34.600000 2.000000 0.915583 -739.170742 1852.829258
34.650000 2.000000 0.915583 -739.170742 1852.829258
34.700000 2.000000 0.915583 -739.170742 1852.829258
34.750000 2.000000 0.915583 -739.170742 1852.829258
34.800000 2.000000 0.915583 -739.170742 1852.829258
34.850000 2.000000 0.915583 -739.170742 1852.829258
34.900000 2.000000 0.915583 -739.170742 1852.829258
34.950000 2.000000 0.915583 -739.170742 1852.829258
35.000000 2.000000 0.915583 -739.170742 1852.829258
35.050000 2.000000 0.915583 -739.170742 1852.829258
35.100000 2.000000 0.915583 -739.170742 1852.829258
35.150000 2.000000 0.915583 -739.170742 1852.829258
35.200000 2.000000 0.915583 -739.170742 1852.829258
35.250000 2.000000 0.915583 -739.170742 1852.829258
35.300000 2.000000 0.915583 -739.170742 1852.829258
35.350000 2.000000 0.915583 -739.170742 1852.829258
35.400000 2.000000 0.915583 -739.170742 1852.829258
35.450000 2.000000 0.915583 -739.170742 1852.829258
35.500000 2.000000 0.915583 -739.170742 1852.829258
35.550000 2.000000 0.915583 -739.170742 1852.829258
35.600000 2.000000 0.915583 -739.170742 1852.829258
35.650000 2.000000 0.915583 -739.170742 1852.829258
35.700000 2.000000 0.915583 -739.170742 1852.829258
35.750000 2.000000 0.915583 -739.170742 1852.829258
35.800000 2.000000 0.915583 -739.170742 1852.829258
35.850000 2.000000 0.915583 -739.170742 1852.829258
35.900000 2.000000 0.915583 -739.170742 1852.829258
35.950000 2.000000 0.915583 -739.170742 1852.829258
36.000000 2.000000 0.915583 -739.170742 1852.829258
36.050000 2.000000 0.915583 -739.170742 1852.829258
36.100000 2.000000 0.915583 -739.170742 1852.829258
36.150000 2.000000 0.915583 -739.170742 1852.829258
36.200000 2.000000 0.915583 -739.170742 1852.829258
36.250000 2.000000 0.915583 -739.170742 1852.829258
36.300000 2.000000 0.915583 -739.170742 1852.829258
36.350000 2.000000 0.915583 -739.170742 1852.829258
36.400000 2.000000 0.915583 -739.170742 1852.829258
36.450000 2.000000 0.915583 -739.170742 1852.829258
36.500000 2.000000 0.915583 -739.170742 1852.829258
36.550000 2.000000 0.915583 -739.170742 1852.829258
36.600000 2.000000 0.915583 -739.170742 1852.829258
36.650000 2.000000 0.915583 -739.170742 1852.829258
36.700000 2.000000 0.915583 -739.170742 1852.829258
36.750000 2.000000 0.915583 -739.170742 1852.829258
36.800000 2.000000 0.915583 -739.170742 1852.829258
36.850000 2.000000 0.915583 -739.170742 1852.829258
36.900000 2.000000 0.915583 -739.170742 1852.829258
36.950000 2.000000 0.915583 -739.170742 1852.829258
37.000000 2.000000 0.915583 -739.170742 1852.829258
37.050000 2.000000 0.915583 -739.170742 1852.829258
37.100000 2.000000 0.915583 -739.170742 1852.829258
37.150000 2.000000 0.915583 -739.170742 1852.829258
37.200000 2.000000 0.915583 -739.170742 1852.829258
37.250000 2.000000 0.915583 -739.170742 1852.829258
37.300000 2.000000 0.915583 -739.170742 1852.829258
37.350000 2.000000 0.915583 -739.170742 1852.829258
37.400000 2.000000 0.915583 -739.170742 1852.829258
37.450000 2.000000 0.915583 -739.170742 1852.829258
37.500000 2.000000 0.875993 -646.774400 1945.225600
37.550000 2.000000 0.875993 -646.774400 1945.225600
37.600000 2.000000 0.875993 -646.774400 1945.225600
37.650000 2.000000 0.875993 -646.774400 1945.225600
37.700000 2.000000 0.875993 -646.774400 1945.225600
37.750000 2.000000 0.875993 -646.774400 1945.225600
37.800000 2.000000 0.875993 -646.774400 1945.225600
37.850000 2.000000 0.875993 -646.774400 1945.225600
37.900000 2.000000 0.875993 -646.774400 1945.225600
37.950000 2.000000 0.875993 -646.774400 1945.225600
38.000000 2.000000 0.875993 -646.774400 1945.225600
38.050000 2.000000 0.875993 -646.774400 1945.225600
38.100000 2.000000 0.875993 -646.774400 1945.225600
38.150000 2.000000 0.875993 -646.774400 1945.225600
38.200000 2.000000 0.875993 -646.774400 1945.225600
38.250000 2.000000 0.875993 -646.774400 1945.225600
38.300000 2.000000 0.875993 -646.774400 1945.225600
38.350000 2.000000 0.875993 -646.774400 1945.225600
38.400000 2.000000 0.875993 -646.774400 1945.225600
38.450000 2.000000 0.875993 -646.774400 1945.225600
38.500000 2.000000 0.875993 -646.774400 1945.225600
38.550000 2.000000 0.875993 -646.774400 1945.225600
38.600000 2.000000 0.875993 -646.774400 1945.225600
38.650000 2.000000 0.875993 -646.774400 1945.225600
38.700000 2.000000 0.875993 -646.774400 1945.225600
38.750000 2.000000 0.875993 -646.774400 1945.225600
38.800000 2.000000 0.875993 -646.774400 1945.225600
38.850000 2.000000 0.875993 -646.774400 1945.225600
38.900000 2.000000 0.875993 -646.774400 1945.225600
38.950000 2.000000 0.875993 -646.774400 1945.225600
39.000000 2.000000 0.875993 -646.774400 1945.225600
39.050000 2.000000 0.875993 -646.774400 1945.225600
39.100000 2.000000 0.875993 -646.774400 1945.225600
39.150000 2.000000 0.875993 -646.774400 1945.225600
39.200000 2.000000 0.875993 -646.774400 1945.225600
39.250000 2.000000 0.875993 -646.774400 1945.225600
39.300000 2.000000 0.875993 -646.774400 1945.225600
39.350000 2.000000 0.875993 -646.774400 1945.225600
39.400000 2.000000 0.875993 -646.774400 1945.225600
39.450000 2.000000 0.875993 -646.774400 1945.225600
39.500000 2.000000 0.875993 -646.774400 1945.225600
39.550000 2.000000 0.875993 -646.774400 1945.225600
39.600000 2.000000 0.875993 -646.774400 1945.225600
39.650000 2.000000 0.875993 -646.774400 1945.225600
39.700000 2.000000 0.875993 -646.774400 1945.225600
39.750000 2.000000 0.875993 -646.774400 1945.225600
39.800000 2.000000 0.875993 -646.774400 1945.225600
39.850000 2.000000 0.875993 -646.774400 1945.225600
39.900000 2.000000 0.875993 -646.774400 1945.225600
39.950000 2.000000 0.875993 -646.774400 1945.225600
40.000000 2.000000 0.875993 -646.774400 1945.225600
40.050000 2.000000 0.875993 -646.774400 1945.225600
40.100000 2.000000 0.875993 -646.774400 1945.225600
40.150000 2.000000 0.875993 -646.774400 1945.225600
40.200000 2.000000 0.875993 -646.774400 1945.225600
40.250000 2.000000 0.875993 -646.774400 1945.225600
40.300000 2.000000 0.875993 -646.774400 1945.225600
40.350000 2.000000 0.875993 -646.774400 1945.225600
40.400000 2.000000 0.875993 -646.774400 1945.225600
40.450000 2.000000 0.875993 -646.774400 1945.225600
40.500000 2.000000 0.875993 -646.774400 1945.225600
40.550000 2.000000 0.875993 -646.774400 1945.225600
40.600000 2.000000 0.875993 -646.774400 1945.225600
40.650000 2.000000 0.875993 -646.774400 1945.225600
40.700000 2.000000 0.875993 -646.774400 1945.225600
40.750000 2.000000 0.875993 -646.774400 1945.225600
40.800000 2.000000 0.875993 -646.774400 1945.225600
40.850000 2.000000 0.875993 -646.774400 1945.225600
40.900000 2.000000 0.875993 -646.774400 1945.225600
40.950000 2.000000 0.875993 -646.774400 1945.225600
41.000000 2.000000 0.875993 -646.774400 1945.225600
41.050000 2.000000 0.875993 -646.774400 1945.225600
41.100000 2.000000 0.875993 -646.774400 1945.225600
41.150000 2.000000 0.875993 -646.774400 1945.225600
41.200000 2.000000 0.875993 -646.774400 1945.225600
41.250000 2.000000 0.875993 -646.774400 1945.225600
41.300000 2.000000 0.875993 -646.774400 1945.225600
41.350000 2.000000 0.875993 -646.774400 1945.225600
41.400000 2.000000 0.875993 -646.774400 1945.225600
41.450000 2.000000 0.875993 -646.774400 1945.225600
41.500000 2.000000 0.875993 -646.774400 1945.225600
41.550000 2.000000 0.875993 -646.774400 1945.225600
41.600000 2.000000 0.875993 -646.774400 1945.225600
41.650000 2.000000 0.875993 -646.774400 1945.225600
41.700000 2.000000 0.875993 -646.774400 1945.225600
41.750000 2.000000 0.875993 -646.774400 1945.225600
41.800000 2.000000 0.875993 -646.774400 1945.225600
41.850000 2.000000 0.875993 -646.774400 1945.225600
41.900000 2.000000 0.875993 -646.774400 1945.225600
41.950000 2.000000 0.875993 -646.774400 1945.225600
42.000000 2.000000 0.875993 -646.774400 1945.225600
42.050000 2.000000 0.875993 -646.774400 1945.225600
42.100000 2.000000 0.875993 -646.774400 1945.225600
42.150000 2.000000 0.875993 -646.774400 1945.225600
42.200000 2.000000 0.875993 -646.774400 1945.225600
42.250000 2.000000 0.875993 -646.774400 1945.225600
42.300000 2.000000 0.875993 -646.774400 1945.225600
42.350000 2.000000 0.875993 -646.774400 1945.225600
42.400000 2.000000 0.875993 -646.774400 1945.225600
42.450000 2.000000 0.875993 -646.774400 1945.225600
42.500000 2.000000 0.875993 -646.774400 1945.225600
42.550000 2.000000 0.875993 -646.774400 1945.225600
42.600000 2.000000 0.875993 -646.774400 1945.225600
42.650000 2.000000 0.875993 -646.774400 1945.225600
42.700000 2.000000 0.875993 -646.774400 1945.225600
42.750000 2.000000 0.875993 -646.774400 1945.225600
42.800000 2.000000 0.875993 -646.774400 1945.225600
42.850000 2.000000 0.875993 -646.774400 1945.225600
42.900000 2.000000 0.875993 -646.774400 1945.225600
42.950000 2.000000 0.875993 -646.774400 1945.225600
43.000000 2.000000 0.875993 -646.774400 1945.225600
43.050000 2.000000 0.875993 -646.774400 1945.225600
43.100000 2.000000 0.875993 -646.774400 1945.225600
43.150000 2.000000 0.875993 -646.774400 1945.225600
43.200000 2.000000 0.875993 -646.774400 1945.225600
43.250000 2.000000 0.875993 -646.774400 1945.225600
43.300000 2.000000 0.875993 -646.774400 1945.225600
43.350000 2.000000 0.875993 -646.774400 1945.225600
43.400000 2.000000 0.875993 -646.774400 1945.225600
43.450000 2.000000 0.875993 -646.774400 1945.225600
43.500000 2.000000 0.875993 -646.774400 1945.225600
43.550000 2.000000 0.875993 -646.774400 1945.225600
43.600000 2.000000 0.875993 -646.774400 1945.225600
43.650000 2.000000 0.875993 -646.774400 1945.225600
43.700000 2.000000 0.875993 -646.774400 1945.225600
43.750000 2.000000 0.875993 -646.774400 1945.225600
43.800000 2.000000 0.875993 -646.774400 1945.225600
43.850000 2.000000 0.875993 -646.774400 1945.225600
43.900000 2.000000 0.875993 -646.774400 1945.225600
43.950000 2.000000 0.875993 -646.774400 1945.225600
44.000000 2.000000 0.875993 -646.774400 1945.225600
44.050000 2.000000 0.875993 -646.774400 1945.225600
44.100000 2.000000 0.875993 -646.774400 1945.225600
44.150000 2.000000 0.875993 -646.774400 1945.225600
44.200000 2.000000 0.875993 -646.774400 1945.225600
44.250000 2.000000 0.875993 -646.774400 1945.225600
44.300000 2.000000 0.875993 -646.774400 1945.225600
44.350000 2.000000 0.875993 -646.774400 1945.225600
44.400000 2.000000 0.875993 -646.774400 1945.225600
44.450000 2.000000 0.875993 -646.774400 1945.225600
44.500000 2.000000 0.875993 -646.774400 1945.225600
44.550000 2.000000 0.875993 -646.774400 1945.225600
44.600000 2.000000 0.875993 -646.774400 1945.225600
44.650000 2.000000 0.875993 -646.774400 1945.225600
44.700000 2.000000 0.875993 -646.774400 1945.225600
44.750000 2.000000 0.875993 -646.774400 1945.225600
44.800000 2.000000 0.875993 -646.774400 1945.225600
44.850000 2.000000 0.875993 -646.774400 1945.225600
44.900000 2.000000 0.875993 -646.774400 1945.225600
44.950000 2.000000 0.875993 -646.774400 1945.225600
45.000000 2.000000 0.815015 -554.378057 2037.621943
45.050000 2.000000 0.815015 -554.378057 2037.621943
45.100000 2.000000 0.815015 -554.378057 2037.621943
45.150000 2.000000 0.815015 -554.378057 2037.621943
45.200000 2.000000 0.815015 -554.378057 2037.621943
45.250000 2.000000 0.815015 -554.378057 2037.621943
45.300000 2.000000 0.815015 -554.378057 2037.621943
45.350000 2.000000 0.815015 -554.378057 2037.621943
45.400000 2.000000 0.815015 -554.378057 2037.621943
45.450000 2.000000 0.815015 -554.378057 2037.621943
45.500000 2.000000 0.815015 -554.378057 2037.621943
45.550000 2.000000 0.815015 -554.378057 2037.621943
45.600000 2.000000 0.815015 -554.378057 2037.621943
45.650000 2.000000 0.815015 -554.378057 2037.621943
45.700000 2.000000 0.815015 -554.378057 2037.621943
45.750000 2.000000 0.815015 -554.378057 2037.621943
45.800000 2.000000 0.815015 -554.378057 2037.621943
45.850000 2.000000 0.815015 -554.378057 2037.621943
45.900000 2.000000 0.815015 -554.378057 2037.621943
45.950000 2.000000 0.815015 -554.378057 2037.621943
46.000000 2.000000 0.815015 -554.378057 2037.621943
46.050000 2.000000 0.815015 -554.378057 2037.621943
46.100000 2.000000 0.815015 -554.378057 2037.621943
46.150000 2.000000 0.815015 -554.378057 2037.621943
46.200000 2.000000 0.815015 -554.378057 2037.621943
46.250000 2.000000 0.815015 -554.378057 2037.621943
46.300000 2.000000 0.815015 -554.378057 2037.621943
46.350000 2.000000 0.815015 -554.378057 2037.621943
46.400000 2.000000 0.815015 -554.378057 2037.621943
46.450000 2.000000 0.815015 -554.378057 2037.621943
46.500000 2.000000 0.815015 -554.378057 2037.621943
46.550000 2.000000 0.815015 -554.378057 2037.621943
46.600000 2.000000 0.815015 -554.378057 2037.621943
46.650000 2.000000 0.815015 -554.378057 2037.621943
46.700000 2.000000 0.815015 -554.378057 2037.621943
46.750000 2.000000 0.815015 -554.378057 2037.621943
46.800000 2.000000 0.815015 -554.378057 2037.621943
46.850000 2.000000 0.815015 -554.378057 2037.621943
46.900000 2.000000 0.815015 -554.378057 2037.621943
46.950000 2.000000 0.815015 -554.378057 2037.621943
47.000000 2.000000 0.815015 -554.378057 2037.621943
47.050000 2.000000 0.815015 -554.378057 2037.621943
47.100000 2.000000 0.815015 -554.378057 2037.621943
47.150000 2.000000 0.815015 -554.378057 2037.621943
47.200000 2.000000 0.815015 -554.378057 2037.621943
47.250000 2.000000 0.815015 -554.378057 2037.621943
47.300000 2.000000 0.815015 -554.378057 2037.621943
47.350000 2.000000 0.815015 -554.378057 2037.621943
47.400000 2.000000 0.815015 -554.378057 2037.621943
47.450000 2.000000 0.815015 -554.378057 2037.621943
47.500000 2.000000 0.815015 -554.378057 2037.621943
47.550000 2.000000 0.815015 -554.378057 2037.621943
47.600000 2.000000 0.815015 -554.378057 2037.621943
47.650000 2.000000 0.815015 -554.378057 2037.621943
47.700000 2.000000 0.815015 -554.378057 2037.621943
47.750000 2.000000 0.815015 -554.378057 2037.621943
47.800000 2.000000 0.815015 -554.378057 2037.621943
47.850000 2.000000 0.815015 -554.378057 2037.621943
47.900000 2.000000 0.815015 -554.378057 2037.621943
47.950000 2.000000 0.815015 -554.378057 2037.621943
48.000000 2.000000 0.815015 -554.378057 2037.621943
48.050000 2.000000 0.815015 -554.378057 2037.621943
48.100000 2.000000 0.815015 -554.378057 2037.621943
48.150000 2.000000 0.815015 -554.378057 2037.621943
48.200000 2.000000 0.815015 -554.378057 2037.621943
48.250000 2.000000 0.815015 -554.378057 2037.621943
48.300000 2.000000 0.815015 -554.378057 2037.621943
48.350000 2.000000 0.815015 -554.378057 2037.621943
48.400000 2.000000 0.815015 -554.378057 2037.621943
48.450000 2.000000 0.815015 -554.378057 2037.621943
48.500000 2.000000 0.815015 -554.378057 2037.621943
48.550000 2.000000 0.815015 -554.378057 2037.621943
48.600000 2.000000 0.815015 -554.378057 2037.621943
48.650000 2.000000 0.815015 -554.378057 2037.621943
48.700000 2.000000 0.815015 -554.378057 2037.621943
48.750000 2.000000 0.815015 -554.378057 2037.621943
48.800000 2.000000 0.815015 -554.378057 2037.621943
48.850000 2.000000 0.815015 -554.378057 2037.621943
48.900000 2.000000 0.815015 -554.378057 2037.621943
48.950000 2.000000 0.815015 -554.378057 2037.621943
49.000000 2.000000 0.815015 -554.378057 2037.621943
49.050000 2.000000 0.815015 -554.378057 2037.621943
49.100000 2.000000 0.815015 -554.378057 2037.621943
49.150000 2.000000 0.815015 -554.378057 2037.621943
49.200000 2.000000 0.815015 -554.378057 2037.621943
49.250000 2.000000 0.815015 -554.378057 2037.621943
49.300000 2.000000 0.815015 -554.378057 2037.621943
49.350000 2.000000 0.815015 -554.378057 2037.621943
49.400000 2.000000 0.815015 -554.378057 2037.621943
49.450000 2.000000 0.815015 -554.378057 2037.621943
49.500000 2.000000 0.815015 -554.378057 2037.621943
49.550000 2.000000 0.815015 -554.378057 2037.621943
49.600000 2.000000 0.815015 -554.378057 2037.621943
49.650000 2.000000 0.815015 -554.378057 2037.621943
49.700000 2.000000 0.815015 -554.378057 2037.621943
49.750000 2.000000 0.815015 -554.378057 2037.621943
49.800000 2.000000 0.815015 -554.378057 2037.621943
49.850000 2.000000 0.815015 -554.378057 2037.621943
49.900000 2.000000 0.815015 -554.378057 2037.621943
49.950000 2.000000 0.815015 -554.378057 2037.621943
50.000000 2.000000 0.815015 -554.378057 2037.621943
50.050000 2.000000 0.815015 -554.378057 2037.621943
50.100000 2.000000 0.815015 -554.378057 2037.621943
50.150000 2.000000 0.815015 -554.378057 2037.621943
50.200000 2.000000 0.815015 -554.378057 2037.621943
50.250000 2.000000 0.815015 -554.378057 2037.621943
50.300000 2.000000 0.815015 -554.378057 2037.621943
50.350000 2.000000 0.815015 -554.378057 2037.621943
50.400000 2.000000 0.815015 -554.378057 2037.621943
50.450000 2.000000 0.815015 -554.378057 2037.621943
50.500000 2.000000 0.815015 -554.378057 2037.621943
50.550000 2.000000 0.815015 -554.378057 2037.621943
50.600000 2.000000 0.815015 -554.378057 2037.621943
50.650000 2.000000 0.815015 -554.378057 2037.621943
50.700000 2.000000 0.815015 -554.378057 2037.621943
50.750000 2.000000 0.815015 -554.378057 2037.621943
50.800000 2.000000 0.815015 -554.378057 2037.621943
50.850000 2.000000 0.815015 -554.378057 2037.621943
50.900000 2.000000 0.815015 -554.378057 2037.621943
50.950000 2.000000 0.815015 -554.378057 2037.621943
51.000000 2.000000 0.815015 -554.378057 2037.621943
51.050000 2.000000 0.815015 -554.378057 2037.621943
51.100000 2.000000 0.815015 -554.378057 2037.621943
51.150000 2.000000 0.815015 -554.378057 2037.621943
51.200000 2.000000 0.815015 -554.378057 2037.621943
51.250000 2.000000 0.815015 -554.378057 2037.621943
51.300000 2.000000 0.815015 -554.378057 2037.621943
51.350000 2.000000 0.815015 -554.378057 2037.621943
51.400000 2.000000 0.815015 -554.378057 2037.621943
51.450000 2.000000 0.815015 -554.378057 2037.621943
51.500000 2.000000 0.815015 -554.378057 2037.621943
51.550000 2.000000 0.815015 -554.378057 2037.621943
51.600000 2.000000 0.815015 -554.378057 2037.621943
51.650000 2.000000 0.815015 -554.378057 2037.621943
51.700000 2.000000 0.815015 -554.378057 2037.621943
51.750000 2.000000 0.815015 -554.378057 2037.621943
51.800000 2.000000 0.815015 -554.378057 2037.621943
51.850000 2.000000 0.815015 -554.378057 2037.621943
51.900000 2.000000 0.815015 -554.378057 2037.621943
51.950000 2.000000 0.815015 -554.378057 2037.621943
52.000000 2.000000 0.815015 -554.378057 2037.621943
52.050000 2.000000 0.815015 -554.378057 2037.621943
52.100000 2.000000 0.815015 -554.378057 2037.621943
52.150000 2.000000 0.815015 -554.378057 2037.621943
52.200000 2.000000 0.815015 -554.378057 2037.621943
52.250000 2.000000 0.815015 -554.378057 2037.621943
52.300000 2.000000 0.815015 -554.378057 2037.621943
52.350000 2.000000 0.815015 -554.378057 2037.621943
52.400000 2.000000 0.815015 -554.378057 2037.621943
52.450000 2.000000 0.815015 -554.378057 2037.621943
52.500000 2.000000 0.732649 -461.981714 2130.018286
52.550000 2.000000 0.732649 -461.981714 2130.018286
52.600000 2.000000 0.732649 -461.981714 2130.018286
52.650000 2.000000 0.732649 -461.981714 2130.018286
52.700000 2.000000 0.732649 -461.981714 2130.018286
52.750000 2.000000 0.732649 -461.981714 2130.018286
52.800000 2.000000 0.732649 -461.981714 2130.018286
52.850000 2.000000 0.732649 -461.981714 2130.018286
52.900000 2.000000 0.732649 -461.981714 2130.018286
52.950000 2.000000 0.732649 -461.981714 2130.018286
53.000000 2.000000 0.732649 -461.981714 2130.018286
53.050000 2.000000 0.732649 -461.981714 2130.018286
53.100000 2.000000 0.732649 -461.981714 2130.018286
53.150000 2.000000 0.732649 -461.981714 2130.018286
53.200000 2.000000 0.732649 -461.981714 2130.018286
53.250000 2.000000 0.732649 -461.981714 2130.018286
53.300000 2.000000 0.732649 -461.981714 2130.018286
53.350000 2.000000 0.732649 -461.981714 2130.018286
53.400000 2.000000 0.732649 -461.981714 2130.018286
53.450000 2.000000 0.732649 -461.981714 2130.018286
53.500000 2.000000 0.732649 -461.981714 2130.018286
53.550000 2.000000 0.732649 -461.981714 2130.018286
53.600000 2.000000 0.732649 -461.981714 2130.018286
53.650000 2.000000 0.732649 -461.981714 2130.018286
53.700000 2.000000 0.732649 -461.981714 2130.018286
53.750000 2.000000 0.732649 -461.981714 2130.018286
53.800000 2.000000 0.732649 -461.981714 2130.018286
53.850000 2.000000 0.732649 -461.981714 2130.018286
53.900000 2.000000 0.732649 -461.981714 2130.018286
53.950000 2.000000 0.732649 -461.981714 2130.018286
54.000000 2.000000 0.732649 -461.981714 2130.018286
54.050000 2.000000 0.732649 -461.981714 2130.018286
54.100000 2.000000 0.732649 -461.981714 2130.018286
54.150000 2.000000 0.732649 -461.981714 2130.018286
54.200000 2.000000 0.732649 -461.981714 2130.018286
54.250000 2.000000 0.732649 -461.981714 2130.018286
54.300000 2.000000 0.732649 -461.981714 2130.018286
54.350000 2.000000 0.732649 -461.981714 2130.018286
54.400000 2.000000 0.732649 -461.981714 2130.018286
54.450000 2.000000 0.732649 -461.981714 2130.018286
54.500000 2.000000 0.732649 -461.981714 2130.018286
54.550000 2.000000 0.732649 -461.981714 2130.018286
54.600000 2.000000 0.732649 -461.981714 2130.018286
54.650000 2.000000 0.732649 -461.981714 2130.018286
54.700000 2.000000 0.732649 -461.981714 2130.018286
54.750000 2.000000 0.732649 -461.981714 2130.018286
54.800000 2.000000 0.732649 -461.981714 2130.018286
54.850000 2.000000 0.732649 -461.981714 2130.018286
54.900000 2.000000 0.732649 -461.981714 2130.018286
54.950000 2.000000 0.732649 -461.981714 2130.018286
55.000000 2.000000 0.732649 -461.981714 2130.018286
55.050000 2.000000 0.732649 -461.981714 2130.018286
55.100000 2.000000 0.732649 -461.981714 2130.018286
55.150000 2.000000 0.732649 -461.981714 2130.018286
55.200000 2.000000 0.732649 -461.981714 2130.018286
55.250000 2.000000 0.732649 -461.981714 2130.018286
55.300000 2.000000 0.732649 -461.981714 2130.018286
55.350000 2.000000 0.732649 -461.981714 2130.018286
55.400000 2.000000 0.732649 -461.981714 2130.018286
55.450000 2.000000 0.732649 -461.981714 2130.018286
55.500000 2.000000 0.732649 -461.981714 2130.018286
55.550000 2.000000 0.732649 -461.981714 2130.018286
55.600000 2.000000 0.732649 -461.981714 2130.018286
55.650000 2.000000 0.732649 -461.981714 2130.018286
55.700000 2.000000 0.732649 -461.981714 2130.018286
55.750000 2.000000 0.732649 -461.981714 2130.018286
55.800000 2.000000 0.732649 -461.981714 2130.018286
55.850000 2.000000 0.732649 -461.981714 2130.018286
55.900000 2.000000 0.732649 -461.981714 2130.018286
55.950000 2.000000 0.732649 -461.981714 2130.018286
56.000000 2.000000 0.732649 -461.981714 2130.018286
56.050000 2.000000 0.732649 -461.981714 2130.018286
56.100000 2.000000 0.732649 -461.981714 2130.018286
56.150000 2.000000 0.732649 -461.981714 2130.018286
56.200000 2.000000 0.732649 -461.981714 2130.018286
56.250000 2.000000 0.732649 -461.981714 2130.018286
56.300000 2.000000 0.732649 -461.981714 2130.018286
56.350000 2.000000 0.732649 -461.981714 2130.018286
56.400000 2.000000 0.732649 -461.981714 2130.018286
56.450000 2.000000 0.732649 -461.981714 2130.018286
56.500000 2.000000 0.732649 -461.981714 2130.018286
56.550000 2.000000 0.732649 -461.981714 2130.018286
56.600000 2.000000 0.732649 -461.981714 2130.018286
56.650000 2.000000 0.732649 -461.981714 2130.018286
56.700000 2.000000 0.732649 -461.981714 2130.018286
56.750000 2.000000 0.732649 -461.981714 2130.018286
56.800000 2.000000 0.732649 -461.981714 2130.018286
56.850000 2.000000 0.732649 -461.981714 2130.018286
56.900000 2.000000 0.732649 -461.981714 2130.018286
56.950000 2.000000 0.732649 -461.981714 2130.018286
57.000000 2.000000 0.732649 -461.981714 2130.018286
57.050000 2.000000 0.732649 -461.981714 2130.018286
57.100000 2.000000 0.732649 -461.981714 2130.018286
57.150000 2.000000 0.732649 -461.981714 2130.018286
57.200000 2.000000 0.732649 -461.981714 2130.018286
57.250000 2.000000 0.732649 -461.981714 2130.018286
57.300000 2.000000 0.732649 -461.981714 2130.018286
57.350000 2.000000 0.732649 -461.981714 2130.018286
57.400000 2.000000 0.732649 -461.981714 2130.018286
57.450000 2.000000 0.732649 -461.981714 2130.018286
57.500000 2.000000 0.732649 -461.981714 2130.018286
57.550000 2.000000 0.732649 -461.981714 2130.018286
57.600000 2.000000 0.732649 -461.981714 2130.018286
57.650000 2.000000 0.732649 -461.981714 2130.018286
57.700000 2.000000 0.732649 -461.981714 2130.018286
57.750000 2.000000 0.732649 -461.981714 2130.018286
57.800000 2.000000 0.732649 -461.981714 2130.018286
57.850000 2.000000 0.732649 -461.981714 2130.018286
57.900000 2.000000 0.732649 -461.981714 2130.018286
57.950000 2.000000 0.732649 -461.981714 2130.018286
58.000000 2.000000 0.732649 -461.981714 2130.018286
58.050000 2.000000 0.732649 -461.981714 2130.018286
58.100000 2.000000 0.732649 -461.981714 2130.018286
58.150000 2.000000 0.732649 -461.981714 2130.018286
58.200000 2.000000 0.732649 -461.981714 2130.018286
58.250000 2.000000 0.732649 -461.981714 2130.018286
58.300000 2.000000 0.732649 -461.981714 2130.018286
58.350000 2.000000 0.732649 -461.981714 2130.018286
58.400000 2.000000 0.732649 -461.981714 2130.018286
58.450000 2.000000 0.732649 -461.981714 2130.018286
58.500000 2.000000 0.732649 -461.981714 2130.018286
58.550000 2.000000 0.732649 -461.981714 2130.018286
58.600000 2.000000 0.732649 -461.981714 2130.018286
58.650000 2.000000 0.732649 -461.981714 2130.018286
58.700000 2.000000 0.732649 -461.981714 2130.018286
58.750000 2.000000 0.732649 -461.981714 2130.018286
58.800000 2.000000 0.732649 -461.981714 2130.018286
58.850000 2.000000 0.732649 -461.981714 2130.018286
58.900000 2.000000 0.732649 -461.981714 2130.018286
58.950000 2.000000 0.732649 -461.981714 2130.018286
59.000000 2.000000 0.732649 -461.981714 2130.018286
59.050000 2.000000 0.732649 -461.981714 2130.018286
59.100000 2.000000 0.732649 -461.981714 2130.018286
59.150000 2.000000 0.732649 -461.981714 2130.018286
59.200000 2.000000 0.732649 -461.981714 2130.018286
59.250000 2.000000 0.732649 -461.981714 2130.018286
59.300000 2.000000 0.732649 -461.981714 2130.018286
59.350000 2.000000 0.732649 -461.981714 2130.018286
59.400000 2.000000 0.732649 -461.981714 2130.018286
59.450000 2.000000 0.732649 -461.981714 2130.018286
59.500000 2.000000 0.732649 -461.981714 2130.018286
59.550000 2.000000 0.732649 -461.981714 2130.018286
59.600000 2.000000 0.732649 -461.981714 2130.018286
59.650000 2.000000 0.732649 -461.981714 2130.018286
59.700000 2.000000 0.732649 -461.981714 2130.018286
59.750000 2.000000 0.732649 -461.981714 2130.018286
59.800000 2.000000 0.732649 -461.981714 2130.018286
59.850000 2.000000 0.732649 -461.981714 2130.018286
59.900000 2.000000 0.732649 -461.981714 2130.018286
59.950000 2.000000 0.732649 -461.981714 2130.018286
60.000000 2.000000 0.628896 -369.585371 2222.414629
60.050000 2.000000 0.628896 -369.585371 2222.414629
60.100000 2.000000 0.628896 -369.585371 2222.414629
60.150000 2.000000 0.628896 -369.585371 2222.414629
60.200000 2.000000 0.628896 -369.585371 2222.414629
60.250000 2.000000 0.628896 -369.585371 2222.414629
60.300000 2.000000 0.628896 -369.585371 2222.414629
60.350000 2.000000 0.628896 -369.585371 2222.414629
60.400000 2.000000 0.628896 -369.585371 2222.414629
60.450000 2.000000 0.628896 -369.585371 2222.414629
60.500000 2.000000 0.628896 -369.585371 2222.414629
60.550000 2.000000 0.628896 -369.585371 2222.414629
60.600000 2.000000 0.628896 -369.585371 2222.414629
60.650000 2.000000 0.628896 -369.585371 2222.414629
60.700000 2.000000 0.628896 -369.585371 2222.414629
60.750000 2.000000 0.628896 -369.585371 2222.414629
60.800000 2.000000 0.628896 -369.585371 2222.414629
60.850000 2.000000 0.628896 -369.585371 2222.414629
60.900000 2.000000 0.628896 -369.585371 2222.414629
60.950000 2.000000 0.628896 -369.585371 2222.414629
61.000000 2.000000 0.628896 -369.585371 2222.414629
61.050000 2.000000 0.628896 -369.585371 2222.414629
61.100000 2.000000 0.628896 -369.585371 2222.414629
61.150000 2.000000 0.628896 -369.585371 2222.414629
61.200000 2.000000 0.628896 -369.585371 2222.414629
61.250000 2.000000 0.628896 -369.585371 2222.414629
61.300000 2.000000 0.628896 -369.585371 2222.414629
61.350000 2.000000 0.628896 -369.585371 2222.414629
61.400000 2.000000 0.628896 -369.585371 2222.414629
61.450000 2.000000 0.628896 -369.585371 2222.414629
61.500000 2.000000 0.628896 -369.585371 2222.414629
61.550000 2.000000 0.628896 -369.585371 2222.414629
61.600000 2.000000 0.628896 -369.585371 2222.414629
61.650000 2.000000 0.628896 -369.585371 2222.414629
61.700000 2.000000 0.628896 -369.585371 2222.414629
61.750000 2.000000 0.628896 -369.585371 2222.414629
61.800000 2.000000 0.628896 -369.585371 2222.414629
61.850000 2.000000 0.628896 -369.585371 2222.414629
61.900000 2.000000 0.628896 -369.585371 2222.414629
61.950000 2.000000 0.628896 -369.585371 2222.414629
62.000000 2.000000 0.628896 -369.585371 2222.414629
62.050000 2.000000 0.628896 -369.585371 2222.414629
62.100000 2.000000 0.628896 -369.585371 2222.414629
62.150000 2.000000 0.628896 -369.585371 2222.414629
62.200000 2.000000 0.628896 -369.585371 2222.414629
62.250000 2.000000 0.628896 -369.585371 2222.414629
62.300000 2.000000 0.628896 -369.585371 2222.414629
62.350000 2.000000 0.628896 -369.585371 2222.414629
62.400000 2.000000 0.628896 -369.585371 2222.414629
62.450000 2.000000 0.628896 -369.585371 2222.414629
62.500000 2.000000 0.628896 -369.585371 2222.414629
62.550000 2.000000 0.628896 -369.585371 2222.414629
62.600000 2.000000 0.628896 -369.585371 2222.414629
62.650000 2.000000 0.628896 -369.585371 2222.414629
62.700000 2.000000 0.628896 -369.585371 2222.414629
62.750000 2.000000 0.628896 -369.585371 2222.414629
62.800000 2.000000 0.628896 -369.585371 2222.414629
62.850000 2.000000 0.628896 -369.585371 2222.414629
62.900000 2.000000 0.628896 -369.585371 2222.414629
62.950000 2.000000 0.628896 -369.585371 2222.414629
63.000000 2.000000 0.628896 -369.585371 2222.414629
63.050000 2.000000 0.628896 -369.585371 2222.414629
63.100000 2.000000 0.628896 -369.585371 2222.414629
63.150000 2.000000 0.628896 -369.585371 2222.414629
63.200000 2.000000 0.628896 -369.585371 2222.414629
63.250000 2.000000 0.628896 -369.585371 2222.414629
63.300000 2.000000 0.628896 -369.585371 2222.414629
63.350000 2.000000 0.628896 -369.585371 2222.414629
63.400000 2.000000 0.628896 -369.585371 2222.414629
63.450000 2.000000 0.628896 -369.585371 2222.414629
63.500000 2.000000 0.628896 -369.585371 2222.414629
63.550000 2.000000 0.628896 -369.585371 2222.414629
63.600000 2.000000 0.628896 -369.585371 2222.414629
63.650000 2.000000 0.628896 -369.585371 2222.414629
63.700000 2.000000 0.628896 -369.585371 2222.414629
63.750000 2.000000 0.628896 -369.585371 2222.414629
63.800000 2.000000 0.628896 -369.585371 2222.414629
63.850000 2.000000 0.628896 -369.585371 2222.414629
63.900000 2.000000 0.628896 -369.585371 2222.414629
63.950000 2.000000 0.628896 -369.585371 2222.414629
64.000000 2.000000 0.628896 -369.585371 2222.414629
64.050000 2.000000 0.628896 -369.585371 2222.414629
64.100000 2.000000 0.628896 -369.585371 2222.414629
64.150000 2.000000 0.628896 -369.585371 2222.414629
64.200000 2.000000 0.628896 -369.585371 2222.414629
64.250000 2.000000 0.628896 -369.585371 2222.414629
64.300000 2.000000 0.628896 -369.585371 2222.414629
64.350000 2.000000 0.628896 -369.585371 2222.414629
64.400000 2.000000 0.628896 -369.585371 2222.414629
64.450000 2.000000 0.628896 -369.585371 2222.414629
64.500000 2.000000 0.628896 -369.585371 2222.414629
64.550000 2.000000 0.628896 -369.585371 2222.414629
64.600000 2.000000 0.628896 -369.585371 2222.414629
64.650000 2.000000 0.628896 -369.585371 2222.414629
64.700000 2.000000 0.628896 -369.585371 2222.414629
64.750000 2.000000 0.628896 -369.585371 2222.414629
64.800000 2.000000 0.628896 -369.585371 2222.414629
64.850000 2.000000 0.628896 -369.585371 2222.414629
64.900000 2.000000 0.628896 -369.585371 2222.414629
64.950000 2.000000 0.628896 -369.585371 2222.414629
65.000000 2.000000 0.628896 -369.585371 2222.414629
65.050000 2.000000 0.628896 -369.585371 2222.414629
65.100000 2.000000 0.628896 -369.585371 2222.414629
65.150000 2.000000 0.628896 -369.585371 2222.414629
65.200000 2.000000 0.628896 -369.585371 2222.414629
65.250000 2.000000 0.628896 -369.585371 2222.414629
65.300000 2.000000 0.628896 -369.585371 2222.414629
65.350000 2.000000 0.628896 -369.585371 2222.414629
65.400000 2.000000 0.628896 -369.585371 2222.414629
65.450000 2.000000 0.628896 -369.585371 2222.414629
65.500000 2.000000 0.628896 -369.585371 2222.414629
65.550000 2.000000 0.628896 -369.585371 2222.414629
65.600000 2.000000 0.628896 -369.585371 2222.414629
65.650000 2.000000 0.628896 -369.585371 2222.414629
65.700000 2.000000 0.628896 -369.585371 2222.414629
65.750000 2.000000 0.628896 -369.585371 2222.414629
65.800000 2.000000 0.628896 -369.585371 2222.414629
65.850000 2.000000 0.628896 -369.585371 2222.414629
65.900000 2.000000 0.628896 -369.585371 2222.414629
65.950000 2.000000 0.628896 -369.585371 2222.414629
66.000000 2.000000 0.628896 -369.585371 2222.414629
66.050000 2.000000 0.628896 -369.585371 2222.414629
66.100000 2.000000 0.628896 -369.585371 2222.414629
66.150000 2.000000 0.628896 -369.585371 2222.414629
66.200000 2.000000 0.628896 -369.585371 2222.414629
66.250000 2.000000 0.628896 -369.585371 2222.414629
66.300000 2.000000 0.628896 -369.585371 2222.414629
66.350000 2.000000 0.628896 -369.585371 2222.414629
66.400000 2.000000 0.628896 -369.585371 2222.414629
66.450000 2.000000 0.628896 -369.585371 2222.414629
66.500000 2.000000 0.628896 -369.585371 2222.414629
66.550000 2.000000 0.628896 -369.585371 2222.414629
66.600000 2.000000 0.628896 -369.585371 2222.414629
66.650000 2.000000 0.628896 -369.585371 2222.414629
66.700000 2.000000 0.628896 -369.585371 2222.414629
66.750000 2.000000 0.628896 -369.585371 2222.414629
66.800000 2.000000 0.628896 -369.585371 2222.414629
66.850000 2.000000 0.628896 -369.585371 2222.414629
66.900000 2.000000 0.628896 -369.585371 2222.414629
66.950000 2.000000 0.628896 -369.585371 2222.414629
67.000000 2.000000 0.628896 -369.585371 2222.414629
67.050000 2.000000 0.628896 -369.585371 2222.414629
67.100000 2.000000 0.628896 -369.585371 2222.414629
67.150000 2.000000 0.628896 -369.585371 2222.414629
67.200000 2.000000 0.628896 -369.585371 2222.414629
67.250000 2.000000 0.628896 -369.585371 2222.414629
67.300000 2.000000 0.628896 -369.585371 2222.414629
67.350000 2.000000 0.628896 -369.585371 2222.414629
67.400000 2.000000 0.628896 -369.585371 2222.414629
67.450000 2.000000 0.628896 -369.585371 2222.414629
