# t Temp Pres Epot Etot
0.000000 2.000149 29.465950 -1378.461647 -610.404310
0.050000 2.034916 29.895981 -1358.354052 -576.946259
0.100000 1.989000 27.440121 -1469.835904 -706.059734
0.150000 1.974309 27.592265 -1460.345881 -702.211092
0.200000 2.024508 29.028389 -1397.168195 -619.756995
0.250000 1.974878 27.736978 -1458.117552 -699.764437
0.300000 1.997269 28.717216 -1412.699593 -645.748323
0.350000 2.004356 29.597004 -1374.091875 -604.419215
0.400000 1.995656 30.367230 -1339.000251 -572.668372
0.450000 2.027887 29.233161 -1392.106187 -613.397456
0.500000 1.991602 27.660104 -1459.309537 -694.534216
0.550000 2.011727 28.039447 -1442.884975 -670.381808
0.600000 2.000978 27.521131 -1464.133126 -695.757519
0.650000 1.975939 29.401551 -1381.869068 -623.108645
0.700000 1.996844 29.707376 -1365.809966 -599.021803
0.750000 2.030346 28.906774 -1407.026927 -627.374059
0.800000 1.988734 27.544471 -1465.274481 -701.600588
0.850000 1.999972 29.019552 -1396.544850 -628.555631
0.900000 2.031284 29.410979 -1382.534703 -602.521820
0.950000 1.996606 28.697892 -1411.366185 -644.669369
1.000000 2.016615 29.500697 -1379.915298 -605.535031
1.050000 1.983468 28.921358 -1399.045820 -637.394291
1.100000 2.011393 28.612006 -1414.795953 -642.420870
1.150000 1.998415 27.802930 -1453.118041 -685.726759
1.200000 2.025954 28.854377 -1406.223786 -628.257394
1.250000 2.000287 29.556921 -1374.865420 -606.755221
1.300000 1.999080 29.896402 -1357.821767 -590.174869
1.350000 1.997995 28.542296 -1415.448168 -648.218087
1.400000 1.986375 28.220150 -1429.413604 -666.645668
1.450000 2.010254 27.990273 -1444.690197 -672.752569
1.500000 2.004744 28.366750 -1424.684073 -654.862307
1.550000 1.989164 28.326701 -1428.648843 -664.809779
1.600000 2.002134 29.692774 -1370.823453 -602.003969
1.650000 2.060083 28.385729 -1430.057055 -638.985274
1.700000 1.990735 28.022173 -1443.039419 -678.597252
1.750000 2.000891 29.584652 -1373.442986 -605.100891
1.800000 2.010241 28.986359 -1400.074093 -628.141472
1.850000 2.011476 29.640230 -1372.312834 -599.905992
1.900000 2.002249 26.870204 -1496.361605 -727.498131
1.950000 1.979411 28.849411 -1405.470756 -645.376761
2.000000 2.018110 29.365397 -1386.257763 -611.303569
2.050000 2.001116 28.818871 -1406.811227 -638.382579
2.100000 2.006496 28.898976 -1400.945624 -630.451301
2.150000 2.015808 28.490712 -1422.664710 -648.594626
2.200000 2.020377 28.441337 -1423.564695 -647.740105
2.250000 1.978110 29.097574 -1394.177276 -634.583148
2.300000 2.001693 29.075660 -1394.059511 -625.409382
2.350000 2.008402 28.466647 -1426.161215 -654.934859
2.400000 2.003580 28.249643 -1433.259265 -663.884572
2.450000 1.993904 30.001351 -1354.132714 -588.473507
2.500000 2.009751 28.866476 -1407.170052 -635.425773
2.550000 2.007884 28.780498 -1408.031960 -637.004599
2.600000 1.976245 27.194811 -1478.782342 -719.904345
2.650000 2.028772 29.595673 -1373.876303 -594.827941
2.700000 2.010192 29.431143 -1380.876388 -608.962569
2.750000 1.989909 28.101471 -1439.190343 -675.065354
2.800000 2.005733 29.329435 -1380.807006 -610.605642
2.850000 1.962568 29.778947 -1359.114259 -605.488099
2.900000 1.985496 27.829739 -1450.996008 -688.565365
2.950000 2.042397 28.328061 -1429.642666 -645.362237
3.000000 1.975793 29.160511 -1389.710196 -631.005640
3.050000 2.051254 28.078046 -1443.730043 -656.048469
3.100000 1.968144 30.523591 -1328.749209 -572.982044
3.150000 2.044749 28.855561 -1410.221377 -625.037809
3.200000 1.980702 28.281487 -1431.858362 -671.268723
3.250000 2.000972 28.907915 -1401.739715 -633.366478
3.300000 1.979359 27.851501 -1451.359879 -691.286049
3.350000 1.960973 29.696458 -1362.619007 -609.605492
3.400000 1.980120 30.151786 -1344.985333 -584.619192
3.450000 1.973684 29.504803 -1374.318153 -616.423435
3.500000 2.013182 28.719321 -1411.720186 -638.658422
3.550000 2.001333 28.345011 -1428.463505 -659.951465
3.600000 1.986171 28.250303 -1434.113837 -671.424002
3.650000 2.024256 28.983568 -1401.759332 -624.445024
3.700000 2.016523 29.284538 -1384.723209 -610.378416
3.750000 2.021437 28.095933 -1441.438441 -665.206518
3.800000 1.998152 27.802325 -1450.996748 -683.706415
3.850000 2.005111 28.003361 -1445.706101 -675.743362
3.900000 1.969992 30.869767 -1313.998226 -557.521439
3.950000 2.049493 27.617651 -1465.207963 -678.202686
4.000000 2.012470 28.486687 -1423.535038 -650.746655
4.050000 1.934236 28.512131 -1414.976756 -672.230059
4.100000 2.008068 28.056376 -1443.423315 -672.325243
4.150000 1.958588 29.122010 -1394.701403 -642.603662
4.200000 2.017353 29.072591 -1398.609052 -623.945347
4.250000 1.991465 29.113832 -1394.490040 -629.767620
4.300000 2.002616 28.564663 -1416.988979 -647.984477
4.350000 1.989299 29.270679 -1388.814751 -624.923980
4.400000 2.015364 29.390869 -1381.846934 -607.946987
4.450000 1.994915 28.313897 -1427.642297 -661.595021
4.500000 1.994459 28.297961 -1433.817089 -667.944859
4.550000 1.996359 29.165046 -1387.283513 -620.681763
4.600000 2.016251 27.906607 -1450.025074 -675.784551
4.650000 1.982632 30.107864 -1348.014451 -586.683919
4.700000 2.051447 28.192688 -1439.256413 -651.500763
4.750000 1.965806 28.981820 -1400.336566 -645.466921
4.800000 2.036283 28.807041 -1410.456266 -628.523570
4.850000 1.999739 29.007659 -1398.148371 -630.248587
4.900000 2.035468 28.135807 -1442.331897 -660.712233
4.950000 1.992443 28.509845 -1417.664398 -652.566264
5.000000 2.012083 29.771938 -1364.038836 -591.399113
5.050000 1.975871 29.308792 -1381.625603 -622.891242
5.100000 1.992804 28.552801 -1418.951184 -653.714398
5.150000 1.991362 30.135111 -1347.409120 -582.726135
5.200000 2.015154 28.783896 -1412.671141 -638.852030
5.250000 2.009691 28.400326 -1429.132651 -657.411437
5.300000 2.003783 27.984357 -1446.969420 -677.516862
5.350000 1.969190 28.801123 -1403.972403 -647.803488
5.400000 2.024203 28.564222 -1421.423610 -644.129824
5.450000 2.000713 28.284327 -1432.141399 -663.867448
5.500000 2.010090 28.966181 -1400.049829 -628.175174
5.550000 1.999714 28.629448 -1413.615059 -645.724864
5.600000 1.999682 28.851652 -1408.359228 -640.481248
5.650000 1.992825 28.816543 -1407.529712 -642.284946
5.700000 1.981838 28.682209 -1413.488831 -652.463115
5.750000 1.996026 29.697342 -1368.248154 -601.774012
5.800000 1.980004 29.630588 -1370.250650 -609.929144
5.850000 2.018757 29.104287 -1393.875129 -618.672508
5.900000 1.988009 29.715986 -1363.615949 -600.220425
5.950000 1.999364 27.071234 -1486.631332 -718.875537
6.000000 1.973977 28.789095 -1406.290845 -648.283813
6.050000 2.005651 29.632596 -1372.498314 -602.328457
6.100000 1.975622 29.970528 -1352.989172 -594.350259
6.150000 1.990922 29.066605 -1396.141385 -631.627288
6.200000 2.003858 27.537115 -1464.585248 -695.103832
6.250000 1.991804 28.115410 -1439.113111 -674.260398
6.300000 1.996473 28.975265 -1401.094476 -634.448754
6.350000 2.035184 28.627192 -1415.602853 -634.092271
6.400000 1.997173 28.090612 -1440.371013 -673.456473
6.450000 1.978328 29.142277 -1392.596486 -632.918357
6.500000 2.010317 29.841297 -1362.546351 -590.584670
6.550000 1.987693 28.090177 -1438.262135 -674.987876
6.600000 1.993564 27.869850 -1444.577101 -679.048681
6.650000 1.983904 29.986454 -1352.615490 -590.796258
6.700000 1.994154 30.138673 -1345.908148 -580.152828
6.750000 1.995921 28.449800 -1420.609937 -654.176338
6.800000 1.986230 28.901905 -1398.749949 -636.037804
6.850000 1.997523 28.695321 -1411.655512 -644.606582
6.900000 2.010517 29.230436 -1392.099061 -620.060418
6.950000 2.006302 27.867058 -1448.651369 -678.231289
7.000000 2.020650 27.958332 -1447.738799 -671.809110
7.050000 2.001119 27.990194 -1445.125859 -676.696308
7.100000 1.974657 29.785333 -1362.911906 -604.643512
7.150000 2.024162 28.641525 -1415.645924 -638.367723
7.200000 1.978319 28.807234 -1406.769459 -647.095032
7.250000 2.023429 28.091555 -1440.863541 -663.866636
7.300000 2.020557 28.682488 -1414.728352 -638.834322
7.350000 1.999968 30.003891 -1352.803236 -584.815557
7.400000 2.010452 30.209339 -1340.667910 -568.654493
7.450000 2.011255 28.617433 -1415.692291 -643.370288
7.500000 2.002525 18.053217 -1506.329002 -737.359412
7.550000 2.029867 17.755928 -1518.663800 -739.194728
7.600000 1.966708 18.020894 -1505.777625 -750.561699
7.650000 2.013168 16.647443 -1569.742283 -796.685890
7.700000 2.000967 15.940958 -1606.698405 -838.327071
7.750000 2.004457 17.695761 -1522.908370 -753.196805
7.800000 2.009362 18.079811 -1504.357159 -732.762038
7.850000 2.008618 17.402728 -1538.092107 -766.782625
7.900000 2.012877 17.491500 -1531.015480 -758.070594
7.950000 1.971360 18.200370 -1494.039344 -737.037088
8.000000 2.032908 17.015170 -1552.460712 -771.823932
8.050000 1.994550 16.601303 -1571.956873 -806.049695
8.100000 2.004150 19.243551 -1443.653792 -674.060308
8.150000 2.004254 17.370049 -1533.637403 -764.004045
8.200000 2.007334 17.760846 -1522.797382 -751.981201
8.250000 1.992141 18.388768 -1489.328669 -724.346580
8.300000 2.001566 17.982376 -1505.056751 -736.455520
8.350000 1.989231 17.340583 -1537.667454 -773.802562
8.400000 2.013761 16.632726 -1572.242686 -798.958413
8.450000 1.979034 17.690588 -1517.113915 -757.164770
8.500000 1.988589 18.375410 -1490.760505 -727.142318
8.550000 2.020917 18.635088 -1479.757237 -703.725297
8.600000 2.023859 17.054534 -1551.528930 -774.367159
8.650000 2.003359 17.888046 -1508.595353 -739.305541
8.700000 1.969748 17.313520 -1534.209534 -777.826340
8.750000 2.003216 17.598130 -1526.862238 -757.627206
8.800000 1.980273 18.180885 -1498.404116 -737.979443
8.850000 2.004603 19.325132 -1440.295464 -670.527896
8.900000 2.021747 17.462985 -1536.414391 -760.063499
8.950000 2.041325 17.098072 -1552.819229 -768.950365
9.000000 1.975978 16.664502 -1567.376860 -808.601253
9.050000 2.032197 17.233924 -1543.564521 -763.200712
9.100000 1.986151 17.173417 -1544.622517 -781.940522
9.150000 1.993415 18.994452 -1457.378628 -691.907148
9.200000 2.001489 19.339552 -1441.522629 -672.950742
9.250000 2.030428 17.912742 -1509.756230 -730.071848
9.300000 2.008107 18.053295 -1503.045100 -731.932174
9.350000 2.012659 16.997848 -1553.769444 -780.908418
9.400000 1.999356 17.428868 -1531.619083 -763.866473
9.450000 1.975706 17.404159 -1530.185678 -771.514638
9.500000 2.026982 18.223204 -1494.557123 -716.195908
9.550000 2.002986 16.961755 -1553.369170 -784.222726
9.600000 2.016836 17.125453 -1542.871945 -768.406820
9.650000 1.995244 17.022940 -1550.925621 -784.751740
9.700000 1.987753 16.988492 -1556.748783 -793.451484
9.750000 1.998745 18.981782 -1457.140494 -689.622300
9.800000 1.997063 17.419858 -1536.568430 -769.696102
9.850000 1.998755 18.435124 -1483.028323 -715.506251
9.900000 1.986633 17.333043 -1535.842273 -772.975060
9.950000 1.995485 18.390066 -1486.327135 -720.060906
10.000000 2.026055 18.527714 -1486.033414 -708.028427
10.050000 1.968291 18.125858 -1498.309005 -742.485251
10.100000 2.030853 17.614649 -1523.411167 -743.563571
10.150000 1.991906 17.893086 -1509.843224 -744.951485
10.200000 2.006047 17.487408 -1531.150524 -760.828333
10.250000 1.999736 17.268375 -1539.263676 -771.365197
10.300000 2.013374 17.548353 -1531.725704 -758.590219
10.350000 1.997843 17.264990 -1538.817424 -771.645593
10.400000 1.991982 16.846530 -1560.219291 -795.298200
10.450000 2.017823 17.859675 -1512.663086 -737.819062
10.500000 2.000111 17.116388 -1552.516647 -784.473926
10.550000 2.003324 17.078176 -1547.121578 -777.845042
10.600000 2.010108 18.189529 -1498.141060 -726.259686
10.650000 2.019919 18.685305 -1474.190866 -698.541945
10.700000 2.021526 17.742868 -1520.188501 -743.922488
10.750000 1.974963 16.485026 -1573.770205 -815.384300
10.800000 1.995365 17.762761 -1518.757828 -752.537632
10.850000 1.997712 18.325518 -1490.588507 -723.467144
10.900000 2.001460 19.123765 -1454.762437 -686.201860
10.950000 2.032254 17.855833 -1513.340335 -732.954813
11.000000 1.984100 17.235643 -1539.658718 -777.764456
11.050000 2.005160 17.958851 -1507.205139 -737.223662
11.100000 1.998382 18.990400 -1458.005926 -690.627426
11.150000 1.979069 19.288979 -1444.955364 -684.993017
11.200000 2.032488 17.783206 -1521.753224 -741.277793
11.250000 2.024823 17.364094 -1538.491117 -760.959131
11.300000 2.027324 16.772580 -1563.293786 -784.801226
11.350000 1.944004 17.681571 -1515.456316 -768.958915
11.400000 1.989039 18.108892 -1498.512964 -734.722033
11.450000 2.016589 17.389497 -1531.569763 -757.199539
11.500000 2.024736 16.553219 -1571.152966 -793.654405
11.550000 2.003661 17.499929 -1526.558484 -757.152586
11.600000 2.015485 17.399604 -1533.007841 -759.061530
11.650000 2.005604 17.972956 -1503.764788 -733.612794
11.700000 1.984366 17.475018 -1534.392524 -772.395870
11.750000 2.004629 18.954858 -1462.627680 -692.850303
11.800000 2.040116 18.733086 -1474.961091 -691.556654
11.850000 1.995140 18.260925 -1491.036626 -724.902745
11.900000 2.003908 18.251152 -1493.554902 -724.054210
11.950000 1.986020 17.193995 -1544.673202 -782.041537
12.000000 2.001881 17.156613 -1544.316452 -775.593997
12.050000 1.975269 18.453467 -1480.307161 -721.803981
12.100000 2.027180 17.741103 -1524.662841 -746.225644
12.150000 1.989900 18.405478 -1489.291503 -725.170025
12.200000 2.011589 18.091595 -1505.778139 -733.328120
12.250000 2.013771 17.633468 -1525.383774 -752.095879
12.300000 2.013741 17.279446 -1540.524643 -767.248273
12.350000 1.987102 17.436554 -1533.698514 -770.651156
12.400000 1.999708 17.413068 -1534.055856 -766.167972
12.450000 1.989728 17.881493 -1512.954047 -748.898328
12.500000 1.992384 17.981259 -1506.006234 -740.930935
12.550000 2.019665 17.977332 -1503.669701 -728.118314
12.600000 2.002897 17.777496 -1513.406771 -744.294343
12.650000 2.041150 16.357158 -1581.624547 -797.822994
12.700000 1.959796 17.208149 -1538.924906 -786.363307
12.750000 1.985395 18.059776 -1500.653114 -738.261612
12.800000 2.016050 18.787000 -1469.127822 -694.964673
12.850000 1.996414 17.842151 -1516.018586 -749.395575
12.900000 2.012077 18.525479 -1481.393415 -708.755912
12.950000 2.023478 17.084932 -1549.085207 -772.069821
13.000000 1.989656 17.986135 -1505.737391 -741.709402
13.050000 2.005664 16.999464 -1556.164984 -785.990146
13.100000 1.993078 19.227674 -1445.539971 -680.197905
13.150000 2.018594 19.459016 -1438.999939 -663.859776
13.200000 2.012810 18.495706 -1486.587853 -713.668724
13.250000 1.997005 17.946509 -1508.705362 -741.855250
13.300000 2.029003 16.242024 -1587.163851 -808.026517
13.350000 1.979324 16.671807 -1565.989588 -805.929073
13.400000 1.975057 18.230656 -1492.713787 -734.291761
13.450000 2.001523 18.399300 -1486.281655 -717.696737
13.500000 2.013205 17.953158 -1509.520228 -736.449380
13.550000 2.024946 16.940227 -1552.035469 -774.456307
13.600000 1.980520 17.017535 -1548.449231 -787.929490
13.650000 2.008573 17.959393 -1507.635274 -736.343276
13.700000 2.004133 18.982155 -1461.756397 -692.169508
13.750000 1.973702 19.650692 -1426.028298 -668.126780
13.800000 2.004680 19.618750 -1430.843809 -661.046518
13.850000 2.019600 18.349546 -1491.745931 -716.219516
13.900000 2.015777 17.190275 -1545.681603 -771.623423
13.950000 1.997003 18.148429 -1496.883304 -730.034309
14.000000 1.974950 18.071280 -1503.010830 -744.630200
14.050000 2.011746 17.956400 -1511.634509 -739.124106
14.100000 1.992695 18.858801 -1468.396563 -703.201573
14.150000 2.031223 17.834408 -1518.021672 -738.031918
14.200000 2.003264 18.093478 -1499.994499 -730.741008
14.250000 1.980753 17.457524 -1529.293228 -768.684137
14.300000 2.031964 17.929521 -1510.923431 -730.649288
14.350000 1.997130 18.469056 -1482.067923 -715.169815
14.400000 1.998767 17.093622 -1547.130511 -779.604141
14.450000 1.996862 17.071857 -1544.464200 -777.669341
14.500000 1.995126 15.817466 -1607.096858 -840.968645
14.550000 1.975397 18.135529 -1495.617016 -737.064684
14.600000 1.994330 17.113726 -1550.972260 -785.149417
14.650000 1.983128 18.939638 -1459.718756 -698.197697
14.700000 1.986498 19.349691 -1443.841333 -681.026203
14.750000 2.021542 18.307329 -1494.592866 -718.320582
14.800000 1.999967 18.119859 -1500.151843 -732.164435
14.850000 2.004777 17.481923 -1530.778683 -760.944426
14.900000 2.012796 16.827715 -1562.249881 -789.336385
14.950000 1.998672 17.025199 -1555.996263 -788.506167
15.000000 1.995792 15.849526 -1261.448498 -495.064351
15.050000 1.992992 14.710674 -1327.293677 -561.984776
15.100000 2.016551 16.555006 -1226.228500 -451.872925
15.150000 2.017762 15.021653 -1300.824249 -526.003832
15.200000 1.994758 14.860789 -1306.468390 -540.481206
15.250000 1.970129 15.484851 -1275.103772 -518.574190
15.300000 1.974767 15.720535 -1261.951750 -503.641371
15.350000 2.009865 16.182375 -1242.836419 -471.048166
15.400000 2.032947 14.077017 -1351.729500 -571.077947
15.450000 1.954206 14.676808 -1314.752209 -564.337215
15.500000 2.028053 15.562964 -1273.980971 -495.208510
15.550000 1.982651 15.692397 -1269.484482 -508.146404
15.600000 1.994539 15.698646 -1270.955726 -505.052784
15.650000 2.002567 15.289258 -1292.325132 -523.339242
15.700000 2.007859 14.088628 -1351.559011 -580.541310
15.750000 1.985444 14.886052 -1303.977230 -541.566574
15.800000 1.988620 14.786063 -1304.349970 -540.719825
15.850000 2.016624 13.574126 -1372.646020 -598.262264
15.900000 1.974729 15.174920 -1288.899546 -530.603553
15.950000 2.012605 15.412506 -1280.769868 -507.929579
16.000000 2.002692 15.130800 -1293.986109 -524.952403
16.050000 1.994643 14.567889 -1318.615749 -552.672998
16.100000 2.002197 15.526963 -1274.774792 -505.931315
16.150000 1.990892 15.687978 -1267.865054 -503.362369
16.200000 1.979499 15.698975 -1266.751742 -506.623959
16.250000 1.979054 15.368812 -1285.247320 -525.290759
16.300000 2.011046 14.736595 -1313.991975 -541.750328
16.350000 1.998924 15.075293 -1296.140549 -528.553797
16.400000 1.973080 15.104433 -1293.776173 -536.113553
16.450000 1.965260 15.708499 -1260.966315 -506.306332
16.500000 1.989907 15.103415 -1304.565243 -540.441141
16.550000 1.993706 15.699085 -1271.900916 -506.317667
16.600000 1.988915 16.035780 -1248.158098 -484.414885
16.650000 1.988145 16.005369 -1248.856432 -485.408795
16.700000 2.022598 15.056368 -1306.848995 -530.171534
16.750000 1.995680 15.880126 -1256.376530 -490.035527
16.800000 2.005563 15.468001 -1279.412536 -509.276286
16.850000 2.013371 15.598071 -1276.359261 -503.224927
16.900000 2.009817 15.841088 -1261.104238 -489.334343
16.950000 1.988651 14.573792 -1329.469697 -565.827557
17.000000 2.001400 15.651372 -1275.167153 -506.629488
17.050000 1.931624 16.321428 -1232.003468 -490.260043
17.100000 2.009651 16.062423 -1248.188725 -476.482651
17.150000 2.011591 15.902893 -1260.417351 -487.966324
17.200000 2.032800 15.989897 -1253.278585 -472.683375
17.250000 1.980432 16.353029 -1228.853014 -468.366981
17.300000 2.000257 14.023794 -1354.644734 -586.545908
17.350000 2.000256 15.141257 -1295.842845 -527.744665
17.400000 1.961167 14.591826 -1322.638764 -569.550818
17.450000 1.991507 15.909251 -1258.725399 -493.986890
17.500000 2.012509 14.935132 -1310.442387 -537.638796
17.550000 1.983728 14.971402 -1312.059251 -550.307872
17.600000 2.016932 15.038786 -1309.309713 -534.807728
17.650000 1.988638 15.683237 -1270.728820 -507.091728
17.700000 2.002390 15.516885 -1275.647040 -506.729183
17.750000 2.001185 14.821048 -1311.991585 -543.536584
17.800000 2.034073 14.173981 -1346.060079 -564.976170
17.850000 1.969496 15.000926 -1300.428139 -544.141783
17.900000 1.987058 15.604953 -1269.319607 -506.289242
17.950000 2.009642 14.593970 -1323.369129 -551.666611
18.000000 1.964132 15.046652 -1299.208949 -544.982408
18.050000 1.989168 15.648391 -1272.334615 -508.493915
18.100000 2.007590 14.390240 -1335.761059 -564.846419
18.150000 1.999494 14.361974 -1331.296141 -563.490361
18.200000 1.987922 14.501811 -1320.071326 -556.709383
18.250000 2.042179 14.694771 -1320.367515 -536.170938
18.300000 2.002830 14.937867 -1301.251001 -532.164167
18.350000 1.965346 15.245947 -1289.176846 -534.483821
18.400000 2.027428 14.449328 -1329.868716 -551.336385
18.450000 1.979702 14.254130 -1338.583746 -578.378356
18.500000 1.972963 15.065006 -1301.254971 -543.637322
18.550000 2.006453 15.442260 -1278.768642 -508.290580
18.600000 2.010569 15.678158 -1267.547091 -495.488660
18.650000 1.974331 14.425546 -1329.961074 -571.817968
18.700000 1.988832 14.450052 -1331.710373 -567.998738
18.750000 1.961131 15.300063 -1286.281978 -533.207562
18.800000 2.000716 14.821172 -1310.180412 -541.905463
18.850000 2.009834 14.915877 -1309.739453 -537.963120
18.900000 1.992848 14.621521 -1322.175832 -556.922068
18.950000 1.993716 16.899404 -1201.293828 -435.706873
19.000000 2.001412 16.498381 -1232.443858 -463.901839
19.050000 1.993442 14.992253 -1305.921455 -540.439720
19.100000 2.004819 15.275794 -1288.502336 -518.651887
19.150000 2.002827 14.686623 -1325.116148 -556.030543
19.200000 2.022480 14.117668 -1356.489467 -579.857133
19.250000 1.994828 14.066976 -1347.835646 -581.821615
19.300000 1.979472 15.592014 -1269.133895 -509.016493
19.350000 1.980185 15.508341 -1275.329578 -514.938467
19.400000 1.976578 15.236978 -1287.069184 -528.063272
19.450000 2.023716 15.936499 -1251.967675 -474.860823
19.500000 2.002960 14.932529 -1308.129082 -538.992555
19.550000 2.027527 14.478192 -1329.546823 -550.976579
19.600000 2.013910 15.150746 -1295.010158 -521.668571
19.650000 2.007164 15.277642 -1289.968461 -519.217635
19.700000 1.975716 14.903237 -1309.962469 -551.287640
19.750000 1.997262 15.320565 -1288.759993 -521.811566
19.800000 1.996700 14.961690 -1305.690792 -538.958079
19.850000 2.033631 15.313727 -1291.840321 -510.926079
19.900000 2.000109 15.357177 -1286.409781 -518.368029
19.950000 2.021206 16.053791 -1249.603893 -473.460751
20.000000 2.008139 15.135544 -1299.010410 -527.884963
20.050000 1.992225 16.588040 -1222.370292 -457.356053
20.100000 2.018056 14.074538 -1347.723792 -572.790169
20.150000 1.996812 14.245841 -1336.716152 -569.940421
20.200000 2.001926 14.917582 -1308.824929 -540.085507
20.250000 1.981824 14.597736 -1322.690691 -561.670246
20.300000 2.008668 14.670636 -1323.085240 -551.756610
20.350000 2.022329 14.820096 -1316.586948 -540.012649
20.400000 1.977420 13.833873 -1364.775024 -605.445762
20.450000 2.013322 15.126691 -1298.578216 -525.462553
20.500000 1.983953 15.198920 -1292.067619 -530.229533
20.550000 2.003725 15.365360 -1284.539154 -515.108600
20.600000 2.012297 14.715788 -1317.770885 -545.048876
20.650000 1.978152 15.819715 -1257.963642 -498.353184
20.700000 2.003464 16.615212 -1221.645043 -452.314817
20.750000 1.998683 15.013084 -1301.115341 -533.621164
20.800000 1.990919 15.180903 -1294.600878 -530.087946
20.850000 1.990265 14.944217 -1307.782050 -543.520333
20.900000 1.999557 15.082428 -1298.835258 -531.005298
20.950000 1.981282 16.001852 -1244.252290 -483.439824
21.000000 1.993952 16.186555 -1237.516223 -471.838693
21.050000 2.026809 15.498321 -1275.363473 -497.068667
21.100000 1.967745 14.950975 -1301.932223 -546.318181
21.150000 2.000411 16.200314 -1240.179335 -472.021694
21.200000 2.017569 16.313176 -1233.495531 -458.749181
21.250000 1.970909 16.053813 -1242.882034 -486.052959
21.300000 1.995940 16.096770 -1248.593698 -482.152893
21.350000 2.010379 15.357166 -1290.334007 -518.348309
21.400000 1.987847 15.538156 -1274.906619 -511.573430
21.450000 1.990648 15.357250 -1279.764327 -515.355588
21.500000 1.987750 15.217288 -1290.588185 -527.292202
21.550000 2.015249 15.753067 -1268.289749 -494.434036
21.600000 2.021304 14.231239 -1347.624380 -571.443595
21.650000 1.976398 14.207318 -1345.207354 -586.270400
21.700000 2.015107 15.529671 -1275.923531 -502.122356
21.750000 2.034473 13.787175 -1365.167607 -583.930087
21.800000 2.033961 15.553105 -1267.593320 -486.552418
21.850000 2.009521 14.597452 -1331.428636 -559.772701
21.900000 1.971839 15.415137 -1283.995611 -526.809543
21.950000 2.005143 15.597957 -1277.209771 -507.234952
22.000000 2.003116 16.645370 -1225.833615 -456.637241
22.050000 1.970221 16.143547 -1248.764407 -492.199574
22.100000 2.012268 16.712478 -1229.703139 -456.992054
22.150000 2.005922 16.273967 -1245.876954 -475.602945
22.200000 2.003626 15.050317 -1307.819458 -538.426894
22.250000 1.992326 15.340150 -1285.754429 -520.701405
22.300000 2.002852 14.588730 -1320.860792 -551.765809
22.350000 1.969955 15.910130 -1252.120264 -495.657500
22.400000 1.973853 15.849617 -1261.735882 -503.776252
22.450000 2.011206 15.624909 -1269.632423 -497.329279
22.500000 2.002353 10.076151 -1230.820586 -461.916911
22.550000 1.991003 10.106284 -1232.478157 -467.933078
22.600000 1.988542 9.686541 -1257.180506 -493.580230
22.650000 2.018580 9.346983 -1274.975644 -499.841010
22.700000 1.998028 9.255236 -1282.437413 -515.194719
22.750000 2.006552 9.050801 -1289.152281 -518.636350
22.800000 1.999055 8.967897 -1294.113695 -526.476731
22.850000 2.002074 8.730148 -1306.053366 -537.256996
22.900000 1.996757 9.165831 -1286.274371 -519.519770
22.950000 2.026029 8.693167 -1313.885261 -535.890073
23.000000 1.978108 8.752036 -1304.841272 -545.247986
23.050000 2.002826 8.676373 -1312.894378 -543.809288
23.100000 2.003954 9.421837 -1277.687827 -508.169620
23.150000 2.013812 10.054023 -1244.755609 -471.451922
23.200000 2.009789 9.248275 -1290.405486 -518.646457
23.250000 1.985724 9.284157 -1285.978987 -523.461015
23.300000 2.023478 9.593714 -1265.814513 -488.798924
23.350000 2.005430 8.883580 -1307.793408 -537.708265
23.400000 2.014136 8.540498 -1325.518632 -552.090463
23.450000 1.962028 9.363743 -1270.783137 -517.364381
23.500000 2.005888 9.444377 -1266.301523 -496.040378
23.550000 2.006717 9.056639 -1296.927711 -526.348290
23.600000 2.013706 9.521410 -1271.245688 -497.982732
23.650000 1.999717 10.144334 -1227.247742 -459.356296
23.700000 1.990761 9.634735 -1252.161903 -487.709732
23.750000 1.973460 9.591408 -1265.495967 -507.687428
23.800000 2.025119 9.289532 -1288.525521 -510.879635
23.850000 2.032849 8.977590 -1299.862441 -519.248487
23.900000 2.004052 8.744302 -1309.586872 -540.030738
23.950000 1.981739 8.471588 -1316.291647 -555.303969
24.000000 1.997032 8.376250 -1322.529216 -555.668742
24.050000 1.999514 9.208398 -1283.661510 -515.848066
24.100000 1.998752 9.822284 -1245.640656 -478.119873
24.150000 1.998939 8.385327 -1333.249477 -565.656808
24.200000 1.989685 9.172601 -1286.399121 -522.360154
24.250000 1.985868 9.937740 -1245.304011 -482.730783
24.300000 1.994212 9.811480 -1261.587863 -495.810387
24.350000 2.013323 10.376937 -1222.618950 -449.502989
24.400000 1.979991 10.044100 -1233.801402 -473.485034
24.450000 2.023406 8.880721 -1304.603014 -527.615028
24.500000 1.998127 9.794876 -1248.866567 -481.585714
24.550000 2.002211 10.355538 -1215.615254 -446.766280
24.600000 2.004827 8.963211 -1292.995508 -523.141763
24.650000 2.016947 9.098260 -1283.165333 -508.657736
24.700000 2.002848 8.333839 -1329.323506 -560.229986
24.750000 2.011302 8.551573 -1317.839136 -545.499038
24.800000 1.963795 9.487947 -1264.096724 -509.999486
24.850000 2.005718 9.285529 -1274.672698 -504.477117
24.900000 1.984416 8.710776 -1307.817797 -545.801977
24.950000 2.004970 9.576371 -1265.126972 -495.218584
25.000000 1.974271 9.757199 -1254.411295 -496.291367
25.050000 2.015214 9.622541 -1259.684965 -485.842933
25.100000 1.996993 9.310833 -1271.370371 -504.524916
25.150000 1.990122 9.122519 -1281.911113 -517.704148
25.200000 1.986585 9.672264 -1253.487257 -490.638488
25.250000 2.030456 8.189306 -1340.607036 -560.911793
25.300000 2.006110 8.508579 -1320.485281 -550.138925
25.350000 1.990931 8.589250 -1319.922454 -555.404789
25.400000 1.987266 8.175564 -1347.005939 -583.895665
25.450000 1.983660 9.425293 -1268.624601 -506.899091
25.500000 2.008222 9.264268 -1283.827047 -512.669974
25.550000 2.011004 9.132827 -1288.037481 -515.811825
25.600000 2.006357 9.149825 -1279.615766 -509.174567
25.650000 1.994447 8.438562 -1319.617067 -553.749606
25.700000 1.989233 9.006957 -1296.713495 -532.848083
25.750000 1.992430 8.443064 -1325.342492 -560.249294
25.800000 2.002418 8.158565 -1332.966333 -564.037882
25.850000 1.988974 8.915022 -1291.379791 -527.613773
25.900000 1.973002 9.598706 -1260.904959 -503.272272
25.950000 2.015770 9.831544 -1251.972763 -477.916971
26.000000 1.996737 9.738029 -1254.153182 -487.406146
26.050000 2.014124 10.409873 -1215.499487 -442.075807
26.100000 2.008973 9.252042 -1281.313004 -509.867274
26.150000 1.959490 9.937904 -1242.007767 -489.563725
26.200000 2.036660 8.771521 -1312.830862 -530.753376
26.250000 1.996674 8.694139 -1312.398985 -545.676000
26.300000 1.998827 9.617057 -1261.235408 -493.685735
26.350000 1.997025 8.482790 -1328.631882 -561.774473
26.400000 2.023558 9.591011 -1262.703919 -485.657623
26.450000 1.988735 8.569157 -1314.391190 -550.717127
26.500000 2.008322 8.830397 -1305.418391 -534.222765
26.550000 1.992161 9.421018 -1270.627744 -505.637893
26.600000 2.001367 9.160799 -1282.098598 -513.573479
26.650000 1.985106 8.660441 -1307.803009 -545.522396
26.700000 2.012001 8.585929 -1314.410111 -541.801777
26.750000 2.001071 9.122639 -1282.800505 -514.389165
26.800000 1.984242 9.122652 -1285.529333 -523.580504
26.850000 2.006045 9.203426 -1278.426105 -508.104823
26.900000 1.976939 8.309644 -1325.199815 -566.055122
26.950000 1.982358 8.233270 -1332.616650 -571.391059
27.000000 1.993190 8.670707 -1305.398966 -540.014073
27.050000 2.032552 8.420278 -1321.606654 -541.106619
27.100000 2.004926 9.017774 -1288.886940 -518.995332
27.150000 2.017818 8.463715 -1322.875094 -548.032885
27.200000 1.983749 9.343981 -1274.019677 -512.260244
27.250000 2.031750 9.531171 -1262.938476 -482.746551
27.300000 2.015322 8.569787 -1322.182455 -548.298911
27.350000 1.974916 9.681270 -1259.113706 -500.745945
27.400000 2.015854 9.948650 -1243.590003 -469.502071
27.450000 2.000612 10.127761 -1225.740315 -457.505321
27.500000 1.992277 9.868282 -1243.614184 -478.579812
27.550000 2.043111 8.770314 -1313.848327 -529.293613
27.600000 1.996791 8.939987 -1297.220301 -530.452432
27.650000 1.995296 8.913585 -1299.770283 -533.576741
27.700000 1.999777 8.854700 -1305.970907 -538.056638
27.750000 2.003321 8.650701 -1316.345432 -547.070006
27.800000 1.962858 9.063580 -1292.894893 -539.157530
27.850000 2.010045 9.190681 -1292.538224 -520.681081
27.900000 2.011507 8.938665 -1301.717883 -529.299027
27.950000 1.968637 9.514647 -1264.733433 -508.776634
28.000000 2.028159 9.508123 -1273.391382 -494.578150
28.050000 1.970105 9.554497 -1266.141961 -509.621775
28.100000 2.018682 9.347356 -1284.803231 -509.629374
28.150000 1.998247 9.356443 -1285.832663 -518.505686
28.200000 1.989827 9.709568 -1259.576330 -495.482867
28.250000 2.013113 9.488263 -1269.809083 -496.773541
28.300000 1.976353 9.597642 -1260.101530 -501.182160
28.350000 1.998688 9.196561 -1286.464866 -518.968666
28.400000 2.001438 8.798817 -1313.198313 -544.646223
28.450000 1.997202 9.729236 -1260.681884 -493.756403
28.500000 2.012555 9.824940 -1250.427026 -477.605854
28.550000 1.991980 9.530159 -1265.307248 -500.386963
28.600000 1.993866 8.423980 -1329.838387 -564.193803
28.650000 2.026077 8.761163 -1303.800467 -525.786830
28.700000 1.996977 8.587420 -1310.253756 -543.414597
28.750000 2.007681 8.990160 -1281.528114 -510.578466
28.800000 1.996405 8.478206 -1317.953486 -551.334137
28.850000 2.003644 9.240827 -1276.498037 -507.098600
28.900000 1.987158 8.764401 -1305.939536 -542.870983
28.950000 2.027726 9.100157 -1291.343422 -512.696715
29.000000 1.999207 8.887467 -1299.754211 -532.058884
29.050000 2.001062 9.264453 -1277.237303 -508.829485
29.100000 1.996261 8.840623 -1301.039418 -534.475030
29.150000 1.968160 9.056100 -1294.232965 -538.459396
29.200000 2.012727 8.833542 -1316.163238 -543.275920
29.250000 1.994510 9.994719 -1243.734488 -477.842680
29.300000 1.993736 9.234115 -1278.391743 -512.797297
29.350000 1.990641 9.900000 -1246.805877 -482.399678
29.400000 2.018167 9.671505 -1261.859861 -486.883892
29.450000 1.982088 9.026901 -1291.873826 -530.752147
29.500000 2.008476 9.777822 -1255.216751 -483.961824
29.550000 1.993293 8.848833 -1303.007454 -537.583106
29.600000 1.993517 7.999083 -1348.738413 -583.227722
29.650000 2.013121 8.469152 -1318.080715 -545.042210
29.700000 1.999659 8.274025 -1334.132297 -566.263107
29.750000 2.019724 9.012114 -1303.951744 -528.377847
29.800000 1.972090 9.248604 -1292.348548 -535.066179
29.850000 1.981871 10.110327 -1246.834677 -485.796324
29.900000 2.033142 9.275787 -1297.235417 -516.508841
29.950000 1.964895 9.579989 -1269.381375 -514.861758
30.000000 1.985926 4.805128 -1237.835895 -475.240394
30.050000 2.017859 5.263909 -1206.754896 -431.897043
30.100000 1.991898 5.211220 -1208.376170 -443.487180
30.150000 1.997622 5.437999 -1203.518615 -436.431611
30.200000 2.019768 6.100012 -1169.733753 -394.142898
30.250000 1.979311 5.529059 -1206.964169 -446.908627
30.300000 2.004079 4.850398 -1242.767612 -473.201229
30.350000 1.993496 4.995627 -1225.832112 -460.329782
30.400000 2.013368 5.360133 -1208.469921 -435.336651
30.450000 1.986957 5.901613 -1179.629344 -416.637867
30.500000 2.010528 5.948140 -1192.706233 -420.663415
30.550000 1.995252 6.473961 -1166.063106 -399.886347
30.600000 2.012928 5.659042 -1209.644086 -436.679783
30.650000 2.001239 4.940676 -1249.701971 -481.226371
30.700000 1.966603 5.130911 -1240.483177 -485.307543
30.750000 2.018935 5.816615 -1196.109754 -420.838569
30.800000 2.003972 5.139143 -1233.578876 -464.053796
30.850000 1.991360 5.589648 -1197.483565 -432.801353
30.900000 1.987545 6.016475 -1171.805523 -408.588155
30.950000 2.024533 5.262035 -1219.808593 -442.387843
31.000000 2.004334 5.113997 -1221.629248 -451.964986
31.050000 2.002500 5.043087 -1230.450760 -461.490905
31.100000 1.982572 5.614228 -1192.566240 -431.258571
31.150000 2.021473 5.015424 -1233.073324 -456.827524
31.200000 1.989211 5.326327 -1212.890064 -449.033169
31.250000 1.997219 5.680514 -1194.842219 -427.910220
31.300000 2.020942 4.665966 -1257.463457 -481.421894
31.350000 1.988801 5.672391 -1185.908068 -422.208617
31.400000 1.992270 5.311528 -1209.330421 -444.298552
31.450000 2.015603 5.442397 -1205.599946 -431.608264
31.500000 2.015247 5.545038 -1199.885303 -426.030438
31.550000 1.984702 5.322134 -1215.388484 -453.262842
31.600000 1.975778 5.716031 -1188.639478 -429.940713
31.650000 2.004496 5.616474 -1190.750716 -421.024388
31.700000 1.996011 5.320750 -1207.250528 -440.782240
31.750000 2.013781 4.769982 -1246.396086 -473.104183
31.800000 1.991327 5.640430 -1198.197571 -433.527875
31.850000 2.001462 5.205244 -1224.777201 -456.215725
31.900000 1.992627 5.394247 -1208.668374 -443.499574
31.950000 1.999601 5.905395 -1170.498761 -402.651933
32.000000 2.013427 4.960815 -1232.591542 -459.435676
32.050000 1.992343 5.147486 -1226.658900 -461.599001
32.100000 1.990307 5.617940 -1197.785198 -433.507120
32.150000 2.022798 4.485431 -1266.953131 -490.198861
32.200000 2.003796 5.085044 -1228.681934 -459.224206
32.250000 1.982332 5.509094 -1206.958723 -445.743049
32.300000 1.987862 5.841583 -1189.336044 -425.997171
32.350000 2.009035 5.213315 -1225.997751 -454.528335
32.400000 1.998569 4.729435 -1254.427362 -486.976781
32.450000 1.983680 4.869835 -1243.765576 -482.032474
32.500000 1.997864 4.835591 -1241.428775 -474.249095
32.550000 1.984857 6.064844 -1160.687867 -398.502899
32.600000 2.016579 4.891566 -1239.933517 -465.567009
32.650000 2.001979 4.828653 -1243.151330 -474.391335
32.700000 1.987346 5.153582 -1227.970922 -464.829990
32.750000 1.994651 5.727364 -1190.233141 -424.287253
32.800000 2.057387 5.320371 -1212.690287 -422.653506
32.850000 2.002258 5.030009 -1235.787555 -466.920641
32.900000 2.010578 5.807193 -1196.773274 -424.711333
32.950000 2.006570 5.679424 -1200.191966 -429.668908
33.000000 1.999371 5.419280 -1205.808155 -438.049857
33.050000 2.014429 4.560475 -1254.387010 -480.846178
33.100000 1.981362 5.006528 -1226.405879 -465.562741
33.150000 2.005371 5.041044 -1231.749930 -461.687278
33.200000 2.000111 4.328080 -1278.315460 -510.272838
33.250000 1.976286 5.878753 -1186.398998 -427.505150
33.300000 1.980114 5.875483 -1191.517334 -431.153546
33.350000 2.028863 5.196975 -1235.547468 -456.463911
33.400000 2.000982 5.161787 -1231.432758 -463.055705
33.450000 2.017800 4.913659 -1247.521421 -472.686279
33.500000 1.984292 5.289854 -1224.773438 -462.805355
33.550000 1.989914 5.560341 -1205.668635 -441.541517
33.600000 2.023958 5.569977 -1199.177776 -421.977772
33.650000 1.985584 5.163791 -1219.863931 -457.399783
33.700000 2.013411 4.946162 -1232.956416 -459.806517
33.750000 1.992430 4.950588 -1225.161143 -460.067840
33.800000 1.975235 5.171139 -1219.259257 -460.768982
33.850000 2.013458 4.863160 -1248.804375 -475.636437
33.900000 1.999569 5.756925 -1190.821175 -422.986641
33.950000 1.997139 5.376255 -1214.314787 -447.413390
34.000000 2.001191 5.324970 -1215.765500 -447.308126
34.050000 2.011556 4.724136 -1261.000083 -488.562427
34.100000 1.997446 4.907235 -1245.105703 -478.086560
34.150000 2.003219 4.619448 -1260.995958 -491.760013
34.200000 1.983162 5.485017 -1205.244040 -443.709826
34.250000 2.015519 5.083007 -1231.367908 -457.408788
34.300000 1.996848 5.071764 -1231.751053 -464.961433
34.350000 2.016643 4.816712 -1248.364117 -473.973223
34.400000 2.000813 4.497976 -1262.414892 -494.102633
34.450000 1.993349 4.855925 -1237.844424 -472.398374
34.500000 1.975926 4.698223 -1252.000324 -493.244611
34.550000 2.007100 4.885923 -1241.913050 -471.186602
34.600000 2.004483 4.570573 -1258.691583 -488.970214
34.650000 1.970101 5.291316 -1216.361703 -459.842881
34.700000 2.013502 6.510661 -1142.139540 -368.954832
34.750000 2.004376 4.788939 -1250.575381 -480.894962
34.800000 2.004366 4.638002 -1258.769239 -489.092606
34.850000 1.984781 5.666164 -1191.098951 -428.943022
34.900000 2.000716 5.598848 -1196.932161 -428.657039
34.950000 2.003338 5.090621 -1235.650963 -466.369101
35.000000 2.001226 6.100889 -1168.589661 -400.118827
35.050000 2.014556 5.217857 -1229.408057 -455.818546
35.100000 1.997653 5.344628 -1217.843582 -450.744699
35.150000 2.003507 5.446912 -1206.014733 -436.668188
35.200000 1.951338 5.741029 -1192.861075 -443.547427
35.250000 2.008108 6.157978 -1175.264876 -404.151506
35.300000 1.995110 6.479792 -1153.521020 -387.398969
35.350000 2.001147 5.446859 -1216.291079 -447.850735
35.400000 1.993848 5.765156 -1182.196894 -416.559206
35.450000 2.026224 5.096687 -1226.951992 -448.882051
35.500000 1.992785 5.019362 -1236.159484 -470.930145
35.550000 1.994381 5.155690 -1229.225087 -463.382971
35.600000 2.018883 5.575758 -1205.365395 -430.114262
35.650000 2.004341 4.861738 -1255.796573 -486.129794
35.700000 2.006957 5.706958 -1201.716659 -431.045218
35.750000 2.021094 5.261925 -1229.428172 -453.327970
35.800000 1.980178 4.670070 -1259.121599 -498.733268
35.850000 2.015907 5.390522 -1214.968016 -440.859729
35.900000 2.009718 5.033198 -1235.660133 -463.928403
35.950000 1.985482 5.382075 -1209.204665 -446.779729
36.000000 2.002455 5.500931 -1196.721844 -427.779300
36.050000 1.996104 5.869415 -1170.232274 -403.728358
36.100000 2.021541 4.392211 -1263.821531 -487.549786
36.150000 1.964571 4.759316 -1236.662400 -482.267052
36.200000 1.985584 5.089872 -1220.689759 -458.225460
36.250000 2.003698 5.182120 -1214.062846 -444.642861
36.300000 2.000988 5.154401 -1219.960613 -451.581036
36.350000 1.988439 5.727640 -1180.933776 -417.373170
36.400000 2.030069 5.102075 -1225.527966 -445.981312
36.450000 1.998782 5.003012 -1236.256799 -468.724683
36.500000 1.973717 6.513881 -1145.259298 -387.351892
36.550000 2.014703 5.302295 -1224.039504 -450.393601
36.600000 2.008237 5.484983 -1202.252189 -431.088995
36.650000 2.005590 5.314643 -1210.182488 -440.036024
36.700000 2.000760 4.833350 -1240.887921 -472.596221
36.750000 1.999744 5.176345 -1221.283319 -453.381646
36.800000 2.036197 5.372742 -1216.688181 -434.788634
36.850000 1.968528 5.752749 -1191.328081 -435.413196
36.900000 2.002952 6.319924 -1159.157200 -390.023633
36.950000 2.020998 5.473974 -1207.235343 -431.172214
37.000000 1.983613 5.607067 -1194.578617 -432.871143
37.050000 2.016453 4.925149 -1241.756984 -467.439076
37.100000 1.987143 5.631154 -1197.942211 -434.879160
37.150000 1.995199 5.397283 -1221.445377 -455.289109
37.200000 1.987424 5.590116 -1207.945958 -444.775015
37.250000 2.014765 6.127727 -1166.623360 -392.953554
37.300000 2.010777 5.316515 -1214.215934 -442.077560
37.350000 1.991121 5.241330 -1212.434186 -447.843749
37.400000 1.994484 5.059593 -1224.354854 -458.472931
37.450000 2.021788 4.955089 -1235.691542 -459.324919
37.500000 2.003477 2.763567 -1117.822323 -348.487242
37.550000 1.987269 3.045607 -1098.436691 -335.325412
37.600000 2.000228 3.098193 -1099.273906 -331.186277
37.650000 2.013898 3.425709 -1076.790954 -303.454041
37.700000 1.987611 2.853968 -1124.079775 -360.837211
37.750000 2.005151 3.171478 -1105.010205 -335.032170
37.800000 2.007441 3.316231 -1090.136544 -319.279260
37.850000 1.992161 2.924766 -1114.648349 -349.658407
37.900000 1.981373 3.211705 -1091.232964 -330.385905
37.950000 2.006909 3.091866 -1103.563839 -332.910669
38.000000 1.994477 3.251797 -1091.862217 -325.982945
38.050000 2.014427 3.135424 -1097.219759 -323.679692
38.100000 2.018061 2.672586 -1121.473159 -346.537909
38.150000 1.991143 2.985820 -1098.870025 -334.270951
38.200000 2.011340 3.055957 -1102.985353 -330.630753
38.250000 1.988399 3.439689 -1079.210449 -315.665200
38.300000 1.990955 3.586166 -1070.008987 -305.482443
38.350000 2.005554 3.036680 -1110.952592 -340.819970
38.400000 1.992976 3.373906 -1088.316446 -323.013642
38.450000 1.998583 3.980918 -1050.369479 -282.913631
38.500000 2.013197 3.432798 -1087.118344 -314.050715
38.550000 1.988037 3.303556 -1084.498266 -321.092184
38.600000 2.007495 2.933386 -1103.014386 -332.136115
38.650000 1.995585 2.946923 -1096.329031 -330.024553
38.700000 2.019057 2.599268 -1118.925049 -343.607040
38.750000 1.959968 2.906846 -1096.916080 -344.288544
38.800000 2.010064 3.077881 -1103.072335 -331.207918
38.850000 2.006262 3.321319 -1090.796171 -320.391753
38.900000 1.996713 2.958796 -1111.762081 -345.024195
38.950000 1.989430 3.314035 -1078.838398 -314.897250
39.000000 2.003167 2.558383 -1132.498333 -363.282257
39.050000 1.986223 2.697129 -1120.516904 -357.807109
39.100000 1.986556 3.027982 -1106.340593 -343.503001
39.150000 2.009051 3.246509 -1090.467868 -318.992441
39.200000 1.973700 2.983151 -1100.546653 -342.645679
39.250000 2.023104 3.333414 -1074.665908 -297.794005
39.300000 2.013913 2.582058 -1127.694718 -354.352313
39.350000 2.011876 2.878154 -1098.372591 -325.812352
39.400000 1.986389 2.557092 -1121.709331 -358.936010
39.450000 2.009980 2.251769 -1150.413688 -378.581316
39.500000 1.996376 2.402717 -1141.338840 -374.730307
39.550000 2.004197 2.458103 -1135.565342 -365.953533
39.600000 1.997294 2.991437 -1095.367547 -328.406559
39.650000 2.012974 2.920163 -1103.575933 -330.593977
39.700000 1.997138 3.247459 -1080.859312 -313.958282
39.750000 2.012731 3.198912 -1083.342187 -310.453606
39.800000 1.998845 2.794475 -1111.009484 -343.453005
39.850000 2.017900 2.679456 -1127.256718 -352.383058
39.900000 1.994216 3.195655 -1091.121312 -325.342323
39.950000 2.019429 2.752930 -1119.495182 -344.034333
40.000000 1.982977 3.528241 -1063.046204 -301.583182
40.050000 2.015286 3.282935 -1089.742779 -315.872824
40.100000 1.979351 3.065650 -1106.606630 -346.535715
40.150000 2.004807 3.373373 -1089.805273 -319.959465
40.200000 2.007196 3.067303 -1110.088289 -339.324968
40.250000 1.999671 2.963631 -1110.821925 -342.948377
40.300000 2.006463 2.492365 -1139.461100 -368.979225
40.350000 2.001630 2.534542 -1131.606446 -362.980392
40.400000 2.002648 3.482193 -1060.615540 -291.598814
40.450000 2.006181 2.886805 -1097.466260 -327.092686
40.500000 2.008560 2.479649 -1122.939894 -351.652931
40.550000 1.992088 2.785256 -1107.832738 -342.870767
40.600000 2.003231 3.627748 -1054.511279 -285.270492
40.650000 1.994892 2.789737 -1113.755398 -347.716877
40.700000 2.005866 2.654536 -1123.991445 -353.738904
40.750000 1.997938 3.310405 -1071.541938 -304.333719
40.800000 1.997262 2.937012 -1099.591723 -332.643148
40.850000 2.025433 3.409897 -1069.572093 -291.805733
40.900000 2.001879 2.748557 -1127.813040 -359.091336
40.950000 1.994474 3.276627 -1092.012416 -326.134513
41.000000 1.978818 3.520892 -1078.925597 -319.059425
41.050000 2.029521 3.418447 -1084.639194 -305.303137
41.100000 1.996741 2.879302 -1118.196443 -351.448059
41.150000 2.010320 3.206914 -1095.340945 -323.378217
41.200000 2.008011 3.165412 -1097.875143 -326.798989
41.250000 1.992963 3.304593 -1085.467880 -320.169920
41.300000 2.005513 3.472108 -1079.408322 -309.291514
41.350000 2.002072 3.203616 -1100.267516 -331.471904
41.400000 2.000218 2.913905 -1111.628450 -343.544617
41.450000 1.997830 2.946324 -1103.301161 -336.134496
41.500000 1.997136 3.101601 -1096.217211 -329.317051
41.550000 1.989885 3.687110 -1058.480402 -294.364729
41.600000 2.025796 2.823606 -1124.247882 -346.342064
41.650000 1.995415 2.881486 -1110.352419 -344.113229
41.700000 1.965575 3.394218 -1074.832506 -320.051874
41.750000 2.024031 3.562720 -1066.008496 -288.780780
41.800000 1.996898 3.104544 -1096.706215 -329.897350
41.850000 1.993665 3.238876 -1085.827375 -320.259916
41.900000 2.018689 3.469634 -1065.322034 -290.145284
41.950000 1.979687 2.975736 -1099.481704 -339.281857
42.000000 1.994211 3.369530 -1070.592146 -304.815286
42.050000 1.990012 2.994796 -1098.003737 -333.839195
42.100000 1.981747 3.170546 -1088.131773 -327.140929
42.150000 2.014104 2.729688 -1120.867775 -347.451750
42.200000 1.982644 3.080889 -1096.340028 -335.004615
42.250000 2.021783 3.023642 -1099.296010 -322.931305
42.300000 1.998883 2.464101 -1131.636308 -364.065194
42.350000 1.998111 2.747409 -1113.390039 -346.115330
42.400000 1.999707 2.942623 -1107.771816 -339.884498
42.450000 2.009878 3.459278 -1076.375571 -304.582572
42.500000 2.021764 3.488163 -1068.412363 -292.054903
42.550000 2.010167 2.904199 -1100.044090 -328.140002
42.600000 1.998330 2.498185 -1129.308834 -361.950001
42.650000 2.003792 2.785679 -1110.768624 -341.312524
42.700000 2.002110 3.278132 -1075.877981 -307.067796
42.750000 1.987861 3.330581 -1074.936672 -311.598146
42.800000 2.000419 2.568164 -1133.632153 -365.471448
42.850000 1.989265 3.406284 -1077.154546 -313.276636
42.900000 2.000714 3.787417 -1050.465528 -282.191190
42.950000 2.030426 3.053567 -1100.644269 -320.960816
43.000000 2.015945 2.813615 -1109.280921 -335.158121
43.050000 1.999125 2.508501 -1126.396996 -358.733028
43.100000 2.001261 2.751201 -1105.214476 -336.730373
43.150000 1.992411 2.749409 -1104.914449 -339.828636
43.200000 1.995169 3.036574 -1088.486437 -322.341426
43.250000 1.994794 3.119223 -1085.273224 -319.272396
43.300000 2.009313 2.708098 -1119.791405 -348.215137
43.350000 2.012160 2.615752 -1128.318840 -355.649475
43.400000 1.984788 3.054950 -1104.584717 -342.425954
43.450000 1.994632 4.186856 -1022.652534 -256.713747
43.500000 2.012029 3.004452 -1101.537422 -328.918471
43.550000 2.012624 3.008921 -1090.811018 -317.963334
43.600000 1.989235 3.043494 -1083.058689 -319.192513
43.650000 2.000812 2.358017 -1138.721209 -370.409350
43.700000 2.004105 3.156419 -1085.151483 -315.575228
43.750000 1.993784 2.975589 -1091.175761 -325.562708
43.800000 1.983358 2.554369 -1123.736495 -362.126868
43.850000 1.999574 3.410146 -1077.135062 -309.298737
43.900000 2.008751 3.526045 -1077.265125 -305.904573
43.950000 2.027411 3.297059 -1089.930124 -311.404408
44.000000 1.998239 3.017785 -1102.271632 -334.947812
44.050000 2.012443 2.887199 -1105.023138 -332.244943
44.100000 1.993021 3.001916 -1096.276362 -330.956380
44.150000 2.000441 3.005914 -1098.943541 -330.774213
44.200000 1.993956 3.397137 -1074.085552 -308.406305
44.250000 2.018731 3.365368 -1081.185884 -305.993178
44.300000 1.998083 2.571482 -1133.792195 -366.528149
44.350000 2.000221 2.421160 -1146.943971 -378.858933
44.400000 1.982779 3.274172 -1092.360632 -330.973584
44.450000 2.001815 3.427293 -1075.840202 -307.143332
44.500000 1.998421 2.752060 -1119.788763 -352.395088
44.550000 2.016240 2.685968 -1126.411074 -352.175093
44.600000 1.981367 2.698192 -1131.475355 -370.630424
44.650000 2.024880 3.456996 -1084.668099 -307.114099
44.700000 2.008395 3.125035 -1105.715046 -334.491194
44.750000 2.005521 2.936136 -1116.426626 -346.306452
44.800000 1.977699 2.737080 -1128.339042 -368.902534
44.850000 2.013708 2.903117 -1112.486456 -339.222404
44.900000 2.005404 2.961388 -1100.352635 -330.277461
44.950000 2.003804 3.094016 -1093.806737 -324.346143
45.000000 2.006323 1.568400 -962.099023 -191.670830
45.050000 2.023197 2.075547 -923.666186 -146.758632
45.100000 2.015428 1.715488 -950.979166 -177.054683
45.150000 2.004546 1.738241 -949.057537 -179.311705
45.200000 2.012264 1.588989 -964.661297 -191.951839
45.250000 1.990532 1.705918 -954.638855 -190.274732
45.300000 2.016115 2.087685 -927.541704 -153.353570
45.350000 1.992581 2.109638 -931.439146 -166.287886
45.400000 2.009201 2.425379 -907.824090 -136.290994
45.450000 2.009047 1.631457 -970.152106 -198.678060
45.500000 2.000779 1.356149 -987.248515 -218.949235
45.550000 1.989943 1.687173 -961.285542 -197.147498
45.600000 1.995749 1.719437 -967.764787 -201.397212
45.650000 2.009572 1.761016 -967.525153 -195.849482
45.700000 2.006866 1.612387 -980.786811 -210.150225
45.750000 1.974856 1.856587 -958.659047 -200.314190
45.800000 2.001365 1.701942 -977.308472 -208.784133
45.850000 1.994249 1.934140 -960.764678 -194.973231
45.900000 1.992025 2.078922 -943.354669 -178.416994
45.950000 2.012703 1.606170 -975.509412 -202.631342
46.000000 1.972913 1.740351 -961.236808 -203.638200
46.050000 2.005350 1.995171 -943.943822 -173.889315
46.100000 1.992057 2.331023 -914.030090 -149.080351
46.150000 2.013447 1.733705 -961.487828 -188.324167
46.200000 1.999635 1.262817 -996.801676 -228.941841
46.250000 1.984162 1.812047 -954.531858 -192.613650
46.300000 2.000431 1.549869 -981.295732 -213.130403
46.350000 2.000600 1.853958 -956.235135 -188.004548
46.400000 2.004941 1.704113 -970.235210 -200.337721
46.450000 2.002601 1.585453 -978.199981 -209.201008
46.500000 1.994303 1.726550 -960.394108 -194.581574
46.550000 1.993946 1.671458 -966.249686 -200.574568
46.600000 2.006396 1.692803 -963.729476 -193.273258
46.650000 1.997195 1.758827 -953.968513 -187.045573
46.700000 1.997407 1.778375 -947.531725 -180.527497
46.750000 1.982677 1.754079 -950.582867 -189.234843
46.800000 2.008772 1.699350 -958.759964 -187.391561
46.850000 2.008571 1.346316 -989.414813 -218.123696
46.900000 1.975812 1.604545 -969.430394 -210.718516
46.950000 2.003285 2.075403 -931.379224 -162.117764
47.000000 2.011425 1.577799 -969.907711 -197.520390
47.050000 1.993393 1.323048 -994.116802 -228.653721
47.100000 2.007238 1.816764 -963.132117 -192.352690
47.150000 2.016924 1.341892 -1003.571530 -229.072848
47.200000 1.987239 1.976097 -951.844303 -188.744490
47.250000 2.009486 2.100170 -944.901456 -173.258899
47.300000 2.016182 1.586106 -981.105440 -206.891497
47.350000 1.995076 1.598907 -975.347445 -209.238084
47.400000 1.996509 1.485280 -984.897399 -218.238069
47.450000 2.001142 1.526849 -985.795250 -217.356879
47.500000 1.979135 2.462216 -913.008073 -153.020146
47.550000 2.008359 2.142291 -938.910119 -167.700223
47.600000 1.986928 1.591180 -972.246706 -209.266237
47.650000 2.012911 1.647834 -965.960187 -193.002419
47.700000 2.001655 1.488811 -979.732934 -211.097478
47.750000 2.013256 1.605367 -962.295443 -189.205297
47.800000 2.002379 1.580983 -960.921444 -192.007765
47.850000 1.980938 1.367494 -981.787332 -221.107064
47.900000 1.998466 1.835915 -944.756945 -177.345941
47.950000 1.993258 1.669116 -963.694738 -198.283590
48.000000 2.008784 1.707102 -961.417634 -190.044601
48.050000 2.011123 1.344423 -991.696874 -219.425681
48.100000 1.987886 1.532245 -975.573005 -212.224934
48.150000 1.988286 1.788417 -959.036801 -195.535036
48.200000 2.000002 2.244911 -930.529642 -162.528779
48.250000 2.016472 2.126217 -943.562359 -169.237069
48.300000 1.993505 1.695239 -973.483554 -207.977719
48.350000 1.993293 1.495442 -981.891305 -216.466648
48.400000 2.003552 1.276770 -993.342080 -223.978232
48.450000 2.017451 1.171707 -996.327892 -221.626864
48.500000 2.004247 1.218432 -993.141796 -223.510759
48.550000 1.977383 1.916009 -947.261036 -187.945806
48.600000 2.005281 2.128355 -942.293380 -172.265608
48.650000 2.017520 1.964050 -947.378083 -172.650379
48.700000 1.981833 1.717033 -962.371289 -201.347417
48.750000 1.997053 2.195574 -921.488797 -154.620541
48.800000 2.009276 1.536115 -971.131625 -199.569481
48.850000 1.983391 1.360920 -978.028067 -216.406085
48.900000 1.995603 1.450075 -973.666475 -207.355103
48.950000 1.996331 1.688617 -960.844321 -194.253263
49.000000 2.008315 1.460962 -981.325749 -210.132799
49.050000 1.995119 1.836828 -944.985081 -178.859475
49.100000 1.998649 1.476757 -972.142568 -204.661213
49.150000 1.994908 1.440400 -972.678056 -206.633340
49.200000 1.995670 1.488046 -970.686745 -204.349337
49.250000 2.017329 1.546580 -964.847257 -190.192800
49.300000 1.994367 1.431914 -974.007059 -208.170123
49.350000 1.988146 2.059231 -921.853389 -158.405293
49.400000 2.008113 1.576237 -959.315743 -188.200440
49.450000 1.990111 1.387959 -974.172726 -209.970275
49.500000 1.997829 2.024387 -929.626155 -162.459801
49.550000 2.005476 1.458434 -985.634745 -215.532004
49.600000 2.001929 1.982352 -941.165013 -172.424164
49.650000 1.998565 1.771463 -956.333776 -188.884636
49.700000 2.005375 1.639094 -960.260832 -190.196961
49.750000 2.002090 1.157467 -995.221882 -226.419192
49.800000 1.988447 1.492045 -962.314601 -198.751032
49.850000 1.998148 1.606730 -963.613271 -196.324473
49.900000 2.001624 1.921847 -950.817368 -182.193750
49.950000 2.003822 1.906161 -955.625829 -186.158313
50.000000 2.005798 1.901857 -956.283609 -186.056995
50.050000 2.005994 1.836019 -963.609405 -193.307667
50.100000 1.994612 2.198062 -935.632702 -169.701662
50.150000 1.980710 2.136308 -947.537329 -186.944775
50.200000 2.011756 1.794769 -976.651831 -204.137446
50.250000 1.998407 1.669524 -980.083486 -212.695250
50.300000 1.992130 1.856371 -972.102255 -207.124151
50.350000 2.008958 1.650568 -987.742919 -216.303191
50.400000 1.994737 1.808905 -968.203700 -202.224669
50.450000 1.991051 2.058123 -941.930244 -177.366774
50.500000 2.001398 1.989545 -942.645351 -174.108548
50.550000 2.003040 1.929720 -947.850811 -178.683606
50.600000 2.000103 2.025408 -945.407738 -177.368189
50.650000 2.008085 2.161005 -936.182796 -165.078173
50.700000 2.003394 1.730097 -968.912162 -199.608996
50.750000 1.987722 1.996110 -943.795297 -180.510121
50.800000 1.992026 1.738814 -964.566446 -199.628308
50.850000 2.008144 1.707873 -963.376681 -192.249200
50.900000 1.993032 1.643310 -963.149618 -197.825171
50.950000 1.994542 1.803673 -947.978093 -182.074136
51.000000 2.014648 1.421521 -981.296167 -207.671367
51.050000 1.986767 1.517566 -979.989159 -217.070538
51.100000 2.011911 1.800349 -962.569278 -189.995416
51.150000 2.007712 1.573606 -979.363684 -208.402186
51.200000 1.992131 1.768962 -956.505835 -191.527716
51.250000 2.001264 1.475071 -984.407591 -215.922174
51.300000 2.004044 1.846624 -956.895771 -187.342961
51.350000 2.003451 1.850097 -962.088602 -192.763457
51.400000 1.977860 2.190408 -937.836129 -178.337827
51.450000 2.024597 2.262016 -930.718025 -153.272673
51.500000 2.017930 1.669195 -972.610499 -197.725497
51.550000 1.987488 1.847421 -960.005587 -196.810339
51.600000 2.004060 2.248006 -935.211406 -165.652221
51.650000 1.994542 1.923811 -969.370886 -203.466583
51.700000 1.991560 2.181423 -941.833916 -177.074711
51.750000 2.009623 1.880360 -959.991116 -188.295877
51.800000 2.003304 1.571729 -985.275194 -216.006453
51.850000 1.987560 1.825185 -970.555295 -207.332276
51.900000 1.990903 2.027074 -960.185443 -195.678792
51.950000 2.001652 2.463510 -917.000404 -148.365937
52.000000 1.999298 1.760947 -964.547864 -196.817433
52.050000 2.006884 1.633519 -965.662676 -195.019224
52.100000 1.996554 1.579567 -967.222077 -200.545312
52.150000 1.987714 1.946497 -935.977553 -172.695533
52.200000 1.993914 1.715201 -954.828500 -189.165400
52.250000 2.007263 1.494765 -969.460687 -198.671885
52.300000 2.003559 1.302847 -985.601919 -216.235314
52.350000 1.991607 1.727606 -960.887717 -196.110647
52.400000 2.001358 2.346919 -914.489688 -145.968039
52.450000 1.987528 1.948881 -944.508147 -181.297487
52.500000 2.002429 1.037366 -822.871155 -53.938301
52.550000 1.984571 1.363894 -797.058975 -34.983647
52.600000 2.005441 1.475517 -788.090803 -18.001421
52.650000 2.004130 1.138820 -814.411176 -44.825167
52.700000 1.998474 1.099088 -816.140613 -48.726454
52.750000 1.978585 1.723473 -754.667828 5.108814
52.800000 2.024416 1.199867 -802.379505 -25.003944
52.850000 2.002013 1.051393 -805.995647 -37.222599
52.900000 1.988467 1.062086 -806.292059 -42.720619
52.950000 1.994526 1.555342 -759.325729 6.572096
53.000000 2.015787 1.069233 -807.727572 -33.665338
53.050000 2.001458 1.092470 -808.012314 -39.452597
53.100000 1.995623 1.286691 -795.625144 -29.305824
53.150000 1.989377 1.592987 -769.934951 -6.014309
53.200000 2.026980 1.407356 -784.434982 -6.074549
53.250000 1.993972 0.949684 -818.342692 -52.657450
53.300000 1.993865 0.841651 -824.668603 -59.024453
53.350000 2.005317 1.121172 -791.954953 -21.913359
53.400000 2.005309 0.852917 -814.987176 -44.948392
53.450000 1.991803 0.681804 -828.457393 -63.604853
53.500000 1.995153 1.126978 -783.718077 -17.579201
53.550000 2.001265 1.077319 -790.823376 -22.337626
53.600000 2.008177 0.911002 -805.314756 -34.174799
53.650000 1.995624 0.804308 -817.942574 -51.623009
53.700000 1.997754 1.119382 -797.914601 -30.777007
53.750000 2.032081 1.247473 -791.455550 -11.136482
53.800000 2.001763 0.793227 -837.705426 -69.028302
53.850000 1.987575 1.481165 -774.192514 -10.963853
53.900000 2.003803 1.247368 -801.777982 -32.317730
53.950000 2.020303 1.081583 -811.523533 -35.727261
54.000000 1.999264 1.067031 -809.214356 -41.496800
54.050000 1.991934 1.116854 -810.338510 -45.435834
54.100000 1.999052 1.208483 -804.101880 -36.465827
54.150000 2.002694 1.207958 -799.500943 -30.466623
54.200000 2.001046 0.965922 -815.186059 -46.784302
54.250000 1.994854 0.863919 -821.612600 -55.588800
54.300000 2.013052 0.953372 -810.099860 -37.088026
54.350000 2.001348 0.765899 -824.828491 -56.310982
54.400000 2.005721 0.586428 -842.362498 -72.165598
54.450000 1.987461 0.887274 -819.998971 -56.813899
54.500000 2.005113 1.321850 -782.169400 -12.206004
54.550000 1.993558 1.049401 -811.591600 -46.065186
54.600000 1.995879 1.318736 -785.635302 -19.217893
54.650000 2.005434 1.256548 -788.823561 -18.736987
54.700000 2.007197 1.102162 -802.418655 -31.655045
54.750000 1.992125 1.256265 -786.036802 -21.060710
54.800000 1.998264 0.856770 -827.953119 -60.619551
54.850000 1.993417 1.160704 -800.053877 -34.581910
54.900000 1.991829 1.088274 -810.498040 -45.635734
54.950000 1.994074 1.008508 -821.013040 -55.288783
55.000000 2.008980 1.336744 -788.560540 -17.112033
55.050000 2.005729 1.106408 -810.095473 -39.895588
55.100000 1.975861 1.486042 -773.592585 -14.861852
55.150000 1.998775 1.653805 -759.161598 8.368097
55.200000 2.001915 1.207534 -803.420302 -34.684934
55.250000 2.006355 1.310667 -787.351050 -16.910661
55.300000 2.002957 1.180606 -795.336190 -26.200658
55.350000 2.003359 1.119791 -794.885646 -25.595970
55.400000 1.998024 1.003287 -808.327938 -41.086734
55.450000 2.009705 1.130918 -802.464983 -30.738380
55.500000 2.005473 1.144782 -796.082358 -25.980691
55.550000 2.001906 1.105688 -791.165891 -22.434055
55.600000 2.001216 0.958080 -805.382104 -36.915037
55.650000 1.996788 1.161796 -788.467443 -21.700910
55.700000 2.001517 1.221165 -785.324856 -16.742308
55.750000 1.998749 1.114804 -794.112755 -26.593149
55.800000 1.991083 1.105974 -793.766251 -29.190288
55.850000 1.993024 1.059065 -798.467971 -33.146692
55.900000 1.990815 0.962016 -814.644171 -50.171192
55.950000 1.993627 1.277209 -789.858811 -24.306162
56.000000 2.003299 1.134438 -806.071709 -36.805059
56.050000 1.990874 1.166214 -801.994680 -37.498889
56.100000 1.994180 1.024015 -814.362926 -48.597746
56.150000 1.998254 0.951855 -816.028602 -48.699076
56.200000 2.008778 0.894310 -820.848894 -49.478299
56.250000 1.995531 0.900405 -826.061211 -59.777340
56.300000 1.984242 1.364366 -788.559109 -26.610062
56.350000 1.998626 1.459986 -783.549368 -16.076949
56.400000 2.012860 1.065781 -818.936431 -45.998250
56.450000 1.991324 1.066232 -814.936239 -50.267656
56.500000 2.005946 0.994782 -816.482537 -46.199443
56.550000 1.988768 0.982649 -817.169840 -53.482743
56.600000 1.980130 1.208119 -793.667524 -33.297544
56.650000 2.000557 0.944936 -818.707621 -50.493685
56.700000 2.009046 1.115936 -797.344326 -25.870480
56.750000 2.003017 0.747942 -830.990047 -61.831643
56.800000 2.008534 1.018642 -806.442835 -35.165903
56.850000 1.996585 1.369362 -775.204293 -8.515550
56.900000 2.015800 1.125071 -802.746085 -28.678770
56.950000 1.989350 0.882230 -827.788580 -63.878370
57.000000 1.990139 1.443006 -778.743257 -14.529889
57.050000 2.016152 1.062118 -821.090005 -46.887627
57.100000 1.990763 1.096152 -813.561002 -49.107929
57.150000 2.008521 1.159631 -806.262941 -34.990873
57.200000 2.001738 1.230061 -801.446151 -32.778765
57.250000 2.003080 1.361520 -790.145623 -20.963016
57.300000 1.996427 1.237399 -799.218550 -32.590718
57.350000 2.008625 0.985434 -815.611533 -44.299482
57.400000 1.997197 0.891343 -823.033663 -56.110190
57.450000 1.996233 1.039012 -811.993611 -45.440129
57.500000 2.001971 0.863686 -831.509405 -62.752619
57.550000 1.998978 0.881430 -830.622316 -63.014576
57.600000 1.994843 0.928753 -827.972034 -61.952509
57.650000 1.989197 1.166444 -808.700458 -44.848782
57.700000 2.002191 1.069379 -820.712836 -51.871583
57.750000 1.986106 1.279793 -800.206604 -37.542052
57.800000 2.004844 1.384168 -792.817490 -22.957559
57.850000 1.981607 1.365571 -796.409309 -35.472256
57.900000 2.003754 1.377597 -795.200335 -25.758810
57.950000 2.010630 0.940837 -833.285094 -61.203040
58.000000 1.968516 1.322881 -788.089250 -32.179028
58.050000 2.044962 1.030721 -811.590977 -26.325495
58.100000 1.981879 0.799839 -827.124157 -66.082637
58.150000 2.000491 1.153566 -798.025855 -29.837415
58.200000 1.990612 1.120332 -803.385640 -38.990697
58.250000 2.008490 1.172304 -795.688158 -24.427952
58.300000 2.001061 1.282135 -780.815496 -12.408144
58.350000 2.005393 1.221319 -784.476447 -14.405366
58.400000 2.000994 0.910551 -813.196615 -44.815011
58.450000 1.992355 1.045642 -801.906461 -36.842283
58.500000 2.007965 1.121660 -796.909450 -25.850747
58.550000 1.994970 0.999197 -807.597265 -41.528771
58.600000 1.996073 1.098894 -794.814779 -28.322864
58.650000 2.012151 0.767959 -828.212413 -55.546325
58.700000 1.978680 1.349679 -770.916335 -11.103269
58.750000 2.009427 1.245398 -783.503044 -11.883071
58.800000 2.004496 0.900626 -810.095592 -40.369001
58.850000 1.994009 0.799350 -814.367707 -48.668318
58.900000 1.995283 1.052859 -788.097220 -21.908668
58.950000 2.006371 1.080214 -789.144906 -18.698615
59.000000 1.991634 1.095540 -790.423101 -25.635499
59.050000 2.005159 1.093361 -791.343770 -21.362523
59.100000 1.999409 1.018551 -797.150784 -29.377760
59.150000 2.005066 1.026159 -796.300226 -26.355019
59.200000 2.013812 0.909096 -806.709338 -33.405469
59.250000 1.999785 1.011404 -800.345921 -32.428557
59.300000 1.999999 0.976486 -809.713161 -41.713515
59.350000 2.009149 1.038823 -805.490122 -33.976972
59.400000 2.004472 1.143687 -797.997707 -28.280353
59.450000 2.004158 0.877172 -835.189259 -65.592663
59.500000 2.011397 1.297619 -799.503487 -27.127038
59.550000 1.999722 1.058400 -823.012692 -55.119521
59.600000 2.005158 1.122939 -811.168543 -41.187737
59.650000 2.003173 1.009534 -817.897078 -48.678813
59.700000 2.004275 1.020627 -815.539419 -45.897988
59.750000 2.001126 1.158184 -810.104837 -41.672488
59.800000 1.987676 1.763911 -751.241666 12.025969
59.850000 2.019232 1.034844 -820.156015 -44.770762
59.900000 1.986392 1.098403 -812.441092 -49.666692
59.950000 1.996047 1.148863 -812.622080 -46.140022
60.000000 2.008326 0.715998 -641.637372 129.559821
60.050000 2.006201 0.499515 -671.828070 98.553058
60.100000 1.990631 1.000516 -613.725813 150.676439
60.150000 1.994078 0.850325 -638.037088 127.688690
60.200000 1.997253 0.740662 -652.289406 114.655917
60.250000 1.986789 0.923182 -628.333856 134.592955
60.300000 2.021431 0.721605 -646.828855 129.400754
60.350000 1.988533 0.543257 -662.229673 101.367005
60.400000 2.010301 0.803805 -629.326241 142.629402
60.450000 1.999072 0.623395 -644.989664 122.653814
60.500000 2.001327 0.566790 -652.091700 116.417745
60.550000 1.994674 0.665207 -647.868242 118.086569
60.600000 1.991636 0.905353 -624.482009 140.306098
60.650000 2.008382 0.783011 -640.902450 130.316315
60.700000 2.012266 0.619472 -655.485683 117.224307
60.750000 1.980861 0.561444 -659.835228 100.815336
60.800000 2.014826 0.609641 -650.821438 122.871625
60.850000 1.998266 0.408170 -666.496811 100.837209
60.900000 2.006788 0.415738 -665.005031 105.601426
60.950000 1.994849 0.402474 -667.607235 98.414837
61.000000 2.000613 0.645380 -640.845612 127.389860
61.050000 1.995191 0.633191 -643.689233 122.464058
61.100000 1.995491 0.640349 -643.173384 123.095074
61.150000 2.004206 0.749210 -624.870188 144.744967
61.200000 2.002246 0.596142 -637.931813 130.930797
61.250000 2.005844 0.480926 -648.554734 121.689462
61.300000 1.997804 0.483391 -646.791589 120.365084
61.350000 1.997398 0.542124 -648.852812 118.147926
61.400000 2.003524 0.752929 -634.466498 134.886588
61.450000 2.000095 0.838927 -630.440834 137.595747
61.500000 2.006236 0.624931 -659.710843 110.683594
61.550000 1.988049 0.764195 -644.386712 119.023967
61.600000 1.999677 0.800980 -644.131180 123.744957
61.650000 1.997343 0.816967 -637.514295 129.465286
61.700000 2.008773 0.608151 -651.832275 119.536709
61.750000 1.995476 0.380507 -674.945445 91.317481
61.800000 1.987837 0.642310 -646.952329 116.377205
61.850000 2.004669 0.561481 -660.038076 109.754962
61.900000 2.007586 0.673737 -643.922380 126.990581
61.950000 2.009949 0.438792 -670.791534 101.028970
62.000000 1.987898 0.566547 -654.479801 108.873023
62.050000 1.994209 0.887949 -621.543280 144.232900
62.100000 2.006173 0.669820 -656.634675 113.735567
62.150000 1.998907 0.668579 -661.990625 105.589735
62.200000 2.002218 0.757620 -653.036547 115.815255
62.250000 2.007790 0.800127 -645.417136 125.574065
62.300000 1.994861 0.611430 -668.860890 97.165757
62.350000 2.003622 0.905094 -636.527937 132.862855
62.400000 2.010531 0.712507 -659.705258 112.338702
62.450000 1.995826 0.534477 -683.967481 82.429893
62.500000 1.995820 0.849281 -651.749842 114.645096
62.550000 2.005826 0.668627 -674.479663 95.757332
62.600000 1.990659 0.602099 -678.563026 85.849888
62.650000 2.011347 0.518392 -688.554445 83.802724
62.700000 1.997374 0.425743 -698.284198 68.707452
62.750000 2.004676 0.535951 -685.648227 84.147504
62.800000 1.994035 0.832258 -648.005878 117.703405
62.850000 2.002657 0.659661 -672.571660 96.448527
62.900000 1.996723 0.692100 -670.974490 95.767077
62.950000 2.016748 0.750230 -666.053581 108.377797
63.000000 1.993039 0.839062 -658.266261 107.060776
63.050000 2.005861 0.846402 -658.922966 111.327825
63.100000 1.985134 0.915868 -650.528040 111.763461
63.150000 2.000303 1.166333 -622.421999 145.694484
63.200000 2.011099 0.793035 -661.505612 110.756519
63.250000 1.984212 0.711810 -660.042743 101.894805
63.300000 2.008434 0.655189 -664.388341 106.850479
63.350000 1.991229 0.748287 -652.838123 111.793838
63.400000 1.991195 0.873678 -646.050299 118.568397
63.450000 1.996625 0.920395 -653.153299 113.550526
63.500000 2.013266 1.006285 -643.187770 129.906449
63.550000 2.012667 0.814238 -657.715557 115.148442
63.600000 1.996681 0.629009 -674.428800 92.296824
63.650000 2.000132 0.753391 -657.313810 110.736980
63.700000 2.000256 0.641793 -668.644065 99.454069
63.750000 1.999800 0.551557 -670.721713 97.201316
63.800000 1.999916 0.509325 -669.208328 98.759502
63.850000 1.992960 0.562640 -657.392649 107.903913
63.900000 1.998909 0.643249 -643.953913 123.626959
63.950000 1.996954 0.603026 -644.999728 121.830457
64.000000 1.998704 0.454445 -663.201349 104.300865
64.050000 1.987906 0.551637 -650.324191 113.031532
64.100000 2.003971 0.560347 -649.737602 119.787081
64.150000 1.993759 0.510710 -656.684849 108.918608
64.200000 1.999779 0.704646 -635.823864 132.091223
64.250000 1.999590 0.643112 -647.280259 120.562482
64.300000 1.994599 0.697479 -644.191258 121.734632
64.350000 2.000972 0.834064 -630.430708 137.942435
64.400000 2.010775 0.636988 -654.087340 118.050361
64.450000 2.001419 0.767601 -633.647245 134.897635
64.500000 1.995712 0.544264 -661.966685 104.386808
64.550000 2.002944 0.852567 -621.848450 147.282101
64.600000 2.006516 0.473328 -673.062270 97.439953
64.650000 2.005441 0.578340 -663.530317 106.559048
64.700000 1.994533 0.758356 -646.347748 119.552778
64.750000 1.996139 0.979023 -629.470961 137.046435
64.800000 1.992458 0.983126 -626.560123 138.543610
64.850000 2.010740 0.677231 -655.170601 116.953693
64.900000 1.994797 0.458555 -677.012825 88.989278
64.950000 1.996802 0.774840 -637.672799 129.099106
65.000000 2.013544 0.546329 -670.275170 102.925717
65.050000 1.992355 0.961298 -618.352302 146.711902
65.100000 2.001503 0.528449 -673.974738 94.602560
65.150000 1.979002 0.717075 -652.609783 107.326816
65.200000 2.005806 0.907157 -631.338518 138.890987
65.250000 2.005204 0.606622 -658.333939 111.664367
65.300000 1.995169 0.377963 -683.405711 82.739043
65.350000 1.995487 0.684712 -652.251984 114.015046
65.400000 2.002078 0.629070 -671.925354 96.872576
65.450000 1.993803 0.940500 -641.282687 124.337791
65.500000 2.011753 1.008880 -630.441816 142.071254
65.550000 2.016164 0.649052 -662.249880 111.956920
65.600000 1.992363 0.553193 -665.013662 100.053628
65.650000 2.014807 0.668554 -652.171616 121.514384
65.700000 1.996716 0.557508 -672.843758 93.895177
65.750000 1.998129 0.909921 -635.756779 131.524828
65.800000 1.996134 0.865361 -642.651532 123.864113
65.850000 2.015321 0.897455 -633.346290 140.537013
65.900000 2.002442 0.617487 -663.320779 105.616870
65.950000 1.987833 0.796469 -641.630157 121.697839
66.000000 2.001459 0.889858 -633.149920 135.410413
66.050000 2.015971 0.657057 -654.713659 119.419357
66.100000 1.997862 0.591354 -651.077674 116.101522
66.150000 1.998497 0.619874 -644.129707 123.293308
66.200000 1.995738 0.827727 -618.540525 147.822945
66.250000 2.000848 0.869278 -614.377618 153.947997
66.300000 2.007292 0.916260 -610.007896 160.792220
66.350000 2.004372 0.663815 -640.224707 129.454160
66.400000 1.993763 0.876406 -611.570955 154.033978
66.450000 2.006157 0.543205 -647.487558 122.876721
66.500000 1.991094 0.649409 -629.017389 135.562850
66.550000 1.988870 0.684049 -633.951746 129.774479
66.600000 2.006258 0.724162 -638.367366 132.035740
66.650000 2.011429 0.632335 -652.564419 119.824430
66.700000 1.985333 0.898705 -627.567329 134.800690
66.750000 2.001242 0.928430 -634.097354 134.379707
66.800000 1.989491 0.940749 -633.492430 130.472071
66.850000 2.013781 0.708309 -658.091960 115.200077
66.900000 2.002904 0.545906 -674.125164 94.989965
66.950000 1.996469 0.820411 -649.750265 116.893698
67.000000 2.011688 0.849175 -650.096058 122.392261
67.050000 1.996746 0.498816 -690.811450 75.938941
67.100000 1.987712 0.917746 -639.204538 124.076986
67.150000 2.007920 0.604627 -680.299921 90.741305
67.200000 2.002579 0.685723 -663.745457 105.244989
67.250000 1.995415 0.727609 -658.395142 107.844278
67.300000 1.997791 0.726729 -651.809655 115.341942
67.350000 2.003195 0.568365 -661.034595 108.192286
67.400000 1.988177 0.434147 -671.199862 92.260234
67.450000 1.998004 0.670223 -643.596383 123.637055
