# t Temp Pres Epot Etot
0.000000 1.981732 28.272423 -4826.235561 -2257.910660
0.050000 1.992697 29.589162 -4630.958727 -2048.423285
0.100000 1.992134 29.012533 -4722.912050 -2141.106286
0.150000 2.001525 28.885001 -4736.321391 -2142.344773
0.200000 1.999524 29.174752 -4694.936641 -2103.553115
0.250000 1.975969 29.371907 -4664.911820 -2104.056601
0.300000 2.015811 29.358163 -4670.844677 -2058.354056
0.350000 2.017637 29.170892 -4702.396782 -2087.538819
0.400000 2.008789 28.367283 -4821.157028 -2217.766713
0.450000 2.000707 29.337941 -4665.838904 -2072.922892
0.500000 2.003389 28.720077 -4764.554372 -2168.161867
0.550000 2.002421 28.453185 -4805.648885 -2210.511814
0.600000 2.004698 28.781378 -4757.325255 -2159.236236
0.650000 2.000254 28.455616 -4806.304765 -2213.975485
0.700000 2.001198 29.163636 -4702.057970 -2108.505237
0.750000 2.010101 28.489183 -4802.190468 -2197.099334
0.800000 2.004016 28.071643 -4864.213558 -2267.009142
0.850000 1.977663 28.979061 -4727.198579 -2164.147961
0.900000 1.995948 29.706411 -4619.995826 -2033.247778
0.950000 2.019072 29.296510 -4682.271668 -2065.554394
1.000000 2.011074 27.739528 -4908.909312 -2302.557939
1.050000 2.000489 27.828949 -4897.908202 -2305.275005
1.100000 2.006853 28.375502 -4821.733466 -2220.851981
1.150000 1.985435 29.760340 -4602.715222 -2029.591543
1.200000 2.008620 29.262969 -4689.532499 -2086.361196
1.250000 2.009613 28.893906 -4738.043553 -2133.584950
1.300000 2.003126 28.461069 -4803.453032 -2207.401497
1.350000 2.006036 28.151565 -4853.118879 -2253.296416
1.400000 1.993842 29.045754 -4718.512258 -2134.493581
1.450000 1.994280 28.692359 -4768.020502 -2183.433818
1.500000 1.983170 29.413358 -4658.632118 -2088.443554
1.550000 2.004405 29.286712 -4678.621428 -2080.912169
1.600000 1.994374 28.523509 -4793.744108 -2209.035995
1.650000 2.005055 28.313713 -4827.081609 -2228.530260
1.700000 1.991997 29.662063 -4615.467119 -2033.839244
1.750000 2.023259 28.234549 -4838.317913 -2216.174311
1.800000 1.991796 28.072378 -4860.533629 -2279.166431
1.850000 1.984509 28.891804 -4737.198349 -2165.274858
1.900000 2.000828 29.182498 -4696.412929 -2103.339712
1.950000 1.994450 29.199633 -4690.542758 -2105.735609
2.000000 2.002452 28.841436 -4750.227027 -2155.049570
2.050000 2.016698 29.506633 -4652.637635 -2038.996417
2.100000 1.993238 28.901281 -4736.024330 -2152.787927
2.150000 1.975998 28.750383 -4757.472392 -2196.579301
2.200000 1.998232 28.905691 -4742.046681 -2152.338281
2.250000 2.005825 28.600463 -4784.314924 -2184.765810
2.300000 2.010061 28.249963 -4838.602831 -2233.563370
2.350000 1.992437 28.977260 -4727.377333 -2145.179058
2.400000 1.971755 29.173431 -4696.358531 -2140.964267
2.450000 2.004224 28.728808 -4763.630509 -2166.155878
2.500000 2.000131 28.849467 -4746.549424 -2154.379076
2.550000 1.999083 29.108222 -4704.778648 -2113.966903
2.600000 2.008425 27.961597 -4878.515009 -2275.596290
2.650000 1.987895 28.398520 -4814.244713 -2237.932301
2.700000 2.000180 29.279990 -4678.774154 -2086.540780
2.750000 1.987900 29.296871 -4684.328677 -2108.009924
2.800000 2.002313 28.559756 -4792.414335 -2197.416620
2.850000 1.985533 28.782680 -4753.413585 -2180.163303
2.900000 1.999951 29.770315 -4607.634986 -2015.698911
2.950000 2.020862 28.011531 -4874.908996 -2255.872111
3.000000 2.005535 27.571854 -4933.636121 -2334.463077
3.050000 1.980409 29.125949 -4697.543544 -2130.933282
3.100000 1.989808 30.073951 -4563.645245 -1984.853731
3.150000 2.023563 29.160843 -4700.981236 -2078.443690
3.200000 1.990443 28.689542 -4767.789998 -2188.175584
3.250000 2.006403 29.152244 -4705.706465 -2105.407628
3.300000 2.000654 28.979463 -4713.701073 -2120.853952
3.350000 1.977396 28.333582 -4820.942073 -2258.237184
3.400000 2.016764 29.422394 -4659.167718 -2045.441169
3.450000 2.011006 28.638432 -4781.587983 -2175.323932
3.500000 1.987534 28.506687 -4798.577102 -2222.733479
3.550000 1.995069 29.031051 -4717.730437 -2132.121080
3.600000 1.996893 29.228162 -4688.409120 -2100.436096
3.650000 1.993302 29.365386 -4667.277593 -2083.958089
3.700000 2.007177 29.182358 -4696.447859 -2095.147114
3.750000 2.013579 29.226659 -4690.143273 -2080.545482
3.800000 1.997825 28.574971 -4790.504031 -2201.323415
3.850000 2.006198 28.431720 -4813.947587 -2213.915334
3.900000 1.991882 28.592985 -4783.856172 -2202.377352
3.950000 2.000223 28.763092 -4766.922347 -2174.632981
4.000000 1.995374 28.764391 -4755.114176 -2169.110004
4.050000 2.001198 29.654152 -4621.393274 -2027.840390
4.100000 1.998344 28.969484 -4729.082232 -2139.228887
4.150000 2.020646 29.015786 -4721.187731 -2102.431031
4.200000 1.980843 29.532755 -4639.294206 -2072.121685
4.250000 2.004895 28.855239 -4748.745453 -2150.401554
4.300000 2.006976 27.711560 -4924.283502 -2323.243107
4.350000 1.984828 28.570001 -4784.920086 -2212.582770
4.400000 1.999783 29.089750 -4710.899833 -2119.180972
4.450000 2.024939 29.294544 -4682.126752 -2057.806082
4.500000 1.978000 28.363869 -4815.222184 -2251.733625
4.550000 2.007442 28.836084 -4749.593551 -2147.949063
4.600000 2.014765 29.288546 -4677.280415 -2066.145483
4.650000 1.995461 29.207328 -4686.712204 -2100.594984
4.700000 1.990879 29.077055 -4705.139742 -2124.960770
4.750000 1.988504 28.519592 -4792.237509 -2215.136103
4.800000 1.997098 28.927336 -4726.089980 -2137.851324
4.850000 1.991963 28.922388 -4737.309586 -2155.725494
4.900000 2.033956 28.656297 -4778.354074 -2142.347546
4.950000 2.008462 29.114731 -4702.945187 -2099.977921
5.000000 2.014494 28.492489 -4799.553378 -2188.769699
5.050000 1.990011 28.903793 -4736.074612 -2157.020674
5.100000 1.997852 28.596914 -4790.729465 -2201.513050
5.150000 2.013115 29.476790 -4646.785103 -2037.787738
5.200000 2.001571 29.007770 -4723.545248 -2129.508910
5.250000 1.984841 29.395696 -4659.321394 -2086.966995
5.300000 2.025919 28.667626 -4776.701170 -2151.109922
5.350000 1.992062 28.398252 -4808.609847 -2226.897442
5.400000 2.018173 28.917151 -4732.184164 -2116.631742
5.450000 1.984823 29.308589 -4673.408248 -2101.077771
5.500000 2.016595 29.254615 -4686.265025 -2072.757273
5.550000 2.004387 28.025132 -4871.521712 -2273.836563
5.600000 1.980253 28.565717 -4785.540950 -2219.133344
5.650000 1.998098 29.175229 -4695.969748 -2106.435022
5.700000 2.004450 29.238270 -4691.854114 -2094.086976
5.750000 1.995983 29.003735 -4723.289834 -2136.496010
5.800000 2.005794 29.109969 -4711.755907 -2112.246531
5.850000 2.009006 28.500401 -4798.014484 -2194.342164
5.900000 2.009038 28.241223 -4840.538072 -2236.824260
5.950000 1.995629 28.447690 -4804.764419 -2218.429879
6.000000 1.981558 29.230353 -4682.113439 -2114.014628
6.050000 1.995513 28.850452 -4745.559771 -2159.375304
6.100000 1.980989 29.006731 -4722.971377 -2155.609728
6.150000 2.012102 29.197732 -4693.842259 -2086.158434
6.200000 2.017610 29.155498 -4703.429993 -2088.607155
6.250000 1.977676 28.532223 -4792.271673 -2229.203494
6.300000 1.993993 29.130857 -4704.782661 -2120.568153
6.350000 1.993992 29.108160 -4704.618898 -2120.405225
6.400000 2.007650 28.745501 -4765.788119 -2163.874322
6.450000 1.989200 28.055802 -4868.593224 -2290.590124
6.500000 1.993589 28.850370 -4745.156923 -2161.465740
6.550000 1.998124 28.721241 -4769.031511 -2179.462178
6.600000 2.002448 28.870175 -4748.681860 -2153.509435
6.650000 2.006871 28.739037 -4770.548110 -2169.643283
6.700000 1.989085 28.962629 -4728.702227 -2150.847986
6.750000 2.009111 28.794507 -4754.699380 -2150.891608
6.800000 1.991050 29.279750 -4683.667558 -2103.267306
6.850000 1.979122 28.719205 -4765.038654 -2200.096937
6.900000 2.016843 29.158232 -4699.808880 -2085.980622
6.950000 2.001217 29.152904 -4702.455254 -2108.878543
7.000000 1.998082 28.946021 -4736.977439 -2147.462819
7.050000 1.998776 29.007780 -4725.918678 -2135.504823
7.100000 1.999787 28.283619 -4829.722294 -2237.998255
7.150000 1.998576 28.008776 -4872.162679 -2282.008257
7.200000 1.991406 28.684998 -4772.811138 -2191.948967
7.250000 1.978986 29.021046 -4719.453413 -2154.687942
7.300000 2.017846 28.878630 -4750.488769 -2135.360348
7.350000 1.989379 29.444900 -4661.116999 -2082.882153
7.400000 1.996960 28.852712 -4741.509034 -2153.448399
7.450000 1.981117 29.145707 -4695.854373 -2128.327339
7.500000 2.003638 18.325619 -5028.458460 -2431.744135
7.550000 1.998526 17.715731 -5128.775504 -2538.685436
7.600000 2.002056 17.618826 -5146.970669 -2552.306088
7.650000 1.985527 17.607350 -5143.190440 -2569.947474
7.700000 2.018856 17.589812 -5148.487613 -2532.049664
7.750000 2.000414 17.838715 -5109.875381 -2517.339101
7.800000 2.003233 18.101276 -5067.680389 -2471.490094
7.850000 2.003590 17.431949 -5168.983109 -2572.330272
7.900000 1.989526 17.776302 -5114.555449 -2536.130075
7.950000 2.016495 17.182596 -5215.855249 -2602.477625
8.000000 1.990362 17.670256 -5131.325672 -2551.816565
8.050000 1.992910 17.965325 -5088.751974 -2505.940323
8.100000 2.000147 17.664710 -5138.136983 -2545.946447
8.150000 2.002008 17.379936 -5178.547954 -2583.945256
8.200000 2.004577 16.986330 -5245.161078 -2647.228895
8.250000 1.992573 17.565603 -5157.140853 -2574.766628
8.300000 2.006080 17.875880 -5103.473103 -2503.593428
8.350000 1.994967 17.858882 -5100.837921 -2515.360897
8.400000 2.001668 17.216745 -5207.573202 -2613.411173
8.450000 1.994165 17.829742 -5104.898244 -2520.460480
8.500000 2.010399 18.001317 -5082.952582 -2477.475602
8.550000 1.998070 18.096706 -5056.743549 -2467.244944
8.600000 2.004676 17.623054 -5138.254116 -2540.194331
8.650000 1.996652 17.666696 -5125.991753 -2538.330678
8.700000 1.996059 18.306111 -5030.344183 -2443.451679
8.750000 1.994257 17.637250 -5140.714023 -2556.156568
8.800000 2.007745 17.210264 -5214.449773 -2612.411666
8.850000 1.992005 17.444414 -5172.174731 -2590.536123
8.900000 2.006353 17.806548 -5121.589646 -2521.356246
8.950000 1.994785 17.823863 -5113.285457 -2528.043482
9.000000 2.022099 17.604322 -5155.228590 -2534.587861
9.050000 1.984297 17.487449 -5162.332456 -2590.683772
9.100000 1.997882 18.127994 -5061.949807 -2472.694440
9.150000 2.003493 17.828990 -5110.816615 -2514.289102
9.200000 2.005389 17.810393 -5116.831694 -2517.847539
9.250000 2.000656 17.912810 -5093.353540 -2500.503859
9.300000 2.018316 17.615167 -5149.370188 -2533.632865
9.350000 1.983573 17.837504 -5102.451460 -2531.740618
9.400000 2.005654 17.558867 -5156.582693 -2557.255741
9.450000 2.024368 17.767590 -5124.024656 -2500.443213
9.500000 1.999423 16.917298 -5253.794390 -2662.541542
9.550000 1.985102 17.720863 -5114.812880 -2542.120176
9.600000 1.990272 17.551924 -5158.451341 -2579.059333
9.650000 2.013651 18.311610 -5032.327746 -2422.635510
9.700000 1.985637 17.587441 -5144.299153 -2570.913424
9.750000 2.009292 18.270820 -5035.413038 -2431.370281
9.800000 1.995492 17.935476 -5097.240509 -2511.082463
9.850000 2.001400 18.212393 -5045.375720 -2451.561950
9.900000 2.012025 17.166992 -5221.034497 -2613.449832
9.950000 1.996949 17.279596 -5192.907340 -2604.861460
10.000000 1.995339 17.050090 -5226.311987 -2640.352099
10.050000 1.993997 17.462271 -5161.931215 -2577.710580
10.100000 1.998044 18.159940 -5058.380085 -2468.915190
10.150000 1.992813 18.222722 -5055.049579 -2472.364554
10.200000 2.002853 18.423842 -5015.935682 -2420.238023
10.250000 1.994557 18.086956 -5072.146964 -2487.201735
10.300000 2.006495 17.859338 -5104.829278 -2504.411157
10.350000 2.004267 17.406618 -5177.196025 -2579.666496
10.400000 2.002283 17.440711 -5168.457234 -2573.497827
10.450000 1.995638 17.988874 -5082.756215 -2496.409138
10.500000 1.997243 17.575313 -5152.900185 -2564.473183
10.550000 2.010415 17.353453 -5195.232457 -2589.734877
10.600000 1.999351 18.074846 -5080.361227 -2489.201799
10.650000 1.978586 18.085533 -5071.624368 -2507.377517
10.700000 1.997792 17.683495 -5138.935686 -2549.797056
10.750000 1.987803 18.618132 -4981.092772 -2404.899765
10.800000 2.016568 17.913934 -5107.782348 -2494.310735
10.850000 1.998310 16.900478 -5255.466567 -2665.656869
10.900000 2.000882 17.855913 -5103.583193 -2510.439652
10.950000 2.001144 17.530562 -5155.265580 -2561.782760
11.000000 1.992254 17.702729 -5126.488380 -2544.526704
11.050000 2.002562 17.707199 -5132.643613 -2537.323124
11.100000 1.994404 18.338896 -5025.351682 -2440.604129
11.150000 1.994883 17.514784 -5165.874634 -2580.505753
11.200000 2.002697 17.171352 -5215.100032 -2619.604841
11.250000 1.977298 18.165303 -5051.153413 -2488.575203
11.300000 2.010407 17.876739 -5097.479019 -2491.991451
11.350000 1.991767 17.310847 -5193.805984 -2612.476129
11.400000 1.981361 18.136125 -5056.022207 -2488.178336
11.450000 2.000369 18.093808 -5075.433017 -2482.955104
11.500000 2.004568 17.822486 -5114.480650 -2516.560411
11.550000 2.009934 17.639349 -5145.557803 -2540.682997
11.600000 1.997864 17.960204 -5088.341909 -2499.110031
11.650000 1.999970 17.873811 -5101.771416 -2509.810196
11.700000 2.000294 17.460722 -5166.480794 -2574.099465
11.750000 1.987050 17.923460 -5089.323034 -2514.105962
11.800000 2.002633 17.789605 -5115.344997 -2519.932984
11.850000 1.994793 17.508228 -5165.230444 -2579.978541
11.900000 2.024759 17.678671 -5134.379742 -2510.291582
11.950000 1.992560 17.570790 -5143.194540 -2560.837220
12.000000 1.980539 18.274684 -5037.843909 -2471.064814
12.050000 2.006287 18.122499 -5059.260681 -2459.112797
12.100000 2.001436 17.755693 -5128.542490 -2534.681524
12.150000 2.004585 18.021529 -5081.396533 -2483.453898
12.200000 2.014595 17.464079 -5164.223388 -2553.308588
12.250000 1.970501 17.780830 -5108.087573 -2554.317770
12.300000 2.012541 18.092989 -5067.570392 -2459.317702
12.350000 2.000585 17.293223 -5197.181016 -2604.422527
12.400000 1.994488 17.327867 -5196.787880 -2611.931559
12.450000 1.995279 17.743210 -5132.625036 -2546.742923
12.500000 2.006104 17.782285 -5118.817522 -2518.906111
12.550000 2.000660 17.474903 -5166.338589 -2573.482921
12.600000 1.995611 18.116052 -5056.776614 -2470.464632
12.650000 1.999941 17.891880 -5093.432289 -2501.508623
12.700000 1.986038 17.310803 -5201.956010 -2628.050167
12.750000 2.021740 17.625888 -5153.850389 -2533.675078
12.800000 1.979798 17.642004 -5140.361689 -2574.543043
12.850000 1.976845 18.117066 -5061.664879 -2499.673308
12.900000 2.015653 18.471548 -5001.862850 -2389.575940
12.950000 1.989147 17.036735 -5227.801926 -2649.867141
13.000000 2.001234 17.240685 -5207.062695 -2613.463087
13.050000 1.998760 17.463981 -5164.738008 -2574.344539
13.100000 1.986099 18.574086 -4988.051166 -2414.066779
13.150000 2.002728 18.722309 -4966.858333 -2371.322408
13.200000 2.038066 17.786303 -5119.356919 -2478.022828
13.250000 1.985055 17.569560 -5150.942969 -2578.311101
13.300000 2.007755 17.866207 -5100.847606 -2498.797330
13.350000 2.006269 17.178781 -5215.632787 -2615.508145
13.400000 1.988859 17.676968 -5137.479900 -2559.919248
13.450000 1.993754 17.551364 -5162.394406 -2578.489112
13.500000 2.006150 18.367392 -5025.585962 -2425.615418
13.550000 2.015056 17.168776 -5218.294722 -2606.781796
13.600000 1.976694 17.491715 -5162.564311 -2600.769450
13.650000 2.005954 18.134193 -5063.074758 -2463.358218
13.700000 2.004341 17.311034 -5202.824750 -2605.198751
13.750000 2.003867 17.612901 -5149.358570 -2552.347171
13.800000 1.997489 18.052155 -5075.987949 -2487.241877
13.850000 1.999588 17.996290 -5087.827315 -2496.361310
13.900000 2.013138 17.570498 -5158.016369 -2548.989968
13.950000 1.990258 17.368402 -5178.365685 -2598.990903
14.000000 1.998073 17.836344 -5111.695991 -2522.193020
14.050000 2.012380 17.902797 -5095.856606 -2487.812086
14.100000 1.985560 17.939696 -5091.170918 -2517.884809
14.150000 2.007794 17.506640 -5166.377360 -2564.275856
14.200000 1.999666 18.307128 -5033.516361 -2441.948900
14.250000 1.997929 18.339544 -5027.883644 -2438.568261
14.300000 2.000175 17.918781 -5101.219357 -2508.992876
14.350000 1.992038 17.314031 -5200.786913 -2619.106076
14.400000 2.008195 17.786548 -5125.831638 -2523.211538
14.450000 2.007490 17.674826 -5134.595422 -2532.888566
14.500000 1.990785 17.333437 -5183.673573 -2603.616375
14.550000 2.005149 17.932928 -5088.514225 -2489.840834
14.600000 2.005627 17.824208 -5109.482095 -2510.190043
14.650000 2.002618 16.998050 -5237.012284 -2641.619591
14.700000 1.996712 18.070368 -5064.466484 -2476.728114
14.750000 2.008216 17.581617 -5144.260807 -2541.612776
14.800000 1.993402 17.979645 -5084.576513 -2501.127781
14.850000 2.018090 17.845279 -5112.486528 -2497.041447
14.900000 2.002939 17.185174 -5220.149222 -2624.339869
14.950000 2.008376 17.448826 -5173.772383 -2570.916853
15.000000 1.996000 14.878768 -4407.490756 -1820.674890
15.050000 2.017971 14.818276 -4423.898384 -1808.608548
15.100000 1.991511 14.352174 -4502.838076 -1921.839856
15.150000 1.997552 14.512130 -4474.806151 -1885.978966
15.200000 2.001355 14.528520 -4464.277814 -1870.521576
15.250000 2.005855 15.143468 -4372.064400 -1772.476035
15.300000 1.996249 15.330026 -4329.411161 -1742.272686
15.350000 2.007665 14.339663 -4503.906626 -1901.973068
15.400000 1.998452 14.844413 -4416.286829 -1826.292567
15.450000 2.003199 14.589742 -4467.494892 -1871.349475
15.500000 1.999835 14.350811 -4502.793998 -1911.007659
15.550000 1.987404 15.128239 -4364.695637 -1789.020590
15.600000 2.000827 15.275941 -4340.976354 -1747.904903
15.650000 2.002428 14.732379 -4441.942176 -1846.795450
15.700000 1.997524 15.061195 -4395.192078 -1806.401036
15.750000 1.997612 15.614862 -4287.721023 -1698.815414
15.800000 2.008438 15.328687 -4332.242413 -1729.306193
15.850000 2.008791 15.271259 -4354.168868 -1750.775424
15.900000 2.010031 15.026909 -4401.646755 -1796.647085
15.950000 2.001425 14.793772 -4444.350472 -1850.503456
16.000000 1.981304 15.343589 -4340.674414 -1772.903980
16.050000 1.996770 14.989961 -4409.856462 -1822.043057
16.100000 1.990761 15.597655 -4298.939733 -1718.913135
16.150000 2.001528 15.698239 -4287.031792 -1693.052060
16.200000 2.001081 15.819919 -4263.432058 -1670.030637
16.250000 2.004515 15.699882 -4291.710988 -1693.859349
16.300000 1.995175 15.461678 -4333.279854 -1747.533367
16.350000 1.990376 15.344927 -4352.343864 -1772.816207
16.400000 2.009262 15.630733 -4301.795050 -1697.791611
16.450000 2.014244 14.988423 -4400.190889 -1789.730382
16.500000 1.990257 14.514168 -4477.422889 -1898.049625
16.550000 1.998746 14.801755 -4430.450101 -1840.075182
16.600000 1.988680 15.171618 -4372.542202 -1795.213432
16.650000 1.997066 15.237558 -4361.906908 -1773.709137
16.700000 1.995848 15.004367 -4402.612279 -1815.993808
16.750000 1.996418 15.125575 -4373.837271 -1786.479375
16.800000 1.996018 15.156488 -4367.320647 -1780.481170
16.850000 2.010980 14.803134 -4427.957868 -1821.727367
16.900000 1.980058 15.630988 -4278.677516 -1712.522778
16.950000 1.999146 15.183874 -4366.120690 -1775.227772
17.000000 2.007898 16.055418 -4215.681692 -1613.446183
17.050000 2.014207 15.423650 -4336.428220 -1726.016487
17.100000 1.982295 15.147842 -4388.436436 -1819.381873
17.150000 2.020576 15.615080 -4303.463073 -1684.796392
17.200000 1.991354 15.092560 -4384.254222 -1803.459786
17.250000 1.995704 15.865097 -4247.378689 -1660.946198
17.300000 1.985695 15.995468 -4226.157332 -1652.696039
17.350000 2.021374 16.052578 -4213.987019 -1594.285741
17.400000 1.993025 15.337356 -4348.175233 -1765.214866
17.450000 2.000186 15.304825 -4341.911733 -1749.670964
17.500000 1.985900 15.295851 -4337.353171 -1763.627024
17.550000 1.995905 15.318038 -4326.000582 -1739.307222
17.600000 2.008433 15.087247 -4382.333162 -1779.404512
17.650000 2.012305 15.081246 -4372.723860 -1764.776358
17.700000 1.995042 15.155949 -4358.800315 -1773.225413
17.750000 1.993774 15.175702 -4361.171529 -1777.241001
17.800000 1.977098 14.805309 -4427.441828 -1865.123302
17.850000 1.993217 14.786553 -4437.073477 -1853.864430
17.900000 1.997112 15.101011 -4379.900560 -1791.642929
17.950000 1.996476 14.947288 -4401.926264 -1814.493128
18.000000 1.987236 15.394639 -4334.615366 -1759.157784
18.050000 2.006226 15.338155 -4344.377662 -1744.309325
18.100000 1.998906 15.756504 -4259.698293 -1669.116220
18.150000 2.002413 15.984454 -4227.993617 -1632.866290
18.200000 2.001555 15.885252 -4240.608198 -1646.592890
18.250000 2.022281 15.174416 -4364.798144 -1743.922572
18.300000 1.993609 15.018503 -4388.748580 -1805.031327
18.350000 2.006834 15.251105 -4360.785020 -1759.927583
18.400000 1.979704 15.619190 -4295.652901 -1729.957015
18.450000 2.003963 15.695913 -4288.954138 -1691.817699
18.500000 1.986399 15.686657 -4277.824057 -1703.451371
18.550000 1.999573 14.952065 -4427.086746 -1835.640320
18.600000 1.995447 15.603747 -4296.863663 -1710.764734
18.650000 1.990445 15.606357 -4296.206037 -1716.589824
18.700000 1.995554 15.520692 -4312.435557 -1726.197527
18.750000 1.991019 15.566008 -4307.211932 -1726.851937
18.800000 1.994096 15.943903 -4239.162204 -1654.813181
18.850000 2.017758 15.431721 -4328.747122 -1713.733269
18.900000 2.002115 15.248848 -4363.137231 -1768.396722
18.950000 1.986885 15.544712 -4290.634582 -1715.631502
19.000000 2.007363 15.004919 -4399.521084 -1797.979227
19.050000 1.999254 14.888834 -4424.987431 -1833.953715
19.100000 2.001483 15.378979 -4342.123636 -1748.201251
19.150000 1.997705 15.768754 -4268.138656 -1679.113537
19.200000 2.006894 14.971670 -4406.708624 -1805.773709
19.250000 2.011785 14.681865 -4457.733769 -1850.460760
19.300000 2.008209 15.026019 -4387.905542 -1785.266760
19.350000 1.991586 14.787746 -4431.498643 -1850.403158
19.400000 2.001167 14.800369 -4435.441723 -1841.929074
19.450000 2.020731 15.140734 -4389.801475 -1770.934020
19.500000 2.005395 14.644344 -4468.819757 -1869.828131
19.550000 1.996578 14.982795 -4392.381644 -1804.816228
19.600000 2.004027 14.402647 -4503.455766 -1906.236652
19.650000 1.987582 14.965065 -4401.383685 -1825.477072
19.700000 1.992702 14.988302 -4411.232960 -1828.690818
19.750000 1.990933 15.955896 -4232.424450 -1652.175593
19.800000 1.984809 15.183463 -4362.729363 -1790.417113
19.850000 2.010754 15.809357 -4257.413410 -1651.476688
19.900000 1.979203 15.176733 -4381.622347 -1816.575457
19.950000 1.991906 15.261888 -4365.476690 -1783.966538
20.000000 2.008476 15.671389 -4283.718556 -1680.734267
20.050000 1.984524 15.697527 -4276.451911 -1704.509025
20.100000 2.001845 15.628354 -4286.196530 -1691.805231
20.150000 2.008942 15.639230 -4280.767011 -1677.177994
20.200000 2.002281 15.487810 -4311.670375 -1716.714543
20.250000 1.996987 14.790100 -4454.652184 -1866.557412
20.300000 2.007738 15.705070 -4287.544655 -1685.515670
20.350000 2.005166 15.689107 -4280.873923 -1682.178603
20.400000 1.992501 15.421173 -4314.606162 -1732.324864
20.450000 2.010681 15.436789 -4302.879590 -1697.036886
20.500000 1.995411 14.819887 -4417.303831 -1831.251372
20.550000 1.987089 15.345021 -4331.703106 -1756.435906
20.600000 2.004315 14.964300 -4408.798334 -1811.206206
20.650000 1.998796 15.114944 -4365.355115 -1774.915055
20.700000 1.986399 15.172187 -4358.151525 -1783.778321
20.750000 1.993791 15.705938 -4275.765332 -1691.812478
20.800000 2.016052 15.703731 -4293.649764 -1680.845761
20.850000 1.989343 15.551770 -4309.391041 -1731.202225
20.900000 1.999127 15.282862 -4358.184461 -1767.316417
20.950000 1.994630 15.193421 -4375.710304 -1790.669778
21.000000 2.015346 15.169970 -4366.298796 -1754.410077
21.050000 1.993841 14.949672 -4399.856651 -1815.838487
21.100000 1.993961 14.922614 -4398.733773 -1814.560782
21.150000 2.021601 13.955959 -4569.945593 -1949.951188
21.200000 1.991481 14.275196 -4515.635529 -1934.676278
21.250000 1.998876 14.644172 -4461.413386 -1870.869510
21.300000 1.991816 15.450959 -4313.157514 -1731.763640
21.350000 1.997184 15.868825 -4254.949660 -1666.599176
21.400000 1.982158 15.744240 -4285.893307 -1717.016552
21.450000 2.005548 15.730501 -4274.584690 -1675.394002
21.500000 2.010723 15.071633 -4376.161175 -1770.264530
21.550000 1.991390 14.398534 -4495.218136 -1914.376695
21.600000 2.001972 14.567115 -4479.935628 -1885.379630
21.650000 2.020893 15.394643 -4330.373581 -1711.295648
21.700000 1.988827 15.220578 -4354.482659 -1776.962791
21.750000 1.992058 15.391576 -4329.609068 -1747.902435
21.800000 2.002355 15.719941 -4279.898981 -1684.846750
21.850000 1.998302 14.983523 -4418.256951 -1828.457102
21.900000 1.994143 14.861252 -4436.229527 -1851.820574
21.950000 2.003148 15.856739 -4265.897956 -1669.818610
22.000000 2.005516 15.285969 -4359.381004 -1760.232396
22.050000 1.997595 14.854206 -4431.293759 -1842.410826
22.100000 1.985871 15.495426 -4319.874754 -1746.185861
22.150000 2.003600 15.385466 -4337.730575 -1741.065362
22.200000 1.999230 15.050308 -4399.785098 -1808.782654
22.250000 1.997595 14.896084 -4422.598212 -1833.714757
22.300000 1.974420 14.866052 -4414.083383 -1855.234811
22.350000 2.007288 15.107365 -4381.696684 -1780.251540
22.400000 2.015375 14.829468 -4422.749378 -1810.823059
22.450000 1.990819 15.368560 -4321.784763 -1741.683180
22.500000 2.021661 9.224399 -4328.918040 -1708.845219
22.550000 1.985647 9.050186 -4359.054800 -1785.655850
22.600000 2.019921 9.019946 -4368.585574 -1750.768413
22.650000 1.993892 9.162661 -4328.835325 -1744.751465
22.700000 2.008909 8.427886 -4472.370139 -1868.823802
22.750000 2.003360 9.337985 -4287.431448 -1691.076613
22.800000 1.996683 8.971991 -4376.800129 -1789.098601
22.850000 2.007421 9.222983 -4331.913050 -1730.295683
22.900000 1.991706 9.008101 -4374.692474 -1793.440896
22.950000 2.004436 8.889240 -4389.050264 -1791.301726
23.000000 1.981934 8.813564 -4405.509929 -1836.924085
23.050000 1.993612 9.530442 -4272.943666 -1689.221992
23.100000 2.021654 8.963988 -4385.617762 -1765.554696
23.150000 1.993468 8.817191 -4396.422302 -1812.887328
23.200000 2.001351 8.821190 -4402.774468 -1809.023764
23.250000 1.994774 9.051387 -4374.898595 -1789.671947
23.300000 1.982478 9.561814 -4271.661307 -1702.369315
23.350000 2.007232 9.491847 -4278.637778 -1677.265434
23.400000 2.012421 9.160920 -4337.924714 -1729.826525
23.450000 2.002846 9.223861 -4317.719847 -1722.031770
23.500000 1.989060 9.252176 -4317.632839 -1739.810795
23.550000 2.012150 8.861495 -4401.742131 -1793.995628
23.600000 2.001877 9.294511 -4318.697534 -1724.264856
23.650000 1.987726 9.129650 -4338.550299 -1762.456804
23.700000 2.014865 8.839387 -4401.751467 -1790.486630
23.750000 1.997051 8.508579 -4465.342325 -1877.164561
23.800000 1.998630 9.117983 -4353.065992 -1762.841785
23.850000 1.996046 9.564602 -4273.783015 -1686.907154
23.900000 2.000174 8.555056 -4464.994423 -1872.769409
23.950000 1.994554 8.356332 -4494.805842 -1909.863286
24.000000 1.982425 8.998260 -4368.661623 -1799.438581
24.050000 1.996105 8.880155 -4401.542277 -1814.589832
24.100000 2.000775 9.069722 -4365.071451 -1772.066812
24.150000 1.999791 8.951840 -4378.878256 -1787.148806
24.200000 2.000690 9.114627 -4340.375716 -1747.481497
24.250000 1.994182 9.233108 -4321.877778 -1737.418034
24.300000 2.009864 9.556045 -4271.123503 -1666.339229
24.350000 2.012274 8.986101 -4376.838931 -1768.932105
24.400000 1.987596 9.183132 -4320.294450 -1744.370324
24.450000 2.008350 8.855740 -4379.777503 -1776.956116
24.500000 1.985328 8.965242 -4356.876501 -1783.891679
24.550000 1.985978 9.046427 -4354.744540 -1780.916747
24.600000 1.989940 9.548744 -4272.971917 -1694.009582
24.650000 2.010645 9.076655 -4368.069004 -1762.273240
24.700000 1.986065 9.271809 -4312.261808 -1738.321882
24.750000 2.005682 9.163412 -4338.079513 -1738.715274
24.800000 1.988738 9.211569 -4325.472358 -1748.068012
24.850000 2.016557 9.282033 -4318.555596 -1705.097934
24.900000 1.995476 9.040951 -4360.925062 -1774.788792
24.950000 2.008233 9.142536 -4351.256166 -1748.586076
25.000000 1.999788 8.787440 -4414.088926 -1822.363532
25.050000 1.988700 9.011506 -4359.661881 -1782.306790
25.100000 2.002322 8.901371 -4396.403900 -1801.395178
25.150000 2.014452 9.580565 -4266.970983 -1656.240590
25.200000 2.001722 9.433945 -4295.316563 -1701.084937
25.250000 1.989794 9.272156 -4318.909746 -1740.137065
25.300000 2.010502 9.086802 -4347.052048 -1741.441255
25.350000 2.000162 9.188175 -4335.356635 -1743.147045
25.400000 2.012506 9.698522 -4239.992289 -1631.783913
25.450000 2.013581 9.059103 -4355.465658 -1745.864844
25.500000 2.010520 8.363101 -4484.505362 -1878.871917
25.550000 1.988934 8.422291 -4464.692673 -1887.033857
25.600000 1.988679 9.159602 -4327.090191 -1749.761961
25.650000 1.993479 9.305207 -4313.785213 -1730.236186
25.700000 2.000632 9.368608 -4306.786151 -1713.967675
25.750000 2.005735 8.895032 -4394.595194 -1795.162513
25.800000 1.982463 9.059855 -4350.481746 -1781.210258
25.850000 1.993933 8.741045 -4421.230142 -1837.092940
25.900000 1.995768 9.541037 -4262.293528 -1675.778673
25.950000 2.003659 9.341302 -4296.804331 -1700.062731
26.000000 1.982109 9.381110 -4285.479646 -1716.666870
26.050000 1.993562 9.272355 -4311.405047 -1727.749238
26.100000 1.997329 9.400024 -4278.595054 -1690.056683
26.150000 1.999092 9.173935 -4328.476903 -1737.653810
26.200000 2.000091 9.029603 -4356.522196 -1764.404300
26.250000 1.991161 9.259643 -4318.706938 -1738.162320
26.300000 1.998161 9.237647 -4324.507346 -1734.890094
26.350000 2.000741 9.674804 -4234.733250 -1641.772736
26.400000 1.984880 9.557241 -4269.651829 -1697.247902
26.450000 2.016195 9.383313 -4320.768883 -1707.780111
26.500000 2.019421 9.193885 -4346.729775 -1729.559614
26.550000 1.992010 9.002283 -4371.042484 -1789.396901
26.600000 2.001324 8.720872 -4421.652369 -1827.936157
26.650000 1.998640 8.839117 -4391.180551 -1800.942665
26.700000 2.004135 8.905287 -4382.025158 -1784.665601
26.750000 1.999934 9.315788 -4317.812872 -1725.899007
26.800000 2.006044 9.032988 -4373.357643 -1773.524923
26.850000 1.993190 9.068344 -4358.381033 -1775.206444
26.900000 2.011544 8.913240 -4392.404644 -1785.443863
26.950000 1.991093 9.323913 -4304.130207 -1723.673151
27.000000 1.994019 9.312580 -4305.003680 -1720.754644
27.050000 2.008209 9.292511 -4322.992378 -1720.353485
27.100000 2.000958 8.840289 -4396.983300 -1803.741249
27.150000 1.997484 8.708804 -4422.520605 -1833.781289
27.200000 1.992455 8.931243 -4384.499082 -1802.277906
27.250000 1.998086 9.593384 -4262.567293 -1673.047810
27.300000 2.005591 9.359592 -4297.007739 -1697.761826
27.350000 1.995885 9.049821 -4361.523195 -1774.856199
27.400000 2.013332 9.329474 -4321.943650 -1712.664928
27.450000 1.996246 9.618490 -4249.241898 -1662.107654
27.500000 2.014051 9.270371 -4320.056862 -1709.847362
27.550000 2.006632 9.296368 -4317.052460 -1716.457484
27.600000 2.003649 9.039873 -4372.746695 -1776.018116
27.650000 2.007001 9.285609 -4318.259517 -1717.185941
27.700000 1.999093 8.909358 -4385.656967 -1794.832772
27.750000 2.008865 9.388535 -4297.217096 -1693.728181
27.800000 2.005510 8.938649 -4377.681200 -1778.540868
27.850000 1.992569 9.015545 -4361.698645 -1779.329063
27.900000 2.007735 9.077271 -4357.671193 -1755.646488
27.950000 1.987785 8.995377 -4368.444331 -1792.274544
28.000000 1.987667 9.196206 -4326.023168 -1750.007145
28.050000 1.988460 9.502695 -4273.353880 -1696.310180
28.100000 2.007530 9.565491 -4267.528134 -1665.769360
28.150000 1.990260 9.375513 -4297.558483 -1718.180963
28.200000 2.008372 9.058590 -4358.363739 -1755.513195
28.250000 1.995594 9.522203 -4265.868867 -1679.579204
28.300000 1.989688 9.635002 -4260.223912 -1681.587788
28.350000 2.018687 9.816242 -4229.551485 -1613.333473
28.400000 2.000063 9.242203 -4339.539861 -1747.458207
28.450000 2.006637 9.272519 -4330.762774 -1730.161606
28.500000 2.003263 8.971680 -4376.796645 -1780.567636
28.550000 2.008293 8.554629 -4452.260090 -1849.512380
28.600000 1.992313 8.868374 -4391.859996 -1809.822820
28.650000 1.983529 9.190918 -4335.842228 -1765.188054
28.700000 2.003159 9.787577 -4240.363987 -1644.269316
28.750000 2.009239 9.556129 -4288.090949 -1684.117053
28.800000 2.004059 9.418279 -4297.704904 -1700.444590
28.850000 1.987652 8.697581 -4434.795215 -1858.798800
28.900000 2.005372 9.214727 -4325.278612 -1726.316305
28.950000 1.994479 9.000257 -4359.837039 -1774.992734
29.000000 1.992412 8.922188 -4376.325249 -1794.158694
29.050000 2.007220 8.918458 -4378.686338 -1777.329172
29.100000 1.994737 9.590095 -4249.521927 -1664.343227
29.150000 2.016320 8.778611 -4411.740277 -1798.589455
29.200000 1.992653 8.898516 -4392.144017 -1809.665242
29.250000 1.999087 9.215078 -4331.679157 -1740.861823
29.300000 1.994464 9.136761 -4346.502772 -1761.677574
29.350000 1.996543 9.157352 -4350.011820 -1762.491586
29.400000 1.996425 8.880299 -4412.709934 -1825.342734
29.450000 1.995435 9.360243 -4313.151435 -1727.067739
29.500000 1.990993 9.070854 -4377.591320 -1797.263942
29.550000 1.987641 9.554221 -4283.082682 -1707.099466
29.600000 2.018622 8.712704 -4427.556379 -1811.422023
29.650000 1.986002 8.740444 -4407.301611 -1833.443076
29.700000 1.991544 8.832432 -4399.280968 -1818.239878
29.750000 1.992790 8.875516 -4390.326577 -1807.671089
29.800000 1.993748 8.487392 -4468.746841 -1884.849283
29.850000 2.002196 8.661207 -4433.412708 -1838.566664
29.900000 1.999852 8.830011 -4407.700126 -1815.892313
29.950000 2.006612 9.155553 -4341.031438 -1740.462851
30.000000 1.999890 5.664268 -4047.022850 -1455.165641
30.050000 2.005374 5.840344 -4026.373802 -1427.409555
30.100000 2.005043 5.564177 -4079.342754 -1480.807347
30.150000 1.983434 5.485878 -4081.861057 -1511.331014
30.200000 1.995662 5.298487 -4128.023845 -1541.645416
30.250000 2.007580 5.424158 -4097.105883 -1495.282136
30.300000 2.001234 5.211268 -4129.609221 -1536.009427
30.350000 1.999697 4.892858 -4186.400607 -1594.793561
30.400000 1.986696 5.209126 -4118.906815 -1544.148341
30.450000 2.008598 5.395663 -4079.889881 -1476.747456
30.500000 1.994514 5.163805 -4126.424874 -1541.534994
30.550000 2.003267 5.392672 -4098.733880 -1502.500326
30.600000 1.997506 5.419831 -4103.028843 -1514.261265
30.650000 1.999795 5.148279 -4166.255443 -1574.521670
30.700000 1.996740 5.779328 -4029.439133 -1441.664485
30.750000 1.995633 5.694463 -4048.048554 -1461.708670
30.800000 1.997356 5.634099 -4057.273382 -1468.699961
30.850000 2.003744 5.309714 -4120.223737 -1523.371979
30.900000 1.987381 5.400355 -4086.282350 -1510.636627
30.950000 2.007919 5.207585 -4135.411983 -1533.148782
31.000000 2.006141 5.334452 -4099.955434 -1499.996104
31.050000 1.983187 5.262258 -4115.697546 -1545.486618
31.100000 2.000026 5.361511 -4106.156559 -1514.122435
31.150000 1.993830 5.059174 -4164.578596 -1580.574386
31.200000 2.009430 4.976454 -4171.282381 -1567.061167
31.250000 1.998517 5.230819 -4106.800952 -1516.722531
31.300000 2.008499 5.044873 -4140.700876 -1537.686256
31.350000 1.997568 5.437603 -4061.510015 -1472.661270
31.400000 2.001377 5.290519 -4114.188812 -1520.404559
31.450000 1.996936 5.228885 -4130.136375 -1542.107501
31.500000 2.002962 5.345728 -4100.933032 -1505.094480
31.550000 2.006628 5.369377 -4096.902052 -1496.312316
31.600000 1.987460 5.355899 -4116.088810 -1540.340761
31.650000 2.018858 5.508743 -4078.897636 -1462.457066
31.700000 2.005291 5.228849 -4126.772829 -1527.915181
31.750000 1.995539 5.180849 -4134.223409 -1548.005428
31.800000 1.998562 5.655109 -4042.887725 -1452.751033
31.850000 2.002954 5.716372 -4031.216669 -1435.387737
31.900000 1.992667 5.581647 -4049.757441 -1467.260823
31.950000 2.011521 5.222697 -4121.914287 -1514.982484
32.000000 2.001802 5.028981 -4162.054579 -1567.718677
32.050000 2.005577 5.256409 -4123.003208 -1523.776012
32.100000 2.005584 5.355586 -4105.249470 -1506.012372
32.150000 2.005778 5.266242 -4121.126240 -1521.637501
32.200000 1.996378 5.105263 -4147.777400 -1560.471041
32.250000 1.994906 5.058085 -4147.394101 -1561.995901
32.300000 2.002697 5.252912 -4097.049276 -1501.553865
32.350000 2.000610 5.202804 -4119.399688 -1526.609123
32.400000 1.988621 5.287379 -4106.361439 -1529.108808
32.450000 1.990081 5.022865 -4161.508475 -1582.363904
32.500000 2.001404 5.609680 -4031.418984 -1437.599529
32.550000 2.006078 5.305283 -4102.957888 -1503.080315
32.600000 2.004425 5.123859 -4149.980649 -1552.246316
32.650000 1.995601 5.494854 -4054.868383 -1468.569175
32.700000 2.008086 5.387808 -4068.255179 -1465.776093
32.750000 1.990031 5.348017 -4074.519459 -1495.438816
32.800000 2.014012 4.950443 -4159.075494 -1548.915699
32.850000 1.982178 5.343915 -4082.322033 -1513.419678
32.900000 2.007128 5.026104 -4164.997896 -1563.759468
32.950000 1.996449 5.070843 -4144.795899 -1557.398639
33.000000 1.988806 5.143026 -4120.661698 -1543.168557
33.050000 2.020247 4.904717 -4183.514729 -1565.275250
33.100000 1.994153 5.503850 -4062.304735 -1477.882181
33.150000 2.006029 5.620319 -4043.757157 -1443.943086
33.200000 2.007091 5.298206 -4115.311336 -1514.121787
33.250000 2.001922 5.414826 -4083.228822 -1488.737497
33.300000 1.998491 5.134184 -4144.736183 -1554.691825
33.350000 1.993648 5.293413 -4102.860572 -1519.093066
33.400000 2.002169 5.540477 -4065.392095 -1470.581459
33.450000 2.000108 5.576417 -4059.832998 -1467.693111
33.500000 1.997458 5.491322 -4070.518229 -1481.812869
33.550000 2.005661 5.356126 -4096.511046 -1497.174021
33.600000 2.007697 5.161187 -4123.283171 -1521.307565
33.650000 2.000344 4.705914 -4222.144351 -1629.698344
33.700000 1.996709 5.234367 -4123.105387 -1535.370001
33.750000 1.987280 5.250720 -4126.853858 -1551.339204
33.800000 1.999618 5.582074 -4065.984075 -1474.479725
33.850000 2.006481 5.406923 -4103.732399 -1503.332819
33.900000 1.989924 5.209489 -4135.115665 -1556.173675
33.950000 1.992947 5.277961 -4112.847090 -1529.988099
34.000000 1.996934 5.433677 -4074.661906 -1486.635213
34.050000 2.011384 5.394923 -4093.782876 -1487.029044
34.100000 2.011187 5.084845 -4156.560517 -1550.061785
34.150000 2.000251 5.248645 -4119.423324 -1527.098046
34.200000 1.995244 5.016857 -4175.875509 -1590.039464
34.250000 2.005317 5.234175 -4111.240211 -1512.349755
34.300000 2.003288 5.127295 -4123.894615 -1527.633968
34.350000 1.979360 5.623709 -4016.645461 -1451.394289
34.400000 2.021835 5.277625 -4105.071170 -1484.773408
34.450000 1.994580 5.204822 -4110.186724 -1525.211664
34.500000 2.000541 4.868666 -4190.301773 -1597.600765
34.550000 2.002359 4.993328 -4170.820502 -1575.763282
34.600000 2.006805 5.333658 -4106.629390 -1505.810290
34.650000 2.004350 5.485564 -4079.233549 -1481.595328
34.700000 2.000216 6.047211 -3971.326017 -1379.046424
34.750000 1.998786 5.501500 -4092.377050 -1501.950015
34.800000 2.008598 5.320986 -4118.965748 -1515.823283
34.850000 2.004819 5.436802 -4088.074685 -1489.829109
34.900000 1.999740 5.516216 -4070.120737 -1478.457541
34.950000 1.995450 5.698297 -4025.056544 -1438.953538
35.000000 2.008999 5.512945 -4075.162543 -1471.499334
35.050000 1.990031 5.467630 -4086.006319 -1506.925600
35.100000 1.994462 5.506349 -4076.380863 -1491.558446
35.150000 1.998089 5.546310 -4065.078062 -1475.554842
35.200000 2.007541 5.273624 -4123.035179 -1521.261409
35.250000 1.999670 5.562460 -4053.638838 -1462.067035
35.300000 1.999046 5.245182 -4128.380232 -1537.616100
35.350000 1.999672 5.299713 -4105.339441 -1513.764102
35.400000 2.005648 5.137214 -4140.216784 -1540.896762
35.450000 1.998332 5.010526 -4159.003772 -1569.165666
35.500000 2.001433 5.184926 -4131.164037 -1537.306840
35.550000 1.996619 5.626110 -4048.152777 -1460.534034
35.600000 2.009557 5.402196 -4103.547371 -1499.161790
35.650000 1.992114 5.436517 -4087.486344 -1505.706917
35.700000 1.990541 5.629536 -4041.761769 -1462.020703
35.750000 2.010396 5.113351 -4150.127741 -1544.654768
35.800000 1.992229 5.315262 -4106.801180 -1524.872925
35.850000 2.007000 5.498326 -4076.784410 -1475.712165
35.900000 1.995962 5.316129 -4104.265899 -1517.499750
35.950000 1.997207 5.132719 -4131.496664 -1543.116927
36.000000 2.008405 5.073757 -4138.357785 -1535.465129
36.050000 1.996139 5.070480 -4154.659289 -1567.663337
36.100000 2.007136 5.396165 -4091.295687 -1490.048002
36.150000 2.006986 5.344067 -4102.429169 -1501.374746
36.200000 1.987822 5.297658 -4103.054723 -1526.836801
36.250000 2.006541 5.502363 -4053.939373 -1453.462706
36.300000 2.000166 5.407726 -4078.308188 -1486.093546
36.350000 2.011362 5.679223 -4024.622865 -1417.897907
36.400000 1.995213 5.498678 -4063.986151 -1478.189990
36.450000 1.998521 5.409374 -4084.032240 -1493.948916
36.500000 1.999835 5.205258 -4132.551508 -1540.765476
36.550000 1.994593 5.402402 -4093.417623 -1508.424494
36.600000 2.000847 5.168520 -4150.800068 -1557.702878
36.650000 1.995313 5.345984 -4114.127740 -1528.201622
36.700000 1.990995 5.573492 -4066.569565 -1486.240649
36.750000 1.993295 5.732626 -4028.394215 -1445.084089
36.800000 2.001513 5.707969 -4018.812921 -1424.851456
36.850000 2.012295 5.119339 -4139.192470 -1531.257960
36.900000 2.001250 4.948815 -4170.417326 -1576.796997
36.950000 1.989275 4.947439 -4175.454841 -1597.354361
37.000000 2.009368 5.144914 -4132.984625 -1528.843411
37.050000 1.994432 5.345551 -4104.479568 -1519.695427
37.100000 2.008803 5.682801 -4042.662793 -1439.254312
37.150000 2.003688 5.329882 -4118.177535 -1521.398150
37.200000 2.002856 5.167292 -4151.650079 -1555.948337
37.250000 2.002310 5.332130 -4108.205602 -1513.212414
37.300000 1.991315 5.293735 -4115.038222 -1534.294044
37.350000 1.996588 5.503128 -4071.269901 -1483.692195
37.400000 1.999284 5.163198 -4133.773289 -1542.700963
37.450000 1.997238 5.001055 -4167.436195 -1579.015724
37.500000 2.003569 3.030854 -3707.773936 -1111.149087
37.550000 1.993459 2.775086 -3770.886145 -1187.363020
37.600000 2.001909 2.961964 -3735.588590 -1141.114124
37.650000 2.010272 2.897076 -3762.041105 -1156.729022
37.700000 2.002192 2.878462 -3760.673685 -1165.833348
37.750000 2.003022 3.019089 -3725.636877 -1129.720630
37.800000 2.002542 2.951943 -3734.697000 -1139.402009
37.850000 1.980637 3.006241 -3716.111181 -1149.205199
37.900000 2.001462 2.708082 -3794.397481 -1200.502114
37.950000 1.999798 2.847152 -3751.125116 -1159.387483
38.000000 2.003988 2.866898 -3737.694313 -1140.525471
38.050000 2.001427 2.836577 -3735.031723 -1141.182438
38.100000 2.003871 2.769936 -3759.489534 -1162.472635
38.150000 1.992882 3.329612 -3628.529846 -1045.754148
38.200000 2.001892 3.247327 -3657.042166 -1062.590714
38.250000 2.009462 2.661762 -3797.288324 -1193.025877
38.300000 2.001895 2.520294 -3820.082533 -1225.626681
38.350000 1.986371 2.719647 -3775.180916 -1200.844630
38.400000 2.009039 2.941530 -3745.335987 -1141.621061
38.450000 1.997267 3.316936 -3661.427597 -1072.969617
38.500000 1.997647 3.000529 -3734.671699 -1145.721700
38.550000 1.987489 2.950485 -3741.763912 -1165.977627
38.600000 1.997229 3.178880 -3683.355889 -1094.946630
38.650000 1.994936 2.953549 -3744.340396 -1158.903816
38.700000 1.999251 2.907744 -3761.718494 -1170.688885
38.750000 2.007558 3.007095 -3721.279588 -1119.483924
38.800000 1.996942 2.927618 -3729.929213 -1141.891744
38.850000 2.008089 2.923169 -3729.509852 -1127.026140
38.900000 2.002251 2.907447 -3743.491937 -1148.574578
38.950000 1.993974 3.220501 -3665.344193 -1081.154317
39.000000 2.000269 2.904284 -3743.501899 -1151.153087
39.050000 1.997353 2.708311 -3792.853236 -1204.283411
39.100000 2.015661 3.207333 -3664.132981 -1051.835761
39.150000 1.998431 2.860056 -3750.323631 -1160.356717
39.200000 2.000730 3.288185 -3660.023485 -1067.077358
39.250000 1.998215 3.134429 -3692.324554 -1102.638045
39.300000 2.001615 2.814892 -3768.922160 -1174.829690
39.350000 2.003545 2.981358 -3723.145189 -1126.550782
39.400000 1.995194 3.438257 -3613.962050 -1028.191253
39.450000 2.007893 3.010890 -3727.357298 -1125.127955
39.500000 1.995094 3.072096 -3701.271404 -1115.629230
39.550000 1.998359 3.036941 -3711.740977 -1121.868197
39.600000 1.991699 2.874884 -3745.606512 -1164.364769
39.650000 1.996849 3.093642 -3702.875536 -1114.959301
39.700000 2.002377 2.890409 -3754.072835 -1158.992218
39.750000 2.000064 2.852706 -3760.946073 -1168.863182
39.800000 1.987095 3.045891 -3715.771919 -1140.497424
39.850000 2.000019 3.102237 -3711.119112 -1119.094574
39.900000 1.999958 3.305891 -3658.062710 -1066.116767
39.950000 2.010067 3.003419 -3731.458716 -1126.411783
40.000000 1.993008 3.110493 -3695.315527 -1112.377647
40.050000 2.002287 2.916022 -3745.125406 -1150.161359
40.100000 1.985658 3.011672 -3718.471658 -1145.058827
40.150000 2.003896 3.329452 -3635.313733 -1038.264662
40.200000 2.003680 2.896789 -3738.420860 -1141.651966
40.250000 1.991488 3.118612 -3683.862666 -1102.893624
40.300000 2.001911 2.993002 -3721.502522 -1127.026179
40.350000 1.983585 3.130424 -3687.328778 -1116.602812
40.400000 2.009655 3.325268 -3645.749799 -1041.237267
40.450000 1.997264 2.977021 -3717.433855 -1128.979831
40.500000 2.007701 2.948564 -3721.619552 -1119.639595
40.550000 1.998552 2.814231 -3760.836722 -1170.713024
40.600000 1.992143 3.172889 -3687.490625 -1105.673200
40.650000 1.998276 3.127683 -3709.443982 -1119.677841
40.700000 1.995831 3.384172 -3627.531428 -1040.933996
40.750000 1.996016 2.891048 -3733.353885 -1146.517138
40.800000 1.995746 3.061926 -3687.038611 -1100.552050
40.850000 2.000675 3.127062 -3680.875326 -1088.000098
40.900000 1.995730 2.900994 -3745.042637 -1158.576063
40.950000 1.993411 3.405255 -3624.739487 -1041.279311
41.000000 1.999621 2.989436 -3724.089356 -1132.580982
41.050000 2.002196 2.662174 -3806.580195 -1211.734049
41.100000 1.980775 3.269604 -3670.835092 -1103.750236
41.150000 2.002468 3.190383 -3705.338848 -1110.140243
41.200000 1.993117 3.271520 -3675.456125 -1092.376846
41.250000 1.999360 3.116030 -3698.760979 -1107.589879
41.300000 1.991205 3.233306 -3676.591227 -1095.989459
41.350000 2.003377 3.432694 -3641.381956 -1045.005496
41.400000 2.009575 2.934727 -3756.402239 -1151.992964
41.450000 2.008070 2.951910 -3739.861401 -1137.402598
41.500000 2.003204 2.858196 -3748.376433 -1152.224447
41.550000 1.999626 2.781349 -3777.338209 -1185.822908
41.600000 1.994771 3.290526 -3668.315795 -1083.092047
41.650000 2.009525 3.141428 -3705.425266 -1101.080986
41.700000 1.997198 2.989050 -3726.666267 -1138.297488
41.750000 2.008068 3.012757 -3715.867751 -1113.411559
41.800000 1.996513 3.121622 -3683.057110 -1095.576336
41.850000 1.999371 2.999623 -3712.788732 -1121.604051
41.900000 1.997623 3.033367 -3707.333335 -1118.414294
41.950000 1.996466 3.049270 -3717.398711 -1129.978742
42.000000 1.997632 3.339318 -3640.028414 -1051.097140
42.050000 1.997084 2.855888 -3757.157557 -1168.936665
42.100000 1.995694 3.205165 -3667.764482 -1081.344908
42.150000 1.998711 3.192884 -3666.861251 -1076.531691
42.200000 2.008497 3.070504 -3686.398244 -1083.386118
42.250000 1.995279 2.939681 -3719.679319 -1133.797993
42.300000 2.004686 3.118474 -3685.656960 -1087.583272
42.350000 2.011050 2.961537 -3727.119204 -1120.797955
42.400000 1.999361 2.754858 -3773.130379 -1181.959099
42.450000 1.996613 2.925645 -3735.900477 -1148.289410
42.500000 2.002001 2.893279 -3758.614252 -1164.020901
42.550000 1.991832 3.044969 -3718.045744 -1136.631015
42.600000 1.997884 3.229345 -3676.348462 -1087.090422
42.650000 2.002810 3.017580 -3731.616067 -1135.974492
42.700000 2.000752 3.150449 -3700.287582 -1107.312419
42.750000 2.000240 3.327385 -3661.326369 -1069.015244
42.800000 2.001209 3.017521 -3737.961374 -1144.394971
42.850000 2.000535 2.794923 -3789.297422 -1196.603662
42.900000 1.997690 3.008430 -3740.358229 -1151.352043
42.950000 1.999076 3.093157 -3709.064597 -1118.262479
43.000000 2.009994 2.858726 -3755.699292 -1150.746820
43.050000 1.997723 3.172793 -3672.181129 -1083.131897
43.100000 2.006103 2.925784 -3732.633997 -1132.725064
43.150000 1.986790 2.920161 -3724.596839 -1149.717352
43.200000 1.999388 2.907985 -3743.429364 -1152.223047
43.250000 1.996656 3.095602 -3701.879994 -1114.214177
43.300000 2.012930 2.907136 -3751.935730 -1143.177960
43.350000 2.005190 3.062021 -3709.695575 -1110.969906
43.400000 2.005890 3.047230 -3729.168992 -1129.534975
43.450000 1.999311 3.006797 -3736.250340 -1145.143056
43.500000 1.991216 3.052770 -3716.499751 -1135.883510
43.550000 2.011254 2.872461 -3757.320971 -1150.735252
43.600000 1.990506 2.851482 -3768.888990 -1189.192960
43.650000 2.004506 2.998426 -3745.603781 -1147.764130
43.700000 2.003131 3.039046 -3739.085804 -1143.028145
43.750000 2.007380 3.224342 -3680.035172 -1078.470675
43.800000 1.992355 3.155424 -3685.844646 -1103.752691
43.850000 2.006142 3.230304 -3665.519159 -1065.559293
43.900000 1.999823 2.890080 -3750.636445 -1158.865763
43.950000 2.004949 3.137530 -3700.697763 -1102.283792
44.000000 1.986350 3.252798 -3668.593876 -1094.284641
44.050000 2.006377 2.712889 -3811.484922 -1211.220598
44.100000 1.995318 3.015418 -3735.129702 -1149.198034
44.150000 1.991598 3.326749 -3657.096516 -1075.986107
44.200000 2.012030 3.112776 -3712.707221 -1105.116758
44.250000 2.004467 3.109453 -3706.291406 -1108.502246
44.300000 1.987587 3.224165 -3671.361294 -1095.448539
44.350000 1.996983 3.078690 -3715.452036 -1127.362534
44.400000 2.001785 3.028120 -3731.588689 -1137.275259
44.450000 2.008846 3.076344 -3721.179796 -1117.715972
44.500000 1.994365 2.994316 -3735.297488 -1150.600579
44.550000 1.991928 2.869139 -3770.676499 -1189.137728
44.600000 1.995288 3.249435 -3682.930166 -1097.036330
44.650000 2.006510 3.091369 -3717.610294 -1117.173017
44.700000 2.004986 3.214079 -3680.897665 -1082.436317
44.750000 1.995555 3.062268 -3709.668712 -1123.430027
44.800000 1.991771 2.993457 -3723.246445 -1141.911358
44.850000 1.999619 2.874030 -3752.387334 -1160.880745
44.900000 1.986879 3.361864 -3641.109882 -1066.114607
44.950000 2.014069 3.412428 -3647.122292 -1036.889493
45.000000 2.001526 1.582588 -3257.422039 -663.444635
45.050000 2.003664 1.708228 -3222.889710 -626.141562
45.100000 1.994491 1.787464 -3202.512980 -617.652643
45.150000 1.998469 1.917121 -3163.746131 -573.729810
45.200000 1.995370 1.729731 -3227.179797 -641.180519
45.250000 2.005753 1.822081 -3210.766455 -611.310315
45.300000 1.990828 1.680870 -3256.632423 -676.518879
45.350000 2.006316 1.842259 -3217.712235 -617.526354
45.400000 2.008015 1.632619 -3266.578252 -664.190283
45.450000 1.996651 1.482161 -3293.420939 -705.761358
45.500000 2.002595 1.612999 -3253.118766 -657.756153
45.550000 1.990138 1.785930 -3215.062939 -635.844319
45.600000 2.005158 1.868344 -3210.035225 -611.350198
45.650000 1.992191 1.815396 -3227.444779 -645.564675
45.700000 1.998833 1.928059 -3190.858401 -600.371047
45.750000 2.004754 1.824409 -3222.191066 -624.030526
45.800000 2.008692 1.769389 -3244.772935 -641.508287
45.850000 2.001375 1.865972 -3210.110610 -616.328867
45.900000 1.996040 1.724696 -3256.604106 -669.736197
45.950000 2.004049 1.916942 -3202.571843 -605.324040
46.000000 2.004454 1.793165 -3236.878599 -639.105808
46.050000 1.994405 1.677287 -3283.799467 -699.050655
46.100000 2.000277 1.861961 -3231.449894 -639.090318
46.150000 2.001093 1.730416 -3249.227282 -655.810967
46.200000 2.001117 1.719095 -3236.898505 -643.450450
46.250000 2.009948 1.800907 -3213.009737 -608.116647
46.300000 2.000977 1.788698 -3227.867247 -634.600933
46.350000 2.004437 1.784448 -3239.936174 -642.185916
46.400000 2.004863 1.762839 -3242.987356 -644.684442
46.450000 1.999859 1.774177 -3226.572860 -634.755067
46.500000 2.007173 1.544861 -3277.888441 -676.591746
46.550000 1.999979 1.580814 -3263.676633 -671.704356
46.600000 1.995406 1.711233 -3244.643384 -658.597741
46.650000 1.998757 2.096270 -3159.127079 -568.737539
46.700000 1.998325 2.022084 -3188.178180 -598.348600
46.750000 2.001980 2.044195 -3178.876461 -584.310785
46.800000 2.001425 2.021898 -3177.263550 -583.416807
46.850000 2.007561 1.581423 -3289.974411 -688.175640
46.900000 1.994478 1.562368 -3287.851601 -703.007750
46.950000 1.988964 1.854591 -3208.523852 -630.826551
47.000000 2.000835 1.936832 -3194.340344 -601.258261
47.050000 2.002419 1.661127 -3259.519954 -664.385444
47.100000 2.001763 1.713683 -3228.759750 -634.474748
47.150000 1.988446 1.903029 -3169.480772 -592.455244
47.200000 2.005505 1.719480 -3226.804225 -627.669509
47.250000 2.002634 1.649423 -3244.802739 -649.389171
47.300000 2.004223 1.643995 -3255.611980 -658.138569
47.350000 2.001741 1.564183 -3281.939453 -687.683750
47.400000 1.995680 1.708847 -3234.055104 -647.653236
47.450000 2.000455 1.633756 -3247.863884 -655.274332
47.500000 1.992514 1.818988 -3188.665152 -606.367440
47.550000 1.998619 1.905287 -3186.824759 -596.614640
47.600000 2.014226 1.803222 -3226.631662 -616.195019
47.650000 1.994503 1.677410 -3267.680017 -682.803583
47.700000 2.002143 1.980198 -3200.963231 -606.185751
47.750000 1.996927 2.101409 -3172.727298 -584.710126
47.800000 2.003007 1.712030 -3284.776069 -688.878627
47.850000 2.003200 1.747192 -3277.286004 -681.138211
47.900000 1.996362 1.982987 -3217.066725 -629.781004
47.950000 2.004248 2.042582 -3198.994936 -601.489151
48.000000 1.997695 1.862874 -3238.849073 -649.836060
48.050000 2.001706 1.767515 -3259.357362 -665.146994
48.100000 1.996287 1.780600 -3237.940694 -650.752361
48.150000 2.006483 1.640518 -3269.084489 -668.683107
48.200000 1.995789 1.681022 -3257.230507 -670.687534
48.250000 2.002724 1.656987 -3272.856941 -677.326875
48.300000 1.996341 1.782409 -3223.773390 -636.515180
48.350000 2.000608 1.464253 -3297.091148 -704.303656
48.400000 1.989076 1.552193 -3267.134581 -689.292091
48.450000 1.999757 1.899546 -3176.835556 -585.150066
48.500000 1.997978 1.733848 -3240.972201 -651.592951
48.550000 1.997645 1.987716 -3177.084621 -588.137093
48.600000 2.005079 1.929034 -3195.340971 -596.758877
48.650000 2.002574 1.668842 -3267.133560 -671.797346
48.700000 1.994858 1.553594 -3307.672641 -722.337130
48.750000 2.003458 1.854516 -3244.562338 -648.080505
48.800000 2.005175 1.911121 -3231.504917 -632.798283
48.850000 2.001288 1.615233 -3291.571588 -697.902729
48.900000 1.997012 1.609223 -3273.033673 -684.905526
48.950000 1.998980 1.665546 -3244.921815 -654.243611
49.000000 1.999012 1.723554 -3233.372555 -642.653588
49.050000 1.990969 1.861928 -3209.040585 -628.744480
49.100000 1.997475 1.650190 -3292.051138 -703.323977
49.150000 2.007057 1.836172 -3229.274225 -628.128440
49.200000 1.999371 1.919065 -3183.002498 -591.817409
49.250000 2.001845 1.613037 -3260.152845 -665.762160
49.300000 2.004220 1.800491 -3200.174588 -602.705070
49.350000 2.011949 1.573084 -3250.564034 -643.077483
49.400000 1.990542 1.534341 -3255.346729 -675.604133
49.450000 2.007971 1.620900 -3242.106806 -639.776003
49.500000 1.987659 1.668010 -3235.374693 -659.369208
49.550000 2.003894 1.669947 -3242.243522 -645.196954
49.600000 2.000191 1.743833 -3237.131597 -644.884252
49.650000 2.005487 1.787440 -3239.841043 -640.730339
49.700000 1.997231 1.866984 -3223.698529 -635.286997
49.750000 2.001020 1.993080 -3188.481885 -595.159719
49.800000 1.999461 1.591252 -3296.666301 -705.365381
49.850000 1.999952 1.889631 -3205.293803 -613.356071
49.900000 2.003967 1.901934 -3199.893728 -602.753035
49.950000 2.000515 1.757772 -3239.755452 -647.088147
50.000000 1.998270 1.932858 -3181.126868 -591.369592
50.050000 2.002923 1.813915 -3211.826536 -616.038619
50.100000 2.002823 1.704416 -3231.450628 -635.792135
50.150000 1.992516 1.818260 -3196.434460 -614.133821
50.200000 2.000140 1.792155 -3218.408066 -626.226046
50.250000 2.010521 2.006212 -3166.841608 -561.206898
50.300000 2.000394 1.731304 -3261.347109 -668.836679
50.350000 2.004182 2.112534 -3169.272161 -571.852180
50.400000 2.003386 2.063367 -3182.395453 -586.006602
50.450000 1.995730 1.792676 -3248.483501 -662.016860
50.500000 2.009803 1.752912 -3252.684280 -647.979912
50.550000 1.997426 1.593173 -3280.197838 -691.533689
50.600000 1.995658 1.740709 -3237.429330 -651.056748
50.650000 2.004443 1.721038 -3248.210705 -650.452267
50.700000 1.994241 1.634934 -3272.878950 -688.342612
50.750000 2.001824 1.864268 -3207.804777 -613.441245
50.800000 2.004001 1.681643 -3248.964608 -651.778904
50.850000 1.993574 1.516498 -3301.679872 -718.007486
50.900000 2.002904 2.003914 -3184.944028 -589.180115
50.950000 2.002840 1.988938 -3197.199645 -601.519604
51.000000 1.996141 1.853973 -3239.523778 -652.525619
51.050000 1.998009 1.800848 -3241.879941 -652.459901
51.100000 2.007238 1.436438 -3329.962821 -728.582506
51.150000 2.003787 1.619099 -3269.900672 -672.993349
51.200000 1.994411 1.639971 -3268.186376 -683.430037
51.250000 1.995784 1.740315 -3249.921997 -663.385858
51.300000 2.001974 1.820417 -3231.512520 -636.954239
51.350000 2.005128 1.740897 -3251.749136 -653.103054
51.400000 1.991253 1.794483 -3236.253018 -655.588803
51.450000 2.000375 1.752194 -3254.837082 -662.350674
51.500000 1.996019 1.793964 -3243.051541 -656.210968
51.550000 2.007687 1.691915 -3270.475576 -668.512989
51.600000 1.994346 1.580278 -3304.907249 -720.234586
51.650000 2.003296 2.016658 -3185.314290 -589.042615
51.700000 1.992066 1.746086 -3266.778250 -685.060950
51.750000 1.996779 1.810665 -3231.801004 -643.975959
51.800000 1.994941 1.614789 -3266.603131 -681.160098
51.850000 2.001299 1.541290 -3277.552916 -683.868789
51.900000 1.989488 1.737709 -3225.435638 -647.059489
51.950000 2.001381 2.047241 -3150.198105 -556.408182
52.000000 2.007089 1.900949 -3186.432370 -585.244448
52.050000 1.998538 1.578909 -3270.883534 -680.777855
52.100000 1.999153 1.536713 -3292.928771 -702.026566
52.150000 1.999509 1.782675 -3238.714070 -647.350209
52.200000 2.004762 1.785611 -3248.218737 -650.047440
52.250000 1.999356 1.765639 -3245.986273 -654.821507
52.300000 2.000922 1.761224 -3240.396053 -647.201413
52.350000 2.013827 1.753780 -3235.295184 -625.375292
52.400000 2.002724 1.528355 -3302.608606 -707.077934
52.450000 1.996835 1.830872 -3222.524687 -634.626775
52.500000 1.994786 1.199305 -2686.361868 -101.119283
52.550000 2.001323 1.165514 -2704.781320 -111.066912
52.600000 2.005244 1.104745 -2717.918446 -119.122687
52.650000 2.004039 1.045764 -2724.643333 -127.408564
52.700000 1.993500 0.926139 -2756.464252 -172.888129
52.750000 2.001279 1.069130 -2718.112290 -124.455328
52.800000 1.998773 1.204135 -2682.674507 -92.265287
52.850000 2.010819 1.042201 -2740.978282 -134.957090
52.900000 1.994794 0.968709 -2761.291061 -176.037929
52.950000 1.996547 1.216918 -2676.605306 -89.080206
53.000000 2.001967 1.110648 -2709.851437 -115.302459
53.050000 1.997496 1.114565 -2693.348984 -104.593656
53.100000 1.997326 1.099834 -2695.085988 -106.551062
53.150000 2.001588 1.194625 -2656.384008 -62.326601
53.200000 2.002195 1.046050 -2710.216953 -115.372105
53.250000 1.995320 1.241178 -2654.192885 -68.258161
53.300000 2.000158 1.153828 -2688.027127 -95.822434
53.350000 1.991887 1.194756 -2668.701580 -87.216386
53.400000 1.992824 1.224878 -2658.081188 -75.381534
53.450000 2.016984 0.993473 -2732.352803 -118.341179
53.500000 1.994704 1.008607 -2726.882549 -141.746396
53.550000 1.994605 1.011910 -2753.260914 -168.252314
53.600000 2.002994 1.211747 -2701.893121 -106.013407
53.650000 2.008742 1.109597 -2742.475947 -139.146313
53.700000 1.989438 1.359865 -2662.519994 -84.208399
53.750000 2.008350 1.280840 -2695.538204 -92.716250
53.800000 2.001108 1.136283 -2727.566744 -134.131281
53.850000 2.002705 1.139326 -2711.958917 -116.453325
53.900000 1.996175 0.995977 -2757.038463 -169.995317
53.950000 2.001193 1.170168 -2699.072461 -105.526568
54.000000 2.001262 1.042030 -2749.477175 -155.841455
54.050000 1.992383 1.124283 -2726.884889 -144.756247
54.100000 2.007774 1.077746 -2742.619672 -140.544792
54.150000 1.992360 0.936249 -2790.516620 -208.417707
54.200000 2.002956 1.094232 -2738.879934 -143.048913
54.250000 1.997687 1.014516 -2751.354572 -162.352352
54.300000 2.003583 0.848014 -2804.264467 -207.621289
54.350000 1.998187 1.081514 -2730.960930 -141.310237
54.400000 1.998311 1.025023 -2753.501320 -163.690003
54.450000 1.994900 1.169006 -2697.507072 -112.117233
54.500000 2.006777 1.080531 -2731.924644 -131.142143
54.550000 2.010046 1.022013 -2753.970806 -148.951416
54.600000 1.992374 1.036203 -2754.788161 -172.671571
54.650000 1.997960 1.019782 -2770.199964 -180.844007
54.700000 1.998322 1.033398 -2764.758961 -174.933053
54.750000 1.993679 1.018198 -2779.893958 -196.086533
54.800000 1.994553 1.348980 -2681.782350 -96.841636
54.850000 2.003760 1.073965 -2765.564948 -168.692258
54.900000 1.994660 1.109909 -2729.538113 -144.458140
54.950000 1.997193 1.040717 -2740.380576 -152.018004
55.000000 2.003611 0.896129 -2780.218655 -183.539136
55.050000 1.998847 0.848831 -2798.052986 -207.547544
55.100000 1.992795 1.252547 -2679.140318 -96.478367
55.150000 2.008796 1.059784 -2744.021651 -140.622142
55.200000 2.001223 0.841934 -2805.541530 -211.956071
55.250000 1.996917 1.018194 -2753.573212 -165.569351
55.300000 2.005522 1.233906 -2687.052345 -87.895846
55.350000 2.004190 1.127076 -2718.723296 -121.292968
55.400000 2.004485 0.975362 -2765.316299 -167.504275
55.450000 1.998602 0.995685 -2750.616467 -160.428307
55.500000 1.997261 0.923427 -2764.001718 -175.551708
55.550000 2.005194 0.846860 -2788.140841 -189.409725
55.600000 1.992025 0.878495 -2791.985447 -210.321082
55.650000 1.997556 1.148179 -2724.310099 -135.477890
55.700000 1.999136 1.211055 -2713.752713 -122.872812
55.750000 1.989373 1.236923 -2700.183332 -121.955627
55.800000 1.996852 1.169710 -2720.266667 -132.346515
55.850000 2.001336 1.111898 -2739.701712 -145.970720
55.900000 2.002234 1.049965 -2758.251868 -163.356937
55.950000 1.999547 0.953703 -2786.717480 -195.304028
56.000000 2.001572 1.166448 -2709.964501 -115.927526
56.050000 2.000328 1.158702 -2709.686982 -117.261816
56.100000 1.997598 1.166547 -2696.919135 -108.031591
56.150000 1.995075 1.100311 -2710.905803 -125.288721
56.200000 2.002278 1.019162 -2730.529695 -135.578043
56.250000 1.999193 1.013900 -2733.641447 -142.687292
56.300000 1.996844 1.030902 -2735.876135 -147.966461
56.350000 2.003391 1.137729 -2697.622708 -101.228519
56.400000 1.999251 1.103483 -2713.848092 -122.818699
56.450000 2.003874 1.094815 -2717.780702 -120.759951
56.500000 1.999314 1.122555 -2705.340279 -114.229619
56.550000 2.001298 1.105762 -2716.313643 -122.631909
56.600000 1.999588 1.076900 -2728.736896 -137.270323
56.650000 2.003731 0.941658 -2778.018641 -181.182643
56.700000 1.994175 1.176473 -2709.841512 -125.390448
56.750000 1.995407 1.325986 -2669.551132 -83.503211
56.800000 1.995883 1.192053 -2705.663545 -118.998922
56.850000 2.005991 1.038219 -2740.886749 -141.122056
56.900000 2.004998 1.016509 -2741.128819 -142.650955
56.950000 1.997764 1.216604 -2676.805289 -87.703500
57.000000 2.002514 1.295439 -2652.987254 -57.729136
57.050000 1.999704 1.144909 -2705.430437 -113.813703
57.100000 2.000923 0.987806 -2770.502527 -177.306755
57.150000 2.001475 1.268960 -2690.875510 -96.963948
57.200000 2.001692 1.131872 -2733.333624 -139.140270
57.250000 2.001781 1.061933 -2746.974531 -152.666720
57.300000 1.991015 1.298758 -2669.400809 -89.045390
57.350000 2.001361 1.301405 -2675.081661 -81.317187
57.400000 2.002218 1.255402 -2681.018373 -86.143926
57.450000 1.996257 1.065781 -2734.842109 -147.693655
57.500000 2.007780 1.099282 -2712.987011 -110.904287
57.550000 1.997824 1.170599 -2682.309146 -93.129114
57.600000 2.004036 1.172397 -2678.496226 -81.265367
57.650000 1.992824 1.137106 -2695.831268 -113.131299
57.700000 2.005917 1.153454 -2704.230524 -104.561521
57.750000 2.005743 1.110905 -2722.537479 -123.094800
57.800000 1.994779 1.035051 -2756.210646 -170.976556
57.850000 2.006594 1.036566 -2773.509606 -172.964116
57.900000 1.988960 1.160067 -2736.011505 -158.318791
57.950000 2.001566 1.188938 -2729.290317 -135.261252
58.000000 2.002819 1.150254 -2741.265590 -145.612115
58.050000 1.996216 1.196011 -2727.281127 -140.184917
58.100000 2.003206 1.352813 -2678.146234 -81.991121
58.150000 2.000512 1.147779 -2736.205741 -143.542545
58.200000 1.996573 1.183175 -2707.709936 -120.151433
58.250000 1.997417 1.199872 -2698.246691 -109.594499
58.300000 2.002803 1.240604 -2687.213555 -91.581340
58.350000 2.002737 1.000609 -2760.315634 -164.768238
58.400000 1.994905 1.049633 -2724.491372 -139.095095
58.450000 2.011870 0.982296 -2727.727554 -120.344150
58.500000 1.998227 0.907387 -2734.328128 -144.626338
58.550000 1.996811 0.961195 -2716.212299 -128.345836
58.600000 2.003373 0.928103 -2735.549535 -139.178696
58.650000 2.003180 0.973568 -2725.738738 -129.617018
58.700000 1.991788 1.058749 -2712.451687 -131.093836
58.750000 1.997706 1.253506 -2663.075337 -74.047948
58.800000 1.998775 1.257088 -2660.916260 -70.504195
58.850000 2.007899 1.047055 -2720.049411 -117.811728
58.900000 1.992078 1.085484 -2696.057274 -114.323597
58.950000 2.006275 0.981237 -2729.775200 -129.642917
59.000000 2.003770 0.908279 -2750.244190 -153.357776
59.050000 1.996374 1.059594 -2701.581471 -114.280144
59.100000 2.003164 1.022678 -2725.395077 -129.294735
59.150000 1.996064 1.043912 -2727.580947 -140.681531
59.200000 1.995359 1.147471 -2703.707061 -117.721544
59.250000 2.005919 1.036025 -2742.468122 -142.797050
59.300000 1.993827 1.092135 -2710.722324 -126.721917
59.350000 2.010307 1.105829 -2701.161545 -95.803030
59.400000 1.994241 0.960496 -2750.536319 -166.000098
59.450000 2.002034 1.105243 -2710.317278 -115.681027
59.500000 1.999482 1.142954 -2699.547423 -108.218226
59.550000 1.999711 1.197586 -2680.785659 -89.160131
59.600000 1.998263 1.187174 -2680.116970 -90.367836
59.650000 1.997491 0.986335 -2749.716036 -160.967122
59.700000 2.007341 1.101668 -2713.060681 -111.546300
59.750000 1.988687 1.180461 -2689.250354 -111.911686
59.800000 1.999888 1.210141 -2678.065925 -86.211349
59.850000 1.996391 1.021788 -2734.705533 -147.382426
59.900000 2.003063 1.038678 -2723.246989 -127.277597
59.950000 1.999108 1.112192 -2703.808212 -112.963998
60.000000 2.002652 0.685918 -2213.084864 382.352704
60.050000 1.991930 0.741369 -2179.935215 401.605847
60.100000 2.004190 0.669187 -2202.991376 394.439267
60.150000 1.992136 0.673560 -2194.407260 387.401192
60.200000 2.003669 0.735036 -2167.640439 429.114858
60.250000 2.001179 0.662247 -2185.074561 408.453995
60.300000 2.006282 0.588052 -2214.898874 385.242719
60.350000 1.994924 0.793959 -2136.542882 448.878367
60.400000 1.995721 0.686640 -2191.817046 394.637251
60.450000 1.998752 0.815922 -2137.187522 453.194725
60.500000 1.998036 0.771480 -2157.141914 432.312868
60.550000 1.997281 0.764974 -2154.397666 434.078466
60.600000 2.001926 0.832546 -2110.819167 483.676513
60.650000 2.006272 0.646977 -2173.807618 426.320770
60.700000 2.001393 0.614411 -2176.656409 417.149080
60.750000 1.999389 0.682024 -2152.311472 438.896153
60.800000 1.997631 0.682155 -2161.429994 427.499964
60.850000 2.005014 0.723433 -2156.297614 442.200982
60.900000 1.997004 0.803588 -2127.966563 460.150452
60.950000 1.996639 0.760315 -2150.728009 436.915997
61.000000 2.009683 0.593921 -2227.655985 376.893654
61.050000 1.993988 0.824902 -2131.961026 452.247118
61.100000 2.004298 0.788285 -2164.680142 432.890324
61.150000 2.004708 0.815027 -2157.473703 440.627459
61.200000 1.998369 0.747548 -2175.007910 414.878468
61.250000 1.997678 0.651099 -2202.981929 386.009067
61.300000 1.993398 0.639066 -2197.872360 385.571523
61.350000 2.000881 0.570158 -2231.258264 361.883641
61.400000 2.008689 0.646978 -2199.943649 403.317058
61.450000 2.001734 0.670437 -2188.423216 405.824595
61.500000 1.996447 0.558076 -2246.963780 340.431809
61.550000 1.999769 0.837117 -2149.419000 442.282097
61.600000 1.998754 0.843347 -2161.119313 429.265993
61.650000 1.997712 0.689761 -2231.540694 357.494480
61.700000 2.002017 0.750519 -2209.838685 384.774870
61.750000 2.001757 0.730703 -2208.235162 386.041806
61.800000 1.992219 0.615494 -2234.394061 347.521292
61.850000 1.996870 0.686782 -2191.517668 396.426392
61.900000 2.001853 0.724521 -2169.647582 424.753634
61.950000 1.997503 0.716971 -2171.118777 417.645335
62.000000 2.004191 0.700820 -2186.959708 410.471208
62.050000 2.000276 0.664441 -2209.407438 382.950645
62.100000 1.998313 0.692390 -2202.598912 387.214356
62.150000 2.004339 0.736480 -2189.874155 407.749434
62.200000 1.995207 0.798521 -2174.041174 411.746914
62.250000 1.998856 0.743503 -2201.890855 388.626094
62.300000 1.995996 0.704757 -2210.249607 376.561819
62.350000 2.001686 0.685034 -2217.224993 376.960238
62.400000 2.008267 0.646253 -2231.328555 371.385887
62.450000 1.993126 0.696048 -2222.442951 360.648567
62.500000 1.997271 0.856387 -2179.958205 408.504997
62.550000 1.993614 0.927562 -2149.654815 434.069009
62.600000 2.006785 0.723539 -2214.195050 386.598252
62.650000 2.004016 0.605931 -2232.292126 364.912018
62.700000 1.999413 0.486627 -2268.151137 323.088524
62.750000 1.997047 0.563832 -2234.343458 353.830068
62.800000 1.993903 0.765065 -2158.806273 425.291902
62.850000 1.999907 0.664426 -2201.865195 390.013668
62.900000 1.998858 0.631546 -2207.155162 383.365434
62.950000 2.001072 0.689301 -2180.217724 413.172164
63.000000 2.001442 0.737215 -2165.248738 428.620693
63.050000 1.995773 0.682906 -2190.863574 395.658652
63.100000 2.005099 0.595526 -2223.191462 375.417300
63.150000 2.000895 0.639095 -2192.260321 400.899329
63.200000 1.998735 0.591224 -2214.871653 375.488417
63.250000 1.996187 0.683338 -2193.359984 393.698789
63.300000 1.997986 0.764334 -2181.010537 408.378834
63.350000 2.002862 0.702512 -2213.500267 382.208704
63.400000 1.994359 0.664012 -2237.429333 347.259875
63.450000 2.009650 0.759976 -2207.513955 396.992144
63.500000 1.997736 0.730775 -2207.651594 381.414777
63.550000 1.996303 0.642984 -2241.830587 345.377989
63.600000 1.998596 0.618334 -2253.537971 336.642938
63.650000 1.997034 0.833161 -2174.805054 413.351278
63.700000 1.998989 0.861688 -2183.474074 407.215276
63.750000 2.003823 0.854165 -2198.035560 398.919574
63.800000 2.004280 0.874100 -2182.900636 414.645606
63.850000 2.002550 0.691448 -2235.638619 359.666514
63.900000 1.999086 0.664922 -2222.545226 368.269838
63.950000 2.000453 0.732664 -2193.185576 399.401227
64.000000 1.997635 0.802736 -2175.297513 413.637386
64.050000 2.000485 0.751732 -2202.194312 390.434546
64.100000 2.003303 0.753054 -2189.826767 406.453799
64.150000 1.999290 0.648955 -2217.174154 373.905241
64.200000 1.999717 0.619363 -2211.681134 379.952461
64.250000 1.998710 0.573216 -2221.232993 369.095159
64.300000 1.997000 0.568939 -2227.087596 361.024933
64.350000 1.992564 0.721145 -2173.163896 409.199182
64.400000 2.000821 0.656151 -2215.842403 377.221616
64.450000 1.997674 0.711883 -2195.388374 393.596619
64.500000 2.001302 0.640437 -2222.237503 371.450050
64.550000 1.998850 0.688772 -2200.512860 389.996847
64.600000 1.999438 0.675518 -2226.069140 365.202224
64.650000 1.993568 0.947783 -2136.537555 447.126989
64.700000 2.015620 0.940964 -2144.356313 467.887278
64.750000 1.994870 0.766915 -2200.570263 384.781398
64.800000 2.000181 0.842584 -2156.308445 435.925916
64.850000 1.995307 0.688190 -2214.653611 371.264407
64.900000 1.996609 0.725577 -2189.072781 398.531951
64.950000 1.998215 0.748349 -2177.011223 412.674859
65.000000 2.000621 0.741331 -2180.555750 412.249619
65.050000 2.003557 0.698343 -2202.177622 394.432492
65.100000 1.998287 0.716391 -2192.231602 397.548386
65.150000 1.995793 0.699693 -2201.853948 384.693886
65.200000 2.004711 0.667857 -2219.338446 378.767286
65.250000 1.997451 0.762083 -2184.020781 404.675320
65.300000 1.999275 0.724490 -2207.224036 383.836352
65.350000 2.007159 0.697718 -2200.927819 400.349788
65.400000 1.997850 0.558454 -2234.191714 355.022494
65.450000 1.995955 0.649971 -2190.502697 396.254629
65.500000 2.000121 0.762157 -2145.560253 446.596391
65.550000 2.001171 0.661214 -2185.026740 408.490513
65.600000 1.992954 0.783790 -2129.541976 453.326101
65.650000 2.000933 0.676090 -2168.392376 424.816248
65.700000 1.998303 0.604340 -2194.195195 395.604987
65.750000 1.997038 0.632446 -2193.133615 395.027246
65.800000 2.006448 0.687241 -2180.033107 420.323703
65.850000 1.991961 0.650541 -2196.474442 385.106643
65.900000 1.994612 0.740275 -2168.039937 416.976984
65.950000 2.000551 0.672272 -2202.694267 390.019456
66.000000 1.997360 0.675152 -2195.619065 392.959337
66.050000 2.006413 0.679430 -2190.351499 409.960185
66.100000 1.998501 0.647252 -2198.835771 391.220886
66.150000 1.999966 0.745795 -2156.534656 435.420933
66.200000 2.004564 0.659897 -2198.845464 399.069069
66.250000 1.999164 0.751017 -2158.754656 432.162276
66.300000 1.997115 0.729573 -2172.727385 415.533475
66.350000 2.005400 0.708426 -2191.923645 407.075045
66.400000 2.001656 0.731254 -2186.316588 407.829807
66.450000 1.991611 0.715442 -2196.057316 385.070692
66.500000 1.994635 0.851047 -2138.306792 446.740710
66.550000 2.007428 0.807572 -2146.107274 455.518801
66.600000 2.000872 0.601779 -2216.973222 376.156588
66.650000 1.992992 0.590080 -2220.177036 362.740753
66.700000 1.996797 0.768387 -2156.725221 431.124237
66.750000 2.005985 0.653716 -2214.861397 384.895283
66.800000 1.992223 0.714107 -2191.233587 390.687308
66.850000 2.005447 0.777271 -2168.380664 430.678722
66.900000 2.000362 0.690649 -2192.285660 400.183149
66.950000 2.001195 0.606966 -2215.830988 377.717091
67.000000 2.002565 0.570410 -2225.198315 370.125309
67.050000 1.996410 0.585678 -2218.245147 369.102449
67.100000 2.006064 0.554050 -2241.529960 358.328338
67.150000 1.990764 0.753350 -2175.599792 404.429924
67.200000 1.995547 0.925659 -2130.434004 455.795278
67.250000 2.003425 0.848781 -2166.986353 429.452504
67.300000 2.000937 0.803052 -2181.054812 412.159053
67.350000 2.001030 0.723726 -2199.764341 393.570357
67.400000 2.002767 0.584440 -2244.853184 350.733037
67.450000 1.986972 0.788595 -2165.542048 409.573726
