# t Temp Pres Epot Etot
0.000000 2.023736 27.627655 -1462.726970 -685.612291
0.050000 1.939443 27.698047 -1454.450238 -709.704159
0.100000 2.004413 30.286912 -1343.066963 -573.372384
0.150000 2.036869 28.249612 -1436.164440 -654.006728
0.200000 2.025566 29.482233 -1379.781165 -601.963937
0.250000 2.004620 28.922098 -1401.039764 -631.265695
0.300000 2.017928 28.982732 -1401.245686 -626.361435
0.350000 1.993673 28.589810 -1416.334380 -650.764031
0.400000 2.010593 27.110298 -1486.786063 -714.718220
0.450000 2.016899 28.910014 -1402.249954 -627.760667
0.500000 2.022318 28.615227 -1417.599045 -641.028907
0.550000 2.024996 28.005212 -1447.925413 -670.327118
0.600000 1.998037 29.612820 -1370.045144 -602.798989
0.650000 1.966202 28.970219 -1395.623543 -640.601993
0.700000 2.029286 27.948379 -1447.405822 -668.160177
0.750000 1.940575 28.202947 -1430.850000 -685.669170
0.800000 1.959143 30.244591 -1337.996459 -585.685669
0.850000 2.011805 29.553746 -1376.424973 -603.891819
0.900000 2.000311 28.897161 -1402.836754 -634.717203
0.950000 2.005216 28.108618 -1441.254648 -671.251663
1.000000 1.982875 28.938302 -1399.520766 -638.096745
1.050000 2.013436 28.431441 -1424.725999 -651.566732
1.100000 2.024887 28.889725 -1399.514899 -621.958223
1.150000 1.985945 29.077434 -1396.380332 -633.777328
1.200000 1.993769 29.166570 -1388.748864 -623.141659
1.250000 2.002124 29.248304 -1388.006255 -619.190723
1.300000 2.014757 28.957017 -1400.352677 -626.685995
1.350000 1.991105 29.347790 -1382.370636 -617.786220
1.400000 2.017435 28.060424 -1442.453408 -667.758203
1.450000 1.959737 28.235550 -1429.833588 -677.294734
1.500000 2.010176 29.279507 -1385.560931 -613.653376
1.550000 2.012594 28.758087 -1411.345108 -638.508839
1.600000 2.001981 30.319631 -1340.572892 -571.812081
1.650000 2.004332 28.208961 -1434.396672 -664.733325
1.700000 1.967575 27.603194 -1460.439741 -704.890966
1.750000 2.003125 28.968453 -1397.778907 -628.578990
1.800000 1.989166 27.372394 -1472.367747 -708.528022
1.850000 1.967407 29.661853 -1370.042657 -614.558557
1.900000 2.021763 29.685286 -1371.806788 -595.449924
1.950000 2.017060 28.260889 -1435.505680 -660.954514
2.000000 2.027852 27.985095 -1445.951025 -667.255732
2.050000 1.998469 28.687577 -1413.586241 -646.174184
2.100000 2.013951 28.624394 -1416.808846 -643.451553
2.150000 1.987957 27.915313 -1447.721214 -684.345542
2.200000 2.029191 29.782363 -1368.162375 -588.952847
2.250000 2.006429 28.643373 -1412.690322 -642.221471
2.300000 2.009287 27.872963 -1451.495640 -679.929297
2.350000 2.004185 28.181116 -1437.033391 -667.426405
2.400000 2.026919 29.130444 -1395.428686 -617.091887
2.450000 1.980882 29.021262 -1397.416802 -636.758051
2.500000 2.046264 29.185740 -1395.759365 -609.994043
2.550000 2.008083 27.789997 -1456.165465 -685.061479
2.600000 1.962008 30.310864 -1338.667047 -585.255839
2.650000 2.027820 28.105798 -1443.892082 -665.209292
2.700000 1.961368 29.063030 -1391.735738 -638.570283
2.750000 1.975576 28.311237 -1427.716842 -669.095614
2.800000 2.004732 29.455903 -1376.675687 -606.858439
2.850000 2.028431 28.595430 -1415.245526 -636.327999
2.900000 1.993677 28.436868 -1424.958352 -659.386523
2.950000 2.015347 27.719947 -1456.560065 -682.666735
3.000000 1.983283 28.563961 -1417.101585 -655.521102
3.050000 1.994416 29.526962 -1379.620884 -613.765279
3.100000 2.007265 28.531244 -1420.767126 -649.977537
3.150000 2.002309 28.713248 -1413.539320 -644.652771
3.200000 2.006531 27.917998 -1446.835506 -676.327785
3.250000 1.954408 30.153636 -1343.746324 -593.253540
3.300000 2.022052 28.656125 -1416.770041 -640.302041
3.350000 2.017264 28.200136 -1434.334062 -659.704722
3.400000 1.996140 28.497348 -1421.111840 -654.594256
3.450000 1.958673 28.633300 -1415.186338 -663.055904
3.500000 2.015974 30.167610 -1345.414869 -571.280825
3.550000 2.002971 28.858171 -1407.109849 -637.968988
3.600000 1.977624 29.079194 -1390.988248 -631.580667
3.650000 2.005566 28.154003 -1436.194515 -666.057127
3.700000 1.973081 30.138091 -1345.184437 -587.521146
3.750000 2.019123 30.198549 -1345.790608 -570.447299
3.800000 2.030482 27.846726 -1451.997063 -672.291890
3.850000 2.010278 27.977588 -1447.382510 -675.435843
3.900000 1.971819 28.567508 -1417.945500 -660.767179
3.950000 2.000922 28.832757 -1407.485474 -639.131266
4.000000 2.023598 29.601987 -1378.556478 -601.494841
4.050000 1.992351 28.945089 -1401.360266 -636.297621
4.100000 1.981824 29.739438 -1366.607997 -605.587659
4.150000 1.996305 29.891904 -1357.814407 -591.233297
4.200000 2.060837 28.329888 -1432.011219 -640.649925
4.250000 1.999572 27.244776 -1476.709102 -708.873589
4.300000 2.006108 28.467999 -1420.642631 -650.297332
4.350000 2.020462 29.027486 -1396.995683 -621.138442
4.400000 1.999110 30.408920 -1339.839771 -572.181566
4.450000 2.041472 28.778104 -1410.411398 -626.485961
4.500000 2.001983 28.513551 -1421.135387 -652.373929
4.550000 1.979554 28.187958 -1432.497337 -672.348460
4.600000 1.983904 30.364096 -1340.968140 -579.148857
4.650000 1.986594 28.052888 -1442.292616 -679.440518
4.700000 2.013927 28.097425 -1441.507690 -668.159855
4.750000 2.043961 28.908860 -1405.261496 -620.380425
4.800000 1.962362 28.235969 -1427.904143 -674.357244
4.850000 1.994516 28.423588 -1425.585055 -659.690914
4.900000 2.028881 27.544926 -1465.556081 -686.465820
4.950000 1.976184 30.019731 -1352.052155 -593.197645
5.000000 2.028953 28.588047 -1420.655014 -641.537189
5.050000 1.968066 29.057019 -1390.924299 -635.186765
5.100000 1.984288 28.557568 -1420.315812 -658.349087
5.150000 1.999239 29.411770 -1379.283251 -611.575484
5.200000 2.013680 28.756472 -1411.281467 -638.028497
5.250000 2.008768 27.660666 -1455.734735 -684.367921
5.300000 1.965864 28.978854 -1399.366745 -644.474902
5.350000 1.965791 29.755244 -1364.836374 -609.972701
5.400000 2.024845 29.605861 -1373.574801 -596.034270
5.450000 1.985435 28.635260 -1416.331705 -653.924504
5.500000 2.020394 28.931151 -1405.925452 -630.094347
5.550000 1.998021 28.623871 -1415.288075 -648.048017
5.600000 1.985269 30.120136 -1348.700679 -586.357196
5.650000 2.015511 28.035117 -1442.790299 -668.834208
5.700000 1.978739 28.116586 -1435.890559 -676.054974
5.750000 1.969433 29.352293 -1381.227581 -624.965448
5.800000 2.006680 29.157903 -1394.282394 -623.717186
5.850000 1.994387 29.615135 -1371.301699 -605.457124
5.900000 1.994791 28.632361 -1415.940320 -649.940629
5.950000 2.023420 27.792732 -1452.324457 -675.331333
6.000000 1.954448 27.400792 -1469.520472 -719.012323
6.050000 2.031996 30.061731 -1355.911979 -575.625324
6.100000 1.955716 30.224862 -1340.876568 -589.881554
6.150000 2.026962 28.752365 -1412.075107 -633.721568
6.200000 1.998610 28.741121 -1410.196149 -642.729846
6.250000 1.990520 28.300100 -1429.826332 -665.466837
6.300000 2.046791 30.077215 -1352.305958 -566.338194
6.350000 2.002705 28.717656 -1410.392320 -641.353725
6.400000 1.977435 28.251458 -1432.685841 -673.350821
6.450000 2.010936 28.360809 -1428.024528 -655.825015
6.500000 1.987473 28.701261 -1411.359719 -648.170055
6.550000 1.996360 28.984551 -1397.590694 -630.988542
6.600000 1.995118 28.944029 -1404.201998 -638.076630
6.650000 2.010905 28.792168 -1406.432714 -634.245092
6.700000 2.019733 28.924539 -1401.933903 -626.356603
6.750000 2.034294 27.845069 -1453.486857 -672.317884
6.800000 1.996777 28.890310 -1404.899675 -638.137470
6.850000 2.030740 28.137604 -1439.867130 -660.062984
6.900000 2.026387 28.875137 -1404.362659 -626.230181
6.950000 2.001281 29.329571 -1386.400008 -617.907962
7.000000 1.991102 28.793540 -1409.117642 -644.534509
7.050000 2.003496 29.355237 -1381.058251 -611.715734
7.100000 2.013807 27.630346 -1460.978064 -687.676342
7.150000 1.972296 29.316864 -1383.929894 -626.568402
7.200000 2.045699 27.904698 -1450.349480 -664.801084
7.250000 1.957095 29.546195 -1374.437580 -622.913227
7.300000 2.019464 29.004130 -1400.278317 -624.804042
7.350000 1.996083 27.644395 -1458.836760 -692.340822
7.400000 1.986147 29.593829 -1374.087773 -611.407229
7.450000 1.991104 29.631681 -1372.752891 -608.168943
7.500000 2.043112 16.474039 -1580.077973 -795.522859
7.550000 1.968796 18.066603 -1500.530846 -744.513321
7.600000 2.020224 17.397495 -1534.852313 -759.086211
7.650000 1.962066 17.948804 -1508.940683 -755.507488
7.700000 1.984948 18.424096 -1484.326493 -722.106418
7.750000 1.992007 18.495381 -1478.887494 -713.956862
7.800000 2.027339 18.764579 -1466.870789 -688.372629
7.850000 2.008726 16.444900 -1577.143598 -805.793002
7.900000 1.985857 16.532596 -1571.236465 -808.667220
7.950000 1.991412 17.144966 -1547.487455 -782.785076
8.000000 1.964364 18.729165 -1467.042117 -712.726215
8.050000 2.005990 17.904062 -1511.422234 -741.122252
8.100000 1.992040 17.633795 -1522.505628 -757.562291
8.150000 1.986599 17.846297 -1515.287391 -752.433261
8.200000 2.013405 18.330763 -1491.078636 -717.931230
8.250000 1.971649 19.148762 -1455.363772 -698.250504
8.300000 2.041015 18.029231 -1510.785647 -727.036054
8.350000 1.986656 17.856825 -1514.133336 -751.257395
8.400000 2.006842 16.146780 -1594.635278 -824.007768
8.450000 1.998393 16.966518 -1555.345232 -787.962417
8.500000 1.999663 17.350344 -1534.332755 -766.462145
8.550000 2.035491 18.138739 -1501.837439 -720.209031
8.600000 1.973773 18.422244 -1485.324407 -727.395427
8.650000 2.055730 17.990180 -1511.512538 -722.112141
8.700000 1.991406 18.270180 -1495.833620 -731.133594
8.750000 1.991554 19.344606 -1445.852789 -681.096003
8.800000 2.005042 17.912801 -1512.472592 -742.536397
8.850000 2.001634 18.107716 -1501.236048 -732.608571
8.900000 1.999606 18.027453 -1503.783094 -735.934374
8.950000 1.961384 18.609670 -1473.595675 -720.424063
9.000000 2.022525 16.695330 -1570.303956 -793.654522
9.050000 2.011093 16.808128 -1558.836601 -786.577063
9.100000 1.981084 16.002703 -1600.222395 -839.486190
9.150000 1.994288 17.258008 -1542.449340 -776.642767
9.200000 2.023517 17.125851 -1548.771119 -771.740778
9.250000 1.982643 18.835195 -1464.694721 -703.359882
9.300000 2.000392 18.594168 -1474.747539 -706.597069
9.350000 2.011731 16.539197 -1578.061366 -805.556507
9.400000 1.993769 17.798907 -1517.009044 -751.401901
9.450000 2.011069 16.174052 -1592.993875 -820.743299
9.500000 1.979539 16.874254 -1557.692497 -797.549609
9.550000 1.988550 17.741220 -1515.307200 -751.703809
9.600000 1.996027 17.950996 -1509.859635 -743.385354
9.650000 2.007322 17.904098 -1512.423512 -741.611742
9.700000 2.008011 19.528031 -1429.784157 -658.708000
9.750000 2.013586 18.182808 -1497.044394 -723.827219
9.800000 2.011342 16.387567 -1583.245685 -810.890223
9.850000 1.957454 16.738342 -1558.220328 -806.558177
9.900000 1.989630 18.603244 -1476.159293 -712.141374
9.950000 2.010020 19.285460 -1442.045500 -670.197814
10.000000 1.971330 17.181908 -1544.346435 -787.355615
10.050000 2.013139 18.636448 -1477.784299 -704.739104
10.100000 1.983954 17.412792 -1536.122005 -774.283804
10.150000 2.006264 17.169797 -1546.363325 -775.958129
10.200000 1.987939 18.714196 -1469.056905 -705.688295
10.250000 1.999854 17.607574 -1525.169363 -757.225546
10.300000 2.004588 18.308317 -1490.626457 -720.864701
10.350000 2.008444 17.783208 -1517.951381 -746.708933
10.400000 2.003044 17.051593 -1548.246275 -779.077395
10.450000 2.005293 17.639014 -1520.451858 -750.419272
10.500000 1.981377 16.597277 -1570.585900 -809.736954
10.550000 1.977294 18.656217 -1471.877588 -712.596866
10.600000 1.976168 17.553727 -1526.658050 -767.809480
10.650000 2.039463 18.535017 -1480.802856 -697.649061
10.700000 1.998332 18.469359 -1482.991267 -715.631860
10.750000 2.021501 17.306454 -1539.474316 -763.217804
10.800000 1.996369 16.647887 -1569.830925 -803.225416
10.850000 2.004137 17.383198 -1535.313703 -765.725069
10.900000 1.993033 18.297060 -1489.952051 -724.627332
10.950000 2.015679 18.002667 -1507.508873 -733.488229
11.000000 1.981918 17.979244 -1507.810841 -746.754213
11.050000 2.013649 18.438344 -1489.915363 -716.674289
11.100000 2.016983 18.795098 -1469.598444 -695.077123
11.150000 1.992499 17.453547 -1533.631957 -768.512274
11.200000 1.965086 17.970713 -1506.576785 -751.983804
11.250000 2.017863 18.444525 -1489.068179 -714.208644
11.300000 1.988447 18.022808 -1504.760193 -741.196363
11.350000 2.016337 18.171032 -1495.632301 -721.359007
11.400000 2.008188 17.128806 -1549.882096 -778.738021
11.450000 1.991127 16.350244 -1582.256916 -817.664036
11.500000 1.978267 17.657700 -1517.934551 -758.279910
11.550000 2.014659 17.624838 -1523.903275 -750.274200
11.600000 1.985463 16.470825 -1577.553330 -815.135555
11.650000 2.016215 17.218446 -1543.388173 -769.161550
11.700000 1.942757 17.768721 -1508.900210 -762.881599
11.750000 2.007986 19.038261 -1457.237866 -686.171161
11.800000 2.003652 18.087620 -1506.343771 -736.941395
11.850000 1.992054 17.531328 -1528.933428 -763.984533
11.900000 1.983494 18.427761 -1483.277784 -721.616167
11.950000 1.995588 17.841100 -1513.943726 -747.637769
12.000000 1.995482 16.851750 -1561.222761 -794.957526
12.050000 1.998782 18.716311 -1473.520076 -705.987676
12.100000 1.995489 18.908622 -1464.152305 -697.884493
12.150000 2.012856 18.822239 -1464.875069 -691.938545
12.200000 1.997768 18.081512 -1505.479061 -738.336168
12.250000 2.028787 17.962994 -1509.329707 -730.275341
12.300000 2.003088 17.123881 -1546.327233 -777.141524
12.350000 1.972583 16.318572 -1585.686439 -828.214550
12.400000 1.996773 19.170596 -1453.689433 -686.928499
12.450000 2.019663 17.678602 -1523.455962 -747.905432
12.500000 1.998702 17.337788 -1539.318244 -771.816736
12.550000 2.012283 18.576711 -1481.204217 -708.487543
12.600000 1.992784 18.381973 -1490.114744 -724.885784
12.650000 2.023667 17.784255 -1517.125224 -740.037212
12.700000 1.962213 17.362815 -1534.896410 -781.406624
12.750000 1.991153 19.304415 -1447.383504 -682.780713
12.800000 2.027936 17.998015 -1506.903595 -728.176015
12.850000 1.968961 17.922566 -1508.402731 -752.321662
12.900000 2.021785 17.573287 -1528.239037 -751.873425
12.950000 2.003950 18.586521 -1478.965745 -709.448977
13.000000 2.009644 18.728443 -1476.681987 -704.978827
13.050000 2.015876 15.873751 -1605.693981 -831.597515
13.100000 2.003440 16.559084 -1575.455424 -806.134293
13.150000 1.967209 17.417505 -1533.474447 -778.066034
13.200000 1.994174 18.064747 -1506.441327 -740.678359
13.250000 2.032582 17.570066 -1530.302410 -749.791004
13.300000 1.999016 17.903759 -1512.710976 -745.088748
13.350000 2.024958 17.990260 -1507.304303 -729.720533
13.400000 2.018923 17.595386 -1526.935547 -751.669022
13.450000 2.020572 17.113213 -1550.818825 -774.919130
13.500000 1.996127 17.538982 -1530.914376 -764.401587
13.550000 1.989992 17.604102 -1527.584682 -763.427876
13.600000 2.031188 17.841231 -1516.107245 -736.131224
13.650000 1.978634 18.863515 -1464.207140 -704.411785
13.700000 2.016418 18.918181 -1465.811653 -691.507189
13.750000 1.995379 18.072128 -1503.592073 -737.366402
13.800000 1.987361 17.502694 -1532.305658 -769.158865
13.850000 1.997183 18.601544 -1474.499199 -707.581078
13.900000 2.000091 17.851541 -1509.339112 -741.304008
13.950000 1.979049 16.568913 -1573.669779 -813.715014
14.000000 1.999601 17.643742 -1522.111122 -754.264179
14.050000 1.986866 17.213003 -1547.039624 -784.083095
14.100000 2.008537 18.080169 -1505.698806 -734.420632
14.150000 1.998982 18.801217 -1464.488852 -696.879600
14.200000 1.982472 18.959241 -1458.550663 -697.281365
14.250000 2.007994 17.507883 -1533.307287 -762.237399
14.300000 2.013421 16.714479 -1567.035080 -793.881388
14.350000 1.997275 17.690799 -1517.434651 -750.480997
14.400000 1.989904 17.150811 -1543.536011 -779.413035
14.450000 2.003592 17.609317 -1525.124107 -755.744891
14.500000 2.006766 17.316436 -1537.941477 -767.343322
14.550000 2.006396 18.020762 -1506.160470 -735.704304
14.600000 2.011844 18.257828 -1494.889621 -722.341543
14.650000 1.990995 19.060723 -1452.464124 -687.921865
14.700000 1.995609 18.290741 -1495.164260 -728.850403
14.750000 2.019621 17.731519 -1518.104115 -742.569604
14.800000 1.979810 16.831433 -1562.886948 -802.639899
14.850000 2.024777 17.996977 -1506.594744 -729.080548
14.900000 1.967973 17.546814 -1523.486445 -767.784908
14.950000 1.997974 16.537851 -1578.194162 -810.972062
15.000000 2.023551 11.319554 -1483.571483 -706.527958
15.050000 2.010851 10.627494 -1517.901815 -745.735192
15.100000 2.003510 11.255765 -1484.587470 -715.239803
15.150000 1.993888 11.931230 -1452.507793 -686.854794
15.200000 2.027549 12.684081 -1422.179198 -643.600547
15.250000 2.038013 10.789557 -1513.820229 -731.223089
15.300000 2.000636 11.394572 -1481.919090 -713.674911
15.350000 2.001261 11.443168 -1483.631072 -715.146671
15.400000 2.021662 12.054590 -1444.960787 -668.642387
15.450000 2.003008 11.664785 -1463.111320 -693.956293
15.500000 1.991730 11.888002 -1453.851620 -689.027323
15.550000 1.975985 12.168097 -1442.123387 -683.345160
15.600000 2.029335 13.627412 -1367.715101 -588.450368
15.650000 2.011484 12.278516 -1433.038932 -660.629225
15.700000 1.980895 11.864248 -1454.370652 -693.706925
15.750000 2.005928 12.917775 -1403.963745 -633.687261
15.800000 1.979337 13.205767 -1390.644994 -630.579454
15.850000 2.019886 12.723325 -1412.859960 -637.223897
15.900000 1.999720 12.872931 -1404.053623 -636.161005
15.950000 1.988748 12.869944 -1410.372769 -646.693618
16.000000 1.987224 14.164842 -1336.776168 -573.682292
16.050000 2.011042 13.512473 -1374.943737 -602.703740
16.100000 1.995030 12.438632 -1428.710028 -662.618671
16.150000 2.051850 12.624605 -1419.080369 -631.169881
16.200000 1.990176 11.911717 -1451.764673 -687.536904
16.250000 2.005717 11.803955 -1460.839173 -690.643857
16.300000 2.021670 12.471175 -1431.060908 -654.739569
16.350000 1.994312 12.777215 -1413.391896 -647.576133
16.400000 1.979227 13.112833 -1396.207843 -636.184607
16.450000 2.014736 13.180241 -1387.990804 -614.332155
16.500000 2.005682 13.007803 -1393.786745 -623.604686
16.550000 1.980954 13.272270 -1384.162536 -623.476027
16.600000 1.972661 13.372633 -1383.074148 -625.572392
16.650000 1.990830 14.318925 -1333.871482 -569.392852
16.700000 1.975395 13.466312 -1379.925194 -621.373633
16.750000 2.026362 14.111537 -1352.724869 -574.601971
16.800000 1.996040 14.165674 -1347.183688 -580.704373
16.850000 1.979431 14.790650 -1312.908691 -552.807344
16.900000 1.969316 15.029917 -1299.774343 -543.556856
16.950000 1.985462 15.098115 -1294.238062 -531.820571
17.000000 2.032270 14.682676 -1321.918227 -541.526504
17.050000 2.011200 14.921736 -1303.621052 -531.320386
17.100000 2.004892 13.734064 -1364.826958 -594.948551
17.150000 1.989014 14.264788 -1336.382529 -572.601336
17.200000 1.933500 15.110978 -1291.615945 -549.151765
17.250000 2.061040 15.277648 -1293.012399 -501.573173
17.300000 2.019480 15.380842 -1282.254610 -506.774469
17.350000 2.002053 13.580282 -1372.665834 -603.877317
17.400000 1.989679 14.804101 -1310.441191 -546.404268
17.450000 1.988416 14.640324 -1323.100410 -559.548778
17.500000 2.001411 14.884692 -1309.830050 -541.288062
17.550000 1.981531 14.690936 -1318.622935 -557.714876
17.600000 2.003089 15.325524 -1287.420447 -518.234312
17.650000 1.996071 14.378629 -1330.481602 -563.990468
17.700000 1.971102 14.398378 -1334.579332 -577.676044
17.750000 2.003918 15.518279 -1281.513420 -512.008756
17.800000 2.001198 14.647349 -1320.445105 -551.984911
17.850000 1.984753 14.399547 -1329.298407 -567.153239
17.900000 2.000412 14.815296 -1309.830762 -541.672626
17.950000 2.000984 15.809921 -1259.716523 -491.338822
18.000000 1.985607 16.245054 -1238.011087 -475.537901
18.050000 2.013036 14.650613 -1327.902868 -554.896921
18.100000 1.986918 15.825709 -1264.094984 -501.118642
18.150000 1.998983 15.512550 -1286.611488 -519.001860
18.200000 1.995254 14.829558 -1318.737305 -552.559849
18.250000 1.971548 16.281781 -1237.766376 -480.692095
18.300000 2.014655 14.872822 -1314.192778 -540.565168
18.350000 2.009006 14.982098 -1299.448554 -527.990111
18.400000 1.969829 15.351794 -1283.821389 -527.407229
18.450000 2.025123 14.617019 -1324.194323 -546.547075
18.500000 1.971566 15.317007 -1287.719061 -530.637852
18.550000 2.010608 15.346981 -1288.698268 -516.624695
18.600000 2.003436 15.443223 -1284.573734 -515.254415
18.650000 1.987612 15.085165 -1305.314514 -542.071515
18.700000 1.999701 16.907878 -1212.818318 -444.933099
18.750000 2.009469 16.851168 -1216.364416 -444.728328
18.800000 2.020111 15.759852 -1268.400587 -492.678094
18.850000 2.005238 15.324459 -1287.939488 -517.927975
18.900000 2.017491 17.424408 -1183.112578 -408.396077
18.950000 2.022075 15.506920 -1283.295684 -506.818986
19.000000 1.994840 14.372894 -1337.691856 -571.673153
19.050000 1.978801 15.353701 -1281.152381 -521.292788
19.100000 2.024904 15.358199 -1282.230089 -504.666990
19.150000 1.980762 15.366993 -1280.647901 -520.035167
19.200000 1.987039 14.980072 -1303.172828 -540.149948
19.250000 1.998413 15.674290 -1273.649027 -506.258247
19.300000 1.994748 15.654158 -1270.722459 -504.739302
19.350000 2.022056 14.631973 -1324.149422 -547.680036
19.400000 2.000903 15.236391 -1289.434766 -521.087931
19.450000 2.030517 14.908951 -1308.076227 -528.357708
19.500000 1.964576 14.464442 -1328.031894 -573.634527
19.550000 2.002750 15.569761 -1272.006890 -502.951024
19.600000 2.006096 15.406403 -1276.909594 -506.568897
19.650000 1.990034 14.739087 -1312.200820 -548.027880
19.700000 1.995749 15.269294 -1287.032897 -520.665119
19.750000 2.007693 14.831861 -1310.473862 -539.519688
19.800000 2.017394 15.549458 -1278.068344 -503.389163
19.850000 2.021142 15.091994 -1301.977502 -525.858976
19.900000 1.993082 14.672166 -1322.481198 -557.137690
19.950000 2.007333 14.780919 -1320.963547 -550.147548
20.000000 1.978740 15.163989 -1292.070808 -532.234649
20.050000 1.984777 15.395976 -1282.834564 -520.680268
20.100000 2.028006 15.423466 -1284.176512 -505.422057
20.150000 1.994474 14.778473 -1312.115990 -546.237942
20.200000 2.027326 15.388731 -1284.800069 -506.306952
20.250000 1.948387 15.345742 -1289.273573 -541.092830
20.300000 2.022427 16.588461 -1226.504449 -449.892651
20.350000 1.993043 15.193170 -1290.697951 -525.369621
20.400000 1.964273 15.540570 -1276.128030 -521.847038
20.450000 2.031226 15.894816 -1258.402557 -478.411804
20.500000 2.026115 15.392813 -1278.577165 -500.548917
20.550000 2.015814 15.357286 -1281.981509 -507.908911
20.600000 1.996228 15.312279 -1287.750296 -521.198791
20.650000 1.979304 15.599111 -1272.317812 -512.264892
20.700000 1.986436 15.375867 -1285.127018 -522.335521
20.750000 2.008671 16.039467 -1251.380273 -480.050663
20.800000 1.991574 15.738473 -1265.622071 -500.857544
20.850000 1.978881 15.005641 -1304.846923 -544.956754
20.900000 2.018884 15.986574 -1254.463158 -479.211592
20.950000 1.991275 16.518568 -1228.342727 -463.693196
21.000000 1.995477 15.862097 -1255.832137 -489.568953
21.050000 1.981442 16.317940 -1231.329384 -470.455686
21.100000 2.036737 15.357138 -1283.366121 -501.259039
21.150000 1.970113 15.447118 -1280.343286 -523.819792
21.200000 1.983344 14.541581 -1335.610110 -574.006100
21.250000 2.010597 16.339980 -1235.651517 -463.582091
21.300000 2.000532 14.633591 -1320.017528 -551.813355
21.350000 2.008775 14.671411 -1319.626560 -548.256878
21.400000 2.016520 15.654596 -1267.605970 -493.262422
21.450000 1.973296 15.670873 -1266.828220 -509.082504
21.500000 2.019698 15.576593 -1269.305090 -493.740998
21.550000 1.980239 15.280105 -1285.808855 -525.397200
21.600000 1.995152 15.044870 -1302.504165 -536.365884
21.650000 1.994749 16.320428 -1236.763193 -470.779665
21.700000 2.014434 16.447485 -1229.413518 -455.871024
21.750000 2.000853 15.651869 -1272.129462 -503.801919
21.800000 2.021186 14.727662 -1321.144657 -545.009374
21.850000 1.986733 15.350939 -1284.411208 -521.505757
21.900000 1.971324 15.418841 -1280.523170 -523.534837
21.950000 2.041381 15.957075 -1259.173635 -475.283519
22.000000 1.969474 15.641985 -1274.469256 -518.191144
22.050000 1.993864 15.186364 -1302.329784 -536.685897
22.100000 2.009038 15.553923 -1277.531667 -506.060958
22.150000 2.032357 14.819703 -1311.498320 -531.073372
22.200000 1.969698 14.431710 -1328.620394 -572.256337
22.250000 2.016577 15.385341 -1285.770588 -511.405124
22.300000 1.987740 16.485379 -1223.246230 -459.953995
22.350000 2.009283 15.068196 -1295.628129 -524.063490
22.400000 1.963567 15.497815 -1271.265737 -517.256017
22.450000 2.015918 13.909095 -1352.556449 -578.443955
22.500000 2.001375 8.649828 -1306.661678 -538.133519
22.550000 1.988542 8.812441 -1304.338541 -540.738311
22.600000 1.998627 9.342944 -1284.359849 -516.886898
22.650000 1.977864 10.223337 -1242.673329 -483.173611
22.700000 2.003299 10.400834 -1232.520564 -463.253836
22.750000 1.972085 9.410237 -1282.164304 -524.883660
22.800000 2.005783 9.606407 -1268.457966 -498.237201
22.850000 1.974665 9.619889 -1261.142458 -502.870950
22.900000 2.014728 9.315282 -1280.084279 -506.428917
22.950000 1.989959 9.918763 -1252.892336 -488.748041
23.000000 1.983281 10.257461 -1230.195232 -468.615503
23.050000 1.991228 9.122594 -1292.565925 -527.934331
23.100000 1.993841 9.818202 -1251.360418 -485.725636
23.150000 2.003181 8.882415 -1303.325306 -534.103952
23.200000 2.002098 9.267702 -1278.778413 -509.972886
23.250000 2.007394 8.924867 -1298.648518 -527.809295
23.300000 1.995407 9.056085 -1294.070871 -527.834608
23.350000 1.994030 9.144995 -1292.032231 -526.324791
23.400000 2.020616 9.875884 -1246.480919 -470.564259
23.450000 2.037325 9.026036 -1291.879516 -509.546781
23.500000 1.981716 8.078448 -1340.883482 -579.904450
23.550000 1.993878 9.133980 -1281.896776 -516.247615
23.600000 1.993871 8.921249 -1292.776995 -527.130636
23.650000 2.003484 9.593246 -1253.504911 -484.167123
23.700000 1.989294 9.072305 -1289.136957 -525.248143
23.750000 1.993356 9.127485 -1286.413782 -520.965256
23.800000 1.993280 8.459334 -1324.111219 -558.691815
23.850000 2.008397 9.261140 -1285.868700 -514.644101
23.900000 2.027488 10.260137 -1230.524376 -451.968795
23.950000 2.009466 10.144283 -1231.543593 -459.908494
24.000000 2.011708 9.481324 -1263.337261 -490.841497
24.050000 1.990803 10.331499 -1219.890605 -455.422348
24.100000 2.033181 8.892244 -1310.809454 -530.067944
24.150000 1.994330 8.562329 -1325.407330 -559.584579
24.200000 1.995852 9.054077 -1290.199033 -523.791841
24.250000 2.031882 8.762984 -1310.555443 -530.312591
24.300000 1.966847 8.990521 -1300.470913 -545.201749
24.350000 1.986126 9.568364 -1272.546179 -509.873618
24.400000 2.012535 8.951140 -1301.220255 -528.406959
24.450000 2.000623 7.902976 -1359.120624 -590.881483
24.500000 2.033511 7.854761 -1360.428955 -579.560746
24.550000 1.986246 7.720505 -1364.452575 -601.734233
24.600000 2.000601 9.087726 -1285.481183 -517.250462
24.650000 1.983904 8.599438 -1315.050459 -553.231401
24.700000 2.001885 9.854897 -1254.051189 -485.327417
24.750000 2.021228 9.479356 -1274.557641 -498.406138
24.800000 1.984741 8.756473 -1307.160583 -545.019872
24.850000 1.996504 8.811905 -1305.329363 -538.671655
24.900000 1.998410 9.792028 -1252.733455 -485.343985
24.950000 1.975183 9.689528 -1257.654704 -499.184341
25.000000 1.979208 9.736828 -1248.155355 -488.139537
25.050000 1.998929 10.614013 -1198.393327 -430.804634
25.100000 2.005885 9.266612 -1282.847898 -512.588227
25.150000 1.991557 9.138151 -1289.756089 -524.998163
25.200000 2.013446 9.215797 -1280.376437 -507.213146
25.250000 1.978542 8.814846 -1298.910500 -539.150444
25.300000 1.999662 7.840981 -1357.842027 -589.971985
25.350000 1.991370 9.624915 -1255.446840 -490.760779
25.400000 2.012484 8.856113 -1306.479049 -533.685036
25.450000 2.020685 8.996628 -1295.775710 -519.832508
25.500000 1.987230 9.809202 -1240.051589 -476.955165
25.550000 1.995895 9.510571 -1263.673094 -497.249556
25.600000 2.007369 9.323740 -1277.803252 -506.973554
25.650000 2.011761 8.578821 -1315.879193 -543.363069
25.700000 2.009028 8.193889 -1334.478445 -563.011825
25.750000 1.998780 9.111017 -1288.924620 -521.393000
25.800000 2.029868 9.674689 -1258.905225 -479.436074
25.850000 1.983514 8.436487 -1326.242688 -564.573124
25.900000 1.991019 9.271996 -1286.719553 -522.168329
25.950000 2.002114 9.031404 -1296.668218 -527.856599
26.000000 1.991402 9.666816 -1256.233670 -491.535378
26.050000 2.013395 9.126197 -1292.463156 -519.319589
26.100000 1.985292 9.813289 -1253.677045 -491.325000
26.150000 2.011788 8.763157 -1314.104524 -541.577796
26.200000 2.008516 7.645609 -1376.063799 -604.793713
26.250000 2.005685 9.117221 -1291.425605 -521.242624
26.300000 2.008863 9.085313 -1296.287605 -524.884073
26.350000 1.986061 10.251600 -1231.111903 -468.464364
26.400000 2.024204 10.033765 -1245.034922 -467.740747
26.450000 2.020301 8.614612 -1314.212208 -538.416450
26.500000 1.962858 8.725081 -1308.946135 -555.208482
26.550000 2.015541 9.994807 -1244.776390 -470.808712
26.600000 2.028338 8.293650 -1341.745691 -562.864012
26.650000 2.000062 9.397174 -1268.911646 -500.887831
26.700000 1.993247 8.148296 -1340.670704 -575.263978
26.750000 1.995207 8.546302 -1319.291182 -553.131613
26.800000 2.038224 8.237685 -1339.131988 -556.453963
26.850000 1.997043 8.228111 -1335.215482 -568.351139
26.900000 2.000812 8.747087 -1309.485612 -541.173904
26.950000 1.978067 8.799609 -1308.035364 -548.457742
27.000000 2.002467 8.912942 -1303.045886 -534.098440
27.050000 1.976744 9.509075 -1263.588792 -504.519012
27.100000 2.020179 8.721260 -1305.026504 -529.277650
27.150000 1.977227 8.767861 -1291.539755 -532.284706
27.200000 2.006687 8.520604 -1310.663877 -540.096165
27.250000 2.020179 9.067148 -1290.847997 -515.099318
27.300000 2.008078 8.431107 -1325.751424 -554.649573
27.350000 1.988222 9.160821 -1286.255084 -522.777933
27.400000 2.017426 8.429852 -1335.856649 -561.165180
27.450000 2.000632 8.769051 -1312.172007 -543.929274
27.500000 1.991692 8.992912 -1294.346534 -529.536877
27.550000 2.026931 8.129692 -1345.210649 -566.869220
27.600000 1.956626 8.769719 -1309.092449 -557.747989
27.650000 2.004877 9.162514 -1288.257732 -518.384870
27.700000 1.983040 8.879225 -1302.493390 -541.005951
27.750000 2.010163 9.558995 -1264.850413 -492.947901
27.800000 2.011619 8.850938 -1299.425618 -526.964099
27.850000 2.001126 8.460481 -1321.737245 -553.304988
27.900000 2.007925 8.357989 -1323.597342 -552.554319
27.950000 1.988572 9.365363 -1264.241675 -500.630130
28.000000 1.992528 9.664918 -1260.756020 -495.625135
28.050000 1.984539 9.595005 -1268.964389 -506.901447
28.100000 2.001067 8.714739 -1312.374348 -543.964786
28.150000 2.021956 9.030685 -1287.942800 -511.511865
28.200000 1.994168 9.117065 -1281.027644 -515.267032
28.250000 1.999188 8.880468 -1297.689716 -530.001604
28.300000 1.992767 8.846985 -1298.173162 -532.950710
28.350000 1.986773 8.633415 -1311.384112 -548.463209
28.400000 1.991451 9.717617 -1250.520457 -485.803332
28.450000 2.024328 9.890221 -1245.884933 -468.542995
28.500000 2.009909 9.768005 -1253.735286 -481.930332
28.550000 1.991375 9.159059 -1282.204594 -517.516662
28.600000 1.997351 9.277930 -1273.253157 -506.270411
28.650000 1.968673 9.117027 -1278.604304 -522.633808
28.700000 2.007936 9.019900 -1295.883999 -524.836546
28.750000 1.984295 10.140478 -1233.554318 -471.584883
28.800000 1.997441 10.277271 -1223.760330 -456.742967
28.850000 1.984858 9.054429 -1298.769587 -536.584042
28.900000 1.995687 8.718193 -1322.121752 -555.777948
28.950000 2.026865 8.972704 -1309.242703 -530.926646
29.000000 1.985397 8.863412 -1311.353913 -548.961316
29.050000 2.003190 8.395769 -1335.859543 -566.634395
29.100000 1.974836 9.597877 -1260.103035 -501.765880
29.150000 2.003541 8.835353 -1307.798637 -538.438951
29.200000 1.976106 9.312044 -1285.578231 -526.753460
29.250000 2.030793 9.929303 -1251.991577 -472.167252
29.300000 2.003333 9.631280 -1263.787670 -494.507854
29.350000 2.007334 8.833009 -1309.406561 -538.590234
29.400000 2.012362 9.363230 -1278.087529 -505.340671
29.450000 1.971034 8.708805 -1315.714955 -558.837922
29.500000 2.007874 8.828617 -1311.546395 -540.522844
29.550000 1.994957 8.772927 -1310.630551 -544.566880
29.600000 2.006310 8.850558 -1298.264801 -527.841827
29.650000 1.997753 9.000567 -1290.605401 -523.468209
29.700000 2.009567 8.312951 -1332.238774 -560.565053
29.750000 1.997138 8.396923 -1330.191948 -563.291140
29.800000 2.024003 9.017184 -1298.583546 -521.366454
29.850000 1.995262 8.609544 -1316.516053 -550.335526
29.900000 2.006091 9.206248 -1279.350525 -509.011557
29.950000 2.010556 8.511703 -1321.428509 -549.374946
30.000000 1.997795 5.054290 -1227.370408 -460.217162
30.050000 1.996883 5.419029 -1209.512523 -442.709331
30.100000 2.020551 5.357830 -1219.605309 -443.713857
30.150000 1.994410 5.561044 -1204.147397 -438.293919
30.200000 2.013438 5.732362 -1193.503531 -420.343356
30.250000 2.005444 4.636084 -1258.472671 -488.382201
30.300000 2.023182 4.366925 -1265.765518 -488.863598
30.350000 1.987367 4.127909 -1278.990259 -515.841354
30.400000 1.978086 5.120242 -1222.358753 -462.773605
30.450000 2.018043 5.303315 -1216.216332 -441.287939
30.500000 1.982202 4.613046 -1258.269752 -497.104227
30.550000 1.997373 5.015794 -1229.298261 -462.306977
30.600000 2.005710 4.993879 -1237.079045 -466.886249
30.650000 1.979318 5.709917 -1190.382138 -430.324108
30.700000 2.024083 5.313367 -1213.005400 -435.757440
30.750000 1.997353 4.711132 -1245.892516 -478.909041
30.800000 1.978754 5.127867 -1222.610760 -462.769079
30.850000 1.993068 6.190957 -1161.300359 -395.962065
30.900000 2.025923 6.118152 -1168.503577 -390.549310
30.950000 2.000317 5.533829 -1204.407476 -436.285912
31.000000 1.998011 5.196228 -1221.787171 -454.550880
31.050000 2.033208 4.581980 -1259.108207 -478.356439
31.100000 2.029294 4.931663 -1232.010791 -452.761814
31.150000 1.999795 4.765398 -1245.997043 -478.075919
31.200000 1.992732 5.746886 -1186.369586 -421.160460
31.250000 1.999965 5.109018 -1225.808541 -457.821819
31.300000 2.018837 4.613589 -1247.086776 -471.853328
31.350000 1.982005 4.756217 -1235.493585 -474.403577
31.400000 1.971379 5.095027 -1224.697903 -467.688518
31.450000 2.014055 6.088784 -1169.351517 -395.954470
31.500000 2.019914 5.785224 -1194.138532 -418.491374
31.550000 2.004665 5.634541 -1200.640308 -430.848761
31.600000 1.992041 5.531002 -1209.986509 -445.042815
31.650000 2.022867 5.829529 -1187.275459 -410.494474
31.700000 2.013340 4.737657 -1252.141798 -479.019144
31.750000 1.982241 5.132149 -1229.252214 -468.071846
31.800000 2.000902 4.958987 -1244.495324 -476.148909
31.850000 2.006435 4.982586 -1240.810999 -470.339903
31.900000 1.987546 4.907908 -1245.989519 -482.772003
31.950000 1.999177 5.879854 -1194.737346 -427.053214
32.000000 1.982266 7.428672 -1103.793416 -342.603229
32.050000 2.012547 6.797595 -1144.787346 -371.969455
32.100000 1.988232 5.810591 -1200.178763 -436.697719
32.150000 1.999023 5.561147 -1208.417765 -440.792780
32.200000 1.981443 5.739888 -1186.242262 -425.368051
32.250000 2.006742 4.610295 -1260.549021 -489.960220
32.300000 2.019289 5.006961 -1231.892411 -456.485288
32.350000 1.978529 6.367999 -1139.204591 -379.449461
32.400000 2.003130 4.971929 -1232.861243 -463.659421
32.450000 2.012302 4.725554 -1251.020421 -478.296455
32.500000 2.002021 5.479738 -1207.314883 -438.538881
32.550000 1.997718 6.079892 -1164.331313 -397.207701
32.600000 2.022175 4.838485 -1244.654378 -468.139055
32.650000 2.003678 4.746140 -1249.810096 -480.397828
32.700000 1.994680 5.499812 -1207.594389 -441.637438
32.750000 1.981583 5.646203 -1206.469255 -445.541297
32.800000 2.000827 6.378767 -1163.508690 -395.191071
32.850000 1.992212 5.653177 -1211.779477 -446.769903
32.900000 1.996920 6.131289 -1172.738887 -405.921754
32.950000 1.999512 5.167892 -1227.195149 -459.382398
33.000000 2.003085 5.191122 -1227.419958 -458.235359
33.050000 2.022827 5.169807 -1226.462137 -449.696696
33.100000 1.995257 4.769425 -1247.118649 -480.940130
33.150000 1.998617 5.321990 -1218.756596 -451.287700
33.200000 1.980943 5.277318 -1222.745415 -462.063294
33.250000 2.003617 5.545459 -1203.143561 -433.754598
33.300000 1.995877 5.329589 -1216.441105 -450.024460
33.350000 2.006812 5.295808 -1219.296226 -448.680288
33.400000 1.983524 4.876539 -1239.351540 -477.678243
33.450000 2.024452 4.796138 -1242.982724 -465.593161
33.500000 2.016129 5.204776 -1211.045238 -436.851782
33.550000 1.978814 4.926678 -1228.045897 -468.181153
33.600000 1.983403 5.532371 -1196.119041 -434.492163
33.650000 2.010233 5.525830 -1200.337432 -428.408014
33.700000 2.018334 5.290645 -1220.969130 -445.929009
33.750000 1.999420 5.348271 -1223.156096 -455.378900
33.800000 1.972269 5.401796 -1223.797740 -466.446271
33.850000 1.998811 5.711430 -1204.433878 -436.890367
33.900000 2.009493 5.222322 -1228.099857 -456.454498
33.950000 1.995890 5.559183 -1203.843079 -437.421496
34.000000 1.986385 5.128834 -1237.422978 -474.651290
34.050000 2.009773 5.631298 -1204.771531 -433.018581
34.100000 1.990658 5.555108 -1207.638490 -443.225906
34.150000 2.002055 5.363074 -1212.737267 -443.948295
34.200000 1.991171 4.775977 -1250.672212 -486.062624
34.250000 1.997851 5.370771 -1209.840767 -442.665995
34.300000 1.988813 5.795717 -1185.782898 -422.078656
34.350000 2.001397 6.297615 -1159.097926 -390.561363
34.400000 2.031961 6.025850 -1180.524253 -400.251082
34.450000 1.988502 5.560514 -1208.043648 -444.459063
34.500000 1.990389 5.683292 -1195.128189 -430.818818
34.550000 2.010002 5.393812 -1203.407094 -431.566458
34.600000 1.992687 4.999338 -1226.459095 -461.267160
34.650000 2.001250 5.415700 -1213.498064 -445.017922
34.700000 2.024941 6.134283 -1175.352647 -397.775167
34.750000 2.015375 5.174014 -1236.767485 -462.863366
34.800000 1.981196 5.484022 -1215.111282 -454.331955
34.850000 2.017706 5.391563 -1215.041390 -440.242343
34.900000 1.996001 5.065145 -1231.004510 -464.540195
34.950000 1.996457 4.993865 -1236.973308 -470.333882
35.000000 2.021092 5.156892 -1224.767729 -448.668331
35.050000 2.001502 4.733726 -1253.756559 -485.179811
35.100000 1.976490 5.435833 -1213.986880 -455.014625
35.150000 1.998070 5.698906 -1206.107906 -438.848997
35.200000 2.017812 5.662587 -1211.519066 -436.679350
35.250000 1.999264 5.617877 -1212.370163 -444.652644
35.300000 2.012279 5.674863 -1209.501994 -436.786857
35.350000 2.006573 6.133440 -1177.849849 -407.325798
35.400000 2.009485 5.425464 -1221.561206 -449.919018
35.450000 1.991099 5.368986 -1221.946871 -457.364843
35.500000 2.008297 5.913147 -1188.564681 -417.378734
35.550000 2.003008 5.343427 -1213.138834 -443.983570
35.600000 2.015859 5.068698 -1231.988722 -457.898931
35.650000 2.025970 5.777269 -1189.848229 -411.875823
35.700000 2.011717 5.259937 -1222.566984 -450.067817
35.750000 1.972966 5.344124 -1207.909260 -450.290412
35.800000 2.013012 5.629170 -1187.939317 -414.942729
35.850000 1.995017 5.367099 -1204.322098 -438.235689
35.900000 1.986019 5.876862 -1180.577826 -417.946644
35.950000 1.985215 6.122491 -1176.493699 -414.170971
36.000000 2.015919 5.794517 -1201.877606 -427.764746
36.050000 2.012496 5.686935 -1196.535786 -423.737396
36.100000 2.013815 5.672539 -1193.748334 -420.443509
36.150000 1.997861 5.045853 -1231.095073 -463.916552
36.200000 1.993183 4.589624 -1257.243692 -491.861551
36.250000 1.983013 5.144570 -1223.665249 -462.188226
36.300000 2.018149 4.853049 -1238.671168 -463.701818
36.350000 2.003331 4.745152 -1243.662075 -474.382979
36.400000 1.992372 4.983433 -1236.114545 -471.043689
36.450000 1.974729 5.298262 -1224.713498 -466.417514
36.500000 2.020199 5.782875 -1197.253072 -421.496708
36.550000 2.000445 5.459368 -1214.379650 -446.208669
36.600000 2.022456 5.481495 -1210.867372 -434.244455
36.650000 1.980364 5.123730 -1231.694308 -471.234695
36.700000 1.991335 5.418080 -1219.882648 -455.210062
36.750000 2.009232 5.621984 -1200.482061 -428.937139
36.800000 1.986240 5.406654 -1212.206986 -449.490999
36.850000 1.983731 5.282109 -1220.100462 -458.347691
36.900000 2.023262 5.383117 -1216.475231 -439.542491
36.950000 1.995988 5.685658 -1201.013154 -434.553815
37.000000 2.012220 5.492391 -1215.523217 -442.830594
37.050000 1.996476 5.381974 -1216.264712 -449.617794
37.100000 1.989899 4.568965 -1257.800498 -493.679255
37.150000 1.974288 4.624294 -1254.171342 -496.044635
37.200000 2.000032 5.676518 -1192.246265 -424.233794
37.250000 1.994228 4.882532 -1240.246352 -474.462700
37.300000 1.987581 4.991438 -1231.563508 -468.332397
37.350000 1.990134 5.668324 -1191.205721 -426.994320
37.400000 2.030874 4.898856 -1240.243219 -460.387462
37.450000 1.981669 5.471816 -1202.327806 -441.367061
37.500000 1.998087 3.056227 -1101.665138 -334.399749
37.550000 1.985003 3.367393 -1079.538117 -317.297003
37.600000 2.005547 3.419243 -1083.158529 -313.028383
37.650000 2.009594 3.031813 -1105.969012 -334.285034
37.700000 1.997041 2.893929 -1108.151309 -341.287425
37.750000 1.980798 3.012718 -1098.666500 -338.039911
37.800000 2.026426 2.768127 -1121.683251 -343.535634
37.850000 2.020501 2.203256 -1155.141586 -379.269238
37.900000 1.945870 2.802395 -1113.735959 -366.522030
37.950000 1.997090 3.212957 -1088.963851 -322.081335
38.000000 2.003260 3.105841 -1091.715437 -322.463486
38.050000 1.987164 3.365766 -1072.405535 -309.334612
38.100000 2.008990 2.925051 -1105.222696 -333.770627
38.150000 2.008147 2.802021 -1116.058054 -344.929696
38.200000 1.999206 3.265941 -1091.738572 -324.043472
38.250000 2.002776 3.164137 -1102.089022 -333.023121
38.300000 2.003654 2.919462 -1119.226309 -349.823042
38.350000 1.986171 3.689180 -1065.709045 -303.019315
38.400000 1.996681 3.104690 -1107.939907 -341.214578
38.450000 2.005944 2.841170 -1124.456456 -354.173910
38.500000 2.004351 3.483712 -1073.877969 -304.206996
38.550000 1.984281 3.380565 -1077.233606 -315.269516
38.600000 2.001385 2.680773 -1125.957178 -357.425289
38.650000 2.014384 2.502391 -1138.730025 -365.206383
38.700000 1.981016 2.781357 -1125.385660 -364.675399
38.750000 1.993228 3.405749 -1089.399553 -323.999897
38.800000 1.996556 3.436517 -1087.106897 -320.429253
38.850000 1.991766 3.089892 -1109.435227 -344.597004
38.900000 2.012494 2.955514 -1120.259694 -347.462129
38.950000 1.985609 3.176603 -1109.509053 -347.035220
39.000000 1.992461 3.651241 -1078.078801 -312.973828
39.050000 1.998008 3.524534 -1085.002876 -317.767738
39.100000 1.996004 3.351131 -1094.555160 -328.089811
39.150000 2.019458 3.097316 -1109.270728 -333.799030
39.200000 1.996544 2.626696 -1129.736375 -363.063444
39.250000 1.997479 2.218493 -1157.842869 -390.810971
39.300000 2.005253 2.917135 -1109.643273 -339.626109
39.350000 2.006969 2.716261 -1125.702542 -355.026441
39.400000 1.976546 3.240247 -1087.015886 -328.022296
39.450000 2.012863 3.127884 -1099.202725 -326.263444
39.500000 1.996604 3.050811 -1101.420689 -334.724692
39.550000 1.999567 2.783687 -1118.598640 -350.764770
39.600000 1.997396 3.107604 -1096.082810 -329.082583
39.650000 2.004479 2.396230 -1149.906394 -380.186543
39.700000 2.002592 2.791111 -1121.107264 -352.112075
39.750000 1.991522 2.791135 -1120.613109 -355.868548
39.800000 1.985801 3.659770 -1056.202919 -293.655497
39.850000 1.990488 3.508233 -1072.948712 -308.601495
39.900000 2.002081 2.975023 -1110.895527 -342.096356
39.950000 1.980851 3.353926 -1081.425070 -320.778412
40.000000 1.987028 3.759720 -1058.220004 -295.201356
40.050000 1.995668 3.728553 -1065.376608 -299.040067
40.100000 2.003093 3.205714 -1106.417173 -337.229602
40.150000 2.004186 3.225417 -1101.622562 -332.015027
40.200000 1.990498 2.863009 -1121.869785 -357.518476
40.250000 2.004154 3.041566 -1104.408248 -334.813110
40.300000 1.998547 3.083129 -1098.448490 -331.006618
40.350000 2.011908 3.195120 -1088.698473 -316.125811
40.400000 1.999540 2.883875 -1103.769746 -335.946254
40.450000 2.000210 3.175855 -1089.243770 -321.163297
40.500000 2.012913 3.003226 -1107.187794 -334.229365
40.550000 1.987034 3.417163 -1075.079477 -312.058531
40.600000 2.001464 3.329125 -1083.190243 -314.628164
40.650000 2.019907 3.026989 -1105.050592 -329.406333
40.700000 2.009629 3.238290 -1088.043304 -316.345735
40.750000 2.003532 2.844465 -1119.923091 -350.566702
40.800000 1.989288 2.950653 -1107.148251 -343.261789
40.850000 2.004646 3.428667 -1074.241014 -304.456789
40.900000 1.979352 3.180536 -1091.878733 -331.807570
40.950000 1.988283 3.240696 -1092.659272 -329.158629
41.000000 1.984213 3.538020 -1078.172614 -316.234803
41.050000 1.991527 3.377934 -1085.322049 -320.575630
41.100000 2.016356 2.824530 -1116.928056 -342.647189
41.150000 1.997064 2.544284 -1137.559708 -370.687314
41.200000 1.994477 3.636786 -1068.646236 -302.767197
41.250000 1.981816 3.440033 -1093.275195 -332.257770
41.300000 2.006994 3.314476 -1104.304610 -333.619053
41.350000 1.992460 3.018313 -1111.694337 -346.589824
41.400000 2.000402 2.676467 -1125.401052 -357.246681
41.450000 1.997625 2.519609 -1126.886391 -359.798519
41.500000 1.986462 2.588014 -1124.514858 -361.713309
41.550000 2.007215 3.104458 -1095.687719 -324.916978
41.600000 1.996600 2.896270 -1108.651315 -341.957065
41.650000 1.979184 2.857651 -1105.838607 -345.832040
41.700000 2.008198 3.197648 -1077.987060 -306.839077
41.750000 2.007114 2.805248 -1110.576281 -339.844440
41.800000 1.997952 2.833370 -1110.811182 -343.597617
41.850000 2.007177 2.886336 -1108.239366 -337.483217
41.900000 1.994834 3.468131 -1070.191611 -304.175203
41.950000 2.000187 2.582701 -1138.925977 -370.854034
42.000000 1.988061 2.800930 -1122.477356 -359.062093
42.050000 2.021574 2.484522 -1141.912241 -365.627914
42.100000 1.984528 2.988959 -1105.513820 -343.455089
42.150000 2.005638 3.510735 -1077.613016 -307.448048
42.200000 1.998331 3.192173 -1099.901223 -332.541934
42.250000 1.989160 3.264371 -1090.322988 -326.485708
42.300000 1.999408 2.870505 -1114.920474 -347.147876
42.350000 2.005599 2.787735 -1118.912597 -348.762417
42.400000 1.988010 3.103778 -1094.334397 -330.938602
42.450000 1.984039 2.366446 -1141.495688 -379.624599
42.500000 1.989043 2.784916 -1112.786920 -348.994482
42.550000 1.991662 3.286179 -1086.959673 -322.161378
42.600000 1.997715 3.347555 -1088.920011 -321.797589
42.650000 2.002951 3.363043 -1081.566786 -312.433734
42.700000 2.009750 2.923467 -1109.911469 -338.167448
42.750000 1.989056 2.905348 -1108.910152 -345.112733
42.800000 2.001630 2.967184 -1104.316741 -335.690711
42.850000 2.002960 2.891571 -1103.268983 -334.132279
42.900000 1.992712 3.029548 -1098.607654 -333.406382
42.950000 2.011987 3.287568 -1081.496390 -308.893466
43.000000 2.008589 2.751174 -1116.724344 -345.426067
43.050000 1.985545 3.004282 -1093.337879 -330.888517
43.100000 1.981617 2.916953 -1104.893841 -343.953087
43.150000 2.013026 2.937468 -1101.954448 -328.952565
43.200000 1.997207 2.580082 -1116.238645 -349.310997
43.250000 1.989515 2.794442 -1104.491098 -340.517325
43.300000 1.998932 3.240139 -1081.091004 -313.501136
43.350000 1.996738 2.924791 -1109.430918 -342.683476
43.400000 2.008725 3.349777 -1078.696761 -307.346509
43.450000 1.997462 3.590888 -1055.699687 -288.674158
43.500000 1.993808 3.367062 -1072.910000 -307.287595
43.550000 2.004424 3.097796 -1092.641829 -322.943171
43.600000 1.987951 3.561320 -1058.459915 -295.086800
43.650000 2.011767 2.810665 -1111.883174 -339.364523
43.700000 1.979162 2.882110 -1103.331917 -343.333847
43.750000 2.003177 2.943284 -1100.655241 -331.435279
43.800000 1.995623 2.738016 -1121.546036 -355.226801
43.850000 2.015681 3.157586 -1099.503173 -325.481808
43.900000 1.971792 3.363482 -1086.602028 -329.433980
43.950000 1.983941 3.299069 -1086.331126 -324.497608
44.000000 1.998239 3.042005 -1102.241878 -334.918118
44.050000 2.012965 2.990925 -1107.774856 -334.796377
44.100000 1.998619 2.870700 -1116.748677 -349.278966
44.150000 1.983359 3.006597 -1106.385661 -344.775661
44.200000 1.986052 3.607543 -1059.854084 -297.210209
44.250000 2.008660 2.986894 -1105.891226 -334.565625
44.300000 2.019681 3.217462 -1088.976033 -313.418564
44.350000 1.987275 3.484868 -1075.929891 -312.816111
44.400000 2.003921 3.416342 -1089.556502 -320.050813
44.450000 1.987847 3.279688 -1096.212191 -332.879084
44.500000 1.996433 2.966411 -1115.448710 -348.818372
44.550000 2.010879 3.344397 -1082.158932 -309.981241
44.600000 1.985837 3.038714 -1100.573999 -338.012649
44.650000 2.012177 3.286419 -1074.521095 -301.845265
44.700000 2.014958 2.756181 -1105.152319 -331.408563
44.750000 1.983484 2.488567 -1122.655934 -360.998205
44.800000 2.007215 2.910751 -1095.483505 -324.713033
44.850000 1.984165 2.677741 -1118.059850 -356.140423
44.900000 2.004133 2.576716 -1126.548554 -356.961600
44.950000 2.000056 2.751140 -1108.399299 -340.377957
45.000000 1.975468 1.912965 -960.543318 -201.963642
45.050000 2.008318 1.867675 -968.092982 -196.899061
45.100000 2.013044 1.765300 -966.977719 -193.968809
45.150000 2.008241 1.455929 -975.828848 -204.664174
45.200000 1.987426 1.380684 -977.072453 -213.900818
45.250000 2.003839 1.629599 -959.513904 -190.039804
45.300000 2.002316 1.873359 -946.800455 -177.910987
45.350000 2.015524 1.604326 -973.584680 -199.623410
45.400000 1.993184 1.503107 -983.102433 -217.719708
45.450000 2.000796 1.719744 -972.175201 -203.869405
45.500000 2.002822 1.881557 -962.444090 -193.360312
45.550000 2.022720 1.609894 -976.680049 -199.955524
45.600000 1.985682 1.669639 -969.903636 -207.401855
45.650000 2.000065 1.772000 -955.767052 -187.742062
45.700000 2.002474 1.189463 -992.217062 -223.267020
45.750000 1.984992 1.600461 -954.732181 -192.495235
45.800000 2.010016 1.740070 -951.694150 -179.848115
45.850000 1.984190 1.887204 -949.197068 -187.268047
45.900000 2.002597 1.980020 -950.622139 -181.625052
45.950000 1.986843 2.024976 -951.261965 -188.314379
46.000000 2.012771 2.081341 -949.227471 -176.323551
46.050000 1.995433 1.603230 -985.589762 -219.343409
46.100000 2.003049 1.800644 -969.158510 -199.987766
46.150000 2.003317 1.910585 -963.750024 -194.476295
46.200000 1.994817 2.261156 -939.377556 -173.367639
46.250000 2.002126 2.511223 -920.155982 -151.339565
46.300000 2.003928 2.377117 -923.604767 -154.096394
46.350000 2.006399 1.482799 -982.805948 -212.348914
46.400000 1.994907 1.181239 -998.814851 -232.770603
46.450000 1.975196 1.643008 -963.098042 -204.622679
46.500000 1.998497 1.898419 -947.796121 -180.373302
46.550000 2.004955 2.086307 -928.864527 -158.961898
46.600000 2.017650 1.457876 -976.205242 -201.427719
46.650000 1.986666 1.390939 -980.691796 -217.811984
46.700000 1.980360 2.020686 -938.720148 -178.261763
46.750000 1.998699 2.113861 -930.722207 -163.221973
46.800000 1.991707 1.898180 -938.941242 -174.125745
46.850000 2.005188 1.656527 -954.133818 -184.141745
46.900000 1.997458 1.775801 -935.408408 -168.384699
46.950000 2.008509 1.308959 -970.649336 -199.381988
47.000000 1.989036 0.982428 -1000.220506 -236.430685
47.050000 2.013548 1.794452 -933.953091 -160.750835
47.100000 2.000344 1.761484 -942.068220 -173.936194
47.150000 1.999056 1.996127 -938.531851 -170.894354
47.200000 2.006106 2.160329 -931.980402 -161.635744
47.250000 1.990181 2.006618 -940.365659 -176.136208
47.300000 2.018358 1.905313 -947.238197 -172.188617
47.350000 2.010818 1.480346 -985.595681 -213.441709
47.400000 1.988277 1.979171 -948.798749 -185.300482
47.450000 2.009794 2.147021 -933.537401 -161.776549
47.500000 2.012241 2.014149 -935.471425 -162.770937
47.550000 1.992225 1.512885 -971.630198 -206.615840
47.600000 2.012613 1.560918 -961.978714 -189.135268
47.650000 1.994954 1.432233 -974.239506 -208.177034
47.700000 1.997593 1.544086 -967.752383 -200.676496
47.750000 2.001169 1.587917 -964.900939 -196.451966
47.800000 1.993434 2.159289 -926.081969 -160.603416
47.850000 2.001495 2.413742 -917.149171 -148.575151
47.900000 1.996057 2.062370 -946.767509 -180.281636
47.950000 1.999557 1.800137 -966.659685 -198.829915
48.000000 1.997942 1.929402 -952.909767 -185.700014
48.050000 2.004690 1.627064 -979.363401 -209.562430
48.100000 1.992885 1.317343 -1003.369138 -238.101419
48.150000 2.003491 1.411490 -985.471356 -216.130993
48.200000 1.998425 1.291884 -984.587186 -217.192126
48.250000 1.996512 1.517262 -962.486466 -195.825710
48.300000 2.013693 1.275020 -984.070825 -210.812827
48.350000 1.996536 1.372523 -975.413730 -208.743905
48.400000 1.993295 1.664385 -958.527455 -193.102344
48.450000 2.014890 1.443205 -978.292969 -204.575185
48.500000 1.999045 1.546115 -973.438470 -205.805120
48.550000 1.999187 2.010370 -941.187911 -173.500079
48.600000 1.990736 1.879917 -955.263509 -190.821012
48.650000 2.010271 1.923431 -947.426724 -175.482618
48.700000 2.004768 1.341958 -987.845528 -218.014634
48.750000 2.011413 1.423238 -976.720463 -204.337760
48.800000 1.982162 1.300175 -990.015093 -228.865074
48.850000 1.993864 1.327123 -990.532211 -224.888476
48.900000 1.984986 1.904127 -940.006388 -177.771604
48.950000 1.991354 1.587413 -969.624899 -204.944818
49.000000 2.005260 1.558530 -977.908343 -207.888524
49.050000 1.987954 2.212312 -925.273110 -161.898923
49.100000 2.021029 2.379802 -915.455563 -139.380362
49.150000 1.992897 1.859985 -959.486144 -194.213738
49.200000 2.018591 1.602855 -974.885727 -199.746908
49.250000 1.994943 1.406601 -985.160157 -219.102217
49.300000 1.990806 1.765811 -956.808840 -192.339299
49.350000 1.997718 1.934264 -945.553957 -178.430278
49.400000 2.020653 1.804814 -956.380297 -180.449608
49.450000 1.995849 1.807997 -950.582931 -184.176781
49.500000 1.997576 1.804649 -956.754656 -189.685337
49.550000 2.011540 1.929402 -944.261544 -171.830163
49.600000 2.006355 1.423100 -979.100563 -208.660069
49.650000 1.993307 1.267485 -992.166669 -226.736952
49.700000 1.993565 1.827029 -948.078907 -182.550057
49.750000 1.992642 1.726074 -958.585095 -193.410628
49.800000 1.999002 2.173929 -926.569149 -158.952373
49.850000 1.997753 2.303912 -921.042409 -153.905288
49.900000 1.998206 1.910960 -954.659842 -187.348596
49.950000 2.007417 2.056147 -935.704060 -164.856112
50.000000 2.002086 1.840828 -948.657766 -179.856890
50.050000 2.005133 1.471039 -976.898740 -206.927576
50.100000 2.001402 2.122390 -917.244209 -148.705907
50.150000 2.002246 1.658482 -959.683031 -190.820526
50.200000 1.996052 1.833101 -942.903812 -176.419671
50.250000 2.002277 1.653555 -958.838566 -189.964108
50.300000 1.991179 1.610390 -962.262683 -197.649826
50.350000 1.990742 1.702357 -956.937432 -192.492691
50.400000 2.008961 1.864677 -942.537107 -171.096177
50.450000 1.992929 1.892524 -935.540150 -170.255287
50.500000 2.015798 1.756974 -947.548342 -173.481990
50.550000 1.993393 1.960013 -937.278572 -171.815725
50.600000 1.999199 2.190831 -930.071810 -162.379502
50.650000 1.999540 2.068746 -949.422480 -181.598999
50.700000 2.010213 1.947425 -952.858279 -180.936309
50.750000 2.000361 1.190274 -1002.840279 -234.701794
50.800000 1.988685 1.408383 -981.965686 -218.310729
50.850000 2.003462 1.639073 -968.934594 -199.605252
50.900000 1.989592 1.582428 -977.387641 -213.384288
50.950000 2.012885 1.887501 -952.368079 -179.420407
51.000000 2.009654 1.792852 -957.920361 -186.213388
51.050000 1.992544 2.066851 -932.689256 -167.552198
51.100000 2.010706 1.837459 -950.034370 -177.923370
51.150000 1.994700 1.519994 -973.403299 -207.438388
51.200000 2.012742 1.672929 -955.702216 -182.809238
51.250000 2.000600 1.433676 -976.490636 -208.260110
51.300000 2.000108 1.406334 -981.558099 -213.516745
51.350000 2.002577 1.312445 -991.314408 -222.324885
51.400000 1.993801 1.320627 -989.950508 -224.330943
51.450000 1.989668 1.471695 -981.899341 -217.866745
51.500000 2.005040 1.402789 -990.761377 -220.825852
51.550000 2.002516 1.484176 -976.588503 -207.622347
51.600000 1.980240 1.233805 -996.861927 -236.449760
51.650000 2.004134 1.474921 -977.454401 -207.866970
51.700000 1.994726 1.793450 -954.594539 -188.619811
51.750000 2.001362 1.708942 -963.361581 -194.838384
51.800000 2.023299 1.734447 -955.002306 -178.055425
51.850000 1.981367 1.801209 -948.091354 -187.246473
51.900000 2.016333 1.838980 -948.937326 -174.665326
51.950000 1.981901 1.732404 -965.061104 -204.010966
52.000000 2.004000 2.172789 -938.829755 -169.293778
52.050000 1.992559 2.148569 -940.736143 -175.593355
52.100000 2.016770 2.089115 -947.073943 -172.634158
52.150000 2.013545 1.676671 -981.801936 -208.600662
52.200000 2.000094 1.464923 -993.106743 -225.070825
52.250000 2.000114 2.082367 -937.798439 -169.754625
52.300000 2.007262 1.803498 -953.488688 -182.699981
52.350000 2.010723 1.730252 -947.303304 -175.185844
52.400000 2.000447 1.486780 -968.210125 -200.038407
52.450000 1.994512 1.702053 -955.408160 -189.515633
52.500000 2.002258 1.293772 -790.417729 -21.550529
52.550000 1.991775 1.199004 -796.532095 -31.690350
52.600000 2.001068 1.149677 -798.985275 -30.575344
52.650000 2.003321 1.197792 -787.719097 -18.443888
52.700000 2.013061 0.723077 -830.657874 -57.642563
52.750000 1.980622 0.855852 -818.297620 -57.738742
52.800000 2.024137 0.972414 -813.847215 -36.578649
52.850000 1.985520 0.917032 -830.331617 -67.892004
52.900000 1.989861 1.460396 -792.669097 -28.562613
52.950000 2.028897 1.611921 -777.273858 1.822708
53.000000 2.006348 1.117619 -808.703530 -38.265764
53.050000 1.995365 0.949851 -812.016246 -45.796066
53.100000 2.019107 1.327951 -769.492891 5.844119
53.150000 2.016496 1.005464 -802.327014 -27.992447
53.200000 1.989581 0.872566 -815.282277 -51.283258
53.250000 1.992720 0.963657 -808.254776 -43.050323
53.300000 2.014815 0.914301 -809.460100 -35.770969
53.350000 1.993674 0.967888 -803.298977 -37.728213
53.400000 1.996729 1.064168 -799.715104 -32.971255
53.450000 1.994053 1.207804 -787.264974 -21.548683
53.500000 2.005092 0.886803 -821.299223 -51.343767
53.550000 1.978670 1.171423 -789.893413 -30.084056
53.600000 2.010625 1.468329 -758.346001 13.733991
53.650000 2.002869 1.137537 -792.673057 -23.571180
53.700000 2.000896 1.187375 -793.043105 -24.699081
53.750000 1.991025 1.334605 -777.572027 -13.018447
53.800000 2.026846 1.083943 -795.711810 -17.402903
53.850000 1.988496 0.895112 -804.372600 -40.790087
53.900000 2.011682 1.191943 -775.569798 -3.084092
53.950000 1.998480 1.080351 -784.777247 -17.360877
54.000000 2.011856 1.075464 -783.653812 -11.101108
54.050000 2.008800 0.636494 -826.070316 -54.691117
54.100000 1.984554 1.077989 -786.359998 -24.291261
54.150000 2.008195 1.023527 -801.001705 -29.854758
54.200000 2.010461 1.100642 -796.077368 -24.060221
54.250000 1.983611 1.133753 -799.206332 -37.499866
54.300000 2.006294 1.247178 -796.464006 -26.046975
54.350000 1.989022 1.127858 -799.706148 -35.921706
54.400000 1.998988 0.834843 -819.543693 -51.932357
54.450000 2.002574 0.910243 -814.103013 -45.114764
54.500000 1.992421 1.248881 -786.594067 -21.504334
54.550000 1.986537 1.273508 -789.708080 -26.877709
54.600000 2.016737 0.844488 -834.968342 -60.541340
54.650000 1.997260 1.178837 -804.805280 -37.857272
54.700000 1.994826 1.286210 -803.868924 -37.855738
54.750000 2.002055 1.396211 -799.989803 -31.200827
54.800000 1.986225 1.311071 -810.910175 -48.199650
54.850000 1.991807 1.351026 -806.102705 -41.248891
54.900000 1.993760 1.321879 -808.549061 -42.945112
54.950000 2.009445 1.395872 -797.976248 -26.349384
55.000000 2.003181 0.859265 -851.935182 -82.713614
55.050000 1.997500 0.882321 -842.006361 -74.966386
55.100000 1.990059 1.010113 -825.394417 -61.211778
55.150000 2.007369 0.783133 -847.599510 -76.769890
55.200000 1.990315 1.072216 -823.438546 -59.157626
55.250000 2.001748 1.439978 -792.317072 -23.645849
55.300000 2.003455 1.358940 -801.542751 -32.215863
55.350000 2.007545 1.201178 -808.772390 -37.875022
55.400000 1.984930 1.111644 -801.192589 -38.979315
55.450000 1.987461 0.986669 -806.760237 -43.575220
55.500000 2.012873 0.918709 -809.790219 -36.847054
55.550000 2.002881 0.801319 -818.884014 -49.777806
55.600000 1.994426 0.762718 -824.567980 -58.708249
55.650000 1.992428 0.810542 -828.328890 -63.236654
55.700000 1.982754 1.468251 -767.801650 -6.423953
55.750000 2.010289 1.284957 -787.295614 -15.344448
55.800000 2.004267 0.869270 -818.837916 -49.199404
55.850000 1.995812 1.030352 -797.944651 -31.552902
55.900000 2.012830 0.686253 -834.472553 -61.545666
55.950000 1.986715 0.960353 -811.175065 -48.276409
56.000000 1.988311 1.111960 -799.811177 -36.299673
56.050000 2.005525 1.040612 -803.098993 -32.977415
56.100000 1.990316 1.317217 -767.491262 -3.209795
56.150000 2.006457 1.027406 -796.962875 -26.483292
56.200000 2.003772 0.965201 -801.952911 -32.504632
56.250000 2.000060 1.003728 -800.042166 -32.019168
56.300000 1.995541 1.006297 -805.056282 -38.768638
56.350000 1.996765 1.143613 -793.087526 -26.329740
56.400000 2.002322 1.101666 -799.899316 -31.007584
56.450000 2.004168 0.986563 -807.694943 -38.094455
56.500000 2.003809 0.822232 -819.285417 -49.822767
56.550000 2.014930 0.747856 -821.648496 -47.915423
56.600000 1.986334 0.946628 -806.259217 -43.507121
56.650000 1.991937 1.498259 -762.135016 2.768734
56.700000 2.012004 1.165904 -799.213570 -26.604049
56.750000 1.999462 0.951936 -818.072661 -50.279264
56.800000 1.999228 1.086597 -806.986538 -39.282920
56.850000 1.999898 1.218578 -794.756835 -26.796110
56.900000 1.997937 1.308237 -788.002065 -20.794381
56.950000 2.002442 1.307890 -788.758261 -19.820710
57.000000 2.006829 1.261712 -787.110990 -16.488833
57.050000 1.992657 0.994378 -808.426890 -43.246505
57.100000 1.984247 1.110614 -797.378150 -35.427304
57.150000 2.013926 1.066575 -802.714611 -29.366900
57.200000 1.982848 1.061656 -801.121055 -39.707549
57.250000 1.996243 1.045889 -803.374786 -36.817431
57.300000 1.990968 0.809413 -827.105059 -62.573397
57.350000 1.988785 1.368212 -770.966689 -7.273285
57.400000 2.005666 0.852799 -822.552421 -52.376498
57.450000 2.005860 0.711226 -831.655503 -61.405278
57.500000 2.008802 0.851185 -819.017203 -47.637084
57.550000 1.994925 0.838978 -831.127687 -65.076585
57.600000 1.992410 1.316700 -789.362961 -24.277617
57.650000 1.996998 1.171847 -806.808069 -39.960933
57.700000 2.012597 1.204634 -803.097984 -30.260722
57.750000 2.007181 0.909828 -834.588025 -63.830591
57.800000 1.984169 1.404447 -788.764157 -26.843301
57.850000 2.012930 1.558369 -782.815477 -9.850479
57.900000 1.984862 1.282568 -813.595948 -51.408869
57.950000 2.001935 1.511299 -796.782068 -28.038961
58.000000 2.013936 1.135699 -835.518237 -62.166846
58.050000 1.990130 1.176835 -824.157968 -59.947949
58.100000 2.002174 1.039702 -835.969880 -67.135136
58.150000 1.989766 1.194038 -822.917754 -58.847730
58.200000 2.006789 1.252224 -816.792066 -46.185138
58.250000 1.985720 1.202706 -818.764804 -56.248165
58.300000 2.007500 1.112987 -823.916020 -53.035959
58.350000 1.998719 0.966306 -831.875582 -64.367497
58.400000 2.008560 0.894271 -832.269365 -60.982207
58.450000 1.993898 1.067097 -810.093622 -44.436640
58.500000 1.988078 1.364671 -788.453680 -25.031712
58.550000 2.004109 1.369697 -794.083812 -24.505817
58.600000 2.004964 1.122808 -814.036180 -44.129949
58.650000 2.001192 0.835959 -835.015920 -66.558012
58.700000 2.002538 1.036054 -808.465574 -39.490808
58.750000 2.002464 0.811069 -830.936733 -61.990637
58.800000 1.987721 1.219721 -790.213892 -26.929190
58.850000 2.007225 1.019042 -810.747004 -39.972535
58.900000 1.997642 0.902522 -819.169366 -52.075028
58.950000 2.001003 1.061766 -801.253293 -32.868196
59.000000 2.001781 0.925131 -816.839789 -48.155980
59.050000 1.992781 1.084446 -811.017301 -45.789334
59.100000 2.006445 1.300998 -808.175425 -37.700407
59.150000 2.009849 1.360383 -806.645256 -34.863274
59.200000 2.000980 1.291113 -809.341537 -40.965087
59.250000 2.011372 1.324469 -797.943773 -25.576892
59.300000 1.992133 1.463644 -775.241127 -10.261988
59.350000 1.990720 1.288165 -788.581099 -24.144492
59.400000 2.006420 1.474608 -763.910139 6.555001
59.450000 1.989589 1.076452 -796.408595 -32.406325
59.500000 1.998487 0.750907 -823.440120 -56.021008
59.550000 1.993926 0.879538 -808.131116 -42.463657
59.600000 2.003169 0.828804 -814.276200 -45.059163
59.650000 2.006712 0.753930 -820.981747 -50.404269
59.700000 1.988610 0.767323 -818.030034 -54.403926
59.750000 2.002036 1.178315 -775.667376 -6.885376
59.800000 2.000272 0.770670 -812.461382 -44.356972
59.850000 2.011271 0.949068 -792.748805 -20.420890
59.900000 1.978669 1.069134 -787.086915 -27.278031
59.950000 2.014698 1.151448 -789.009898 -15.366017
60.000000 1.985847 0.643882 -637.872963 124.692183
60.050000 1.991891 0.944094 -610.122304 154.763864
60.100000 2.005772 0.762695 -639.003127 131.213282
60.150000 1.994398 0.712309 -648.501993 117.346648
60.200000 2.006533 0.789538 -643.305828 127.202874
60.250000 1.993782 0.954594 -628.786310 136.826169
60.300000 2.010572 0.974197 -629.233174 142.826588
60.350000 2.007329 0.853199 -638.364828 132.449661
60.400000 1.999445 0.853433 -632.955538 134.831376
60.450000 1.996725 0.790112 -637.207814 129.534660
60.500000 2.006994 0.690048 -646.182355 124.503440
60.550000 2.003678 0.578450 -656.421273 112.991205
60.600000 1.986857 0.762387 -634.141772 128.811328
60.650000 2.015624 0.788007 -630.611035 143.388550
60.700000 1.988749 0.578876 -651.835073 111.844534
60.750000 2.006079 0.678412 -637.886278 132.448206
60.800000 2.010661 0.529601 -650.672645 121.421076
60.850000 1.997529 0.449981 -660.041073 107.009940
60.900000 1.994227 0.795924 -624.294125 141.488984
60.950000 1.997089 0.719631 -642.103634 124.778571
61.000000 1.999405 0.654761 -650.365270 117.406185
61.050000 1.994934 0.900076 -618.577066 147.477518
61.100000 1.992719 0.820099 -626.932441 138.271621
61.150000 2.006449 0.821829 -623.763000 146.713603
61.200000 1.999255 0.638682 -641.090670 126.623102
61.250000 2.001549 0.798424 -614.158156 154.436718
61.300000 2.000737 0.524059 -647.956840 120.326347
61.350000 1.997882 0.760479 -619.848572 147.338254
61.400000 2.012484 0.597305 -639.094496 133.699506
61.450000 2.000970 0.488147 -648.857955 119.514616
61.500000 2.010661 0.531363 -643.564957 128.528925
61.550000 1.991266 0.512558 -651.326318 113.319768
61.600000 2.009234 0.870816 -612.636469 158.909405
61.650000 1.994959 0.601779 -647.114487 118.949934
61.700000 2.004634 0.552988 -655.361833 114.417633
61.750000 1.980131 0.837823 -625.133533 135.236663
61.800000 2.009866 0.775096 -636.852219 134.936343
61.850000 2.000851 0.673173 -643.130456 125.196151
61.900000 2.003304 0.648170 -641.209614 128.058982
61.950000 2.003012 0.466652 -662.554726 106.601787
62.000000 1.986695 0.622083 -643.817337 119.073544
62.050000 2.004313 0.751136 -636.748555 132.907480
62.100000 2.017618 0.727081 -644.232123 130.533261
62.150000 1.982874 0.661462 -658.198662 103.224842
62.200000 1.987336 1.172817 -605.832272 157.304758
62.250000 2.005716 0.992892 -625.757365 144.437706
62.300000 2.008545 0.653340 -654.755024 116.526229
62.350000 1.988029 0.626667 -653.278253 110.124846
62.400000 2.003685 0.689102 -651.042653 118.372296
62.450000 1.997119 0.668761 -658.614362 108.279186
62.500000 1.999106 0.765371 -647.646772 120.009946
62.550000 2.006931 0.767682 -641.914143 128.747346
62.600000 1.991148 0.662483 -651.949549 112.651424
62.650000 2.011314 0.678642 -649.632078 122.712462
62.700000 2.004932 0.694674 -640.648873 129.245164
62.750000 1.988719 0.666360 -640.706323 122.961834
62.800000 1.992413 0.631878 -640.906719 124.179741
62.850000 2.000005 0.574664 -643.750067 124.251915
62.900000 1.995656 0.486634 -658.139327 108.192665
62.950000 1.995816 0.590604 -654.278392 112.114971
63.000000 1.998913 0.773394 -635.675877 131.906756
63.050000 2.001555 0.615650 -651.423422 117.173857
63.100000 2.009758 0.562751 -650.940703 120.806375
63.150000 1.998775 0.388849 -669.456654 98.072849
63.200000 1.996459 0.725618 -633.763300 132.876931
63.250000 2.007276 0.777961 -633.186902 137.607187
63.300000 2.003634 0.539492 -661.156129 108.239222
63.350000 1.992031 0.678492 -647.409609 117.530114
63.400000 2.003869 0.766289 -643.707182 125.778622
63.450000 1.996256 1.077391 -606.453126 160.109184
63.500000 2.007171 0.778057 -633.759618 136.993890
63.550000 1.987968 0.576887 -652.597309 110.782301
63.600000 2.007927 0.727765 -632.956533 138.087573
63.650000 1.987674 0.702093 -627.321653 135.945037
63.700000 2.004862 0.474456 -649.608137 120.258925
63.750000 1.999331 0.547282 -639.441009 128.302241
63.800000 1.987559 0.647531 -639.817731 123.404927
63.850000 1.999575 1.023736 -604.081544 163.755068
63.900000 1.999446 0.685516 -654.205414 113.581804
63.950000 2.002574 0.643283 -666.242395 102.745847
64.000000 1.996199 0.653925 -677.724576 88.816009
64.050000 2.008065 1.015077 -642.980913 128.115963
64.100000 1.999856 0.731596 -679.813664 88.130954
64.150000 2.006661 0.748341 -672.984042 97.573841
64.200000 1.995938 0.606162 -694.104807 72.335222
64.250000 1.989504 1.021405 -647.581036 116.388460
64.300000 2.018496 0.866367 -663.948015 111.154324
64.350000 1.991172 0.678456 -679.111804 85.498282
64.400000 1.996389 0.666589 -681.869848 84.743632
64.450000 2.002540 0.780291 -667.722561 101.252680
64.500000 1.994214 0.857824 -658.682348 107.095940
64.550000 2.010783 0.929477 -652.049316 120.091172
64.600000 1.996271 0.986740 -640.690938 125.877056
64.650000 1.988394 0.955925 -643.761031 119.782370
64.700000 2.010993 0.831682 -661.313032 110.908444
64.750000 2.008870 0.573728 -687.998482 83.407605
64.800000 1.994358 0.558195 -686.509919 79.323647
64.850000 1.993564 0.773743 -660.018336 105.510134
64.900000 2.001301 0.717193 -667.694951 100.804595
64.950000 2.007955 0.750279 -659.942357 111.112285
65.000000 2.006655 0.515543 -684.452310 86.103024
65.050000 2.000962 0.521941 -681.284908 87.084664
65.100000 1.996429 0.643363 -668.159419 98.469207
65.150000 2.000958 0.766846 -660.396407 107.971344
65.200000 2.002200 1.025585 -628.648596 140.196379
65.250000 1.999817 0.913596 -637.070928 130.858729
65.300000 1.990712 0.793949 -651.945272 112.488298
65.350000 2.016538 0.880921 -638.102082 136.248451
65.400000 1.993798 0.848379 -636.286318 129.332020
65.450000 2.001220 0.894864 -630.415552 138.052988
65.500000 2.002466 0.728556 -652.025118 116.921876
65.550000 1.990117 0.764163 -645.796739 118.408376
65.600000 2.006436 0.812247 -634.351879 136.119570
65.650000 1.994552 0.789278 -630.732673 135.175202
65.700000 1.994437 0.625381 -645.009932 120.853925
65.750000 1.996010 0.588448 -648.586157 117.881766
65.800000 2.000324 0.755804 -632.936625 135.187774
65.850000 2.006719 0.679667 -648.042676 122.537445
65.900000 2.002278 0.703421 -645.807120 123.067669
65.950000 1.995811 0.571897 -660.709480 105.681977
66.000000 1.994528 0.541257 -665.074885 100.824013
66.050000 2.021221 0.543388 -665.425940 110.722764
66.100000 2.010884 0.439131 -676.209432 95.969907
66.150000 1.986811 0.476139 -679.022067 83.913211
66.200000 1.996886 0.901953 -640.165816 126.638234
66.250000 2.004948 0.937691 -644.835779 125.064419
66.300000 2.002133 1.044998 -626.919533 141.899635
66.350000 2.002947 0.733408 -651.822887 117.308673
66.400000 2.002667 0.803125 -628.905224 140.119092
66.450000 2.005283 0.642523 -637.306056 132.722735
66.500000 2.014614 0.501303 -648.651755 124.960194
66.550000 2.003353 0.588534 -635.487232 133.800166
66.600000 2.008166 0.495662 -645.795548 125.340213
66.650000 1.998924 0.364873 -662.544843 105.041880
66.700000 1.988861 0.554757 -647.814742 115.907766
66.750000 2.005906 0.869461 -616.791108 153.476852
66.800000 2.001384 0.773000 -633.481243 135.050398
66.850000 2.001927 0.590719 -659.293418 109.446587
66.900000 1.999381 0.703132 -652.822216 114.940047
66.950000 1.995304 0.851508 -640.271473 125.925225
67.000000 2.000029 0.958723 -624.740784 143.270407
67.050000 1.997076 0.745480 -641.056758 125.820453
67.100000 2.011608 0.397659 -675.238891 97.218579
67.150000 1.991860 0.394442 -671.991144 92.883059
67.200000 1.999825 0.498198 -662.783908 105.148759
67.250000 1.994240 0.776742 -634.633040 131.155301
67.300000 2.021124 0.723274 -647.161415 128.950311
67.350000 1.993428 0.559453 -666.531745 98.944433
67.400000 2.008592 0.780227 -641.997359 129.301983
67.450000 2.001526 0.784731 -644.834842 123.751133
