# t Temp Pres Epot Etot
0.000000 1.997360 0.582278 -2271.608614 -737.636253
0.050000 2.001084 0.366244 -2297.062109 -760.229466
0.100000 1.998337 0.806320 -2263.789834 -729.067211
0.150000 1.997996 0.583497 -2282.148950 -747.688168
0.200000 2.004472 0.511287 -2279.074401 -739.639705
0.250000 2.000077 0.219170 -2291.503736 -755.444475
0.300000 1.995250 0.412206 -2269.292468 -736.940105
0.350000 2.007151 0.573702 -2252.680654 -711.188845
0.400000 1.994376 0.284612 -2284.915927 -753.235189
0.450000 2.007230 0.380348 -2287.539570 -745.986860
0.500000 2.000373 0.091438 -2313.716060 -777.429946
0.550000 2.001722 0.391709 -2299.212673 -761.890401
0.600000 1.993569 0.631343 -2282.310834 -751.249512
0.650000 2.003272 0.111103 -2327.219664 -788.706770
0.700000 1.996958 0.240012 -2325.031679 -791.367633
0.750000 1.985213 0.801683 -2283.343138 -758.699697
0.800000 1.986979 0.699985 -2288.918219 -762.918092
0.850000 1.998680 0.724034 -2275.995111 -741.008534
0.900000 1.995907 0.115921 -2312.983740 -780.127420
0.950000 1.999703 0.388007 -2283.960360 -748.188291
1.000000 1.994604 0.552572 -2272.573387 -740.717659
1.050000 2.006597 -0.081881 -2323.940406 -782.873623
1.100000 1.991451 0.175383 -2308.881060 -779.446997
1.150000 2.008923 0.544473 -2288.939076 -746.086226
1.200000 2.000431 0.203024 -2315.254327 -778.922970
1.250000 1.974611 0.642168 -2275.669322 -759.168056
1.300000 2.004810 0.483098 -2283.623571 -743.929575
1.350000 1.998181 -0.026226 -2313.534816 -778.932173
1.400000 1.996948 0.141570 -2293.794711 -760.138674
1.450000 1.999114 -0.024608 -2306.022244 -770.702772
1.500000 1.999511 -0.029764 -2310.233673 -774.609258
1.550000 2.017064 0.696714 -2254.064599 -704.959333
1.600000 1.995379 0.200632 -2299.401175 -766.949840
1.650000 1.996442 0.165649 -2301.424274 -768.156990
1.700000 2.003698 0.142602 -2297.199820 -758.359633
1.750000 2.001627 0.000810 -2303.846974 -766.597616
1.800000 2.002595 0.306232 -2275.640174 -737.647355
1.850000 1.993818 0.445359 -2263.998903 -732.746346
1.900000 2.004556 0.214446 -2288.943329 -749.444179
1.950000 2.002677 0.413701 -2278.625856 -740.569784
2.000000 1.988829 0.562607 -2276.289720 -748.869379
2.050000 2.001608 0.476158 -2287.241227 -750.006457
2.100000 1.994326 0.345418 -2295.032003 -763.389585
2.150000 1.998944 0.226019 -2302.404396 -767.215375
2.200000 2.003306 0.136831 -2307.213589 -768.674779
2.250000 1.998584 0.354228 -2284.909045 -749.996796
2.300000 2.001259 0.148256 -2297.563230 -760.596100
2.350000 2.000197 0.343123 -2275.527899 -739.376561
2.400000 2.012126 0.088510 -2289.624044 -744.311019
2.450000 2.002221 -0.030515 -2291.977958 -754.272204
2.500000 1.987885 0.258831 -2273.422820 -746.726826
2.550000 1.992138 0.417059 -2270.488529 -740.526913
2.600000 1.992987 0.551047 -2262.790915 -732.177016
2.650000 2.016633 0.402396 -2275.669977 -726.895610
2.700000 1.996583 0.072540 -2301.974457 -768.598991
2.750000 2.007134 0.473158 -2272.033043 -730.554387
2.800000 2.017547 0.351443 -2282.175235 -732.698997
2.850000 2.001078 0.280370 -2283.116464 -746.288820
2.900000 2.002389 0.028960 -2302.440767 -764.606100
2.950000 1.999568 0.123081 -2294.040526 -758.372139
3.000000 1.999558 0.102579 -2297.119551 -761.459274
3.050000 2.003155 0.032660 -2302.666456 -764.243214
3.100000 1.990259 0.274711 -2280.361459 -751.842222
3.150000 2.003177 0.243215 -2280.653269 -742.213501
3.200000 1.997220 0.157750 -2283.374545 -749.509222
3.250000 2.005334 0.098387 -2284.072206 -743.975717
3.300000 1.999975 0.000569 -2291.629981 -755.648825
3.350000 1.993726 0.237478 -2274.916258 -743.734807
3.400000 1.997280 0.216166 -2276.023544 -742.112293
3.450000 2.000906 0.011177 -2288.697237 -752.001346
3.500000 2.000776 -0.069624 -2295.998168 -759.402376
3.550000 2.000581 0.223840 -2274.515897 -738.069874
3.600000 2.003528 0.183309 -2279.027766 -740.317987
3.650000 1.988619 0.309895 -2267.774418 -740.514876
3.700000 2.002253 0.157597 -2288.117005 -750.386764
3.750000 2.004470 0.237303 -2284.427087 -744.994206
3.800000 1.996361 0.461068 -2261.101155 -727.896159
3.850000 2.000924 0.043234 -2291.808705 -755.099006
3.900000 2.000698 0.050796 -2288.822128 -752.285839
3.950000 2.001772 0.107442 -2287.691017 -750.330034
4.000000 1.997566 0.203350 -2285.525680 -751.394616
4.050000 1.995035 0.490234 -2264.439695 -732.253080
4.100000 1.997654 0.138813 -2297.246181 -763.048037
4.150000 1.997087 0.397833 -2281.239775 -747.477192
4.200000 2.005797 0.377766 -2280.882294 -740.430435
4.250000 2.000735 0.008992 -2301.181296 -764.616870
4.300000 1.997022 0.125497 -2289.718645 -756.005480
4.350000 2.007675 0.138945 -2293.722436 -751.827718
4.400000 1.995030 0.349139 -2278.060376 -745.877683
4.450000 2.001925 0.181659 -2292.604402 -755.126070
4.500000 1.999143 0.168168 -2291.465966 -756.123926
4.550000 2.001671 0.263222 -2281.606496 -744.323414
4.600000 1.998333 0.135942 -2289.624394 -754.904577
4.650000 2.001200 0.323275 -2270.542660 -733.620813
4.700000 2.001547 0.120235 -2277.456570 -740.268452
4.750000 1.996880 -0.072627 -2286.376093 -752.772040
4.800000 1.995680 0.157496 -2267.471932 -734.789645
4.850000 1.997424 0.086520 -2273.556436 -739.534840
4.900000 1.997254 0.166765 -2269.834039 -735.942684
4.950000 1.997205 0.015693 -2290.053748 -756.200316
5.000000 2.001629 0.279076 -2271.612461 -734.361458
5.050000 2.001446 0.173277 -2277.132587 -740.022115
5.100000 1.999425 0.053574 -2283.400648 -747.842190
5.150000 2.001107 0.136715 -2266.267237 -729.417043
5.200000 1.998038 -0.333701 -2299.683708 -765.190448
5.250000 1.995299 0.038857 -2268.511453 -736.122136
5.300000 1.999842 -0.051312 -2278.399481 -742.520900
5.350000 2.000362 -0.093178 -2283.484329 -747.206402
5.400000 2.002472 -0.141490 -2292.458773 -754.559922
5.450000 2.001219 0.185819 -2272.181345 -735.245027
5.500000 2.004381 -0.044737 -2299.315940 -759.951699
5.550000 2.002972 0.410999 -2264.353966 -726.071452
5.600000 1.996438 0.240444 -2286.627095 -753.362502
5.650000 1.995153 0.707629 -2251.087430 -718.810048
5.700000 2.001528 0.287568 -2285.134469 -747.960679
5.750000 2.001271 0.222905 -2284.116661 -747.140272
5.800000 1.999693 0.075145 -2289.753808 -753.989968
5.850000 1.993152 0.139959 -2283.357796 -752.617193
5.900000 1.999616 0.424471 -2260.678375 -724.973462
5.950000 1.994071 0.193523 -2273.171150 -741.724723
6.000000 1.997458 0.049414 -2276.708070 -742.660300
6.050000 2.001353 -0.123076 -2282.057828 -745.018719
6.100000 1.999936 -0.212554 -2286.156376 -750.205592
6.150000 1.999282 -0.123437 -2286.724668 -751.276332
6.200000 1.996360 0.164122 -2275.077246 -741.872819
6.250000 2.003094 0.235865 -2275.063504 -736.687253
6.300000 1.997682 0.111070 -2287.922329 -753.702904
6.350000 2.007808 0.165010 -2285.484153 -743.487764
6.400000 1.998869 0.072759 -2292.552519 -757.420999
6.450000 1.996681 0.293885 -2277.790115 -744.338862
6.500000 2.002847 0.171430 -2286.760556 -748.573814
6.550000 1.996137 0.228088 -2273.827389 -740.794406
6.600000 2.003165 0.170762 -2269.708147 -731.277296
6.650000 1.998209 -0.027026 -2276.195807 -741.571034
6.700000 2.000447 -0.069027 -2275.918865 -739.575395
6.750000 1.998937 -0.046098 -2271.113156 -735.929537
6.800000 2.002871 -0.134834 -2273.717093 -735.511858
6.850000 1.999998 -0.226891 -2277.630348 -741.632252
6.900000 1.998712 -0.042192 -2264.919323 -729.908673
6.950000 2.000137 0.019894 -2267.846814 -731.741343
7.000000 1.999441 0.088727 -2270.881961 -735.311133
7.050000 2.003116 0.025157 -2283.706344 -745.313408
7.100000 2.001528 0.106364 -2281.277788 -744.103926
7.150000 2.000306 0.077982 -2291.984498 -755.749530
7.200000 1.997839 0.272000 -2287.628086 -753.288005
7.250000 2.000174 0.473272 -2279.993401 -743.859812
7.300000 2.006361 0.476892 -2278.773235 -737.888090
7.350000 2.000127 0.129699 -2298.138739 -762.041074
7.400000 1.999827 0.183042 -2284.995302 -749.128241
7.450000 2.000367 0.077416 -2288.753626 -752.471934
7.500000 1.996577 0.859760 -1445.446894 87.924090
7.550000 1.995578 0.898022 -1440.359225 92.244316
7.600000 2.004824 0.678527 -1457.308585 82.396211
7.650000 2.001127 0.724511 -1448.648296 88.217463
7.700000 1.997344 0.772150 -1445.506572 88.453798
7.750000 2.005369 0.892424 -1443.013348 97.109808
7.800000 1.994193 0.867050 -1447.429242 84.110955
7.850000 1.999764 0.567926 -1469.752461 66.066645
7.900000 2.005260 0.612079 -1453.570800 86.468568
7.950000 1.991621 0.693004 -1441.754919 87.809806
8.000000 2.002491 0.667137 -1447.804711 90.108533
8.050000 2.003567 0.820549 -1438.651448 100.088077
8.100000 1.998751 0.722630 -1447.371140 87.669976
8.150000 1.997722 0.765077 -1444.712474 89.537666
8.200000 2.001836 0.789606 -1447.821079 89.589109
8.250000 1.994745 1.000363 -1432.316243 99.647805
8.300000 2.006580 0.858598 -1446.200880 94.852394
8.350000 1.999033 0.635678 -1458.092468 77.164887
8.400000 1.998301 0.933346 -1425.455155 109.240298
8.450000 2.002485 0.702374 -1443.656197 94.252107
8.500000 1.996764 0.681773 -1444.696864 88.817678
8.550000 2.003696 0.448784 -1469.468380 69.370465
8.600000 1.988254 0.886067 -1439.097029 87.881884
8.650000 2.013537 1.183962 -1419.757749 126.638871
8.700000 1.993831 0.793612 -1453.726985 77.535513
8.750000 2.003670 0.807239 -1458.554410 80.263793
8.800000 2.000497 1.286367 -1413.680062 122.702001
8.850000 2.005205 0.698120 -1460.001287 79.996500
8.900000 1.999535 0.610542 -1459.211096 76.431744
8.950000 1.998066 0.728222 -1451.955032 82.559918
9.000000 1.998718 0.775780 -1453.929311 81.085755
9.050000 1.998436 0.727373 -1463.055080 71.743630
9.100000 2.003206 0.825005 -1458.433912 80.028211
9.150000 1.993975 1.109238 -1441.768565 89.604201
9.200000 2.003619 1.038771 -1453.952103 84.826972
9.250000 1.998512 0.986353 -1450.681758 84.175763
9.300000 2.004964 0.651469 -1471.719382 68.092753
9.350000 1.994736 0.765227 -1457.291550 74.665379
9.400000 1.995268 1.327718 -1410.803794 121.562148
9.450000 2.003038 1.281721 -1415.544886 122.788420
9.500000 2.003913 0.950549 -1436.687391 102.317648
9.550000 2.004012 0.619760 -1457.458294 81.623290
9.600000 1.995959 1.001972 -1416.498749 116.397874
9.650000 2.005947 0.861359 -1426.901223 113.666427
9.700000 1.991564 0.914488 -1418.415071 111.105852
9.750000 2.004561 0.920160 -1420.038605 119.464505
9.800000 2.000453 1.170639 -1397.730472 138.617589
9.850000 2.002933 0.780620 -1432.534676 105.717932
9.900000 1.997621 0.796341 -1427.527639 106.645542
9.950000 2.001536 0.652524 -1437.237567 99.942008
10.000000 2.001395 0.570403 -1444.383657 92.687576
10.050000 1.998706 0.682289 -1441.070123 93.936139
10.100000 2.002830 1.094822 -1410.900391 127.273207
10.150000 1.997718 1.009573 -1416.656288 117.591423
10.200000 2.004765 0.692803 -1438.426551 101.233124
10.250000 1.998567 0.414302 -1455.829099 79.070440
10.300000 1.998439 0.685594 -1430.756718 104.044609
10.350000 1.996732 0.710636 -1430.811126 102.679198
10.400000 2.002219 0.695720 -1436.513334 101.190533
10.450000 2.001726 0.599794 -1444.297208 93.028102
10.500000 1.998192 0.521293 -1451.239202 83.372233
10.550000 1.996352 0.728678 -1437.028381 96.169626
10.600000 1.998333 1.055532 -1413.313030 121.407017
10.650000 1.997448 1.091035 -1411.693490 122.346339
10.700000 2.002962 0.904708 -1426.667847 111.607255
10.750000 1.995535 0.899266 -1426.934794 105.636255
10.800000 2.001360 1.154833 -1405.124778 131.919921
10.850000 2.000918 0.707024 -1445.784338 90.921012
10.900000 1.998345 1.065378 -1410.860303 123.868769
10.950000 1.998962 0.963189 -1420.658936 114.544256
11.000000 1.997604 0.882453 -1429.957060 104.203133
11.050000 1.996645 0.913514 -1429.228387 104.194858
11.100000 1.999032 0.989700 -1419.452100 115.804305
11.150000 2.000341 0.893848 -1426.859252 109.402704
11.200000 2.005293 1.043284 -1409.889291 130.175471
11.250000 2.000427 0.799567 -1431.948929 104.378806
11.300000 2.000337 0.574330 -1454.321979 81.936766
11.350000 2.009035 0.809793 -1433.088396 109.850583
11.400000 1.993213 0.710539 -1444.999205 85.788654
11.450000 2.002101 1.099740 -1414.607884 123.006061
11.500000 2.003543 0.642856 -1454.552956 84.168170
11.550000 2.000377 0.718432 -1442.586924 93.702808
11.600000 1.997479 0.808405 -1434.311203 99.752871
11.650000 2.000874 0.723053 -1446.717121 89.953985
11.700000 1.997350 1.021467 -1422.204715 111.760009
11.750000 2.002277 0.784594 -1439.175229 98.573589
11.800000 1.997188 0.634251 -1450.941074 82.899481
11.850000 1.997338 0.998312 -1420.266240 113.689683
11.900000 2.003592 0.743003 -1444.837004 93.921297
11.950000 1.995628 0.906083 -1429.085490 103.556855
12.000000 2.006288 0.863222 -1433.354479 107.474505
12.050000 1.996932 0.576004 -1456.331271 77.312459
12.100000 1.997985 1.128838 -1406.042103 128.410478
12.150000 2.001536 0.941611 -1423.858530 113.321145
12.200000 2.002581 0.881581 -1425.914401 112.067628
12.250000 1.998486 0.583710 -1451.662734 83.174844
12.300000 1.997981 0.975546 -1418.621256 115.828533
12.350000 1.998721 1.130846 -1408.352350 126.665490
12.400000 2.006323 0.888211 -1426.213174 114.642940
12.450000 2.001715 0.586804 -1446.663314 90.653663
12.500000 1.997438 0.631694 -1444.277955 89.754275
12.550000 1.996653 1.058712 -1409.346583 124.083007
12.600000 2.001345 0.939042 -1416.055529 120.977766
12.650000 2.000703 0.788443 -1417.116042 119.423766
12.700000 1.999802 0.656344 -1421.333436 114.514280
12.750000 2.000101 0.788126 -1409.152172 126.925329
12.800000 1.997256 0.835840 -1412.253354 121.639527
12.850000 2.000115 0.967705 -1408.407994 127.680103
12.900000 2.001834 1.133719 -1398.875697 138.533045
12.950000 1.999726 1.078743 -1410.716841 125.073012
13.000000 2.008043 0.864699 -1430.606721 111.570053
13.050000 1.992853 0.716309 -1439.810157 90.700711
13.100000 2.005562 1.100995 -1400.507105 139.764347
13.150000 2.001469 0.531438 -1443.085971 94.042137
13.200000 1.997539 0.616376 -1427.545255 106.564454
13.250000 1.994946 0.800739 -1411.529396 120.588864
13.300000 2.003817 0.866499 -1409.883877 129.047762
13.350000 2.001648 0.681211 -1432.250140 105.015344
13.400000 1.998579 1.056317 -1406.252668 128.656273
13.450000 1.997909 1.200599 -1398.970299 135.423746
13.500000 1.997424 1.288105 -1390.011768 144.009785
13.550000 2.000451 0.990269 -1407.321550 129.024799
13.600000 2.004739 0.601121 -1428.832932 110.806841
13.650000 1.995374 0.750308 -1405.976233 126.471134
13.700000 1.997944 0.676507 -1417.672837 116.748045
13.750000 1.998719 0.721717 -1414.960618 120.055769
13.800000 1.996519 0.648014 -1417.146252 116.180004
13.850000 2.002303 0.701996 -1406.870615 130.897808
13.900000 1.999104 0.529484 -1421.050234 114.261906
13.950000 1.997515 0.996904 -1383.403550 150.687806
14.000000 1.998637 0.885092 -1401.853803 133.099631
14.050000 2.003905 0.896876 -1404.339237 134.659588
14.100000 1.996108 0.874554 -1406.040398 126.970905
14.150000 2.004346 0.735740 -1417.953716 121.383900
14.200000 2.000802 0.753417 -1418.390861 118.224768
14.250000 1.994164 1.205636 -1388.608840 142.909084
14.300000 2.003766 1.170158 -1396.793991 142.098560
14.350000 2.005784 0.986833 -1406.128475 134.313431
14.400000 2.001005 0.823296 -1417.446227 119.325255
14.450000 1.995886 1.163902 -1391.436198 141.404588
14.500000 2.002664 1.104131 -1399.359223 138.686541
14.550000 2.006388 0.581716 -1436.784951 104.120903
14.600000 1.993897 0.624826 -1426.352171 104.960834
14.650000 2.001716 0.650671 -1428.106660 109.211601
14.700000 1.996321 0.961659 -1403.336144 129.838415
14.750000 2.003549 0.597151 -1443.655189 95.070785
14.800000 1.994558 0.962529 -1412.013914 119.806745
14.850000 2.003065 0.882921 -1414.520067 123.834107
14.900000 2.002302 0.699253 -1419.902336 117.865660
14.950000 1.999636 0.466229 -1437.391595 98.328713
15.000000 1.999365 0.954037 -1259.421121 276.091514
15.050000 2.001255 1.187593 -1237.169643 299.794138
15.100000 2.001769 0.959867 -1255.804607 281.554275
15.150000 1.993760 1.095827 -1242.083139 289.124440
15.200000 2.006245 1.018344 -1252.817239 287.978875
15.250000 1.999167 1.239089 -1228.651929 306.707986
15.300000 1.996832 1.232199 -1229.455605 304.111274
15.350000 2.008383 0.842689 -1262.015602 280.422814
15.400000 1.992372 0.728809 -1265.456755 264.685011
15.450000 2.001755 0.977410 -1237.076389 300.271571
15.500000 2.009617 0.897167 -1237.302753 306.083123
15.550000 1.997356 0.736873 -1246.208043 287.761347
15.600000 1.994836 0.849232 -1239.217830 292.816345
15.650000 1.999963 1.143887 -1217.489539 318.481752
15.700000 1.994816 1.136802 -1219.909380 312.109372
15.750000 2.008372 0.923199 -1241.422255 301.007776
15.800000 1.991941 1.044721 -1235.494577 294.316373
15.850000 2.000942 1.298649 -1224.267184 312.455989
15.900000 2.003492 1.409306 -1217.255991 321.425873
15.950000 1.998253 1.054290 -1246.533465 288.124672
16.000000 1.996694 0.936863 -1254.725354 278.735739
16.050000 1.998299 1.102799 -1235.629746 299.064156
16.100000 1.998291 1.217359 -1226.730879 307.956255
16.150000 2.002237 1.343399 -1214.890604 322.827604
16.200000 2.004560 0.995127 -1245.012935 294.488763
16.250000 1.995646 0.991740 -1245.806938 286.849437
16.300000 2.004398 0.949859 -1257.039312 282.338604
16.350000 2.004232 1.131889 -1245.923838 293.326395
16.400000 1.987658 1.340978 -1235.196033 291.325222
16.450000 2.004749 1.477187 -1226.678413 312.968847
16.500000 1.999380 1.233841 -1249.689613 285.834216
16.550000 1.998474 1.368316 -1230.905507 303.922786
16.600000 1.995249 1.106175 -1249.679319 282.671708
16.650000 2.001119 1.134941 -1237.525782 299.333748
16.700000 1.996695 1.080552 -1238.445553 295.016138
16.750000 1.999682 1.055398 -1240.150248 295.605423
16.800000 1.997994 1.117226 -1234.057922 300.401528
16.850000 1.995064 1.380524 -1206.744527 325.464800
16.900000 2.004054 0.954486 -1245.443599 293.670069
16.950000 1.995753 0.916113 -1244.367762 288.370502
17.000000 1.998390 0.854757 -1257.510441 277.253198
17.050000 1.994941 1.365090 -1215.578975 316.536082
17.100000 1.999712 1.292831 -1232.005253 303.773659
17.150000 2.005477 1.406993 -1218.066825 322.139765
17.200000 2.000667 1.026158 -1249.618515 286.893564
17.250000 1.997986 0.849496 -1264.496286 269.956591
17.300000 1.996750 1.265888 -1223.326316 310.177367
17.350000 2.000818 1.005338 -1247.999171 288.628787
17.400000 2.002484 0.968784 -1247.597903 290.309594
17.450000 1.996615 1.007370 -1240.277712 293.122876
17.500000 1.994937 1.180465 -1219.903157 312.208346
17.550000 2.006500 0.997496 -1235.071981 305.920051
17.600000 1.996112 0.987530 -1236.906229 296.107530
17.650000 1.995086 1.390273 -1200.582671 331.643192
17.700000 1.993736 1.236724 -1216.774622 314.414592
17.750000 2.003990 1.163705 -1223.066382 315.997759
17.800000 1.999577 1.192845 -1215.036833 320.638357
17.850000 1.996371 1.115541 -1223.129236 310.083564
17.900000 1.996017 1.200782 -1218.838659 314.102552
17.950000 2.009620 1.101537 -1224.409033 318.979142
18.000000 1.998532 0.799654 -1247.747567 287.124705
18.050000 2.002530 1.121250 -1217.086496 320.856797
18.100000 1.999058 0.926890 -1239.623180 295.653042
18.150000 2.002116 0.814256 -1251.079964 286.544958
18.200000 1.996199 1.096236 -1223.541246 309.539307
18.250000 2.001624 0.991386 -1236.486499 300.760713
18.300000 1.997537 1.026902 -1233.933877 300.174377
18.350000 1.999753 1.290533 -1207.263700 328.546836
18.400000 2.007214 0.903976 -1240.859083 300.681277
18.450000 2.000498 1.169442 -1210.950860 325.431247
18.500000 1.998771 0.927410 -1237.624243 297.431883
18.550000 2.008789 1.023940 -1232.691838 310.057754
18.600000 1.999406 1.348745 -1205.343469 330.200286
18.650000 1.997814 1.316827 -1212.401806 321.919109
18.700000 2.003157 1.581795 -1185.952879 352.471782
18.750000 2.001738 1.172924 -1222.404721 314.930008
18.800000 2.004588 1.179380 -1212.372282 327.151174
18.850000 1.999442 0.807588 -1246.782870 288.788273
18.900000 1.998611 1.381017 -1190.455238 344.477826
18.950000 2.003872 0.801688 -1253.437587 285.535758
19.000000 2.002880 1.003069 -1234.529989 303.681488
19.050000 2.000398 1.312298 -1204.133880 332.171749
19.100000 1.997436 1.013646 -1241.358957 292.671895
19.150000 2.002487 1.271127 -1216.672117 321.237669
19.200000 2.004560 1.026234 -1235.256463 304.245539
19.250000 1.998710 1.026885 -1231.335098 303.674488
19.300000 1.997987 1.142365 -1221.120493 313.333182
19.350000 2.001857 0.939863 -1243.580655 293.845640
19.400000 1.994656 1.212255 -1217.730705 314.165110
19.450000 2.002167 1.161325 -1226.887723 310.776375
19.500000 1.991641 1.136104 -1232.581061 296.998993
19.550000 2.012989 1.029841 -1245.482675 300.493063
19.600000 1.996936 0.737147 -1273.553703 260.093423
19.650000 1.993889 1.186185 -1236.436331 294.870220
19.700000 2.002390 1.275452 -1235.736178 302.099393
19.750000 1.999259 1.160350 -1247.520566 287.910496
19.800000 2.002131 1.148146 -1245.850254 291.786369
19.850000 1.997335 1.138880 -1248.177060 285.775991
19.900000 2.001835 1.241373 -1239.727926 297.681690
19.950000 2.001033 0.998890 -1261.573299 275.220127
20.000000 1.997420 1.316455 -1229.046914 304.971315
20.050000 1.997873 1.296816 -1232.290345 302.075922
20.100000 2.011668 1.136797 -1238.954845 306.006409
20.150000 1.990971 0.847617 -1256.876162 272.189244
20.200000 2.004688 1.030342 -1234.686092 304.914126
20.250000 1.999532 1.139657 -1221.075524 314.564930
20.300000 1.998285 0.990849 -1240.092329 294.590245
20.350000 2.004426 1.263267 -1215.170181 324.228966
20.400000 1.996164 1.303660 -1211.362657 321.691631
20.450000 1.998502 1.266929 -1212.343341 322.506145
20.500000 1.998761 1.134637 -1218.616692 316.431421
20.550000 2.003471 1.047493 -1225.735308 312.930425
20.600000 1.997364 1.009137 -1223.939806 310.035803
20.650000 2.005359 0.851003 -1230.610492 309.505554
20.700000 1.997837 0.846906 -1224.980845 309.358055
20.750000 2.003005 0.698688 -1245.693852 292.613935
20.800000 2.000276 0.817459 -1244.733071 291.478721
20.850000 2.005525 1.112340 -1223.765173 316.478093
20.900000 1.990531 1.337001 -1202.379230 326.348618
20.950000 1.999676 1.009422 -1239.248117 296.503149
21.000000 2.000535 1.074532 -1231.867072 304.543967
21.050000 2.001644 1.314509 -1204.697025 332.565413
21.100000 2.002917 0.928865 -1234.463614 303.776733
21.150000 1.999839 0.694253 -1251.323626 284.552417
21.200000 2.000917 0.688384 -1256.548520 280.155900
21.250000 1.991777 1.106284 -1226.517168 303.167429
21.300000 1.998877 1.499739 -1199.870476 335.266916
21.350000 1.998097 1.525905 -1203.246082 331.292055
21.400000 1.998843 1.239234 -1235.166663 299.944616
21.450000 1.995322 1.333913 -1229.879012 302.528417
21.500000 1.994555 1.418698 -1227.493460 304.324596
21.550000 2.000780 1.521019 -1219.839987 316.758805
21.600000 1.996458 1.472146 -1222.460970 310.818642
21.650000 2.006990 1.113233 -1256.575891 284.792362
21.700000 2.000583 0.952872 -1266.719912 269.728110
21.750000 1.995788 1.275733 -1237.267125 295.498251
21.800000 2.010803 1.199637 -1246.162573 298.134084
21.850000 1.990203 1.190806 -1242.203682 286.272236
21.900000 2.004402 1.397070 -1213.171131 326.209788
21.950000 1.998872 0.808407 -1265.138300 269.995013
22.000000 2.003504 0.868568 -1257.963259 280.727865
22.050000 1.987824 1.117090 -1237.490613 289.157925
22.100000 2.002556 1.361249 -1215.931479 322.031354
22.150000 2.004313 0.868888 -1254.170001 285.142503
22.200000 1.998056 0.768046 -1256.583992 277.922726
22.250000 2.000857 0.967020 -1239.337619 297.320669
22.300000 1.994801 1.131724 -1227.763339 304.244069
22.350000 2.007142 1.104502 -1232.198648 309.286638
22.400000 1.992371 1.255384 -1218.019068 312.121749
22.450000 2.004682 1.230506 -1220.604383 318.991397
22.500000 2.002504 0.696975 -1122.485723 415.436973
22.550000 1.999381 0.802600 -1103.674457 431.850331
22.600000 1.992061 1.029095 -1085.011069 444.892134
22.650000 1.998786 1.138831 -1082.286186 452.781387
22.700000 2.006059 0.773550 -1122.279941 418.373528
22.750000 1.996489 0.730654 -1121.278368 412.025212
22.800000 1.995692 0.997432 -1089.795758 442.896034
22.850000 2.004372 0.873211 -1101.604913 437.752791
22.900000 2.000169 0.822112 -1102.119340 434.010382
22.950000 1.995701 0.811332 -1099.707621 432.990382
23.000000 1.998635 0.729794 -1111.451366 423.500027
23.050000 1.998523 0.801559 -1115.611017 419.254334
23.100000 2.004286 1.249559 -1080.822735 458.469138
23.150000 2.002437 1.118535 -1099.577783 438.293601
23.200000 1.997881 1.194608 -1091.587485 442.785354
23.250000 2.004041 1.269108 -1086.387514 452.715745
23.300000 2.000801 1.056011 -1112.125897 424.489381
23.350000 1.995709 1.205159 -1095.478777 437.225513
23.400000 1.998341 1.036360 -1114.513012 420.212921
23.450000 1.997132 1.144555 -1096.716693 437.080951
23.500000 2.002342 0.823290 -1122.308642 415.489645
23.550000 1.994876 0.977105 -1100.397000 431.667740
23.600000 2.002129 1.231686 -1072.829037 464.806400
23.650000 1.995821 0.920283 -1107.260107 425.530223
23.700000 1.998767 0.980530 -1099.284594 435.768595
23.750000 2.001339 0.875056 -1105.466504 431.561926
23.800000 2.000261 0.768914 -1110.084606 426.116158
23.850000 1.992951 0.869464 -1100.587905 429.998425
23.900000 2.015244 1.006595 -1099.405052 448.302685
23.950000 1.990428 1.265432 -1083.237392 445.411363
24.000000 2.004502 1.312833 -1088.461511 450.996285
24.050000 2.002073 1.240892 -1090.567535 447.024735
24.100000 2.000578 1.057515 -1103.906260 432.537506
24.150000 1.994241 1.011269 -1107.750919 423.826055
24.200000 1.998312 1.303758 -1073.075869 461.627417
24.250000 2.006090 1.172733 -1080.475890 460.200967
24.300000 1.997440 1.107735 -1076.403799 457.630344
24.350000 2.007270 0.800932 -1101.638327 439.945316
24.400000 1.993455 0.828091 -1097.250654 433.723168
24.450000 2.002404 1.278006 -1055.065921 482.780307
24.500000 2.006015 1.118321 -1079.218131 461.401324
24.550000 1.993815 1.064139 -1086.162004 445.087809
24.600000 2.003764 1.033695 -1085.560544 453.329844
24.650000 2.005195 0.783270 -1108.683652 431.306069
24.700000 1.995130 0.909779 -1102.328117 429.931645
24.750000 1.992971 1.401753 -1061.186092 469.415808
24.800000 2.002462 1.128524 -1090.921971 446.968588
24.850000 2.005150 1.101316 -1080.304066 459.651188
24.900000 1.998812 0.846777 -1099.903190 435.184416
24.950000 2.000181 0.990450 -1080.019554 456.119223
25.000000 1.998793 0.963324 -1089.354363 445.718895
25.050000 1.998763 1.311955 -1055.274771 479.775544
25.100000 2.003256 1.053686 -1083.746697 454.753872
25.150000 1.997209 0.909782 -1098.764220 435.092283
25.200000 2.000592 0.839316 -1103.120477 433.333878
25.250000 1.999657 0.684437 -1116.640995 419.095702
25.300000 1.996860 0.994372 -1089.155027 444.433427
25.350000 1.996552 1.248851 -1073.993577 459.358368
25.400000 1.998414 1.444090 -1066.397209 468.384515
25.450000 2.001627 1.131570 -1109.648077 427.601692
25.500000 1.999873 1.384023 -1082.052913 453.849559
25.550000 1.998531 1.299240 -1094.115475 440.756383
25.600000 1.996364 1.280859 -1096.879443 436.327729
25.650000 1.997352 0.962348 -1127.758196 406.208514
25.700000 2.000142 1.236625 -1085.533296 450.575955
25.750000 2.000267 0.912781 -1113.034978 423.170152
25.800000 2.004512 0.907497 -1114.594299 424.871177
25.850000 1.988861 1.238144 -1082.775334 444.669929
25.900000 1.995838 1.122339 -1105.391602 427.411893
25.950000 2.004554 1.254590 -1088.532457 450.965166
26.000000 2.000706 1.024469 -1102.698549 433.843504
26.050000 1.992569 0.980965 -1100.360275 429.932796
26.100000 1.997872 1.116093 -1090.781154 443.584505
26.150000 1.998611 1.341332 -1070.657392 464.275553
26.200000 2.000593 1.248859 -1078.846335 457.609106
26.250000 2.005892 0.797370 -1122.449679 418.075542
26.300000 1.994271 0.972500 -1098.413818 433.186522
26.350000 2.003871 0.910011 -1111.363534 427.609487
26.400000 1.989534 1.250350 -1078.885092 449.077145
26.450000 2.006397 1.141434 -1097.710715 443.202507
26.500000 1.997716 1.133253 -1094.096427 440.149151
26.550000 2.005398 0.895715 -1114.909352 425.236044
26.600000 1.995191 0.863372 -1117.123439 415.182963
26.650000 2.006983 0.854447 -1114.493253 426.869825
26.700000 1.994402 0.652144 -1130.760069 400.940508
26.750000 1.996221 0.933905 -1105.209748 427.888216
26.800000 1.997685 1.289440 -1076.703568 457.518411
26.850000 2.004645 1.134503 -1101.277694 438.289485
26.900000 1.998835 1.229974 -1087.921746 447.183162
26.950000 2.000730 1.174927 -1089.220903 447.339990
27.000000 2.006397 0.928510 -1112.887544 428.025225
27.050000 2.001287 0.879654 -1118.474206 418.514488
27.100000 1.992626 1.013451 -1113.255010 417.081662
27.150000 2.004845 1.420286 -1073.808946 465.912007
27.200000 2.002350 1.089960 -1104.389631 433.415534
27.250000 1.988851 1.184690 -1090.928381 436.509074
27.300000 2.005958 1.273031 -1086.670167 453.905541
27.350000 2.009407 1.268495 -1086.397640 456.826561
27.400000 1.995097 1.249956 -1087.937509 444.297253
27.450000 2.003202 1.163962 -1092.180943 446.278353
27.500000 2.000938 0.822996 -1119.491194 417.229180
27.550000 1.993755 1.085070 -1084.086030 447.118108
27.600000 2.001590 1.042709 -1089.710414 447.510707
27.650000 1.993504 1.201124 -1074.771228 456.239873
27.700000 2.008093 1.108453 -1089.912249 452.303419
27.750000 1.999671 0.931872 -1109.464345 426.283217
27.800000 2.001673 0.842939 -1119.224547 418.060434
27.850000 1.993287 1.066280 -1095.524914 435.319582
27.900000 2.003228 1.053923 -1094.516192 443.963043
27.950000 1.993820 1.142332 -1076.898546 454.355191
28.000000 2.003697 1.027369 -1086.544510 452.295057
28.050000 1.999749 0.799873 -1108.337831 427.469118
28.100000 1.998150 1.183370 -1067.690478 466.888643
28.150000 1.991967 1.191355 -1073.280670 456.549671
28.200000 2.003255 1.151804 -1076.247158 462.252579
28.250000 2.001920 0.685255 -1125.825355 411.649502
28.300000 1.995750 1.018337 -1093.615024 439.120750
28.350000 2.003131 1.188199 -1080.760484 457.643829
28.400000 1.999796 0.860693 -1113.544373 422.298980
28.450000 2.005181 0.975281 -1096.846963 443.131717
28.500000 1.992746 1.055949 -1087.578099 442.851130
28.550000 1.998054 0.877670 -1117.082069 417.423736
28.600000 2.000345 1.093282 -1098.687254 437.577450
28.650000 2.002476 1.197416 -1089.846996 448.054322
28.700000 1.994667 0.904676 -1122.447615 409.456669
28.750000 1.998640 1.097881 -1098.332276 436.623533
28.800000 1.999322 0.864484 -1122.047135 413.432033
28.850000 1.996298 1.074863 -1100.137414 433.019321
28.900000 1.993618 1.006318 -1113.605232 417.493326
28.950000 2.001357 1.139180 -1101.489713 435.552434
29.000000 1.993075 1.232158 -1087.228272 443.453232
29.050000 1.999258 1.116929 -1092.112745 443.317451
29.100000 1.996773 1.150734 -1084.534058 448.987649
29.150000 2.004865 1.006938 -1100.520226 439.216242
29.200000 1.997680 0.972299 -1104.458361 429.759733
29.250000 1.998498 1.216495 -1082.250399 452.596200
29.300000 2.000897 1.550955 -1049.245337 487.443340
29.350000 2.004949 1.418480 -1064.286869 475.513877
29.400000 2.003669 1.146297 -1089.221472 449.596692
29.450000 1.999111 0.864121 -1119.976336 415.340840
29.500000 2.000101 1.333808 -1071.187614 464.890119
29.550000 1.997968 1.209443 -1089.106549 445.332728
29.600000 1.994670 1.457070 -1060.137712 471.768969
29.650000 2.005993 0.994871 -1102.385863 438.216465
29.700000 1.998542 0.925520 -1102.632267 432.248188
29.750000 1.995940 1.259752 -1068.696276 464.185642
29.800000 2.003085 1.115635 -1083.314818 455.054760
29.850000 1.998437 0.987362 -1090.842714 443.956827
29.900000 1.997925 0.943662 -1088.578428 445.827970
29.950000 2.000677 0.851256 -1091.537823 444.981833
30.000000 1.995655 0.956395 -968.983053 563.679628
30.050000 2.006530 1.039966 -967.091670 573.923427
30.100000 2.000712 0.920780 -981.886902 554.659570
30.150000 1.994473 1.080095 -964.048817 567.706149
30.200000 2.007703 0.997086 -969.121617 572.794666
30.250000 1.999388 0.648340 -1001.731481 533.798167
30.300000 1.997651 0.720057 -991.685808 542.510417
30.350000 2.000123 0.959341 -966.009652 570.084562
30.400000 1.999204 0.883203 -977.763496 557.625027
30.450000 2.002664 0.876339 -978.485610 559.560537
30.500000 1.991068 0.976015 -967.450460 561.689542
30.550000 2.003656 0.715771 -1006.764766 532.043414
30.600000 1.994809 1.020786 -968.703124 563.310244
30.650000 2.002502 1.026964 -969.846954 568.074317
30.700000 2.001484 0.745337 -997.771972 539.367833
30.750000 1.996666 0.774143 -988.315040 545.124639
30.800000 2.002911 0.782610 -986.719201 551.516426
30.850000 1.994540 0.829797 -977.590739 554.215717
30.900000 2.002272 0.692543 -994.728342 543.016437
30.950000 1.994658 0.999509 -957.610552 574.287156
31.000000 2.002225 0.679311 -1000.619800 537.088706
31.050000 1.992850 1.027221 -953.087597 577.421045
31.100000 2.001664 0.967269 -960.219384 577.058697
31.150000 1.998172 0.955283 -957.236015 577.359922
31.200000 2.004979 0.717989 -978.066322 561.757882
31.250000 1.999644 0.651444 -978.922057 556.804484
31.300000 1.998364 0.772885 -972.243251 562.500239
31.350000 2.007013 1.065962 -946.197808 595.188343
31.400000 1.999919 0.894022 -971.665151 564.272327
31.450000 1.998147 0.935112 -966.797327 567.779236
31.500000 2.002243 0.787989 -983.657532 554.065014
31.550000 1.996720 1.025947 -954.496744 578.984585
31.600000 2.005848 0.832144 -978.773779 561.717788
31.650000 2.000217 0.899436 -968.413393 567.753469
31.700000 1.997977 0.987384 -959.190781 575.255608
31.750000 2.002016 0.929749 -967.853316 569.694955
31.800000 1.996899 0.996294 -959.149743 574.469030
31.850000 2.002418 0.906191 -973.447524 564.409697
31.900000 1.990658 1.146692 -946.256734 582.568487
31.950000 2.004531 0.961650 -972.713324 566.766328
32.000000 2.001761 1.006223 -963.257011 574.095267
32.050000 2.002787 1.035681 -949.718312 588.421951
32.100000 2.002530 0.721792 -981.589618 556.353763
32.150000 1.999095 0.711442 -977.097858 558.207261
32.200000 2.000599 0.800654 -961.996947 574.463457
32.250000 2.000718 0.746796 -968.706086 567.845192
32.300000 1.995346 0.745668 -981.742778 550.682589
32.350000 1.999004 1.246724 -932.118437 603.116942
32.400000 2.005107 1.014730 -962.220216 577.702291
32.450000 2.000377 0.958937 -966.277576 570.011585
32.500000 2.003098 1.087443 -953.522771 584.856347
32.550000 1.998494 0.987248 -966.762148 568.081463
32.600000 1.993190 1.037012 -958.120170 572.650021
32.650000 1.999836 0.898023 -977.605916 558.268150
32.700000 2.004347 0.883535 -976.910263 562.427863
32.750000 1.998948 0.935879 -966.962652 568.229566
32.800000 1.999186 0.766911 -989.980329 545.394521
32.850000 1.997175 1.101565 -951.348809 582.481599
32.900000 2.002784 0.966108 -969.848251 568.289692
32.950000 1.993075 1.038673 -954.644074 576.037381
33.000000 2.002104 0.927754 -966.041537 571.574441
33.050000 2.002267 1.070639 -945.004650 592.736671
33.100000 1.993826 0.923466 -958.928774 572.329621
33.150000 1.997255 0.661547 -990.472431 543.419097
33.200000 2.002376 0.871558 -966.673946 571.150720
33.250000 1.997937 0.724713 -993.761303 540.654477
33.300000 1.999788 1.319957 -928.471794 607.365654
33.350000 2.004960 0.908922 -982.064860 557.744293
33.400000 1.999113 0.950843 -969.636099 565.683024
33.450000 1.997897 1.026821 -958.834535 575.550476
33.500000 2.001349 0.880025 -981.659516 555.376339
33.550000 2.001246 0.908525 -980.603127 556.353593
33.600000 1.998425 0.921071 -984.223774 550.566443
33.650000 1.996702 1.050399 -974.745930 558.721095
33.700000 2.004954 1.120161 -965.820885 573.984001
33.750000 1.999462 1.000251 -977.424842 558.161833
33.800000 1.996462 1.137249 -955.802301 577.480834
33.850000 1.999122 0.953872 -975.113712 560.212054
33.900000 2.000641 0.934707 -970.999122 565.492883
33.950000 2.000601 0.713516 -993.635950 542.825843
34.000000 1.997359 0.807610 -980.299311 553.672495
34.050000 2.006568 0.751035 -989.495252 551.548864
34.100000 1.999420 0.789266 -987.593145 547.961741
34.150000 2.002014 0.818516 -990.770055 546.776348
34.200000 2.000429 1.062683 -967.488473 568.840975
34.250000 2.003599 0.977186 -980.711178 558.053184
34.300000 2.006939 1.004128 -971.216545 570.112417
34.350000 1.991387 0.886239 -984.064480 545.320526
34.400000 1.999600 1.129609 -959.697794 575.994837
34.450000 2.001896 1.245685 -946.862528 590.593766
34.500000 2.001887 0.922511 -990.463596 546.985602
34.550000 2.010327 1.004852 -977.118639 566.812872
34.600000 1.999480 0.931505 -980.397451 555.203109
34.650000 2.001116 1.063642 -964.636095 572.220632
34.700000 1.998403 1.065231 -968.691546 566.081745
34.750000 1.993341 1.213340 -948.652760 582.233281
34.800000 2.004428 0.984969 -968.343641 571.057192
34.850000 2.002055 1.037473 -950.139471 587.438480
34.900000 1.999941 0.865103 -965.634571 570.319891
34.950000 1.997322 0.893047 -963.707418 570.235822
35.000000 1.999514 0.903044 -966.839918 568.786460
35.050000 2.003901 0.938030 -965.290608 573.705007
35.100000 1.998468 0.934083 -963.935649 570.887704
35.150000 1.999472 0.910643 -963.981285 571.612997
35.200000 1.996996 0.956610 -956.131927 577.560775
35.250000 2.000328 0.984787 -951.181230 585.070767
35.300000 2.002111 0.658295 -991.467708 546.153733
35.350000 1.999399 0.852524 -967.259660 568.278936
35.400000 1.999525 0.846282 -975.502451 560.133123
35.450000 1.994966 1.246371 -929.574698 602.559240
35.500000 2.009241 1.052926 -953.705497 589.391633
35.550000 1.996194 0.908694 -963.340324 569.736575
35.600000 2.001830 0.970108 -953.543449 583.861775
35.650000 1.996634 0.877240 -970.686237 562.728911
35.700000 1.997431 1.020642 -957.115740 576.911605
35.750000 2.001551 0.972324 -961.898982 575.291841
35.800000 1.999958 0.769222 -985.377810 550.590146
35.850000 2.004108 1.008414 -957.374334 581.780708
35.900000 2.001903 0.763149 -992.561394 544.900460
35.950000 1.996079 1.105297 -956.229783 576.758596
36.000000 1.999330 1.113222 -960.436098 575.049480
36.050000 2.003390 1.001852 -970.745904 567.857931
36.100000 2.000786 0.973378 -969.480971 567.122908
36.150000 1.991285 0.904349 -976.534864 552.771714
36.200000 2.005113 1.036654 -960.718064 579.208959
36.250000 2.002663 0.962387 -966.149419 571.895486
36.300000 1.998327 1.038901 -954.401220 580.313643
36.350000 2.002703 0.977277 -956.954821 581.120821
36.400000 2.000999 1.104030 -940.433492 596.333719
36.450000 1.999617 1.076341 -943.794821 591.910986
36.500000 1.999326 0.945318 -952.350526 583.132006
36.550000 2.000876 0.921785 -947.805544 588.867356
36.600000 1.999648 0.699771 -971.927997 563.801581
36.650000 1.999927 0.782232 -966.852186 569.091726
36.700000 2.002778 0.946865 -959.231086 578.902464
36.750000 1.997108 0.967618 -966.204213 567.574523
36.800000 1.999336 0.942513 -972.866548 562.623127
36.850000 2.005497 0.908893 -975.166221 565.055490
36.900000 1.997735 0.849493 -980.811872 553.448836
36.950000 1.995089 0.924865 -973.734937 558.493274
37.000000 1.998970 0.933884 -975.244730 559.964116
37.050000 1.998543 0.780242 -995.789379 539.091539
37.100000 1.990041 1.075376 -962.553437 565.798194
37.150000 2.005329 1.238928 -943.347229 596.745433
37.200000 1.998416 1.065779 -959.314217 575.468987
37.250000 1.998299 1.019247 -957.799195 576.894553
37.300000 1.999372 0.828470 -973.177043 562.340271
37.350000 2.002029 0.832112 -968.952636 568.605683
37.400000 2.002059 0.866458 -968.123719 569.457691
37.450000 2.000145 0.944927 -969.873089 566.237947
37.500000 2.004401 0.835014 -865.762529 673.617383
37.550000 1.998708 0.648946 -885.842781 649.164978
37.600000 1.998133 0.867705 -854.854761 679.711292
37.650000 2.000570 0.859363 -857.944291 678.493672
37.700000 2.000901 0.884857 -850.626744 686.065370
37.750000 1.995782 0.822017 -860.171305 672.588954
37.800000 2.006412 0.915884 -848.673472 692.251256
37.850000 1.998183 0.838974 -860.050235 674.554373
37.900000 1.999631 0.904169 -854.513694 681.202567
37.950000 2.000214 0.950614 -847.473806 688.690422
38.000000 1.999949 0.812837 -861.100710 674.860353
38.050000 2.000485 0.791867 -857.235937 679.136200
38.100000 1.993175 0.926415 -835.065898 695.692650
38.150000 2.005143 0.855723 -847.427167 692.522884
38.200000 1.999025 0.987039 -829.245048 706.006297
38.250000 1.998209 0.853783 -857.834344 676.790068
38.300000 1.999830 0.935747 -851.189090 684.680103
38.350000 2.005665 0.924833 -851.786508 688.564507
38.400000 1.996733 0.878823 -854.505639 678.985576
38.450000 1.999999 1.000189 -831.792724 704.206236
38.500000 2.006718 0.806347 -849.278895 691.880204
38.550000 2.001065 0.625091 -864.226861 672.590913
38.600000 1.991631 0.807561 -838.418827 691.154113
38.650000 1.995936 0.896043 -836.201509 696.677633
38.700000 2.011212 0.917755 -838.146709 706.464459
38.750000 1.999584 0.701039 -866.854311 668.826516
38.800000 2.002188 0.852209 -847.992986 689.687294
38.850000 1.996559 0.900628 -846.081293 687.275715
38.900000 1.997810 1.087736 -822.526502 711.791621
38.950000 2.002421 0.912805 -846.218298 691.640748
39.000000 1.996053 0.972632 -833.791103 699.177415
39.050000 2.001677 1.031337 -825.788597 711.499501
39.100000 2.003829 0.764670 -859.764493 679.176221
39.150000 1.999198 0.762551 -855.811753 679.572081
39.200000 1.996178 0.826019 -849.965181 683.099264
39.250000 2.004057 0.843525 -853.485622 685.630341
39.300000 1.994538 0.892956 -850.537335 681.268086
39.350000 2.000569 0.916108 -849.476498 686.960146
39.400000 2.003896 0.852800 -852.956407 686.035347
39.450000 1.995469 0.807022 -853.173823 679.346415
39.500000 2.001967 0.895948 -836.523424 700.987256
39.550000 2.002659 0.826398 -837.438129 700.603978
39.600000 1.996973 0.646207 -857.601479 676.073549
39.650000 2.001468 0.818840 -833.425884 703.701830
39.700000 2.000873 0.766400 -843.840321 692.829843
39.750000 2.000149 0.671449 -860.452827 675.661669
39.800000 2.000950 0.744288 -857.896596 678.833270
39.850000 1.997769 0.893418 -845.190189 689.096584
39.900000 2.002218 0.905402 -843.586796 694.116306
39.950000 2.003988 0.816625 -850.615361 688.447532
40.000000 1.993014 0.839423 -847.054923 683.579524
40.050000 1.999784 0.868788 -845.987276 689.846625
40.100000 1.996741 0.940656 -830.779695 702.717600
40.150000 2.000545 0.659435 -865.596815 670.822024
40.200000 2.000078 0.650262 -865.059650 670.999975
40.250000 1.992475 0.838945 -842.777577 687.443135
40.300000 2.007104 0.818293 -850.156474 691.299423
40.350000 2.001035 0.750805 -859.038789 677.756238
40.400000 2.001582 0.945336 -834.104214 703.110699
40.450000 2.000822 0.770382 -863.960170 672.671015
40.500000 2.001612 0.877839 -848.773048 688.465279
40.550000 1.995167 0.807860 -858.216796 674.071369
40.600000 1.998885 0.881496 -849.521814 685.622086
40.650000 1.999899 0.837587 -862.666151 673.256478
40.700000 1.994018 1.050135 -842.111670 689.293777
40.750000 2.011783 0.964202 -855.263077 689.786601
40.800000 1.994883 0.791171 -867.415344 664.655160
40.850000 1.999051 0.916639 -847.926259 687.344640
40.900000 1.998720 0.911861 -849.365934 685.651401
40.950000 2.003353 0.875918 -851.498369 687.076849
41.000000 2.002220 0.880454 -841.903598 695.801528
41.050000 2.001144 0.767860 -849.590392 687.288103
41.100000 1.998909 0.635783 -864.365938 670.796287
41.150000 1.998091 0.797437 -848.486965 686.047269
41.200000 2.001007 0.950513 -835.081240 701.692312
41.250000 2.005483 0.788103 -860.056803 680.154443
41.300000 1.997799 0.702194 -868.946319 665.363371
41.350000 1.999713 0.708196 -869.160182 666.619324
41.400000 2.003274 0.745518 -869.390682 669.123520
41.450000 1.999176 0.840214 -864.529709 670.837583
41.500000 1.997033 0.959730 -860.324212 673.397407
41.550000 1.997947 1.261948 -825.614892 708.808702
41.600000 2.009318 1.193577 -831.213201 711.942871
41.650000 2.004988 0.813342 -872.507623 667.322837
41.700000 1.996393 0.934291 -853.720073 679.510016
41.750000 2.001361 0.938078 -857.150324 679.894610
41.800000 2.005907 0.842826 -868.767433 671.769030
41.850000 1.993827 0.910369 -854.128078 677.130937
41.900000 2.000932 0.756277 -875.998136 660.717864
41.950000 1.996619 0.925741 -853.835806 679.567538
42.000000 2.005968 0.942590 -855.526894 685.056200
42.050000 1.993542 0.978269 -842.557598 688.482510
42.100000 2.003484 0.747628 -867.932797 670.743209
42.150000 1.999879 0.739739 -861.048682 674.858734
42.200000 2.002385 0.726427 -862.288033 675.543580
42.250000 1.994904 0.761948 -863.533521 668.553118
42.300000 2.004173 1.154277 -815.203998 724.000651
42.350000 2.002606 0.939159 -845.458597 692.543070
42.400000 2.003382 0.778122 -863.237172 675.359984
42.450000 1.996877 0.691897 -878.831163 654.770182
42.500000 2.002708 1.047947 -836.073234 702.006804
42.550000 1.994549 0.912506 -855.882298 675.931386
42.600000 2.009969 0.802925 -866.447290 677.209278
42.650000 2.001363 0.720968 -871.092545 665.953923
42.700000 1.994071 0.861592 -846.529711 684.916799
42.750000 2.006307 0.740992 -862.027823 678.816291
42.800000 1.995978 0.755698 -858.965768 673.945152
42.850000 1.998264 0.819997 -854.738900 679.928225
42.900000 1.998714 0.856713 -852.787243 682.225395
42.950000 2.004033 0.813564 -862.019029 677.078321
43.000000 1.996448 0.868614 -853.617111 679.654601
43.050000 2.000072 0.810383 -865.870850 670.184586
43.100000 1.992289 1.031184 -839.649242 690.428996
43.150000 1.998345 0.974260 -850.983921 683.744721
43.200000 1.996537 0.976441 -847.510933 685.829428
43.250000 1.999384 0.952119 -852.219899 683.307320
43.300000 2.003439 0.904413 -857.970332 680.670536
43.350000 2.000675 0.813175 -867.638260 668.880247
43.400000 2.001638 0.823159 -859.329186 677.928858
43.450000 1.995505 0.712897 -866.028956 666.518722
43.500000 1.998740 0.633091 -873.603668 661.428497
43.550000 2.001649 0.751405 -852.611749 684.654300
43.600000 2.002797 0.709296 -858.534251 679.613714
43.650000 1.994642 0.968928 -829.681270 702.203624
43.700000 2.001058 0.900295 -850.346370 686.466213
43.750000 2.008325 0.887664 -857.004618 685.388790
43.800000 2.000488 0.823623 -871.611055 664.763933
43.850000 1.998351 1.094345 -837.214212 697.519166
43.900000 2.001500 0.989628 -855.376684 681.775297
43.950000 2.000297 0.803607 -881.961026 654.266704
44.000000 1.997181 0.892350 -871.170684 662.663987
44.050000 2.004036 1.205904 -823.904027 715.196004
44.100000 1.998570 0.947061 -853.198900 681.702729
44.150000 2.000713 0.710324 -878.431015 658.116569
44.200000 1.998162 0.777430 -864.068318 670.520008
44.250000 1.996471 0.819821 -862.192481 671.097071
44.300000 1.999457 1.008499 -840.915863 694.666870
44.350000 2.001544 1.209018 -815.384779 721.801049
44.400000 2.002190 1.030479 -834.827232 702.855026
44.450000 1.998481 0.903483 -841.250091 693.583651
44.500000 1.999854 0.879984 -837.612187 698.275772
44.550000 1.997567 0.870176 -835.377992 698.753108
44.600000 2.004784 0.768890 -848.650034 691.024125
44.650000 1.997034 0.748750 -848.219114 685.502992
44.700000 2.001976 0.815170 -838.206913 699.310337
44.750000 1.996291 0.786880 -844.374168 688.777648
44.800000 2.004535 0.790924 -845.856617 693.626191
44.850000 1.997444 0.824084 -839.877282 694.159997
44.900000 1.998601 0.734841 -855.088671 679.836916
44.950000 2.002590 0.821170 -842.981176 695.008188
45.000000 2.000623 0.756509 -733.576573 802.902125
45.050000 1.999484 0.723172 -740.788426 794.815613
45.100000 1.998862 0.693875 -748.862950 786.263125
45.150000 2.000650 0.793187 -735.891186 800.608184
45.200000 1.993547 0.912160 -718.186004 812.858142
45.250000 2.005762 0.770640 -739.982848 800.442333
45.300000 1.995336 0.768527 -732.120812 800.297279
45.350000 2.001003 0.735505 -737.508757 799.261597
45.400000 2.001650 0.835055 -719.805811 817.461609
45.450000 1.997140 0.800401 -721.464666 812.338814
45.500000 1.996341 0.722815 -729.451124 803.738556
45.550000 2.002497 0.674384 -735.057950 802.859607
45.600000 2.005912 0.682499 -734.686788 805.853902
45.650000 1.993394 0.785110 -726.063559 804.863122
45.700000 2.002678 0.914238 -711.062292 826.994588
45.750000 1.998959 0.737274 -735.589130 799.611232
45.800000 1.997198 0.615292 -754.272647 779.575476
45.850000 2.000261 0.774775 -732.996638 803.204120
45.900000 2.002950 0.787799 -731.766967 806.498997
45.950000 1.995240 0.768607 -734.147567 798.196673
46.000000 2.000474 0.882116 -715.353532 821.010163
46.050000 2.000073 0.799375 -724.409588 811.646182
46.100000 1.994680 0.781176 -724.729948 807.184044
46.150000 2.004138 0.833512 -718.636717 820.541029
46.200000 1.998781 0.857011 -717.788170 817.275671
46.250000 2.006067 0.836599 -722.747493 817.911603
46.300000 1.996985 0.779648 -729.558141 804.126167
46.350000 1.999533 0.727669 -737.940832 797.700811
46.400000 2.001273 0.780955 -728.514821 808.463076
46.450000 2.000183 0.775981 -727.852195 808.288349
46.500000 1.995101 0.813831 -717.356537 814.881009
46.550000 2.004557 0.678966 -737.030182 802.469692
46.600000 1.997837 0.652539 -738.765049 795.573600
46.650000 1.994798 0.762128 -722.414595 809.590281
46.700000 2.004106 0.795791 -715.353581 823.800173
46.750000 1.999434 0.700788 -729.206987 806.358342
46.800000 1.996012 0.837387 -707.127900 825.809033
46.850000 2.002634 0.776895 -717.353613 820.668924
46.900000 2.001510 0.752703 -715.211197 821.948160
46.950000 1.997713 0.711737 -718.607066 815.636720
47.000000 1.997426 0.711991 -717.249780 816.773161
47.050000 2.004248 0.712342 -713.803592 825.458611
47.100000 1.998985 0.533581 -743.384184 791.836043
47.150000 2.002392 0.675915 -731.339435 806.497630
47.200000 1.998022 0.789993 -726.335513 808.145172
47.250000 2.002282 0.895606 -719.367675 818.385085
47.300000 2.001114 0.839753 -734.226028 802.629479
47.350000 1.998610 0.893524 -727.519798 807.412309
47.400000 2.000998 0.895122 -725.497956 811.268630
47.450000 2.000029 0.861662 -720.412763 815.609493
47.500000 2.001019 0.669027 -741.990922 794.791647
47.550000 2.001120 0.651614 -740.638838 796.221254
47.600000 1.995472 0.797713 -720.331232 812.191196
47.650000 2.002588 0.717998 -738.864633 799.122788
47.700000 1.998438 0.800307 -728.449534 806.351189
47.750000 2.007022 0.779599 -731.034085 810.359137
47.800000 1.998908 0.625290 -752.070270 783.091106
47.850000 1.997411 0.773530 -736.422801 797.588542
47.900000 2.002684 1.033637 -707.612442 830.449003
47.950000 2.001022 0.904906 -730.724755 806.060196
48.000000 1.998221 0.849412 -729.860220 804.773252
48.050000 2.005757 0.607277 -762.247657 778.173958
48.100000 1.997561 0.713031 -741.321560 792.805461
48.150000 2.002954 0.629307 -752.782430 785.486116
48.200000 1.996465 0.620647 -747.617241 785.667851
48.250000 1.997689 0.628915 -746.578245 787.646959
48.300000 2.004627 0.731947 -730.794986 808.758696
48.350000 1.997063 0.658774 -746.827501 786.916673
48.400000 1.997973 0.895857 -714.004571 820.438556
48.450000 1.999250 0.870143 -720.872780 814.551484
48.500000 2.005977 0.856487 -714.779354 825.811064
48.550000 2.003375 0.649098 -733.679262 804.912429
48.600000 1.999136 0.532758 -743.318367 792.018223
48.650000 1.994787 0.712764 -715.027352 816.969146
48.700000 2.002772 0.744800 -717.375792 820.753426
48.750000 1.999948 0.953113 -689.313165 846.646951
48.800000 2.000050 0.881757 -709.492729 826.545598
48.850000 2.004411 0.762305 -724.944119 814.443492
48.900000 1.997985 0.716811 -725.019213 809.433500
48.950000 1.999544 0.803644 -708.211073 827.438948
49.000000 1.996779 0.677190 -730.520937 803.005062
49.050000 2.005969 0.918905 -691.940906 848.643197
49.100000 1.998100 0.750437 -721.734835 812.805690
49.150000 1.993733 0.810174 -715.564381 815.622228
49.200000 2.000433 0.846843 -709.636636 826.695822
49.250000 2.005083 0.681005 -731.929963 807.973497
49.300000 1.999688 0.696530 -727.800681 807.959426
49.350000 1.999557 0.850805 -706.002737 829.657344
49.400000 2.000042 0.764207 -719.575828 816.456589
49.450000 1.999536 0.737304 -723.986728 811.657271
49.500000 1.997209 0.924034 -695.178576 838.677684
49.550000 2.012504 0.729205 -728.495115 817.107962
49.600000 2.000220 0.581250 -750.173218 785.995664
49.650000 1.997265 0.746836 -729.758852 804.140464
49.700000 1.998858 0.791093 -734.947351 800.175737
49.750000 2.000769 0.948389 -715.382207 821.208726
49.800000 1.991958 0.995092 -706.485491 823.338160
49.850000 2.007180 0.930488 -715.105726 826.408391
49.900000 2.001417 0.889451 -716.592231 820.495998
49.950000 2.002950 0.804848 -725.795329 812.470269
50.000000 1.996902 0.768708 -725.486186 808.134202
50.050000 1.999911 0.734823 -728.355703 807.575810
50.100000 1.997278 0.758220 -722.432156 811.477210
50.150000 1.999988 0.752591 -721.919289 814.071563
50.200000 2.003012 0.774451 -716.909152 821.403994
50.250000 1.997925 0.748353 -720.928180 813.478116
50.300000 2.004218 0.809168 -711.288641 827.950594
50.350000 1.995388 0.774915 -717.065200 815.392919
50.400000 2.004365 0.733663 -723.578720 815.773747
50.450000 1.999406 0.799561 -713.286682 822.256815
50.500000 2.002301 0.822981 -712.468000 825.298966
50.550000 2.005310 0.799097 -715.616085 824.462079
50.600000 2.000279 0.790533 -712.044157 824.170374
50.650000 2.000861 0.761094 -713.934625 822.726926
50.700000 2.000419 0.727636 -717.598681 818.722931
50.750000 2.001486 0.694814 -724.210588 812.930603
50.800000 1.999004 0.707070 -727.879276 807.356037
50.850000 1.998299 0.895911 -701.233922 833.459669
50.900000 1.998932 0.911554 -699.855041 835.324472
50.950000 2.004575 0.815331 -715.782306 823.731597
51.000000 2.003596 0.723653 -729.125714 809.635881
51.050000 1.995842 0.804811 -722.072967 810.733730
51.100000 1.999472 0.904678 -715.427659 820.166516
51.150000 1.992917 0.926220 -714.465280 816.094902
51.200000 2.007614 0.773046 -735.664923 806.182371
51.250000 1.998837 0.591175 -760.225153 774.881837
51.300000 1.998290 0.631081 -755.168705 779.518184
51.350000 2.001377 0.753102 -736.434482 800.622911
51.400000 2.002303 0.653810 -751.096041 786.672680
51.450000 1.998232 0.565400 -766.937588 767.704283
51.500000 2.002306 0.697449 -753.103360 784.667726
51.550000 1.999448 0.784160 -745.990069 789.586328
51.600000 2.001595 0.694533 -764.887610 772.337703
51.650000 1.999631 0.803902 -748.693009 787.023976
51.700000 1.998435 0.812702 -751.686492 783.111411
51.750000 2.000043 0.906503 -737.629823 798.403118
51.800000 1.996130 0.785342 -752.641016 780.386955
51.850000 2.000234 0.671286 -764.214878 771.965039
51.900000 2.001170 0.742404 -749.599839 787.298425
51.950000 2.001599 0.784342 -744.046193 793.181907
52.000000 1.999790 0.831787 -735.716661 800.122384
52.050000 2.001630 0.874208 -725.944688 811.306774
52.100000 1.999807 0.698327 -749.649120 786.202437
52.150000 1.998037 0.715985 -745.714340 788.778363
52.200000 1.996103 0.866191 -720.583000 812.424479
52.250000 2.000491 0.743475 -735.129853 801.247429
52.300000 2.002703 0.738092 -728.327722 809.748464
52.350000 1.999587 0.731019 -726.424678 809.258248
52.400000 1.999273 0.727005 -728.522550 806.919459
52.450000 2.001594 0.709072 -732.018362 805.205485
52.500000 2.001180 0.644805 -604.577845 932.328585
52.550000 1.994950 0.758990 -586.638032 945.483827
52.600000 2.004501 0.714732 -596.801903 942.655158
52.650000 1.996867 0.658527 -605.723449 927.870334
52.700000 2.000813 0.751870 -588.469664 948.154873
52.750000 2.002213 0.736036 -588.776084 948.923385
52.800000 2.000406 0.630245 -608.781567 927.530564
52.850000 1.997682 0.721680 -594.576268 939.643353
52.900000 2.003855 0.681909 -604.818126 934.142416
52.950000 1.996016 0.713109 -595.589079 937.351363
53.000000 2.001569 0.720843 -593.431366 943.773993
53.050000 2.002565 0.641219 -607.210926 930.758611
53.100000 1.992938 0.697782 -597.411199 933.165057
53.150000 2.002555 0.689843 -600.199389 937.762487
53.200000 1.991835 0.669250 -599.452510 930.277141
53.250000 1.999799 0.664625 -601.547086 934.298805
53.300000 1.997903 0.679518 -606.474727 927.914974
53.350000 2.004231 0.895974 -572.614438 966.634609
53.400000 2.002474 0.795055 -591.300728 946.599556
53.450000 1.999634 0.703574 -606.057110 929.661951
53.500000 2.004548 0.729037 -600.509008 938.984046
53.550000 1.996857 0.752950 -595.391582 938.194773
53.600000 2.003488 0.745979 -599.830171 938.848326
53.650000 2.000997 0.718153 -608.046125 928.719239
53.700000 2.003467 0.783793 -601.440307 937.222451
53.750000 2.000160 0.858260 -594.626511 941.496542
53.800000 2.000397 0.802982 -610.743450 925.561623
53.850000 1.999639 0.824609 -599.455985 936.266935
53.900000 2.003845 0.713533 -609.666424 929.286635
53.950000 1.996406 0.752438 -591.831755 941.407697
54.000000 2.001050 0.651519 -606.673895 930.132127
54.050000 2.001576 0.629515 -605.814681 931.395343
54.100000 1.995979 0.681189 -594.750503 938.161385
54.150000 2.001743 0.660842 -601.590619 935.748210
54.200000 1.995547 0.714752 -596.085536 936.494847
54.250000 2.001605 0.901609 -564.337621 972.895045
54.300000 2.001661 0.786419 -586.620085 950.655689
54.350000 1.999164 0.751799 -587.451746 947.906505
54.400000 2.004006 0.636382 -604.040627 935.036026
54.450000 1.995832 0.669435 -595.042163 937.756771
54.500000 2.002868 0.708143 -592.121883 946.080874
54.550000 1.998598 0.698610 -594.746099 940.177299
54.600000 1.999804 0.655779 -602.912990 932.936727
54.650000 2.000413 0.733508 -587.474917 948.842145
54.700000 2.001271 0.634158 -611.025454 925.950881
54.750000 1.999268 0.707254 -604.123498 931.314396
54.800000 1.999046 0.816010 -590.559895 944.707756
54.850000 2.002306 0.696714 -617.762966 920.008160
54.900000 2.003693 0.793551 -597.658012 941.178471
54.950000 2.001593 0.640546 -627.896874 909.326593
55.000000 1.995078 0.724988 -615.602981 916.616930
55.050000 2.001895 0.784013 -612.269594 925.185774
55.100000 1.999792 0.862343 -599.479043 936.360964
55.150000 2.001213 0.814905 -607.773887 929.157988
55.200000 2.004337 0.692749 -624.037278 915.293870
55.250000 1.997257 0.744553 -600.709118 933.184029
55.300000 1.999729 0.630959 -617.151868 918.639820
55.350000 2.003950 0.629615 -614.946184 924.087064
55.400000 1.994871 0.692395 -602.359556 929.701298
55.450000 2.000915 0.690324 -605.356634 931.345876
55.500000 2.002531 0.581873 -626.077847 911.866127
55.550000 1.993529 0.705022 -604.913934 926.116347
55.600000 1.996294 0.786636 -592.991723 940.162417
55.650000 2.006950 0.698265 -607.375821 933.961806
55.700000 1.998060 0.618774 -621.063469 913.446623
55.750000 1.997825 0.715282 -604.135512 930.194436
55.800000 1.999075 0.685645 -610.207877 925.081748
55.850000 2.000707 0.695231 -605.675294 930.867310
55.900000 2.003551 0.678595 -607.486004 931.240905
55.950000 1.995199 0.717424 -602.483002 929.829738
56.000000 2.000177 0.736623 -605.035695 931.100077
56.050000 1.999550 0.809403 -589.228945 946.425570
56.100000 2.002439 0.698367 -605.900911 931.972095
56.150000 1.999564 0.632877 -614.000900 921.664423
56.200000 1.999452 0.725596 -593.251249 942.327654
56.250000 2.001182 0.596452 -612.652083 924.255643
56.300000 2.001237 0.552217 -616.288784 920.661442
56.350000 1.996483 0.795220 -565.230175 968.068693
56.400000 1.999108 0.648936 -592.900537 942.414336
56.450000 2.003327 0.625238 -593.525599 945.029466
56.500000 2.001258 0.594372 -598.788879 938.176925
56.550000 2.003239 0.553206 -613.121802 925.365889
56.600000 1.996498 0.725285 -587.647883 945.662788
56.650000 1.998251 0.673964 -608.547504 926.109089
56.700000 1.995176 0.863294 -577.228982 955.066234
56.750000 2.005903 0.749774 -597.471622 943.061515
56.800000 2.000295 0.580350 -623.426660 912.800255
56.850000 1.997771 0.648519 -611.280096 923.008013
56.900000 1.998817 0.829414 -580.688968 954.402450
56.950000 1.998645 0.767882 -591.318824 943.640527
57.000000 1.999826 0.652475 -605.145108 930.721600
57.050000 1.997166 0.565738 -615.530188 918.293146
57.100000 2.001515 0.604442 -608.396824 928.766353
57.150000 1.998039 0.663687 -598.724985 935.769318
57.200000 2.002738 0.556452 -621.015950 917.087097
57.250000 1.994457 0.652186 -607.087948 924.655378
57.300000 2.000249 0.865561 -573.935348 962.256057
57.350000 2.001993 0.738997 -602.252844 935.277566
57.400000 1.999286 0.782425 -593.007508 942.443942
57.450000 2.003671 0.629249 -623.055034 915.764247
57.500000 1.997177 0.629699 -621.633311 912.198938
57.550000 2.000382 0.658102 -623.531184 912.762056
57.600000 2.005927 0.685433 -626.478441 914.073313
57.650000 1.995244 0.739620 -620.933142 911.413971
57.700000 1.998630 0.754130 -623.475670 911.472325
57.750000 2.001672 0.810117 -610.171640 927.112642
57.800000 2.000299 0.642947 -638.887581 897.341946
57.850000 2.000083 0.606770 -641.951547 894.112265
57.900000 1.996560 0.703156 -619.234088 914.124321
57.950000 1.999771 0.701267 -615.142794 920.681374
58.000000 1.997967 0.660963 -621.129349 913.309375
58.050000 2.003088 0.666382 -621.672553 916.698970
58.100000 1.997755 0.716771 -612.196603 922.079023
58.150000 2.004600 0.669972 -621.986633 917.546112
58.200000 1.996690 0.732893 -606.778128 926.680112
58.250000 2.000741 0.658731 -621.617282 914.951513
58.300000 2.001591 0.653423 -623.946399 913.275670
58.350000 1.999197 0.714435 -616.685083 918.698231
58.400000 1.996812 0.798374 -602.298698 931.252907
58.450000 2.003858 0.599546 -637.276489 901.686729
58.500000 1.997399 0.580890 -634.094435 899.907835
58.550000 1.999508 0.593430 -632.832171 902.789678
58.600000 1.993333 0.716687 -612.696781 918.182742
58.650000 2.004117 0.703058 -617.260105 921.901465
58.700000 2.000681 0.655077 -622.405976 914.117076
58.750000 2.000715 0.601269 -636.258689 900.290299
58.800000 1.999784 0.681748 -629.413547 906.420720
58.850000 1.994176 0.780894 -619.046052 912.480953
58.900000 2.003882 0.831571 -612.667763 926.313491
58.950000 1.997700 0.777703 -623.229493 911.004326
59.000000 2.001059 0.834138 -610.662961 926.150639
59.050000 2.000125 0.733298 -620.726972 915.369120
59.100000 1.998945 0.631798 -626.771057 908.418636
59.150000 2.003531 0.593197 -626.075453 912.636375
59.200000 1.999350 0.671942 -604.115079 931.385422
59.250000 1.999404 0.570585 -620.647116 914.894835
59.300000 2.000278 0.624857 -608.902290 927.311358
59.350000 1.997358 0.684278 -601.362035 932.608559
59.400000 2.000251 0.683559 -608.594522 927.598497
59.450000 2.001796 0.756162 -596.554016 940.825044
59.500000 2.002042 0.598188 -627.922239 909.645916
59.550000 2.003597 0.626983 -622.773138 915.989244
59.600000 1.997123 0.724887 -607.321421 926.469270
59.650000 2.000702 0.768374 -601.309088 935.230222
59.700000 1.998324 0.741958 -601.157325 933.555414
59.750000 2.000158 0.638582 -618.683246 917.438336
59.800000 1.999162 0.697651 -610.465061 924.891250
59.850000 2.002028 0.682230 -624.021779 913.535942
59.900000 2.001819 0.781020 -613.169480 924.227227
59.950000 2.001862 0.830333 -605.782671 931.647094
60.000000 1.996952 0.665332 -479.726459 1053.932719
60.050000 2.002437 0.573265 -499.752100 1038.119522
60.100000 1.998816 0.562199 -500.773348 1034.317685
60.150000 1.999899 0.580697 -496.506928 1039.415886
60.200000 1.996052 0.604778 -487.745928 1045.222213
60.250000 2.001851 0.515152 -509.241750 1028.179641
60.300000 1.996972 0.661307 -473.889659 1059.785019
60.350000 1.999128 0.610105 -492.163550 1043.167009
60.400000 1.999059 0.657921 -483.558358 1051.719295
60.450000 2.005400 0.612071 -494.849308 1045.297618
60.500000 1.998682 0.576933 -497.589532 1037.398391
60.550000 1.996230 0.599574 -487.985522 1045.119015
60.600000 2.001453 0.549339 -497.775833 1039.340054
60.650000 1.998312 0.602872 -478.609613 1056.093969
60.700000 2.002029 0.523662 -497.080814 1040.477435
60.750000 1.999696 0.558161 -490.077128 1045.689461
60.800000 1.995087 0.571036 -493.538955 1038.688179
60.850000 2.000267 0.628008 -488.077778 1048.127369
60.900000 2.001943 0.666992 -483.216029 1054.276477
60.950000 1.996129 0.636278 -496.214736 1036.812190
61.000000 2.002850 0.678263 -490.081450 1048.107350
61.050000 1.999571 0.596750 -511.702388 1023.967901
61.100000 2.000537 0.671029 -490.612200 1045.800222
61.150000 1.999862 0.582962 -505.780095 1030.114166
61.200000 1.997112 0.551526 -510.485667 1023.296372
61.250000 1.996770 0.681880 -481.448105 1052.071138
61.300000 2.004930 0.639706 -488.829974 1050.956319
61.350000 2.001133 0.556599 -497.679372 1039.190483
61.400000 1.998968 0.533037 -497.845746 1037.362044
61.450000 1.998406 0.583549 -485.865355 1048.910715
61.500000 2.001890 0.585372 -484.542028 1052.909851
61.550000 2.000167 0.523744 -494.233973 1041.894578
61.600000 2.000933 0.502546 -493.542064 1043.174765
61.650000 1.999427 0.490192 -496.567138 1038.993171
61.700000 1.997322 0.589710 -479.579850 1054.363340
61.750000 2.004882 0.631312 -476.290486 1063.458903
61.800000 1.995774 0.614953 -484.653233 1048.101374
61.850000 2.003016 0.670565 -473.249064 1065.067130
61.900000 1.999061 0.646708 -472.540607 1062.738075
61.950000 2.002509 0.560958 -485.447411 1052.479308
62.000000 2.000239 0.482391 -498.600038 1037.583481
62.050000 1.994479 0.571181 -478.926373 1052.833698
62.100000 1.999655 0.598840 -479.124988 1056.609866
62.150000 1.998666 0.644882 -471.300924 1063.674529
62.200000 2.000804 0.627905 -473.535060 1063.082078
62.250000 1.999390 0.574960 -479.596170 1055.935036
62.300000 2.000728 0.482465 -496.697981 1039.861359
62.350000 1.998626 0.493625 -494.070207 1040.874739
62.400000 1.997375 0.603800 -471.211245 1062.772473
62.450000 1.999498 0.550140 -486.678319 1048.935802
62.500000 1.998176 0.613973 -469.027376 1065.572105
62.550000 1.999634 0.541430 -486.522825 1049.196076
62.600000 2.000594 0.579739 -476.487726 1059.968126
62.650000 1.999366 0.546084 -484.748668 1050.764112
62.700000 2.001580 0.591256 -474.400911 1062.812601
62.750000 1.998795 0.571362 -482.199947 1052.874520
62.800000 2.003780 0.588484 -482.690325 1056.212905
62.850000 1.999087 0.679405 -461.522650 1073.775899
62.900000 1.999776 0.609625 -478.221373 1057.606572
62.950000 2.000425 0.627912 -467.567973 1068.758193
63.000000 2.002396 0.496905 -494.353351 1043.486592
63.050000 1.998397 0.490883 -494.800155 1039.968621
63.100000 2.001759 0.518475 -494.356255 1042.994346
63.150000 1.999328 0.534018 -499.354418 1036.129765
63.200000 2.003813 0.591989 -493.873413 1045.054844
63.250000 1.995497 0.656784 -484.451709 1048.090050
63.300000 2.004648 0.630282 -493.955759 1045.614020
63.350000 2.000687 0.568332 -508.821330 1027.706494
63.400000 1.999896 0.548385 -518.349491 1017.570913
63.450000 1.998869 0.621787 -508.092759 1027.038638
63.500000 1.999338 0.672576 -498.432323 1037.059069
63.550000 2.000740 0.622752 -505.994487 1030.573468
63.600000 1.998128 0.584999 -508.748551 1025.813972
63.650000 1.998092 0.594305 -505.640105 1028.894477
63.700000 2.001800 0.636725 -496.222166 1041.160201
63.750000 2.000095 0.619341 -497.352956 1038.720039
63.800000 2.000241 0.604559 -496.352493 1039.832509
63.850000 2.003794 0.523737 -511.017202 1027.896732
63.900000 1.999150 0.549976 -504.086555 1031.260476
63.950000 1.996394 0.638908 -487.731060 1045.499458
64.000000 1.999891 0.651599 -487.584709 1048.331603
64.050000 1.997400 0.669018 -479.507141 1054.496063
64.100000 2.001007 0.579325 -497.189800 1039.583327
64.150000 2.000551 0.566439 -496.549814 1039.873671
64.200000 2.000223 0.568190 -496.428785 1039.742712
64.250000 1.997125 0.675937 -471.301945 1062.490419
64.300000 2.003462 0.598552 -492.253566 1046.405473
64.350000 1.997998 0.626195 -484.829491 1049.633173
64.400000 1.996377 0.660806 -477.556014 1055.661548
64.450000 2.004272 0.614703 -490.315787 1048.965071
64.500000 2.004531 0.639882 -480.275526 1059.204487
64.550000 1.997651 0.616664 -485.219933 1048.976321
64.600000 2.000049 0.561858 -499.582234 1036.455580
64.650000 2.001341 0.594973 -494.930819 1042.099221
64.700000 2.000198 0.651439 -486.260463 1049.891906
64.750000 1.998663 0.622218 -494.963753 1040.009654
64.800000 2.001156 0.587679 -500.161268 1036.726760
64.850000 1.998376 0.625987 -487.875388 1046.877282
64.900000 2.005803 0.608848 -489.201725 1051.255108
64.950000 1.995900 0.605907 -484.715380 1048.135918
65.000000 2.003819 0.587254 -488.136321 1050.796733
65.050000 1.998317 0.592149 -485.772427 1048.934702
65.100000 1.997275 0.682030 -461.884991 1072.021876
65.150000 2.001011 0.553097 -485.566316 1051.210340
65.200000 1.998006 0.538867 -482.954383 1051.514129
65.250000 2.003321 0.557806 -481.516050 1057.034426
65.300000 1.996641 0.592194 -481.890347 1051.529803
65.350000 1.994498 0.689185 -467.199925 1064.574288
65.400000 2.002538 0.619114 -486.016847 1051.932570
65.450000 2.003438 0.645378 -471.460858 1067.179281
65.500000 2.002804 0.532641 -492.916639 1045.237194
65.550000 1.995506 0.611135 -470.396620 1062.152342
65.600000 2.003260 0.559764 -484.924070 1053.579422
65.650000 1.997914 0.574032 -481.819946 1052.577984
65.700000 1.999298 0.612537 -474.076474 1061.384521
65.750000 2.002148 0.544491 -487.372115 1050.277395
65.800000 2.001048 0.503496 -493.241605 1043.563082
65.850000 1.998798 0.560717 -481.331670 1053.745328
65.900000 2.000780 0.543239 -496.425452 1040.173629
65.950000 1.996614 0.701564 -466.769090 1066.630579
66.000000 2.004572 0.648300 -483.560853 1055.950273
66.050000 1.999314 0.569466 -502.583310 1032.889481
66.100000 2.002442 0.621129 -489.291186 1048.584095
66.150000 1.998370 0.581405 -498.190192 1036.558179
66.200000 1.999434 0.699108 -468.173057 1067.392208
66.250000 2.003475 0.597506 -490.738578 1047.930255
66.300000 1.998284 0.610108 -483.581198 1051.100611
66.350000 2.001699 0.603509 -478.228543 1059.076629
66.400000 2.000096 0.510075 -493.894788 1042.179259
66.450000 2.000759 0.489313 -498.439470 1038.143644
66.500000 1.998600 0.597992 -477.033513 1057.891578
66.550000 2.000395 0.601628 -484.873786 1051.429267
66.600000 2.000385 0.657508 -478.115317 1058.180107
66.650000 2.003837 0.632647 -489.796786 1049.149828
66.700000 1.990801 0.693623 -476.049602 1052.885441
66.750000 2.007483 0.632610 -491.927847 1049.819193
66.800000 2.002585 0.571826 -504.269363 1033.716269
66.850000 1.996409 0.648162 -490.179193 1043.062590
66.900000 2.003649 0.645296 -495.454185 1043.347872
66.950000 2.002321 0.624762 -501.627371 1036.155277
67.000000 2.005724 0.688594 -485.388755 1055.006895
67.050000 1.998301 0.623329 -494.186008 1040.509171
67.100000 2.002862 0.542008 -504.042044 1034.156129
67.150000 1.998986 0.509879 -504.913483 1030.307509
67.200000 2.000062 0.558276 -492.714471 1043.332783
67.250000 1.998777 0.586319 -487.338519 1047.721861
67.300000 1.995679 0.625927 -478.187326 1054.493837
67.350000 2.004634 0.578847 -486.608364 1052.950510
67.400000 1.996321 0.530334 -494.598125 1038.576172
67.450000 1.999543 0.644547 -464.122725 1071.526388
