# t Temp Pres Epot Etot
0.000000 1.988199 29.456962 -1376.614607 -613.146165
0.050000 1.998371 28.990349 -1397.004427 -629.629797
0.100000 2.011888 29.390895 -1382.182356 -609.617359
0.150000 1.989687 27.343025 -1474.467343 -710.427446
0.200000 1.991214 29.641513 -1370.074143 -605.447899
0.250000 1.992902 29.831367 -1361.396607 -596.122267
0.300000 1.997504 28.276738 -1433.156510 -666.115153
0.350000 2.033844 28.007466 -1445.612951 -664.617010
0.400000 1.941732 29.337257 -1381.060862 -635.435799
0.450000 2.064413 28.875082 -1407.328410 -614.593796
0.500000 1.991131 28.260060 -1430.702179 -666.107764
0.550000 1.982973 28.268646 -1431.829344 -670.367638
0.600000 2.008779 30.396541 -1336.036803 -564.665745
0.650000 2.019692 28.581594 -1417.467269 -641.905410
0.700000 2.005149 29.110827 -1397.186110 -627.208884
0.750000 2.020295 28.523969 -1423.300690 -647.507598
0.800000 2.008270 29.116176 -1397.081964 -625.906370
0.850000 2.005018 28.024672 -1442.328906 -672.401943
0.900000 1.967840 29.034247 -1393.077822 -637.427119
0.950000 1.995433 29.138044 -1390.304090 -624.057709
1.000000 1.969166 28.722918 -1409.360696 -653.200761
1.050000 2.009398 29.497754 -1378.715045 -607.106109
1.100000 1.980066 28.192560 -1435.452428 -675.107148
1.150000 2.024443 29.925932 -1354.205647 -576.819410
1.200000 2.025366 28.109726 -1442.912943 -665.172570
1.250000 1.948049 28.843858 -1404.625665 -656.574896
1.300000 2.010747 29.029790 -1400.206631 -628.079721
1.350000 2.004379 28.081501 -1442.968871 -673.287213
1.400000 1.992749 30.194034 -1343.915293 -578.699559
1.450000 2.020441 28.700891 -1417.245331 -641.396142
1.500000 2.040942 28.238334 -1435.077738 -651.356031
1.550000 1.993596 27.796833 -1450.371116 -684.830124
1.600000 2.005637 27.693208 -1458.313675 -688.149204
1.650000 1.991055 29.155370 -1398.827671 -634.262464
1.700000 2.019071 29.579897 -1374.284334 -598.961140
1.750000 2.021807 28.534137 -1423.416471 -647.042723
1.800000 2.001904 28.680985 -1413.822225 -645.090971
1.850000 2.037735 28.923744 -1405.035204 -622.544994
1.900000 1.990389 29.127117 -1396.590029 -632.280669
1.950000 2.000076 27.689515 -1457.486592 -689.457533
2.000000 2.002226 29.074974 -1397.811534 -628.956638
2.050000 2.018114 28.211221 -1437.667980 -662.712226
2.100000 1.961188 29.697271 -1365.404442 -612.308350
2.150000 2.024482 28.693193 -1415.888841 -638.487882
2.200000 1.981615 29.868002 -1359.411871 -598.471580
2.250000 2.025256 29.286460 -1390.529808 -612.831404
2.300000 2.035219 29.217300 -1388.846409 -607.322324
2.350000 1.971852 27.484039 -1464.619826 -707.428676
2.400000 2.004463 27.750915 -1455.160313 -685.446604
2.450000 1.970219 28.830180 -1403.385628 -646.821468
2.500000 2.020972 31.071043 -1300.972119 -524.918822
2.550000 1.958764 28.884706 -1402.823618 -650.658402
2.600000 2.001654 29.617011 -1371.334188 -602.699004
2.650000 2.017185 27.746412 -1457.191258 -682.592351
2.700000 1.988022 28.103944 -1439.133268 -675.732980
2.750000 1.969851 28.089938 -1436.010396 -679.587512
2.800000 1.990227 29.330293 -1383.369569 -619.122458
2.850000 2.008485 28.358185 -1428.324245 -657.066147
2.900000 2.013286 28.249560 -1433.025230 -659.923393
2.950000 1.971057 28.747497 -1405.990502 -649.104532
3.000000 2.032573 28.875523 -1403.001363 -622.493288
3.050000 2.031951 27.916698 -1448.630823 -668.361639
3.100000 1.983128 28.517262 -1421.689717 -660.168525
3.150000 2.002406 28.704566 -1411.761951 -642.838199
3.200000 1.956651 29.338875 -1376.431430 -625.077302
3.250000 2.017496 29.646793 -1369.119010 -594.400672
3.300000 1.978201 28.975601 -1396.916658 -637.287628
3.350000 2.007025 29.041664 -1398.166568 -627.468777
3.400000 1.992128 27.634620 -1457.915285 -692.938312
3.450000 1.989536 28.565283 -1415.804336 -651.822574
3.500000 2.006480 28.964636 -1399.491018 -629.002633
3.550000 2.008889 28.874014 -1405.558002 -634.144747
3.600000 1.994752 28.507777 -1419.616133 -653.631267
3.650000 2.019049 27.860678 -1453.233794 -677.918897
3.700000 2.002299 28.950501 -1400.011793 -631.128856
3.750000 1.970556 29.913731 -1356.779298 -600.085940
3.800000 2.007910 29.387930 -1378.282077 -607.244562
3.850000 1.974629 29.508397 -1376.555788 -618.298395
3.900000 2.019143 27.828713 -1451.681872 -676.331030
3.950000 1.998183 29.147645 -1390.920124 -623.617898
4.000000 2.015116 27.285029 -1474.718582 -700.913977
4.050000 2.003347 29.278065 -1386.665929 -617.380855
4.100000 1.993620 30.067409 -1352.127055 -586.576980
4.150000 2.020994 29.575432 -1376.713225 -600.651673
4.200000 2.038255 27.872322 -1452.738197 -670.048182
4.250000 1.981224 27.531140 -1463.617011 -702.827114
4.300000 1.991064 29.247893 -1387.150920 -622.582179
4.350000 1.998262 30.177499 -1345.787177 -578.454647
4.400000 2.025039 27.541617 -1466.160277 -688.545206
4.450000 2.017497 27.899305 -1448.201000 -673.482330
4.500000 1.950781 28.752548 -1407.835528 -658.735450
4.550000 2.050255 29.076110 -1395.045596 -607.747553
4.600000 1.993739 27.952658 -1444.165358 -678.569508
4.650000 2.016768 28.956735 -1402.226008 -627.787211
4.700000 1.984301 29.336447 -1382.999434 -621.027781
4.750000 2.016516 30.120922 -1346.780352 -572.438392
4.800000 2.007531 28.587394 -1414.054007 -643.161968
4.850000 2.005818 27.592132 -1461.205261 -690.971140
4.900000 2.006268 28.670748 -1410.991996 -640.585162
4.950000 2.032453 28.388159 -1427.087405 -646.625513
5.000000 1.985680 29.456088 -1376.122494 -613.621404
5.050000 1.994516 28.224972 -1432.350157 -666.456166
5.100000 2.010445 28.382651 -1426.596478 -654.585557
5.150000 1.989881 28.594341 -1416.792465 -652.678155
5.200000 1.969199 28.867847 -1404.744862 -648.572254
5.250000 2.035496 28.560199 -1422.618424 -640.988036
5.300000 2.003032 29.862692 -1358.739434 -589.575148
5.350000 2.003280 27.749245 -1456.428288 -687.168595
5.400000 1.974231 28.661878 -1413.326177 -655.221558
5.450000 2.017458 28.904793 -1403.613209 -628.909519
5.500000 1.998213 28.552718 -1418.773982 -651.460089
5.550000 1.989285 29.479010 -1376.794201 -612.908708
5.600000 2.027073 28.347959 -1427.585405 -649.189236
5.650000 2.005145 29.282142 -1388.962540 -618.986992
5.700000 1.986167 28.426956 -1425.975128 -663.287113
5.750000 2.026453 28.584088 -1419.700681 -641.542571
5.800000 2.000186 29.091998 -1396.218769 -628.147180
5.850000 1.980559 28.744442 -1410.976175 -650.441639
5.900000 1.994098 29.239979 -1389.600656 -623.867208
5.950000 1.999041 27.822161 -1453.464242 -685.832552
6.000000 1.995403 29.134100 -1392.804063 -626.569332
6.050000 2.018785 30.084057 -1347.675522 -572.462081
6.100000 1.990303 29.115684 -1393.961363 -629.684919
6.150000 2.018176 28.650450 -1414.511846 -639.532279
6.200000 1.970252 28.074382 -1440.564621 -683.987727
6.250000 2.012117 28.749109 -1412.553235 -639.900307
6.300000 2.022671 28.685343 -1418.025422 -641.319670
6.350000 1.993424 29.789579 -1367.050958 -601.575974
6.400000 2.022406 28.327042 -1429.671489 -653.067520
6.450000 2.018777 29.066174 -1395.113338 -619.903016
6.500000 2.009168 29.079249 -1396.606819 -625.086159
6.550000 2.035326 27.879406 -1452.982819 -671.417679
6.600000 1.977267 27.308748 -1477.726456 -718.455800
6.650000 2.021403 29.777350 -1369.374639 -593.155941
6.700000 2.002856 29.068868 -1397.040758 -627.943920
6.750000 1.991446 29.284560 -1384.920058 -620.204891
6.800000 2.002893 29.300489 -1385.906267 -616.795265
6.850000 2.009112 29.190018 -1389.369224 -617.870397
6.900000 2.013507 28.715759 -1413.667925 -640.481084
6.950000 1.977307 29.465486 -1374.958207 -615.672360
7.000000 2.011904 27.544827 -1466.453895 -693.882676
7.050000 1.979985 29.366900 -1381.101993 -620.787806
7.100000 2.021294 29.130562 -1396.235388 -620.058499
7.150000 1.986636 28.778666 -1409.701027 -646.832779
7.200000 1.993054 28.621292 -1413.566537 -648.233800
7.250000 1.988543 28.885400 -1404.003621 -640.403069
7.300000 1.973396 29.922646 -1355.785524 -598.001632
7.350000 2.003425 29.741816 -1366.106279 -596.790935
7.400000 2.030845 29.083778 -1397.291468 -617.446986
7.450000 2.024988 27.982276 -1442.395143 -664.799597
7.500000 2.005323 17.860223 -1512.514756 -742.470611
7.550000 1.983828 17.240875 -1540.600056 -778.810146
7.600000 2.026949 17.710496 -1520.756541 -742.408270
7.650000 1.997198 18.425311 -1487.524304 -720.600395
7.700000 1.999501 18.055082 -1504.457725 -736.649154
7.750000 1.986879 18.696412 -1472.519027 -709.557640
7.800000 2.018281 17.897118 -1515.004148 -739.984393
7.850000 1.977311 18.795767 -1464.692648 -705.405307
7.900000 1.991036 17.942483 -1508.509669 -743.952018
7.950000 2.005048 18.668391 -1473.008454 -703.070163
8.000000 2.018965 16.852204 -1564.176260 -788.893840
8.050000 1.979976 16.960532 -1553.959727 -793.649044
8.100000 1.998193 16.444427 -1580.581821 -813.275651
8.150000 1.991541 18.308641 -1490.864292 -726.112374
8.200000 2.021749 18.385283 -1486.574412 -710.222618
8.250000 2.030572 16.749152 -1563.820466 -784.080912
8.300000 1.989403 16.560691 -1574.035881 -810.105075
8.350000 1.979405 18.011296 -1504.148145 -744.056676
8.400000 1.986217 18.184522 -1495.936920 -733.229435
8.450000 2.028347 19.556870 -1428.028887 -649.143509
8.500000 2.022441 17.973289 -1507.182886 -730.565612
8.550000 2.003976 17.519568 -1529.111977 -759.585205
8.600000 1.998547 16.775365 -1563.390373 -795.948141
8.650000 1.990628 18.234820 -1493.375812 -728.974530
8.700000 2.008872 18.240055 -1493.137482 -721.730668
8.750000 2.009663 17.860844 -1514.378285 -742.667726
8.800000 2.027889 16.286889 -1589.172621 -810.463284
8.850000 1.983319 16.647395 -1570.511977 -808.917643
8.900000 2.004514 17.594428 -1526.598078 -756.864637
8.950000 2.024363 18.579621 -1480.370235 -703.014771
9.000000 1.988777 17.364663 -1535.680465 -771.990051
9.050000 2.002137 19.001471 -1457.897076 -689.076283
9.100000 2.062596 17.034127 -1551.527199 -759.490477
9.150000 2.004007 16.642759 -1566.951482 -797.412910
9.200000 2.004730 17.231162 -1539.320386 -769.503959
9.250000 1.964350 17.900688 -1507.616217 -753.305989
9.300000 2.020095 17.997352 -1508.479153 -732.762547
9.350000 2.000193 17.606050 -1526.129264 -758.055132
9.400000 2.030268 17.703761 -1524.741686 -745.118882
9.450000 1.974692 18.010170 -1504.603007 -746.321254
9.500000 2.017605 18.010048 -1500.844148 -726.083887
9.550000 1.985581 17.317132 -1533.742672 -771.279511
9.600000 2.011623 17.847023 -1511.700430 -739.237104
9.650000 2.014147 17.843555 -1514.100843 -740.668337
9.700000 2.027318 16.842571 -1561.606090 -783.115843
9.750000 1.976251 16.664501 -1567.863717 -808.983327
9.800000 2.020031 18.590591 -1478.122463 -702.430524
9.850000 1.977979 18.190134 -1493.735676 -734.191867
9.900000 2.007858 17.553601 -1526.884840 -755.867378
9.950000 1.984241 18.425439 -1483.545462 -721.596745
10.000000 2.011135 17.897499 -1508.593723 -736.318002
10.050000 1.996297 18.420047 -1487.874832 -721.296614
10.100000 2.064651 17.328769 -1539.989186 -747.163387
10.150000 2.019746 15.701853 -1615.172550 -839.590176
10.200000 1.993282 17.529367 -1525.794066 -760.373690
10.250000 1.997887 17.491757 -1534.075421 -766.886627
10.300000 2.012078 18.716562 -1474.179720 -701.541814
10.350000 2.004326 17.682423 -1521.399802 -751.738750
10.400000 2.025451 17.038505 -1553.720119 -775.946986
10.450000 1.985046 16.805970 -1560.275581 -798.017899
10.500000 1.993847 18.134058 -1498.308533 -732.671356
10.550000 2.014374 16.138946 -1592.464770 -818.945181
10.600000 1.978146 18.263646 -1493.860537 -734.252500
10.650000 2.033667 17.186099 -1543.560081 -762.632037
10.700000 2.002642 16.959433 -1554.403146 -785.388808
10.750000 2.023361 17.328391 -1536.529098 -759.558661
10.800000 1.994223 16.246702 -1587.721394 -821.939929
10.850000 1.986223 17.915285 -1508.585836 -745.876116
10.900000 2.022936 17.227528 -1542.929779 -766.122333
10.950000 1.991746 18.400747 -1488.284245 -723.453831
11.000000 2.036677 18.174814 -1499.826103 -717.742308
11.050000 1.993135 17.317312 -1538.544467 -773.180439
11.100000 1.972441 17.699695 -1518.728287 -761.310822
11.150000 2.006265 18.532430 -1480.001908 -709.596074
11.200000 1.993730 18.935286 -1460.328895 -694.736635
11.250000 1.990023 18.655907 -1474.340330 -710.171508
11.300000 2.029960 18.037976 -1506.820215 -727.315710
11.350000 1.997551 16.536592 -1570.931944 -803.872462
11.400000 1.986945 17.408116 -1537.277059 -774.290207
11.450000 2.009548 18.015940 -1507.132789 -735.466457
11.500000 1.991276 18.138529 -1498.362883 -733.712995
11.550000 1.994682 18.338806 -1490.951909 -724.994154
11.600000 2.062247 16.741764 -1566.849390 -774.946582
11.650000 1.959768 17.720915 -1515.792898 -763.242082
11.700000 1.978072 18.229601 -1494.947312 -735.367487
11.750000 1.995087 17.907207 -1509.174573 -743.061352
11.800000 1.987970 17.477225 -1528.141445 -764.760833
11.850000 2.010711 17.124664 -1547.995904 -775.882816
11.900000 1.985901 18.377016 -1489.861907 -727.275850
11.950000 2.039061 18.504395 -1485.455136 -702.455767
12.000000 1.993010 18.145239 -1496.856709 -731.540924
12.050000 1.974742 18.738550 -1473.210298 -714.909485
12.100000 2.028836 18.358934 -1489.765078 -710.692172
12.150000 1.983836 17.502028 -1527.806373 -766.013497
12.200000 2.005906 18.255523 -1491.455949 -721.187952
12.250000 2.018427 18.289205 -1490.676581 -715.600625
12.300000 2.012345 17.626710 -1524.210274 -751.469863
12.350000 1.980323 17.309873 -1540.430500 -779.986395
12.400000 1.970121 18.704732 -1469.671484 -713.145023
12.450000 2.028439 19.333892 -1443.602864 -664.682343
12.500000 1.995254 17.169725 -1545.328562 -779.151166
12.550000 2.035937 17.286881 -1540.614042 -758.814386
12.600000 1.991548 16.977888 -1551.323084 -786.568807
12.650000 1.973373 17.151344 -1541.618171 -783.843130
12.700000 1.996645 18.302477 -1488.744357 -722.032778
12.750000 1.984820 19.057167 -1450.155501 -687.984797
12.800000 1.996767 16.689493 -1567.215610 -800.457253
12.850000 2.006163 18.923917 -1461.756880 -691.390406
12.900000 2.001101 17.816341 -1518.417762 -749.994947
12.950000 2.003206 18.277228 -1493.205113 -723.974064
13.000000 2.044571 17.016837 -1557.170677 -772.055563
13.050000 1.997825 16.567624 -1574.561248 -807.396402
13.100000 1.993570 16.853526 -1556.734304 -791.203274
13.150000 1.995158 17.519249 -1527.047032 -760.906469
13.200000 1.966307 17.733566 -1514.881210 -759.819131
13.250000 2.029632 18.427176 -1485.957773 -706.579201
13.300000 2.009658 17.288539 -1539.692494 -767.983907
13.350000 1.994146 17.603835 -1524.305760 -758.553751
13.400000 1.982554 17.703631 -1520.636127 -759.335468
13.450000 1.997315 16.735458 -1567.876820 -800.907932
13.500000 2.007842 18.726767 -1466.593408 -695.581917
13.550000 1.972504 17.308241 -1532.876037 -775.434360
13.600000 2.020717 18.204145 -1498.143097 -722.187661
13.650000 2.026142 17.951993 -1510.908338 -732.869870
13.700000 2.002406 18.285874 -1490.239122 -721.315187
13.750000 2.023768 17.268852 -1539.328624 -762.201787
13.800000 1.969298 17.983958 -1503.386632 -747.176093
13.850000 2.004349 17.382961 -1532.023411 -762.353581
13.900000 1.997487 17.954264 -1507.138802 -740.103693
13.950000 2.018753 16.845982 -1557.949379 -782.748356
14.000000 1.984884 17.950784 -1506.198273 -744.002981
14.050000 2.002688 17.971543 -1499.579783 -730.547598
14.100000 1.966415 16.944298 -1552.815654 -797.712103
14.150000 1.966552 18.628055 -1474.055174 -718.899153
14.200000 2.019732 18.322947 -1494.419588 -718.842624
14.250000 2.032203 18.554008 -1478.947629 -698.581512
14.300000 2.004441 17.964325 -1507.158522 -737.453143
14.350000 1.996501 18.058196 -1502.984817 -736.328584
14.400000 2.009532 17.641028 -1526.065994 -754.405697
14.450000 1.985457 17.267430 -1543.051059 -780.635423
14.500000 1.996325 18.382161 -1490.092293 -723.503449
14.550000 2.014032 18.481265 -1484.520464 -711.132083
14.600000 2.022834 17.103857 -1552.619460 -775.851258
14.650000 1.984818 16.586659 -1572.324458 -810.154369
14.700000 1.978816 17.902883 -1510.687452 -750.822034
14.750000 1.987025 18.530989 -1483.990068 -720.972413
14.800000 2.026508 18.715883 -1472.714163 -694.535171
14.850000 2.020620 17.886657 -1511.181299 -735.263395
14.900000 2.006743 17.607270 -1522.866642 -752.277372
14.950000 2.015769 17.333006 -1538.874504 -764.819128
15.000000 1.995541 15.722710 -1266.128462 -499.840832
15.050000 1.985732 15.378951 -1279.465113 -516.944030
15.100000 1.988209 14.730424 -1316.219533 -552.747446
15.150000 1.992194 16.352777 -1229.583078 -464.580490
15.200000 2.020180 15.526313 -1280.108898 -504.359791
15.250000 1.956581 15.844262 -1264.696892 -513.369911
15.300000 2.017255 15.478211 -1279.107460 -504.481384
15.350000 1.985559 15.682897 -1272.343523 -509.888756
15.400000 2.032179 16.927318 -1212.488039 -432.131185
15.450000 2.004679 15.641401 -1282.541193 -512.744369
15.500000 2.020187 15.716666 -1273.529556 -497.777809
15.550000 2.008960 15.033570 -1303.529249 -532.088748
15.600000 2.029936 14.969907 -1309.076466 -529.580922
15.650000 1.953620 15.928906 -1255.106521 -504.916308
15.700000 2.029928 15.353603 -1292.814899 -513.322695
15.750000 1.994393 14.277270 -1347.817892 -581.971050
15.800000 1.984274 15.488499 -1278.006400 -516.045181
15.850000 1.975021 15.280460 -1287.887239 -529.479275
15.900000 1.995882 15.353301 -1288.331099 -521.912479
15.950000 2.005581 15.142791 -1300.254009 -530.110998
16.000000 1.979515 15.869898 -1257.905602 -497.771731
16.050000 1.987873 15.073834 -1299.477355 -536.134170
16.100000 1.962982 15.520911 -1273.932785 -520.147533
16.150000 2.021954 16.018809 -1250.810999 -474.380700
16.200000 1.998088 15.382339 -1287.639359 -520.373757
16.250000 2.023688 15.098134 -1306.203543 -529.107473
16.300000 1.984725 15.076912 -1305.304050 -543.169647
16.350000 2.011068 15.908438 -1256.769216 -484.519170
16.400000 1.992207 16.209339 -1240.480454 -475.473145
16.450000 2.012267 16.164892 -1249.555211 -476.844777
16.500000 2.033505 14.463315 -1338.553032 -557.687118
16.550000 2.009573 16.335798 -1233.493302 -461.817353
16.600000 2.010542 15.099669 -1296.843619 -524.795536
16.650000 2.014442 13.904780 -1359.097473 -585.551645
16.700000 1.981364 14.255766 -1338.592203 -577.748478
16.750000 2.024102 15.727967 -1262.496101 -485.240988
16.800000 1.979315 15.124960 -1297.027373 -536.970346
16.850000 1.990062 14.962364 -1306.207244 -542.023354
16.900000 1.962918 16.146354 -1245.601002 -491.840476
16.950000 2.030540 15.203324 -1303.967801 -524.240257
17.000000 1.975956 14.947471 -1309.367274 -550.600061
17.050000 2.005319 15.087947 -1302.158776 -532.116426
17.100000 1.975896 14.980224 -1305.642100 -546.898184
17.150000 1.965758 16.029549 -1256.680169 -501.829092
17.200000 2.012634 16.038581 -1257.354269 -484.502875
17.250000 2.003100 15.315553 -1284.599551 -515.409199
17.300000 1.996544 15.795377 -1253.563357 -486.890553
17.350000 1.969448 14.825646 -1305.172426 -548.904426
17.400000 2.057206 13.973317 -1355.455720 -565.488531
17.450000 2.009483 15.257300 -1281.952911 -510.311630
17.500000 1.981757 15.074867 -1295.782054 -534.787427
17.550000 2.000517 15.214560 -1294.005812 -525.807346
17.600000 1.987968 15.608439 -1273.895629 -510.516047
17.650000 2.007342 14.510301 -1327.161395 -556.342132
17.700000 1.996758 14.664015 -1315.070578 -548.315514
17.750000 1.961534 14.809889 -1308.245088 -555.016102
17.800000 2.009180 14.681954 -1317.949041 -546.423893
17.850000 1.997804 15.704926 -1263.411449 -496.254786
17.900000 1.982435 16.330629 -1232.405567 -471.150461
17.950000 2.029944 15.066100 -1300.568782 -521.070127
18.000000 2.010035 14.684228 -1319.194820 -547.341557
18.050000 1.969066 15.882880 -1252.563666 -496.442356
18.100000 2.019429 15.267655 -1292.062745 -516.601837
18.150000 2.004142 15.723557 -1266.402985 -496.812324
18.200000 1.996069 15.118152 -1301.016325 -534.525822
18.250000 2.023282 14.273893 -1345.461998 -568.521872
18.300000 1.988410 15.406148 -1284.177993 -520.628734
18.350000 2.016281 14.515272 -1325.709820 -551.457949
18.400000 1.973143 15.305972 -1279.338251 -521.651516
18.450000 2.006094 14.906230 -1305.264287 -534.924213
18.500000 2.006995 14.301199 -1340.048142 -569.361957
18.550000 2.015071 14.295513 -1333.256769 -559.469336
18.600000 1.945968 13.960062 -1345.709724 -598.458133
18.650000 2.014142 14.704918 -1314.822282 -541.391710
18.700000 1.986245 13.932547 -1357.320795 -594.602835
18.750000 2.000324 14.452047 -1331.824408 -563.699845
18.800000 2.013769 14.536899 -1325.611446 -552.324164
18.850000 1.998814 15.209637 -1292.015220 -524.470647
18.900000 1.990994 16.028895 -1245.604892 -481.063005
18.950000 1.997301 14.755917 -1314.908253 -547.944702
19.000000 2.000911 14.515528 -1327.192335 -558.842683
19.050000 1.988756 13.817313 -1357.451988 -593.769681
19.100000 1.961777 14.448442 -1324.896317 -571.573985
19.150000 2.064151 14.575414 -1325.655630 -533.021711
19.200000 1.988887 14.947949 -1304.230251 -540.497513
19.250000 2.002701 14.652573 -1319.357644 -550.320613
19.300000 1.986719 15.373044 -1272.406539 -509.506419
19.350000 2.016016 14.797499 -1310.712859 -536.562888
19.400000 1.995432 14.467325 -1332.395275 -566.149227
19.450000 1.988190 14.412529 -1335.955826 -572.490711
19.500000 1.990952 15.028520 -1299.723994 -535.198555
19.550000 2.040186 13.892103 -1364.393006 -580.961402
19.600000 1.957504 15.989199 -1245.943475 -494.261926
19.650000 2.014953 14.884299 -1306.857050 -533.115182
19.700000 1.982898 15.007738 -1298.821241 -537.388236
19.750000 1.996016 15.032183 -1304.488258 -538.018266
19.800000 1.986788 15.697862 -1264.341611 -501.415018
19.850000 2.022975 14.916280 -1306.442572 -529.620042
19.900000 1.942242 15.108663 -1293.491213 -547.670343
19.950000 2.032089 15.651631 -1274.190629 -493.868268
20.000000 1.994156 15.866914 -1264.362422 -498.606463
20.050000 2.013678 15.852520 -1259.425921 -486.173719
20.100000 2.030106 14.380515 -1331.749750 -552.188943
20.150000 1.987636 14.975809 -1297.722669 -534.470622
20.200000 1.997864 15.479417 -1281.291532 -514.111711
20.250000 2.009336 15.406285 -1291.548282 -519.963438
20.300000 1.970078 15.833581 -1256.702213 -500.192404
20.350000 1.985469 14.938186 -1305.354093 -542.933977
20.400000 2.015597 15.213154 -1294.335125 -520.345938
20.450000 2.009984 15.139963 -1301.304192 -529.470424
20.500000 2.033686 15.187768 -1298.916417 -517.981114
20.550000 2.031093 13.866705 -1360.332841 -580.393307
20.600000 1.957349 14.883966 -1309.232875 -557.611018
20.650000 2.025007 14.520337 -1329.445343 -551.842716
20.700000 1.989020 14.456475 -1327.949457 -564.165886
20.750000 1.988532 14.836319 -1309.704370 -546.108067
20.800000 2.009283 15.445359 -1284.729836 -513.165246
20.850000 1.967951 16.912949 -1206.268147 -450.575086
20.900000 2.013824 16.403288 -1232.805231 -459.496790
20.950000 2.021392 15.829622 -1268.614500 -492.400011
21.000000 2.012462 16.136457 -1244.257352 -471.472014
21.050000 1.999591 14.621626 -1323.447550 -555.604714
21.100000 1.974813 14.335155 -1335.093674 -576.765571
21.150000 2.017002 15.227143 -1293.418718 -518.889883
21.200000 1.991408 16.095127 -1246.817188 -482.116517
21.250000 1.997303 15.398155 -1289.222068 -522.257615
21.300000 2.001255 16.390969 -1233.594850 -465.112917
21.350000 1.998145 16.199720 -1245.878296 -478.590726
21.400000 1.988264 15.784045 -1269.608776 -506.115419
21.450000 2.023625 15.246596 -1296.141754 -519.069830
21.500000 1.977759 15.812383 -1253.078493 -493.619201
21.550000 1.966604 14.746994 -1314.948791 -559.772774
21.600000 2.003644 15.487340 -1276.462859 -507.063690
21.650000 1.992764 15.634197 -1265.970203 -500.748994
21.700000 2.046467 15.910058 -1258.458567 -472.615375
21.750000 2.019346 13.892056 -1361.322723 -585.893759
21.800000 2.025141 14.838951 -1306.971817 -529.317508
21.850000 1.968896 14.650055 -1312.568766 -556.512805
21.900000 1.998539 15.447312 -1279.467566 -512.028731
21.950000 2.045511 14.949358 -1314.442149 -528.965908
22.000000 1.980243 14.658175 -1319.645009 -559.231727
22.050000 1.999232 14.609849 -1328.931917 -561.226954
22.100000 2.005506 15.503091 -1285.292899 -515.178476
22.150000 1.973082 16.103720 -1252.691651 -495.027978
22.200000 2.030744 15.238682 -1297.217401 -517.411744
22.250000 1.994087 14.643209 -1324.589476 -558.860168
22.300000 1.992575 15.319750 -1285.894738 -520.746037
22.350000 2.006174 15.966133 -1256.225012 -485.854323
22.400000 2.008692 14.628278 -1323.562891 -552.225300
22.450000 1.989160 15.605632 -1272.892411 -509.055155
22.500000 2.002203 9.376567 -1275.173056 -506.327271
22.550000 1.978800 9.428769 -1278.096418 -518.237329
22.600000 2.001803 10.275826 -1233.009215 -464.317054
22.650000 1.995879 9.275002 -1284.913503 -518.495790
22.700000 2.029561 9.346202 -1271.965060 -492.613717
22.750000 1.990809 9.065079 -1287.217482 -522.746949
22.800000 1.994330 8.958189 -1297.358169 -531.535477
22.850000 2.028178 7.714458 -1370.584326 -591.764045
22.900000 1.998967 8.319126 -1333.837342 -566.233949
22.950000 2.001862 8.463468 -1322.360208 -553.645224
23.000000 1.975311 9.187651 -1279.110933 -520.591414
23.050000 2.006457 9.579455 -1262.774632 -492.295039
23.100000 2.011376 9.642617 -1256.811133 -484.442932
23.150000 2.011933 8.738506 -1304.940723 -532.358339
23.200000 2.031241 8.528030 -1319.647042 -539.650648
23.250000 1.993351 8.972716 -1293.000238 -527.553547
23.300000 2.009121 8.874117 -1297.845776 -526.343154
23.350000 2.004858 8.165121 -1335.171822 -565.306407
23.400000 1.989083 9.160793 -1279.291270 -515.483485
23.450000 2.019503 9.377842 -1270.022181 -494.533176
23.500000 1.970370 8.846933 -1292.477920 -535.855838
23.550000 2.010885 8.970357 -1303.154933 -530.975030
23.600000 2.005650 8.833726 -1313.611050 -543.441488
23.650000 1.983908 8.534458 -1331.845708 -570.024981
23.700000 2.012472 9.275291 -1291.401829 -518.612541
23.750000 1.997138 9.433767 -1279.581409 -512.680258
23.800000 1.983970 9.157646 -1287.298862 -525.454440
23.850000 2.004846 8.893132 -1295.465575 -525.604812
23.900000 1.985167 8.468427 -1314.675866 -552.371895
23.950000 2.001415 9.126455 -1288.780595 -520.237117
24.000000 2.021258 9.628425 -1262.274737 -486.111741
24.050000 1.997968 9.143492 -1289.240087 -522.020499
24.100000 2.007363 8.288392 -1337.278011 -566.450662
24.150000 1.980790 10.039371 -1233.258858 -472.635580
24.200000 2.013386 9.026727 -1295.756655 -522.616452
24.250000 2.025276 9.416973 -1274.917907 -497.211860
24.300000 2.034471 9.768161 -1261.276616 -480.039586
24.350000 1.982926 9.569352 -1266.530074 -505.086333
24.400000 2.013585 8.812997 -1308.670913 -535.454107
24.450000 1.981824 8.826240 -1303.921025 -542.900440
24.500000 2.009768 8.525561 -1315.583334 -543.832498
24.550000 1.987268 9.757110 -1244.599901 -481.489086
24.600000 2.022903 8.923698 -1301.335352 -524.540518
24.650000 1.975303 9.151559 -1292.414525 -533.898238
24.700000 2.002074 9.411661 -1281.170351 -512.374030
24.750000 2.014032 8.752148 -1315.211962 -541.823731
24.800000 1.990527 9.192036 -1280.630042 -516.267623
24.850000 1.995148 9.451647 -1258.665860 -492.528972
24.900000 1.973537 8.905334 -1293.353099 -535.514872
24.950000 1.973552 8.722699 -1309.938376 -552.094554
25.000000 1.990878 9.297029 -1278.235286 -513.738104
25.050000 2.011059 8.945225 -1302.316354 -530.069536
25.100000 2.007285 8.605849 -1317.695034 -546.897541
25.150000 1.978213 8.786017 -1304.928513 -545.294772
25.200000 2.007309 9.301794 -1277.649971 -506.843451
25.250000 2.026663 8.659949 -1310.439065 -532.200437
25.300000 1.988866 9.033090 -1289.778229 -526.053620
25.350000 2.012364 9.086624 -1288.763073 -516.015390
25.400000 1.994357 9.495600 -1273.699512 -507.866402
25.450000 2.019156 9.859662 -1249.023752 -473.667665
25.500000 2.010222 9.829318 -1243.271509 -471.346410
25.550000 1.974993 9.332918 -1269.136888 -510.739737
25.600000 2.015737 9.331256 -1275.705639 -501.662752
25.650000 2.029734 9.642223 -1260.968352 -481.550485
25.700000 1.994530 8.984872 -1292.204061 -526.304576
25.750000 2.005777 9.004957 -1291.714315 -521.495976
25.800000 1.981223 9.496224 -1269.085970 -508.296524
25.850000 2.001920 9.736018 -1260.121150 -491.384056
25.900000 2.014117 9.826709 -1252.000676 -478.579644
25.950000 2.009502 8.920445 -1302.735318 -531.086543
26.000000 1.996544 9.221424 -1281.138293 -514.465349
26.050000 2.004423 9.331865 -1274.625644 -504.927032
26.100000 2.000765 8.692876 -1308.272225 -539.978388
26.150000 1.982566 9.242587 -1281.078876 -519.773460
26.200000 2.016386 9.143311 -1294.227004 -519.934847
26.250000 1.995087 9.063850 -1298.146225 -532.032857
26.300000 1.995758 9.383616 -1282.746970 -516.375929
26.350000 1.965373 9.933722 -1242.029543 -487.326122
26.400000 2.022930 9.514132 -1267.816260 -491.010955
26.450000 2.015114 9.399204 -1278.381902 -504.578214
26.500000 2.011573 9.041648 -1295.536543 -523.092399
26.550000 2.007191 9.500859 -1271.697340 -500.935911
26.600000 2.004504 9.613956 -1267.819819 -498.090138
26.650000 2.021734 9.196776 -1290.414759 -514.069012
26.700000 1.988118 8.869184 -1298.821826 -535.384352
26.750000 2.004414 8.370456 -1330.745129 -561.050326
26.800000 1.999892 9.170043 -1287.424456 -519.465859
26.850000 2.004566 9.304956 -1283.101412 -513.348178
26.900000 1.985461 10.578461 -1209.729048 -447.312107
26.950000 2.023373 9.793103 -1250.403981 -473.428585
27.000000 1.972118 9.115397 -1280.328521 -523.035338
27.050000 2.005379 9.834794 -1246.920065 -476.854663
27.100000 2.024918 9.973813 -1249.112900 -471.544510
27.150000 1.999637 9.950964 -1252.199258 -484.338476
27.200000 2.010920 9.296859 -1289.740984 -517.547718
27.250000 2.004182 9.255974 -1284.058147 -514.452426
27.300000 1.993407 9.543749 -1265.597326 -500.129091
27.350000 2.010333 8.953532 -1300.848723 -528.880847
27.400000 1.986217 8.273541 -1337.813530 -575.106071
27.450000 2.025929 9.675916 -1262.731606 -484.775018
27.500000 1.995687 9.135493 -1292.199496 -525.855633
27.550000 1.985698 9.647463 -1256.234423 -493.726336
27.600000 2.007720 9.679239 -1256.242341 -485.277716
27.650000 2.033300 9.043559 -1290.586141 -509.799038
27.700000 1.973429 9.100280 -1286.418128 -528.621311
27.750000 2.008409 9.057201 -1296.422589 -525.193554
27.800000 2.021569 9.090716 -1299.302827 -523.020522
27.850000 1.998285 8.772332 -1311.592165 -544.250636
27.900000 2.004126 8.443959 -1327.191880 -557.607607
27.950000 2.011155 9.614388 -1254.851934 -482.568288
28.000000 2.015834 8.971973 -1295.518145 -521.437739
28.050000 1.986407 10.151120 -1226.053173 -463.272738
28.100000 1.991930 8.506688 -1322.981182 -558.079997
28.150000 2.009589 8.490372 -1325.211931 -553.529869
28.200000 1.981125 8.883142 -1303.192064 -542.440050
28.250000 1.999015 8.868843 -1305.875999 -538.254103
28.300000 2.000712 10.344013 -1228.571920 -460.298413
28.350000 2.026279 8.958299 -1300.435809 -522.344535
28.400000 1.946149 8.966871 -1292.015047 -544.693849
28.450000 2.034755 9.036871 -1291.429627 -510.083890
28.500000 1.998477 8.777342 -1304.306525 -536.891463
28.550000 1.998866 8.765468 -1308.694772 -541.130312
28.600000 1.983016 9.618501 -1263.493686 -502.015411
28.650000 1.992535 10.146257 -1239.851342 -474.718027
28.700000 1.991087 10.293759 -1232.775755 -468.198452
28.750000 2.038245 9.912064 -1253.939131 -471.253136
28.800000 2.028395 8.716151 -1307.783255 -528.879752
28.850000 2.005291 8.245163 -1329.628927 -559.597049
28.900000 2.001125 8.994001 -1289.998704 -521.566732
28.950000 2.009239 8.551468 -1321.202275 -549.654578
29.000000 1.994354 8.613065 -1315.386304 -549.554498
29.050000 1.992947 9.429449 -1269.011301 -503.719618
29.100000 2.002464 8.906510 -1299.449336 -530.503021
29.150000 2.010992 8.871459 -1304.412563 -532.191462
29.200000 1.989215 8.947712 -1303.672000 -539.813288
29.250000 1.995676 8.926271 -1302.078417 -535.738884
29.300000 2.006721 9.001469 -1293.889088 -523.308244
29.350000 1.993475 8.806995 -1305.636243 -540.141834
29.400000 1.990131 9.346275 -1283.026283 -518.815955
29.450000 2.011635 9.966704 -1253.320659 -480.852715
29.500000 2.023785 8.782730 -1317.840222 -540.706705
29.550000 1.972399 9.625908 -1259.209436 -501.808115
29.600000 2.040960 10.017219 -1239.275822 -455.547084
29.650000 1.990600 8.800127 -1305.618849 -541.228601
29.700000 2.036499 8.900082 -1298.938931 -516.923438
29.750000 1.998660 8.427325 -1322.059965 -554.574620
29.800000 2.010979 9.661819 -1255.272391 -483.056595
29.850000 1.998268 9.236611 -1287.276450 -519.941604
29.900000 2.006342 9.152839 -1287.850518 -517.415135
29.950000 1.980222 8.754816 -1300.677788 -540.272675
30.000000 2.001564 4.262203 -1290.916744 -522.316281
30.050000 1.983260 6.482970 -1155.952197 -394.380377
30.100000 2.023911 5.598492 -1212.268485 -435.086542
30.150000 1.993756 5.632066 -1204.654809 -439.052369
30.200000 1.991979 5.370846 -1223.210945 -458.290975
30.250000 2.010709 5.420989 -1215.479733 -443.367343
30.300000 2.000959 4.844348 -1245.791463 -477.423151
30.350000 1.995979 5.197163 -1216.459118 -450.003358
30.400000 2.032252 4.876181 -1239.781593 -459.396938
30.450000 1.985203 5.433424 -1200.134364 -437.816277
30.500000 2.004639 5.677926 -1190.624917 -420.843646
30.550000 1.996751 4.861750 -1240.169443 -473.416892
30.600000 1.964239 5.306704 -1204.023097 -449.755241
30.650000 1.985570 5.586754 -1197.066723 -434.607963
30.700000 2.011827 5.867648 -1186.830927 -414.289274
30.750000 2.004499 5.201617 -1226.550440 -456.822966
30.800000 1.993530 5.358734 -1211.147269 -445.631842
30.850000 2.000259 6.113539 -1161.092884 -392.993450
30.900000 1.999342 4.794210 -1246.862198 -479.114691
30.950000 1.996483 4.805420 -1244.905132 -478.255471
31.000000 2.016957 4.840913 -1243.661655 -469.150030
31.050000 1.978238 4.871635 -1236.528265 -476.884746
31.100000 2.013097 4.492106 -1261.570098 -488.540736
31.150000 1.987607 4.183261 -1277.068767 -513.827833
31.200000 1.976458 4.793627 -1247.281676 -488.321870
31.250000 2.021948 6.152844 -1166.677606 -390.249766
31.300000 2.015369 4.769761 -1247.967391 -474.065537
31.350000 1.991803 4.894117 -1228.803064 -463.950594
31.400000 1.981464 4.850572 -1236.798930 -475.916774
31.450000 1.976682 6.288960 -1152.082142 -393.036247
31.500000 2.023217 5.665852 -1195.187362 -418.271998
31.550000 1.991813 5.241558 -1216.181797 -451.325535
31.600000 1.993365 4.948944 -1235.035682 -469.583693
31.650000 1.997717 5.462058 -1201.797299 -434.674135
31.700000 2.010231 5.254893 -1219.991494 -448.062609
31.750000 1.978649 6.029446 -1169.651765 -409.850492
31.800000 2.024069 5.625930 -1193.995097 -416.752483
31.850000 1.988710 5.427137 -1202.343086 -438.678382
31.900000 2.018253 5.412852 -1209.551481 -434.542303
31.950000 1.989838 5.274770 -1219.491729 -455.394064
32.000000 2.025034 4.980946 -1239.148902 -461.535754
32.050000 1.997545 5.144805 -1229.411563 -462.354348
32.100000 2.005671 4.878421 -1246.120742 -475.942948
32.150000 1.998989 5.392768 -1207.636375 -440.024409
32.200000 1.976549 6.298886 -1153.341485 -394.346555
32.250000 1.990399 5.910442 -1184.294467 -419.981363
32.300000 2.010150 5.908863 -1184.150432 -412.252899
32.350000 1.973921 7.241698 -1100.134581 -342.148932
32.400000 1.999454 5.908624 -1186.315356 -418.525022
32.450000 1.989893 5.085810 -1227.920412 -463.801390
32.500000 1.990565 5.795238 -1186.148839 -421.772006
32.550000 1.997162 5.790807 -1190.386916 -423.476791
32.600000 1.995475 5.500564 -1204.523516 -438.261262
32.650000 1.969022 5.634711 -1191.723103 -435.618511
32.700000 1.992033 5.046856 -1236.573031 -471.632476
32.750000 1.985696 6.473790 -1148.548190 -386.040899
32.800000 2.014667 4.983619 -1234.614241 -460.982300
32.850000 2.008322 4.260482 -1269.574236 -498.378455
32.900000 1.991086 5.063591 -1221.352844 -456.775873
32.950000 2.007642 5.452678 -1203.587180 -432.652522
33.000000 1.995545 5.092660 -1234.428414 -468.139066
33.050000 1.996948 4.957162 -1248.739161 -481.911074
33.100000 1.984206 5.696210 -1201.764387 -439.829271
33.150000 2.006842 4.983117 -1250.564525 -479.937374
33.200000 1.999294 6.156062 -1175.181371 -407.452517
33.250000 2.001053 6.727609 -1137.193237 -368.788767
33.300000 1.997233 5.279245 -1218.525641 -451.588116
33.350000 1.994602 5.407033 -1208.508765 -442.581592
33.400000 2.004718 5.879832 -1186.546327 -416.734457
33.450000 2.011315 6.336385 -1159.866952 -387.521826
33.500000 2.033049 5.068831 -1235.506557 -454.815653
33.550000 1.992305 4.984742 -1235.351675 -470.306728
33.600000 2.001695 4.843382 -1247.257715 -478.606807
33.650000 1.978227 5.980565 -1179.611766 -419.972604
33.700000 2.001855 5.593516 -1203.933253 -435.220983
33.750000 2.025500 5.209821 -1218.330764 -440.538880
33.800000 1.988781 4.703843 -1249.549886 -485.858107
33.850000 2.028660 5.472653 -1204.492253 -425.486727
33.900000 2.006184 4.737715 -1243.592248 -473.217542
33.950000 1.979489 5.188024 -1213.867511 -453.743751
34.000000 1.985544 5.645017 -1196.223191 -433.774284
34.050000 2.027604 5.692385 -1198.773980 -420.174145
34.100000 1.989022 5.613275 -1200.816583 -437.032098
34.150000 1.989541 5.789361 -1195.167904 -431.184044
34.200000 2.007851 5.747685 -1194.567075 -423.552345
34.250000 2.020471 5.070331 -1229.090629 -453.229788
34.300000 1.997060 5.238400 -1217.205323 -450.334127
34.350000 2.006435 5.711445 -1187.640794 -417.169810
34.400000 1.984952 5.019517 -1243.207725 -480.986267
34.450000 2.002655 5.706000 -1200.587554 -431.567902
34.500000 1.989511 5.006583 -1241.328618 -477.356510
34.550000 1.995973 5.367271 -1219.411674 -452.958167
34.600000 2.016377 5.639410 -1200.059782 -425.770896
34.650000 1.986994 5.203294 -1219.762248 -456.756694
34.700000 1.990110 5.276654 -1220.924741 -456.722596
34.750000 2.006049 6.127084 -1167.067375 -396.744660
34.800000 1.995905 5.932615 -1178.244895 -411.817218
34.850000 2.015175 5.533560 -1201.697346 -427.870086
34.900000 2.001790 5.036478 -1235.139706 -466.452390
34.950000 1.977422 5.597547 -1199.231202 -439.901239
35.000000 2.012854 5.042207 -1230.537598 -457.601831
35.050000 1.997314 5.231368 -1213.422989 -446.454337
35.100000 2.004173 4.560072 -1258.089541 -488.486953
35.150000 1.975569 5.417950 -1204.083163 -445.464857
35.200000 2.008030 5.618197 -1196.896381 -425.812820
35.250000 1.994296 5.441428 -1209.626231 -443.816692
35.300000 2.023262 5.755790 -1192.137809 -415.205045
35.350000 1.994602 5.717561 -1190.379436 -424.452266
35.400000 2.012803 5.540803 -1188.922592 -416.006084
35.450000 1.984029 5.047482 -1222.407780 -460.540588
35.500000 2.018647 5.480971 -1198.770179 -423.609810
35.550000 1.995180 5.119323 -1221.731273 -455.582156
35.600000 1.990783 4.899268 -1236.722717 -472.261925
35.650000 1.995222 5.041555 -1223.523119 -457.357689
35.700000 2.014502 4.321146 -1272.984053 -499.415180
35.750000 2.016810 5.091907 -1226.842699 -452.387746
35.800000 1.979441 5.326301 -1217.218573 -457.113103
35.850000 1.996657 5.287563 -1227.535212 -460.818933
35.900000 2.006789 6.079053 -1173.735423 -403.128578
35.950000 2.009127 5.446658 -1216.316429 -444.811506
36.000000 2.009643 5.210519 -1235.166575 -463.463602
36.050000 1.987905 6.031029 -1189.454161 -426.098686
36.100000 2.036608 5.427101 -1223.845261 -441.787785
36.150000 2.015911 4.533011 -1269.928658 -495.818874
36.200000 1.995253 5.182878 -1227.976256 -461.799196
36.250000 2.013219 5.346302 -1213.043808 -439.967656
36.300000 2.002887 4.835261 -1242.854126 -473.745436
36.350000 1.995318 5.306734 -1224.841358 -458.639271
36.400000 1.993425 5.399159 -1222.549212 -457.074079
36.450000 1.997604 5.218834 -1226.917258 -459.837223
36.500000 2.012381 4.864437 -1249.611507 -476.857174
36.550000 1.973705 5.606960 -1198.485057 -440.582348
36.600000 2.012561 5.651789 -1203.187384 -430.363952
36.650000 1.994412 5.885972 -1183.408054 -417.553670
36.700000 2.011089 5.632762 -1198.709044 -426.450745
36.750000 2.009493 5.697016 -1201.051898 -429.406408
36.800000 1.996556 5.044111 -1246.015983 -479.338455
36.850000 2.003637 5.013934 -1241.942875 -472.546126
36.900000 1.990085 4.776401 -1250.648898 -486.456344
36.950000 2.020049 5.222545 -1223.372705 -447.673843
37.000000 1.980198 6.194933 -1166.987654 -406.591615
37.050000 2.023756 6.196642 -1170.398901 -393.276598
37.100000 2.008769 5.268352 -1222.080896 -450.713665
37.150000 1.971401 5.288459 -1216.949373 -459.931294
37.200000 2.036451 5.618154 -1196.086372 -414.089328
37.250000 2.011060 4.743224 -1249.892894 -477.645721
37.300000 1.983340 4.879583 -1238.232197 -476.629565
37.350000 1.989350 4.657625 -1257.040015 -493.129610
37.400000 1.998287 5.082288 -1235.916858 -468.574569
37.450000 2.001091 5.266858 -1223.417055 -454.998169
37.500000 1.963637 3.589702 -1071.481114 -317.444622
37.550000 2.017793 3.678870 -1067.476122 -292.643441
37.600000 1.986176 3.665446 -1063.120620 -300.429076
37.650000 2.025310 3.619324 -1060.534234 -282.815061
37.700000 2.007131 2.471891 -1130.296515 -359.558122
37.750000 1.976992 2.727909 -1110.117091 -350.952241
37.800000 1.996106 3.094338 -1092.881799 -326.377048
37.850000 1.977469 2.968931 -1110.711392 -351.363362
37.900000 2.000337 2.554597 -1139.823889 -371.694364
37.950000 1.998569 2.608181 -1131.028861 -363.578221
38.000000 1.998065 3.592135 -1057.438847 -290.181905
38.050000 2.010730 3.214116 -1088.200915 -316.080673
38.100000 1.995497 3.002282 -1100.081773 -333.810933
38.150000 1.997219 3.162464 -1090.474489 -323.542211
38.200000 2.002718 2.737127 -1120.190597 -351.146707
38.250000 1.996763 2.926711 -1107.940790 -341.183842
38.300000 2.005277 3.131898 -1094.300020 -324.273633
38.350000 1.991643 2.950448 -1102.055555 -337.264792
38.400000 1.994501 2.621953 -1123.997563 -358.109272
38.450000 1.991482 2.924989 -1103.014514 -338.285477
38.500000 1.989971 3.327000 -1071.755746 -307.606938
38.550000 2.006184 3.001324 -1093.788145 -323.413503
38.600000 2.010778 2.664741 -1113.469626 -341.330947
38.650000 1.980445 2.282807 -1137.552763 -377.061865
38.700000 1.998093 2.986470 -1093.109664 -325.841860
38.750000 2.002169 3.381863 -1070.888199 -302.055363
38.800000 1.972601 3.561015 -1064.769711 -307.291024
38.850000 2.008866 3.542065 -1069.346540 -297.942119
38.900000 2.014218 3.734340 -1048.105470 -274.645916
38.950000 2.016703 2.758629 -1118.542066 -344.128094
39.000000 1.988092 2.883836 -1106.827590 -343.400184
39.050000 1.991229 3.221523 -1081.513585 -316.881755
39.100000 1.998689 3.225289 -1084.934879 -317.438308
39.150000 2.005550 2.848200 -1110.014073 -339.882906
39.200000 1.991213 2.877100 -1105.865426 -341.239563
39.250000 1.999671 2.868249 -1112.849167 -344.975537
39.300000 2.012671 2.768357 -1121.304928 -348.439211
39.350000 1.983501 3.616179 -1061.350381 -299.685939
39.400000 2.007800 3.306055 -1087.191022 -316.195861
39.450000 2.007030 3.630070 -1065.560225 -294.860794
39.500000 1.994655 3.530858 -1079.079770 -313.132245
39.550000 2.015447 3.898997 -1055.933431 -282.001968
39.600000 2.010852 2.966790 -1122.241890 -350.074674
39.650000 2.007127 3.389931 -1080.582102 -309.845393
39.700000 1.996568 2.910334 -1105.690443 -339.008476
39.750000 1.989659 3.150201 -1091.166657 -327.137610
39.800000 2.019015 3.365131 -1080.359384 -305.057761
39.850000 2.006191 2.835875 -1119.857343 -349.480036
39.900000 2.010999 3.389597 -1074.963885 -302.740310
39.950000 2.006019 2.804054 -1108.973996 -338.662790
40.000000 2.000432 2.641858 -1111.376807 -343.211085
40.050000 1.982810 3.101893 -1078.468504 -317.069310
40.100000 2.013750 2.495401 -1129.115903 -355.835914
40.150000 1.987540 2.813420 -1113.317536 -350.102216
40.200000 2.006218 3.444540 -1069.190245 -298.802360
40.250000 2.007163 2.981095 -1096.375503 -325.625030
40.300000 2.018852 2.519445 -1129.879825 -354.640837
40.350000 1.990958 2.866436 -1103.407336 -338.879375
40.400000 1.984732 2.579701 -1127.116123 -364.979111
40.450000 2.007356 2.852013 -1108.380601 -337.555883
40.500000 1.973441 2.950558 -1109.384565 -351.583258
40.550000 2.032767 3.671788 -1067.519486 -286.936816
40.600000 1.968057 3.168258 -1108.249670 -352.515904
40.650000 2.003465 3.737835 -1068.768993 -299.438495
40.700000 1.998416 3.369925 -1083.970273 -316.578394
40.750000 2.003994 3.275288 -1083.981442 -314.447602
40.800000 2.008479 2.938610 -1106.095904 -334.839836
40.850000 1.981284 3.131073 -1089.274002 -328.460885
40.900000 2.029404 2.933412 -1098.369265 -319.078320
40.950000 2.005634 2.488449 -1125.818172 -355.654681
41.000000 1.989778 2.603618 -1121.693025 -357.618273
41.050000 2.007884 3.342431 -1073.507474 -302.480033
41.100000 2.030558 2.639932 -1120.282224 -340.548069
41.150000 1.985847 2.616625 -1123.727820 -361.162498
41.200000 2.006299 2.928631 -1103.958814 -333.539976
41.250000 1.990466 3.060739 -1102.023281 -337.684349
41.300000 2.009605 3.742697 -1065.894817 -294.206484
41.350000 1.986867 3.307978 -1090.342695 -327.385677
41.400000 1.991294 3.447857 -1075.851239 -311.194252
41.450000 2.024219 3.266979 -1088.758899 -311.458713
41.500000 1.997923 2.716186 -1123.542761 -356.340150
41.550000 2.007400 2.767235 -1117.782687 -346.941216
41.600000 2.000973 2.836971 -1113.815910 -345.442211
41.650000 1.991120 3.148060 -1096.058888 -331.468946
41.700000 1.996268 3.010684 -1104.797955 -338.231157
41.750000 2.016950 2.957684 -1102.579833 -328.070920
41.800000 1.997380 2.811786 -1115.766745 -348.772914
41.850000 2.011189 3.349863 -1086.099844 -313.803381
41.900000 2.006425 2.669468 -1139.699348 -369.232290
41.950000 1.992214 2.729294 -1134.376300 -369.366052
42.000000 1.999153 2.966788 -1118.774864 -351.099932
42.050000 2.000419 3.063496 -1110.334425 -342.173669
42.100000 2.017657 2.954736 -1110.417104 -335.636680
42.150000 1.993586 2.660861 -1119.879892 -354.342699
42.200000 1.980185 3.264131 -1078.292560 -317.901549
42.250000 2.001213 3.300855 -1078.081669 -309.616066
42.300000 1.982371 3.018457 -1098.434894 -337.204343
42.350000 2.004273 3.068315 -1095.777336 -326.136435
42.400000 1.991377 3.457553 -1067.606699 -302.918082
42.450000 2.012428 2.841099 -1113.535792 -340.763431
42.500000 1.994621 2.920913 -1104.342712 -338.408370
42.550000 1.991307 2.788639 -1117.046480 -352.384752
42.600000 2.002874 3.208682 -1083.336993 -314.233371
42.650000 2.005207 2.548416 -1124.548985 -354.549548
42.700000 1.997611 2.528813 -1125.475741 -358.393264
42.750000 1.984411 2.807367 -1113.918727 -351.905082
42.800000 2.003638 3.108787 -1101.917485 -332.520685
42.850000 2.019436 2.758511 -1116.317530 -340.853935
42.900000 1.995058 2.549568 -1124.423849 -358.321492
42.950000 2.000318 3.302301 -1069.675213 -301.553244
43.000000 1.994899 3.007343 -1098.262209 -332.221155
43.050000 2.011628 3.085192 -1103.831485 -331.366393
43.100000 2.001212 2.967129 -1117.937566 -349.472056
43.150000 2.001837 2.915320 -1123.940292 -355.235013
43.200000 2.001921 3.526630 -1076.785510 -308.047832
43.250000 2.013474 3.480453 -1078.177392 -305.003507
43.300000 1.995889 3.586711 -1068.273509 -301.852044
43.350000 2.028859 2.999704 -1105.099811 -326.017976
43.400000 1.988951 2.963750 -1106.739011 -342.981733
43.450000 2.010267 3.137945 -1095.353296 -323.410691
43.500000 1.985948 3.318183 -1082.409760 -319.805721
43.550000 2.005750 3.112982 -1096.548330 -326.340200
43.600000 2.001902 3.111789 -1093.590405 -324.859860
43.650000 2.013069 2.844443 -1116.064546 -343.046152
43.700000 1.990902 2.932310 -1108.775545 -344.269281
43.750000 2.000612 2.863818 -1109.912461 -341.677402
43.800000 2.007809 2.244856 -1149.638710 -378.639994
43.850000 1.993975 2.886392 -1105.181278 -339.494767
43.900000 1.995581 3.506923 -1066.718331 -300.415273
43.950000 2.006456 3.209327 -1093.929327 -323.450127
44.000000 2.006359 3.447046 -1075.224910 -304.782870
44.050000 2.005991 2.964152 -1108.235697 -337.934984
44.100000 2.005254 3.058033 -1095.816139 -325.798498
44.150000 1.981200 2.823798 -1117.680462 -356.899540
44.200000 1.986551 3.640510 -1069.276100 -306.440690
44.250000 1.993019 3.147302 -1111.354281 -346.035097
44.300000 2.024784 3.501225 -1085.063476 -307.546580
44.350000 1.992618 2.689283 -1143.399463 -378.234320
44.400000 2.014361 2.961552 -1115.016002 -341.501346
44.450000 1.984069 2.604308 -1132.665996 -370.783644
44.500000 1.988966 2.797013 -1123.884109 -360.121243
44.550000 1.982613 3.501252 -1078.843207 -317.519937
44.600000 1.985831 3.691266 -1063.719524 -301.160446
44.650000 2.013782 3.073078 -1099.882506 -326.590129
44.700000 2.000910 3.083622 -1092.335616 -323.986061
44.750000 2.023382 3.108714 -1095.067046 -318.088424
44.800000 2.016964 3.282735 -1083.709462 -309.195454
44.850000 1.987399 3.407560 -1076.868194 -313.707032
44.900000 2.011695 3.385807 -1080.670108 -308.179210
44.950000 2.020375 3.265928 -1084.270106 -308.446177
45.000000 2.013356 1.466338 -975.269132 -202.140457
45.050000 1.991974 1.099812 -1002.326516 -237.408549
45.100000 1.996426 1.626542 -962.155238 -195.527663
45.150000 1.988480 1.730929 -958.552760 -194.976262
45.200000 1.990846 1.852348 -950.154628 -185.669933
45.250000 2.008887 2.381067 -905.011029 -133.598467
45.300000 1.996428 1.888371 -938.965289 -172.336917
45.350000 2.020597 1.480907 -958.242101 -182.333040
45.400000 1.993508 0.904440 -997.885635 -232.378422
45.450000 1.988761 1.339642 -970.607492 -206.923117
45.500000 1.989705 1.921406 -935.045060 -170.998295
45.550000 1.991766 2.372726 -906.318516 -141.480483
45.600000 2.015534 2.297520 -914.490999 -140.525758
45.650000 1.992952 2.058717 -928.234231 -162.940589
45.700000 1.991816 1.994973 -934.651243 -169.793873
45.750000 1.995393 2.316816 -911.759942 -145.529087
45.800000 2.000353 1.989902 -940.462121 -172.326754
45.850000 2.003266 1.450259 -979.618570 -210.364472
45.900000 2.008156 1.404997 -977.750434 -206.618647
45.950000 1.983289 1.811181 -940.542231 -178.959373
46.000000 2.013785 1.864294 -938.504952 -165.211702
46.050000 1.991849 1.745693 -953.703003 -188.832937
46.100000 2.009767 1.853120 -947.211284 -175.460831
46.150000 2.018006 1.542371 -972.871860 -197.957500
46.200000 1.987742 1.956124 -936.658215 -173.365131
46.250000 2.009431 1.371048 -990.253767 -218.632247
46.300000 2.007103 1.537916 -976.184423 -205.456816
46.350000 1.996336 1.550098 -979.152052 -212.559035
46.400000 2.003590 1.521504 -987.090888 -217.712165
46.450000 1.984983 1.871129 -959.598065 -197.364456
46.500000 1.998263 2.232985 -930.609078 -163.275972
46.550000 1.987363 1.944762 -948.336056 -185.188592
46.600000 2.003735 1.768618 -957.053641 -187.619310
46.650000 1.999790 1.927854 -947.555553 -179.636027
46.700000 1.982885 2.282143 -922.947348 -161.519598
46.750000 2.010741 2.130843 -935.269367 -163.144792
46.800000 1.999956 1.628359 -966.255011 -198.271789
46.850000 2.004073 1.188259 -996.940064 -227.376178
46.900000 1.997146 1.462605 -970.696336 -203.792100
46.950000 1.995174 1.704639 -961.787140 -195.640496
47.000000 2.012353 1.947466 -957.823371 -185.079702
47.050000 2.011012 2.446640 -918.114084 -145.885388
47.100000 1.981441 2.124644 -945.593996 -184.720583
47.150000 2.010147 2.160838 -936.943947 -165.047312
47.200000 1.990326 1.688919 -973.183227 -208.898048
47.250000 2.011252 1.997765 -949.424758 -177.103837
47.300000 2.007436 1.570543 -984.723570 -213.868175
47.350000 1.995689 2.005763 -947.482007 -181.137339
47.400000 1.993636 1.702157 -980.090132 -214.533859
47.450000 2.016974 1.846915 -966.974620 -192.456685
47.500000 1.985643 1.916341 -955.597782 -193.110835
47.550000 2.009945 1.600692 -976.570083 -204.751132
47.600000 2.005654 1.457024 -980.388699 -210.217615
47.650000 1.974381 1.724998 -958.359285 -200.197155
47.700000 1.996739 2.215531 -924.481357 -157.733537
47.750000 2.006929 1.718766 -966.547711 -195.887098
47.800000 2.001816 1.904143 -940.773997 -172.076692
47.850000 2.006258 1.309216 -985.747992 -215.344892
47.900000 1.982503 1.741857 -944.990850 -183.709800
47.950000 2.019112 1.351990 -975.585761 -200.246893
48.000000 1.998709 1.496764 -956.382126 -188.878007
48.050000 1.985198 1.734443 -943.934216 -181.618214
48.100000 1.996798 1.879883 -938.350635 -171.580315
48.150000 2.006291 1.804779 -942.966309 -172.550643
48.200000 2.007565 1.405612 -976.089308 -205.184423
48.250000 1.996401 1.930575 -933.429752 -166.811855
48.300000 1.998972 1.663153 -959.060747 -191.455598
48.350000 1.990024 1.614701 -967.660780 -203.491479
48.400000 2.010721 1.908225 -948.836424 -176.719437
48.450000 1.998671 1.497028 -987.479131 -219.989351
48.500000 2.020937 1.844225 -955.643375 -179.603618
48.550000 1.981012 1.887680 -943.708639 -183.000072
48.600000 2.023377 1.515279 -975.233613 -198.256681
48.650000 1.989394 1.626965 -962.427934 -198.500474
48.700000 1.996552 1.793971 -949.490243 -182.814296
48.750000 2.002549 1.399012 -981.779655 -212.800957
48.800000 1.993687 1.491238 -973.984046 -208.408251
48.850000 2.009446 1.554436 -972.485724 -200.858628
48.900000 1.995149 1.705272 -961.489110 -195.352060
48.950000 2.010873 1.474602 -986.977667 -214.802392
49.000000 1.993851 1.782768 -963.128921 -197.490070
49.050000 2.019223 1.868041 -956.596639 -181.214918
49.100000 1.992565 1.463523 -986.067488 -220.922621
49.150000 1.971826 1.809645 -951.401702 -194.220355
49.200000 1.999656 1.746860 -958.383769 -190.515961
49.250000 2.005704 1.871395 -950.255379 -180.065075
49.300000 1.990687 1.824102 -957.179193 -192.755334
49.350000 2.002990 1.904218 -946.569943 -177.421780
49.400000 1.997573 1.634501 -967.827009 -200.758841
49.450000 2.009560 1.632883 -968.993373 -197.322479
49.500000 1.992069 1.674122 -982.379393 -217.424789
49.550000 2.012308 2.163774 -949.257858 -176.531648
49.600000 2.007418 1.712647 -979.439769 -208.591437
49.650000 1.999447 1.302120 -1002.379403 -234.591841
49.700000 1.985176 1.632817 -968.064582 -205.756954
49.750000 2.004653 1.521010 -973.940983 -204.154046
49.800000 1.996270 1.510246 -970.576752 -204.009180
49.850000 1.995422 1.896158 -939.812812 -173.570807
49.900000 2.007185 1.847756 -944.425667 -173.666518
49.950000 2.023382 1.704671 -955.243432 -178.264615
50.000000 2.003088 1.355916 -990.890876 -221.704980
50.050000 1.973122 2.405003 -918.028609 -160.349767
50.100000 2.008433 2.084664 -956.222015 -184.983725
50.150000 1.995824 2.143139 -951.156073 -184.759572
50.200000 2.001939 2.500332 -918.045427 -149.300977
50.250000 1.999248 2.010460 -947.035450 -179.324364
50.300000 1.995179 1.999116 -941.990181 -175.841384
50.350000 2.020472 1.952098 -950.287603 -174.426196
50.400000 1.989336 2.219607 -932.369261 -168.464414
50.450000 1.994924 2.130990 -942.424975 -176.374283
50.500000 2.001884 1.833159 -960.864415 -192.140969
50.550000 2.008889 1.441890 -981.410549 -209.997091
50.600000 1.995578 1.474862 -969.842148 -203.540310
50.650000 1.996392 1.681116 -954.139305 -187.524593
50.700000 2.008797 1.700893 -947.627002 -176.248795
50.750000 1.989159 1.469981 -965.542458 -201.705518
50.800000 2.010795 1.614724 -956.207003 -184.061534
50.850000 1.993740 1.527945 -967.931891 -202.335729
50.900000 2.010249 1.352954 -986.565214 -214.629710
50.950000 1.994264 1.573025 -966.183408 -200.386035
51.000000 1.998471 1.666904 -964.138521 -196.725591
51.050000 1.990083 1.522023 -982.394030 -218.202142
51.100000 1.978495 2.071958 -942.620378 -182.878274
51.150000 2.016212 1.922309 -956.112211 -181.886933
51.200000 2.004385 1.632645 -973.907892 -204.223885
51.250000 2.000530 1.572845 -972.933261 -204.729664
51.300000 1.996506 1.760636 -956.800377 -190.142004
51.350000 1.998255 1.735336 -958.828770 -191.498676
51.400000 2.006013 1.697368 -958.693485 -188.384393
51.450000 2.011153 1.442802 -971.043119 -198.760245
51.500000 2.000131 1.015662 -1001.475784 -233.425654
51.550000 1.994780 1.506433 -961.325300 -195.329967
51.600000 2.013807 1.646646 -949.345353 -176.043433
51.650000 1.996825 1.252298 -981.200481 -214.419622
51.700000 1.994795 1.579972 -954.260559 -188.259153
51.750000 1.999396 1.639105 -958.477098 -190.709018
51.800000 1.989631 1.764441 -957.288938 -193.270690
51.850000 2.003180 2.107911 -931.420492 -162.199321
51.900000 2.011653 1.700513 -962.839907 -190.365089
51.950000 1.973192 1.662144 -960.942987 -203.237107
52.000000 2.006405 1.680509 -963.326760 -192.867263
52.050000 2.017538 1.395765 -987.463566 -212.728933
52.100000 1.971796 1.891500 -942.003518 -184.834021
52.150000 2.003584 1.692306 -963.972490 -194.596300
52.200000 1.999651 1.684907 -962.008146 -194.142038
52.250000 1.994625 1.951330 -936.095870 -170.159906
52.300000 1.996196 1.421573 -980.758935 -214.219571
52.350000 1.995604 1.886889 -942.331450 -176.019502
52.400000 1.987757 2.001549 -938.419839 -175.121162
52.450000 1.992414 2.322576 -917.947050 -152.860124
52.500000 2.009450 0.910939 -829.599780 -57.970857
52.550000 1.995816 1.148311 -808.039444 -41.645970
52.600000 1.999090 1.013391 -826.422271 -58.771657
52.650000 1.994609 1.061093 -819.127500 -53.197677
52.700000 2.013098 1.214203 -802.890039 -29.860423
52.750000 1.981699 1.299860 -789.308470 -28.336205
52.800000 2.005913 0.980692 -818.948366 -48.677750
52.850000 1.996428 1.131141 -804.914790 -38.286289
52.900000 2.008746 1.039770 -820.560507 -49.201900
52.950000 1.999809 1.132206 -809.193866 -41.267342
53.000000 1.997543 0.873475 -832.878795 -65.822336
53.050000 2.007095 1.070507 -818.190420 -47.466025
53.100000 1.974028 1.442360 -790.139649 -32.113075
53.150000 2.007525 1.496144 -786.669680 -15.780091
53.200000 2.006486 1.171683 -808.714435 -38.223694
53.250000 1.996106 1.054546 -814.300719 -47.796174
53.300000 1.996040 1.292216 -788.618090 -22.138689
53.350000 2.003257 0.862014 -825.833355 -56.582689
53.400000 2.010492 0.900131 -812.923228 -40.894119
53.450000 2.001123 0.774070 -823.081519 -54.650183
53.500000 1.982159 0.920939 -816.705518 -55.556274
53.550000 2.009797 0.836808 -831.204036 -59.441891
53.600000 1.992804 1.097077 -804.657967 -39.421165
53.650000 2.010355 1.044188 -809.680832 -37.704354
53.700000 1.984342 1.006285 -808.344165 -46.356853
53.750000 2.017855 1.008619 -804.379676 -29.523179
53.800000 1.999719 0.868854 -808.943080 -41.050986
53.850000 2.001727 0.716431 -818.745017 -50.081799
53.900000 1.996516 0.800343 -803.903037 -37.240885
53.950000 1.991373 0.760575 -806.977241 -42.289828
54.000000 2.004719 0.825379 -807.028152 -37.215979
54.050000 1.986805 1.066924 -791.418494 -28.485390
54.100000 2.004434 1.266421 -785.373661 -15.670832
54.150000 1.999313 1.544498 -760.001429 7.734583
54.200000 2.005941 1.016612 -807.209023 -36.927644
54.250000 2.005915 0.930628 -813.557889 -43.286586
54.300000 1.999301 0.954845 -810.380337 -42.648573
54.350000 2.000376 0.830908 -823.687429 -55.543166
54.400000 2.004284 1.210996 -780.665611 -11.020558
54.450000 1.997002 0.582596 -837.896217 -71.047414
54.500000 1.997898 0.913507 -803.120299 -35.927627
54.550000 2.000392 1.012598 -794.651562 -26.500947
54.600000 1.990012 0.660346 -834.314958 -70.150382
54.650000 2.002716 0.922973 -818.690400 -49.647413
54.700000 1.999850 1.197058 -800.588546 -32.646284
54.750000 2.003512 1.248018 -804.788076 -35.439380
54.800000 1.986050 1.405042 -791.241624 -28.598553
54.850000 1.989500 1.453708 -786.180801 -22.212609
54.900000 2.005530 1.304923 -793.640858 -23.517232
54.950000 1.997271 1.153588 -799.206714 -32.254537
55.000000 2.003183 0.868810 -818.543867 -49.321427
55.050000 2.008117 0.743240 -825.764007 -54.647263
55.100000 1.980931 1.323752 -771.957262 -11.279765
55.150000 1.995487 1.724608 -741.872297 24.394677
55.200000 2.010061 1.431456 -778.790818 -6.927372
55.250000 2.011680 1.292804 -795.216644 -22.731587
55.300000 1.992515 1.128267 -808.484772 -43.359025
55.350000 2.001347 1.271355 -792.746569 -24.229280
55.400000 2.001859 1.199123 -806.704218 -37.990361
55.450000 2.000815 1.420412 -787.262047 -18.949172
55.500000 2.010244 1.216149 -811.468791 -39.534920
55.550000 1.971924 1.513651 -782.374099 -25.155236
55.600000 2.007842 1.005751 -830.095599 -59.084422
55.650000 2.018713 1.096390 -806.581362 -31.395616
55.700000 1.986465 0.964250 -816.250722 -53.448173
55.750000 2.007682 1.321900 -783.127391 -12.177535
55.800000 2.014714 1.020569 -809.589551 -35.939540
55.850000 1.998525 0.996926 -806.661964 -39.228284
55.900000 1.987786 1.155988 -792.152166 -28.842367
55.950000 1.989472 1.519926 -751.717663 12.239410
56.000000 2.015939 1.124836 -788.354424 -14.233775
56.050000 2.007440 1.074858 -786.090773 -15.233640
56.100000 1.998304 0.922204 -800.402800 -33.054069
56.150000 2.013311 1.038213 -787.599390 -14.488038
56.200000 2.004788 0.565277 -831.628557 -61.789980
56.250000 1.991585 0.634935 -824.665390 -59.896873
56.300000 2.000025 0.932589 -803.506572 -35.497044
56.350000 2.000966 1.043826 -799.250157 -30.879050
56.400000 1.990196 1.151173 -793.205007 -28.969728
56.450000 2.011503 1.034048 -803.585483 -31.168211
56.500000 1.998226 0.749985 -832.468714 -65.149842
56.550000 1.999912 1.094234 -805.766496 -37.800422
56.600000 1.986731 1.331130 -785.980720 -23.076049
56.650000 2.004531 1.233014 -795.655336 -25.915362
56.700000 2.007468 1.114183 -805.278792 -34.411077
56.750000 2.007098 1.272203 -788.381252 -17.655679
56.800000 1.992172 1.475859 -764.554289 0.439948
56.850000 2.008701 1.013387 -808.033624 -36.692610
56.900000 1.984377 1.221802 -784.341114 -22.340310
56.950000 2.010038 1.224996 -790.825195 -18.970481
57.000000 2.001245 1.248709 -790.985554 -22.507321
57.050000 1.982846 1.187213 -801.333983 -39.921289
57.100000 2.010087 1.533916 -768.297905 3.575392
57.150000 2.003695 1.241328 -787.816253 -18.397426
57.200000 1.993971 1.027952 -802.328918 -36.644165
57.250000 1.999302 1.050042 -797.591583 -29.859620
57.300000 2.003064 0.777126 -822.675852 -53.499450
57.350000 2.009251 0.905138 -816.631935 -45.079487
57.400000 1.981941 1.226427 -802.985780 -41.920277
57.450000 2.009707 1.744692 -764.587472 7.139830
57.500000 1.993426 1.204731 -810.301330 -44.825761
57.550000 2.010441 1.006301 -816.189628 -44.180125
57.600000 1.994114 0.869932 -825.459355 -59.719461
57.650000 1.997214 1.104949 -805.892853 -38.962491
57.700000 1.999349 1.336712 -785.648098 -17.897981
57.750000 2.009621 1.323674 -790.682869 -18.988484
57.800000 2.005185 1.160832 -812.625237 -42.634136
57.850000 1.997351 1.275623 -804.871414 -37.888641
57.900000 1.987744 1.154339 -825.448400 -62.154713
57.950000 2.008707 1.664898 -779.979136 -8.635758
58.000000 1.996075 1.312033 -814.179200 -47.686302
58.050000 2.003433 1.302659 -809.031446 -39.713151
58.100000 2.007226 1.133408 -818.753355 -47.978749
58.150000 1.995867 1.223996 -803.308136 -36.895047
58.200000 1.986561 1.171528 -804.787210 -41.947925
58.250000 2.005368 1.125767 -804.218662 -34.157512
58.300000 1.999648 1.147861 -794.149971 -26.285037
58.350000 1.994288 0.786646 -830.182616 -64.375845
58.400000 1.997072 1.373551 -770.414375 -3.538844
58.450000 2.005270 1.232345 -790.232091 -20.208414
58.500000 2.008389 1.032673 -807.399523 -36.178255
58.550000 1.994570 0.867212 -822.353600 -56.438848
58.600000 2.006898 1.018149 -806.720788 -36.072057
58.650000 1.990382 1.134221 -793.890743 -29.584221
58.700000 2.009484 0.921110 -814.620709 -42.978739
58.750000 1.997868 0.768605 -829.317619 -62.136335
58.800000 1.996726 0.958781 -814.087560 -47.344962
58.850000 1.995718 1.376138 -776.400789 -10.044944
58.900000 2.013026 1.065206 -806.661120 -33.659193
58.950000 2.009240 0.848985 -826.186056 -54.637805
59.000000 1.986019 1.222302 -792.862812 -30.231685
59.050000 1.994522 1.254612 -796.207653 -30.311264
59.100000 2.011394 1.141314 -806.173605 -33.798473
59.150000 1.996247 1.084104 -805.150914 -38.591924
59.200000 1.985677 1.225957 -784.517706 -22.017611
59.250000 2.022919 0.697287 -828.871473 -52.070473
59.300000 1.994596 0.351549 -858.934232 -93.009384
59.350000 1.989436 1.228577 -781.472416 -17.529056
59.400000 2.002741 1.187009 -795.902382 -26.849746
59.450000 1.996104 1.270743 -789.119019 -22.614999
59.500000 1.987382 1.269993 -791.060636 -27.905899
59.550000 1.996666 1.043285 -812.072714 -45.353000
59.600000 1.991108 0.944996 -819.507689 -54.922162
59.650000 2.001802 1.122507 -796.935165 -28.243173
59.700000 1.995615 0.824548 -824.075975 -57.759978
59.750000 1.977279 1.460892 -760.076574 -0.801264
59.800000 2.009235 1.213284 -785.772107 -14.226035
59.850000 1.990499 1.024308 -802.868746 -38.517252
59.900000 2.002191 1.373367 -765.015940 3.825311
59.950000 1.995489 1.337520 -767.602486 -1.334839
60.000000 2.006538 0.422337 -663.069546 107.441185
60.050000 1.995017 0.700526 -631.518409 134.568107
60.100000 1.997571 0.590162 -647.964922 119.102231
60.150000 1.995011 0.505815 -659.011194 107.072962
60.200000 2.005733 0.766811 -627.818104 142.383417
60.250000 2.006501 0.703422 -636.019711 134.476837
60.300000 2.002416 0.544003 -656.966301 111.961487
60.350000 1.998887 0.748077 -634.424605 133.148116
60.400000 1.994036 0.725127 -638.930391 126.779292
60.450000 2.000539 0.601593 -650.267433 117.939499
60.500000 2.006289 0.509835 -655.894192 114.520762
60.550000 1.994170 0.557095 -648.271497 117.489912
60.600000 2.001964 0.770082 -628.747890 140.006181
60.650000 2.013922 0.771425 -633.069088 140.276870
60.700000 1.997928 0.666592 -645.653317 121.550924
60.750000 1.990083 0.686816 -646.597254 117.594734
60.800000 2.005739 0.614211 -655.103691 115.099980
60.850000 1.997965 0.667248 -642.488731 124.729783
60.900000 2.002755 0.658253 -643.451792 125.605940
60.950000 1.997302 0.554072 -656.981897 109.981926
61.000000 2.008893 0.635840 -651.079216 120.335600
61.050000 1.997934 0.782306 -637.647807 129.559034
61.100000 2.006518 0.828716 -630.408581 140.094368
61.150000 2.007378 0.520694 -666.415989 104.417138
61.200000 2.000565 0.554684 -658.882318 109.334677
61.250000 1.992423 0.592934 -658.780287 106.310305
61.300000 1.990504 0.853134 -638.680145 125.673348
61.350000 2.002717 0.972464 -625.998454 143.044855
61.400000 1.990286 0.870590 -634.306522 129.963246
61.450000 2.005695 0.874373 -625.075093 145.111971
61.500000 1.992983 0.638849 -645.671184 119.634222
61.550000 2.011977 0.671960 -640.532230 132.066802
61.600000 2.003191 0.623056 -646.727456 122.497922
61.650000 2.016915 0.556271 -655.964128 118.531147
61.700000 1.994118 0.503527 -665.547587 100.193701
61.750000 2.001590 0.835115 -636.788018 131.822435
61.800000 1.994952 0.896333 -633.134679 132.927070
61.850000 1.999778 0.842261 -639.446231 128.468637
61.900000 2.003737 0.892640 -633.324407 136.110516
61.950000 1.986792 0.975918 -620.735203 142.192900
62.000000 1.998808 0.668242 -655.945112 111.597102
62.050000 1.999327 0.728719 -648.056793 119.684590
62.100000 1.991818 0.877280 -629.679772 135.178226
62.150000 2.002719 0.592716 -662.451573 106.592349
62.200000 2.001222 0.571244 -662.800497 105.668721
62.250000 1.997097 0.813530 -637.551037 129.334262
62.300000 1.991437 0.786572 -647.919632 116.792221
62.350000 1.990899 0.762591 -654.260224 110.244895
62.400000 2.019651 0.827072 -645.633922 129.912165
62.450000 1.990099 0.889573 -631.158724 133.039423
62.500000 2.002277 0.765566 -647.562566 121.311766
62.550000 2.007166 0.758234 -646.990438 123.761391
62.600000 1.998514 0.594647 -669.888780 97.540748
62.650000 1.987748 0.886968 -636.133046 127.162344
62.700000 1.995118 0.985962 -622.550057 143.575152
62.750000 2.012295 0.721392 -647.882413 124.838755
62.800000 1.984579 0.650568 -644.675091 117.403097
62.850000 2.004498 0.487276 -661.064039 108.663206
62.900000 2.007704 0.452604 -664.900154 106.058059
62.950000 1.992751 0.782776 -625.193238 140.023204
63.000000 2.017904 0.672020 -642.477485 132.397484
63.050000 1.993257 0.612765 -652.430319 112.980497
63.100000 2.006766 0.774627 -642.943070 127.655260
63.150000 1.996904 0.853651 -641.501331 125.309712
63.200000 2.000573 1.179625 -606.347946 161.872240
63.250000 1.993933 1.014276 -628.826677 136.843415
63.300000 2.004429 0.970169 -631.278314 138.422405
63.350000 2.004249 0.633950 -665.272193 104.359483
63.400000 1.987365 0.654534 -659.953567 103.194775
63.450000 1.981858 0.973205 -626.137019 134.896270
63.500000 2.015765 0.729665 -653.996971 120.056969
63.550000 2.001078 0.631162 -659.264366 109.149419
63.600000 1.994405 0.652828 -668.106105 97.745491
63.650000 1.989778 0.972443 -642.466227 121.608702
63.700000 2.004440 1.078346 -629.468269 140.236579
63.750000 1.997596 0.866347 -645.343090 121.733840
63.800000 2.018116 0.661828 -660.853720 114.102875
63.850000 1.996784 0.629528 -657.200331 109.564861
63.900000 2.001331 0.593075 -658.338839 110.172199
63.950000 2.006677 0.419922 -680.073769 90.490119
64.000000 1.990060 0.650755 -650.939468 113.243424
64.050000 2.001357 0.599808 -659.746932 108.774062
64.100000 1.992450 0.861675 -625.590655 139.510205
64.150000 2.006142 0.644396 -649.839939 120.518458
64.200000 1.994595 0.648334 -644.221235 121.703354
64.250000 1.993404 0.751979 -630.363496 135.103489
64.300000 1.996340 0.757891 -629.690893 136.903524
64.350000 2.009609 0.622359 -643.270673 128.419173
64.400000 1.995047 0.615772 -639.871685 126.226172
64.450000 2.003398 0.685278 -636.893347 132.411416
64.500000 1.988800 0.733444 -635.336986 128.362126
64.550000 2.015559 0.616127 -653.252638 120.722022
64.600000 1.988700 0.708293 -642.398188 121.262677
64.650000 2.003643 0.892602 -624.579664 144.819144
64.700000 1.996878 0.773393 -640.269847 126.531320
64.750000 2.005888 0.822141 -633.713593 136.547561
64.800000 1.994809 0.583137 -662.843008 103.163679
64.850000 2.003814 0.658722 -658.752072 110.712534
64.900000 1.991847 0.734573 -654.055677 110.813419
64.950000 2.002482 0.767610 -647.736265 121.216856
65.000000 2.006691 0.570202 -660.257607 110.311750
65.050000 1.989221 0.578286 -656.423261 107.437785
65.100000 2.012090 0.829173 -631.096247 141.546224
65.150000 1.997537 0.677892 -653.684381 113.369915
65.200000 1.980878 0.756395 -643.414652 117.242469
65.250000 2.006746 0.546587 -667.194121 103.396505
65.300000 1.993234 0.314301 -695.488808 69.912910
65.350000 1.998963 0.623109 -658.937908 108.664041
65.400000 2.000562 0.551954 -669.922607 98.293313
65.450000 2.001481 0.813725 -633.948101 134.620743
65.500000 1.996984 0.426714 -682.111075 84.730664
65.550000 2.001756 0.747598 -641.267030 127.407188
65.600000 2.011517 0.523703 -670.086132 102.336385
65.650000 1.990569 0.655125 -650.391061 113.987529
65.700000 2.011696 0.470122 -672.252662 100.238638
65.750000 2.008837 0.777655 -634.527286 136.866156
65.800000 1.994715 0.683985 -655.591414 110.379102
65.850000 1.999370 0.690240 -662.470655 105.287335
65.900000 2.005236 0.700766 -664.557452 105.453350
65.950000 2.000755 0.844031 -648.188596 120.101375
66.000000 2.003695 0.971513 -624.168780 145.250094
66.050000 2.003308 0.355020 -690.174919 79.095273
66.100000 1.993650 0.440703 -676.555657 89.005778
66.150000 2.007976 0.597872 -664.915202 106.147528
66.200000 1.994678 0.668107 -658.241335 107.715107
66.250000 2.004828 0.703107 -656.846094 113.007975
66.300000 1.982222 0.775757 -648.955872 112.217282
66.350000 2.002140 0.761164 -648.188354 120.633281
66.400000 1.991016 0.567190 -665.581385 98.968704
66.450000 2.004382 0.746903 -635.064837 134.617988
66.500000 2.008818 0.547697 -653.049537 118.336489
66.550000 1.994567 0.516489 -649.517742 116.395966
66.600000 2.000178 0.383991 -660.342925 107.725328
66.650000 1.993520 0.534540 -638.072942 127.438623
66.700000 1.994519 0.596647 -640.118740 125.776575
66.750000 1.999018 0.862491 -618.081484 149.541562
66.800000 2.006099 0.786247 -636.094890 134.247211
66.850000 1.999489 0.734691 -643.184749 124.619009
66.900000 2.007595 0.794359 -627.170827 143.745577
66.950000 1.990975 0.631915 -632.833135 131.701379
67.000000 2.011767 0.264721 -669.414468 103.104192
67.050000 2.001203 0.139375 -688.738984 79.722843
67.100000 1.996904 0.717597 -632.325053 134.486155
67.150000 2.004257 0.577659 -663.475048 106.159453
67.200000 2.013548 0.636739 -657.451316 115.751210
67.250000 2.000357 0.572079 -661.937283 106.199773
67.300000 1.990606 0.657833 -649.871835 114.520889
67.350000 2.018462 0.617973 -654.032149 121.057354
67.400000 1.987652 0.555484 -661.825155 101.433254
67.450000 1.998909 0.870278 -629.448816 138.132311
