# t Temp Pres Epot Etot
0.000000 1.984805 28.138041 -1434.895147 -672.729931
0.050000 1.986229 28.327634 -1428.173038 -665.461235
0.100000 1.968093 28.890603 -1403.319915 -647.572221
0.150000 2.027514 30.214642 -1348.152574 -569.587323
0.200000 2.017858 28.367466 -1428.739493 -653.882197
0.250000 2.026349 28.285736 -1431.730774 -653.612783
0.300000 1.994844 29.134502 -1390.301123 -624.280915
0.350000 2.005356 28.135948 -1437.804982 -667.748091
0.400000 2.028138 28.245469 -1434.988513 -656.183641
0.450000 1.979921 30.008350 -1352.285723 -591.996033
0.500000 2.014476 30.328991 -1338.364897 -564.806236
0.550000 2.021045 28.537184 -1421.761686 -645.680568
0.600000 2.026055 27.865553 -1450.314161 -672.309146
0.650000 1.966953 28.717274 -1406.068081 -650.758261
0.700000 1.969882 28.467741 -1422.877134 -666.442538
0.750000 1.968106 29.425797 -1378.813739 -623.060945
0.800000 2.000925 28.731137 -1413.235591 -644.880577
0.850000 2.003385 29.432548 -1379.094576 -609.794601
0.900000 1.992313 28.886018 -1405.805079 -640.757045
0.950000 2.023992 29.001273 -1401.464056 -624.251261
1.000000 1.995115 29.314690 -1383.716812 -617.592575
1.050000 1.982193 28.644079 -1416.103938 -654.941658
1.100000 1.994124 29.871524 -1357.382809 -591.639131
1.150000 1.993681 28.306289 -1431.522680 -665.949207
1.200000 2.000901 28.288448 -1429.056108 -660.710163
1.250000 1.991412 29.138299 -1392.113707 -627.411337
1.300000 2.008968 28.150114 -1437.483579 -666.040033
1.350000 1.993175 28.656044 -1415.140517 -649.761379
1.400000 2.024041 28.160842 -1439.885026 -662.653101
1.450000 2.014172 28.276133 -1431.214884 -657.772668
1.500000 1.988630 28.875950 -1403.347342 -639.713524
1.550000 2.029572 28.985234 -1403.942438 -624.586854
1.600000 1.994426 27.667560 -1458.797859 -692.938354
1.650000 1.984788 28.985067 -1399.155088 -636.996470
1.700000 2.031185 28.696244 -1415.080031 -635.104939
1.750000 2.013097 28.012440 -1441.932441 -668.903019
1.800000 1.956914 29.825183 -1359.327903 -607.873040
1.850000 2.027979 30.252740 -1345.441748 -566.697994
1.900000 2.010644 29.211353 -1391.872422 -619.785127
1.950000 1.987339 28.834510 -1408.296189 -645.157871
2.000000 2.015929 28.711917 -1412.261104 -638.144202
2.050000 1.994056 28.607579 -1415.754622 -650.036993
2.100000 1.974025 28.716929 -1413.063192 -655.037512
2.150000 2.019515 28.855153 -1408.472438 -632.978509
2.200000 2.020953 28.506932 -1423.296121 -647.250250
2.250000 2.025763 29.183159 -1390.471357 -612.578488
2.300000 1.986381 28.390764 -1427.910319 -665.139825
2.350000 2.015568 28.755982 -1409.198191 -635.219948
2.400000 1.952003 29.675165 -1367.285324 -617.716209
2.450000 2.027378 28.731109 -1414.080485 -635.567250
2.500000 1.991033 29.112980 -1392.701897 -628.145079
2.550000 2.017039 27.890716 -1451.395468 -676.852643
2.600000 1.996836 29.759020 -1364.843495 -598.058433
2.650000 2.045300 28.014413 -1446.210319 -660.815137
2.700000 2.025198 28.042388 -1444.456012 -666.780146
2.750000 1.938289 29.662509 -1365.881340 -621.578273
2.800000 2.048470 29.336178 -1387.730824 -601.118457
2.850000 1.994868 28.361986 -1424.731052 -658.701621
2.900000 1.956918 28.965101 -1398.658498 -647.202025
2.950000 2.002145 28.608042 -1417.765512 -648.941724
3.000000 1.990201 30.070362 -1349.466397 -585.229194
3.050000 2.015763 28.272378 -1435.068579 -661.015677
3.100000 1.991031 28.192465 -1439.727183 -675.171373
3.150000 1.982297 29.067935 -1395.197802 -633.995846
3.200000 2.003875 29.689764 -1366.873006 -597.385094
3.250000 2.027116 28.427379 -1427.135660 -648.722939
3.300000 1.981415 28.255085 -1433.801986 -672.938501
3.350000 2.000317 29.795319 -1360.050726 -591.928828
3.400000 1.997008 27.945768 -1442.856247 -676.005282
3.450000 2.006472 27.597208 -1462.789686 -692.304403
3.500000 1.964632 29.947437 -1354.386515 -599.967809
3.550000 1.968665 29.727345 -1363.308981 -607.341589
3.600000 1.997667 29.612363 -1370.345382 -603.241328
3.650000 2.012549 28.607312 -1417.031225 -644.212566
3.700000 2.011935 28.787220 -1406.890868 -634.307706
3.750000 2.017386 28.126099 -1442.121484 -667.445351
3.800000 1.990832 30.277147 -1340.325955 -575.846285
3.850000 2.014640 26.975903 -1491.438382 -717.816568
3.900000 2.005117 29.633071 -1371.073571 -601.108631
3.950000 2.012195 28.335631 -1428.929883 -656.247040
4.000000 1.978215 29.622287 -1368.173969 -608.539439
4.050000 2.021065 31.023875 -1308.511330 -532.422319
4.100000 2.030650 28.961436 -1402.027456 -622.257972
4.150000 2.004203 28.323285 -1429.769602 -660.155741
4.200000 2.008569 28.964728 -1397.319646 -626.029018
4.250000 2.002642 28.524941 -1418.616469 -649.601956
4.300000 2.042236 28.252122 -1432.441580 -648.223005
4.350000 1.946845 28.943199 -1397.617343 -650.028727
4.400000 1.992383 30.074251 -1352.361134 -587.286070
4.450000 2.008521 28.898571 -1403.289705 -632.017584
4.500000 2.001746 28.240921 -1432.030321 -663.360037
4.550000 2.009172 28.055299 -1439.639481 -668.117612
4.600000 2.005009 28.962814 -1396.328721 -626.405244
4.650000 2.002555 28.435653 -1424.857649 -655.876343
4.700000 1.979303 29.910319 -1357.618080 -597.565817
4.750000 1.972945 30.581079 -1323.828407 -566.217473
4.800000 1.988600 28.867542 -1403.030056 -639.407540
4.850000 2.020827 28.279019 -1430.588904 -654.591395
4.900000 1.974481 28.816862 -1405.216028 -647.015405
4.950000 2.027446 28.219965 -1438.576763 -660.037353
5.000000 1.978620 28.401803 -1425.117270 -665.327208
5.050000 1.976391 27.772803 -1455.331380 -696.397154
5.100000 2.008356 30.279131 -1342.970460 -571.761844
5.150000 2.034070 28.890904 -1407.997399 -626.914586
5.200000 2.002405 28.724146 -1411.118790 -642.195398
5.250000 1.976178 30.068416 -1351.181991 -592.329805
5.300000 2.013607 27.498289 -1466.077357 -692.852156
5.350000 2.008558 29.641168 -1371.224631 -599.938387
5.400000 2.003574 28.514641 -1420.523350 -651.150745
5.450000 1.977220 29.444053 -1379.669551 -620.416921
5.500000 2.048792 30.310274 -1339.260547 -552.524323
5.550000 1.991365 29.770239 -1360.474020 -595.789914
5.600000 1.983682 27.854827 -1449.106765 -687.373000
5.650000 1.966280 29.203026 -1387.157976 -632.106459
5.700000 2.017038 28.988702 -1403.354896 -628.812267
5.750000 2.000679 28.609754 -1416.725492 -648.464862
5.800000 2.004469 27.788765 -1452.850455 -683.134194
5.850000 1.973011 27.274931 -1474.472420 -716.836089
5.900000 1.989656 29.879406 -1358.190588 -594.162529
5.950000 1.992552 28.332972 -1430.976736 -665.836937
6.000000 1.993710 29.011297 -1403.167668 -637.583154
6.050000 1.985793 29.644610 -1371.086242 -608.541618
6.100000 2.028654 28.846630 -1409.614616 -630.611650
6.150000 2.015227 28.520485 -1423.294953 -649.447821
6.200000 1.997394 27.752626 -1454.752434 -687.753236
6.250000 2.003141 30.458567 -1331.680018 -562.473725
6.300000 2.047296 28.233129 -1436.201132 -650.039402
6.350000 2.004805 28.401125 -1423.119487 -653.274340
6.400000 1.986744 29.100111 -1395.173825 -632.263974
6.450000 1.981801 29.614303 -1371.923229 -610.911534
6.500000 1.992474 29.484343 -1376.680042 -611.570122
6.550000 2.008607 28.595626 -1419.255090 -647.950036
6.600000 2.009762 29.099230 -1393.511037 -621.762286
6.650000 1.975248 27.573929 -1461.143269 -702.647848
6.700000 2.004480 28.458300 -1424.278486 -654.558089
6.750000 1.991048 30.079764 -1348.757021 -584.194708
6.800000 2.020792 28.973850 -1400.652425 -624.668133
6.850000 2.003018 28.080747 -1442.330425 -673.171390
6.900000 1.999944 29.258417 -1386.926332 -618.947765
6.950000 2.007745 28.079589 -1440.412621 -669.438508
7.000000 2.003653 28.185701 -1436.987753 -667.584901
7.050000 1.992661 29.399130 -1379.217945 -614.036119
7.100000 2.001389 30.674895 -1326.334998 -557.801693
7.150000 2.001499 28.702965 -1413.495131 -644.919440
7.200000 2.010485 28.631967 -1416.091488 -644.065107
7.250000 2.002773 28.214595 -1436.348576 -667.283806
7.300000 2.010339 28.953297 -1399.856318 -627.886268
7.350000 2.021702 28.177165 -1434.722774 -658.389365
7.400000 1.967164 28.190410 -1434.479439 -679.088481
7.450000 2.019216 28.774925 -1410.599321 -635.220490
7.500000 2.028542 17.504510 -1534.610608 -755.650570
7.550000 2.011560 17.404818 -1536.613452 -764.174403
7.600000 2.035692 17.236785 -1543.737852 -762.031976
7.650000 1.979190 18.568124 -1479.130792 -719.121847
7.700000 2.006155 18.614720 -1479.422639 -709.059180
7.750000 1.987389 18.240587 -1499.360114 -736.202864
7.800000 2.014027 18.160749 -1500.394317 -727.008141
7.850000 1.982286 17.797238 -1510.670571 -749.472735
7.900000 1.991409 17.215496 -1539.687401 -774.986197
7.950000 2.010086 16.479183 -1577.983528 -806.110659
8.000000 2.003683 17.876434 -1515.827393 -746.413127
8.050000 2.003594 17.873414 -1511.147556 -741.767506
8.100000 1.984514 18.729639 -1470.174625 -708.121295
8.150000 2.004555 17.720953 -1520.622909 -750.873787
8.200000 2.024025 17.087030 -1550.447892 -773.222322
8.250000 1.985111 17.483270 -1531.449240 -769.166540
8.300000 1.994712 17.700087 -1522.426556 -756.457248
8.350000 2.009216 17.761970 -1515.870666 -744.331879
8.400000 1.997949 17.519401 -1526.177641 -758.965224
8.450000 1.991270 17.334463 -1538.574367 -773.926869
8.500000 2.013184 16.870957 -1558.103413 -785.040590
8.550000 2.002243 16.997911 -1554.461366 -785.599893
8.600000 2.005967 17.882452 -1509.154191 -738.862716
8.650000 1.978175 17.433789 -1531.352988 -771.733795
8.700000 2.006193 18.098050 -1502.525249 -732.147219
8.750000 2.014033 18.886039 -1466.975630 -693.586997
8.800000 1.988714 18.145724 -1503.900309 -740.234037
8.850000 2.026296 17.660931 -1523.441090 -745.343274
8.900000 1.991493 17.166536 -1542.631704 -777.898200
8.950000 1.993396 16.558534 -1578.639762 -813.175731
9.000000 1.972236 18.411373 -1485.867215 -728.528501
9.050000 2.032837 18.046071 -1506.814400 -726.205173
9.100000 2.006585 17.225989 -1547.233494 -776.704882
9.150000 2.016100 18.081103 -1502.243933 -728.061619
9.200000 1.964243 17.942497 -1508.496270 -754.227102
9.250000 2.012050 17.061581 -1552.895385 -780.268209
9.300000 1.968611 18.658947 -1474.176348 -718.229794
9.350000 2.002619 17.655208 -1523.484825 -754.479237
9.400000 2.021517 18.146603 -1501.200906 -724.938249
9.450000 1.971719 18.176609 -1499.493370 -742.353270
9.500000 2.036878 17.247730 -1545.341124 -763.179968
9.550000 1.973386 17.929802 -1507.159989 -749.379806
9.600000 1.979212 17.277576 -1541.147611 -781.130330
9.650000 2.000540 16.754824 -1565.186373 -796.979098
9.700000 1.963248 16.952448 -1554.730915 -800.843514
9.750000 1.998877 17.890040 -1510.994762 -743.426107
9.800000 2.026409 18.521688 -1482.445357 -704.304468
9.850000 1.975626 18.790826 -1466.834619 -708.194202
9.900000 1.991169 18.644621 -1475.263071 -710.654026
9.950000 1.983643 19.082366 -1454.372727 -692.653747
10.000000 2.021702 17.686557 -1517.012356 -740.678626
10.050000 1.991095 17.788656 -1515.922009 -751.341596
10.100000 1.999879 18.268371 -1494.801973 -726.848610
10.150000 2.009949 18.205701 -1497.294207 -725.473824
10.200000 1.999722 17.772071 -1517.259288 -749.365955
10.250000 2.017392 18.101884 -1500.606418 -725.927787
10.300000 1.964672 16.975419 -1554.714176 -800.280073
10.350000 2.035725 18.029071 -1503.876256 -722.157699
10.400000 1.970578 16.773222 -1562.136199 -805.434217
10.450000 2.031852 16.848000 -1563.162417 -782.931278
10.500000 2.023548 17.366477 -1536.182229 -759.139928
10.550000 1.981377 17.489569 -1524.719424 -763.870591
10.600000 1.981373 18.668037 -1472.927822 -712.080763
10.650000 1.966274 18.872879 -1465.531431 -710.482238
10.700000 2.052608 18.386923 -1493.210880 -705.009427
10.750000 1.971997 18.459543 -1483.572243 -726.325214
10.800000 2.010614 17.494975 -1533.820953 -761.745035
10.850000 1.988761 16.191173 -1590.879266 -827.194986
10.900000 2.010251 18.453942 -1484.983666 -713.047122
10.950000 2.001494 17.121193 -1548.903999 -780.330143
11.000000 2.030019 17.484630 -1527.564096 -748.036775
11.050000 1.972489 17.370894 -1533.487522 -776.051768
11.100000 2.022298 17.623683 -1522.554924 -745.992633
11.150000 2.017045 16.837624 -1560.589492 -786.044286
11.200000 1.973497 16.896016 -1560.416031 -802.593239
11.250000 2.008454 17.956044 -1510.531898 -739.285461
11.300000 1.959000 18.241068 -1494.643476 -742.387298
11.350000 2.027378 18.599556 -1478.685758 -700.172483
11.400000 1.991298 17.749418 -1515.014227 -750.355866
11.450000 2.007316 17.477114 -1527.394362 -756.585173
11.500000 2.001973 17.273415 -1536.670816 -767.913200
11.550000 1.958698 17.682765 -1519.818180 -767.678094
11.600000 1.984724 18.085815 -1500.838830 -738.704656
11.650000 1.995763 19.202378 -1445.580864 -679.207927
11.700000 2.012204 17.388275 -1533.841408 -761.154930
11.750000 2.011846 16.019469 -1596.360338 -823.811568
11.800000 1.968849 16.769612 -1562.339240 -806.301246
11.850000 2.005354 17.546716 -1525.090908 -755.034882
11.900000 1.986010 17.686289 -1517.266147 -754.638120
11.950000 1.976472 18.091205 -1507.411239 -748.446062
12.000000 2.007523 18.178180 -1500.873302 -729.984420
12.050000 2.022134 19.466107 -1434.989306 -658.489803
12.100000 1.990299 17.866761 -1511.376868 -747.102204
12.150000 2.003023 17.727846 -1519.781550 -750.620722
12.200000 2.000711 18.188599 -1500.180288 -731.907170
12.250000 1.990520 19.076886 -1453.515419 -689.155603
12.300000 2.018544 16.833425 -1564.265793 -789.144861
12.350000 1.977848 17.321158 -1531.095256 -771.601557
12.400000 2.003780 18.878987 -1460.767294 -691.315603
12.450000 2.015310 17.155447 -1545.491480 -771.612403
12.500000 1.980762 17.038663 -1550.157829 -789.545323
12.550000 1.995920 17.144395 -1551.321429 -784.887999
12.600000 1.979271 18.317922 -1492.132457 -732.092559
12.650000 2.012682 17.569549 -1526.682777 -753.812710
12.700000 1.998776 17.966684 -1507.841469 -740.311515
12.750000 1.985928 16.772069 -1565.920842 -803.324526
12.800000 2.000383 17.845046 -1515.164370 -747.017298
12.850000 2.010587 16.889690 -1556.304487 -784.239149
12.900000 2.001998 18.176712 -1497.990034 -729.222711
12.950000 2.025987 17.587957 -1527.906741 -749.927797
13.000000 2.010702 17.428071 -1533.284372 -761.174944
13.050000 1.991316 17.298417 -1540.784783 -776.119432
13.100000 1.988787 17.410643 -1532.908925 -769.214573
13.150000 2.004919 17.504049 -1532.291939 -762.403051
13.200000 1.996250 16.482027 -1579.635988 -813.076148
13.250000 1.992767 18.631757 -1476.431610 -711.209173
13.300000 1.992220 17.928175 -1514.609286 -749.596933
13.350000 1.990588 17.459761 -1532.472865 -768.087110
13.400000 2.002219 17.837949 -1514.686025 -745.833984
13.450000 1.993519 18.325131 -1490.131030 -724.619828
13.500000 1.986789 17.870993 -1512.958213 -750.031052
13.550000 2.012151 18.180158 -1499.504766 -726.838636
13.600000 1.996169 17.923905 -1509.674246 -743.145421
13.650000 1.990988 17.527942 -1526.025063 -761.485573
13.700000 2.025257 18.023320 -1508.313482 -730.614952
13.750000 1.993360 18.486191 -1481.488948 -716.038704
13.800000 1.994312 17.826662 -1512.343624 -746.527665
13.850000 2.006384 16.555236 -1574.339960 -803.888650
13.900000 1.995693 16.721649 -1564.191296 -797.845049
13.950000 1.955380 18.219657 -1492.244475 -741.378473
14.000000 2.016597 18.202291 -1496.259397 -721.885980
14.050000 1.984889 18.483528 -1481.250373 -719.053134
14.100000 1.987985 17.855290 -1520.441251 -757.054885
14.150000 2.000440 18.114201 -1505.953987 -737.784904
14.200000 2.003565 17.209945 -1544.092759 -774.723653
14.250000 1.980525 17.605345 -1526.360914 -765.839124
14.300000 1.997731 19.056774 -1452.010272 -684.881469
14.350000 2.020549 17.996114 -1503.084584 -727.193860
14.400000 1.967336 18.537167 -1478.793350 -723.336359
14.450000 1.993805 17.841117 -1513.988920 -748.367659
14.500000 1.982343 18.131809 -1497.595058 -736.375430
14.550000 1.986248 18.052040 -1505.520454 -742.801217
14.600000 1.987613 17.541658 -1534.000836 -770.757290
14.650000 2.012853 18.422632 -1490.919296 -717.983895
14.700000 1.995157 18.505866 -1480.348340 -714.208100
14.750000 1.992886 16.755193 -1568.540633 -803.272524
14.800000 2.020021 16.587259 -1569.675584 -793.987602
14.850000 1.984540 17.615869 -1526.095103 -764.031556
14.900000 1.999365 18.050452 -1507.489469 -739.733374
14.950000 2.002093 18.022305 -1511.533156 -742.729579
15.000000 1.993724 14.881655 -1309.006671 -543.416811
15.050000 1.961455 15.620930 -1276.718267 -523.519573
15.100000 2.041096 14.658120 -1328.739935 -544.959146
15.150000 1.991527 15.572288 -1279.579345 -514.832927
15.200000 1.993544 15.387997 -1287.320800 -521.799977
15.250000 1.988440 14.939097 -1306.972847 -543.412003
15.300000 2.005585 15.878073 -1260.013034 -489.868243
15.350000 2.018843 13.834416 -1359.577475 -584.341722
15.400000 1.973786 15.284933 -1284.951539 -527.017840
15.450000 2.018592 15.147423 -1302.335137 -527.195676
15.500000 2.008247 14.974433 -1303.904042 -532.737018
15.550000 1.989646 15.213815 -1291.165463 -527.141335
15.600000 1.993994 14.541617 -1326.985644 -561.291983
15.650000 1.987001 15.112634 -1295.009594 -532.001335
15.700000 2.018759 16.513170 -1220.117128 -444.913734
15.750000 1.977939 15.496236 -1269.268275 -509.739800
15.800000 1.973335 15.773521 -1252.815576 -495.054982
15.850000 2.005388 15.401584 -1280.377396 -510.308583
15.900000 2.018930 15.242221 -1288.159658 -512.890480
15.950000 1.996222 14.769640 -1311.124180 -544.574808
16.000000 1.990578 15.782656 -1264.588250 -500.206214
16.050000 2.019925 15.508832 -1282.241883 -506.590721
16.100000 2.002259 16.141556 -1243.797347 -474.930071
16.150000 2.027085 15.440215 -1280.178794 -501.778290
16.200000 2.015020 14.415602 -1331.978511 -558.210874
16.250000 1.981788 14.123759 -1349.948548 -588.941798
16.300000 2.006093 14.595471 -1323.005231 -552.665416
16.350000 1.952038 15.296300 -1284.076454 -534.493762
16.400000 1.966445 15.679230 -1261.961577 -506.846855
16.450000 2.024136 14.716843 -1313.267322 -535.999144
16.500000 1.975826 14.814035 -1311.722032 -553.004736
16.550000 1.984098 15.365987 -1280.802149 -518.908701
16.600000 1.988407 15.380183 -1284.435541 -520.887275
16.650000 1.997038 14.741816 -1315.224401 -548.361663
16.700000 1.991598 14.948099 -1305.055152 -540.281691
16.750000 1.989434 13.948637 -1359.180491 -595.237870
16.800000 1.973320 14.384430 -1331.771161 -574.016470
16.850000 2.012622 14.261289 -1336.924915 -564.078043
16.900000 1.966205 15.312198 -1283.402377 -528.379741
16.950000 1.996335 16.128494 -1242.297816 -475.705097
17.000000 2.014263 15.420986 -1283.030464 -509.553369
17.050000 1.989758 15.227584 -1295.032737 -530.965635
17.100000 1.981271 15.065353 -1300.795580 -539.987477
17.150000 2.016996 15.247520 -1292.916486 -518.390107
17.200000 2.010482 14.357150 -1343.125772 -571.100851
17.250000 1.974957 14.358532 -1341.141989 -582.758453
17.300000 1.994830 15.293945 -1295.868531 -529.854001
17.350000 2.017516 14.264360 -1345.533035 -570.806974
17.400000 1.966188 14.021306 -1355.568763 -600.552500
17.450000 1.993058 14.607791 -1321.303366 -555.969068
17.500000 2.001442 14.309295 -1335.369829 -566.816202
17.550000 1.983387 15.423745 -1281.699113 -520.078399
17.600000 2.017268 15.675892 -1267.029735 -492.398738
17.650000 2.012804 15.761491 -1261.611864 -488.695275
17.700000 1.982439 14.526197 -1324.661402 -563.404944
17.750000 2.008898 15.558214 -1267.437818 -496.020895
17.800000 1.991106 15.357154 -1276.085603 -511.500898
17.850000 2.014540 14.692885 -1317.286003 -543.702526
17.900000 2.002565 15.805304 -1261.865612 -492.880815
17.950000 2.017687 15.839134 -1261.312935 -486.521190
18.000000 1.974000 16.170927 -1239.421163 -481.404981
18.050000 2.013261 14.719039 -1315.845382 -542.753192
18.100000 1.993604 14.943154 -1308.639890 -543.095779
18.150000 2.001240 15.772085 -1271.091976 -502.615817
18.200000 1.948366 16.713635 -1221.347168 -473.174457
18.250000 2.027140 15.980373 -1257.655407 -479.233511
18.300000 2.014426 14.336616 -1335.305966 -561.766497
18.350000 1.982610 15.963179 -1245.978027 -484.655678
18.400000 1.984601 15.656574 -1268.076703 -505.989879
18.450000 2.001684 15.486529 -1278.881395 -510.234662
18.500000 2.021359 15.056329 -1295.911936 -519.709981
18.550000 1.980898 15.840308 -1259.920010 -499.255143
18.600000 2.011705 15.528271 -1279.958835 -507.464173
18.650000 2.031337 14.941686 -1312.088233 -532.054791
18.700000 1.992193 14.719616 -1315.048295 -550.046364
18.750000 2.008859 13.923882 -1354.995035 -583.592993
18.800000 1.992438 15.240624 -1285.548067 -520.451835
18.850000 2.005558 15.788897 -1259.449953 -489.315765
18.900000 1.998389 14.156105 -1345.264393 -577.882866
18.950000 2.039217 15.330578 -1289.237294 -506.177867
19.000000 1.987581 15.068315 -1301.039169 -537.807981
19.050000 1.984844 15.609604 -1277.406344 -515.226334
19.100000 2.039519 15.064568 -1306.265640 -523.090535
19.150000 1.991064 14.195500 -1340.639406 -576.070989
19.200000 2.010207 15.350690 -1282.236615 -510.316965
19.250000 1.980778 15.174563 -1295.041388 -534.422464
19.300000 2.035274 14.300095 -1347.744356 -566.199115
19.350000 2.012372 15.532980 -1275.470551 -502.719554
19.400000 1.971700 16.285605 -1233.471248 -476.338442
19.450000 2.052640 15.955474 -1252.250252 -464.036600
19.500000 2.003277 15.545438 -1272.088493 -502.830075
19.550000 1.981355 15.566124 -1268.233444 -507.393229
19.600000 2.024503 15.478911 -1281.388865 -503.979592
19.650000 2.004935 16.029954 -1255.804178 -485.909051
19.700000 2.029230 15.972753 -1259.640047 -480.415820
19.750000 2.045900 15.640595 -1274.150764 -488.525231
19.800000 2.019999 14.048052 -1356.778166 -581.098610
19.850000 2.005755 13.538666 -1377.078266 -606.868416
19.900000 2.022558 13.865901 -1358.825643 -582.163498
19.950000 1.978727 14.872374 -1307.392027 -547.560767
20.000000 2.007436 14.455786 -1336.092126 -565.236740
20.050000 2.019058 14.749863 -1315.613141 -540.295045
20.100000 1.989173 13.636289 -1371.054784 -607.212488
20.150000 2.023847 15.439267 -1276.358731 -499.201540
20.200000 1.994988 15.340048 -1277.953198 -511.877711
20.250000 2.023044 14.622530 -1314.950852 -538.102023
20.300000 2.004241 14.515140 -1324.723595 -555.094879
20.350000 2.008923 14.583308 -1321.954222 -550.527623
20.400000 2.025472 14.876731 -1307.988328 -530.207187
20.450000 1.990705 14.737243 -1315.809173 -551.378535
20.500000 1.968754 15.421889 -1276.866600 -520.864920
20.550000 1.977055 15.721981 -1266.288074 -507.098990
20.600000 2.023202 15.088100 -1308.871962 -531.962367
20.650000 1.997112 14.455907 -1331.585847 -564.694723
20.700000 1.978687 15.359375 -1291.477032 -531.661405
20.750000 2.011109 14.543960 -1329.008700 -556.742927
20.800000 1.948122 15.886423 -1258.537363 -510.458346
20.850000 1.994616 16.581335 -1225.103763 -459.171053
20.900000 2.017805 15.968673 -1254.547681 -479.710668
20.950000 1.981350 16.155218 -1243.436655 -482.598179
21.000000 2.010593 15.433038 -1281.654373 -509.586714
21.050000 1.992511 14.837866 -1313.346454 -548.222357
21.100000 2.021910 15.298801 -1283.376383 -506.962760
21.150000 1.975075 15.796487 -1261.328272 -502.899357
21.200000 2.048544 14.342453 -1348.137152 -561.496262
21.250000 2.008848 14.939632 -1310.201135 -538.803517
21.300000 2.001156 14.864634 -1312.268837 -543.825093
21.350000 2.040472 14.655600 -1324.083436 -540.542263
21.400000 1.990723 14.875895 -1308.320003 -543.882509
21.450000 1.982641 15.845613 -1261.214195 -499.880116
21.500000 2.007512 15.669026 -1274.881240 -503.996762
21.550000 1.981230 14.967122 -1308.137909 -547.345682
21.600000 1.984471 15.649471 -1271.320954 -509.283952
21.650000 1.991525 15.602892 -1269.614983 -504.869531
21.700000 1.999143 15.162372 -1295.568312 -527.897500
21.750000 1.999268 15.284300 -1285.893821 -518.174858
21.800000 2.028445 14.729587 -1317.536957 -538.614064
21.850000 2.002777 13.428266 -1388.797072 -619.730547
21.900000 2.022904 13.895403 -1368.372607 -591.577421
21.950000 1.985136 15.332624 -1293.343022 -531.050979
22.000000 2.012851 15.681338 -1274.511357 -501.576729
22.050000 2.012323 15.165295 -1296.762011 -524.030122
22.100000 2.047022 14.745171 -1322.538406 -536.481981
22.150000 1.988289 15.875209 -1257.026853 -493.523919
22.200000 2.015661 15.175262 -1298.287743 -524.273816
22.250000 2.001027 15.073457 -1295.732060 -527.337598
22.300000 1.997409 14.358780 -1338.882565 -571.877374
22.350000 1.993696 14.545889 -1330.233044 -564.653617
22.400000 1.977592 13.866092 -1367.971703 -608.576237
22.450000 2.021620 15.605142 -1272.803194 -496.501043
22.500000 1.976288 9.338270 -1265.922457 -507.027934
22.550000 1.980382 9.409199 -1267.414189 -506.947332
22.600000 2.023038 8.847321 -1300.954842 -524.108111
22.650000 1.982865 8.839756 -1296.338632 -534.918583
22.700000 2.001353 9.242608 -1275.953451 -507.434034
22.750000 1.976329 10.092741 -1235.649373 -476.739067
22.800000 2.031708 9.759022 -1256.724765 -476.548764
22.850000 1.985764 9.423036 -1274.103950 -511.570714
22.900000 1.995862 9.459241 -1283.001222 -516.590053
22.950000 2.012400 9.698246 -1264.161052 -491.399366
23.000000 2.003621 8.899100 -1306.959948 -537.569539
23.050000 2.017663 8.817389 -1310.516367 -535.733677
23.100000 2.010367 8.581857 -1314.016432 -542.035664
23.150000 1.985323 8.875967 -1292.298668 -529.934546
23.200000 1.984229 8.882690 -1294.620474 -532.676541
23.250000 2.009163 9.594861 -1252.963956 -481.445279
23.300000 1.990035 8.472931 -1320.376980 -556.203366
23.350000 1.989762 9.040343 -1293.960037 -529.891352
23.400000 1.996348 9.033765 -1298.723480 -532.125767
23.450000 2.034413 9.460876 -1269.965503 -488.750983
23.500000 1.975556 9.094126 -1287.268544 -528.654961
23.550000 1.973069 9.466270 -1269.975399 -512.316932
23.600000 2.034724 10.059607 -1236.692545 -455.358571
23.650000 1.991822 9.178501 -1280.598807 -515.739028
23.700000 1.993670 9.917394 -1244.672415 -479.103183
23.750000 2.010895 9.576485 -1267.402097 -495.218369
23.800000 2.003708 8.887065 -1303.281384 -533.857485
23.850000 2.012193 9.471931 -1268.674315 -495.992055
23.900000 1.990397 9.517927 -1263.424951 -499.112542
23.950000 2.011659 8.710174 -1312.168138 -539.691258
24.000000 1.997604 8.815534 -1303.894898 -536.814818
24.050000 1.990325 9.861784 -1247.093606 -482.808768
24.100000 2.015159 9.235902 -1280.882521 -507.061607
24.150000 1.988441 9.091285 -1288.488200 -524.927015
24.200000 1.985998 9.129407 -1294.525650 -531.902277
24.250000 1.989173 9.512632 -1265.643185 -501.800720
24.300000 2.000905 9.935036 -1237.744918 -469.397309
24.350000 2.033973 9.716058 -1251.638611 -470.593072
24.400000 2.008579 9.112891 -1286.941265 -515.646814
24.450000 1.976951 9.379288 -1269.581244 -510.432181
24.500000 1.988123 9.758350 -1250.816629 -487.377573
24.550000 1.994072 9.785274 -1252.101275 -486.377637
24.600000 2.005896 8.840599 -1306.225056 -535.961057
24.650000 2.003572 9.520885 -1266.314580 -496.942768
24.700000 1.989182 9.830958 -1250.758718 -486.912936
24.750000 2.021493 9.215453 -1284.408367 -508.154929
24.800000 2.019841 9.213867 -1279.219134 -503.600245
24.850000 2.009581 9.249288 -1279.041685 -507.362499
24.900000 2.007183 8.953540 -1301.767576 -531.009118
24.950000 2.003648 9.084151 -1296.533103 -527.132382
25.000000 1.982826 10.498440 -1216.886353 -455.481070
25.050000 2.015864 9.265502 -1290.452545 -516.360671
25.100000 1.991572 10.288474 -1224.026354 -459.262859
25.150000 1.981934 9.914974 -1253.821510 -492.758977
25.200000 2.016434 9.469490 -1277.708204 -503.397509
25.250000 2.005484 9.328339 -1274.202963 -504.097283
25.300000 2.008443 9.483934 -1267.459085 -496.217163
25.350000 2.011419 8.555290 -1323.884155 -551.499222
25.400000 1.970611 8.807029 -1307.131651 -550.416956
25.450000 1.991546 9.568309 -1263.400885 -498.647189
25.500000 2.006898 8.913189 -1296.299527 -525.650595
25.550000 1.986647 9.253872 -1274.340134 -511.467756
25.600000 1.996249 9.212797 -1286.488891 -519.929355
25.650000 1.993694 9.144916 -1293.162478 -527.584101
25.700000 2.000703 9.530864 -1266.177674 -497.907624
25.750000 2.016410 8.988683 -1295.541136 -521.239511
25.800000 2.016194 8.802679 -1305.289563 -531.071236
25.850000 1.990517 9.707385 -1252.899408 -488.540911
25.900000 2.000918 9.248525 -1282.282477 -513.929806
25.950000 1.986455 8.820984 -1310.522524 -547.723820
26.000000 2.006522 9.550080 -1272.295413 -501.790871
26.050000 2.002272 8.836801 -1306.364256 -537.491697
26.100000 2.003626 9.741482 -1250.429180 -481.036957
26.150000 2.017342 9.537260 -1270.522624 -495.863234
26.200000 2.000384 10.003211 -1239.797612 -471.650146
26.250000 2.002757 9.217411 -1287.561299 -518.502543
26.300000 1.998281 9.036749 -1301.712204 -534.372207
26.350000 2.013508 8.657423 -1321.466577 -548.279523
26.400000 2.003117 8.811954 -1312.016649 -542.819743
26.450000 2.015186 8.948475 -1308.116379 -534.284924
26.500000 1.987465 9.116097 -1294.498397 -531.311865
26.550000 1.998329 9.321871 -1277.109458 -509.751264
26.600000 2.012872 8.629183 -1322.163066 -549.220203
26.650000 1.988846 8.696497 -1311.869145 -548.152353
26.700000 2.007525 8.926473 -1301.000046 -530.110631
26.750000 1.990383 8.734040 -1310.264863 -545.957917
26.800000 2.025894 9.395504 -1274.688231 -496.744959
26.850000 1.991335 9.459815 -1274.628150 -509.955367
26.900000 2.002682 9.517518 -1265.577032 -496.547180
26.950000 2.002864 9.245900 -1276.343973 -507.244137
27.000000 1.976525 9.101651 -1290.224571 -531.239033
27.050000 2.014413 9.165567 -1290.864827 -517.330059
27.100000 2.014932 8.184037 -1349.467092 -575.733104
27.150000 1.967106 9.018254 -1296.353263 -540.984737
27.200000 2.003078 9.718156 -1260.356025 -491.173957
27.250000 1.995324 8.980564 -1302.766532 -536.562090
27.300000 1.991518 8.929527 -1306.904393 -542.161488
27.350000 2.010199 9.750422 -1260.314875 -488.398619
27.400000 2.024077 9.306767 -1283.344451 -506.098981
27.450000 1.986710 9.202938 -1286.388157 -523.491549
27.500000 2.003797 8.909543 -1300.958730 -531.500779
27.550000 1.977023 8.981001 -1297.820726 -538.643908
27.600000 2.019590 10.382320 -1222.169928 -446.647522
27.650000 2.015965 9.511767 -1267.829837 -493.699289
27.700000 1.955446 9.901808 -1239.924771 -489.033648
27.750000 2.020003 9.268828 -1285.320532 -509.639440
27.800000 1.996451 9.781209 -1252.926588 -486.289487
27.850000 1.985781 10.357930 -1212.199517 -449.659480
27.900000 1.998585 8.467527 -1321.110915 -553.654406
27.950000 2.012812 8.753702 -1302.231066 -529.311331
28.000000 2.013359 8.889357 -1298.108996 -524.979066
28.050000 2.012626 9.001253 -1299.973032 -527.124462
28.100000 1.989146 8.870665 -1305.268379 -541.436197
28.150000 2.006104 9.390079 -1270.372262 -500.028485
28.200000 1.998543 8.042719 -1346.589514 -579.148961
28.250000 2.011546 8.669622 -1314.983951 -542.550397
28.300000 1.981293 9.318102 -1274.732225 -513.915819
28.350000 1.981867 9.430591 -1270.305067 -509.268188
28.400000 2.000410 9.370866 -1273.981837 -505.824283
28.450000 2.009342 9.559226 -1261.325315 -489.737930
28.500000 1.977356 8.615153 -1309.363900 -550.059254
28.550000 2.003167 8.300304 -1331.144251 -561.928020
28.600000 2.000488 8.725747 -1310.615010 -542.427656
28.650000 1.993428 9.692127 -1260.484364 -495.007893
28.700000 2.050183 9.845190 -1256.357619 -469.087356
28.750000 1.981730 9.440636 -1277.589625 -516.605246
28.800000 2.026255 8.364883 -1340.186898 -562.105039
28.850000 1.989504 8.544634 -1325.282879 -561.313346
28.900000 1.979562 8.731759 -1313.027983 -552.876116
28.950000 2.019086 8.690287 -1318.110422 -542.781290
29.000000 2.001816 9.226841 -1284.037879 -515.340706
29.050000 1.990658 8.242278 -1331.306832 -566.893974
29.100000 1.993199 8.660687 -1311.534958 -546.146364
29.150000 1.991931 9.113958 -1291.159896 -526.258290
29.200000 2.014721 8.951118 -1308.128427 -534.475651
29.250000 1.985314 9.431997 -1276.820641 -514.460235
29.300000 1.989702 10.135483 -1232.530776 -468.485307
29.350000 1.996872 9.342523 -1282.941491 -516.142608
29.400000 1.993795 9.856134 -1251.622213 -486.004924
29.450000 1.986592 9.293200 -1281.354114 -518.502883
29.500000 2.015211 9.574337 -1265.229844 -491.388833
29.550000 1.996505 9.206831 -1282.164438 -515.506355
29.600000 1.988237 9.838278 -1245.896681 -482.413844
29.650000 1.991755 9.722871 -1259.219939 -494.386056
29.700000 2.003182 9.814317 -1255.848483 -486.626727
29.750000 2.001383 10.110200 -1235.430391 -466.899320
29.800000 2.013352 9.747423 -1250.728196 -477.601003
29.850000 1.983114 8.602038 -1317.258973 -555.743115
29.900000 1.993368 9.368914 -1275.075341 -509.621973
29.950000 2.005632 9.763540 -1251.670510 -481.507899
30.000000 1.990837 5.623289 -1191.689951 -427.208595
30.050000 2.001585 5.075437 -1229.459688 -460.850973
30.100000 1.982471 5.963172 -1174.547977 -413.279116
30.150000 2.025710 5.761826 -1193.963840 -416.091040
30.200000 2.002498 6.025859 -1175.694437 -406.735259
30.250000 2.006177 5.292437 -1223.680069 -453.308186
30.300000 2.010791 4.823028 -1246.499717 -474.355929
30.350000 2.005786 4.495850 -1262.553534 -492.331805
30.400000 1.986700 4.984175 -1232.494916 -469.602239
30.450000 1.995222 5.271769 -1215.323557 -449.158303
30.500000 2.016503 5.091516 -1230.398400 -456.061244
30.550000 1.999374 5.239473 -1224.301680 -456.541886
30.600000 1.996588 5.211288 -1237.193599 -470.503615
30.650000 1.993299 5.379600 -1226.067863 -460.641139
30.700000 2.015964 5.409688 -1217.216891 -443.086803
30.750000 1.991574 5.217096 -1226.243595 -461.479239
30.800000 1.985246 5.608248 -1202.175822 -439.841230
30.850000 2.003901 5.628127 -1202.667982 -433.169947
30.900000 1.996554 5.668133 -1206.535039 -439.858308
30.950000 2.008308 5.890334 -1193.130785 -421.940339
31.000000 2.006526 5.418649 -1217.486705 -446.980623
31.050000 2.011804 5.193880 -1224.077942 -451.545028
31.100000 1.993197 4.626753 -1257.268853 -491.881176
31.150000 2.009960 5.479418 -1201.126793 -429.302263
31.200000 1.997196 5.420529 -1204.478192 -437.555119
31.250000 1.982768 5.490937 -1207.416486 -446.033403
31.300000 1.999611 6.393810 -1152.515261 -384.664791
31.350000 2.005160 5.952466 -1185.776511 -415.794930
31.400000 2.002589 5.533735 -1209.311421 -440.317424
31.450000 1.994591 5.509133 -1214.078248 -448.155113
31.500000 1.997454 5.788291 -1199.284319 -432.261987
31.550000 2.009980 6.061064 -1181.455859 -409.623510
31.600000 1.990497 6.013244 -1183.895565 -419.544832
31.650000 2.011179 5.605737 -1212.420023 -440.127150
31.700000 2.004755 6.072079 -1176.991888 -407.165947
31.750000 2.020801 5.528652 -1207.182525 -431.195055
31.800000 1.992820 5.365555 -1211.990130 -446.747108
31.850000 2.013078 5.662529 -1193.312462 -420.290339
31.900000 1.995913 5.164421 -1227.571899 -461.141268
31.950000 2.012425 6.222540 -1164.805191 -392.034110
32.000000 2.011401 5.464109 -1210.712301 -438.334260
32.050000 1.999912 5.632305 -1197.077728 -429.111450
32.100000 2.007531 5.987984 -1173.001837 -402.109950
32.150000 2.024294 5.315753 -1218.710128 -441.381240
32.200000 1.988632 5.689081 -1202.238745 -438.603892
32.250000 2.008319 5.942044 -1187.152759 -415.958177
32.300000 2.006723 5.140237 -1232.424358 -461.842833
32.350000 1.987347 5.687601 -1196.436591 -433.295235
32.400000 2.028085 5.297803 -1221.771384 -442.986803
32.450000 1.990024 5.365680 -1216.419370 -452.249963
32.500000 2.010691 4.981220 -1246.410327 -474.305170
32.550000 1.994315 5.742682 -1197.843214 -432.026368
32.600000 2.026702 5.490880 -1220.702575 -442.448985
32.650000 1.987487 5.463264 -1220.329694 -457.134574
32.700000 1.971091 5.995741 -1187.846179 -430.947384
32.750000 2.018892 5.427288 -1223.979817 -448.725326
32.800000 1.993050 5.424936 -1215.187728 -449.856364
32.850000 1.967111 5.636596 -1196.948685 -441.577900
32.900000 2.002317 5.761617 -1191.151435 -422.261598
32.950000 1.981961 5.964931 -1173.870997 -412.798049
33.000000 2.005678 5.105637 -1231.561251 -461.381075
33.050000 1.994244 5.609020 -1198.765037 -432.975349
33.100000 1.977862 5.420348 -1210.374070 -450.875009
33.150000 2.017126 6.087431 -1163.008394 -388.432053
33.200000 2.013825 4.921342 -1234.171418 -460.862450
33.250000 1.985514 5.174646 -1220.602769 -458.165300
33.300000 1.999933 5.556348 -1204.976269 -437.001885
33.350000 1.996089 5.921077 -1182.478719 -415.980424
33.400000 1.991087 5.238450 -1225.614598 -461.037291
33.450000 1.984894 5.694978 -1196.548596 -434.349170
33.500000 1.987710 5.607411 -1201.607594 -438.326993
33.550000 2.005254 5.106251 -1230.506698 -460.489148
33.600000 1.986844 5.517465 -1198.358140 -435.409940
33.650000 2.017923 5.564792 -1202.221166 -427.338901
33.700000 2.016211 4.773791 -1249.449649 -475.224459
33.750000 2.003424 5.035439 -1230.901995 -461.587103
33.800000 2.009073 5.231189 -1216.047689 -444.563755
33.850000 1.998871 5.130015 -1224.243246 -456.676858
33.900000 2.020006 5.085802 -1226.493829 -450.811594
33.950000 1.997540 5.201626 -1218.069386 -451.014177
34.000000 1.993096 5.095933 -1225.000736 -459.651744
34.050000 2.023037 4.578764 -1257.308682 -480.462552
34.100000 1.992599 4.932536 -1232.028947 -466.871099
34.150000 1.993803 5.696055 -1189.648255 -424.027758
34.200000 1.990020 5.201052 -1221.658129 -457.490421
34.250000 1.990550 5.735865 -1192.543409 -428.172220
34.300000 2.005147 5.280367 -1223.194862 -453.218453
34.350000 1.992752 5.304500 -1216.879772 -451.662821
34.400000 2.016747 4.941025 -1241.240984 -466.810111
34.450000 1.983605 5.838511 -1183.565987 -421.861575
34.500000 2.014476 4.928997 -1243.172067 -469.613273
34.550000 1.980914 5.480678 -1205.234933 -444.564119
34.600000 2.000592 5.666709 -1194.445510 -426.218009
34.650000 2.007585 4.418796 -1276.759622 -505.847035
34.700000 1.989528 5.603265 -1203.414616 -439.435897
34.750000 2.008931 5.835814 -1197.671034 -426.241695
34.800000 1.982890 5.686343 -1200.510054 -439.080138
34.850000 1.981974 5.708488 -1196.721164 -435.643007
34.900000 2.007141 5.746524 -1189.170274 -418.428071
34.950000 2.015336 5.011144 -1233.007093 -459.118163
35.000000 1.994087 4.898993 -1234.581624 -468.852383
35.050000 2.014551 4.127582 -1286.368513 -512.781107
35.100000 1.965613 5.473459 -1205.249360 -450.453829
35.150000 2.024244 5.299391 -1218.126650 -440.816818
35.200000 1.998688 4.796340 -1248.860457 -481.364263
35.250000 1.996184 5.366200 -1214.426799 -447.892077
35.300000 1.990129 5.706721 -1190.271011 -426.061612
35.350000 1.992785 5.355447 -1216.594086 -451.364831
35.400000 1.970699 5.664965 -1200.413853 -443.665511
35.450000 2.008130 5.892288 -1190.978543 -419.856476
35.500000 2.008773 5.589656 -1204.885268 -433.516490
35.550000 2.011187 4.325970 -1276.599250 -504.303299
35.600000 1.981758 4.076470 -1293.066513 -532.071440
35.650000 1.996478 5.817783 -1190.396693 -423.748986
35.700000 1.990322 5.362682 -1224.922599 -460.639121
35.750000 1.998411 5.750527 -1199.992779 -432.602970
35.800000 2.017539 5.144820 -1235.449929 -460.715134
35.850000 1.970812 5.606131 -1204.102275 -447.310341
35.900000 2.012125 5.517434 -1208.548465 -435.892591
35.950000 2.003074 5.048467 -1230.421015 -461.240519
36.000000 1.988611 5.286834 -1214.120771 -450.494238
36.050000 1.971001 5.589470 -1197.506541 -440.642125
36.100000 2.015013 5.634490 -1190.709862 -416.945043
36.150000 2.016779 4.711429 -1244.013756 -469.570444
36.200000 2.011809 5.366225 -1206.064343 -433.529586
36.250000 2.011326 5.745431 -1186.600975 -414.251763
36.300000 1.987787 5.022828 -1236.505814 -473.195441
36.350000 2.003071 5.100397 -1234.298386 -465.119059
36.400000 1.995276 5.804541 -1186.182223 -419.996189
36.450000 1.989827 5.975047 -1176.119190 -412.025602
36.500000 2.023504 5.489069 -1212.166063 -435.140474
36.550000 2.014796 4.783979 -1252.899399 -479.217797
36.600000 1.993855 4.872517 -1248.447127 -482.806903
36.650000 1.966316 5.962185 -1184.364592 -429.299160
36.700000 2.011948 6.577727 -1149.716761 -377.128847
36.750000 2.004924 6.514632 -1147.427211 -377.536562
36.800000 2.012600 5.193385 -1233.926686 -461.088418
36.850000 1.982010 5.894404 -1187.258660 -426.166860
36.900000 2.009368 5.498566 -1209.824691 -438.227259
36.950000 2.009997 5.276377 -1217.374613 -445.535600
37.000000 1.997968 5.460493 -1200.457051 -433.237239
37.050000 2.008935 4.799802 -1240.766845 -469.335647
37.100000 1.998780 5.211971 -1219.022329 -451.490661
37.150000 2.026786 5.620009 -1197.589451 -419.303467
37.200000 1.978046 5.480682 -1213.608004 -454.038240
37.250000 1.998170 6.302162 -1164.385474 -397.088162
37.300000 2.004272 6.205917 -1163.136501 -393.496004
37.350000 2.010249 5.366446 -1210.559773 -438.624237
37.400000 2.009531 6.052937 -1162.003538 -390.343550
37.450000 1.985666 5.823386 -1179.278022 -416.782432
37.500000 2.000062 2.423461 -1143.575592 -375.551960
37.550000 1.991426 3.252314 -1082.154770 -317.447293
37.600000 1.998574 2.674720 -1124.649491 -357.196906
37.650000 2.017943 3.335162 -1079.226274 -304.335988
37.700000 2.002188 2.721794 -1120.219436 -351.379423
37.750000 2.000308 2.810095 -1108.378084 -340.259994
37.800000 2.001131 2.600394 -1126.985254 -358.551003
37.850000 1.992517 2.507842 -1132.246127 -367.119658
37.900000 1.988947 2.727823 -1112.008120 -348.252644
37.950000 1.974450 3.088727 -1084.442213 -326.253296
38.000000 2.003623 3.182208 -1077.412840 -308.021521
38.050000 1.999647 2.778869 -1105.052365 -337.187830
38.100000 1.988663 2.931206 -1097.663686 -334.017004
38.150000 1.976091 3.154538 -1081.968748 -323.149645
38.200000 2.020829 2.575952 -1130.684172 -354.685980
38.250000 1.971795 2.640870 -1127.041553 -369.872345
38.300000 1.967861 3.279356 -1087.713078 -332.054546
38.350000 2.038369 3.017869 -1106.765224 -324.031607
38.400000 1.996498 2.688263 -1122.591267 -355.936027
38.450000 1.983862 3.085488 -1092.113899 -330.310706
38.500000 2.013262 3.297248 -1082.218123 -309.125546
38.550000 2.007302 3.720825 -1053.527823 -282.723895
38.600000 2.005535 2.959977 -1111.743256 -341.617792
38.650000 1.990755 2.715118 -1133.385875 -368.936016
38.700000 1.997285 3.385256 -1083.196217 -316.238656
38.750000 1.985913 3.438230 -1075.821797 -313.231135
38.800000 1.995408 3.048869 -1102.873822 -336.637309
38.850000 2.019439 3.102044 -1093.927678 -318.463005
38.900000 2.005671 2.825073 -1107.373648 -337.196121
38.950000 2.012887 2.898765 -1099.221759 -326.273126
39.000000 1.990099 2.951139 -1093.860168 -329.662324
39.050000 1.994807 2.864545 -1106.714518 -340.708585
39.100000 2.007901 2.877396 -1116.312574 -345.278508
39.150000 2.007854 2.589388 -1136.624290 -365.608460
39.200000 2.004687 3.395922 -1071.406719 -301.606772
39.250000 1.998232 3.069837 -1094.723903 -327.402931
39.300000 1.997554 3.086184 -1095.179013 -328.118105
39.350000 2.008548 3.078625 -1101.379730 -330.097482
39.400000 2.000970 3.185446 -1095.160749 -326.788210
39.450000 1.998181 3.310371 -1080.214239 -312.912567
39.500000 2.005180 2.843718 -1110.968896 -340.979590
39.550000 1.977756 2.804972 -1115.201761 -355.743487
39.600000 1.999798 3.873475 -1036.924516 -269.002193
39.650000 2.021939 2.842120 -1108.902725 -332.478133
39.700000 1.995575 2.732933 -1116.260270 -349.959411
39.750000 1.988833 2.873838 -1105.904854 -342.192842
39.800000 2.002646 2.365896 -1141.962135 -372.945973
39.850000 2.016125 2.711479 -1115.297522 -341.105424
39.900000 1.985463 2.450908 -1138.481908 -376.064248
39.950000 2.002200 3.020950 -1104.908490 -336.063615
40.000000 2.000215 2.753020 -1121.980815 -353.898345
40.050000 2.002180 2.765244 -1121.576391 -352.739335
40.100000 1.997474 3.174581 -1089.390485 -322.360373
40.150000 2.006464 2.444813 -1147.129406 -376.647356
40.200000 1.980001 3.543576 -1065.006285 -304.685806
40.250000 2.016269 2.853586 -1115.616766 -341.369414
40.300000 1.979861 3.468991 -1068.044358 -307.777731
40.350000 2.007593 3.334910 -1086.581385 -315.665859
40.400000 1.986044 3.278606 -1090.225078 -327.584119
40.450000 1.997731 3.265438 -1088.098762 -320.969985
40.500000 2.000091 2.832940 -1114.210192 -346.175319
40.550000 2.000964 2.731985 -1113.301403 -344.931068
40.600000 2.007644 2.461872 -1132.220498 -361.285313
40.650000 1.980236 2.518485 -1129.893222 -369.482627
40.700000 2.006152 2.443856 -1137.643708 -367.281410
40.750000 1.988505 2.165598 -1155.711948 -392.125932
40.800000 1.987706 3.338758 -1066.145993 -302.866861
40.850000 2.005189 2.423879 -1138.313365 -368.320867
40.900000 1.997896 2.807965 -1111.595989 -344.403820
40.950000 1.997414 2.823236 -1112.756551 -345.749552
41.000000 2.008528 2.921665 -1106.893637 -335.618919
41.050000 1.983185 3.037557 -1099.593953 -338.050745
41.100000 1.995052 2.906463 -1112.622922 -346.522991
41.150000 2.011516 3.029804 -1104.067903 -331.645774
41.200000 1.999558 2.999060 -1108.805566 -340.975282
41.250000 1.998785 3.259407 -1095.211079 -327.677713
41.300000 1.981702 3.799704 -1060.447907 -299.474170
41.350000 1.998729 3.645958 -1075.575161 -308.063378
41.400000 2.017247 2.870051 -1128.141558 -353.518819
41.450000 1.992952 3.093098 -1103.899682 -338.606140
41.500000 1.993352 2.828138 -1120.807542 -355.360501
41.550000 2.008426 2.785285 -1113.440474 -342.204878
41.600000 1.995563 2.628725 -1123.461667 -357.165387
41.650000 2.021504 2.443916 -1143.063522 -366.805933
41.700000 1.984645 2.674536 -1134.301042 -372.197519
41.750000 2.008297 3.231477 -1096.517529 -325.331581
41.800000 1.983925 2.519052 -1136.201911 -374.374744
41.850000 1.993701 2.886540 -1109.818673 -344.237553
41.900000 2.016560 2.653283 -1130.104972 -355.745872
41.950000 1.986500 2.475158 -1133.710291 -370.894315
42.000000 1.991276 2.815535 -1113.723920 -349.074035
42.050000 1.999315 2.940073 -1116.396822 -348.659892
42.100000 1.996169 3.737064 -1067.608409 -301.079567
42.150000 1.999865 3.726246 -1070.237700 -302.289474
42.200000 2.008388 3.502574 -1075.081331 -303.860244
42.250000 2.008199 2.948010 -1113.722230 -342.573678
42.300000 2.015298 2.532298 -1142.078311 -368.203855
42.350000 1.991714 2.696049 -1131.547387 -366.729359
42.400000 1.998036 3.635713 -1068.731404 -301.485461
42.450000 1.993018 3.259092 -1096.128916 -330.810154
42.500000 2.005444 3.143815 -1100.708382 -330.617760
42.550000 1.976944 3.375282 -1077.541101 -318.394778
42.600000 2.005624 3.151656 -1093.350731 -323.191225
42.650000 2.001541 3.076140 -1095.575786 -326.984189
42.700000 2.009056 2.844267 -1105.281004 -333.803425
42.750000 2.004541 2.894712 -1103.192433 -333.448505
42.800000 2.004330 3.343890 -1070.845175 -301.182593
42.850000 2.020042 3.498580 -1065.202623 -289.506596
42.900000 1.989493 3.585933 -1066.375232 -302.409770
42.950000 2.014922 2.885780 -1116.408780 -342.678893
43.000000 1.989821 2.710196 -1124.768351 -360.676941
43.050000 1.992399 3.519870 -1063.033208 -297.951942
43.100000 2.016007 2.827442 -1112.870431 -338.723930
43.150000 1.984813 2.848108 -1109.590674 -347.422307
43.200000 2.008835 3.027283 -1103.008688 -331.616058
43.250000 2.005189 2.826120 -1116.718143 -346.725504
43.300000 2.027892 2.921123 -1111.164955 -332.454340
43.350000 1.995477 3.188794 -1099.129529 -332.866241
43.400000 1.989813 3.747996 -1065.742029 -301.653981
43.450000 1.993858 3.451948 -1087.130418 -321.489096
43.500000 2.010239 2.745074 -1136.508969 -364.577117
43.550000 2.009952 3.197466 -1099.043006 -327.221455
43.600000 1.991052 3.200206 -1100.694834 -336.130990
43.650000 2.000019 3.496295 -1083.759559 -315.752117
43.700000 1.999577 3.051033 -1117.788949 -349.951403
43.750000 1.994864 3.370711 -1088.382263 -322.354592
43.800000 2.004054 3.297967 -1089.100637 -319.543944
43.850000 2.010474 2.927339 -1112.565385 -340.543317
43.900000 1.977124 3.144135 -1088.603661 -329.387892
43.950000 1.987557 3.083726 -1092.300420 -329.078621
44.000000 1.993988 3.216706 -1086.728449 -321.037234
44.050000 2.005637 3.211802 -1085.526597 -315.361973
44.100000 2.006845 2.030980 -1163.941251 -393.312737
44.150000 1.978396 2.929991 -1095.975855 -336.271961
44.200000 2.004120 2.909787 -1108.607660 -339.025527
44.250000 1.995236 2.893182 -1111.653777 -345.483339
44.300000 2.012729 2.997915 -1106.675974 -333.788210
44.350000 1.992723 3.287485 -1094.780151 -329.574330
44.400000 2.009981 2.912665 -1123.524478 -351.691602
44.450000 2.001921 2.868898 -1116.608870 -347.871179
44.500000 1.999424 3.120059 -1089.842582 -322.063609
44.550000 2.010048 2.396801 -1138.212169 -366.353642
44.600000 2.026056 2.214086 -1144.179814 -366.174315
44.650000 1.992523 2.600558 -1114.227860 -349.099193
44.700000 1.982787 2.715524 -1117.195486 -355.805440
44.750000 2.012553 3.375841 -1072.088311 -299.267832
44.800000 2.018646 2.347045 -1145.769057 -370.609082
44.850000 1.981882 2.795196 -1109.043565 -348.000925
44.900000 2.004391 2.571783 -1133.342979 -363.656795
44.950000 2.000149 3.409887 -1075.631901 -307.574734
45.000000 2.002444 1.488206 -992.083763 -223.145208
45.050000 1.999809 1.708631 -969.569139 -201.642450
45.100000 1.984152 1.859447 -953.694791 -191.780361
45.150000 1.998731 2.004144 -939.497547 -171.984922
45.200000 2.012246 1.772845 -946.469806 -173.767277
45.250000 1.999185 1.288582 -981.008032 -213.321044
45.300000 1.995583 1.424087 -976.426961 -210.123266
45.350000 2.007156 1.902319 -940.837179 -170.089390
45.400000 2.009348 1.310365 -989.414515 -217.825072
45.450000 1.984759 1.352625 -985.434985 -223.287615
45.500000 1.990127 1.699279 -957.648189 -193.439589
45.550000 1.997723 1.860117 -944.607129 -177.481361
45.600000 2.005920 1.964443 -934.969611 -164.696511
45.650000 2.003223 1.804989 -946.673681 -177.436149
45.700000 1.988504 1.683350 -955.237889 -191.652470
45.750000 2.020108 1.844338 -937.113703 -161.392275
45.800000 1.997108 1.284010 -979.619006 -212.729627
45.850000 1.997015 1.702523 -951.390560 -184.536924
45.900000 1.985915 1.936616 -943.192674 -180.601455
45.950000 2.026394 2.367372 -909.859036 -131.723632
46.000000 2.012322 1.509683 -976.397844 -203.666023
46.050000 1.989141 1.367508 -983.760567 -219.930416
46.100000 2.005671 1.344747 -987.366431 -217.188711
46.150000 2.002161 1.721361 -955.958015 -187.128136
46.200000 2.004026 1.222894 -998.157308 -228.611240
46.250000 1.993898 1.284963 -989.221687 -223.564956
46.300000 2.007085 1.281331 -991.981211 -221.260620
46.350000 1.991794 1.516719 -977.779540 -212.930505
46.400000 2.009738 1.620839 -977.313491 -205.574008
46.450000 1.991829 1.479295 -997.724373 -232.861897
46.500000 1.999724 1.937072 -959.987579 -192.093469
46.550000 1.992725 2.093554 -948.719246 -183.512807
46.600000 1.986860 2.207483 -935.684041 -172.729725
46.650000 2.014884 1.641343 -975.128757 -201.413416
46.700000 1.981675 1.619134 -968.780898 -207.817561
46.750000 1.988994 1.592754 -966.886164 -203.112567
46.800000 2.000070 1.533408 -975.064225 -207.037159
46.850000 2.015522 1.620213 -965.886903 -191.926331
46.900000 1.986212 1.495436 -977.645390 -214.940011
46.950000 1.999431 2.189828 -930.416238 -162.634915
47.000000 2.001814 2.374371 -914.856500 -146.160001
47.050000 1.994046 2.146510 -934.647161 -168.933539
47.100000 2.015974 1.945371 -950.449232 -176.315121
47.150000 1.994302 1.992073 -940.290708 -174.478632
47.200000 1.983664 1.856368 -952.901604 -191.174626
47.250000 2.029070 2.421475 -904.284770 -125.122061
47.300000 2.002147 1.709244 -959.096954 -190.272438
47.350000 2.010659 1.843256 -946.579122 -174.486190
47.400000 2.013745 1.220658 -1000.485150 -227.207029
47.450000 1.981473 1.602499 -972.465563 -211.579819
47.500000 1.991390 2.431118 -911.929150 -147.235332
47.550000 2.011597 1.994598 -955.249483 -182.796404
47.600000 1.991754 2.334780 -921.285972 -156.452598
47.650000 2.018040 1.671786 -972.965094 -198.037717
47.700000 1.992839 1.917894 -947.677406 -182.427237
47.750000 1.992738 2.091197 -937.653582 -172.442221
47.800000 1.997739 2.140696 -935.204560 -168.072942
47.850000 2.018481 1.636116 -973.141696 -198.045068
47.900000 1.993865 1.819568 -960.138539 -194.494563
47.950000 1.989294 2.357379 -920.741772 -156.853013
48.000000 2.000906 2.054859 -939.435964 -171.088240
48.050000 2.017603 1.694143 -960.576958 -185.817314
48.100000 1.982844 1.564432 -967.399253 -205.987154
48.150000 2.015422 1.719763 -959.752696 -185.830658
48.200000 2.017392 1.619044 -967.175680 -192.497321
48.250000 2.004156 1.459724 -983.322757 -213.726993
48.300000 1.994296 1.693856 -972.463320 -206.653626
48.350000 1.993988 2.209037 -934.093720 -168.402379
48.400000 2.003660 2.345820 -917.539461 -148.133933
48.450000 2.003056 1.803442 -952.699966 -183.526475
48.500000 2.005406 1.532624 -973.502084 -203.426006
48.550000 1.996721 1.665236 -965.024236 -198.283243
48.600000 2.000085 1.389900 -996.596565 -228.563751
48.650000 1.989952 1.997261 -948.795289 -184.653631
48.700000 2.013608 1.607535 -983.909242 -210.683747
48.750000 1.993220 1.909842 -953.510278 -188.113774
48.800000 1.996612 2.008074 -940.053547 -173.354425
48.850000 2.005875 1.689406 -971.342040 -201.086073
48.900000 1.993391 2.322064 -927.809045 -162.346810
48.950000 2.004764 2.152128 -947.901393 -178.072034
49.000000 1.990050 2.105322 -954.336403 -190.157313
49.050000 2.013074 2.632239 -915.133511 -142.113171
49.100000 2.017984 2.088338 -957.677913 -182.772013
49.150000 2.008351 1.933896 -963.363322 -192.156376
49.200000 1.995238 2.106732 -938.326836 -172.155483
49.250000 1.988415 1.776109 -963.294580 -199.743325
49.300000 2.019180 1.771498 -963.242881 -187.877926
49.350000 1.976833 1.865584 -953.474405 -194.370419
49.400000 2.006647 1.895114 -955.308126 -184.755561
49.450000 1.999582 1.911373 -949.600160 -181.760720
49.500000 1.997778 1.614685 -970.777077 -203.630320
49.550000 1.987020 1.940947 -939.344830 -176.329275
49.600000 2.015817 1.504257 -977.398204 -203.324566
49.650000 1.983421 1.477916 -976.147998 -214.514251
49.700000 2.009318 1.834588 -947.957840 -176.379734
49.750000 1.987369 1.745203 -956.176118 -193.026441
49.800000 2.002042 1.584992 -971.165716 -202.381604
49.850000 1.979879 1.869713 -952.231288 -191.957653
49.900000 2.001168 1.566324 -977.953756 -209.505263
49.950000 1.992188 1.362573 -994.880042 -229.879840
50.000000 2.000670 1.675117 -973.169310 -204.911875
50.050000 2.000799 2.159770 -934.567412 -166.260707
50.100000 2.000703 1.740351 -969.237058 -200.966997
50.150000 2.000661 1.698759 -974.308087 -206.054094
50.200000 1.986189 1.978726 -950.801886 -188.105305
50.250000 2.005175 2.047720 -944.619372 -174.632181
50.300000 2.005402 1.888827 -954.397859 -184.323594
50.350000 1.989664 1.624037 -970.885924 -206.854837
50.400000 2.015490 1.903086 -939.158816 -165.210703
50.450000 2.004542 1.356952 -980.835092 -211.090906
50.500000 1.979521 1.514349 -971.425053 -211.288966
50.550000 2.003276 1.690357 -966.270005 -197.011836
50.600000 1.975809 2.074528 -938.405855 -179.695227
50.650000 1.997518 2.307255 -923.762859 -156.715901
50.700000 2.007611 2.223821 -926.298972 -155.376229
50.750000 1.985763 1.692022 -967.069458 -204.536447
50.800000 1.995414 2.466395 -899.806123 -133.567242
50.850000 2.019522 1.879580 -951.029348 -175.533004
50.900000 2.006703 1.290577 -991.446452 -220.872541
50.950000 1.988069 1.172531 -997.196592 -233.778132
51.000000 1.994020 1.663393 -962.013457 -196.309639
51.050000 2.000615 2.063655 -934.757113 -166.520881
51.100000 2.003909 2.383690 -908.287948 -138.786719
51.150000 1.997028 1.826457 -952.506920 -185.648264
51.200000 2.012009 1.809956 -950.115042 -177.503410
51.250000 1.998574 1.608976 -968.929205 -201.476700
51.300000 2.006484 1.846749 -951.158352 -180.668488
51.350000 2.006151 1.539056 -974.490835 -204.128766
51.400000 1.997306 1.527982 -972.617002 -205.651389
51.450000 1.988358 1.631987 -961.148650 -197.619200
51.500000 2.006316 1.133455 -1005.446832 -235.021462
51.550000 2.002059 1.428857 -982.069196 -213.278436
51.600000 1.989153 1.559244 -973.267091 -209.432234
51.650000 2.004553 1.475359 -976.295653 -206.547416
51.700000 2.012523 1.240404 -995.896244 -223.087318
51.750000 1.988579 1.831855 -951.117140 -187.502848
51.800000 2.007606 2.139958 -936.432269 -165.511610
51.850000 2.008008 2.343688 -921.256349 -150.181394
51.900000 1.984830 2.000226 -952.498032 -190.323325
51.950000 1.999239 2.499059 -912.288855 -144.580979
52.000000 2.014945 1.464995 -994.251954 -220.513140
52.050000 1.999082 1.629325 -969.291481 -201.643852
52.100000 2.001387 1.568251 -970.901276 -202.368734
52.150000 1.988203 1.411618 -983.053608 -219.583721
52.200000 1.993465 2.067113 -926.060942 -160.570365
52.250000 2.025859 1.419437 -979.946357 -202.016684
52.300000 1.994960 1.731223 -946.567424 -180.502607
52.350000 1.990789 1.509932 -964.345392 -199.882291
52.400000 1.998126 1.317108 -981.026394 -213.746067
52.450000 2.003359 1.623933 -959.575197 -190.285157
52.500000 2.011004 1.065674 -797.046549 -24.820872
52.550000 1.995107 1.008165 -796.221330 -30.100285
52.600000 2.009030 0.907737 -801.021291 -29.553897
52.650000 1.989933 0.827391 -802.514671 -38.380453
52.700000 1.997833 1.013304 -789.649954 -22.481922
52.750000 2.001200 1.028113 -795.493762 -27.033014
52.800000 2.000779 1.054990 -794.699717 -26.400615
52.850000 1.999042 1.082553 -792.564386 -24.932091
52.900000 1.996427 1.067817 -795.859691 -29.231643
52.950000 2.007623 0.867125 -817.391082 -46.463990
53.000000 1.999958 0.931886 -808.638232 -40.654491
53.050000 1.991184 1.083876 -796.700101 -32.085346
53.100000 2.009562 1.244809 -786.291023 -14.619347
53.150000 2.005286 1.072937 -807.775350 -37.745399
53.200000 1.978617 1.399708 -777.477601 -17.688793
53.250000 2.000173 1.073517 -810.086707 -42.020108
53.300000 2.005084 0.947813 -816.898507 -46.946207
53.350000 1.993481 0.850338 -820.660041 -55.163192
53.400000 2.007287 0.910955 -805.642330 -34.844282
53.450000 1.993003 0.902709 -800.167769 -34.854776
53.500000 1.999438 0.666577 -826.007516 -58.223483
53.550000 1.994111 0.938658 -801.575108 -35.836451
53.600000 2.006453 0.925979 -813.210509 -42.732462
53.650000 1.990448 0.994520 -822.263772 -57.931836
53.700000 2.004077 1.552564 -775.788916 -6.223453
53.750000 2.008779 1.105229 -816.203802 -44.832537
53.800000 1.989209 0.984564 -820.021548 -56.165377
53.850000 2.004076 0.901756 -824.675525 -55.110220
53.900000 1.994801 0.936415 -822.291913 -56.288391
53.950000 2.009462 1.016599 -815.554976 -43.921394
54.000000 1.992525 1.024549 -817.270035 -52.140450
54.050000 1.971169 1.541079 -771.832214 -14.903167
54.100000 2.009719 1.296000 -799.703694 -27.971730
54.150000 1.998208 1.123968 -808.334360 -41.022544
54.200000 1.997086 1.099977 -807.744467 -40.863622
54.250000 1.983926 1.306216 -794.028723 -32.201253
54.300000 2.000125 1.458281 -784.456747 -16.408764
54.350000 2.010071 1.081742 -815.590117 -43.722718
54.400000 1.996954 0.838646 -832.842362 -66.012014
54.450000 1.990705 1.069541 -806.376541 -41.945689
54.500000 2.005950 1.158972 -798.291693 -28.007084
54.550000 2.014270 1.127520 -804.945554 -31.465702
54.600000 1.993226 1.382642 -784.135773 -18.736929
54.650000 2.001700 1.208585 -800.275430 -31.622579
54.700000 2.008207 0.821501 -826.027968 -54.876392
54.750000 1.988850 0.855471 -815.306253 -51.587998
54.800000 1.995853 1.100059 -799.948377 -33.540874
54.850000 1.997450 1.085900 -806.794643 -39.773972
54.900000 1.987793 1.007097 -811.331969 -48.019482
54.950000 1.991266 1.049676 -806.350458 -41.704414
55.000000 2.001684 0.937085 -813.552390 -44.905773
55.050000 1.982790 1.467478 -754.335038 7.056380
55.100000 2.004011 1.445849 -755.953165 13.586943
55.150000 1.996007 0.917451 -809.548856 -43.082138
55.200000 2.008017 1.095561 -788.395444 -17.317081
55.250000 1.998916 0.737283 -821.617181 -54.033297
55.300000 1.999488 0.622112 -836.006854 -68.203537
55.350000 1.990226 1.005172 -805.825050 -41.578407
55.400000 1.985927 1.262282 -789.691292 -27.095174
55.450000 2.016455 1.323223 -786.138638 -11.819930
55.500000 1.993627 1.224238 -793.610267 -28.057392
55.550000 2.000895 1.144454 -804.131049 -35.787379
55.600000 2.025921 1.140998 -804.843091 -26.889417
55.650000 2.001288 1.356818 -780.561099 -12.066464
55.700000 1.993930 0.949991 -818.840158 -53.171041
55.750000 1.995753 0.953413 -812.167670 -45.798450
55.800000 2.013608 1.055122 -799.341272 -26.115949
55.850000 1.991204 0.965298 -811.493375 -46.870872
55.900000 2.000311 1.130352 -803.434305 -35.315011
55.950000 1.999538 1.322976 -782.997983 -15.175250
56.000000 2.008003 0.888638 -817.813627 -46.740302
56.050000 1.975464 1.103285 -789.516773 -30.938748
56.100000 2.014533 1.060334 -796.518636 -22.937777
56.150000 2.000295 0.803121 -823.352588 -55.239395
56.200000 1.996850 1.183338 -793.422794 -26.632404
56.250000 2.010168 1.590459 -759.932084 11.972311
56.300000 1.997480 1.313124 -783.203845 -16.171475
56.350000 2.002009 0.970056 -807.600262 -38.828849
56.400000 2.014706 0.842732 -814.009172 -40.362107
56.450000 1.990388 0.820652 -823.132676 -58.823494
56.500000 2.009413 1.079654 -812.203186 -40.588653
56.550000 2.026747 1.285351 -791.629884 -13.358909
56.600000 1.997438 0.889370 -825.240065 -58.223895
56.650000 2.001059 0.887165 -823.936275 -55.529725
56.700000 2.002106 0.954683 -816.779936 -47.971375
56.750000 2.000236 1.154704 -796.264993 -28.174218
56.800000 2.003497 1.153076 -801.032314 -31.689548
56.850000 2.002817 1.231800 -797.538729 -28.457024
56.900000 2.000790 0.752364 -847.631592 -79.328354
56.950000 1.984399 1.276381 -790.762805 -28.753694
57.000000 2.004214 0.887784 -822.009416 -52.391203
57.050000 2.002778 0.688224 -835.309034 -66.242473
57.100000 1.992630 1.089962 -797.207667 -32.037919
57.150000 2.009454 1.128937 -792.682568 -21.052264
57.200000 2.003415 0.791365 -821.498185 -52.186853
57.250000 1.994030 0.875506 -813.364486 -47.656919
57.300000 1.999201 1.084915 -800.808640 -33.115645
57.350000 2.009943 0.927219 -824.596546 -52.778374
57.400000 2.001120 0.865296 -830.793974 -62.363874
57.450000 1.992900 1.071337 -811.446290 -46.172719
57.500000 2.013013 1.186858 -803.721173 -30.724241
57.550000 1.997123 1.298971 -788.638183 -21.742989
57.600000 2.011996 0.886872 -828.899142 -56.292602
57.650000 2.003717 0.993758 -820.564332 -51.137071
57.700000 1.993346 1.050809 -820.443898 -54.999094
57.750000 1.999420 1.299682 -793.557501 -25.780055
57.800000 2.012161 1.060154 -814.633926 -41.964291
57.850000 1.988569 0.906313 -828.097123 -64.486805
57.900000 2.008161 0.852151 -828.760943 -57.627191
57.950000 1.998435 0.826890 -825.317691 -57.918806
58.000000 1.997187 0.611253 -849.927182 -83.007408
58.050000 1.991693 0.847395 -833.773670 -68.963731
58.100000 1.995018 1.395887 -785.122428 -19.035338
58.150000 2.014534 0.990706 -829.279895 -55.698768
58.200000 1.977466 0.971094 -829.439559 -70.092675
58.250000 2.015050 1.049890 -824.167964 -50.388671
58.300000 1.990747 1.099205 -813.280740 -48.833863
58.350000 2.006669 1.180192 -792.942909 -22.382179
58.400000 2.001938 0.874091 -809.680550 -40.936451
58.450000 1.985259 0.749283 -821.780089 -59.440567
58.500000 2.004716 1.055983 -799.546521 -29.735595
58.550000 1.998954 1.136076 -794.224808 -26.626594
58.600000 2.007621 0.779818 -828.973654 -58.047120
58.650000 1.989897 0.778885 -824.594688 -60.474418
58.700000 1.995233 0.785807 -823.525928 -57.356629
58.750000 1.999954 0.786837 -814.059940 -46.077504
58.800000 1.991599 0.648006 -824.011564 -59.237562
58.850000 1.998619 0.745990 -818.106706 -50.636970
58.900000 2.001093 0.883782 -811.386746 -42.967157
58.950000 1.998287 0.825180 -822.898870 -55.556688
59.000000 2.000022 0.803691 -831.471708 -63.463241
59.050000 1.992941 0.993706 -815.832720 -50.543271
59.100000 2.001222 1.074148 -809.110218 -40.641158
59.150000 1.960361 1.550926 -762.167395 -9.388656
59.200000 2.011546 1.240882 -793.102301 -20.668598
59.250000 2.001228 0.993778 -805.582969 -37.111336
59.300000 2.002213 0.879788 -814.588034 -45.738236
59.350000 2.005426 0.887497 -811.715569 -41.631901
59.400000 1.993020 0.940193 -805.133580 -39.813859
59.450000 2.010060 1.118911 -792.657341 -20.794316
59.500000 2.001422 1.141389 -787.731952 -19.185838
59.550000 2.009753 0.831634 -811.049609 -39.304475
59.600000 2.001135 0.915192 -802.768037 -34.332074
59.650000 1.989380 1.200137 -776.014590 -12.092512
59.700000 2.016900 1.061993 -789.566329 -15.076712
59.750000 2.004104 0.487499 -844.021917 -74.445911
59.800000 1.998482 0.682548 -831.149565 -63.732587
59.850000 1.994999 1.038896 -805.816950 -39.737377
59.900000 2.007779 0.816226 -830.481027 -59.493804
59.950000 1.992772 1.059361 -809.995060 -44.770586
60.000000 1.993969 1.007524 -639.305460 126.378532
60.050000 2.003062 0.969481 -649.818433 119.357555
60.100000 1.996351 0.890028 -659.859739 106.739163
60.150000 1.994919 0.915138 -655.411717 110.637143
60.200000 1.998055 1.030409 -630.129276 137.123872
60.250000 2.005676 0.624886 -666.232558 103.947064
60.300000 2.007784 0.648664 -652.054463 118.934623
60.350000 2.006521 0.480612 -670.403791 100.100454
60.400000 2.005711 0.553181 -661.967761 108.225410
60.450000 1.990626 0.615565 -657.983055 106.417298
60.500000 1.990880 0.662615 -663.938843 100.559159
60.550000 1.991362 1.034295 -621.659998 143.022881
60.600000 2.007443 0.755084 -654.220939 116.637208
60.650000 1.994181 0.773721 -646.586888 119.178617
60.700000 2.003317 0.708621 -654.316264 114.957631
60.750000 1.984168 0.931637 -622.004030 139.916372
60.800000 2.010835 0.648196 -647.942375 124.218294
60.850000 1.994930 0.494492 -656.803027 109.250066
60.900000 2.004398 0.643834 -634.033708 135.655048
60.950000 1.995538 0.581012 -644.065023 122.221643
61.000000 2.004805 0.651072 -640.703730 129.141449
61.050000 1.997702 0.593976 -652.656436 114.461148
61.100000 2.010591 0.661122 -648.481723 123.585054
61.150000 1.993336 0.823529 -626.052442 139.388626
61.200000 2.006681 0.726562 -640.073231 130.492423
61.250000 2.008130 0.545216 -663.773729 107.348026
61.300000 2.002283 0.575900 -661.071006 107.805482
61.350000 1.988718 0.640005 -658.397501 105.270260
61.400000 1.989519 0.923865 -631.318814 132.656323
61.450000 1.990616 1.135146 -613.646899 150.749529
61.500000 2.011762 1.051486 -624.680168 147.836564
61.550000 1.991003 0.823772 -644.869206 119.675826
61.600000 2.010205 0.674920 -652.943482 118.975125
61.650000 1.992123 0.768209 -633.998142 130.976946
61.700000 1.998831 0.753714 -640.804074 126.746888
61.750000 1.989867 0.810343 -642.739746 121.369220
61.800000 1.987678 0.992074 -625.249723 138.018604
61.850000 2.003786 0.798792 -647.047387 122.406282
61.900000 2.011462 0.711845 -654.552009 117.849506
61.950000 1.993074 1.092385 -606.664767 158.675675
62.000000 2.007816 0.894832 -630.521040 140.480349
62.050000 2.004082 0.653572 -653.778112 115.789392
62.100000 1.988957 0.782498 -633.476290 130.283050
62.150000 2.009285 0.724609 -637.368429 134.197195
62.200000 1.992992 0.677818 -642.320072 122.988781
62.250000 1.996774 0.753070 -633.984269 132.777035
62.300000 2.009222 0.463362 -668.842621 102.698756
62.350000 1.993279 0.444920 -671.538774 93.880402
62.400000 1.994310 0.818378 -630.638234 135.176668
62.450000 1.982965 0.837849 -634.088361 127.370381
62.500000 2.004627 0.828349 -643.879361 125.897296
62.550000 1.989766 0.821567 -649.599286 114.470725
62.600000 2.007418 0.794299 -655.167711 115.680804
62.650000 1.988413 0.812265 -651.361164 112.189396
62.700000 2.009661 0.726950 -660.681648 111.028274
62.750000 2.007487 0.595771 -663.861382 107.013567
62.800000 2.001510 0.308612 -688.735378 79.844650
62.850000 2.002510 0.512423 -662.003260 106.960534
62.900000 1.996413 0.581777 -657.881630 108.741119
62.950000 1.995921 0.885224 -624.926066 141.507518
63.000000 2.001927 0.804737 -639.577388 129.162668
63.050000 2.010379 0.961302 -620.704118 151.281454
63.100000 1.996752 0.636909 -665.637242 101.115345
63.150000 2.006662 0.835996 -643.412508 127.145645
63.200000 2.005734 0.856727 -643.617539 126.584360
63.250000 2.006364 0.701263 -662.220215 108.223706
63.300000 2.003848 0.664146 -661.446640 108.031164
63.350000 1.982349 0.878852 -629.496247 131.725671
63.400000 1.994955 0.792526 -636.827945 129.234963
63.450000 1.991916 0.750878 -637.267692 127.628209
63.500000 2.001206 0.556808 -659.230723 109.232456
63.550000 2.004563 0.694430 -636.249703 133.502374
63.600000 1.990713 0.557290 -647.242452 117.191194
63.650000 2.000744 0.515053 -650.211913 118.073651
63.700000 2.000739 0.546741 -649.364544 118.919424
63.750000 1.997659 0.791830 -624.625979 142.475091
63.800000 2.010596 0.865197 -621.253352 150.815674
63.850000 2.000317 0.682322 -647.788595 120.332997
63.900000 2.004407 0.596887 -661.245216 108.447206
63.950000 2.001919 0.821428 -635.218582 133.518224
64.000000 1.993121 0.785567 -641.649643 123.708943
64.050000 2.009902 0.566619 -671.198156 100.604192
64.100000 1.991761 0.714551 -652.503622 112.332724
64.150000 2.003926 0.800409 -643.485122 126.022617
64.200000 1.997971 0.619300 -666.962383 100.258645
64.250000 1.998149 0.776022 -649.326246 117.963133
64.300000 1.992582 0.897886 -635.360263 129.791251
64.350000 2.010496 0.556368 -671.990506 100.039995
64.400000 2.001945 0.503410 -675.322110 93.424857
64.450000 1.993911 0.786405 -644.341551 121.320110
64.500000 2.002788 0.594715 -669.545127 99.525279
64.550000 1.998692 0.824683 -634.924958 132.572623
64.600000 2.005604 0.371734 -685.959994 84.192059
64.650000 2.008322 0.512500 -662.969372 108.226377
64.700000 1.995560 0.607222 -659.833930 106.461299
64.750000 2.010936 0.702187 -655.595276 116.603996
64.800000 2.003741 0.511533 -680.705425 88.730999
64.850000 1.993350 0.565469 -676.163023 89.283531
64.900000 1.993752 0.777724 -654.013067 111.587717
64.950000 2.002910 0.711389 -664.752916 104.364620
65.000000 1.987187 0.868150 -643.024012 120.055914
65.050000 2.004153 0.677620 -660.277741 109.317180
65.100000 1.989099 0.647209 -658.358286 105.455588
65.150000 2.002354 0.804870 -643.071730 125.832208
65.200000 2.004791 0.874858 -634.965761 134.873887
65.250000 1.993818 0.939816 -627.134082 138.492089
65.300000 2.011191 0.556456 -667.983280 104.313949
65.350000 1.991008 0.395001 -677.583648 86.963249
65.400000 1.976384 0.732844 -634.408570 124.523027
65.450000 2.016874 0.547218 -654.585697 119.894053
65.500000 1.992758 0.314987 -680.000733 85.218515
65.550000 1.989530 0.801632 -626.517834 137.461623
65.600000 2.008837 0.651394 -643.927176 127.466297
65.650000 1.997683 0.323385 -674.836777 92.273520
65.700000 1.995790 0.243033 -688.641214 77.741976
65.750000 1.987111 0.727796 -644.029949 119.020545
65.800000 2.011762 0.937550 -631.071883 141.444807
65.850000 2.009795 0.808145 -644.309306 127.451942
65.900000 1.998838 0.725524 -651.014845 116.538884
65.950000 2.001308 0.632925 -661.685128 106.817080
66.000000 1.992335 0.558639 -670.178027 94.878638
66.050000 1.989816 0.669798 -661.584771 102.504642
66.100000 2.007488 0.780234 -650.961184 119.914028
66.150000 2.009467 0.586868 -673.419318 98.216123
66.200000 1.984671 0.715494 -654.872447 107.241278
66.250000 2.013161 0.604896 -674.384581 98.669424
66.300000 1.989514 0.818204 -655.167709 108.805512
66.350000 1.993192 0.926781 -654.722389 110.663465
66.400000 2.004772 0.925890 -660.033951 109.798338
66.450000 2.015834 0.769180 -672.059572 102.020674
66.500000 1.980842 0.659252 -684.033974 76.609295
66.550000 2.012456 0.853428 -663.723713 109.059576
66.600000 2.008901 0.882855 -655.857121 115.560761
66.650000 2.005432 0.928527 -650.826535 119.259442
66.700000 2.001898 0.786043 -666.771934 101.957025
66.750000 2.010549 0.676273 -672.527988 99.523012
66.800000 2.008469 0.629365 -676.061829 95.190094
66.850000 1.977775 0.821392 -656.628372 102.837372
66.900000 2.008399 1.024514 -628.256060 142.968968
66.950000 2.001969 0.443562 -686.741828 82.014410
67.000000 1.990329 0.401718 -682.899898 81.386476
67.050000 1.998477 0.627626 -654.540754 112.874284
67.100000 1.982433 0.671345 -648.003181 113.251070
67.150000 2.002019 0.526662 -670.578221 98.196938
67.200000 1.991513 0.696812 -657.490625 107.250185
67.250000 2.005334 0.715125 -661.691418 108.356928
67.300000 1.998759 0.698760 -662.875069 104.648373
67.350000 2.006113 0.650645 -670.072781 100.274620
67.400000 1.997792 0.852761 -648.747767 118.404480
67.450000 2.000365 0.796781 -660.336101 107.804166
