# t Temp Pres Epot Etot
0.000000 1.991078 29.673558 -1369.152019 -604.578164
0.050000 1.990982 28.426569 -1425.354899 -660.817970
0.100000 2.002656 28.879553 -1405.145894 -636.126067
0.150000 1.988846 28.500121 -1424.567892 -660.851020
0.200000 2.012640 28.166923 -1435.878368 -663.024643
0.250000 1.959748 29.227230 -1387.665597 -635.122263
0.300000 2.007109 28.590007 -1416.488229 -645.758456
0.350000 1.985356 29.909054 -1359.211071 -596.834267
0.400000 2.005511 28.470764 -1423.440933 -653.324732
0.450000 1.962054 28.936150 -1399.961243 -646.532416
0.500000 1.989268 28.519874 -1422.689600 -658.810537
0.550000 2.058745 30.130134 -1348.902570 -558.344631
0.600000 1.992764 27.827580 -1449.239639 -684.018165
0.650000 2.001114 29.291366 -1381.620538 -613.192811
0.700000 1.966876 29.360363 -1380.577284 -625.296801
0.750000 1.984613 30.302457 -1342.613274 -580.521972
0.800000 2.020448 27.493143 -1470.170739 -694.318697
0.850000 2.052796 28.218433 -1435.559424 -647.285789
0.900000 1.975785 27.935684 -1446.280306 -687.578787
0.950000 1.992152 28.442944 -1424.274819 -659.288595
1.000000 2.027665 30.976680 -1313.656689 -535.033478
1.050000 1.961004 29.384190 -1381.336282 -628.310856
1.100000 2.031901 28.935390 -1401.001071 -620.750978
1.150000 2.003009 28.836446 -1403.942728 -634.787450
1.200000 2.027254 28.237145 -1432.806401 -654.340956
1.250000 1.985701 28.219900 -1433.551472 -671.042227
1.300000 1.986907 29.752883 -1364.244013 -601.271574
1.350000 1.997207 28.304176 -1428.740040 -661.812500
1.400000 2.002668 29.858617 -1362.221675 -593.197050
1.450000 1.969270 29.629699 -1370.299817 -614.100100
1.500000 2.017529 28.796842 -1407.755982 -633.024694
1.550000 2.014789 28.120024 -1440.954602 -667.275513
1.600000 2.004426 28.481445 -1423.564864 -653.865118
1.650000 2.015945 28.524881 -1419.134335 -645.011447
1.700000 1.978714 27.550449 -1461.702261 -701.875905
1.750000 1.993492 30.609361 -1326.783306 -561.282369
1.800000 1.976910 29.935808 -1355.947570 -596.814302
1.850000 2.012445 27.623560 -1461.006839 -688.227845
1.900000 1.982781 28.862297 -1399.680094 -638.292292
1.950000 2.006886 28.322406 -1431.528628 -660.884528
2.000000 2.021063 27.730732 -1457.200271 -681.111930
2.050000 1.984759 27.938426 -1446.239108 -684.091762
2.100000 2.021064 29.221983 -1389.348655 -613.260074
2.150000 1.961907 28.660261 -1408.509497 -655.137339
2.200000 1.980499 29.416984 -1381.868957 -621.357180
2.250000 2.018720 28.572352 -1419.243473 -644.055138
2.300000 1.967975 29.419075 -1376.813900 -621.111485
2.350000 1.993581 28.733914 -1409.857998 -644.322888
2.400000 2.035145 29.342902 -1386.747932 -605.252279
2.450000 1.999762 28.366236 -1427.035370 -659.126829
2.500000 2.019356 29.182600 -1391.780640 -616.347989
2.550000 2.008770 27.882165 -1447.670712 -676.302957
2.600000 1.963892 28.665521 -1414.372283 -660.237690
2.650000 1.981742 30.085757 -1349.279534 -588.290693
2.700000 2.043921 29.004925 -1400.926439 -616.060804
2.750000 1.967018 27.218573 -1477.068235 -721.733425
2.800000 1.968603 28.048391 -1439.956930 -684.013206
2.850000 2.010239 29.908288 -1357.005059 -585.073342
2.900000 2.038674 28.751231 -1413.000129 -630.149287
2.950000 1.992719 28.660900 -1412.073561 -646.869534
3.000000 2.002225 30.067687 -1348.233823 -579.379591
3.050000 2.018846 28.109087 -1440.230363 -664.993688
3.100000 2.005305 28.615958 -1415.187004 -645.149967
3.150000 2.014586 28.188662 -1437.792548 -664.191497
3.200000 1.997887 29.415230 -1377.447645 -610.259080
3.250000 2.013555 28.426990 -1421.570021 -648.364989
3.300000 1.984629 29.453807 -1378.829533 -616.732024
3.350000 2.004514 28.649842 -1415.046052 -645.312496
3.400000 1.988323 29.223747 -1387.802425 -624.286211
3.450000 2.016595 27.571415 -1461.706460 -687.333809
3.500000 1.972167 29.511244 -1377.145882 -619.833749
3.550000 2.022291 28.664913 -1415.903960 -639.344345
3.600000 2.016564 29.246664 -1388.404829 -614.044332
3.650000 2.006276 28.546432 -1424.115200 -653.705363
3.700000 2.009845 29.658617 -1370.508278 -598.727745
3.750000 2.004487 28.259423 -1435.443863 -665.720926
3.800000 2.022958 28.115904 -1441.363110 -664.547103
3.850000 1.988602 29.162731 -1391.179057 -627.555851
3.900000 2.012375 28.233599 -1436.161184 -663.409322
3.950000 1.984963 30.957505 -1310.142501 -547.916779
4.000000 2.034155 28.348068 -1431.493231 -650.377714
4.050000 1.974567 27.980458 -1446.388108 -688.154410
4.100000 1.985989 29.081056 -1398.055737 -635.436000
4.150000 2.016135 29.781850 -1367.121847 -592.925817
4.200000 1.996238 28.730393 -1411.291335 -644.736105
4.250000 2.003286 28.654512 -1414.838575 -645.576754
4.300000 1.972363 29.296969 -1388.896238 -631.508806
4.350000 2.033794 28.726006 -1411.754781 -630.777699
4.400000 2.003139 29.342562 -1386.785798 -617.580417
4.450000 1.969729 28.024616 -1442.574933 -686.199001
4.500000 2.007141 29.110871 -1393.915672 -623.173417
4.550000 1.997944 28.560000 -1418.763468 -651.553153
4.600000 1.999870 27.422608 -1473.606844 -705.656929
4.650000 1.998190 28.779731 -1407.994667 -640.689895
4.700000 2.012595 29.318361 -1385.049762 -612.213202
4.750000 1.964275 30.284188 -1340.655009 -586.373220
4.800000 2.007388 30.159866 -1348.313418 -577.476449
4.850000 2.044871 28.439513 -1425.404987 -640.174339
4.900000 1.972541 28.135534 -1436.587494 -679.131767
4.950000 2.015159 29.653428 -1370.529473 -596.708233
5.000000 1.999837 29.179238 -1391.670374 -623.732890
5.050000 1.963595 28.379147 -1423.828490 -669.807943
5.100000 2.027167 29.021612 -1396.004953 -617.572993
5.150000 1.969918 29.092713 -1391.974832 -635.526496
5.200000 2.024479 28.592426 -1418.463095 -641.063315
5.250000 2.022385 29.974625 -1357.896098 -581.300284
5.300000 2.003035 27.619440 -1458.836355 -689.670832
5.350000 2.005314 27.525037 -1462.728843 -692.688434
5.400000 1.970895 29.570295 -1368.757133 -611.933428
5.450000 1.986943 29.550077 -1371.992806 -609.006768
5.500000 2.002637 29.409759 -1379.780073 -610.767476
5.550000 1.931640 29.697181 -1364.185378 -622.435428
5.600000 2.021854 29.726479 -1367.490382 -591.098600
5.650000 2.011492 27.945925 -1447.005421 -674.592475
5.700000 1.980384 27.964702 -1440.757839 -680.290369
5.750000 1.989303 29.077372 -1395.815711 -631.923432
5.800000 2.014136 29.769422 -1366.881055 -593.452800
5.850000 2.015184 28.874808 -1404.067667 -630.236922
5.900000 1.983479 28.720726 -1410.911109 -649.255036
5.950000 2.002014 29.018304 -1396.193146 -627.419678
6.000000 1.969085 28.552848 -1417.931966 -661.803233
6.050000 2.032033 29.851003 -1362.940689 -582.639859
6.100000 1.984493 29.353525 -1382.421521 -620.376031
6.150000 2.000958 27.485522 -1470.040501 -701.672491
6.200000 2.009105 29.069933 -1396.646621 -625.150255
6.250000 1.998323 28.755596 -1409.247895 -641.892012
6.300000 2.014018 28.662491 -1414.499449 -641.116532
6.350000 2.016130 28.515703 -1421.712819 -647.519020
6.400000 1.971187 29.303157 -1385.221384 -628.285648
6.450000 2.022131 29.733197 -1366.558954 -590.060628
6.500000 1.979537 28.546638 -1417.339779 -657.197448
6.550000 1.996276 29.365905 -1380.832361 -614.262560
6.600000 1.968692 29.415484 -1378.852394 -622.874614
6.650000 2.009985 28.150881 -1437.210140 -665.375892
6.700000 2.013234 27.673773 -1459.276244 -686.194432
6.750000 2.007979 28.768043 -1409.195473 -638.131568
6.800000 2.021091 29.451118 -1382.548671 -606.449771
6.850000 1.995731 27.823141 -1453.904890 -687.544322
6.900000 1.959747 28.589591 -1417.643855 -665.100880
6.950000 2.055022 28.784372 -1411.860077 -622.731483
7.000000 1.967024 28.363163 -1428.710090 -673.372724
7.050000 1.977846 29.483639 -1375.940236 -616.447420
7.100000 1.986333 29.902966 -1358.707742 -595.955697
7.150000 2.017803 28.839971 -1408.085712 -633.249279
7.200000 1.992053 28.130292 -1440.784989 -675.836790
7.250000 1.998351 29.217148 -1387.859319 -620.492487
7.300000 2.027720 27.800993 -1455.093198 -676.448679
7.350000 1.953536 28.555505 -1418.530076 -668.372195
7.400000 2.009357 28.918153 -1402.795238 -631.202314
7.450000 2.000284 28.535730 -1420.017936 -651.908719
7.500000 1.996000 16.199448 -1593.753143 -827.289222
7.550000 1.990944 17.427653 -1533.219721 -768.697085
7.600000 1.951057 18.012495 -1502.560198 -753.354230
7.650000 1.992447 17.542855 -1527.298658 -762.198913
7.700000 2.004590 17.997200 -1507.001207 -737.238592
7.750000 1.987975 18.150280 -1495.700501 -732.318192
7.800000 2.015865 18.115432 -1504.312347 -730.220147
7.850000 2.042723 18.394848 -1493.505163 -709.099394
7.900000 2.016685 17.897876 -1513.453428 -739.046301
7.950000 2.003600 16.542554 -1577.473540 -808.091292
8.000000 2.015482 18.156488 -1501.643657 -727.698534
8.050000 2.007821 16.870899 -1558.810001 -787.806668
8.100000 1.991925 16.522108 -1576.805066 -811.905716
8.150000 2.021461 16.730115 -1564.636079 -788.395040
8.200000 1.975640 17.209004 -1540.856134 -782.210282
8.250000 2.013768 18.150756 -1499.443094 -726.156227
8.300000 1.961630 18.568199 -1480.374028 -727.108034
8.350000 1.996659 17.688550 -1522.383569 -755.666678
8.400000 1.996148 17.518194 -1529.272815 -762.751994
8.450000 1.988563 16.898384 -1557.059975 -793.451695
8.500000 2.004539 18.323311 -1490.702079 -720.959154
8.550000 2.001254 16.896298 -1560.226090 -791.744669
8.600000 2.003651 17.702551 -1521.543133 -752.141002
8.650000 1.984787 18.787621 -1471.543834 -709.385494
8.700000 1.990762 19.677618 -1428.351641 -663.898891
8.750000 1.995412 18.251739 -1496.630043 -730.391931
8.800000 2.003523 16.962943 -1555.362277 -786.009502
8.850000 1.977673 17.594954 -1524.281761 -764.855432
8.900000 2.008386 17.918454 -1516.565521 -745.345335
8.950000 2.002195 18.104202 -1498.548847 -729.706016
9.000000 2.020884 18.208662 -1498.171797 -722.152360
9.050000 2.005380 16.613021 -1573.425929 -803.359980
9.100000 2.005354 17.669734 -1520.866317 -750.810426
9.150000 1.971288 18.098567 -1498.287961 -741.313418
9.200000 2.015316 18.275348 -1494.277983 -720.396652
9.250000 1.990241 19.533277 -1432.997043 -668.744457
9.300000 1.998675 18.134171 -1499.852202 -732.361064
9.350000 2.028105 17.993683 -1509.102625 -730.310183
9.400000 2.004609 17.898040 -1511.759643 -741.989925
9.450000 1.999297 17.755625 -1512.371863 -744.641809
9.500000 1.988198 19.010345 -1454.401250 -690.933121
9.550000 2.012889 16.786568 -1565.186846 -792.237321
9.600000 2.017517 16.752187 -1566.487168 -791.760720
9.650000 1.999273 18.087358 -1498.621181 -730.900390
9.700000 1.977490 18.208419 -1494.249517 -734.893289
9.750000 1.999103 17.756838 -1514.588904 -746.933271
9.800000 2.028313 16.619886 -1572.527658 -793.655355
9.850000 2.006156 17.081423 -1548.000465 -777.636752
9.900000 1.999167 17.898635 -1511.400589 -743.720574
9.950000 1.988393 18.452056 -1486.996177 -723.453432
10.000000 2.007228 18.184034 -1502.724006 -731.948277
10.050000 1.996722 18.811828 -1469.083690 -702.342574
10.100000 2.013847 17.375691 -1531.912138 -758.594945
10.150000 1.973005 16.557802 -1572.158185 -814.524436
10.200000 2.018255 18.432319 -1488.822726 -713.812784
10.250000 1.980693 18.392933 -1487.101412 -726.515328
10.300000 2.004871 16.720864 -1571.846644 -801.976270
10.350000 1.977322 17.525553 -1531.179940 -771.888347
10.400000 2.015945 18.762422 -1475.525982 -701.403156
10.450000 2.006481 17.558003 -1530.694978 -760.206137
10.500000 1.972052 18.586635 -1481.945455 -724.677401
10.550000 2.029066 17.746354 -1523.727924 -744.566753
10.600000 2.004141 17.720708 -1516.643740 -747.053528
10.650000 1.999187 17.113332 -1549.372121 -781.684264
10.700000 1.993689 18.722063 -1466.906789 -701.330382
10.750000 2.035259 18.843772 -1465.676987 -684.137635
10.800000 1.966168 17.929400 -1508.778640 -753.770246
10.850000 2.000033 18.215997 -1495.742087 -727.729346
10.900000 1.990194 17.135730 -1549.323642 -785.089023
10.950000 2.017574 17.154265 -1549.008608 -774.260055
11.000000 1.985892 17.662007 -1521.731315 -759.148751
11.050000 2.016868 17.479600 -1534.531505 -760.054064
11.100000 1.983942 18.018047 -1506.783391 -744.949535
11.150000 2.021552 17.004065 -1554.525384 -778.249398
11.200000 1.982201 16.943349 -1553.656994 -792.491774
11.250000 2.010507 18.745130 -1474.103905 -702.069301
11.300000 2.003298 18.203100 -1496.572069 -727.305482
11.350000 1.994430 17.989786 -1506.248573 -740.387283
11.400000 1.987702 16.587596 -1572.795350 -809.517672
11.450000 1.998319 17.808639 -1516.793159 -749.438672
11.500000 2.001415 16.701773 -1567.061955 -798.518524
11.550000 2.019759 18.284900 -1490.823892 -715.236595
11.600000 1.972447 18.024502 -1504.372798 -746.952983
11.650000 2.023047 17.392715 -1537.717086 -760.867092
11.700000 1.995902 18.628349 -1477.013493 -710.587100
11.750000 2.041561 17.232150 -1548.354772 -764.395277
11.800000 1.998676 17.173388 -1543.760787 -776.269315
11.850000 1.992516 17.705356 -1519.102684 -753.976674
11.900000 2.006220 17.888672 -1516.443436 -746.054944
11.950000 2.019314 18.879201 -1468.617083 -693.200529
12.000000 2.017083 17.651659 -1520.462108 -745.902143
12.050000 1.987551 16.758851 -1561.718186 -798.498663
12.100000 1.995554 17.696120 -1519.750824 -753.458086
12.150000 1.986794 16.277146 -1585.383114 -822.454038
12.200000 1.995874 18.066540 -1503.001638 -736.585930
12.250000 2.022703 17.587982 -1526.805496 -750.087657
12.300000 1.986812 17.036036 -1552.408756 -789.472874
12.350000 2.005920 16.929337 -1558.199258 -787.925842
12.400000 1.990662 17.677309 -1521.453975 -757.039636
12.450000 1.968655 19.346637 -1446.262834 -690.299165
12.500000 2.043977 17.732295 -1523.168491 -738.281471
12.550000 1.984898 16.495341 -1575.832389 -813.631715
12.600000 2.002631 18.211786 -1495.183672 -726.173377
12.650000 2.028388 18.276701 -1491.161619 -712.260702
12.700000 1.968343 18.150348 -1500.430039 -744.586270
12.750000 2.034951 17.853351 -1514.381175 -732.960083
12.800000 1.998007 17.883677 -1512.539502 -745.304642
12.850000 2.023305 17.471092 -1537.388918 -760.439867
12.900000 1.989241 18.221732 -1499.357749 -735.489282
12.950000 2.017235 19.258610 -1452.018034 -677.399890
13.000000 2.024001 15.466449 -1626.942452 -849.726010
13.050000 1.973089 17.253080 -1542.330083 -784.663998
13.100000 2.015401 18.676206 -1475.425716 -701.511662
13.150000 2.009736 17.725886 -1523.040052 -751.301424
13.200000 2.001654 17.098039 -1548.602268 -779.967011
13.250000 1.980961 18.252240 -1496.302466 -735.613513
13.300000 2.018063 17.001411 -1557.586895 -782.650847
13.350000 2.009510 17.629394 -1524.256287 -752.604510
13.400000 1.962183 17.898671 -1510.860783 -757.382492
13.450000 2.021224 16.808000 -1565.305279 -789.155117
13.500000 2.008148 17.752075 -1516.534217 -745.405498
13.550000 1.983074 17.343933 -1536.068159 -774.567598
13.600000 2.012062 18.174880 -1495.819956 -723.188199
13.650000 1.985602 17.327589 -1537.501541 -775.030410
13.700000 2.021281 16.864141 -1559.720928 -783.548942
13.750000 2.003564 17.335066 -1533.857437 -764.488901
13.800000 1.993810 17.818351 -1517.704157 -752.081199
13.850000 2.012392 17.310401 -1541.752788 -768.994089
13.900000 1.998563 17.854577 -1513.174385 -745.726302
13.950000 2.019122 16.943353 -1560.168920 -784.826152
14.000000 1.993627 17.541077 -1530.149711 -764.597030
14.050000 2.031431 18.106573 -1501.818626 -721.749037
14.100000 1.993488 17.912743 -1507.740881 -742.241637
14.150000 1.989887 17.168927 -1546.786559 -782.670017
14.200000 2.027384 17.304661 -1538.161495 -759.646087
14.250000 2.007932 17.771060 -1516.160107 -745.114352
14.300000 1.978703 17.836699 -1515.739260 -755.917471
14.350000 1.985124 17.641165 -1524.671251 -762.383478
14.400000 2.004235 17.294509 -1539.160195 -769.533924
14.450000 2.004574 17.151921 -1547.163638 -777.407116
14.500000 1.998865 17.305376 -1543.857049 -776.292911
14.550000 2.025446 17.228141 -1544.465789 -766.694699
14.600000 1.970663 17.431911 -1532.623233 -775.888610
14.650000 2.017020 18.428894 -1486.782956 -712.247343
14.700000 2.033974 18.459993 -1482.884663 -701.838690
14.750000 1.997839 15.399333 -1630.326382 -863.156181
14.800000 1.983875 17.619247 -1524.405812 -762.597941
14.850000 1.984924 18.379333 -1490.948502 -728.737742
14.900000 2.019625 18.715786 -1472.008932 -696.472946
14.950000 1.991250 17.759526 -1517.269157 -752.629065
15.000000 1.979719 12.353637 -1430.003892 -669.791758
15.050000 1.960941 13.118688 -1397.629016 -644.627669
15.100000 2.015371 13.157657 -1392.633438 -618.731068
15.150000 1.982528 12.203650 -1440.843463 -679.552686
15.200000 1.987289 13.535364 -1378.233691 -615.114549
15.250000 2.033142 13.804385 -1367.265152 -586.538726
15.300000 1.987886 13.757190 -1359.609761 -596.261564
15.350000 1.998874 12.873961 -1406.290108 -638.722616
15.400000 2.009238 12.157959 -1445.438547 -673.891134
15.450000 1.992031 12.383646 -1436.960817 -672.021052
15.500000 2.001567 12.938497 -1409.828576 -641.226730
15.550000 1.993316 13.816812 -1364.834886 -599.401552
15.600000 2.024519 12.935067 -1413.934847 -636.519407
15.650000 1.996034 12.841804 -1412.819933 -646.342816
15.700000 2.013477 12.731984 -1413.752021 -640.577030
15.750000 1.978071 13.172711 -1391.267564 -631.688411
15.800000 2.016939 14.270243 -1340.867249 -566.362687
15.850000 2.001770 14.188335 -1356.066510 -587.386819
15.900000 2.010229 14.257216 -1351.832761 -579.904998
15.950000 2.031837 13.359561 -1389.558305 -609.333043
16.000000 2.005359 13.565725 -1369.312419 -599.254402
16.050000 1.993184 12.753671 -1413.581941 -648.199318
16.100000 1.981976 13.571934 -1374.471542 -613.392931
16.150000 2.009714 14.363533 -1334.171685 -562.441674
16.200000 1.994995 13.155501 -1395.483611 -629.405671
16.250000 2.003927 13.960961 -1353.389771 -583.881750
16.300000 2.015727 13.917284 -1356.019377 -581.980244
16.350000 1.993388 14.165017 -1336.379111 -570.917980
16.400000 2.033974 14.297582 -1335.590307 -554.544158
16.450000 2.003720 14.739375 -1315.715294 -546.286998
16.500000 2.017346 15.437589 -1284.243112 -509.582161
16.550000 2.011570 13.969634 -1356.915775 -584.472776
16.600000 1.973005 15.356869 -1280.334289 -522.700391
16.650000 2.036913 15.218830 -1296.075770 -513.901349
16.700000 2.018381 14.131497 -1348.169344 -573.111101
16.750000 1.994599 14.619500 -1324.765469 -558.839348
16.800000 2.040044 14.915952 -1309.834541 -526.457663
16.850000 2.027965 15.374760 -1275.800745 -497.062220
16.900000 1.995288 13.767102 -1361.813419 -595.622906
16.950000 2.010150 13.948340 -1355.956937 -584.059399
17.000000 2.007459 13.635863 -1369.472516 -598.608266
17.050000 1.997863 14.495570 -1324.986047 -557.806712
17.100000 2.008997 14.927992 -1300.782188 -529.327384
17.150000 2.013634 14.589769 -1319.507410 -546.271992
17.200000 1.985024 15.222280 -1285.251870 -523.002628
17.250000 2.011827 15.949127 -1256.532172 -483.990776
17.300000 1.991299 15.438012 -1283.403321 -518.744499
17.350000 2.007069 16.511825 -1220.301648 -449.587343
17.400000 2.002358 14.369349 -1335.360100 -566.454603
17.450000 2.022009 14.400024 -1335.676188 -559.224696
17.500000 1.977254 15.200473 -1289.937623 -530.672023
17.550000 2.010021 14.476117 -1332.871456 -561.023249
17.600000 2.009162 14.513113 -1329.202865 -557.684836
17.650000 2.003571 14.426551 -1331.418118 -562.046871
17.700000 1.982600 14.165973 -1344.402812 -583.084403
17.750000 1.987090 15.219682 -1292.756652 -529.713932
17.800000 2.003331 16.040957 -1249.968599 -480.689483
17.850000 2.019997 14.416216 -1335.782582 -560.103767
17.900000 1.996296 14.018219 -1355.724357 -589.146626
17.950000 1.992137 15.182962 -1291.345282 -526.364806
18.000000 2.009806 14.717922 -1318.949441 -547.183821
18.050000 1.976958 14.565683 -1321.042772 -561.890728
18.100000 1.985028 15.443112 -1276.379358 -514.128676
18.150000 2.008013 14.467507 -1331.692209 -560.615254
18.200000 2.006983 13.960227 -1355.071600 -584.390303
18.250000 1.968725 15.794663 -1266.804230 -510.813821
18.300000 1.997473 15.993367 -1259.911001 -492.881260
18.350000 1.985932 15.215673 -1292.485554 -529.887603
18.400000 1.986928 16.876219 -1207.348801 -444.368401
18.450000 2.018014 16.737414 -1216.601568 -441.684137
18.500000 2.003885 16.333531 -1237.094105 -467.602337
18.550000 1.986754 15.368762 -1289.781833 -526.868449
18.600000 2.026743 15.006567 -1302.714442 -524.445027
18.650000 1.941282 16.027568 -1239.283885 -493.831622
18.700000 2.001882 16.326379 -1232.731355 -464.008772
18.750000 2.000321 15.621191 -1275.226939 -507.103770
18.800000 1.996064 15.360237 -1286.450900 -519.962150
18.850000 2.036867 15.415458 -1283.157716 -501.000952
18.900000 2.005465 15.185485 -1292.592303 -522.493779
18.950000 1.986376 15.265815 -1284.233350 -521.464834
19.000000 2.022876 14.393351 -1333.737799 -556.953522
19.050000 1.975360 14.355923 -1331.516980 -572.978804
19.100000 1.999353 15.233866 -1291.667885 -523.916485
19.150000 1.953252 16.242267 -1245.028709 -494.979965
19.200000 2.017257 15.161293 -1304.424016 -529.797411
19.250000 1.987581 14.474723 -1333.216055 -569.985091
19.300000 2.000987 16.396419 -1230.565011 -462.186151
19.350000 1.998038 15.110890 -1303.483176 -536.236519
19.400000 1.989124 15.618860 -1279.185161 -515.361453
19.450000 2.001726 15.666466 -1278.427334 -509.764386
19.500000 2.018284 15.099795 -1299.489597 -524.468607
19.550000 2.004804 15.919629 -1250.498293 -480.653727
19.600000 2.034929 15.422856 -1282.916998 -501.504356
19.650000 1.998692 15.285323 -1294.353591 -526.855834
19.700000 2.021940 14.867745 -1315.777702 -539.352823
19.750000 1.994396 15.626973 -1275.459176 -509.610941
19.800000 1.990535 15.368913 -1288.776879 -524.411306
19.850000 1.986668 15.232915 -1297.353822 -534.473440
19.900000 2.032948 14.996726 -1310.263663 -529.611490
19.950000 2.003590 14.418673 -1336.101596 -566.722985
20.000000 1.992366 16.372685 -1232.424510 -467.356013
20.050000 1.995998 15.731715 -1265.055704 -498.592583
20.100000 1.994751 15.771098 -1255.309778 -489.325570
20.150000 1.957571 16.219961 -1236.054116 -484.346667
20.200000 2.026631 15.377264 -1286.493538 -508.267052
20.250000 1.958420 15.459142 -1279.601656 -527.568437
20.300000 2.004493 17.359929 -1186.977700 -417.252216
20.350000 2.028060 15.779031 -1263.675991 -484.900958
20.400000 1.956077 15.574468 -1267.399529 -516.265821
20.450000 1.973984 16.622008 -1212.726275 -454.716468
20.500000 2.005832 16.023816 -1250.591625 -480.352308
20.550000 2.012349 15.537265 -1277.289530 -504.547517
20.600000 2.007355 16.055737 -1250.017265 -479.192850
20.650000 1.994601 16.041618 -1251.349943 -485.423113
20.700000 1.996274 15.122304 -1295.163986 -528.594879
20.750000 2.033031 14.637992 -1322.541295 -541.857372
20.800000 1.980267 14.997707 -1303.245774 -542.823356
20.850000 2.031365 15.169298 -1298.979089 -518.934767
20.900000 2.002362 14.371667 -1339.904158 -570.997086
20.950000 1.998358 15.217961 -1290.753327 -523.383817
21.000000 1.971833 15.702216 -1263.442119 -506.258107
21.050000 1.999698 15.465136 -1278.755569 -510.871568
21.100000 1.988523 15.147238 -1296.531168 -532.938370
21.150000 1.988616 14.978763 -1306.656465 -543.027808
21.200000 2.002286 14.918159 -1304.307164 -535.429369
21.250000 1.985763 14.359920 -1326.973983 -564.441074
21.300000 2.004671 14.708961 -1312.313754 -542.520024
21.350000 2.006604 15.476490 -1273.574788 -503.038720
21.400000 1.974551 15.376485 -1282.773992 -524.546564
21.450000 2.015828 15.826808 -1257.156791 -483.078936
21.500000 1.991380 15.541009 -1270.448351 -505.758610
21.550000 1.995219 15.860455 -1260.475312 -494.311365
21.600000 2.015947 14.641785 -1328.528056 -554.404338
21.650000 1.979093 15.179229 -1298.084447 -538.112701
21.700000 1.990175 15.534715 -1277.896939 -513.669636
21.750000 1.999572 14.400493 -1328.672033 -560.836393
21.800000 1.955750 14.721177 -1310.560136 -559.552306
21.850000 2.013810 15.827533 -1257.324625 -484.021640
21.900000 2.008482 14.816399 -1309.660850 -538.403665
21.950000 2.025500 15.608660 -1269.878170 -492.086351
22.000000 1.985115 15.107429 -1295.604083 -533.320051
22.050000 2.023877 15.105790 -1304.126073 -526.957121
22.100000 2.002732 15.630613 -1276.918930 -507.869978
22.150000 2.007790 16.067537 -1256.792313 -485.800879
22.200000 2.025003 14.880586 -1315.790242 -538.189062
22.250000 2.022775 15.399944 -1285.372578 -508.627019
22.300000 2.009312 14.904333 -1307.965989 -536.390001
22.350000 2.026701 15.084407 -1298.644534 -520.391293
22.400000 1.993957 14.217856 -1346.480612 -580.801286
22.450000 1.977946 14.797205 -1313.680504 -554.149331
22.500000 2.032799 8.521326 -1315.191417 -534.596569
22.550000 2.013625 8.150132 -1334.872872 -561.640841
22.600000 1.985186 8.625941 -1313.167182 -550.855805
22.650000 1.963512 9.174501 -1285.397589 -531.408937
22.700000 2.023909 9.460759 -1260.563042 -483.382068
22.750000 1.994073 9.093147 -1281.827114 -516.102968
22.800000 1.995691 8.866672 -1294.800359 -528.455156
22.850000 2.019937 8.692041 -1308.824565 -533.168827
22.900000 1.987909 8.854276 -1305.333210 -541.976341
22.950000 1.986940 9.433756 -1274.643493 -511.658585
23.000000 2.007639 9.148925 -1288.876671 -517.943308
23.050000 1.993343 9.225417 -1285.083073 -519.639173
23.100000 2.040824 9.403176 -1280.787217 -497.110780
23.150000 1.985700 9.159508 -1293.245905 -530.737242
23.200000 2.008564 8.899475 -1306.266721 -534.978204
23.250000 2.006491 8.444503 -1330.266916 -559.774232
23.300000 2.004354 8.208091 -1338.173503 -568.501405
23.350000 2.024622 7.929652 -1347.585802 -570.130860
23.400000 1.969421 8.159065 -1330.028730 -573.771142
23.450000 2.004569 8.562297 -1315.274697 -545.520218
23.500000 2.015334 8.114846 -1344.378473 -570.490293
23.550000 1.984831 8.922682 -1296.620194 -534.445129
23.600000 1.991900 8.644746 -1310.946597 -546.057069
23.650000 1.989522 8.913388 -1297.561748 -533.585464
23.700000 2.009108 8.116381 -1344.230980 -572.733489
23.750000 1.992796 9.036733 -1288.914672 -523.681016
23.800000 1.999327 9.170979 -1283.321335 -515.579604
23.850000 2.006381 8.939831 -1297.608523 -527.158373
23.900000 1.979789 9.114238 -1290.400938 -530.162048
23.950000 2.025041 9.057937 -1294.655067 -517.039430
24.000000 1.984889 9.362694 -1274.322600 -512.125063
24.050000 2.008062 9.675725 -1254.060953 -482.965220
24.100000 2.012178 8.709546 -1310.902101 -538.225825
24.150000 1.985459 8.888518 -1302.576507 -540.160432
24.200000 1.962617 10.033370 -1239.618372 -485.973560
24.250000 2.021322 10.157101 -1230.631387 -454.443567
24.300000 2.003742 8.694504 -1310.114566 -540.677526
24.350000 2.002720 9.644308 -1255.682770 -486.638239
24.400000 2.018320 9.423134 -1273.213675 -498.178805
24.450000 1.998340 9.562007 -1263.560310 -496.197922
24.500000 2.017339 9.101008 -1288.149003 -513.490724
24.550000 2.002198 8.513691 -1318.941620 -550.097719
24.600000 1.977226 9.134515 -1288.122568 -528.867886
24.650000 2.015827 8.686899 -1314.688590 -540.611206
24.700000 1.985390 8.578358 -1317.937897 -555.548013
24.750000 1.995412 10.159601 -1224.908158 -458.669829
24.800000 1.979111 10.007194 -1236.257121 -476.278530
24.850000 1.992056 9.044765 -1289.879053 -524.929709
24.900000 1.991803 8.859634 -1297.456676 -532.604419
24.950000 2.021553 8.466838 -1315.506106 -539.229624
25.000000 2.002147 7.693723 -1362.993556 -594.169270
25.050000 1.991835 8.606098 -1309.110753 -544.246142
25.100000 1.980391 9.087205 -1278.414190 -517.944080
25.150000 2.002050 9.074827 -1283.601974 -514.814599
25.200000 1.972587 9.264289 -1276.174699 -518.701258
25.250000 1.993085 9.348276 -1276.743807 -511.399139
25.300000 1.975849 9.404677 -1265.067564 -506.341678
25.350000 2.002441 9.011953 -1287.643115 -518.705865
25.400000 1.994191 9.481264 -1264.625211 -498.855808
25.450000 1.982045 9.703242 -1258.816251 -497.710899
25.500000 2.001149 9.954384 -1245.023787 -476.582380
25.550000 2.006791 9.387939 -1275.814953 -505.207257
25.600000 2.003344 9.646367 -1259.450319 -490.166245
25.650000 2.013842 9.049933 -1296.795207 -523.480048
25.700000 2.006622 9.171229 -1285.241845 -514.698834
25.750000 1.988527 8.650115 -1309.456897 -545.862421
25.800000 2.000122 8.817808 -1300.354377 -532.307674
25.850000 2.006906 9.629482 -1261.093290 -490.441221
25.900000 1.989168 9.473708 -1276.610901 -512.770513
25.950000 2.004555 9.879598 -1254.193191 -484.444151
26.000000 2.009173 9.402683 -1275.876278 -504.353962
26.050000 2.004525 8.688018 -1313.079710 -543.342277
26.100000 1.987304 8.316957 -1327.971060 -564.846398
26.150000 2.003059 8.745917 -1302.931708 -533.756994
26.200000 2.046710 9.250237 -1279.040928 -493.104271
26.250000 1.990448 8.984066 -1296.008364 -531.676194
26.300000 1.998842 8.754664 -1311.741943 -544.186454
26.350000 1.985326 9.785584 -1245.381083 -483.015713
26.400000 2.009108 8.158904 -1339.036904 -567.539605
26.450000 1.995474 8.534618 -1311.129675 -544.867512
26.500000 1.978836 8.585176 -1310.849421 -550.976327
26.550000 2.016970 8.165559 -1341.510724 -566.994124
26.600000 1.988311 9.044297 -1292.175638 -528.664374
26.650000 1.991207 9.594159 -1262.373951 -497.750610
26.700000 1.999517 9.901654 -1247.042723 -479.228255
26.750000 2.023274 9.154950 -1289.296720 -512.359591
26.800000 2.001996 8.645530 -1311.217664 -542.451139
26.850000 2.010211 8.831741 -1295.597985 -523.677122
26.900000 2.010107 8.885042 -1292.747861 -520.866735
26.950000 2.012665 9.143502 -1280.660587 -507.797128
27.000000 1.995355 9.565056 -1259.827515 -493.611138
27.050000 1.996205 9.421411 -1267.785063 -501.242199
27.100000 1.993562 9.433927 -1263.954961 -498.427071
27.150000 2.001056 8.903666 -1301.745362 -533.339973
27.200000 1.978493 9.035983 -1291.101415 -531.359943
27.250000 1.993649 8.778305 -1304.295517 -538.734310
27.300000 1.988702 8.753169 -1309.415813 -545.754394
27.350000 2.017533 8.519331 -1324.632332 -549.899720
27.400000 1.994124 9.110683 -1292.363316 -526.619834
27.450000 1.987395 9.502808 -1270.817773 -507.658084
27.500000 1.982944 10.028556 -1239.216291 -477.765637
27.550000 2.018724 9.721102 -1254.712975 -479.522905
27.600000 1.985942 9.633735 -1253.804128 -491.202293
27.650000 2.016179 7.966407 -1350.752043 -576.539482
27.700000 1.990328 9.196500 -1283.551676 -519.265787
27.750000 1.995286 9.007271 -1296.402958 -530.213169
27.800000 1.991929 9.163320 -1287.854592 -522.953729
27.850000 1.996725 9.197481 -1284.384115 -517.641751
27.900000 1.967729 8.696068 -1311.086750 -555.478685
27.950000 2.014256 8.634388 -1318.245228 -544.770804
28.000000 2.016189 9.191822 -1286.469990 -512.253332
28.050000 1.990595 9.527487 -1271.845057 -507.456661
28.100000 2.013798 10.076184 -1239.225026 -465.926773
28.150000 2.001282 8.752175 -1316.500225 -548.008115
28.200000 2.003182 9.412079 -1275.141745 -505.919795
28.250000 1.990847 9.149350 -1287.615090 -523.129653
28.300000 2.025761 9.536723 -1260.641085 -482.748799
28.350000 1.976647 9.573520 -1252.580669 -493.548174
28.400000 2.025355 8.889037 -1296.715837 -518.979643
28.450000 1.968309 8.556746 -1315.897788 -560.066949
28.500000 2.015693 9.336053 -1277.914397 -503.888389
28.550000 2.008821 9.118729 -1294.354348 -522.967264
28.600000 2.020033 9.417767 -1282.221274 -506.528481
28.650000 1.967962 9.849598 -1250.637317 -494.939930
28.700000 1.995554 9.194914 -1283.883325 -517.590582
28.750000 2.027439 8.607263 -1311.945821 -533.409285
28.800000 1.965701 8.608891 -1308.837699 -554.008481
28.850000 2.001082 9.513261 -1264.756043 -496.340431
28.900000 2.012180 8.931200 -1303.906521 -531.229316
28.950000 1.988712 9.409862 -1275.570467 -511.904975
29.000000 1.982029 9.758776 -1255.408452 -494.309498
29.050000 1.996793 9.444695 -1273.731535 -506.963117
29.100000 2.012281 8.787059 -1308.916716 -536.200910
29.150000 2.010231 9.643469 -1250.949628 -479.021098
29.200000 1.990558 8.831599 -1296.310029 -531.935652
29.250000 1.984360 9.559202 -1257.341411 -495.347311
29.300000 2.004461 9.153666 -1286.623646 -516.910775
29.350000 2.023602 9.570266 -1270.112752 -493.049599
29.400000 2.007440 9.426612 -1278.617838 -507.760787
29.450000 2.005844 9.584779 -1264.093982 -493.849998
29.500000 2.014026 9.029915 -1290.816113 -517.430295
29.550000 2.011406 8.484522 -1317.181019 -544.801263
29.600000 1.996068 8.841330 -1304.276770 -537.786645
29.650000 2.006942 9.772001 -1258.693442 -488.027601
29.700000 1.996652 9.471741 -1269.988317 -503.273790
29.750000 1.986493 8.655353 -1316.076856 -553.263731
29.800000 1.984987 8.981422 -1299.154040 -536.918965
29.850000 1.991891 9.244728 -1288.818772 -523.932490
29.900000 2.009072 9.666543 -1266.258091 -494.774405
29.950000 2.017812 8.538832 -1326.221730 -551.381862
30.000000 2.002389 4.583207 -1264.368596 -495.451408
30.050000 1.999501 4.841270 -1242.200310 -474.391773
30.100000 1.979652 5.271893 -1211.353082 -451.166666
30.150000 2.016706 6.182897 -1161.598115 -387.183062
30.200000 2.033977 5.455549 -1208.159870 -427.112541
30.250000 2.014288 4.794142 -1244.105498 -470.619066
30.300000 2.002675 4.451854 -1262.573382 -493.546132
30.350000 2.003037 4.349970 -1267.364289 -498.197915
30.400000 1.982545 5.000233 -1230.231708 -468.934301
30.450000 2.008354 4.749482 -1253.016549 -481.808680
30.500000 2.013260 5.178697 -1227.092547 -454.000560
30.550000 1.994073 5.738586 -1196.371212 -430.647048
30.600000 2.005870 6.073044 -1172.196883 -401.942745
30.650000 2.008061 5.449062 -1206.362655 -435.267206
30.700000 2.013279 5.293524 -1213.444648 -440.345658
30.750000 2.012341 4.444204 -1265.505271 -492.766297
30.800000 1.991963 4.562297 -1259.404262 -494.490624
30.850000 2.002823 4.955972 -1236.156645 -467.072482
30.900000 1.995743 5.170704 -1230.454387 -464.089011
30.950000 2.021611 5.618912 -1209.219516 -432.920755
31.000000 2.006305 5.197936 -1232.638196 -462.216900
31.050000 1.972968 5.820029 -1183.807781 -426.187884
31.100000 2.007151 5.815142 -1184.941874 -414.195995
31.150000 2.002824 5.295577 -1220.056469 -450.972006
31.200000 2.030548 4.769815 -1250.386503 -470.656158
31.250000 1.985119 4.884200 -1233.770540 -471.484777
31.300000 1.982213 5.230128 -1206.897082 -445.727394
31.350000 1.981611 5.160720 -1220.037498 -459.098682
31.400000 2.012817 5.193086 -1226.842402 -453.920795
31.450000 1.985387 5.616203 -1197.939389 -435.550854
31.500000 2.011996 5.323282 -1215.391051 -442.784713
31.550000 2.008887 4.477600 -1270.602393 -499.189685
31.600000 1.983573 5.374017 -1217.126447 -455.434240
31.650000 2.003556 5.973255 -1184.650834 -415.285184
31.700000 1.976291 5.863377 -1184.167171 -425.271239
31.750000 2.030366 5.464677 -1210.527263 -430.866809
31.800000 1.969715 5.988555 -1176.321498 -419.950751
31.850000 1.990660 6.400290 -1155.427147 -391.013812
31.900000 2.019697 6.339852 -1164.395224 -388.831653
31.950000 1.997117 5.660997 -1199.910421 -433.017405
32.000000 1.989511 5.892590 -1182.973912 -419.001528
32.050000 2.028884 5.394761 -1212.990340 -433.898755
32.100000 1.997721 5.857651 -1183.871803 -416.746895
32.150000 1.996890 5.083983 -1239.967391 -473.161499
32.200000 2.004260 4.675327 -1264.842724 -495.206953
32.250000 1.989563 5.695720 -1197.508694 -433.516421
32.300000 2.025716 5.120853 -1233.069107 -455.194229
32.350000 2.009944 3.975765 -1293.458459 -521.640021
32.400000 1.991373 4.556462 -1250.895550 -486.208216
32.450000 1.978759 4.939514 -1233.826606 -473.983092
32.500000 1.993781 5.573812 -1196.498840 -430.886781
32.550000 2.007013 5.631696 -1191.439194 -420.746082
32.600000 2.006192 4.834904 -1244.570757 -474.193142
32.650000 1.993550 5.072535 -1235.178942 -469.655865
32.700000 2.015573 5.746943 -1198.606600 -424.626617
32.750000 2.010560 6.229792 -1167.405979 -395.350864
32.800000 1.991918 5.819050 -1193.895049 -428.998533
32.850000 1.997179 5.595524 -1208.962393 -442.045631
32.900000 1.992358 6.462433 -1155.844857 -390.779352
32.950000 2.018882 5.986802 -1189.796875 -414.546131
33.000000 2.023789 6.063252 -1184.519193 -407.384305
33.050000 2.008609 6.180309 -1177.166549 -405.860819
33.100000 1.997761 5.243739 -1228.778934 -461.638575
33.150000 1.987180 5.062763 -1236.235481 -473.158280
33.200000 1.975679 5.133711 -1229.323377 -470.662661
33.250000 2.002163 5.283736 -1221.591569 -452.760812
33.300000 1.998990 5.364547 -1215.621960 -448.009729
33.350000 1.993540 5.739156 -1187.450426 -421.930959
33.400000 1.990098 5.682132 -1192.183323 -427.985514
33.450000 1.999903 5.927117 -1180.932004 -412.969311
33.500000 1.998182 6.018433 -1183.305690 -416.003820
33.550000 2.023814 5.482115 -1209.648521 -432.503957
33.600000 1.986434 5.483371 -1199.847607 -437.056772
33.650000 1.997557 5.146693 -1223.670693 -456.608802
33.700000 2.026256 5.252319 -1220.888775 -442.806639
33.750000 1.983993 5.976245 -1178.824190 -416.970924
33.800000 2.016476 6.149814 -1169.340473 -395.013775
33.850000 1.997157 5.798485 -1188.532822 -421.624711
33.900000 1.988044 5.358321 -1217.459231 -454.050392
33.950000 2.005630 4.777728 -1254.767813 -484.605863
34.000000 2.013326 5.513579 -1201.686069 -428.568837
34.050000 1.983031 4.949846 -1238.546937 -477.062922
34.100000 1.997834 5.000773 -1240.215183 -473.046779
34.150000 2.039374 5.809194 -1185.594960 -402.475426
34.200000 1.993463 5.041853 -1227.940717 -462.451053
34.250000 1.982859 5.091634 -1225.239532 -463.821825
34.300000 1.970993 4.903299 -1242.428717 -485.567246
34.350000 2.002046 5.069334 -1236.814415 -468.028905
34.400000 1.992639 4.855344 -1246.502640 -481.329339
34.450000 1.988398 5.130987 -1225.525941 -461.980987
34.500000 1.992795 5.679448 -1187.832391 -422.599288
34.550000 2.023423 5.372350 -1212.363909 -435.369344
34.600000 2.009547 4.678820 -1257.198672 -485.532706
34.650000 1.996179 5.341141 -1213.547529 -447.014701
34.700000 2.005045 4.960494 -1234.595831 -464.658492
34.750000 2.005373 4.721486 -1245.162184 -475.098790
34.800000 2.015820 4.708186 -1253.387292 -479.312251
34.850000 1.987509 5.738923 -1190.282577 -427.079149
34.900000 2.001289 5.107302 -1238.735284 -470.240145
34.950000 2.017686 5.265635 -1228.360154 -453.568732
35.000000 1.993173 5.624462 -1202.215259 -436.836863
35.050000 2.004295 5.076484 -1237.504774 -467.855345
35.100000 1.987102 5.065551 -1230.916826 -467.869635
35.150000 2.021242 4.883912 -1242.250027 -466.092930
35.200000 1.991541 5.065871 -1233.316477 -468.564789
35.250000 1.980413 6.063042 -1174.225295 -413.746879
35.300000 1.993684 5.838241 -1190.081000 -424.506533
35.350000 2.004761 5.298820 -1225.508839 -455.680581
35.400000 1.992221 4.938049 -1246.925032 -481.912026
35.450000 2.016968 5.035272 -1237.935679 -463.420082
35.500000 2.017640 4.831038 -1242.282001 -467.508104
35.550000 1.997064 4.853454 -1241.967610 -475.095139
35.600000 1.995512 5.627059 -1196.466892 -430.190172
35.650000 1.996546 5.299827 -1220.823668 -454.149814
35.700000 2.000446 5.869255 -1176.384972 -408.213783
35.750000 2.011642 4.951404 -1235.244719 -462.774317
35.800000 1.986678 5.517634 -1196.660837 -433.776446
35.850000 2.006230 5.159154 -1222.208883 -451.816447
35.900000 1.972160 6.100158 -1165.806535 -408.496999
35.950000 2.000503 5.614485 -1204.165292 -435.972083
36.000000 2.010855 5.801780 -1187.761511 -415.593160
36.050000 2.020045 5.297757 -1216.516392 -440.819056
36.100000 1.997265 5.077094 -1228.658069 -461.708155
36.150000 1.987785 5.452949 -1204.190546 -440.880973
36.200000 2.010073 5.885406 -1182.796925 -410.928865
36.250000 2.002939 6.565240 -1143.013899 -373.885148
36.300000 1.997525 5.680477 -1199.486929 -432.437359
36.350000 1.995964 4.816401 -1246.753479 -480.303251
36.400000 1.980847 4.884670 -1241.289796 -480.644641
36.450000 2.010646 5.311963 -1218.468538 -446.380297
36.500000 2.017765 5.018284 -1233.091392 -458.269469
36.550000 1.974272 5.381591 -1212.612183 -454.491860
36.600000 2.006424 5.820296 -1182.889539 -412.422735
36.650000 2.012064 5.054354 -1232.223777 -459.591284
36.700000 1.986985 5.194229 -1222.571540 -459.569367
36.750000 1.990618 5.733956 -1192.447527 -428.050273
36.800000 2.018722 5.452502 -1223.420715 -448.231652
36.850000 1.989167 5.715503 -1211.010865 -447.170929
36.900000 2.018554 6.615786 -1159.618482 -384.493823
36.950000 2.024726 6.132491 -1184.516461 -407.021822
37.000000 2.016872 4.988948 -1246.843326 -472.364446
37.050000 1.991717 5.073698 -1233.897372 -469.078042
37.100000 1.996457 5.034173 -1236.566240 -469.926919
37.150000 2.013570 5.300735 -1215.492356 -442.281509
37.200000 1.987182 4.482537 -1269.851627 -506.773904
37.250000 1.996505 5.616140 -1201.717018 -435.059055
37.300000 1.985490 6.206227 -1174.145903 -411.717680
37.350000 2.020095 5.809813 -1197.505874 -421.789354
37.400000 2.010778 5.782721 -1202.675120 -430.536451
37.450000 1.980743 5.919189 -1197.608492 -437.003302
37.500000 2.008783 2.812505 -1114.221160 -342.848310
37.550000 1.991950 2.849278 -1111.059434 -346.150605
37.600000 1.989479 3.159699 -1098.609384 -334.649600
37.650000 2.008340 3.254705 -1096.207489 -325.004746
37.700000 2.001555 3.850877 -1046.270384 -277.673167
37.750000 2.012642 3.481140 -1068.831080 -295.976724
37.800000 2.024587 2.836841 -1111.239001 -333.797481
37.850000 1.998435 2.548591 -1134.003475 -366.604321
37.900000 1.994385 3.644767 -1058.754483 -292.910693
37.950000 1.990189 3.151393 -1105.938317 -341.705738
38.000000 2.002749 3.514150 -1085.897410 -316.841929
38.050000 2.012700 3.160708 -1116.539369 -343.662726
38.100000 2.005305 2.807283 -1140.763389 -370.726258
38.150000 1.986938 3.424158 -1087.588670 -324.604366
38.200000 1.989719 3.045092 -1111.692823 -347.640817
38.250000 1.996877 3.401697 -1086.338937 -319.537984
38.300000 2.000751 3.203629 -1098.566562 -330.278326
38.350000 2.014357 2.711491 -1126.800632 -353.287352
38.400000 1.992718 2.646643 -1126.804156 -361.600465
38.450000 2.005381 2.429289 -1133.236661 -363.170357
38.500000 1.998869 2.653404 -1110.934511 -343.368894
38.550000 1.995861 2.440573 -1132.845601 -366.434943
38.600000 1.999394 3.012348 -1094.278501 -326.511116
38.650000 2.010989 2.478670 -1137.301819 -365.082201
38.700000 1.992359 3.348123 -1073.102349 -308.036448
38.750000 2.000651 2.924105 -1103.775876 -335.525748
38.800000 1.983805 2.823149 -1107.219915 -345.438605
38.850000 1.994735 2.460263 -1137.537608 -371.559181
38.900000 1.989281 3.133526 -1090.329705 -326.445808
38.950000 1.996138 2.870026 -1110.116247 -343.599383
39.000000 2.011896 3.416064 -1072.313541 -299.745578
39.050000 2.016005 2.685757 -1126.355799 -352.209873
39.100000 1.989370 3.240975 -1086.288120 -322.370204
39.150000 2.028419 3.348549 -1084.329969 -305.417015
39.200000 1.977298 2.639033 -1140.050827 -380.768478
39.250000 1.993809 3.304035 -1098.581177 -332.958655
39.300000 2.007026 3.557158 -1080.655505 -309.957405
39.350000 1.999764 3.467628 -1079.876630 -311.967313
39.400000 2.015880 2.743966 -1124.040561 -349.942692
39.450000 2.002858 2.589981 -1129.778816 -360.681221
39.500000 2.005453 3.010515 -1092.073520 -321.979534
39.550000 2.012600 2.814126 -1104.958685 -332.120231
39.600000 1.955593 3.472508 -1064.921835 -313.974247
39.650000 2.015729 3.369082 -1074.187103 -300.147187
39.700000 2.014539 2.573760 -1128.974201 -355.391257
39.750000 1.995278 2.784007 -1110.390267 -344.203373
39.800000 2.003304 2.687168 -1119.171818 -349.903177
39.850000 1.993344 2.738991 -1116.714655 -351.270486
39.900000 2.016005 3.188610 -1087.317376 -313.171456
39.950000 1.994885 2.997443 -1098.137305 -332.101604
40.000000 1.990473 2.696542 -1118.675080 -354.333297
40.050000 1.987750 2.896274 -1103.824741 -340.528663
40.100000 2.002600 3.121793 -1092.719212 -323.720876
40.150000 2.002179 3.211268 -1082.030283 -313.193416
40.200000 1.985813 2.397331 -1136.854608 -374.302310
40.250000 1.998322 2.798291 -1109.627986 -342.272150
40.300000 2.015053 3.067402 -1086.095596 -312.315273
40.350000 1.993391 2.519546 -1123.759292 -358.297189
40.400000 1.996493 2.376328 -1134.855944 -368.202568
40.450000 1.985079 3.119531 -1094.023041 -331.752592
40.500000 2.017144 3.411148 -1086.509036 -311.925552
40.550000 1.998990 3.340966 -1092.468461 -324.856458
40.600000 2.014428 2.827493 -1129.768608 -356.228320
40.650000 2.009549 2.651441 -1132.003419 -360.336769
40.700000 1.994787 2.707093 -1125.481595 -359.483353
40.750000 2.008241 2.265743 -1157.688170 -386.523691
40.800000 1.970564 2.871898 -1106.282836 -349.586269
40.850000 1.999605 2.841169 -1109.748294 -341.900084
40.900000 1.994886 2.450051 -1138.058241 -372.022195
40.950000 1.998669 3.041443 -1097.288964 -329.800054
41.000000 2.006982 2.896954 -1111.565234 -340.884313
41.050000 1.990772 2.608873 -1125.070703 -360.614291
41.100000 2.003395 2.856888 -1104.638715 -335.335000
41.150000 2.004947 2.562435 -1126.390765 -356.491002
41.200000 1.975292 3.003374 -1098.330552 -339.818413
41.250000 2.001381 3.883607 -1048.444416 -279.913970
41.300000 1.999645 3.756292 -1062.225095 -294.361356
41.350000 2.002799 3.373356 -1091.451187 -322.376377
41.400000 2.000363 3.466909 -1085.493734 -317.354343
41.450000 2.011404 2.986154 -1111.515023 -339.135962
41.500000 1.984435 2.978994 -1113.359520 -351.336587
41.550000 2.012520 3.539722 -1064.271210 -291.463400
41.600000 2.000536 2.549993 -1129.938525 -361.732650
41.650000 1.986771 3.336890 -1075.397174 -312.476932
41.700000 2.007611 3.503858 -1073.148676 -302.225994
41.750000 1.996792 3.631265 -1062.910115 -296.142102
41.800000 2.020645 3.089269 -1099.758608 -323.830966
41.850000 1.995589 2.579399 -1125.301485 -358.995242
41.900000 1.998018 2.458203 -1134.233222 -366.994152
41.950000 1.983788 3.029913 -1103.208115 -341.433587
42.000000 2.022109 3.419513 -1079.313759 -302.824035
42.050000 1.999389 2.898724 -1122.816111 -355.050593
42.100000 2.008666 2.951010 -1120.217711 -348.889989
42.150000 1.991831 3.043972 -1110.047640 -345.184384
42.200000 2.002142 2.812758 -1125.098366 -356.275860
42.250000 2.003238 3.584182 -1068.211252 -298.967857
42.300000 2.006879 2.995994 -1107.040646 -336.399190
42.350000 1.984579 2.890856 -1108.247524 -346.169153
42.400000 2.021392 2.997684 -1101.474905 -325.260290
42.450000 2.004007 2.845536 -1110.999733 -341.461140
42.500000 1.996232 2.805262 -1112.402754 -345.849509
42.550000 2.003370 2.452914 -1138.865982 -369.571732
42.600000 2.000625 2.673985 -1122.005840 -353.765984
42.650000 2.021239 2.694402 -1117.137582 -340.981769
42.700000 1.983666 2.221402 -1144.458620 -382.730881
42.750000 2.015265 2.820260 -1104.046906 -330.185050
42.800000 1.997124 2.341999 -1137.429759 -370.534324
42.850000 1.998999 2.258360 -1140.466882 -372.851418
42.900000 1.983570 2.632002 -1118.918921 -357.228175
42.950000 1.983011 3.420395 -1074.454011 -312.977671
43.000000 2.002904 3.320718 -1086.007292 -316.892021
43.050000 1.995635 3.196288 -1081.702364 -315.378515
43.100000 1.984419 3.160511 -1086.213760 -324.196944
43.150000 1.989876 3.651609 -1059.802860 -295.690472
43.200000 2.003532 3.037996 -1104.658403 -335.302081
43.250000 1.998921 2.653090 -1126.564883 -358.979277
43.300000 2.012482 2.158944 -1162.167965 -389.374804
43.350000 1.991339 3.452273 -1066.927547 -302.253209
43.400000 2.009543 2.457390 -1140.096198 -368.431640
43.450000 1.985370 3.283620 -1076.178207 -313.796283
43.500000 1.989512 3.475230 -1066.934636 -302.961871
43.550000 2.006452 2.952028 -1100.749390 -330.271817
43.600000 1.981411 2.765778 -1111.004007 -350.142107
43.650000 2.008626 2.544851 -1130.039693 -358.727282
43.700000 2.001797 2.811428 -1112.689054 -343.999180
43.750000 1.985765 3.225881 -1091.801662 -329.268082
43.800000 1.987911 3.931628 -1049.824555 -286.466765
43.850000 2.007250 3.230122 -1102.978368 -332.194220
43.900000 1.993948 3.135739 -1105.266818 -339.590904
43.950000 1.980506 3.256149 -1096.878170 -336.363757
44.000000 1.993538 3.849598 -1055.134923 -289.616345
44.050000 1.993975 3.867182 -1054.505530 -288.819097
44.100000 1.991507 3.330064 -1089.775269 -325.036596
44.150000 2.003168 2.910274 -1112.213171 -342.996791
44.200000 2.002726 3.031147 -1105.887236 -336.840296
44.250000 2.001351 2.955621 -1114.267734 -345.748975
44.300000 2.011366 2.927562 -1119.017127 -346.652604
44.350000 2.004039 3.147634 -1106.653265 -337.102426
44.400000 2.003458 3.390992 -1082.650994 -313.322949
44.450000 2.017363 2.970038 -1109.488570 -334.821214
44.500000 1.978450 2.724973 -1125.274054 -365.549273
44.550000 1.999885 3.544787 -1064.885847 -296.930082
44.600000 1.984180 2.672733 -1122.339144 -360.414097
44.650000 1.994659 3.123353 -1086.019251 -320.070277
44.700000 1.995222 3.157751 -1089.691103 -323.525795
44.750000 2.018547 3.030399 -1099.414580 -324.292487
44.800000 2.005141 2.587315 -1124.748370 -354.774182
44.850000 2.004425 2.566542 -1122.968163 -353.268946
44.900000 1.972364 2.929586 -1095.399154 -338.011211
44.950000 2.003259 2.735957 -1106.998979 -337.747698
45.000000 1.994529 2.067729 -926.305710 -160.406673
45.050000 2.011045 1.574010 -970.545046 -198.303814
45.100000 1.988348 1.774305 -955.657174 -192.131527
45.150000 1.988401 2.203238 -928.074832 -164.529013
45.200000 2.014752 2.303413 -925.224086 -151.559386
45.250000 2.015426 1.724851 -973.801730 -199.878287
45.300000 1.992872 2.056462 -940.823501 -175.560682
45.350000 2.002995 1.928565 -945.319657 -176.169628
45.400000 1.998206 1.653151 -960.488827 -193.177658
45.450000 2.020381 1.499402 -970.893478 -195.067339
45.500000 2.002430 1.567428 -963.087040 -194.153830
45.550000 1.990002 1.669332 -962.120097 -197.959462
45.600000 1.997663 1.831653 -954.529465 -187.426874
45.650000 1.996008 1.989181 -942.306635 -175.839548
45.700000 1.976942 2.250279 -913.549420 -154.403733
45.750000 2.007376 1.392310 -979.021237 -208.188769
45.800000 1.996640 1.292858 -986.184939 -219.475005
45.850000 1.991393 1.581012 -964.165235 -199.470462
45.900000 2.009080 1.351831 -985.808911 -214.322048
45.950000 1.997781 1.206189 -1003.375530 -236.227598
46.000000 2.003890 1.630040 -973.569033 -204.075155
46.050000 2.007905 1.693863 -976.480922 -205.445453
46.100000 1.998577 1.585557 -992.589980 -225.136339
46.150000 2.005846 1.879138 -975.252490 -205.007494
46.200000 1.992861 1.913387 -970.833200 -205.574426
46.250000 1.987674 2.040959 -952.800473 -189.533610
46.300000 2.005548 1.865810 -967.214334 -197.083905
46.350000 2.003183 1.682893 -980.118330 -210.896193
46.400000 1.992357 2.019912 -951.068385 -186.003162
46.450000 2.013029 1.690654 -978.336042 -205.332975
46.500000 1.977505 2.332277 -922.090886 -162.728849
46.550000 2.018815 2.333252 -923.071860 -147.847065
46.600000 1.998415 1.694243 -968.457208 -201.065990
46.650000 1.984014 2.131821 -930.034632 -168.173172
46.700000 2.024743 2.158931 -940.314628 -162.813310
46.750000 2.004018 1.987584 -955.740243 -186.197285
46.800000 2.008864 1.871050 -961.004641 -189.600725
46.850000 2.004344 1.891913 -954.102036 -184.433838
46.900000 2.012316 1.726018 -962.536633 -189.807337
46.950000 1.984361 1.792752 -948.128275 -186.133519
47.000000 1.995942 1.756251 -946.920241 -180.478470
47.050000 1.990753 0.878329 -1020.423784 -255.974807
47.100000 2.012505 1.709131 -955.047217 -182.245434
47.150000 1.996531 1.369347 -986.751424 -220.083574
47.200000 1.999098 1.875308 -941.500381 -173.846891
47.250000 2.012685 1.374606 -985.866940 -212.995901
47.300000 1.991973 1.530341 -971.388983 -206.471448
47.350000 1.997474 1.305372 -988.352026 -221.322085
47.400000 1.996329 1.518419 -965.507536 -198.917205
47.450000 1.994675 1.391087 -979.821228 -213.866148
47.500000 2.005844 1.451369 -981.198081 -210.954064
47.550000 1.993814 1.918041 -945.251940 -179.627259
47.600000 1.996879 1.610848 -972.920882 -206.119255
47.650000 2.004009 1.509199 -986.377566 -216.838012
47.700000 1.996903 1.779453 -974.194835 -207.384051
47.750000 2.002523 1.935224 -966.664164 -197.695375
47.800000 2.009105 1.921059 -959.627357 -188.130923
47.850000 1.997982 1.534063 -979.987489 -212.762380
47.900000 1.991147 1.637034 -971.138241 -206.537689
47.950000 2.006055 1.974161 -950.835667 -180.510675
48.000000 1.996735 1.726736 -977.619846 -210.873576
48.050000 2.002724 2.043991 -954.287593 -185.241406
48.100000 1.984536 2.404023 -919.932702 -157.870841
48.150000 1.997622 2.198667 -933.544104 -166.457424
48.200000 1.998100 1.874350 -951.014995 -183.744764
48.250000 2.009770 1.471545 -982.365701 -210.613858
48.300000 1.991356 1.595625 -970.363232 -205.682636
48.350000 2.006371 1.597041 -974.800631 -204.354038
48.400000 1.983835 1.583733 -979.626785 -217.834329
48.450000 2.007547 1.510057 -987.744973 -216.846781
48.500000 1.997296 1.403998 -995.941994 -228.980510
48.550000 1.989269 1.871829 -960.242617 -196.363485
48.600000 1.998199 2.123894 -946.201056 -178.892492
48.650000 2.010833 2.000947 -958.790594 -186.630898
48.700000 1.994128 2.053189 -958.509352 -192.764345
48.750000 2.011087 2.016482 -958.137126 -185.879636
48.800000 1.981762 1.814732 -968.737098 -207.740610
48.850000 2.006253 2.222738 -926.028448 -155.627196
48.900000 2.005342 1.474083 -980.249081 -210.197759
48.950000 2.001826 1.769717 -953.398161 -184.696956
49.000000 2.003817 1.744138 -953.018069 -183.552215
49.050000 2.010370 1.435027 -980.266718 -208.284546
49.100000 1.992971 1.764451 -955.474391 -190.173407
49.150000 2.015159 1.489539 -978.247267 -204.426372
49.200000 1.988965 1.817073 -949.221369 -185.458632
49.250000 2.003236 1.564997 -977.348631 -208.106029
49.300000 2.003122 1.655821 -971.809175 -202.610156
49.350000 1.999642 1.685653 -969.579092 -201.716652
49.400000 1.989588 1.882651 -954.673905 -190.672005
49.450000 1.990205 2.090942 -942.831001 -178.592297
49.500000 1.994265 1.974059 -950.931802 -185.134060
49.550000 2.025924 1.934754 -950.770759 -172.816063
49.600000 2.002257 2.039798 -940.434329 -171.567597
49.650000 2.004906 1.730078 -962.530857 -192.646861
49.700000 2.005523 1.879857 -940.857983 -170.737031
49.750000 2.000065 1.483142 -971.136525 -203.111442
49.800000 1.998972 1.733076 -950.318566 -182.713441
49.850000 2.003921 1.732660 -950.096041 -180.590509
49.900000 1.990683 1.395209 -982.441042 -218.018747
49.950000 1.990837 2.168134 -922.285411 -157.803920
50.000000 2.024363 2.172377 -917.552767 -140.197347
50.050000 1.990620 1.885644 -935.332041 -170.933854
50.100000 2.001770 1.388138 -975.592921 -206.913346
50.150000 2.023804 1.735034 -939.914857 -162.774084
50.200000 1.988754 1.401616 -968.758582 -205.077169
50.250000 2.013253 1.680990 -953.444694 -180.355398
50.300000 2.009196 1.876077 -941.528050 -169.996923
50.350000 2.006634 1.412082 -979.826511 -209.278957
50.400000 2.008008 1.478293 -970.232827 -199.157634
50.450000 1.975044 1.607865 -954.674280 -196.257292
50.500000 2.021600 1.618111 -955.784334 -179.489844
50.550000 2.009258 1.205340 -984.806982 -213.252098
50.600000 1.991150 1.359333 -972.004267 -207.402714
50.650000 1.995682 1.645816 -957.518357 -191.176344
50.700000 2.000332 2.017597 -929.920033 -161.792361
50.750000 2.007879 1.832947 -948.457563 -177.432118
50.800000 1.998663 1.535374 -973.813650 -206.326964
50.850000 2.001573 1.761096 -956.332970 -187.728783
50.900000 1.991660 1.958477 -940.995441 -176.198120
50.950000 1.995148 2.152943 -925.480523 -159.343600
51.000000 2.004771 1.913157 -948.654100 -178.821998
51.050000 1.994369 1.750432 -956.406566 -190.568769
51.100000 2.005148 1.688060 -957.254809 -187.278013
51.150000 1.981027 1.884417 -941.330474 -180.615916
51.200000 2.013663 1.916658 -941.200659 -167.954057
51.250000 1.995060 1.704055 -960.819577 -194.716440
51.300000 1.996374 1.879239 -950.084910 -183.477412
51.350000 1.996227 1.587158 -976.510617 -209.959316
51.400000 2.007467 1.865731 -954.888873 -184.021487
51.450000 2.016931 1.795068 -962.860886 -188.359276
51.500000 2.003377 2.302433 -925.357597 -156.060775
51.550000 2.002974 2.128791 -945.288977 -176.146930
51.600000 1.995328 1.890838 -963.324541 -197.118684
51.650000 1.990295 2.094072 -950.451295 -186.177950
51.700000 1.997038 2.806755 -891.687194 -124.824736
51.750000 2.005725 1.819431 -966.374469 -196.175888
51.800000 2.002396 1.682221 -961.194288 -192.274412
51.850000 2.013820 1.158473 -997.149572 -223.842645
51.900000 1.987375 1.754891 -947.399647 -184.247630
51.950000 2.011301 1.816925 -953.119913 -180.780191
52.000000 2.005664 1.435754 -987.777275 -217.602305
52.050000 2.015124 1.542499 -980.592522 -206.784787
52.100000 1.994540 2.007863 -948.610793 -182.707557
52.150000 2.004572 2.238404 -929.950826 -160.195173
52.200000 2.031868 1.524995 -978.218337 -197.980939
52.250000 1.997125 1.232186 -994.283287 -227.387311
52.300000 1.996782 1.489235 -977.494441 -210.729971
52.350000 2.004843 1.854246 -950.247277 -180.387478
52.400000 1.993775 1.598609 -977.548910 -211.939269
52.450000 1.991494 2.184380 -929.628378 -164.894550
52.500000 1.979933 0.839772 -814.761260 -54.467109
52.550000 2.006571 1.004623 -807.468314 -36.944958
52.600000 1.988308 1.080371 -803.817480 -40.307161
52.650000 2.001623 1.078484 -808.499327 -39.876237
52.700000 2.008686 1.258721 -798.474830 -27.139256
52.750000 2.000125 1.308696 -794.241898 -26.193991
52.800000 2.005195 0.996384 -820.969632 -50.974778
52.850000 2.010962 0.940650 -819.049256 -46.839773
52.900000 1.984432 1.114886 -793.651581 -31.629855
52.950000 2.005809 0.923130 -810.249703 -40.018985
53.000000 2.000795 0.888640 -807.321317 -39.016159
53.050000 2.005757 0.473687 -843.337426 -73.126891
53.100000 1.992733 1.060487 -786.575663 -21.366221
53.150000 2.001937 1.150164 -784.305839 -15.562118
53.200000 2.006165 1.121903 -789.797052 -19.429565
53.250000 2.003199 1.049372 -802.225837 -32.997472
53.300000 1.984801 0.927233 -827.705949 -65.542463
53.350000 2.014314 1.560805 -774.733818 -1.237277
53.400000 1.998854 1.313756 -799.002290 -31.442325
53.450000 1.993975 1.224458 -803.876932 -38.190436
53.500000 2.018990 1.129424 -804.348035 -29.056005
53.550000 1.983617 1.037703 -804.573338 -42.864466
53.600000 1.999379 0.933497 -816.929139 -49.167675
53.650000 1.989042 1.098137 -803.554654 -39.762572
53.700000 2.010024 1.134823 -806.069047 -34.219908
53.750000 1.983882 1.194119 -804.741544 -42.930950
53.800000 1.997984 1.602378 -773.974611 -6.748910
53.850000 2.003882 1.441467 -795.610581 -26.119787
53.900000 1.987295 1.390974 -802.156654 -39.035331
53.950000 2.006915 1.314219 -808.682256 -38.026897
54.000000 1.993038 1.058380 -825.791298 -60.464736
54.050000 1.991225 1.219129 -805.912308 -41.281913
54.100000 1.999283 1.161959 -812.174475 -44.449962
54.150000 2.009670 1.305304 -797.250028 -25.536564
54.200000 2.008652 0.989906 -830.806585 -59.484095
54.250000 1.991512 1.141626 -818.920867 -54.180119
54.300000 1.997183 1.294220 -806.004095 -39.085889
54.350000 2.009373 1.068287 -823.426097 -51.826798
54.400000 1.988910 1.140258 -809.511619 -45.770167
54.450000 2.007149 1.088932 -811.740341 -40.994976
54.500000 1.996968 0.891431 -825.712399 -58.876603
54.550000 1.991998 1.480268 -759.357718 5.569604
54.600000 1.997604 0.775721 -835.971853 -68.892097
54.650000 1.994678 1.043240 -812.148195 -46.191932
54.700000 2.007876 1.103713 -807.757908 -36.733629
54.750000 1.998586 1.135805 -802.495935 -35.038928
54.800000 1.985645 1.224502 -794.774325 -32.286522
54.850000 2.006286 1.171623 -801.581124 -31.167269
54.900000 2.013573 0.958738 -819.495108 -46.283116
54.950000 1.998460 0.951270 -822.454022 -55.045544
55.000000 1.982343 1.358971 -786.476768 -25.257180
55.050000 1.997374 1.118990 -810.809062 -43.817427
55.100000 2.008712 1.129149 -806.474641 -35.129199
55.150000 1.976867 1.100196 -806.269872 -47.152830
55.200000 2.021032 0.827106 -831.533457 -55.457259
55.250000 1.991579 0.662170 -842.981807 -78.215500
55.300000 2.007017 0.960391 -815.189416 -44.495001
55.350000 2.001439 1.159653 -793.300254 -24.747563
55.400000 2.001742 1.050066 -804.262461 -35.593638
55.450000 1.994277 1.011676 -808.326716 -42.524445
55.500000 1.997031 1.122258 -799.851568 -32.991771
55.550000 1.999901 1.076537 -807.156564 -39.194446
55.600000 1.986966 1.206239 -791.705799 -28.710967
55.650000 2.014689 1.298631 -784.424619 -10.784110
55.700000 1.988586 1.049036 -806.275338 -42.658211
55.750000 2.015256 1.046697 -798.469119 -24.610999
55.800000 1.989290 1.055465 -789.943024 -26.055651
55.850000 2.006534 1.094179 -788.633515 -18.124381
55.900000 2.006019 1.098928 -788.172235 -17.860920
55.950000 1.994880 1.138275 -779.690756 -13.656949
56.000000 2.013346 0.895967 -803.766458 -30.641518
56.050000 1.994257 0.803073 -810.924899 -45.130308
56.100000 2.003338 0.717186 -820.479009 -51.197347
56.150000 1.988471 1.105645 -788.153581 -24.580727
56.200000 2.006668 1.389228 -763.873627 6.686980
56.250000 2.003272 1.177018 -784.874538 -15.618082
56.300000 2.001720 0.766883 -830.609674 -61.949311
56.350000 1.986464 1.406444 -772.451555 -9.649246
56.400000 2.004432 1.301534 -787.697479 -17.995504
56.450000 2.001331 1.196876 -791.970235 -23.459122
56.500000 2.001412 0.949682 -810.074875 -41.532670
56.550000 2.001169 0.934568 -810.028639 -41.579708
56.600000 2.001375 0.896108 -810.723712 -42.195690
56.650000 1.985503 0.697229 -830.469969 -68.036959
56.700000 2.010859 1.406009 -763.047165 9.122810
56.750000 1.986982 1.235749 -776.834260 -13.833174
56.800000 2.004938 1.003545 -797.440606 -27.544383
56.850000 1.987249 1.031560 -794.291981 -31.188416
56.900000 2.002277 0.946611 -809.555326 -40.680773
56.950000 1.984582 1.262061 -786.327182 -24.247522
57.000000 2.021153 1.288441 -789.936447 -13.813881
57.050000 1.995720 1.410392 -775.682432 -9.325962
57.100000 2.010952 1.483763 -766.970195 5.235372
57.150000 1.993075 1.027915 -811.740347 -46.399671
57.200000 2.015257 1.071101 -801.481979 -27.623260
57.250000 1.989803 0.774596 -832.703839 -68.619643
57.300000 1.994582 1.382064 -777.151382 -11.232027
57.350000 2.004033 0.904068 -824.433880 -54.885026
57.400000 2.004693 0.989747 -812.501437 -42.699269
57.450000 1.997596 0.991012 -809.241409 -42.164598
57.500000 2.011787 0.936189 -819.515912 -46.989815
57.550000 1.992650 1.271648 -790.157281 -24.979698
57.600000 1.987085 1.456296 -775.380938 -12.340252
57.650000 2.004566 1.260661 -790.355846 -20.602416
57.700000 2.004832 0.993870 -807.592715 -37.737388
57.750000 1.995021 0.788376 -826.223979 -60.136005
57.800000 1.991440 1.067965 -803.800524 -39.087693
57.850000 1.998790 1.120514 -805.329837 -37.794402
57.900000 2.018563 1.070800 -810.542748 -35.414654
57.950000 2.003666 1.015078 -814.364316 -44.956612
58.000000 2.013053 0.907298 -829.791831 -56.779313
58.050000 1.992995 1.240056 -802.873637 -37.563508
58.100000 2.005031 1.402066 -789.823668 -19.891602
58.150000 2.014705 0.958129 -828.105557 -54.458963
58.200000 1.988465 0.879725 -826.093455 -62.522846
58.250000 2.010279 0.854168 -830.407332 -58.460340
58.300000 1.984838 1.125984 -806.579295 -44.401400
58.350000 1.985333 1.393855 -787.486323 -25.118418
58.400000 1.992914 1.319256 -789.838546 -24.559479
58.450000 1.994811 1.058094 -809.585588 -43.578308
58.500000 2.008378 1.066587 -807.632403 -36.415173
58.550000 1.999586 1.081547 -804.118462 -36.277503
58.600000 1.994379 1.103896 -802.586306 -36.744846
58.650000 1.998278 0.969640 -814.452425 -47.113727
58.700000 2.001367 0.896649 -817.178223 -48.653113
58.750000 2.004985 0.898856 -812.097863 -42.183745
58.800000 2.001503 0.827736 -816.789986 -48.212829
58.850000 2.003456 0.777189 -822.822625 -53.495416
58.900000 1.992073 1.027754 -799.564429 -34.608318
58.950000 2.007135 1.019246 -802.058020 -31.318239
59.000000 1.990893 0.884969 -815.843690 -51.340872
59.050000 2.023704 1.186165 -788.216308 -11.114084
59.100000 1.986215 0.845659 -820.725609 -58.018926
59.150000 2.009015 1.183542 -790.551670 -19.089741
59.200000 2.017542 1.264556 -789.540395 -14.804263
59.250000 2.005585 0.919213 -827.908467 -57.763842
59.300000 2.012270 1.356503 -785.598808 -12.887095
59.350000 2.010150 1.028592 -817.560589 -45.662927
59.400000 2.003485 0.719970 -845.490302 -76.152195
59.450000 1.992029 0.971619 -820.788592 -55.849542
59.500000 1.994308 1.237046 -798.981436 -33.167178
59.550000 2.003289 1.266062 -799.359110 -30.096114
59.600000 2.008450 1.043691 -818.777760 -47.533043
59.650000 1.991261 1.097471 -806.652945 -42.008857
59.700000 1.996188 1.058797 -811.085530 -44.549498
59.750000 1.996919 1.346380 -781.542618 -14.725699
59.800000 2.006973 0.927141 -816.235338 -45.557598
59.850000 1.985177 1.152376 -787.681416 -25.373298
59.900000 2.005783 1.142463 -788.922754 -18.702224
59.950000 2.010580 0.940064 -807.291461 -35.228640
60.000000 2.015876 1.096302 -605.911982 168.184271
60.050000 2.003770 0.674607 -656.535537 112.912203
60.100000 2.007116 0.711828 -646.956846 123.775673
60.150000 1.983594 0.785907 -633.129259 128.570985
60.200000 1.998672 0.806532 -631.731268 135.758605
60.250000 2.001110 0.787955 -627.706681 140.719681
60.300000 1.997365 0.504776 -655.948385 111.039586
60.350000 1.997930 0.547643 -651.870699 115.334427
60.400000 1.998564 0.518790 -658.258588 109.189923
60.450000 2.005212 0.535380 -653.637909 116.363536
60.500000 1.993446 0.479105 -666.076406 99.407020
60.550000 2.000274 0.835061 -631.927882 136.177151
60.600000 2.005511 0.883592 -626.441098 143.675265
60.650000 1.993937 0.668679 -648.575352 117.096579
60.700000 2.011545 0.480960 -670.200872 102.232240
60.750000 1.996193 0.482366 -670.667056 95.870942
60.800000 2.010688 0.654754 -649.830241 122.273822
60.850000 1.997789 0.428747 -676.954084 90.197063
60.900000 1.990797 0.673369 -645.685405 118.780470
60.950000 2.007894 0.588590 -656.456719 114.574574
61.000000 2.003164 0.503507 -667.555337 101.659574
61.050000 1.993981 0.636692 -659.892331 105.796214
61.100000 2.012963 0.964548 -624.326287 148.651546
61.150000 2.004471 0.618726 -661.029536 108.687181
61.200000 1.999224 0.610369 -656.042233 111.659834
61.250000 2.004003 0.660977 -649.044548 120.492467
61.300000 1.993566 0.679255 -645.381657 120.147566
61.350000 2.011578 0.682779 -637.235945 135.209898
61.400000 2.001356 0.444211 -657.005010 111.515567
61.450000 1.993292 0.433745 -660.887370 104.536605
61.500000 2.006107 0.759668 -627.629476 142.715707
61.550000 2.000462 0.553828 -653.137906 115.039476
61.600000 1.983597 0.726688 -629.486510 132.214767
61.650000 2.005788 0.606016 -642.375331 127.847258
61.700000 2.003002 0.581966 -640.325453 128.827259
61.750000 2.007256 0.719595 -621.180684 149.605595
61.800000 2.002135 0.598864 -638.454621 130.365136
61.850000 1.996604 0.786465 -617.461446 149.234339
61.900000 2.006625 0.617800 -639.926219 130.617952
61.950000 1.996838 0.685721 -629.075767 137.709898
62.000000 2.007162 0.595808 -642.775398 127.974961
62.050000 1.994660 0.724917 -628.042402 137.907105
62.100000 2.001345 0.807669 -620.650301 147.866285
62.150000 1.999856 0.734869 -628.173056 139.771470
62.200000 1.992363 0.684998 -630.893934 134.173406
62.250000 1.997293 0.658129 -634.512664 132.447834
62.300000 2.007217 0.643401 -638.415058 132.356186
62.350000 1.995938 0.643309 -643.008604 123.431495
62.400000 1.995225 0.866566 -616.673136 149.493365
62.450000 1.996495 0.759789 -627.093226 139.560992
62.500000 2.011295 0.508336 -654.457241 117.879960
62.550000 1.997648 0.472730 -656.293077 110.803665
62.600000 2.003937 0.688676 -633.545125 135.966794
62.650000 1.999569 0.661600 -650.263556 117.570831
62.700000 2.001160 0.635891 -660.887132 107.558150
62.750000 1.989041 0.894368 -627.862991 135.928759
62.800000 2.005680 0.977022 -613.076057 157.105213
62.850000 2.003095 0.748562 -633.364335 135.823996
62.900000 2.015124 0.433629 -666.753932 107.053602
62.950000 1.985193 0.572183 -653.798088 108.515957
63.000000 1.998485 0.857786 -634.426417 132.991992
63.050000 2.004940 0.831775 -647.780359 122.116456
63.100000 1.987626 0.990951 -631.508728 131.739598
63.150000 1.998770 0.846836 -654.963752 112.563940
63.200000 2.009579 0.833625 -650.255519 121.422955
63.250000 1.997584 0.732008 -650.486004 116.586390
63.300000 2.003399 0.778484 -636.969854 132.335218
63.350000 2.000011 0.555778 -664.502524 103.501742
63.400000 1.995400 0.832294 -631.158067 135.075355
63.450000 1.994171 0.700162 -657.191420 108.570278
63.500000 1.997994 0.816473 -650.304931 116.924833
63.550000 1.983209 0.842428 -653.443893 108.108342
63.600000 2.013247 1.059045 -630.734518 142.352363
63.650000 2.013067 0.856768 -647.156917 125.860958
63.700000 2.005079 0.660285 -657.412871 112.537322
63.750000 1.999437 0.635047 -647.415507 120.368179
63.800000 1.994984 0.569289 -651.333970 114.739914
63.850000 1.996835 0.840229 -622.951032 143.833538
63.900000 1.996973 0.813464 -630.337846 136.499660
63.950000 1.991824 0.889994 -618.069148 146.791166
64.000000 2.022468 0.699552 -635.845872 140.781650
64.050000 1.998224 0.502722 -654.798108 112.519868
64.100000 1.993113 0.671269 -636.807905 128.547448
64.150000 1.998822 0.608750 -648.106018 119.441689
64.200000 1.984886 0.654164 -644.663989 117.532383
64.250000 2.018556 0.813301 -627.107926 148.017422
64.300000 2.008997 0.505726 -664.809675 106.645051
64.350000 1.986937 0.683895 -646.895639 116.088103
64.400000 2.003118 0.694658 -654.727510 114.469747
64.450000 1.997487 0.663999 -664.266051 102.768968
64.500000 1.998444 0.686910 -666.776698 100.625747
64.550000 1.991479 0.843727 -651.695545 113.032564
64.600000 2.006251 0.977549 -636.435694 133.964742
64.650000 1.992438 0.811064 -650.427428 114.668889
64.700000 1.990232 0.623171 -674.692015 89.556994
64.750000 2.002959 0.839780 -649.801562 119.334865
64.800000 1.996438 0.750552 -656.151531 110.480513
64.850000 2.008214 0.556384 -671.401720 99.752332
64.900000 1.992425 0.482090 -669.406437 95.684816
64.950000 2.000623 0.563870 -655.704281 112.535043
65.000000 2.002332 0.606966 -647.976355 120.919134
65.050000 1.999777 0.632396 -638.489815 129.424431
65.100000 2.001992 0.491693 -647.959509 120.805473
65.150000 1.988693 0.588823 -635.556068 128.102070
65.200000 1.995429 0.834969 -608.208375 158.036407
65.250000 1.999884 0.749060 -625.527253 142.428263
65.300000 2.003491 0.763253 -619.643135 149.697428
65.350000 2.005720 0.534402 -639.558566 130.638055
65.400000 1.988249 0.448344 -648.143683 115.343885
65.450000 2.006364 0.500163 -647.568532 122.875247
65.500000 1.996915 0.810223 -614.057147 152.758119
65.550000 2.005818 0.746252 -623.360761 146.873185
65.600000 1.995771 0.680991 -628.444863 137.931246
65.650000 1.996702 0.517891 -648.322208 118.411423
65.700000 1.995320 0.724724 -627.804299 138.398663
65.750000 1.993715 0.726070 -636.334636 129.252096
65.800000 2.004923 0.687596 -643.962334 125.928144
65.850000 1.996652 0.732243 -635.949075 130.765272
65.900000 1.998571 0.605134 -651.895021 115.556148
65.950000 2.001382 0.840981 -620.421518 148.109299
66.000000 1.996566 0.499571 -660.672587 106.008674
66.050000 1.998980 0.480048 -661.907096 105.701368
66.100000 1.996940 0.674838 -636.055016 130.770116
66.150000 1.986407 0.695825 -631.791457 130.988649
66.200000 2.004232 0.750577 -623.661276 145.963756
66.250000 1.998561 0.443537 -663.147452 104.300087
66.300000 1.992934 0.683143 -636.696756 128.589848
66.350000 1.998533 0.635918 -647.192082 120.244440
66.400000 1.989907 0.778017 -629.319107 134.805261
66.450000 2.018106 0.669778 -638.918111 136.034725
66.500000 1.984257 0.638261 -645.365094 116.589632
66.550000 2.000569 0.861575 -632.298328 135.920049
66.600000 1.999783 0.899439 -636.680787 131.236047
66.650000 1.995586 0.946470 -637.539269 128.765840
66.700000 2.002234 0.752358 -655.983383 112.874322
66.750000 1.992250 0.645415 -653.489410 111.534511
66.800000 1.995338 0.616866 -645.382112 120.827721
66.850000 1.988928 0.499196 -653.156580 110.591853
66.900000 2.006837 0.447239 -657.252060 113.373513
66.950000 1.996431 0.640145 -633.811598 132.818011
67.000000 1.994281 0.649080 -638.547361 127.256477
67.050000 2.005875 0.786083 -626.102021 144.153841
67.100000 1.995948 0.677840 -641.471983 124.971969
67.150000 2.004828 0.727365 -641.808842 128.045287
67.200000 1.999256 0.918015 -625.012486 142.701816
67.250000 2.002609 0.903173 -634.243674 134.758035
67.300000 1.988528 0.783831 -651.944308 111.650291
67.350000 1.995216 0.886640 -634.475496 131.687485
67.400000 2.007536 0.646159 -655.299422 115.594341
67.450000 1.997916 0.599106 -651.771494 115.428134
