# t Temp Pres Epot Etot
0.000000 2.011305 28.103317 -2814.365214 -1305.886662
0.050000 2.025058 29.006830 -2731.106763 -1212.313038
0.100000 1.990609 28.360990 -2786.412835 -1293.456017
0.150000 1.974951 29.408580 -2693.335600 -1212.122370
0.200000 2.014214 28.315718 -2794.585473 -1283.925285
0.250000 1.984520 29.328696 -2699.901928 -1211.511846
0.300000 2.001819 29.016037 -2738.552164 -1237.188249
0.350000 1.986174 29.257989 -2707.856881 -1218.226229
0.400000 2.026373 28.411509 -2791.178174 -1271.398471
0.450000 1.996416 29.070407 -2726.236290 -1228.924470
0.500000 2.002167 28.243796 -2797.939936 -1296.314772
0.550000 1.997107 27.629395 -2854.262186 -1356.431639
0.600000 1.990294 29.168669 -2715.051529 -1222.330758
0.650000 2.004343 29.700807 -2670.930415 -1167.673493
0.700000 1.983813 29.176226 -2714.626061 -1226.766143
0.750000 1.977329 28.483501 -2771.794969 -1288.798040
0.800000 2.011857 28.918813 -2743.995546 -1235.102783
0.850000 2.006275 28.354971 -2787.223552 -1282.517568
0.900000 1.998874 28.604908 -2769.719878 -1270.564208
0.950000 1.997232 29.031895 -2733.805819 -1235.882185
1.000000 2.021589 28.650496 -2764.753472 -1248.561438
1.050000 1.991861 28.221551 -2799.561997 -1305.665914
1.100000 2.002537 28.989050 -2732.602792 -1230.700079
1.150000 1.996751 28.772461 -2754.581431 -1257.018177
1.200000 2.026328 29.831473 -2658.361264 -1138.615180
1.250000 1.998611 28.067368 -2813.159411 -1314.201517
1.300000 1.975716 28.840425 -2747.390815 -1265.603686
1.350000 2.007665 28.257811 -2799.547457 -1293.798596
1.400000 1.997746 28.365327 -2787.858196 -1289.548586
1.450000 1.987099 29.034757 -2730.182756 -1239.858173
1.500000 2.001391 27.710314 -2847.188924 -1346.145353
1.550000 1.993369 29.942439 -2652.023103 -1156.996454
1.600000 1.983023 28.979128 -2732.541674 -1245.274787
1.650000 2.008459 29.109563 -2724.572277 -1218.228075
1.700000 1.994754 28.835089 -2748.163020 -1252.097266
1.750000 1.983670 28.081699 -2813.021792 -1325.269354
1.800000 1.988662 28.464987 -2782.736942 -1291.240632
1.850000 1.999753 29.112654 -2723.277674 -1223.462729
1.900000 2.005715 28.891330 -2742.089236 -1237.803019
1.950000 2.003551 28.267324 -2796.365329 -1293.702101
2.000000 2.001264 29.074275 -2726.825981 -1225.877716
2.050000 1.993194 28.594297 -2769.017145 -1274.121462
2.100000 1.984029 29.187879 -2713.404280 -1225.382622
2.150000 1.994408 28.800839 -2751.498709 -1255.692672
2.200000 1.995376 29.061389 -2730.221826 -1233.689765
2.250000 1.992742 29.153647 -2722.846832 -1228.290435
2.300000 2.039611 28.579769 -2770.958697 -1241.250233
2.350000 1.988255 27.908618 -2825.250710 -1334.059622
2.400000 1.984154 28.586389 -2766.859999 -1278.744376
2.450000 2.008445 29.507043 -2690.874704 -1184.541237
2.500000 2.014130 29.282790 -2708.083316 -1197.485496
2.550000 2.012328 28.617759 -2771.439124 -1262.192856
2.600000 2.002887 28.813962 -2747.994008 -1245.828401
2.650000 2.014121 28.703269 -2757.611953 -1247.021072
2.700000 1.955389 28.303535 -2795.074800 -1328.533320
2.750000 2.002073 29.604441 -2682.658823 -1181.103822
2.800000 2.022916 28.182386 -2801.965395 -1284.778572
2.850000 1.999568 28.215207 -2796.914607 -1297.238360
2.900000 1.959541 28.865384 -2740.399503 -1270.743687
2.950000 2.023880 29.726411 -2675.623905 -1157.713801
3.000000 1.980752 29.109076 -2724.228529 -1238.664561
3.050000 2.026480 29.349596 -2704.557448 -1184.697196
3.100000 1.984181 28.583986 -2766.452138 -1278.316055
3.150000 2.016953 27.899634 -2829.767485 -1317.052919
3.200000 1.975716 29.772316 -2662.766085 -1180.979253
3.250000 2.009096 29.288009 -2708.772548 -1201.950811
3.300000 1.980271 28.538990 -2769.865994 -1284.663045
3.350000 2.019030 28.543791 -2778.251681 -1263.979289
3.400000 1.977030 28.169460 -2807.606059 -1324.833822
3.450000 2.002435 28.608431 -2771.935491 -1270.109195
3.500000 2.002814 29.541549 -2686.700327 -1184.589485
3.550000 2.012663 29.297341 -2707.465069 -1197.967694
3.600000 2.009012 28.440747 -2780.691882 -1273.932780
3.650000 2.013262 28.114682 -2807.405516 -1297.458964
3.700000 1.993912 28.541809 -2774.146683 -1278.712684
3.750000 2.031425 29.519474 -2692.917196 -1169.348223
3.800000 1.992999 29.337704 -2704.171257 -1209.421846
3.850000 2.017969 29.282195 -2707.255234 -1193.778408
3.900000 1.981267 29.467743 -2690.931451 -1204.981129
3.950000 2.001593 28.108474 -2811.129763 -1309.934882
4.000000 2.016245 28.066595 -2811.532463 -1299.348843
4.050000 1.989933 28.658110 -2763.426934 -1270.977328
4.100000 1.982558 29.565047 -2680.261724 -1193.343397
4.150000 2.039654 28.278194 -2798.766332 -1269.025607
4.200000 2.000974 29.165151 -2717.415501 -1216.685209
4.250000 1.993147 29.760384 -2663.202653 -1168.342481
4.300000 2.006525 29.151608 -2721.491653 -1216.597722
4.350000 2.003305 28.267583 -2797.069626 -1294.591091
4.400000 1.995318 28.700315 -2755.443034 -1258.954682
4.450000 1.997234 28.998383 -2733.403631 -1235.477920
4.500000 2.006601 28.768164 -2755.575998 -1250.625131
4.550000 2.007394 28.370941 -2789.539970 -1283.994614
4.600000 1.997522 29.019566 -2729.610346 -1231.468912
4.650000 2.003369 28.591220 -2768.483686 -1265.957018
4.700000 1.989512 28.223972 -2801.585432 -1309.451534
4.750000 1.980900 29.216760 -2711.008760 -1225.333629
4.800000 1.984044 28.310212 -2790.499620 -1302.466440
4.850000 1.989842 28.600031 -2766.378393 -1273.996761
4.900000 2.007456 29.265606 -2714.102409 -1208.510148
4.950000 1.995744 28.896024 -2743.923175 -1247.114922
5.000000 2.007332 29.091316 -2724.101183 -1218.602386
5.050000 2.014336 28.476207 -2779.778434 -1269.026138
5.100000 1.979279 28.885769 -2739.580118 -1255.120606
5.150000 2.027054 29.259370 -2713.220033 -1192.929897
5.200000 1.993507 27.678147 -2848.499000 -1353.368950
5.250000 2.025983 28.124654 -2810.798323 -1291.310868
5.300000 2.000675 29.933272 -2648.548548 -1148.042001
5.350000 1.992664 28.873133 -2740.489991 -1245.992275
5.400000 2.013993 29.326286 -2704.994431 -1194.499828
5.450000 2.012723 29.171817 -2718.750395 -1209.208351
5.500000 2.017145 28.724334 -2754.343736 -1241.484765
5.550000 2.001546 28.731110 -2759.226197 -1258.066786
5.600000 1.971252 29.667085 -2675.579867 -1197.141150
5.650000 1.998513 29.442349 -2692.416182 -1193.531374
5.700000 2.024291 28.261595 -2799.782562 -1281.564440
5.750000 1.997774 28.437232 -2778.589806 -1280.259008
5.800000 1.997902 28.123700 -2809.495014 -1311.068617
5.850000 1.978877 29.496970 -2686.424774 -1202.266682
5.900000 2.019990 28.721598 -2758.930014 -1243.937387
5.950000 2.006597 27.691242 -2848.916202 -1343.968090
6.000000 1.973100 29.822100 -2661.914573 -1182.089242
6.050000 2.013222 29.263113 -2714.068198 -1204.151779
6.100000 2.019486 27.981312 -2825.045831 -1310.431140
6.150000 1.996410 28.801585 -2752.559297 -1255.252108
6.200000 2.017644 29.182331 -2721.227244 -1207.994033
6.250000 2.004088 29.106652 -2726.527429 -1223.461400
6.300000 1.991454 28.718588 -2758.602234 -1265.011561
6.350000 1.989568 29.510401 -2688.737389 -1196.561582
6.400000 1.995933 28.195762 -2801.489147 -1304.539082
6.450000 2.006857 29.338261 -2705.120488 -1199.977861
6.500000 1.983003 28.393792 -2790.024161 -1302.771835
6.550000 2.016221 28.772316 -2754.098691 -1241.932751
6.600000 1.988829 29.375434 -2702.531944 -1210.909952
6.650000 1.998015 28.381016 -2788.137961 -1289.626459
6.700000 2.002711 28.512649 -2775.080245 -1273.046697
6.750000 1.996479 28.984090 -2736.526253 -1239.167280
6.800000 2.007323 28.261778 -2801.800572 -1296.308612
6.850000 1.995996 28.688615 -2764.089516 -1267.092717
6.900000 2.017198 28.971793 -2741.397602 -1228.498901
6.950000 1.992134 29.282186 -2708.146348 -1214.045549
7.000000 1.996682 29.138675 -2721.626196 -1224.115055
7.050000 2.002151 28.802752 -2753.939574 -1252.326533
7.100000 2.000517 28.158962 -2809.371084 -1308.983359
7.150000 2.010918 28.208597 -2801.140383 -1292.951529
7.200000 1.995089 28.178880 -2808.089762 -1311.772805
7.250000 1.981034 28.715232 -2758.934687 -1273.159443
7.300000 2.012416 28.763498 -2756.408005 -1247.096189
7.350000 1.999210 28.477001 -2783.643506 -1284.235804
7.400000 1.999992 29.563135 -2683.887421 -1183.893467
7.450000 1.990368 28.816006 -2749.843734 -1257.067536
7.500000 2.023583 18.321093 -2915.193510 -1397.506367
7.550000 1.997807 18.304506 -2913.516473 -1415.160865
7.600000 1.977930 18.134487 -2927.548587 -1444.101414
7.650000 2.012551 17.812755 -2961.564391 -1452.151328
7.700000 1.989392 17.283009 -3011.254539 -1519.210219
7.750000 2.010641 18.057944 -2939.175413 -1431.194803
7.800000 2.006477 18.404925 -2901.904820 -1397.047073
7.850000 1.993118 17.367333 -3003.713984 -1508.875819
7.900000 2.005567 17.379789 -2999.423601 -1495.248069
7.950000 1.996258 18.087120 -2926.217857 -1429.024390
8.000000 2.009230 16.622731 -3070.661266 -1563.738623
8.050000 1.996687 17.646654 -2975.385773 -1477.870327
8.100000 2.002280 17.806295 -2960.314442 -1458.604155
8.150000 2.002127 18.202531 -2926.765245 -1425.170227
8.200000 2.004709 18.028897 -2933.925428 -1430.393660
8.250000 1.976072 17.928154 -2945.231457 -1463.177310
8.300000 2.008940 17.760167 -2964.281509 -1457.576258
8.350000 2.007634 16.684279 -3066.357914 -1560.632498
8.400000 1.960247 18.336033 -2905.205018 -1435.019533
8.450000 2.015703 17.869804 -2951.334203 -1439.557058
8.500000 1.994307 17.886565 -2956.040517 -1460.309995
8.550000 1.999950 18.211744 -2925.164047 -1425.201426
8.600000 2.004158 17.436914 -2992.650985 -1489.532565
8.650000 2.020877 16.628088 -3071.257696 -1555.599628
8.700000 2.007376 17.552090 -2974.952784 -1469.421110
8.750000 2.021056 17.078369 -3023.386403 -1507.594238
8.800000 1.969930 17.638298 -2973.797879 -1496.350478
8.850000 2.020525 18.025580 -2938.305156 -1422.911043
8.900000 1.995137 17.672184 -2966.147806 -1469.795040
8.950000 1.999350 18.448856 -2895.577720 -1396.065364
9.000000 1.964487 18.236531 -2916.961270 -1443.595832
9.050000 2.031669 17.961552 -2955.033142 -1431.281333
9.100000 2.002200 16.993018 -3035.836253 -1534.185905
9.150000 2.005122 17.880497 -2947.511064 -1443.669804
9.200000 1.995488 16.997689 -3031.049065 -1534.432968
9.250000 2.015985 17.664602 -2970.821573 -1458.832617
9.300000 1.968227 17.802934 -2955.734770 -1479.564682
9.350000 2.002860 18.165541 -2926.490590 -1424.345626
9.400000 2.018035 18.057830 -2932.548742 -1419.022380
9.450000 1.991582 18.264671 -2916.763343 -1423.077215
9.500000 1.995642 16.832037 -3053.389134 -1556.657365
9.550000 1.981491 17.943425 -2946.663472 -1460.545102
9.600000 1.996877 17.319675 -3001.821851 -1504.163859
9.650000 1.975742 18.225451 -2916.413455 -1434.606584
9.700000 2.015765 17.562301 -2982.158033 -1470.334167
9.750000 2.000310 17.734972 -2968.188258 -1467.955801
9.800000 2.018223 16.944793 -3043.582793 -1529.915520
9.850000 1.981873 17.550608 -2982.340415 -1495.935362
9.900000 1.988947 17.870213 -2948.928452 -1457.218178
9.950000 1.981982 18.617699 -2884.840621 -1398.354151
10.000000 2.005023 17.894132 -2959.422312 -1455.654901
10.050000 2.010236 18.317480 -2909.241825 -1401.564466
10.100000 2.016963 17.757486 -2961.492253 -1448.770356
10.150000 1.978887 17.676172 -2970.156038 -1485.990463
10.200000 1.985596 18.453532 -2898.553073 -1409.356299
10.250000 1.995782 18.129327 -2930.371366 -1433.534593
10.300000 2.021405 18.289531 -2917.547808 -1401.494313
10.350000 2.004082 17.578078 -2978.928883 -1475.867624
10.400000 2.014385 17.650590 -2975.351092 -1464.562189
10.450000 2.001639 17.863476 -2951.499789 -1450.270791
10.500000 2.005732 17.790135 -2962.294549 -1457.995196
10.550000 2.001078 17.073356 -3030.127808 -1529.319502
10.600000 2.004472 18.040938 -2936.571111 -1433.217243
10.650000 2.034431 18.099230 -2930.599004 -1404.775731
10.700000 1.994590 17.305877 -2999.450827 -1503.508231
10.750000 1.993311 18.199756 -2918.719583 -1423.736302
10.800000 1.993002 17.428995 -2989.307416 -1494.555693
10.850000 1.999319 16.975117 -3034.700613 -1535.211167
10.900000 1.981064 16.964792 -3033.164424 -1547.366371
10.950000 1.988283 18.102608 -2934.212578 -1443.000205
11.000000 2.006335 18.911081 -2861.572815 -1356.821765
11.050000 2.027774 17.665685 -2979.268359 -1458.437801
11.100000 2.001022 17.788501 -2962.980062 -1462.213415
11.150000 1.994446 17.586678 -2979.816323 -1483.981517
11.200000 1.983267 18.121174 -2929.143318 -1441.693205
11.250000 2.032671 16.948817 -3043.342612 -1518.839138
11.300000 2.010093 17.428140 -2988.370325 -1480.800289
11.350000 1.969745 18.116973 -2918.099857 -1440.791184
11.400000 2.007946 18.004339 -2945.133946 -1439.174568
11.450000 1.998772 17.505069 -2993.104068 -1494.024872
11.500000 1.987680 18.295009 -2916.738324 -1425.978642
11.550000 2.022744 16.795887 -3060.157365 -1543.099404
11.600000 1.988935 16.962200 -3039.024605 -1547.323066
11.650000 1.989364 16.960884 -3034.013871 -1541.990514
11.700000 1.984053 17.990938 -2941.411159 -1453.371565
11.750000 1.994660 18.792299 -2873.874804 -1377.879454
11.800000 2.003296 18.641201 -2884.791306 -1382.319652
11.850000 1.999385 18.225789 -2920.223786 -1420.684967
11.900000 2.011515 17.225828 -3011.788589 -1503.152623
11.950000 2.005256 16.728172 -3060.719995 -1556.778308
12.000000 1.987767 17.313743 -3003.102909 -1512.277707
12.050000 1.992388 18.506542 -2892.337400 -1398.046089
12.100000 2.013682 18.923573 -2856.446134 -1346.184810
12.150000 2.030287 18.141874 -2939.675408 -1416.960480
12.200000 1.991546 17.349019 -3007.418706 -1513.759101
12.250000 2.009020 17.269077 -3011.705280 -1504.940639
12.300000 2.008410 17.676463 -2972.228792 -1465.921601
12.350000 1.971710 17.473532 -2981.259393 -1502.477166
12.400000 2.002884 17.542410 -2985.087384 -1482.924275
12.450000 2.010382 17.947934 -2949.668409 -1441.881715
12.500000 2.008205 18.290253 -2917.765265 -1411.611551
12.550000 1.991451 18.286789 -2916.419935 -1422.831895
12.600000 2.015873 18.127685 -2927.325463 -1415.421040
12.650000 2.015798 17.383599 -2999.629439 -1487.781244
12.700000 2.019134 17.305880 -3003.183377 -1488.832584
12.750000 1.999312 17.649324 -2971.690217 -1472.205918
12.800000 1.988629 17.589627 -2975.878063 -1484.406295
12.850000 2.001223 17.463016 -2992.647783 -1491.730697
12.900000 1.999937 17.545236 -2983.954705 -1484.002209
12.950000 1.986293 17.310263 -3006.170969 -1516.451444
13.000000 2.009318 17.376364 -2998.138880 -1491.150665
13.050000 1.990461 17.409202 -2996.294956 -1503.449135
13.100000 2.010494 17.677745 -2973.769330 -1465.898759
13.150000 1.992824 18.414593 -2905.965367 -1411.347704
13.200000 2.023571 17.309366 -3012.972696 -1495.294137
13.250000 1.992220 16.915008 -3043.020305 -1548.855019
13.300000 2.034105 16.963187 -3039.454612 -1513.876232
13.350000 1.993554 17.652777 -2972.916071 -1477.750894
13.400000 2.032537 17.845019 -2957.950450 -1433.547700
13.450000 1.963221 17.456872 -2988.817304 -1516.401676
13.500000 2.023833 17.554914 -2988.601917 -1470.726874
13.550000 1.996571 18.184943 -2921.968348 -1424.539868
13.600000 1.987422 17.331286 -3005.710967 -1515.144440
13.650000 2.006078 18.447374 -2902.414921 -1397.856343
13.700000 1.996100 17.604565 -2972.573645 -1475.498910
13.750000 1.997148 17.376540 -2996.822180 -1498.961431
13.800000 2.010379 17.698083 -2969.847024 -1462.063049
13.850000 1.979799 17.471370 -2990.766224 -1505.916739
13.900000 2.013864 17.384732 -3000.214000 -1489.815921
13.950000 2.010206 17.398823 -2995.366434 -1487.712297
14.000000 1.996105 17.111275 -3022.202246 -1525.123474
14.050000 2.008597 17.794047 -2961.027120 -1454.579433
14.100000 2.016639 16.997962 -3032.207274 -1519.727912
14.150000 2.025330 16.690104 -3065.242819 -1546.245404
14.200000 1.986663 18.158213 -2923.925843 -1433.928821
14.250000 1.977628 18.288347 -2910.878056 -1427.657008
14.300000 2.006610 17.836832 -2955.211209 -1450.253429
14.350000 2.014939 17.786306 -2963.748189 -1452.544266
14.400000 1.988363 18.356462 -2908.062435 -1416.790527
14.450000 2.007305 17.405571 -2993.434651 -1487.955928
14.500000 2.013822 17.510219 -2986.773571 -1476.407446
14.550000 1.968359 17.106343 -3014.744672 -1538.475069
14.600000 2.011725 17.950186 -2945.828916 -1437.034861
14.650000 1.998056 17.731005 -2970.348549 -1471.806695
14.700000 1.968456 18.060840 -2932.240314 -1455.898126
14.750000 2.000565 18.506917 -2893.813380 -1393.389711
14.800000 2.003809 17.868806 -2959.228758 -1456.371836
14.850000 2.043680 16.020817 -3128.228447 -1595.468688
14.900000 1.979523 16.378928 -3088.306502 -1603.663998
14.950000 1.992707 18.585141 -2880.337523 -1385.807084
15.000000 1.999287 13.111481 -2718.452474 -1218.987129
15.050000 1.983156 12.764042 -2752.636224 -1265.269568
15.100000 2.000135 12.242593 -2812.756135 -1312.654713
15.150000 1.997299 13.011935 -2736.589125 -1238.614627
15.200000 2.025129 12.693965 -2772.894303 -1254.047332
15.250000 1.987405 12.333163 -2806.287817 -1315.733887
15.300000 2.007641 12.721926 -2767.059734 -1261.329050
15.350000 1.993789 12.849709 -2746.447194 -1251.105307
15.400000 1.974111 13.754752 -2649.130002 -1168.546823
15.450000 1.977883 12.888631 -2742.321872 -1258.909568
15.500000 2.009059 13.276863 -2706.932030 -1200.137688
15.550000 2.011779 13.440796 -2692.920767 -1184.086561
15.600000 1.985278 14.198407 -2616.829702 -1127.871048
15.650000 2.019096 13.588548 -2671.450019 -1157.128324
15.700000 1.981780 13.253377 -2710.835355 -1224.500070
15.750000 2.002046 13.636471 -2675.047131 -1173.512429
15.800000 2.002299 13.220065 -2718.257556 -1216.533560
15.850000 1.975797 14.216292 -2612.893015 -1131.045320
15.900000 2.008039 13.787554 -2660.409123 -1154.379671
15.950000 1.974943 14.129259 -2626.704199 -1145.496779
16.000000 2.005347 14.694667 -2571.202176 -1067.192010
16.050000 1.998746 14.999385 -2545.091386 -1046.032022
16.100000 2.012930 14.252166 -2616.254978 -1106.557772
16.150000 2.002103 13.625060 -2670.209623 -1168.632654
16.200000 1.982102 13.977994 -2633.161520 -1146.585365
16.250000 1.993501 14.129295 -2625.783646 -1130.658089
16.300000 1.990207 14.707340 -2573.680862 -1081.025938
16.350000 1.995842 14.561200 -2589.388339 -1092.506605
16.400000 2.004880 13.952159 -2644.362452 -1140.702281
16.450000 1.997905 13.984481 -2632.238126 -1133.809098
16.500000 1.978076 14.289703 -2615.110886 -1131.554253
16.550000 1.984315 14.963780 -2552.362739 -1064.126138
16.600000 2.016952 14.907091 -2557.129684 -1044.415367
16.650000 1.989816 14.879145 -2540.994298 -1048.632542
16.700000 1.998310 14.022957 -2634.368219 -1135.635545
16.750000 2.018367 14.824743 -2553.844659 -1040.069086
16.800000 1.970438 14.939600 -2541.999429 -1064.171287
16.850000 2.005375 14.891033 -2554.918477 -1050.886972
16.900000 1.983638 14.244122 -2623.899901 -1136.171099
16.950000 1.983730 15.251958 -2518.750146 -1030.952331
17.000000 2.010722 15.486006 -2500.910099 -992.868796
17.050000 1.984513 15.748616 -2458.891217 -970.506801
17.100000 2.014497 14.882150 -2558.419241 -1047.546181
17.150000 2.011607 15.244603 -2526.541187 -1017.836273
17.200000 1.981441 15.285854 -2520.987011 -1034.906556
17.250000 1.990296 15.527855 -2500.703198 -1007.980900
17.300000 2.031577 15.596736 -2483.578040 -959.895410
17.350000 1.998039 15.758136 -2462.086549 -963.557107
17.400000 1.992396 14.791782 -2568.938688 -1074.641427
17.450000 2.013556 15.195979 -2524.245356 -1014.078014
17.500000 1.995749 15.421583 -2498.158995 -1001.347470
17.550000 1.996414 15.477394 -2493.026036 -995.715412
17.600000 2.025745 15.339489 -2520.543363 -1001.234299
17.650000 2.002800 15.179613 -2531.666783 -1029.566824
17.700000 2.002941 15.203128 -2533.705537 -1031.500119
17.750000 1.996569 15.546460 -2489.954098 -992.527186
17.800000 1.989104 14.873106 -2557.274649 -1065.446355
17.850000 2.016407 14.911680 -2555.537797 -1043.232780
17.900000 1.979131 15.492301 -2496.974204 -1012.625878
17.950000 2.014505 15.082784 -2547.503120 -1036.624152
18.000000 1.982701 14.967893 -2556.846113 -1069.820362
18.050000 2.004643 15.015867 -2543.949880 -1040.467778
18.100000 1.978369 16.544291 -2386.045005 -902.268554
18.150000 2.014706 15.897813 -2463.878576 -952.848996
18.200000 1.999621 15.962804 -2458.268082 -958.552073
18.250000 1.996731 15.598391 -2494.473377 -996.925431
18.300000 2.022718 15.919893 -2463.585327 -946.547049
18.350000 1.981026 15.654962 -2490.449039 -1004.679420
18.400000 2.021109 15.478066 -2503.803621 -987.971686
18.450000 1.992580 15.729409 -2472.978073 -978.542814
18.500000 2.003794 14.975665 -2553.608699 -1050.763408
18.550000 2.007164 15.666143 -2481.441914 -976.068695
18.600000 2.028193 15.414672 -2509.028975 -987.884359
18.650000 1.995655 15.757763 -2472.445939 -975.705023
18.700000 2.004834 15.363398 -2516.128409 -1012.502938
18.750000 2.008108 14.612469 -2585.065048 -1078.984413
18.800000 1.991152 14.337993 -2606.037671 -1112.673811
18.850000 2.000946 14.925577 -2551.637005 -1050.927169
18.900000 2.001888 15.577826 -2495.099089 -993.683322
18.950000 2.019576 15.280975 -2523.350668 -1008.668383
19.000000 2.008815 15.507262 -2508.727985 -1002.116825
19.050000 2.015505 15.395014 -2518.025228 -1006.396324
19.100000 2.015269 14.887926 -2561.119102 -1049.667317
19.150000 2.006348 14.854839 -2554.432181 -1049.670931
19.200000 1.980844 15.477220 -2493.477726 -1007.844642
19.250000 2.008697 15.735367 -2480.523791 -974.001076
19.300000 2.001087 16.288140 -2411.258826 -910.443627
19.350000 2.003124 15.279741 -2514.687585 -1012.344408
19.400000 2.009169 14.979819 -2549.644658 -1042.768238
19.450000 2.008925 14.801825 -2561.622835 -1054.929427
19.500000 2.001467 14.745388 -2569.244018 -1068.143528
19.550000 1.995235 14.255700 -2623.689059 -1127.263108
19.600000 1.984209 15.040996 -2534.838341 -1046.681248
19.650000 1.986912 15.554945 -2475.356240 -985.172392
19.700000 2.013568 14.903373 -2551.185782 -1041.009873
19.750000 1.973524 15.045211 -2534.176352 -1054.033346
19.800000 2.010104 15.077016 -2531.985168 -1024.407085
19.850000 1.997869 14.732504 -2559.309085 -1060.907183
19.900000 1.995257 15.466518 -2496.203304 -999.760656
19.950000 2.026805 14.929910 -2557.263160 -1037.159328
20.000000 1.992313 14.676565 -2573.811133 -1079.576278
20.050000 1.986188 15.491836 -2483.166841 -993.525624
20.100000 1.990599 15.376578 -2497.016498 -1004.066975
20.150000 2.012491 14.922423 -2549.047053 -1039.678681
20.200000 2.016183 15.741149 -2471.850242 -959.713200
20.250000 1.989520 15.271781 -2517.235899 -1025.095929
20.300000 1.988074 16.255898 -2425.971798 -934.916299
20.350000 1.993937 15.479394 -2509.579762 -1014.126815
20.400000 2.008766 15.980862 -2449.920650 -943.346207
20.450000 1.980685 15.964102 -2444.829975 -959.316291
20.500000 2.008860 15.805230 -2478.330189 -971.685408
20.550000 1.999036 15.301409 -2521.467399 -1022.190070
20.600000 1.994465 14.735275 -2576.488820 -1080.639855
20.650000 1.992251 15.222128 -2521.529732 -1027.341444
20.700000 1.993341 15.036070 -2543.450898 -1048.445485
20.750000 1.990362 15.247760 -2529.360699 -1036.589142
20.800000 1.980450 16.419647 -2409.266219 -923.928569
20.850000 2.032298 16.045731 -2443.024778 -918.801084
20.900000 1.997282 15.766660 -2472.237266 -974.276036
20.950000 1.991795 15.949539 -2447.383410 -953.536978
21.000000 2.003399 15.660845 -2480.175001 -977.625549
21.050000 1.988591 15.103488 -2543.187830 -1051.744377
21.100000 1.991173 15.409811 -2512.748181 -1019.368324
21.150000 2.005348 16.253167 -2418.071689 -914.060689
21.200000 2.022324 16.029023 -2450.116979 -933.373963
21.250000 1.989887 15.268078 -2526.277618 -1033.862008
21.300000 2.002122 15.077627 -2541.837782 -1040.246614
21.350000 1.996006 14.436644 -2600.994075 -1103.989348
21.400000 1.991763 15.527310 -2488.988191 -995.165944
21.450000 2.011775 14.848028 -2569.814622 -1060.983117
21.500000 2.010005 14.547722 -2592.233495 -1084.729471
21.550000 1.990439 15.678987 -2472.985728 -980.156795
21.600000 2.011821 14.519610 -2593.671907 -1084.805930
21.650000 1.969347 15.072659 -2532.008574 -1054.998281
21.700000 2.003210 15.191306 -2513.878362 -1011.471221
21.750000 1.989282 15.041894 -2539.957035 -1047.995506
21.800000 2.006132 15.235301 -2534.892135 -1030.293215
21.850000 1.985807 15.131648 -2542.844148 -1053.488565
21.900000 2.024247 15.162000 -2542.123180 -1023.938015
21.950000 1.999098 14.463657 -2603.601836 -1104.278168
22.000000 1.994459 15.023388 -2546.456238 -1050.611944
22.050000 2.010253 15.043682 -2551.479917 -1043.790213
22.100000 1.985402 15.251502 -2521.434339 -1032.382788
22.150000 2.012569 15.672106 -2480.985030 -971.558622
22.200000 1.992699 15.403573 -2512.102326 -1017.577775
22.250000 1.999271 16.013359 -2440.663741 -941.210799
22.300000 2.001948 15.542070 -2490.973011 -989.511864
22.350000 2.008417 15.964763 -2442.573260 -936.260304
22.400000 2.009683 15.016208 -2552.454720 -1045.192587
22.450000 2.007242 15.531113 -2493.141438 -987.709999
22.500000 1.984427 9.554757 -2478.970887 -990.650561
22.550000 2.007515 9.728491 -2454.530563 -948.894190
22.600000 2.013536 8.920070 -2537.102536 -1026.950174
22.650000 1.991497 9.108208 -2526.719915 -1033.096972
22.700000 2.014519 9.407908 -2493.678705 -982.789772
22.750000 1.990076 8.694798 -2560.649776 -1068.092668
22.800000 2.027863 9.049481 -2526.626936 -1005.730005
22.850000 1.994963 9.044469 -2519.752264 -1023.530068
22.900000 2.006882 8.522908 -2578.541968 -1073.380462
22.950000 1.983720 8.951441 -2533.768439 -1045.978192
23.000000 1.997706 9.058677 -2524.397121 -1026.117668
23.050000 2.007373 9.135907 -2516.272694 -1010.742606
23.100000 2.007877 9.497435 -2475.063560 -969.155742
23.150000 2.003611 9.808211 -2440.815570 -938.107603
23.200000 2.002885 9.092461 -2528.682851 -1026.519309
23.250000 2.009223 9.441586 -2486.044161 -979.127270
23.300000 1.996175 8.628697 -2570.019023 -1072.887622
23.350000 2.013158 9.105043 -2518.534131 -1008.665489
23.400000 2.015501 8.989856 -2528.246629 -1016.620938
23.450000 2.002716 8.558176 -2577.117741 -1075.081056
23.500000 2.008091 8.902313 -2542.657505 -1036.589083
23.550000 1.981526 8.955828 -2538.267608 -1052.122971
23.600000 2.021326 9.348298 -2494.302703 -978.308136
23.650000 2.000758 9.115511 -2516.727709 -1016.159392
23.700000 2.018282 9.691421 -2457.754392 -944.042612
23.750000 1.994338 9.823440 -2434.201456 -938.447929
23.800000 2.017994 8.831866 -2540.624844 -1027.129675
23.850000 2.001032 9.107066 -2507.442291 -1006.668094
23.900000 1.999621 9.681614 -2444.868869 -945.152833
23.950000 2.020814 9.365394 -2489.349323 -973.738826
24.000000 2.016024 9.005857 -2534.709819 -1022.692041
24.050000 1.992841 9.668676 -2450.209899 -955.579394
24.100000 2.004730 9.589697 -2455.661062 -952.113671
24.150000 1.981732 9.096454 -2521.240712 -1034.941796
24.200000 2.011999 9.584874 -2467.330476 -958.331453
24.250000 1.992653 9.468087 -2485.280055 -990.790571
24.300000 1.988879 10.124552 -2410.598965 -918.939436
24.350000 1.992856 9.470385 -2496.856935 -1002.214776
24.400000 2.018508 9.100542 -2530.742883 -1016.861698
24.450000 1.994005 8.824848 -2546.503599 -1050.999620
24.500000 1.998555 8.958155 -2536.363061 -1037.447107
24.550000 2.004294 9.320930 -2498.643932 -995.423063
24.600000 1.997378 8.691042 -2571.781600 -1073.748324
24.650000 2.007100 8.300532 -2604.351080 -1099.026213
24.700000 1.975176 9.466875 -2466.254222 -984.872439
24.750000 2.010482 9.189113 -2508.585471 -1000.724133
24.800000 2.014931 9.043558 -2522.768365 -1011.570361
24.850000 2.003985 8.658484 -2568.267437 -1065.278964
24.900000 2.022289 9.078712 -2520.634752 -1003.918367
24.950000 1.997826 8.920944 -2541.252302 -1042.882965
25.000000 1.987611 9.903809 -2444.087754 -953.379178
25.050000 2.009086 9.328516 -2516.179251 -1009.364688
25.100000 1.985807 8.720582 -2563.500155 -1074.144638
25.150000 1.971105 9.138919 -2505.360307 -1027.031810
25.200000 2.007491 9.188980 -2502.552569 -996.934649
25.250000 1.993243 8.632256 -2562.625877 -1067.693665
25.300000 1.981664 8.929882 -2531.727789 -1045.479445
25.350000 1.990102 9.403261 -2486.799427 -994.223300
25.400000 1.998774 9.254607 -2505.886518 -1006.806342
25.450000 1.997122 9.359827 -2496.115156 -998.273392
25.500000 2.021157 9.031907 -2534.114993 -1018.247205
25.550000 1.987104 9.074927 -2516.471815 -1026.143588
25.600000 1.992378 9.327402 -2481.146341 -986.862795
25.650000 1.989627 9.473539 -2467.564461 -975.344494
25.700000 1.989777 9.923381 -2419.022397 -926.689442
25.750000 2.023012 8.783905 -2550.165567 -1032.906398
25.800000 1.974230 8.849130 -2536.596008 -1055.923229
25.850000 2.001045 9.338485 -2485.353857 -984.569890
25.900000 1.998262 8.235387 -2607.729240 -1109.033040
25.950000 1.986103 8.898716 -2533.495940 -1043.918643
26.000000 1.994506 9.454057 -2475.315333 -979.436098
26.050000 1.995979 9.463574 -2468.103359 -971.119387
26.100000 2.013310 9.165990 -2500.840597 -990.858187
26.150000 1.996927 8.897947 -2526.326428 -1028.631020
26.200000 1.976782 9.359550 -2479.229776 -996.643453
26.250000 1.984675 8.721628 -2552.885843 -1064.379799
26.300000 2.011533 8.942077 -2531.812722 -1023.162907
26.350000 1.999704 8.700603 -2555.364476 -1055.586177
26.400000 1.984784 9.449628 -2468.190408 -979.602378
26.450000 1.985772 9.422713 -2485.405088 -996.075936
26.500000 2.013412 9.260943 -2513.901550 -1003.842556
26.550000 1.983348 9.428495 -2493.874464 -1006.363154
26.600000 2.020448 9.100547 -2530.414097 -1015.078085
26.650000 1.995312 8.802651 -2562.831227 -1066.347325
26.700000 1.994078 8.977891 -2537.457197 -1041.899013
26.750000 1.998533 8.713917 -2568.782717 -1069.883074
26.800000 1.992631 9.124025 -2527.558295 -1033.085057
26.850000 1.987377 8.964332 -2540.079879 -1049.547290
26.900000 1.992253 8.706820 -2577.936646 -1083.747162
26.950000 1.994989 9.529101 -2481.896760 -985.654890
27.000000 2.018787 9.154543 -2523.624383 -1009.534279
27.050000 2.004540 9.547035 -2474.460670 -971.055789
27.100000 2.011680 9.327060 -2498.516667 -989.756609
27.150000 1.976575 8.864309 -2543.431074 -1060.999869
27.200000 2.010866 9.346193 -2492.821127 -984.671581
27.250000 1.994911 9.381650 -2487.738707 -991.555451
27.300000 1.964196 9.566374 -2481.111899 -1007.964627
27.350000 2.010248 10.250037 -2403.331739 -895.645816
27.400000 2.016004 9.347794 -2492.992912 -980.989929
27.450000 2.012176 8.737315 -2552.532875 -1043.401237
27.500000 2.002971 8.718689 -2551.810331 -1049.582217
27.550000 1.990110 8.254470 -2613.472996 -1120.890781
27.600000 1.998109 8.743496 -2572.942610 -1074.360732
27.650000 2.005104 9.192808 -2512.598478 -1008.770109
27.700000 1.998366 9.243810 -2501.601908 -1002.827100
27.750000 1.987139 8.992569 -2533.383633 -1043.029386
27.800000 2.002870 9.253561 -2509.743243 -1007.590699
27.850000 2.004806 9.133790 -2519.464551 -1015.860296
27.900000 1.999647 8.661545 -2565.232696 -1065.497732
27.950000 1.984073 9.238428 -2503.873308 -1015.818666
28.000000 2.016383 9.365036 -2488.253082 -975.965568
28.050000 1.988380 8.633901 -2571.389967 -1080.104657
28.100000 1.991918 9.247719 -2497.809601 -1003.871280
28.150000 2.016142 8.554123 -2583.355239 -1071.248673
28.200000 1.995062 8.899898 -2545.219630 -1048.923069
28.250000 1.983503 9.234716 -2507.391331 -1019.764013
28.300000 1.985808 9.417610 -2480.780621 -991.424816
28.350000 2.027679 9.057736 -2522.961930 -1002.202655
28.400000 1.985899 8.907961 -2542.154498 -1052.730145
28.450000 1.991572 8.463580 -2599.712070 -1106.033008
28.500000 2.012024 8.839501 -2552.751342 -1043.733203
28.550000 2.000629 8.815102 -2548.894516 -1048.422966
28.600000 1.985377 8.422251 -2598.584632 -1109.551743
28.650000 2.016991 9.423242 -2489.126244 -976.382626
28.700000 1.993610 9.283373 -2501.859582 -1006.651882
28.750000 2.026457 9.112793 -2514.848146 -995.005354
28.800000 1.994149 8.967728 -2539.272696 -1043.660585
28.850000 2.005060 8.991990 -2532.171842 -1028.376502
28.900000 1.991054 9.289676 -2494.124252 -1000.834063
28.950000 1.984760 9.649080 -2461.397020 -972.827036
29.000000 2.011292 9.352406 -2499.625390 -991.156103
29.050000 1.998253 9.563502 -2470.287434 -971.597787
29.100000 2.005904 9.540525 -2464.945338 -960.517092
29.150000 1.996937 8.807609 -2552.903943 -1055.201069
29.200000 2.007037 9.017181 -2545.153936 -1039.876509
29.250000 2.008541 9.299362 -2509.049123 -1002.643082
29.300000 1.988115 9.149838 -2525.306179 -1034.219772
29.350000 2.020294 9.152055 -2514.896192 -999.675987
29.400000 2.008957 8.451910 -2581.377910 -1074.660518
29.450000 1.989923 8.247449 -2605.822474 -1113.380201
29.500000 2.006359 9.012930 -2524.307022 -1019.538002
29.550000 2.006073 9.122604 -2512.380426 -1007.825575
29.600000 2.002310 9.149077 -2506.436445 -1004.704258
29.650000 2.005155 9.119395 -2509.293986 -1005.427544
29.700000 1.998864 8.402846 -2589.552964 -1090.405043
29.750000 1.988103 9.256103 -2500.979405 -1009.902326
29.800000 2.011771 9.551199 -2474.626667 -965.798753
29.850000 1.997940 8.941009 -2540.564285 -1042.109155
29.900000 1.975397 9.202991 -2510.986397 -1029.438292
29.950000 2.010941 9.164676 -2517.155142 -1008.949184
30.000000 1.995858 5.358815 -2365.565239 -868.671558
30.050000 2.001049 5.065390 -2400.237810 -899.450688
30.100000 2.000377 5.367995 -2368.154638 -867.872033
30.150000 2.013281 4.758340 -2443.418411 -933.458025
30.200000 2.004240 4.938819 -2414.138244 -910.958069
30.250000 1.992490 4.976267 -2413.655152 -919.287290
30.300000 1.982401 4.935844 -2423.281419 -936.480946
30.350000 2.011849 5.431505 -2362.125963 -853.239267
30.400000 1.986322 5.207141 -2385.895388 -896.153894
30.450000 2.000479 5.406419 -2366.539485 -866.180516
30.500000 2.009791 5.129474 -2396.568373 -889.225270
30.550000 1.983994 4.768001 -2432.055699 -944.060177
30.600000 2.008118 5.057620 -2408.272983 -902.184627
30.650000 1.998277 4.998671 -2426.602356 -927.894454
30.700000 1.993396 5.421554 -2381.576022 -886.529352
30.750000 2.010752 5.344992 -2390.741432 -882.677579
30.800000 1.986343 5.541618 -2356.044181 -866.286960
30.850000 1.998388 5.866567 -2313.210866 -814.420176
30.900000 2.000257 5.308301 -2395.087488 -894.894873
30.950000 2.005220 5.067187 -2410.911058 -906.995892
31.000000 1.992815 4.658138 -2448.678907 -954.067328
31.050000 2.012728 4.849780 -2421.905721 -912.359899
31.100000 1.991012 4.780093 -2432.969698 -939.710693
31.150000 1.992265 5.708534 -2321.361948 -827.163519
31.200000 2.004598 5.466869 -2353.915600 -850.467261
31.250000 1.998544 5.664382 -2333.707662 -834.799560
31.300000 2.005707 5.450061 -2353.034518 -848.753940
31.350000 2.004925 5.242131 -2375.967010 -872.273002
31.400000 1.993527 5.374029 -2359.880041 -864.734725
31.450000 1.999993 5.354173 -2364.549845 -864.554973
31.500000 2.017410 4.866382 -2421.349086 -908.291681
31.550000 1.978391 4.874007 -2418.447190 -934.653568
31.600000 1.996818 5.458364 -2358.699690 -861.086519
31.650000 2.004857 5.951430 -2300.246280 -796.603338
31.700000 1.992473 5.698522 -2329.846821 -835.491791
31.750000 2.000507 5.473700 -2350.285758 -849.905384
31.800000 2.004713 6.023107 -2284.556768 -781.022310
31.850000 2.005306 5.583766 -2337.242600 -833.263301
31.900000 1.998598 4.731654 -2441.732978 -942.784285
31.950000 1.986425 5.474672 -2346.850588 -857.032108
32.000000 1.998710 5.198385 -2388.752320 -889.720194
32.050000 2.003105 5.547940 -2338.015979 -835.687532
32.100000 2.014003 4.869230 -2423.594514 -913.092151
32.150000 2.009155 4.874933 -2415.526510 -908.660223
32.200000 1.994309 4.844846 -2417.589941 -921.857991
32.250000 2.014782 5.313887 -2370.967246 -859.881064
32.300000 1.977642 5.732912 -2329.602603 -846.371156
32.350000 2.010293 4.922790 -2437.030065 -929.310180
32.400000 2.009893 5.362933 -2377.089275 -869.669255
32.450000 1.996093 5.270186 -2378.949102 -881.879643
32.500000 2.005516 5.120605 -2385.076372 -880.939403
32.550000 2.008151 4.810620 -2422.613452 -916.500214
32.600000 1.986058 5.025881 -2404.809453 -915.265995
32.650000 1.998171 5.156986 -2392.937513 -894.309009
32.700000 1.986438 5.176751 -2390.313597 -900.485104
32.750000 2.006809 4.773035 -2436.875267 -931.768348
32.800000 1.993570 5.505676 -2349.670693 -854.493156
32.850000 1.989598 5.470678 -2366.695167 -874.496460
32.900000 1.991733 5.610253 -2348.570373 -854.770423
32.950000 2.005065 5.524398 -2364.244788 -860.445911
33.000000 1.994413 5.553377 -2355.835230 -860.025805
33.050000 2.014770 5.545311 -2361.850484 -850.772662
33.100000 1.993073 5.358318 -2383.482159 -888.677397
33.150000 1.995008 5.533421 -2352.711816 -856.456054
33.200000 1.989202 5.835725 -2317.746175 -825.845038
33.250000 2.007521 5.407328 -2369.780545 -864.139544
33.300000 2.001064 5.040872 -2408.503182 -907.705101
33.350000 2.006459 5.098244 -2397.154297 -892.310383
33.400000 1.984573 5.044298 -2399.067035 -910.637042
33.450000 2.012619 5.165321 -2379.265562 -869.801427
33.500000 1.990670 5.089643 -2392.098341 -899.096190
33.550000 2.001841 5.255881 -2388.576887 -887.196311
33.600000 2.007033 5.303982 -2393.940406 -888.665348
33.650000 1.993978 5.446569 -2366.185408 -870.701952
33.700000 1.995668 4.982010 -2418.558822 -921.807752
33.750000 2.005117 5.071692 -2400.556008 -896.718028
33.800000 1.993169 5.420708 -2353.932886 -859.056362
33.850000 1.997807 5.135600 -2388.305042 -889.949710
33.900000 1.996216 5.295630 -2371.452333 -874.289987
33.950000 2.009852 5.366655 -2370.485842 -863.096480
34.000000 2.005457 5.258185 -2394.021995 -889.928929
34.050000 2.016159 5.400323 -2379.024164 -866.904936
34.100000 1.977204 5.740137 -2341.589460 -858.686173
34.150000 2.006492 5.834544 -2326.054819 -821.185533
34.200000 2.017112 5.316295 -2379.371475 -866.537169
34.250000 1.982548 5.340449 -2371.855873 -884.944532
34.300000 2.012269 5.376643 -2372.484727 -863.283321
34.350000 1.999457 5.625863 -2336.742308 -837.149615
34.400000 2.019406 5.731319 -2319.979329 -805.424516
34.450000 2.020970 5.177004 -2382.143686 -866.416046
34.500000 2.002706 4.785363 -2421.155078 -919.125873
34.550000 1.996501 4.948935 -2406.615258 -909.239504
34.600000 1.999580 5.131109 -2401.814237 -902.129542
34.650000 1.990377 5.453803 -2361.856471 -869.073818
34.700000 2.006105 5.535023 -2342.631162 -838.052568
34.750000 2.000171 4.821372 -2432.072444 -931.944064
34.800000 1.991591 5.163657 -2385.166902 -891.473391
34.850000 2.009395 4.967968 -2415.706504 -908.660053
34.900000 1.989918 4.895090 -2428.809033 -936.370376
34.950000 1.980080 5.704063 -2337.400123 -852.340127
35.000000 2.005983 5.355772 -2386.981830 -882.494841
35.050000 1.995783 5.484816 -2360.545635 -863.708651
35.100000 2.018646 5.006849 -2419.309280 -905.325124
35.150000 2.005875 5.389085 -2370.720224 -866.314241
35.200000 1.997289 5.849057 -2320.406194 -822.439465
35.250000 2.017557 5.023358 -2425.725869 -912.558009
35.300000 2.003246 5.381380 -2373.034208 -870.599495
35.350000 2.015208 5.234630 -2391.917514 -880.511610
35.400000 2.007892 5.238058 -2393.483791 -887.564570
35.450000 1.994668 5.329580 -2386.391380 -890.390489
35.500000 1.997430 5.571033 -2350.084615 -852.011943
35.550000 1.995709 5.579465 -2339.415036 -842.633231
35.600000 2.021773 4.972897 -2410.216630 -893.886805
35.650000 2.001739 4.950985 -2422.173985 -920.869372
35.700000 1.990120 5.266838 -2393.381957 -900.791977
35.750000 1.998388 5.347231 -2382.026655 -883.235973
35.800000 1.993482 5.308161 -2385.063226 -889.951898
35.850000 2.004331 5.355469 -2371.732824 -868.484778
35.900000 2.009533 5.017801 -2407.342764 -900.193341
35.950000 1.979208 5.348583 -2371.300762 -886.894647
36.000000 2.003460 5.511382 -2349.784389 -847.189452
36.050000 1.986945 5.683453 -2325.993803 -835.785087
36.100000 1.998775 4.927523 -2425.249514 -926.168316
36.150000 1.990028 5.320835 -2374.754521 -882.233154
36.200000 1.994168 5.199451 -2396.865917 -901.239663
36.250000 2.001045 5.740838 -2323.910774 -823.127289
36.300000 1.999239 5.446675 -2350.081680 -850.652245
36.350000 2.006382 5.012996 -2400.713054 -895.926527
36.400000 1.986568 5.233908 -2380.987261 -891.061273
36.450000 1.981234 5.808963 -2321.164880 -835.239272
36.500000 2.008973 5.882668 -2310.404917 -803.675346
36.550000 2.000818 5.319332 -2376.328268 -875.714854
36.600000 1.997074 5.388292 -2361.571525 -863.765665
36.650000 2.020369 5.059748 -2400.508611 -885.231933
36.700000 2.000671 4.981006 -2409.353007 -908.849557
36.750000 1.993786 5.162134 -2391.230288 -895.890718
36.800000 1.999229 5.510683 -2342.376627 -842.955248
36.850000 2.004829 4.925873 -2417.954602 -914.332751
36.900000 2.001535 5.142316 -2396.080345 -894.929452
36.950000 1.999858 5.151549 -2401.758542 -901.865364
37.000000 1.997616 5.349887 -2377.910971 -879.698639
37.050000 2.011261 5.141984 -2395.310816 -886.864753
37.100000 2.004868 5.070086 -2398.409305 -894.758147
37.150000 1.992964 5.046890 -2404.414047 -909.690970
37.200000 1.993614 5.178686 -2396.365925 -901.155125
37.250000 1.992926 5.285545 -2386.410636 -891.716085
37.300000 2.022886 4.936829 -2431.824994 -914.660384
37.350000 1.976551 5.287363 -2386.545912 -904.132771
37.400000 2.006626 5.471664 -2364.547840 -859.578147
37.450000 1.987509 5.043021 -2412.971675 -922.340286
37.500000 1.991471 3.210920 -2116.601863 -622.998985
37.550000 2.010075 3.161807 -2125.252225 -617.695604
37.600000 1.993726 3.427573 -2095.388681 -600.094026
37.650000 1.999565 3.482326 -2095.982920 -596.309466
37.700000 2.024730 3.194988 -2126.483884 -607.936479
37.750000 1.991829 3.031582 -2141.633721 -647.761836
37.800000 2.001870 3.002061 -2150.590043 -649.187782
37.850000 1.996771 2.970102 -2160.110140 -662.531832
37.900000 2.007930 3.181653 -2135.079651 -629.132398
37.950000 2.008699 2.979389 -2156.956768 -650.432349
38.000000 1.993300 2.916140 -2159.748784 -664.773992
38.050000 1.988090 3.106341 -2137.599684 -646.532113
38.100000 2.002214 3.153353 -2146.616867 -644.956070
38.150000 2.000432 3.418670 -2112.977320 -612.653129
38.200000 2.006655 3.213705 -2135.832052 -630.840663
38.250000 2.013617 2.855577 -2176.246820 -666.033973
38.300000 2.001893 3.097007 -2129.246980 -627.826898
38.350000 2.002081 3.258604 -2102.212355 -600.651603
38.400000 2.002666 2.578946 -2205.651040 -703.651759
38.450000 1.994608 2.687309 -2195.848099 -699.892246
38.500000 1.999993 2.869194 -2177.704867 -677.709932
38.550000 2.005034 2.915384 -2177.293809 -673.518136
38.600000 1.997133 3.100115 -2162.046312 -664.196522
38.650000 1.992471 3.562275 -2098.324370 -603.970815
38.700000 2.003420 2.774371 -2202.277352 -699.712030
38.750000 1.990853 3.070873 -2142.374900 -649.235326
38.800000 2.011109 2.891114 -2169.560415 -661.228880
38.850000 1.988880 3.416455 -2105.143574 -613.483344
38.900000 2.007871 3.264729 -2124.379243 -618.476171
38.950000 2.008018 2.503709 -2210.852090 -704.838955
39.000000 2.009735 2.562520 -2196.192672 -688.891269
39.050000 1.994165 2.750340 -2179.300277 -683.676851
39.100000 1.977108 2.915759 -2167.628880 -684.798135
39.150000 2.012562 3.402072 -2104.769523 -595.347991
39.200000 1.997871 3.023397 -2160.038709 -661.635120
39.250000 1.999992 3.315264 -2125.090231 -625.096383
39.300000 2.012301 3.071960 -2160.620928 -651.395481
39.350000 1.980994 2.947092 -2174.528672 -688.783042
39.400000 2.003639 3.140477 -2139.902217 -637.172946
39.450000 1.992843 3.235249 -2109.881489 -615.249329
39.500000 2.018726 3.004409 -2145.511239 -631.467046
39.550000 2.001543 3.024019 -2147.188022 -646.030873
39.600000 1.990929 3.289118 -2125.158381 -631.961982
39.650000 1.997986 3.178654 -2148.912556 -650.423012
39.700000 2.003959 3.126472 -2148.344435 -645.375442
39.750000 2.005206 3.356834 -2112.159042 -608.254447
39.800000 2.006628 3.056757 -2149.901331 -644.930128
39.850000 1.995536 3.210211 -2132.475030 -635.822732
39.900000 2.007792 3.466102 -2095.132597 -589.288647
39.950000 1.990352 2.789450 -2184.727020 -691.963343
40.000000 2.003986 3.229530 -2125.814484 -622.825272
40.050000 2.014129 2.767675 -2196.802947 -686.205991
40.100000 1.999036 2.938402 -2173.571089 -674.294057
40.150000 1.994169 2.989258 -2170.441248 -674.814744
40.200000 1.999460 2.753443 -2204.875596 -705.280679
40.250000 2.018383 2.985568 -2165.847337 -652.059864
40.300000 1.985754 2.819988 -2175.165562 -685.850285
40.350000 2.003119 2.537949 -2211.560647 -709.221610
40.400000 1.993350 2.739759 -2186.519659 -691.507101
40.450000 2.003743 3.061285 -2144.623986 -641.816432
40.500000 2.005480 3.017079 -2147.291445 -643.181309
40.550000 1.986044 2.867292 -2173.456639 -683.923402
40.600000 2.008358 3.187658 -2133.441854 -627.173661
40.650000 1.992335 3.108882 -2151.545058 -657.293984
40.700000 2.001512 3.262944 -2132.311665 -631.178028
40.750000 1.995195 3.039358 -2160.905367 -664.508803
40.800000 2.003600 2.828152 -2190.522120 -687.822457
40.850000 1.974599 3.271782 -2123.686297 -642.736803
40.900000 2.018736 3.387066 -2106.198711 -592.146710
40.950000 1.981747 3.110857 -2139.802246 -653.492161
41.000000 1.997245 3.420076 -2097.254023 -599.320374
41.050000 2.014300 3.110127 -2136.053489 -625.328381
41.100000 1.991772 2.851257 -2162.865870 -669.036796
41.150000 2.004749 2.575569 -2197.318067 -693.756145
41.200000 2.021072 2.420719 -2217.766442 -701.962689
41.250000 1.983342 2.438717 -2215.260219 -727.753871
41.300000 2.002345 2.855301 -2169.726871 -667.968457
41.350000 2.005746 3.046098 -2158.787403 -654.478262
41.400000 1.992644 3.162647 -2143.131494 -648.648586
41.450000 2.002504 2.861806 -2183.162716 -681.284508
41.500000 2.005364 2.724566 -2204.686392 -700.663653
41.550000 1.990411 3.265717 -2126.310809 -633.502262
41.600000 2.000218 3.277634 -2127.260809 -627.097107
41.650000 2.002596 3.142345 -2146.462333 -644.515365
41.700000 1.996623 3.107242 -2145.336806 -647.869347
41.750000 1.995077 2.919921 -2175.603709 -679.295846
41.800000 1.999606 3.119679 -2149.301536 -649.596794
41.850000 2.005920 3.056279 -2163.385547 -658.945377
41.900000 2.006811 2.649835 -2229.411386 -724.303275
41.950000 1.986435 3.396043 -2122.661217 -632.834748
42.000000 1.999086 3.021124 -2171.385159 -672.070535
42.050000 1.997413 2.694088 -2209.595052 -711.535650
42.100000 1.987161 3.184576 -2135.983651 -645.612889
42.150000 2.019942 3.518743 -2087.607919 -572.651645
42.200000 2.011183 3.042291 -2150.922090 -642.534785
42.250000 1.999685 3.082844 -2142.418550 -642.654513
42.300000 2.009427 3.283750 -2120.163194 -613.092735
42.350000 2.003959 3.046808 -2162.644330 -659.675286
42.400000 2.010723 3.261328 -2136.516456 -628.474477
42.450000 2.002543 2.907427 -2185.834180 -683.926675
42.500000 1.995003 3.269367 -2134.887493 -638.635414
42.550000 1.995552 3.122763 -2157.432026 -660.767724
42.600000 2.006374 3.241734 -2132.650695 -627.870258
42.650000 2.012474 2.788635 -2188.818342 -679.462477
42.700000 1.988742 3.149859 -2135.106917 -643.550122
42.750000 2.004196 2.804570 -2193.548624 -690.401839
42.800000 1.987966 3.222830 -2133.220781 -642.246385
42.850000 2.002550 3.383589 -2114.673358 -612.760992
42.900000 1.997765 3.071610 -2157.852095 -659.528150
42.950000 2.002053 3.251233 -2127.382225 -625.842751
43.000000 2.010605 2.858621 -2167.291063 -659.337288
43.050000 1.996678 2.586258 -2193.997589 -696.488968
43.100000 1.994814 2.708830 -2188.331091 -692.220549
43.150000 1.999447 2.848266 -2170.541151 -670.956053
43.200000 2.003395 2.704620 -2196.434625 -693.888602
43.250000 2.006774 3.004790 -2153.952658 -648.872529
43.300000 1.989812 2.792191 -2171.419405 -679.060126
43.350000 1.990413 2.659138 -2194.009418 -701.199558
43.400000 1.988355 3.314639 -2115.253249 -623.986921
43.450000 2.007294 3.441603 -2110.312846 -604.842390
43.500000 2.001852 3.162379 -2142.559542 -641.170264
43.550000 2.004518 3.323520 -2113.290265 -609.901796
43.600000 2.000997 3.056325 -2156.726147 -655.978626
43.650000 2.006970 3.267380 -2116.750696 -611.523000
43.700000 1.988912 3.128008 -2137.442994 -645.759058
43.750000 1.996057 3.164099 -2139.117888 -642.074842
43.800000 2.012187 2.975365 -2167.160712 -658.020368
43.850000 2.004484 2.871763 -2180.224368 -676.861103
43.900000 2.002432 2.870331 -2183.233637 -681.409408
43.950000 1.997201 3.037030 -2163.190347 -665.289951
44.000000 2.006469 3.333019 -2121.716561 -616.864634
44.050000 1.994894 2.997593 -2164.693555 -668.522801
44.100000 2.012883 3.066541 -2141.846656 -632.184045
44.150000 1.996579 2.980303 -2146.603237 -649.168982
44.200000 1.993582 2.605477 -2200.470346 -705.283714
44.250000 2.008334 2.737868 -2178.315826 -672.064956
44.300000 1.986413 2.579935 -2201.473682 -711.663740
44.350000 1.993083 2.807436 -2177.495161 -682.682807
44.400000 2.002616 2.916921 -2160.551973 -658.590258
44.450000 1.996081 3.007051 -2147.924642 -650.863536
44.500000 1.992414 2.700937 -2196.487871 -702.177243
44.550000 2.014999 2.779786 -2190.701785 -679.452793
44.600000 2.003175 2.759901 -2190.162550 -687.781650
44.650000 2.000400 2.439972 -2224.969856 -724.669788
44.700000 2.006448 3.348664 -2100.783104 -595.947317
44.750000 1.997164 3.267260 -2123.352801 -625.479558
44.800000 1.992911 3.081184 -2147.773819 -653.090205
44.850000 2.001122 3.135245 -2139.213377 -638.371505
44.900000 2.001954 2.973446 -2160.171676 -658.706355
44.950000 1.986659 2.853327 -2166.284639 -676.290678
45.000000 2.013420 1.723191 -1883.865224 -373.800179
45.050000 1.998671 1.706486 -1887.611109 -388.608164
45.100000 2.011956 2.007700 -1837.902251 -328.935120
45.150000 2.007740 1.670408 -1889.830395 -384.025336
45.200000 1.997487 1.582533 -1907.964958 -409.849909
45.250000 2.001066 1.806427 -1878.879554 -378.080346
45.300000 2.005803 1.775438 -1887.286656 -382.934683
45.350000 1.995231 1.997878 -1856.111591 -359.688063
45.400000 2.005970 2.262983 -1818.998477 -314.520641
45.450000 2.007613 2.087556 -1838.688094 -332.977989
45.500000 2.009964 1.738275 -1884.622225 -377.149147
45.550000 1.992542 1.624665 -1901.419452 -407.012948
45.600000 2.002733 1.888050 -1870.873115 -368.823624
45.650000 2.007413 1.953942 -1863.827237 -358.267391
45.700000 1.994777 1.720975 -1901.444089 -405.361195
45.750000 2.000390 1.538982 -1931.875975 -431.583376
45.800000 1.985853 1.604562 -1924.436764 -435.047197
45.850000 1.997704 1.896990 -1875.844156 -377.566158
45.900000 2.001907 1.862259 -1877.173702 -375.743540
45.950000 1.997242 1.783006 -1901.797709 -403.866529
46.000000 2.005748 1.894105 -1891.469490 -387.158431
46.050000 1.997414 2.183264 -1828.395166 -330.334605
46.100000 1.992869 1.866682 -1865.610782 -370.959340
46.150000 2.012746 1.636140 -1895.364755 -385.804970
46.200000 1.985911 1.663287 -1891.865090 -402.432025
46.250000 2.022000 1.572308 -1911.125706 -394.625651
46.300000 1.999543 1.633904 -1894.457870 -394.800763
46.350000 2.006811 1.789641 -1878.116682 -373.008521
46.400000 1.999974 2.042942 -1844.461761 -344.481631
46.450000 1.991900 1.679448 -1904.234205 -410.308984
46.500000 1.999339 1.637806 -1910.118948 -410.614494
46.550000 1.997016 2.066195 -1837.281063 -339.519085
46.600000 2.003275 1.769844 -1881.371250 -378.915063
46.650000 1.990723 1.654166 -1891.429749 -398.387792
46.700000 1.994778 1.570723 -1903.803800 -407.720123
46.750000 2.005441 1.727784 -1886.848162 -382.767377
46.800000 2.005305 1.700591 -1885.640186 -381.661368
46.850000 1.995293 1.396931 -1925.974614 -429.504538
46.900000 2.007241 1.540544 -1896.908354 -391.477928
46.950000 1.993492 1.989334 -1821.338858 -326.219773
47.000000 2.003981 1.863948 -1858.136417 -355.150823
47.050000 2.012877 1.965525 -1843.112213 -333.454382
47.100000 1.992306 1.795192 -1866.248405 -372.019275
47.150000 2.007572 1.597060 -1900.265090 -394.585923
47.200000 1.984032 1.749816 -1869.658342 -381.634364
47.250000 1.996503 1.683661 -1880.882951 -383.505520
47.300000 2.002515 1.637316 -1890.082762 -388.196229
47.350000 1.993875 1.762227 -1876.777917 -381.371903
47.400000 2.001238 1.752904 -1887.590725 -386.662179
47.450000 2.000125 1.557413 -1928.158268 -428.064507
47.500000 1.975600 2.021166 -1863.215136 -381.515417
47.550000 2.004386 2.389998 -1809.435314 -306.145911
47.600000 1.998262 2.328353 -1813.811701 -315.114940
47.650000 2.010414 2.001240 -1857.827231 -350.016889
47.700000 2.002486 1.881760 -1858.909719 -357.045321
47.750000 2.007261 1.492356 -1908.642846 -403.197356
47.800000 1.999311 1.525485 -1896.305670 -396.822352
47.850000 2.009839 2.032681 -1817.369589 -309.990011
47.900000 1.996286 1.591589 -1892.723071 -395.508880
47.950000 1.988965 1.595572 -1894.130725 -402.407202
48.000000 2.003243 1.624939 -1896.173190 -393.741113
48.050000 1.999784 1.423663 -1931.570748 -431.732804
48.100000 1.994699 1.820311 -1871.219292 -375.194765
48.150000 2.009095 1.614906 -1910.507806 -403.686720
48.200000 1.992252 1.753730 -1893.400746 -399.211686
48.250000 1.988965 2.106584 -1851.185130 -359.461569
48.300000 1.998247 2.137255 -1844.941749 -346.256638
48.350000 2.001575 1.838059 -1880.240772 -379.059176
48.400000 1.981280 2.054811 -1833.239790 -347.279673
48.450000 2.003821 1.765912 -1873.647031 -370.780918
48.500000 2.001332 1.452039 -1916.728572 -415.729939
48.550000 1.991406 1.824891 -1859.404886 -365.850499
48.600000 1.998763 1.897582 -1853.697910 -354.625768
48.650000 2.008136 1.706572 -1883.493695 -377.391396
48.700000 1.998332 1.979045 -1846.452857 -347.703643
48.750000 2.015365 2.283117 -1801.906418 -290.382340
48.800000 2.011325 1.431603 -1925.330164 -416.836262
48.850000 2.004367 1.424971 -1911.517932 -408.242610
48.900000 1.989482 1.848870 -1843.179517 -351.067915
48.950000 2.014556 1.568155 -1893.726538 -382.809823
49.000000 2.000531 1.397063 -1923.377744 -422.979340
49.050000 1.998811 1.591420 -1894.858846 -395.750568
49.100000 2.001402 1.866306 -1857.792931 -356.741708
49.150000 1.999616 1.976724 -1841.161550 -341.449713
49.200000 1.997787 1.697032 -1882.651553 -384.311186
49.250000 2.008115 1.733255 -1885.304452 -379.218111
49.300000 2.004240 1.648731 -1895.854189 -392.674159
49.350000 1.991587 1.504216 -1913.040439 -419.350283
49.400000 1.991662 1.550750 -1911.657114 -417.910807
49.450000 2.005680 1.617155 -1907.242977 -402.983105
49.500000 2.007186 1.869148 -1867.221344 -361.832156
49.550000 1.992656 1.884682 -1869.150175 -374.657828
49.600000 1.990713 2.073536 -1845.029297 -351.994860
49.650000 2.004952 2.013874 -1859.930591 -356.216717
49.700000 2.010008 1.791162 -1890.761884 -383.256072
49.750000 1.995198 2.030625 -1848.715602 -352.316992
49.800000 2.003399 1.943774 -1858.656495 -356.107198
49.850000 1.999540 1.713843 -1874.329924 -374.675299
49.900000 2.002570 1.511571 -1891.759949 -389.832758
49.950000 1.993690 1.381997 -1902.486371 -407.218697
50.000000 1.988181 1.455576 -1901.072469 -409.936862
50.050000 1.995559 1.998861 -1824.554422 -327.884953
50.100000 1.998051 1.861803 -1845.229913 -346.692021
50.150000 2.005866 1.742821 -1860.752833 -356.353503
50.200000 2.003702 1.679456 -1869.504061 -366.727495
50.250000 1.997981 1.650774 -1880.573532 -382.087768
50.300000 1.999239 1.836218 -1855.975383 -356.546245
50.350000 2.001024 1.815409 -1859.750231 -358.982133
50.400000 1.996352 1.794906 -1860.687665 -363.423299
50.450000 1.992638 1.995332 -1837.760663 -343.282118
50.500000 2.006130 2.134767 -1818.946004 -314.348458
50.550000 2.007592 1.613874 -1892.959341 -387.265367
50.600000 1.992895 1.764107 -1866.924063 -372.252947
50.650000 1.999693 2.019386 -1828.121830 -328.352202
50.700000 2.011796 1.785372 -1864.567302 -355.720167
50.750000 1.989120 1.712618 -1866.960975 -375.120872
50.800000 2.005543 1.463600 -1905.696327 -401.539366
50.850000 1.993552 1.685760 -1862.961608 -367.797353
50.900000 2.008929 1.572696 -1886.858293 -380.161775
50.950000 1.992809 1.729548 -1867.286556 -372.679740
51.000000 2.011096 1.846683 -1846.110482 -337.788656
51.050000 1.999430 1.582552 -1879.131977 -379.559515
51.100000 1.991501 1.456995 -1906.557821 -412.931863
51.150000 1.986858 1.842872 -1858.809542 -368.666274
51.200000 2.003774 1.978848 -1839.681947 -336.851336
51.250000 1.996418 1.728459 -1874.810075 -377.496564
51.300000 1.992799 1.825432 -1853.141348 -358.542343
51.350000 1.984978 1.663546 -1883.531715 -394.798064
51.400000 2.000382 1.439534 -1926.585031 -426.298622
51.450000 2.003402 1.897651 -1866.051619 -363.500455
51.500000 1.993486 2.153557 -1840.316636 -345.202459
51.550000 2.013514 2.277732 -1818.441004 -308.305249
51.600000 2.009163 1.742587 -1895.608076 -388.735904
51.650000 2.011693 1.592272 -1900.040792 -391.270703
51.700000 2.007995 1.297379 -1939.306006 -433.309675
51.750000 1.992207 1.663320 -1882.420637 -388.265321
51.800000 2.010597 1.865345 -1860.252359 -352.304941
51.850000 1.996025 1.792671 -1864.499231 -367.480440
51.900000 2.004001 1.692581 -1880.543925 -377.543220
51.950000 2.001066 1.996386 -1829.324262 -328.524440
52.000000 1.997544 1.660947 -1894.173557 -396.015423
52.050000 2.005776 1.528943 -1917.429328 -413.097344
52.100000 1.996305 1.456328 -1920.075253 -422.846375
52.150000 1.987960 1.963600 -1834.373666 -343.403994
52.200000 2.007667 1.976498 -1844.562940 -338.812761
52.250000 2.008546 1.717117 -1877.276974 -370.867761
52.300000 2.001335 1.550605 -1893.603138 -392.601943
52.350000 1.998550 1.281050 -1937.202907 -438.290049
52.400000 2.007924 1.497609 -1909.845486 -403.902277
52.450000 1.987034 1.720549 -1882.696108 -392.420844
52.500000 2.002498 1.104806 -1556.027864 -54.154244
52.550000 2.002841 0.982797 -1584.368407 -82.237315
52.600000 2.003278 0.983600 -1587.816169 -85.357561
52.650000 1.990745 1.164134 -1557.729189 -64.670079
52.700000 2.012100 1.108371 -1571.882667 -62.807892
52.750000 2.001517 0.893443 -1603.643383 -102.506002
52.800000 1.998681 0.984398 -1587.659113 -88.648608
52.850000 2.002777 1.212079 -1549.301590 -47.219022
52.900000 1.993930 1.004977 -1589.022545 -93.574739
52.950000 2.004430 1.050807 -1578.891868 -75.569559
53.000000 2.009200 1.027335 -1575.446752 -68.546816
53.050000 1.998167 0.786538 -1620.378899 -121.753971
53.100000 2.003345 1.038118 -1576.899110 -74.390683
53.150000 2.003627 0.995038 -1590.187760 -87.467720
53.200000 1.998231 1.134167 -1562.414361 -63.741118
53.250000 1.995248 0.872670 -1611.562292 -115.126179
53.300000 2.000037 0.902412 -1606.380527 -106.352944
53.350000 1.993041 1.113460 -1567.451359 -72.670938
53.400000 1.998974 1.103164 -1573.577244 -74.346865
53.450000 1.994973 0.977004 -1600.885053 -104.655665
53.500000 1.998513 1.346876 -1528.942326 -30.057423
53.550000 2.003193 0.833271 -1627.153617 -124.758996
53.600000 1.991462 1.011980 -1587.230283 -93.633800
53.650000 2.002083 1.143501 -1567.201740 -65.639800
53.700000 2.007786 1.234946 -1551.103835 -45.264017
53.750000 2.007502 0.934144 -1603.941296 -98.314495
53.800000 1.994660 1.060396 -1569.089182 -73.094204
53.850000 1.993230 0.999139 -1573.894545 -78.972036
53.900000 2.009460 0.906260 -1587.498133 -80.402759
53.950000 1.999705 0.830679 -1605.114121 -105.335738
54.000000 1.992108 0.926879 -1600.823330 -106.742027
54.050000 1.992141 1.211949 -1558.570952 -64.465225
54.100000 2.000083 1.007059 -1594.460781 -94.398384
54.150000 2.000748 0.974884 -1588.600906 -88.039772
54.200000 1.997570 1.032440 -1577.840937 -79.663470
54.250000 2.002876 1.201410 -1550.614605 -48.457702
54.300000 2.007662 1.128913 -1571.103841 -65.357017
54.350000 2.006160 1.322176 -1530.942126 -26.321944
54.400000 2.003363 1.005792 -1585.669235 -83.146980
54.450000 1.998440 1.038370 -1574.592259 -75.762440
54.500000 2.011419 1.078756 -1558.824566 -50.260178
54.550000 1.991588 1.000143 -1564.370773 -70.679546
54.600000 2.002757 1.059287 -1553.496991 -51.429105
54.650000 1.992834 1.232429 -1528.955655 -34.330436
54.700000 2.002227 1.174214 -1561.383453 -59.712974
54.750000 1.993345 1.319805 -1549.160328 -54.151279
54.800000 1.998192 1.360159 -1551.579779 -52.935911
54.850000 2.001909 1.238600 -1565.015138 -63.583119
54.900000 1.993164 1.080706 -1580.635500 -85.762830
54.950000 2.005279 0.857956 -1620.507159 -116.547624
55.000000 1.990229 1.110304 -1571.437718 -78.765675
55.050000 2.008216 1.170529 -1557.765506 -51.603190
55.100000 1.995580 1.052270 -1575.792147 -79.107030
55.150000 1.996203 1.033157 -1581.480571 -84.328378
55.200000 1.993045 1.267223 -1530.470676 -35.686836
55.250000 2.011326 0.933389 -1591.446074 -82.951784
55.300000 1.997524 0.974550 -1584.394093 -86.251439
55.350000 1.997885 1.114513 -1564.623985 -66.209915
55.400000 1.996130 1.105899 -1567.760482 -70.663216
55.450000 2.006264 0.825597 -1618.941659 -114.243441
55.500000 2.005753 0.977964 -1580.985616 -76.670647
55.550000 1.991626 1.021690 -1571.174111 -77.454536
55.600000 1.991833 1.225708 -1528.531759 -34.656849
55.650000 1.999673 1.108502 -1545.696009 -45.941159
55.700000 2.003265 0.889369 -1593.374240 -90.925313
55.750000 1.992313 1.053509 -1569.856803 -75.622033
55.800000 2.005949 1.144771 -1555.323019 -50.861487
55.850000 2.003670 1.149192 -1552.250982 -49.498266
55.900000 2.007686 1.120079 -1555.940230 -50.176072
55.950000 2.006769 0.891479 -1593.716227 -88.639579
56.000000 1.993824 0.906725 -1586.527697 -91.159485
56.050000 1.998151 0.931238 -1582.647516 -84.034096
56.100000 2.004566 1.005857 -1568.325147 -64.900537
56.150000 1.989574 1.090074 -1550.959693 -58.778942
56.200000 2.001609 1.046805 -1558.817460 -57.610789
56.250000 2.007402 0.774581 -1606.012234 -100.460403
56.300000 1.996255 0.743209 -1609.800304 -112.609153
56.350000 2.001513 0.865265 -1590.986831 -89.852196
56.400000 1.998780 1.005260 -1561.685791 -62.600703
56.450000 2.004090 1.131754 -1539.989489 -36.922352
56.500000 2.000953 1.051167 -1560.006729 -59.292212
56.550000 2.003229 1.009760 -1574.222081 -71.800223
56.600000 1.994148 1.144622 -1545.465177 -49.854022
56.650000 2.008881 0.957144 -1580.038584 -73.377655
56.700000 2.006503 0.809783 -1606.135991 -101.258515
56.750000 1.997862 0.956805 -1579.627943 -81.231396
56.800000 2.000064 1.002789 -1579.694474 -79.646157
56.850000 1.999834 0.991980 -1588.885574 -89.010403
56.900000 1.994317 1.074926 -1580.861798 -85.124274
56.950000 1.997829 1.262665 -1554.875958 -56.504118
57.000000 2.001590 1.304693 -1553.572908 -52.380266
57.050000 2.009413 1.056930 -1598.236370 -91.176942
57.100000 1.994622 1.229055 -1562.040623 -66.074391
57.150000 2.005126 1.278409 -1552.087975 -48.243828
57.200000 1.993114 1.240308 -1554.259797 -59.424044
57.250000 2.003975 1.237492 -1550.359621 -47.378332
57.300000 2.004178 0.913309 -1606.936954 -103.803295
57.350000 2.003459 0.902752 -1605.327503 -102.733494
57.400000 1.990921 1.204701 -1543.236405 -50.045418
57.450000 2.004524 0.907303 -1595.965420 -92.572080
57.500000 1.999872 0.745290 -1622.829266 -122.925203
57.550000 1.987407 0.861065 -1607.515882 -116.960580
57.600000 1.998212 1.208383 -1552.374055 -53.715424
57.650000 1.999924 1.120491 -1577.106864 -77.163727
57.700000 1.998524 1.091545 -1589.307064 -90.414085
57.750000 1.999177 1.326992 -1550.284374 -50.901331
57.800000 2.004118 1.205857 -1567.911198 -64.822653
57.850000 1.994876 1.040688 -1588.845445 -92.688338
57.900000 1.999737 1.176302 -1553.023172 -53.220449
57.950000 2.003211 0.975132 -1584.379469 -81.971205
58.000000 1.993030 1.007397 -1568.046056 -73.273549
58.050000 2.001509 1.039071 -1566.214583 -65.082944
58.100000 1.991231 1.317320 -1519.010118 -25.587207
58.150000 2.013468 0.994907 -1591.598565 -81.497296
58.200000 1.995095 1.002654 -1582.320310 -85.999226
58.250000 1.999913 0.961011 -1593.801043 -93.865947
58.300000 2.003664 0.956160 -1595.470609 -92.722576
58.350000 1.999043 0.912839 -1607.582345 -108.300236
58.400000 1.998862 1.010332 -1592.806898 -93.660417
58.450000 2.004171 0.987813 -1599.410593 -96.282375
58.500000 2.005586 1.013516 -1591.749404 -87.559575
58.550000 1.999409 1.133314 -1563.344061 -63.787390
58.600000 2.002458 1.014451 -1595.631063 -93.787269
58.650000 1.990208 1.281971 -1551.170076 -58.513833
58.700000 2.005800 1.280733 -1543.622517 -39.272331
58.750000 2.002406 0.865889 -1599.733658 -97.929333
58.800000 1.996283 0.655070 -1632.198570 -134.986116
58.850000 1.994428 0.790363 -1615.431576 -119.610448
58.900000 1.996846 1.162899 -1549.496758 -51.861986
58.950000 2.013763 1.064045 -1565.632255 -55.310329
59.000000 1.990136 0.988500 -1568.061984 -75.459688
59.050000 2.003554 1.103939 -1551.411613 -48.746063
59.100000 1.999884 1.133982 -1555.412512 -55.499396
59.150000 1.997786 1.107969 -1557.849869 -59.510663
59.200000 1.997769 1.109395 -1544.120386 -45.793310
59.250000 2.002427 0.864276 -1589.403653 -87.583332
59.300000 1.998371 1.015236 -1571.663782 -72.885338
59.350000 1.996033 1.338488 -1520.785360 -23.760775
59.400000 2.011677 0.992269 -1586.795287 -78.037875
59.450000 1.997887 0.747357 -1623.667075 -125.251835
59.500000 1.999381 0.843224 -1606.052100 -106.516434
59.550000 2.005233 0.825624 -1615.517668 -111.592948
59.600000 1.983753 1.138413 -1561.757875 -73.943196
59.650000 2.003882 1.226031 -1545.177074 -42.265401
59.700000 2.000791 0.906906 -1600.953700 -100.360439
59.750000 2.010717 1.052516 -1569.355816 -61.317940
59.800000 2.000877 0.941279 -1589.317489 -88.659538
59.850000 1.997601 0.950320 -1596.084864 -97.884151
59.900000 2.002330 1.076921 -1582.295859 -80.548013
59.950000 2.000131 1.053634 -1598.612533 -98.514105
60.000000 2.003896 0.813026 -1252.409215 250.512871
60.050000 1.998215 0.826017 -1255.284948 243.375931
60.100000 2.007228 0.750647 -1273.666109 231.755214
60.150000 1.989864 0.694086 -1282.059334 210.338492
60.200000 2.003934 0.725177 -1266.143965 236.806683
60.250000 2.002090 0.598002 -1291.304269 210.262968
60.300000 1.993205 0.722801 -1270.041294 224.862690
60.350000 2.002704 0.714931 -1284.495239 217.533066
60.400000 2.000065 0.823300 -1258.838011 241.210564
60.450000 1.991210 0.938060 -1229.838221 263.569348
60.500000 2.002025 0.829626 -1249.562641 251.956085
60.550000 1.997396 0.739771 -1264.822781 233.223878
60.600000 2.001214 0.615749 -1286.989651 213.921105
60.650000 2.002505 0.575501 -1295.357599 206.521269
60.700000 1.999336 0.675014 -1275.952925 223.549449
60.750000 1.998883 0.753401 -1261.606890 237.555696
60.800000 2.006254 0.872181 -1235.399010 269.291293
60.850000 1.994936 0.859045 -1242.706696 253.495084
60.900000 1.992670 0.845087 -1246.555139 247.947145
60.950000 2.006128 0.790336 -1255.119114 249.476650
61.000000 2.007661 0.618663 -1290.908954 214.837013
61.050000 1.989356 0.605947 -1294.420746 197.596053
61.100000 2.001560 0.890721 -1234.079774 267.090167
61.150000 2.001750 0.845750 -1252.913923 248.398418
61.200000 2.004841 0.855972 -1245.400924 258.229755
61.250000 1.997304 0.789870 -1251.693300 246.284651
61.300000 2.003511 0.724816 -1260.609971 242.023230
61.350000 2.006645 0.746644 -1247.812346 257.171411
61.400000 1.991667 0.620545 -1270.088206 223.661985
61.450000 1.996406 0.753549 -1233.790826 263.513881
61.500000 2.007871 0.688659 -1241.249182 264.653953
61.550000 1.999957 0.463619 -1287.925706 212.041688
61.600000 1.998408 0.602935 -1251.402129 247.403676
61.650000 2.002202 0.420818 -1300.542698 201.108783
61.700000 1.996558 0.646695 -1256.342466 241.076259
61.750000 2.001111 0.782024 -1232.664899 268.168696
61.800000 2.002180 0.576747 -1286.191419 215.443380
61.850000 1.995546 0.721697 -1260.072573 236.587181
61.900000 2.008117 0.754984 -1259.915387 246.172519
61.950000 1.999870 0.704677 -1272.491495 227.411024
62.000000 2.001253 0.704456 -1274.836274 226.103699
62.050000 2.003670 0.803523 -1251.888254 250.863901
62.100000 1.999422 0.715636 -1263.071160 236.495587
62.150000 2.008611 0.667054 -1252.552319 253.906168
62.200000 1.996754 0.529221 -1268.728095 228.837508
62.250000 2.004690 0.406288 -1300.828737 202.688819
62.300000 1.991607 0.613068 -1262.583078 231.122216
62.350000 1.998741 0.643669 -1268.770278 230.285637
62.400000 1.991940 0.848293 -1235.749172 258.206163
62.450000 1.996228 0.934156 -1229.107700 268.063659
62.500000 1.999233 0.853344 -1252.766656 246.658193
62.550000 1.998988 0.786322 -1270.492722 228.747996
62.600000 2.001005 0.811902 -1263.759227 236.994832
62.650000 2.006661 0.739086 -1279.503894 225.492162
62.700000 2.006670 0.708818 -1272.863978 232.138498
62.750000 2.004336 0.519046 -1308.891411 194.360588
62.800000 1.983195 0.668437 -1278.577752 208.818306
62.850000 2.005129 0.850836 -1239.893977 263.952766
62.900000 2.000193 0.758889 -1260.325079 239.819826
62.950000 1.992639 0.703767 -1268.940068 225.539234
63.000000 2.004458 0.696814 -1270.618548 232.725186
63.050000 1.995791 0.806607 -1247.330646 249.512952
63.100000 2.000262 0.724496 -1281.933143 218.263145
63.150000 2.000814 0.770565 -1286.459290 214.151543
63.200000 2.000640 0.920114 -1256.414197 244.066149
63.250000 1.994162 0.863417 -1266.785857 228.835914
63.300000 2.003667 0.778096 -1276.593437 226.157008
63.350000 1.999440 0.714492 -1277.047952 222.531999
63.400000 1.998607 0.696317 -1271.863056 227.091888
63.450000 1.990442 0.772461 -1250.567697 242.264011
63.500000 1.989791 0.767569 -1250.893640 241.449973
63.550000 2.013650 0.608134 -1282.622947 227.614633
63.600000 1.997288 0.586052 -1274.847835 223.118018
63.650000 1.998709 0.717923 -1241.602276 257.429388
63.700000 2.003270 0.477754 -1298.046261 204.406031
63.750000 2.003390 0.519948 -1289.372945 213.169318
63.800000 1.992484 0.741345 -1243.339341 251.023297
63.850000 2.003737 0.732006 -1253.392376 249.410306
63.900000 1.991166 0.682149 -1267.662406 225.712002
63.950000 2.000955 0.681918 -1272.674281 228.042049
64.000000 2.007836 0.680323 -1278.545260 227.331457
64.050000 1.998951 0.694797 -1284.988708 214.224654
64.100000 1.999736 0.854416 -1263.974659 235.827181
64.150000 2.007888 0.901778 -1261.322834 244.593330
64.200000 2.006615 0.809843 -1275.310292 229.651141
64.250000 2.000658 0.638864 -1305.790201 194.703647
64.300000 1.994197 0.784019 -1274.146325 221.501621
64.350000 1.994876 0.948760 -1246.159905 249.996973
64.400000 2.003195 0.963240 -1236.227183 266.168705
64.450000 2.008478 0.653498 -1291.061413 215.296845
64.500000 2.009859 0.507529 -1309.514715 197.879847
64.550000 1.990879 0.615009 -1277.575145 215.584182
64.600000 1.997597 0.734350 -1249.165228 249.032794
64.650000 1.998583 0.544540 -1300.481647 198.455885
64.700000 2.004020 0.690524 -1268.475158 234.539638
64.750000 1.994858 0.752630 -1257.729516 238.413808
64.800000 2.001648 0.739173 -1255.852436 245.383266
64.850000 2.005927 0.496082 -1303.482180 200.962710
64.900000 1.994987 0.566737 -1278.680199 217.560115
64.950000 2.005608 0.626466 -1269.792553 234.413551
65.000000 1.997533 0.620442 -1276.564766 221.584784
65.050000 2.006334 0.668045 -1274.680606 230.069988
65.100000 2.000557 0.736222 -1268.594997 231.822614
65.150000 1.999526 0.776604 -1272.471856 227.172443
65.200000 2.005608 0.917748 -1245.117239 259.088461
65.250000 2.001257 0.671621 -1297.021534 203.921419
65.300000 2.002970 0.687521 -1280.042694 222.184890
65.350000 2.001590 0.700165 -1270.002766 231.189804
65.400000 1.990963 0.661209 -1278.066713 215.155678
65.450000 2.002989 0.618800 -1290.189170 212.052692
65.500000 2.001511 0.630588 -1290.573482 210.559527
65.550000 2.002430 0.683080 -1281.064722 220.757988
65.600000 2.001904 0.756489 -1264.459235 236.968583
65.650000 1.996956 0.779264 -1265.314005 232.402747
65.700000 2.004879 0.760247 -1273.803673 229.855613
65.750000 2.001024 0.765630 -1264.691428 236.076437
65.800000 2.000142 0.744543 -1256.318861 243.787782
65.850000 2.002109 0.563789 -1286.778689 214.803347
65.900000 1.993966 0.663771 -1260.898642 234.575757
65.950000 1.999576 0.804868 -1235.150484 264.531661
66.000000 2.003220 0.665857 -1277.276995 225.137735
66.050000 1.997345 0.847795 -1242.738126 255.270583
66.100000 2.006798 0.765299 -1263.950420 241.147926
66.150000 1.999841 0.737411 -1258.162821 241.717721
66.200000 1.996348 0.635821 -1279.456603 217.804123
66.250000 1.998283 0.737829 -1255.044321 243.667689
66.300000 2.004388 0.692008 -1265.542192 237.748484
66.350000 1.990036 0.602503 -1289.439341 203.087782
66.400000 1.997327 0.729620 -1266.462423 231.532505
66.450000 2.003205 0.709993 -1271.108723 231.294913
66.500000 1.997754 0.800046 -1241.366643 256.948785
66.550000 2.002678 0.634871 -1269.840947 232.167764
66.600000 1.996245 0.537777 -1287.375835 209.807691
66.650000 1.988707 0.728682 -1249.047948 242.482201
66.700000 1.999072 0.770669 -1249.179885 250.124278
66.750000 2.002424 0.883925 -1220.592116 281.225630
66.800000 2.003415 0.702047 -1262.436652 240.124752
66.850000 2.003501 0.582626 -1283.716572 218.909332
66.900000 1.993653 0.574364 -1283.029750 212.210111
66.950000 1.995309 0.716179 -1255.106296 241.375312
67.000000 1.996493 0.673386 -1270.705682 226.664367
67.050000 1.998088 0.678962 -1267.379238 231.186924
67.100000 2.003270 0.590441 -1283.149503 219.302834
67.150000 1.993836 0.554890 -1288.947287 206.429972
67.200000 1.993333 0.648016 -1270.555024 224.444737
67.250000 1.992484 0.742219 -1252.634729 241.727905
67.300000 1.997836 0.799879 -1231.259878 267.117415
67.350000 2.003306 0.486352 -1296.977074 205.502777
67.400000 2.000396 0.447639 -1308.378307 191.918979
67.450000 2.000991 0.771335 -1243.767797 256.975112
