# t Temp Pres Epot Etot
0.000000 2.007471 28.198600 -1437.215235 -666.346561
0.050000 2.023322 28.717846 -1411.339774 -634.384132
0.100000 2.010251 28.950678 -1400.617205 -628.680685
0.150000 2.033590 27.951158 -1448.167516 -667.269032
0.200000 1.952677 29.094449 -1392.295908 -642.467934
0.250000 2.011318 29.308531 -1383.588789 -611.242648
0.300000 2.025162 28.420076 -1426.937592 -649.275427
0.350000 2.013139 30.522928 -1328.844599 -555.799123
0.400000 1.986438 27.750787 -1453.515019 -690.722931
0.450000 1.994741 28.808001 -1408.051729 -642.071008
0.500000 2.017670 27.638806 -1457.939648 -683.154529
0.550000 1.953954 29.749148 -1361.394970 -611.076584
0.600000 1.936538 29.097914 -1390.365234 -646.734582
0.650000 2.041496 28.133522 -1439.575364 -655.640754
0.700000 2.007675 27.927278 -1447.471723 -676.524579
0.750000 2.011655 27.858927 -1449.878966 -677.403439
0.800000 2.004180 30.165077 -1342.326266 -572.721159
0.850000 2.010922 29.040893 -1395.891713 -623.697855
0.900000 1.979893 28.404289 -1423.441468 -663.162490
0.950000 1.968844 28.369309 -1423.691381 -667.655255
1.000000 2.020440 29.256420 -1387.759842 -611.910741
1.050000 1.997321 28.387038 -1423.530928 -656.559820
1.100000 1.956987 27.436489 -1468.606385 -717.123397
1.150000 1.984474 29.252325 -1387.190769 -625.152661
1.200000 1.994633 30.202672 -1345.030200 -579.091039
1.250000 2.019730 27.929398 -1447.501594 -671.925415
1.300000 1.996128 28.543532 -1418.118028 -651.605001
1.350000 2.035993 29.023315 -1395.823106 -614.001720
1.400000 1.996911 28.378088 -1428.294293 -661.480391
1.450000 2.026682 28.093382 -1442.306941 -664.061126
1.500000 2.013968 28.823511 -1405.831115 -632.467535
1.550000 2.030290 28.339769 -1429.466521 -649.835177
1.600000 2.013995 28.679961 -1415.306238 -641.932175
1.650000 1.971107 29.153540 -1394.034212 -637.128973
1.700000 2.040385 29.956092 -1363.272199 -579.764336
1.750000 2.026213 27.255363 -1479.498431 -701.432471
1.800000 1.999018 28.934530 -1406.012550 -638.389817
1.850000 2.003571 28.020264 -1445.420462 -676.049188
1.900000 2.005338 29.601953 -1373.519363 -603.469728
1.950000 1.998897 29.496409 -1373.084278 -605.507652
2.000000 1.997582 28.154092 -1440.038574 -672.967238
2.050000 1.974129 28.186575 -1433.797855 -675.732384
2.100000 2.013679 29.754550 -1363.927144 -590.674529
2.150000 2.025643 28.494390 -1422.316978 -644.470148
2.200000 1.984006 27.496693 -1462.930276 -701.071855
2.250000 1.999085 29.689004 -1369.132071 -601.483601
2.300000 2.010504 29.249322 -1388.035596 -616.002171
2.350000 2.027902 27.846401 -1452.354558 -673.640078
2.400000 1.956181 29.638192 -1368.864615 -617.691027
2.450000 2.012258 28.994789 -1401.092042 -628.384928
2.500000 2.025550 29.128932 -1395.906638 -618.095284
2.550000 2.002126 28.567706 -1419.946345 -651.130142
2.600000 1.998766 28.775112 -1411.953409 -644.427240
2.650000 2.017821 28.326246 -1430.320475 -655.477066
2.700000 2.008587 28.295134 -1434.368034 -663.070531
2.750000 1.987488 28.884739 -1402.529043 -639.333765
2.800000 1.985249 29.150633 -1387.108981 -624.773352
2.850000 2.001261 28.357231 -1426.542769 -658.058623
2.900000 1.963779 28.208979 -1432.812871 -678.721624
2.950000 2.049603 28.976252 -1400.991234 -613.943613
3.000000 1.979938 30.273231 -1343.206143 -582.909791
3.050000 2.040894 26.732538 -1502.092429 -718.389304
3.100000 1.972427 29.931758 -1354.037731 -596.625818
3.150000 1.978371 28.083342 -1440.669960 -680.975643
3.200000 2.014624 30.412348 -1331.903044 -558.287616
3.250000 1.992307 29.669165 -1369.049202 -604.003333
3.300000 2.048651 28.703225 -1416.651952 -629.969943
3.350000 2.002239 29.062250 -1395.135071 -626.275473
3.400000 1.982217 28.187309 -1433.793714 -672.622255
3.450000 1.978967 28.131490 -1435.976158 -676.052932
3.500000 1.989202 30.408989 -1332.675751 -568.822279
3.550000 1.995195 28.385137 -1428.304772 -662.150049
3.600000 2.009968 28.205746 -1434.226473 -662.398673
3.650000 1.970005 29.398300 -1378.969395 -622.487621
3.700000 2.007932 29.901711 -1357.889894 -586.843994
3.750000 1.968332 29.571209 -1371.007144 -615.167529
3.800000 2.010902 28.004486 -1444.356131 -672.169893
3.850000 1.983542 28.789577 -1405.412702 -643.732654
3.900000 2.003333 28.735808 -1411.051593 -641.771607
3.950000 1.990965 28.352681 -1427.710242 -663.179630
4.000000 2.004020 28.656839 -1414.250428 -644.706745
4.050000 2.015728 28.457785 -1426.900971 -652.861409
4.100000 1.974200 29.055607 -1394.869565 -636.776842
4.150000 2.016115 28.617232 -1417.335329 -643.147153
4.200000 1.999073 27.791177 -1455.033484 -687.389335
4.250000 2.022452 29.727334 -1365.545500 -588.924013
4.300000 2.027323 29.148190 -1390.107204 -611.615046
4.350000 1.970874 27.278136 -1473.629680 -716.813919
4.400000 1.993870 29.546660 -1372.698777 -607.052595
4.450000 2.008231 29.202218 -1390.221173 -619.060457
4.500000 2.004912 29.332504 -1386.662090 -616.775728
4.550000 2.024911 29.056908 -1399.208709 -621.642874
4.600000 1.993613 29.199958 -1390.155536 -624.607970
4.650000 2.005195 28.908142 -1401.865501 -631.870789
4.700000 1.993628 28.871709 -1405.940731 -640.387643
4.750000 1.991747 28.326386 -1429.217150 -664.386314
4.800000 2.006931 28.412970 -1424.474515 -653.813158
4.850000 2.007553 29.163479 -1390.978499 -620.078160
4.900000 1.992757 29.433402 -1378.847168 -613.628361
4.950000 2.027298 27.783069 -1458.579792 -680.097419
5.000000 1.966230 28.179227 -1435.296224 -680.263906
5.050000 1.999309 30.233088 -1338.630812 -570.896221
5.100000 1.994062 29.505612 -1375.837372 -610.117659
5.150000 2.000114 28.574694 -1416.939698 -648.895885
5.200000 1.994400 28.968282 -1397.331048 -631.481258
5.250000 2.002118 28.453484 -1421.003637 -652.190441
5.300000 1.973595 29.164462 -1392.106632 -634.246185
5.350000 2.027511 29.494596 -1378.883374 -600.319194
5.400000 1.992761 29.587242 -1372.084019 -606.863759
5.450000 2.004021 28.772866 -1410.401238 -640.857328
5.500000 2.045592 28.688689 -1413.947471 -628.440152
5.550000 1.993439 28.628487 -1413.073386 -647.592948
5.600000 1.982521 28.806554 -1404.830282 -643.542036
5.650000 2.005803 29.554171 -1374.959224 -604.730854
5.700000 2.019886 28.987049 -1401.320817 -625.684742
5.750000 1.984816 28.476168 -1421.041580 -658.872145
5.800000 1.989083 28.643740 -1413.611891 -649.804042
5.850000 1.981297 28.997211 -1399.871237 -639.052998
5.900000 2.004983 29.232743 -1388.747743 -618.834122
5.950000 2.039375 29.881096 -1359.658140 -576.538222
6.000000 1.955074 28.086656 -1438.482224 -687.733885
6.050000 1.997450 28.482677 -1422.452452 -655.431553
6.100000 2.010723 28.412713 -1425.883013 -653.765355
6.150000 2.009669 29.572285 -1373.647406 -601.934580
6.200000 1.978912 29.023431 -1397.060307 -637.158123
6.250000 2.006174 28.130011 -1437.228251 -666.857267
6.300000 1.958139 28.209310 -1429.467880 -677.542534
6.350000 1.997628 29.424806 -1381.132139 -614.043057
6.400000 2.031099 29.171229 -1392.502482 -612.560649
6.450000 2.003061 28.990161 -1401.315466 -632.139995
6.500000 2.007503 28.253268 -1434.023528 -663.142341
6.550000 1.967476 28.209455 -1434.101127 -678.590353
6.600000 1.996483 30.035702 -1353.074688 -586.425314
6.650000 2.046434 28.082906 -1439.560022 -653.729521
6.700000 1.980630 28.954956 -1400.273944 -639.712165
6.750000 1.995058 29.636561 -1370.483441 -604.380988
6.800000 2.025198 28.360093 -1426.027315 -648.351336
6.850000 1.995667 29.308490 -1382.719638 -616.383441
6.900000 2.001094 28.274304 -1433.352074 -664.932151
6.950000 2.015461 29.536733 -1377.015616 -603.078670
7.000000 1.982137 30.406639 -1335.808792 -574.668310
7.050000 2.036022 28.530313 -1422.309376 -640.476847
7.100000 1.997740 29.433629 -1383.658073 -616.525914
7.150000 1.974128 28.877377 -1405.126387 -647.061304
7.200000 2.039250 28.038760 -1442.747194 -659.675074
7.250000 1.984984 28.697862 -1413.266966 -651.033100
7.300000 2.018408 27.926345 -1446.937837 -671.869247
7.350000 1.978711 28.940581 -1401.038333 -641.213177
7.400000 2.005111 28.494251 -1422.653420 -652.690942
7.450000 1.991518 29.093975 -1393.984824 -629.241911
7.500000 1.986326 17.830696 -1516.411302 -753.662046
7.550000 2.017226 18.824758 -1467.924623 -693.309985
7.600000 1.957911 19.818750 -1420.741967 -668.904153
7.650000 2.017399 18.626884 -1481.822520 -707.141207
7.700000 1.997589 16.274667 -1588.685802 -821.611618
7.750000 2.004502 16.216747 -1591.136172 -821.407556
7.800000 1.987846 18.292479 -1490.111759 -726.778804
7.850000 1.991211 18.305167 -1496.778807 -732.153711
7.900000 2.037811 18.463160 -1483.809889 -701.290285
7.950000 1.991103 17.759239 -1520.944659 -756.361161
8.000000 2.008466 17.034870 -1556.285174 -785.034288
8.050000 2.008939 17.529703 -1530.970622 -759.537884
8.100000 2.019175 17.237804 -1545.180347 -769.817314
8.150000 2.016823 16.952003 -1557.314417 -782.854529
8.200000 1.966730 17.517376 -1524.972343 -769.748173
8.250000 1.988267 19.161553 -1455.339282 -691.844676
8.300000 2.012452 17.886073 -1514.362809 -741.581327
8.350000 1.964361 18.166285 -1496.912077 -742.597433
8.400000 2.027654 17.207843 -1545.562600 -766.943555
8.450000 1.989380 17.599093 -1523.358599 -759.436547
8.500000 1.972780 17.883630 -1511.622015 -754.074365
8.550000 2.013759 19.150642 -1453.156909 -679.873554
8.600000 1.991192 18.963959 -1457.477420 -692.859730
8.650000 1.991237 16.784271 -1565.890014 -801.255017
8.700000 1.987177 17.623829 -1527.018743 -763.942711
8.750000 2.023064 17.667683 -1520.469841 -743.613319
8.800000 2.004262 17.650909 -1521.271621 -751.635000
8.850000 2.001208 17.018840 -1553.327824 -784.864113
8.900000 1.993608 17.817220 -1512.947773 -747.402113
8.950000 1.985103 17.437732 -1531.298197 -769.018473
9.000000 2.058689 18.108192 -1504.563626 -714.026877
9.050000 1.977646 17.326821 -1534.081742 -774.665631
9.100000 1.984032 19.297559 -1450.711664 -688.843513
9.150000 1.996309 17.472565 -1535.406055 -768.823375
9.200000 1.995938 17.819915 -1517.143223 -750.703098
9.250000 2.016496 17.944576 -1506.959265 -732.624914
9.300000 1.990066 16.842661 -1558.088085 -793.902732
9.350000 2.008693 17.191494 -1545.301051 -773.963062
9.400000 1.968594 19.228386 -1447.644793 -691.704802
9.450000 1.998803 19.189323 -1449.696903 -682.156447
9.500000 2.026806 18.065112 -1510.085593 -731.791913
9.550000 1.988082 17.898869 -1511.912818 -748.489292
9.600000 2.026585 17.999237 -1505.017402 -726.808849
9.650000 1.989018 17.089275 -1548.023064 -784.240127
9.700000 2.000019 16.961312 -1554.714880 -786.707564
9.750000 1.971733 17.587594 -1519.713061 -762.567673
9.800000 2.012454 18.561233 -1480.918488 -708.136159
9.850000 1.999572 17.698459 -1524.522586 -756.686782
9.900000 1.978987 18.660099 -1476.739155 -716.808105
9.950000 2.002424 17.447120 -1534.164952 -765.233948
10.000000 1.999925 16.969955 -1554.914191 -786.943179
10.050000 2.028454 16.178906 -1593.964862 -815.038678
10.100000 1.978906 16.281376 -1581.773485 -821.873406
10.150000 1.956862 18.602422 -1470.747958 -719.312991
10.200000 1.970811 18.110441 -1502.052276 -745.260706
10.250000 1.980213 18.595903 -1477.136874 -716.734965
10.300000 1.980823 18.936155 -1458.280242 -697.644051
10.350000 2.023412 18.396562 -1485.121037 -708.130824
10.400000 1.976337 17.549645 -1527.791547 -768.878042
10.450000 1.984192 16.691802 -1568.342676 -806.412842
10.500000 1.995917 18.312430 -1493.445471 -727.013240
10.550000 1.986936 17.453339 -1532.852254 -769.868961
10.600000 2.022059 17.279710 -1543.010286 -766.539677
10.650000 1.973691 17.242964 -1539.741628 -781.844409
10.700000 2.018387 16.347282 -1584.828164 -809.767566
10.750000 1.979695 16.921376 -1557.550170 -797.347417
10.800000 2.008034 18.373120 -1490.885785 -719.800547
10.850000 2.032900 18.069563 -1503.275387 -722.641754
10.900000 1.975461 17.879900 -1513.119448 -754.542594
10.950000 2.006718 18.042170 -1509.933236 -739.353523
11.000000 1.984054 18.548103 -1482.602631 -720.725761
11.050000 2.020054 18.038234 -1509.074747 -733.373999
11.100000 1.991810 17.423404 -1537.681453 -772.826384
11.150000 1.996864 17.981293 -1510.456250 -743.660479
11.200000 2.036020 17.003532 -1553.082838 -771.251177
11.250000 1.998389 17.063032 -1550.169843 -782.788462
11.300000 2.036047 16.256235 -1591.089595 -809.247527
11.350000 1.972411 16.672592 -1569.104883 -811.699008
11.400000 1.993466 17.004892 -1551.334041 -785.842962
11.450000 1.971846 17.334778 -1535.771473 -778.582540
11.500000 1.997316 18.771535 -1472.534080 -705.564622
11.550000 2.006802 18.147854 -1498.161864 -727.549939
11.600000 2.003869 16.980420 -1553.278211 -783.792507
11.650000 2.003644 17.333650 -1537.360484 -767.961234
11.700000 2.027760 17.735056 -1523.405487 -744.745595
11.750000 1.979349 18.698973 -1474.900959 -714.830972
11.800000 1.998224 18.233866 -1498.490050 -731.171952
11.850000 2.012685 17.204562 -1543.471912 -770.600790
11.900000 1.968891 15.661057 -1612.670439 -856.616437
11.950000 1.993196 17.736792 -1516.519491 -751.132201
12.000000 2.003556 18.357454 -1486.733836 -717.368211
12.050000 2.017628 16.851601 -1562.432527 -787.663388
12.100000 1.972592 17.574799 -1522.081325 -764.606066
12.150000 2.019623 17.888544 -1507.273970 -731.738556
12.200000 1.993685 16.840029 -1559.286799 -793.711601
12.250000 2.001795 15.975246 -1601.892341 -833.203155
12.300000 1.972436 18.775401 -1462.306863 -704.891498
12.350000 2.002535 19.516884 -1432.739509 -663.766224
12.400000 1.991567 18.724961 -1470.746870 -705.985300
12.450000 2.002198 18.828615 -1466.884168 -698.040284
12.500000 2.024508 16.714371 -1569.517749 -792.106785
12.550000 2.008981 16.595671 -1569.139372 -797.690573
12.600000 1.975251 16.866594 -1556.661196 -798.164654
12.650000 2.000013 17.385856 -1532.457087 -764.452180
12.700000 1.992277 17.004684 -1553.183693 -788.149264
12.750000 2.008549 17.780548 -1515.102870 -743.820032
12.800000 1.975014 18.391724 -1488.457169 -730.051695
12.850000 2.019089 19.447730 -1437.954367 -662.624329
12.900000 2.000199 17.236960 -1540.884847 -772.808536
12.950000 2.005829 17.348021 -1534.030924 -763.792745
13.000000 2.025614 16.916359 -1557.627132 -779.791409
13.050000 1.979765 18.142396 -1495.739572 -735.509960
13.100000 1.987480 16.931775 -1556.631543 -793.439244
13.150000 1.993482 17.148147 -1547.983379 -782.486180
13.200000 2.027372 18.832763 -1467.643456 -689.132652
13.250000 2.009842 18.211626 -1495.427410 -723.648192
13.300000 1.985338 16.551964 -1574.988199 -812.618322
13.350000 1.965083 17.679803 -1514.725075 -760.133089
13.400000 1.996439 17.788246 -1512.867531 -746.235084
13.450000 1.970870 18.355251 -1488.238034 -731.423901
13.500000 1.959875 20.168436 -1404.323059 -651.731080
13.550000 2.037227 19.630612 -1431.687124 -649.391806
13.600000 1.969041 18.495940 -1479.110496 -722.998727
13.650000 2.037838 17.566719 -1526.646026 -744.116309
13.700000 1.991602 17.370629 -1534.003023 -769.227908
13.750000 2.004709 17.624566 -1521.876683 -752.068562
13.800000 1.980716 17.351855 -1535.383453 -774.788434
13.850000 2.017538 17.584713 -1525.315022 -750.580605
13.900000 2.031567 17.377714 -1534.733882 -754.612190
13.950000 2.013218 17.654209 -1523.466365 -750.390588
14.000000 2.008754 17.428436 -1532.955778 -761.594079
14.050000 2.005071 16.903110 -1559.278556 -789.331167
14.100000 2.003723 17.985080 -1504.008881 -734.579304
14.150000 1.984885 17.322588 -1536.439823 -774.244098
14.200000 1.973744 17.948117 -1506.529327 -748.611741
14.250000 2.020973 18.002890 -1505.215345 -729.161728
14.300000 1.990025 17.722896 -1521.728813 -757.559361
14.350000 2.026489 17.342412 -1539.373405 -761.201542
14.400000 2.006211 16.320085 -1583.861726 -813.476680
14.450000 1.978847 17.612133 -1524.182959 -764.305706
14.500000 1.992116 17.523531 -1529.260045 -764.287574
14.550000 2.006234 18.705869 -1474.887199 -704.493534
14.600000 2.027798 17.079070 -1553.477557 -774.803162
14.650000 1.969238 16.674560 -1570.511766 -814.324289
14.700000 2.003737 17.425152 -1530.594422 -761.159519
14.750000 1.978870 17.054194 -1546.681035 -786.794846
14.800000 1.966489 19.486520 -1435.634885 -680.503264
14.850000 2.034999 17.430101 -1535.169170 -753.729643
14.900000 1.990354 17.600692 -1523.840324 -759.544424
14.950000 2.016602 17.647231 -1525.191509 -750.816390
15.000000 2.013429 14.558970 -1322.052459 -548.895617
15.050000 2.034699 14.489018 -1328.494182 -547.169676
15.100000 1.980556 14.053723 -1346.731725 -586.198264
15.150000 2.012307 14.764267 -1313.179002 -540.453132
15.200000 1.996144 14.068556 -1353.556041 -587.036579
15.250000 1.985445 14.750803 -1320.542435 -558.131640
15.300000 1.980967 15.889046 -1259.946199 -499.255020
15.350000 2.027014 14.038642 -1351.039271 -572.665783
15.400000 1.976193 14.241208 -1334.722390 -575.864468
15.450000 2.020162 14.610386 -1316.948406 -541.206245
15.500000 1.990916 14.280448 -1336.076731 -571.564902
15.550000 1.996984 15.669104 -1265.398972 -498.557147
15.600000 1.981736 16.246960 -1236.886838 -475.900083
15.650000 2.024542 14.803040 -1311.807235 -534.383131
15.700000 1.977272 14.665033 -1318.732223 -559.459855
15.750000 2.027456 15.046500 -1305.373364 -526.830282
15.800000 1.975236 14.548017 -1324.825983 -566.335490
15.850000 2.018189 14.862768 -1308.217072 -533.232457
15.900000 1.989214 13.710311 -1372.816644 -608.958424
15.950000 1.983179 15.007307 -1302.147354 -540.606686
16.000000 2.008641 15.126332 -1290.641187 -519.322962
16.050000 1.992315 15.918784 -1251.439007 -486.390013
16.100000 2.008221 14.484440 -1330.269296 -559.112594
16.150000 2.019891 14.264772 -1338.922353 -563.284160
16.200000 1.979198 14.958254 -1301.934248 -541.922254
16.250000 2.024366 14.992123 -1303.740235 -526.383667
16.300000 1.991503 14.146225 -1346.750249 -582.013177
16.350000 2.002430 15.497698 -1274.873217 -505.940225
16.400000 2.019687 14.651228 -1319.973619 -544.413941
16.450000 1.982842 15.103529 -1295.972988 -534.561849
16.500000 1.988851 15.607695 -1278.023457 -514.304619
16.550000 1.989830 14.567218 -1331.230242 -567.135666
16.600000 2.022474 14.517531 -1331.286438 -554.656376
16.650000 2.013219 14.483158 -1329.117880 -556.041919
16.700000 1.994929 14.214086 -1344.658307 -578.605524
16.750000 1.979400 15.832563 -1263.546052 -503.456430
16.800000 2.016088 16.558048 -1230.980423 -456.802607
16.850000 1.993712 16.016487 -1255.429613 -489.844051
16.900000 2.022537 15.975341 -1248.432106 -471.778047
16.950000 2.013282 13.650677 -1377.208858 -604.108564
17.000000 1.996113 14.841448 -1313.715501 -547.208074
17.050000 2.004351 15.411491 -1291.642066 -521.971380
17.100000 1.995769 15.658579 -1279.497517 -513.122356
17.150000 2.003385 14.241854 -1349.161801 -579.862124
17.200000 1.975726 15.548736 -1276.150681 -517.471926
17.250000 1.999830 15.977399 -1259.469110 -491.534483
17.300000 2.002498 14.844637 -1318.651133 -549.691848
17.350000 2.012774 14.237315 -1341.557394 -568.652353
17.400000 1.989222 14.801127 -1312.284402 -548.423245
17.450000 2.026461 15.880698 -1258.273194 -480.112296
17.500000 2.007110 15.535369 -1275.839155 -505.108801
17.550000 2.014420 15.901655 -1254.140144 -480.602971
17.600000 2.035923 14.331889 -1334.860038 -553.065536
17.650000 2.023892 14.499878 -1327.033533 -549.858854
17.700000 2.002987 14.896570 -1314.968178 -545.821360
17.750000 2.000178 15.044109 -1307.469104 -539.400809
17.800000 2.012278 14.471619 -1333.426837 -560.712149
17.850000 1.956658 15.309416 -1288.843700 -537.487172
17.900000 2.015204 15.351116 -1295.529621 -521.691410
17.950000 2.017666 15.828670 -1269.783849 -495.000030
18.000000 1.986337 16.200404 -1245.217809 -482.464563
18.050000 2.033444 14.249995 -1345.832193 -564.989549
18.100000 1.996822 14.731864 -1315.017979 -548.238468
18.150000 1.988180 16.095501 -1250.323010 -486.861823
18.200000 2.001393 15.064901 -1300.960876 -532.426062
18.250000 1.982315 16.043722 -1250.663697 -489.454671
18.300000 2.006959 15.893878 -1257.405893 -486.733588
18.350000 2.013323 15.660155 -1270.682255 -497.566270
18.400000 1.985722 15.454750 -1276.320187 -513.802750
18.450000 1.999813 15.450874 -1277.668734 -509.740652
18.500000 2.003221 15.758333 -1261.230771 -491.993765
18.550000 1.966323 14.335456 -1341.905494 -586.837529
18.600000 1.998117 14.994204 -1308.270955 -540.994094
18.650000 2.013376 13.849823 -1364.673898 -591.537492
18.700000 2.021046 14.963029 -1303.975627 -527.893780
18.750000 2.056438 15.278726 -1285.349386 -495.677348
18.800000 1.992643 14.107203 -1346.498712 -581.323985
18.850000 2.021945 15.096257 -1297.469401 -521.042581
18.900000 2.015270 14.910303 -1305.448861 -531.585338
18.950000 1.977553 15.230753 -1290.830499 -531.450049
19.000000 2.023946 15.744027 -1262.016512 -484.821298
19.050000 1.976135 16.686465 -1213.310312 -454.474484
19.100000 2.012793 15.560860 -1267.034682 -494.122096
19.150000 1.988662 14.429354 -1326.470502 -562.824439
19.200000 1.994349 14.944422 -1302.398156 -536.568202
19.250000 1.998463 13.549194 -1372.657669 -605.247865
19.300000 1.999770 14.524156 -1319.205012 -551.293424
19.350000 1.991942 14.175386 -1347.455795 -582.550196
19.400000 1.989991 15.263243 -1289.464060 -525.307512
19.450000 1.997613 14.465280 -1335.001460 -567.918135
19.500000 2.015380 14.684892 -1318.895658 -544.989609
19.550000 1.963453 14.111907 -1343.346485 -589.380356
19.600000 2.006174 15.477909 -1278.456943 -508.086145
19.650000 2.021132 15.722580 -1273.561543 -497.447040
19.700000 1.999255 14.706223 -1321.876576 -554.162508
19.750000 2.003897 15.063708 -1301.235880 -531.739382
19.800000 2.000933 14.287501 -1339.864040 -571.505865
19.850000 2.004214 15.183458 -1290.798861 -521.180698
19.900000 1.975749 15.879819 -1259.792345 -501.104612
19.950000 1.995797 15.672230 -1271.810091 -505.424141
20.000000 2.010214 15.707784 -1268.520880 -496.598870
20.050000 2.001772 15.123970 -1296.561402 -527.881126
20.100000 2.003702 14.368981 -1330.759304 -561.337809
20.150000 2.010247 13.629420 -1368.866869 -596.932114
20.200000 1.981242 14.481315 -1323.151513 -562.354505
20.250000 1.977167 15.407243 -1285.409814 -526.177750
20.300000 1.975028 15.392719 -1282.897600 -524.486915
20.350000 2.045072 15.984702 -1252.848172 -467.540488
20.400000 2.003953 14.852092 -1314.669123 -545.151313
20.450000 2.013015 15.594958 -1277.670878 -504.673083
20.500000 1.996522 14.224554 -1340.974316 -574.309700
20.550000 1.984455 15.572372 -1268.482540 -506.451916
20.600000 2.019150 14.250179 -1346.608025 -571.254250
20.650000 1.988118 15.572246 -1274.696194 -511.258711
20.700000 2.020932 15.122173 -1299.562999 -523.524988
20.750000 2.000477 14.467342 -1332.908696 -564.725678
20.800000 2.016783 14.193941 -1348.883503 -574.438643
20.850000 1.995598 15.333580 -1284.404035 -518.094425
20.900000 1.981086 15.181876 -1289.865603 -529.128426
20.950000 1.985832 16.401491 -1233.733115 -471.173760
21.000000 1.996184 16.380270 -1234.389338 -467.854557
21.050000 2.008047 15.338276 -1290.240998 -519.150852
21.100000 1.989266 15.481541 -1282.348342 -518.470278
21.150000 2.000312 14.818507 -1320.178288 -552.058345
21.200000 1.997232 15.333142 -1292.430815 -525.493726
21.250000 2.003552 14.576253 -1325.364947 -556.000788
21.300000 1.961561 15.362720 -1278.601066 -525.361469
21.350000 1.999295 15.230572 -1291.458871 -523.729762
21.400000 1.973053 16.399094 -1236.932648 -479.280376
21.450000 1.994867 16.232880 -1250.623797 -484.595043
21.500000 2.032509 15.103057 -1301.851311 -521.367732
21.550000 1.991586 15.655739 -1270.270340 -505.501371
21.600000 1.995581 14.980691 -1304.448346 -538.145264
21.650000 2.018514 15.704257 -1267.690509 -492.581055
21.700000 2.015410 15.065772 -1297.117690 -523.200299
21.750000 1.995602 14.659842 -1324.519242 -558.208076
21.800000 2.025390 15.857213 -1260.155902 -482.406111
21.850000 1.994595 15.227511 -1289.486872 -523.562296
21.900000 2.024618 14.528947 -1331.863259 -554.409906
21.950000 1.988933 17.333430 -1177.863782 -414.113324
22.000000 2.019084 16.086778 -1249.431834 -474.103642
22.050000 2.003459 15.429944 -1282.974106 -513.646042
22.100000 2.000395 16.165547 -1243.375395 -475.223651
22.150000 1.997630 15.350787 -1293.216304 -526.126321
22.200000 1.995273 16.558942 -1229.580486 -463.395769
22.250000 2.022257 15.722959 -1264.733136 -488.186279
22.300000 2.004148 15.736032 -1254.648228 -485.055244
22.350000 2.008301 14.555562 -1320.394551 -549.207154
22.400000 1.954883 14.999888 -1304.695670 -554.020425
22.450000 1.977597 15.005926 -1305.883551 -546.486449
22.500000 2.005666 8.263550 -1328.208169 -558.032307
22.550000 1.967785 9.024374 -1285.222537 -529.593104
22.600000 2.006128 9.771227 -1251.285105 -480.932058
22.650000 1.993389 9.359924 -1276.687467 -511.226053
22.700000 1.997269 9.133949 -1294.017852 -527.066733
22.750000 1.994726 8.904080 -1308.818756 -542.844061
22.800000 2.023842 9.563881 -1272.663642 -495.508165
22.850000 1.983976 9.994820 -1238.078885 -476.232025
22.900000 1.993950 9.601493 -1257.875981 -492.199229
22.950000 1.982550 9.875498 -1248.514224 -487.215092
23.000000 2.002860 10.070885 -1241.750495 -472.652140
23.050000 1.964917 10.319229 -1223.149210 -468.621241
23.100000 1.995690 10.233255 -1227.890362 -461.545246
23.150000 2.001491 9.478724 -1268.117296 -499.544772
23.200000 2.007484 9.277964 -1283.600945 -512.727259
23.250000 2.000802 9.572583 -1263.670648 -495.362675
23.300000 2.019194 9.760928 -1253.131205 -477.760575
23.350000 1.975489 9.630471 -1263.965718 -505.377993
23.400000 2.015340 9.307662 -1274.144680 -500.254064
23.450000 2.002231 8.326065 -1324.313628 -555.456938
23.500000 1.982902 8.662534 -1306.007748 -544.573264
23.550000 1.987402 8.893754 -1294.872239 -531.710024
23.600000 2.023449 8.995627 -1288.620675 -511.616109
23.650000 2.003367 8.889978 -1298.628256 -529.335382
23.700000 1.995154 7.970111 -1350.284499 -584.145394
23.750000 1.994443 8.832226 -1300.447992 -534.582059
23.800000 2.020516 8.774777 -1304.060316 -528.182207
23.850000 2.000997 8.790611 -1302.969278 -534.586468
23.900000 2.010976 8.842654 -1300.726541 -528.511815
23.950000 1.992311 9.566520 -1258.719351 -493.671832
24.000000 1.990155 8.925777 -1291.044290 -526.824730
24.050000 1.977912 9.099494 -1279.189345 -519.671101
24.100000 2.002886 9.695696 -1251.913207 -482.804832
24.150000 2.004791 9.610093 -1256.350226 -486.510518
24.200000 2.016217 9.450210 -1267.370938 -493.143637
24.250000 2.003502 10.281139 -1225.449328 -456.104642
24.300000 2.034378 9.059483 -1292.181323 -510.980071
24.350000 1.995582 8.728158 -1313.616256 -547.312624
24.400000 2.003331 9.730717 -1259.078657 -489.799713
24.450000 2.008575 10.200675 -1234.535400 -463.242460
24.500000 2.002001 9.645390 -1264.874778 -496.106562
24.550000 1.988825 9.409984 -1278.647809 -514.939114
24.600000 1.974149 9.235062 -1285.177722 -527.104339
24.650000 1.990952 9.916577 -1241.922035 -477.396321
24.700000 1.980295 10.252481 -1222.382318 -461.949094
24.750000 1.998582 8.935545 -1301.881727 -534.426370
24.800000 2.012119 9.290564 -1284.640993 -511.987324
24.850000 1.990634 9.637096 -1263.396636 -498.993290
24.900000 1.991292 8.969714 -1303.997410 -539.341140
24.950000 2.008022 10.285030 -1228.856083 -457.775622
25.000000 2.011294 9.473076 -1277.561057 -505.224275
25.050000 2.014266 9.518524 -1269.583797 -496.105823
25.100000 1.978918 9.291885 -1282.150611 -522.246033
25.150000 2.020050 9.390626 -1276.203578 -500.504484
25.200000 1.999655 7.935463 -1350.844232 -582.976802
25.250000 1.966930 8.541526 -1317.608404 -562.307232
25.300000 2.029210 9.621385 -1261.734170 -482.517585
25.350000 1.992693 8.698720 -1309.852628 -544.658378
25.400000 2.004870 8.700155 -1305.664998 -535.794831
25.450000 1.981231 8.394836 -1323.284465 -562.491581
25.500000 2.011218 9.544343 -1257.611112 -485.303325
25.550000 2.003890 9.053656 -1288.172345 -518.678774
25.600000 1.987519 8.979175 -1287.282561 -524.075311
25.650000 2.018226 7.800539 -1353.496508 -578.497602
25.700000 1.991241 8.823359 -1298.783621 -534.147147
25.750000 1.995809 9.192262 -1286.737988 -520.347176
25.800000 2.003201 9.471262 -1271.371715 -502.142569
25.850000 1.998398 9.368229 -1270.561988 -503.177289
25.900000 1.997773 9.154994 -1281.626247 -514.481319
25.950000 1.993989 8.810627 -1308.949501 -543.257539
26.000000 1.992896 9.571485 -1271.196042 -505.924130
26.050000 2.001461 9.631884 -1266.587661 -498.026792
26.100000 1.993281 9.629392 -1268.481544 -503.061451
26.150000 1.983850 9.686711 -1264.141327 -502.342973
26.200000 2.021446 9.842251 -1252.797800 -476.562417
26.250000 1.998693 9.894915 -1242.490447 -474.992254
26.300000 2.010955 9.116026 -1289.642451 -517.435813
26.350000 2.007631 9.066186 -1289.519084 -518.588614
26.400000 1.991099 9.087682 -1287.486291 -522.904371
26.450000 2.016881 8.486568 -1323.307401 -548.825127
26.500000 1.976259 8.515822 -1319.953931 -561.070370
26.550000 2.006733 9.333074 -1274.224514 -503.639225
26.600000 1.999475 8.487944 -1326.153596 -558.355173
26.650000 2.010462 9.466729 -1269.001145 -496.983831
26.700000 2.009033 8.935944 -1302.417802 -530.949277
26.750000 1.977461 9.676247 -1254.762404 -495.417347
26.800000 2.001611 8.972784 -1294.279841 -525.661324
26.850000 1.987953 8.541651 -1320.050549 -556.676558
26.900000 1.995952 9.089954 -1290.690462 -524.244932
26.950000 2.007887 9.974633 -1243.016673 -471.987898
27.000000 2.014537 8.247483 -1337.620209 -564.038033
27.050000 1.968524 8.645434 -1307.907672 -551.994632
27.100000 2.016184 8.190560 -1338.798925 -564.584186
27.150000 2.003775 9.998726 -1237.166504 -467.716789
27.200000 2.008569 9.148674 -1289.878949 -518.588600
27.250000 2.003663 9.133631 -1286.924155 -517.517471
27.300000 1.999226 8.771468 -1305.383335 -537.680723
27.350000 2.007373 8.903315 -1300.737458 -529.906309
27.400000 2.010930 8.245254 -1339.045028 -566.847988
27.450000 2.008803 8.876408 -1305.395230 -534.014858
27.500000 1.965080 9.161323 -1296.386273 -541.795700
27.550000 2.007285 10.141239 -1241.259502 -470.462098
27.600000 1.980623 10.095688 -1237.401154 -476.841964
27.650000 2.008336 9.474293 -1270.309523 -499.108502
27.700000 2.007585 9.284905 -1277.315235 -506.402551
27.750000 1.992803 8.477920 -1323.052605 -557.816069
27.800000 2.021958 7.799723 -1363.052740 -586.620995
27.850000 2.014150 8.354397 -1328.445371 -555.011599
27.900000 1.991649 8.137702 -1342.477357 -577.684130
27.950000 1.975975 9.269790 -1281.137598 -522.363307
28.000000 1.988200 9.529746 -1269.637661 -506.168769
28.050000 2.013531 8.690910 -1318.227120 -545.031333
28.100000 2.000388 8.371739 -1329.429742 -561.280737
28.150000 1.992497 9.088771 -1286.200433 -521.081615
28.200000 1.993033 8.924897 -1300.077037 -534.752272
28.250000 1.987721 8.646930 -1318.188872 -554.903933
28.300000 1.986956 9.655973 -1256.627986 -493.636762
28.350000 2.007103 8.458363 -1327.732398 -557.004667
28.400000 1.981207 9.298481 -1276.560646 -515.776980
28.450000 1.974772 9.038191 -1295.297151 -536.984696
28.500000 1.974508 9.736557 -1257.537350 -499.326398
28.550000 2.008683 9.403870 -1274.474056 -503.139810
28.600000 1.998737 8.682163 -1310.816938 -543.301915
28.650000 1.996803 8.726848 -1303.641463 -536.869005
28.700000 1.995488 8.582095 -1313.314229 -547.046673
28.750000 1.992518 8.874981 -1295.852665 -530.725908
28.800000 2.003407 9.470065 -1263.308103 -493.999823
28.850000 2.007750 9.894642 -1247.669064 -476.693174
28.900000 2.003035 9.108146 -1293.393734 -524.228115
28.950000 1.994795 9.441278 -1267.330765 -501.329504
29.000000 1.971207 9.874997 -1238.243955 -481.300431
29.050000 1.997593 8.208450 -1339.284609 -572.208858
29.100000 2.020628 8.374139 -1326.254980 -550.333707
29.150000 1.967739 8.495413 -1313.171348 -557.559577
29.200000 1.983059 9.099952 -1282.595494 -521.101002
29.250000 1.998025 8.641859 -1310.552221 -543.310489
29.300000 2.016308 8.848526 -1305.419250 -531.157109
29.350000 2.001443 9.216152 -1282.306326 -513.752376
29.400000 2.006275 9.155291 -1284.528561 -514.119115
29.450000 1.980714 9.187300 -1283.305096 -522.710997
29.500000 2.017969 9.407644 -1275.181774 -500.281528
29.550000 2.002600 8.550941 -1317.776221 -548.778006
29.600000 2.003158 8.803557 -1303.793326 -534.580736
29.650000 2.008275 9.287330 -1274.350479 -503.172767
29.700000 2.036073 8.881616 -1297.770845 -515.918808
29.750000 1.969794 9.764942 -1244.070932 -487.670008
29.800000 2.010420 9.373284 -1271.414491 -499.413308
29.850000 1.989196 9.488282 -1268.459842 -504.608658
29.900000 2.018815 9.245180 -1277.614102 -502.389082
29.950000 1.989374 8.662396 -1314.937496 -551.017776
30.000000 1.992878 5.588027 -1197.802840 -432.537781
30.050000 2.012497 5.164946 -1226.482270 -453.683609
30.100000 2.009809 5.423446 -1209.988315 -438.221478
30.150000 1.989809 4.449505 -1270.997218 -506.910448
30.200000 1.993242 4.814028 -1249.087079 -483.681977
30.250000 1.988388 5.429937 -1207.849699 -444.308803
30.300000 2.007627 6.079406 -1174.189531 -403.260790
30.350000 2.017980 6.073091 -1177.021133 -402.116848
30.400000 1.996671 5.749575 -1194.650857 -427.929050
30.450000 2.018965 5.582326 -1201.784540 -426.502131
30.500000 2.008443 4.837490 -1250.246860 -479.004731
30.550000 1.986627 4.973027 -1243.103613 -480.238744
30.600000 1.994483 5.656132 -1195.928938 -430.047642
30.650000 2.018132 5.070495 -1231.643051 -456.680192
30.700000 2.005666 5.212436 -1221.845621 -451.669825
30.750000 2.005930 4.936253 -1242.477094 -472.200136
30.800000 1.985306 5.632969 -1199.243757 -436.886129
30.850000 2.015084 5.100694 -1236.325933 -462.533517
30.900000 1.973881 5.601517 -1206.526187 -448.555743
30.950000 2.030947 5.525750 -1212.703528 -432.820057
31.000000 1.993978 4.713604 -1253.777458 -488.089905
31.050000 2.014416 4.901826 -1241.764216 -468.228503
31.100000 2.011151 4.905352 -1237.432765 -465.150897
31.150000 2.009836 4.717342 -1247.441979 -475.664854
31.200000 1.981089 4.795610 -1244.356580 -483.618222
31.250000 1.997004 4.906345 -1243.110511 -476.261127
31.300000 1.983159 5.570386 -1204.084632 -442.551434
31.350000 2.004348 5.697994 -1189.816405 -420.146943
31.400000 1.995950 4.856624 -1238.034967 -471.590264
31.450000 1.988572 5.653001 -1189.216253 -425.604487
31.500000 2.015956 5.248851 -1221.583767 -447.456730
31.550000 2.021801 4.841846 -1247.183776 -470.812122
31.600000 1.985955 5.062158 -1231.031109 -468.424392
31.650000 2.007619 5.771738 -1188.914675 -417.989072
31.700000 1.990984 5.524735 -1204.843544 -440.305614
31.750000 2.009855 5.896669 -1187.522045 -415.737617
31.800000 2.006738 4.997437 -1238.724724 -468.137343
31.850000 2.014055 5.499082 -1201.543302 -428.146197
31.900000 1.999115 5.676209 -1190.822000 -423.161664
31.950000 1.991810 4.992955 -1239.438194 -474.583206
32.000000 2.007642 5.292014 -1223.061047 -452.126445
32.050000 2.000916 5.687035 -1198.650616 -430.298984
32.100000 2.025002 5.111762 -1236.624938 -459.024303
32.150000 1.978030 5.291573 -1222.114254 -462.550565
32.200000 2.007488 4.985118 -1243.809742 -472.934328
32.250000 2.003710 5.041128 -1241.614481 -472.189817
32.300000 2.003727 5.483035 -1211.213530 -441.782430
32.350000 2.006256 5.183516 -1221.543366 -451.140935
32.400000 2.007862 4.769474 -1247.510826 -476.491988
32.450000 1.977463 6.143086 -1166.279808 -406.934153
32.500000 2.006245 6.411954 -1163.481269 -393.083076
32.550000 2.003692 6.459035 -1164.173307 -394.755606
32.600000 2.009744 6.174494 -1179.933173 -408.191590
32.650000 1.986160 5.252341 -1228.391053 -465.705438
32.700000 2.038673 5.485109 -1211.691659 -428.841204
32.750000 1.993769 4.783337 -1257.255287 -491.647848
32.800000 2.018077 5.571092 -1204.692897 -429.751352
32.850000 1.985497 5.319098 -1217.475690 -455.044758
32.900000 2.023633 5.062575 -1229.451251 -452.376313
32.950000 1.986837 4.729095 -1245.963313 -483.018048
33.000000 1.998678 4.915192 -1233.175730 -465.683409
33.050000 1.999892 4.692241 -1247.582239 -479.623840
33.100000 2.006597 4.604681 -1255.707835 -485.174515
33.150000 1.994881 4.698673 -1252.723880 -486.689734
33.200000 1.971115 5.630304 -1198.430382 -441.522325
33.250000 2.003647 6.186582 -1175.068811 -405.668554
33.300000 2.009869 5.772483 -1193.182470 -421.392805
33.350000 1.994342 6.028458 -1170.535691 -404.708308
33.400000 2.001963 4.911998 -1238.282227 -469.528485
33.450000 2.002310 5.019015 -1227.645744 -458.758548
33.500000 1.989714 4.765197 -1243.745306 -479.695238
33.550000 1.974027 5.163547 -1222.965182 -464.938954
33.600000 2.004295 5.780365 -1185.740705 -416.091602
33.650000 1.992049 5.354107 -1213.146898 -448.199915
33.700000 1.978434 6.065503 -1168.444285 -408.725807
33.750000 1.996097 6.056994 -1170.832389 -404.331056
33.800000 2.007667 6.077214 -1171.543093 -400.599005
33.850000 2.011506 5.646903 -1201.182666 -428.764405
33.900000 2.009524 4.753416 -1257.336533 -485.679208
33.950000 2.001044 4.988612 -1236.216156 -467.815261
34.000000 1.986513 5.456030 -1202.147036 -439.326172
34.050000 2.014293 6.067045 -1168.643542 -395.155103
34.100000 1.986269 5.404336 -1217.600222 -454.872745
34.150000 2.005356 6.363063 -1159.118215 -389.061695
34.200000 1.992984 5.650385 -1199.547834 -434.242009
34.250000 1.990354 5.133256 -1225.079610 -460.783658
34.300000 2.011337 4.918874 -1236.675984 -464.322433
34.350000 2.007306 4.608879 -1259.178836 -488.373366
34.400000 2.002997 4.979944 -1234.849178 -465.698178
34.450000 1.978857 4.822661 -1244.829299 -484.948179
34.500000 1.990254 5.212980 -1227.139203 -462.881632
34.550000 2.010515 5.436571 -1215.707875 -443.670081
34.600000 2.021039 5.059505 -1232.089290 -456.010455
34.650000 1.999117 4.214899 -1279.291698 -511.630928
34.700000 1.991466 4.603789 -1250.822264 -486.099387
34.750000 1.989015 5.095954 -1217.376650 -453.594945
34.800000 2.024811 5.198127 -1218.857685 -441.330409
34.850000 1.995629 5.599055 -1200.019856 -433.698363
34.900000 2.002139 6.097274 -1169.736493 -400.915306
34.950000 2.010158 5.012198 -1240.217670 -468.316868
35.000000 2.000014 6.145297 -1160.515867 -392.510383
35.050000 2.012720 4.998756 -1235.033314 -462.148994
35.100000 2.003867 5.325686 -1208.459738 -438.974842
35.150000 1.993566 5.033122 -1228.837736 -463.308267
35.200000 2.025144 5.567620 -1195.164280 -417.509099
35.250000 1.994416 4.338994 -1270.072573 -504.216777
35.300000 1.978656 5.294913 -1215.854660 -456.050797
35.350000 1.982378 5.867911 -1189.660437 -428.427283
35.400000 1.978496 6.118272 -1175.890925 -416.148318
35.450000 1.995758 5.876898 -1187.465492 -421.094442
35.500000 2.000678 5.387402 -1210.610059 -442.349529
35.550000 2.014388 4.608077 -1259.802888 -486.278079
35.600000 2.003186 5.847590 -1183.717554 -414.494079
35.650000 2.009105 5.122368 -1230.272849 -458.776408
35.700000 1.993857 5.308047 -1209.739012 -444.098062
35.750000 2.030832 4.958308 -1226.828872 -446.989219
35.800000 1.987194 4.651576 -1251.519348 -488.436677
35.850000 2.015202 4.886621 -1242.728053 -468.890328
35.900000 1.979444 5.634100 -1199.232431 -439.125976
35.950000 2.026804 5.246266 -1227.613240 -449.320442
36.000000 1.991044 5.129707 -1231.007094 -466.446080
36.050000 2.004636 5.562897 -1206.574321 -436.794022
36.100000 1.997353 5.220391 -1225.503856 -458.520470
36.150000 1.982141 5.202691 -1226.968093 -465.825773
36.200000 1.993325 5.665404 -1196.779064 -431.342348
36.250000 2.016901 5.479104 -1205.505038 -431.015191
36.300000 2.002002 5.112678 -1227.415044 -458.646109
36.350000 2.006695 5.117501 -1221.468768 -450.898067
36.400000 2.020373 4.410809 -1264.188962 -488.365659
36.450000 1.983342 4.682288 -1252.336300 -490.732966
36.500000 2.019831 4.959918 -1235.044185 -459.428956
36.550000 1.989223 4.973552 -1234.095207 -470.233649
36.600000 1.989082 5.527522 -1204.484128 -440.676450
36.650000 1.999405 5.622066 -1200.876644 -433.104948
36.700000 1.992929 5.157830 -1227.836744 -462.552137
36.750000 1.969554 5.608656 -1201.102331 -444.793538
36.800000 2.025259 5.955029 -1180.777193 -403.077794
36.850000 2.003983 5.751620 -1193.366662 -423.837305
36.900000 2.003542 5.660845 -1205.439826 -436.079605
36.950000 2.018163 6.203431 -1170.846198 -395.871656
37.000000 2.010880 6.334102 -1153.834125 -381.656252
37.050000 1.992056 5.325832 -1225.651631 -460.702094
37.100000 2.007519 6.069075 -1180.748614 -409.861203
37.150000 2.025632 4.827219 -1251.249295 -473.406438
37.200000 1.990667 4.854700 -1240.882123 -476.465862
37.250000 1.984265 5.217634 -1216.297068 -454.339171
37.300000 1.992187 5.362641 -1213.409554 -448.409663
37.350000 1.993271 5.365104 -1212.396184 -446.980244
37.400000 1.999270 5.361868 -1216.852645 -449.132851
37.450000 1.987464 5.154998 -1234.183684 -470.997555
37.500000 2.006136 3.273872 -1078.032856 -307.676614
37.550000 1.982652 3.560672 -1064.252218 -302.913797
37.600000 2.027697 3.771778 -1055.134580 -276.499000
37.650000 1.976945 3.517673 -1077.164551 -318.017625
37.700000 2.031596 3.462942 -1084.592951 -304.459987
37.750000 2.000359 3.290644 -1092.168001 -324.030003
37.800000 2.004746 3.046046 -1110.612917 -340.790412
37.850000 1.994263 2.638955 -1139.814702 -374.017534
37.900000 1.986334 3.274589 -1092.526662 -329.774576
37.950000 2.007783 3.109493 -1096.687269 -325.698609
38.000000 2.008203 2.734033 -1111.118973 -339.969138
38.050000 1.997876 2.676728 -1108.336930 -341.152443
38.100000 2.008352 2.972196 -1093.584451 -322.377409
38.150000 1.984985 3.243591 -1087.228983 -324.994839
38.200000 2.010826 3.244002 -1087.330179 -315.172953
38.250000 2.017305 2.376090 -1141.576204 -366.931115
38.300000 1.997184 3.145369 -1078.765178 -311.846410
38.350000 2.003195 2.333729 -1143.455988 -374.228984
38.400000 1.993213 3.135735 -1081.186163 -315.792339
38.450000 2.007641 2.760386 -1106.615288 -335.681248
38.500000 1.986976 2.871845 -1094.583863 -331.584892
38.550000 2.013165 2.998348 -1093.633788 -320.578506
38.600000 1.997701 3.037714 -1092.658629 -325.541430
38.650000 1.985732 2.821316 -1106.520212 -343.998945
38.700000 2.033145 3.083100 -1094.780724 -314.053051
38.750000 1.993901 3.033847 -1102.579725 -336.921794
38.800000 1.985364 2.967999 -1108.462082 -346.082408
38.850000 2.008110 3.184049 -1100.003940 -328.889562
38.900000 2.021344 3.347014 -1083.936625 -307.740632
38.950000 2.001376 2.584585 -1131.320242 -362.791753
39.000000 1.985347 3.249715 -1091.760734 -329.387294
39.050000 2.000604 3.872758 -1056.023320 -287.791558
39.100000 1.996769 3.099108 -1108.205933 -341.446726
39.150000 1.995699 3.683830 -1061.439944 -295.091603
39.200000 2.015775 3.028444 -1110.445434 -336.387873
39.250000 2.002783 3.067368 -1107.059862 -337.991111
39.300000 1.986866 2.970473 -1109.555502 -346.599145
39.350000 2.009647 3.190587 -1093.097983 -321.393449
39.400000 2.022099 2.213798 -1163.903341 -387.417434
39.450000 1.952905 3.103941 -1097.910808 -347.995328
39.500000 2.007222 3.510084 -1077.774714 -307.001637
39.550000 1.971198 3.529733 -1079.136645 -322.196709
39.600000 2.008921 3.352855 -1090.196303 -318.770575
39.650000 1.986669 3.130690 -1099.675859 -336.794842
39.700000 1.981465 3.134370 -1095.239782 -334.357361
39.750000 1.997081 3.245349 -1087.249507 -320.370485
39.800000 1.990560 2.968277 -1105.763779 -341.388697
39.850000 1.995546 3.116102 -1089.736480 -323.446685
39.900000 1.997185 3.303687 -1080.957778 -314.038599
39.950000 2.004214 2.969425 -1105.921924 -336.303883
40.000000 1.973773 3.414835 -1077.526468 -319.597674
40.050000 2.008172 2.969254 -1111.864311 -340.726155
40.100000 1.989695 3.113563 -1102.015693 -337.972994
40.150000 1.993877 3.518436 -1079.490856 -313.841929
40.200000 2.016797 3.890207 -1047.834557 -273.384381
40.250000 2.016635 3.052601 -1104.524405 -330.136463
40.300000 1.996595 3.132515 -1096.525793 -329.833409
40.350000 1.998026 3.311998 -1086.469542 -319.227710
40.400000 1.994963 3.584380 -1068.839749 -302.774082
40.450000 2.019802 3.423603 -1075.380739 -299.776934
40.500000 1.980301 3.220396 -1086.668401 -326.232835
40.550000 2.006831 3.027026 -1106.752103 -336.129118
40.600000 1.996407 2.874439 -1114.430495 -347.810350
40.650000 1.997566 2.559088 -1135.193339 -368.128023
40.700000 1.999312 2.534871 -1134.903439 -367.167616
40.750000 1.998425 2.344519 -1153.741688 -386.346594
40.800000 2.000272 3.106014 -1096.332077 -328.227545
40.850000 2.010433 2.932938 -1104.599008 -332.592925
40.900000 1.995947 2.497638 -1137.545692 -371.102003
40.950000 1.995036 2.914381 -1107.089422 -340.995520
41.000000 2.016684 2.894265 -1105.784749 -331.377979
41.050000 1.983230 2.748804 -1116.661748 -355.101310
41.100000 2.014902 3.088396 -1097.577759 -323.855246
41.150000 2.021719 3.335974 -1074.243933 -297.903768
41.200000 2.009571 2.469054 -1129.382139 -357.706935
41.250000 1.990667 2.268449 -1145.883943 -381.467688
41.300000 1.996896 2.818156 -1116.403890 -349.595652
41.350000 1.995742 3.260007 -1084.896733 -318.531850
41.400000 2.013461 3.011122 -1105.078762 -331.909731
41.450000 2.000875 2.675621 -1132.556699 -364.220521
41.500000 1.996386 3.476512 -1081.661356 -315.049242
41.550000 2.003524 3.460551 -1083.243575 -313.890286
41.600000 2.013908 3.183830 -1091.826973 -318.486374
41.650000 1.991909 3.346563 -1074.337436 -309.444432
41.700000 2.002002 3.044991 -1100.534811 -331.766049
41.750000 2.018549 2.770865 -1115.994455 -340.871546
41.800000 2.002669 2.923122 -1102.241667 -333.216787
41.850000 1.984023 2.833081 -1113.385447 -351.520500
41.900000 2.028252 3.265312 -1078.754286 -299.905482
41.950000 1.991875 2.802437 -1108.741113 -343.861074
42.000000 1.996466 3.243058 -1081.366169 -314.723035
42.050000 2.008222 3.014721 -1108.025552 -336.868261
42.100000 2.018549 3.266221 -1091.111704 -315.988704
42.150000 2.001144 2.987365 -1106.978250 -338.538849
42.200000 1.971904 3.578065 -1071.466371 -314.255089
42.250000 2.024027 3.534259 -1081.627960 -304.401759
42.300000 2.007243 2.855509 -1123.954045 -353.172786
42.350000 2.003165 3.149405 -1102.794197 -333.578993
42.400000 1.990864 3.748317 -1065.745862 -301.254000
42.450000 2.020796 3.672795 -1070.790794 -294.805080
42.500000 2.000837 2.861093 -1118.316847 -349.995356
42.550000 2.002061 2.609760 -1124.945510 -356.153994
42.600000 2.003216 2.487805 -1130.256265 -361.021354
42.650000 1.995893 3.034287 -1090.153815 -323.730739
42.700000 1.996762 2.680799 -1119.091871 -352.335443
42.750000 2.017190 2.431372 -1137.516720 -362.915725
42.800000 1.987367 2.548969 -1130.009314 -366.860547
42.850000 2.006081 3.066331 -1092.053477 -321.718202
42.900000 1.989126 2.703350 -1115.118322 -351.294063
42.950000 1.992704 3.042914 -1093.791450 -328.592929
43.000000 2.008878 3.006999 -1099.722067 -328.313076
43.050000 1.995876 2.671682 -1123.994602 -357.578334
43.100000 2.003357 2.994925 -1103.459995 -334.170776
43.150000 2.004741 3.264897 -1086.100335 -316.279852
43.200000 2.007933 2.528699 -1136.472611 -365.426217
43.250000 2.004006 3.012859 -1100.447136 -330.908965
43.300000 2.007231 3.104463 -1097.154188 -326.377636
43.350000 1.989776 3.177889 -1098.389929 -334.315895
43.400000 2.019851 3.147742 -1104.566131 -328.943445
43.450000 2.009268 2.488656 -1145.223603 -373.664645
43.500000 1.999304 2.771351 -1116.628720 -348.895931
43.550000 1.982285 3.169512 -1088.568477 -327.371153
43.600000 2.014698 2.930802 -1112.005420 -338.361484
43.650000 1.977296 2.969073 -1112.104018 -352.822465
43.700000 2.021413 3.642969 -1068.273550 -292.050950
43.750000 1.981753 3.443541 -1080.587389 -319.594071
43.800000 2.025579 3.489806 -1072.378053 -294.555678
43.850000 2.001883 3.006865 -1097.795914 -329.072703
43.900000 1.999869 2.412342 -1142.386657 -374.436960
43.950000 1.999571 2.549185 -1133.374188 -365.538983
44.000000 2.004311 2.319814 -1149.030573 -379.375029
44.050000 1.997566 2.728513 -1118.961622 -351.896315
44.100000 2.005797 2.752356 -1115.609630 -345.383623
44.150000 1.986152 3.066126 -1096.745133 -334.062935
44.200000 2.002345 2.399143 -1147.804086 -378.903624
44.250000 1.999764 3.119433 -1093.866607 -325.957293
44.300000 2.004224 2.891362 -1110.024840 -340.402809
44.350000 1.988293 2.950429 -1104.303152 -340.798758
44.400000 1.982932 2.899436 -1110.097124 -348.651357
44.450000 2.009479 2.944567 -1106.107455 -334.467629
44.500000 1.997746 2.615226 -1128.696748 -361.562457
44.550000 1.989064 2.601618 -1140.150786 -376.350168
44.600000 1.996843 3.202585 -1103.380223 -336.592430
44.650000 1.988368 3.124684 -1100.207984 -336.674585
44.700000 2.025940 2.269956 -1159.557843 -381.597021
44.750000 1.995682 2.888901 -1112.780855 -346.439056
44.800000 1.990893 3.115433 -1099.048203 -334.545364
44.850000 1.995812 2.564272 -1144.458325 -378.066623
44.900000 1.994957 2.934692 -1115.705408 -349.641798
44.950000 2.007506 2.933496 -1113.165713 -342.283480
45.000000 1.992397 2.170994 -925.638580 -160.558019
45.050000 2.024806 1.627585 -972.210203 -194.684751
45.100000 1.987540 1.554680 -974.441783 -211.226488
45.150000 2.001845 1.916134 -945.525233 -176.816702
45.200000 2.000576 1.486566 -985.636338 -217.415251
45.250000 2.008407 1.772978 -962.783934 -191.555621
45.300000 2.003998 1.793150 -965.278118 -195.742833
45.350000 2.020330 1.945289 -956.405122 -180.598419
45.400000 1.986419 2.078857 -943.857361 -181.072429
45.450000 2.007310 2.026209 -947.384682 -176.577505
45.500000 1.999292 2.145464 -931.237043 -163.508811
45.550000 2.008709 1.846147 -953.183850 -181.839705
45.600000 2.012956 1.797253 -948.853125 -175.878055
45.650000 2.007208 1.810450 -945.098143 -174.330155
45.700000 1.996796 1.984823 -933.396652 -166.627078
45.750000 2.021071 1.819361 -957.367442 -181.276224
45.800000 1.989485 2.092350 -935.367965 -171.405623
45.850000 2.001449 2.120498 -934.145741 -165.589298
45.900000 1.995643 1.873568 -952.915057 -186.588120
45.950000 1.986609 1.947836 -947.302971 -184.444970
46.000000 1.992578 1.736839 -967.760488 -202.610726
46.050000 1.998895 2.221135 -923.721446 -156.145877
46.100000 2.017459 1.841147 -949.196479 -174.492149
46.150000 2.005769 1.362011 -979.228666 -209.013389
46.200000 2.001567 1.276013 -984.750017 -216.148366
46.250000 1.976177 1.907096 -933.938742 -175.086833
46.300000 2.001837 1.825687 -948.721082 -180.015769
46.350000 2.001328 2.088556 -928.628777 -160.118734
46.400000 2.014664 1.875365 -944.971458 -171.340337
46.450000 1.992281 1.776432 -945.500150 -180.464329
46.500000 2.013697 1.685697 -954.068959 -180.809126
46.550000 1.987952 1.747099 -947.099811 -183.726253
46.600000 1.989669 1.892544 -937.781273 -173.748231
46.650000 2.011397 1.876211 -952.878882 -180.502381
46.700000 1.997038 2.241756 -933.053245 -166.190513
46.750000 1.988049 2.573037 -911.457332 -148.046360
46.800000 2.019416 2.024242 -956.950695 -181.494799
46.850000 2.000318 1.706156 -968.743836 -200.621857
46.900000 1.992126 1.691446 -960.986779 -196.010336
46.950000 2.008436 1.471019 -973.161857 -201.922312
47.000000 1.996899 1.273288 -985.983975 -219.174730
47.050000 1.989554 1.664130 -956.659766 -192.670943
47.100000 1.998833 1.624408 -966.067447 -198.515649
47.150000 2.003692 1.426569 -986.708183 -217.290411
47.200000 1.993072 1.732670 -970.503662 -205.163831
47.250000 2.007519 1.887997 -967.021229 -196.134039
47.300000 2.008983 1.515834 -991.585875 -220.136281
47.350000 1.995765 1.697197 -973.140845 -206.767044
47.400000 1.993203 1.784400 -972.296872 -206.906918
47.450000 1.995371 2.505000 -906.395970 -140.173647
47.500000 1.993114 2.047784 -940.472343 -175.116690
47.550000 1.995635 1.969797 -939.845562 -173.521711
47.600000 2.017330 1.700174 -955.103811 -180.449252
47.650000 1.993629 1.420730 -975.254802 -209.701320
47.700000 2.008612 1.462135 -975.146901 -203.839909
47.750000 1.993375 1.055681 -1012.178325 -246.722478
47.800000 2.017002 1.588923 -973.998836 -199.469903
47.850000 1.985183 1.502083 -984.868741 -222.558592
47.900000 2.009874 1.902135 -949.255998 -177.464259
47.950000 1.999691 1.642581 -968.270986 -200.389514
48.000000 1.988023 1.585876 -971.200600 -207.799692
48.050000 2.013511 1.558459 -969.224593 -196.036251
48.100000 1.987384 1.541068 -968.641220 -205.485733
48.150000 1.990928 1.893296 -943.932983 -179.416702
48.200000 2.002345 1.655432 -969.019830 -200.119252
48.250000 2.001970 1.588171 -971.859961 -203.103436
48.300000 2.000360 1.623368 -967.931011 -199.792644
48.350000 2.006649 1.560296 -973.688269 -203.135201
48.400000 1.985720 2.066940 -928.772086 -166.255668
48.450000 1.970539 1.864900 -941.097694 -184.410850
48.500000 2.036169 1.792771 -950.327367 -168.438560
48.550000 1.998454 1.413043 -988.439492 -221.033094
48.600000 2.001209 1.245510 -1002.891344 -234.427192
48.650000 1.978592 1.547126 -979.198761 -219.419605
48.700000 2.008051 1.716756 -968.738378 -197.646640
48.750000 2.021032 1.711194 -969.481038 -193.404787
48.800000 2.007976 1.589907 -969.811441 -198.748741
48.850000 1.993735 1.328413 -982.594690 -217.000260
48.900000 1.998448 1.364615 -973.746776 -206.342573
48.950000 1.995308 1.562905 -958.416319 -192.218169
49.000000 2.002018 1.526057 -971.465742 -202.690952
49.050000 1.981972 2.043581 -938.978158 -177.901020
49.100000 2.005826 1.982855 -943.459633 -173.222351
49.150000 2.002827 1.765479 -958.588596 -189.503023
49.200000 1.983711 1.893523 -947.606492 -185.861645
49.250000 2.008826 1.698411 -964.523773 -193.134733
49.300000 2.013665 1.678199 -965.425563 -192.178021
49.350000 2.002993 1.612002 -974.031492 -204.882039
49.400000 1.985357 1.861617 -960.117396 -197.740209
49.450000 1.995940 2.426481 -920.141134 -153.700212
49.500000 2.005024 2.246693 -940.168029 -170.238957
49.550000 2.001222 1.810065 -972.818863 -204.349640
49.600000 1.972679 2.723513 -892.793650 -135.284966
49.650000 2.023532 1.597056 -984.724295 -207.688079
49.700000 1.990036 1.027282 -1020.310469 -256.136805
49.750000 1.991464 1.847970 -950.647975 -185.925635
49.800000 2.002965 1.341867 -1001.432121 -232.293544
49.850000 1.984588 1.993339 -953.394126 -191.312144
49.900000 1.992444 2.044292 -946.386822 -181.288275
49.950000 1.999851 1.639823 -971.517448 -203.574851
50.000000 1.995310 1.681596 -962.412184 -196.213125
50.050000 1.996465 1.881887 -943.427433 -176.784821
50.100000 2.001654 1.832002 -943.156899 -174.521714
50.150000 2.021399 1.806432 -942.301471 -166.084216
50.200000 1.993356 1.531788 -966.181466 -200.732776
50.250000 1.993469 1.879990 -938.202183 -172.709967
50.300000 1.989242 1.938839 -932.686713 -168.817785
50.350000 2.002548 1.520159 -966.015236 -197.036885
50.400000 1.989011 1.341022 -980.303176 -216.523130
50.450000 2.002737 1.497944 -976.839996 -207.789086
50.500000 1.996381 1.951968 -945.220394 -178.610152
50.550000 2.021122 1.832082 -949.725494 -173.614607
50.600000 1.980832 1.797978 -944.613952 -183.974344
50.650000 1.989485 2.214641 -909.625761 -145.663588
50.700000 1.997592 1.592757 -960.584457 -193.509186
50.750000 2.015325 1.157412 -992.745395 -218.860645
50.800000 1.998067 1.642975 -946.755200 -179.497550
50.850000 1.996992 1.634695 -952.220140 -185.375317
50.900000 2.003319 1.324059 -977.162357 -207.887763
50.950000 1.987890 1.529680 -964.376006 -201.026126
51.000000 1.996863 1.967277 -943.626076 -176.830802
51.050000 2.017022 1.838302 -958.801322 -184.264935
51.100000 2.006037 1.402150 -986.999404 -216.681387
51.150000 2.001360 1.396883 -985.513665 -216.991332
51.200000 1.991042 1.802935 -954.279922 -189.719800
51.250000 1.997514 1.512684 -976.214554 -209.169202
51.300000 2.010930 1.354017 -982.450607 -210.253636
51.350000 1.994420 1.422599 -970.918866 -205.061571
51.400000 1.990337 1.238251 -991.436694 -227.147199
51.450000 1.995191 1.882128 -941.233126 -175.079954
51.500000 1.987367 1.665021 -964.198318 -201.049425
51.550000 2.025554 1.815717 -951.485868 -173.673277
51.600000 1.992902 1.587914 -974.921720 -209.647229
51.650000 1.982184 1.999472 -949.605199 -188.446653
51.700000 2.016313 2.542780 -908.673994 -134.409702
51.750000 2.005079 1.583144 -983.072147 -213.121844
51.800000 1.993661 1.640071 -974.518948 -208.953132
51.850000 1.992508 1.832744 -960.659023 -195.536141
51.900000 2.007049 1.805145 -957.311450 -186.604567
51.950000 2.002657 1.225819 -997.237253 -228.217120
52.000000 1.989849 1.896010 -937.070724 -172.968595
52.050000 2.002945 1.830840 -947.324105 -178.193186
52.100000 1.991817 1.872389 -949.055971 -184.198318
52.150000 2.004364 1.716824 -961.237705 -191.561760
52.200000 1.995186 1.484526 -978.547734 -212.396307
52.250000 1.991388 1.946696 -939.771660 -175.078725
52.300000 2.001213 1.872049 -945.147300 -176.681402
52.350000 1.986970 1.785355 -953.402200 -190.405618
52.400000 1.986294 1.515944 -979.298847 -216.562073
52.450000 1.993731 1.912768 -949.295191 -183.702455
52.500000 2.001802 1.195442 -800.092242 -31.400305
52.550000 2.002938 1.281268 -783.665147 -14.536942
52.600000 2.004128 0.960536 -809.468828 -39.883647
52.650000 1.987481 1.173082 -786.500786 -23.308117
52.700000 2.013283 1.103159 -789.356999 -16.256450
52.750000 2.002978 0.844336 -805.718764 -36.575192
52.800000 2.000156 0.680201 -823.027695 -54.967705
52.850000 2.011290 0.806764 -814.659605 -42.324399
52.900000 1.986041 0.921004 -808.582633 -45.942771
52.950000 1.989728 1.531151 -753.360335 10.695221
53.000000 2.013922 0.973995 -804.648038 -31.302126
53.050000 1.987008 0.787851 -811.819033 -48.807809
53.100000 2.008871 0.834598 -806.405905 -34.999479
53.150000 1.990340 0.942642 -795.485085 -31.194636
53.200000 2.001088 0.707526 -826.265214 -57.847476
53.250000 1.979424 1.070343 -798.514832 -38.415945
53.300000 2.021524 1.167971 -795.848523 -19.583421
53.350000 2.001134 1.162841 -797.490602 -29.055255
53.400000 1.997677 1.549657 -764.091297 3.016834
53.450000 2.001005 1.200443 -801.739629 -33.353732
53.500000 1.995047 1.299302 -784.896401 -18.798524
53.550000 2.007490 1.082954 -800.730468 -29.854190
53.600000 1.995816 1.232551 -775.968461 -9.575069
53.650000 1.995275 0.945137 -804.293182 -38.107760
53.700000 2.001225 1.086168 -791.749301 -23.278963
53.750000 1.995049 1.015994 -801.202983 -35.104307
53.800000 2.000979 1.229142 -788.357279 -19.981357
53.850000 2.008097 1.377902 -778.785276 -7.676170
53.900000 2.009437 1.476242 -756.502385 15.121530
53.950000 2.004707 0.596035 -831.523364 -61.716016
54.000000 1.983440 0.812676 -809.687304 -48.046217
54.050000 2.003404 0.958547 -814.501298 -45.194320
54.100000 2.009033 1.285296 -795.743954 -24.275115
54.150000 2.000606 1.341726 -793.116022 -24.883446
54.200000 2.013345 0.935130 -828.928286 -55.803623
54.250000 1.997853 0.855625 -832.753347 -65.577794
54.300000 1.997706 0.969004 -827.362914 -60.243857
54.350000 1.993766 1.226062 -804.435565 -38.829364
54.400000 2.012409 0.963865 -827.892172 -55.126958
54.450000 2.011623 1.172737 -799.712351 -27.249083
54.500000 1.999581 0.895715 -827.500994 -59.661827
54.550000 1.996434 1.494802 -774.207638 -7.577129
54.600000 2.024545 1.453561 -782.776505 -5.351082
54.650000 1.989766 1.266874 -800.310523 -36.240313
54.700000 1.997749 1.355615 -787.143857 -20.008411
54.750000 2.015720 1.082462 -806.503254 -32.466774
54.800000 2.003962 0.821304 -825.766690 -56.245201
54.850000 1.997054 0.928327 -814.942178 -48.073286
54.900000 2.002025 0.952619 -814.948696 -46.171219
54.950000 1.995790 1.208947 -792.851375 -26.468024
55.000000 1.997012 1.170491 -800.373051 -33.520302
55.050000 2.001095 1.107413 -804.820355 -36.399878
55.100000 1.990313 1.110571 -803.910113 -39.630029
55.150000 2.008692 1.259696 -784.908728 -13.570972
55.200000 2.003753 0.911592 -808.786125 -39.344854
55.250000 1.994183 0.626185 -829.814619 -64.048410
55.300000 2.009792 0.662298 -822.926893 -51.166762
55.350000 1.985487 0.918144 -800.108982 -37.682058
55.400000 1.999186 1.075137 -787.321539 -19.634037
55.450000 2.004264 1.209341 -772.902310 -3.264824
55.500000 2.002809 1.037798 -786.336940 -17.258118
55.550000 2.006096 0.629608 -825.214905 -54.874212
55.600000 1.992276 1.074243 -783.630852 -18.596712
55.650000 2.028512 0.959786 -798.732644 -19.784120
55.700000 1.987869 0.725688 -829.487352 -66.145739
55.750000 2.001335 1.141812 -798.475349 -29.962899
55.800000 2.010582 1.228255 -797.278641 -25.214983
55.850000 1.989647 1.265174 -794.501417 -30.477042
55.900000 2.004970 1.178230 -807.906601 -37.998006
55.950000 2.003294 1.217426 -802.037962 -32.773130
56.000000 1.995384 1.016259 -814.277999 -48.050697
56.050000 2.008435 0.803046 -831.846712 -60.607768
56.100000 1.976731 1.288620 -782.606341 -23.541811
56.150000 2.010418 1.212920 -788.899201 -16.898613
56.200000 2.001215 0.768083 -826.973564 -58.507037
56.250000 1.987396 0.861268 -816.761432 -53.601300
56.300000 2.010440 1.157664 -789.110817 -17.101900
56.350000 2.008607 1.106034 -799.627871 -28.322739
56.400000 2.015518 1.257151 -791.829202 -17.870439
56.450000 1.994455 1.427625 -777.075030 -11.204350
56.500000 2.006821 1.390581 -783.034645 -12.415261
56.550000 2.002860 1.098863 -809.072831 -39.974638
56.600000 2.005675 1.163386 -792.768064 -22.588979
56.650000 1.991983 0.878228 -815.184762 -50.263305
56.700000 2.010325 0.900595 -814.074318 -42.109445
56.750000 2.001510 1.024220 -806.266790 -37.687047
56.800000 1.990120 1.125303 -802.644402 -38.438146
56.850000 2.007163 1.099316 -805.163889 -34.413379
56.900000 1.994845 1.101935 -801.861367 -35.840797
56.950000 1.995661 1.251983 -794.169785 -27.835882
57.000000 1.997507 1.166391 -807.549821 -40.507251
57.050000 2.005187 1.075493 -813.064789 -43.073037
57.100000 1.995969 0.910815 -822.667104 -56.215193
57.150000 1.990399 1.265981 -783.308536 -18.995201
57.200000 2.007232 0.968788 -812.533299 -41.756376
57.250000 2.004795 1.073176 -801.349082 -31.507833
57.300000 2.000865 0.950732 -808.871528 -40.539412
57.350000 2.007558 0.854483 -810.545028 -39.642834
57.400000 1.984310 1.032088 -790.976153 -29.001220
57.450000 2.018175 1.325301 -763.798594 11.180603
57.500000 1.994579 0.941705 -799.035435 -33.117012
57.550000 2.010142 1.115617 -781.351390 -9.456933
57.600000 2.002370 0.762991 -816.535241 -47.625025
57.650000 1.987233 0.931393 -801.301938 -38.204367
57.700000 1.998614 0.789580 -821.962283 -54.494361
57.750000 2.003416 1.090230 -797.688490 -28.376720
57.800000 1.988181 0.921933 -817.002915 -53.541302
57.850000 2.001873 1.070190 -802.449475 -33.730114
57.900000 2.003920 0.903472 -813.278262 -43.772804
57.950000 1.999060 0.642862 -834.835558 -67.196410
58.000000 1.990892 0.965904 -806.565105 -42.062477
58.050000 2.009042 1.139424 -789.154636 -17.682633
58.100000 2.004592 0.696241 -827.875691 -58.112315
58.150000 2.005295 0.764709 -818.428288 -48.395197
58.200000 1.988239 1.096072 -791.523856 -28.040251
58.250000 1.990457 1.225305 -786.769942 -22.434277
58.300000 1.999966 1.252495 -789.806837 -21.820043
58.350000 1.978434 1.345834 -785.494253 -25.775485
58.400000 2.015303 1.408772 -783.301694 -9.425243
58.450000 2.021812 0.952846 -826.376253 -50.000399
58.500000 1.984426 1.106624 -805.786493 -43.766942
58.550000 1.993182 1.226798 -785.577534 -20.195735
58.600000 1.999342 0.540329 -842.422741 -74.675389
58.650000 1.993525 0.899001 -802.780351 -37.266688
58.700000 2.007889 1.142396 -784.417744 -13.388236
58.750000 1.995146 0.966576 -803.343998 -37.207864
58.800000 2.017270 0.835621 -820.553299 -45.921734
58.850000 2.010181 0.920922 -818.598867 -46.689299
58.900000 2.000968 1.114348 -806.085502 -37.713665
58.950000 1.990389 1.043143 -822.160940 -57.851680
59.000000 1.995621 1.210407 -810.909161 -44.590796
59.050000 2.010901 1.143051 -813.970561 -41.784710
59.100000 1.994932 1.318127 -786.065895 -20.011953
59.150000 1.999685 1.228716 -787.490662 -19.611769
59.200000 1.996552 1.152891 -789.717288 -23.041224
59.250000 2.016702 0.636048 -839.137225 -64.723759
59.300000 1.998520 0.547658 -845.372723 -77.941164
59.350000 2.003411 0.969495 -803.971535 -34.661832
59.400000 2.001136 0.652157 -837.812354 -69.375950
59.450000 1.987350 0.748633 -835.753300 -72.610761
59.500000 2.011632 1.075602 -810.821118 -38.354539
59.550000 1.998466 0.848001 -828.607973 -61.197030
59.600000 1.998288 0.867546 -822.440061 -55.097512
59.650000 2.005208 1.209175 -792.793483 -22.793790
59.700000 2.000609 0.859313 -830.234826 -62.001101
59.750000 1.986071 1.127863 -802.883134 -40.231898
59.800000 2.007153 1.120144 -801.074860 -30.328299
59.850000 2.003898 0.886410 -819.067074 -49.570388
59.900000 1.989983 0.881162 -819.038949 -54.885604
59.950000 1.998110 0.901856 -823.093090 -55.818994
60.000000 1.998072 0.735923 -640.438832 126.820874
60.050000 2.001080 0.597616 -653.430349 114.984241
60.100000 1.993611 0.721611 -637.078508 128.468216
60.150000 2.007017 0.582904 -649.355880 121.338732
60.200000 1.994866 0.551089 -650.761837 115.266557
60.250000 2.004948 0.656319 -638.828775 131.071253
60.300000 1.998525 0.609086 -645.752795 121.680772
60.350000 2.008193 0.512942 -659.404822 111.741200
60.400000 1.985376 0.774795 -632.498731 129.885795
60.450000 2.002310 0.843265 -631.594522 137.292672
60.500000 2.000175 0.737307 -647.145948 120.921220
60.550000 2.001639 0.787058 -637.096478 131.532830
60.600000 2.005206 0.479762 -673.607029 96.392224
60.650000 1.990608 0.665139 -652.596051 111.797326
60.700000 2.015564 0.507048 -673.472427 100.504253
60.750000 1.994300 0.552982 -665.881909 99.929412
60.800000 1.999361 0.568881 -671.338579 96.415907
60.850000 1.992158 0.800477 -647.668234 117.320560
60.900000 2.007288 0.921169 -630.230969 140.567714
60.950000 1.996066 0.752243 -643.857767 122.631423
61.000000 1.999342 0.908044 -622.583002 145.164502
61.050000 2.004236 0.829932 -629.893854 139.732846
61.100000 2.004012 0.574830 -655.718310 113.822456
61.150000 1.994456 0.505144 -664.866454 101.004705
61.200000 1.999499 0.630984 -656.806897 111.000805
61.250000 2.004332 0.862884 -633.248640 136.415016
61.300000 2.011734 0.785856 -645.703936 126.801784
61.350000 1.995384 0.757736 -648.010903 118.216384
61.400000 1.999887 0.748791 -648.642796 119.313912
61.450000 2.000851 0.603855 -665.944813 102.382000
61.500000 2.002006 0.819271 -640.841980 127.928413
61.550000 2.005639 0.886055 -633.013425 137.152013
61.600000 2.005484 0.557295 -667.896238 102.209696
61.650000 1.998768 0.591375 -655.505230 112.021852
61.700000 1.999841 0.405488 -679.083208 88.855908
61.750000 2.008349 0.522643 -668.502806 102.703071
61.800000 1.995646 0.482434 -681.966824 84.361231
61.850000 1.988323 0.899868 -642.136999 121.379189
61.900000 2.025559 1.041411 -627.497124 150.317391
61.950000 2.001013 0.737048 -656.053889 112.335076
62.000000 1.996617 0.685994 -658.981141 107.719634
62.050000 2.000829 0.786206 -646.072506 122.245861
62.100000 1.998016 0.856131 -634.749924 132.488271
62.150000 2.005136 0.886355 -630.058960 139.913081
62.200000 2.013363 0.770724 -640.821722 132.309578
62.250000 1.996650 0.735936 -636.740143 129.973560
62.300000 1.998591 0.629830 -641.544910 125.914102
62.350000 1.998828 0.642138 -637.064796 130.485091
62.400000 1.993108 0.781546 -623.945994 141.407535
62.450000 2.011913 0.809996 -621.162769 151.411673
62.500000 2.009096 0.602563 -647.780371 123.712483
62.550000 1.996155 0.718994 -635.504903 131.018783
62.600000 2.009818 0.593130 -647.635432 124.134528
62.650000 1.984158 0.566088 -645.826039 116.090464
62.700000 1.998281 0.692169 -631.893094 135.446859
62.750000 2.003891 0.495851 -659.137814 110.356431
62.800000 1.987896 0.649606 -647.375922 115.976191
62.850000 2.007055 0.729988 -643.971588 126.737582
62.900000 1.999300 0.592141 -660.479625 107.251510
62.950000 2.006056 0.628856 -652.841986 117.483521
63.000000 1.996664 0.482566 -668.392530 98.326463
63.050000 1.998319 0.730626 -634.001461 133.352898
63.100000 2.001864 0.698280 -638.252151 130.463698
63.150000 2.003172 0.928930 -613.158180 156.059943
63.200000 2.019504 0.819162 -625.606104 149.883543
63.250000 2.008736 0.526768 -658.486983 112.867554
63.300000 2.003593 0.551296 -664.765508 104.614348
63.350000 1.989185 0.869036 -636.368423 127.478802
63.400000 2.003237 0.966644 -633.509925 135.732905
63.450000 2.009115 0.827625 -652.669430 118.830839
63.500000 2.006036 0.604939 -679.018747 91.299170
63.550000 2.000983 0.768239 -651.967276 116.410087
63.600000 1.988137 0.846088 -635.899527 127.544967
63.650000 1.999875 0.750673 -652.348100 115.604087
63.700000 1.998217 0.950579 -630.208872 137.106423
63.750000 2.015569 0.600467 -671.333379 102.645188
63.800000 1.991453 0.597883 -667.680423 97.037720
63.850000 2.006371 0.752373 -652.740385 117.706022
63.900000 2.003416 0.742262 -653.703680 115.607932
63.950000 1.999367 0.598632 -665.575698 102.181348
64.000000 1.993721 0.691566 -646.477161 119.111777
64.050000 2.002111 0.581523 -657.338133 111.472658
64.100000 1.999124 0.720374 -638.184593 129.478991
64.150000 2.000440 0.685003 -645.030074 123.138882
64.200000 1.990539 0.708906 -641.996888 122.370044
64.250000 1.995663 0.677758 -648.922868 117.411705
64.300000 1.993709 0.752297 -644.439464 121.144738
64.350000 2.002463 0.764726 -647.755845 121.189863
64.400000 1.986188 0.805628 -645.763580 116.932598
64.450000 2.010208 0.867349 -635.330061 136.589621
64.500000 1.994718 0.915909 -622.908369 143.063461
64.550000 2.010282 0.734146 -640.414034 131.534126
64.600000 1.998805 0.550083 -659.649701 107.891341
64.650000 2.003966 0.628817 -657.341568 112.181504
64.700000 1.992458 0.892483 -630.068088 135.035949
64.750000 2.017596 0.877909 -630.151290 144.605505
64.800000 1.995150 0.692355 -650.120167 116.017582
64.850000 2.012346 0.803979 -635.278679 137.462356
64.900000 1.991925 0.758275 -637.761435 127.137708
64.950000 2.017900 0.530344 -662.714507 112.159209
65.000000 1.994385 0.470390 -665.119823 100.724098
65.050000 2.004188 0.561862 -656.213220 113.394998
65.100000 1.993330 0.690181 -645.427362 120.011496
65.150000 2.001886 0.965827 -617.366924 151.357408
65.200000 2.009248 0.725420 -647.640812 123.910248
65.250000 1.994374 0.644683 -653.404353 112.435368
65.300000 2.004353 0.639913 -651.267141 118.404464
65.350000 2.006439 0.617980 -654.845746 115.626776
65.400000 1.990966 0.778158 -636.565088 127.965872
65.450000 1.982573 0.806029 -638.609141 122.698949
65.500000 2.002338 0.696056 -655.805586 113.092390
65.550000 2.000578 0.802683 -643.361536 124.860584
65.600000 2.002586 0.737519 -654.425708 114.567364
65.650000 1.993324 0.845346 -639.410481 126.025831
65.700000 2.009854 0.710161 -656.223595 115.560497
65.750000 1.988264 0.794270 -643.780133 119.713399
65.800000 2.009098 0.625271 -663.479016 108.014786
65.850000 1.997814 0.746136 -644.218498 122.942138
65.900000 2.009563 0.835772 -629.258049 142.413965
65.950000 1.997553 0.657311 -645.410898 121.649418
66.000000 1.997070 0.630795 -645.871419 121.003395
66.050000 2.003328 0.771850 -622.967327 146.310581
66.100000 2.009937 0.383564 -668.866034 102.949651
66.150000 1.994653 0.676033 -637.949718 127.997107
66.200000 2.012235 0.741684 -639.503909 133.194439
66.250000 1.971835 0.873849 -629.407608 127.776998
66.300000 2.023719 1.070669 -603.283878 173.824154
66.350000 1.993307 0.596395 -650.619727 114.810279
66.400000 2.010896 0.658336 -635.600782 136.583322
66.450000 2.001102 0.600187 -640.429321 127.993701
66.500000 1.992800 0.749472 -625.785301 139.449893
66.550000 1.994557 0.751728 -630.703562 135.206457
66.600000 2.003496 0.916221 -609.147086 160.195368
66.650000 2.006394 0.649446 -639.037743 131.417660
66.700000 1.984747 0.573286 -647.980248 114.162569
66.750000 2.003135 0.883939 -608.656413 160.547287
66.800000 2.013325 0.565659 -646.751478 126.365356
66.850000 1.999496 0.487456 -657.694779 110.111568
66.900000 1.995179 0.657136 -642.805171 123.343588
66.950000 1.980535 0.836909 -628.175621 132.349965
67.000000 2.019456 0.918183 -621.935249 153.535728
67.050000 1.992163 0.722726 -639.614146 125.376416
67.100000 2.010527 0.720783 -636.111421 135.930780
67.150000 2.000230 0.587817 -650.634724 117.453676
67.200000 1.981664 0.791749 -630.607722 130.351221
67.250000 2.007718 0.837768 -628.285214 142.678310
67.300000 2.005602 0.625484 -651.983749 118.167352
67.350000 1.996885 0.617032 -647.700701 119.103129
67.400000 2.012796 0.704581 -632.805838 140.107763
67.450000 1.998985 0.528694 -652.324878 115.285327
