# t Temp Pres Epot Etot
0.000000 2.007651 29.049901 -1400.776852 -629.838698
0.050000 1.989727 28.620412 -1415.928359 -651.873336
0.100000 2.006154 28.701788 -1412.244569 -641.881488
0.150000 2.022914 28.521761 -1416.692828 -639.894012
0.200000 1.965527 29.547629 -1372.639611 -617.877106
0.250000 2.024313 28.608285 -1419.416928 -642.080913
0.300000 2.052256 28.269116 -1433.720725 -645.654392
0.350000 1.976501 27.485752 -1464.641547 -705.664978
0.400000 2.017048 30.101249 -1347.630863 -573.084428
0.450000 2.018377 29.977960 -1356.952237 -581.895500
0.500000 2.008597 28.494705 -1421.068172 -649.767048
0.550000 1.953714 28.364801 -1425.087010 -674.860721
0.600000 2.023964 29.953706 -1357.596972 -580.394813
0.650000 1.996858 28.780588 -1407.678652 -640.885352
0.700000 1.990312 28.325803 -1428.213897 -663.934260
0.750000 1.987995 28.662704 -1415.115342 -651.725365
0.800000 1.989322 28.957684 -1399.660801 -635.760995
0.850000 1.999265 29.725700 -1365.210108 -597.492380
0.900000 1.989992 26.629637 -1506.149662 -741.992571
0.950000 1.993283 28.560301 -1420.321335 -654.900710
1.000000 1.995427 29.662648 -1369.898419 -603.654351
1.050000 1.999341 31.205785 -1306.544538 -538.797659
1.100000 2.053917 28.011594 -1450.077033 -661.372717
1.150000 1.994982 28.361970 -1429.703950 -663.630832
1.200000 1.990713 27.967471 -1443.148477 -678.714521
1.250000 2.045988 28.135895 -1439.089298 -653.429845
1.300000 1.977780 29.782523 -1359.567297 -600.099873
1.350000 1.975006 29.108984 -1394.751756 -636.349605
1.400000 1.990682 29.682308 -1367.015870 -602.593816
1.450000 2.031974 28.742260 -1413.110528 -632.832666
1.500000 1.989177 27.093431 -1485.106024 -721.262141
1.550000 1.998506 28.873063 -1403.282623 -635.856272
1.600000 1.991416 29.589161 -1372.163400 -607.459714
1.650000 2.041392 30.156928 -1347.514779 -563.620329
1.700000 1.991339 28.541369 -1417.633806 -652.959752
1.750000 1.999709 27.911521 -1445.876520 -677.988423
1.800000 1.978459 27.603108 -1460.371464 -700.643091
1.850000 2.032248 28.679861 -1414.944554 -634.561165
1.900000 1.985654 29.718626 -1365.649142 -603.158116
1.950000 2.006616 28.678468 -1412.621239 -642.080653
2.000000 1.991086 29.841652 -1361.070714 -596.493597
2.050000 2.023518 28.127241 -1438.472417 -661.441602
2.100000 1.979811 28.674756 -1412.146157 -651.898853
2.150000 2.004609 28.472267 -1423.167963 -653.397980
2.200000 1.999971 29.356095 -1384.757138 -616.768160
2.250000 2.004669 28.987236 -1401.622264 -631.829327
2.300000 1.979271 29.384890 -1385.225621 -625.185379
2.350000 2.029267 29.461162 -1384.451783 -605.213337
2.400000 2.038002 27.888462 -1452.481713 -669.888993
2.450000 2.019293 28.264078 -1433.677054 -658.268684
2.500000 1.991460 28.192259 -1435.161746 -670.441228
2.550000 2.001867 29.794715 -1363.784879 -595.068005
2.600000 2.032916 27.668335 -1464.512627 -683.872890
2.650000 1.973492 28.814753 -1404.587252 -646.766321
2.700000 2.042462 29.449660 -1381.211076 -596.905696
2.750000 1.963137 28.148751 -1433.665093 -679.820466
2.800000 1.987600 29.604274 -1372.478350 -609.240048
2.850000 2.030610 28.641183 -1415.952748 -636.198518
2.900000 2.001785 28.831503 -1404.224675 -635.539391
2.950000 1.991214 29.466548 -1378.565821 -613.939665
3.000000 2.019531 29.428528 -1381.377443 -605.877369
3.050000 1.983614 28.534690 -1414.275244 -652.567490
3.100000 1.992578 27.749175 -1452.868960 -687.719196
3.150000 1.991991 29.215654 -1387.143884 -622.219420
3.200000 1.973723 28.487118 -1419.808857 -661.899255
3.250000 1.998270 28.327048 -1429.379653 -662.044077
3.300000 1.994512 30.869654 -1314.363707 -548.470935
3.350000 1.985206 29.605440 -1372.059325 -609.740397
3.400000 2.023909 28.948660 -1405.409347 -628.228479
3.450000 1.994252 29.064003 -1394.256158 -628.463343
3.500000 1.973405 28.280284 -1430.692531 -672.905006
3.550000 1.996018 27.278773 -1476.961323 -710.490510
3.600000 2.005718 29.503804 -1376.681782 -606.486184
3.650000 1.984304 27.510309 -1463.387117 -701.414298
3.700000 1.993989 27.704744 -1456.217882 -690.526068
3.750000 1.968482 31.211614 -1296.446664 -540.549687
3.800000 2.024382 30.495057 -1330.788324 -553.425565
3.850000 2.027216 27.325631 -1474.272439 -695.821542
3.900000 1.995336 28.490147 -1420.129830 -653.920649
3.950000 1.996874 27.953194 -1442.920026 -676.120545
4.000000 1.976106 29.452878 -1374.301214 -615.476453
4.050000 1.978660 29.496446 -1373.556634 -613.751077
4.100000 2.031821 28.340479 -1427.728897 -647.509636
4.150000 1.961629 29.843825 -1356.952387 -603.686822
4.200000 2.002277 28.238656 -1434.184880 -665.310591
4.250000 2.000301 28.534381 -1420.761399 -652.645640
4.300000 2.010572 30.494897 -1330.613120 -558.553533
4.350000 1.996748 28.392810 -1426.528362 -659.776958
4.400000 2.034099 28.163925 -1437.690272 -656.596270
4.450000 1.989008 28.421034 -1425.433149 -661.654192
4.500000 2.013323 29.523118 -1377.913825 -604.797781
4.550000 1.990132 28.782564 -1407.925097 -643.714571
4.600000 2.013273 28.989380 -1402.725308 -629.628541
4.650000 1.986188 27.515963 -1467.479958 -704.783896
4.700000 1.994938 28.812335 -1406.236654 -640.180400
4.750000 2.014882 30.372716 -1336.107200 -562.392419
4.800000 2.029235 28.866499 -1409.316199 -630.089882
4.850000 1.990882 28.930104 -1403.716456 -639.217663
4.900000 2.010292 29.071500 -1398.568778 -626.616786
4.950000 1.995313 29.265428 -1386.164348 -619.964219
5.000000 2.004185 28.055435 -1440.051221 -670.444177
5.050000 2.008489 28.452244 -1423.255638 -651.995876
5.100000 1.948568 28.764394 -1408.543979 -660.293813
5.150000 2.023319 29.522432 -1376.420263 -599.465953
5.200000 1.993862 28.569324 -1418.217128 -652.573972
5.250000 2.019713 27.869213 -1455.889191 -680.319317
5.300000 1.984737 28.278630 -1430.415946 -668.277063
5.350000 2.016166 29.307458 -1383.858586 -609.650790
5.400000 2.054810 28.830508 -1409.712879 -620.665732
5.450000 1.982376 26.836153 -1496.974069 -735.741827
5.500000 1.989097 29.292716 -1384.108714 -620.295505
5.550000 2.007917 29.271152 -1384.554163 -613.514051
5.600000 1.992306 29.021031 -1397.211236 -632.165657
5.650000 2.018995 29.086774 -1395.159012 -619.865108
5.700000 2.033340 29.638669 -1370.483732 -589.681161
5.750000 1.969628 28.568678 -1415.976370 -659.639141
5.800000 1.995956 27.232847 -1477.493029 -711.045853
5.850000 2.024448 28.711765 -1412.319733 -634.931835
5.900000 2.021957 29.399556 -1382.647968 -606.216489
5.950000 1.988309 28.487198 -1418.087693 -654.577102
6.000000 1.969584 28.641350 -1413.128299 -656.808165
6.050000 2.034167 28.857703 -1406.220916 -625.100646
6.100000 1.995579 28.565644 -1415.174734 -648.872261
6.150000 2.014636 28.353568 -1430.648872 -657.028458
6.200000 1.977036 28.937587 -1399.634144 -640.452226
6.250000 2.019415 29.790381 -1365.009673 -589.554131
6.300000 1.995216 29.769895 -1368.832803 -602.669812
6.350000 2.018485 28.660950 -1415.068791 -639.970544
6.400000 1.971809 28.813917 -1403.886826 -646.712198
6.450000 2.019175 27.522501 -1466.752483 -691.389402
6.500000 2.003031 28.101755 -1439.833747 -670.669802
6.550000 1.996040 29.195279 -1390.624206 -624.145002
6.600000 1.974366 28.829175 -1406.270652 -648.114091
6.650000 2.040637 30.155533 -1349.626267 -566.021739
6.700000 2.011548 29.372337 -1381.207494 -608.772894
6.750000 1.959832 28.968802 -1399.574325 -646.998721
6.800000 2.008614 28.659279 -1413.145130 -641.837375
6.850000 2.005398 28.179856 -1436.421228 -666.348299
6.900000 1.967222 28.962450 -1401.597440 -646.184363
6.950000 2.014454 29.648143 -1372.780496 -599.230086
7.000000 2.013060 29.108192 -1396.018355 -623.003285
7.050000 2.016934 27.778279 -1454.273236 -679.770642
7.100000 1.989175 28.977540 -1398.793269 -634.950221
7.150000 2.013060 28.707967 -1412.616076 -639.600879
7.200000 1.984699 29.721996 -1365.223112 -603.098601
7.250000 1.983496 29.524405 -1374.383520 -612.721132
7.300000 2.013874 27.561808 -1468.313628 -694.986004
7.350000 2.010357 27.855898 -1450.560386 -678.583395
7.400000 1.972443 30.600298 -1322.171200 -564.753079
7.450000 1.998275 28.977194 -1398.828563 -631.491133
7.500000 1.986698 16.272639 -1588.352774 -825.460823
7.550000 1.989408 17.469924 -1527.564611 -763.631894
7.600000 1.994233 18.591862 -1477.318194 -711.532889
7.650000 2.034378 17.889187 -1513.486416 -732.285184
7.700000 1.990049 17.606108 -1521.350652 -757.171651
7.750000 1.982495 18.584709 -1475.256747 -713.978764
7.800000 1.977985 17.625055 -1520.392596 -760.846425
7.850000 2.016180 17.802910 -1516.999168 -742.786239
7.900000 1.988729 18.109831 -1497.904256 -734.232139
7.950000 2.009544 17.393937 -1536.686397 -765.021531
8.000000 2.011956 16.871130 -1557.843279 -785.252329
8.050000 1.994873 17.896737 -1509.175856 -743.144770
8.100000 2.010008 17.526285 -1529.913961 -758.070954
8.150000 1.987173 18.643592 -1474.353947 -711.279348
8.200000 2.001527 16.898149 -1558.008542 -789.422043
8.250000 1.996779 18.287671 -1494.380472 -727.617353
8.300000 1.993038 16.894082 -1559.692508 -794.365730
8.350000 2.005133 18.190207 -1491.371476 -721.400396
8.400000 2.008599 16.416449 -1577.928028 -806.625921
8.450000 1.966867 17.694167 -1519.350509 -764.073751
8.500000 2.008473 18.487937 -1484.859414 -713.605641
8.550000 1.998913 17.683504 -1520.424489 -752.841716
8.600000 2.012786 17.042705 -1554.135900 -781.226204
8.650000 2.029122 17.484596 -1530.029407 -750.846607
8.700000 2.002684 17.627134 -1520.941926 -751.911321
8.750000 2.008307 17.960309 -1503.503869 -732.313814
8.800000 2.027207 16.778112 -1562.742296 -784.294619
8.850000 1.986293 17.510074 -1525.165611 -762.428929
8.900000 1.975027 18.754051 -1466.685667 -708.275383
8.950000 1.987205 17.426894 -1531.719025 -768.632288
9.000000 1.970927 18.196097 -1498.756899 -741.920805
9.050000 1.995094 18.173313 -1501.922990 -735.806937
9.100000 2.002785 18.937387 -1465.391913 -696.322649
9.150000 1.977261 17.516992 -1529.925593 -770.657485
9.200000 1.996830 17.622923 -1524.401990 -757.619152
9.250000 2.004429 17.900328 -1508.038511 -738.337695
9.300000 2.001506 17.210103 -1540.552346 -771.974044
9.350000 2.013912 17.799482 -1510.541286 -737.199189
9.400000 1.984114 18.754524 -1462.573697 -700.674065
9.450000 2.030262 16.936180 -1557.301270 -777.680827
9.500000 1.979654 17.280232 -1538.481006 -778.293938
9.550000 2.026224 17.960776 -1504.652131 -726.582012
9.600000 2.007016 17.350908 -1535.280121 -764.586163
9.650000 2.005062 17.031994 -1550.248975 -780.305252
9.700000 1.960976 17.606202 -1524.697748 -771.683086
9.750000 2.010066 18.420154 -1488.416818 -716.551603
9.800000 2.029358 16.692695 -1571.488897 -792.215515
9.850000 1.968420 18.362200 -1483.363634 -727.490248
9.900000 2.012934 16.501429 -1578.183635 -805.217013
9.950000 1.983127 17.355078 -1533.881421 -772.360654
10.000000 1.988346 18.763727 -1471.656075 -708.131025
10.050000 2.000372 18.794657 -1469.976513 -701.833767
10.100000 2.009654 17.384173 -1532.879864 -761.172566
10.150000 1.995250 17.832522 -1513.663885 -747.487923
10.200000 1.997644 17.088344 -1549.512905 -782.417620
10.250000 2.009425 17.734747 -1518.587398 -746.968346
10.300000 2.008166 18.179468 -1490.314239 -719.178589
10.350000 2.000917 17.776036 -1516.263896 -747.911767
10.400000 2.006840 17.907797 -1511.237016 -740.610346
10.450000 2.014450 16.774531 -1568.360344 -794.811473
10.500000 2.006093 18.624539 -1477.506405 -707.166533
10.550000 1.998937 17.181978 -1544.232232 -776.640410
10.600000 2.004415 17.242945 -1540.368116 -770.672680
10.650000 1.986486 18.080646 -1502.815231 -740.004620
10.700000 1.988422 18.429128 -1487.154017 -723.599852
10.750000 1.995229 18.809355 -1466.665755 -700.497713
10.800000 2.009542 18.005575 -1506.920311 -735.256061
10.850000 2.004982 16.358101 -1587.203280 -817.290026
10.900000 1.995434 17.443332 -1533.133599 -766.886807
10.950000 1.988773 17.241220 -1540.192241 -776.503564
11.000000 1.972762 18.049892 -1498.478638 -740.938067
11.050000 2.012603 18.483049 -1480.587598 -707.748030
11.100000 1.988417 17.210389 -1544.250557 -780.698548
11.150000 2.023625 16.878181 -1560.108657 -783.036773
11.200000 1.990194 17.472572 -1532.624195 -768.389647
11.250000 1.998420 17.918316 -1511.736268 -744.342945
11.300000 1.979322 16.881556 -1555.602564 -795.543008
11.350000 2.010165 17.512459 -1529.004813 -757.101488
11.400000 2.003062 17.430912 -1531.689980 -762.514165
11.450000 1.971168 18.782471 -1465.048200 -708.119544
11.500000 2.009373 19.107056 -1450.741406 -679.142064
11.550000 2.001093 16.997089 -1555.156984 -786.737389
11.600000 1.983892 17.222037 -1542.814746 -781.000150
11.650000 1.984490 17.789881 -1513.378074 -751.333854
11.700000 1.995166 18.935395 -1461.341111 -695.197542
11.750000 2.059926 17.244209 -1545.806864 -754.795155
11.800000 1.986337 17.165366 -1543.017479 -780.264006
11.850000 1.978854 17.725790 -1517.618744 -757.738958
11.900000 2.002109 18.381323 -1489.232477 -720.422496
11.950000 1.994010 17.187513 -1543.192254 -777.492329
12.000000 1.984905 17.593765 -1523.314195 -761.110813
12.050000 1.991346 18.492612 -1481.266635 -716.589658
12.100000 1.984958 19.206785 -1450.205468 -687.981510
12.150000 2.003600 18.677389 -1475.458708 -706.076385
12.200000 1.994334 18.024001 -1504.900500 -739.076240
12.250000 1.999562 17.544117 -1525.602344 -757.770598
12.300000 2.008567 17.414049 -1532.765076 -761.475237
12.350000 1.995878 17.213611 -1543.782725 -777.365469
12.400000 1.994513 17.824051 -1515.032087 -749.139019
12.450000 1.991254 18.782926 -1468.202537 -703.560852
12.500000 2.035488 16.741259 -1568.196742 -786.569322
12.550000 1.970553 18.229764 -1491.974796 -735.282253
12.600000 1.988166 18.034953 -1502.864776 -739.408963
12.650000 1.993160 17.052906 -1550.473238 -785.099752
12.700000 2.018852 19.188005 -1445.401789 -670.162604
12.750000 1.990660 18.416696 -1487.161347 -722.747927
12.800000 2.009608 16.710867 -1569.441863 -797.752345
12.850000 2.005195 17.969227 -1507.543582 -737.548873
12.900000 1.996819 16.966798 -1554.044864 -787.266304
12.950000 2.008352 17.821792 -1514.510804 -743.303562
13.000000 1.971065 19.212872 -1445.847903 -688.958898
13.050000 1.988729 18.559263 -1477.665151 -713.993077
13.100000 2.003430 20.075071 -1407.862320 -638.545035
13.150000 2.035896 18.815880 -1469.303630 -687.519582
13.200000 1.998676 17.146381 -1546.202010 -778.710382
13.250000 1.999573 18.108998 -1500.911802 -733.075860
13.300000 2.006487 17.590042 -1526.217843 -755.726846
13.350000 2.013141 16.411705 -1579.419692 -806.373474
13.400000 1.979239 16.791794 -1562.244022 -802.216184
13.450000 1.979491 17.308220 -1538.136623 -778.011960
13.500000 1.997483 18.167424 -1495.571314 -728.537802
13.550000 1.992534 18.172602 -1498.745114 -733.612243
13.600000 1.986280 19.263285 -1446.984109 -684.252474
13.650000 2.037565 16.390895 -1587.199207 -804.774147
13.700000 1.992502 17.097640 -1550.415265 -785.294444
13.750000 1.978445 18.231803 -1495.429780 -735.706870
13.800000 2.013993 17.689102 -1522.873560 -749.500241
13.850000 2.001995 17.722942 -1520.407004 -751.640749
13.900000 2.007183 18.116557 -1500.024388 -729.266041
13.950000 2.002387 16.687258 -1566.098286 -797.181569
14.000000 1.977074 16.894389 -1555.701333 -796.505045
14.050000 2.011138 17.578617 -1525.078865 -752.801925
14.100000 2.003963 18.553137 -1479.777592 -710.255992
14.150000 1.998460 18.083461 -1501.423805 -734.015001
14.200000 1.984421 17.639112 -1523.969499 -761.951910
14.250000 2.004872 17.965439 -1509.063969 -739.193013
14.300000 2.011535 18.048205 -1505.765069 -733.335493
14.350000 1.991893 16.111666 -1596.188667 -831.301918
14.400000 1.990798 18.459770 -1483.590252 -719.123796
14.450000 2.010732 17.450145 -1530.884153 -758.762900
14.500000 1.995233 17.032556 -1554.125777 -787.956234
14.550000 1.983800 17.304719 -1539.785299 -778.005913
14.600000 2.024716 17.278538 -1541.073369 -763.582559
14.650000 1.998573 17.735435 -1516.453277 -749.001255
14.700000 2.010386 17.798733 -1518.434827 -746.446625
14.750000 2.011408 17.026150 -1556.007448 -783.626588
14.800000 2.001653 18.409236 -1485.978999 -717.344141
14.850000 1.949573 18.650523 -1471.775031 -723.139143
14.900000 1.989321 18.399573 -1488.917457 -725.018058
14.950000 2.000091 17.370858 -1530.890572 -762.855537
15.000000 2.014051 11.919901 -1457.486940 -684.091334
15.050000 1.981574 12.726180 -1419.320078 -658.395515
15.100000 2.003906 12.943041 -1401.121482 -631.621552
15.150000 1.990449 13.060020 -1398.608744 -634.276412
15.200000 2.026031 13.486217 -1376.205449 -598.209724
15.250000 1.986754 12.576586 -1420.266998 -657.353572
15.300000 1.998119 14.141775 -1342.196592 -574.918911
15.350000 2.015355 12.669707 -1422.796710 -648.900402
15.400000 1.999277 15.275809 -1281.984274 -514.262047
15.450000 2.007212 13.562287 -1369.733817 -598.964218
15.500000 2.011508 13.492988 -1373.856029 -601.436929
15.550000 2.000425 13.363392 -1380.377614 -612.214225
15.600000 1.999109 12.632639 -1417.092037 -649.434152
15.650000 1.976196 13.084905 -1395.087511 -636.228345
15.700000 2.002256 14.233162 -1341.520825 -572.654572
15.750000 2.017575 13.257515 -1392.415021 -617.666187
15.800000 1.985488 12.943263 -1403.489275 -641.061912
15.850000 2.010060 13.887626 -1355.788735 -583.925585
15.900000 2.009318 14.626149 -1319.053213 -547.475176
15.950000 1.972654 14.914085 -1309.426298 -551.927193
16.000000 1.994643 14.907700 -1309.466742 -543.523783
16.050000 2.012376 13.606477 -1369.954743 -597.202326
16.100000 1.999408 13.016557 -1396.956086 -629.183376
16.150000 1.975524 14.260306 -1334.099430 -575.498147
16.200000 1.999340 14.374632 -1336.445165 -568.698731
16.250000 1.962180 14.883341 -1306.257346 -552.780396
16.300000 1.998051 15.063652 -1295.804524 -528.553096
16.350000 2.002654 15.070858 -1293.629825 -524.610770
16.400000 1.990442 14.932032 -1299.825068 -535.495402
16.450000 1.989496 14.292417 -1335.979026 -572.012636
16.500000 1.953698 15.526309 -1268.521515 -518.301319
16.550000 2.026043 15.544066 -1270.238461 -492.237797
16.600000 2.005586 15.220838 -1288.296511 -518.151301
16.650000 2.019395 15.040886 -1302.094304 -526.646618
16.700000 1.981982 14.631851 -1318.639942 -557.558773
16.750000 1.996650 14.865687 -1303.989271 -537.275694
16.800000 1.997226 15.344638 -1284.130950 -517.196161
16.850000 1.980966 15.941528 -1250.031898 -489.340820
16.900000 1.996045 15.466958 -1285.870969 -519.389574
16.950000 1.997525 16.412475 -1244.253420 -477.203731
17.000000 2.018405 15.976077 -1261.694439 -486.626823
17.050000 1.951731 15.995535 -1250.550294 -501.085659
17.100000 1.980384 16.234920 -1242.641720 -482.174427
17.150000 2.009766 15.364596 -1291.390226 -519.640204
17.200000 2.001975 14.761581 -1319.918622 -551.160139
17.250000 2.026555 15.007089 -1303.686627 -525.489584
17.300000 1.953036 15.109071 -1297.885318 -547.919319
17.350000 2.001240 15.480318 -1281.899223 -513.422990
17.400000 2.006604 14.336349 -1336.935115 -566.399194
17.450000 1.988474 15.563254 -1274.393205 -510.819198
17.500000 2.006445 15.070667 -1301.340056 -530.865323
17.550000 1.991307 15.785255 -1262.697340 -498.035611
17.600000 2.004498 14.554569 -1332.530101 -562.802812
17.650000 2.026644 14.928994 -1306.223818 -527.992466
17.700000 1.960962 14.537329 -1324.739923 -571.730661
17.750000 2.006939 15.792855 -1259.805758 -489.141050
17.800000 2.032740 15.544851 -1270.988165 -490.416089
17.850000 1.985842 14.728512 -1314.776339 -552.212988
17.900000 1.974527 15.078018 -1300.456198 -542.237762
17.950000 2.011515 15.214857 -1294.747072 -522.325261
18.000000 1.982787 15.579604 -1279.775708 -518.385582
18.050000 2.017161 14.037225 -1359.675804 -585.086141
18.100000 1.980994 15.016303 -1301.704440 -541.002699
18.150000 1.990279 15.267516 -1289.412436 -525.145337
18.200000 1.995840 15.487807 -1280.642678 -514.240019
18.250000 1.986045 16.432865 -1240.913600 -478.272210
18.300000 2.003780 16.877987 -1221.845312 -452.393830
18.350000 2.005239 15.010673 -1309.166975 -539.155346
18.400000 2.010452 15.247018 -1287.748997 -515.735425
18.450000 1.977425 15.584972 -1266.996925 -507.665587
18.500000 2.014095 15.042053 -1302.847253 -529.434791
18.550000 2.003728 14.641269 -1323.279454 -553.847785
18.600000 2.014678 15.096202 -1291.185153 -517.548872
18.650000 1.987159 15.272404 -1285.284121 -522.214974
18.700000 2.044710 14.540779 -1326.812131 -541.643668
18.750000 2.004371 15.218219 -1288.268403 -518.590094
18.800000 1.995052 15.549521 -1272.260238 -506.160121
18.850000 2.012334 14.917799 -1301.598262 -528.862184
18.900000 2.012568 14.181928 -1340.103055 -567.276772
18.950000 1.991803 14.967407 -1300.817964 -535.965739
19.000000 2.018791 14.653718 -1322.891444 -547.675693
19.050000 1.987708 14.727431 -1318.671727 -555.391713
19.100000 2.017584 15.756941 -1265.226487 -490.474157
19.150000 2.001174 13.891823 -1363.160662 -594.709673
19.200000 1.997037 14.018055 -1349.270239 -582.408161
19.250000 2.025082 14.072392 -1349.758557 -572.127013
19.300000 1.978753 14.719964 -1317.357769 -557.516697
19.350000 1.984710 15.853562 -1264.504807 -502.376265
19.400000 2.013790 14.778291 -1318.765838 -545.470476
19.450000 1.953170 14.410554 -1332.623153 -582.605687
19.500000 1.957232 15.204900 -1294.622657 -543.045394
19.550000 2.015490 16.442220 -1224.730204 -450.781947
19.600000 2.005605 14.370581 -1336.800101 -566.647889
19.650000 2.005938 14.760619 -1320.632054 -550.351775
19.700000 1.955090 15.379010 -1287.409055 -536.654417
19.750000 2.015912 15.624421 -1280.439185 -506.328879
19.800000 2.001488 16.579457 -1223.804877 -455.233416
19.850000 1.989456 15.492877 -1282.572286 -518.621294
19.900000 1.992395 15.248856 -1288.488226 -523.408432
19.950000 1.989486 16.062018 -1249.457844 -485.495411
20.000000 2.041781 15.218586 -1297.156482 -513.112556
20.050000 1.996218 14.947222 -1304.553494 -538.005903
20.100000 2.003535 15.676568 -1266.540605 -497.183164
20.150000 1.967356 16.211976 -1236.060203 -480.595370
20.200000 1.978856 16.688446 -1217.037073 -457.156518
20.250000 1.993997 17.254235 -1195.867907 -430.173074
20.300000 1.995525 17.326896 -1184.899277 -418.617588
20.350000 2.006722 16.596365 -1222.236220 -451.654914
20.400000 1.995671 16.944852 -1205.631784 -439.294164
20.450000 2.007597 15.959947 -1262.349170 -491.431855
20.500000 1.997853 16.532786 -1230.523806 -463.348106
20.550000 2.035690 16.647882 -1221.042624 -439.337472
20.600000 1.957153 15.990149 -1252.550385 -501.003713
20.650000 1.993164 15.901850 -1255.462989 -490.088067
20.700000 2.006636 15.113647 -1293.183031 -522.634834
20.750000 2.026318 14.499083 -1325.055759 -546.949681
20.800000 1.978118 13.711565 -1365.915213 -606.317763
20.850000 2.005523 15.851657 -1254.355172 -484.234256
20.900000 2.007181 15.950068 -1251.207917 -480.450392
20.950000 2.020147 14.620305 -1324.825794 -549.089462
21.000000 1.995030 15.737339 -1270.672746 -504.581336
21.050000 1.984089 15.252572 -1294.573428 -532.683085
21.100000 1.969645 14.986610 -1303.508890 -547.165326
21.150000 2.025601 15.555377 -1280.032529 -502.201865
21.200000 1.997806 15.410948 -1285.075927 -517.918390
21.250000 2.008453 14.550033 -1324.718794 -553.472727
21.300000 1.991944 15.190106 -1293.343748 -528.437096
21.350000 2.011988 15.015649 -1303.779805 -531.176595
21.400000 1.977134 16.169663 -1241.442129 -482.222652
21.450000 2.003028 14.945502 -1306.608359 -537.445547
21.500000 2.000322 15.479717 -1275.771005 -507.647312
21.550000 2.008889 15.613279 -1273.508189 -502.094976
21.600000 2.014243 14.907385 -1308.962391 -535.493067
21.650000 1.991745 14.604172 -1331.241911 -566.411775
21.700000 2.027398 14.413430 -1341.576289 -563.055469
21.750000 1.964935 15.203203 -1296.710290 -542.175213
21.800000 2.010027 15.749835 -1272.597167 -500.746758
21.850000 2.017766 14.801623 -1320.650464 -545.828510
21.900000 1.973348 14.267731 -1342.442830 -584.677107
21.950000 1.991823 15.495098 -1276.902032 -512.042156
22.000000 2.000982 15.235011 -1289.755233 -521.378073
22.050000 2.002550 16.346937 -1232.029972 -463.050904
22.100000 2.013061 15.359359 -1282.398137 -509.382611
22.150000 1.983723 14.857867 -1308.258104 -546.508393
22.200000 2.004973 15.969142 -1252.813595 -482.904091
22.250000 2.010878 14.952566 -1305.210384 -533.033088
22.300000 1.985207 15.045859 -1298.279476 -535.960161
22.350000 1.968719 16.522065 -1223.218010 -467.230039
22.400000 2.013724 16.001610 -1260.567932 -487.297774
22.450000 2.004841 15.329624 -1292.413585 -522.554800
22.500000 1.995743 8.874917 -1302.844587 -536.479444
22.550000 1.978052 8.730315 -1312.428135 -552.856056
22.600000 2.014155 9.258735 -1282.175701 -508.740100
22.650000 1.995702 9.328449 -1277.996890 -511.647143
22.700000 2.021132 8.737455 -1314.217734 -538.103091
22.750000 2.010614 8.371794 -1332.482797 -560.407031
22.800000 2.007763 8.362977 -1331.450483 -560.469440
22.850000 1.992641 9.148374 -1283.624344 -518.450174
22.900000 1.998880 9.639078 -1260.284988 -492.715059
22.950000 2.009885 9.103886 -1295.718349 -523.922604
23.000000 2.012915 9.632397 -1266.558227 -493.598770
23.050000 1.994677 9.903651 -1254.087337 -488.131535
23.100000 1.988280 9.733750 -1260.161032 -496.661639
23.150000 2.035392 9.145829 -1288.690235 -507.099716
23.200000 1.999252 10.022159 -1233.498287 -465.785611
23.250000 2.005450 9.168644 -1288.832887 -518.740087
23.300000 1.980802 9.337214 -1278.984110 -518.356236
23.350000 2.024245 9.154952 -1287.593041 -510.282872
23.400000 2.026190 8.919065 -1297.788032 -519.731196
23.450000 1.962061 9.335168 -1277.105262 -523.673926
23.500000 2.004452 8.929330 -1304.534556 -534.824877
23.550000 1.998617 9.773925 -1247.646604 -480.177515
23.600000 2.000942 9.271857 -1283.450887 -515.089335
23.650000 2.029610 9.193044 -1294.122025 -514.751912
23.700000 1.997096 8.876195 -1307.175118 -540.290145
23.750000 1.980776 9.156995 -1290.491239 -529.873203
23.800000 2.040065 9.477328 -1276.722382 -493.337613
23.850000 2.027199 8.831356 -1307.822311 -529.377936
23.900000 2.003324 8.526308 -1316.271191 -546.994852
23.950000 2.016505 8.443319 -1321.580245 -547.242241
24.000000 1.939059 9.465545 -1261.280097 -516.681577
24.050000 2.029114 9.724768 -1255.144047 -475.964079
24.100000 2.004819 9.562948 -1268.920607 -499.070118
24.150000 1.992471 9.181887 -1288.007836 -522.899081
24.200000 2.020063 8.830346 -1299.680591 -523.976494
24.250000 1.977842 9.390223 -1263.132315 -503.641125
24.300000 2.026970 8.705512 -1308.189336 -529.832789
24.350000 1.991248 9.980052 -1236.206945 -471.567593
24.400000 1.979784 8.743962 -1306.566009 -546.328982
24.450000 2.018961 8.972897 -1296.329700 -521.048757
24.500000 2.005940 9.339019 -1276.056209 -505.775370
24.550000 1.985435 8.968404 -1295.844550 -533.437393
24.600000 1.997881 8.870711 -1301.453807 -534.267406
24.650000 1.981693 8.734532 -1308.196803 -547.226731
24.700000 2.000397 9.588040 -1263.574294 -495.421976
24.750000 2.021761 9.307412 -1280.932021 -504.575624
24.800000 2.014579 8.642389 -1315.790762 -542.192330
24.850000 1.998172 8.762494 -1310.151206 -542.853022
24.900000 2.003271 8.787643 -1313.914221 -544.658267
24.950000 2.003457 9.441831 -1275.666340 -506.338662
25.000000 1.985847 9.640193 -1261.728606 -499.163462
25.050000 1.985660 8.751575 -1314.395789 -551.902248
25.100000 2.002838 9.166181 -1291.064138 -521.974213
25.150000 2.011163 9.635915 -1266.286636 -493.999869
25.200000 1.981367 9.101161 -1300.260481 -539.415554
25.250000 2.026268 9.309888 -1286.568879 -508.482065
25.300000 2.004036 9.027488 -1291.178158 -521.628368
25.350000 1.992855 8.787164 -1303.885893 -538.629434
25.400000 2.004437 8.664038 -1312.866725 -543.162927
25.450000 1.990610 9.300780 -1282.256510 -517.862458
25.500000 1.976663 9.670691 -1256.934584 -497.896088
25.550000 1.981059 9.450185 -1264.466809 -503.740103
25.600000 2.013448 8.153486 -1343.807121 -570.643089
25.650000 1.997006 8.723178 -1309.029525 -542.179091
25.700000 1.989723 9.061819 -1291.135755 -527.081991
25.750000 2.022431 8.376656 -1328.492068 -551.878622
25.800000 1.987038 8.619549 -1317.040131 -554.017717
25.850000 1.981818 8.581077 -1319.792986 -558.774991
25.900000 1.980469 8.842998 -1305.098894 -544.598808
25.950000 2.044908 8.701367 -1320.306724 -535.062123
26.000000 1.966172 9.327715 -1280.564455 -525.554519
26.050000 1.988739 10.363760 -1233.232599 -469.556829
26.100000 2.014501 10.679890 -1212.238194 -438.669748
26.150000 2.009482 9.923090 -1252.226411 -480.585447
26.200000 1.986315 10.099817 -1239.390098 -476.645315
26.250000 1.984292 10.220566 -1233.888492 -471.920345
26.300000 2.007695 10.219311 -1234.547393 -463.592662
26.350000 2.023203 9.249409 -1282.721857 -505.812043
26.400000 1.980345 8.943209 -1290.546536 -530.093971
26.450000 1.996366 9.756449 -1244.927960 -478.323346
26.500000 1.982724 9.892458 -1237.850423 -476.484401
26.550000 2.016462 8.879047 -1293.346097 -519.024737
26.600000 1.993530 8.397405 -1319.244020 -553.728331
26.650000 2.001396 9.438657 -1265.221974 -496.685895
26.700000 2.000564 9.571657 -1261.437841 -493.221356
26.750000 1.990166 8.465385 -1330.163532 -565.939896
26.800000 1.988377 8.851853 -1305.134077 -541.597372
26.850000 2.012667 9.144392 -1287.499640 -514.635624
26.900000 1.997920 9.498651 -1263.880468 -496.679230
26.950000 2.018796 8.773735 -1306.948765 -531.731102
27.000000 2.001527 9.225601 -1280.433265 -511.846730
27.050000 2.014114 8.845299 -1300.967389 -527.547757
27.100000 1.977246 9.098340 -1286.849796 -527.587365
27.150000 1.992712 9.173417 -1284.038032 -518.836567
27.200000 1.986415 8.775341 -1304.574782 -541.791518
27.250000 1.984619 9.475303 -1268.678129 -506.584324
27.300000 2.011386 9.300239 -1281.332287 -508.960210
27.350000 2.007696 8.826960 -1303.866426 -532.911021
27.400000 1.969883 9.638370 -1257.381063 -500.946099
27.450000 2.011898 9.625300 -1263.172363 -490.603354
27.500000 2.034372 8.779295 -1310.265085 -529.066361
27.550000 1.993705 8.965642 -1295.682238 -530.099392
27.600000 2.019535 8.011719 -1350.289767 -574.788226
27.650000 1.971609 8.939730 -1287.776524 -530.678831
27.700000 2.010300 8.927142 -1286.464258 -514.509050
27.750000 1.985156 8.327437 -1323.518645 -561.218588
27.800000 1.977067 9.639161 -1256.287320 -497.093540
27.850000 2.001469 9.023064 -1298.889414 -530.325349
27.900000 2.017698 9.621132 -1264.938047 -490.142104
27.950000 2.017913 9.826100 -1257.317402 -482.438960
28.000000 1.995768 9.462371 -1274.326287 -507.951439
28.050000 2.020683 9.353490 -1280.045173 -504.102994
28.100000 2.003419 9.046180 -1294.238204 -524.925383
28.150000 1.995355 8.884005 -1297.092870 -530.876596
28.200000 1.983857 8.726956 -1299.083760 -537.282670
28.250000 1.965796 9.068748 -1280.801070 -525.935282
28.300000 2.006131 9.119738 -1285.548733 -515.194448
28.350000 1.975142 9.684225 -1258.148693 -499.694294
28.400000 1.999602 10.426724 -1213.119039 -445.271917
28.450000 1.986967 9.206075 -1283.656117 -520.660698
28.500000 1.993963 9.747176 -1261.128939 -495.447061
28.550000 2.025780 9.433993 -1277.772599 -499.873044
28.600000 1.987088 9.014756 -1296.326341 -533.284659
28.650000 1.998265 8.716451 -1312.088818 -544.754909
28.700000 2.004325 9.102128 -1289.883784 -520.222955
28.750000 1.991744 8.626290 -1324.103013 -559.273183
28.800000 1.981192 9.637707 -1262.937044 -502.159207
28.850000 2.016972 9.374318 -1271.271206 -496.754041
28.900000 1.987908 8.952599 -1292.463641 -529.107160
28.950000 2.014184 8.795108 -1304.713809 -531.267170
29.000000 1.962698 10.241834 -1217.201802 -463.525747
29.050000 2.007293 9.226531 -1282.783499 -511.982925
29.100000 1.996980 8.776755 -1306.764115 -539.923838
29.150000 2.000501 8.725964 -1306.897736 -538.705544
29.200000 1.989319 8.536957 -1317.871120 -553.972502
29.250000 1.996510 9.333631 -1270.635924 -503.976223
29.300000 2.019497 8.981936 -1296.670356 -521.183442
29.350000 1.982358 8.584256 -1314.954573 -553.729236
29.400000 2.010798 9.016491 -1283.141224 -510.994779
29.450000 1.989333 9.155876 -1277.796482 -513.892485
29.500000 2.034490 9.200945 -1286.678013 -505.433762
29.550000 2.006175 8.848518 -1303.523076 -533.152049
29.600000 1.993198 8.906190 -1300.262982 -534.874909
29.650000 1.985021 8.576808 -1319.754657 -557.506632
29.700000 2.009041 9.725828 -1250.151762 -478.680074
29.750000 2.014994 9.961615 -1239.768814 -466.011260
29.800000 2.015921 8.914414 -1299.817749 -525.704227
29.850000 1.984236 9.397959 -1276.300297 -514.353822
29.900000 2.016460 9.657443 -1265.135996 -490.815413
29.950000 1.976266 9.931946 -1240.920109 -482.033911
30.000000 1.975881 6.020857 -1180.934236 -422.195905
30.050000 2.026827 5.659533 -1209.617538 -431.315808
30.100000 2.022435 5.124014 -1243.440292 -466.825190
30.150000 1.974845 5.336261 -1226.621321 -468.280954
30.200000 2.012878 5.107665 -1237.985699 -465.040634
30.250000 1.998881 4.270512 -1285.515042 -517.944709
30.300000 1.997471 4.801935 -1248.864787 -481.835924
30.350000 2.007254 4.685263 -1250.469899 -479.684467
30.400000 1.994030 4.583749 -1259.147094 -493.439430
30.450000 1.968945 5.669821 -1200.547152 -444.472436
30.500000 2.005914 6.203109 -1172.387653 -402.116601
30.550000 1.999670 5.757888 -1194.988183 -427.114713
30.600000 1.983506 5.574326 -1205.227711 -443.561567
30.650000 2.026400 5.159396 -1229.927114 -451.789419
30.700000 1.998252 5.032266 -1235.403595 -468.074940
30.750000 1.998634 5.469977 -1206.926195 -439.450822
30.800000 2.017754 5.047700 -1238.155997 -463.338449
30.850000 1.979314 5.645835 -1192.770245 -432.713796
30.900000 2.000152 5.009031 -1233.078448 -465.020127
30.950000 1.984620 4.929362 -1240.571579 -478.477399
31.000000 2.000959 5.301228 -1219.077635 -450.709523
31.050000 2.000537 5.099658 -1235.181130 -466.974829
31.100000 1.995023 5.111427 -1234.001422 -467.912410
31.150000 2.002676 4.726383 -1255.887692 -486.859956
31.200000 1.987165 5.462503 -1215.485888 -452.414616
31.250000 1.997861 5.715618 -1199.467009 -432.288490
31.300000 2.021719 5.746372 -1194.671002 -418.330831
31.350000 1.988884 5.352437 -1220.837220 -457.105653
31.400000 2.015826 6.041189 -1172.941410 -398.864298
31.450000 2.010728 5.245095 -1223.768181 -451.648646
31.500000 1.992854 5.623451 -1203.393711 -438.137924
31.550000 2.008680 5.579206 -1197.707378 -426.374335
31.600000 2.000894 5.706013 -1182.765978 -414.422717
31.650000 1.992325 5.399229 -1209.421320 -444.368567
31.700000 1.991493 5.986877 -1181.162045 -416.428819
31.750000 2.015538 6.265346 -1164.100826 -390.134373
31.800000 1.996629 5.706928 -1199.302715 -432.597087
31.850000 2.008503 5.491193 -1216.190768 -444.925517
31.900000 1.985113 5.649854 -1203.983411 -441.700156
31.950000 1.992697 5.696531 -1193.819476 -428.623671
32.000000 2.014604 4.818648 -1242.229932 -468.622003
32.050000 1.990888 5.451437 -1199.677390 -435.176510
32.100000 1.992185 5.775159 -1183.941949 -418.943011
32.150000 1.997107 5.052377 -1232.673745 -465.784728
32.200000 2.022592 4.930406 -1239.268067 -462.592897
32.250000 2.010368 4.484425 -1264.223132 -492.241675
32.300000 1.996209 4.960974 -1226.150572 -459.606359
32.350000 1.992792 4.423243 -1265.079446 -499.847496
32.400000 1.993217 5.628093 -1190.464408 -425.068937
32.450000 2.011922 4.725411 -1245.044861 -472.466910
32.500000 2.008334 4.764665 -1233.966951 -462.766519
32.550000 1.997914 4.609144 -1249.902954 -482.703936
32.600000 1.993752 5.501849 -1203.724027 -438.123173
32.650000 1.995468 5.626038 -1198.737803 -432.478254
32.700000 2.007777 5.740615 -1191.673971 -420.687670
32.750000 2.008886 5.416210 -1218.168417 -446.756212
32.800000 2.014818 6.161036 -1172.085740 -398.395679
32.850000 2.036724 5.767344 -1191.835996 -409.733885
32.900000 1.994082 5.695654 -1190.041366 -424.313992
32.950000 1.998171 5.720515 -1192.234986 -424.937142
33.000000 1.993834 5.243166 -1221.514618 -455.882396
33.050000 1.989787 5.594352 -1198.589543 -434.511495
33.100000 2.036219 5.161460 -1222.061710 -440.153656
33.150000 1.999144 4.967220 -1235.193863 -467.522634
33.200000 2.001384 5.454055 -1207.197933 -438.666315
33.250000 2.014990 4.822819 -1246.238346 -472.482303
33.300000 1.992860 4.185865 -1279.723922 -514.465561
33.350000 1.994885 4.953216 -1235.061741 -469.026061
33.400000 2.011752 5.184776 -1218.221535 -445.708766
33.450000 1.991994 5.477838 -1201.102220 -436.176510
33.500000 1.989551 5.485130 -1201.433059 -437.445528
33.550000 2.006318 5.107941 -1224.161823 -453.735858
33.600000 1.997735 5.491122 -1200.131440 -433.001297
33.650000 2.012791 5.404644 -1205.389767 -432.477909
33.700000 1.990980 4.980412 -1228.893782 -464.357400
33.750000 2.007993 4.712947 -1244.388379 -473.318893
33.800000 2.007764 5.015173 -1225.860256 -454.878792
33.850000 2.019564 5.381152 -1205.268591 -429.756060
33.900000 1.997435 5.653918 -1187.699541 -420.684526
33.950000 2.002842 5.115655 -1214.665554 -445.574234
34.000000 2.011466 4.724684 -1243.004411 -470.601485
34.050000 1.985798 4.789102 -1246.985426 -484.439156
34.100000 2.013478 5.100284 -1230.766914 -457.591225
34.150000 1.994149 5.097485 -1232.536735 -466.783392
34.200000 2.000335 5.765166 -1187.980431 -419.851916
34.250000 2.005478 5.328663 -1218.910505 -448.806883
34.300000 2.001110 4.983688 -1240.935662 -472.509240
34.350000 2.034180 5.479451 -1206.272446 -425.147395
34.400000 1.979913 5.657351 -1193.379559 -433.093011
34.450000 2.005999 5.673440 -1193.145069 -422.841527
34.500000 2.014107 5.222201 -1220.243301 -446.826192
34.550000 1.991102 4.866497 -1245.546868 -480.963780
34.600000 2.002843 5.537481 -1203.012277 -433.920655
34.650000 1.996963 5.699872 -1191.833688 -424.999795
34.700000 1.995292 5.591773 -1201.775747 -435.583700
34.750000 2.007140 6.604607 -1134.302034 -363.560122
34.800000 2.014438 5.314716 -1217.460395 -443.916225
34.850000 1.977753 5.345141 -1213.162799 -453.705767
34.900000 2.005430 4.657530 -1257.386710 -487.301408
34.950000 1.994119 4.672369 -1259.684001 -493.942459
35.000000 1.992650 5.525316 -1213.951016 -448.773500
35.050000 2.015938 5.725628 -1198.478539 -424.358462
35.100000 1.994489 5.727991 -1191.514586 -425.630942
35.150000 1.986670 5.629599 -1196.854964 -433.973807
35.200000 2.014458 4.745091 -1254.263179 -480.711137
35.250000 2.026103 5.201053 -1229.039726 -451.015985
35.300000 1.991536 5.565367 -1202.724042 -437.974392
35.350000 2.003086 4.820370 -1249.657429 -480.472367
35.400000 2.000154 5.099101 -1226.271903 -458.212798
35.450000 1.961556 5.164014 -1228.110981 -474.873666
35.500000 2.010502 5.625981 -1204.418558 -432.385949
35.550000 2.004011 5.325114 -1219.048150 -449.507906
35.600000 2.013519 4.963298 -1235.190909 -461.999530
35.650000 2.001183 4.363104 -1267.000320 -498.546050
35.700000 1.978042 4.825211 -1238.447730 -478.879574
35.750000 1.993201 5.324323 -1208.940779 -443.551700
35.800000 2.002739 5.339977 -1211.752736 -442.700819
35.850000 1.993623 5.402026 -1214.254189 -448.702768
35.900000 1.989341 5.309359 -1225.464204 -461.557322
35.950000 2.017794 5.405592 -1217.057029 -442.224250
36.000000 1.988235 6.401154 -1147.802329 -384.320089
36.050000 2.023556 5.775305 -1193.591564 -416.545908
36.100000 2.007033 5.819191 -1184.868184 -414.167453
36.150000 2.013230 5.748365 -1190.554095 -417.473789
36.200000 1.970914 5.138462 -1232.001528 -475.170726
36.250000 2.025512 5.835863 -1184.364381 -406.567651
36.300000 1.981046 5.332289 -1211.706876 -450.985165
36.350000 2.007793 5.687865 -1196.044938 -425.052428
36.400000 2.016848 6.119857 -1169.222441 -394.752700
36.450000 2.024561 5.449622 -1211.851051 -434.419490
36.500000 2.003551 5.090517 -1229.618129 -460.254599
36.550000 1.973412 5.815711 -1179.206903 -421.416634
36.600000 2.011282 5.742647 -1185.476263 -413.144071
36.650000 1.998012 5.010932 -1232.564739 -465.328188
36.700000 1.995633 5.563059 -1192.943991 -426.620833
36.750000 2.013015 5.032194 -1230.526320 -457.528565
36.800000 2.023390 4.881558 -1240.855201 -463.873266
36.850000 1.997227 5.059240 -1229.147636 -462.212373
36.900000 1.998018 5.522591 -1206.059176 -438.820319
36.950000 1.989749 5.439679 -1212.701081 -448.637370
37.000000 2.003814 5.703473 -1194.277769 -424.813132
37.050000 2.003232 5.533557 -1201.463423 -432.222520
37.100000 1.995377 5.411785 -1210.380254 -444.155350
37.150000 2.024903 4.879596 -1239.417292 -461.854660
37.200000 1.972716 5.177063 -1216.354111 -458.831315
37.250000 1.998567 5.585781 -1190.624232 -423.174511
37.300000 1.995818 4.997620 -1225.431718 -459.037759
37.350000 2.002222 4.396747 -1260.780267 -491.926859
37.400000 1.998768 4.289942 -1270.537871 -503.010826
37.450000 2.004257 5.074974 -1225.378406 -455.743872
37.500000 2.008558 3.871925 -1036.188046 -264.901621
37.550000 1.999102 2.531172 -1133.823317 -366.168224
37.600000 1.989290 3.793358 -1049.292460 -285.405048
37.650000 2.013147 3.618890 -1068.794409 -295.745974
37.700000 1.992557 3.199582 -1092.630879 -327.488851
37.750000 2.001710 2.552443 -1130.603538 -361.946981
37.800000 1.994502 2.866859 -1107.730428 -341.841746
37.850000 2.009705 3.221137 -1091.326113 -319.599383
37.900000 1.996526 3.543241 -1070.989426 -304.323353
37.950000 2.005719 2.925419 -1119.295713 -349.099434
38.000000 1.985096 3.450752 -1078.289657 -316.012629
38.050000 2.025628 3.105439 -1099.153737 -321.312736
38.100000 1.989941 2.927970 -1106.317584 -342.180366
38.150000 2.010471 3.130158 -1093.544197 -321.523389
38.200000 2.001198 2.824002 -1116.042301 -347.582195
38.250000 2.018235 3.017880 -1096.763651 -321.761253
38.300000 1.974186 2.770944 -1115.381062 -357.293804
38.350000 2.012601 3.431055 -1077.445236 -304.606587
38.400000 2.006043 3.618840 -1065.016979 -294.696424
38.450000 1.992111 3.232610 -1089.638073 -324.667263
38.500000 2.002528 2.519390 -1140.201566 -371.230855
38.550000 2.015634 2.545130 -1132.766815 -358.763247
38.600000 1.978249 2.477570 -1127.653665 -368.005968
38.650000 2.008246 2.494837 -1129.918104 -358.751496
38.700000 2.002258 3.081697 -1084.297672 -315.430569
38.750000 2.004155 3.057229 -1085.970665 -316.375185
38.800000 2.015526 3.314574 -1070.416805 -296.454948
38.850000 1.997210 2.684572 -1121.058462 -354.129944
38.900000 1.994633 3.261325 -1082.122832 -316.183627
38.950000 2.004912 3.216039 -1092.720822 -322.834597
39.000000 1.980599 3.312960 -1091.365261 -330.815315
39.050000 1.998707 2.904172 -1117.120675 -349.617220
39.100000 1.994627 3.173677 -1089.496608 -323.559801
39.150000 1.996125 3.299169 -1084.027155 -317.515161
39.200000 1.978812 3.947036 -1041.545282 -281.681298
39.250000 2.022982 2.717093 -1127.426455 -350.601192
39.300000 1.962881 3.192344 -1087.145099 -333.398968
39.350000 2.009990 3.115497 -1099.117867 -327.281640
39.400000 2.015149 2.728528 -1125.023744 -351.206541
39.450000 1.992591 2.904601 -1114.591517 -349.436683
39.500000 2.007812 2.892765 -1114.564541 -343.564725
39.550000 1.992051 2.523450 -1136.210854 -371.263273
39.600000 1.976924 3.040230 -1098.750061 -339.611208
39.650000 2.012464 3.041891 -1098.559399 -325.773125
39.700000 2.001176 3.650445 -1051.231305 -282.779646
39.750000 2.010276 3.110788 -1094.783514 -322.837652
39.800000 1.973257 3.530183 -1070.997301 -313.266721
39.850000 2.006251 2.993064 -1109.298735 -338.898482
39.900000 2.002968 2.796896 -1115.615362 -346.475626
39.950000 1.982013 3.283913 -1080.486228 -319.393100
40.000000 1.997156 2.799530 -1124.240190 -357.332372
40.050000 2.000225 3.172714 -1097.738986 -329.652670
40.100000 2.012958 3.115994 -1099.729047 -326.753353
40.150000 1.975367 3.318815 -1090.981660 -332.440668
40.200000 1.999461 3.549406 -1085.065104 -317.271999
40.250000 2.019714 3.177582 -1099.336758 -323.766419
40.300000 1.991724 2.542670 -1129.381301 -364.559253
40.350000 1.982197 2.756047 -1110.787517 -349.623842
40.400000 2.025410 2.931572 -1096.547169 -318.789768
40.450000 1.985418 2.326016 -1136.601658 -374.201147
40.500000 2.018420 2.604809 -1115.581933 -340.508581
40.550000 2.035444 2.406438 -1135.756925 -354.146437
40.600000 2.000857 2.474197 -1136.061728 -367.732746
40.650000 1.999032 2.722588 -1118.510646 -350.882341
40.700000 2.000238 2.955493 -1095.398428 -327.307136
40.750000 1.995247 2.606524 -1126.686673 -360.511741
40.800000 1.995941 3.211596 -1086.715534 -320.274025
40.850000 1.999373 3.210494 -1086.820023 -319.060730
40.900000 2.001416 3.169267 -1090.763673 -322.219739
40.950000 2.007249 3.593105 -1067.561083 -296.777286
41.000000 1.995790 3.228202 -1095.769665 -329.386368
41.050000 1.994690 3.589098 -1064.876267 -298.915440
41.100000 1.987045 3.366149 -1078.322971 -315.297678
41.150000 2.018055 3.364437 -1073.293251 -298.359990
41.200000 2.010527 2.806229 -1107.147899 -335.105399
41.250000 2.010970 3.019246 -1091.922211 -319.709741
41.300000 1.979030 2.784884 -1112.846163 -352.898563
41.350000 2.017980 2.758005 -1116.922697 -342.018217
41.400000 2.003229 2.747212 -1114.731634 -345.491701
41.450000 1.992200 2.601378 -1125.042448 -360.037698
41.500000 1.981534 3.425093 -1065.606700 -304.697772
41.550000 2.024047 2.947735 -1104.300022 -327.065934
41.600000 1.992938 3.380193 -1079.135991 -313.847794
41.650000 2.006102 3.592976 -1070.032688 -299.689607
41.700000 1.990458 3.430603 -1076.777517 -312.441719
41.750000 1.997330 3.170812 -1091.487494 -324.512682
41.800000 1.985678 3.142660 -1082.623768 -320.123482
41.850000 1.991593 2.897424 -1102.912733 -338.140960
41.900000 1.990244 3.197793 -1083.543224 -319.289472
41.950000 1.988141 3.363810 -1075.834851 -312.388665
42.000000 2.019829 3.294424 -1085.795763 -310.181484
42.050000 2.007248 3.510341 -1066.341145 -295.557893
42.100000 1.999162 3.141372 -1095.084928 -327.406611
42.150000 2.032623 2.740753 -1121.955347 -341.428273
42.200000 1.985050 2.719270 -1117.794757 -355.535403
42.250000 1.993610 3.216090 -1082.371639 -316.825292
42.300000 2.008226 2.766460 -1113.494775 -342.336118
42.350000 1.998996 2.474130 -1133.412491 -365.797838
42.400000 2.009077 3.023134 -1099.141920 -327.656247
42.450000 1.999237 3.196636 -1089.752510 -322.045512
42.500000 1.997920 3.437702 -1074.930454 -307.729232
42.550000 2.008825 3.247450 -1086.685047 -315.296268
42.600000 2.003943 2.962159 -1102.024941 -332.510755
42.650000 2.012597 3.398063 -1071.092165 -298.254834
42.700000 2.021958 3.282437 -1081.743773 -305.311858
42.750000 1.993837 2.828824 -1116.569141 -350.935718
42.800000 2.007323 2.651158 -1119.691518 -348.879500
42.850000 2.003421 2.383551 -1135.891305 -366.577670
42.900000 1.972285 3.439116 -1067.479027 -310.121711
42.950000 2.013334 3.060247 -1108.925304 -335.805237
43.000000 1.986022 3.241961 -1088.688501 -326.056143
43.050000 2.003658 2.843008 -1113.855522 -344.450667
43.100000 1.995795 2.718664 -1127.833290 -361.447929
43.150000 2.005034 3.317718 -1083.885340 -313.952447
43.200000 1.993745 2.641269 -1124.514809 -358.916750
43.250000 1.999654 2.513434 -1126.980041 -359.112861
43.300000 1.997467 3.196993 -1076.154334 -309.126943
43.350000 1.998600 2.693076 -1124.773151 -357.310828
43.400000 2.015486 2.977730 -1109.427050 -335.480282
43.450000 1.972796 2.671932 -1130.052590 -372.499105
43.500000 2.004126 3.314727 -1089.720671 -320.136446
43.550000 2.018752 2.987570 -1107.967048 -332.766266
43.600000 2.007217 3.000782 -1099.996389 -329.225188
43.650000 2.002010 3.182896 -1088.809925 -320.038095
43.700000 1.994095 2.813965 -1120.598339 -354.866000
43.750000 2.004048 3.302401 -1079.194376 -309.639793
43.800000 1.982244 2.892746 -1102.933644 -341.752105
43.850000 2.001407 2.577147 -1120.519151 -351.978947
43.900000 2.017028 2.607344 -1113.858901 -339.320036
43.950000 2.000076 2.311339 -1143.091091 -375.061739
44.000000 1.984579 3.073548 -1099.902733 -337.824473
44.050000 2.015338 3.245517 -1096.182380 -322.292656
44.100000 1.992450 3.285489 -1091.488898 -326.388026
44.150000 2.027033 3.157327 -1101.036057 -322.655338
44.200000 2.010870 3.422837 -1084.043672 -311.869599
44.250000 1.997958 3.773551 -1057.817093 -290.601152
44.300000 2.004283 3.500935 -1077.764152 -308.119616
44.350000 2.014400 2.996029 -1113.087858 -339.558277
44.400000 1.976291 3.564680 -1072.492739 -313.596910
44.450000 2.003367 3.852177 -1047.018632 -277.725865
44.500000 1.999158 3.256778 -1081.744250 -314.067727
44.550000 1.992536 3.049513 -1096.666608 -331.532717
44.600000 2.006510 2.643366 -1126.825990 -356.326221
44.650000 1.975453 3.301978 -1081.780958 -323.206863
44.700000 2.017253 3.976536 -1030.651784 -256.026743
44.750000 2.007091 2.965185 -1101.007748 -330.284850
44.800000 1.985062 3.024217 -1094.782374 -332.518543
44.850000 2.006269 2.864951 -1102.973949 -332.566823
44.900000 1.991380 2.720049 -1110.201705 -345.511594
44.950000 2.012023 3.201605 -1077.128596 -304.511734
45.000000 1.993584 2.243567 -927.516251 -161.979898
45.050000 1.984678 2.184158 -932.866776 -170.750539
45.100000 2.022228 1.679450 -974.958562 -198.422840
45.150000 1.985855 1.750747 -970.009098 -207.440873
45.200000 2.012605 1.615062 -983.697934 -210.857605
45.250000 1.988111 1.750878 -970.246515 -206.811779
45.300000 1.993733 2.341131 -924.213953 -158.620563
45.350000 2.000680 1.781343 -968.540340 -200.279054
45.400000 2.009803 1.802694 -952.556274 -180.792043
45.450000 2.012139 1.012136 -1010.328589 -237.667149
45.500000 1.997547 1.167155 -991.607832 -224.549713
45.550000 1.992876 1.197116 -990.955433 -225.691200
45.600000 1.987719 1.599238 -961.424067 -198.140139
45.650000 2.006325 2.094246 -924.009447 -153.580522
45.700000 2.003940 1.753395 -950.661702 -181.148655
45.750000 1.988279 1.656299 -963.406601 -199.907552
45.800000 2.001878 1.559362 -977.174616 -208.453458
45.850000 1.993482 1.505839 -983.086432 -217.589322
45.900000 2.015427 1.988886 -937.461655 -163.537615
45.950000 1.997426 1.536244 -971.177028 -204.165535
46.000000 2.010810 1.557140 -970.803135 -198.652104
46.050000 1.997272 1.579024 -974.953958 -208.001651
46.100000 2.000861 1.541455 -982.220195 -213.889652
46.150000 1.989329 1.866523 -955.669362 -191.767201
46.200000 2.004696 1.530596 -986.218769 -216.415460
46.250000 2.003381 1.956217 -947.785009 -178.486782
46.300000 1.998924 1.846847 -957.669340 -190.082588
46.350000 2.018577 1.824420 -953.778171 -178.644764
46.400000 1.993588 1.173833 -999.036848 -233.498895
46.450000 1.989296 1.474516 -979.472405 -215.582778
46.500000 1.997399 1.802610 -956.340542 -189.339339
46.550000 1.994204 1.556610 -972.772863 -206.998513
46.600000 2.021195 1.679262 -959.322577 -183.183565
46.650000 1.998038 1.646410 -963.259609 -196.013194
46.700000 1.993257 1.633487 -963.505538 -198.094798
46.750000 1.988690 1.227613 -998.115267 -234.458470
46.800000 2.001259 1.771909 -956.102451 -187.618980
46.850000 1.996070 1.944476 -943.680532 -177.189629
46.900000 2.006090 1.642764 -974.003715 -203.665080
46.950000 2.005762 1.603897 -976.750324 -206.537605
47.000000 1.993596 1.282257 -998.695594 -233.154705
47.050000 1.988390 1.702136 -958.342082 -194.800183
47.100000 2.013413 1.614539 -966.699153 -193.548395
47.150000 1.991532 1.712301 -964.009165 -199.260943
47.200000 2.003013 2.001756 -943.289280 -174.132186
47.250000 2.002739 2.025877 -946.157045 -177.105433
47.300000 1.994708 1.800192 -968.846747 -202.878803
47.350000 2.003581 2.014686 -947.379022 -178.003760
47.400000 2.009506 1.705034 -965.343250 -193.693002
47.450000 1.990503 1.827992 -956.262147 -191.908901
47.500000 2.000808 1.805802 -963.010445 -194.700151
47.550000 2.004194 2.027413 -941.214434 -171.603985
47.600000 1.993242 2.059579 -937.526712 -172.121898
47.650000 1.998699 2.009922 -940.593429 -173.092944
47.700000 2.013916 1.671918 -967.219322 -193.875396
47.750000 1.993870 1.642469 -964.169114 -198.523011
47.800000 1.995192 1.328476 -990.561952 -224.408354
47.850000 1.995103 1.947995 -942.316851 -176.197282
47.900000 2.007197 1.765454 -962.634956 -191.871470
47.950000 2.009409 1.755370 -972.086060 -200.472947
48.000000 1.992266 2.056822 -945.834089 -180.804097
48.050000 2.001199 1.475607 -988.850755 -220.390372
48.100000 1.998546 1.732283 -962.629890 -195.188091
48.150000 1.996490 1.627499 -980.460819 -213.808490
48.200000 1.999882 1.656365 -984.437398 -216.482591
48.250000 2.016546 1.924653 -954.508061 -180.154329
48.300000 1.996361 1.236822 -1002.905170 -236.302413
48.350000 1.975301 1.662653 -966.651310 -208.135577
48.400000 2.005640 1.670209 -972.165591 -201.999810
48.450000 1.998139 1.706445 -968.620946 -201.335731
48.500000 2.005576 1.677683 -971.260070 -201.118707
48.550000 1.992378 1.693233 -967.984767 -202.911429
48.600000 2.010636 1.503474 -981.743097 -209.659062
48.650000 2.003072 1.628163 -964.603827 -195.424080
48.700000 1.991719 1.478794 -974.898442 -210.078256
48.750000 1.993880 1.387201 -979.297848 -213.648013
48.800000 1.997234 1.504938 -966.288072 -199.350298
48.850000 2.016514 1.587369 -964.776018 -190.434608
48.900000 1.989428 1.597339 -975.410150 -211.469791
48.950000 1.996431 1.873513 -961.079342 -194.449782
49.000000 1.985678 2.110125 -946.451688 -183.951315
49.050000 1.984911 2.485559 -919.145452 -156.939463
49.100000 2.005641 2.085097 -946.284771 -176.118566
49.150000 2.004581 1.832479 -958.404468 -188.645527
49.200000 2.001728 1.620798 -975.182844 -206.519130
49.250000 1.989900 1.950103 -951.222925 -187.101457
49.300000 2.004610 2.189159 -937.315865 -167.545531
49.350000 2.013528 2.236229 -931.475167 -158.280521
49.400000 1.996994 1.931090 -953.825306 -186.979503
49.450000 2.010739 1.333589 -1002.531112 -230.407397
49.500000 1.994771 1.752031 -965.106020 -199.113800
49.550000 1.999993 1.636041 -978.633565 -210.636285
49.600000 2.008898 2.003812 -945.845265 -174.428464
49.650000 1.996146 1.787276 -962.995027 -196.474803
49.700000 2.007229 1.625539 -976.158741 -205.382663
49.750000 1.996355 2.118551 -931.764619 -165.164354
49.800000 1.990255 1.704263 -970.255101 -205.997151
49.850000 2.012046 2.051323 -944.142856 -171.517375
49.900000 1.996217 1.886851 -954.118746 -187.571407
49.950000 2.003303 1.664724 -971.540070 -202.271597
50.000000 2.001340 1.607215 -972.306614 -203.791863
50.050000 1.981224 1.653721 -963.722638 -202.932532
50.100000 1.985752 1.672368 -958.401201 -195.872362
50.150000 2.009460 1.360579 -980.536779 -208.904291
50.200000 1.998824 1.805090 -939.423363 -171.875009
50.250000 1.993044 1.643666 -957.628511 -192.299614
50.300000 1.991068 2.004891 -933.384885 -168.814898
50.350000 1.996572 1.562489 -980.713100 -214.029535
50.400000 2.009470 1.709136 -971.746226 -200.109633
50.450000 1.988167 1.640093 -974.468140 -211.011848
50.500000 1.994917 1.415979 -991.221216 -225.173269
50.550000 2.016395 1.514213 -975.931767 -201.636265
50.600000 1.991055 1.373604 -982.696604 -218.131675
50.650000 1.980879 1.790779 -956.106450 -195.448752
50.700000 2.005115 2.258428 -925.314312 -155.350084
50.750000 1.996119 1.757396 -965.781496 -199.271728
50.800000 1.993620 1.651844 -971.151082 -205.600832
50.850000 1.978405 1.821686 -957.154148 -197.446761
50.900000 2.018009 1.589043 -979.437201 -204.521726
50.950000 1.998552 1.798217 -952.624009 -185.180191
51.000000 2.003452 1.466158 -980.359465 -211.033779
51.050000 1.993154 1.612247 -975.111968 -209.740719
51.100000 1.993986 1.861584 -965.329258 -199.638700
51.150000 2.003774 2.181341 -950.019129 -180.569732
51.200000 2.005437 2.041131 -962.049920 -191.962129
51.250000 1.987575 2.060840 -952.356015 -189.127210
51.300000 2.008522 2.027465 -948.202602 -176.930160
51.350000 2.017855 1.650155 -976.179672 -201.323498
51.400000 2.004114 1.792164 -959.222556 -189.642743
51.450000 1.996853 1.457431 -983.889205 -217.097606
51.500000 2.002640 1.434557 -984.439137 -215.425558
51.550000 1.987623 1.896031 -942.470692 -179.223410
51.600000 2.003650 1.838527 -944.558682 -175.157270
51.650000 1.995204 1.564674 -966.759001 -200.600717
51.700000 1.990855 1.150010 -998.697692 -234.209250
51.750000 2.007631 1.401926 -976.752996 -205.822772
51.800000 2.001085 1.384071 -979.822714 -211.406062
51.850000 2.005694 1.941221 -932.961752 -162.775073
51.900000 2.010919 1.805635 -945.632156 -173.439099
51.950000 1.991810 1.861645 -941.089452 -176.234268
52.000000 2.014515 1.410176 -985.551216 -211.977289
52.050000 1.982720 1.903829 -952.364067 -190.999557
52.100000 2.016041 2.078803 -934.723933 -160.564053
52.150000 1.986752 1.777257 -951.600718 -188.687861
52.200000 2.029837 1.612721 -967.888553 -188.431053
52.250000 1.984945 1.776944 -954.951104 -192.732174
52.300000 2.007374 1.631753 -969.807303 -198.975853
52.350000 1.981708 1.615453 -972.385927 -211.409864
52.400000 2.019381 2.092269 -934.382924 -158.940538
52.450000 1.984550 1.767747 -966.977768 -204.910670
52.500000 2.020721 1.034351 -806.557652 -30.600826
52.550000 1.979854 1.217605 -786.771775 -26.507665
52.600000 1.988625 1.375704 -778.341369 -14.709468
52.650000 2.018284 0.923400 -823.106654 -48.085460
52.700000 1.985899 1.493512 -766.686631 -4.101438
52.750000 1.994414 1.370942 -780.204503 -14.349385
52.800000 2.003852 1.214638 -795.512405 -26.033331
52.850000 2.002274 1.188708 -797.332803 -28.459756
52.900000 2.003551 1.131735 -801.136061 -31.772392
52.950000 2.005671 1.065119 -799.792181 -29.614654
53.000000 2.003024 0.920364 -812.527187 -43.365973
53.050000 2.001582 0.875764 -825.348740 -56.741263
53.100000 1.996150 0.995092 -815.401896 -48.880200
53.150000 1.999661 0.767305 -836.674448 -68.804633
53.200000 1.999713 1.012207 -807.456407 -39.566750
53.250000 2.013721 0.754352 -832.200849 -58.931874
53.300000 1.997009 0.743882 -834.451996 -67.600576
53.350000 1.995052 1.030598 -812.868229 -46.768248
53.400000 1.994331 1.321241 -793.761118 -27.938136
53.450000 2.017146 1.316550 -797.412885 -22.828986
53.500000 1.986821 1.411353 -778.686289 -15.747060
53.550000 2.007711 1.017691 -812.236134 -41.275302
53.600000 2.005690 0.917607 -811.529355 -41.344210
53.650000 1.991463 0.937726 -807.798385 -43.076750
53.700000 2.001593 0.974239 -807.345366 -38.733680
53.750000 1.998878 0.962080 -809.853277 -42.284281
53.800000 2.007809 1.084109 -799.756905 -28.758346
53.850000 2.007321 0.929283 -814.807572 -43.996335
53.900000 1.996508 0.972883 -812.371414 -45.712405
53.950000 1.993822 1.289981 -789.268766 -23.641188
54.000000 2.002584 1.454190 -777.464848 -8.472780
54.050000 2.000219 1.420489 -772.893124 -4.809120
54.100000 2.006577 1.198969 -786.364295 -15.838694
54.150000 2.002114 0.712980 -826.867687 -58.055963
54.200000 1.993845 0.862222 -811.782790 -46.146172
54.250000 1.993856 1.226346 -780.873229 -15.232503
54.300000 2.007334 1.310225 -773.354991 -2.538585
54.350000 1.986804 1.234695 -773.921098 -10.988218
54.400000 2.007732 0.828834 -811.993701 -41.024785
54.450000 1.989167 0.948942 -799.712733 -35.872503
54.500000 2.005110 0.772913 -825.051170 -55.088863
54.550000 1.997319 0.911932 -815.653653 -48.683128
54.600000 1.997404 0.913454 -824.104812 -57.101794
54.650000 1.993811 1.215514 -797.996279 -32.372864
54.700000 2.021684 1.297463 -787.247341 -10.920699
54.750000 2.002203 0.847430 -825.407697 -56.561697
54.800000 2.010576 0.810911 -823.698905 -51.637894
54.850000 2.003148 0.617272 -837.058425 -67.849746
54.900000 1.994523 0.794645 -821.809617 -55.912826
54.950000 1.991952 0.899715 -823.224377 -58.314822
55.000000 2.008572 0.966790 -824.308476 -53.016649
55.050000 1.996666 1.119792 -814.547074 -47.827191
55.100000 2.006856 1.117208 -819.110670 -48.477793
55.150000 2.005402 1.146790 -808.846741 -38.772262
55.200000 2.001865 0.862895 -831.213882 -62.497734
55.250000 2.004041 0.741779 -845.283043 -75.731398
55.300000 1.990020 1.130064 -812.758272 -48.590692
55.350000 1.996915 1.257875 -805.946373 -39.131169
55.400000 1.991353 1.373951 -790.655723 -25.976024
55.450000 2.004461 0.925315 -828.376874 -58.663774
55.500000 1.996942 0.852683 -828.277234 -61.451638
55.550000 1.985156 1.104857 -805.238396 -42.938559
55.600000 2.010839 1.251495 -791.908296 -19.746042
55.650000 1.992229 0.885383 -821.242438 -56.226409
55.700000 2.003275 0.892887 -815.994141 -46.736712
55.750000 1.998957 0.762229 -830.613538 -63.013948
55.800000 2.006941 1.026044 -813.799052 -43.133680
55.850000 1.985721 1.185125 -808.369545 -45.852641
55.900000 2.004504 1.249398 -810.027590 -40.298138
55.950000 2.005509 1.158849 -812.707121 -42.591646
56.000000 1.995802 0.986470 -814.322051 -47.934003
56.050000 2.017625 0.446827 -853.509600 -78.741480
56.100000 1.984255 0.732396 -818.352061 -56.398006
56.150000 1.999712 0.910495 -805.629325 -37.739903
56.200000 1.986835 0.778436 -816.654910 -53.710170
56.250000 1.995950 0.775776 -818.655746 -52.211007
56.300000 1.995522 0.780171 -819.731306 -53.451002
56.350000 1.995232 0.749852 -824.151337 -57.982145
56.400000 2.001502 0.968404 -806.110520 -37.533582
56.450000 1.999452 0.834910 -821.921431 -54.131971
56.500000 1.986516 1.167376 -801.670836 -38.848630
56.550000 1.999652 1.490445 -782.511561 -14.645187
56.600000 2.003357 1.531578 -780.467227 -11.178145
56.650000 2.011886 1.263467 -803.471688 -30.907325
56.700000 1.997885 0.910626 -834.821111 -67.633458
56.750000 2.005960 1.017980 -819.604442 -49.315698
56.800000 2.005493 0.874620 -829.774647 -59.665417
56.850000 1.985329 0.859502 -826.607898 -64.241468
56.900000 1.995880 1.127867 -801.475408 -35.057334
56.950000 2.008848 0.969938 -818.267440 -46.869878
57.000000 1.997992 0.811737 -829.757991 -62.529241
57.050000 2.001353 1.011621 -812.502026 -43.982578
57.100000 1.992892 0.938333 -827.581516 -62.311087
57.150000 1.996097 1.274953 -796.992258 -30.491071
57.200000 2.000810 1.116127 -808.957520 -40.646347
57.250000 1.999837 1.070961 -807.185379 -39.248008
57.300000 1.990133 1.143446 -791.764761 -27.553807
57.350000 1.997974 0.776164 -827.185220 -59.963354
57.400000 2.003104 1.282545 -775.510325 -6.318539
57.450000 2.010251 1.079693 -794.807888 -22.871449
57.500000 1.986678 1.179473 -775.694430 -12.810135
57.550000 2.010716 0.721041 -818.325045 -46.210010
57.600000 1.990864 0.888624 -800.273141 -35.781200
57.650000 2.026569 1.025341 -792.515480 -14.312813
57.700000 1.981833 1.039925 -796.773731 -35.749927
57.750000 1.999375 1.431212 -769.378020 -1.617927
57.800000 2.000972 1.213122 -794.855480 -26.482198
57.850000 2.006977 1.068680 -801.649068 -30.969859
57.900000 2.005148 0.732683 -824.938831 -54.961915
57.950000 2.011289 0.740951 -820.568174 -48.233290
58.000000 1.972722 1.025114 -802.760796 -45.235429
58.050000 2.008387 1.409718 -778.359099 -7.138405
58.100000 2.004685 1.290478 -790.686231 -20.887011
58.150000 2.006067 0.939875 -819.788099 -49.458236
58.200000 1.991671 0.767380 -834.259339 -69.457495
58.250000 2.013358 1.026060 -810.633628 -37.504260
58.300000 1.985031 1.202209 -792.667507 -30.415421
58.350000 2.008039 1.049905 -810.164315 -39.077209
58.400000 1.990636 1.518795 -762.154078 2.250187
58.450000 1.995045 1.359595 -781.986079 -15.888951
58.500000 2.007438 1.138129 -796.886640 -26.030322
58.550000 1.988126 1.138352 -791.684694 -28.244403
58.600000 2.021263 1.280283 -776.131608 0.033233
58.650000 1.999863 1.102912 -793.721155 -25.773819
58.700000 1.977766 1.190352 -784.957648 -25.495454
58.750000 1.996236 1.039278 -801.182557 -34.628029
58.800000 1.999895 1.490209 -750.780913 17.178630
58.850000 2.013589 0.969894 -795.537563 -22.319427
58.900000 1.990051 0.893411 -794.976546 -30.797056
58.950000 2.005369 0.878004 -795.408640 -25.346804
59.000000 2.003260 1.195533 -762.554152 6.697639
59.050000 1.990350 1.237048 -762.151621 2.142898
59.100000 2.017849 0.793177 -809.276615 -34.422535
59.150000 2.015918 0.805561 -805.478658 -31.365998
59.200000 1.984883 0.927834 -801.709785 -39.514540
59.250000 2.009271 0.934011 -814.714895 -43.154646
59.300000 1.994680 1.064938 -807.143032 -41.185972
59.350000 1.998400 0.959747 -822.235048 -54.849272
59.400000 2.015237 0.959582 -827.427279 -53.576134
59.450000 1.980110 1.214456 -811.005709 -50.643601
59.500000 2.008559 1.308571 -806.127216 -34.840465
59.550000 1.995750 1.228471 -804.776542 -38.408534
59.600000 1.997135 1.014994 -816.233998 -49.334057
59.650000 2.008099 0.973908 -812.229253 -41.119419
59.700000 1.993066 1.099110 -798.394177 -33.056842
59.750000 1.995147 1.127343 -803.802529 -37.666081
59.800000 1.996709 1.085138 -810.900044 -44.163810
59.850000 1.992538 1.093310 -810.378328 -45.243704
59.900000 1.996067 0.879963 -835.214454 -68.724628
59.950000 1.996422 0.982270 -824.095915 -57.469977
60.000000 2.002447 0.551085 -664.399798 104.539892
60.050000 1.981380 0.741252 -638.607644 122.242201
60.100000 2.008654 0.681164 -648.214653 123.108603
60.150000 1.998660 0.581535 -661.126522 106.359028
60.200000 2.012070 0.464615 -678.271045 94.363917
60.250000 1.978762 0.677652 -657.097568 102.747165
60.300000 2.001020 0.947438 -630.444150 137.947468
60.350000 1.997899 0.835180 -644.503012 122.690061
60.400000 2.007741 0.717880 -652.473919 118.498449
60.450000 1.996931 0.496139 -675.619082 91.202241
60.500000 2.010732 0.463506 -678.688250 93.432910
60.550000 1.981892 0.676385 -652.727434 108.319085
60.600000 2.015637 0.596135 -666.253836 107.750604
60.650000 1.977071 0.702873 -651.167712 108.027725
60.700000 2.005954 0.587549 -661.324978 108.961305
60.750000 1.994584 0.681236 -638.330540 127.589549
60.800000 1.998133 0.675074 -634.500058 132.782959
60.850000 2.012601 0.605341 -640.394595 132.444068
60.900000 2.003120 0.312643 -673.911324 95.286805
60.950000 1.992961 0.660414 -630.651022 134.645885
61.000000 1.999366 0.627244 -642.503395 125.253126
61.050000 2.004735 0.648277 -645.394569 124.423781
61.100000 1.996440 0.723254 -639.498326 127.134607
61.150000 2.001367 0.619449 -650.297598 118.227349
61.200000 2.006836 0.501443 -659.873905 110.750994
61.250000 2.001565 0.605984 -644.276144 124.324688
61.300000 1.988194 0.705858 -635.209143 128.257232
61.350000 1.990775 0.951417 -611.030176 153.427248
61.400000 2.003407 0.749311 -640.746905 128.561328
61.450000 1.996500 0.705394 -644.667231 121.988612
61.500000 1.995968 0.667699 -651.823877 114.627648
61.550000 2.012694 0.603372 -655.697233 117.177185
61.600000 2.001695 0.481554 -662.437621 106.213098
61.650000 1.995964 0.586873 -648.719770 117.730402
61.700000 2.000184 0.716804 -638.178835 129.891869
61.750000 2.009821 0.769326 -638.847094 132.924328
61.800000 2.003394 0.670069 -657.885589 111.417541
61.850000 1.990294 1.017704 -615.413535 148.859213
61.900000 2.004370 0.918735 -624.734234 144.943954
61.950000 2.013926 0.572373 -660.097987 113.249581
62.000000 1.997211 0.363492 -679.819545 87.109653
62.050000 1.998091 0.572540 -654.139301 113.127485
62.100000 2.003119 0.533338 -661.432869 107.764916
62.150000 1.997290 0.589030 -659.059580 107.899904
62.200000 1.991621 0.850778 -633.466280 131.316143
62.250000 2.008198 0.715647 -655.002189 116.145735
62.300000 1.991483 0.856888 -638.932074 125.797452
62.350000 2.008789 0.786094 -648.228595 123.146521
62.400000 1.991223 0.680507 -656.954529 107.675075
62.450000 2.018404 0.941065 -619.024443 156.042607
62.500000 1.987580 0.529080 -671.730717 91.500063
62.550000 1.997255 1.133754 -596.590672 170.355329
62.600000 1.993241 0.544868 -663.628822 101.775622
62.650000 2.002526 0.674934 -642.678723 126.291178
62.700000 1.998225 0.718009 -634.275657 133.042916
62.750000 1.992357 0.618773 -652.798156 112.267072
62.800000 2.010073 0.899515 -620.012034 151.855996
62.850000 2.008726 0.421492 -674.668685 96.682262
62.900000 1.985840 0.587846 -653.968394 108.594202
62.950000 2.002044 0.734076 -643.113740 125.671215
63.000000 2.007498 0.697395 -647.464099 123.415260
63.050000 1.997873 0.782690 -633.040116 134.143072
63.100000 1.990560 0.980155 -603.080523 161.294331
63.150000 2.008042 0.689209 -636.275386 134.812678
63.200000 1.984501 0.718878 -631.647894 130.400370
63.250000 1.999923 0.772799 -627.120324 140.850281
63.300000 1.999993 0.630198 -643.068969 124.928469
63.350000 1.995599 0.698108 -641.615622 124.694497
63.400000 1.994861 0.859092 -636.100599 129.926084
63.450000 2.012372 0.872502 -645.187876 127.562806
63.500000 2.006370 0.788563 -657.405496 113.040756
63.550000 1.990766 0.893149 -643.597483 120.856555
63.600000 2.003410 0.994854 -626.347330 142.962223
63.650000 2.004199 0.660628 -658.598012 111.014364
63.700000 1.989143 0.647146 -654.459530 109.371384
63.750000 1.990921 0.822314 -634.932494 129.581317
63.800000 2.013998 0.914076 -629.557357 143.817981
63.850000 2.002806 0.939883 -624.160675 144.916663
63.900000 2.003892 0.742593 -640.880514 128.613974
63.950000 1.999290 0.609246 -648.210911 119.516487
64.000000 2.001535 0.543157 -652.070679 116.518847
64.050000 1.991020 0.760454 -623.621941 140.929713
64.100000 1.994066 0.662882 -633.249509 132.471877
64.150000 1.994129 0.616830 -635.938804 129.806917
64.200000 2.004934 0.644383 -635.816168 134.078655
64.250000 2.006444 0.653806 -634.844008 135.630503
64.300000 2.003293 0.481868 -651.570009 117.694571
64.350000 1.998658 0.405745 -659.565856 107.918876
64.400000 1.993078 0.582699 -639.145869 126.195930
64.450000 2.004440 0.790449 -613.732972 155.971966
64.500000 1.990174 0.604446 -641.004272 123.222385
64.550000 2.010281 0.677007 -634.432795 137.515159
64.600000 2.002563 0.483547 -658.366758 110.617264
64.650000 1.994164 0.695861 -630.742760 135.016392
64.700000 2.010867 0.447257 -663.224626 108.948221
64.750000 1.992522 0.584207 -641.755038 123.373586
64.800000 1.998239 0.571365 -646.719833 120.604042
64.850000 2.004473 0.713105 -632.786906 136.930609
64.900000 2.007070 0.668497 -636.692558 134.022151
64.950000 2.002173 0.623366 -642.765638 126.068682
65.000000 2.021334 0.615720 -648.636940 127.555505
65.050000 1.991219 0.793640 -629.860606 134.767617
65.100000 2.002704 0.711649 -641.064750 127.973534
65.150000 2.010403 0.738127 -636.722954 135.271769
65.200000 2.004358 0.739661 -635.619986 134.053541
65.250000 1.992809 0.578481 -653.082553 112.155935
65.300000 2.001101 0.616194 -649.931144 118.491475
65.350000 1.993885 0.745506 -636.529017 129.122873
65.400000 2.007305 0.661741 -644.943305 125.861643
65.450000 1.995482 0.520713 -659.669985 106.594928
65.500000 1.998138 0.721453 -637.387329 129.897724
65.550000 1.998775 0.482591 -669.057793 98.471625
65.600000 2.001012 0.679785 -641.701695 126.687028
65.650000 1.994008 0.774579 -625.104480 140.594544
65.700000 2.008748 0.474481 -659.350574 112.008487
65.750000 1.993990 0.427050 -666.698529 98.993561
65.800000 1.991934 0.774258 -632.936344 131.966400
65.850000 2.009888 0.877275 -626.836403 144.960609
65.900000 1.999886 0.747032 -647.758912 120.197354
65.950000 1.995214 0.956873 -628.960886 137.201309
66.000000 2.009889 0.932438 -635.793242 136.003970
66.050000 1.998965 0.722096 -657.423880 110.178758
66.100000 2.005020 0.528384 -678.371574 91.556195
66.150000 1.995286 0.663552 -660.998064 105.191931
66.200000 1.991305 0.674800 -658.682336 105.978975
66.250000 1.998906 0.530335 -669.446149 98.133937
66.300000 2.006742 0.392355 -683.010972 87.577907
66.350000 1.985974 0.533282 -668.450803 94.163029
66.400000 2.010874 0.710050 -652.534836 119.640754
66.450000 2.008757 0.749805 -650.184525 121.178048
66.500000 1.994787 0.781914 -646.470374 119.527989
66.550000 1.996993 0.682012 -657.626588 109.218832
66.600000 2.008053 0.765038 -642.947562 128.144614
66.650000 2.003032 0.534330 -669.397257 99.766935
66.700000 1.991164 0.610621 -655.353224 109.253630
66.750000 2.000287 0.560745 -655.281616 112.828410
66.800000 1.996239 0.437280 -662.221541 104.334251
66.850000 1.995058 0.307692 -679.507809 86.594613
66.900000 1.995537 0.606565 -655.951896 110.334371
66.950000 2.001021 0.997708 -618.962412 149.429472
67.000000 2.006113 0.686721 -660.850091 109.497144
67.050000 2.002838 0.782512 -646.784675 122.305255
67.100000 1.997627 0.671995 -657.399681 109.688975
67.150000 2.009149 0.675224 -649.791861 121.721435
67.200000 2.001668 0.414567 -677.992168 90.648278
67.250000 1.994519 0.607833 -658.775069 107.120066
67.300000 2.009450 0.847824 -638.524751 133.104186
67.350000 1.991411 0.854635 -642.058524 122.643176
67.400000 2.002750 0.837757 -642.971633 126.084307
67.450000 2.008608 0.679151 -659.193792 112.111822
