# t Temp Pres Epot Etot
0.000000 2.020263 28.482984 -2779.423426 -1264.225819
0.050000 1.984778 28.359376 -2789.374688 -1300.791342
0.100000 2.023540 28.592515 -2765.250381 -1247.595165
0.150000 1.989919 29.640526 -2670.688196 -1178.248903
0.200000 2.025986 28.844197 -2751.805525 -1232.316226
0.250000 2.006749 27.680291 -2847.132648 -1342.070806
0.300000 1.963885 29.267845 -2707.337735 -1234.423767
0.350000 2.018777 29.898147 -2658.576491 -1144.493913
0.400000 1.991378 28.509289 -2774.398033 -1280.864541
0.450000 1.990222 29.080972 -2723.841727 -1231.175118
0.500000 1.985000 28.517075 -2772.128572 -1283.378823
0.550000 1.982984 29.615107 -2680.489538 -1193.251318
0.600000 2.015663 28.897206 -2748.347976 -1236.600879
0.650000 1.979848 28.650769 -2766.401350 -1281.515569
0.700000 2.014799 28.862827 -2746.738947 -1235.639793
0.750000 1.992142 29.042152 -2725.988178 -1231.881788
0.800000 1.985117 29.085400 -2725.454055 -1236.616626
0.850000 1.990178 29.211771 -2715.063189 -1222.429428
0.900000 2.020173 29.043478 -2729.484511 -1214.355102
0.950000 2.004117 29.042421 -2731.910230 -1228.822739
1.000000 1.979615 28.937986 -2739.415568 -1254.704481
1.050000 2.015158 28.179944 -2802.475250 -1291.106579
1.100000 1.991214 28.511067 -2771.938780 -1278.527993
1.150000 1.975884 29.328247 -2708.641332 -1226.728136
1.200000 2.013292 28.670810 -2764.197012 -1254.227847
1.250000 2.014361 28.859637 -2747.791507 -1237.020656
1.300000 2.014688 28.512363 -2775.810768 -1264.794928
1.350000 2.002882 28.699816 -2757.590220 -1255.428348
1.400000 2.001899 29.362131 -2699.987901 -1198.563766
1.450000 1.970258 30.345838 -2616.287466 -1138.594198
1.500000 2.053908 29.461902 -2698.615573 -1158.184810
1.550000 1.981530 27.635319 -2849.936916 -1363.789283
1.600000 2.000493 28.331699 -2792.053008 -1291.683029
1.650000 2.003213 29.129422 -2721.718595 -1219.308830
1.700000 1.996347 28.288695 -2791.931618 -1294.671367
1.750000 2.015914 27.882550 -2836.084626 -1324.148889
1.800000 1.973791 29.012646 -2729.988037 -1249.644742
1.850000 2.019031 29.996283 -2650.600375 -1136.327076
1.900000 1.998918 28.658850 -2761.212893 -1262.024748
1.950000 1.996820 28.816018 -2746.018969 -1248.403764
2.000000 2.001778 28.302616 -2793.447545 -1292.113938
2.050000 1.981311 28.639721 -2761.477658 -1275.494056
2.100000 2.003870 28.806099 -2746.072518 -1243.169793
2.150000 2.016738 28.502591 -2774.930960 -1262.377173
2.200000 1.986068 28.485604 -2778.138941 -1288.588128
2.250000 1.997095 28.885101 -2746.015393 -1248.194310
2.300000 2.003425 29.421106 -2700.928898 -1198.360024
2.350000 2.022051 28.566582 -2774.384881 -1257.846843
2.400000 1.982936 28.845353 -2744.071693 -1256.869886
2.450000 2.007810 29.246365 -2712.296521 -1206.439258
2.500000 1.984103 28.599012 -2767.739934 -1279.662390
2.550000 1.983992 28.898685 -2739.212439 -1251.218691
2.600000 2.018318 28.674703 -2765.104182 -1251.365935
2.650000 1.982249 28.450628 -2778.151220 -1291.464498
2.700000 2.015267 28.197573 -2800.929534 -1289.479459
2.750000 1.993393 28.887742 -2741.068271 -1246.023414
2.800000 1.972042 29.311332 -2703.857693 -1224.825821
2.850000 2.017169 29.187378 -2721.292358 -1208.415654
2.900000 2.011805 29.316195 -2705.282611 -1196.428935
2.950000 1.998951 28.491371 -2780.660771 -1281.447646
3.000000 2.009967 28.576064 -2773.443995 -1265.968936
3.050000 1.983015 28.961865 -2737.321267 -1250.059767
3.100000 2.010058 29.220851 -2714.028008 -1206.484191
3.150000 2.022642 28.551645 -2774.299013 -1257.317789
3.200000 2.010157 29.032456 -2730.431599 -1222.813559
3.250000 2.009725 28.841558 -2746.910510 -1239.616429
3.300000 2.007504 28.436314 -2784.622966 -1278.994871
3.350000 2.023232 28.942140 -2737.356495 -1219.932629
3.400000 1.979911 28.773095 -2746.253911 -1261.320331
3.450000 1.997875 29.186556 -2718.366533 -1219.960270
3.500000 2.002570 28.714877 -2756.078942 -1254.151172
3.550000 1.994177 28.407284 -2785.664058 -1290.031177
3.600000 1.991803 28.671198 -2763.425062 -1269.573164
3.650000 2.009525 28.864523 -2745.756141 -1238.612556
3.700000 2.009623 29.347969 -2698.968140 -1191.750686
3.750000 1.997038 29.011744 -2728.577019 -1230.798396
3.800000 2.015135 29.032554 -2731.768968 -1220.417951
3.850000 1.993004 28.980492 -2735.694159 -1240.940956
3.900000 1.998252 27.657089 -2852.648785 -1353.959852
3.950000 2.003694 28.457528 -2777.452968 -1274.682510
4.000000 1.990186 29.354115 -2696.907109 -1204.267903
4.050000 2.005682 28.571840 -2773.035726 -1268.773964
4.100000 1.994865 28.977707 -2739.331143 -1243.182038
4.150000 2.035947 28.881053 -2740.476673 -1213.516072
4.200000 2.002345 28.965924 -2739.169736 -1237.411326
4.250000 2.000512 28.709464 -2758.895992 -1258.512245
4.300000 1.996878 28.482461 -2778.649040 -1280.990662
4.350000 1.986081 28.728154 -2755.723046 -1266.161944
4.400000 1.983211 28.758178 -2758.438884 -1271.030408
4.450000 1.979310 28.982200 -2733.416177 -1248.933394
4.500000 2.007629 28.513733 -2777.547314 -1271.825218
4.550000 2.004875 28.336935 -2792.383825 -1288.727238
4.600000 1.999427 28.887496 -2739.576268 -1240.005984
4.650000 2.000952 29.014043 -2731.298183 -1230.584098
4.700000 1.972223 28.677292 -2756.150365 -1276.983073
4.750000 2.004604 28.572111 -2771.968339 -1268.515077
4.800000 2.009890 29.099054 -2726.074332 -1218.657202
4.850000 1.984242 28.272691 -2796.617792 -1308.436585
4.900000 1.987968 28.231521 -2806.981644 -1316.006007
4.950000 1.970681 30.050499 -2641.557997 -1163.547263
5.000000 2.024227 29.356011 -2706.254354 -1188.083812
5.050000 1.991912 28.564504 -2768.135466 -1274.201381
5.100000 2.001430 28.164649 -2802.479618 -1301.407246
5.150000 1.997949 28.409418 -2783.488924 -1285.027382
5.200000 1.996829 29.326701 -2707.329376 -1209.707936
5.250000 2.004612 29.145280 -2718.867027 -1215.408154
5.300000 2.002833 28.475732 -2774.917819 -1272.793200
5.350000 1.989015 28.317067 -2793.523801 -1301.762505
5.400000 1.987175 28.998997 -2735.512474 -1245.130877
5.450000 2.006247 28.993682 -2736.121219 -1231.435659
5.500000 1.999831 28.805076 -2754.003611 -1254.130065
5.550000 1.987854 28.937622 -2737.445519 -1246.555161
5.600000 1.997142 29.446773 -2695.058139 -1197.201510
5.650000 2.020856 28.562355 -2776.510427 -1260.868550
5.700000 1.986326 28.447794 -2782.099552 -1292.355384
5.750000 2.010584 28.648114 -2765.409113 -1257.471268
5.800000 2.014182 29.795817 -2666.234012 -1155.597740
5.850000 2.019597 28.378511 -2788.987255 -1274.289257
5.900000 1.988029 28.612152 -2766.879462 -1275.857603
5.950000 2.001898 29.032826 -2731.934147 -1230.510641
6.000000 2.003183 27.897972 -2826.535724 -1324.148329
6.050000 1.975489 29.030293 -2726.638959 -1245.021992
6.100000 2.018810 29.394222 -2698.411397 -1184.304138
6.150000 2.011019 28.954661 -2737.644732 -1229.380650
6.200000 1.988874 28.041026 -2820.170291 -1328.515022
6.250000 1.987672 28.857234 -2744.378241 -1253.624572
6.300000 2.013920 28.934162 -2738.280187 -1227.839956
6.350000 2.012301 27.949133 -2827.032444 -1317.806423
6.400000 1.989810 28.438076 -2779.098434 -1286.740622
6.450000 1.989347 29.002569 -2736.586674 -1244.576738
6.500000 2.017633 30.551230 -2601.302542 -1088.078036
6.550000 1.996986 28.950513 -2734.106721 -1236.367219
6.600000 2.010081 28.949326 -2738.394233 -1230.833358
6.650000 1.989242 27.856582 -2833.632854 -1341.701468
6.700000 1.998982 28.748523 -2754.465907 -1255.229605
6.750000 2.011640 29.278106 -2711.907228 -1203.177031
6.800000 2.010501 28.594988 -2771.483399 -1263.607755
6.850000 1.990226 28.695221 -2761.306501 -1268.636773
6.900000 1.983107 28.972019 -2734.428550 -1247.098258
6.950000 1.990682 29.015441 -2731.482155 -1238.470551
7.000000 2.010992 28.451283 -2780.640773 -1272.396969
7.050000 1.970032 28.667725 -2761.021223 -1283.497053
7.100000 1.980014 28.142106 -2813.270461 -1328.260222
7.150000 2.003763 30.327993 -2618.296499 -1115.474396
7.200000 2.031721 28.812496 -2756.351777 -1232.561054
7.250000 1.990849 28.817258 -2746.422033 -1253.285337
7.300000 2.009824 29.123645 -2717.499204 -1210.130870
7.350000 2.010098 28.773788 -2750.689451 -1243.116093
7.400000 1.966289 29.014286 -2727.741040 -1253.024347
7.450000 1.992609 29.661007 -2674.954238 -1180.497826
7.500000 2.041039 17.565970 -2986.077561 -1455.298089
7.550000 1.974576 17.666613 -2964.118139 -1483.186439
7.600000 2.008895 17.469711 -2985.077212 -1478.406037
7.650000 1.974402 17.115133 -3015.568409 -1534.766933
7.700000 2.018700 17.220219 -3013.189333 -1499.164502
7.750000 1.986483 18.201999 -2927.700300 -1437.837723
7.800000 2.029476 18.282167 -2911.581563 -1389.474409
7.850000 1.982538 17.727694 -2964.809149 -1477.905321
7.900000 2.010546 18.155210 -2929.027699 -1421.118122
7.950000 2.010292 17.173485 -3020.286040 -1512.567165
8.000000 1.988811 18.146242 -2924.054601 -1432.446609
8.050000 1.984125 18.021254 -2937.049474 -1448.955678
8.100000 2.003908 17.647003 -2975.134413 -1472.203511
8.150000 2.035209 17.813941 -2956.081558 -1429.674548
8.200000 1.972564 17.357030 -2997.306837 -1517.884009
8.250000 2.004077 18.302165 -2913.499659 -1410.441682
8.300000 2.013081 17.419028 -2993.839915 -1484.029532
8.350000 2.012154 17.426276 -2994.320411 -1485.204827
8.400000 2.011486 17.544593 -2985.746237 -1477.131595
8.450000 1.988618 17.302620 -3003.833177 -1512.369527
8.500000 2.000919 18.187210 -2922.492547 -1421.803370
8.550000 2.013037 17.326757 -3003.688168 -1493.910354
8.600000 1.979078 18.233987 -2915.039761 -1430.731039
8.650000 1.972515 18.607976 -2885.093699 -1405.707645
8.700000 2.006875 17.968696 -2949.549830 -1444.393296
8.750000 2.023702 17.325619 -3011.291603 -1493.515438
8.800000 1.986322 16.970702 -3034.918094 -1545.176316
8.850000 1.997625 17.852701 -2950.026983 -1451.808596
8.900000 2.005470 16.690128 -3067.387270 -1563.284747
8.950000 2.009155 17.155640 -3017.970352 -1511.104119
9.000000 1.985055 16.984507 -3035.185052 -1546.393639
9.050000 1.994365 17.852391 -2953.938236 -1458.164329
9.100000 1.987427 17.373853 -3001.332443 -1510.762016
9.150000 1.983300 17.266089 -3014.589546 -1527.114805
9.200000 1.997993 18.452420 -2903.607338 -1405.112818
9.250000 2.021248 18.424567 -2900.177693 -1384.241686
9.300000 2.002508 17.659976 -2968.716031 -1466.834936
9.350000 1.998870 17.054538 -3027.173027 -1528.020202
9.400000 1.998165 17.451974 -2993.968107 -1495.344372
9.450000 2.008978 17.397596 -2997.936089 -1491.202901
9.500000 1.995810 17.133962 -3024.173876 -1527.316282
9.550000 1.993560 17.362747 -3007.071077 -1511.901367
9.600000 1.996753 18.436258 -2906.870730 -1409.306214
9.650000 2.015704 18.282431 -2920.577738 -1408.799920
9.700000 1.995661 18.879992 -2860.279736 -1363.533709
9.750000 1.997655 19.120346 -2837.266885 -1339.025318
9.800000 2.012143 17.994966 -2952.939136 -1443.832027
9.850000 2.003129 18.142659 -2934.066044 -1431.719228
9.900000 1.993981 17.326028 -3004.352334 -1508.866649
9.950000 1.997824 17.837302 -2959.279561 -1460.911657
10.000000 1.990482 18.492937 -2897.813869 -1404.952302
10.050000 2.016312 18.167013 -2932.065585 -1419.831709
10.100000 1.997666 17.946045 -2947.459312 -1449.209729
10.150000 1.980829 17.843219 -2957.524700 -1471.902687
10.200000 2.012371 17.713653 -2967.140876 -1457.862444
10.250000 1.980116 16.882943 -3035.363542 -1550.276694
10.300000 1.982166 18.756746 -2858.627293 -1372.002935
10.350000 1.984678 17.390447 -2994.185893 -1505.677208
10.400000 1.992768 18.453193 -2893.858577 -1399.282244
10.450000 2.018173 17.020479 -3034.050735 -1520.420828
10.500000 1.993279 17.372166 -3001.495399 -1506.536479
10.550000 1.993299 17.574539 -2982.493355 -1487.519258
10.600000 1.999562 18.467371 -2898.235508 -1398.564025
10.650000 1.999769 17.925701 -2948.517646 -1448.690833
10.700000 2.009309 17.528441 -2992.121005 -1485.139300
10.750000 2.020409 17.318986 -3003.587776 -1488.280778
10.800000 2.005586 16.714213 -3058.329513 -1554.140290
10.850000 1.989813 17.718323 -2970.436628 -1478.076976
10.900000 1.982930 18.182079 -2921.836171 -1434.638631
10.950000 1.987783 17.692325 -2972.188693 -1481.351545
11.000000 2.020682 18.507500 -2899.536028 -1384.024849
11.050000 2.013459 17.960690 -2949.519424 -1439.425235
11.100000 2.002091 16.389575 -3094.505404 -1592.937310
11.150000 1.999310 16.278650 -3100.321680 -1600.839011
11.200000 1.968418 17.697840 -2966.998856 -1490.685376
11.250000 2.010048 18.542627 -2892.472888 -1384.936771
11.300000 1.999134 18.336571 -2910.729752 -1411.379227
11.350000 1.993037 17.463913 -2991.694848 -1496.917337
11.400000 1.996145 17.467503 -2993.454242 -1496.345792
11.450000 2.017629 16.924710 -3045.075045 -1531.853075
11.500000 1.981107 17.073156 -3022.550155 -1536.720219
11.550000 1.989013 17.270404 -3010.904696 -1519.145099
11.600000 1.981395 18.140353 -2930.144958 -1444.098430
11.650000 2.002341 18.121110 -2934.228015 -1432.472119
11.700000 1.991948 18.558786 -2898.162146 -1404.201183
11.750000 1.997257 17.698083 -2971.576813 -1473.634224
11.800000 1.991480 17.631695 -2978.878830 -1485.268627
11.850000 2.007252 17.705418 -2972.780588 -1467.341305
11.900000 2.001332 17.233694 -3012.109808 -1511.110457
11.950000 1.983535 18.114950 -2930.883008 -1443.231813
12.000000 2.004747 17.766929 -2963.357332 -1459.797024
12.050000 1.996334 17.740294 -2965.211938 -1467.961163
12.100000 2.016829 17.865590 -2950.591356 -1437.969590
12.150000 1.991088 18.361888 -2905.281570 -1411.965599
12.200000 2.018008 18.034406 -2940.163576 -1426.657815
12.250000 1.988907 17.486009 -2989.036025 -1497.355968
12.300000 2.005701 17.064653 -3034.609361 -1530.333425
12.350000 1.999448 17.178042 -3017.937611 -1518.351643
12.400000 1.970647 17.215500 -3016.957108 -1538.972073
12.450000 2.006107 18.706594 -2873.736843 -1369.156488
12.500000 1.999023 18.190879 -2926.523291 -1427.255907
12.550000 1.997482 18.022417 -2937.343332 -1439.232011
12.600000 1.997587 18.072067 -2934.511446 -1436.321122
12.650000 2.013964 17.468605 -2992.773738 -1482.300817
12.700000 1.980139 17.570269 -2982.854635 -1497.750579
12.750000 2.006196 17.724342 -2962.781714 -1458.134620
12.800000 1.983558 17.473779 -2988.018787 -1500.350423
12.850000 1.998513 17.795455 -2967.140071 -1468.255165
12.900000 1.991467 18.518251 -2890.273805 -1396.673182
12.950000 2.019146 19.036219 -2847.018602 -1332.659277
13.000000 2.017391 17.674981 -2977.164539 -1464.121267
13.050000 1.997073 18.284402 -2917.854735 -1420.049994
13.100000 2.002380 18.244867 -2922.892816 -1421.107855
13.150000 2.027273 18.514151 -2895.128363 -1374.673912
13.200000 1.989527 17.441775 -2982.929031 -1490.783883
13.250000 2.015294 16.905133 -3040.656320 -1529.185665
13.300000 1.980295 17.020679 -3025.544112 -1540.322851
13.350000 2.001411 17.595208 -2976.465191 -1475.406690
13.400000 2.001707 16.853289 -3040.853894 -1539.573863
13.450000 2.003740 17.074823 -3024.636681 -1521.831849
13.500000 1.974952 18.081084 -2930.052123 -1448.838164
13.550000 1.998874 18.021152 -2941.812561 -1442.657155
13.600000 1.998115 19.034651 -2845.990692 -1347.404328
13.650000 2.010900 18.121311 -2922.204985 -1414.029807
13.700000 1.992932 17.622227 -2975.559040 -1480.860394
13.750000 1.994897 17.915125 -2947.593303 -1451.420298
13.800000 1.991448 17.962459 -2945.938681 -1452.352993
13.850000 2.011256 17.789343 -2963.809119 -1455.367317
13.900000 2.017476 18.046859 -2939.987293 -1426.880203
13.950000 1.995718 17.411600 -2995.121900 -1498.333650
14.000000 1.999902 17.347397 -3001.281292 -1501.354551
14.050000 1.987064 17.394942 -2999.854427 -1509.556106
14.100000 1.986871 17.658188 -2977.263090 -1487.109783
14.150000 1.999657 18.161476 -2931.074998 -1431.332540
14.200000 2.025077 17.771605 -2969.002561 -1450.194835
14.250000 1.974579 17.850602 -2948.805704 -1467.871115
14.300000 2.016688 17.089653 -3029.160456 -1516.644269
14.350000 1.996110 17.324508 -3001.659297 -1504.576955
14.400000 1.980992 17.283122 -3009.899223 -1524.154894
14.450000 2.036279 17.196383 -3022.879225 -1495.669853
14.500000 1.982046 18.002854 -2939.271542 -1452.737157
14.550000 2.024389 18.261284 -2917.230964 -1398.939027
14.600000 1.979949 17.474701 -2982.272563 -1497.310608
14.650000 1.990229 18.160490 -2928.566164 -1435.894467
14.700000 2.010998 17.910854 -2950.582644 -1442.334210
14.750000 1.978068 17.430377 -2990.997558 -1507.446917
14.800000 2.004704 18.560966 -2886.165972 -1382.637957
14.850000 2.012071 17.822632 -2961.075957 -1452.022692
14.900000 2.018154 17.227278 -3016.434098 -1502.818290
14.950000 1.997322 17.596284 -2976.192949 -1478.201178
15.000000 2.003376 12.268737 -2811.250029 -1308.718386
15.050000 2.001347 13.483378 -2679.197580 -1178.187148
15.100000 2.001992 13.431572 -2688.672520 -1187.178350
15.150000 2.012348 12.661666 -2770.760968 -1261.499614
15.200000 2.014238 13.451122 -2698.121688 -1187.443464
15.250000 2.003386 12.636095 -2772.885775 -1270.345986
15.300000 1.977826 13.170550 -2718.339222 -1234.969971
15.350000 2.000482 13.513044 -2691.894058 -1191.532677
15.400000 2.014744 13.723116 -2671.078962 -1160.020739
15.450000 2.011725 13.200331 -2720.175422 -1211.381972
15.500000 1.990820 13.417862 -2695.680501 -1202.565555
15.550000 1.997675 13.289291 -2716.126820 -1217.870755
15.600000 1.989161 14.097277 -2638.473925 -1146.602949
15.650000 2.011269 14.465278 -2589.103641 -1080.652002
15.700000 2.016501 13.720993 -2664.922318 -1152.546197
15.750000 1.994694 14.279057 -2608.975862 -1112.955625
15.800000 1.979274 14.875752 -2549.302891 -1064.847069
15.850000 2.003466 14.422110 -2598.297778 -1095.698201
15.900000 1.991460 14.854212 -2550.859706 -1057.264396
15.950000 2.000488 14.558689 -2582.738499 -1082.372648
16.000000 2.000550 14.620663 -2575.707778 -1075.295049
16.050000 2.012070 14.867747 -2552.277698 -1043.225196
16.100000 2.002340 15.149682 -2534.371547 -1032.616671
16.150000 1.998589 15.210554 -2538.274559 -1039.332743
16.200000 2.002126 15.152161 -2542.652641 -1041.058218
16.250000 1.986636 15.500015 -2489.669554 -999.692370
16.300000 2.003818 15.430473 -2499.806706 -996.943501
16.350000 1.991402 16.020821 -2446.604521 -953.053395
16.400000 1.983748 15.334355 -2511.229255 -1023.418597
16.450000 1.983145 15.355643 -2504.978914 -1017.620257
16.500000 2.011781 16.069789 -2436.992502 -928.156533
16.550000 2.002560 15.450493 -2500.029082 -998.109432
16.600000 1.993140 15.533156 -2498.031512 -1003.176169
16.650000 2.001738 15.854004 -2470.789533 -969.485976
16.700000 2.011877 14.486471 -2601.545525 -1092.637986
16.750000 2.019526 14.648325 -2579.942122 -1065.297919
16.800000 1.974084 15.249474 -2511.391184 -1030.828098
16.850000 1.976202 14.968780 -2541.954047 -1059.802849
16.900000 1.998054 14.769998 -2559.387335 -1060.846794
16.950000 2.019304 15.027951 -2544.777061 -1030.298822
17.000000 2.028961 14.966582 -2546.859644 -1025.138610
17.050000 1.998547 14.236567 -2616.922355 -1118.012155
17.100000 1.984175 14.973744 -2547.275336 -1059.144359
17.150000 2.008208 16.220722 -2418.762263 -912.605910
17.200000 1.993471 15.518536 -2482.485660 -987.382692
17.250000 2.002585 15.175139 -2527.380262 -1025.441649
17.300000 2.009606 15.281551 -2515.441764 -1008.237493
17.350000 1.992356 14.829977 -2562.555440 -1068.288795
17.400000 2.005773 14.964009 -2559.636920 -1055.306945
17.450000 2.006553 15.249180 -2528.451667 -1023.537027
17.500000 1.989481 14.798697 -2577.092525 -1084.981987
17.550000 2.017089 14.431129 -2611.698782 -1098.881858
17.600000 1.991287 14.730740 -2579.531943 -1086.066554
17.650000 2.014993 14.933368 -2551.446734 -1040.201633
17.700000 1.977530 14.564074 -2578.400230 -1095.252546
17.750000 1.990177 15.540557 -2479.153015 -986.520620
17.800000 2.027193 14.876336 -2552.098427 -1031.703888
17.850000 1.982148 15.462520 -2493.553106 -1006.942471
17.900000 1.993578 15.221949 -2526.181806 -1030.998509
17.950000 2.001504 15.053734 -2538.572881 -1037.444990
18.000000 2.026611 14.550780 -2589.437839 -1069.479318
18.050000 2.004154 14.472928 -2594.957914 -1091.842354
18.100000 2.000152 15.567241 -2491.828808 -991.715137
18.150000 2.011564 14.957094 -2554.643162 -1045.970010
18.200000 1.987396 15.629530 -2475.548467 -985.001663
18.250000 2.005565 16.197753 -2426.574566 -922.400725
18.300000 2.003246 15.470725 -2510.819995 -1008.385534
18.350000 2.011142 15.754174 -2478.874902 -970.518498
18.400000 1.997918 15.192805 -2530.671109 -1032.232467
18.450000 2.010494 15.280938 -2519.767198 -1011.896915
18.500000 2.001321 15.430556 -2502.095846 -1001.105400
18.550000 2.003722 14.823080 -2572.541028 -1069.749446
18.600000 1.998703 16.000651 -2433.728983 -934.701850
18.650000 1.985149 14.400481 -2600.667634 -1111.805578
18.700000 1.998632 15.638959 -2481.735443 -982.761442
18.750000 2.014034 15.017416 -2545.017211 -1034.491797
18.800000 1.977782 14.764876 -2572.482757 -1089.146451
18.850000 1.994520 16.111893 -2434.347707 -938.457397
18.900000 1.974522 16.145529 -2431.958334 -951.066864
18.950000 2.028922 15.188386 -2531.277520 -1009.585789
19.000000 1.994172 15.479510 -2497.978590 -1002.349627
19.050000 1.970778 15.779528 -2476.588097 -998.504583
19.100000 2.021301 15.862200 -2454.755357 -938.779406
19.150000 2.003750 15.457386 -2497.916369 -995.103813
19.200000 2.006610 15.245182 -2517.883472 -1012.926125
19.250000 1.992175 15.202792 -2519.032940 -1024.901372
19.300000 2.002836 16.117078 -2420.995806 -918.868696
19.350000 2.033422 15.093584 -2536.079613 -1011.012782
19.400000 2.011340 14.859159 -2567.075939 -1058.570745
19.450000 1.997411 15.930044 -2447.136327 -949.078144
19.500000 2.018891 15.091287 -2529.435033 -1015.266626
19.550000 2.008266 15.324645 -2516.236080 -1010.036759
19.600000 1.994544 15.272962 -2518.639892 -1022.731618
19.650000 2.012135 15.731860 -2466.603585 -957.502426
19.700000 2.019159 14.804397 -2560.666267 -1046.296807
19.750000 1.981196 14.430860 -2601.599283 -1115.702371
19.800000 2.005711 15.755449 -2468.116949 -963.833815
19.850000 1.965338 16.119835 -2434.906299 -960.902549
19.900000 2.011825 15.741865 -2486.947399 -978.078483
19.950000 2.005168 15.112179 -2540.089854 -1036.213885
20.000000 2.009392 15.251537 -2524.780984 -1017.736867
20.050000 2.003698 15.720674 -2477.337406 -974.563608
20.100000 1.995048 15.092310 -2533.718658 -1037.432744
20.150000 1.995660 14.959791 -2546.200675 -1049.455711
20.200000 2.024550 15.693458 -2473.572946 -955.160649
20.250000 1.981419 14.347191 -2612.541359 -1126.477433
20.300000 2.009310 14.716230 -2574.991647 -1068.008990
20.350000 2.009903 14.530316 -2597.481093 -1090.054175
20.400000 1.989236 15.049736 -2550.534336 -1058.607083
20.450000 2.005926 16.128300 -2434.921523 -930.477074
20.500000 1.988880 16.487546 -2396.901524 -905.241685
20.550000 2.025333 15.705163 -2480.745650 -961.745714
20.600000 1.999336 15.575969 -2489.841109 -990.338911
20.650000 1.983885 15.947640 -2448.808026 -960.894164
20.700000 1.986543 15.455260 -2507.706024 -1017.799074
20.750000 1.997917 15.537343 -2491.160446 -992.722836
20.800000 2.017058 14.829397 -2566.857971 -1054.064336
20.850000 1.998151 14.951446 -2554.200587 -1055.587125
20.900000 2.012366 15.092201 -2529.978273 -1020.703481
20.950000 1.987709 15.034978 -2538.915452 -1048.133707
21.000000 2.009247 14.656182 -2583.346465 -1076.411171
21.050000 2.019696 14.683164 -2587.080916 -1072.309208
21.100000 1.987039 14.403311 -2602.549371 -1112.269886
21.150000 1.974047 14.960349 -2538.816398 -1058.280978
21.200000 2.014807 15.203909 -2519.814242 -1008.708639
21.250000 1.975670 14.621157 -2571.310822 -1089.558451
21.300000 1.992672 15.056310 -2537.164664 -1042.660469
21.350000 2.008397 15.390808 -2502.916351 -996.618452
21.400000 1.989680 15.119415 -2525.935142 -1033.675134
21.450000 1.998974 15.296893 -2518.295490 -1019.065334
21.500000 1.987881 14.547934 -2600.170312 -1109.259249
21.550000 2.016506 14.816580 -2568.611251 -1056.231804
21.600000 1.987422 15.929918 -2446.096286 -955.529825
21.650000 2.007107 15.456010 -2499.064496 -993.734515
21.700000 1.973880 15.450469 -2494.094633 -1013.684463
21.750000 2.028545 15.274259 -2520.857678 -999.448909
21.800000 1.996242 15.079800 -2545.270934 -1048.089802
21.850000 2.002815 15.543073 -2500.705156 -998.593736
21.900000 1.997503 15.150691 -2540.136737 -1042.009667
21.950000 1.993568 15.498155 -2503.094319 -1007.918313
22.000000 2.009167 15.099283 -2533.703102 -1026.828172
22.050000 2.005856 14.866155 -2553.004086 -1048.612274
22.100000 1.983485 15.742348 -2462.676768 -975.063043
22.150000 2.005818 15.241537 -2520.506882 -1016.143517
22.200000 2.001270 15.607939 -2482.271150 -981.318349
22.250000 2.005165 15.317787 -2506.778040 -1002.903947
22.300000 1.975412 14.998189 -2544.761134 -1063.202230
22.350000 2.018715 15.177525 -2532.849909 -1018.814008
22.400000 2.000533 15.511286 -2490.154943 -989.755307
22.450000 1.984117 14.459163 -2599.308824 -1111.220742
22.500000 1.998941 8.583520 -2582.204913 -1082.998910
22.550000 1.994859 9.099997 -2512.892672 -1016.748184
22.600000 1.984492 9.327280 -2484.909433 -996.540777
22.650000 1.997990 8.962911 -2523.964099 -1025.471504
22.700000 1.988356 9.006774 -2528.882886 -1037.615526
22.750000 1.990093 9.767759 -2452.487622 -959.918225
22.800000 1.987949 9.515563 -2475.371051 -984.409533
22.850000 1.997827 9.691253 -2450.738846 -952.368764
22.900000 1.988662 9.085178 -2519.456574 -1027.959709
22.950000 1.988138 9.216052 -2502.860815 -1011.757495
23.000000 1.996018 9.417083 -2475.982282 -978.969075
23.050000 1.996643 9.183559 -2505.014194 -1007.532160
23.100000 1.999846 8.918654 -2540.853407 -1040.968549
23.150000 1.996293 8.669043 -2568.010884 -1070.790772
23.200000 1.989362 9.395470 -2482.445608 -990.423799
23.250000 2.005489 9.118101 -2514.804128 -1010.687043
23.300000 1.985050 9.141117 -2509.296554 -1020.509169
23.350000 1.999077 9.682350 -2457.168353 -957.860962
23.400000 2.017856 9.277340 -2514.300585 -1000.908830
23.450000 1.997244 9.674981 -2463.372231 -965.439502
23.500000 2.017622 8.575577 -2575.443800 -1062.227460
23.550000 1.981111 9.842615 -2432.503373 -946.670069
23.600000 2.007522 9.549486 -2476.051389 -970.410024
23.650000 1.997928 9.576435 -2467.701006 -969.254636
23.700000 1.993984 8.778326 -2557.204142 -1061.715947
23.750000 1.984388 9.298384 -2491.041697 -1002.750558
23.800000 2.013292 8.561145 -2571.175717 -1061.206881
23.850000 2.005097 8.498622 -2573.431729 -1069.609212
23.900000 1.993792 8.789136 -2546.699194 -1051.355420
23.950000 1.987402 8.828268 -2554.883419 -1064.331600
24.000000 2.010691 9.264362 -2506.036134 -998.017954
24.050000 2.016260 9.219883 -2504.389007 -992.193682
24.100000 2.000752 8.658556 -2566.830803 -1066.266719
24.150000 2.017376 9.363092 -2492.874809 -979.842760
24.200000 1.989651 9.698520 -2455.135274 -962.896959
24.250000 2.030675 9.244301 -2507.106823 -984.100914
24.300000 1.986481 9.225716 -2511.664216 -1021.803666
24.350000 2.013054 9.080171 -2533.492114 -1023.701274
24.400000 2.008471 8.743145 -2555.977429 -1049.624256
24.450000 2.005788 8.316641 -2601.401382 -1097.060339
24.500000 2.000989 8.350027 -2604.696333 -1103.954404
24.550000 2.011931 8.963741 -2534.568268 -1025.619819
24.600000 2.000143 8.866553 -2548.323395 -1048.215778
24.650000 1.996621 8.644692 -2571.011504 -1073.545985
24.700000 1.988039 8.597812 -2569.305942 -1078.276747
24.750000 1.993219 8.737741 -2562.394862 -1067.480369
24.800000 1.997493 9.393934 -2501.215832 -1003.096324
24.850000 1.996433 9.893577 -2453.033028 -955.708609
24.900000 2.022573 9.090305 -2544.709919 -1027.779908
24.950000 1.985977 9.371710 -2496.096860 -1006.614093
25.000000 2.013682 9.106955 -2529.080306 -1018.819113
25.050000 1.998890 9.007311 -2541.180494 -1042.012987
25.100000 1.995746 8.815008 -2556.555307 -1059.745624
25.150000 1.998051 9.577522 -2467.531287 -968.993034
25.200000 1.986135 9.189132 -2507.350002 -1017.749004
25.250000 1.997169 8.958466 -2527.068491 -1029.191586
25.300000 1.978383 8.714220 -2551.815056 -1068.027620
25.350000 1.991435 9.331920 -2492.436512 -998.860058
25.400000 2.016294 9.251209 -2510.039226 -997.818812
25.450000 1.990453 8.765507 -2556.252057 -1063.412587
25.500000 1.983734 9.305997 -2490.146889 -1002.346689
25.550000 2.007454 8.637971 -2557.445300 -1051.854497
25.600000 2.002610 8.669496 -2552.919677 -1050.962438
25.650000 2.005946 8.713273 -2554.341726 -1049.881937
25.700000 2.001347 8.552184 -2580.643086 -1079.633128
25.750000 2.001197 8.701217 -2555.992819 -1055.095369
25.800000 2.009207 8.603130 -2563.955226 -1057.049819
25.850000 1.973065 8.471616 -2588.621636 -1108.822599
25.900000 2.025380 8.363817 -2605.368224 -1086.333304
25.950000 1.979605 8.697516 -2556.680209 -1071.976086
26.000000 1.991180 9.269920 -2501.823195 -1008.438036
26.050000 2.011241 8.884859 -2545.941203 -1037.510278
26.100000 1.999352 8.300736 -2602.639925 -1103.126023
26.150000 2.002110 9.042855 -2522.417062 -1020.834289
26.200000 1.992174 9.765169 -2439.814901 -945.684182
26.250000 1.994178 9.222862 -2503.057301 -1007.423534
26.300000 2.014926 8.607158 -2567.226584 -1056.031904
26.350000 1.977536 9.573060 -2458.469093 -975.317393
26.400000 1.994833 9.389762 -2490.668439 -994.543319
26.450000 2.016105 8.875322 -2545.913971 -1033.834923
26.500000 1.986289 9.772273 -2438.947305 -949.230526
26.550000 2.010373 9.032554 -2517.935550 -1010.155695
26.600000 1.994772 8.231690 -2611.615863 -1115.537211
26.650000 1.991030 8.648891 -2579.010761 -1085.737901
26.700000 2.016351 8.751925 -2566.020814 -1053.757897
26.750000 1.997931 9.271455 -2494.572649 -996.124683
26.800000 1.999050 9.072583 -2512.597768 -1013.310203
26.850000 2.004083 8.638365 -2558.189014 -1055.126455
26.900000 1.985743 8.507250 -2568.320978 -1079.013505
26.950000 2.013973 9.410061 -2473.127220 -962.647462
27.000000 1.995960 8.700517 -2559.128586 -1062.158284
27.050000 2.009017 9.485414 -2474.505569 -967.743152
27.100000 2.004522 8.841029 -2541.228366 -1037.837062
27.150000 1.993629 8.444485 -2579.804478 -1084.582531
27.200000 1.992517 8.764276 -2545.655159 -1051.267345
27.250000 1.995843 9.721992 -2443.556940 -946.674766
27.300000 2.005144 8.992305 -2531.337505 -1027.479298
27.350000 1.975192 9.401121 -2480.270154 -998.876366
27.400000 1.989543 9.591530 -2465.689982 -973.532821
27.450000 2.023225 9.417527 -2489.951650 -972.533173
27.500000 1.999575 8.803667 -2548.854435 -1049.173241
27.550000 1.990794 9.105032 -2516.529302 -1023.433807
27.600000 2.003083 9.008304 -2526.322673 -1024.010326
27.650000 1.978896 8.786559 -2545.196942 -1061.025249
27.700000 2.003562 9.400232 -2484.654430 -981.983279
27.750000 2.005718 9.339558 -2496.130240 -991.842097
27.800000 2.006812 9.888091 -2435.821959 -930.712816
27.850000 2.005337 9.181798 -2512.146943 -1008.144382
27.900000 1.993900 9.467532 -2482.169007 -986.743716
27.950000 2.000845 9.629566 -2466.236172 -965.602759
28.000000 1.981003 9.230847 -2512.500777 -1026.748185
28.050000 2.024385 9.144329 -2519.179347 -1000.890523
28.100000 1.999701 9.025741 -2520.872575 -1021.096748
28.150000 1.989601 9.429223 -2476.087679 -983.886747
28.200000 1.992377 9.444083 -2480.124496 -985.841403
28.250000 2.000429 9.040156 -2529.424154 -1029.102488
28.300000 1.994575 9.166539 -2513.317647 -1017.386627
28.350000 1.994118 8.864087 -2544.380444 -1048.791921
28.400000 2.019201 9.007106 -2526.293199 -1011.892170
28.450000 2.008601 8.299762 -2596.971350 -1090.520870
28.500000 2.003574 8.136316 -2614.443019 -1111.762621
28.550000 1.999128 9.024614 -2525.875917 -1026.530266
28.600000 2.000203 9.038806 -2525.062723 -1024.910497
28.650000 2.000707 8.888321 -2537.647998 -1037.117864
28.700000 2.005945 8.521933 -2579.773847 -1075.314835
28.750000 1.981753 8.977838 -2531.527891 -1045.213149
28.800000 2.009658 9.654270 -2463.620103 -956.376230
28.850000 2.022682 9.247530 -2513.028019 -996.016432
28.900000 1.974771 8.706588 -2570.007323 -1088.929142
28.950000 2.021147 9.112334 -2524.952739 -1009.092509
29.000000 1.978067 9.021147 -2526.903796 -1043.353295
29.050000 1.980553 8.995085 -2526.912848 -1041.497731
29.100000 1.982782 9.892293 -2437.229951 -950.143330
29.150000 2.001430 9.247803 -2507.087523 -1006.015064
29.200000 1.992012 8.897945 -2534.985326 -1040.976338
29.250000 2.005389 8.657448 -2565.289965 -1061.248354
29.300000 2.006330 8.257277 -2607.937777 -1103.190458
29.350000 1.991759 8.956324 -2526.556056 -1032.736944
29.400000 1.996041 8.867462 -2540.310036 -1043.279552
29.450000 2.013953 8.801644 -2550.982829 -1040.518102
29.500000 2.001394 8.678511 -2570.357147 -1069.311473
29.550000 1.979998 8.690395 -2578.328151 -1093.329465
29.600000 1.996105 8.691536 -2575.667661 -1078.589054
29.650000 1.995500 9.273515 -2502.228270 -1005.603511
29.700000 2.012339 8.954593 -2533.209499 -1023.955063
29.750000 1.980911 9.276746 -2496.952177 -1011.269071
29.800000 1.967750 10.282467 -2395.929550 -920.116821
29.850000 2.002294 10.464675 -2381.250524 -879.530252
29.900000 2.012133 10.051831 -2414.107944 -905.008016
29.950000 2.010151 9.415362 -2477.823969 -970.210907
30.000000 1.990211 5.192788 -2377.349335 -884.691279
30.050000 2.005893 5.021258 -2409.824822 -905.405282
30.100000 2.010178 5.128347 -2399.278276 -891.644551
30.150000 2.015802 5.110351 -2406.444518 -894.593143
30.200000 1.998040 5.279878 -2385.762002 -887.232099
30.250000 1.990661 5.410376 -2368.543518 -875.547556
30.300000 2.001186 5.806196 -2323.885400 -822.996124
30.350000 1.992658 5.791095 -2327.692333 -833.198859
30.400000 2.025254 5.375829 -2375.161810 -856.221550
30.450000 1.984059 5.600302 -2342.516606 -854.472452
30.500000 2.018211 5.937502 -2308.790908 -795.132953
30.550000 1.998753 5.034470 -2410.398096 -911.333709
30.600000 1.998000 4.846584 -2431.115099 -932.615131
30.650000 2.014741 4.744365 -2439.482210 -928.426348
30.700000 1.987874 5.491468 -2345.098375 -854.193218
30.750000 2.012406 5.239252 -2380.489911 -871.185317
30.800000 1.991898 5.337077 -2361.676684 -867.753084
30.850000 1.990982 5.289049 -2371.504128 -878.267579
30.900000 2.006608 5.230612 -2377.484932 -872.529007
30.950000 1.986614 5.323055 -2355.078953 -865.118575
31.000000 2.013473 4.737812 -2429.198868 -919.093806
31.050000 1.997222 5.454330 -2344.590720 -846.674384
31.100000 1.998149 5.178662 -2389.994183 -891.382378
31.150000 1.991871 5.807796 -2310.984284 -817.081014
31.200000 2.018680 5.541646 -2347.607596 -833.597526
31.250000 1.997397 5.551205 -2342.140804 -844.093420
31.300000 2.005456 5.313741 -2366.991915 -862.899714
31.350000 2.016454 5.606234 -2337.076114 -824.735738
31.400000 1.989127 5.283847 -2378.172692 -886.327454
31.450000 2.007384 5.017588 -2406.234402 -900.696127
31.500000 1.989645 5.321949 -2362.613894 -870.379985
31.550000 2.002626 5.292634 -2378.737287 -876.767692
31.600000 1.997206 5.307872 -2375.381803 -877.477581
31.650000 2.000434 5.834425 -2308.964041 -808.638338
31.700000 1.999283 5.252279 -2380.887464 -881.425101
31.750000 2.009425 4.967612 -2416.007666 -908.938969
31.800000 1.998982 4.875657 -2428.119951 -928.883394
31.850000 2.005942 4.936771 -2420.845163 -916.389004
31.900000 1.996756 4.682488 -2454.539765 -956.972696
31.950000 1.987911 5.932985 -2302.094610 -811.161519
32.000000 2.002814 5.551975 -2347.685517 -845.575080
32.050000 2.001605 5.216583 -2386.919272 -885.715198
32.100000 1.986682 5.801781 -2315.551735 -825.540565
32.150000 2.009397 5.184202 -2393.638201 -886.590739
32.200000 1.996549 5.332208 -2366.865885 -869.453800
32.250000 2.010738 5.415514 -2352.825163 -844.771854
32.300000 2.012392 5.150924 -2388.778881 -879.485095
32.350000 2.011112 5.021713 -2409.286577 -900.952782
32.400000 1.979985 5.409397 -2360.203599 -875.214773
32.450000 2.003189 5.484994 -2352.231132 -849.839408
32.500000 2.002814 5.330736 -2364.440744 -862.330493
32.550000 2.005355 5.015344 -2401.291564 -897.275196
32.600000 2.008179 4.960325 -2409.982812 -903.848393
32.650000 1.993683 5.116547 -2395.472087 -900.210045
32.700000 2.012605 4.773932 -2444.251476 -934.798051
32.750000 1.997072 4.802293 -2429.780135 -931.976159
32.800000 1.997977 5.380373 -2358.901748 -860.419112
32.850000 2.005249 5.178176 -2397.196159 -893.259245
32.900000 2.010011 5.320186 -2382.548988 -875.040925
32.950000 1.993593 5.165462 -2385.482936 -890.287946
33.000000 1.999810 4.891338 -2419.982277 -920.124970
33.050000 2.011098 5.026867 -2401.189247 -892.865630
33.100000 1.994753 4.781224 -2433.612600 -937.547933
33.150000 1.989997 5.694335 -2326.942982 -834.445541
33.200000 2.024269 5.711672 -2341.542485 -823.340836
33.250000 2.015453 5.712231 -2340.931739 -829.342355
33.300000 1.989796 5.168235 -2397.773131 -905.425991
33.350000 2.000874 5.390678 -2364.784177 -864.128563
33.400000 1.989175 5.335377 -2375.531302 -883.650032
33.450000 2.036147 4.812901 -2445.660450 -918.550034
33.500000 1.996565 5.043461 -2415.307095 -917.883573
33.550000 1.995288 5.904640 -2325.962712 -829.496788
33.600000 1.990345 5.632934 -2369.064682 -876.306162
33.650000 2.011798 5.642866 -2357.435395 -848.587258
33.700000 2.003463 5.743839 -2328.510527 -825.912956
33.750000 2.001914 5.568371 -2343.811522 -842.375665
33.800000 1.981990 5.250536 -2388.672102 -902.179590
33.850000 2.004622 5.257197 -2395.806350 -892.340144
33.900000 1.998864 5.625042 -2337.175351 -838.027715
33.950000 2.001942 4.756610 -2439.849987 -938.393815
34.000000 1.995840 4.996219 -2413.671324 -916.790988
34.050000 1.991848 5.702507 -2338.299064 -844.413030
34.100000 2.013398 5.560271 -2361.855220 -851.806652
34.150000 2.008526 5.524529 -2358.828012 -852.433824
34.200000 2.005551 5.269226 -2395.779528 -891.616163
34.250000 1.994952 5.377943 -2376.692352 -880.478245
34.300000 2.001749 5.482548 -2352.874198 -851.562483
34.350000 2.018810 4.872718 -2425.739806 -911.632006
34.400000 1.997813 4.850334 -2429.976274 -931.616195
34.450000 1.998397 4.809551 -2437.071274 -938.273649
34.500000 1.988450 4.833233 -2442.349239 -951.011978
34.550000 2.005240 5.416686 -2370.613951 -866.683916
34.600000 1.998181 5.195856 -2400.134095 -901.498169
34.650000 1.996359 5.394496 -2365.468022 -868.198425
34.700000 1.997130 5.485944 -2350.008206 -852.160442
34.750000 1.998453 4.451593 -2497.944983 -999.104871
34.800000 1.999287 5.367623 -2386.584495 -887.119592
34.850000 2.013484 5.131208 -2404.967419 -894.854755
34.900000 1.989628 5.039007 -2406.876527 -914.655290
34.950000 2.007828 5.175858 -2397.796971 -891.926042
35.000000 1.984605 5.621292 -2346.669029 -858.215319
35.050000 1.999379 5.590353 -2352.919325 -853.384791
35.100000 2.010180 5.681764 -2333.506687 -825.871757
35.150000 1.994226 5.877859 -2303.594497 -807.925297
35.200000 2.008866 5.551303 -2337.741333 -831.092071
35.250000 1.995729 5.369305 -2356.763714 -859.966952
35.300000 1.990756 5.593087 -2328.683655 -835.616729
35.350000 2.010777 5.235915 -2380.054268 -871.971617
35.400000 1.994970 5.457530 -2356.340862 -860.113632
35.450000 2.012721 5.392987 -2375.554499 -866.014100
35.500000 2.006454 5.461218 -2368.186330 -863.346181
35.550000 1.998242 5.109419 -2412.110257 -913.428874
35.600000 1.972733 5.275734 -2395.002170 -915.452245
35.650000 2.019162 5.821206 -2334.447421 -820.076244
35.700000 2.002027 5.689449 -2348.636255 -847.115887
35.750000 1.994820 5.648440 -2344.458604 -848.343955
35.800000 2.009521 5.183193 -2390.060517 -882.919934
35.850000 2.001428 5.479115 -2350.790313 -849.719442
35.900000 2.004603 4.989158 -2427.246325 -923.794105
35.950000 1.991399 5.824097 -2326.088125 -832.538725
36.000000 2.033359 5.314365 -2395.296821 -870.277227
36.050000 2.000805 5.897746 -2312.786856 -812.183323
36.100000 2.019001 5.661610 -2336.099299 -821.848560
36.150000 1.982759 4.703316 -2449.236392 -962.166814
36.200000 2.014151 5.309789 -2369.410137 -858.797260
36.250000 1.980824 5.014007 -2408.493362 -922.875612
36.300000 2.016627 5.511180 -2349.327560 -836.857031
36.350000 2.025080 4.853791 -2430.815454 -912.005664
36.400000 1.998628 4.899416 -2420.331311 -921.359987
36.450000 1.991404 5.265212 -2373.887194 -880.333950
36.500000 2.000050 5.456548 -2356.378247 -856.340698
36.550000 1.995928 5.546638 -2350.198249 -853.252044
36.600000 2.003588 5.483441 -2355.929505 -853.238247
36.650000 1.996221 5.651342 -2337.268825 -840.102917
36.700000 2.003366 5.748251 -2337.057350 -834.532737
36.750000 2.001449 5.101639 -2417.647479 -916.560928
36.800000 1.995405 5.183428 -2401.741967 -905.188006
36.850000 2.005772 4.889834 -2439.292788 -934.964069
36.900000 2.001455 5.201982 -2396.494650 -895.403307
36.950000 1.990536 5.169310 -2394.546636 -901.644431
37.000000 2.004457 5.169013 -2387.546730 -884.204308
37.050000 1.985646 5.352404 -2368.260392 -879.025903
37.100000 2.023634 5.472353 -2358.186183 -840.460594
37.150000 1.998745 5.577008 -2347.039412 -847.980992
37.200000 2.010786 5.322548 -2378.958915 -870.869710
37.250000 1.999162 5.264446 -2371.562578 -872.191408
37.300000 2.000134 5.423671 -2360.541313 -860.440673
37.350000 1.987007 5.434952 -2366.323107 -876.067617
37.400000 2.016189 4.903202 -2430.369020 -918.227116
37.450000 1.974042 5.468028 -2356.038695 -875.507387
37.500000 2.002478 3.002904 -2159.924656 -658.066324
37.550000 1.987905 3.049907 -2155.087599 -664.159098
37.600000 2.009679 3.306086 -2129.252051 -621.992613
37.650000 2.011012 3.463914 -2107.779286 -599.519944
37.700000 2.012035 3.178714 -2145.069630 -636.043150
37.750000 2.008092 2.971577 -2172.650778 -666.581942
37.800000 2.006148 3.079820 -2148.539057 -643.928010
37.850000 2.001621 2.854193 -2174.231583 -673.016159
37.900000 1.987987 3.218846 -2128.533762 -637.543685
37.950000 2.001764 3.152310 -2138.285539 -636.962751
38.000000 1.999311 3.410724 -2097.670988 -598.187546
38.050000 2.015528 3.203434 -2122.621262 -610.975620
38.100000 1.988351 2.704831 -2194.689735 -703.426145
38.150000 2.013002 2.749222 -2200.990214 -691.238969
38.200000 2.000833 3.258432 -2127.719457 -627.094564
38.250000 2.011073 2.924531 -2170.426941 -662.122337
38.300000 1.991556 2.940385 -2165.728599 -672.061278
38.350000 1.993054 3.142314 -2139.531428 -644.740902
38.400000 2.002135 3.225114 -2129.439747 -627.838755
38.450000 2.005074 3.020624 -2171.373422 -667.568069
38.500000 1.998270 3.634606 -2077.455515 -578.752812
38.550000 2.006250 3.188983 -2134.793595 -630.105870
38.600000 1.996432 2.695672 -2181.190089 -683.865999
38.650000 1.996808 2.777501 -2161.216938 -663.610759
38.700000 1.988743 3.153154 -2119.176383 -627.618908
38.750000 1.992727 3.278749 -2115.149924 -620.604814
38.800000 1.994171 3.394378 -2099.285196 -603.656636
38.850000 1.998308 2.952354 -2152.390096 -653.658996
38.900000 2.002494 2.725655 -2178.300051 -676.429870
38.950000 1.989091 2.559627 -2205.593539 -713.775600
39.000000 1.996308 3.240088 -2119.366868 -622.135886
39.050000 1.995816 3.213166 -2143.504867 -646.643092
39.100000 2.003690 3.489138 -2096.877342 -594.109894
39.150000 2.004259 2.929075 -2153.749428 -650.554923
39.200000 2.007497 2.546578 -2200.748103 -695.125064
39.250000 1.985115 2.879700 -2162.583923 -673.747918
39.300000 1.998768 3.045698 -2155.668104 -656.592276
39.350000 1.991332 3.118648 -2144.980709 -651.481388
39.400000 1.992940 3.363991 -2116.543316 -621.837942
39.450000 2.007316 3.049102 -2164.221701 -658.734419
39.500000 1.988159 2.996467 -2159.253179 -668.134202
39.550000 2.005064 3.081474 -2140.135620 -636.337792
39.600000 2.009495 2.860277 -2167.709096 -660.587930
39.650000 2.011970 3.060360 -2142.049212 -633.071913
39.700000 1.991118 3.146550 -2139.315523 -645.977296
39.750000 2.017724 3.092626 -2150.944790 -637.651935
39.800000 1.992058 2.903485 -2174.514750 -680.471271
39.850000 2.004679 2.579035 -2219.855132 -716.346119
39.900000 1.999838 3.205399 -2132.185749 -632.307443
39.950000 2.006507 3.345173 -2119.773103 -614.893135
40.000000 2.008825 3.240725 -2135.001337 -628.382610
40.050000 1.994428 3.175251 -2141.398316 -645.577349
40.100000 1.993669 3.109706 -2152.063551 -656.812129
40.150000 2.021419 2.881391 -2168.460575 -652.396109
40.200000 1.980558 2.691542 -2171.185644 -685.767484
40.250000 1.996948 2.826061 -2159.052155 -661.341090
40.300000 1.994619 2.822333 -2163.861418 -667.897114
40.350000 1.993752 3.336580 -2093.809968 -598.495695
40.400000 2.017732 2.949184 -2154.873646 -641.574984
40.450000 2.001577 2.559076 -2206.427718 -705.244785
40.500000 1.992819 2.964079 -2158.548214 -663.934140
40.550000 2.008897 3.078354 -2145.767245 -639.094205
40.600000 2.004651 2.849527 -2170.493217 -667.004901
40.650000 1.994598 2.799894 -2175.163552 -679.215172
40.700000 1.992641 2.737508 -2183.068816 -688.588345
40.750000 1.991154 3.304383 -2106.168986 -612.803353
40.800000 2.007378 3.005812 -2155.282768 -649.749567
40.850000 1.995267 3.001512 -2163.239296 -666.789112
40.900000 1.995298 3.411522 -2114.010459 -617.536914
40.950000 1.987018 3.572476 -2092.430540 -602.167043
41.000000 2.005815 3.119357 -2154.358918 -649.997486
41.050000 1.989064 2.970295 -2161.052131 -669.254315
41.100000 2.006600 2.723624 -2190.314226 -685.364217
41.150000 2.006743 2.990481 -2159.526857 -654.469306
41.200000 1.975046 3.523818 -2095.052826 -613.768462
41.250000 2.010724 3.621657 -2089.848784 -581.805610
41.300000 2.016197 3.267843 -2132.384171 -620.236636
41.350000 2.011898 3.398379 -2110.300300 -601.377086
41.400000 1.998352 3.123700 -2147.447082 -648.683343
41.450000 1.983405 3.183262 -2141.503532 -653.949895
41.500000 2.013542 3.095482 -2150.396409 -640.240075
41.550000 1.987507 2.967607 -2159.190793 -668.560611
41.600000 2.002670 2.776427 -2193.116209 -691.113345
41.650000 2.007319 3.029482 -2154.040248 -648.551014
41.700000 1.995008 3.049656 -2164.622075 -668.365921
41.750000 1.996366 3.613063 -2092.171842 -594.897255
41.800000 1.996549 3.293536 -2139.410525 -641.998701
41.850000 1.992450 3.217720 -2143.117829 -648.780278
41.900000 2.014422 3.116955 -2159.296595 -648.480293
41.950000 2.001314 3.183897 -2143.425973 -642.440503
42.000000 1.988073 3.402932 -2103.784049 -612.729587
42.050000 2.004447 3.343958 -2113.311220 -609.975780
42.100000 2.006050 3.529698 -2090.146059 -585.608567
42.150000 2.019705 3.123422 -2145.786463 -631.007749
42.200000 1.991819 2.864839 -2174.351383 -680.487190
42.250000 2.011644 3.068444 -2156.066461 -647.333483
42.300000 1.992622 3.575916 -2084.885734 -590.419076
42.350000 1.989912 3.439144 -2104.947935 -612.513821
42.400000 2.006074 3.315992 -2124.941611 -620.386352
42.450000 2.001756 3.247138 -2128.092011 -626.775228
42.500000 1.999428 3.008613 -2154.210675 -654.639359
42.550000 2.002066 2.839277 -2179.145685 -677.596061
42.600000 1.999383 3.149204 -2140.201354 -640.664192
42.650000 2.004464 3.218616 -2130.035710 -626.687801
42.700000 2.008424 3.555685 -2077.269465 -570.951727
42.750000 1.993353 3.281206 -2118.241578 -623.227128
42.800000 1.994646 3.251451 -2128.514912 -632.530727
42.850000 2.013831 3.167423 -2135.858689 -625.485793
42.900000 1.998859 2.878095 -2163.653430 -664.509344
42.950000 2.013615 2.625914 -2198.360221 -688.149338
43.000000 1.997209 2.589164 -2208.024543 -710.117694
43.050000 1.988413 3.191308 -2139.686073 -648.376430
43.100000 2.004003 3.241770 -2138.922589 -635.920491
43.150000 1.997008 3.106494 -2152.182129 -654.426271
43.200000 1.991194 3.204083 -2134.506675 -641.111317
43.250000 1.999632 3.211399 -2126.505042 -626.781020
43.300000 2.010820 2.936978 -2162.856912 -654.741788
43.350000 1.991834 3.565943 -2075.205254 -581.329400
43.400000 2.005608 2.992646 -2155.976792 -651.770739
43.450000 1.990503 2.881358 -2164.340869 -671.463739
43.500000 2.004273 3.062209 -2142.820678 -639.616165
43.550000 1.998520 3.205606 -2120.477294 -621.587405
43.600000 1.995660 3.049314 -2140.990717 -644.245874
43.650000 1.995119 2.949950 -2151.702290 -655.362959
43.700000 1.986396 3.062593 -2143.918160 -654.120969
43.750000 2.016007 3.426928 -2101.066024 -589.061115
43.800000 2.003557 3.227925 -2125.980080 -623.312319
43.850000 1.998518 3.109172 -2140.128280 -641.239953
43.900000 2.004423 3.036923 -2154.113335 -650.796257
43.950000 2.002585 3.083984 -2143.903778 -641.965171
44.000000 2.001579 3.246964 -2115.193101 -614.009220
44.050000 2.012834 2.914689 -2157.972010 -648.346332
44.100000 1.989322 2.801940 -2172.271472 -680.280199
44.150000 2.015505 2.353895 -2236.672244 -725.043259
44.200000 1.989467 2.893948 -2153.274993 -661.174479
44.250000 2.011782 2.872783 -2169.099935 -660.263221
44.300000 2.000214 2.896767 -2164.193874 -664.033694
44.350000 1.988541 2.813059 -2176.665227 -685.259268
44.400000 2.009846 2.714226 -2194.654862 -687.270715
44.450000 2.001393 2.945893 -2164.901359 -663.856791
44.500000 1.998677 2.745756 -2199.235925 -700.228119
44.550000 1.999203 3.086528 -2154.581605 -655.179274
44.600000 2.012096 3.107569 -2148.104718 -639.032996
44.650000 1.996238 2.741014 -2203.169338 -705.990546
44.700000 2.015070 3.322020 -2124.765413 -613.463164
44.750000 2.011951 3.651423 -2082.365337 -573.402057
44.800000 2.023692 3.024503 -2163.205955 -645.436830
44.850000 2.001723 2.824170 -2177.009103 -675.716596
44.900000 1.995315 2.922187 -2157.873908 -661.387434
44.950000 1.993836 3.050252 -2140.471897 -645.094678
45.000000 1.983433 2.010597 -1854.985700 -367.410795
45.050000 2.009160 2.400078 -1795.758561 -288.888270
45.100000 2.013789 1.629933 -1910.819811 -400.478080
45.150000 1.989669 1.617893 -1906.339130 -414.087223
45.200000 1.996203 2.251404 -1806.359100 -309.206795
45.250000 2.007349 1.864336 -1867.740873 -362.229067
45.300000 2.004776 1.533931 -1905.627288 -402.045434
45.350000 1.997625 1.543869 -1894.232352 -396.013626
45.400000 1.999615 1.664248 -1881.719581 -382.008243
45.450000 2.008836 1.639321 -1896.413580 -389.786490
45.500000 1.984814 1.696605 -1898.508708 -409.898006
45.550000 1.994692 2.105421 -1854.146101 -358.126910
45.600000 2.006146 2.423694 -1803.844935 -299.235563
45.650000 1.996486 2.017325 -1863.295725 -365.931074
45.700000 2.010699 1.683791 -1912.275176 -404.251216
45.750000 2.002012 1.685863 -1908.184574 -406.675564
45.800000 2.005794 1.721108 -1888.880905 -384.535223
45.850000 1.989027 1.301100 -1944.142731 -452.372672
45.900000 2.003380 1.513309 -1905.584370 -403.049358
45.950000 1.988290 1.802636 -1870.227944 -379.010150
46.000000 2.016236 1.929661 -1870.595709 -358.418918
46.050000 1.980492 2.209117 -1824.071782 -338.702529
46.100000 2.008949 1.993813 -1848.088529 -341.376944
46.150000 1.998935 1.823725 -1856.806229 -357.605002
46.200000 2.005941 1.514971 -1887.164696 -382.709003
46.250000 1.998866 1.578879 -1858.356249 -359.206903
46.300000 1.997667 1.320298 -1908.497944 -410.247896
46.350000 1.992892 1.702924 -1862.277219 -367.608143
46.400000 2.004599 1.782470 -1871.582803 -368.133480
46.450000 1.997179 1.958342 -1848.953205 -351.069166
46.500000 1.992177 1.982862 -1842.364191 -348.231473
46.550000 1.999113 1.727402 -1885.215367 -385.880737
46.600000 1.997556 1.734558 -1888.254878 -390.087876
46.650000 2.004020 1.819950 -1876.803713 -373.788869
46.700000 1.995097 1.649976 -1898.393556 -402.071129
46.750000 2.005802 1.261211 -1949.500140 -445.148323
46.800000 1.988851 1.484503 -1906.881300 -415.243393
46.850000 2.002776 1.507311 -1915.173617 -413.091663
46.900000 2.002146 1.604187 -1907.886408 -406.276946
46.950000 1.998664 1.853781 -1866.279869 -367.282165
47.000000 1.999813 1.531098 -1915.308903 -415.449254
47.050000 1.997838 1.629767 -1895.406221 -397.027744
47.100000 1.995820 1.464731 -1922.075732 -425.210403
47.150000 1.974827 1.999088 -1836.600011 -355.479745
47.200000 2.000048 1.758230 -1884.084382 -384.048460
47.250000 1.988546 1.930476 -1859.257247 -367.847713
47.300000 2.002974 1.843209 -1868.472031 -366.241351
47.350000 1.991953 1.930276 -1841.652658 -347.687648
47.400000 2.000194 1.820754 -1849.111465 -348.965720
47.450000 2.000077 1.443480 -1908.239715 -408.182138
47.500000 1.987830 1.711253 -1871.350362 -380.477959
47.550000 2.008868 1.496444 -1919.000012 -412.349380
47.600000 2.002825 1.868876 -1856.686753 -354.567839
47.650000 2.001611 1.628689 -1895.342266 -394.134321
47.700000 1.996499 1.790897 -1870.043915 -372.669943
47.750000 2.009284 1.546502 -1912.068060 -405.105202
47.800000 1.992061 2.114577 -1823.313388 -329.267438
47.850000 1.994700 2.008620 -1840.733009 -344.707695
47.900000 2.007370 1.556699 -1908.448573 -402.921418
47.950000 1.974544 1.700697 -1882.430255 -401.522001
48.000000 2.011463 1.907567 -1859.974201 -351.377273
48.050000 2.003731 1.700742 -1893.090824 -390.292368
48.100000 1.994457 1.799385 -1870.400231 -374.557363
48.150000 2.005559 1.763912 -1875.880931 -371.711873
48.200000 1.999589 1.624695 -1893.357560 -393.666175
48.250000 2.003258 1.922044 -1845.672372 -343.229158
48.300000 2.005516 1.976994 -1841.519462 -337.382670
48.350000 2.007609 1.786790 -1879.593354 -373.886753
48.400000 1.996201 2.083619 -1830.484241 -333.333589
48.450000 1.999688 1.752863 -1883.255085 -383.489128
48.500000 2.006672 1.572496 -1906.790289 -401.786554
48.550000 2.005122 1.522348 -1910.561144 -406.719280
48.600000 1.987606 1.823606 -1866.182386 -375.477596
48.650000 1.982839 1.849766 -1855.048078 -367.918731
48.700000 1.995521 1.993202 -1816.941921 -320.301149
48.750000 2.007304 1.612611 -1867.952809 -362.474456
48.800000 1.993558 1.562626 -1877.180225 -382.011442
48.850000 2.009189 1.661233 -1866.400748 -359.509070
48.900000 1.989046 1.696520 -1869.915025 -378.130407
48.950000 2.004293 1.657758 -1888.300097 -385.080601
49.000000 1.987273 1.834375 -1870.587023 -380.132100
49.050000 2.012574 1.867035 -1874.432389 -365.001670
49.100000 2.003239 1.886089 -1858.894140 -356.465234
49.150000 2.010276 1.685497 -1880.780242 -373.073467
49.200000 1.989689 1.909493 -1835.019934 -342.752837
49.250000 2.004335 1.624449 -1880.790793 -377.539342
49.300000 2.003496 1.553389 -1898.571128 -395.949071
49.350000 1.996475 1.865304 -1866.321155 -368.965181
49.400000 1.998884 2.538255 -1764.963952 -265.800987
49.450000 2.017919 1.793537 -1884.166858 -370.727844
49.500000 1.989283 1.909681 -1852.403147 -360.440590
49.550000 2.012515 1.645552 -1894.412884 -385.026958
49.600000 1.990978 1.595206 -1904.106872 -410.873316
49.650000 1.995567 1.900490 -1868.181589 -371.506628
49.700000 2.006061 1.796005 -1892.320667 -387.774681
49.750000 1.999809 2.029464 -1845.404551 -345.548025
49.800000 1.997374 1.845109 -1867.320283 -369.290073
49.850000 2.002404 1.652743 -1885.224751 -383.421568
49.900000 2.006782 1.508417 -1894.300994 -389.214177
49.950000 1.986765 1.603361 -1880.232544 -390.158920
50.000000 1.997599 1.998417 -1826.672390 -328.473221
50.050000 2.009435 1.449753 -1918.446182 -411.370292
50.100000 1.999129 1.726782 -1870.399088 -371.052286
50.150000 2.010287 1.879966 -1847.697868 -339.982348
50.200000 1.993335 1.916818 -1849.809803 -354.808372
50.250000 2.012241 2.112928 -1822.903584 -313.723158
50.300000 2.001499 1.635992 -1892.799343 -391.675233
50.350000 1.997762 1.672525 -1882.536220 -384.214825
50.400000 2.007270 1.626462 -1892.076246 -386.623878
50.450000 1.984891 1.737991 -1876.664368 -387.995933
50.500000 1.993717 1.990318 -1849.056394 -353.768487
50.550000 2.009565 1.951819 -1862.982951 -355.808876
50.600000 2.005498 1.543949 -1922.138354 -418.015199
50.650000 1.996964 1.655773 -1892.301166 -394.578395
50.700000 1.997482 1.572310 -1903.553660 -405.441898
50.750000 1.999992 1.693795 -1888.165242 -388.171368
50.800000 2.007214 1.682936 -1888.702741 -383.292481
50.850000 1.998161 1.474298 -1908.800063 -410.179106
50.900000 1.990743 1.741814 -1868.726122 -375.669104
50.950000 2.003078 1.940843 -1842.905966 -340.597386
51.000000 2.007722 1.761946 -1868.384117 -362.592275
51.050000 1.995585 1.586138 -1895.145021 -398.456010
51.100000 2.005359 1.494154 -1919.753874 -415.734915
51.150000 1.982559 2.010774 -1837.205424 -350.285924
51.200000 1.999651 1.924143 -1863.057706 -363.319606
51.250000 1.993122 2.018951 -1843.608013 -348.766172
51.300000 2.015247 1.962548 -1848.915085 -337.479531
51.350000 1.996623 1.899510 -1857.322440 -359.855461
51.400000 2.005505 1.682653 -1889.881702 -385.752796
51.450000 1.993960 1.914483 -1848.589826 -353.120093
51.500000 2.003078 2.024079 -1827.353158 -325.044754
51.550000 2.002554 1.407130 -1919.958335 -418.042489
51.600000 1.996572 1.567863 -1885.768715 -388.339385
51.650000 2.005757 1.738186 -1858.152342 -353.834656
51.700000 1.998630 1.472190 -1908.425000 -409.452601
51.750000 1.993195 1.723842 -1880.076581 -385.180101
51.800000 1.996782 1.985071 -1852.754815 -355.168012
51.850000 1.995723 2.055197 -1855.827242 -359.035055
51.900000 2.010101 2.043397 -1858.471010 -350.895139
51.950000 1.998064 1.681885 -1907.380103 -408.832252
52.000000 2.001317 1.826146 -1883.018841 -382.031393
52.050000 1.993422 1.992033 -1861.579808 -366.513250
52.100000 2.006165 1.810949 -1899.918066 -395.294359
52.150000 1.999121 2.121506 -1846.822650 -347.482117
52.200000 1.993009 1.839692 -1883.548008 -388.791297
52.250000 1.996988 1.686975 -1898.186643 -400.445467
52.300000 1.993027 1.586056 -1908.869037 -414.098594
52.350000 2.005456 1.930594 -1848.538628 -344.446466
52.400000 1.998548 1.567283 -1905.402892 -406.492210
52.450000 2.000416 1.544845 -1915.638679 -415.326856
52.500000 1.997733 1.199173 -1563.973619 -65.673667
52.550000 2.007726 1.035446 -1596.129658 -90.334881
52.600000 2.005397 1.047118 -1586.669773 -82.621662
52.650000 1.994863 0.855724 -1624.024294 -127.876940
52.700000 1.995628 1.053069 -1587.607527 -90.886669
52.750000 1.996650 1.197163 -1559.452508 -61.964836
52.800000 2.007394 1.118569 -1568.708186 -63.162707
52.850000 2.008632 0.914722 -1600.412131 -93.937933
52.900000 1.996358 1.036302 -1574.971175 -77.702935
52.950000 2.009601 1.200562 -1538.514351 -31.313541
53.000000 1.996566 0.871924 -1592.960544 -95.535878
53.050000 2.000299 0.831175 -1601.597826 -101.373542
53.100000 2.003474 1.101592 -1549.121739 -46.516353
53.150000 1.995883 1.003812 -1574.210523 -77.298325
53.200000 2.003734 1.115536 -1559.784973 -56.984220
53.250000 1.992091 1.145765 -1561.391224 -67.322600
53.300000 2.002651 1.221571 -1559.923374 -57.934867
53.350000 2.000073 1.272242 -1550.352280 -50.297889
53.400000 2.003665 0.908561 -1619.707311 -116.958337
53.450000 1.996471 1.103742 -1575.850886 -78.497317
53.500000 1.996986 1.222936 -1555.337165 -57.597613
53.550000 2.017863 1.167883 -1565.840824 -52.443252
53.600000 2.002851 1.075054 -1574.960916 -72.823012
53.650000 1.996259 1.002530 -1586.623794 -89.429685
53.700000 1.993312 1.077829 -1574.408996 -79.424848
53.750000 2.009472 0.979701 -1602.201393 -95.097282
53.800000 2.002647 1.084574 -1582.784408 -80.799166
53.850000 2.003104 0.924717 -1616.119272 -113.790976
53.900000 2.006323 1.114332 -1582.250575 -77.508438
53.950000 1.999218 1.019084 -1601.406804 -101.992951
54.000000 2.000138 1.145918 -1577.409777 -77.306112
54.050000 2.001424 1.028614 -1601.997349 -100.929635
54.100000 1.998977 1.089734 -1581.748735 -82.515847
54.150000 2.001038 1.277547 -1539.220151 -38.441768
54.200000 2.008024 0.944356 -1607.257160 -101.239396
54.250000 1.990589 1.064639 -1586.370220 -93.428530
54.300000 2.003221 1.176847 -1567.065182 -64.649179
54.350000 2.003725 1.145907 -1565.971225 -63.177374
54.400000 2.009100 0.822339 -1620.996756 -114.172015
54.450000 1.993801 0.892233 -1607.539620 -112.189190
54.500000 2.004078 0.947767 -1611.444656 -108.386470
54.550000 2.007548 1.126972 -1575.637146 -69.976221
54.600000 1.992171 0.932727 -1610.917257 -116.788985
54.650000 2.006519 0.849835 -1621.418298 -116.529364
54.700000 1.993398 0.962822 -1595.227604 -100.179252
54.750000 1.998888 0.963656 -1606.276779 -107.110860
54.800000 2.002960 1.021718 -1607.130306 -104.910361
54.850000 2.006584 1.024210 -1607.284696 -102.346370
54.900000 1.993927 0.995739 -1602.345175 -106.899590
54.950000 2.007410 0.942162 -1610.070399 -104.513266
55.000000 1.994193 0.977824 -1608.971015 -113.326265
55.050000 1.989007 1.172021 -1585.968776 -94.213294
55.100000 2.001375 1.220157 -1584.017987 -82.987081
55.150000 2.005573 1.291312 -1569.330871 -65.151437
55.200000 2.005838 1.265407 -1567.226765 -62.848238
55.250000 1.999621 1.140855 -1579.810785 -80.095232
55.300000 1.994149 1.052526 -1589.003484 -93.392105
55.350000 2.004070 0.952002 -1601.273583 -98.221444
55.400000 2.007095 0.889676 -1601.857483 -96.536000
55.450000 1.997724 0.814743 -1612.722570 -114.429728
55.500000 1.993030 0.828594 -1618.604025 -123.831443
55.550000 2.001428 0.811025 -1629.658015 -128.586671
55.600000 1.998615 1.189998 -1560.273448 -61.312332
55.650000 1.998908 1.362012 -1537.687893 -38.506703
55.700000 2.008036 1.163512 -1587.486010 -81.459249
55.750000 1.984333 1.279519 -1566.881443 -78.631476
55.800000 1.994188 1.367733 -1547.085814 -51.444495
55.850000 1.999747 1.184933 -1574.101179 -74.291059
55.900000 1.989624 1.315408 -1542.895441 -50.677217
55.950000 2.010250 1.404838 -1519.604858 -11.917086
56.000000 1.991434 1.094144 -1571.166377 -77.591040
56.050000 2.003627 1.059407 -1567.714137 -64.994007
56.100000 2.009792 0.962504 -1578.613929 -71.270068
56.150000 1.995394 0.848166 -1600.392349 -103.847084
56.200000 2.008495 0.920934 -1587.536105 -81.164988
56.250000 1.992510 0.929732 -1587.338796 -92.956024
56.300000 2.005046 0.953397 -1587.763564 -83.978743
56.350000 1.999258 0.850866 -1607.733495 -108.290148
56.400000 2.002131 1.015916 -1573.949820 -72.351684
56.450000 2.007589 1.043793 -1565.063819 -59.371709
56.500000 2.002023 0.699910 -1624.519260 -123.001686
56.550000 1.999289 0.887225 -1591.952605 -92.485894
56.600000 2.003086 1.027728 -1578.743558 -76.429408
56.650000 2.000021 1.086581 -1580.667073 -80.651135
56.700000 2.008785 1.099330 -1578.222657 -71.634159
56.750000 1.991787 0.952832 -1603.111950 -109.271443
56.800000 1.997861 1.109012 -1575.156309 -76.760303
56.850000 1.999996 1.226214 -1559.596059 -59.598923
56.900000 2.004308 1.157752 -1576.146774 -72.915409
56.950000 1.993364 1.100052 -1586.843603 -91.820832
57.000000 2.004138 1.425954 -1522.868562 -19.765391
57.050000 2.007990 0.916720 -1603.761313 -97.769033
57.100000 1.988757 0.940161 -1593.363558 -101.795449
57.150000 1.997240 1.071752 -1579.598600 -81.668970
57.200000 2.003266 1.212561 -1553.563445 -51.113603
57.250000 2.000787 0.976745 -1596.421351 -95.830890
57.300000 1.998711 0.973086 -1599.601031 -100.567842
57.350000 1.991765 1.070084 -1594.060301 -100.236652
57.400000 2.003408 1.206460 -1578.077323 -75.521124
57.450000 1.988369 1.189636 -1582.917830 -91.641086
57.500000 2.015398 1.079681 -1597.140550 -85.592008
57.550000 1.999550 0.874242 -1628.072273 -128.409426
57.600000 1.993880 0.995911 -1610.203625 -114.793504
57.650000 2.002657 1.309518 -1553.504079 -51.511629
57.700000 2.011082 1.003119 -1605.341485 -97.029684
57.750000 1.996089 0.968711 -1595.493152 -98.426125
57.800000 1.996854 0.914655 -1596.807462 -99.166590
57.850000 2.000672 0.935060 -1601.953769 -101.449594
57.900000 2.003480 1.160152 -1573.468636 -70.858682
57.950000 1.997846 1.359394 -1537.895877 -39.511037
58.000000 2.011161 1.241207 -1541.365534 -32.994767
58.050000 1.991564 0.963113 -1576.415403 -82.742618
58.100000 1.999692 1.011019 -1568.181687 -68.412633
58.150000 2.007231 1.110621 -1551.948957 -46.525889
58.200000 2.005069 0.901340 -1595.717214 -91.915097
58.250000 1.983961 1.048452 -1573.458879 -85.487996
58.300000 2.010773 1.199993 -1547.275525 -39.195959
58.350000 2.006717 0.769024 -1628.713613 -123.675787
58.400000 1.995638 1.025682 -1586.271585 -89.543140
58.450000 1.999751 1.184580 -1557.433498 -57.620297
58.500000 1.998684 1.207930 -1554.358750 -55.345509
58.550000 2.005239 0.994760 -1594.993780 -91.064174
58.600000 1.995330 1.176989 -1560.351332 -63.853967
58.650000 1.993131 1.186970 -1565.459112 -70.610689
58.700000 1.999373 1.323022 -1537.729557 -38.199874
58.750000 1.990447 1.286775 -1539.655310 -46.820393
58.800000 2.006325 1.324434 -1528.109195 -23.365658
58.850000 1.991229 1.257632 -1536.045095 -42.623558
58.900000 2.005699 1.136850 -1547.299684 -43.025796
58.950000 2.005540 0.845232 -1590.709066 -86.554068
59.000000 1.996019 1.142743 -1527.759698 -30.745078
59.050000 2.010561 0.911032 -1578.742344 -70.821825
59.100000 1.990048 1.005050 -1571.048108 -78.512371
59.150000 2.008680 1.076647 -1574.232497 -67.722818
59.200000 1.999781 1.049456 -1588.655222 -88.819502
59.250000 1.990644 1.331354 -1538.115876 -45.132581
59.300000 2.011833 1.095483 -1582.210254 -73.335432
59.350000 2.000892 0.842798 -1617.503946 -116.834898
59.400000 1.996307 0.956544 -1597.049627 -99.819045
59.450000 1.999565 1.164142 -1558.836198 -59.162279
59.500000 2.008715 1.024603 -1584.422905 -77.886313
59.550000 1.999753 0.922211 -1600.127413 -100.312966
59.600000 2.004525 1.025499 -1581.075718 -77.681797
59.650000 1.998997 1.123380 -1563.664283 -64.416615
59.700000 1.988338 1.185404 -1555.126943 -63.873798
59.750000 2.012586 1.251373 -1548.187840 -38.748207
59.800000 1.997374 1.052544 -1589.180199 -91.149437
59.850000 2.000393 1.170250 -1575.038430 -74.743738
59.900000 2.004876 1.253183 -1556.154369 -52.497421
59.950000 2.001532 0.880416 -1616.118199 -114.969207
60.000000 2.002105 0.759984 -1264.305640 237.273321
60.050000 2.002591 0.655867 -1274.729685 227.213669
60.100000 2.005010 0.536618 -1300.746691 203.010969
60.150000 1.996605 0.668943 -1275.901139 221.552913
60.200000 2.004797 0.773899 -1264.321833 239.276131
60.250000 2.002269 0.753457 -1275.039372 226.662108
60.300000 2.001584 0.675056 -1287.340295 213.847777
60.350000 1.990671 0.693273 -1274.112042 218.890933
60.400000 1.996082 0.670869 -1275.989429 221.072075
60.450000 2.000732 0.643817 -1280.796472 219.752757
60.500000 1.998910 0.765380 -1251.315842 247.866961
60.550000 2.001482 0.708188 -1258.826113 242.285376
60.600000 2.001477 0.645031 -1263.401303 237.706499
60.650000 1.995108 0.640200 -1256.612065 239.718575
60.700000 2.001779 0.684403 -1242.879226 258.454754
60.750000 1.997599 0.663616 -1244.346388 253.852976
60.800000 2.009206 0.533493 -1270.146375 236.757819
60.850000 1.997007 0.588742 -1254.802956 242.952454
60.900000 1.992929 0.685483 -1238.813073 255.884024
60.950000 2.002410 0.675458 -1243.285802 258.521412
61.000000 2.014706 0.604917 -1266.836218 244.193505
61.050000 1.988751 0.720865 -1253.080234 238.483124
61.100000 1.997140 1.002709 -1196.706817 301.147983
61.150000 2.005982 0.777181 -1244.891355 259.594819
61.200000 1.999628 0.492840 -1303.374751 196.346152
61.250000 2.008592 0.635387 -1266.813948 239.629690
61.300000 2.002578 0.490319 -1312.293910 189.639417
61.350000 1.992834 0.781715 -1256.795714 237.829720
61.400000 2.006837 0.777080 -1265.101861 240.025592
61.450000 1.996164 0.653631 -1297.086200 200.036999
61.500000 1.995395 0.863999 -1250.978935 245.567230
61.550000 2.006491 0.706027 -1282.425122 222.442923
61.600000 1.999080 0.731988 -1266.174921 233.135038
61.650000 1.994994 0.664193 -1283.609065 212.636242
61.700000 1.998540 0.843188 -1237.637762 261.267590
61.750000 2.004175 0.715757 -1261.147628 241.983733
61.800000 2.006278 0.645197 -1265.953821 238.754548
61.850000 2.003177 0.527318 -1293.050392 209.332029
61.900000 1.997414 0.559124 -1293.336647 204.723504
61.950000 1.987064 0.806977 -1245.295438 245.002678
62.000000 2.007333 0.636216 -1296.917532 208.581984
62.050000 1.990022 0.807031 -1248.209805 244.306623
62.100000 2.012200 0.782278 -1245.985289 263.164458
62.150000 2.003435 0.602452 -1275.004300 227.571957
62.200000 1.987791 0.685356 -1251.976165 238.867021
62.250000 1.995882 0.720492 -1252.138596 244.772863
62.300000 2.009765 0.609451 -1284.052604 223.271391
62.350000 1.998648 0.685669 -1269.050478 229.935391
62.400000 1.995842 0.828532 -1243.910843 252.970414
62.450000 1.991039 0.963136 -1221.080223 272.198870
62.500000 2.009615 1.051366 -1199.112106 308.099386
62.550000 2.006543 0.848247 -1240.939435 263.968145
62.600000 2.012886 0.611475 -1286.823509 222.841145
62.650000 1.989402 0.612288 -1283.931591 208.119737
62.700000 2.010899 0.660452 -1286.180796 221.993125
62.750000 1.995407 0.805992 -1263.215085 233.340215
62.800000 1.993012 0.863880 -1263.170287 231.589085
62.850000 2.003441 0.948942 -1237.653670 264.927343
62.900000 2.000384 0.723968 -1280.666013 219.622222
62.950000 1.999785 0.659289 -1292.052748 207.786007
63.000000 1.993735 0.730097 -1278.809483 216.492007
63.050000 2.001709 0.765790 -1274.383553 226.898379
63.100000 2.009245 0.741651 -1277.719691 229.214161
63.150000 1.994507 0.759062 -1265.513808 230.366388
63.200000 1.995510 0.835262 -1248.497445 248.135428
63.250000 2.001256 0.707052 -1274.590435 226.351326
63.300000 2.006595 0.574635 -1291.953562 212.992962
63.350000 1.997233 0.596678 -1268.467014 229.457518
63.400000 2.002273 0.535303 -1280.545483 221.159443
63.450000 2.002046 0.754077 -1226.515747 275.019080
63.500000 1.998417 0.604762 -1269.519470 229.293344
63.550000 1.993550 0.729612 -1246.828212 248.333947
63.600000 2.004627 0.794309 -1231.404554 272.065906
63.650000 1.993176 0.718716 -1248.679843 246.201844
63.700000 1.999401 0.806595 -1229.102509 270.448011
63.750000 2.000189 0.765466 -1243.562957 256.578906
63.800000 2.001067 0.781021 -1247.275081 253.525534
63.850000 1.999626 0.779954 -1248.656838 251.062588
63.900000 2.006686 0.826244 -1231.431970 273.582441
63.950000 1.996718 0.677847 -1264.406176 233.132145
64.000000 2.010420 0.665473 -1260.159504 247.655511
64.050000 2.003759 0.529166 -1282.486970 220.332329
64.100000 1.990274 0.558947 -1276.716604 215.988832
64.150000 1.993860 0.822176 -1223.192958 272.202234
64.200000 1.999818 0.821053 -1235.596325 264.267094
64.250000 2.004182 0.843523 -1233.442913 269.693898
64.300000 2.004990 0.749902 -1253.481082 250.261774
64.350000 1.995176 0.640386 -1276.864112 219.518017
64.400000 1.996438 0.721772 -1263.742196 233.586606
64.450000 2.005044 0.757099 -1266.450659 237.332706
64.500000 1.998566 0.825903 -1256.916724 242.007759
64.550000 2.014197 0.675033 -1291.575662 219.071912
64.600000 1.989253 0.701154 -1280.209661 211.729938
64.650000 1.999044 0.699887 -1282.196036 217.086709
64.700000 2.005936 0.644485 -1287.557270 216.894783
64.750000 2.007164 0.586223 -1289.193980 216.179183
64.800000 1.999601 0.620974 -1278.177820 221.523205
64.850000 1.992802 0.855869 -1229.241427 265.359800
64.900000 2.003315 0.748597 -1266.631916 235.854639
64.950000 2.003012 0.832383 -1245.808122 256.450592
65.000000 1.995867 0.689226 -1279.668206 217.232096
65.050000 2.011285 0.663367 -1286.092815 222.371061
65.100000 1.995621 0.635984 -1287.628123 209.087333
65.150000 2.000586 0.708416 -1265.163771 235.275751
65.200000 1.998254 0.719192 -1258.058770 240.631989
65.250000 2.010658 0.535076 -1296.840748 211.152571
65.300000 1.988824 0.621974 -1274.175367 217.442748
65.350000 2.007398 0.646977 -1274.182859 231.365942
65.400000 1.994395 0.705730 -1262.461694 233.334429
65.450000 1.996393 0.773920 -1256.650068 240.644888
65.500000 1.998420 0.831884 -1248.329030 250.485759
65.550000 2.005031 0.709176 -1274.268247 229.504679
65.600000 1.999516 0.758504 -1250.298887 249.337906
65.650000 2.010934 0.694945 -1254.964845 253.235790
65.700000 1.990995 0.545374 -1295.957132 197.289276
65.750000 2.011740 0.760726 -1257.785143 251.019531
65.800000 1.997774 0.629158 -1292.961910 205.368699
65.850000 2.004260 0.747383 -1272.428772 230.766131
65.900000 1.997608 0.718788 -1294.085223 204.120442
65.950000 1.997090 0.837738 -1275.790638 222.026619
66.000000 1.998469 0.885706 -1265.988059 232.863480
66.050000 2.011363 0.809149 -1275.142365 233.380220
66.100000 2.000061 0.741112 -1285.548295 214.497144
66.150000 1.995897 0.701676 -1289.731476 207.191518
66.200000 1.994516 0.717574 -1288.043751 207.843539
66.250000 2.010639 0.728612 -1288.323477 219.655976
66.300000 1.988055 0.642440 -1312.483610 178.557302
66.350000 2.006646 0.697018 -1304.581915 200.402377
66.400000 2.000511 0.716121 -1295.908894 204.474181
66.450000 1.994907 0.655965 -1311.469344 184.711102
66.500000 1.998158 0.816554 -1272.949327 225.669247
66.550000 1.998955 0.646127 -1318.443655 180.772923
66.600000 1.996187 0.739059 -1292.075031 205.065079
66.650000 1.998965 0.749215 -1287.821211 211.402239
66.700000 1.999728 0.641479 -1311.474390 188.321713
66.750000 2.007043 0.687699 -1287.960944 217.321287
66.800000 2.004859 0.536544 -1316.683583 186.960949
66.850000 1.993790 0.605383 -1304.710125 190.632232
66.900000 1.995108 0.717218 -1286.597177 209.733657
66.950000 1.997826 0.818050 -1261.651363 236.718211
67.000000 1.998906 0.550307 -1318.439489 180.740002
67.050000 1.995510 0.569493 -1312.323967 184.308296
67.100000 1.993591 0.777279 -1263.873762 231.319483
67.150000 2.003851 0.632434 -1295.062807 207.825441
67.200000 1.994390 0.665388 -1279.266708 216.525879
67.250000 2.005385 0.676450 -1275.374113 228.664369
67.300000 2.003338 0.607281 -1287.868957 214.634248
67.350000 2.001150 0.653725 -1266.370497 234.491974
67.400000 2.001324 0.569824 -1279.438722 221.554343
67.450000 1.998309 0.623839 -1266.115817 232.615785
