# t Temp Pres Epot Etot
0.000000 2.003282 28.904617 -1406.503184 -637.242915
0.050000 2.005517 29.803088 -1359.705131 -589.586598
0.100000 2.006121 26.885219 -1495.086063 -724.735543
0.150000 2.016443 28.595855 -1417.699116 -643.384845
0.200000 1.981064 29.461503 -1375.644274 -614.915712
0.250000 1.996232 28.252803 -1434.723654 -668.170592
0.300000 2.029396 29.112834 -1396.992337 -617.704280
0.350000 2.014772 28.709104 -1414.590360 -640.917802
0.400000 1.995161 29.007854 -1394.962761 -628.820852
0.450000 1.976154 28.016289 -1439.704235 -680.861131
0.500000 2.003971 29.062178 -1397.943673 -628.418860
0.550000 1.977863 28.820837 -1406.230065 -646.730536
0.600000 1.989441 30.260214 -1344.961320 -581.015858
0.650000 2.020644 29.570062 -1374.110917 -598.183691
0.700000 2.008493 29.094071 -1391.495075 -620.233700
0.750000 2.006145 29.355074 -1386.021910 -615.662266
0.800000 1.982108 29.434968 -1376.732404 -615.602763
0.850000 2.001772 28.297331 -1428.969412 -660.289154
0.900000 1.975807 27.879602 -1449.452844 -690.743112
0.950000 2.018370 27.810170 -1455.665779 -680.611642
1.000000 1.960704 30.093976 -1344.768825 -591.858631
1.050000 1.980300 29.981206 -1353.162841 -592.727479
1.100000 2.004461 28.047404 -1444.287281 -674.574376
1.150000 1.953061 27.933857 -1443.513449 -693.538155
1.200000 2.015254 30.460773 -1336.813445 -562.955807
1.250000 2.021582 29.430685 -1380.643614 -604.356208
1.300000 2.019461 27.638778 -1461.685331 -686.212499
1.350000 1.976019 28.744376 -1409.834611 -651.043418
1.400000 2.004109 28.285733 -1432.731306 -663.153314
1.450000 1.979842 28.070164 -1440.233202 -679.973725
1.500000 1.980517 29.790605 -1362.157249 -601.638821
1.550000 1.993832 31.576809 -1283.449044 -517.817633
1.600000 2.052596 28.930555 -1405.495420 -617.298565
1.650000 1.996604 28.405386 -1426.049877 -659.353782
1.700000 2.001345 29.593025 -1370.696590 -602.180159
1.750000 2.022285 27.762189 -1455.723009 -679.165719
1.800000 1.973181 29.695257 -1366.529868 -608.828437
1.850000 2.017450 28.814823 -1405.318967 -630.618128
1.900000 1.996791 29.310250 -1386.246054 -619.478392
1.950000 2.005825 28.555656 -1417.880154 -647.643484
2.000000 1.997666 28.521750 -1419.733196 -652.629523
2.050000 2.018426 29.676962 -1365.823733 -590.748232
2.100000 2.005312 28.141297 -1437.526147 -667.486413
2.150000 1.974990 28.623296 -1417.653873 -659.257710
2.200000 2.033440 29.880144 -1361.384083 -580.543032
2.250000 2.002183 27.978783 -1446.870875 -678.032657
2.300000 2.038381 28.146210 -1439.712869 -656.974691
2.350000 2.000381 29.327701 -1382.881174 -614.735049
2.400000 1.985204 29.071185 -1395.862866 -633.544445
2.450000 2.018253 27.955585 -1448.249768 -673.240595
2.500000 1.996471 28.438786 -1425.402700 -658.757942
2.550000 2.016536 28.252094 -1432.390813 -658.041057
2.600000 2.029935 29.071731 -1398.904163 -619.409007
2.650000 1.992988 28.152222 -1437.659458 -672.351915
2.700000 1.996880 28.831475 -1405.999783 -639.197706
2.750000 2.011691 27.943963 -1444.578329 -672.089139
2.800000 1.980908 27.962034 -1447.284300 -686.615767
2.850000 2.015008 30.428957 -1335.020850 -561.257738
2.900000 1.990470 29.526584 -1377.353320 -613.012699
2.950000 2.039495 29.002393 -1399.481260 -616.315256
3.000000 1.979112 28.323891 -1427.595601 -667.616666
3.050000 1.986445 29.021413 -1397.633149 -634.838366
3.100000 1.997482 28.141458 -1437.736091 -670.702838
3.150000 1.989042 28.334757 -1427.216093 -663.424022
3.200000 1.984741 28.117869 -1442.875927 -680.735478
3.250000 2.022086 28.518083 -1422.246221 -645.765022
3.300000 1.999178 29.164550 -1390.586828 -622.902488
3.350000 1.987723 28.390659 -1425.803387 -662.517615
3.400000 1.993705 28.537991 -1419.899299 -654.316408
3.450000 2.018627 27.630307 -1462.558025 -687.405245
3.500000 1.961038 29.222767 -1386.758523 -633.720106
3.550000 2.017258 30.093182 -1350.773367 -576.146245
3.600000 1.986093 28.013606 -1441.619529 -678.959736
3.650000 1.967451 27.786997 -1451.463307 -695.962269
3.700000 2.007942 28.888389 -1404.777524 -633.727981
3.750000 1.996051 29.567761 -1374.238992 -607.755492
3.800000 2.031714 28.250249 -1433.501970 -653.323904
3.850000 2.006780 28.359877 -1426.352446 -655.748909
3.900000 2.033947 28.045215 -1443.162863 -662.127192
3.950000 1.982055 28.332784 -1428.300699 -667.191734
4.000000 1.927261 31.039400 -1302.540683 -562.472513
4.050000 2.012989 28.962324 -1403.556379 -630.568685
4.100000 2.027764 27.611605 -1461.728091 -683.066665
4.150000 1.955242 29.273082 -1385.507024 -634.694273
4.200000 2.010884 30.742284 -1323.382009 -551.202508
4.250000 2.048226 27.500036 -1468.873146 -682.354296
4.300000 1.985504 27.685909 -1456.837321 -694.403631
4.350000 1.991889 29.291331 -1386.053559 -621.168126
4.400000 1.995952 28.450554 -1422.301918 -655.856223
4.450000 2.012648 29.824836 -1363.492998 -590.636356
4.500000 2.028545 27.991045 -1446.020057 -667.058624
4.550000 1.981448 28.709883 -1408.327111 -647.451216
4.600000 1.993337 28.918678 -1406.262780 -640.821387
4.650000 2.011413 29.205028 -1390.833790 -618.451155
4.700000 1.975737 28.685717 -1411.722019 -653.038838
4.750000 1.975457 28.727349 -1412.762354 -654.187029
4.800000 2.034675 28.069158 -1441.409560 -660.094232
4.850000 1.961222 30.296084 -1337.688629 -584.579510
4.900000 1.975266 29.681608 -1368.461058 -609.958733
4.950000 2.024156 27.869552 -1454.256538 -676.980586
5.000000 1.965225 28.389367 -1426.111076 -671.464639
5.050000 1.978693 29.483582 -1374.713687 -614.895516
5.100000 2.015634 28.807321 -1406.624010 -632.620599
5.150000 1.987735 28.003684 -1443.451536 -680.161322
5.200000 1.968079 29.373969 -1385.485992 -629.743564
5.250000 2.013103 28.676977 -1415.166720 -642.135340
5.300000 2.004626 29.335349 -1385.102130 -615.325618
5.350000 1.993401 29.303067 -1385.487704 -620.021772
5.400000 2.009567 28.788668 -1409.675060 -638.001211
5.450000 2.003008 29.421299 -1380.756946 -611.601769
5.500000 1.999300 28.786701 -1409.172348 -641.440968
5.550000 1.973218 29.143578 -1392.160034 -634.444424
5.600000 1.980701 29.346183 -1383.296326 -622.707220
5.650000 2.006303 30.334706 -1339.625935 -569.205682
5.700000 2.008319 27.940346 -1446.956986 -675.762310
5.750000 1.974393 27.256680 -1479.425844 -721.258960
5.800000 1.961274 29.108486 -1392.515075 -639.386022
5.850000 2.030403 28.708599 -1415.702579 -636.027881
5.900000 1.998135 28.207384 -1435.268358 -667.984423
5.950000 1.997432 29.236229 -1391.020835 -624.006995
6.000000 1.997794 29.402020 -1386.290228 -619.137395
6.050000 2.009506 28.650203 -1417.768723 -646.118324
6.100000 1.991685 28.468956 -1422.459815 -657.652781
6.150000 1.983246 29.374417 -1377.669926 -616.103431
6.200000 2.023333 27.995182 -1444.186320 -667.226353
6.250000 1.964275 28.702680 -1410.722475 -656.440894
6.300000 1.981449 28.707781 -1413.263749 -652.387150
6.350000 2.013259 29.734035 -1368.414145 -595.322810
6.400000 1.989524 29.974003 -1354.189971 -590.212776
6.450000 1.997669 28.427451 -1422.507042 -655.402256
6.500000 2.011776 27.455125 -1469.480295 -696.958435
6.550000 2.002842 29.208241 -1389.606168 -620.515032
6.600000 1.991072 29.126484 -1393.323155 -628.751644
6.650000 1.987822 29.052614 -1398.753851 -635.430264
6.700000 2.015512 29.941347 -1359.369372 -585.412825
6.750000 2.025854 29.072105 -1397.378683 -619.450815
6.800000 2.022699 27.369641 -1476.967187 -700.250913
6.850000 1.983186 28.255672 -1434.037626 -672.494365
6.900000 1.954900 29.647446 -1370.140416 -619.458870
6.950000 2.027142 29.112971 -1399.543691 -621.121204
7.000000 2.061345 28.526082 -1426.362072 -634.805722
7.050000 1.959123 26.999710 -1485.650431 -733.347341
7.100000 2.012297 30.313680 -1340.922416 -568.200253
7.150000 1.999073 28.873557 -1406.392394 -638.748536
7.200000 1.978131 29.057512 -1394.715280 -635.112791
7.250000 1.999642 29.391426 -1379.682574 -611.820218
7.300000 1.980307 28.566921 -1415.664799 -655.227042
7.350000 1.975914 29.272755 -1387.702605 -628.951800
7.400000 2.008786 28.982010 -1402.229463 -630.855486
7.450000 1.982098 28.148679 -1436.640356 -675.514687
7.500000 1.999217 18.317438 -1488.190316 -720.490990
7.550000 1.999335 18.198290 -1496.693942 -728.949372
7.600000 2.025442 17.471504 -1532.460080 -754.690513
7.650000 1.979394 17.861150 -1514.373937 -754.286483
7.700000 1.989842 19.598775 -1428.487527 -664.388153
7.750000 2.026555 17.752867 -1521.766571 -743.569338
7.800000 2.003419 16.876477 -1562.111743 -792.798726
7.850000 1.954437 17.506464 -1531.418490 -780.914606
7.900000 2.045044 18.395428 -1489.174858 -703.877907
7.950000 1.992679 17.185727 -1544.263712 -779.074818
8.000000 1.991041 17.574471 -1525.542495 -760.982695
8.050000 2.001722 17.546723 -1525.533560 -756.872154
8.100000 2.014234 17.392123 -1534.180634 -760.714926
8.150000 2.026289 17.639847 -1521.541224 -743.446076
8.200000 1.992503 17.962687 -1503.815477 -738.694400
8.250000 2.021725 17.554384 -1526.067782 -749.725377
8.300000 2.013232 16.310153 -1583.905844 -810.824661
8.350000 1.962264 18.988365 -1458.819716 -705.310393
8.400000 2.008681 19.233275 -1449.063308 -677.729877
8.450000 2.014995 17.500663 -1528.245255 -754.487219
8.500000 1.996164 16.993025 -1553.364971 -786.838161
8.550000 1.956502 18.311418 -1488.468352 -737.171620
8.600000 2.035494 18.080372 -1505.240850 -723.611102
8.650000 2.007365 17.376639 -1534.148398 -763.320177
8.700000 2.003494 17.011470 -1550.518711 -781.176895
8.750000 1.995116 16.688145 -1564.066391 -797.941817
8.800000 2.002230 17.251126 -1540.060258 -771.203965
8.850000 2.028064 16.088237 -1596.771924 -817.995253
8.900000 1.940023 17.640673 -1520.730402 -775.761538
8.950000 1.997067 18.547989 -1477.581546 -710.708005
9.000000 2.018284 19.454331 -1434.029053 -659.007821
9.050000 1.992891 18.586106 -1480.213612 -714.943442
9.100000 2.028571 18.574257 -1484.080659 -705.109370
9.150000 1.985466 17.931276 -1508.960207 -746.541195
9.200000 2.026950 17.893947 -1514.452052 -736.103383
9.250000 1.999889 17.052036 -1549.103285 -781.145794
9.300000 2.028383 16.996641 -1552.363817 -773.464665
9.350000 1.994250 16.395545 -1580.954824 -815.162996
9.400000 2.011816 18.354137 -1489.422927 -716.885692
9.450000 1.970543 18.279860 -1492.443401 -735.755052
9.500000 1.991152 18.263614 -1495.637909 -731.035719
9.550000 1.983461 18.728566 -1469.216269 -707.567078
9.600000 2.010625 17.941027 -1512.211069 -740.131179
9.650000 1.985853 17.544341 -1524.767545 -762.200129
9.700000 1.976074 18.556862 -1479.505004 -720.692711
9.750000 2.024186 16.670612 -1570.967183 -793.679851
9.800000 1.999210 16.943584 -1556.979837 -789.283129
9.850000 2.003753 17.208489 -1542.918049 -773.476925
9.900000 1.992647 17.937511 -1506.520261 -741.343812
9.950000 2.008430 18.354226 -1489.682531 -718.445601
10.000000 2.029936 17.379962 -1539.627311 -760.131884
10.050000 2.011820 17.160653 -1545.424070 -772.885337
10.100000 1.990287 17.466046 -1529.225380 -764.955249
10.150000 2.022469 17.736276 -1522.990875 -746.362630
10.200000 2.027669 17.099107 -1551.780357 -773.155470
10.250000 1.987863 17.238799 -1545.843010 -782.503728
10.300000 2.004612 19.076042 -1457.463978 -687.693074
10.350000 2.027575 17.784184 -1518.424063 -739.835364
10.400000 1.991441 17.779135 -1513.736455 -749.022940
10.450000 1.974742 18.679919 -1471.040989 -712.739996
10.500000 2.023180 17.907645 -1507.973546 -731.072575
10.550000 2.025475 17.024415 -1553.943875 -776.161451
10.600000 1.993711 17.227769 -1540.024504 -774.439621
10.650000 1.996907 17.629048 -1522.759958 -755.947813
10.700000 2.005938 18.137068 -1502.836236 -732.555964
10.750000 2.007428 17.651434 -1524.873907 -754.021535
10.800000 1.997829 17.743333 -1519.293890 -752.127442
10.850000 2.014241 16.876374 -1562.845236 -789.376829
10.900000 1.972948 17.735276 -1518.890976 -761.279031
10.950000 2.025278 17.913334 -1509.107143 -731.400289
11.000000 2.035903 17.706454 -1520.129118 -738.342309
11.050000 2.007433 14.891732 -1652.785562 -881.931471
11.100000 1.960015 18.500653 -1477.004410 -724.358715
11.150000 2.018652 17.350742 -1536.497425 -761.335189
11.200000 1.989354 17.844828 -1513.559142 -749.647035
11.250000 2.026025 17.951498 -1512.333436 -734.339813
11.300000 2.028699 17.419536 -1531.802571 -752.782022
11.350000 2.005449 17.754370 -1517.455023 -747.362631
11.400000 2.005627 17.898307 -1510.687016 -740.526421
11.450000 2.008766 16.508087 -1578.575039 -807.208996
11.500000 1.972061 18.063632 -1502.653802 -745.382374
11.550000 2.028922 18.272629 -1491.361181 -712.255139
11.600000 1.948631 18.011884 -1505.020298 -756.745840
11.650000 2.018905 17.724911 -1523.189594 -747.929918
11.700000 2.007882 16.759219 -1567.872555 -796.845760
11.750000 2.007576 17.253914 -1538.787664 -767.878315
11.800000 2.021913 16.902168 -1556.886823 -780.472109
11.850000 1.995220 17.255114 -1535.894415 -769.729807
11.900000 1.967556 18.146426 -1496.375597 -740.834215
11.950000 2.020515 18.138895 -1504.199472 -728.321801
12.000000 1.999253 17.991611 -1506.351149 -738.638020
12.050000 2.004808 17.371391 -1535.214304 -765.368137
12.100000 1.990363 16.190337 -1590.674898 -826.375492
12.150000 1.970895 18.070511 -1500.943011 -744.119345
12.200000 2.024442 16.894067 -1558.379089 -780.993529
12.250000 1.964820 17.631296 -1518.793527 -764.302688
12.300000 1.976546 18.545483 -1479.876109 -720.882285
12.350000 2.017760 18.857116 -1471.131740 -696.311977
12.400000 1.998887 17.114932 -1544.188288 -776.615738
12.450000 1.986457 16.987595 -1555.123048 -792.323551
12.500000 2.008873 17.761344 -1516.328086 -744.920805
12.550000 1.997572 17.371385 -1533.143538 -766.075742
12.600000 1.983489 17.469752 -1531.911746 -770.251951
12.650000 2.013282 16.726185 -1570.678941 -797.578531
12.700000 1.963938 19.407715 -1439.031197 -684.879121
12.750000 2.007586 18.759413 -1470.773552 -699.860355
12.800000 2.000827 17.752550 -1516.261224 -747.943493
12.850000 2.018677 17.523246 -1528.806795 -753.634727
12.900000 2.008561 16.710432 -1567.248191 -795.960713
12.950000 2.001072 17.184202 -1543.613711 -775.202012
13.000000 1.955841 18.107974 -1502.907939 -751.864811
13.050000 2.008047 18.247555 -1499.308630 -728.218666
13.100000 2.005100 18.515675 -1483.747028 -713.788564
13.150000 2.023674 17.627172 -1525.226681 -748.135965
13.200000 2.022575 18.496095 -1479.683314 -703.014590
13.250000 2.022778 17.605320 -1521.763441 -745.016595
13.300000 1.984760 16.846260 -1557.645759 -795.498088
13.350000 1.965836 17.958665 -1504.778553 -749.897500
13.400000 2.022169 18.437848 -1489.015107 -712.502235
13.450000 1.965329 16.845029 -1559.968533 -805.282247
13.500000 2.025010 17.755611 -1519.837797 -742.233859
13.550000 1.969829 16.615221 -1564.816107 -808.401600
13.600000 1.977558 17.742493 -1516.915250 -757.533161
13.650000 2.019108 17.268588 -1541.000064 -765.662535
13.700000 2.004169 17.360934 -1535.495933 -765.895205
13.750000 1.995823 18.387431 -1485.401022 -719.004827
13.800000 1.974214 18.279933 -1495.818601 -737.720566
13.850000 2.029405 19.107006 -1454.806093 -675.514566
13.900000 2.012882 17.027244 -1553.520467 -780.573917
13.950000 1.996965 17.133603 -1546.140807 -779.306096
14.000000 2.005013 17.983976 -1507.876120 -737.951136
14.050000 1.998121 17.175606 -1549.129473 -781.850865
14.100000 2.032719 18.713061 -1472.259825 -691.695731
14.150000 2.017106 17.431838 -1534.748272 -760.179711
14.200000 2.005272 18.100481 -1502.543059 -732.518443
14.250000 1.983877 18.803627 -1467.763030 -705.954421
14.300000 1.989811 18.009673 -1510.236381 -746.149119
14.350000 2.026868 18.189829 -1501.337950 -723.020705
14.400000 1.975795 16.582592 -1575.215761 -816.510303
14.450000 2.021657 17.605936 -1524.252167 -747.935954
14.500000 2.039583 17.485021 -1529.742308 -746.542288
14.550000 1.964803 17.390125 -1534.269203 -779.784882
14.600000 2.012560 17.618383 -1525.733536 -752.910413
14.650000 2.033165 17.786685 -1517.710331 -736.975055
14.700000 1.970862 16.672899 -1566.113474 -809.302287
14.750000 1.971867 17.747891 -1513.952549 -756.755543
14.800000 1.973455 18.911754 -1462.873822 -705.066911
14.850000 2.036348 18.046967 -1507.765916 -725.808446
14.900000 2.000610 17.584712 -1526.762561 -758.528254
14.950000 1.996332 17.653106 -1522.957433 -756.365942
15.000000 1.984206 13.067288 -1396.034692 -634.099750
15.050000 2.007088 12.120105 -1446.431450 -675.709638
15.100000 2.000163 13.206818 -1389.896711 -621.834210
15.150000 1.993019 14.016582 -1353.568233 -588.248783
15.200000 1.997673 13.389019 -1386.513947 -619.407639
15.250000 2.003746 13.433151 -1383.776818 -614.338513
15.300000 2.015890 13.182622 -1397.258619 -623.156720
15.350000 2.009371 13.151532 -1391.518786 -619.920404
15.400000 2.015697 12.407437 -1428.643552 -654.616006
15.450000 1.966062 13.809275 -1352.461417 -597.493436
15.500000 1.984419 13.219881 -1386.453829 -624.436923
15.550000 2.007135 13.179832 -1385.300918 -614.561049
15.600000 2.017682 12.162216 -1438.136156 -663.346116
15.650000 1.968390 12.653227 -1409.137969 -653.276369
15.700000 1.992065 12.342020 -1437.524297 -672.571373
15.750000 1.953500 13.098311 -1398.893518 -648.749421
15.800000 1.989306 14.531464 -1321.863883 -557.970476
15.850000 1.981439 14.911737 -1303.960661 -543.088109
15.900000 1.971415 15.015993 -1304.501803 -547.478479
15.950000 2.034477 14.617254 -1330.094275 -548.855273
16.000000 1.985425 15.272388 -1288.625289 -526.222129
16.050000 1.995374 15.176250 -1288.983078 -522.759648
16.100000 2.001492 14.124732 -1343.208538 -574.635772
16.150000 1.967824 14.497306 -1316.454097 -560.809795
16.200000 2.003346 14.280129 -1334.343780 -565.058739
16.250000 2.000559 14.131044 -1343.581897 -575.367344
16.300000 2.008675 15.072546 -1293.177927 -521.846912
16.350000 1.998300 14.186492 -1338.137518 -570.790339
16.400000 1.979797 14.408962 -1319.867850 -559.625623
16.450000 2.025554 13.736716 -1365.184407 -587.371524
16.500000 1.991315 14.397174 -1335.833398 -571.168443
16.550000 2.013379 14.815928 -1310.147483 -537.010125
16.600000 1.992592 14.131973 -1345.092988 -579.937720
16.650000 2.003211 14.645892 -1320.734772 -551.501894
16.700000 2.014337 13.062813 -1405.035858 -631.530465
16.750000 1.996972 15.032316 -1295.974798 -529.137454
16.800000 2.002065 14.872433 -1302.417614 -533.624698
16.850000 1.997864 13.841920 -1360.574018 -593.394212
16.900000 1.984081 14.632363 -1326.890290 -565.003292
16.950000 1.994400 14.880778 -1311.044738 -545.195261
17.000000 1.968940 14.483931 -1326.522678 -570.449851
17.050000 2.017819 15.117565 -1296.872526 -522.029920
17.100000 1.982954 15.403614 -1282.218687 -520.764261
17.150000 2.033480 16.307888 -1231.985487 -451.129241
17.200000 2.017038 15.541316 -1277.316015 -502.773608
17.250000 1.987294 15.359458 -1289.047439 -525.926442
17.300000 1.975395 14.987677 -1304.933364 -546.381872
17.350000 1.976858 15.626697 -1269.056750 -509.943103
17.400000 2.019968 16.397745 -1230.287707 -454.619915
17.450000 2.028207 15.971758 -1255.022577 -476.190979
17.500000 1.977608 15.986087 -1248.953277 -489.551752
17.550000 2.011378 14.973073 -1307.404556 -535.035351
17.600000 1.981779 15.841871 -1266.316700 -505.313750
17.650000 1.980014 16.531519 -1233.824156 -473.498913
17.700000 2.009843 15.831677 -1276.027923 -504.248384
17.750000 2.000567 16.394573 -1234.572562 -466.354683
17.800000 2.007085 16.007974 -1253.950746 -483.229994
17.850000 2.035292 15.243329 -1294.735103 -513.182919
17.900000 1.998476 15.318146 -1291.180898 -523.765953
17.950000 1.989514 15.729369 -1267.102960 -503.129521
18.000000 1.991774 15.270410 -1296.725559 -531.884248
18.050000 1.993265 15.644452 -1269.020792 -503.606996
18.100000 1.990498 16.356788 -1233.222645 -468.871449
18.150000 1.984282 15.043185 -1299.738177 -537.773996
18.200000 1.974789 15.661040 -1268.530674 -510.211628
18.250000 2.016092 15.697600 -1273.424987 -499.245546
18.300000 1.985814 16.571552 -1215.518439 -452.965800
18.350000 2.013038 15.411155 -1280.659517 -507.653108
18.400000 2.011952 15.687332 -1262.965836 -490.376437
18.450000 2.008038 14.627227 -1319.025341 -547.938701
18.500000 2.008335 14.175201 -1346.004812 -574.804092
18.550000 1.989020 14.252739 -1338.301797 -574.518146
18.600000 2.023026 14.486386 -1336.473979 -559.632040
18.650000 2.001493 15.689639 -1268.250829 -499.677399
18.700000 1.990610 15.180679 -1302.347640 -537.953258
18.750000 1.986076 16.763619 -1220.196813 -457.543698
18.800000 1.985767 16.539613 -1229.906755 -467.372110
18.850000 1.984512 16.061582 -1248.287601 -486.235060
18.900000 2.005896 15.382468 -1286.710236 -516.446219
18.950000 1.988583 15.834921 -1267.025250 -503.409312
19.000000 2.046083 15.146698 -1297.819333 -512.123312
19.050000 1.987253 16.103797 -1239.912635 -476.807404
19.100000 1.986118 14.923096 -1302.180851 -539.511716
19.150000 2.005617 14.504986 -1331.229547 -561.072739
19.200000 2.001416 15.037717 -1308.196929 -539.653208
19.250000 2.011587 15.286658 -1294.728042 -522.278583
19.300000 2.001699 14.706317 -1321.662212 -553.009778
19.350000 1.984188 15.254592 -1284.863007 -522.934954
19.400000 1.993016 16.327173 -1230.462290 -465.144019
19.450000 2.036428 15.271943 -1291.357724 -509.369472
19.500000 1.991969 15.724149 -1260.972575 -496.056604
19.550000 2.010496 15.313490 -1280.514000 -508.483441
19.600000 2.011018 15.427967 -1275.804928 -503.573829
19.650000 2.000400 15.117701 -1291.160256 -523.006484
19.700000 2.007730 14.634613 -1322.139520 -551.171093
19.750000 2.011682 15.669959 -1269.214627 -496.728893
19.800000 2.001702 15.094822 -1299.382211 -530.728545
19.850000 2.020718 14.547556 -1324.203585 -548.247829
19.900000 1.965930 14.725734 -1311.424564 -556.507309
19.950000 2.014167 15.534023 -1274.028815 -500.588615
20.000000 2.008945 15.953468 -1258.026050 -486.591277
20.050000 2.001024 15.107028 -1305.639780 -537.246730
20.100000 1.997553 14.896887 -1317.135652 -550.075466
20.150000 1.981567 15.588874 -1278.491306 -517.569481
20.200000 2.010904 15.848558 -1268.012829 -495.825652
20.250000 1.986292 15.959298 -1251.126393 -488.390167
20.300000 2.000045 15.634200 -1272.934746 -504.917470
20.350000 2.026331 15.451053 -1282.362359 -504.251405
20.400000 1.989924 14.788634 -1316.774775 -552.644014
20.450000 2.018258 14.588766 -1323.270136 -548.259041
20.500000 1.978348 15.034266 -1299.090011 -539.404247
20.550000 2.013382 15.183632 -1287.460762 -514.321979
20.600000 1.958406 14.061359 -1351.281567 -599.253607
20.650000 1.976749 16.499937 -1220.951683 -461.880059
20.700000 2.025264 15.566394 -1277.212106 -499.510708
20.750000 2.021750 15.327406 -1284.556292 -508.204129
20.800000 2.003180 14.988702 -1304.808996 -535.587693
20.850000 2.027412 14.631654 -1323.968094 -545.441724
20.900000 2.004577 14.254541 -1343.074610 -573.317047
20.950000 1.973254 15.634626 -1275.991644 -518.261950
21.000000 2.036517 16.539059 -1223.985957 -441.963612
21.050000 1.982099 14.766654 -1310.919950 -549.793862
21.100000 1.983400 16.030563 -1251.527613 -489.902205
21.150000 2.017160 15.362382 -1289.263558 -514.674086
21.200000 1.998853 14.768056 -1313.561035 -546.001465
21.250000 1.983834 14.653397 -1322.539549 -560.747249
21.300000 2.020358 14.570560 -1326.076764 -550.259121
21.350000 1.995110 15.366751 -1284.283455 -518.161380
21.400000 1.989193 15.705726 -1265.394076 -501.544128
21.450000 1.999000 14.410775 -1328.200735 -560.584564
21.500000 1.997041 15.048583 -1293.789832 -526.926070
21.550000 2.016011 15.468199 -1283.253189 -509.105113
21.600000 2.006711 16.399880 -1236.797057 -466.219970
21.650000 2.011387 15.681562 -1268.595545 -496.222850
21.700000 2.023235 14.350542 -1334.791275 -557.868965
21.750000 1.993193 13.953056 -1357.773394 -592.387335
21.800000 1.998044 15.752033 -1258.838702 -491.589974
21.850000 2.001849 15.830198 -1263.135260 -494.425328
21.900000 1.992965 14.567780 -1327.469776 -562.171205
21.950000 1.993978 14.709594 -1319.003429 -553.315791
22.000000 1.982927 15.119925 -1297.978938 -536.535101
22.050000 2.000091 14.308997 -1348.025364 -579.990604
22.100000 2.008893 15.634072 -1274.135252 -502.720488
22.150000 2.004332 15.600178 -1277.230464 -507.566956
22.200000 2.010136 16.350417 -1238.341452 -466.449385
22.250000 1.983516 15.268248 -1290.461191 -528.790915
22.300000 2.025590 14.623160 -1325.142345 -547.315596
22.350000 1.979768 15.702857 -1267.954882 -507.723935
22.400000 2.010649 16.522927 -1226.748824 -454.659473
22.450000 2.014729 16.062699 -1258.058061 -484.402235
22.500000 1.994577 8.759766 -1307.708279 -541.790688
22.550000 1.981521 9.257862 -1282.308630 -521.404636
22.600000 1.992880 9.000602 -1292.118040 -526.852037
22.650000 1.998537 8.934078 -1300.061774 -532.623727
22.700000 1.988132 9.644963 -1260.395456 -496.952757
22.750000 1.987113 9.963561 -1241.878301 -478.826835
22.800000 2.008002 9.612806 -1257.854836 -486.782235
22.850000 2.006175 9.250120 -1267.537743 -497.166660
22.900000 1.998631 7.813015 -1351.427168 -583.952958
22.950000 1.981186 8.801050 -1299.256601 -538.481335
23.000000 2.001619 8.678876 -1315.215573 -546.593928
23.050000 1.975881 9.433680 -1268.200560 -509.462125
23.100000 2.017412 8.548761 -1321.549781 -546.863559
23.150000 1.986708 8.046644 -1347.153498 -584.257490
23.200000 2.013207 8.493151 -1322.062007 -548.990438
23.250000 2.002700 8.720741 -1312.236957 -543.200086
23.300000 1.989680 8.507023 -1323.718932 -559.681860
23.350000 2.005912 8.855056 -1311.983472 -541.713333
23.400000 1.974787 9.423112 -1284.178025 -525.859629
23.450000 1.989422 10.023929 -1244.431985 -480.493900
23.500000 2.010632 8.574854 -1320.777873 -548.695192
23.550000 2.002591 8.336910 -1331.759953 -562.764863
23.600000 2.006188 8.931450 -1299.172028 -528.795723
23.650000 1.982406 8.432951 -1324.173375 -562.929323
23.700000 1.987528 9.299251 -1270.366676 -507.155967
23.750000 2.007882 8.285012 -1332.210472 -561.183656
23.800000 1.991473 9.014688 -1290.127837 -525.402061
23.850000 1.997331 9.173265 -1285.809187 -518.833970
23.900000 2.002768 9.180710 -1285.996574 -516.933662
23.950000 2.003243 9.168834 -1275.716568 -506.471288
24.000000 2.022852 8.677450 -1306.143398 -529.368110
24.050000 1.996541 9.630140 -1257.503483 -490.831847
24.100000 2.008611 8.660252 -1321.108405 -549.801741
24.150000 1.981168 9.207140 -1288.419804 -527.651379
24.200000 2.001048 8.360096 -1328.441215 -560.038690
24.250000 1.970287 8.532290 -1315.133964 -558.543891
24.300000 2.014034 9.122519 -1284.321234 -510.932061
24.350000 1.996462 8.982442 -1282.535941 -515.894647
24.400000 2.011186 8.312791 -1322.059196 -549.763827
24.450000 1.988288 8.365341 -1323.094091 -559.591464
24.500000 1.965517 9.651706 -1253.735517 -498.976951
24.550000 1.981437 9.063605 -1289.555867 -528.684012
24.600000 2.000391 9.051396 -1289.266068 -521.115887
24.650000 1.989214 9.293849 -1273.246900 -509.388910
24.700000 2.015101 8.835213 -1303.897669 -530.098851
24.750000 1.980586 9.328367 -1281.853897 -521.308844
24.800000 2.018498 9.491109 -1268.036943 -492.933707
24.850000 1.991451 8.593582 -1317.320959 -552.603771
24.900000 2.011327 9.232832 -1284.597776 -512.248398
24.950000 2.009551 8.447853 -1326.881621 -555.214046
25.000000 1.999303 7.972131 -1350.085452 -582.353091
25.050000 1.982498 8.608772 -1317.500388 -556.221126
25.100000 2.025882 8.717196 -1315.920332 -537.981591
25.150000 1.969987 8.410593 -1330.577273 -574.102416
25.200000 2.015858 9.084197 -1293.271681 -519.182265
25.250000 1.990668 8.499648 -1324.045505 -559.629103
25.300000 1.995307 8.604255 -1313.758828 -547.560853
25.350000 1.989115 8.843096 -1296.542105 -532.721819
25.400000 1.995388 7.739420 -1363.394903 -597.165911
25.450000 1.994170 9.377863 -1272.387552 -506.626111
25.500000 2.000441 8.362196 -1328.048761 -559.879514
25.550000 1.986802 8.978181 -1291.175517 -528.243446
25.600000 2.027263 8.727764 -1303.531834 -525.062694
25.650000 2.001065 8.765786 -1302.341348 -533.932570
25.700000 2.010583 9.615561 -1255.376030 -483.312299
25.750000 1.998021 9.624754 -1253.212237 -485.972049
25.800000 2.006020 9.377681 -1273.819799 -503.508147
25.850000 1.992440 9.328548 -1280.960195 -515.863360
25.900000 2.005422 9.388886 -1278.210551 -508.128592
25.950000 1.996838 9.621801 -1272.813726 -506.027961
26.000000 2.016286 8.409518 -1339.849429 -565.595788
26.050000 2.012691 8.940219 -1300.758552 -527.885230
26.100000 1.971789 9.061363 -1293.428640 -536.261489
26.150000 2.021434 9.182341 -1282.825562 -506.594910
26.200000 2.003274 8.449628 -1322.139914 -552.882753
26.250000 1.994276 9.150643 -1280.978563 -515.176474
26.300000 1.995314 9.355721 -1267.182664 -500.982233
26.350000 2.009235 8.677707 -1302.186100 -530.639952
26.400000 1.998199 9.598274 -1257.402827 -490.094304
26.450000 2.007521 8.773422 -1306.312969 -535.424782
26.500000 2.001163 8.777971 -1306.558509 -538.111838
26.550000 1.995803 9.397938 -1276.514556 -510.126215
26.600000 2.001324 9.384938 -1284.135179 -515.626738
26.650000 1.990546 9.483834 -1271.951779 -507.582037
26.700000 2.012780 9.316980 -1275.384638 -502.477084
26.750000 2.005530 8.849544 -1302.262711 -532.139155
26.800000 1.991163 8.541221 -1318.521839 -553.915218
26.850000 1.992635 9.354766 -1276.585241 -511.413269
26.900000 2.002439 9.599403 -1266.798469 -497.861713
26.950000 1.997924 10.493995 -1216.989225 -449.786467
27.000000 2.009099 9.404192 -1279.596590 -508.102447
27.050000 1.997458 8.634594 -1320.339080 -553.315175
27.100000 1.989465 8.976875 -1300.450971 -536.496317
27.150000 2.011046 9.037525 -1293.187497 -520.945918
27.200000 1.974025 9.155453 -1280.623332 -522.597679
27.250000 1.998168 9.506099 -1263.034734 -495.738198
27.300000 2.012948 8.536834 -1322.722136 -549.749921
27.350000 2.000268 9.693237 -1253.618924 -485.516048
27.400000 2.002421 8.852602 -1299.035386 -530.105534
27.450000 2.000030 8.132310 -1342.069844 -574.058336
27.500000 2.014002 8.936292 -1304.998883 -531.622270
27.550000 1.999092 9.346022 -1282.132020 -514.480660
27.600000 2.013205 9.557233 -1264.708308 -491.637710
27.650000 1.978057 9.717072 -1251.061438 -491.487730
27.700000 2.015656 8.613013 -1310.289457 -536.277444
27.750000 1.975272 8.888228 -1297.582466 -539.078038
27.800000 1.987176 9.369888 -1276.069056 -512.993344
27.850000 1.986360 9.237266 -1280.754240 -517.992128
27.900000 1.985848 9.973521 -1244.438305 -481.872773
27.950000 2.024940 9.814984 -1257.438597 -479.861721
28.000000 2.012095 9.288103 -1280.377053 -507.732578
28.050000 2.001416 9.659754 -1259.771890 -491.227970
28.100000 1.987594 9.973128 -1247.905847 -484.669909
28.150000 2.008459 8.815476 -1310.562450 -539.314055
28.200000 1.978623 9.389256 -1277.803655 -518.012479
28.250000 2.034564 9.523035 -1264.113150 -482.840600
28.300000 2.018393 8.270056 -1327.110951 -552.047944
28.350000 1.998883 8.176125 -1334.511206 -566.939958
28.400000 1.967482 8.925498 -1290.678035 -535.164945
28.450000 2.000356 9.097123 -1281.388604 -513.251791
28.500000 2.004208 9.908796 -1238.104251 -468.488372
28.550000 2.020679 9.901663 -1244.368429 -468.427506
28.600000 2.018126 8.973563 -1296.214183 -521.253770
28.650000 1.996043 9.237504 -1279.097894 -512.617360
28.700000 1.988879 9.220448 -1282.299687 -518.570123
28.750000 1.986844 9.374761 -1278.302518 -515.354410
28.800000 2.017042 9.052542 -1290.220387 -515.676073
28.850000 1.986892 8.569695 -1312.293928 -549.327269
28.900000 2.006490 9.022593 -1285.840952 -515.348914
28.950000 1.980942 8.406634 -1317.374895 -556.693131
29.000000 1.992797 9.501440 -1262.253982 -497.019803
29.050000 2.000640 8.821229 -1306.586717 -538.341139
29.100000 1.995415 9.038969 -1293.561706 -527.322296
29.150000 2.014708 8.744836 -1306.284018 -532.636164
29.200000 1.969462 8.630901 -1307.268063 -550.994597
29.250000 1.988125 9.489973 -1262.015680 -498.575767
29.300000 1.983128 9.106214 -1284.146231 -522.625254
29.350000 1.996145 9.125743 -1286.621417 -520.101922
29.400000 2.002216 9.442377 -1263.806398 -494.955553
29.450000 1.997868 9.252426 -1270.389362 -503.208007
29.500000 1.982328 9.232108 -1282.781248 -521.567125
29.550000 2.013497 8.594057 -1322.493809 -549.311083
29.600000 1.963084 9.882301 -1244.568586 -490.744141
29.650000 2.012633 9.005852 -1299.934512 -527.083426
29.700000 1.973488 8.964505 -1295.081982 -537.262725
29.750000 2.014584 8.750755 -1311.791916 -538.191499
29.800000 1.994042 8.958634 -1299.475298 -533.763144
29.850000 1.989779 9.365875 -1271.518282 -507.442968
29.900000 1.995470 8.238974 -1340.376756 -574.116177
29.950000 2.018572 8.363864 -1329.675025 -554.543198
30.000000 1.988282 5.559879 -1202.613503 -439.113245
30.050000 2.020323 6.195852 -1162.499160 -386.694978
30.100000 2.016374 5.325982 -1214.936467 -440.648768
30.150000 1.997888 5.044031 -1228.662502 -461.473411
30.200000 2.002135 5.073456 -1221.053161 -452.233252
30.250000 2.003387 5.434824 -1195.591544 -426.290860
30.300000 1.990476 5.517021 -1190.099235 -425.756597
30.350000 2.009340 5.290667 -1210.930325 -439.343694
30.400000 1.971969 5.919452 -1179.245025 -422.008813
30.450000 2.014002 5.745927 -1196.640186 -423.263555
30.500000 1.977025 6.601716 -1135.671217 -376.493512
30.550000 2.007698 6.077273 -1173.106284 -402.150104
30.600000 1.994442 5.421396 -1208.487577 -442.621698
30.650000 2.018984 4.548831 -1256.870086 -481.580304
30.700000 1.996863 4.554402 -1250.441491 -483.646213
30.750000 2.002213 4.387931 -1264.019196 -495.169455
30.800000 1.981745 5.145404 -1219.037834 -458.047781
30.850000 2.014922 4.976731 -1233.367255 -459.637230
30.900000 1.985397 4.785274 -1247.651944 -485.259492
30.950000 1.997553 5.020876 -1236.700006 -469.639805
31.000000 1.993147 5.241102 -1222.050078 -456.681444
31.050000 2.016089 5.768828 -1187.197878 -413.019558
31.100000 1.994148 5.225908 -1222.165460 -456.412802
31.150000 1.999867 5.420086 -1213.505311 -445.556511
31.200000 2.021345 5.469879 -1205.639715 -429.443273
31.250000 2.007454 4.950257 -1232.731284 -461.868830
31.300000 1.993042 4.431211 -1265.400795 -500.072645
31.350000 2.003406 5.446641 -1201.633938 -432.325972
31.400000 1.988725 5.062340 -1228.545533 -464.875170
31.450000 2.013303 5.167588 -1224.615772 -451.507405
31.500000 1.993301 4.582812 -1256.059246 -490.631643
31.550000 1.986303 5.507864 -1199.611620 -436.871376
31.600000 1.989633 5.555528 -1202.619769 -438.600794
31.650000 2.021679 4.907790 -1245.175979 -468.851415
31.700000 1.993342 5.379380 -1214.792991 -449.349543
31.750000 1.993200 5.768894 -1191.519383 -426.130423
31.800000 2.017388 5.101900 -1233.551374 -458.874323
31.850000 2.002104 4.941552 -1239.515801 -470.707926
31.900000 1.989768 5.014725 -1237.484957 -473.414093
31.950000 1.996185 5.786573 -1182.916541 -416.381632
32.000000 2.016887 5.264204 -1217.905369 -443.420796
32.050000 2.003103 5.255266 -1214.490922 -445.299204
32.100000 2.006278 5.609825 -1198.484793 -428.073876
32.150000 1.975048 6.534474 -1143.995172 -385.576666
32.200000 2.035114 6.116365 -1174.911124 -393.427289
32.250000 2.002740 5.088107 -1230.726644 -461.674450
32.300000 2.011200 4.380184 -1267.367659 -495.066841
32.350000 2.006766 5.164809 -1215.295423 -444.697462
32.400000 2.004846 5.219765 -1210.022002 -440.161035
32.450000 2.004283 4.799609 -1240.208369 -470.563564
32.500000 1.992208 5.000499 -1234.699879 -469.692184
32.550000 2.001580 5.894705 -1184.655163 -416.048542
32.600000 1.999930 5.380415 -1210.760296 -442.787156
32.650000 2.002264 4.872811 -1239.410692 -470.541256
32.700000 1.983685 5.166419 -1223.506121 -461.771105
32.750000 1.994056 5.358681 -1216.659817 -450.942494
32.800000 2.009256 5.678016 -1196.153664 -424.599341
32.850000 2.010127 5.446481 -1208.920451 -437.031699
32.900000 2.005527 4.668614 -1252.774033 -482.651517
32.950000 1.994629 5.128760 -1221.727021 -455.789489
33.000000 2.009454 4.797247 -1248.089583 -476.459205
33.050000 1.981846 5.573628 -1195.931702 -434.902780
33.100000 2.011161 5.029260 -1229.092856 -456.806993
33.150000 1.994244 5.218958 -1212.420608 -446.630779
33.200000 2.005235 5.796005 -1175.657419 -405.647246
33.250000 2.024170 4.791849 -1237.712287 -460.431002
33.300000 2.006436 4.276668 -1267.240928 -496.769621
33.350000 1.985032 4.356131 -1262.809080 -500.556628
33.400000 1.986693 5.215283 -1212.984446 -450.094429
33.450000 2.002559 5.093582 -1224.139749 -455.157092
33.500000 2.013456 4.685974 -1246.957584 -473.790510
33.550000 2.009935 4.934919 -1236.707389 -464.892389
33.600000 2.005778 4.411847 -1272.904080 -502.685476
33.650000 1.977986 5.028520 -1239.205134 -479.658522
33.700000 2.017444 4.964970 -1245.941297 -471.242885
33.750000 1.991754 4.781726 -1247.865615 -483.032104
33.800000 2.018746 4.679541 -1256.194161 -480.995508
33.850000 1.991979 4.811218 -1243.652092 -478.732315
33.900000 1.994684 5.322376 -1211.825702 -445.866893
33.950000 2.014495 5.504012 -1197.790209 -424.224136
34.000000 2.003382 4.291671 -1269.258625 -499.960028
34.050000 1.991769 4.755475 -1237.850829 -473.011352
34.100000 2.010725 4.841841 -1239.985383 -467.866846
34.150000 1.997179 5.739216 -1180.053930 -413.137370
34.200000 2.003360 5.207522 -1216.880327 -447.589923
34.250000 1.985846 5.388688 -1210.127831 -447.562839
34.300000 2.003927 5.868275 -1184.381244 -414.873176
34.350000 2.010731 5.637031 -1190.241595 -418.120749
34.400000 2.010988 4.729178 -1245.415112 -473.195531
34.450000 1.988799 5.097324 -1223.667129 -459.968439
34.500000 1.997556 4.908009 -1244.217800 -477.156124
34.550000 2.007738 5.239038 -1226.500748 -455.529305
34.600000 1.980487 6.017707 -1170.767832 -410.260638
34.650000 1.978190 5.208768 -1228.356176 -468.731141
34.700000 1.994621 6.316143 -1167.186034 -401.251492
34.750000 1.990887 6.438714 -1162.687374 -398.186669
34.800000 2.008347 5.622906 -1210.624640 -439.419552
34.850000 1.991091 5.650594 -1202.721157 -438.142128
34.900000 2.016888 5.665554 -1199.333813 -424.848895
34.950000 1.990355 5.726976 -1194.397614 -430.101325
35.000000 1.971687 5.529155 -1208.312359 -451.184362
35.050000 1.993129 5.420091 -1212.563508 -447.202035
35.100000 1.998406 5.534178 -1198.085061 -430.697002
35.150000 1.996922 4.901269 -1241.138074 -474.320191
35.200000 2.011963 5.298254 -1215.268325 -442.674668
35.250000 2.011650 5.914560 -1183.453072 -410.979407
35.300000 1.989478 5.895399 -1182.483885 -418.524289
35.350000 1.996274 5.311147 -1211.904312 -445.334963
35.400000 1.994684 5.521254 -1193.984460 -428.025755
35.450000 2.005834 5.128034 -1225.131409 -454.891182
35.500000 1.995818 5.504808 -1198.285999 -431.891898
35.550000 1.999671 5.005174 -1227.170690 -459.296881
35.600000 1.977592 5.188409 -1214.216042 -454.820633
35.650000 2.007408 5.377320 -1207.250425 -436.405662
35.700000 1.991168 6.104178 -1170.501039 -405.892467
35.750000 2.019546 5.466719 -1210.491735 -434.986048
35.800000 1.986950 4.682986 -1255.721795 -492.732948
35.850000 1.980594 5.473786 -1205.928988 -445.380906
35.900000 2.014113 5.418216 -1206.119118 -432.699788
35.950000 1.990593 5.095749 -1226.932538 -462.544677
36.000000 2.026339 4.676256 -1248.941673 -470.827680
36.050000 1.984354 4.445363 -1256.097772 -494.105746
36.100000 2.005668 5.202779 -1213.439943 -443.263451
36.150000 1.988194 5.222171 -1214.330185 -450.863670
36.200000 1.995535 4.427679 -1270.094835 -503.809529
36.250000 1.971371 5.317759 -1215.368264 -458.361614
36.300000 1.986803 6.303031 -1146.027024 -383.094776
36.350000 2.011721 5.823185 -1175.625661 -403.124806
36.400000 2.025862 4.578254 -1257.662726 -479.731726
36.450000 1.992670 5.249569 -1213.035424 -447.850034
36.500000 1.989355 5.548257 -1201.922459 -438.010256
36.550000 2.031928 5.341253 -1214.480178 -434.219874
36.600000 1.983290 5.205246 -1215.875527 -454.291996
36.650000 1.993147 5.291873 -1211.497413 -446.129019
36.700000 2.008113 4.587295 -1253.405399 -482.289959
36.750000 1.996063 5.112452 -1220.931157 -454.443082
36.800000 1.993976 5.256563 -1222.072979 -456.386037
36.850000 1.987171 5.240592 -1229.106752 -466.033079
36.900000 2.026307 5.126136 -1237.291139 -459.189275
36.950000 2.006779 5.270067 -1222.780466 -452.177481
37.000000 2.009086 4.725023 -1258.377186 -486.887984
37.050000 1.996864 5.197855 -1231.268657 -464.472898
37.100000 2.014459 5.228570 -1232.029157 -458.476811
37.150000 2.009765 5.186915 -1222.019380 -450.269705
37.200000 1.984061 5.065490 -1224.847247 -462.967833
37.250000 2.008265 5.488595 -1200.350089 -429.176332
37.300000 1.988295 4.869538 -1237.313405 -473.808296
37.350000 1.995867 4.182541 -1284.324602 -517.911503
37.400000 1.997833 4.918880 -1244.471883 -477.303904
37.450000 1.995135 5.485244 -1210.397423 -444.265710
37.500000 1.988265 3.142301 -1103.361865 -339.868002
37.550000 1.994126 3.181669 -1094.772449 -329.027910
37.600000 1.995926 3.018488 -1100.366449 -333.930773
37.650000 2.016270 3.166475 -1085.321502 -311.073928
37.700000 2.016639 2.932803 -1099.658669 -325.269267
37.750000 1.999423 2.661909 -1119.805214 -352.026619
37.800000 1.984384 3.466259 -1067.681763 -305.678196
37.850000 2.008200 3.414790 -1072.410918 -301.262269
37.900000 2.001484 3.021622 -1100.687011 -332.117064
37.950000 1.988684 3.611760 -1060.432951 -296.778183
38.000000 2.004087 3.433418 -1077.506240 -307.936840
38.050000 2.009488 3.001100 -1102.826749 -331.183173
38.100000 1.988157 3.099361 -1088.209824 -324.757491
38.150000 2.000596 3.208498 -1085.347085 -317.118402
38.200000 2.003561 3.223899 -1094.888397 -325.521026
38.250000 2.010303 3.558464 -1074.047325 -302.091020
38.300000 1.983878 3.425606 -1085.185537 -323.376559
38.350000 2.012120 3.573892 -1076.090902 -303.436729
38.400000 2.000806 3.685608 -1069.521603 -301.212175
38.450000 1.998677 3.148149 -1099.814320 -332.322254
38.500000 1.997214 3.128428 -1095.713197 -328.783125
38.550000 1.989273 3.203957 -1090.261224 -326.380576
38.600000 1.983257 3.426569 -1077.627811 -316.056966
38.650000 2.008618 3.138151 -1095.185113 -323.875820
38.700000 1.999206 3.025584 -1100.320207 -332.625251
38.750000 2.008460 2.716727 -1129.850497 -358.601950
38.800000 1.992315 3.186109 -1099.171241 -334.122231
38.850000 1.980830 3.844383 -1047.071977 -286.433406
38.900000 2.011088 3.338023 -1079.984561 -307.726607
38.950000 2.011809 2.963889 -1096.712745 -324.177973
39.000000 1.991063 2.546847 -1128.731568 -364.163349
39.050000 2.017410 2.957789 -1102.506715 -327.821387
39.100000 1.997039 2.679813 -1116.540713 -349.677923
39.150000 1.979273 2.957556 -1093.407065 -333.366329
39.200000 1.999923 2.889375 -1103.833710 -335.863312
39.250000 2.006423 2.788661 -1111.562180 -341.095721
39.300000 2.005060 3.016481 -1096.707382 -326.764267
39.350000 2.010538 2.993181 -1101.974815 -329.928069
39.400000 1.985373 3.228054 -1092.334193 -329.951119
39.450000 2.009332 3.054511 -1105.484003 -333.900613
39.500000 1.989599 3.472686 -1070.550753 -306.544646
39.550000 2.006916 2.989690 -1102.720634 -332.065020
39.600000 1.995493 3.115331 -1097.418298 -331.149169
39.650000 2.022042 3.297660 -1085.411944 -308.947936
39.700000 1.995383 2.886037 -1117.856275 -351.629346
39.750000 2.000779 3.212393 -1099.625304 -331.326047
39.800000 2.007337 3.305695 -1091.503203 -320.685985
39.850000 1.998917 3.335406 -1087.643911 -320.059801
39.900000 2.015070 3.545084 -1070.723918 -296.937222
39.950000 1.994846 2.659025 -1132.200868 -366.180137
40.000000 1.991730 3.088007 -1095.054254 -330.229894
40.050000 2.017045 2.955377 -1105.003645 -330.458264
40.100000 1.998631 3.446632 -1073.046768 -305.572290
40.150000 2.017981 3.482993 -1067.308074 -292.403439
40.200000 2.001909 2.310997 -1143.270348 -374.537280
40.250000 1.993523 2.535000 -1119.606532 -354.093853
40.300000 1.987740 2.265859 -1142.304179 -379.012184
40.350000 1.987586 3.414163 -1066.470720 -303.237840
40.400000 1.988592 3.474747 -1073.478419 -309.858951
40.450000 2.013839 3.497306 -1075.894588 -302.580342
40.500000 1.990015 3.215389 -1091.358117 -327.192529
40.550000 1.996599 3.492165 -1075.696633 -309.002486
40.600000 2.005087 3.443537 -1077.565581 -307.612178
40.650000 2.017761 2.718123 -1118.196363 -343.376246
40.700000 1.981339 2.903942 -1102.223422 -341.389227
40.750000 2.015865 2.796095 -1114.408755 -340.316766
40.800000 1.996138 2.554876 -1130.268047 -363.750874
40.850000 1.990743 2.534016 -1138.595795 -374.150608
40.900000 1.988320 3.795758 -1057.132929 -293.617964
40.950000 1.986819 3.866532 -1064.579706 -301.641309
41.000000 2.015191 3.910733 -1066.059566 -292.226385
41.050000 2.020192 3.472694 -1088.236616 -312.482882
41.100000 1.990601 2.720681 -1127.135628 -362.744690
41.150000 2.007352 2.623277 -1129.061168 -358.238181
41.200000 1.992152 2.781752 -1116.432304 -351.446019
41.250000 2.000804 3.072829 -1094.163098 -325.854518
41.300000 1.999574 2.961199 -1099.289742 -331.453439
41.350000 1.994386 2.663998 -1122.918850 -357.074601
41.400000 1.983730 3.328357 -1081.289624 -319.537463
41.450000 2.007980 3.408233 -1074.008490 -302.944273
41.500000 2.018740 2.672272 -1118.199907 -343.003854
41.550000 2.009347 2.586203 -1121.357686 -349.768563
41.600000 1.993300 3.279217 -1075.507070 -310.079729
41.650000 2.033616 3.081823 -1087.827286 -306.918811
41.700000 1.993870 2.635495 -1114.618221 -348.971976
41.750000 2.001918 2.776620 -1109.573094 -340.836487
41.800000 1.982296 3.079132 -1101.308247 -340.106414
41.850000 2.022086 3.359665 -1092.567771 -316.086847
41.900000 2.000673 3.619026 -1067.253150 -298.994766
41.950000 1.998249 2.962104 -1113.525497 -346.198020
42.000000 2.002470 3.090692 -1100.482759 -331.534340
42.050000 1.983047 3.288535 -1087.815201 -326.325016
42.100000 1.988007 3.728202 -1062.168560 -298.773959
42.150000 1.999228 3.580219 -1078.951402 -311.247843
42.200000 2.000114 3.584202 -1077.646040 -309.602095
42.250000 2.005500 3.665822 -1071.062414 -300.950495
42.300000 2.005838 3.592178 -1067.106501 -296.864835
42.350000 2.001918 3.156828 -1097.323550 -328.586943
42.400000 2.007156 3.238226 -1091.570894 -320.822856
42.450000 2.012427 3.230695 -1087.125974 -314.354046
42.500000 1.995068 2.354316 -1140.723637 -374.617438
42.550000 1.986760 2.367867 -1139.458793 -376.543024
42.600000 1.973333 3.238919 -1078.575973 -320.815980
42.650000 2.011035 3.515593 -1067.226301 -294.988993
42.700000 1.998571 3.138140 -1097.101528 -329.650247
42.750000 1.997125 3.187481 -1091.198317 -324.302260
42.800000 2.002239 3.051901 -1097.329547 -328.469621
42.850000 2.000769 3.247785 -1087.187345 -318.892124
42.900000 2.007294 3.327350 -1089.557116 -318.756041
42.950000 2.010087 3.647637 -1065.098481 -293.225233
43.000000 2.009676 3.440061 -1077.243541 -305.527812
43.050000 1.988760 3.078017 -1095.392252 -331.708418
43.100000 1.998396 3.248188 -1078.603301 -311.219196
43.150000 1.993373 3.093892 -1096.787746 -331.332649
43.200000 1.995121 3.168327 -1097.472676 -331.346210
43.250000 2.029049 3.246192 -1092.724039 -313.569129
43.300000 1.994292 3.131305 -1094.247507 -328.439281
43.350000 1.982699 3.059721 -1099.792601 -338.436280
43.400000 1.997546 2.632346 -1142.680165 -375.622579
43.450000 1.998305 3.043468 -1115.031651 -347.682427
43.500000 1.994915 3.180286 -1095.378414 -329.330924
43.550000 1.984608 2.482014 -1134.944772 -372.855211
43.600000 2.011443 2.902551 -1099.229752 -326.835690
43.650000 2.011414 2.043094 -1157.596367 -385.213423
43.700000 1.998418 2.336955 -1131.543950 -364.151587
43.750000 1.970561 2.833856 -1100.535686 -343.840341
43.800000 2.029034 3.258510 -1080.156440 -301.007524
43.850000 2.012375 2.759941 -1116.471173 -343.719089
43.900000 1.989518 2.843728 -1111.801859 -347.826795
43.950000 1.995744 3.273654 -1080.315797 -313.949941
44.000000 2.004839 3.133228 -1095.548971 -325.690974
44.050000 1.996665 3.489153 -1073.092484 -306.373180
44.100000 2.004778 3.341929 -1082.900069 -313.065237
44.150000 2.004669 3.596276 -1063.861005 -294.068016
44.200000 1.999223 2.855429 -1111.437318 -343.735590
44.250000 2.015323 2.903698 -1095.320549 -321.436492
44.300000 1.974254 2.913545 -1098.867790 -340.754437
44.350000 2.025572 3.531394 -1063.573819 -285.754222
44.400000 2.022860 3.199069 -1087.095511 -310.317199
44.450000 2.005805 2.806784 -1121.709348 -351.480348
44.500000 1.993226 3.049041 -1107.993730 -342.594904
44.550000 1.997698 3.305737 -1091.602084 -324.485989
44.600000 2.010126 3.274265 -1096.128869 -324.240669
44.650000 1.978924 4.015852 -1041.154616 -281.247838
44.700000 1.985763 3.115227 -1107.174172 -344.641026
44.750000 2.001708 3.483101 -1070.875066 -302.219293
44.800000 1.990271 2.963432 -1099.256948 -334.992721
44.850000 1.999433 2.506735 -1131.818814 -364.036564
44.900000 1.980112 2.502576 -1131.285376 -370.922274
44.950000 2.002051 3.136159 -1087.018168 -318.230398
45.000000 1.999469 1.945673 -940.693442 -172.897466
45.050000 2.008659 1.468522 -986.718394 -215.393460
45.100000 1.995236 1.810797 -964.411327 -198.240519
45.150000 1.984699 2.222527 -932.078520 -169.954243
45.200000 2.013700 1.719464 -969.961754 -196.701061
45.250000 2.004757 1.796806 -954.536073 -184.709349
45.300000 1.998166 1.214401 -1003.625498 -236.329802
45.350000 2.001749 1.327186 -997.603030 -228.931249
45.400000 1.987358 1.927038 -953.450210 -190.304738
45.450000 2.004696 1.905492 -955.521600 -185.718359
45.500000 1.995184 1.800175 -958.501689 -192.351209
45.550000 1.995854 1.711078 -960.865041 -194.457267
45.600000 2.007989 1.633642 -963.382368 -192.314474
45.650000 2.011548 1.281962 -984.122085 -211.687671
45.700000 1.994794 1.533541 -957.350675 -191.349778
45.750000 1.993259 1.424508 -973.754524 -208.343185
45.800000 1.999645 1.755887 -957.289217 -189.425715
45.850000 2.001745 1.765054 -963.451830 -194.781768
45.900000 2.002993 1.476309 -985.521946 -216.372720
45.950000 1.964587 2.182390 -921.649778 -167.248520
46.000000 1.998512 1.608788 -969.925865 -202.497232
46.050000 2.020831 1.431479 -982.627191 -206.628002
46.100000 1.998852 1.656271 -969.189618 -201.630275
46.150000 1.996819 2.057239 -942.622117 -175.843607
46.200000 2.012562 1.714074 -968.230666 -195.406940
46.250000 2.025253 1.502283 -978.413386 -200.716425
46.300000 1.987930 1.575126 -968.418019 -205.053018
46.350000 2.001209 1.383041 -985.884072 -217.419722
46.400000 2.005700 1.239457 -994.856193 -224.667248
46.450000 1.998321 1.456040 -980.437341 -213.082000
46.500000 2.017771 1.858486 -954.138493 -179.314358
46.550000 1.999054 1.644738 -978.922270 -211.285555
46.600000 1.989831 1.765778 -973.325337 -209.230381
46.650000 2.007420 1.628026 -982.577232 -211.728034
46.700000 1.983106 2.146257 -927.568172 -166.055472
46.750000 2.008138 1.605103 -972.578793 -201.453734
46.800000 1.998650 1.660903 -960.561871 -193.080246
46.850000 2.009052 1.793347 -944.838432 -173.362619
46.900000 2.012046 1.384280 -979.056443 -206.430820
46.950000 2.009423 1.412133 -973.229147 -201.610599
47.000000 1.990303 1.312465 -984.024102 -219.747761
47.050000 2.000928 1.698420 -957.574867 -189.218500
47.100000 1.995142 2.169312 -922.154991 -156.020376
47.150000 2.004831 1.644004 -970.597838 -200.742574
47.200000 2.004720 1.935582 -945.125189 -175.312802
47.250000 2.003789 1.812113 -959.725838 -190.270973
47.300000 1.987186 1.909115 -955.801903 -192.722343
47.350000 2.011109 1.939835 -957.106606 -184.840662
47.400000 1.987909 1.818451 -963.740394 -200.383413
47.450000 1.999954 1.743000 -970.033807 -202.051661
47.500000 1.997514 2.306518 -924.749521 -157.704122
47.550000 2.016811 2.046135 -942.451993 -167.996387
47.600000 1.986531 1.368888 -992.867632 -230.039536
47.650000 2.002562 1.469565 -981.958668 -212.974881
47.700000 1.997805 1.382170 -987.075546 -219.918492
47.750000 1.983563 1.871643 -951.153038 -189.464785
47.800000 2.002963 1.922245 -955.686428 -186.548782
47.850000 2.004589 1.991386 -947.065076 -177.303011
47.900000 1.994286 2.199767 -919.798410 -153.992562
47.950000 1.999619 1.517227 -970.644029 -202.790256
48.000000 2.002957 1.580175 -963.412418 -194.277084
48.050000 1.989684 1.672000 -963.060526 -199.021869
48.100000 2.001068 1.915827 -950.102788 -181.692831
48.150000 1.998738 2.032929 -941.416078 -173.900652
48.200000 2.007549 2.028321 -942.914561 -172.015773
48.250000 2.002228 1.850939 -957.001884 -188.146305
48.300000 2.008054 1.991314 -949.901137 -178.808520
48.350000 1.993246 2.303603 -927.250044 -161.843678
48.400000 2.005582 1.945226 -959.795785 -189.652254
48.450000 2.016877 1.715237 -975.632895 -201.151962
48.500000 1.986610 1.969025 -945.025133 -182.167052
48.550000 1.995821 2.100184 -934.973060 -168.577690
48.600000 1.991109 1.759511 -972.269444 -207.683658
48.650000 2.005889 2.169827 -947.862994 -177.601689
48.700000 2.006394 2.272904 -943.945177 -173.489992
48.750000 1.994555 1.827394 -983.244397 -217.335424
48.800000 2.023132 2.071724 -958.998368 -182.115730
48.850000 1.985770 1.937966 -952.271064 -189.735254
48.900000 2.002943 1.398073 -986.558984 -217.428802
48.950000 2.001256 1.507727 -971.288679 -202.806532
49.000000 1.995651 1.440638 -976.018280 -209.688136
49.050000 1.998581 1.255876 -989.209716 -221.754692
49.100000 1.984863 1.927775 -934.274127 -172.086560
49.150000 2.017546 1.636385 -957.289265 -182.551751
49.200000 1.999192 1.478676 -966.875858 -199.185944
49.250000 2.007615 1.683862 -951.644330 -180.720131
49.300000 1.988555 1.439681 -974.424055 -210.819056
49.350000 1.983010 2.086316 -929.006531 -167.530853
49.400000 2.009384 2.023697 -938.717106 -167.113612
49.450000 2.009734 1.656065 -964.355438 -192.617535
49.500000 2.000834 1.491368 -971.006231 -202.686142
49.550000 1.984604 1.809712 -940.212640 -178.124590
49.600000 2.017136 1.592655 -964.447471 -189.867325
49.650000 1.991136 1.620456 -965.842319 -201.246208
49.700000 1.988353 2.161537 -922.159529 -158.632009
49.750000 2.001877 2.018797 -941.389371 -172.668622
49.800000 1.988490 1.785988 -963.672032 -200.092039
49.850000 2.003828 2.141530 -937.553835 -168.083963
49.900000 2.001422 2.468988 -911.206182 -142.660195
49.950000 2.009689 1.892547 -953.651588 -181.930925
50.000000 2.008498 1.290016 -992.859991 -221.596875
50.050000 1.975504 1.793236 -946.155175 -187.561454
50.100000 2.005906 1.620356 -967.594015 -197.326209
50.150000 1.985628 1.488178 -983.467177 -220.985972
50.200000 2.009324 2.118628 -936.808588 -165.228254
50.250000 1.984964 1.441944 -1003.463310 -241.236958
50.300000 1.997239 2.108083 -950.047954 -183.108050
50.350000 2.014602 1.701496 -976.012033 -202.404824
50.400000 1.975922 2.015645 -932.128586 -173.374402
50.450000 2.004187 1.678559 -963.089862 -193.481943
50.500000 2.004475 1.773909 -953.680824 -183.962418
50.550000 1.993160 1.669416 -959.867905 -194.494415
50.600000 2.003231 1.411122 -984.039663 -214.798874
50.650000 2.010884 1.519398 -968.204244 -196.024877
50.700000 2.011864 1.298721 -982.165625 -209.609919
50.750000 1.989345 1.515390 -968.235500 -204.326914
50.800000 2.002247 1.323556 -988.905583 -220.042710
50.850000 1.995156 1.695869 -957.119900 -190.979918
50.900000 1.999740 1.672238 -967.561703 -199.661471
50.950000 2.008390 1.858072 -956.140688 -184.918802
51.000000 1.983218 1.777404 -957.077088 -195.521291
51.050000 2.027264 1.474827 -975.382070 -196.912871
51.100000 1.979908 1.362859 -984.421375 -224.136694
51.150000 2.009597 1.572384 -973.406334 -201.721022
51.200000 2.006454 1.521498 -974.718037 -204.239802
51.250000 1.993776 1.422406 -985.626774 -220.016808
51.300000 2.010313 1.833740 -957.244146 -185.283909
51.350000 1.990659 1.646560 -969.830003 -205.416873
51.400000 1.995809 1.790344 -957.311662 -190.921192
51.450000 2.009358 1.879248 -950.706320 -179.112861
51.500000 1.990260 1.837011 -956.375623 -192.115672
51.550000 2.002582 1.960668 -950.592068 -181.600681
51.600000 1.988664 2.248775 -925.616869 -161.969834
51.650000 2.000503 2.039438 -943.283779 -175.090809
51.700000 1.998679 2.055405 -937.970432 -170.477744
51.750000 1.995812 1.788506 -950.858562 -184.466753
51.800000 2.002903 1.744626 -943.791946 -174.677217
51.850000 1.999691 1.377037 -976.086295 -208.205091
51.900000 1.984904 1.865285 -942.647229 -180.444140
51.950000 1.999306 1.705747 -961.179965 -193.446391
52.000000 2.000044 1.862437 -949.674350 -181.657628
52.050000 2.004923 1.631663 -970.445081 -200.554586
52.100000 2.001083 1.893204 -954.858161 -186.442195
52.150000 1.986342 2.174078 -936.059443 -173.303943
52.200000 2.008396 1.795936 -967.234322 -196.010449
52.250000 1.978597 1.762423 -969.217950 -209.436554
52.300000 2.030260 2.188823 -935.582565 -155.962755
52.350000 1.996398 1.725791 -971.194373 -204.577377
52.400000 2.010867 1.376529 -998.958150 -226.785361
52.450000 1.999589 1.323139 -1003.350290 -235.508055
52.500000 2.005532 0.938793 -809.567727 -39.443448
52.550000 2.000059 0.851331 -821.521216 -53.498513
52.600000 1.981430 1.218918 -794.033558 -33.164583
52.650000 2.003492 1.106220 -810.141130 -40.800051
52.700000 1.986893 0.937217 -826.128009 -63.161067
52.750000 2.000611 1.197337 -803.775634 -35.541052
52.800000 1.985255 1.475513 -778.135601 -15.797717
52.850000 2.007004 1.000551 -823.253380 -52.563668
52.900000 1.990673 1.079497 -811.188107 -46.769850
52.950000 2.006730 1.326626 -787.550873 -16.966543
53.000000 1.982673 1.193883 -800.424982 -39.078603
53.050000 2.000140 1.282725 -793.518286 -25.464417
53.100000 1.996624 1.353992 -791.733351 -25.029668
53.150000 2.003223 1.417370 -786.417569 -17.180075
53.200000 2.001155 1.236336 -795.573527 -27.129991
53.250000 2.002555 1.058258 -807.488282 -38.506978
53.300000 1.995754 1.424498 -765.744708 0.625015
53.350000 1.984393 0.974724 -810.157046 -48.150074
53.400000 2.010233 1.417691 -768.604439 3.324969
53.450000 1.989848 1.167865 -792.456832 -28.355237
53.500000 2.002005 1.121813 -795.363705 -26.593936
53.550000 2.008028 1.060801 -799.082228 -27.999536
53.600000 1.992358 1.027118 -798.041018 -32.975563
53.650000 1.997717 0.815921 -816.357853 -49.234615
53.700000 1.994934 1.048008 -791.649276 -25.594434
53.750000 1.996828 0.861485 -817.329479 -50.547653
53.800000 2.013030 0.914366 -813.727978 -40.724453
53.850000 1.999973 0.688306 -835.487886 -67.498387
53.900000 1.995636 1.058754 -800.246757 -33.922436
53.950000 1.985947 1.085015 -807.773474 -45.169986
54.000000 2.002557 1.389472 -780.886681 -11.904883
54.050000 2.005727 1.066478 -809.252659 -39.053313
54.100000 1.998258 1.005044 -809.056780 -41.725899
54.150000 1.996724 1.255014 -780.007554 -13.265519
54.200000 2.011286 0.797613 -827.634040 -55.300236
54.250000 2.003300 1.030893 -807.885095 -38.617898
54.300000 1.992997 1.127695 -800.400343 -35.089430
54.350000 1.998750 0.871464 -829.261295 -61.741105
54.400000 2.007552 0.925188 -824.678826 -53.778980
54.450000 1.996016 1.107014 -804.365799 -37.895825
54.500000 1.994765 1.194505 -792.611840 -26.622194
54.550000 2.005113 0.881311 -825.865367 -55.901954
54.600000 2.000537 1.202703 -798.114707 -29.908537
54.650000 2.007074 0.766980 -842.018386 -71.302113
54.700000 1.992638 0.889495 -829.774161 -64.601109
54.750000 1.999266 1.126205 -809.080337 -41.362280
54.800000 2.007724 0.813258 -841.190616 -70.224542
54.850000 1.992750 0.887481 -830.494200 -65.278338
54.900000 2.003468 0.905038 -826.494911 -57.163244
54.950000 1.987065 0.919530 -819.673219 -56.640340
55.000000 2.009111 1.175938 -788.089951 -16.591241
55.050000 1.987389 1.007687 -799.916211 -36.758899
55.100000 2.009508 0.962026 -805.777752 -34.126696
55.150000 1.989456 1.219584 -784.088520 -20.137288
55.200000 2.010371 1.251699 -786.871718 -14.889219
55.250000 1.991473 1.229837 -787.367289 -22.641491
55.300000 2.010343 0.887763 -815.635577 -43.664017
55.350000 1.998279 0.656833 -829.421208 -62.082263
55.400000 1.983614 0.867531 -803.127904 -41.420176
55.450000 2.003116 0.935088 -800.605222 -31.408601
55.500000 1.998814 1.104635 -790.997860 -23.453296
55.550000 1.999363 1.335024 -769.186492 -1.431198
55.600000 1.996727 1.199644 -779.367774 -12.624770
55.650000 2.006614 1.159902 -778.365343 -7.825549
55.700000 2.011487 1.397396 -749.382909 23.028279
55.750000 2.022472 0.859911 -802.529135 -25.899871
55.800000 1.991269 0.869223 -798.045490 -33.398385
55.850000 2.002303 1.078838 -780.933848 -12.049495
55.900000 1.992007 1.016553 -792.196128 -27.265470
55.950000 2.007755 0.939423 -803.723487 -32.745739
56.000000 1.993334 0.942748 -805.310753 -39.870444
56.050000 2.006463 0.891864 -812.795490 -42.313839
56.100000 2.002311 0.940511 -805.659893 -36.772418
56.150000 2.000233 1.101579 -787.518883 -19.429431
56.200000 1.991325 0.924695 -810.264090 -45.595138
56.250000 1.995526 1.312092 -774.213976 -7.932092
56.300000 2.009186 1.078025 -799.057748 -27.530204
56.350000 1.995103 0.894050 -819.226977 -53.107450
56.400000 1.993457 1.332466 -786.954002 -21.466415
56.450000 2.003004 1.567979 -770.078878 -0.925407
56.500000 1.999163 0.956236 -832.898521 -65.219760
56.550000 1.983725 1.195746 -807.973873 -46.223580
56.600000 2.011922 1.223111 -802.420343 -29.842370
56.650000 1.993499 1.247863 -793.305366 -27.801665
56.700000 2.000789 0.971588 -819.330660 -51.027780
56.750000 1.998056 1.117005 -804.874608 -37.620993
56.800000 2.000282 1.204591 -797.126746 -29.018592
56.850000 2.003397 1.017585 -818.149423 -48.844990
56.900000 1.988025 1.177216 -799.183729 -35.782104
56.950000 2.000098 0.949294 -822.166638 -54.129172
57.000000 1.999857 1.249546 -787.193968 -19.248932
57.050000 1.990139 1.118051 -798.107858 -33.894363
57.100000 2.004667 1.091039 -796.066007 -26.273874
57.150000 1.999894 0.818726 -821.976238 -54.016849
57.200000 2.000275 1.144783 -794.100016 -25.994527
57.250000 2.001094 1.185262 -797.302783 -28.882779
57.300000 2.003071 1.150163 -803.332530 -34.153224
57.350000 1.993425 1.377952 -777.924308 -12.448953
57.400000 2.017882 1.189891 -790.359823 -15.493212
57.450000 1.981036 1.033055 -800.893194 -40.175503
57.500000 1.991804 1.301556 -774.779571 -9.926992
57.550000 2.017442 0.954246 -806.637131 -31.939279
57.600000 1.994280 0.939753 -802.973621 -37.170234
57.650000 1.985354 0.908204 -813.010698 -50.634719
57.700000 1.998837 0.966162 -823.035441 -55.481903
57.750000 2.018488 1.036544 -828.458716 -53.359351
57.800000 1.997088 1.018816 -831.670608 -64.788805
57.850000 2.011330 1.196527 -818.587155 -46.236340
57.900000 1.986161 1.434720 -796.910008 -34.224044
57.950000 1.996300 1.191107 -826.562593 -59.983328
58.000000 2.011710 1.463211 -797.846491 -25.349768
58.050000 2.002659 1.125625 -825.762079 -56.741055
58.100000 1.980323 1.254185 -806.457453 -46.013549
58.150000 2.002222 0.948265 -834.193970 -65.340637
58.200000 2.013944 0.919688 -832.948029 -59.593693
58.250000 1.989993 1.032313 -822.019085 -57.861758
58.300000 1.997264 1.129538 -814.020354 -47.070862
58.350000 2.003340 1.034117 -818.793741 -49.511070
58.400000 1.986586 1.071665 -807.565301 -44.716356
58.450000 1.989476 1.102301 -803.397265 -39.438513
58.500000 2.000073 1.145192 -801.713313 -33.685306
58.550000 1.996526 0.992011 -818.743604 -52.077771
58.600000 2.005998 0.940106 -820.819283 -50.515919
58.650000 1.979745 1.096487 -800.399638 -40.177372
58.700000 2.011947 0.977881 -814.844069 -42.256300
58.750000 1.988099 0.978189 -813.624508 -50.194680
58.800000 1.994758 0.955692 -820.023109 -54.036127
58.850000 1.995387 1.127249 -802.731152 -36.502569
58.900000 1.995137 1.222211 -794.900003 -28.767583
58.950000 2.012521 1.143478 -804.157618 -31.349447
59.000000 1.994567 1.197581 -795.393544 -29.479853
59.050000 2.007242 1.118793 -800.817986 -30.037033
59.100000 2.006409 1.454926 -766.732795 3.728328
59.150000 2.009356 0.915743 -821.750672 -50.157795
59.200000 2.005652 1.008346 -813.883000 -43.712559
59.250000 1.990947 1.235267 -797.429544 -32.905877
59.300000 2.015253 1.528029 -771.630204 2.226905
59.350000 2.018359 1.054071 -813.927085 -38.877200
59.400000 1.982768 0.953876 -820.791042 -59.408103
59.450000 2.002305 1.260563 -792.922657 -24.037724
59.500000 2.020129 0.876837 -829.456921 -53.727401
59.550000 1.997331 0.806606 -823.496974 -56.521900
59.600000 1.997218 0.769154 -827.759213 -60.827349
59.650000 1.988570 0.994641 -812.178739 -48.568027
59.700000 2.003040 1.296726 -787.525895 -18.358447
59.750000 2.002678 1.279379 -781.076972 -12.048694
59.800000 2.003135 0.890722 -808.870829 -39.666805
59.850000 2.001001 0.850043 -815.289295 -46.904938
59.900000 2.001141 1.085587 -794.188109 -25.749801
59.950000 1.986534 1.031191 -797.035832 -34.206958
60.000000 1.989061 0.682471 -658.254763 105.544675
60.050000 2.010682 0.556891 -675.648784 96.453140
60.100000 2.004557 0.463299 -688.166221 81.583749
60.150000 1.984690 0.844057 -644.759691 117.361394
60.200000 2.005456 0.481658 -693.871007 76.224018
60.250000 1.998489 0.761910 -656.031939 111.387830
60.300000 2.005552 0.577792 -680.554200 89.577799
60.350000 1.994834 0.707183 -667.137569 98.878741
60.400000 1.990987 0.904896 -642.279977 122.259015
60.450000 2.015355 0.908201 -637.692165 136.204140
60.500000 1.996423 0.654289 -663.486704 103.139690
60.550000 2.003124 0.519298 -681.720988 87.478492
60.600000 1.999374 0.589498 -681.699570 86.060064
60.650000 1.986197 0.954509 -644.227768 118.472037
60.700000 1.999904 0.879354 -663.081575 104.881462
60.750000 2.000679 0.975753 -649.775098 118.485820
60.800000 2.009580 0.727944 -673.816308 97.862516
60.850000 1.994120 0.733676 -670.380636 95.361394
60.900000 2.006221 0.661316 -676.930315 93.458492
60.950000 2.008384 0.629331 -679.683559 91.535849
61.000000 1.983369 0.826736 -658.972795 102.640817
61.050000 2.009376 0.805808 -663.361164 108.239339
61.100000 1.992995 0.706601 -665.290420 100.019589
61.150000 2.004225 0.603504 -670.322367 99.299912
61.200000 2.005419 0.707105 -644.633652 125.447208
61.250000 1.997021 0.397375 -674.895649 91.960322
61.300000 1.992302 0.700424 -634.613127 130.430773
61.350000 1.997263 0.791896 -630.308460 136.640369
61.400000 1.998612 0.719254 -639.877259 127.589769
61.450000 1.994056 0.811606 -621.885627 143.831856
61.500000 2.005927 0.761933 -623.137026 147.138947
61.550000 2.000108 0.701031 -625.530756 142.510536
61.600000 2.008983 0.654504 -623.303761 148.145574
61.650000 1.992168 0.561528 -631.720522 133.271891
61.700000 2.010629 0.337353 -663.055006 109.026460
61.750000 2.000705 0.439411 -654.452620 113.818086
61.800000 2.010959 0.458297 -660.281402 111.926902
61.850000 1.995955 0.501906 -663.317472 103.129125
61.900000 2.002361 0.755873 -639.690775 129.215865
61.950000 2.005891 0.542008 -668.216717 102.045352
62.000000 1.996547 0.606564 -658.145458 108.528661
62.050000 1.990827 0.698902 -646.991452 117.485986
62.100000 2.008446 0.729291 -638.505772 132.737653
62.150000 1.996629 0.601613 -645.453113 121.252568
62.200000 1.999718 0.594875 -642.651098 125.240462
62.250000 1.997049 0.521599 -653.230238 113.636575
62.300000 2.002598 0.642895 -642.388380 126.609412
62.350000 1.991184 0.719058 -636.863591 127.751072
62.400000 1.999628 0.860887 -622.690883 145.166278
62.450000 2.004943 0.648886 -653.242369 116.655856
62.500000 1.990361 0.935223 -618.850674 145.448005
62.550000 2.000718 0.854828 -627.764652 140.510889
62.600000 2.014103 0.788787 -626.765786 146.649753
62.650000 1.987798 0.712566 -632.450933 130.863518
62.700000 2.003335 0.790998 -631.071274 138.209217
62.750000 1.994599 0.864962 -624.763036 141.163120
62.800000 2.005520 0.608810 -658.209244 111.910273
62.850000 2.004143 0.614059 -652.681446 116.909648
62.900000 2.001469 0.660810 -645.772245 122.791981
62.950000 1.995955 0.684549 -649.799195 116.647501
63.000000 2.006461 0.850351 -634.551903 135.928984
63.050000 1.999820 0.611133 -662.603394 105.327338
63.100000 1.994615 0.766884 -640.934890 124.997297
63.150000 1.998421 0.582884 -664.991416 102.402348
63.200000 1.993204 0.938157 -622.728637 142.661746
63.250000 2.019818 0.716376 -652.359607 123.250400
63.300000 1.991756 0.731015 -644.148303 120.686072
63.350000 1.989521 0.716469 -647.699063 116.276919
63.400000 2.009347 0.659954 -652.052094 119.537028
63.450000 1.997006 0.477819 -673.800347 93.049928
63.500000 1.995983 0.590059 -667.942255 98.515243
63.550000 2.003037 0.679078 -659.285374 109.880832
63.600000 2.001762 0.568843 -666.985650 101.690866
63.650000 2.003484 0.347018 -687.137466 82.200496
63.700000 1.984786 0.526813 -662.914507 99.243224
63.750000 2.000811 0.679667 -644.436663 123.874574
63.800000 2.002775 0.729545 -639.999288 129.066196
63.850000 1.999322 0.778047 -637.019223 130.720606
63.900000 2.016183 0.569242 -666.582110 107.632170
63.950000 1.989396 0.790301 -638.314255 125.613934
64.000000 1.977160 1.082253 -605.514622 153.714686
64.050000 2.002792 0.662505 -658.989486 110.082677
64.100000 2.012812 0.699233 -645.700452 127.219336
64.150000 1.999366 0.607310 -653.306939 114.449452
64.200000 2.002665 0.648687 -650.005007 119.018445
64.250000 1.996951 0.594754 -656.100553 110.728674
64.300000 2.009168 0.664042 -644.896624 126.623824
64.350000 2.003036 0.438970 -679.683051 89.482862
64.400000 1.987346 0.840366 -640.890617 122.250261
64.450000 2.006969 0.701415 -662.867452 107.808453
64.500000 2.009604 0.598079 -666.637446 105.050503
64.550000 1.991285 0.529775 -670.281221 94.372393
64.600000 2.004120 0.655723 -653.523224 116.058726
64.650000 1.999061 0.548339 -664.811264 102.827991
64.700000 2.004269 0.606488 -656.425449 113.213982
64.750000 1.993062 0.349337 -686.555150 78.780641
64.800000 2.005117 0.466387 -672.422350 97.542403
64.850000 1.995310 0.519181 -667.583446 98.615517
64.900000 1.990357 0.623584 -656.859458 107.437556
64.950000 2.010115 0.684022 -653.511448 118.372820
65.000000 1.999680 0.729357 -648.901297 118.975942
65.050000 2.002344 0.743870 -650.506179 118.393828
65.100000 2.001565 0.883060 -633.253141 135.347917
65.150000 2.012123 0.518917 -673.391720 99.263500
65.200000 1.983276 0.673521 -647.656437 113.921517
65.250000 2.008234 0.759292 -636.226587 134.935369
65.300000 2.001210 0.385564 -679.104652 89.359913
65.350000 1.992629 0.645932 -648.976477 116.193067
65.400000 1.984553 0.788633 -634.970236 127.098249
65.450000 2.006450 0.873227 -623.163078 147.313598
65.500000 1.992961 0.569167 -655.341072 109.955987
65.550000 2.005958 0.567043 -650.174569 120.113259
65.600000 1.997485 0.506293 -656.455874 110.578196
65.650000 1.993130 0.596890 -655.730022 109.632013
65.700000 2.012304 0.768040 -645.324596 127.400023
65.750000 2.003099 0.584989 -669.727977 99.461873
65.800000 1.999683 0.554477 -676.850112 91.028026
65.850000 1.992755 0.904698 -641.738335 123.479578
65.900000 1.996835 0.968213 -637.777409 129.007111
65.950000 2.003838 0.736335 -660.186241 109.287672
66.000000 1.998850 0.577913 -675.254384 92.303856
66.050000 1.987030 0.990091 -625.144141 137.875569
66.100000 2.011258 0.989476 -620.458588 151.864545
66.150000 2.004722 0.508841 -668.578842 101.234234
66.200000 1.998994 0.521975 -660.456409 107.157222
66.250000 1.999447 0.590098 -652.191641 115.596136
66.300000 2.006474 0.612326 -651.037569 119.448412
66.350000 1.995240 0.797709 -625.276375 140.895857
66.400000 2.003535 0.507796 -653.469458 115.888105
66.450000 2.003675 0.460076 -648.783129 120.628138
66.500000 2.007945 0.314604 -663.139657 107.911317
66.550000 1.991970 0.327348 -666.161757 98.754646
66.600000 1.985991 0.827843 -613.112388 149.508148
66.650000 2.008109 0.804042 -616.578653 154.535040
66.700000 2.010563 0.474056 -652.716208 119.340050
66.750000 1.992198 0.606529 -633.580253 131.423910
66.800000 2.002860 0.583626 -640.085428 129.012658
66.850000 1.995068 0.746857 -623.225992 142.880012
66.900000 2.003510 0.493307 -658.994446 110.353420
66.950000 1.988731 0.537004 -648.972268 114.700279
67.000000 1.989975 0.543568 -655.193399 108.956853
67.050000 2.004307 0.788629 -635.315146 134.338894
67.100000 1.994556 0.954940 -622.815789 143.093895
67.150000 2.000923 0.851470 -633.737562 134.617018
67.200000 2.006125 0.597461 -661.102598 109.249219
67.250000 1.996870 0.724684 -647.961793 118.836366
67.300000 1.999118 0.896984 -636.106981 131.554400
67.350000 2.011901 0.804996 -654.165577 118.404374
67.400000 1.985894 0.992347 -631.365038 131.218164
67.450000 2.012078 0.816535 -653.206042 119.431981
