# t Temp Pres Epot Etot
0.000000 1.987937 30.210899 -1345.367073 -581.999179
0.050000 1.994581 30.198806 -1344.434230 -578.515050
0.100000 2.019288 29.649002 -1369.880714 -594.474295
0.150000 1.994580 28.771410 -1410.423689 -644.504986
0.200000 2.021252 29.035067 -1397.832855 -621.672208
0.250000 2.006571 28.443886 -1423.352183 -652.828768
0.300000 1.970569 28.577185 -1414.140982 -657.442438
0.350000 1.959179 29.152380 -1387.880208 -635.555481
0.400000 1.993885 28.772061 -1404.417345 -638.765489
0.450000 2.001728 28.432148 -1423.392110 -654.728728
0.500000 1.983756 30.431169 -1332.305538 -570.543363
0.550000 2.030300 30.407180 -1338.788315 -559.153076
0.600000 2.007595 28.817945 -1406.532458 -635.615956
0.650000 1.999289 27.787369 -1453.883733 -686.156947
0.700000 2.003034 28.740491 -1410.467846 -641.302971
0.750000 1.983722 29.177320 -1390.990106 -629.240793
0.800000 2.038338 28.781555 -1411.879562 -629.157771
0.850000 2.002540 28.554621 -1415.020602 -646.045387
0.900000 1.999836 28.446432 -1421.979761 -654.042879
0.950000 1.953600 30.071703 -1346.370384 -596.188037
1.000000 2.030741 30.405882 -1338.568524 -558.763957
1.050000 1.999821 28.284025 -1433.543340 -665.611942
1.100000 1.992564 29.037166 -1397.146371 -632.001910
1.150000 2.006299 27.938468 -1446.315482 -675.896619
1.200000 2.006066 27.614615 -1461.091654 -690.762224
1.250000 2.016230 29.437760 -1380.089617 -605.857164
1.300000 1.977609 28.268085 -1431.341651 -671.939640
1.350000 1.988318 29.547593 -1376.463245 -612.949317
1.400000 1.991662 30.415291 -1336.100436 -571.302076
1.450000 2.062271 28.753138 -1413.626341 -621.714219
1.500000 1.983169 28.136806 -1435.910170 -674.373354
1.550000 2.011422 28.244063 -1433.821825 -661.435868
1.600000 1.968123 29.378560 -1379.664528 -623.905333
1.650000 2.030666 29.495804 -1377.968086 -598.192382
1.700000 2.001919 28.131344 -1436.554518 -667.817500
1.750000 2.018299 27.790768 -1455.443792 -680.417166
1.800000 1.978096 29.836924 -1360.524147 -600.935105
1.850000 2.003446 30.830605 -1313.443400 -544.120046
1.900000 2.026702 28.296783 -1431.658111 -653.404462
1.950000 1.998923 27.490697 -1465.468468 -697.882069
2.000000 1.989380 29.406606 -1380.901190 -616.979410
2.050000 2.013553 28.668725 -1413.058711 -639.854186
2.100000 1.956999 29.640610 -1368.173324 -616.685882
2.150000 2.006105 29.716481 -1365.389883 -595.045624
2.200000 1.999188 28.362231 -1426.105752 -658.417728
2.250000 2.048186 28.231882 -1432.234613 -645.731227
2.300000 1.943920 29.153942 -1389.415449 -642.950279
2.350000 2.004191 28.597631 -1416.416999 -646.807522
2.400000 1.983749 28.786230 -1407.923677 -646.164079
2.450000 2.033475 28.769275 -1411.990550 -631.135978
2.500000 1.965937 28.822249 -1406.029331 -651.109587
2.550000 1.988463 29.886209 -1356.256653 -592.686685
2.600000 2.021627 29.606716 -1370.549384 -594.244785
2.650000 2.012543 28.257532 -1433.389955 -660.573289
2.700000 1.997078 27.738874 -1455.472191 -688.594090
2.750000 1.952207 29.159374 -1391.008981 -641.361390
2.800000 2.018577 29.652442 -1374.187946 -599.054356
2.850000 2.007333 28.332519 -1432.047819 -661.231804
2.900000 2.005445 28.797126 -1409.206621 -639.115633
2.950000 2.006978 29.010727 -1399.022998 -628.343575
3.000000 2.015862 29.955574 -1360.048377 -585.957331
3.050000 2.055437 27.621297 -1462.490612 -673.202852
3.100000 1.969375 28.177741 -1433.312268 -677.072379
3.150000 2.019352 29.324507 -1386.305982 -610.874713
3.200000 2.027231 28.636859 -1419.340382 -640.883538
3.250000 2.020112 27.579664 -1466.000114 -690.277253
3.300000 1.988454 28.946762 -1402.828453 -639.262026
3.350000 2.019601 29.544451 -1376.439366 -600.912739
3.400000 2.003914 28.453797 -1424.284129 -654.781098
3.450000 1.989620 30.565835 -1324.865926 -560.852025
3.500000 2.004165 29.310802 -1384.104318 -614.505072
3.550000 2.008736 27.520556 -1464.262503 -692.907991
3.600000 1.988854 28.397722 -1425.873621 -662.153678
3.650000 1.990531 28.807835 -1406.729459 -642.365667
3.700000 2.004915 29.809548 -1365.069279 -595.181976
3.750000 2.038565 27.949629 -1448.514697 -665.705792
3.800000 1.975023 29.422416 -1378.654563 -620.245851
3.850000 2.010144 29.294488 -1386.497660 -614.602479
3.900000 2.024203 28.189866 -1438.174641 -660.880841
3.950000 2.009044 28.369347 -1425.446583 -653.973791
4.000000 1.988232 28.769157 -1408.899344 -645.418233
4.050000 2.019143 28.419038 -1427.646807 -652.295872
4.100000 1.999630 27.661355 -1459.892818 -692.035041
4.150000 1.999173 29.232840 -1387.738803 -620.056303
4.200000 2.008623 29.329931 -1383.370298 -612.059097
4.250000 2.011943 29.399627 -1381.508306 -608.922335
4.300000 2.025646 30.071744 -1350.038415 -572.190404
4.350000 2.027368 28.125759 -1437.229544 -658.720064
4.400000 2.004847 28.348353 -1427.664550 -657.803243
4.450000 1.986521 29.279280 -1385.283223 -622.459059
4.500000 2.001112 29.013644 -1396.877737 -628.450882
4.550000 1.988255 28.335870 -1427.999801 -664.509736
4.600000 1.989929 28.946317 -1400.273750 -636.141074
4.650000 2.021319 29.642410 -1369.957366 -593.770749
4.700000 1.965737 28.761891 -1410.802649 -655.959490
4.750000 1.993592 28.558801 -1418.616605 -653.077128
4.800000 2.018788 29.009317 -1400.765357 -625.550709
4.850000 1.991631 28.125212 -1437.872644 -673.086155
4.900000 2.006822 28.681464 -1416.100155 -645.480619
4.950000 1.983282 28.965302 -1403.849799 -642.269331
5.000000 2.021084 29.082878 -1396.111121 -620.014679
5.050000 2.035211 27.395629 -1474.400073 -692.878902
5.100000 1.994531 27.544226 -1465.354358 -699.454375
5.150000 1.978828 31.028640 -1305.191746 -545.321781
5.200000 2.036655 29.782601 -1362.436853 -580.361523
5.250000 1.991659 28.420176 -1424.480165 -659.683134
5.300000 2.022713 28.919656 -1401.190436 -624.468833
5.350000 1.983706 27.961245 -1444.614810 -682.871747
5.400000 1.985676 28.273767 -1432.121477 -669.621846
5.450000 2.004915 29.413406 -1380.626499 -610.739030
5.500000 2.037562 28.687079 -1415.640958 -633.217168
5.550000 1.996546 27.955061 -1444.517783 -677.844116
5.600000 1.996204 28.091873 -1439.741713 -673.199546
5.650000 1.960885 30.480530 -1330.844380 -577.864645
5.700000 2.032660 28.410067 -1426.194034 -645.652751
5.750000 2.044828 28.687535 -1416.409061 -631.195048
5.800000 1.951901 27.627711 -1457.081579 -707.551639
5.850000 1.993990 29.299496 -1385.133327 -619.441291
5.900000 2.005296 29.838269 -1362.485913 -592.452219
5.950000 2.007246 27.309089 -1474.651092 -703.868597
6.000000 2.024267 28.473319 -1423.623888 -646.305501
6.050000 1.975101 29.244718 -1384.880912 -626.442044
6.100000 2.018336 28.494924 -1424.730176 -649.689158
6.150000 2.024363 28.127212 -1441.811307 -664.455847
6.200000 1.990791 28.428619 -1423.003188 -658.539425
6.250000 2.031136 29.423004 -1380.676591 -600.720457
6.300000 1.990878 28.925974 -1402.004367 -637.507142
6.350000 2.028857 28.844181 -1406.490532 -627.409366
6.400000 1.978951 28.673529 -1409.240296 -649.323060
6.450000 1.978591 29.626335 -1370.712824 -610.933744
6.500000 2.029551 28.863418 -1403.571879 -624.224388
6.550000 2.032519 27.735690 -1456.752083 -676.264906
6.600000 1.978368 30.004648 -1351.461134 -591.767739
6.650000 1.968199 29.208508 -1388.727387 -632.938961
6.700000 2.013996 29.267391 -1386.187698 -612.813135
6.750000 1.987695 29.035937 -1396.366083 -633.091348
6.800000 2.001432 28.619628 -1417.166423 -648.616375
6.850000 2.016334 28.178209 -1434.021116 -659.748904
6.900000 1.973164 28.487564 -1421.889493 -664.194664
6.950000 2.017155 28.908392 -1402.197558 -627.610000
7.000000 2.000027 29.459662 -1376.357462 -608.347099
7.050000 2.008667 29.585070 -1375.279426 -603.951436
7.100000 2.008056 28.678596 -1414.462074 -643.368578
7.150000 2.032361 27.317947 -1476.288098 -695.861364
7.200000 2.004309 28.370541 -1428.109725 -658.454922
7.250000 2.027321 28.372143 -1427.644462 -649.153044
7.300000 1.987101 29.801631 -1357.461570 -594.414799
7.350000 1.968773 29.192527 -1389.512149 -633.503146
7.400000 2.033291 28.507727 -1424.662001 -643.878307
7.450000 1.985263 29.027776 -1398.450668 -636.109800
7.500000 1.989071 17.934478 -1507.882328 -744.078924
7.550000 2.002916 16.857124 -1557.187756 -788.067851
7.600000 1.985998 17.724977 -1517.719323 -755.096142
7.650000 2.019748 17.655930 -1526.913958 -751.330748
7.700000 2.013015 17.454282 -1532.129211 -759.131420
7.750000 2.007008 17.671169 -1523.896123 -753.205077
7.800000 1.999809 17.513336 -1528.027847 -760.101255
7.850000 2.017016 17.136507 -1548.516811 -773.982667
7.900000 1.992316 17.011279 -1554.509949 -789.460480
7.950000 2.009896 18.873035 -1461.708793 -689.908625
8.000000 1.989981 17.785207 -1512.058957 -747.906436
8.050000 2.008088 18.299600 -1493.952370 -722.846400
8.100000 2.023721 18.082416 -1505.104405 -727.995697
8.150000 2.034952 17.128705 -1548.961788 -767.540183
8.200000 2.045918 16.266052 -1589.623878 -803.991216
8.250000 1.962810 17.415365 -1529.739323 -776.020173
8.300000 2.018401 18.091102 -1500.805696 -725.739872
8.350000 1.995106 17.762083 -1514.286197 -748.165622
8.400000 1.989229 17.823691 -1513.312922 -749.449049
8.450000 2.015126 17.854812 -1516.691974 -742.883715
8.500000 1.993279 17.436606 -1535.245872 -769.826601
8.550000 2.013080 17.182231 -1547.247746 -774.225184
8.600000 1.982826 18.462993 -1481.325009 -719.919648
8.650000 2.033631 18.261385 -1495.163953 -714.249489
8.700000 1.979033 17.997039 -1501.939780 -741.991060
8.750000 2.005827 16.607965 -1572.393891 -802.156400
8.800000 1.972231 16.125054 -1593.718597 -836.382042
8.850000 2.019304 18.787143 -1467.835806 -692.422927
8.900000 1.986881 18.421952 -1488.489493 -725.527051
8.950000 2.045201 17.095582 -1553.949830 -768.592547
9.000000 1.990645 16.924216 -1553.627438 -789.219610
9.050000 1.977052 16.691456 -1567.512993 -808.325036
9.100000 2.003933 17.943057 -1508.601901 -739.091485
9.150000 2.013898 17.587412 -1523.563305 -750.226522
9.200000 2.015168 17.678107 -1517.976145 -744.151667
9.250000 1.976967 17.979458 -1506.306138 -747.150814
9.300000 2.029341 17.149603 -1545.115389 -765.848318
9.350000 1.980686 18.139091 -1498.494543 -737.910947
9.400000 2.002200 16.398991 -1581.015779 -812.171032
9.450000 1.988716 18.398145 -1487.169942 -723.502923
9.500000 2.016662 17.481379 -1534.919884 -760.521625
9.550000 2.023580 17.510528 -1531.967222 -754.912320
9.600000 1.997179 18.362151 -1489.723456 -722.806807
9.650000 1.992298 16.898291 -1556.231053 -791.188482
9.700000 2.012360 17.284395 -1537.414182 -764.667897
9.750000 1.998777 17.791210 -1515.478614 -747.948406
9.800000 1.986997 16.776583 -1560.212686 -797.205819
9.850000 1.979307 17.946346 -1504.226722 -744.172651
9.900000 1.993523 18.607891 -1471.857393 -706.344591
9.950000 2.023123 17.377419 -1533.628894 -756.749707
10.000000 1.997352 18.833572 -1463.165725 -696.182566
10.050000 2.048421 17.175780 -1546.848817 -760.255248
10.100000 1.979520 16.745558 -1564.785708 -804.649961
10.150000 1.992853 16.985940 -1553.721064 -788.465527
10.200000 2.006530 17.869393 -1515.903355 -745.395724
10.250000 2.011640 18.986725 -1462.076833 -689.607098
10.300000 2.004228 17.778725 -1520.144916 -750.521383
10.350000 1.986445 18.228358 -1493.012652 -730.217900
10.400000 1.993626 16.741995 -1564.938439 -799.385938
10.450000 2.005615 18.219819 -1497.103990 -726.947972
10.500000 2.014234 18.436218 -1483.328496 -709.862593
10.550000 1.992252 17.559127 -1526.551081 -761.526311
10.600000 2.031170 16.859202 -1559.735887 -779.766726
10.650000 1.988840 17.061630 -1546.415742 -782.701367
10.700000 1.982418 17.981566 -1508.330400 -747.081978
10.750000 2.015628 18.117188 -1502.487295 -728.486089
10.800000 1.977954 18.733541 -1465.962021 -706.427656
10.850000 2.005126 18.350362 -1490.604051 -720.635616
10.900000 2.017172 16.273554 -1590.427097 -815.833195
10.950000 2.003650 18.668822 -1472.511159 -703.109434
11.000000 1.998682 17.237817 -1539.017634 -771.523658
11.050000 1.968448 17.996465 -1505.565723 -749.681507
11.100000 2.025089 16.679547 -1570.343405 -792.709086
11.150000 2.030895 17.418623 -1530.255179 -750.391379
11.200000 1.986200 17.054645 -1551.519446 -788.818503
11.250000 2.007467 17.878898 -1514.696341 -743.828884
11.300000 1.961634 17.659999 -1519.947854 -766.680370
11.350000 1.996809 19.562230 -1431.553217 -664.778595
11.400000 2.035728 17.123688 -1548.941615 -767.222164
11.450000 1.993229 18.681054 -1468.331696 -702.931846
11.500000 2.009320 17.380619 -1535.041919 -763.462904
11.550000 2.019781 17.527740 -1528.966214 -753.370278
11.600000 1.957323 19.192097 -1443.842707 -692.230547
11.650000 2.026085 18.104987 -1504.139052 -726.122600
11.700000 1.995184 17.583795 -1524.084085 -757.933575
11.750000 1.998273 17.609394 -1527.236952 -759.900225
11.800000 2.018521 17.265915 -1542.660807 -767.548551
11.850000 1.991145 15.434592 -1627.437255 -862.837433
11.900000 2.002400 17.617531 -1523.424380 -754.502762
11.950000 2.022382 18.627928 -1476.742517 -700.147759
12.000000 1.980980 17.505830 -1529.892839 -769.196699
12.050000 2.022467 17.382462 -1540.878179 -764.250753
12.100000 2.007873 17.766913 -1522.848935 -751.825763
12.150000 2.024024 16.956430 -1560.565048 -783.339980
12.200000 1.971298 17.983660 -1505.612704 -748.634140
12.250000 1.987112 18.553134 -1481.967315 -718.916393
12.300000 1.995130 19.237281 -1447.027402 -680.897386
12.350000 2.000993 17.545717 -1528.600671 -760.219477
12.400000 2.021131 16.755255 -1567.548690 -791.434425
12.450000 1.973788 16.892549 -1559.886702 -801.952026
12.500000 1.998207 17.512353 -1525.048038 -757.736581
12.550000 1.979419 18.056840 -1500.899229 -740.802324
12.600000 2.010017 17.580006 -1530.706758 -758.860388
12.650000 2.031470 17.473006 -1534.720151 -754.635704
12.700000 2.012409 17.028329 -1553.222418 -780.457257
12.750000 1.982861 17.542901 -1526.352262 -764.933518
12.800000 1.967316 18.213921 -1493.270172 -737.820653
12.850000 2.023583 17.434660 -1533.176339 -756.120348
12.900000 1.972879 17.716688 -1520.181694 -762.596106
12.950000 2.009292 18.542206 -1481.592477 -710.024483
13.000000 2.023448 18.777271 -1469.760361 -692.756180
13.050000 2.029148 17.983994 -1504.690368 -725.497431
13.100000 1.980450 16.515868 -1572.206411 -811.713703
13.150000 2.006197 16.836905 -1560.640981 -790.261479
13.200000 2.002873 17.010641 -1549.821270 -780.718068
13.250000 1.983171 17.859485 -1509.872429 -748.334812
13.300000 2.009909 17.605940 -1525.775696 -753.970521
13.350000 1.978087 17.627473 -1520.580296 -760.995049
13.400000 2.018581 17.029682 -1550.429140 -775.294013
13.450000 2.006333 16.802260 -1562.697351 -792.265431
13.500000 1.986035 16.816853 -1560.420358 -797.782824
13.550000 1.970284 18.673179 -1469.028763 -712.439771
13.600000 2.020629 19.238933 -1450.722114 -674.800687
13.650000 2.007504 16.633011 -1568.555308 -797.673752
13.700000 2.001865 16.373218 -1578.991276 -810.275257
13.750000 2.010146 17.210028 -1538.355357 -766.459463
13.800000 1.984272 18.882453 -1463.393929 -701.433414
13.850000 2.022198 18.984604 -1460.312461 -683.788303
13.900000 1.967167 18.228812 -1494.789837 -739.397596
13.950000 2.025649 18.112136 -1503.850381 -726.001208
14.000000 2.003917 15.891749 -1605.861912 -836.357871
14.050000 1.961690 17.449944 -1530.060812 -776.771807
14.100000 2.007426 17.745686 -1517.950625 -747.099074
14.150000 1.962412 17.968349 -1505.046061 -751.479697
14.200000 2.052724 17.956544 -1511.103734 -722.857572
14.250000 2.016955 17.343974 -1539.886933 -765.376171
14.300000 2.005906 17.331859 -1537.399278 -767.131467
14.350000 1.973220 17.695295 -1516.560899 -758.844334
14.400000 2.002346 19.030658 -1453.646794 -684.745760
14.450000 1.991328 18.174546 -1495.670897 -731.001039
14.500000 2.017777 18.723061 -1470.301165 -695.474978
14.550000 2.004611 15.962803 -1602.388750 -832.618189
14.600000 1.961117 16.814680 -1557.610716 -804.541610
14.650000 1.979519 17.795090 -1518.055956 -757.920637
14.700000 1.987510 18.499064 -1484.433241 -721.229353
14.750000 2.031697 17.817877 -1515.747645 -735.576168
14.800000 1.956373 18.478748 -1482.370178 -731.123112
14.850000 1.994254 18.472135 -1483.223934 -717.430210
14.900000 2.000422 18.374068 -1487.757298 -719.595147
14.950000 1.984825 17.498952 -1529.720050 -767.547207
15.000000 1.964187 12.650242 -1414.719212 -660.471318
15.050000 2.026586 12.576793 -1427.219540 -649.010417
15.100000 2.005788 13.021184 -1400.889865 -630.667404
15.150000 1.984870 13.722716 -1364.956696 -602.766561
15.200000 1.979893 13.587792 -1378.956993 -618.678162
15.250000 2.016495 14.281314 -1341.342657 -567.008477
15.300000 1.997218 13.471115 -1377.619729 -610.687948
15.350000 2.003567 13.550320 -1378.073393 -608.703663
15.400000 2.024693 13.355354 -1386.675082 -609.192868
15.450000 1.966137 13.430107 -1379.277509 -624.280820
15.500000 1.968715 13.674550 -1365.913110 -609.926408
15.550000 2.008692 13.948606 -1353.360579 -582.022898
15.600000 2.025180 14.649676 -1314.794265 -537.125087
15.650000 1.963137 15.048694 -1293.944419 -540.099965
15.700000 2.007200 15.852524 -1256.038913 -485.274243
15.750000 1.985020 15.498436 -1274.048892 -511.801096
15.800000 1.984896 15.121001 -1294.654929 -532.454928
15.850000 2.007127 14.358476 -1328.939714 -558.203032
15.900000 1.997361 13.680113 -1369.467951 -602.481384
15.950000 2.012888 15.380151 -1280.666741 -507.717632
16.000000 1.995512 15.326026 -1279.385181 -513.108548
16.050000 2.006388 14.783200 -1309.276768 -538.823810
16.100000 1.996524 14.846341 -1312.166699 -545.501665
16.150000 1.997334 15.783468 -1256.524324 -489.547903
16.200000 1.975262 14.153302 -1335.091598 -576.590829
16.250000 2.000775 15.483428 -1273.860116 -505.562475
16.300000 2.004235 14.502871 -1329.194411 -559.568031
16.350000 2.021588 14.580121 -1322.671813 -546.382195
16.400000 1.990697 13.810472 -1362.671794 -598.244177
16.450000 1.982110 15.307297 -1277.622338 -516.492060
16.500000 2.014650 14.713579 -1310.384655 -536.759042
16.550000 2.011163 15.077103 -1297.490150 -525.203381
16.600000 2.002250 14.441365 -1337.829121 -568.965312
16.650000 1.998307 14.522437 -1329.654548 -562.304818
16.700000 1.987929 14.533194 -1322.572681 -559.207921
16.750000 1.996867 14.983469 -1304.496909 -537.700004
16.800000 2.005267 15.316220 -1286.099094 -516.076521
16.850000 1.985662 14.948331 -1301.234402 -538.740294
16.900000 1.991265 14.531152 -1327.529827 -562.884136
16.950000 1.982291 15.129410 -1297.260056 -536.060303
17.000000 2.019217 15.770620 -1259.070685 -483.691386
17.050000 1.996942 15.721319 -1262.230656 -495.404932
17.100000 2.037907 14.332543 -1337.298748 -554.742564
17.150000 1.994018 15.015911 -1297.482607 -531.779639
17.200000 2.038380 14.587798 -1325.656531 -542.918684
17.250000 1.977114 14.323134 -1341.509446 -582.297511
17.300000 1.990315 15.868059 -1257.754351 -493.473520
17.350000 2.009460 15.772125 -1262.336679 -490.703912
17.400000 2.009919 14.733755 -1312.509821 -540.700854
17.450000 1.990353 15.634897 -1268.857673 -504.562083
17.500000 1.999666 15.999357 -1255.267379 -487.395813
17.550000 2.006117 15.538260 -1285.269268 -514.920513
17.600000 2.004986 15.494827 -1278.253293 -508.338731
17.650000 1.977095 16.295864 -1236.163167 -476.958782
17.700000 2.026629 15.301755 -1281.319910 -503.094210
17.750000 1.999764 14.751249 -1308.990634 -541.081261
17.800000 2.011319 14.360842 -1335.460308 -563.113756
17.850000 1.960872 15.638472 -1272.995197 -520.020242
17.900000 2.009937 15.526177 -1281.367831 -509.551994
17.950000 2.004217 16.181416 -1245.402338 -475.782978
18.000000 2.012495 15.627504 -1271.266044 -498.467987
18.050000 2.000589 15.459157 -1282.949093 -514.723057
18.100000 2.019100 15.718151 -1269.406475 -494.072230
18.150000 1.994015 15.298268 -1290.767320 -525.065528
18.200000 2.026345 14.803819 -1316.360278 -538.243794
18.250000 2.026577 14.406836 -1330.774152 -552.568737
18.300000 2.024420 14.192822 -1338.444223 -561.066874
18.350000 1.983728 15.334952 -1282.769586 -521.017914
18.400000 1.989101 15.572105 -1278.316335 -514.501518
18.450000 2.037854 15.078823 -1305.833206 -523.297078
18.500000 1.998287 14.657427 -1320.706052 -553.363922
18.550000 1.977833 15.078224 -1303.677862 -544.189862
18.600000 1.983382 16.628783 -1220.096763 -458.477978
18.650000 2.003276 14.408644 -1334.491659 -565.233771
18.700000 2.008734 15.042433 -1302.149922 -530.796133
18.750000 2.001911 15.760654 -1270.638108 -501.904418
18.800000 1.979259 15.592431 -1278.208219 -518.172742
18.850000 2.007863 15.441022 -1287.800115 -516.780636
18.900000 2.005912 15.418917 -1283.890433 -513.620205
18.950000 2.009509 15.286220 -1287.116636 -515.465216
19.000000 1.990164 15.047950 -1303.197419 -538.974471
19.050000 1.998733 15.360333 -1282.340355 -514.826925
19.100000 1.993339 15.542691 -1273.127448 -507.685414
19.150000 2.015725 15.359994 -1285.167745 -511.129225
19.200000 1.963133 15.007281 -1299.380179 -545.536984
19.250000 1.980348 14.782222 -1318.438956 -557.985155
19.300000 2.008520 15.565761 -1271.587472 -500.315886
19.350000 1.998001 15.053343 -1302.474740 -535.242499
19.400000 2.003946 16.210669 -1239.673202 -470.157819
19.450000 1.999383 15.191885 -1296.470972 -528.707805
19.500000 2.018876 15.030906 -1299.724157 -524.475694
19.550000 1.989732 15.178247 -1288.118172 -524.061255
19.600000 1.998244 15.087092 -1301.307556 -533.981902
19.650000 1.973298 15.949761 -1250.745791 -492.999422
19.700000 2.007181 16.259385 -1241.499082 -470.741603
19.750000 2.019141 15.520159 -1279.535429 -504.185214
19.800000 2.005001 15.444621 -1276.520104 -506.599880
19.850000 2.011194 14.029816 -1348.868195 -576.569662
19.900000 1.960833 14.711684 -1312.739464 -559.779466
19.950000 2.023915 15.291194 -1289.439559 -512.256367
20.000000 2.013697 14.968307 -1304.996103 -531.736411
20.050000 2.010769 14.819583 -1308.422005 -536.286645
20.100000 1.986911 14.694197 -1317.827188 -554.853504
20.150000 2.017198 14.273656 -1337.377783 -562.773938
20.200000 1.975623 15.431064 -1279.099549 -520.460406
20.250000 2.032809 15.647545 -1275.750345 -495.151835
20.300000 1.983026 15.277035 -1288.171989 -526.689910
20.350000 1.977011 15.790944 -1262.231094 -503.058852
20.400000 2.033948 15.738583 -1268.151065 -487.114932
20.450000 1.998240 15.412282 -1279.075228 -511.751130
20.500000 2.037348 16.033976 -1252.450610 -470.109036
20.550000 1.967616 15.302943 -1288.103531 -532.539041
20.600000 1.963219 15.898180 -1254.345356 -500.469097
20.650000 2.002911 15.367184 -1282.967488 -513.849709
20.700000 2.016590 14.380204 -1330.779669 -556.409106
20.750000 1.972961 14.300157 -1337.483430 -579.866525
20.800000 1.989427 14.981954 -1313.983667 -550.043737
20.850000 2.015188 14.620033 -1323.825170 -549.993077
20.900000 1.985508 15.263676 -1286.581562 -524.146540
20.950000 1.999567 15.923207 -1257.770252 -489.936670
21.000000 2.029777 15.224506 -1303.661458 -524.227171
21.050000 2.004750 14.990852 -1307.338313 -537.514446
21.100000 1.960571 17.099293 -1190.105828 -437.246443
21.150000 2.029674 14.957801 -1307.788749 -528.394017
21.200000 2.016305 16.144849 -1238.587772 -464.326651
21.250000 2.008232 15.328246 -1283.723248 -512.562129
21.300000 2.026661 15.603947 -1269.483390 -491.245743
21.350000 2.021331 15.193483 -1292.028954 -515.837809
21.400000 1.994118 14.897699 -1310.676105 -544.934844
21.450000 1.987752 14.983845 -1305.404845 -542.108169
21.500000 1.959299 15.266827 -1288.244870 -535.873999
21.550000 2.021471 15.535910 -1279.389356 -503.144369
21.600000 2.006262 15.772528 -1264.337546 -493.933044
21.650000 1.989140 15.925337 -1256.333387 -492.503728
21.700000 1.978042 15.036050 -1307.964076 -548.395888
21.750000 2.005832 15.574394 -1279.860671 -509.621284
21.800000 2.006344 15.276861 -1293.038368 -522.602301
21.850000 2.004552 15.536071 -1276.698459 -506.950425
21.900000 2.020583 14.979521 -1300.877363 -524.973314
21.950000 1.977643 14.672864 -1317.924849 -558.509857
22.000000 1.985363 15.364819 -1283.531493 -521.152289
22.050000 2.013747 15.909209 -1253.663728 -480.385002
22.100000 2.013087 15.507510 -1277.565819 -504.540421
22.150000 2.020831 16.159637 -1243.109521 -467.110316
22.200000 1.982928 15.670106 -1262.466988 -501.022511
22.250000 1.988739 16.367417 -1228.012100 -464.336346
22.300000 2.008933 15.180519 -1292.517435 -521.087314
22.350000 2.015349 14.790617 -1311.412821 -537.518755
22.400000 2.010671 14.600625 -1320.603713 -548.506094
22.450000 1.980256 15.427367 -1275.875658 -515.457501
22.500000 1.963686 9.405556 -1273.923160 -519.867664
22.550000 2.003599 8.851597 -1301.602248 -532.220399
22.600000 2.004656 9.303893 -1274.453068 -504.665145
22.650000 2.001402 9.450162 -1266.887974 -498.349730
22.700000 2.017707 9.680646 -1255.937295 -481.137933
22.750000 1.971903 9.936955 -1241.745301 -484.534449
22.800000 2.004061 9.354953 -1287.107587 -517.548124
22.850000 1.993550 9.283208 -1290.733175 -525.209948
22.900000 1.999229 9.503174 -1273.697337 -505.993395
22.950000 2.003814 8.678406 -1312.842919 -543.378353
23.000000 2.018152 8.571199 -1315.558678 -540.588502
23.050000 1.980289 8.442842 -1321.731676 -561.300584
23.100000 2.020099 7.966747 -1354.767214 -579.049288
23.150000 1.981130 9.310309 -1274.902222 -514.148314
23.200000 2.013851 9.209554 -1283.276648 -509.957974
23.250000 2.012833 9.324701 -1278.563628 -505.635886
23.300000 2.024278 8.898994 -1300.449230 -523.126652
23.350000 2.008592 8.998895 -1288.540785 -517.241579
23.400000 1.983689 8.752385 -1303.217283 -541.480547
23.450000 2.002580 8.713703 -1318.305332 -549.314531
23.500000 2.018296 9.720068 -1262.125587 -487.099929
23.550000 1.962398 9.298298 -1280.540458 -526.979606
23.600000 2.005649 9.515522 -1273.340637 -503.171320
23.650000 2.004753 9.580559 -1263.479462 -493.654179
23.700000 2.018925 9.104775 -1292.628571 -517.361391
23.750000 2.002238 8.618281 -1313.438224 -544.578778
23.800000 1.994521 8.576923 -1311.170597 -545.274718
23.850000 1.974481 9.327516 -1272.326376 -514.125494
23.900000 1.998706 9.680264 -1256.579106 -489.076119
23.950000 1.985686 8.897865 -1300.378313 -537.874745
24.000000 2.011188 8.968263 -1298.541453 -526.245384
24.050000 1.978374 9.661648 -1258.982171 -499.286710
24.100000 2.015301 8.913682 -1304.677411 -530.801837
24.150000 2.003273 9.188448 -1287.438621 -518.181914
24.200000 1.995269 9.064171 -1293.972328 -527.789185
24.250000 1.958628 9.636377 -1256.306793 -504.193720
24.300000 2.001314 9.087416 -1294.883327 -526.378611
24.350000 1.985429 9.765382 -1257.845413 -495.440618
24.400000 2.017239 9.601478 -1267.148226 -492.528635
24.450000 2.016898 8.522479 -1328.189450 -553.700687
24.500000 1.981022 8.568253 -1321.482862 -560.770597
24.550000 2.004306 8.345556 -1330.083247 -560.429843
24.600000 1.981167 9.344232 -1271.806234 -511.038236
24.650000 2.016498 10.096310 -1232.692268 -458.357048
24.700000 2.002269 8.796577 -1297.091704 -528.220254
24.750000 1.994630 8.512557 -1309.840022 -543.902240
24.800000 2.008670 9.249514 -1277.172625 -505.843404
24.850000 2.006784 9.190180 -1286.297867 -515.692825
24.900000 1.977468 9.278339 -1273.275832 -513.927965
24.950000 2.061992 8.295258 -1326.215548 -534.410622
25.000000 1.955330 9.119301 -1278.691309 -527.844497
25.050000 2.000623 9.929574 -1244.936687 -476.697504
25.100000 1.993522 10.264165 -1225.273367 -459.761105
25.150000 2.004312 9.043141 -1291.435540 -521.779653
25.200000 2.002888 8.736973 -1307.823787 -538.714675
25.250000 2.024936 9.245557 -1272.325304 -494.749821
25.300000 2.005869 8.685439 -1305.405215 -535.151645
25.350000 1.987514 7.962901 -1345.220112 -582.014878
25.400000 1.982703 8.310128 -1330.808538 -569.450552
25.450000 2.030424 9.084401 -1289.582265 -509.899590
25.500000 2.010577 9.496372 -1267.226307 -495.164577
25.550000 2.005911 9.218546 -1285.487628 -515.217835
25.600000 2.008721 8.847205 -1304.557107 -533.208429
25.650000 2.001152 9.653774 -1258.109224 -489.666826
25.700000 2.014620 8.164336 -1341.603380 -567.989467
25.750000 1.970329 8.542017 -1313.284307 -556.677898
25.800000 2.034045 9.455665 -1270.529177 -489.455820
25.850000 1.998837 9.273608 -1276.207013 -508.653509
25.900000 1.981400 9.511643 -1270.826648 -509.969022
25.950000 2.024184 9.554354 -1273.403279 -496.116620
26.000000 2.019923 8.902250 -1295.910777 -520.260155
26.050000 2.009296 8.367706 -1324.283898 -552.714348
26.100000 1.989294 8.923211 -1297.963337 -534.074485
26.150000 2.026478 9.124413 -1293.272364 -515.104747
26.200000 2.003895 8.235318 -1335.335118 -565.839529
26.250000 1.996447 8.751138 -1305.892858 -539.257343
26.300000 2.003314 9.672917 -1253.469759 -484.197309
26.350000 1.966212 9.399816 -1266.275342 -511.249792
26.400000 1.976816 10.136380 -1227.421091 -468.323927
26.450000 1.994904 9.991777 -1239.559291 -473.516286
26.500000 2.008577 8.469646 -1326.165044 -554.871309
26.550000 1.980813 9.243222 -1277.867658 -517.235441
26.600000 2.003802 10.546463 -1207.717711 -438.257587
26.650000 2.008551 9.230935 -1285.805839 -514.522380
26.700000 1.984155 9.508207 -1269.718064 -507.802446
26.750000 2.019975 9.799726 -1250.505228 -474.834926
26.800000 1.987546 8.975794 -1290.405796 -527.188037
26.850000 1.989730 9.614632 -1259.424566 -495.368366
26.900000 1.987621 9.004250 -1302.831458 -539.585040
26.950000 1.976312 10.328535 -1220.823250 -461.919498
27.000000 1.973204 9.358966 -1270.835019 -513.124565
27.050000 2.024296 9.631177 -1254.565728 -477.236094
27.100000 1.975180 9.275658 -1270.577367 -512.108278
27.150000 2.006347 9.425929 -1269.685045 -499.247972
27.200000 1.970095 9.411008 -1279.930474 -523.414092
27.250000 2.004390 9.450138 -1277.075941 -507.390197
27.300000 2.008170 9.259834 -1286.892421 -515.755010
27.350000 1.991557 9.401092 -1278.285218 -513.527235
27.400000 2.007761 8.912791 -1296.267984 -525.287619
27.450000 2.005920 8.988704 -1291.240323 -520.967186
27.500000 1.967369 8.636608 -1315.958071 -560.488396
27.550000 2.013981 9.464530 -1264.483866 -491.115353
27.600000 1.973766 10.382493 -1209.360586 -451.434507
27.650000 1.997797 10.691991 -1201.629934 -434.475741
27.700000 1.993772 10.202930 -1228.593319 -462.984935
27.750000 2.012459 9.312423 -1284.002243 -511.217840
27.800000 1.966701 9.681973 -1261.017827 -505.804808
27.850000 2.018482 9.282309 -1285.067504 -509.970462
27.900000 2.014088 8.862506 -1310.480216 -537.070354
27.950000 1.962468 11.559538 -1158.736998 -405.149108
28.000000 2.027289 10.410827 -1228.607159 -450.128040
28.050000 1.988375 9.839372 -1252.058812 -488.522683
28.100000 2.003619 10.515648 -1203.137888 -433.748160
28.150000 1.982657 8.849210 -1298.499658 -537.159318
28.200000 1.992573 9.262732 -1277.242598 -512.094457
28.250000 1.989719 10.303798 -1215.342937 -451.290831
28.300000 2.005837 8.892619 -1302.763243 -532.521824
28.350000 2.020047 9.458725 -1268.937116 -493.239145
28.400000 1.999617 9.294546 -1276.527493 -508.674406
28.450000 1.986920 9.540522 -1259.916721 -496.939281
28.500000 2.022215 8.501290 -1314.628435 -538.097719
28.550000 1.996524 7.666586 -1362.711690 -596.046665
28.600000 1.977546 8.712851 -1303.237907 -543.860333
28.650000 1.986653 9.301577 -1270.145170 -507.270578
28.700000 2.019230 8.382554 -1323.246515 -547.862273
28.750000 1.990464 8.019461 -1343.837947 -579.499738
28.800000 1.997268 8.323022 -1326.928245 -559.977348
28.850000 2.004029 9.635044 -1256.199016 -486.652035
28.900000 2.005168 8.954255 -1295.152804 -525.168239
28.950000 1.994240 8.473281 -1321.322357 -555.534021
29.000000 1.982465 9.040949 -1290.185925 -528.919508
29.050000 1.995315 8.582108 -1318.607014 -552.405914
29.100000 2.010963 7.954806 -1351.478191 -579.268253
29.150000 2.001951 8.760750 -1304.563912 -535.814767
29.200000 1.996916 8.404536 -1323.090733 -556.275088
29.250000 1.993040 9.179234 -1272.674235 -507.346788
29.300000 2.014535 9.267516 -1268.989627 -495.408270
29.350000 1.998310 9.485218 -1257.485089 -490.134172
29.400000 2.011991 8.929018 -1297.326281 -524.721551
29.450000 2.032665 8.448138 -1326.689870 -546.146673
29.500000 1.992528 9.751394 -1244.835100 -479.704261
29.550000 2.002449 9.363080 -1270.978744 -502.038519
29.600000 2.015024 8.921147 -1297.431816 -523.662657
29.650000 1.999584 8.864683 -1301.283142 -533.442795
29.700000 1.996349 9.132191 -1282.137212 -515.539027
29.750000 2.015354 8.101564 -1341.818753 -567.923002
29.800000 1.967634 9.750062 -1239.638798 -484.067340
29.850000 1.981550 9.501148 -1259.720360 -498.805349
29.900000 2.002006 10.117168 -1228.139183 -459.368754
29.950000 2.003360 9.080636 -1289.878051 -520.587995
30.000000 1.992065 5.469982 -1190.543748 -425.590867
30.050000 1.965321 5.910422 -1171.490926 -416.807735
30.100000 2.002008 5.980069 -1178.578852 -409.807918
30.150000 2.013288 5.458045 -1214.934979 -441.832522
30.200000 1.984714 5.678987 -1199.533631 -437.403553
30.250000 1.997614 5.548626 -1206.913471 -439.829602
30.300000 1.997288 5.277900 -1224.500238 -457.541656
30.350000 2.012210 6.069120 -1173.938484 -401.249829
30.400000 2.018531 6.090887 -1172.639229 -397.523307
30.450000 2.014291 5.109398 -1234.454124 -460.966418
30.500000 1.985212 5.318821 -1217.490094 -455.168773
30.550000 2.007695 5.227382 -1222.659604 -451.704621
30.600000 1.986603 4.670849 -1254.662331 -491.806782
30.650000 2.007807 5.623899 -1194.281963 -423.283966
30.700000 1.976667 5.294961 -1216.933198 -457.893196
30.750000 1.985277 5.270328 -1215.402977 -453.056548
30.800000 2.006266 5.167511 -1228.946696 -458.540742
30.850000 2.019368 5.510576 -1208.028282 -432.591100
30.900000 1.988105 5.571603 -1201.702016 -438.269881
30.950000 2.017127 5.801075 -1190.479261 -415.902490
31.000000 1.986705 5.951059 -1195.340279 -432.445418
31.050000 1.990833 6.760476 -1145.375340 -380.895525
31.100000 2.015177 5.137382 -1235.040195 -461.212075
31.150000 2.000101 4.660091 -1251.240014 -483.201082
31.200000 1.989014 5.058320 -1227.519174 -463.737771
31.250000 2.046643 5.608012 -1197.913379 -412.002283
31.300000 2.014582 5.673956 -1194.294512 -420.695203
31.350000 1.979980 6.349979 -1156.525178 -396.212755
31.400000 2.000881 5.738441 -1190.838052 -422.499749
31.450000 2.002787 5.277189 -1213.368973 -444.298757
31.500000 2.010230 4.937859 -1234.301675 -462.373250
31.550000 1.984779 5.577607 -1192.252520 -430.097290
31.600000 2.010186 4.904558 -1237.664915 -465.753315
31.650000 1.989201 4.719603 -1251.433511 -487.580333
31.700000 1.994312 4.709407 -1255.401130 -489.585277
31.750000 1.988683 5.639634 -1191.633662 -427.979232
31.800000 2.013467 4.651863 -1258.055247 -484.883751
31.850000 2.013488 4.146257 -1291.809178 -518.629955
31.900000 1.988905 5.659621 -1193.075758 -429.336329
31.950000 1.986479 5.493205 -1205.355327 -442.547347
32.000000 1.991754 5.440221 -1206.573279 -441.739571
32.050000 2.010492 4.550850 -1260.483249 -488.454330
32.100000 1.998120 4.661913 -1247.909879 -480.631643
32.150000 1.992929 5.140438 -1215.943846 -450.659123
32.200000 1.998224 4.892491 -1230.744861 -463.426743
32.250000 1.995123 5.145299 -1212.540798 -446.413713
32.300000 1.994739 4.702879 -1246.041904 -480.062139
32.350000 2.014718 5.854883 -1177.807916 -404.156171
32.400000 1.993680 4.866629 -1242.930663 -477.357598
32.450000 1.997686 5.130942 -1224.766599 -457.655197
32.500000 2.017461 5.188101 -1225.151776 -450.446659
32.550000 1.986080 5.831031 -1184.887748 -422.233142
32.600000 2.006745 5.453465 -1208.907996 -438.317799
32.650000 2.020504 4.906235 -1239.375347 -463.501674
32.700000 2.005280 4.530791 -1260.748162 -490.720743
32.750000 2.017790 4.669989 -1249.300949 -474.469780
32.800000 1.991283 4.664994 -1251.658018 -487.005315
32.850000 2.029432 5.510953 -1205.984449 -426.682448
32.900000 1.992614 5.144413 -1223.985458 -458.821618
32.950000 1.998755 4.899092 -1240.888906 -473.367028
33.000000 2.009980 5.110572 -1224.609585 -452.777262
33.050000 2.017056 5.121609 -1225.569739 -451.020287
33.100000 1.993127 4.987538 -1237.429027 -472.068157
33.150000 1.998233 5.361575 -1211.799501 -444.478085
33.200000 1.989508 5.049340 -1235.748274 -471.777257
33.250000 2.009007 5.202217 -1229.277549 -457.819046
33.300000 1.988230 6.274949 -1157.749974 -394.269532
33.350000 2.007749 5.769260 -1195.038132 -424.062544
33.400000 2.008062 5.728736 -1197.527268 -426.431537
33.450000 2.008660 5.530270 -1206.183313 -434.857813
33.500000 1.994952 5.510607 -1212.689583 -446.627981
33.550000 2.017047 5.807984 -1193.838515 -419.292585
33.600000 1.985433 5.222233 -1231.513900 -469.107710
33.650000 2.008683 6.158914 -1174.160108 -402.825748
33.700000 1.996885 5.903981 -1183.761501 -416.957671
33.750000 1.972141 5.611688 -1197.107653 -439.805350
33.800000 2.001830 5.850221 -1186.356603 -417.654046
33.850000 1.985989 6.163087 -1166.186461 -403.566758
33.900000 2.012886 5.970752 -1183.394965 -410.446712
33.950000 2.003401 5.840649 -1185.611228 -416.305111
34.000000 2.022731 5.211139 -1225.259314 -448.530733
34.050000 2.001271 4.977052 -1236.820661 -468.332693
34.100000 1.980347 4.424031 -1269.613502 -509.160082
34.150000 2.003287 4.787724 -1250.600161 -481.338028
34.200000 1.995043 5.162661 -1234.681897 -468.585506
34.250000 1.983279 6.106004 -1178.035086 -416.455845
34.300000 2.010771 5.560034 -1204.505982 -432.370071
34.350000 2.001344 4.470436 -1268.957653 -500.441489
34.400000 1.990797 4.956544 -1239.364493 -474.898479
34.450000 2.009184 5.852936 -1182.441377 -410.914738
34.500000 2.004441 5.220440 -1216.383570 -446.678353
34.550000 1.993078 4.704492 -1243.221440 -477.879590
34.600000 2.031737 4.722366 -1242.090820 -461.903923
34.650000 1.967241 5.056093 -1224.797799 -469.377245
34.700000 2.011250 5.804608 -1187.463800 -415.143647
34.750000 2.008963 5.246102 -1224.294214 -452.852558
34.800000 2.003730 5.173292 -1227.773960 -458.341728
34.850000 2.025767 5.241271 -1224.140519 -446.245944
34.900000 1.996075 4.592038 -1264.185004 -497.692258
34.950000 2.002214 4.980496 -1241.275382 -472.425108
35.000000 1.988144 6.016365 -1173.401074 -409.953701
35.050000 1.989308 5.378525 -1219.942551 -456.048203
35.100000 1.995913 5.993603 -1186.733799 -420.303175
35.150000 2.018478 4.541393 -1276.040850 -500.945133
35.200000 1.987002 4.922097 -1241.883914 -478.875279
35.250000 2.012556 5.101256 -1232.417113 -459.595515
35.300000 2.008048 4.318068 -1273.678975 -502.588572
35.350000 1.993446 4.411944 -1265.760747 -500.277621
35.400000 2.002005 5.240061 -1208.957395 -440.187375
35.450000 2.003872 5.081459 -1225.317615 -455.830831
35.500000 1.991774 5.099146 -1224.064472 -459.223221
35.550000 1.982352 5.661986 -1193.183203 -431.960122
35.600000 2.020623 5.611805 -1198.349755 -422.430635
35.650000 1.976308 5.320722 -1214.496424 -455.594075
35.700000 2.007146 5.129487 -1235.760792 -465.016844
35.750000 2.022403 6.161937 -1172.311972 -395.709074
35.800000 2.023296 4.960754 -1249.298843 -472.353323
35.850000 1.982544 5.405472 -1216.096654 -454.799570
35.900000 2.002964 5.208985 -1221.893122 -452.755109
35.950000 1.982154 3.925414 -1292.432934 -531.285979
36.000000 1.983909 4.641651 -1246.291857 -484.470758
36.050000 2.003778 5.447089 -1199.151694 -429.700862
36.100000 1.989252 5.165286 -1220.234477 -456.361631
36.150000 1.990691 5.337525 -1205.244452 -440.818993
36.200000 1.986796 5.812530 -1177.117022 -414.187241
36.250000 2.036563 5.488665 -1203.419614 -421.379546
36.300000 1.995572 4.763505 -1248.630193 -482.330504
36.350000 1.995324 5.086619 -1235.981791 -469.777493
36.400000 2.016852 4.888511 -1245.283094 -470.811739
36.450000 1.981234 5.548470 -1203.724020 -442.930272
36.500000 2.002225 5.663536 -1202.655899 -433.801332
36.550000 2.016702 4.817477 -1251.570887 -477.157157
36.600000 1.982359 4.729128 -1251.526659 -490.300791
36.650000 1.986976 5.374015 -1214.624235 -451.625406
36.700000 2.015460 6.019460 -1170.909119 -396.972438
36.750000 2.008113 6.109882 -1168.201400 -397.086032
36.800000 1.982961 5.974959 -1177.300805 -415.843697
36.850000 2.024856 6.756749 -1131.859038 -354.314379
36.900000 2.010603 5.857742 -1182.599921 -410.528366
36.950000 1.996590 5.626963 -1197.924346 -431.233755
37.000000 2.010848 5.395663 -1206.617401 -434.451688
37.050000 1.988088 5.527340 -1196.319877 -432.894172
37.100000 2.000017 5.694277 -1192.132736 -424.126111
37.150000 2.021772 5.853006 -1180.585361 -404.224903
37.200000 2.035063 4.913678 -1235.641620 -454.177510
37.250000 1.971290 5.246287 -1207.387109 -450.411751
37.300000 2.016220 4.832494 -1233.675815 -459.447178
37.350000 1.990262 5.381424 -1196.753808 -432.493019
37.400000 2.012359 4.927653 -1231.317925 -458.571970
37.450000 1.981000 5.549491 -1201.208310 -440.504403
37.500000 1.994688 3.848399 -1058.813087 -292.852990
37.550000 2.009706 3.256392 -1102.250471 -330.523470
37.600000 1.994575 3.148199 -1104.546042 -338.629158
37.650000 1.991261 3.164136 -1100.044371 -335.400242
37.700000 2.009675 3.085973 -1099.001450 -327.286362
37.750000 1.993348 2.819288 -1121.197206 -355.751413
37.800000 1.989560 3.378124 -1083.897033 -319.906132
37.850000 2.005068 3.774738 -1052.236309 -282.290168
37.900000 1.990027 3.559980 -1061.006012 -296.835569
37.950000 1.985162 3.378800 -1074.767523 -312.465198
38.000000 2.036078 3.365610 -1072.910061 -291.056231
38.050000 2.019553 2.934380 -1098.102215 -322.593871
38.100000 1.999032 2.267958 -1146.979572 -379.351457
38.150000 1.986347 3.345515 -1072.822662 -310.065579
38.200000 2.007017 3.426204 -1066.400007 -295.705613
38.250000 2.005556 2.556468 -1124.308019 -354.174325
38.300000 1.975404 3.013528 -1095.743467 -337.188501
38.350000 1.998916 3.093108 -1095.841388 -328.257660
38.400000 1.988883 3.265723 -1082.258717 -318.527701
38.450000 2.000052 2.960065 -1098.616223 -330.596200
38.500000 2.010925 2.697725 -1110.975436 -338.780249
38.550000 1.996551 3.056580 -1084.377239 -317.701783
38.600000 1.998526 2.795088 -1098.285498 -330.851568
38.650000 1.989847 2.276280 -1142.179877 -378.078669
38.700000 2.000994 2.779583 -1113.134932 -344.753202
38.750000 1.987149 2.778542 -1117.267302 -354.202002
38.800000 1.985055 3.443218 -1070.893218 -308.632273
38.850000 2.002527 3.080903 -1095.420094 -326.449696
38.900000 2.003507 2.961479 -1104.723696 -335.377110
38.950000 2.002755 3.313971 -1075.235455 -306.177589
39.000000 2.005654 2.423278 -1134.052753 -363.881610
39.050000 2.017974 2.323237 -1134.228310 -359.326301
39.100000 1.989156 1.877948 -1164.600194 -400.764149
39.150000 1.977630 2.684756 -1110.659963 -351.249956
39.200000 1.999039 3.072731 -1082.936834 -315.305824
39.250000 2.009438 2.622571 -1117.509626 -345.885504
39.300000 1.964944 4.133890 -1008.690836 -254.152528
39.350000 1.995294 3.744809 -1044.833826 -278.640990
39.400000 1.993416 3.121430 -1089.422981 -323.951210
39.450000 1.998996 3.002894 -1091.829176 -324.214852
39.500000 2.008261 2.480248 -1125.447988 -354.275873
39.550000 2.005450 2.477311 -1127.867580 -357.774849
39.600000 1.987211 2.389966 -1141.049073 -377.960002
39.650000 1.992310 3.506456 -1069.955816 -304.908803
39.700000 1.999346 3.327855 -1092.801392 -325.052672
39.750000 2.028196 3.535834 -1070.575140 -291.747771
39.800000 1.999091 3.123257 -1087.488960 -319.838090
39.850000 1.996433 2.902350 -1100.680407 -334.050169
39.900000 2.000806 3.211378 -1079.876479 -311.567157
39.950000 2.011016 2.916630 -1100.057540 -327.827538
40.000000 2.002889 2.587428 -1126.341679 -357.232174
40.050000 1.990964 3.018353 -1102.376686 -337.846658
40.100000 2.011201 3.161525 -1098.609530 -326.308267
40.150000 2.001486 2.963094 -1111.573040 -343.002511
40.200000 1.989245 3.185565 -1095.319948 -331.449919
40.250000 1.996459 2.925123 -1119.704616 -353.064366
40.300000 1.992482 3.219412 -1097.093427 -331.980150
40.350000 2.008134 3.230433 -1092.688658 -321.565323
40.400000 1.984621 2.851510 -1118.050558 -355.956253
40.450000 2.013740 3.266280 -1091.034961 -317.758732
40.500000 2.004563 3.242003 -1094.929409 -325.177129
40.550000 1.993527 3.042193 -1110.373989 -344.859784
40.600000 1.985580 3.287410 -1095.300160 -332.837508
40.650000 2.013795 3.585380 -1067.529264 -294.231912
40.700000 1.993568 3.263908 -1084.039965 -318.509778
40.750000 1.999974 2.977257 -1106.510533 -338.520443
40.800000 1.989494 3.100871 -1099.611469 -335.645818
40.850000 2.021273 3.452219 -1068.040043 -291.871027
40.900000 1.998163 2.769664 -1108.637425 -341.342967
40.950000 1.991845 3.089699 -1081.328951 -316.460354
41.000000 1.997325 3.397733 -1064.760393 -297.787767
41.050000 1.992375 3.520989 -1062.057408 -296.985380
41.100000 2.026816 2.885675 -1113.817035 -335.519690
41.150000 1.984782 3.233473 -1088.248798 -326.092457
41.200000 2.028570 3.057587 -1103.270150 -324.299296
41.250000 1.998523 3.085525 -1097.308705 -329.875834
41.300000 2.014820 3.500919 -1062.684367 -288.993666
41.350000 2.008117 2.666609 -1125.725185 -354.608437
41.400000 1.997245 2.707319 -1123.697090 -356.755148
41.450000 2.013225 2.926568 -1115.285898 -342.207429
41.500000 1.978819 3.346557 -1082.904418 -323.038084
41.550000 2.022187 3.628701 -1061.216165 -284.696179
41.600000 2.000938 3.100024 -1095.104910 -326.744835
41.650000 1.998431 3.006175 -1093.502228 -326.104780
41.700000 1.999053 3.009417 -1083.067951 -315.431478
41.750000 1.984822 2.594835 -1113.814143 -351.642393
41.800000 1.997964 2.649493 -1112.813054 -345.594731
41.850000 2.000665 2.423722 -1130.393614 -362.138418
41.900000 2.000127 2.586899 -1119.977214 -351.928635
41.950000 1.984827 2.782682 -1109.914796 -347.741354
42.000000 2.006167 2.998840 -1099.491174 -329.123081
42.050000 2.008820 2.802444 -1119.292539 -347.905552
42.100000 1.995670 3.479491 -1072.932088 -306.594753
42.150000 1.990727 3.203152 -1093.729824 -329.290630
42.200000 2.010562 2.443118 -1141.814412 -369.758616
42.250000 1.990064 3.064494 -1088.085442 -323.900868
42.300000 1.987832 3.214342 -1078.062186 -314.734721
42.350000 2.001687 3.665284 -1052.925143 -284.277361
42.400000 2.007202 2.658146 -1132.643478 -361.877890
42.450000 1.993605 2.631786 -1133.555048 -368.010714
42.500000 2.006654 3.372801 -1080.459953 -309.904841
42.550000 1.999699 3.014290 -1104.506785 -336.622319
42.600000 2.003555 2.524578 -1142.346373 -372.981143
42.650000 2.008325 2.867918 -1123.150542 -351.953815
42.700000 2.010457 2.955242 -1116.903615 -344.888205
42.750000 2.006543 3.193171 -1094.238521 -323.725827
42.800000 2.006707 3.196290 -1089.539508 -318.963994
42.850000 1.998356 3.414952 -1067.936847 -300.567998
42.900000 2.005858 2.694000 -1112.963066 -342.713624
42.950000 2.009391 2.943523 -1092.711155 -321.105154
43.000000 1.985112 2.893737 -1098.445907 -336.163020
43.050000 2.015024 2.710657 -1112.984730 -339.215486
43.100000 2.014065 2.590190 -1123.320801 -349.919915
43.150000 1.988487 3.152092 -1087.584443 -324.005520
43.200000 2.012417 2.810747 -1119.140856 -346.372774
43.250000 2.013742 2.621798 -1131.251642 -357.974730
43.300000 2.014296 3.058776 -1097.016328 -323.526491
43.350000 2.000541 2.879608 -1111.477273 -343.269700
43.400000 1.989792 3.164689 -1088.194305 -324.114194
43.450000 1.989015 2.918951 -1107.362410 -343.580747
43.500000 2.003363 3.385007 -1079.412943 -310.121720
43.550000 2.018110 3.306930 -1089.194878 -314.240453
43.600000 2.004048 2.982849 -1108.280711 -338.726136
43.650000 2.002186 2.785070 -1121.621083 -352.781522
43.700000 1.991667 3.442771 -1081.718605 -316.918610
43.750000 2.008718 3.024162 -1115.863278 -344.515378
43.800000 1.990949 2.719195 -1132.911979 -368.387418
43.850000 2.009786 2.643667 -1133.287731 -361.529924
43.900000 2.012079 2.892749 -1103.082792 -330.444506
43.950000 1.988691 2.896773 -1098.239406 -334.581991
44.000000 1.996580 2.871776 -1101.880910 -335.194366
44.050000 2.012766 2.862931 -1098.560396 -325.658284
44.100000 2.005599 2.510106 -1123.065975 -352.916071
44.150000 1.981508 2.924632 -1101.777967 -340.878862
44.200000 2.014100 2.810751 -1117.030750 -343.616205
44.250000 2.008816 2.856666 -1108.776798 -337.391557
44.300000 1.983211 2.357081 -1143.007330 -381.454341
44.350000 1.997402 3.088530 -1089.277000 -322.274542
44.400000 2.036169 2.635309 -1124.609724 -342.720844
44.450000 1.994376 2.660013 -1124.510387 -358.669900
44.500000 2.001421 3.415322 -1078.171920 -309.626184
44.550000 1.982533 3.235238 -1096.849413 -335.556689
44.600000 2.003894 3.181957 -1101.204948 -331.709558
44.650000 1.987776 3.745151 -1061.379633 -298.073743
44.700000 2.008092 3.555906 -1070.710685 -299.603320
44.750000 2.005031 3.250431 -1088.407237 -318.475307
44.800000 2.003190 3.153576 -1095.657560 -326.432639
44.850000 2.001744 3.135132 -1101.962872 -333.293054
44.900000 2.012023 3.406315 -1085.057961 -312.441275
44.950000 2.010466 3.173429 -1098.807214 -326.788359
45.000000 2.008229 1.909628 -938.147834 -166.987716
45.050000 2.005818 1.202655 -995.424388 -225.190214
45.100000 2.010163 1.466800 -974.428412 -202.525669
45.150000 1.998127 1.626029 -959.437731 -192.156988
45.200000 1.988469 1.717732 -953.722506 -190.150404
45.250000 2.007206 1.697131 -956.831591 -186.064407
45.300000 2.000255 1.471245 -979.284037 -211.185986
45.350000 1.992127 1.946896 -944.417341 -179.440742
45.400000 2.004090 1.947473 -945.789801 -176.219342
45.450000 2.014329 1.866783 -946.087181 -172.584811
45.500000 1.998260 1.365328 -983.535957 -216.203993
45.550000 1.996081 1.803303 -947.818442 -181.323329
45.600000 1.991830 2.061250 -933.878165 -169.015524
45.650000 2.010140 1.515569 -975.602897 -203.709067
45.700000 1.978742 1.505738 -967.994026 -208.156976
45.750000 1.998040 1.397213 -982.516280 -215.269062
45.800000 2.001869 1.937283 -942.516205 -173.798446
45.850000 2.002637 1.949322 -940.362962 -171.350355
45.900000 1.992800 1.419869 -980.695708 -215.460340
45.950000 2.019955 1.877952 -941.191057 -165.528247
46.000000 1.999770 1.322113 -987.999427 -220.087790
46.050000 1.992225 1.706434 -955.368369 -190.354066
46.100000 1.997528 1.480583 -973.450645 -206.399916
46.150000 1.989111 1.535026 -968.270347 -204.451881
46.200000 2.011982 1.816022 -945.786419 -173.185420
46.250000 1.996007 1.524983 -969.315988 -202.849371
46.300000 1.980207 2.086550 -921.165253 -160.765946
46.350000 2.010739 1.827873 -942.008775 -169.885090
46.400000 2.003669 1.369221 -978.545711 -209.136758
46.450000 1.995307 1.500306 -964.475537 -198.277502
46.500000 1.993895 1.509800 -968.241311 -202.585712
46.550000 2.011818 1.933042 -936.067636 -163.529666
46.600000 1.997008 1.961180 -937.577730 -170.726570
46.650000 1.996912 1.613535 -967.430413 -200.616131
46.700000 1.984978 1.622340 -966.563643 -204.332187
46.750000 2.012662 1.831871 -947.390580 -174.528444
46.800000 1.979420 1.936019 -941.277570 -181.180448
46.850000 2.005309 2.347977 -908.458152 -138.419372
46.900000 1.987801 2.063666 -928.163850 -164.848320
46.950000 2.009124 1.708455 -956.496598 -184.992963
47.000000 1.994879 1.590389 -969.900867 -203.867197
47.050000 1.995351 2.540370 -896.025889 -129.810952
47.100000 1.994646 2.208152 -923.987172 -158.043247
47.150000 1.992549 1.731725 -966.199212 -201.060302
47.200000 1.990262 2.140415 -932.297217 -168.036642
47.250000 2.008207 1.574184 -978.218732 -207.067294
47.300000 2.001634 1.822496 -946.609623 -177.982357
47.350000 2.004344 1.608776 -956.656989 -186.988730
47.400000 1.967541 1.638213 -947.016658 -191.480841
47.450000 2.006209 1.331131 -983.135069 -212.750907
47.500000 1.998821 1.709821 -955.796692 -188.249341
47.550000 1.989151 2.123248 -929.729698 -165.895708
47.600000 1.997035 1.712077 -963.536776 -196.675499
47.650000 2.013346 1.203330 -1003.586465 -230.461506
47.700000 1.991377 1.697042 -962.229338 -197.540515
47.750000 1.991769 1.831710 -955.299737 -190.460293
47.800000 1.988719 1.862998 -954.729598 -191.061400
47.850000 2.005093 1.543390 -981.506060 -211.550418
47.900000 1.994358 1.743750 -962.152617 -196.319179
47.950000 2.006652 1.622528 -975.442291 -204.887938
48.000000 2.009448 2.158453 -928.043043 -156.414941
48.050000 1.992042 1.666073 -968.766203 -203.821910
48.100000 1.998522 1.602229 -969.793409 -202.360944
48.150000 1.990108 1.652845 -966.145637 -201.944169
48.200000 1.996388 1.757273 -962.501935 -195.888865
48.250000 2.000150 1.991184 -948.159433 -180.101859
48.300000 2.007440 2.147516 -933.232884 -162.376086
48.350000 2.012781 1.536129 -976.501679 -203.593821
48.400000 1.999511 1.297522 -992.472398 -224.660044
48.450000 1.990056 1.515406 -982.738944 -218.557421
48.500000 1.991533 2.382719 -924.283896 -159.535399
48.550000 2.027505 2.415749 -928.391620 -149.829652
48.600000 1.993914 1.999401 -952.452803 -186.789655
48.650000 1.993118 1.880617 -956.934495 -191.577023
48.700000 1.998057 1.627706 -968.866682 -201.612880
48.750000 1.993210 1.392146 -978.292306 -212.899519
48.800000 1.991488 1.524390 -966.862508 -202.131097
48.850000 2.007034 1.642289 -962.628858 -191.927770
48.900000 1.985949 1.453910 -978.685904 -216.081518
48.950000 2.018152 1.714904 -954.119408 -179.149191
49.000000 1.986423 1.307706 -982.989745 -220.203475
49.050000 2.015178 1.517514 -962.932067 -189.103898
49.100000 1.984118 1.590894 -962.125200 -200.223759
49.150000 2.021079 1.851621 -947.522695 -171.428275
49.200000 2.004478 1.629547 -962.109932 -192.390248
49.250000 1.995158 1.535573 -964.524115 -198.383269
49.300000 1.995203 1.565303 -957.387920 -191.229976
49.350000 2.003803 1.567722 -958.397054 -188.936711
49.400000 1.980293 1.767300 -950.020167 -189.587677
49.450000 2.012473 1.733965 -962.233544 -189.443857
49.500000 1.987708 2.033344 -937.852603 -174.572576
49.550000 2.002126 1.476854 -986.539528 -217.722956
49.600000 1.999397 1.522239 -979.312819 -211.544543
49.650000 1.986807 1.282413 -995.398986 -232.465200
49.700000 2.004833 1.670684 -958.864617 -189.008754
49.750000 1.996294 1.654322 -963.322815 -196.745842
49.800000 2.006810 1.562654 -971.851319 -201.236164
49.850000 1.995882 1.572084 -971.017777 -204.599209
49.900000 1.988720 1.667078 -966.498600 -202.829942
49.950000 1.997537 1.605920 -974.916469 -207.862397
50.000000 1.993385 1.639960 -972.217368 -206.757477
50.050000 2.002173 1.955937 -947.461681 -178.627219
50.100000 2.012537 1.311052 -996.529794 -223.715437
50.150000 2.004986 1.484333 -979.456065 -209.541548
50.200000 1.975675 1.898746 -952.021114 -193.361900
50.250000 1.996747 2.101916 -936.652080 -169.901192
50.300000 1.975913 2.209067 -920.054768 -161.304170
50.350000 1.994971 2.060167 -929.257886 -163.189031
50.400000 2.005435 1.797774 -950.603219 -180.516065
50.450000 1.985548 2.188957 -912.709953 -150.259491
50.500000 2.008105 1.371360 -981.142332 -210.030164
50.550000 1.975162 2.017504 -929.333288 -170.870964
50.600000 2.011887 1.927252 -943.414482 -170.849870
50.650000 1.988540 1.815953 -950.683826 -187.084593
50.700000 2.012401 1.856128 -947.342930 -174.581034
50.750000 2.002899 1.594944 -964.610330 -195.496937
50.800000 2.004673 1.560931 -963.264358 -193.469851
50.850000 1.998639 1.359611 -980.992262 -213.514852
50.900000 2.003020 1.288530 -989.556423 -220.396818
50.950000 2.009694 1.537706 -969.130413 -197.407887
51.000000 1.978183 1.618874 -966.368347 -206.746253
51.050000 2.002498 1.862924 -948.653779 -179.694574
51.100000 2.017701 1.731635 -955.851486 -181.054370
51.150000 1.988690 1.501181 -973.243614 -209.586571
51.200000 1.995322 1.834339 -952.066162 -185.862523
51.250000 2.003401 1.665950 -966.906184 -197.600054
51.300000 2.009537 1.840330 -949.671094 -178.008952
51.350000 1.998692 1.449111 -978.705619 -211.207929
51.400000 2.016249 1.462126 -980.321446 -206.081715
51.450000 1.980863 1.404761 -988.769480 -228.118202
51.500000 2.017249 1.796615 -965.103461 -190.479725
51.550000 1.984116 2.099670 -944.676906 -182.776539
51.600000 2.013669 1.987863 -953.243939 -179.995021
51.650000 1.997730 1.352536 -1000.387067 -233.258675
51.700000 1.988756 2.014696 -944.257358 -180.574998
51.750000 2.016460 1.751315 -970.036835 -195.716161
51.800000 1.993057 1.838971 -956.828990 -191.495247
51.850000 2.007022 1.385230 -991.141081 -220.444752
51.900000 1.992625 1.459800 -984.040831 -218.872729
51.950000 1.999318 2.106436 -930.057904 -162.319650
52.000000 2.010477 1.862299 -947.232540 -175.209368
52.050000 2.005649 1.509787 -971.701641 -201.532578
52.100000 1.998776 1.523217 -968.432430 -200.902441
52.150000 2.009607 1.544415 -965.225218 -193.536210
52.200000 1.994356 1.218167 -987.818744 -221.985951
52.250000 1.995571 1.556743 -957.795046 -191.495972
52.300000 2.001110 1.653680 -958.268087 -189.841774
52.350000 2.001793 2.181525 -918.431407 -149.742703
52.400000 1.996217 1.869175 -944.348092 -177.800768
52.450000 2.013082 1.653295 -958.610872 -185.587504
52.500000 2.003739 0.720111 -834.824074 -65.388245
52.550000 1.992584 1.109971 -798.148540 -32.996095
52.600000 2.009844 0.967049 -817.221321 -45.441144
52.650000 1.994708 1.095502 -807.423262 -41.455478
52.700000 2.002489 1.066984 -814.934244 -45.978321
52.750000 1.993891 1.539428 -765.871803 -0.217706
52.800000 2.012196 1.170114 -802.230994 -29.547848
52.850000 1.999037 1.284723 -786.654535 -19.024486
52.900000 1.992641 1.248773 -787.172233 -21.998074
52.950000 2.012016 0.896370 -823.859707 -51.245623
53.000000 1.978343 1.148570 -788.010538 -28.326910
53.050000 2.000535 0.996155 -795.260955 -27.055550
53.100000 2.001438 0.862099 -805.229684 -36.677580
53.150000 2.000912 0.956239 -802.564276 -34.214190
53.200000 1.993095 1.120615 -793.661239 -28.312688
53.250000 2.009991 0.937860 -820.180093 -48.343440
53.300000 1.997714 0.931802 -823.423595 -56.301585
53.350000 2.003332 1.376326 -779.643664 -10.364009
53.400000 2.010098 1.371921 -777.788890 -5.911186
53.450000 2.002919 0.819427 -822.990564 -53.869836
53.500000 1.987106 0.873563 -811.179373 -48.130750
53.550000 1.996656 0.982790 -805.998677 -39.282910
53.600000 1.990735 1.102481 -801.612704 -37.170347
53.650000 1.999556 1.007429 -818.733182 -50.903806
53.700000 1.997819 1.186357 -805.479362 -38.316948
53.750000 2.004233 1.124505 -815.096469 -45.471064
53.800000 1.996056 1.320334 -802.012063 -35.526401
53.850000 2.000407 1.417953 -794.922181 -26.766027
53.900000 2.001593 0.920412 -838.309328 -69.697649
53.950000 1.992582 1.319507 -791.435076 -26.283682
54.000000 2.001662 1.086505 -812.961962 -44.323576
54.050000 2.002084 0.938648 -825.966438 -57.166018
54.100000 2.003821 0.972156 -825.924881 -56.457653
54.150000 1.998980 1.171648 -809.652457 -42.043953
54.200000 1.991720 1.319960 -800.568097 -35.747622
54.250000 2.005179 1.514847 -784.574723 -14.585984
54.300000 2.004726 1.324458 -799.243391 -29.428650
54.350000 2.007468 1.180922 -800.009097 -29.141568
54.400000 2.004718 0.837115 -818.962848 -49.151248
54.450000 1.999630 0.810547 -814.851170 -46.993154
54.500000 1.996164 0.776406 -827.623943 -61.097007
54.550000 1.995214 1.153721 -805.263200 -39.100832
54.600000 2.002554 1.298412 -794.904698 -25.923969
54.650000 2.011242 0.951588 -830.534905 -58.218084
54.700000 1.987499 1.163055 -813.708168 -50.508720
54.750000 2.011044 1.470802 -789.474129 -17.233118
54.800000 2.012045 1.325633 -803.882900 -31.257574
54.850000 2.008709 1.383124 -796.412831 -25.068462
54.900000 1.995510 1.077365 -822.684515 -56.408539
54.950000 2.014853 1.299242 -796.460096 -22.756366
55.000000 1.998105 1.179204 -808.847538 -41.575229
55.050000 1.986667 1.215536 -817.902053 -55.022003
55.100000 2.014531 1.574885 -782.540214 -8.960447
55.150000 1.999241 1.010313 -825.002605 -57.294124
55.200000 1.997545 0.777066 -840.056756 -72.999590
55.250000 1.999387 0.982487 -822.242193 -54.477659
55.300000 2.000229 1.104514 -813.634200 -45.546179
55.350000 2.003470 1.159774 -808.259108 -38.926466
55.400000 2.013485 0.999361 -818.603606 -45.425400
55.450000 1.988703 0.961798 -819.422836 -55.761038
55.500000 1.994806 1.357579 -781.397828 -15.392351
55.550000 1.997025 1.122467 -804.476579 -37.619030
55.600000 2.002898 0.949402 -823.795650 -54.682748
55.650000 1.993439 1.206249 -800.416969 -34.936299
55.700000 2.005400 1.293694 -789.971762 -19.898009
55.750000 2.002089 0.946093 -815.955293 -47.153193
55.800000 1.990828 0.920069 -818.484048 -54.006075
55.850000 1.995604 1.286549 -787.539037 -21.227166
55.900000 1.993983 1.492141 -767.317510 -1.628131
55.950000 2.012878 0.985987 -818.239525 -45.294182
56.000000 1.997590 0.791416 -839.997160 -72.922496
56.050000 1.998764 1.336867 -786.141876 -18.616556
56.100000 2.010448 1.069019 -817.259058 -45.246979
56.150000 1.993016 1.705651 -755.483378 9.834879
56.200000 2.004815 1.288668 -797.306938 -27.457854
56.250000 2.005620 1.102430 -813.631321 -43.473326
56.300000 1.981588 1.472955 -777.317419 -16.387546
56.350000 2.005908 1.333388 -794.724019 -24.455459
56.400000 1.994733 1.328074 -794.973817 -28.996270
56.450000 1.990322 1.233592 -804.924911 -40.641251
56.500000 1.999503 1.456506 -779.015591 -11.206619
56.550000 1.998150 0.821015 -844.377164 -77.087680
56.600000 1.987837 1.318380 -793.351131 -30.021881
56.650000 2.003735 1.439183 -773.528203 -4.094018
56.700000 2.000397 0.879799 -820.090819 -51.938451
56.750000 1.993882 1.048938 -795.728377 -30.077563
56.800000 2.004204 1.122400 -785.956413 -16.341991
56.850000 2.008342 0.791682 -818.702539 -47.499157
56.900000 1.993702 1.293305 -767.197305 -1.615926
56.950000 1.989905 1.220102 -780.863022 -16.739338
57.000000 2.016723 1.267528 -777.918341 -3.496631
57.050000 2.006452 1.139351 -788.367059 -17.889454
57.100000 2.002201 0.987514 -806.361992 -37.516706
57.150000 2.005075 1.094209 -794.365906 -24.417094
57.200000 1.995046 0.929885 -814.673178 -48.575356
57.250000 2.013367 1.120438 -797.265204 -24.132395
57.300000 1.999814 1.008201 -804.885756 -36.957141
57.350000 1.987293 1.069953 -800.516933 -37.396375
57.400000 2.006109 1.098679 -800.926416 -30.580381
57.450000 1.996047 1.070395 -803.856127 -37.374077
57.500000 1.982776 1.408527 -774.744263 -13.358356
57.550000 2.014163 1.398268 -781.514412 -8.075789
57.600000 2.002504 1.174441 -800.599186 -31.637627
57.650000 1.997154 1.159717 -795.827929 -28.920900
57.700000 2.002088 0.842480 -823.871973 -55.070093
57.750000 1.998995 0.853192 -822.860027 -55.245837
57.800000 1.990292 1.324959 -783.167247 -18.895003
57.850000 2.011172 1.346493 -789.875973 -17.586045
57.900000 2.016085 1.184533 -803.732458 -29.555763
57.950000 1.997029 1.215872 -798.290318 -31.431040
58.000000 1.995443 1.314101 -789.497061 -23.246817
58.050000 1.997569 1.248929 -790.090618 -23.023951
58.100000 2.001578 0.974362 -811.415612 -42.809784
58.150000 2.003882 1.313132 -769.323037 0.167667
58.200000 1.986642 0.789593 -819.230475 -56.359888
58.250000 2.000114 1.064833 -786.311383 -18.267785
58.300000 2.007832 0.667509 -819.363593 -48.356023
58.350000 2.012706 0.601052 -821.231249 -48.351964
58.400000 2.000565 0.667574 -817.272652 -49.055657
58.450000 1.997520 0.913371 -801.054501 -34.006734
58.500000 1.993261 0.953236 -800.788582 -35.376183
58.550000 2.002193 1.221419 -769.799119 -0.957027
58.600000 1.996663 0.922263 -796.017607 -29.299133
58.650000 2.008656 0.496116 -836.757384 -65.433527
58.700000 1.996454 1.024537 -793.665618 -27.027422
58.750000 2.000116 1.432144 -767.366665 0.677980
58.800000 1.993294 1.127514 -804.619071 -39.193996
58.850000 1.988848 1.326395 -786.922265 -23.204705
58.900000 2.029510 1.016402 -812.281288 -32.949326
58.950000 1.990324 0.803419 -819.552593 -55.268121
59.000000 1.994484 0.970891 -798.477266 -32.595220
59.050000 2.010227 1.042539 -789.515957 -17.588689
59.100000 1.980911 0.955974 -796.972030 -36.302265
59.150000 2.002335 0.923742 -804.811984 -35.915390
59.200000 2.005369 1.137251 -784.547544 -14.485660
59.250000 1.998869 0.980799 -801.740583 -34.174816
59.300000 1.998697 0.947518 -810.265195 -42.765383
59.350000 1.996026 0.920015 -824.878952 -58.404802
59.400000 1.983234 1.611315 -764.530902 -2.969195
59.450000 2.015893 1.069327 -816.988847 -42.886026
59.500000 1.988870 0.952446 -813.550526 -49.824479
59.550000 1.995681 0.809937 -822.439738 -56.098285
59.600000 1.999722 0.964795 -804.068746 -36.175547
59.650000 2.011215 1.107269 -790.685251 -18.378550
59.700000 1.987819 1.123972 -786.914613 -23.592064
59.750000 2.014867 0.831103 -817.617411 -43.908635
59.800000 1.995831 1.062919 -798.117356 -31.718238
59.850000 1.996042 1.339276 -778.427234 -11.947032
59.900000 2.002350 1.102105 -801.635344 -32.732975
59.950000 2.008840 0.655743 -842.440310 -71.045612
60.000000 2.004703 0.692932 -648.221891 121.584155
60.050000 1.998419 0.492111 -669.262362 98.130723
60.100000 1.997937 0.613485 -648.949382 118.258334
60.150000 2.004086 0.571613 -655.981042 113.588055
60.200000 2.003219 0.562262 -664.557884 104.678364
60.250000 2.006912 0.842417 -639.149370 131.504762
60.300000 2.001973 0.869803 -640.106112 128.651415
60.350000 2.002871 0.687474 -658.358827 110.743478
60.400000 2.000264 0.456710 -676.356692 91.744806
60.450000 1.995057 0.501272 -666.295455 99.806532
60.500000 1.990006 0.699811 -639.485232 124.677195
60.550000 2.000149 0.622876 -642.451323 125.605786
60.600000 2.003561 0.482826 -656.474160 112.893446
60.650000 1.979943 0.675595 -636.535440 123.762798
60.700000 2.009710 0.723430 -630.202509 141.526309
60.750000 2.003617 0.437594 -658.029906 111.358939
60.800000 1.992415 0.574990 -639.671389 125.416037
60.850000 2.002398 0.635682 -634.374696 134.545991
60.900000 2.002747 0.590368 -643.214685 125.840124
60.950000 2.002314 0.734647 -631.200110 137.688288
61.000000 2.002009 0.819759 -628.147508 140.623875
61.050000 2.015097 0.658243 -650.037277 123.760096
61.100000 1.992915 0.732165 -638.282612 126.996647
61.150000 2.013312 0.611184 -653.054372 120.057342
61.200000 1.993816 0.773604 -627.920112 137.705066
61.250000 2.000422 0.671378 -641.555660 126.606242
61.300000 2.004545 0.505084 -662.509254 107.235896
61.350000 2.008148 0.618858 -653.612066 117.516818
61.400000 1.990784 0.900456 -630.352244 134.108799
61.450000 2.013040 0.971982 -626.903862 146.103439
61.500000 1.995615 0.839442 -637.573395 128.742730
61.550000 2.011926 0.818101 -634.848572 137.731072
61.600000 1.988094 0.732825 -642.200059 121.228164
61.650000 2.003858 0.807832 -632.405187 137.076232
61.700000 2.005062 0.712672 -637.101066 132.842622
61.750000 1.996781 0.611281 -641.978115 124.785744
61.800000 1.996929 0.590489 -642.454867 124.365686
61.850000 2.004921 0.638920 -641.237708 128.652007
61.900000 1.994412 0.660005 -645.888167 119.966058
61.950000 1.993438 0.725845 -634.750621 130.729743
62.000000 1.995385 0.536547 -653.378871 112.849145
62.050000 1.991989 0.744087 -625.689265 139.234446
62.100000 2.005425 0.658757 -635.625148 134.457893
62.150000 1.999101 0.669660 -634.223132 133.431841
62.200000 1.996910 0.703794 -634.584139 132.229356
62.250000 2.008874 0.712647 -636.875125 134.532442
62.300000 1.984541 0.760769 -634.485350 127.578311
62.350000 2.008486 0.800869 -632.154448 139.104285
62.400000 2.007079 0.651949 -643.038753 127.679687
62.450000 2.002543 0.626960 -638.948324 130.028321
62.500000 1.993308 0.449251 -662.330823 103.099324
62.550000 2.002791 0.830709 -619.437276 149.634625
62.600000 2.002323 0.604369 -651.891401 117.000818
62.650000 2.002765 0.930687 -611.300660 157.761177
62.700000 2.002355 0.809374 -630.711244 138.193063
62.750000 1.998815 0.788796 -635.155102 132.390027
62.800000 2.004176 0.745444 -641.639680 127.963715
62.850000 1.998471 0.689009 -646.238547 121.174447
62.900000 1.990705 0.710419 -641.898793 122.531954
62.950000 2.010097 0.718618 -636.536979 135.340325
63.000000 1.998933 0.541824 -655.867830 111.722379
63.050000 2.000040 0.798049 -632.193696 135.821803
63.100000 2.000572 0.655813 -660.252541 107.967222
63.150000 1.990432 0.774355 -650.418218 113.907826
63.200000 2.009320 0.821385 -643.292162 128.286646
63.250000 1.996190 0.686162 -649.940113 116.596925
63.300000 2.007815 0.795058 -628.652604 142.348545
63.350000 2.001519 0.570906 -653.531574 115.051913
63.400000 1.992846 0.669729 -640.993403 124.259477
63.450000 2.008050 0.766629 -626.289576 144.801778
63.500000 1.995258 0.711552 -630.764903 135.414248
63.550000 1.998025 0.882235 -608.154529 159.086907
63.600000 2.013767 0.585308 -639.556788 133.729830
63.650000 1.995628 0.549490 -638.910108 127.411197
63.700000 2.003495 0.616527 -635.330999 134.011198
63.750000 1.994675 0.685909 -634.884527 131.070549
63.800000 2.013186 0.709277 -635.223493 137.839807
63.850000 1.983775 0.728204 -627.210417 134.559197
63.900000 2.008037 0.550677 -646.221224 124.864825
63.950000 2.001950 0.523754 -643.767594 124.981212
64.000000 1.984103 0.823263 -607.509787 154.385861
64.050000 2.005966 0.826878 -615.743766 154.547113
64.100000 2.004700 0.813917 -621.665191 148.139463
64.150000 2.009778 0.786715 -630.995448 140.759312
64.200000 1.989617 0.793276 -633.568508 130.444557
64.250000 2.013022 0.680230 -648.759371 124.240891
64.300000 2.000827 0.766479 -635.703086 132.614369
64.350000 1.994394 0.662818 -647.041634 118.805704
64.400000 1.998677 0.603376 -648.630688 118.861243
64.450000 2.010243 0.459498 -660.186628 111.746671
64.500000 1.991889 0.535519 -648.842693 116.042658
64.550000 1.999401 0.674435 -635.622992 132.147077
64.600000 1.993695 0.907626 -609.858025 155.720999
64.650000 2.005237 0.854129 -617.509240 152.501893
64.700000 1.999885 0.771655 -625.726005 142.229879
64.750000 1.995340 0.847052 -619.947243 146.263473
64.800000 1.999019 0.920574 -615.229077 152.394259
64.850000 2.002252 0.828027 -626.998249 141.866384
64.900000 2.002105 0.663808 -643.127076 125.681424
64.950000 1.988114 0.805604 -622.908996 140.526658
65.000000 1.989243 0.969945 -605.111656 158.757510
65.050000 2.004711 0.755467 -630.242850 139.566273
65.100000 1.997944 0.562876 -651.934280 115.276101
65.150000 2.010767 0.628839 -653.112993 119.021403
65.200000 1.978924 1.074260 -604.116908 155.789802
65.250000 2.013413 0.826908 -635.241444 137.909147
65.300000 2.007355 0.599589 -649.368587 121.455877
65.350000 2.001709 0.360469 -670.516826 98.139526
65.400000 2.013626 0.399185 -665.620559 107.611692
65.450000 1.988541 0.681109 -637.671039 125.928560
65.500000 2.009144 0.642971 -651.920260 119.590844
65.550000 1.999017 0.428538 -674.986377 92.636239
65.600000 2.000360 0.536584 -659.121498 109.016677
65.650000 1.997594 0.644342 -645.924076 121.151840
65.700000 2.006540 0.613922 -650.941399 119.569945
65.750000 1.998399 0.721055 -637.676303 129.708972
65.800000 1.991143 0.507221 -665.614537 98.984400
65.850000 2.004295 0.730785 -638.486071 131.163104
65.900000 2.004774 0.630425 -651.679596 118.153794
65.950000 2.010466 0.535969 -662.493179 109.525781
66.000000 2.001082 0.610519 -647.904747 120.510620
66.050000 1.995013 0.643887 -649.197849 116.887140
66.100000 2.000078 0.774321 -644.195452 123.834498
66.150000 2.009223 0.657363 -658.361891 113.179746
66.200000 1.994800 0.764449 -641.450171 124.552943
66.250000 2.009310 0.593795 -665.215401 106.359709
66.300000 1.995867 0.590524 -667.082176 99.330654
66.350000 1.994167 0.712881 -657.287498 108.472491
66.400000 1.997848 0.695131 -663.614653 103.559149
66.450000 1.997970 0.774750 -653.748984 113.471504
66.500000 1.995557 0.725008 -659.225214 107.068773
66.550000 1.993167 0.886117 -637.190223 128.186041
66.600000 2.012401 0.678945 -655.230933 117.530992
66.650000 2.007688 0.691854 -643.717966 127.234204
66.700000 1.989219 0.593346 -655.406161 108.453793
66.750000 2.007319 0.791387 -637.361422 133.449183
66.800000 1.996377 0.786633 -645.667387 120.941443
66.850000 1.990765 0.990217 -633.960255 130.493449
66.900000 2.023637 1.127176 -618.080296 158.996139
66.950000 1.999192 0.855090 -640.628488 127.061081
67.000000 2.012190 0.760416 -644.862030 127.818845
67.050000 1.990983 0.599497 -658.520834 106.016500
67.100000 2.000684 0.511307 -675.398416 92.864394
67.150000 1.997791 0.885418 -634.900249 132.251509
67.200000 2.022386 0.796772 -644.128371 132.467873
67.250000 2.000166 0.408425 -681.786680 86.277004
67.300000 1.992466 0.569307 -656.824788 108.282334
67.350000 2.003338 0.496123 -667.485209 101.796550
67.400000 1.991507 0.800083 -630.630208 134.108609
67.450000 2.011818 0.577631 -664.549083 107.989147
