# t Temp Pres Epot Etot
0.000000 2.005115 28.151581 -2808.804380 -1304.968337
0.050000 1.995813 28.517105 -2772.869635 -1276.010215
0.100000 1.984664 28.842385 -2742.500228 -1254.002551
0.150000 1.998732 28.865540 -2743.618876 -1244.570156
0.200000 1.959040 29.768331 -2656.415115 -1187.135017
0.250000 2.027906 29.309596 -2708.830173 -1187.900776
0.300000 1.976487 28.596646 -2767.825460 -1285.460370
0.350000 2.020501 28.896080 -2742.889330 -1227.513782
0.400000 2.001368 28.726170 -2759.074376 -1258.048367
0.450000 1.999576 28.069259 -2816.209970 -1316.528040
0.500000 2.023621 29.070417 -2729.184863 -1211.469486
0.550000 1.990398 28.822396 -2745.373682 -1252.575138
0.600000 1.993052 29.092857 -2728.582450 -1233.793653
0.650000 2.001897 29.290694 -2707.748906 -1206.326387
0.700000 1.992168 29.456970 -2692.041995 -1197.915949
0.750000 2.012599 28.628779 -2769.073714 -1259.624638
0.800000 1.961807 29.332968 -2699.525070 -1228.170037
0.850000 2.005838 28.515717 -2775.183424 -1270.804973
0.900000 2.011240 28.795887 -2746.435313 -1238.005285
0.950000 1.988626 28.353597 -2792.827017 -1301.357831
1.000000 2.008559 27.872533 -2831.508002 -1325.088692
1.050000 1.989107 28.991591 -2734.594538 -1242.764051
1.100000 1.993418 29.069091 -2732.003727 -1236.939912
1.150000 1.979263 28.786554 -2751.603154 -1267.155929
1.200000 2.021283 28.862930 -2746.980305 -1231.018304
1.250000 2.032108 28.657373 -2768.119596 -1244.038862
1.300000 1.981403 29.229128 -2711.776568 -1225.724329
1.350000 2.029345 28.814263 -2749.154905 -1227.145889
1.400000 2.018146 28.838733 -2746.302671 -1232.693187
1.450000 1.985420 29.662677 -2671.904641 -1182.839775
1.500000 2.027452 28.382719 -2785.829784 -1265.240781
1.550000 1.995420 28.328128 -2793.800980 -1297.236135
1.600000 1.999730 29.051204 -2729.397377 -1229.599527
1.650000 2.013595 29.168629 -2718.320691 -1208.124644
1.700000 1.988040 28.179177 -2803.815120 -1312.785146
1.750000 2.023046 29.202197 -2719.623557 -1202.339364
1.800000 1.994206 28.451720 -2779.450837 -1283.796091
1.850000 1.987436 29.220883 -2715.332417 -1224.755310
1.900000 2.017976 29.161952 -2721.693392 -1208.211551
1.950000 2.014616 29.612083 -2682.518294 -1171.556363
2.000000 1.992036 28.699943 -2761.756661 -1267.729728
2.050000 2.014984 28.574992 -2776.046317 -1264.808013
2.100000 1.992706 28.482274 -2776.768801 -1282.239549
2.150000 1.995095 28.957898 -2734.355423 -1238.033950
2.200000 2.004973 29.209348 -2715.244380 -1211.514925
2.250000 1.987146 28.576958 -2770.511741 -1280.152354
2.300000 2.001714 28.965254 -2735.559631 -1234.274228
2.350000 2.002793 28.460884 -2780.805165 -1278.710247
2.400000 1.995084 29.182116 -2713.029144 -1216.716483
2.450000 1.997064 29.832735 -2660.131599 -1162.333506
2.500000 2.002014 29.653446 -2677.970582 -1176.460342
2.550000 2.018050 29.259170 -2708.140558 -1194.603253
2.600000 2.000166 28.207206 -2804.853998 -1304.729719
2.650000 2.013938 28.881713 -2739.926178 -1229.472752
2.700000 2.002203 27.942298 -2825.039992 -1323.387547
2.750000 1.980715 29.039126 -2725.092177 -1239.555975
2.800000 2.007525 29.394098 -2702.831597 -1197.187863
2.850000 2.005056 29.968515 -2653.768290 -1149.976064
2.900000 2.001920 28.478919 -2775.898750 -1274.458638
2.950000 2.004089 27.625069 -2854.411133 -1351.344414
3.000000 1.996889 28.576027 -2772.749500 -1275.082692
3.050000 1.993818 29.228012 -2715.434475 -1220.071283
3.100000 1.989431 29.449986 -2691.099197 -1199.025748
3.150000 2.026333 27.744669 -2844.419291 -1324.669819
3.200000 1.970285 29.047565 -2727.054658 -1249.340568
3.250000 1.996667 28.768403 -2752.973510 -1255.473193
3.300000 2.026239 28.588289 -2770.100863 -1250.421962
3.350000 1.982399 28.631555 -2764.375710 -1277.576248
3.400000 2.002633 28.223407 -2804.266643 -1302.291934
3.450000 2.035990 28.963140 -2737.210829 -1210.218458
3.500000 1.990777 29.084189 -2724.122014 -1231.039379
3.550000 2.002942 28.913199 -2740.051970 -1237.845650
3.600000 1.994433 29.054363 -2724.416896 -1228.592449
3.650000 2.009189 28.158089 -2804.230209 -1297.338708
3.700000 1.999158 28.677515 -2759.692361 -1260.323705
3.750000 1.986628 30.017913 -2636.769189 -1146.798162
3.800000 2.012820 29.501201 -2687.733977 -1178.118815
3.850000 2.028477 28.393921 -2784.948477 -1263.590909
3.900000 1.981917 28.099252 -2809.041695 -1322.604033
3.950000 1.979601 29.479256 -2686.558696 -1201.857582
4.000000 2.021644 29.545723 -2692.850250 -1176.616935
4.050000 2.023491 28.614817 -2770.729024 -1253.110935
4.100000 2.027127 28.488874 -2780.037247 -1259.692044
4.150000 1.985859 28.900487 -2742.561498 -1253.167569
4.200000 1.986415 29.002781 -2734.012579 -1244.201419
4.250000 1.992194 29.141331 -2718.247664 -1224.101928
4.300000 2.013890 28.939130 -2738.631450 -1228.214279
4.350000 2.003496 28.384329 -2787.060421 -1284.438718
4.400000 1.987739 28.366261 -2790.033765 -1299.229303
4.450000 1.996817 29.149093 -2719.330138 -1221.717182
4.500000 1.998659 29.129413 -2724.083840 -1225.089829
4.550000 2.039391 27.856133 -2836.073898 -1306.530695
4.600000 2.018283 28.669820 -2764.371290 -1250.659124
4.650000 1.979467 28.863410 -2743.062270 -1258.461771
4.700000 1.991088 28.127334 -2802.943571 -1309.627732
4.750000 1.996035 29.189645 -2719.494045 -1222.467861
4.800000 2.000855 30.102205 -2636.225220 -1135.583753
4.850000 2.000423 29.834608 -2656.322562 -1156.004988
4.900000 2.015120 28.829881 -2750.565736 -1239.225856
4.950000 1.962757 28.837070 -2741.345881 -1269.278074
5.000000 2.013007 28.123279 -2809.232418 -1299.477005
5.050000 2.023527 28.459657 -2786.456753 -1268.811814
5.100000 1.968350 28.714275 -2751.982632 -1275.719897
5.150000 2.038289 28.797610 -2749.461776 -1220.745079
5.200000 1.991879 28.755903 -2755.972368 -1262.062969
5.250000 2.003944 28.841426 -2745.808781 -1242.850710
5.300000 1.997525 29.527511 -2689.128930 -1190.985418
5.350000 2.002557 28.381781 -2781.810666 -1279.892639
5.400000 1.989674 28.846316 -2745.059512 -1252.803817
5.450000 1.978441 29.610227 -2680.713490 -1196.883054
5.500000 2.004237 28.498422 -2777.903430 -1274.725592
5.550000 2.039629 29.267348 -2711.932014 -1182.210596
5.600000 2.001466 29.076280 -2726.375499 -1225.276022
5.650000 1.988539 28.428359 -2779.683097 -1288.278604
5.700000 2.017167 28.824690 -2752.153203 -1239.277995
5.750000 1.998325 28.618382 -2762.164097 -1263.420560
5.800000 2.017650 28.752544 -2752.992922 -1239.755740
5.850000 1.983361 29.088098 -2727.864695 -1240.344310
5.900000 1.992385 29.190662 -2713.023649 -1218.735087
5.950000 1.975008 29.509117 -2683.839868 -1202.584053
6.000000 1.998426 28.518824 -2773.332147 -1274.512906
6.050000 1.993530 28.736116 -2756.424997 -1261.277808
6.100000 2.012201 28.552065 -2770.963055 -1261.812016
6.150000 2.002906 28.021373 -2819.770266 -1317.591060
6.200000 1.998736 28.716525 -2758.659320 -1259.607628
6.250000 2.008490 29.557896 -2689.397854 -1183.030258
6.300000 1.984729 27.813979 -2836.256531 -1347.709727
6.350000 1.984744 29.203142 -2714.468444 -1225.910629
6.400000 2.018677 29.646227 -2672.670031 -1158.662588
6.450000 1.991780 28.715982 -2756.799964 -1262.965127
6.500000 1.994341 27.986419 -2822.190117 -1326.434287
6.550000 1.987821 29.209523 -2711.880200 -1221.014394
6.600000 2.001747 28.828609 -2750.206550 -1248.896050
6.650000 2.011264 28.848861 -2745.991511 -1237.543254
6.700000 2.004510 28.961341 -2737.690171 -1234.307575
6.750000 2.022959 28.893511 -2739.222552 -1222.003125
6.800000 2.005191 27.874168 -2830.831804 -1326.938914
6.850000 1.960075 28.790344 -2742.340488 -1272.284296
6.900000 2.009839 28.443957 -2783.530239 -1276.151177
6.950000 1.992380 30.382946 -2612.303680 -1118.018694
7.000000 1.977922 28.674396 -2763.564103 -1280.122340
7.050000 2.032609 28.297683 -2802.399255 -1277.942378
7.100000 1.993654 28.857051 -2741.710790 -1246.469990
7.150000 1.988141 27.675437 -2843.490274 -1352.384347
7.200000 1.983977 29.305799 -2703.827319 -1215.844355
7.250000 1.986821 29.962482 -2650.271335 -1160.155716
7.300000 2.036310 29.724678 -2671.147552 -1143.915034
7.350000 2.006421 28.929156 -2738.440724 -1233.624700
7.400000 2.002370 28.257837 -2797.605684 -1295.828147
7.450000 2.000409 29.366849 -2700.816948 -1200.510079
7.500000 1.980030 18.083817 -2933.737193 -1448.714716
7.550000 1.994792 18.447850 -2896.829153 -1400.735318
7.600000 2.015145 17.494632 -2986.869873 -1475.510851
7.650000 1.984577 18.305326 -2913.054147 -1424.621127
7.700000 1.967804 18.303596 -2909.153107 -1433.299811
7.750000 2.010941 17.817278 -2960.350774 -1452.145205
7.800000 2.017887 17.920759 -2946.329425 -1432.914109
7.850000 2.017093 17.271841 -3012.110891 -1499.291046
7.900000 2.011457 17.149792 -3024.749520 -1516.156899
7.950000 1.996217 17.340250 -3003.422664 -1506.259746
8.000000 2.021903 17.409435 -2992.565385 -1476.138485
8.050000 1.999489 16.747497 -3057.413622 -1557.797192
8.100000 2.004149 18.135061 -2935.379715 -1432.268162
8.150000 2.003149 18.731141 -2873.782500 -1371.420735
8.200000 2.017777 18.335236 -2910.999311 -1397.666278
8.250000 2.005778 17.683736 -2970.570412 -1466.236782
8.300000 2.004903 17.085047 -3025.213284 -1521.536032
8.350000 1.985245 17.602074 -2973.250278 -1484.316757
8.400000 2.000149 17.699644 -2966.729970 -1466.618275
8.450000 2.010047 16.989196 -3040.200277 -1532.664913
8.500000 1.992820 17.857250 -2952.096328 -1457.481637
8.550000 2.011768 18.283327 -2912.129177 -1403.302863
8.600000 1.993125 17.578895 -2979.546040 -1484.702536
8.650000 2.003094 17.385148 -2994.671434 -1492.350924
8.700000 2.011052 17.409389 -2992.236194 -1483.946849
8.750000 1.984899 18.102450 -2930.216049 -1441.541644
8.800000 1.987155 18.091478 -2929.653627 -1439.287052
8.850000 2.007909 17.845622 -2961.931677 -1456.000117
8.900000 2.019055 17.650961 -2978.905449 -1464.614417
8.950000 2.001860 16.250668 -3103.555273 -1602.160048
9.000000 1.969004 17.874876 -2948.702134 -1471.949079
9.050000 2.013505 18.720518 -2874.056354 -1363.927421
9.100000 1.991135 17.442052 -2994.026547 -1500.675229
9.150000 1.996737 18.050211 -2940.556999 -1443.004321
9.200000 1.997494 17.896243 -2951.206449 -1453.085850
9.250000 2.009493 18.177810 -2930.128106 -1423.008389
9.300000 2.005067 17.084588 -3030.765272 -1526.964776
9.350000 2.004581 18.466072 -2897.236022 -1393.800003
9.400000 1.995070 17.940151 -2946.497752 -1450.195249
9.450000 2.000351 17.428896 -2997.740222 -1497.476976
9.500000 1.993908 17.816160 -2960.743836 -1465.313033
9.550000 1.993585 17.740691 -2961.954369 -1466.765498
9.600000 1.997593 18.567532 -2888.976197 -1390.781531
9.650000 2.002841 18.072442 -2934.069853 -1431.939065
9.700000 2.006790 18.434295 -2907.041345 -1401.948996
9.750000 2.005556 18.167700 -2928.601080 -1424.434248
9.800000 1.983255 17.507097 -2988.311267 -1500.869793
9.850000 1.999535 17.926495 -2949.369247 -1449.718141
9.900000 2.003011 17.412739 -2995.584685 -1493.326583
9.950000 1.988003 17.564731 -2980.122028 -1489.119974
10.000000 2.029096 17.625979 -2975.769116 -1453.947336
10.050000 1.999284 17.460573 -2988.393843 -1488.931075
10.100000 2.000294 17.817868 -2953.349912 -1453.129774
10.150000 1.975664 17.808149 -2955.544249 -1473.795990
10.200000 2.005292 17.879981 -2949.962501 -1445.993303
10.250000 1.977576 18.353986 -2904.904571 -1421.722248
10.300000 2.011819 17.712020 -2965.019551 -1456.155038
10.350000 2.006680 17.470551 -2986.644949 -1481.634729
10.400000 1.998043 17.477144 -2987.830332 -1489.298279
10.450000 1.987824 17.858837 -2956.633831 -1465.765701
10.500000 2.022837 18.696434 -2879.547002 -1362.419470
10.550000 1.997011 18.433521 -2894.526832 -1396.768624
10.600000 2.015419 17.702991 -2966.816723 -1455.252345
10.650000 2.006911 17.466620 -2993.975163 -1488.791686
10.700000 1.997085 17.469289 -2987.692497 -1489.879082
10.750000 2.011103 17.376480 -2995.125245 -1486.797730
10.800000 1.991754 16.829965 -3045.799446 -1551.983896
10.850000 1.993979 17.594828 -2975.110159 -1479.625574
10.900000 2.000296 17.850412 -2957.065405 -1456.843776
10.950000 1.978824 18.158675 -2918.290553 -1434.172390
11.000000 2.017505 16.747384 -3057.368843 -1544.239768
11.050000 1.998281 17.392948 -2995.653979 -1496.942884
11.100000 1.987480 17.558222 -2979.305357 -1488.695015
11.150000 2.001400 18.324849 -2914.911749 -1413.861822
11.200000 1.995101 17.877395 -2953.518356 -1457.192599
11.250000 2.021566 17.252846 -3005.914983 -1489.740817
11.300000 1.984856 17.906775 -2944.998177 -1456.356470
11.350000 1.974605 18.387653 -2902.702537 -1421.748898
11.400000 2.017476 17.767237 -2969.209979 -1456.103290
11.450000 1.998918 17.819405 -2959.167126 -1459.978968
11.500000 2.029035 17.993577 -2942.755198 -1420.979116
11.550000 1.996430 18.260989 -2914.752201 -1417.429356
11.600000 2.008337 17.305236 -3004.719183 -1498.466803
11.650000 2.003590 17.025388 -3033.443373 -1530.751211
11.700000 2.004032 17.495389 -2988.628068 -1485.604286
11.750000 1.983529 17.319091 -3005.674395 -1518.027286
11.800000 1.998458 17.448199 -2998.287105 -1499.443835
11.850000 2.003652 17.699433 -2969.321656 -1466.582568
11.900000 1.969079 18.510430 -2881.611504 -1404.801957
11.950000 2.007255 18.848374 -2866.873365 -1361.432039
12.000000 2.000696 18.146994 -2933.821569 -1433.299597
12.050000 1.994048 17.733878 -2962.707486 -1467.171686
12.100000 2.000469 17.425946 -2991.262996 -1490.911178
12.150000 2.002178 17.421838 -2995.027991 -1493.394387
12.200000 1.968318 18.266123 -2906.838261 -1430.600061
12.250000 2.001193 18.270098 -2910.397048 -1409.502665
12.300000 2.007205 18.194999 -2923.043091 -1417.639434
12.350000 2.006242 16.922882 -3037.940752 -1533.259155
12.400000 2.009232 17.069146 -3032.686034 -1525.761700
12.450000 1.972176 18.311960 -2911.877666 -1432.745488
12.500000 2.004412 17.905295 -2944.374140 -1441.065168
12.550000 1.992135 17.367879 -2992.463556 -1498.362254
12.600000 2.006213 16.699766 -3060.514251 -1555.854491
12.650000 1.985881 17.665306 -2970.682490 -1481.271709
12.700000 2.000889 17.594647 -2978.450564 -1477.783763
12.750000 1.999518 18.347244 -2912.710654 -1413.072225
12.800000 2.001470 17.079998 -3029.131879 -1528.029556
12.850000 1.979609 18.110776 -2927.937822 -1443.231081
12.900000 2.014614 17.680819 -2973.850685 -1462.889953
12.950000 1.994341 16.454441 -3087.840490 -1592.084604
13.000000 1.993822 18.025384 -2939.637490 -1444.271147
13.050000 2.002252 17.787082 -2963.630624 -1461.941429
13.100000 1.993390 18.889003 -2855.618751 -1360.576494
13.150000 2.011429 17.826502 -2951.941287 -1443.369481
13.200000 2.009683 18.501098 -2896.066114 -1388.803843
13.250000 2.009903 16.881522 -3043.664736 -1536.237672
13.300000 2.011548 16.861708 -3046.736792 -1538.075818
13.350000 1.998161 17.473617 -2983.446235 -1484.825400
13.400000 1.987822 17.634654 -2975.249365 -1484.383205
13.450000 1.998586 17.985123 -2944.783692 -1445.844389
13.500000 1.986795 19.555788 -2802.664911 -1312.569010
13.550000 2.017461 18.272532 -2923.864830 -1410.768897
13.600000 2.029025 17.606714 -2980.075559 -1458.307082
13.650000 2.002315 17.137529 -3017.168048 -1515.432007
13.700000 1.977961 17.316413 -2999.036612 -1515.566047
13.750000 2.007848 17.483018 -2985.006912 -1479.120691
13.800000 1.970495 17.568136 -2973.573792 -1495.702400
13.850000 2.000071 18.522427 -2895.618669 -1395.565323
13.900000 2.042955 17.638358 -2978.610735 -1446.394155
13.950000 2.002594 17.467168 -2983.872676 -1481.927345
14.000000 2.002616 17.610334 -2980.220513 -1478.258692
14.050000 2.026407 15.848682 -3142.062879 -1622.257823
14.100000 1.973229 17.556436 -2978.856397 -1498.934656
14.150000 2.019752 18.246257 -2920.534318 -1405.720029
14.200000 1.985259 18.429408 -2895.253373 -1406.309342
14.250000 2.020480 18.150989 -2927.418372 -1412.058027
14.300000 2.004498 17.335602 -3005.019505 -1501.645939
14.350000 1.987985 17.699764 -2972.031984 -1481.043593
14.400000 1.994307 18.458487 -2897.895456 -1402.164879
14.450000 2.011626 17.095354 -3024.802582 -1516.082889
14.500000 1.998389 18.048418 -2932.777463 -1433.986009
14.550000 1.993504 16.879936 -3043.731995 -1548.604262
14.600000 1.999860 17.563340 -2978.816196 -1478.921074
14.650000 2.003367 17.386321 -2994.787505 -1492.262123
14.700000 2.007538 17.601009 -2975.125377 -1469.471721
14.750000 1.999819 17.369596 -2999.240664 -1499.376356
14.800000 1.996781 17.953805 -2944.999658 -1447.413628
14.850000 1.991684 17.631293 -2979.837853 -1486.075008
14.900000 2.012202 18.462091 -2905.703594 -1396.552419
14.950000 2.021227 18.107436 -2940.154481 -1424.234399
15.000000 2.001602 14.935488 -2546.256732 -1045.054873
15.050000 2.014019 14.710477 -2568.704297 -1058.190084
15.100000 2.006417 14.385898 -2604.728708 -1099.916215
15.150000 1.999518 14.442642 -2601.442088 -1101.803369
15.200000 2.012692 15.600928 -2482.531678 -973.012991
15.250000 1.988850 15.032712 -2537.527551 -1045.889893
15.300000 2.011839 15.114463 -2532.386152 -1023.507072
15.350000 2.019381 14.330858 -2613.734653 -1099.198645
15.400000 1.985118 14.546308 -2583.754273 -1094.916011
15.450000 2.015621 13.886019 -2654.685693 -1142.969673
15.500000 2.008213 14.767851 -2569.245157 -1063.085110
15.550000 2.000483 14.535371 -2591.513566 -1091.151182
15.600000 2.024717 14.318056 -2616.571918 -1098.033874
15.650000 1.994933 13.916260 -2658.887724 -1162.687860
15.700000 1.978424 15.771966 -2460.072890 -976.254544
15.750000 1.988798 14.982330 -2555.889282 -1064.291105
15.800000 2.027039 14.968796 -2553.839647 -1033.560545
15.850000 2.008248 15.364410 -2511.998416 -1005.812192
15.900000 1.997484 15.165661 -2530.345841 -1032.232761
15.950000 2.006598 15.147163 -2524.542540 -1019.594151
16.000000 2.000205 14.433019 -2599.227172 -1099.073783
16.050000 1.999835 15.473065 -2495.957360 -996.081105
16.100000 1.996352 14.617093 -2583.087635 -1085.823522
16.150000 1.990126 15.508373 -2493.907003 -1001.312561
16.200000 2.006806 15.099349 -2537.052867 -1031.948399
16.250000 2.002717 15.170350 -2523.326577 -1021.288560
16.300000 1.981095 15.232489 -2516.687819 -1030.866750
16.350000 1.996739 15.354900 -2512.473595 -1014.919345
16.400000 2.011380 15.290445 -2522.313908 -1013.779050
16.450000 2.007025 15.117972 -2534.022438 -1028.753828
16.500000 1.985388 15.439315 -2497.135851 -1008.094894
16.550000 1.999527 15.524604 -2493.724838 -994.079718
16.600000 2.010521 14.816265 -2570.270576 -1062.379481
16.650000 1.989850 14.956531 -2555.557535 -1063.170101
16.700000 2.002397 14.863947 -2566.523083 -1064.725669
16.750000 1.995721 15.520257 -2492.442647 -995.651733
16.800000 2.021909 15.908305 -2458.182272 -941.750644
16.850000 2.008528 14.624811 -2582.105160 -1075.709170
16.900000 1.994548 15.159780 -2526.578749 -1030.667560
16.950000 2.005332 14.856566 -2561.820311 -1057.821605
17.000000 1.999370 14.996545 -2554.612807 -1055.085101
17.050000 1.998000 15.303847 -2523.327710 -1024.827542
17.100000 1.988920 15.814680 -2472.549334 -980.859149
17.150000 2.023365 15.184258 -2537.786937 -1020.263540
17.200000 2.017337 14.776593 -2571.016504 -1058.013602
17.250000 1.973277 15.320617 -2509.065157 -1029.107517
17.300000 1.980364 14.437886 -2606.542187 -1121.269358
17.350000 2.001999 14.758637 -2564.867250 -1063.368198
17.400000 1.967625 15.018993 -2533.712190 -1057.993303
17.450000 2.007735 15.426378 -2505.530937 -999.729932
17.500000 1.995302 15.656117 -2479.765726 -983.289384
17.550000 1.993821 16.037346 -2444.641519 -949.275800
17.600000 2.008688 15.019087 -2548.854936 -1042.339192
17.650000 2.007684 14.661121 -2588.076473 -1082.313225
17.700000 2.030987 14.810435 -2570.923448 -1047.683141
17.750000 1.966750 15.488287 -2490.409994 -1015.347189
17.800000 1.993748 15.322618 -2515.489451 -1020.178081
17.850000 1.991374 15.725660 -2480.285191 -986.754418
17.900000 2.011515 15.401077 -2512.413057 -1003.776604
17.950000 1.999603 15.516541 -2501.918488 -1002.216307
18.000000 1.987623 16.015377 -2455.631974 -964.915085
18.050000 2.006396 16.104817 -2440.620380 -935.823739
18.100000 2.008298 15.792471 -2467.750087 -961.526881
18.150000 2.002420 15.451740 -2504.159996 -1002.345316
18.200000 2.002540 16.013271 -2453.478181 -951.572953
18.250000 2.010906 15.443024 -2502.785543 -994.605930
18.300000 1.997326 14.966915 -2550.431110 -1052.436840
18.350000 2.008284 15.923032 -2454.266261 -948.053039
18.400000 2.020686 15.508983 -2496.717895 -981.203257
18.450000 2.021133 14.965228 -2543.287501 -1027.437911
18.500000 1.978358 16.115916 -2426.514050 -942.745741
18.550000 2.003275 15.832549 -2468.132750 -965.676427
18.600000 2.008953 15.796401 -2471.805424 -965.090868
18.650000 2.008918 14.879573 -2556.849516 -1050.161382
18.700000 2.020287 15.158767 -2519.621349 -1004.406472
18.750000 1.984528 14.873186 -2558.502959 -1070.107282
18.800000 2.022288 14.836245 -2566.944249 -1050.228455
18.850000 1.990198 15.126940 -2528.203944 -1035.555528
18.900000 1.997796 16.005122 -2447.242955 -948.896058
18.950000 1.997468 15.456878 -2503.394690 -1005.293837
19.000000 2.003751 15.111472 -2544.547729 -1041.734186
19.050000 2.003134 15.512056 -2496.617774 -994.267520
19.100000 1.990925 15.822109 -2462.969946 -969.776163
19.150000 1.999109 15.737397 -2479.566926 -980.235242
19.200000 2.010224 15.493872 -2500.068188 -992.399914
19.250000 1.993812 15.242345 -2524.316985 -1028.957828
19.300000 2.009286 15.081129 -2543.943820 -1036.979202
19.350000 1.990860 16.007127 -2451.567005 -958.421825
19.400000 2.011019 15.626406 -2489.046646 -980.782528
19.450000 1.982281 15.090371 -2541.453527 -1054.742778
19.500000 1.998101 15.587796 -2494.095011 -995.518979
19.550000 1.989776 15.778295 -2462.372275 -970.040052
19.600000 2.000776 15.658631 -2486.237979 -985.655896
19.650000 2.012528 14.959123 -2561.676560 -1052.280654
19.700000 2.001647 15.169062 -2527.838357 -1026.603295
19.750000 1.995238 16.302880 -2414.424291 -917.995468
19.800000 2.005706 16.181039 -2430.288823 -926.009670
19.850000 2.011696 14.682502 -2581.899876 -1073.127744
19.900000 1.997152 15.003578 -2541.225961 -1043.362275
19.950000 2.016215 14.892107 -2559.598061 -1047.437085
20.000000 1.986205 14.802716 -2572.482953 -1082.828992
20.050000 2.011051 14.862947 -2566.377468 -1058.089281
20.100000 1.981916 15.831822 -2467.741128 -981.304055
20.150000 2.024714 15.322009 -2522.982263 -1004.446661
20.200000 1.979612 15.163971 -2530.407205 -1045.698323
20.250000 2.019988 15.256132 -2515.261880 -1000.270700
20.300000 1.972238 14.828761 -2560.050593 -1080.872194
20.350000 2.034869 14.915586 -2557.269005 -1031.117582
20.400000 1.974897 14.682654 -2575.964030 -1094.791574
20.450000 2.005552 15.706499 -2472.218503 -968.054156
20.500000 1.996221 15.048787 -2534.746222 -1037.580460
20.550000 2.001719 15.903628 -2447.109605 -945.820213
20.600000 1.976444 14.958161 -2552.375230 -1070.041912
20.650000 1.994806 16.241874 -2423.307140 -927.202664
20.700000 2.030776 15.343746 -2516.473122 -993.390878
20.750000 1.990191 15.419048 -2506.858591 -1014.215435
20.800000 2.018258 15.551958 -2494.165675 -980.472175
20.850000 1.984291 16.063784 -2433.078746 -944.860210
20.900000 2.009768 16.319992 -2409.654993 -902.329086
20.950000 2.002176 16.480117 -2399.510739 -897.878402
21.000000 2.018290 15.742140 -2485.990483 -972.273312
21.050000 1.991439 14.943685 -2553.492511 -1059.913569
21.100000 1.996212 14.895008 -2553.642012 -1056.483025
21.150000 1.981008 15.491304 -2492.711824 -1006.956119
21.200000 2.010642 15.221323 -2520.608606 -1012.627033
21.250000 2.017570 15.206827 -2519.033237 -1005.855473
21.300000 1.980649 15.220580 -2522.533672 -1037.046615
21.350000 2.014316 16.047193 -2444.076933 -933.339792
21.400000 1.997989 15.290996 -2510.680045 -1012.188083
21.450000 1.992431 14.491784 -2607.411112 -1113.087832
21.500000 1.998715 14.773178 -2582.194688 -1083.158350
21.550000 2.010637 15.850383 -2461.369882 -953.392000
21.600000 1.981345 15.935734 -2449.348363 -963.339833
21.650000 2.009653 15.233876 -2532.705967 -1025.466171
21.700000 2.001546 15.568822 -2494.702876 -993.543056
21.750000 1.995598 15.248857 -2532.751617 -1036.053138
21.800000 1.991886 15.520068 -2497.384114 -1003.469551
21.850000 1.991231 15.174517 -2523.022335 -1029.598959
21.900000 1.985679 15.029257 -2541.146817 -1051.887808
21.950000 2.006591 14.641122 -2581.260119 -1076.316956
22.000000 1.974791 15.605310 -2480.453779 -999.360315
22.050000 1.986523 16.058897 -2441.459140 -951.566943
22.100000 2.024585 15.761260 -2465.721691 -947.282610
22.150000 1.987366 15.446139 -2497.677577 -1007.153066
22.200000 1.987763 16.002884 -2444.745456 -953.923360
22.250000 1.999954 16.033000 -2444.336596 -944.371446
22.300000 2.016236 16.445277 -2400.334886 -888.157718
22.350000 2.017406 15.355368 -2514.552048 -1001.497614
22.400000 1.996674 15.594256 -2492.068568 -994.563151
22.450000 2.000882 15.598447 -2489.446845 -988.785626
22.500000 1.995235 9.161010 -2509.377253 -1012.950772
22.550000 2.001744 8.977698 -2531.359650 -1030.051787
22.600000 1.998099 9.361028 -2490.902040 -992.328126
22.650000 1.994906 10.375317 -2389.654685 -893.474936
22.700000 1.991867 10.560308 -2373.160397 -879.260405
22.750000 2.017425 10.487643 -2383.234364 -870.165434
22.800000 2.014402 10.273435 -2406.584015 -895.782815
22.850000 2.001734 9.689105 -2465.827271 -964.526551
22.900000 1.991639 9.330830 -2498.216037 -1004.487112
22.950000 1.996064 9.267674 -2498.067988 -1001.020219
23.000000 2.021741 9.146805 -2510.133677 -993.827573
23.050000 1.997688 9.218808 -2509.950292 -1011.684299
23.100000 1.993358 9.972128 -2434.054602 -939.036286
23.150000 2.002731 9.650170 -2466.856050 -964.807443
23.200000 1.990325 8.817129 -2550.437922 -1057.694251
23.250000 2.003358 8.934271 -2535.720201 -1033.201422
23.300000 2.000608 9.582352 -2461.867235 -961.411516
23.350000 1.987887 9.263148 -2499.175965 -1008.260617
23.400000 2.027237 8.907438 -2539.799752 -1019.371995
23.450000 1.976962 8.839273 -2541.801968 -1059.080363
23.500000 1.994624 9.599831 -2458.979740 -963.011928
23.550000 2.002122 9.609112 -2463.745966 -962.154164
23.600000 2.013491 9.259964 -2503.521340 -993.402850
23.650000 2.008412 8.556579 -2577.018581 -1070.709292
23.700000 2.010128 8.733546 -2553.596326 -1045.999971
23.750000 2.001092 8.601884 -2568.540042 -1067.721037
23.800000 1.997488 8.993967 -2527.280875 -1029.165063
23.850000 1.995778 8.769970 -2554.872099 -1058.038309
23.900000 1.984698 9.115668 -2517.079148 -1028.555575
23.950000 1.997422 9.411263 -2490.435222 -992.369083
24.000000 2.019252 9.654414 -2458.088141 -943.649037
24.050000 2.003394 9.150983 -2507.976804 -1005.431582
24.100000 1.999710 9.127631 -2506.929641 -1007.147396
24.150000 1.992837 8.486479 -2582.182185 -1087.554105
24.200000 2.009267 9.082790 -2517.201261 -1010.251331
24.250000 1.983725 9.052601 -2522.681903 -1034.888478
24.300000 2.004839 9.164255 -2523.593414 -1019.964223
24.350000 2.001085 8.984491 -2550.893954 -1050.080339
24.400000 1.986640 9.365630 -2500.403125 -1010.422831
24.450000 2.014075 10.302184 -2387.641527 -877.085509
24.500000 2.003930 9.518788 -2480.376780 -977.429555
24.550000 2.014801 9.214188 -2515.358305 -1004.257329
24.600000 1.996824 8.867134 -2555.656855 -1058.038854
24.650000 1.998812 8.972957 -2541.379083 -1042.269764
24.700000 1.989254 9.214555 -2514.245150 -1022.304857
24.750000 2.000434 9.456855 -2479.256307 -978.930465
24.800000 2.012339 9.270298 -2503.947462 -994.692981
24.850000 1.984633 9.106966 -2514.887663 -1026.412973
24.900000 1.993548 8.503923 -2579.956886 -1084.796161
24.950000 1.979387 8.589161 -2578.286644 -1093.746047
25.000000 2.015991 9.637950 -2465.665970 -953.672765
25.050000 2.002144 9.057327 -2522.227479 -1020.619786
25.100000 2.001157 9.232235 -2500.071553 -999.203909
25.150000 2.021632 8.733883 -2553.811010 -1037.587017
25.200000 1.989931 8.627977 -2554.078369 -1061.629871
25.250000 1.988637 8.762621 -2542.491922 -1051.013995
25.300000 2.008238 9.371958 -2472.794574 -966.615891
25.350000 2.007021 9.116463 -2498.598346 -993.332445
25.400000 1.996110 9.224289 -2497.473384 -1000.390742
25.450000 2.011021 9.113839 -2521.770829 -1013.504993
25.500000 2.006528 9.326249 -2491.354039 -986.457941
25.550000 1.981354 8.866740 -2541.499017 -1055.483639
25.600000 2.005079 9.073664 -2516.370750 -1012.561713
25.650000 2.015729 8.779000 -2555.462803 -1043.665680
25.700000 1.990607 9.441239 -2486.686717 -993.731349
25.750000 1.999420 9.388842 -2503.455271 -1003.890240
25.800000 1.996453 9.420786 -2489.159930 -991.820080
25.850000 1.994302 9.084177 -2533.056271 -1037.329996
25.900000 1.986164 9.329289 -2501.230732 -1011.607974
25.950000 2.010753 9.042240 -2529.581363 -1021.516454
26.000000 1.993465 9.156731 -2508.710013 -1013.610984
26.050000 1.998234 9.092004 -2517.233171 -1018.557342
26.100000 1.991220 9.193176 -2496.004316 -1002.589499
26.150000 1.995021 9.387336 -2482.146435 -985.880636
26.200000 1.996645 8.905473 -2541.780795 -1044.297283
26.250000 2.012326 8.918647 -2536.578528 -1027.334285
26.300000 1.994944 9.037963 -2523.429233 -1027.221511
26.350000 2.004884 8.995391 -2531.538543 -1027.875757
26.400000 2.007032 9.188723 -2506.645795 -1001.372134
26.450000 2.014397 9.520503 -2466.773033 -955.975374
26.500000 1.970974 9.604710 -2458.682966 -980.452780
26.550000 2.017994 9.590091 -2476.780364 -963.284695
26.600000 1.990810 9.267923 -2506.097937 -1012.990514
26.650000 2.008454 9.228810 -2511.050549 -1004.710342
26.700000 1.986012 9.731022 -2447.158827 -957.649786
26.750000 2.000573 8.659909 -2572.684353 -1072.254272
26.800000 2.016253 8.663911 -2566.195281 -1054.005425
26.850000 1.987373 8.816698 -2544.440189 -1053.910274
26.900000 1.978120 9.199738 -2514.245274 -1030.655021
26.950000 2.012792 9.174219 -2518.712449 -1009.118256
27.000000 1.994228 9.174851 -2509.265471 -1013.594302
27.050000 1.998838 9.104342 -2528.852529 -1029.723886
27.100000 1.997244 9.144631 -2515.455620 -1017.522893
27.150000 2.012707 8.859448 -2540.997911 -1031.467627
27.200000 1.989200 8.774977 -2541.312002 -1049.412096
27.250000 1.986896 9.165378 -2504.850266 -1014.678586
27.300000 2.014008 9.265047 -2493.027996 -982.521736
27.350000 1.998030 9.225574 -2501.492998 -1002.970405
27.400000 2.002678 8.587256 -2579.730426 -1077.721685
27.450000 2.011089 8.857838 -2546.863445 -1038.546752
27.500000 1.994636 8.758754 -2543.724165 -1047.747283
27.550000 1.993634 9.062862 -2512.835510 -1017.609893
27.600000 1.999962 9.471974 -2470.689544 -970.717949
27.650000 1.996221 9.468609 -2480.564142 -983.398202
27.700000 1.990145 9.629938 -2461.235733 -968.626950
27.750000 2.000249 9.807637 -2445.473745 -945.286802
27.800000 2.013595 8.987549 -2530.977006 -1020.780773
27.850000 2.005015 9.194147 -2501.774111 -998.012642
27.900000 1.995428 8.966056 -2533.947448 -1037.376212
27.950000 1.992445 9.396690 -2478.623903 -984.289991
28.000000 2.014191 8.855208 -2539.369710 -1028.726507
28.050000 2.003238 8.911578 -2535.257799 -1032.829040
28.100000 1.995685 8.601850 -2569.238105 -1072.474500
28.150000 1.995158 9.411995 -2475.659300 -979.290796
28.200000 1.985351 9.720562 -2459.097177 -970.084035
28.250000 2.012567 9.364873 -2494.939731 -985.514218
28.300000 2.007519 9.507292 -2472.379751 -966.740336
28.350000 1.996334 9.576838 -2463.005351 -965.754549
28.400000 2.010093 8.761580 -2552.918797 -1045.349412
28.450000 1.999588 8.934654 -2534.730145 -1035.038823
28.500000 1.997314 9.450999 -2485.403590 -987.417874
28.550000 2.004944 9.730313 -2456.406972 -952.699303
28.600000 2.006963 9.336438 -2494.653928 -989.431985
28.650000 1.999182 8.900183 -2538.214058 -1038.827845
28.700000 2.013020 8.884154 -2537.416411 -1027.651098
28.750000 2.002093 8.302459 -2601.308801 -1099.738936
28.800000 1.970613 9.380943 -2476.648314 -998.688277
28.850000 2.026906 8.773483 -2557.977816 -1037.798592
28.900000 1.991296 8.584928 -2584.377402 -1090.905638
28.950000 1.987485 9.397883 -2492.477039 -1001.863315
29.000000 1.982146 9.522356 -2473.600530 -986.991303
29.050000 2.008578 9.437061 -2483.096563 -976.663130
29.100000 2.008492 8.406649 -2589.417358 -1083.048494
29.150000 2.000130 8.803989 -2530.205591 -1030.108092
29.200000 1.980612 9.344352 -2476.329303 -990.870128
29.250000 2.012938 9.640008 -2447.499548 -937.796269
29.300000 2.005971 8.982803 -2520.071418 -1015.592932
29.350000 2.014138 8.827885 -2550.042782 -1039.439422
29.400000 1.985899 8.714469 -2560.646885 -1071.222589
29.450000 1.997788 9.025913 -2528.832526 -1030.491654
29.500000 1.992528 9.249618 -2502.769011 -1008.372701
29.550000 2.002465 9.486628 -2478.407685 -976.559203
29.600000 2.010603 9.392309 -2492.518730 -984.566639
29.650000 1.980564 9.189308 -2509.638443 -1024.215577
29.700000 2.019443 8.776721 -2553.386059 -1038.803707
29.750000 2.016794 9.254912 -2489.967267 -977.371447
29.800000 2.007171 9.272394 -2494.727510 -989.348920
29.850000 2.007233 8.731447 -2554.549000 -1049.124422
29.900000 1.987601 8.465505 -2572.989915 -1082.289412
29.950000 1.964541 9.305862 -2490.733693 -1017.327818
30.000000 2.005835 5.319221 -2359.704617 -855.328461
30.050000 1.999552 5.199799 -2373.802612 -874.138964
30.100000 1.975129 5.092884 -2384.500611 -903.153779
30.150000 1.990932 5.417726 -2352.414287 -859.215471
30.200000 2.021800 5.500201 -2347.129822 -830.779455
30.250000 1.990788 5.152619 -2395.438766 -902.347616
30.300000 1.999541 5.264637 -2389.036535 -889.380822
30.350000 1.996361 5.211963 -2391.204191 -893.933439
30.400000 1.998916 5.170156 -2400.668448 -901.481594
30.450000 2.018816 5.820243 -2328.011598 -813.899643
30.500000 2.013986 5.421806 -2375.442545 -864.953026
30.550000 1.995670 5.008746 -2415.594044 -918.841403
30.600000 2.008596 5.138245 -2397.949088 -891.502438
30.650000 2.007788 5.302037 -2375.520791 -869.679548
30.700000 1.993055 4.846575 -2435.164808 -940.373368
30.750000 1.999749 5.683523 -2334.313868 -834.502223
30.800000 1.991265 5.251180 -2396.095546 -902.646892
30.850000 2.013655 5.683136 -2333.716300 -823.474827
30.900000 1.982199 5.360729 -2367.009449 -880.360042
30.950000 2.003954 5.338577 -2371.144747 -868.178898
31.000000 2.010968 5.232122 -2387.916125 -879.689931
31.050000 1.981337 5.504138 -2357.109640 -871.107213
31.100000 1.994553 5.779341 -2337.346150 -841.431128
31.150000 2.019742 5.936861 -2312.211862 -797.405669
31.200000 1.998042 5.827811 -2307.924868 -809.393029
31.250000 1.997558 5.158449 -2392.066972 -893.898523
31.300000 1.994384 5.553811 -2346.010846 -850.222860
31.350000 1.990954 6.147057 -2267.482200 -774.266998
31.400000 2.014766 5.344441 -2363.035110 -851.960334
31.450000 2.013507 4.653679 -2442.956574 -932.826518
31.500000 1.979872 4.983068 -2407.112116 -922.207874
31.550000 1.990875 5.816756 -2308.952914 -815.796400
31.600000 1.991653 5.485976 -2348.856598 -855.116838
31.650000 2.016285 5.278730 -2370.729184 -858.515454
31.700000 1.997698 5.092689 -2397.978842 -899.705105
31.750000 1.986771 5.740293 -2314.758635 -824.680434
31.800000 2.006363 5.589279 -2333.752919 -828.980996
31.850000 1.995217 5.072469 -2399.419283 -903.006273
31.900000 1.988374 5.263581 -2372.356540 -881.076031
31.950000 1.994233 5.335057 -2366.789820 -871.115323
32.000000 2.009981 5.615143 -2340.680463 -833.195015
32.050000 1.994937 5.317540 -2374.382134 -878.179681
32.100000 2.011297 5.203338 -2374.755547 -866.282742
32.150000 1.993283 5.059007 -2394.725753 -899.763289
32.200000 1.993226 5.710881 -2329.901868 -834.982286
32.250000 2.021112 5.497041 -2365.955461 -850.121687
32.300000 2.014859 5.131012 -2402.321062 -891.176505
32.350000 1.992028 5.136216 -2396.541874 -902.521029
32.400000 1.988459 5.568643 -2348.587441 -857.243108
32.450000 2.013574 5.937815 -2313.976598 -803.796459
32.500000 2.006002 5.734974 -2333.662678 -829.161177
32.550000 2.003670 5.410158 -2361.023545 -858.271265
32.600000 2.003283 5.113265 -2396.195181 -893.732970
32.650000 2.006105 5.384428 -2371.121756 -866.542656
32.700000 1.999000 5.533907 -2349.337934 -850.087677
32.750000 1.993068 5.487681 -2349.674709 -854.873642
32.800000 1.991321 5.499355 -2353.872994 -860.382518
32.850000 2.011289 5.590908 -2340.423964 -831.957369
32.900000 1.996872 4.913737 -2420.459456 -922.805379
32.950000 1.999931 4.915824 -2427.327692 -927.379385
33.000000 1.994620 5.199111 -2394.750517 -898.785859
33.050000 2.000785 5.102628 -2416.469280 -915.880708
33.100000 1.994444 5.622169 -2351.333436 -855.500751
33.150000 1.999967 5.501042 -2362.089763 -862.114387
33.200000 2.005598 5.553604 -2347.945433 -843.746822
33.250000 2.011271 5.712142 -2326.130063 -817.676997
33.300000 2.000587 5.626429 -2332.341858 -831.901619
33.350000 1.994568 5.288705 -2371.291760 -875.365404
33.400000 1.982094 5.596369 -2345.859324 -859.288458
33.450000 2.028525 5.613342 -2347.045197 -825.651491
33.500000 2.000225 4.901052 -2423.010325 -922.841508
33.550000 1.978836 5.302829 -2374.574345 -890.447205
33.600000 1.995811 5.605530 -2345.985366 -849.126984
33.650000 2.009918 5.715940 -2327.661026 -820.222277
33.700000 2.001641 5.521752 -2345.209533 -843.978873
33.750000 1.988536 5.562215 -2342.782159 -851.379998
33.800000 2.001879 5.600348 -2341.727508 -840.318486
33.850000 2.010566 5.211803 -2385.216679 -877.292241
33.900000 1.999560 5.103002 -2395.928406 -896.258504
33.950000 2.004075 4.781795 -2438.916780 -935.860182
34.000000 1.984371 5.532401 -2343.763617 -855.485035
34.050000 2.005048 5.881484 -2301.177476 -797.391564
34.100000 2.012958 5.279717 -2379.757463 -870.039284
34.150000 1.995175 5.116203 -2400.134196 -903.752995
34.200000 2.001060 5.607187 -2343.610863 -842.816174
34.250000 1.982476 5.146571 -2407.043876 -920.186932
34.300000 2.015526 5.529924 -2357.823047 -846.178672
34.350000 1.986191 5.174854 -2388.085311 -898.442187
34.400000 1.993108 5.328754 -2359.636289 -864.805386
34.450000 2.005768 5.297249 -2365.494177 -861.168200
34.500000 2.003586 5.090740 -2402.070700 -899.381044
34.550000 2.030275 5.053839 -2413.197287 -890.490679
34.600000 1.978674 5.379041 -2366.490060 -882.484901
34.650000 2.006336 4.946979 -2431.592200 -926.840158
34.700000 2.004857 4.859565 -2443.238423 -939.595701
34.750000 1.987992 5.103679 -2415.235934 -924.241645
34.800000 1.995049 5.254104 -2395.015134 -898.728178
34.850000 1.998049 5.171388 -2399.797150 -901.260032
34.900000 1.994336 5.788859 -2323.615316 -827.863033
34.950000 2.011845 5.064830 -2422.263187 -913.379393
35.000000 1.997119 5.109291 -2406.375708 -908.536436
35.050000 1.986020 5.848269 -2309.316113 -819.800852
35.100000 1.994092 5.783429 -2316.270646 -820.701961
35.150000 2.010981 4.936809 -2420.249809 -912.014285
35.200000 1.992905 5.404110 -2355.402511 -860.723413
35.250000 2.022598 5.458843 -2356.268300 -839.320132
35.300000 1.980557 5.526378 -2349.901823 -864.484434
35.350000 2.006619 5.573156 -2348.262596 -843.298354
35.400000 1.997511 5.327772 -2376.097900 -877.964846
35.450000 1.998576 4.752463 -2448.542365 -949.610176
35.500000 1.984678 5.273527 -2379.412202 -890.903552
35.550000 2.010540 5.209402 -2402.813903 -894.908676
35.600000 1.994326 5.528601 -2361.379198 -865.635007
35.650000 2.001962 5.721440 -2328.856765 -827.385427
35.700000 1.996342 5.087813 -2405.475710 -908.219312
35.750000 2.005806 5.384962 -2368.304502 -863.950317
35.800000 1.990093 5.695251 -2326.090003 -833.520068
35.850000 2.022035 4.857023 -2430.456280 -913.930019
35.900000 2.002765 4.720227 -2442.461869 -940.388107
35.950000 1.981492 5.274275 -2380.409146 -894.290254
36.000000 2.023075 5.543195 -2347.053957 -829.747785
36.050000 2.011122 4.455797 -2476.158986 -967.817616
36.100000 1.991267 5.008615 -2397.359354 -903.908803
36.150000 1.988761 5.196614 -2388.735213 -897.164565
36.200000 1.999856 5.629613 -2340.517866 -840.625786
36.250000 1.991981 5.520900 -2353.657475 -859.671651
36.300000 2.007125 5.307772 -2380.106965 -874.763126
36.350000 2.003176 5.552264 -2349.154213 -846.772391
36.400000 1.998689 5.453812 -2363.864410 -864.847914
36.450000 1.992164 5.607444 -2342.525566 -848.402617
36.500000 1.987795 5.385040 -2359.084848 -868.238654
36.550000 2.005369 5.293663 -2368.446316 -864.419545
36.600000 1.982526 5.566875 -2328.895559 -842.001297
36.650000 2.020728 5.213170 -2377.636849 -862.091072
36.700000 1.981739 5.283562 -2362.416046 -876.112131
36.750000 1.989024 4.938162 -2411.348602 -919.580462
36.800000 1.996035 5.101015 -2393.590044 -896.564050
36.850000 1.995447 5.736070 -2322.201306 -825.616300
36.900000 1.998594 5.487778 -2354.870264 -855.925063
36.950000 2.010617 5.476171 -2348.300765 -840.337710
37.000000 2.001877 5.183690 -2374.750475 -873.342764
37.050000 2.006663 5.263478 -2375.083224 -870.085956
37.100000 1.987063 5.482512 -2359.969260 -869.672321
37.150000 1.994373 5.282323 -2383.634339 -887.854291
37.200000 2.018221 4.872082 -2426.772728 -913.107077
37.250000 1.974650 5.318579 -2364.867263 -883.879507
37.300000 2.025515 4.558236 -2464.012778 -944.876298
37.350000 1.992638 4.904490 -2407.740667 -913.262230
37.400000 1.984874 5.180269 -2378.310395 -889.655135
37.450000 2.010848 4.852836 -2417.747465 -909.611171
37.500000 2.012090 2.549746 -2204.813156 -695.745738
37.550000 2.001606 2.777078 -2176.933369 -675.729134
37.600000 1.993413 2.965737 -2163.623626 -668.563679
37.650000 1.980657 3.575000 -2088.977724 -603.484778
37.700000 1.987840 3.877769 -2045.476908 -554.596855
37.750000 2.006027 3.163940 -2141.046872 -636.526634
37.800000 2.011499 2.934744 -2161.122906 -652.498612
37.850000 2.004736 2.929589 -2163.138774 -659.586901
37.900000 1.999672 3.045865 -2156.414881 -656.660810
37.950000 1.992329 3.053243 -2162.959230 -668.712389
38.000000 2.026618 3.047655 -2167.145901 -647.182688
38.050000 1.982641 3.180115 -2140.300817 -653.320169
38.100000 2.010459 3.298596 -2130.121336 -622.276960
38.150000 1.995792 3.241832 -2136.952604 -640.108232
38.200000 2.003939 3.145308 -2144.069255 -641.114915
38.250000 2.003952 3.134591 -2143.329338 -640.365456
38.300000 2.004577 3.487601 -2099.298210 -595.865778
38.350000 2.007929 3.240330 -2136.974388 -631.027941
38.400000 2.002619 2.984712 -2161.510469 -659.546334
38.450000 2.009331 3.084512 -2144.922735 -637.924859
38.500000 1.994122 3.109029 -2152.661338 -657.070065
38.550000 2.001685 3.144376 -2154.082373 -652.818863
38.600000 1.995254 3.112414 -2163.632666 -667.191984
38.650000 1.992935 3.082151 -2178.726133 -684.025041
38.700000 2.000833 3.367566 -2132.831196 -632.206284
38.750000 1.987799 3.145405 -2160.032177 -669.182745
38.800000 2.012310 3.162804 -2153.945049 -644.712446
38.850000 2.002553 2.899697 -2186.822461 -684.907683
38.900000 2.001775 3.140861 -2152.324170 -650.992921
38.950000 1.984681 3.386685 -2116.681274 -628.170692
39.000000 2.005403 3.061638 -2165.417213 -661.364997
39.050000 1.986160 3.382871 -2114.230242 -624.610521
39.100000 2.013413 3.440738 -2089.887285 -579.827746
39.150000 1.988308 2.753283 -2173.041533 -681.810536
39.200000 1.997623 2.825673 -2177.292258 -679.075216
39.250000 1.999315 3.271825 -2121.473137 -621.986739
39.300000 2.008099 3.019545 -2149.689849 -643.615870
39.350000 1.981661 3.236961 -2119.944098 -633.698293
39.400000 2.007462 2.976718 -2158.852962 -653.256561
39.450000 1.998681 3.135244 -2124.626527 -625.615865
39.500000 1.990644 3.363698 -2091.665008 -598.681702
39.550000 1.994781 2.867900 -2158.924986 -662.838982
39.600000 2.003260 2.690284 -2186.945529 -684.500536
39.650000 1.990831 2.570158 -2209.423824 -716.300294
39.700000 1.999299 3.141111 -2131.587053 -632.112856
39.750000 2.011949 3.217229 -2120.816672 -611.854650
39.800000 2.009857 2.707363 -2197.630700 -690.237579
39.850000 1.990172 3.071646 -2150.481252 -657.852621
39.900000 2.009885 2.876887 -2179.240319 -671.826898
39.950000 1.998256 2.848044 -2177.069110 -678.376857
40.000000 2.003619 3.054016 -2152.834669 -650.120736
40.050000 2.016673 3.326616 -2116.649728 -604.144879
40.100000 1.990690 3.078254 -2157.217470 -664.199803
40.150000 2.004990 2.929634 -2174.350132 -670.607873
40.200000 1.980964 2.988206 -2155.961670 -670.238831
40.250000 2.020258 2.976981 -2155.470054 -640.276379
40.300000 2.004228 2.470588 -2226.412199 -723.240933
40.350000 1.993937 3.229752 -2132.366194 -636.913609
40.400000 2.001688 3.066247 -2166.434946 -665.168742
40.450000 1.991026 2.848231 -2192.932556 -699.663189
40.500000 1.998327 3.534859 -2101.405853 -602.660421
40.550000 2.000862 3.082477 -2174.678131 -674.031474
40.600000 2.008272 3.348949 -2131.899581 -625.695501
40.650000 1.997529 3.074219 -2161.880398 -663.733592
40.700000 1.993605 3.027054 -2161.286490 -666.082752
40.750000 2.010201 2.569670 -2216.718630 -709.067850
40.800000 1.996250 2.821530 -2174.246628 -677.059365
40.850000 1.998993 2.861153 -2171.199294 -671.954628
40.900000 2.004678 2.796097 -2187.502481 -683.994146
40.950000 1.986617 2.895991 -2175.779320 -685.816782
41.000000 2.004048 2.947368 -2166.136900 -663.101243
41.050000 2.008502 3.045424 -2149.468870 -643.092180
41.100000 2.001277 2.942029 -2151.787157 -650.829395
41.150000 1.981447 2.885771 -2159.318069 -673.232829
41.200000 2.006234 3.148116 -2136.358034 -631.682373
41.250000 1.988416 3.014311 -2155.774084 -664.462159
41.300000 1.996646 3.076038 -2151.676076 -654.191345
41.350000 2.000638 3.202734 -2132.940384 -632.461682
41.400000 1.997489 3.307612 -2110.807946 -612.690880
41.450000 1.991297 3.066789 -2142.701273 -649.228739
41.500000 2.008438 2.936424 -2168.881100 -662.552525
41.550000 1.997596 3.217820 -2135.728918 -637.532117
41.600000 2.008677 2.933833 -2177.822904 -671.315363
41.650000 1.994818 3.061155 -2153.738432 -657.625042
41.700000 2.012625 3.150166 -2139.231133 -629.762460
41.750000 1.995392 2.947936 -2166.546915 -670.002970
41.800000 2.009634 3.202300 -2133.383772 -626.157921
41.850000 1.995384 3.079404 -2151.403704 -654.865398
41.900000 2.004003 3.079423 -2155.135831 -652.133678
41.950000 1.992538 2.775781 -2199.215904 -704.812539
42.000000 2.008668 3.234326 -2129.837733 -623.336972
42.050000 2.006513 3.142355 -2134.354723 -629.470018
42.100000 1.987866 2.479274 -2215.580994 -724.681126
42.150000 1.997199 2.726735 -2174.621644 -676.722255
42.200000 2.011855 2.916420 -2145.026527 -636.135268
42.250000 2.004748 2.490729 -2201.268404 -697.707385
42.300000 1.987516 2.580889 -2194.383123 -703.745965
42.350000 1.993186 2.824802 -2169.690455 -674.800624
42.400000 2.003005 2.663209 -2197.696727 -695.443242
42.450000 1.998800 3.098117 -2141.126168 -642.026069
42.500000 1.989680 3.173104 -2137.124719 -644.864659
42.550000 2.008497 3.301730 -2119.660267 -613.287374
42.600000 1.990178 3.468391 -2098.803467 -606.169905
42.650000 2.009610 3.154868 -2147.492731 -640.284983
42.700000 2.000289 3.342655 -2118.319739 -618.102845
42.750000 1.997426 3.328820 -2113.169555 -615.100168
42.800000 2.010452 3.038119 -2148.077320 -640.238499
42.850000 2.002347 3.348557 -2096.588503 -594.828151
42.900000 1.988417 2.827180 -2173.783419 -682.471020
42.950000 2.009614 3.091996 -2141.750824 -634.540105
43.000000 2.001091 3.380637 -2102.382434 -601.564065
43.050000 1.998534 3.558972 -2080.035899 -581.135438
43.100000 1.995543 3.108043 -2140.998243 -644.341185
43.150000 1.998583 2.986206 -2156.659569 -657.722412
43.200000 1.998706 3.077394 -2148.248234 -649.219044
43.250000 2.005036 3.048232 -2146.824237 -643.047425
43.300000 1.982206 3.057451 -2152.101037 -665.446848
43.350000 2.014432 3.210311 -2135.806684 -624.982850
43.400000 2.000939 3.045377 -2158.413396 -657.709205
43.450000 1.996708 2.955498 -2171.934805 -674.403433
43.500000 1.985656 3.269930 -2137.141550 -647.899336
43.550000 2.009266 3.757095 -2063.034282 -556.084618
43.600000 2.002563 2.830988 -2181.734810 -679.812519
43.650000 1.984009 3.283722 -2107.993430 -619.986516
43.700000 2.013953 3.000337 -2154.163383 -643.698573
43.750000 2.004021 2.696844 -2187.956212 -684.940703
43.800000 2.003599 2.650113 -2192.174925 -689.475560
43.850000 1.999611 2.990796 -2155.331504 -655.623050
43.900000 2.007914 3.179385 -2139.142426 -633.207067
43.950000 2.010571 2.901491 -2168.813381 -660.884942
44.000000 2.009915 2.440338 -2217.097649 -709.661280
44.050000 1.984524 2.730555 -2178.133003 -689.739835
44.100000 1.981349 3.408771 -2095.416575 -609.404777
44.150000 2.009415 3.365345 -2117.469398 -610.408369
44.200000 1.998853 3.299871 -2120.584261 -621.444851
44.250000 2.008484 2.998689 -2162.881274 -656.518151
44.300000 2.001136 2.841734 -2180.592820 -679.740803
44.350000 1.992286 2.685447 -2201.652429 -707.438077
44.400000 1.988694 2.789449 -2178.336154 -686.815400
44.450000 1.991559 3.058601 -2137.749159 -644.080259
44.500000 2.001724 2.822456 -2180.498673 -679.205659
44.550000 1.995646 3.380783 -2101.250038 -604.515894
44.600000 2.002912 3.270622 -2116.293343 -614.109415
44.650000 1.996015 3.270132 -2120.767242 -623.756232
44.700000 2.006385 3.029607 -2169.808311 -665.019473
44.750000 1.999701 3.072913 -2155.280682 -655.505289
44.800000 1.986449 2.892415 -2174.928684 -685.092088
44.850000 2.010396 3.452487 -2094.699993 -586.902769
44.900000 1.996639 2.952407 -2154.995334 -657.515808
44.950000 2.000668 3.324629 -2102.517401 -602.016430
45.000000 1.985236 1.905976 -1862.069203 -373.142406
45.050000 2.012183 1.845594 -1892.355358 -383.218102
45.100000 1.999749 2.180040 -1836.062745 -336.250808
45.150000 1.997136 2.145337 -1843.390754 -345.538801
45.200000 1.999413 1.708891 -1904.102072 -404.542679
45.250000 2.007682 1.210311 -1976.554125 -470.792578
45.300000 1.990240 1.584115 -1910.877368 -418.197195
45.350000 2.002040 2.020250 -1836.941331 -335.411101
45.400000 1.999561 2.143464 -1811.936885 -312.266035
45.450000 1.996908 1.752388 -1875.145048 -377.463764
45.500000 1.997639 1.794405 -1866.300352 -368.070872
45.550000 2.004200 1.512056 -1913.638436 -410.488615
45.600000 2.003076 1.784682 -1868.202274 -365.895498
45.650000 2.012227 1.637913 -1895.263394 -386.092959
45.700000 1.987085 1.729261 -1880.551916 -390.238405
45.750000 1.999950 1.866328 -1856.799080 -356.836780
45.800000 2.007078 1.565747 -1897.564343 -392.256138
45.850000 1.995604 1.392824 -1922.146999 -425.443672
45.900000 2.002226 1.719738 -1880.712026 -379.042331
45.950000 2.003732 1.898976 -1852.345902 -349.547003
46.000000 2.006514 1.768511 -1872.482564 -367.597217
46.050000 1.998339 1.571153 -1904.472843 -405.718696
46.100000 1.987245 1.929383 -1847.066667 -356.632679
46.150000 1.999379 2.150469 -1806.546687 -307.012791
46.200000 2.004879 1.868119 -1844.291856 -340.632845
46.250000 2.007545 1.409050 -1912.585098 -406.926119
46.300000 1.990099 1.550550 -1892.428147 -399.854261
46.350000 2.005503 1.679930 -1878.725316 -374.598041
46.400000 2.000273 1.916807 -1831.398156 -331.193261
46.450000 1.999979 1.935669 -1827.408626 -327.424456
46.500000 1.994415 1.690801 -1867.904926 -372.093812
46.550000 1.996592 1.802338 -1855.095364 -357.651738
46.600000 2.008718 1.929900 -1833.846354 -327.308097
46.650000 2.000231 1.336719 -1917.459216 -417.286128
46.700000 1.992525 1.487762 -1893.450760 -399.057303
46.750000 1.993302 1.479986 -1913.145571 -418.169196
46.800000 2.000624 1.873536 -1859.413028 -358.944781
46.850000 2.003456 2.178166 -1812.534334 -309.941988
46.900000 1.998791 1.656962 -1906.745329 -407.652287
46.950000 1.994938 1.779611 -1882.244362 -386.040617
47.000000 1.990347 1.678805 -1884.674034 -391.914066
47.050000 1.989691 1.689384 -1869.650900 -377.382716
47.100000 2.010095 1.402789 -1904.046336 -396.475062
47.150000 1.987435 1.523653 -1880.907097 -390.330917
47.200000 2.002061 1.666484 -1875.059480 -373.513463
47.250000 1.994551 1.985099 -1831.906854 -335.993611
47.300000 2.024255 1.566665 -1910.223940 -392.032899
47.350000 1.981691 1.473958 -1926.223541 -439.955576
47.400000 2.010864 1.789935 -1878.147522 -369.999710
47.450000 1.998142 1.550086 -1910.676554 -412.070355
47.500000 2.002235 1.598156 -1909.924297 -408.247743
47.550000 1.996965 2.037031 -1840.637233 -342.913234
47.600000 2.004713 1.669983 -1898.641085 -395.106137
47.650000 1.997566 1.545284 -1911.678136 -413.503768
47.700000 1.989057 1.491842 -1912.329482 -420.536489
47.750000 1.996335 1.769887 -1864.519540 -367.268139
47.800000 1.989671 1.848773 -1860.389632 -368.136375
47.850000 2.006292 1.966151 -1848.727400 -344.008567
47.900000 1.989195 1.712727 -1887.820533 -395.924523
47.950000 2.004601 1.677739 -1891.008314 -387.557903
48.000000 1.987274 1.922323 -1845.506935 -355.051216
48.050000 1.999969 1.491888 -1912.931861 -412.955145
48.100000 2.004231 1.585146 -1895.008080 -391.834775
48.150000 1.990576 2.030647 -1835.631993 -342.700191
48.200000 2.006477 2.191648 -1827.183133 -322.325446
48.250000 2.001783 1.800852 -1887.146053 -385.808659
48.300000 2.012994 1.862732 -1866.630701 -356.885122
48.350000 1.998730 1.834033 -1854.989723 -355.942447
48.400000 2.007002 1.515262 -1896.303821 -391.052250
48.450000 1.989763 1.671336 -1859.194281 -366.871692
48.500000 1.995356 1.591199 -1871.113622 -374.596553
48.550000 2.008996 1.537897 -1885.347572 -378.600736
48.600000 1.994602 1.845895 -1847.396684 -351.444838
48.650000 2.002828 2.065407 -1813.212663 -311.091576
48.700000 1.999129 1.708434 -1863.767133 -364.420011
48.750000 1.996718 1.441591 -1909.872835 -412.334170
48.800000 1.994661 1.928015 -1834.837584 -338.841468
48.850000 1.995708 1.963039 -1844.570092 -347.789223
48.900000 2.005228 1.774843 -1878.072982 -374.152339
48.950000 2.015914 1.782507 -1866.922242 -354.986644
49.000000 1.996080 1.499082 -1910.609290 -413.548992
49.050000 2.006724 1.505161 -1899.919364 -394.876705
49.100000 1.989644 1.323404 -1928.494456 -436.261197
49.150000 2.009600 1.566708 -1891.429166 -384.228979
49.200000 2.005524 1.339653 -1927.837919 -423.694557
49.250000 1.988089 1.803996 -1856.815307 -365.748393
49.300000 1.995030 1.854157 -1863.588706 -367.315986
49.350000 2.013656 1.918870 -1857.346771 -347.104508
49.400000 1.988229 1.737861 -1884.804367 -393.632409
49.450000 2.019882 1.801920 -1876.294661 -361.383052
49.500000 1.989898 1.708476 -1882.983575 -390.559717
49.550000 2.002835 1.324665 -1935.879291 -433.752708
49.600000 1.988950 1.368864 -1920.143847 -428.431302
49.650000 1.988666 1.654287 -1879.327314 -387.827909
49.700000 2.004060 1.877467 -1861.179002 -358.134121
49.750000 1.986402 2.162508 -1818.248898 -328.447206
49.800000 2.018721 1.890031 -1851.971804 -337.931057
49.850000 1.987759 1.563614 -1891.451183 -400.632210
49.900000 2.014073 1.641966 -1883.907422 -373.352483
49.950000 1.989889 1.724295 -1873.682084 -381.265636
50.000000 2.009757 1.585097 -1901.911367 -394.593436
50.050000 1.998498 1.381004 -1935.814535 -436.941370
50.100000 1.989844 1.859170 -1867.214950 -374.831748
50.150000 1.995446 1.973495 -1861.878363 -365.293866
50.200000 1.994112 1.812262 -1890.204939 -394.620740
50.250000 2.002754 1.935866 -1857.396383 -355.330945
50.300000 1.995580 1.858168 -1866.279638 -369.594939
50.350000 2.011512 1.835254 -1874.309195 -365.674929
50.400000 1.990162 1.793908 -1875.492103 -382.870632
50.450000 2.000791 1.899696 -1866.238522 -365.645608
50.500000 2.005782 1.880580 -1865.063333 -360.726683
50.550000 2.002195 1.566697 -1903.152184 -401.506231
50.600000 1.990726 1.788641 -1863.272789 -370.227952
50.650000 2.000827 1.948002 -1843.206582 -342.586101
50.700000 2.016593 1.722795 -1884.469297 -372.024524
50.750000 2.006977 1.631386 -1894.185049 -388.952447
50.800000 1.993076 1.654474 -1886.345477 -391.538846
50.850000 2.007054 1.804661 -1864.836028 -359.545595
50.900000 2.004060 1.665064 -1888.905304 -385.860078
50.950000 1.998261 1.904201 -1852.706651 -354.010938
51.000000 2.002567 2.254982 -1800.103987 -298.178911
51.050000 2.005949 1.837441 -1866.436696 -361.974826
51.100000 2.003093 1.628449 -1891.805001 -389.484977
51.150000 1.996640 1.734206 -1869.822912 -372.342984
51.200000 1.999071 1.551848 -1892.973471 -393.669895
51.250000 1.999376 1.570188 -1880.455115 -380.923159
51.300000 1.989783 1.617571 -1872.515270 -380.177811
51.350000 1.999520 1.737726 -1864.294268 -364.654065
51.400000 1.998612 1.914907 -1836.865517 -337.906268
51.450000 2.005530 1.606317 -1880.805305 -376.657794
51.500000 2.003992 1.628076 -1863.982121 -360.988224
51.550000 1.996775 1.447917 -1892.374794 -394.793231
51.600000 1.987615 1.717469 -1858.836554 -368.125478
51.650000 2.014823 1.816073 -1865.145192 -354.028239
51.700000 1.996154 1.914707 -1863.538546 -366.422970
51.750000 2.005457 1.858997 -1878.806059 -374.713682
51.800000 1.999538 1.810926 -1881.883979 -382.230114
51.850000 1.995477 1.480342 -1936.520572 -439.912852
51.900000 1.984665 2.042948 -1841.876149 -353.377448
51.950000 2.014733 2.036619 -1842.471719 -331.421654
52.000000 1.990554 1.777589 -1881.734113 -388.818643
52.050000 1.997886 1.873881 -1871.448873 -373.034094
52.100000 2.003729 2.023123 -1844.272061 -341.475118
52.150000 1.997224 2.089146 -1823.845933 -325.927841
52.200000 1.995201 1.537728 -1907.584664 -411.183808
52.250000 1.998067 1.696183 -1871.261213 -372.711100
52.300000 2.001596 1.734973 -1863.626631 -362.429835
52.350000 1.994201 1.914338 -1839.470694 -343.820269
52.400000 1.994113 1.879313 -1856.956333 -361.371584
52.450000 2.001331 1.742902 -1884.398072 -383.399492
52.500000 2.000340 0.853384 -1604.404306 -104.149097
52.550000 2.013633 0.937053 -1603.994919 -93.770515
52.600000 1.991482 0.994964 -1604.338432 -110.726890
52.650000 2.006112 0.991141 -1613.695870 -109.112218
52.700000 2.005743 1.117864 -1589.995370 -85.688372
52.750000 1.993004 1.020484 -1602.525650 -107.772401
52.800000 1.991657 1.003251 -1598.786131 -105.043073
52.850000 2.011300 1.075668 -1580.110826 -71.635601
52.900000 1.986520 1.089295 -1578.281855 -88.391526
52.950000 2.011163 1.034282 -1590.397294 -82.024696
53.000000 2.005124 0.822898 -1622.106464 -118.263533
53.050000 2.003614 0.875572 -1609.512911 -106.802353
53.100000 1.987376 1.083451 -1569.614325 -79.082133
53.150000 2.000264 0.996718 -1588.933997 -88.735910
53.200000 2.007244 0.974317 -1590.428090 -84.995327
53.250000 1.990062 0.890525 -1600.516442 -107.969668
53.300000 2.007075 0.871346 -1601.995576 -96.688954
53.350000 1.988292 0.921349 -1591.546185 -100.327172
53.400000 2.013059 1.184262 -1546.658831 -36.864649
53.450000 2.006376 0.750934 -1634.464430 -129.682760
53.500000 1.993333 0.920107 -1605.870778 -110.870821
53.550000 2.008596 1.228823 -1548.491412 -42.044133
53.600000 2.001917 1.007343 -1583.420546 -81.982529
53.650000 2.004484 1.095412 -1554.290551 -50.927295
53.700000 1.999280 0.964030 -1579.142550 -79.682402
53.750000 1.991601 0.985783 -1584.503953 -90.802829
53.800000 2.013596 1.110130 -1573.716396 -63.519035
53.850000 1.998771 1.303033 -1544.326392 -45.247836
53.900000 2.005339 1.268031 -1561.133206 -57.128846
53.950000 2.001073 1.317672 -1547.453178 -46.648426
54.000000 1.990144 1.153687 -1575.601529 -82.993193
54.050000 2.005111 1.239649 -1549.659856 -45.826282
54.100000 2.006474 1.196533 -1547.379744 -42.524183
54.150000 2.003685 0.819187 -1610.747237 -107.983772
54.200000 1.995153 0.786626 -1613.935589 -117.570943
54.250000 2.009219 1.052482 -1559.484765 -52.570401
54.300000 2.000630 0.924547 -1576.086756 -75.614418
54.350000 1.999409 0.873996 -1582.326591 -82.769749
54.400000 1.993964 0.960125 -1568.432092 -72.958927
54.450000 2.003064 1.078381 -1545.898920 -43.601132
54.500000 1.993066 0.944567 -1571.485437 -76.686185
54.550000 2.002332 1.002374 -1568.008629 -66.259440
54.600000 2.005558 0.911856 -1591.566944 -87.398702
54.650000 1.980699 1.050568 -1575.683208 -90.158830
54.700000 2.002618 1.236880 -1553.651746 -51.688559
54.750000 2.010861 1.180190 -1553.257726 -45.112022
54.800000 2.000620 0.895288 -1592.316453 -91.851225
54.850000 1.995248 0.937742 -1575.386300 -78.950580
54.900000 1.999120 1.092507 -1545.978330 -46.638146
54.950000 2.008144 1.006113 -1565.052027 -58.943963
55.000000 1.998008 0.917926 -1590.993820 -92.487605
55.050000 1.994843 1.445572 -1495.682994 0.449271
55.100000 2.016796 1.102227 -1566.375081 -53.778363
55.150000 1.994859 1.064030 -1568.757360 -72.612908
55.200000 2.007048 1.230833 -1541.712436 -36.426792
55.250000 1.993192 1.241770 -1537.225669 -42.331568
55.300000 2.006876 1.137766 -1551.847444 -46.690138
55.350000 1.989202 1.001391 -1566.531933 -74.630801
55.400000 1.999793 0.908062 -1583.241231 -83.396319
55.450000 2.003011 1.107561 -1541.758074 -39.500150
55.500000 1.990998 1.078902 -1551.948197 -58.699714
55.550000 2.005462 1.145668 -1542.748219 -38.651681
55.600000 2.001489 1.049828 -1560.021295 -58.904271
55.650000 1.995750 1.125000 -1550.270609 -53.457909
55.700000 2.006835 1.094683 -1554.395472 -49.269092
55.750000 2.000216 0.929588 -1581.519620 -81.357939
55.800000 1.997857 1.023867 -1565.028663 -66.636142
55.850000 2.005520 1.093782 -1560.140493 -56.000717
55.900000 2.000982 1.192255 -1548.153011 -47.416836
55.950000 1.997461 1.410952 -1507.579488 -9.483902
56.000000 2.016900 1.405851 -1508.984709 3.690553
56.050000 1.996859 1.183774 -1542.221086 -44.577072
56.100000 2.000221 0.902628 -1595.220688 -95.054627
56.150000 2.004854 0.820879 -1607.527087 -103.886626
56.200000 2.004911 0.708077 -1626.380355 -122.697477
56.250000 1.996450 0.772179 -1617.523647 -120.186514
56.300000 1.999589 1.060425 -1567.066095 -67.374225
56.350000 1.999501 1.018269 -1585.548688 -85.923242
56.400000 1.996124 1.034302 -1591.835568 -94.742474
56.450000 2.005813 1.256338 -1553.045721 -48.686019
56.500000 1.999623 1.088071 -1576.534691 -76.817309
56.550000 1.988989 1.073717 -1574.728978 -82.987068
56.600000 1.998756 1.245809 -1552.394036 -53.326758
56.650000 2.004351 1.238196 -1557.729136 -54.466221
56.700000 2.010088 0.967472 -1608.231689 -100.665696
56.750000 2.003969 1.126374 -1579.335487 -76.358968
56.800000 1.993553 1.398150 -1532.162576 -36.997659
56.850000 1.995017 1.286788 -1562.466650 -66.204239
56.900000 2.012840 1.164810 -1583.686746 -74.056684
56.950000 2.002738 1.042426 -1599.131218 -97.077748
57.000000 2.001655 0.866433 -1620.868932 -119.627910
57.050000 1.983828 0.909779 -1610.871822 -123.000806
57.100000 1.999898 1.188298 -1560.401668 -60.477878
57.150000 2.005959 1.096237 -1569.693265 -65.223698
57.200000 2.000556 0.852121 -1615.191598 -114.774647
57.250000 2.000936 0.936670 -1609.565240 -108.863279
57.300000 1.990493 1.224152 -1562.846262 -69.976220
57.350000 2.005213 1.269115 -1552.722606 -48.813204
57.400000 2.006740 1.136480 -1567.003414 -61.948591
57.450000 2.002126 0.863309 -1609.925263 -108.330765
57.500000 1.992382 0.927239 -1587.953458 -93.666642
57.550000 2.000790 1.093441 -1551.420536 -50.827778
57.600000 2.000304 0.967366 -1574.269306 -74.041184
57.650000 2.000073 0.973585 -1580.697512 -80.642475
57.700000 2.008116 1.094791 -1564.439076 -58.352355
57.750000 1.993467 1.184887 -1548.022263 -52.921988
57.800000 2.006418 1.025507 -1581.810821 -76.997598
57.850000 1.992245 1.029139 -1583.181268 -88.997453
57.900000 1.993174 1.248742 -1547.700624 -52.820147
57.950000 2.007646 1.057157 -1588.823323 -83.088600
58.000000 2.007376 1.066574 -1580.029264 -74.497159
58.050000 1.993765 0.894322 -1604.532873 -109.209014
58.100000 1.997326 0.941934 -1590.443020 -92.448726
58.150000 1.993201 0.977571 -1586.486766 -91.585860
58.200000 1.990476 1.113592 -1564.528654 -71.671860
58.250000 2.003816 0.965101 -1600.057786 -97.196061
58.300000 1.985449 1.266373 -1550.045822 -60.959017
58.350000 2.016666 1.340329 -1545.045681 -32.545970
58.400000 1.993949 1.161112 -1579.145338 -83.683643
58.450000 2.001266 1.126967 -1588.658791 -87.708920
58.500000 1.993383 1.182713 -1575.469874 -80.432376
58.550000 2.004216 0.999309 -1620.226259 -117.064616
58.600000 1.997922 1.061083 -1611.578626 -113.137337
58.650000 2.001184 1.082890 -1597.163718 -96.275465
58.700000 1.992046 0.950298 -1607.144804 -113.110022
58.750000 1.997468 0.918537 -1605.917934 -107.817276
58.800000 2.001807 0.935498 -1598.931689 -97.576305
58.850000 1.991510 1.191991 -1554.502861 -60.870198
58.900000 1.999627 1.205619 -1555.424388 -55.704400
58.950000 2.009344 1.119001 -1571.545975 -64.538296
59.000000 1.994497 0.903889 -1613.607690 -117.735298
59.050000 1.994246 1.108112 -1567.051370 -71.366733
59.100000 2.002592 1.211648 -1545.820405 -43.876353
59.150000 1.998287 1.195207 -1543.808448 -45.093412
59.200000 2.006019 0.907193 -1595.061259 -90.546881
59.250000 2.001821 0.863674 -1602.370242 -101.004661
59.300000 1.993456 0.988068 -1584.997246 -89.905429
59.350000 2.001846 0.966526 -1586.220935 -84.836654
59.400000 1.996470 0.837213 -1599.261336 -101.909097
59.450000 1.997506 0.887090 -1579.674332 -81.545120
59.500000 2.004611 0.731082 -1609.091344 -105.633390
59.550000 1.996082 1.087266 -1552.348554 -55.287238
59.600000 1.992230 1.271694 -1534.218128 -40.045760
59.650000 2.000487 1.471714 -1503.165801 -2.800744
59.700000 2.008942 1.409851 -1513.727929 -7.021675
59.750000 2.014711 1.047091 -1571.094116 -60.061172
59.800000 1.996312 0.836056 -1590.962105 -93.727805
59.850000 1.990957 0.966302 -1560.284451 -67.066501
59.900000 1.996068 1.185713 -1528.866286 -31.815046
59.950000 1.997396 0.972447 -1578.732466 -80.685485
60.000000 2.004134 0.562052 -1282.580203 220.520654
60.050000 2.003606 0.503650 -1293.675954 209.028771
60.100000 1.996645 0.644074 -1276.275483 221.207950
60.150000 1.995856 0.896725 -1241.207730 255.684379
60.200000 2.002310 0.859665 -1264.820785 236.911884
60.250000 2.007260 0.718304 -1296.446697 208.998054
60.300000 1.996048 0.778503 -1274.127124 222.909093
60.350000 1.993911 0.887895 -1243.516887 251.916595
60.400000 1.994879 0.788084 -1260.326008 235.833416
60.450000 2.008319 0.642689 -1283.615456 222.624140
60.500000 1.999078 0.643371 -1266.857556 232.450650
60.550000 2.001615 0.688748 -1246.696161 254.515331
60.600000 2.011958 0.521965 -1283.434370 225.534207
60.650000 1.992947 0.593656 -1268.532013 226.178170
60.700000 1.993197 0.794957 -1242.498089 252.400017
60.750000 2.006201 1.011788 -1195.839623 308.811091
60.800000 2.011851 0.643831 -1267.855495 241.032957
60.850000 1.996771 0.595776 -1270.553356 227.024758
60.900000 2.008586 0.747982 -1243.866827 262.572956
60.950000 1.999319 0.718796 -1264.855862 234.633064
61.000000 1.989682 0.839794 -1246.793910 245.467330
61.050000 2.006119 0.782977 -1257.987476 246.602122
61.100000 2.001339 0.657168 -1279.366788 221.637303
61.150000 1.987906 0.820125 -1238.942032 251.987836
61.200000 2.003808 0.577159 -1296.593460 206.262283
61.250000 1.999177 0.691237 -1251.568680 247.814060
61.300000 2.002063 0.475516 -1294.300751 207.246227
61.350000 1.994778 0.498888 -1287.982821 208.100366
61.400000 1.998805 0.603399 -1268.095124 231.008593
61.450000 2.013166 0.673191 -1260.479853 249.394704
61.500000 2.000267 0.630088 -1281.106278 219.093763
61.550000 1.998157 0.728035 -1263.730160 234.887272
61.600000 2.009339 0.678409 -1271.351245 235.652726
61.650000 1.990723 0.565492 -1298.099617 194.942305
61.700000 2.000289 0.755807 -1259.007583 241.209522
61.750000 1.997569 0.755656 -1256.857559 241.319543
61.800000 2.008191 0.702297 -1265.340974 240.801918
61.850000 1.990370 0.673745 -1267.610617 225.167070
61.900000 2.005224 0.718020 -1247.285874 256.631968
61.950000 1.997939 0.461569 -1301.254806 197.199253
62.000000 1.993680 0.612350 -1271.153468 224.106573
62.050000 2.003303 0.670964 -1267.387349 235.090191
62.100000 1.997001 0.729293 -1256.841693 240.909018
62.150000 2.008740 0.826868 -1236.555036 270.000258
62.200000 1.999959 0.542259 -1304.454990 195.514201
62.250000 1.995175 0.628894 -1288.380282 208.000701
62.300000 2.000089 0.658294 -1293.215189 206.851685
62.350000 1.999464 0.778186 -1276.210244 223.387726
62.400000 2.003461 0.699627 -1305.618080 196.977777
62.450000 2.001615 0.695450 -1305.060385 196.150930
62.500000 1.997795 0.734940 -1290.907280 207.438674
62.550000 2.000319 0.798713 -1266.407502 233.831724
62.600000 2.005560 0.739833 -1268.156765 236.013329
62.650000 1.993976 0.605937 -1292.642451 202.839258
62.700000 1.997846 0.655314 -1281.418650 216.965553
62.750000 1.997057 0.678791 -1277.315512 220.477052
62.800000 2.005910 0.782142 -1248.175472 256.257198
62.850000 1.992928 0.489338 -1323.886757 170.808918
62.900000 1.994204 0.923858 -1229.334678 266.318605
62.950000 1.997043 0.848974 -1252.578787 245.203177
63.000000 1.999489 0.844311 -1243.457496 256.158920
63.050000 2.009194 0.628937 -1282.309491 224.585968
63.100000 1.995542 0.508615 -1293.212085 203.444628
63.150000 2.004363 0.405599 -1313.383245 189.889277
63.200000 1.995386 0.611691 -1275.431041 221.108806
63.250000 1.994591 0.827339 -1239.877525 256.065682
63.300000 1.990259 0.939069 -1220.560710 272.133685
63.350000 2.004584 0.765926 -1260.999396 242.438938
63.400000 2.009274 0.701423 -1266.111721 240.844072
63.450000 1.996387 0.665418 -1267.329350 229.960898
63.500000 2.007534 0.668629 -1264.994519 240.656095
63.550000 1.998106 0.639935 -1267.370772 231.208673
63.600000 2.000000 0.500524 -1303.174346 196.825800
63.650000 2.000520 0.645851 -1268.102861 232.286941
63.700000 1.996898 0.450821 -1322.251759 175.421745
63.750000 1.981722 0.846516 -1241.370224 244.920961
63.800000 2.012382 0.747636 -1269.031940 240.254656
63.850000 1.998445 0.630628 -1280.782213 218.051508
63.900000 1.997951 0.606620 -1284.860731 213.602698
63.950000 2.004935 0.599371 -1292.695474 211.006079
64.000000 1.992275 0.773043 -1250.183074 244.022874
64.050000 2.004987 0.695475 -1270.688765 233.051626
64.100000 1.997576 0.755599 -1251.454196 246.727575
64.150000 1.994865 0.651419 -1277.908328 218.240307
64.200000 1.988658 0.777390 -1246.904585 244.589098
64.250000 2.007184 0.850390 -1221.738384 283.649450
64.300000 1.994399 0.654933 -1258.556286 237.242881
64.350000 2.005438 0.745583 -1234.207157 269.871617
64.400000 1.997378 0.516762 -1291.095284 206.938216
64.450000 2.003372 0.663977 -1255.942219 246.586912
64.500000 1.998612 0.696015 -1256.301451 242.657750
64.550000 2.000322 0.782802 -1241.980542 258.260613
64.600000 2.020335 0.750920 -1253.507415 261.743555
64.650000 2.007667 0.551466 -1305.912801 199.837114
64.700000 1.998697 0.519841 -1327.928933 171.093539
64.750000 2.001822 0.658127 -1308.991046 192.375173
64.800000 1.992430 0.784578 -1285.829367 208.493410
64.850000 2.002236 0.749374 -1286.868945 214.808243
64.900000 1.996638 0.579294 -1314.552760 182.926094
64.950000 2.000078 0.646808 -1288.538816 211.519585
65.000000 2.003370 0.744899 -1259.340741 243.186848
65.050000 2.004909 0.511059 -1312.725263 190.956386
65.100000 1.993255 0.545329 -1300.315770 194.625563
65.150000 2.002415 0.635756 -1280.629290 221.181671
65.200000 1.999986 0.696360 -1261.344876 238.644787
65.250000 2.008876 0.604135 -1278.378037 228.278735
65.300000 1.995373 0.681413 -1253.366530 243.163479
65.350000 1.993950 0.576462 -1289.372732 206.089927
65.400000 1.998861 0.872354 -1220.324972 278.820790
65.450000 2.000393 0.682290 -1265.864601 234.430242
65.500000 2.001192 0.696792 -1256.901360 243.992828
65.550000 1.996463 0.556764 -1296.378133 200.969273
65.600000 1.994594 0.649730 -1287.695514 208.249811
65.650000 1.999165 0.658928 -1301.755094 197.618716
65.700000 1.993554 0.823659 -1267.869457 227.295914
65.750000 2.000858 0.774235 -1278.957027 221.686264
65.800000 1.994434 0.810851 -1261.404520 234.420806
65.850000 2.005936 0.794767 -1256.726879 247.725233
65.900000 2.001247 0.711331 -1267.969927 232.965123
65.950000 2.006889 0.556056 -1299.967690 205.199045
66.000000 1.997922 0.780554 -1237.040263 261.401597
66.050000 2.003683 0.563437 -1286.021638 216.740442
66.100000 2.000751 0.592882 -1272.228502 228.334740
66.150000 1.994084 0.651494 -1258.208804 237.353928
66.200000 1.995364 0.611754 -1269.165374 227.357705
66.250000 1.998592 0.669493 -1249.939615 249.004518
66.300000 2.007355 0.512659 -1288.996106 216.520338
66.350000 2.000078 0.656579 -1260.569127 239.489108
66.400000 1.998758 0.673790 -1268.027879 231.040885
66.450000 1.996693 0.687310 -1274.902980 222.616909
66.500000 2.010691 0.696731 -1274.184750 233.833320
66.550000 1.993963 0.631724 -1288.170330 207.301662
66.600000 2.003624 0.682769 -1274.655631 228.062049
66.650000 1.993734 0.690866 -1270.121676 225.178737
66.700000 1.990477 0.712890 -1266.568195 226.289655
66.750000 2.009608 0.705641 -1269.471649 237.734140
66.800000 1.999752 0.663988 -1276.885894 222.928052
66.850000 1.988364 0.833729 -1236.133300 255.139499
66.900000 2.001959 0.638712 -1278.715672 222.753855
66.950000 1.990083 0.670164 -1266.692271 225.869648
67.000000 2.003352 0.767217 -1246.555767 255.957868
67.050000 2.002535 0.678651 -1270.893527 231.007673
67.100000 2.003365 0.681980 -1275.718526 226.805035
67.150000 1.995495 0.704617 -1271.132322 225.489004
67.200000 2.003384 0.662470 -1279.952379 222.585922
67.250000 1.998392 0.600957 -1297.309519 201.484471
67.300000 1.995319 0.702549 -1275.596763 220.892754
67.350000 1.995291 0.719761 -1273.036175 223.431792
67.400000 1.998378 0.664327 -1282.164112 216.619216
67.450000 2.003564 0.730499 -1249.952344 252.720620
