# t Temp Pres Epot Etot
0.000000 1.997037 30.765964 -1317.398712 -550.536403
0.050000 1.990306 27.999098 -1442.300497 -678.023084
0.100000 1.999834 28.469004 -1425.439275 -657.503130
0.150000 1.994112 28.195762 -1434.850315 -669.111401
0.200000 1.945146 28.666728 -1412.661303 -665.725135
0.250000 2.021880 29.028683 -1398.281393 -621.879501
0.300000 2.002342 28.758894 -1411.863127 -642.963744
0.350000 2.006538 28.795863 -1409.928620 -639.418220
0.400000 1.981872 28.688505 -1411.969158 -650.930277
0.450000 1.991025 30.694317 -1323.782542 -559.229032
0.500000 2.015416 29.714827 -1369.383908 -595.463975
0.550000 2.011632 29.349116 -1384.115278 -611.648467
0.600000 2.021626 28.861804 -1406.078211 -629.773752
0.650000 1.987742 28.169960 -1436.741480 -673.448743
0.700000 2.003779 28.779235 -1409.461890 -640.010647
0.750000 1.985271 28.922324 -1402.034722 -639.690625
0.800000 1.983734 28.879386 -1402.111079 -640.357408
0.850000 2.003077 28.787822 -1410.465465 -641.283996
0.900000 2.032953 28.829013 -1406.175492 -625.521586
0.950000 1.978711 29.248210 -1388.004308 -628.179109
1.000000 2.042889 30.005298 -1356.995169 -572.525610
1.050000 2.001474 27.854571 -1449.569214 -681.003279
1.100000 1.963004 29.793354 -1361.527177 -607.733538
1.150000 2.003557 29.860149 -1363.157290 -593.791351
1.200000 1.973581 28.974132 -1397.912930 -640.057864
1.250000 2.036486 29.172987 -1392.626950 -610.616300
1.300000 2.015266 29.491439 -1377.203526 -603.341259
1.350000 2.008897 28.702617 -1413.205733 -641.789231
1.400000 1.968443 27.132892 -1479.876940 -723.994998
1.450000 2.011229 28.315159 -1431.763742 -659.451863
1.500000 2.004174 29.224797 -1391.182641 -621.579639
1.550000 1.994052 29.473718 -1378.083780 -612.367625
1.600000 2.026075 29.149854 -1395.450356 -617.437449
1.650000 2.015306 28.248186 -1434.070903 -660.193423
1.700000 1.975181 27.065794 -1482.888447 -724.418930
1.750000 2.000580 28.779904 -1407.116606 -638.893914
1.800000 1.924527 30.329991 -1336.889038 -597.870558
1.850000 2.019471 28.607773 -1417.181694 -641.704715
1.900000 2.003248 28.698530 -1412.406067 -643.158868
1.950000 2.015391 28.393316 -1426.105753 -652.195758
2.000000 1.978436 29.814506 -1361.693271 -601.973946
2.050000 2.031178 28.480030 -1425.396772 -645.424391
2.100000 1.998096 28.023901 -1440.443036 -673.174054
2.150000 1.988261 29.077218 -1392.289829 -628.797659
2.200000 2.016848 29.039382 -1395.115490 -620.645769
2.250000 1.996654 28.457565 -1421.283723 -654.568582
2.300000 2.004889 28.824661 -1408.841031 -638.963549
2.350000 1.988914 30.034179 -1350.734514 -586.991664
2.400000 2.008621 28.875899 -1406.114060 -634.803562
2.450000 2.038816 27.823064 -1455.063781 -672.158389
2.500000 2.018409 29.840198 -1360.408250 -585.339314
2.550000 2.008701 27.639601 -1460.684391 -689.343192
2.600000 2.019905 28.155664 -1436.546342 -660.903000
2.650000 1.994350 28.661818 -1413.426435 -647.595887
2.700000 2.008133 28.780572 -1406.268562 -635.145555
2.750000 1.971639 29.702207 -1366.914910 -609.805679
2.800000 2.019904 28.792522 -1408.614321 -632.971171
2.850000 2.007071 27.795251 -1454.442464 -683.727201
2.900000 1.992737 29.937126 -1353.691739 -588.480725
2.950000 2.010968 28.351982 -1427.052307 -654.840703
3.000000 2.007711 27.721243 -1456.856312 -685.895434
3.050000 2.000474 29.914867 -1358.861793 -590.679772
3.100000 2.003283 29.045973 -1398.554068 -629.293244
3.150000 1.995004 28.873371 -1403.149771 -637.068401
3.200000 2.020870 28.440972 -1427.316810 -651.302811
3.250000 1.976742 29.557292 -1373.066028 -613.997172
3.300000 1.964437 30.102516 -1351.266339 -596.922510
3.350000 2.045632 28.617547 -1419.119052 -633.596516
3.400000 2.011423 27.622975 -1461.861974 -689.475583
3.450000 1.983135 27.815400 -1450.441719 -688.918055
3.500000 1.990508 29.346678 -1381.636247 -617.281222
3.550000 2.018680 28.514980 -1423.925085 -648.752086
3.600000 1.960929 29.617450 -1370.408653 -617.411949
3.650000 2.017614 29.134302 -1393.510328 -618.746423
3.700000 2.031170 29.336186 -1387.708002 -607.738562
3.750000 1.998568 28.249589 -1432.051521 -664.601427
3.800000 2.018284 27.671579 -1459.467029 -684.445947
3.850000 1.984418 27.419524 -1469.814110 -707.797513
3.900000 1.990009 29.347025 -1384.550902 -620.387377
3.950000 2.050552 29.799822 -1364.859599 -577.447475
4.000000 1.982878 29.226789 -1388.050323 -626.625098
4.050000 2.018467 30.377230 -1336.048643 -560.957480
4.100000 2.005129 29.170328 -1391.521687 -621.552114
4.150000 2.009292 26.560200 -1507.169093 -735.600916
4.200000 1.978428 29.045049 -1393.870224 -634.153745
4.250000 1.958514 29.935748 -1355.456979 -603.387497
4.300000 2.035332 28.502715 -1425.105748 -643.538238
4.350000 1.983594 28.954129 -1400.932222 -639.232196
4.400000 2.011906 28.431435 -1426.799545 -654.227823
4.450000 1.976341 29.115970 -1393.128633 -634.213815
4.500000 2.000037 29.142401 -1395.118590 -627.104398
4.550000 2.006568 28.635787 -1416.214154 -645.692061
4.600000 2.012318 28.400762 -1426.837093 -654.106982
4.650000 2.025150 29.968426 -1355.947310 -578.289806
4.700000 1.988453 29.239035 -1387.698800 -624.132943
4.750000 2.025499 27.956666 -1447.326413 -669.534646
4.800000 1.960817 28.594646 -1416.734599 -663.780818
4.850000 1.989466 29.769904 -1363.042784 -599.087933
4.900000 2.028792 28.548044 -1420.782860 -641.726624
4.950000 1.997768 27.828486 -1452.814286 -685.671547
5.000000 1.985602 29.241668 -1388.334793 -625.863532
5.050000 2.001408 30.144224 -1348.082117 -579.541420
5.100000 2.046449 29.420987 -1380.726486 -594.890141
5.150000 1.994966 26.943403 -1492.494828 -726.428020
5.200000 1.972139 28.178794 -1432.314882 -675.013399
5.250000 1.979747 28.967779 -1394.670786 -634.447989
5.300000 1.973899 29.589321 -1371.073328 -613.095995
5.350000 2.033271 29.667559 -1371.392176 -590.616038
5.400000 1.991678 27.767961 -1452.472795 -687.668275
5.450000 1.994754 29.465704 -1380.244510 -614.258832
5.500000 2.077411 28.143741 -1441.739083 -644.013304
5.550000 1.971893 27.535250 -1462.510534 -705.303701
5.600000 1.984406 30.621551 -1325.501771 -563.489767
5.650000 2.016300 30.627933 -1326.475624 -552.216523
5.700000 1.996409 28.550871 -1421.789920 -655.168873
5.750000 1.984520 28.627456 -1416.103203 -654.047411
5.800000 2.013860 28.282264 -1429.321764 -655.999641
5.850000 2.011201 28.947050 -1404.510487 -632.209270
5.900000 1.990705 29.118320 -1393.814140 -629.383487
5.950000 2.025050 28.009155 -1442.842447 -665.223425
6.000000 2.019296 27.861944 -1452.443289 -677.033645
6.050000 2.005928 29.811261 -1361.302865 -591.026406
6.100000 2.001037 29.953984 -1356.422424 -588.024290
6.150000 2.015415 26.879611 -1498.466894 -724.547614
6.200000 1.951467 28.967253 -1397.671635 -648.308237
6.250000 2.022462 28.794135 -1409.675586 -633.050234
6.300000 1.983995 30.123812 -1348.033421 -586.179498
6.350000 2.001354 27.519864 -1465.190701 -696.670870
6.400000 2.000752 28.892308 -1406.168740 -637.880159
6.450000 2.001620 28.827913 -1406.964775 -638.342682
6.500000 2.016693 28.596967 -1417.621820 -643.211573
6.550000 2.002507 28.573935 -1418.625134 -649.662581
6.600000 1.980401 28.223200 -1431.815233 -671.341095
6.650000 1.998390 29.402295 -1381.344005 -613.962281
6.700000 1.987762 28.063897 -1441.705010 -678.404538
6.750000 1.971399 30.005109 -1353.435298 -596.418036
6.800000 2.007385 29.187584 -1391.384511 -620.548721
6.850000 1.989701 29.282538 -1383.827240 -619.782124
6.900000 1.973217 28.737334 -1408.012688 -650.297525
6.950000 1.988494 28.412899 -1427.083360 -663.501681
7.000000 2.015937 28.636339 -1415.798401 -641.678508
7.050000 1.968016 27.988287 -1444.711064 -688.993084
7.100000 1.990932 28.703560 -1410.104005 -645.585984
7.150000 2.027381 29.194271 -1389.190290 -610.675857
7.200000 1.988240 29.934458 -1354.648642 -591.164422
7.250000 1.994115 28.049632 -1441.399914 -675.659917
7.300000 1.993883 27.678782 -1459.281277 -693.630037
7.350000 2.001013 29.378158 -1382.792497 -614.403348
7.400000 1.983530 29.551830 -1373.241196 -611.565497
7.450000 1.972982 28.078386 -1439.673036 -682.047927
7.500000 2.005380 18.980052 -1457.283206 -687.217328
7.550000 1.987878 17.716230 -1520.433202 -757.088108
7.600000 2.009600 17.455779 -1534.652065 -762.965768
7.650000 1.983684 17.692255 -1522.924384 -761.189831
7.700000 2.002656 17.746241 -1517.076424 -748.056333
7.750000 2.004350 17.517925 -1531.746050 -762.075781
7.800000 2.032647 17.152849 -1547.529114 -766.992857
7.850000 1.971458 17.632068 -1520.831908 -763.791949
7.900000 2.010020 17.119452 -1547.642197 -775.794530
7.950000 1.966109 17.748275 -1515.516093 -760.530106
8.000000 2.004887 17.443723 -1534.753242 -764.876741
8.050000 1.996082 17.628539 -1524.196208 -757.700750
8.100000 2.003036 18.552855 -1477.715670 -708.549938
8.150000 1.997727 17.807736 -1512.659960 -745.532654
8.200000 1.992537 17.589974 -1522.601005 -757.466972
8.250000 1.983593 17.312459 -1539.800731 -778.100870
8.300000 1.995987 17.288340 -1542.257505 -775.798498
8.350000 1.997921 18.211989 -1497.973757 -730.772030
8.400000 2.009137 17.308976 -1540.294985 -768.786248
8.450000 2.008101 17.405380 -1533.909976 -762.799256
8.500000 1.982327 17.405676 -1531.534848 -770.321218
8.550000 2.008872 16.357887 -1587.344983 -815.938163
8.600000 1.973748 17.179726 -1548.473181 -790.553921
8.650000 2.009143 18.691253 -1482.030212 -710.519169
8.700000 1.982190 18.588489 -1484.017674 -722.856792
8.750000 1.996926 19.115858 -1459.443417 -692.623866
8.800000 2.022649 20.289445 -1404.195001 -627.497620
8.850000 2.029232 19.273002 -1447.838014 -668.612996
8.900000 2.026856 17.286438 -1542.157539 -763.844849
8.950000 1.987076 17.160832 -1545.668078 -782.630815
9.000000 1.994839 16.939033 -1555.818135 -789.799999
9.050000 1.990615 17.280815 -1535.845213 -771.449073
9.100000 1.969357 18.152549 -1495.328840 -739.095854
9.150000 1.971967 18.320979 -1489.181940 -731.946710
9.200000 2.010770 18.977972 -1460.083537 -687.948028
9.250000 2.042812 16.447954 -1585.069734 -800.629739
9.300000 2.021487 17.336320 -1537.424190 -761.173229
9.350000 1.999105 16.812826 -1560.355301 -792.698873
9.400000 2.002601 17.558080 -1525.867623 -756.868846
9.450000 1.999186 17.570983 -1523.857473 -756.170037
9.500000 1.983640 16.695648 -1568.460727 -806.742879
9.550000 1.992834 17.809964 -1517.376006 -752.127701
9.600000 2.009296 18.065354 -1502.810649 -731.241123
9.650000 2.010239 15.790590 -1611.895808 -839.964043
9.700000 1.999679 18.123274 -1498.255562 -730.378939
9.750000 1.969570 18.758610 -1468.500653 -712.185832
9.800000 2.020518 17.929625 -1513.641912 -737.762878
9.850000 1.986989 18.758038 -1467.795762 -704.791989
9.900000 2.006387 17.454212 -1531.867692 -761.415092
9.950000 1.974559 17.299274 -1538.738973 -780.508352
10.000000 2.010626 16.901597 -1555.729013 -783.648721
10.050000 1.998365 18.709178 -1468.142285 -700.770070
10.100000 2.026710 17.788425 -1516.808166 -738.551429
10.150000 2.007231 16.565184 -1577.061955 -806.285337
10.200000 2.021196 17.908708 -1507.850791 -731.711477
10.250000 1.986513 16.879961 -1556.641273 -793.820126
10.300000 2.005928 17.180043 -1544.836108 -774.559900
10.350000 1.962174 17.720116 -1518.150141 -764.675318
10.400000 2.002215 18.802841 -1464.278088 -695.427475
10.450000 2.002996 19.406380 -1438.529693 -669.379195
10.500000 2.012399 18.754402 -1476.230475 -703.469197
10.550000 1.993996 17.741826 -1519.073313 -753.378780
10.600000 2.003391 18.130814 -1502.043501 -732.741465
10.650000 2.012345 16.546670 -1575.048916 -802.308433
10.700000 1.969815 17.278414 -1537.931053 -781.522033
10.750000 2.032686 17.222468 -1544.792623 -764.241171
10.800000 1.964040 16.773039 -1564.443588 -810.252245
10.850000 1.998819 17.601696 -1529.460606 -761.914298
10.900000 1.998649 18.876135 -1462.085885 -694.604719
10.950000 1.980698 18.739498 -1471.780395 -711.192192
11.000000 2.001291 18.183438 -1498.321386 -729.825622
11.050000 2.031935 17.644448 -1524.749795 -744.486889
11.100000 1.992545 16.730598 -1565.038145 -799.901005
11.150000 2.004394 17.601769 -1521.390189 -751.702794
11.200000 1.987165 17.456052 -1529.429134 -766.357788
11.250000 2.009887 16.896855 -1562.807099 -791.010472
11.300000 1.989265 17.533501 -1528.500077 -764.622502
11.350000 2.019664 17.103116 -1546.721869 -771.171011
11.400000 1.978624 18.598326 -1471.031782 -711.240242
11.450000 1.990613 18.116452 -1496.011551 -731.616040
11.500000 2.000169 15.953637 -1603.611342 -835.546418
11.550000 1.998653 17.015265 -1553.806975 -786.324291
11.600000 1.967530 19.265806 -1442.028950 -686.497292
11.650000 2.007872 18.295653 -1495.161644 -724.138912
11.700000 1.998815 17.356884 -1537.893193 -770.348343
11.750000 1.996198 17.593414 -1528.626103 -762.086080
11.800000 1.979508 18.202268 -1501.212282 -741.081169
11.850000 1.989329 18.033794 -1497.625290 -733.722796
11.900000 1.990177 18.472494 -1482.091700 -717.863626
11.950000 2.047194 17.313529 -1542.176849 -756.054387
12.000000 2.005009 17.100803 -1550.810468 -780.886950
12.050000 2.023304 17.747667 -1511.480820 -734.532210
12.100000 1.971069 16.596485 -1569.371819 -812.481406
12.150000 2.020172 16.537800 -1577.053875 -801.307860
12.200000 1.977762 16.976492 -1553.690239 -794.229794
12.250000 2.004252 17.348380 -1537.461195 -767.828479
12.300000 1.975492 16.549280 -1576.679419 -818.090576
12.350000 1.991395 18.459127 -1488.545072 -723.849413
12.400000 1.970853 18.264590 -1495.047905 -738.240406
12.450000 2.008132 17.615694 -1529.158851 -758.036104
12.500000 2.013579 17.490412 -1533.090311 -759.876026
12.550000 2.001807 16.825528 -1561.888670 -793.194916
12.600000 2.006733 15.685836 -1615.466727 -844.881146
12.650000 2.009172 17.280997 -1539.489249 -767.967127
12.700000 1.992014 18.107289 -1500.343648 -735.410184
12.750000 2.000950 19.096310 -1453.961459 -685.596815
12.800000 2.000171 18.424918 -1490.634595 -722.568875
12.850000 1.995570 19.019943 -1460.093888 -693.795110
12.900000 2.024644 17.714503 -1523.854191 -746.390843
12.950000 2.013789 16.528473 -1574.181465 -800.886321
13.000000 1.990235 18.537634 -1481.330707 -717.080605
13.050000 2.005075 17.703564 -1518.129158 -748.180306
13.100000 2.010455 17.318939 -1538.366961 -766.352389
13.150000 1.985813 17.354226 -1534.252225 -771.699885
13.200000 1.984285 16.947439 -1557.141858 -795.176586
13.250000 2.014050 17.849336 -1512.610816 -739.215521
13.300000 1.974263 18.176620 -1494.229055 -736.112134
13.350000 2.029891 18.481106 -1482.787859 -703.309808
13.400000 1.968310 16.370245 -1580.066357 -824.235216
13.450000 1.995677 19.010271 -1459.086475 -692.746519
13.500000 2.014478 18.576887 -1476.799823 -703.240322
13.550000 1.990021 18.235855 -1489.659942 -725.491883
13.600000 1.982445 17.700768 -1515.577907 -754.318924
13.650000 1.995206 17.044390 -1547.044528 -780.885512
13.700000 1.993343 17.440438 -1533.259820 -767.816112
13.750000 2.008128 17.495874 -1533.489320 -762.368279
13.800000 1.976298 18.140868 -1503.622066 -744.723562
13.850000 2.036663 17.295798 -1543.648329 -761.569647
13.900000 1.957815 18.904650 -1459.905314 -708.104333
13.950000 2.027485 17.525863 -1532.725333 -754.171098
14.000000 1.972664 17.883052 -1510.376054 -752.872889
14.050000 2.017253 17.629338 -1528.720330 -754.095002
14.100000 1.993605 18.188646 -1502.601066 -737.056879
14.150000 2.020756 18.429716 -1490.729514 -714.759371
14.200000 2.015068 18.105032 -1502.135561 -728.349396
14.250000 1.984606 18.369171 -1486.739343 -724.650635
14.300000 2.023068 18.143105 -1493.354515 -716.496474
14.350000 2.034665 16.681349 -1569.102435 -787.790926
14.400000 1.970238 17.577260 -1521.507823 -764.936563
14.450000 2.024026 17.794889 -1516.755908 -739.529778
14.500000 2.000520 16.701626 -1565.535944 -797.336114
14.550000 2.003913 17.462680 -1529.433485 -759.930993
14.600000 1.979648 18.362094 -1485.222751 -725.037922
14.650000 1.998419 18.926489 -1460.683083 -693.290107
14.700000 2.009682 17.952446 -1508.130089 -736.412092
14.750000 2.004785 17.693089 -1521.111705 -751.274282
14.800000 1.993940 18.005865 -1507.550095 -741.877276
14.850000 1.989911 18.581616 -1477.548558 -713.422639
14.900000 2.020373 16.731653 -1566.972389 -791.149179
14.950000 2.009001 15.380500 -1630.242564 -858.786163
15.000000 1.981186 15.365402 -1276.417476 -515.642053
15.050000 2.010593 14.908812 -1304.003191 -531.935654
15.100000 2.006143 14.684997 -1312.811235 -542.452208
15.150000 2.001033 14.402197 -1333.950338 -565.553672
15.200000 1.989486 15.233920 -1291.671018 -527.708579
15.250000 2.005590 15.284567 -1285.347159 -515.200452
15.300000 1.998059 13.924827 -1352.086062 -584.831250
15.350000 1.977346 15.076487 -1294.398450 -535.097592
15.400000 2.023833 15.194647 -1292.959447 -515.807451
15.450000 1.986848 15.321655 -1287.861363 -524.911757
15.500000 1.981363 14.755777 -1318.992730 -558.149421
15.550000 1.982577 15.250949 -1293.315785 -532.006338
15.600000 1.999389 15.241950 -1293.017292 -525.251846
15.650000 2.015858 14.436696 -1325.827836 -551.738187
15.700000 2.006577 14.709749 -1315.365364 -544.839743
15.750000 2.016031 14.653695 -1318.440740 -544.284831
15.800000 1.977895 14.188317 -1338.215009 -578.703368
15.850000 2.008618 15.204847 -1292.805885 -521.496753
15.900000 2.015885 15.934613 -1257.161902 -483.062055
15.950000 1.985897 14.718641 -1322.883849 -560.299479
16.000000 1.980638 16.055069 -1245.973865 -485.408883
16.050000 1.995520 15.165943 -1297.963023 -531.683509
16.100000 2.008937 15.389247 -1293.778815 -522.346865
16.150000 2.011842 15.334623 -1289.109503 -516.562059
16.200000 1.977801 15.015023 -1300.019918 -540.544183
16.250000 1.978958 15.539106 -1275.714416 -515.794687
16.300000 2.015184 15.819806 -1261.342697 -487.512000
16.350000 1.973031 15.243291 -1287.696191 -530.052229
16.400000 1.992779 15.198468 -1295.556202 -530.329233
16.450000 1.981818 15.042825 -1303.349551 -542.331310
16.500000 1.983562 14.874720 -1311.270636 -549.582777
16.550000 2.012270 15.896199 -1260.214782 -487.503205
16.600000 2.028503 15.354513 -1288.660548 -509.715499
16.650000 2.007951 15.309925 -1284.403910 -513.350570
16.700000 1.994801 15.907979 -1252.766737 -486.763166
16.750000 2.063693 15.356634 -1286.651765 -494.193466
16.800000 1.957266 14.521470 -1334.342264 -582.752177
16.850000 2.014671 15.119970 -1301.746723 -528.112927
16.900000 2.022608 14.951147 -1308.741549 -532.060111
16.950000 2.008870 14.330244 -1339.467664 -568.061408
17.000000 2.012648 15.156874 -1293.006528 -520.149708
17.050000 1.983434 14.847345 -1310.872024 -549.233184
17.100000 2.001120 14.877621 -1309.739156 -541.309158
17.150000 2.000331 14.323009 -1334.431376 -566.304084
17.200000 2.023688 14.365027 -1329.018575 -551.922249
17.250000 1.962651 15.137796 -1290.848789 -537.190839
17.300000 2.007345 14.831710 -1318.490347 -547.669792
17.350000 2.018108 14.270239 -1339.333327 -564.379737
17.400000 1.994106 13.948287 -1352.985991 -587.249322
17.450000 2.025217 14.622336 -1318.229373 -540.546084
17.500000 1.977651 14.614911 -1319.569916 -560.151845
17.550000 1.998784 14.699385 -1313.828824 -546.295835
17.600000 2.014989 15.175697 -1289.764097 -516.008362
17.650000 2.030487 13.619250 -1373.762926 -594.056022
17.700000 1.986187 14.024438 -1349.888943 -587.193093
17.750000 1.979172 14.828754 -1310.560617 -550.558615
17.800000 2.003963 15.823877 -1263.644407 -494.122563
17.850000 1.971600 15.978585 -1256.697016 -499.602498
17.900000 1.988546 16.375391 -1238.406499 -474.804698
17.950000 2.002954 15.851426 -1262.660772 -493.526435
18.000000 1.968551 16.041810 -1256.303080 -500.379551
18.050000 2.013030 15.547581 -1281.115571 -508.112053
18.100000 1.964278 16.346363 -1228.502131 -474.219426
18.150000 2.039747 15.712637 -1266.194364 -482.931551
18.200000 2.028896 15.285346 -1291.291106 -512.194876
18.250000 1.966189 15.437322 -1281.933040 -526.916509
18.300000 1.974158 16.036983 -1250.433096 -492.356536
18.350000 2.053487 14.443074 -1336.793308 -548.254395
18.400000 2.006634 14.815059 -1314.196907 -543.649286
18.450000 1.994577 15.664205 -1273.094910 -507.177376
18.500000 2.007015 15.781856 -1267.892914 -497.199327
18.550000 2.010481 15.194751 -1294.587673 -522.562860
18.600000 1.960731 15.202505 -1292.295441 -539.374655
18.650000 1.987607 15.248586 -1296.988180 -533.747088
18.700000 1.994958 15.686416 -1270.384708 -504.320851
18.750000 2.045506 15.113421 -1293.955347 -508.481092
18.800000 2.005666 15.209004 -1288.718603 -518.542961
18.850000 1.996178 14.955853 -1302.329170 -535.796697
18.900000 1.977411 15.544288 -1271.927274 -512.601430
18.950000 2.000794 14.640493 -1322.678632 -554.373565
19.000000 1.970971 16.226570 -1233.509396 -476.656522
19.050000 2.014332 15.711398 -1264.380207 -490.876605
19.100000 1.997718 15.412027 -1282.873033 -515.749204
19.150000 2.014963 14.926739 -1311.193021 -537.447047
19.200000 1.969358 14.835232 -1310.367616 -554.134008
19.250000 1.974327 16.251259 -1237.742675 -479.601071
19.300000 2.033869 14.886688 -1310.437446 -529.431592
19.350000 1.980198 14.364316 -1336.319746 -575.923646
19.400000 1.997788 15.237124 -1290.331516 -523.180843
19.450000 1.982667 14.194945 -1341.063485 -579.719486
19.500000 1.969741 15.353039 -1282.709006 -526.328273
19.550000 1.982176 15.948366 -1256.053024 -494.897620
19.600000 1.998406 15.564773 -1277.138021 -509.750268
19.650000 2.023912 15.572012 -1272.000884 -494.818504
19.700000 1.993183 15.746807 -1260.465100 -495.082961
19.750000 2.002269 14.607396 -1316.599789 -547.728459
19.800000 1.994614 14.555550 -1326.770916 -560.839295
19.850000 1.997356 14.884295 -1314.212735 -547.228174
19.900000 2.014065 14.779434 -1318.765369 -545.364245
19.950000 1.986834 15.474734 -1276.619769 -513.675333
20.000000 2.004733 14.546923 -1331.093844 -561.276536
20.050000 2.000995 14.531105 -1329.883716 -561.501781
20.100000 1.981841 14.989048 -1315.113136 -554.086062
20.150000 2.017518 15.533986 -1285.492845 -510.766074
20.200000 1.969765 15.045190 -1301.698297 -545.308391
20.250000 1.985062 15.015324 -1304.314562 -542.050682
20.300000 2.004482 14.533568 -1326.835505 -557.114302
20.350000 2.010835 14.890889 -1312.956754 -540.795937
20.400000 2.010786 15.595090 -1270.198702 -498.057004
20.450000 2.006440 15.352807 -1283.901963 -513.429020
20.500000 1.974457 16.407738 -1235.915718 -477.724418
20.550000 2.015026 16.713391 -1219.497613 -445.727583
20.600000 1.987359 15.171000 -1294.179101 -531.033296
20.650000 2.007662 15.203818 -1292.185128 -521.242772
20.700000 2.002283 14.658023 -1323.204232 -554.327505
20.750000 2.022147 14.152472 -1342.579324 -566.074895
20.800000 1.953995 14.367934 -1320.358467 -570.024533
20.850000 1.996638 14.138479 -1344.185930 -577.476984
20.900000 2.001932 14.679213 -1318.632772 -549.890921
20.950000 1.977932 14.745487 -1316.764039 -557.238334
21.000000 2.002784 14.718404 -1320.090924 -551.021845
21.050000 2.005648 14.988804 -1305.914996 -535.746049
21.100000 1.977852 14.873438 -1310.511345 -551.016190
21.150000 1.983036 15.205541 -1292.678212 -531.192325
21.200000 1.994831 15.241168 -1285.441380 -519.426302
21.250000 2.034207 15.388137 -1283.494956 -502.359546
21.300000 1.993082 14.443743 -1333.812534 -568.469057
21.350000 2.042188 14.210763 -1348.721878 -564.521622
21.400000 1.973002 15.446619 -1275.744595 -518.111732
21.450000 2.016274 13.731488 -1367.195534 -592.946318
21.500000 1.982076 14.153169 -1347.026120 -585.908752
21.550000 1.980394 14.951668 -1307.487495 -547.016231
21.600000 1.995217 15.915088 -1258.261637 -492.098363
21.650000 2.024600 15.915458 -1257.868840 -480.422476
21.700000 1.986815 15.931870 -1259.317957 -496.381093
21.750000 1.987229 15.181861 -1295.151775 -532.056030
21.800000 1.996554 15.083063 -1302.346666 -535.669909
21.850000 1.989023 14.759513 -1317.213145 -553.428492
21.900000 1.970635 14.318183 -1336.419163 -579.695341
21.950000 2.003061 13.925715 -1358.097785 -588.922431
22.000000 1.972165 14.884078 -1305.802705 -548.491493
22.050000 1.990808 15.274394 -1287.991799 -523.521667
22.100000 2.021774 15.729847 -1262.699473 -486.338214
22.150000 2.016405 15.133031 -1294.779307 -520.479707
22.200000 2.014025 14.921687 -1306.966132 -533.580658
22.250000 1.961284 15.192979 -1289.638655 -536.505583
22.300000 1.984239 15.689377 -1261.699415 -499.751532
22.350000 2.007273 14.332742 -1335.019307 -564.226475
22.400000 2.000458 15.319879 -1284.849081 -516.673315
22.450000 1.985081 15.652890 -1269.349508 -507.078482
22.500000 1.987683 9.498507 -1266.230503 -502.960086
22.550000 1.983729 9.233137 -1285.680566 -523.928449
22.600000 2.029909 9.338771 -1280.549517 -501.064567
22.650000 1.986870 9.079341 -1293.306465 -530.348554
22.700000 2.009418 9.007746 -1299.423236 -527.806862
22.750000 2.022291 9.227341 -1285.286748 -508.726895
22.800000 1.972937 9.190212 -1281.940630 -524.332838
22.850000 2.010015 9.323224 -1272.124591 -500.278697
22.900000 2.017142 8.660517 -1311.340632 -536.758031
22.950000 1.995428 9.038683 -1286.729646 -520.485276
23.000000 2.018660 9.221833 -1270.088401 -494.922880
23.050000 1.957701 9.524711 -1250.403715 -498.646364
23.100000 2.013086 8.909015 -1298.306410 -525.281418
23.150000 2.016871 8.820777 -1306.536200 -532.057924
23.200000 1.996621 9.677079 -1260.753344 -494.050954
23.250000 1.984561 9.527909 -1269.667997 -507.596662
23.300000 2.022470 9.448701 -1273.214446 -496.585897
23.350000 2.019614 9.037252 -1300.637213 -525.105371
23.400000 1.987954 9.679258 -1257.425095 -494.050651
23.450000 1.999414 9.305894 -1280.731150 -512.956168
23.500000 2.009645 9.772086 -1247.977952 -476.274147
23.550000 2.008630 8.208147 -1342.779688 -571.465937
23.600000 2.011740 8.223679 -1333.474804 -560.966734
23.650000 1.989699 8.659281 -1303.240121 -539.195517
23.700000 1.997153 9.407565 -1262.057782 -495.150971
23.750000 1.993580 8.600723 -1308.187462 -542.652562
23.800000 2.015690 8.339303 -1327.284026 -553.259175
23.850000 2.021089 8.255570 -1333.623282 -557.525287
23.900000 1.998589 8.698261 -1307.252843 -539.794658
23.950000 1.964951 9.214501 -1279.397944 -524.856649
24.000000 2.031270 8.897749 -1300.254687 -520.247043
24.050000 1.978797 8.585473 -1317.781836 -557.923656
24.100000 2.008233 9.218542 -1284.545298 -513.383996
24.150000 2.037531 9.042718 -1295.581535 -513.169683
24.200000 2.011057 8.591683 -1320.666332 -548.420525
24.250000 2.019965 8.730109 -1311.755942 -536.089372
24.300000 1.972572 8.631331 -1310.573492 -553.105756
24.350000 2.008398 8.053044 -1342.216164 -570.991462
24.400000 1.974398 8.673966 -1303.947697 -545.778737
24.450000 1.998312 9.096660 -1289.230194 -521.878223
24.500000 1.996899 9.339528 -1275.909716 -509.100614
24.550000 2.018985 8.434797 -1323.478947 -548.188840
24.600000 2.016281 8.515186 -1310.568910 -536.317073
24.650000 2.013342 8.683996 -1298.383876 -525.260474
24.700000 1.982560 8.445944 -1323.168943 -561.865857
24.750000 1.989669 9.823053 -1245.536579 -481.503578
24.800000 2.001986 8.438292 -1328.309327 -559.546679
24.850000 1.979356 8.236227 -1340.851237 -580.778717
24.900000 1.959286 9.789661 -1252.316388 -499.950425
24.950000 2.001565 9.523222 -1266.522874 -497.921825
25.000000 1.998211 9.627719 -1264.432877 -497.119723
25.050000 1.999475 9.367060 -1278.921298 -511.122884
25.100000 2.027656 8.659224 -1310.389599 -531.769668
25.150000 1.988005 8.616306 -1311.905212 -548.511157
25.200000 1.999876 9.922774 -1239.659669 -471.707291
25.250000 1.998537 8.864233 -1296.516923 -529.078581
25.300000 2.003660 8.923431 -1290.918780 -521.513175
25.350000 1.989967 8.986215 -1293.971731 -529.824266
25.400000 1.998585 9.310107 -1273.375424 -505.918600
25.450000 1.970857 9.434973 -1269.750187 -512.941186
25.500000 2.003977 9.214299 -1285.191273 -515.664077
25.550000 2.001505 8.137163 -1342.755346 -574.177325
25.600000 1.992667 8.819054 -1301.051660 -535.867576
25.650000 1.984352 9.102281 -1290.922854 -528.931576
25.700000 1.997775 9.736387 -1259.506842 -492.361330
25.750000 2.010181 8.167655 -1341.873019 -569.963608
25.800000 2.009257 8.448616 -1319.764023 -548.209359
25.850000 1.987734 8.740131 -1306.075648 -542.785971
25.900000 1.979834 9.050222 -1293.870254 -533.613905
25.950000 2.026165 9.486902 -1272.290365 -494.243122
26.000000 1.987242 8.578247 -1325.998460 -562.897684
26.050000 2.013527 9.534086 -1272.079295 -498.884903
26.100000 1.996268 8.640912 -1319.956319 -553.389432
26.150000 1.979477 8.751878 -1308.961684 -548.842399
26.200000 2.002905 9.356142 -1278.076748 -508.961372
26.250000 2.026865 9.023914 -1290.632367 -512.316160
26.300000 1.982609 9.229574 -1283.045712 -521.724022
26.350000 2.018122 9.539536 -1271.491852 -496.532921
26.400000 2.010714 9.129772 -1291.714066 -519.599748
26.450000 2.002862 8.932912 -1297.611160 -528.512232
26.500000 1.985800 9.422347 -1272.451089 -509.903991
26.550000 1.992654 8.746223 -1310.573703 -545.394510
26.600000 2.000046 8.899780 -1296.130819 -528.113172
26.650000 1.986284 9.898948 -1235.331065 -472.597837
26.700000 1.987591 10.653392 -1207.377294 -444.142366
26.750000 2.026830 10.615240 -1205.043770 -426.741220
26.800000 1.986551 9.570845 -1264.756240 -501.920472
26.850000 2.020143 9.163340 -1294.405515 -518.670428
26.900000 1.981654 8.959317 -1299.428398 -538.473228
26.950000 1.991538 9.550547 -1269.704379 -504.953913
27.000000 2.002531 9.514712 -1272.641497 -503.669436
27.050000 2.016688 9.413142 -1276.773645 -502.365388
27.100000 2.004547 9.605326 -1259.472463 -489.726547
27.150000 1.993273 8.994799 -1295.582670 -530.166013
27.200000 1.973295 9.547120 -1257.095331 -499.350115
27.250000 2.013498 8.761146 -1307.924759 -534.741568
27.300000 1.982308 9.442478 -1273.393961 -512.187790
27.350000 2.022635 8.619254 -1324.141071 -547.449160
27.400000 1.973460 9.193134 -1282.113493 -524.304915
27.450000 2.009839 9.317061 -1274.410161 -502.631868
27.500000 2.003520 8.973428 -1291.180962 -521.829351
27.550000 1.999609 8.209524 -1332.963379 -565.113596
27.600000 2.009579 8.663126 -1309.622919 -537.944400
27.650000 1.985409 9.326516 -1268.999422 -506.602341
27.700000 2.003531 9.558486 -1260.081286 -490.725263
27.750000 2.022244 9.475930 -1274.091439 -497.549563
27.800000 1.999423 9.642540 -1256.973992 -489.195691
27.850000 2.008012 8.748789 -1309.822922 -538.746367
27.900000 2.015933 9.391137 -1267.861380 -493.743006
27.950000 2.016144 8.289077 -1336.363904 -562.164594
28.000000 2.024769 8.527525 -1322.751913 -545.240547
28.050000 1.984992 8.172981 -1334.595833 -572.358776
28.100000 1.999820 8.443374 -1321.697316 -553.766362
28.150000 1.995329 8.932092 -1296.542817 -530.336321
28.200000 1.992149 9.783621 -1255.647131 -490.661981
28.250000 2.001035 8.516115 -1325.874988 -557.477477
28.300000 2.008561 8.555928 -1314.927941 -543.640688
28.350000 2.002428 8.470597 -1319.447924 -550.515465
28.400000 1.979508 9.034190 -1288.772402 -528.641158
28.450000 1.991211 8.950943 -1302.456391 -537.831280
28.500000 2.000511 10.079876 -1238.425703 -470.229397
28.550000 1.994763 9.628347 -1259.440620 -493.451469
28.600000 2.016922 8.883608 -1302.824864 -528.326634
28.650000 2.004456 9.329277 -1276.184410 -506.473347
28.700000 2.000900 8.807815 -1301.230982 -532.885547
28.750000 2.009326 8.557890 -1320.084307 -548.502940
28.800000 2.013192 8.566791 -1321.957075 -548.891234
28.850000 1.989079 8.261043 -1340.737881 -576.931453
28.900000 1.992306 8.876816 -1298.965204 -533.919627
28.950000 1.980450 10.117378 -1231.202800 -470.710182
29.000000 2.002594 9.210674 -1290.896091 -521.899874
29.050000 1.991950 9.393500 -1276.090194 -511.181460
29.100000 1.999591 9.265420 -1280.152632 -512.309855
29.150000 1.974827 9.872150 -1248.241895 -489.908283
29.200000 2.009538 9.853402 -1257.250554 -485.588075
29.250000 2.001829 9.512800 -1268.451175 -499.748946
29.300000 1.996248 9.280783 -1277.695041 -511.135750
29.350000 2.000213 8.876522 -1308.187058 -540.105300
29.400000 2.017046 9.255993 -1285.360458 -510.814790
29.450000 1.993134 10.289107 -1230.623366 -465.259939
29.500000 1.993639 9.148718 -1288.870539 -523.313307
29.550000 1.984103 8.784209 -1307.642966 -545.747482
29.600000 2.022730 9.035080 -1293.635064 -516.906745
29.650000 2.012638 8.133101 -1348.055189 -575.202284
29.700000 1.990740 9.098436 -1293.526472 -529.082281
29.750000 1.997971 9.053227 -1298.578194 -531.357504
29.800000 1.986060 8.932161 -1300.219832 -537.572878
29.850000 1.995799 9.890737 -1248.755554 -482.368780
29.900000 2.043434 9.655091 -1258.202590 -473.523902
29.950000 1.978298 8.361931 -1323.175586 -563.509239
30.000000 1.975043 5.751626 -1185.517925 -427.101320
30.050000 1.990770 6.181030 -1157.058534 -392.602682
30.100000 2.020480 4.111362 -1285.357593 -509.493107
30.150000 2.007293 4.790125 -1239.702743 -468.902365
30.200000 1.988629 4.973578 -1228.387625 -464.754012
30.250000 2.005548 5.360585 -1209.335782 -439.205238
30.300000 1.976323 5.326253 -1214.826973 -455.918811
30.350000 2.015180 5.729588 -1190.517019 -416.687870
30.400000 1.992760 5.796520 -1184.797485 -419.577499
30.450000 1.994608 5.482545 -1205.094630 -439.165144
30.500000 1.998177 4.800288 -1243.500509 -476.200552
30.550000 2.002047 5.092443 -1220.755903 -451.969910
30.600000 1.994683 4.562100 -1254.040827 -488.082671
30.650000 1.995383 5.320334 -1205.125399 -438.898457
30.700000 2.016294 5.178803 -1222.718280 -448.461471
30.750000 1.975755 5.311635 -1219.516529 -460.826514
30.800000 2.005346 5.237589 -1220.463247 -450.410451
30.850000 1.991570 4.393835 -1271.917708 -507.154968
30.900000 2.008807 5.236166 -1221.574477 -450.192449
30.950000 2.007988 4.766142 -1252.989803 -481.922309
31.000000 1.996636 5.160705 -1226.276387 -459.568069
31.050000 1.998709 5.522532 -1205.651093 -438.146982
31.100000 2.011268 5.140371 -1235.242504 -462.915534
31.150000 1.990956 6.021359 -1183.734321 -419.207301
31.200000 2.006848 5.396458 -1227.231401 -456.601672
31.250000 2.007861 5.809207 -1195.157889 -424.139451
31.300000 2.008010 5.888490 -1189.108859 -418.032857
31.350000 1.990965 5.452541 -1217.692149 -453.161536
31.400000 1.996689 5.166871 -1229.930544 -463.201900
31.450000 2.003574 4.939848 -1240.551773 -471.179305
31.500000 2.000227 4.971260 -1241.717088 -473.629766
31.550000 1.988064 5.919862 -1185.831900 -422.415496
31.600000 2.026501 5.628464 -1202.028025 -423.851672
31.650000 1.997839 5.582041 -1198.985522 -431.815178
31.700000 1.982702 5.612436 -1198.458772 -437.101172
31.750000 1.963727 6.221672 -1157.376116 -403.304922
31.800000 2.017281 5.122777 -1228.433944 -453.798059
31.850000 1.995682 5.256066 -1220.084012 -453.741978
31.900000 2.015791 5.062051 -1234.218397 -460.154548
31.950000 1.971025 6.026361 -1166.266100 -409.392428
32.000000 2.018027 5.237930 -1219.328159 -444.405820
32.050000 1.978707 5.462880 -1207.356945 -447.533334
32.100000 2.003774 4.889651 -1244.798528 -475.349251
32.150000 1.992700 4.993752 -1233.429004 -468.232172
32.200000 1.993283 5.891768 -1181.254718 -415.834130
32.250000 1.972140 5.798793 -1185.761599 -428.459941
32.300000 1.993349 4.916040 -1247.300355 -481.854387
32.350000 1.999068 5.954302 -1180.469919 -412.827847
32.400000 2.008511 5.648246 -1198.530205 -427.262164
32.450000 1.982128 5.955972 -1175.482356 -414.345353
32.500000 1.983575 5.989380 -1177.459664 -415.766975
32.550000 2.021721 5.560835 -1211.963800 -435.623091
32.600000 2.013011 6.398405 -1156.476211 -383.480109
32.650000 2.014110 5.662412 -1200.370078 -426.951704
32.700000 2.011977 5.363651 -1214.571347 -441.972122
32.750000 1.989428 5.406982 -1209.624654 -445.684187
32.800000 1.996808 5.654186 -1196.624492 -429.850382
32.850000 1.992489 4.911646 -1249.875569 -484.759929
32.900000 1.996699 5.518999 -1201.768954 -435.036420
32.950000 1.999084 5.163567 -1222.682701 -455.034509
33.000000 1.993889 4.878673 -1240.737298 -475.083780
33.050000 2.013745 4.950283 -1238.445170 -465.167235
33.100000 1.963699 5.125011 -1228.597632 -474.537166
33.150000 2.026234 6.547645 -1151.426242 -373.352572
33.200000 1.987290 6.058093 -1171.336440 -408.216947
33.250000 2.008111 4.737250 -1251.082885 -479.968144
33.300000 1.995494 5.390693 -1220.103881 -453.834136
33.350000 2.004354 5.288279 -1233.270730 -463.598858
33.400000 2.027745 5.151572 -1236.567648 -457.913642
33.450000 2.005241 5.079190 -1235.552040 -465.539386
33.500000 2.022439 5.341617 -1209.209051 -432.592299
33.550000 1.999729 4.173621 -1284.077682 -516.181562
33.600000 2.023010 4.937216 -1241.069715 -464.233800
33.650000 1.989252 5.049673 -1234.188769 -470.315964
33.700000 1.986115 6.273617 -1159.073520 -396.405344
33.750000 2.012824 4.932109 -1239.970523 -467.046065
33.800000 1.982743 6.138540 -1158.188406 -396.815044
33.850000 1.997312 6.353129 -1153.436225 -386.468340
33.900000 2.030007 6.467738 -1148.889352 -369.366740
33.950000 2.013432 5.620413 -1195.095641 -421.937872
34.000000 1.997437 5.268518 -1216.118000 -449.102084
34.050000 2.003049 5.930600 -1172.599782 -403.429009
34.100000 2.025409 4.441786 -1268.058545 -490.301501
34.150000 1.974453 5.015384 -1231.261750 -473.071710
34.200000 2.000983 6.255618 -1163.875797 -395.498336
34.250000 2.007486 6.183514 -1170.718707 -399.844128
34.300000 2.009922 5.644253 -1196.698587 -424.888551
34.350000 1.994974 5.478254 -1208.452138 -442.382303
34.400000 2.009885 5.810796 -1186.390833 -414.594825
34.450000 1.993743 5.603978 -1204.281683 -438.684209
34.500000 1.991712 6.464888 -1150.580007 -385.762730
34.550000 2.024184 5.936885 -1184.896315 -407.609781
34.600000 2.001274 5.307603 -1214.683090 -446.193823
34.650000 1.992873 4.989968 -1237.512153 -472.248784
34.700000 2.005830 5.109333 -1230.770637 -460.531756
34.750000 1.989678 4.910800 -1240.865521 -476.829193
34.800000 1.995751 5.412903 -1203.527257 -437.159058
34.850000 1.997550 5.181890 -1219.622787 -452.563668
34.900000 1.995473 4.967861 -1232.553523 -466.291922
34.950000 2.007037 4.434963 -1266.680508 -495.978267
35.000000 1.977758 4.758838 -1244.693645 -485.234519
35.050000 1.994587 5.336326 -1216.656783 -450.735230
35.100000 1.994415 5.585895 -1203.447926 -437.592391
35.150000 2.006862 5.528574 -1211.408567 -440.773578
35.200000 1.998879 6.240763 -1160.551219 -392.981626
35.250000 1.992072 4.907897 -1241.066984 -476.111185
35.300000 1.997566 5.402817 -1207.347760 -440.282401
35.350000 2.005520 4.594473 -1258.974259 -488.854685
35.400000 1.991414 4.447121 -1265.186696 -500.483870
35.450000 2.000698 4.474101 -1265.970265 -497.702153
35.500000 1.978679 5.305156 -1213.716891 -453.904193
35.550000 2.018420 5.010320 -1239.551210 -464.478067
35.600000 1.991656 4.978568 -1238.675235 -473.879410
35.650000 1.989945 5.139102 -1221.154022 -457.015036
35.700000 2.017537 4.970462 -1227.476232 -452.742131
35.750000 1.984966 5.477788 -1192.148534 -429.921683
35.800000 1.994858 5.280182 -1205.212462 -439.186988
35.850000 2.035808 5.232528 -1210.139660 -428.389224
35.900000 2.001368 4.753464 -1251.790735 -483.265464
35.950000 2.000012 5.742060 -1191.954587 -423.949967
36.000000 1.994260 5.408649 -1210.726416 -444.930686
36.050000 1.988089 5.125171 -1225.377363 -461.951163
36.100000 2.020183 5.475748 -1206.255602 -430.505418
36.150000 1.969806 5.619302 -1191.091763 -434.686096
36.200000 2.017530 5.441613 -1201.392959 -426.661276
36.250000 1.986771 4.867800 -1245.037604 -482.117567
36.300000 2.028802 5.928307 -1181.453451 -402.393626
36.350000 1.983152 5.319844 -1224.153147 -462.622633
36.400000 1.985977 6.143132 -1174.359918 -411.744678
36.450000 2.026153 5.647214 -1203.909961 -425.867239
36.500000 2.013482 4.567544 -1265.877020 -492.699940
36.550000 1.993361 4.947160 -1240.576835 -475.126333
36.600000 1.997400 5.494398 -1212.216839 -445.215166
36.650000 2.022827 4.872390 -1250.455914 -473.690504
36.700000 1.996474 5.158988 -1213.993910 -447.347739
36.750000 1.989945 4.865546 -1227.491350 -463.352545
36.800000 1.987417 4.748234 -1246.285856 -483.117656
36.850000 1.991957 5.132683 -1227.703330 -462.791849
36.900000 2.010115 5.237302 -1225.344330 -453.460135
36.950000 1.988906 5.329679 -1223.089360 -459.349355
37.000000 1.996565 5.426086 -1213.491061 -446.809983
37.050000 1.999145 5.588471 -1194.651468 -426.979824
37.100000 1.980763 5.578190 -1195.433400 -434.820504
37.150000 1.997547 6.198697 -1163.833790 -396.775809
37.200000 2.030299 5.276814 -1216.208125 -436.573434
37.250000 1.979926 4.402889 -1265.104953 -504.813481
37.300000 2.011553 4.795673 -1245.589705 -473.153220
37.350000 2.000264 5.024198 -1231.922290 -463.820981
37.400000 1.987963 5.177106 -1219.175746 -455.797903
37.450000 1.985492 5.576999 -1195.940644 -433.511561
37.500000 1.996842 2.674261 -1131.882133 -365.094671
37.550000 2.001525 3.509642 -1071.423055 -302.837272
37.600000 2.010282 2.968390 -1108.665647 -336.717382
37.650000 1.994636 2.865835 -1113.850030 -347.909629
37.700000 1.990658 2.939044 -1111.185399 -346.772604
37.750000 2.002446 2.859709 -1118.511116 -349.571710
37.800000 2.025478 2.852121 -1115.418042 -337.634644
37.850000 1.991879 3.006597 -1096.740090 -331.858663
37.900000 2.007568 3.304508 -1082.119377 -311.213375
37.950000 2.013350 3.213027 -1093.067425 -319.941175
38.000000 1.996851 3.002106 -1104.306431 -337.515672
38.050000 1.991876 2.941775 -1103.885302 -339.004854
38.100000 2.004897 2.844747 -1110.365651 -340.485224
38.150000 2.009885 3.271036 -1083.181630 -311.385743
38.200000 1.994115 3.126931 -1097.577144 -331.837153
38.250000 2.009380 3.278438 -1090.775259 -319.173455
38.300000 1.997180 3.425109 -1074.384981 -307.467705
38.350000 1.993308 3.271356 -1084.715775 -319.285509
38.400000 1.991759 2.880699 -1118.109292 -353.273916
38.450000 2.014657 2.932756 -1116.016808 -342.388369
38.500000 1.992949 2.795112 -1123.038855 -357.746251
38.550000 1.996854 3.060853 -1104.090173 -337.298106
38.600000 2.001367 2.936954 -1108.622044 -340.097223
38.650000 2.001284 2.423443 -1149.940780 -381.447782
38.700000 2.002268 3.145752 -1103.729299 -334.858299
38.750000 2.005693 3.333208 -1091.610803 -321.424503
38.800000 2.012217 2.659543 -1131.002717 -358.311340
38.850000 2.006493 3.030327 -1090.335192 -319.841819
38.900000 1.982791 2.222374 -1147.938776 -386.547165
38.950000 1.981331 3.421523 -1064.117099 -303.286098
39.000000 1.993646 3.648172 -1057.855439 -292.295336
39.050000 1.999430 3.491179 -1072.381777 -304.600619
39.100000 2.024811 2.829652 -1114.592776 -337.065176
39.150000 1.986442 2.789133 -1116.209298 -353.415482
39.200000 1.989553 3.225429 -1094.191487 -330.202974
39.250000 2.010546 3.573552 -1070.302392 -298.252693
39.300000 2.020445 3.237792 -1084.815000 -308.964169
39.350000 1.985684 2.348087 -1140.840453 -378.337900
39.400000 1.995054 3.011083 -1095.842387 -329.741697
39.450000 2.004340 2.990991 -1108.153612 -338.486969
39.500000 1.999203 3.422701 -1088.799947 -321.106015
39.550000 1.992254 3.528377 -1079.608529 -314.582845
39.600000 2.004251 3.926520 -1040.890672 -271.258292
39.650000 2.010278 3.059477 -1103.112533 -331.165650
39.700000 2.003601 3.304903 -1086.703906 -317.321127
39.750000 2.005679 3.109689 -1106.856784 -336.676134
39.800000 1.969257 3.353458 -1088.622263 -332.427718
39.850000 2.010605 3.354698 -1090.624014 -318.551775
39.900000 1.990186 3.236909 -1092.247990 -328.016688
39.950000 2.002633 3.527382 -1067.541149 -298.530244
40.000000 1.989073 3.260185 -1086.265189 -322.461270
40.050000 2.002739 3.196462 -1096.954544 -327.902858
40.100000 1.991787 3.704658 -1054.093311 -289.247240
40.150000 1.997068 3.145215 -1092.296564 -325.422261
40.200000 2.019453 2.867085 -1111.064501 -335.594407
40.250000 1.993546 2.874075 -1105.912647 -340.391028
40.300000 2.010148 3.412194 -1065.191074 -293.294276
40.350000 2.003439 2.995871 -1093.446907 -324.126324
40.400000 2.002140 3.009617 -1093.585159 -324.763477
40.450000 2.000646 3.397842 -1070.100900 -301.852789
40.500000 1.989896 3.699490 -1054.681840 -290.561775
40.550000 2.008190 3.645204 -1059.459153 -288.314183
40.600000 2.004432 2.791736 -1122.620356 -352.918338
40.650000 2.027306 3.136305 -1092.951703 -314.466349
40.700000 2.014578 2.607337 -1123.997814 -350.399881
40.750000 1.986406 3.081925 -1085.205211 -322.425282
40.800000 2.016972 2.775826 -1112.986777 -338.469637
40.850000 1.993509 3.226789 -1081.542783 -316.035162
40.900000 1.990470 3.404674 -1071.382665 -307.042010
40.950000 2.012483 2.438083 -1140.616556 -367.823105
41.000000 1.993657 2.314223 -1142.303813 -376.739437
41.050000 1.974024 2.587173 -1124.831808 -366.806466
41.100000 1.995393 3.030154 -1099.326938 -333.096064
41.150000 1.991837 3.631426 -1057.343421 -292.478141
41.200000 2.012908 3.332132 -1079.617141 -306.660517
41.250000 2.002284 3.471229 -1064.649871 -295.772819
41.300000 1.997084 3.024331 -1103.167166 -336.287056
41.350000 2.009636 3.396905 -1080.511644 -308.811434
41.400000 1.994008 2.663083 -1131.813757 -366.114647
41.450000 1.999754 3.025654 -1108.279394 -340.373797
41.500000 1.984007 3.601100 -1072.562113 -310.703480
41.550000 2.006379 3.640818 -1067.208822 -296.759316
41.600000 2.024216 3.400376 -1082.206439 -304.907684
41.650000 1.977373 3.433194 -1084.142708 -324.831612
41.700000 2.014512 3.452978 -1082.430919 -308.858433
41.750000 2.017963 2.725443 -1122.856413 -347.958439
41.800000 1.997659 2.639667 -1118.468900 -351.367867
41.850000 1.996055 2.756235 -1110.063825 -343.578858
41.900000 1.991823 2.981338 -1098.287913 -333.427929
41.950000 2.011406 2.749741 -1117.241931 -344.862084
42.000000 1.984012 3.061469 -1100.693269 -338.832485
42.050000 1.990567 3.622531 -1064.399924 -300.022154
42.100000 2.029576 2.708087 -1134.133937 -354.776775
42.150000 1.992101 2.859288 -1117.019950 -352.053225
42.200000 1.985098 2.480133 -1149.228575 -386.950797
42.250000 2.002088 2.575757 -1141.027574 -372.225911
42.300000 1.998339 3.236882 -1089.956938 -322.594924
42.350000 2.014759 2.413341 -1150.193209 -376.525841
42.400000 1.998324 2.805725 -1118.216037 -350.859508
42.450000 1.995242 2.979750 -1106.695054 -340.522193
42.500000 1.995626 3.516610 -1069.326148 -303.005790
42.550000 2.005896 2.954894 -1110.536936 -340.272877
42.600000 2.003670 2.562001 -1130.009905 -360.600574
42.650000 2.001651 2.684167 -1117.313272 -348.679472
42.700000 2.007724 2.675062 -1122.982962 -352.016889
42.750000 1.999673 2.838282 -1115.859725 -347.985425
42.800000 1.999467 3.190716 -1097.942169 -330.146887
42.850000 1.994661 3.787335 -1060.881492 -294.931762
42.900000 2.007054 3.381018 -1093.703006 -322.994241
42.950000 2.005804 2.972568 -1117.716780 -347.488151
43.000000 2.009145 3.035421 -1107.368713 -335.857040
43.050000 1.986481 2.955148 -1109.456525 -346.647795
43.100000 2.002819 2.992523 -1104.542240 -335.459704
43.150000 1.999897 2.554517 -1135.963326 -368.003052
43.200000 1.990589 3.360669 -1081.370955 -316.984932
43.250000 2.012687 3.054555 -1103.963611 -331.091917
43.300000 1.998745 3.081177 -1096.584073 -329.065956
43.350000 1.991517 2.700020 -1123.292162 -358.549477
43.400000 2.009760 3.123586 -1089.838362 -318.090614
43.450000 1.990707 3.171058 -1086.717970 -322.286558
43.500000 2.011852 2.494575 -1130.554954 -358.003822
43.550000 1.992137 2.632781 -1119.982792 -355.002246
43.600000 2.000656 3.009023 -1102.373373 -334.121428
43.650000 1.998953 3.189096 -1092.476670 -324.878654
43.700000 1.987729 3.225508 -1093.352196 -330.064208
43.750000 2.004428 3.289738 -1089.560879 -319.860688
43.800000 1.988131 3.096383 -1102.012371 -338.570052
43.850000 1.994429 2.863572 -1117.992572 -352.131839
43.900000 2.007628 3.113095 -1099.008878 -328.079873
43.950000 2.012323 3.319064 -1086.474440 -313.742545
44.000000 2.009471 2.906191 -1117.586072 -345.949036
44.050000 2.008385 3.164290 -1088.703466 -317.483764
44.100000 2.007446 2.665185 -1117.739621 -346.880353
44.150000 2.005903 2.500124 -1130.999242 -360.732425
44.200000 1.998226 3.060706 -1096.940557 -329.621682
44.250000 2.005247 3.169985 -1100.109906 -330.095166
44.300000 1.991525 2.878444 -1118.183432 -353.437863
44.350000 2.007298 3.003442 -1097.464248 -326.661760
44.400000 1.997434 2.583995 -1117.590188 -350.575642
44.450000 2.002791 2.889000 -1090.903477 -321.831805
44.500000 1.991812 3.174726 -1077.108750 -312.252850
44.550000 2.006376 3.361301 -1067.393200 -296.944867
44.600000 2.020804 2.774159 -1105.975045 -329.986405
44.650000 1.971942 2.665150 -1114.491983 -357.266193
44.700000 2.010063 2.886537 -1106.279374 -334.415152
44.750000 1.995241 2.883535 -1109.049890 -342.877360
44.800000 2.010327 2.759553 -1119.285913 -347.320429
44.850000 1.991971 3.162453 -1087.020206 -322.103191
44.900000 2.003775 3.137282 -1092.449105 -322.999576
44.950000 2.011226 2.685609 -1128.797988 -356.487385
45.000000 1.997119 1.633970 -957.457445 -190.563695
45.050000 2.001043 1.498316 -973.175681 -204.775211
45.100000 2.009688 1.372213 -985.847047 -214.126729
45.150000 1.987473 1.542950 -969.644067 -206.454476
45.200000 2.000921 1.890167 -944.360301 -176.006588
45.250000 2.004555 1.795643 -950.505979 -180.756811
45.300000 2.005224 1.529853 -962.317361 -192.311203
45.350000 1.994956 1.351248 -977.057498 -210.994451
45.400000 1.994355 2.020866 -927.619178 -161.786937
45.450000 2.020956 1.850665 -947.187027 -171.139841
45.500000 2.001423 1.532685 -971.600394 -203.053771
45.550000 1.995431 1.793142 -958.077197 -191.831633
45.600000 2.010451 2.062541 -943.490043 -171.477019
45.650000 1.998455 1.802280 -962.193422 -194.786737
45.700000 2.004653 1.725968 -963.329681 -193.543097
45.750000 2.011962 1.408276 -981.831871 -209.238410
45.800000 1.998952 1.124868 -1001.402041 -233.804500
45.850000 1.991630 1.666408 -961.427758 -196.641966
45.900000 1.990470 2.191389 -920.073520 -155.733108
45.950000 2.000284 1.901015 -945.780491 -177.671473
46.000000 2.011915 1.501580 -980.645153 -208.069980
46.050000 1.993422 1.922016 -948.477005 -183.002973
46.100000 1.992323 1.901069 -954.653370 -189.601264
46.150000 2.003167 2.212621 -932.514877 -163.298662
46.200000 2.007390 2.433199 -918.690006 -147.852134
46.250000 2.014617 1.705106 -973.380193 -199.767245
46.300000 1.980358 1.704261 -963.817008 -203.359440
46.350000 2.010452 1.724514 -961.774291 -189.760700
46.400000 2.006871 1.687340 -961.024516 -190.386222
46.450000 1.994393 1.551148 -975.471405 -209.624601
46.500000 1.991593 1.893930 -954.099026 -189.327399
46.550000 2.009431 2.017952 -942.108036 -170.486649
46.600000 2.009005 1.644848 -972.841268 -201.383414
46.650000 1.971753 2.382981 -918.108767 -160.955676
46.700000 2.017552 2.310152 -927.467170 -152.727223
46.750000 2.000045 1.580870 -977.919111 -209.901746
46.800000 1.983429 1.727019 -955.162076 -193.525165
46.850000 2.006144 1.548713 -962.766509 -192.407370
46.900000 2.016943 1.210289 -989.901045 -215.395000
46.950000 2.004144 1.387152 -984.452353 -214.861028
47.000000 1.995330 2.190591 -927.437519 -161.230950
47.050000 2.001901 2.283545 -919.565520 -150.835505
47.100000 2.018988 1.752981 -957.802126 -182.510598
47.150000 1.997791 1.491814 -974.646006 -207.494255
47.200000 1.996476 1.562537 -976.818185 -210.171264
47.250000 1.993801 2.150063 -928.924171 -163.304622
47.300000 1.996573 1.987007 -938.156452 -171.472387
47.350000 2.005979 1.866217 -947.721562 -177.425542
47.400000 1.991764 1.880806 -948.781077 -183.943817
47.450000 2.008384 1.862513 -951.222138 -180.002734
47.500000 2.000303 1.635590 -967.813489 -199.697062
47.550000 2.004790 1.700179 -963.545635 -193.706464
47.600000 1.990254 1.831748 -952.330531 -188.073086
47.650000 1.997427 1.675802 -967.757725 -200.745581
47.700000 1.999675 2.125395 -929.474893 -161.599524
47.750000 2.008588 1.680290 -958.843049 -187.545133
47.800000 1.981942 1.864577 -941.798781 -180.733172
47.850000 2.025642 2.154435 -921.927146 -144.080802
47.900000 2.004977 1.440996 -980.965148 -211.054039
47.950000 2.002503 1.478106 -976.191238 -207.230107
48.000000 1.991662 2.020409 -929.053780 -164.255739
48.050000 2.010997 1.383824 -979.491979 -207.269199
48.100000 1.987901 1.520845 -960.317754 -196.963868
48.150000 2.000270 1.229664 -982.485166 -214.381567
48.200000 1.980796 1.346402 -969.680996 -209.055154
48.250000 1.999794 1.585404 -956.484425 -188.563629
48.300000 1.992438 1.367715 -983.028289 -217.932159
48.350000 1.986518 2.120659 -923.370144 -160.547255
48.400000 2.009486 1.881616 -941.371903 -169.729346
48.450000 1.986546 1.915109 -934.544852 -171.711226
48.500000 2.018473 1.297023 -991.860703 -216.767093
48.550000 1.992450 1.486395 -976.730294 -211.629667
48.600000 2.006144 1.721172 -960.897432 -190.538240
48.650000 1.976468 1.838493 -957.061460 -198.097885
48.700000 2.002902 2.121951 -945.261134 -176.146907
48.750000 2.009875 2.362516 -925.084593 -153.292408
48.800000 2.006406 1.919208 -953.834851 -183.374921
48.850000 1.997217 1.825023 -955.745149 -188.813691
48.900000 2.004971 1.720139 -965.422415 -195.513473
48.950000 1.973095 1.664062 -971.177785 -213.509299
49.000000 1.992343 2.178765 -928.870973 -163.811144
49.050000 2.006152 1.969699 -950.498599 -180.136391
49.100000 1.993760 1.781904 -966.152991 -200.549201
49.150000 2.005690 1.859772 -961.165484 -190.980551
49.200000 1.996971 1.625381 -976.701084 -209.864294
49.250000 1.990928 1.688927 -967.757075 -203.240692
49.300000 2.000116 1.674845 -966.311466 -198.267095
49.350000 1.998541 1.747277 -961.013197 -193.573434
49.400000 2.004968 2.051286 -941.087680 -171.179864
49.450000 1.992163 1.990049 -957.145806 -192.155300
49.500000 1.996554 2.412007 -926.258263 -159.581592
49.550000 2.010655 1.943217 -955.079216 -182.987516
49.600000 2.006375 1.275786 -997.418572 -226.970581
49.650000 1.988803 1.608509 -959.724025 -196.023701
49.700000 1.994588 2.053199 -922.313794 -156.392119
49.750000 2.002060 1.474358 -978.028795 -209.237841
49.800000 1.986475 2.372908 -907.569839 -144.763546
49.850000 2.004528 2.113886 -942.363628 -172.625053
49.900000 2.009754 1.922494 -958.745828 -187.000177
49.950000 1.988904 2.085915 -940.923993 -177.184968
50.000000 2.019888 2.138547 -931.276596 -155.639440
50.050000 2.008054 1.751212 -954.239452 -183.146683
50.100000 2.014274 1.688271 -957.755961 -184.274830
50.150000 1.989654 1.658350 -963.654869 -199.627700
50.200000 2.028846 1.887128 -950.244720 -171.167844
50.250000 1.993108 1.744415 -958.741997 -193.388691
50.300000 2.011461 1.883855 -945.202574 -172.801713
50.350000 1.989822 1.552963 -973.996529 -209.904871
50.400000 2.027392 1.898245 -945.087145 -166.568691
50.450000 1.998760 1.231702 -999.575821 -232.052084
50.500000 2.000594 1.796982 -957.882019 -189.653898
50.550000 1.981674 1.897656 -953.643848 -192.681186
50.600000 2.008759 1.862770 -961.636576 -190.272950
50.650000 2.028222 1.981379 -948.295183 -169.457928
50.700000 2.012923 1.381974 -991.228904 -218.266572
50.750000 1.981798 1.923116 -943.940083 -182.929640
50.800000 1.995892 1.678641 -967.323477 -200.901037
50.850000 1.997985 2.046700 -933.737178 -166.510837
50.900000 2.017062 2.096008 -924.285747 -149.733911
50.950000 2.019708 1.465540 -972.868857 -197.301095
51.000000 1.992602 1.550343 -965.454403 -200.295320
51.050000 2.004449 1.837075 -940.968145 -171.259620
51.100000 2.023226 1.374676 -978.836144 -201.917306
51.150000 2.004003 1.466962 -968.653437 -199.116473
51.200000 1.999947 1.388432 -978.965667 -210.985888
51.250000 1.981631 1.745384 -959.236427 -198.290247
51.300000 2.027537 2.687369 -885.694632 -107.120340
51.350000 2.013474 1.745061 -960.057303 -186.883105
51.400000 1.996217 1.514533 -981.212669 -214.665355
51.450000 2.009526 1.610436 -977.511875 -205.854025
51.500000 1.992502 1.648301 -980.616790 -215.496171
51.550000 1.997819 2.081099 -951.509649 -184.347104
51.600000 1.992732 1.995517 -959.702947 -194.493968
51.650000 1.980242 2.160019 -944.299412 -183.886633
51.700000 1.998801 2.280744 -942.391680 -174.852042
51.750000 2.012724 2.381031 -935.819581 -162.933672
51.800000 1.987837 1.964171 -959.655377 -196.325897
51.850000 1.990231 1.862534 -964.444015 -200.195194
51.900000 2.009274 1.663724 -974.842633 -203.281437
51.950000 1.990814 1.455825 -986.408994 -221.936531
52.000000 2.007776 1.467064 -984.190401 -213.204374
52.050000 1.998412 1.447653 -978.689164 -211.299060
52.100000 1.990306 1.307788 -994.358076 -230.080532
52.150000 1.995662 1.834307 -957.022342 -190.688007
52.200000 2.014955 1.789651 -955.918268 -182.175717
52.250000 1.990137 1.163900 -999.264226 -235.051655
52.300000 1.987507 1.595397 -961.956579 -198.753738
52.350000 2.010003 1.586306 -964.432504 -192.591541
52.400000 2.001719 1.192224 -1000.694195 -232.034075
52.450000 1.989873 1.812113 -963.331562 -199.220168
52.500000 1.992499 1.168140 -811.628380 -46.508604
52.550000 2.013256 1.306327 -797.089653 -23.999336
52.600000 2.016160 0.910065 -823.948518 -49.743245
52.650000 2.004158 0.697826 -839.789605 -70.192862
52.700000 1.990504 1.125228 -799.262589 -34.908861
52.750000 2.007407 0.855870 -828.037786 -57.193507
52.800000 1.990669 0.992540 -814.526542 -50.109725
52.850000 2.017600 1.266793 -783.082588 -8.324301
52.900000 1.993303 0.767872 -826.511797 -61.083524
52.950000 1.989264 1.091902 -800.604353 -36.727043
53.000000 1.996014 1.454651 -775.630263 -9.161063
53.050000 2.008718 1.131870 -812.109904 -40.762022
53.100000 2.001699 0.915206 -829.183634 -60.531242
53.150000 2.007858 0.873361 -826.370669 -55.353046
53.200000 2.002363 0.827335 -825.738628 -56.831282
53.250000 1.989859 0.927746 -820.240153 -56.134186
53.300000 1.993632 1.529726 -767.936273 -2.381698
53.350000 2.000012 1.182094 -803.930901 -35.926163
53.400000 2.001613 1.220913 -795.551333 -26.931818
53.450000 1.979530 1.324258 -783.141213 -23.001557
53.500000 1.998440 1.102175 -803.549383 -36.148565
53.550000 2.008057 0.941157 -819.671102 -48.577059
53.600000 1.983461 0.972368 -815.860151 -54.211164
53.650000 2.007293 0.917758 -821.657013 -50.856591
53.700000 1.991740 1.128759 -797.001629 -32.173456
53.750000 2.013099 0.937787 -815.803840 -42.773870
53.800000 2.000193 1.021686 -804.592428 -36.518309
53.850000 1.983309 1.267813 -783.872442 -22.281710
53.900000 2.016310 1.176847 -796.211226 -21.947998
53.950000 1.998363 0.893220 -823.474618 -56.103064
54.000000 2.003438 1.126086 -802.734559 -33.414233
54.050000 1.994452 1.144437 -801.790280 -35.920613
54.100000 2.000036 0.938636 -818.289338 -50.275687
54.150000 1.998178 0.934915 -816.454044 -49.153638
54.200000 2.001003 1.278521 -789.211366 -20.826091
54.250000 2.010577 1.518256 -766.320614 5.740796
54.300000 2.006194 1.109854 -805.105987 -34.727480
54.350000 1.995030 1.183332 -794.863892 -28.772513
54.400000 2.003720 1.244591 -784.482556 -15.053916
54.450000 2.008573 1.043355 -797.617094 -26.324936
54.500000 1.992219 0.820243 -817.288519 -52.276591
54.550000 2.005460 0.944018 -807.416330 -37.319815
54.600000 1.993600 1.076899 -794.274414 -28.732039
54.650000 1.985381 0.910397 -820.410067 -58.023739
54.700000 2.006811 1.327732 -790.655404 -20.039937
54.750000 1.995430 1.554985 -771.357196 -5.112096
54.800000 2.005008 1.096374 -810.579255 -40.656104
54.850000 2.003789 0.777373 -829.122139 -59.667275
54.900000 1.998257 0.771777 -819.989201 -52.658354
54.950000 1.979636 1.094349 -785.410462 -25.230332
55.000000 2.016034 1.017193 -793.861637 -19.704547
55.050000 2.005477 0.652837 -827.671269 -57.568215
55.100000 1.996485 0.850037 -809.151203 -42.500978
55.150000 2.006074 0.996848 -801.577711 -31.245275
55.200000 2.005634 1.168799 -788.687874 -18.524396
55.250000 1.985104 1.317733 -776.632729 -14.352777
55.300000 1.996678 1.014437 -811.023976 -44.299577
55.350000 1.998346 1.035128 -800.944312 -33.579634
55.400000 2.013472 0.725998 -832.464527 -59.291468
55.450000 1.987849 1.163421 -793.633854 -30.299741
55.500000 2.019830 0.929451 -823.663927 -48.049250
55.550000 1.984677 0.751541 -841.721540 -79.605424
55.600000 2.004434 0.866068 -836.292355 -66.589755
55.650000 1.997191 1.010034 -822.812559 -55.891118
55.700000 1.996672 1.376131 -786.991836 -20.269953
55.750000 1.994702 1.286965 -792.732474 -26.766798
55.800000 2.010457 1.276499 -791.553068 -19.537753
55.850000 1.991923 1.090142 -808.675319 -43.777024
55.900000 1.996212 1.192055 -793.466932 -26.921350
55.950000 1.993193 1.032887 -804.910468 -39.524362
56.000000 2.006378 0.988430 -805.765394 -35.316214
56.050000 2.009076 0.681462 -835.698424 -64.213332
56.100000 2.002851 0.693971 -835.491977 -66.397212
56.150000 1.991553 1.033141 -810.087626 -45.331339
56.200000 2.007548 1.211808 -802.002586 -31.104209
56.250000 1.982665 1.302993 -794.718806 -33.375449
56.300000 2.010951 1.254856 -800.912906 -28.707790
56.350000 1.999857 0.967358 -827.885722 -59.940560
56.400000 1.988081 1.364986 -790.061189 -26.638059
56.450000 2.004110 1.390766 -788.981815 -19.403743
56.500000 2.015710 1.412896 -777.673301 -3.640527
56.550000 1.999026 1.323303 -780.512993 -12.886962
56.600000 1.997984 1.080627 -804.321899 -37.096009
56.650000 2.002741 1.044196 -806.188101 -37.135741
56.700000 1.997230 1.178011 -789.469109 -22.532942
56.750000 2.002372 0.957073 -810.717046 -41.806206
56.800000 1.986883 1.223823 -781.597448 -18.634538
56.850000 2.008400 1.167101 -785.425075 -14.199561
56.900000 2.010263 1.118546 -781.295704 -9.354850
56.950000 2.007003 0.583492 -830.087710 -59.398445
57.000000 1.982973 0.708450 -818.780037 -57.318394
57.050000 1.997451 1.064298 -790.988629 -23.967518
57.100000 1.993571 1.157072 -790.461663 -24.930452
57.150000 1.998597 1.522127 -759.557155 7.904043
57.200000 2.002789 1.296746 -780.964653 -11.893622
57.250000 1.985886 1.302215 -781.513483 -18.933196
57.300000 2.006836 1.238569 -792.908837 -22.283669
57.350000 1.997099 1.222752 -793.719297 -26.833194
57.400000 2.009588 1.307230 -778.748065 -7.066349
57.450000 1.999352 0.955346 -807.248883 -39.497857
57.500000 2.009124 0.937991 -808.868146 -37.364528
57.550000 1.998131 0.828074 -828.211679 -60.929422
57.600000 1.993653 1.185204 -809.411092 -43.848460
57.650000 1.996537 1.501590 -785.559442 -18.889392
57.700000 1.999476 1.186033 -815.579868 -47.781236
57.750000 1.989840 0.915946 -839.161194 -75.062725
57.800000 2.005442 0.978700 -828.854521 -58.764805
57.850000 1.997358 0.850820 -837.934595 -70.949096
57.900000 1.985067 1.209336 -802.187570 -39.921674
57.950000 1.999846 1.131346 -814.674138 -46.733247
58.000000 2.001947 0.934796 -834.142327 -65.394513
58.050000 1.991888 1.028711 -821.387139 -56.502165
58.100000 2.009281 1.078141 -809.343914 -37.779930
58.150000 2.007460 0.827448 -819.980272 -49.115562
58.200000 1.998651 0.608580 -830.967639 -63.485832
58.250000 1.984181 0.985480 -786.328686 -24.403022
58.300000 2.000058 0.951121 -791.306522 -23.284363
58.350000 1.994988 1.102369 -781.352309 -15.276984
58.400000 2.013299 1.219892 -771.333637 1.773254
58.450000 2.000103 0.983015 -789.193546 -21.154118
58.500000 1.995303 0.932983 -790.207135 -24.010722
58.550000 2.007879 0.983820 -787.776454 -16.750861
58.600000 2.004937 0.868867 -802.313286 -32.417295
58.650000 1.993289 0.870817 -808.472529 -43.049635
58.700000 1.999474 1.082251 -790.945300 -23.147464
58.750000 1.987612 0.764998 -827.737536 -64.494590
58.800000 2.002647 1.248742 -780.308425 -11.291924
58.850000 2.007491 0.811040 -823.293857 -52.417220
58.900000 2.003074 0.891203 -816.145040 -46.964492
58.950000 1.997070 0.998815 -810.379417 -43.504617
59.000000 1.994961 0.962968 -813.932679 -47.867736
59.050000 2.003147 0.888905 -813.447788 -44.239294
59.100000 2.013239 0.751712 -816.215259 -43.131602
59.150000 2.000767 0.442834 -844.389931 -76.095330
59.200000 1.979780 0.760670 -819.980162 -59.744561
59.250000 1.991945 1.295271 -777.941818 -13.034836
59.300000 2.003869 1.307550 -782.508491 -13.022818
59.350000 1.985996 1.266581 -778.740061 -16.117531
59.400000 1.998575 0.933126 -806.294083 -38.841320
59.450000 1.999567 0.806098 -817.947210 -50.113536
59.500000 2.004335 0.894030 -814.407357 -44.742894
59.550000 1.991617 1.056850 -808.274524 -43.493437
59.600000 2.003212 1.003395 -825.171997 -55.938583
59.650000 2.012483 1.024137 -821.530324 -48.736708
59.700000 1.985687 1.087974 -813.081373 -50.577492
59.750000 1.999996 1.256073 -796.161466 -28.162811
59.800000 1.999051 1.462577 -775.828672 -8.192963
59.850000 2.031660 1.469423 -774.387372 5.770258
59.900000 1.986967 1.030804 -807.994962 -44.999576
59.950000 1.995299 0.795094 -831.232353 -65.037573
60.000000 1.992708 0.676084 -637.637704 127.562303
60.050000 2.000877 0.557519 -652.807262 115.529368
60.100000 1.999450 0.734566 -634.623495 133.165492
60.150000 1.988610 0.703671 -642.774695 120.851692
60.200000 2.002704 0.714273 -644.388128 124.650041
60.250000 2.009684 0.619257 -653.455174 118.263445
60.300000 2.007714 0.370790 -682.413872 88.548125
60.350000 1.987079 0.501207 -669.561580 93.476651
60.400000 1.989737 0.717412 -653.189865 110.869185
60.450000 2.005737 0.755690 -654.806289 115.396701
60.500000 2.001325 0.743800 -654.263240 114.245492
60.550000 1.999723 0.723125 -656.711399 111.182060
60.600000 2.000072 0.724565 -657.402940 110.624792
60.650000 1.992397 0.898942 -632.662214 132.418310
60.700000 2.002915 0.674774 -654.314545 114.804972
60.750000 2.003805 0.604827 -656.035454 113.425526
60.800000 2.004176 0.728720 -639.625807 129.977869
60.850000 1.992405 0.872157 -618.571832 146.511512
60.900000 1.990239 0.614274 -649.894243 114.357380
60.950000 2.001125 0.653958 -648.316364 120.115667
61.000000 2.000424 1.117102 -597.833718 170.329146
61.050000 2.010453 0.810098 -638.480418 133.533488
61.100000 1.996628 0.838031 -628.720045 137.985230
61.150000 1.996509 0.654850 -654.182154 112.477114
61.200000 2.006097 0.718783 -652.813974 117.527208
61.250000 1.996994 1.102981 -606.165245 160.680383
61.300000 2.010452 0.780339 -644.808899 127.204650
61.350000 2.007026 0.576486 -662.167526 108.530556
61.400000 1.979803 0.620078 -658.340726 101.903523
61.450000 1.992414 0.909401 -629.194490 135.892460
61.500000 2.023737 0.773463 -645.386625 131.728311
61.550000 1.995632 0.619412 -662.967538 103.355275
61.600000 2.013059 0.636183 -664.367768 108.646998
61.650000 1.995538 0.789756 -649.364697 116.922049
61.700000 1.998246 0.699555 -668.340193 98.986340
61.750000 1.992015 0.864363 -648.904900 116.028925
61.800000 2.005957 0.621675 -678.184352 92.103115
61.850000 2.002988 0.661063 -671.233749 97.913663
61.900000 1.999784 0.644504 -677.069410 90.847553
61.950000 1.979315 1.006221 -634.231008 125.826021
62.000000 2.004185 0.696966 -673.017891 96.589261
62.050000 2.009156 0.770907 -658.995664 112.520289
62.100000 1.993200 0.619547 -671.943609 93.445213
62.150000 1.999381 0.513444 -674.941665 92.820582
62.200000 1.995297 0.580336 -652.988797 113.205142
62.250000 1.990995 0.547632 -649.942017 114.600172
62.300000 1.994533 0.541655 -648.825049 117.075600
62.350000 2.000191 0.502151 -654.504295 113.569202
62.400000 2.002536 0.577956 -652.816982 116.156773
62.450000 1.988145 0.794679 -633.324189 130.123501
62.500000 2.020413 1.014526 -606.846802 168.991645
62.550000 1.994675 0.601958 -653.971651 111.983555
62.600000 1.990742 0.719639 -641.564656 122.880205
62.650000 2.008775 0.778149 -639.306421 132.063208
62.700000 1.987847 0.826470 -633.825416 129.507789
62.750000 2.003679 0.750517 -646.745508 122.667062
62.800000 1.997505 0.637762 -664.761548 102.280438
62.850000 2.016175 0.890774 -638.841760 135.369473
62.900000 1.997480 0.687049 -658.414916 108.617417
62.950000 1.996027 0.811556 -634.387065 132.087361
63.000000 1.997417 0.671964 -644.896085 122.112041
63.050000 1.990376 0.811893 -624.020755 140.283498
63.100000 2.016647 0.798335 -627.488914 146.903422
63.150000 1.982735 0.902436 -616.477912 144.892374
63.200000 2.013410 0.777142 -635.574196 137.575376
63.250000 2.002963 0.744813 -636.075379 133.062348
63.300000 1.997882 0.672791 -646.671925 120.514592
63.350000 1.996661 0.785163 -632.755277 133.962517
63.400000 1.988748 0.720119 -643.917897 119.761335
63.450000 1.999918 0.717534 -643.495134 124.473507
63.500000 2.006415 0.756380 -631.036772 139.426398
63.550000 2.002750 0.488185 -661.315652 107.740245
63.600000 1.989213 0.803348 -624.886814 138.970991
63.650000 1.995299 0.836913 -624.143085 142.051795
63.700000 2.002824 0.663209 -642.793635 126.290876
63.750000 2.002108 0.443539 -671.958383 96.850921
63.800000 1.993808 0.649269 -652.487428 113.134673
63.850000 2.004095 0.651060 -656.528617 113.043976
63.900000 1.981155 0.635572 -663.882490 96.880924
63.950000 2.006702 0.852960 -639.938160 130.635581
64.000000 2.013747 0.542857 -677.051276 96.227562
64.050000 1.987681 0.708052 -656.780827 106.488691
64.100000 2.006281 0.884941 -635.954418 134.457562
64.150000 2.006761 0.724507 -653.386268 117.209979
64.200000 1.984908 0.743048 -648.768936 113.435692
64.250000 2.000558 0.862863 -635.731972 132.482447
64.300000 2.011470 0.835339 -634.893257 137.511317
64.350000 2.004272 0.632145 -649.385707 120.254793
64.400000 1.983666 0.727596 -629.504250 132.223438
64.450000 2.007438 0.699535 -637.198345 133.658011
64.500000 1.997152 0.668038 -643.546031 123.360360
64.550000 2.007504 0.609300 -653.538907 117.342531
64.600000 2.008319 0.639570 -648.902289 122.292200
64.650000 2.009626 0.697772 -642.854906 128.841624
64.700000 1.983567 0.847645 -630.839155 130.850500
64.750000 2.005715 1.085357 -603.323603 166.870979
64.800000 2.014796 0.740992 -639.142436 134.539420
64.850000 1.987314 0.615953 -649.780400 113.348305
64.900000 1.997671 0.762533 -631.887144 135.218545
64.950000 2.010400 0.527657 -657.043801 114.949759
65.000000 1.989587 0.558143 -647.629354 116.372072
65.050000 2.004715 0.638305 -643.432972 126.377697
65.100000 1.993175 0.801531 -628.684719 136.694355
65.150000 2.008586 0.851341 -618.425306 152.871816
65.200000 2.006592 0.505722 -648.137205 122.394002
65.250000 1.995261 0.506436 -641.256348 124.923999
65.300000 2.012361 0.618374 -632.905460 139.841068
65.350000 1.991630 0.941340 -597.519081 167.267025
65.400000 2.006785 0.599633 -641.683144 128.922440
65.450000 2.000422 0.631673 -636.473698 131.688224
65.500000 2.000574 0.575574 -650.896433 117.324019
65.550000 2.000992 0.736795 -635.979598 132.401298
65.600000 2.001066 0.711009 -641.921752 126.487512
65.650000 2.010585 0.582212 -658.057124 114.007493
65.700000 1.993363 0.518937 -665.349390 100.101984
65.750000 1.997208 0.759856 -636.883711 130.044316
65.800000 2.002562 0.647874 -650.785964 118.197927
65.850000 1.997768 0.636215 -654.263332 112.879652
65.900000 1.998423 0.873668 -628.737475 138.656781
65.950000 2.001341 0.724853 -647.655321 120.859485
66.000000 2.004455 0.602773 -661.016369 108.694407
66.050000 1.996019 0.648625 -653.189977 113.281216
66.100000 1.993638 0.562353 -664.010279 101.546704
66.150000 1.999347 0.816434 -635.133698 132.615387
66.200000 1.980759 0.875478 -636.672290 123.939080
66.250000 2.028034 1.032027 -623.740855 155.024138
66.300000 1.999389 0.932052 -634.500895 133.264620
66.350000 1.995874 0.794799 -650.775049 115.640585
66.400000 1.995417 0.690996 -663.318820 102.921322
66.450000 2.000827 1.083324 -613.549160 154.768545
66.500000 2.007816 0.602407 -670.720906 100.280298
66.550000 2.001881 0.676726 -656.238340 112.484054
66.600000 1.999161 0.779672 -645.056271 122.621441
66.650000 2.006537 0.855262 -635.093818 135.416214
66.700000 1.999912 0.759888 -646.232187 121.733865
66.750000 1.999764 0.750852 -646.217969 121.691315
66.800000 1.992764 0.784381 -644.455518 120.765809
66.850000 2.016471 0.649298 -664.841054 109.483679
66.900000 1.978914 0.916354 -626.975983 132.927065
66.950000 2.010805 0.613431 -666.038160 106.111063
67.000000 1.995612 0.712808 -646.811680 119.503328
67.050000 2.007302 0.683120 -646.872382 123.931673
67.100000 2.010901 0.720774 -633.439529 138.746556
67.150000 1.989589 0.592459 -648.024060 115.978009
67.200000 2.008934 0.520697 -663.306848 108.123730
67.250000 1.995459 0.658195 -653.526079 112.730145
67.300000 2.008603 0.722797 -648.160537 123.143093
67.350000 2.000217 0.654018 -649.953315 118.130083
67.400000 2.006033 0.330112 -685.471385 84.845340
67.450000 1.988943 0.636513 -646.771546 116.982665
