# t Temp Pres Epot Etot
0.000000 1.965329 28.523223 -1416.106966 -661.420602
0.050000 2.012159 29.530755 -1377.367827 -604.698585
0.100000 1.992217 28.712198 -1411.577974 -646.566543
0.150000 1.981663 27.951200 -1446.205298 -685.246877
0.200000 2.046112 29.138628 -1395.951885 -610.244725
0.250000 1.976522 27.510155 -1464.053467 -705.069210
0.300000 1.946778 28.891183 -1403.270896 -655.708281
0.350000 2.013567 29.847200 -1361.992304 -588.782725
0.400000 2.014490 28.594706 -1418.831358 -645.267040
0.450000 1.994301 28.862753 -1404.010743 -638.199228
0.500000 1.973488 28.479472 -1421.556360 -663.736804
0.550000 2.012986 28.835177 -1409.949995 -636.963228
0.600000 1.969477 29.235304 -1388.184222 -631.904967
0.650000 2.021147 29.562256 -1372.736617 -596.616163
0.700000 1.976112 27.881001 -1449.524961 -690.697920
0.750000 1.966994 28.376924 -1425.942844 -670.617277
0.800000 2.018185 29.134724 -1394.776834 -619.793698
0.850000 2.010161 29.207355 -1389.289751 -617.388035
0.900000 1.972829 28.868842 -1403.389293 -645.823037
0.950000 2.021852 29.575657 -1375.989901 -599.598575
1.000000 2.011267 28.429990 -1425.272517 -652.945954
1.050000 1.948138 27.834909 -1451.923924 -703.838903
1.100000 2.034817 29.714266 -1367.291383 -585.921686
1.150000 1.978544 29.182558 -1390.544941 -630.783916
1.200000 2.021083 29.656517 -1371.543223 -595.447277
1.250000 2.011008 28.115715 -1439.305102 -667.078114
1.300000 2.004286 28.324940 -1428.641300 -658.995651
1.350000 2.034265 28.136647 -1438.936573 -657.778671
1.400000 1.997952 29.135226 -1393.316276 -626.102741
1.450000 1.962151 29.614945 -1369.674088 -616.208108
1.500000 2.026664 29.107046 -1396.347850 -618.108831
1.550000 2.004519 28.940982 -1400.875297 -631.140164
1.600000 1.988299 29.599307 -1371.019710 -607.513078
1.650000 2.016050 28.312317 -1429.473459 -655.310121
1.700000 1.960973 29.389015 -1377.884397 -624.870889
1.750000 2.019955 29.168141 -1392.675307 -617.012536
1.800000 2.002599 28.501780 -1419.431122 -650.433056
1.850000 1.983970 28.719029 -1411.979439 -650.134962
1.900000 1.958990 28.964023 -1398.256794 -646.004660
1.950000 2.017764 30.312584 -1340.701788 -565.880283
2.000000 2.016763 28.862407 -1403.239747 -628.802924
2.050000 1.977244 28.114438 -1433.478382 -674.216577
2.100000 1.974267 29.003166 -1396.069258 -637.950636
2.150000 2.010012 28.322908 -1431.452541 -659.607796
2.200000 1.964104 27.939442 -1442.040790 -687.824764
2.250000 1.989101 29.977597 -1354.902886 -591.088154
2.300000 1.966086 29.451367 -1377.343167 -622.366160
2.350000 2.000359 29.096972 -1394.813434 -626.675681
2.400000 2.000306 28.666614 -1414.454661 -646.337157
2.450000 2.012386 28.792470 -1408.123847 -635.367478
2.500000 1.994844 28.539792 -1417.180061 -651.160080
2.550000 1.987245 29.887793 -1358.236588 -595.134648
2.600000 2.016973 28.900654 -1400.189813 -625.672013
2.650000 1.989591 28.768026 -1405.384330 -641.381501
2.700000 1.974691 29.759646 -1362.503260 -604.221913
2.750000 2.021832 28.544139 -1420.869720 -644.486210
2.800000 2.012631 28.034724 -1439.930746 -667.080415
2.850000 1.991952 28.336159 -1426.976511 -662.067114
2.900000 2.025221 29.574690 -1374.821153 -597.136173
2.950000 1.971144 29.894403 -1356.864658 -599.945484
3.000000 2.025562 28.542015 -1420.078766 -642.263016
3.050000 2.000014 27.813300 -1451.649636 -683.644303
3.100000 2.003222 27.812931 -1454.782005 -685.544612
3.150000 1.988859 29.078897 -1394.282548 -630.560769
3.200000 2.020738 29.821295 -1362.830418 -586.867003
3.250000 1.994538 28.574839 -1419.320751 -653.418108
3.300000 2.018024 29.792354 -1363.153916 -588.232810
3.350000 2.008239 29.540212 -1375.493464 -604.329704
3.400000 2.033568 28.205569 -1435.465741 -654.575646
3.450000 1.993479 27.802364 -1450.700773 -685.204999
3.500000 2.002419 28.627258 -1414.196151 -645.267196
3.550000 2.017552 28.570327 -1418.906395 -644.166259
3.600000 1.984049 28.494091 -1419.672662 -657.797900
3.650000 1.967391 29.413232 -1376.271591 -620.793461
3.700000 2.029352 29.103195 -1396.662293 -617.391014
3.750000 2.005630 28.253816 -1431.356712 -661.194639
3.800000 1.996943 29.961367 -1353.354474 -586.528340
3.850000 1.985990 27.973404 -1444.942078 -682.321984
3.900000 2.028158 28.208665 -1434.909377 -656.096760
3.950000 1.994925 28.584958 -1415.671673 -649.620628
4.000000 1.992461 29.892875 -1358.570758 -593.465832
4.050000 2.023735 28.563549 -1417.999073 -640.884820
4.100000 2.021246 28.929714 -1402.629735 -626.471384
4.150000 1.984643 28.504117 -1422.132021 -660.028931
4.200000 1.979854 29.228683 -1385.971586 -625.707765
4.250000 2.005996 29.852209 -1361.949837 -591.647335
4.300000 2.017779 29.119441 -1393.126198 -618.299094
4.350000 2.011858 27.737102 -1457.259876 -684.706441
4.400000 1.992596 29.578818 -1371.806871 -606.649895
4.450000 1.973612 28.533275 -1416.451211 -658.584184
4.500000 2.018647 29.622719 -1370.646554 -595.486134
4.550000 2.011724 27.967007 -1445.097724 -672.595596
4.600000 1.998648 28.823858 -1408.440534 -640.959653
4.650000 1.997704 28.580221 -1416.407600 -649.289098
4.700000 2.029056 28.750255 -1412.606210 -633.448524
4.750000 1.986516 28.569808 -1418.336876 -655.514902
4.800000 1.971999 29.687065 -1364.834817 -607.587240
4.850000 2.000913 29.554764 -1371.845124 -603.494717
4.900000 2.028125 27.875085 -1452.677121 -673.877307
4.950000 1.989875 29.340555 -1381.893772 -617.781799
5.000000 1.982853 29.075816 -1393.134061 -631.718430
5.050000 1.978556 28.279449 -1430.242663 -670.477336
5.100000 2.033996 28.702058 -1413.565495 -632.511100
5.150000 1.960606 28.375734 -1422.011696 -669.138839
5.200000 1.991886 29.479522 -1375.053968 -610.169681
5.250000 1.986171 28.541318 -1419.249800 -656.560151
5.300000 1.993605 30.321193 -1341.415194 -575.871009
5.350000 2.029243 28.573665 -1417.736553 -638.507202
5.400000 2.002746 28.121419 -1437.997091 -668.942574
5.450000 2.006197 26.818991 -1497.480590 -727.100902
5.500000 1.976087 29.034179 -1395.519272 -636.701729
5.550000 2.017946 29.727934 -1367.221859 -592.330557
5.600000 2.029691 30.086536 -1355.071900 -575.670653
5.650000 2.044008 28.174953 -1437.526182 -652.627099
5.700000 2.004705 27.878930 -1452.057590 -682.250752
5.750000 1.967945 28.350067 -1428.197528 -672.506795
5.800000 2.029881 29.697228 -1369.478821 -590.004362
5.850000 1.982684 28.194776 -1439.249271 -677.898598
5.900000 2.036148 29.669744 -1371.640514 -589.759684
5.950000 1.959141 27.421301 -1469.365284 -717.055110
6.000000 1.964677 30.094577 -1347.317487 -592.881591
6.050000 2.013327 30.622976 -1325.279193 -552.161661
6.100000 1.998232 27.536673 -1467.226156 -699.905061
6.150000 1.996932 29.023562 -1395.776812 -628.955003
6.200000 1.989269 28.851199 -1406.059809 -642.180677
6.250000 2.000022 28.190918 -1438.726744 -670.718372
6.300000 2.002263 29.402764 -1382.695385 -613.826428
6.350000 1.948393 30.663767 -1320.586734 -572.403729
6.400000 1.995849 28.284530 -1431.458971 -665.052832
6.450000 1.990594 28.381019 -1428.337738 -663.949615
6.500000 1.981255 28.155568 -1441.025436 -680.223376
6.550000 2.015817 29.157262 -1394.153398 -620.079501
6.600000 1.985900 29.509834 -1376.393873 -613.808139
6.650000 2.006844 28.712327 -1415.221388 -644.593182
6.700000 2.000979 28.114315 -1439.849712 -671.473907
6.750000 2.003071 28.340744 -1427.738253 -658.559110
6.800000 1.972969 29.634250 -1367.981698 -610.361489
6.850000 2.035796 29.377428 -1382.269421 -600.523740
6.900000 1.962191 27.794266 -1452.617633 -699.136221
6.950000 1.990644 28.924831 -1403.316505 -638.909182
7.000000 1.995901 29.023527 -1393.975933 -627.549859
7.050000 2.034049 28.106691 -1444.212128 -663.137345
7.100000 2.017117 28.504661 -1420.221873 -645.649065
7.150000 2.011068 29.081603 -1395.107988 -622.857904
7.200000 2.054677 28.145568 -1441.278115 -652.282066
7.250000 1.991643 28.802429 -1407.714170 -642.923208
7.300000 2.027790 29.044848 -1400.253417 -621.582209
7.350000 1.991882 28.676691 -1413.654653 -648.771934
7.400000 1.948206 29.613542 -1369.069908 -620.958696
7.450000 2.032377 28.784663 -1414.190219 -633.757271
7.500000 1.987956 18.003115 -1503.219997 -739.844856
7.550000 2.003579 18.252003 -1493.335785 -723.961269
7.600000 2.001312 18.022684 -1501.336900 -732.833020
7.650000 2.022457 18.414392 -1483.414408 -706.791056
7.700000 2.006723 15.521166 -1622.600302 -852.018489
7.750000 1.990524 16.517770 -1572.786376 -808.425057
7.800000 1.990177 17.577046 -1519.346057 -755.118238
7.850000 1.971500 17.645917 -1519.937129 -762.881172
7.900000 2.015315 17.451992 -1531.489439 -757.608343
7.950000 1.970454 16.806556 -1560.050682 -803.396202
8.000000 2.007295 17.279870 -1539.588501 -768.787217
8.050000 1.964536 18.391421 -1483.441734 -729.059951
8.100000 2.043456 17.890355 -1512.768664 -728.081739
8.150000 1.996683 18.333017 -1492.058872 -725.332477
8.200000 2.016395 18.624195 -1478.387827 -704.092104
8.250000 1.984921 18.501389 -1483.816958 -721.607185
8.300000 2.005314 18.768648 -1464.804875 -694.764448
8.350000 2.007949 17.250183 -1543.703946 -772.651568
8.400000 1.991862 16.831030 -1561.020103 -796.145135
8.450000 1.936845 18.680321 -1472.458475 -728.709993
8.500000 1.987203 17.980198 -1508.432736 -745.346649
8.550000 2.010230 18.780154 -1466.509452 -694.580972
8.600000 2.015572 16.184009 -1594.066900 -820.087416
8.650000 1.989583 16.720550 -1564.742367 -800.742416
8.700000 1.987485 16.575180 -1571.347222 -808.152860
8.750000 1.996804 18.976383 -1455.919908 -689.147173
8.800000 1.975460 19.257220 -1444.667365 -686.090746
8.850000 2.005590 17.807527 -1518.596127 -748.449452
8.900000 1.999857 17.852992 -1514.826389 -746.881127
8.950000 2.024191 17.075141 -1551.392068 -774.102543
9.000000 1.992224 17.760535 -1516.987123 -751.972926
9.050000 1.975266 17.323881 -1540.008187 -781.506181
9.100000 2.010338 18.099563 -1502.560683 -730.590725
9.150000 1.982560 16.589606 -1569.656650 -808.353605
9.200000 2.007159 17.259503 -1537.830505 -767.081513
9.250000 1.972234 17.433041 -1529.875037 -772.537280
9.300000 1.965080 18.486803 -1480.459881 -725.868996
9.350000 2.027470 17.150929 -1551.052065 -772.503478
9.400000 2.012080 16.183961 -1594.568203 -821.929441
9.450000 1.982772 18.605057 -1475.736933 -714.352342
9.500000 2.017421 17.503140 -1529.155238 -754.465466
9.550000 1.996262 18.269871 -1490.112649 -723.548202
9.600000 2.024153 17.092466 -1548.670309 -771.395692
9.650000 2.010885 18.042562 -1502.692845 -730.513123
9.700000 1.988185 17.391806 -1534.306161 -770.843027
9.750000 2.001524 18.265759 -1496.583587 -727.998421
9.800000 2.015997 17.543094 -1531.108872 -756.965916
9.850000 1.981593 17.268390 -1542.893734 -781.961898
9.900000 1.998288 17.548875 -1529.530688 -762.187972
9.950000 2.029379 18.006788 -1505.944946 -726.663505
10.000000 2.009912 17.446371 -1527.329317 -755.523255
10.050000 1.986623 18.427701 -1487.053635 -724.190266
10.100000 2.039092 17.477342 -1535.772010 -752.760780
10.150000 1.991951 16.581150 -1572.548854 -807.639555
10.200000 2.006754 17.307784 -1541.176350 -770.582662
10.250000 2.016900 17.813574 -1519.123186 -744.633568
10.300000 1.982836 17.363579 -1535.480413 -774.071248
10.350000 1.976344 17.002399 -1556.748009 -797.832043
10.400000 2.007546 17.895896 -1513.689502 -742.792019
10.450000 1.981839 17.870809 -1508.877078 -747.851023
10.500000 1.987161 18.222106 -1492.946378 -729.876495
10.550000 2.004234 17.784409 -1512.136881 -742.511185
10.600000 1.994019 18.715791 -1470.308845 -704.605542
10.650000 2.033813 17.305209 -1539.127090 -758.143013
10.700000 1.980472 16.986942 -1553.480215 -792.978795
10.750000 1.974186 17.486085 -1528.194230 -770.106716
10.800000 2.009191 17.904813 -1507.562568 -736.033231
10.850000 2.026563 17.015665 -1551.503829 -773.303570
10.900000 1.965685 17.323327 -1534.392110 -779.568904
10.950000 2.016124 18.358518 -1487.116181 -712.924466
11.000000 2.002040 17.485877 -1530.483463 -761.700278
11.050000 1.996674 16.352357 -1585.018228 -818.295441
11.100000 1.978232 19.717279 -1417.934831 -658.293891
11.150000 1.983559 16.946627 -1555.811884 -794.125245
11.200000 2.007656 18.197897 -1496.704112 -725.764055
11.250000 1.994283 17.319612 -1538.661098 -772.856422
11.300000 2.010994 16.915133 -1556.498085 -784.276256
11.350000 1.983938 17.406818 -1531.450935 -769.618643
11.400000 2.008125 18.586740 -1473.843424 -702.723506
11.450000 2.015780 17.792965 -1515.324716 -741.265344
11.500000 2.012220 17.605988 -1525.139834 -752.447435
11.550000 1.961579 18.567722 -1474.246399 -720.999910
11.600000 2.010472 19.005196 -1457.447401 -685.426075
11.650000 2.020162 17.292799 -1536.498069 -760.755743
11.700000 2.018688 15.881460 -1608.494868 -833.318822
11.750000 1.963378 17.197579 -1543.262478 -789.325335
11.800000 1.997597 18.789055 -1468.021340 -700.944243
11.850000 2.007187 17.769209 -1520.983950 -750.224252
11.900000 1.989395 17.331556 -1535.626257 -771.698704
11.950000 1.983234 18.591403 -1478.078589 -716.516757
12.000000 2.025757 18.196773 -1499.602973 -721.712100
12.050000 1.986253 18.230179 -1492.475057 -729.754052
12.100000 2.002365 18.122686 -1501.144863 -732.236532
12.150000 2.000505 17.823497 -1520.572842 -752.379112
12.200000 2.020702 17.621099 -1526.832958 -750.883415
12.250000 1.999770 17.577292 -1525.959390 -758.047573
12.300000 1.975006 17.998803 -1507.250551 -748.848168
12.350000 2.004178 18.869315 -1466.841473 -697.237104
12.400000 2.030045 19.415809 -1437.421974 -657.884873
12.450000 2.003367 17.768711 -1518.949056 -749.655943
12.500000 2.010124 16.235678 -1590.468756 -818.581228
12.550000 2.000284 16.316538 -1585.940906 -817.831710
12.600000 1.953029 18.419233 -1481.504845 -731.541665
12.650000 2.008107 17.732370 -1520.258212 -749.145266
12.700000 2.006109 18.598330 -1477.803982 -707.458208
12.750000 1.991635 17.292669 -1541.261125 -776.473135
12.800000 1.962491 17.829937 -1512.247719 -758.651011
12.850000 1.991408 17.902394 -1508.660435 -743.959826
12.900000 2.029148 18.484131 -1482.784404 -703.591472
12.950000 1.999155 17.065684 -1548.422648 -780.747171
13.000000 1.989826 17.511452 -1525.787560 -761.694304
13.050000 2.039256 18.814893 -1469.504968 -686.430607
13.100000 2.006006 17.397559 -1533.832679 -763.526525
13.150000 1.984670 17.807340 -1514.492848 -752.379422
13.200000 2.008837 16.818847 -1562.032852 -790.639597
13.250000 1.989605 16.719739 -1564.716439 -800.708074
13.300000 2.002287 17.971787 -1506.943629 -738.065584
13.350000 1.981748 17.535744 -1522.291943 -761.300686
13.400000 1.968843 17.740563 -1514.817926 -758.782335
13.450000 2.004657 18.652121 -1473.495666 -703.707490
13.500000 2.012232 18.288572 -1494.894243 -722.197268
13.550000 1.983523 18.389581 -1494.004561 -732.331726
13.600000 2.005717 17.988447 -1506.484043 -736.288886
13.650000 2.006082 17.546727 -1528.166124 -757.830795
13.700000 2.003493 17.065853 -1547.533273 -778.191913
13.750000 1.985064 17.779747 -1516.825161 -754.560466
13.800000 2.028242 17.835561 -1512.144368 -733.299276
13.850000 1.972454 17.227816 -1538.610748 -781.188542
13.900000 2.010926 17.573053 -1522.708891 -750.513136
13.950000 1.991658 16.646326 -1567.801392 -803.004880
14.000000 1.971345 17.592388 -1524.034493 -767.038118
14.050000 2.022072 18.128704 -1503.018710 -726.543071
14.100000 1.988146 17.853850 -1512.428661 -748.980609
14.150000 2.002641 18.653395 -1477.509777 -708.495772
14.200000 1.996812 17.528215 -1529.548266 -762.772441
14.250000 2.012275 18.115502 -1499.370153 -726.656618
14.300000 1.986961 17.738966 -1522.012376 -759.019423
14.350000 1.994421 18.658815 -1475.959704 -710.101954
14.400000 2.033616 17.564281 -1528.490056 -747.581639
14.450000 2.010296 17.669614 -1521.957509 -750.003664
14.500000 1.988071 19.281629 -1441.940676 -678.521497
14.550000 2.000891 18.357057 -1489.065158 -720.722867
14.600000 1.991335 17.433898 -1537.873114 -773.200484
14.650000 2.023998 18.716588 -1477.127702 -699.912420
14.700000 2.007681 17.532953 -1529.706941 -758.757599
14.750000 2.010229 17.639700 -1520.792375 -748.864441
14.800000 1.989481 17.135021 -1546.888605 -782.927984
14.850000 1.994459 17.432352 -1531.335325 -765.462975
14.900000 1.972289 17.056721 -1545.973645 -788.614856
14.950000 1.979693 18.180085 -1494.020265 -733.818023
15.000000 2.008841 13.995653 -1355.006569 -583.611634
15.050000 1.995361 13.715439 -1374.404585 -608.185910
15.100000 1.982826 14.955977 -1305.770071 -544.364705
15.150000 1.968756 16.046902 -1251.199408 -495.196985
15.200000 1.998341 15.609623 -1270.905686 -503.542581
15.250000 2.003152 14.731253 -1316.598196 -547.387893
15.300000 1.996457 15.328641 -1281.995688 -515.356311
15.350000 1.993720 14.345269 -1332.089829 -566.501239
15.400000 1.992673 15.441193 -1280.743322 -515.557082
15.450000 2.015985 15.125529 -1295.914611 -521.776373
15.500000 1.985972 15.648008 -1270.429642 -507.816391
15.550000 2.048793 16.172549 -1249.382305 -462.645673
15.600000 2.004148 15.043755 -1302.750467 -533.157788
15.650000 1.989725 15.363705 -1273.076644 -509.022115
15.700000 2.022643 14.059615 -1348.872846 -572.177752
15.750000 2.022424 13.615949 -1373.368310 -596.757385
15.800000 1.997530 14.315506 -1338.017403 -570.965830
15.850000 1.983524 14.260226 -1338.427695 -576.754580
15.900000 1.998526 14.950796 -1307.199564 -539.765717
15.950000 1.976089 14.696523 -1320.728115 -561.909954
16.000000 2.005413 15.257805 -1291.026989 -520.948537
16.050000 2.007363 15.089259 -1298.666027 -527.838647
16.100000 1.984321 14.507466 -1330.084465 -568.105260
16.150000 2.026577 15.816116 -1263.968620 -485.762888
16.200000 1.973578 14.677734 -1314.317256 -556.463323
16.250000 1.983844 14.266294 -1334.879836 -573.083570
16.300000 2.001415 14.021670 -1352.378631 -583.835185
16.350000 1.987112 14.652538 -1323.257717 -560.206744
16.400000 2.025102 14.790021 -1313.012649 -535.373665
16.450000 1.981230 15.647679 -1260.142794 -499.350458
16.500000 1.990872 14.580354 -1321.148287 -556.653443
16.550000 1.985480 17.092149 -1193.228601 -430.804227
16.600000 2.033296 15.421394 -1289.188630 -508.402797
16.650000 1.988359 16.415280 -1225.373186 -461.843444
16.700000 2.045449 14.073571 -1351.343109 -565.890502
16.750000 1.999356 15.070279 -1292.876998 -525.124318
16.800000 1.980268 15.350049 -1281.651771 -521.228925
16.850000 1.995448 14.776728 -1310.150506 -543.898467
16.900000 1.991213 14.771547 -1310.489037 -545.863260
16.950000 2.023716 14.993133 -1301.038005 -523.931046
17.000000 2.008183 15.556440 -1270.224274 -499.082028
17.050000 1.987924 15.169197 -1293.880745 -530.517897
17.100000 1.995045 15.702581 -1271.455415 -505.358317
17.150000 1.997223 15.890157 -1263.128613 -496.194801
17.200000 1.963212 16.634964 -1224.851970 -470.978473
17.250000 2.037756 16.069290 -1257.915580 -475.417149
17.300000 1.973542 15.620941 -1281.463865 -523.623803
17.350000 2.034011 14.758351 -1323.669552 -542.609425
17.400000 1.967067 14.799815 -1313.813254 -558.459574
17.450000 1.973391 15.252329 -1287.792184 -530.010061
17.500000 2.002166 14.727754 -1321.750605 -552.918827
17.550000 1.995520 14.700435 -1314.806152 -548.526330
17.600000 1.977764 14.080707 -1347.171896 -587.710341
17.650000 2.002043 15.225703 -1287.044463 -518.259858
17.700000 1.971211 15.250155 -1288.004103 -531.058920
17.750000 1.987381 13.945954 -1362.112391 -598.957907
17.800000 1.984377 15.047507 -1306.531120 -544.530344
17.850000 2.001138 15.156994 -1302.335038 -533.898042
17.900000 2.008731 14.729645 -1316.573245 -545.220415
17.950000 2.012674 15.220735 -1289.276564 -516.409568
18.000000 2.011640 13.856666 -1364.651764 -592.182142
18.050000 1.948197 14.632746 -1320.978235 -572.870487
18.100000 2.015561 14.527312 -1329.976804 -556.001232
18.150000 2.019486 14.604324 -1325.229559 -549.747040
18.200000 1.991695 14.880064 -1304.715569 -539.904853
18.250000 2.059317 15.442563 -1277.184275 -486.406674
18.300000 1.974712 15.071872 -1296.775408 -538.485853
18.350000 2.000489 16.380332 -1234.969002 -466.781384
18.400000 2.007840 15.519327 -1281.565282 -510.554616
18.450000 2.006358 15.488463 -1278.422521 -507.981055
18.500000 1.988491 15.876918 -1257.922839 -494.342392
18.550000 1.984743 14.528020 -1323.602184 -561.460971
18.600000 1.962388 15.333781 -1285.221961 -531.664878
18.650000 1.987193 15.023886 -1301.038031 -537.955949
18.700000 2.024670 14.642144 -1321.564903 -544.091492
18.750000 1.990822 15.479918 -1275.889473 -511.413874
18.800000 2.031352 14.897967 -1305.791090 -525.751830
18.850000 2.015710 14.926821 -1313.445480 -539.412846
18.900000 1.982933 15.811449 -1268.454075 -507.007654
18.950000 1.996036 16.029606 -1257.327839 -490.850158
19.000000 2.031029 15.470235 -1287.067956 -507.152918
19.050000 2.001213 14.474806 -1335.729725 -567.263775
19.100000 1.981177 14.823423 -1309.827290 -549.055440
19.150000 1.988057 14.404455 -1334.230496 -570.816424
19.200000 2.002282 15.205938 -1293.634179 -524.758063
19.250000 1.987428 14.825140 -1317.394968 -554.222504
19.300000 1.981190 16.601743 -1219.416482 -458.639637
19.350000 1.995386 15.467864 -1279.099584 -512.871396
19.400000 2.009510 15.276463 -1287.261823 -515.610008
19.450000 1.997616 15.093830 -1295.042833 -527.958117
19.500000 1.993848 14.763173 -1318.017779 -552.380069
19.550000 1.974963 14.752731 -1316.647182 -558.261335
19.600000 1.990376 15.449283 -1287.855551 -523.551051
19.650000 2.021401 16.882677 -1213.163504 -436.945428
19.700000 2.009992 16.061318 -1247.546676 -475.709592
19.750000 1.995271 14.285114 -1338.188808 -572.004826
19.800000 1.980391 15.352445 -1284.917482 -524.447430
19.850000 1.999084 15.439343 -1286.424664 -518.776321
19.900000 2.015559 15.017692 -1299.805155 -525.830363
19.950000 1.988694 14.593345 -1317.546225 -553.887660
20.000000 2.008963 14.604873 -1321.389832 -549.947871
20.050000 2.003234 14.999675 -1307.062077 -537.820202
20.100000 1.997177 15.757995 -1267.254149 -500.338208
20.150000 2.006477 15.054429 -1303.879238 -533.392049
20.200000 2.024196 14.360828 -1344.228597 -566.937491
20.250000 1.975858 14.888412 -1311.971194 -553.241847
20.300000 1.989909 14.763587 -1314.653876 -550.528749
20.350000 2.016233 15.618723 -1266.019960 -491.786341
20.400000 1.980483 15.117754 -1301.633688 -541.128356
20.450000 2.011499 15.248738 -1294.667144 -522.251454
20.500000 2.025762 15.368015 -1293.504616 -515.612000
20.550000 1.985167 15.049259 -1303.979786 -541.675632
20.600000 2.031190 14.844527 -1306.044423 -526.067571
20.650000 1.993748 15.428239 -1270.625933 -505.026611
20.700000 2.023467 15.208637 -1296.060258 -519.048795
20.750000 1.984297 15.628428 -1275.687715 -513.717773
20.800000 1.984793 16.011243 -1257.306388 -495.145728
20.850000 2.018301 15.622027 -1280.038793 -505.011291
20.900000 1.994253 15.667992 -1273.296380 -507.503157
20.950000 2.023698 16.989905 -1204.339368 -427.239262
21.000000 2.017128 15.687381 -1277.838805 -503.261643
21.050000 1.999531 14.256665 -1339.645296 -571.825556
21.100000 2.012761 15.704126 -1264.426564 -491.526164
21.150000 2.027483 14.510324 -1333.639567 -555.086131
21.200000 2.003727 14.880727 -1305.234651 -535.803638
21.250000 2.011172 14.700043 -1317.199758 -544.909851
21.300000 2.005745 14.775650 -1324.935602 -554.729458
21.350000 2.025084 15.348028 -1290.489178 -512.856810
21.400000 2.019339 14.770952 -1317.600611 -542.174534
21.450000 2.013908 14.816734 -1316.563388 -543.222763
21.500000 1.996391 14.948509 -1308.681385 -542.067195
21.550000 2.013213 14.636514 -1326.963306 -553.889510
21.600000 2.007054 14.903460 -1307.354946 -536.646115
21.650000 2.003439 15.110105 -1297.993991 -528.673291
21.700000 1.979784 15.438623 -1280.468089 -520.231029
21.750000 2.027747 13.971528 -1357.694612 -579.039894
21.800000 1.956129 15.039895 -1301.571897 -550.418394
21.850000 1.994410 16.483652 -1227.367651 -461.514064
21.900000 2.015015 14.201493 -1342.479110 -568.713451
21.950000 2.000388 16.223296 -1237.939505 -469.790434
22.000000 2.037608 15.512272 -1275.626310 -493.184846
22.050000 1.995883 14.738152 -1323.986086 -557.566927
22.100000 1.997536 15.115958 -1301.424966 -534.371062
22.150000 1.971117 14.832070 -1307.655489 -550.746681
22.200000 1.981923 15.421600 -1280.265716 -519.207147
22.250000 2.031505 14.644897 -1320.390470 -540.292683
22.300000 2.006874 14.289120 -1338.904472 -568.264903
22.350000 1.973290 15.538596 -1276.023145 -518.279652
22.400000 1.999746 14.862113 -1310.753021 -542.850498
22.450000 2.010182 14.633484 -1319.449768 -547.539980
22.500000 1.983338 9.877472 -1250.704977 -489.103159
22.550000 2.011881 9.483293 -1273.448895 -500.886479
22.600000 1.987921 9.618293 -1258.786882 -495.425161
22.650000 1.997099 9.722150 -1247.320457 -480.434620
22.700000 2.008535 8.877004 -1294.973711 -523.696087
22.750000 2.000548 8.999123 -1285.038571 -516.828127
22.800000 1.974956 9.224907 -1275.485028 -517.101736
22.850000 2.019723 9.366053 -1273.527439 -497.953792
22.900000 2.017944 9.737896 -1250.834047 -475.943462
22.950000 1.979292 8.861538 -1298.715304 -538.667057
23.000000 2.028499 9.403492 -1259.275993 -480.332226
23.050000 1.995147 9.389808 -1266.633065 -500.496808
23.100000 1.983333 8.190116 -1338.562724 -576.962796
23.150000 1.987470 8.468003 -1321.075486 -557.887191
23.200000 2.007748 8.811576 -1297.920045 -526.944736
23.250000 2.008861 9.129167 -1285.780109 -514.377302
23.300000 2.014099 8.762639 -1319.004106 -545.589965
23.350000 1.983807 8.516921 -1334.635565 -572.853712
23.400000 1.999233 9.539485 -1269.501248 -501.795656
23.450000 2.004941 9.141086 -1288.638896 -518.741491
23.500000 2.017944 8.528232 -1323.214671 -548.324288
23.550000 2.007686 8.086029 -1347.296586 -576.345048
23.600000 2.000811 7.816010 -1356.980353 -588.668980
23.650000 1.978485 8.441601 -1324.001394 -564.263275
23.700000 2.019347 8.499894 -1322.409535 -546.980251
23.750000 2.009080 9.992265 -1239.731576 -468.244850
23.800000 1.998210 9.111713 -1292.918335 -525.605783
23.850000 2.008143 9.203995 -1290.208722 -519.081655
23.900000 2.001427 9.282978 -1290.993415 -522.445333
23.950000 1.995659 9.703454 -1267.649257 -501.316017
24.000000 2.021251 9.470295 -1277.808583 -501.648084
24.050000 1.999611 9.470828 -1270.233183 -502.382727
24.100000 2.003399 9.671086 -1258.046219 -488.740834
24.150000 2.035432 9.339743 -1280.336361 -498.730565
24.200000 1.988980 8.686092 -1308.650851 -544.882668
24.250000 2.003569 8.311576 -1329.657254 -560.286636
24.300000 1.988853 8.985780 -1295.029591 -531.310098
24.350000 2.012579 9.426109 -1274.967481 -502.137218
24.400000 2.023232 8.706847 -1313.004581 -536.083537
24.450000 2.007670 8.250427 -1332.658587 -561.713217
24.500000 1.979291 9.060721 -1280.486617 -520.439016
24.550000 1.972844 9.855847 -1233.143185 -475.571036
24.600000 2.031556 9.213818 -1279.898491 -499.781016
24.650000 2.000258 8.342720 -1323.959151 -555.860214
24.700000 1.987355 8.559812 -1311.054106 -547.909779
24.750000 1.970283 9.150731 -1283.327623 -526.738860
24.800000 2.009732 8.673659 -1304.764100 -533.027044
24.850000 1.986732 8.638433 -1307.506687 -544.601572
24.900000 2.010886 9.308379 -1280.025403 -507.845338
24.950000 1.983039 8.417272 -1330.413404 -568.926381
25.000000 1.981463 9.101792 -1287.519818 -526.638024
25.050000 1.989956 9.015102 -1290.725688 -526.582745
25.100000 2.000603 8.691531 -1314.264201 -546.032520
25.150000 2.010171 9.098167 -1290.739740 -518.834144
25.200000 1.981773 8.575862 -1322.515599 -561.514843
25.250000 2.001542 8.730585 -1319.178430 -550.586209
25.300000 2.029992 9.710299 -1259.699892 -480.182810
25.350000 1.990906 9.592502 -1257.226948 -492.719091
25.400000 2.001893 8.828864 -1302.558627 -533.831688
25.450000 1.988287 8.440334 -1325.582025 -562.079904
25.500000 2.003216 8.838478 -1303.047264 -533.812340
25.550000 2.004146 9.270594 -1286.287639 -516.695443
25.600000 2.024870 9.696675 -1269.249351 -491.699358
25.650000 2.013238 8.997531 -1301.723167 -528.639806
25.700000 2.001796 8.683695 -1311.180264 -542.490764
25.750000 2.008976 8.810625 -1304.005053 -532.558295
25.800000 2.007744 8.773697 -1313.193015 -542.219134
25.850000 1.988288 9.884133 -1246.415197 -482.912511
25.900000 1.990198 9.485954 -1264.813969 -500.578121
25.950000 1.991115 9.369413 -1269.461265 -504.873057
26.000000 1.976396 9.782050 -1246.598729 -487.662609
26.050000 2.009587 9.267565 -1279.404998 -507.723497
26.100000 1.985295 9.404142 -1265.813973 -503.460641
26.150000 2.032590 8.705745 -1309.845555 -529.330978
26.200000 1.984137 8.573787 -1313.325375 -551.416851
26.250000 1.986773 8.548664 -1317.185606 -554.264754
26.300000 2.014157 8.534825 -1318.878204 -545.441905
26.350000 1.965575 9.710005 -1248.715174 -493.934559
26.400000 1.979158 9.537563 -1264.815987 -504.819483
26.450000 2.006679 9.173747 -1291.605371 -521.040512
26.500000 2.024553 8.945533 -1299.981937 -522.553737
26.550000 1.989243 9.118042 -1286.016990 -522.147775
26.600000 2.011137 8.337986 -1335.593498 -563.316872
26.650000 1.988813 8.932068 -1301.360122 -537.655959
26.700000 2.026510 8.879548 -1303.513259 -525.333536
26.750000 1.997181 9.201159 -1285.700664 -518.783165
26.800000 2.003367 8.887244 -1304.475244 -535.182148
26.850000 1.984049 8.857331 -1302.281395 -540.406429
26.900000 1.987675 9.719590 -1256.040794 -492.773451
26.950000 1.987343 10.325153 -1213.924979 -450.785427
27.000000 1.999251 9.380546 -1277.097557 -509.385000
27.050000 2.003381 9.281351 -1289.896442 -520.598101
27.100000 2.004427 9.958208 -1244.236610 -474.536662
27.150000 2.027003 8.673104 -1312.460102 -534.090849
27.200000 2.018079 9.295565 -1275.790748 -500.848338
27.250000 2.011588 9.504944 -1262.209720 -489.759906
27.300000 1.974963 10.066019 -1230.660096 -472.274238
27.350000 2.011877 9.624706 -1263.452646 -490.891971
27.400000 1.978945 9.454874 -1270.727492 -510.812653
27.450000 2.046604 9.472225 -1272.316407 -486.420576
27.500000 2.008365 9.588518 -1262.641616 -491.429349
27.550000 1.977921 9.822124 -1249.468052 -489.946262
27.600000 1.988980 9.570241 -1269.538656 -505.770198
27.650000 1.989117 10.172901 -1235.348462 -471.527349
27.700000 2.053988 9.646969 -1268.266033 -479.534702
27.750000 1.999153 8.150090 -1350.387024 -582.712291
27.800000 1.988156 9.052059 -1291.850373 -528.398348
27.850000 2.013401 8.619898 -1316.641678 -543.495546
27.900000 2.001784 8.407121 -1328.070797 -559.385909
27.950000 1.965451 9.339677 -1277.321833 -522.588624
28.000000 2.019139 9.347907 -1276.408574 -501.059191
28.050000 2.020328 8.847611 -1307.447294 -531.641439
28.100000 1.993201 9.469082 -1278.808338 -513.419184
28.150000 2.011777 9.349554 -1285.514713 -512.992215
28.200000 1.986835 9.586793 -1267.972162 -505.027683
28.250000 2.015759 8.415509 -1328.871148 -554.819845
28.300000 2.005492 9.337829 -1267.027161 -496.918146
28.350000 1.986309 9.900942 -1240.785163 -478.042677
28.400000 2.015699 9.540328 -1266.105790 -492.077536
28.450000 2.031971 9.304467 -1277.742617 -497.465868
28.500000 2.008319 7.875433 -1359.210095 -588.015456
28.550000 1.967944 8.453563 -1325.237483 -569.546943
28.600000 2.001709 8.365767 -1333.376578 -564.720352
28.650000 2.011013 8.896201 -1307.528769 -535.299784
28.700000 2.017007 9.562148 -1269.900143 -495.369272
28.750000 2.002638 9.159444 -1286.555986 -517.542957
28.800000 1.999726 8.870432 -1299.954831 -532.059969
28.850000 1.995596 9.138829 -1281.121907 -514.813228
28.900000 2.027565 8.797560 -1308.633686 -530.048790
28.950000 1.964166 9.337013 -1275.697206 -521.457613
29.000000 2.035843 8.991791 -1298.700305 -516.936520
29.050000 1.992356 8.767756 -1301.596212 -536.531554
29.100000 2.022482 8.688508 -1305.507488 -528.874243
29.150000 1.979708 9.031598 -1290.413040 -530.205090
29.200000 2.014903 9.060193 -1291.325125 -517.602436
29.250000 1.995939 8.842036 -1300.644752 -534.204038
29.300000 1.989942 9.346946 -1267.906978 -503.769240
29.350000 2.013549 8.663200 -1308.556504 -535.353606
29.400000 2.003352 8.472880 -1321.945371 -552.658264
29.450000 1.989722 9.590716 -1259.921240 -495.867978
29.500000 1.991407 8.692793 -1316.680298 -551.980135
29.550000 1.971574 9.264328 -1276.368803 -519.284301
29.600000 1.979496 8.910928 -1295.172275 -535.045686
29.650000 2.001191 9.016908 -1292.176903 -523.719491
29.700000 1.983915 9.620663 -1261.862442 -500.038893
29.750000 2.018186 8.778421 -1306.517670 -531.534081
29.800000 1.995701 9.220454 -1279.057152 -512.707878
29.850000 2.017226 9.247278 -1288.446178 -513.831252
29.900000 2.004716 8.798574 -1310.361435 -540.550439
29.950000 1.979055 9.037993 -1293.785093 -533.827876
30.000000 2.026021 5.679020 -1193.478468 -415.486516
30.050000 1.994680 4.940112 -1238.057623 -472.100599
30.100000 2.020628 5.019348 -1227.902613 -451.981618
30.150000 1.978379 4.960195 -1234.000489 -474.302818
30.200000 2.003475 5.112749 -1232.208819 -462.874445
30.250000 1.990540 5.481165 -1206.205878 -441.838461
30.300000 2.007623 5.343733 -1208.939689 -438.012366
30.350000 2.011360 5.280454 -1213.980213 -441.617847
30.400000 1.998422 5.380975 -1212.968548 -445.574378
30.450000 1.990860 5.753846 -1196.850916 -432.360705
30.500000 2.000112 5.650314 -1203.922961 -435.879782
30.550000 1.997316 5.388351 -1212.149801 -445.180458
30.600000 2.003297 5.022802 -1230.870680 -461.604627
30.650000 2.011661 4.836863 -1248.861582 -476.383841
30.700000 1.988211 5.376677 -1215.461102 -451.987892
30.750000 2.003133 4.900568 -1239.004272 -469.801142
30.800000 2.001448 5.236352 -1222.393851 -453.837680
30.850000 2.021531 5.243311 -1226.250326 -449.982239
30.900000 1.984054 4.947415 -1241.108888 -479.232204
30.950000 2.003847 5.202979 -1222.482785 -453.005407
31.000000 2.000754 4.435420 -1271.729170 -503.439476
31.050000 2.003816 5.401666 -1213.371674 -443.906154
31.100000 2.006698 4.832725 -1251.074776 -480.502772
31.150000 1.981882 4.961954 -1242.503342 -481.460661
31.200000 2.022972 5.144104 -1231.862792 -455.041481
31.250000 1.983591 5.071507 -1234.129052 -472.429942
31.300000 2.004221 5.378368 -1210.053407 -440.432484
31.350000 1.999167 4.911475 -1241.962476 -474.282480
31.400000 1.995078 4.924393 -1237.903591 -471.793534
31.450000 2.010277 5.043564 -1228.340268 -456.393921
31.500000 1.997171 5.408743 -1203.941144 -437.027361
31.550000 1.985908 5.475617 -1201.493518 -438.904930
31.600000 2.016327 5.837386 -1184.242110 -409.972474
31.650000 1.979875 5.178808 -1228.422168 -468.149999
31.700000 2.015246 5.967213 -1179.264461 -405.410166
31.750000 2.004839 4.778371 -1258.677134 -488.819001
31.800000 1.978552 4.656130 -1262.748996 -502.984868
31.850000 2.014235 5.565125 -1204.085609 -430.619346
31.900000 1.999578 5.208387 -1227.973125 -460.135160
31.950000 1.987838 5.393610 -1222.392319 -459.062530
32.000000 1.980354 6.480233 -1146.082334 -385.626451
32.050000 2.012816 4.615634 -1259.381931 -486.460436
32.100000 1.994287 4.654858 -1250.456568 -484.650371
32.150000 1.994656 5.402207 -1202.343412 -436.395485
32.200000 2.006482 4.733611 -1247.944306 -477.455045
32.250000 1.993753 4.455620 -1264.918441 -499.317393
32.300000 1.974961 5.055436 -1225.179440 -466.794498
32.350000 1.990401 5.574956 -1196.336392 -432.022303
32.400000 1.999443 5.277915 -1215.299340 -447.513403
32.450000 2.020174 4.438838 -1269.221584 -493.474708
32.500000 1.969262 5.492699 -1207.168742 -450.972264
32.550000 1.984511 6.235881 -1165.794499 -403.742198
32.600000 2.019353 5.631915 -1200.383794 -424.952119
32.650000 2.016109 4.901763 -1243.232324 -469.046652
32.700000 1.996551 4.977394 -1240.264417 -473.588811
32.750000 1.999430 5.064812 -1235.129266 -467.348062
32.800000 2.013662 5.270528 -1214.234808 -440.988469
32.850000 2.016094 4.437078 -1263.079923 -488.899954
32.900000 1.999261 4.776256 -1242.817184 -475.100895
32.950000 1.977800 5.285065 -1213.175865 -453.700686
33.000000 2.004384 5.526029 -1205.783853 -436.100235
33.050000 1.992171 6.055129 -1171.827781 -406.834198
33.100000 2.001600 5.330437 -1219.220926 -450.606475
33.150000 2.023534 5.273691 -1228.735027 -451.697880
33.200000 1.997919 5.736700 -1194.943381 -427.742607
33.250000 2.019945 4.323115 -1271.801620 -496.142763
33.300000 1.994586 3.923300 -1287.774015 -521.852986
33.350000 2.026239 5.047777 -1224.061509 -445.985544
33.400000 1.959633 4.964403 -1234.756663 -482.257625
33.450000 1.990818 5.469295 -1207.422087 -442.947825
33.500000 2.005939 5.379554 -1213.333759 -443.053314
33.550000 2.006951 5.967905 -1172.895082 -402.225942
33.600000 2.008998 5.195804 -1218.027800 -446.572728
33.650000 1.978647 5.622504 -1183.401687 -423.601382
33.700000 2.004731 5.610315 -1186.014663 -416.198088
33.750000 1.988084 5.368763 -1211.541154 -448.116758
33.800000 2.002353 5.419204 -1217.956343 -449.052862
33.850000 2.001674 5.879759 -1186.223599 -417.580657
33.900000 2.012460 5.522468 -1212.399203 -439.614400
33.950000 1.987227 5.322439 -1226.000597 -462.905491
34.000000 2.001897 4.899850 -1247.791998 -479.063383
34.050000 1.984109 5.106515 -1230.502953 -468.604998
34.100000 2.006595 5.456241 -1213.883251 -443.350811
34.150000 2.004080 5.358639 -1223.598555 -454.031664
34.200000 2.015996 5.362739 -1212.418959 -438.276389
34.250000 1.992894 5.272177 -1216.309583 -451.038103
34.300000 2.011512 5.091416 -1224.710932 -452.290261
34.350000 2.013088 5.571660 -1195.021470 -421.995789
34.400000 1.990903 4.951080 -1230.126846 -465.620154
34.450000 1.988099 4.775513 -1236.406190 -472.976029
34.500000 1.999608 4.780198 -1239.768846 -471.919218
34.550000 1.990287 4.711909 -1249.783534 -485.513341
34.600000 2.004026 4.798618 -1250.760990 -481.215004
34.650000 2.015013 4.852322 -1244.150186 -470.385289
34.700000 1.976493 4.523391 -1264.548642 -505.575394
34.750000 2.000785 5.384836 -1213.795627 -445.494176
34.800000 2.007002 5.326065 -1221.577755 -450.888874
34.850000 1.987106 5.271329 -1224.010269 -460.961437
34.900000 2.008658 5.487603 -1212.746084 -441.421485
34.950000 1.994508 5.505482 -1218.240130 -452.349068
35.000000 2.009653 5.777838 -1194.536269 -422.829644
35.050000 2.000784 5.173762 -1227.095775 -458.794593
35.100000 2.000076 5.936572 -1177.000915 -408.971812
35.150000 2.002546 5.361383 -1218.530224 -449.552547
35.200000 1.990863 5.797326 -1192.060909 -427.569487
35.250000 2.010229 5.416731 -1210.560029 -438.632179
35.300000 1.992438 4.900187 -1243.501703 -478.405489
35.350000 2.002533 5.758802 -1192.367673 -423.395063
35.400000 1.994965 5.521682 -1200.269671 -434.203020
35.450000 2.007183 5.725932 -1182.262577 -411.504422
35.500000 2.001010 5.493216 -1199.911264 -431.523585
35.550000 2.016001 5.348491 -1208.011817 -433.867594
35.600000 1.986540 5.345563 -1199.938438 -437.107124
35.650000 1.982131 5.752711 -1179.579665 -418.441451
35.700000 2.016162 5.128132 -1225.448638 -451.242521
35.750000 1.990456 4.900508 -1243.512403 -479.177247
35.800000 1.990239 6.005255 -1176.774954 -412.523031
35.850000 1.997981 5.289198 -1220.370919 -453.146123
35.900000 2.000581 5.406759 -1212.695652 -444.472584
35.950000 1.983803 5.735369 -1191.178613 -429.398306
36.000000 2.014962 5.301118 -1224.795679 -451.050230
36.050000 1.985398 5.267518 -1233.428273 -471.035468
36.100000 2.013226 6.168450 -1172.634006 -399.555354
36.150000 2.028608 4.890517 -1238.021881 -459.036490
36.200000 1.995905 4.449170 -1260.381314 -493.953917
36.250000 1.989849 4.579532 -1255.994280 -491.892341
36.300000 2.021014 4.449064 -1268.229688 -492.160222
36.350000 1.990649 4.777037 -1251.678601 -487.269526
36.400000 1.991561 5.331885 -1216.947323 -452.187788
36.450000 1.992270 5.660482 -1189.203713 -424.171857
36.500000 2.021599 5.518268 -1197.097547 -420.803390
36.550000 1.983549 5.335010 -1212.059829 -450.376933
36.600000 1.996984 6.365205 -1150.687088 -383.845199
36.650000 2.008039 5.989885 -1179.156827 -408.069736
36.700000 2.003167 5.915387 -1179.316750 -410.100588
36.750000 2.015783 5.810769 -1182.023241 -407.962555
36.800000 1.993256 4.974818 -1228.824533 -463.414237
36.850000 1.996456 4.964341 -1232.194149 -465.555016
36.900000 2.015408 5.561900 -1197.896266 -423.979506
36.950000 2.020031 4.924574 -1239.879723 -464.187951
37.000000 1.999686 4.711990 -1249.044442 -481.165173
37.050000 1.990226 5.420842 -1208.931565 -444.684781
37.100000 2.031628 5.335212 -1221.844995 -441.699780
37.150000 1.991195 4.915772 -1244.319907 -479.701097
37.200000 1.989574 5.635301 -1193.743957 -429.747583
37.250000 2.003623 5.481072 -1208.448713 -439.057364
37.300000 2.007694 5.529892 -1208.342354 -437.387866
37.350000 2.024210 5.431701 -1209.959501 -432.662698
37.400000 1.986687 5.631517 -1192.580143 -429.692303
37.450000 1.999595 5.733324 -1187.603559 -419.758906
37.500000 2.009025 3.241132 -1099.999156 -328.533720
37.550000 2.004503 2.888494 -1121.134971 -351.405787
37.600000 1.990173 2.945695 -1111.632251 -347.405713
37.650000 2.005092 2.844928 -1116.617938 -346.662504
37.700000 2.012606 2.883316 -1110.627835 -337.787036
37.750000 1.981452 3.252356 -1089.486695 -328.608938
37.800000 2.006599 3.296483 -1090.299921 -319.765809
37.850000 2.016265 3.074867 -1095.922715 -321.676933
37.900000 1.995462 2.620051 -1123.868860 -357.611325
37.950000 1.993891 2.829720 -1117.250920 -351.596822
38.000000 1.987393 3.600866 -1066.928581 -303.769658
38.050000 1.992905 2.879194 -1123.130541 -357.855050
38.100000 1.992693 3.299768 -1089.996245 -324.802296
38.150000 2.012968 3.419764 -1077.516099 -304.536404
38.200000 1.997072 3.046277 -1099.178507 -332.302673
38.250000 2.007772 3.022525 -1096.485051 -325.500618
38.300000 2.016066 2.779741 -1112.921186 -338.751824
38.350000 2.002415 2.153816 -1158.872718 -389.945451
38.400000 1.980448 2.838907 -1114.321921 -353.829954
38.450000 2.004481 3.402630 -1078.162430 -308.441848
38.500000 1.995241 3.527970 -1062.283907 -296.111466
38.550000 2.008759 3.032516 -1093.375188 -322.011716
38.600000 1.999755 3.060378 -1094.477470 -326.571494
38.650000 1.986903 3.291935 -1085.997805 -323.027180
38.700000 2.017865 3.457970 -1071.330447 -296.470166
38.750000 2.013403 2.467288 -1134.994865 -361.848041
38.800000 1.987389 2.623557 -1115.551981 -352.394765
38.850000 1.998366 2.570275 -1117.514643 -350.142177
38.900000 2.002869 2.752069 -1103.780267 -334.678526
38.950000 2.002850 2.690252 -1117.646363 -348.552122
39.000000 1.985284 3.627268 -1051.525896 -289.177029
39.050000 1.999434 3.175634 -1088.826941 -321.044243
39.100000 1.990027 3.486705 -1063.990452 -299.820107
39.150000 2.004854 2.704488 -1127.535058 -357.671174
39.200000 2.005629 2.998463 -1105.525222 -335.363743
39.250000 1.981015 3.220007 -1093.132311 -332.422440
39.300000 1.993176 3.682292 -1068.735441 -303.355791
39.350000 2.003587 3.527964 -1077.815321 -308.437905
39.400000 2.011918 3.193302 -1103.319019 -330.742520
39.450000 2.005728 2.509607 -1152.143460 -381.943955
39.500000 2.005351 2.682555 -1135.042317 -364.987525
39.550000 1.987305 2.636938 -1138.541393 -375.416353
39.600000 1.992641 3.200738 -1091.534255 -326.359997
39.650000 1.985147 3.125944 -1093.924060 -331.627578
39.700000 1.994322 3.468887 -1074.005101 -308.185354
39.750000 2.010360 3.098825 -1106.998039 -335.019787
39.800000 2.012897 2.812437 -1125.200153 -352.247649
39.850000 1.981304 3.025206 -1106.415926 -345.595329
39.900000 2.005607 3.068123 -1101.847773 -331.694583
39.950000 1.993487 2.978519 -1098.976548 -333.477356
40.000000 1.999785 2.639990 -1119.185216 -351.267883
40.050000 2.007574 2.898742 -1102.576639 -331.668202
40.100000 1.977242 2.984461 -1101.945251 -342.684491
40.150000 2.011423 3.476095 -1073.408861 -301.022443
40.200000 1.999785 3.398406 -1078.591465 -310.673950
40.250000 2.013920 2.574865 -1130.724431 -357.379217
40.300000 1.996965 2.462893 -1130.211469 -363.376722
40.350000 1.981753 2.456769 -1135.594537 -374.601308
40.400000 2.008820 2.775483 -1124.932863 -353.545988
40.450000 2.002739 3.367586 -1079.411519 -310.359587
40.500000 1.985940 3.122726 -1099.522398 -336.921600
40.550000 2.018893 3.817774 -1051.233850 -275.978879
40.600000 1.994895 3.050223 -1104.327900 -338.288351
40.650000 2.008374 3.002316 -1099.418398 -328.202966
40.700000 2.006084 2.908622 -1102.962286 -332.626072
40.750000 2.009074 2.699671 -1120.987424 -349.502941
40.800000 1.980820 2.849988 -1108.628010 -347.993219
40.850000 2.039916 3.314101 -1082.749911 -299.422101
40.900000 2.009975 2.877344 -1108.821342 -336.991072
40.950000 2.003475 2.915894 -1104.030564 -334.696062
41.000000 2.005463 3.185101 -1088.132343 -318.034528
41.050000 2.003030 2.960043 -1108.763442 -339.599977
41.100000 1.996136 2.568889 -1134.151783 -367.635502
41.150000 2.011427 2.882637 -1105.650745 -333.262935
41.200000 2.000444 2.242703 -1148.729246 -380.558638
41.250000 1.968602 3.112601 -1090.938556 -334.995504
41.300000 2.017681 2.699695 -1128.539831 -353.750503
41.350000 1.991370 2.765238 -1115.496177 -350.810088
41.400000 2.001796 3.090490 -1091.233947 -322.544303
41.450000 1.986581 2.881501 -1104.410828 -341.563624
41.500000 2.015433 2.722959 -1115.741609 -341.815439
41.550000 2.003954 2.580972 -1124.319032 -354.800693
41.600000 1.990330 3.145333 -1088.742379 -324.455719
41.650000 2.012074 3.017941 -1104.793415 -332.156944
41.700000 1.994756 2.516434 -1142.754592 -376.768150
41.750000 2.014139 3.362131 -1081.735848 -308.306632
41.800000 1.979970 2.745785 -1127.524029 -367.215421
41.850000 2.005473 3.413572 -1080.021572 -309.920063
41.900000 2.014350 3.225900 -1093.547141 -320.036896
41.950000 1.983601 2.943473 -1115.828185 -354.125232
42.000000 1.999398 3.309092 -1091.413417 -323.644537
42.050000 2.006590 2.701386 -1135.544946 -365.014393
42.100000 2.012836 2.803347 -1127.666961 -354.737849
42.150000 1.976579 3.007721 -1113.278739 -354.272372
42.200000 2.000639 3.655134 -1069.241676 -300.996130
42.250000 1.989090 3.738085 -1066.826102 -303.015666
42.300000 2.011726 3.643163 -1074.809367 -302.306587
42.350000 1.995126 3.459769 -1079.313187 -313.184943
42.400000 1.981271 3.665324 -1063.262579 -302.454566
42.450000 2.007821 3.509960 -1071.187138 -300.183741
42.500000 1.990748 2.946853 -1107.065942 -342.618616
42.550000 2.041281 2.970445 -1110.559566 -326.707788
42.600000 2.009557 3.401722 -1075.671551 -304.001732
42.650000 1.998862 2.824051 -1113.901585 -346.338508
42.700000 2.005896 2.890905 -1109.744340 -339.480115
42.750000 1.986352 3.160635 -1082.525823 -319.766572
42.800000 1.999428 2.728276 -1119.664885 -351.884633
42.850000 2.007162 3.038987 -1108.938526 -338.188175
42.900000 2.004676 3.439737 -1085.213968 -315.418494
42.950000 1.995189 3.266759 -1096.288490 -330.136005
43.000000 1.994379 3.465513 -1077.950676 -312.109291
43.050000 1.983971 3.758783 -1055.649165 -293.804419
43.100000 2.029358 3.324206 -1082.957151 -303.683735
43.150000 1.983619 3.408889 -1062.594830 -300.885205
43.200000 1.980143 3.373575 -1068.686229 -308.311462
43.250000 2.011171 2.927441 -1103.075927 -330.786194
43.300000 2.005209 2.792899 -1117.605655 -347.605250
43.350000 1.992698 3.430956 -1081.370299 -316.174196
43.400000 2.020062 3.436622 -1084.478235 -308.774292
43.450000 2.005834 3.264865 -1090.502031 -320.261743
43.500000 1.996331 2.878579 -1112.397912 -345.806857
43.550000 1.996094 2.328677 -1149.093117 -382.593178
43.600000 2.001841 2.667871 -1120.140628 -351.433634
43.650000 1.995835 2.650148 -1113.721394 -347.320912
43.700000 1.979875 2.660237 -1115.227517 -354.955347
43.750000 1.973603 2.661039 -1125.239899 -367.376192
43.800000 2.006729 3.325457 -1081.903035 -311.319202
43.850000 1.985704 3.589194 -1067.729345 -305.219020
43.900000 2.010991 3.713220 -1063.983681 -291.763247
43.950000 2.008844 3.100646 -1108.186456 -336.790548
44.000000 1.990364 3.625607 -1071.358224 -307.058561
44.050000 1.995305 2.972003 -1114.652010 -348.454940
44.100000 1.990032 3.015623 -1108.133308 -343.960946
44.150000 1.968807 3.284397 -1086.425226 -330.403496
44.200000 2.024533 3.068502 -1102.318677 -324.898179
44.250000 2.005491 2.825608 -1107.393309 -337.284835
44.300000 1.990311 2.964547 -1094.130771 -329.851340
44.350000 2.016669 2.524023 -1129.360504 -354.959620
44.400000 1.998700 2.953937 -1104.921419 -337.420626
44.450000 1.997764 3.227730 -1093.595722 -326.454506
44.500000 1.986157 3.250068 -1100.041361 -337.357199
44.550000 1.990994 2.998470 -1119.822753 -355.280992
44.600000 1.976048 3.856038 -1058.475678 -299.673211
44.650000 2.025132 3.824031 -1060.487422 -282.836577
44.700000 1.987104 3.203070 -1095.581244 -332.533422
44.750000 2.010846 2.496545 -1144.574732 -372.409790
44.800000 2.009431 3.322282 -1085.027791 -313.406238
44.850000 2.007858 2.821234 -1121.947107 -350.929506
44.900000 2.000720 2.810937 -1117.822414 -349.545776
44.950000 2.001342 3.201546 -1092.622200 -324.106818
45.000000 1.991494 1.613108 -970.020660 -205.286795
45.050000 2.010120 1.994187 -936.854591 -164.968336
45.100000 1.986126 2.083609 -927.941638 -165.269245
45.150000 1.993078 1.841205 -951.054657 -185.712725
45.200000 2.004332 1.810157 -954.480057 -184.816731
45.250000 1.974685 1.909168 -946.103351 -187.824243
45.300000 2.013075 1.498825 -980.047516 -207.026780
45.350000 1.992208 1.682690 -962.308785 -197.300746
45.400000 2.007663 1.578325 -974.135531 -203.192906
45.450000 1.992138 1.781256 -955.268739 -190.287810
45.500000 2.013637 1.702537 -960.356419 -187.119808
45.550000 2.002223 1.434073 -977.791982 -208.938169
45.600000 2.006252 1.420647 -976.524362 -206.123622
45.650000 1.999162 1.472049 -972.624552 -204.946186
45.700000 1.988638 1.874338 -945.966165 -182.329021
45.750000 1.990293 1.954468 -944.802966 -180.530436
45.800000 1.998563 1.857535 -954.831177 -187.382825
45.850000 2.015523 1.900470 -950.897144 -176.936137
45.900000 2.002728 1.837217 -948.957286 -179.909632
45.950000 2.019177 1.211912 -995.755614 -220.391664
46.000000 2.013079 1.392452 -975.526974 -202.504744
46.050000 1.997364 1.598828 -964.367276 -197.379679
46.100000 1.995460 2.068888 -931.254746 -164.998071
46.150000 2.001674 1.950177 -948.460506 -179.817672
46.200000 2.010504 1.934034 -950.161053 -178.127619
46.250000 2.003330 2.038924 -935.354889 -166.076241
46.300000 1.997885 1.570893 -972.376521 -205.188841
46.350000 1.993139 1.707178 -958.804803 -193.439494
46.400000 2.003658 1.868690 -948.277986 -178.873397
46.450000 2.000998 1.754983 -962.538491 -194.155438
46.500000 1.992460 1.947123 -958.119810 -193.015192
46.550000 1.990668 2.351759 -936.020889 -171.604390
46.600000 1.998657 1.986998 -961.697847 -194.213443
46.650000 1.998201 1.580301 -981.848321 -214.539028
46.700000 2.003522 1.679159 -963.215607 -193.863015
46.750000 1.998869 1.409466 -983.966349 -216.400586
46.800000 1.978489 1.760405 -956.196143 -196.456388
46.850000 2.009270 1.790673 -957.901791 -186.342035
46.900000 1.999988 1.635358 -967.529687 -199.534478
46.950000 2.015223 1.578930 -967.795481 -193.949674
47.000000 1.990881 1.814337 -947.035828 -182.537414
47.050000 2.008753 1.758943 -950.069531 -178.708447
47.100000 1.988063 1.597323 -964.616844 -201.200508
47.150000 2.000834 1.776978 -951.431989 -183.111615
47.200000 2.003563 1.462619 -982.616396 -213.248014
47.250000 1.983237 1.952303 -945.856791 -184.293625
47.300000 2.007762 2.426485 -905.084529 -134.103857
47.350000 1.996613 1.982158 -943.153167 -176.453763
47.400000 1.997924 1.979424 -941.429309 -174.226631
47.450000 1.974109 2.185662 -922.373080 -164.315296
47.500000 2.005551 2.108527 -934.623144 -164.491377
47.550000 2.009034 1.664421 -965.607416 -194.138486
47.600000 2.001241 1.681703 -955.231935 -186.755468
47.650000 1.993787 1.229470 -990.390105 -224.775873
47.700000 1.989510 1.179871 -996.410030 -232.438153
47.750000 1.998428 2.004233 -927.712336 -160.315810
47.800000 2.018129 1.363821 -981.530332 -206.568682
47.850000 1.992808 1.303499 -982.469614 -217.231308
47.900000 1.979748 1.918737 -933.192078 -172.968927
47.950000 1.998695 1.639028 -961.484483 -193.985716
48.000000 1.986653 1.582710 -970.186372 -207.311566
48.050000 2.007255 1.928885 -947.057830 -176.271981
48.100000 1.991196 2.305467 -915.925582 -151.306272
48.150000 2.014563 1.368338 -991.946481 -218.354097
48.200000 1.994370 1.821097 -947.165156 -181.326966
48.250000 2.002708 1.197575 -1004.737855 -235.698000
48.300000 2.002900 1.747144 -967.570349 -198.456886
48.350000 1.988969 2.100972 -944.271424 -180.507270
48.400000 2.001512 2.127634 -944.490056 -175.909541
48.450000 2.020031 1.696889 -970.589492 -194.897668
48.500000 1.986122 1.405594 -985.681193 -223.010295
48.550000 2.005710 1.753337 -952.473223 -182.280433
48.600000 1.996879 1.416703 -979.202095 -212.400598
48.650000 1.998175 1.641504 -963.624922 -196.325844
48.700000 2.008947 1.269662 -1000.214432 -228.778926
48.750000 1.970817 2.008159 -943.940664 -187.146944
48.800000 2.006375 2.113268 -943.381495 -172.933544
48.850000 1.990847 2.173597 -931.776653 -167.291280
48.900000 2.019244 1.790718 -950.411668 -175.021972
48.950000 1.997147 1.029378 -1003.045032 -236.140551
49.000000 1.991089 1.304722 -981.035205 -216.457140
49.050000 1.996912 1.320405 -982.366769 -215.552429
49.100000 1.991205 1.626633 -962.021405 -197.398771
49.150000 2.000800 1.852176 -948.154074 -179.847049
49.200000 2.003018 2.450052 -898.215608 -129.056657
49.250000 2.012834 1.581119 -974.327199 -201.398890
49.300000 2.008797 1.510174 -975.278247 -203.900336
49.350000 1.998975 1.460365 -976.884844 -209.278271
49.400000 1.979588 1.659894 -961.691116 -201.529272
49.450000 2.002396 1.774911 -957.451373 -188.531277
49.500000 2.000516 1.729131 -969.736498 -201.538316
49.550000 2.011927 1.954089 -948.470164 -175.890255
49.600000 1.995310 1.636649 -971.808283 -205.609067
49.650000 2.008709 1.893522 -942.215096 -170.870692
49.700000 2.005882 1.221471 -996.558305 -226.299768
49.750000 1.977063 1.641098 -965.356795 -206.164555
49.800000 2.024047 2.139238 -929.195411 -151.961538
49.850000 2.004845 1.884460 -957.396774 -187.536472
49.900000 1.995292 2.221325 -931.080158 -164.887980
49.950000 2.016132 2.273942 -923.962161 -149.767428
50.000000 2.005204 1.725248 -960.655831 -190.657569
50.050000 2.005231 1.675351 -957.694553 -187.685997
50.100000 1.994945 1.512568 -967.969976 -201.911137
50.150000 1.996405 1.472404 -974.929151 -208.309550
50.200000 1.997414 1.869781 -949.776158 -182.769227
50.250000 2.005674 1.797673 -961.435582 -191.256687
50.300000 2.016628 1.469159 -983.427350 -209.042085
50.350000 1.989049 1.636987 -968.185759 -204.390850
50.400000 1.986955 2.322530 -922.004396 -159.013518
50.450000 2.004080 2.610094 -900.006950 -130.440381
50.500000 2.022065 2.091411 -939.158867 -162.685777
50.550000 2.001819 1.887795 -950.129396 -181.431075
50.600000 2.004723 1.447497 -986.578500 -216.765041
50.650000 1.993302 1.952915 -948.396034 -182.967983
50.700000 2.018937 1.667928 -969.296621 -194.024966
50.750000 2.017828 1.329125 -982.770908 -207.925005
50.800000 1.981903 1.225412 -991.595897 -230.545120
50.850000 2.010754 1.876370 -945.290278 -173.160810
50.900000 2.012052 2.015842 -939.190752 -166.562768
50.950000 2.012242 1.573027 -980.134721 -207.433904
51.000000 1.981859 2.288028 -925.045409 -164.011522
51.050000 2.014133 2.662625 -907.483529 -134.056331
51.100000 1.997470 2.292242 -939.620193 -172.591884
51.150000 2.026820 2.173955 -936.248828 -157.950079
51.200000 1.994093 1.502789 -984.691659 -218.959784
51.250000 1.994855 2.077734 -939.546961 -173.522647
51.300000 1.992201 2.217253 -923.851226 -158.845859
51.350000 2.008397 1.819246 -952.346000 -181.121518
51.400000 2.009066 1.779868 -943.781154 -172.299950
51.450000 1.993322 1.512729 -960.686355 -195.250584
51.500000 1.998212 1.615094 -954.518038 -187.204675
51.550000 2.013488 1.645181 -955.516853 -182.337390
51.600000 2.001638 1.327156 -983.075830 -214.446656
51.650000 2.001172 1.735566 -951.435364 -182.985434
51.700000 2.007610 1.722502 -953.545790 -182.623581
51.750000 1.996899 1.750840 -945.480138 -178.670948
51.800000 1.994018 1.502867 -965.502330 -199.799334
51.850000 2.002021 1.421690 -976.570879 -207.794998
51.900000 2.020580 1.954702 -942.404140 -166.501234
51.950000 1.984204 1.815794 -957.164750 -195.230317
52.000000 2.002877 1.798980 -963.460263 -194.355652
52.050000 1.987927 2.025655 -949.913969 -186.550052
52.100000 1.994249 1.952611 -965.368917 -199.577429
52.150000 1.999621 2.017480 -955.917478 -188.062842
52.200000 2.004485 1.320857 -1004.759846 -235.037489
52.250000 1.996174 1.517955 -980.426886 -213.896154
52.300000 1.985850 1.543168 -979.711591 -217.145228
52.350000 2.022330 1.750682 -958.971562 -182.396775
52.400000 1.995248 1.121902 -1000.747433 -234.572082
52.450000 1.996843 1.517862 -970.144235 -203.356656
52.500000 2.006224 0.670065 -844.783227 -74.393333
52.550000 1.989197 0.900036 -821.065719 -57.214142
52.600000 2.005993 1.050876 -810.225091 -39.923784
52.650000 2.002735 1.345869 -778.737454 -9.687137
52.700000 1.997910 1.098542 -804.379099 -37.181833
52.750000 2.007268 1.092669 -806.984779 -36.193849
52.800000 1.995593 1.285579 -793.130186 -26.822640
52.850000 2.001125 1.394204 -782.917538 -14.485498
52.900000 1.991125 1.146528 -803.361405 -38.769489
52.950000 1.991983 1.414021 -776.211250 -11.289914
53.000000 2.022737 1.051202 -806.209755 -29.478558
53.050000 2.000618 0.765551 -825.346153 -57.108679
53.100000 1.991652 0.749314 -830.649760 -65.855326
53.150000 1.994985 0.826902 -832.966393 -66.891982
53.200000 2.001827 1.328541 -787.842749 -19.141126
53.250000 1.993664 0.937010 -828.269468 -62.702509
53.300000 1.999886 1.279916 -788.097077 -20.140726
53.350000 1.987670 1.297485 -787.854413 -24.589113
53.400000 2.016038 1.505945 -768.333592 5.824908
53.450000 2.013512 1.149698 -798.469179 -25.280618
53.500000 1.999206 1.311670 -784.684281 -16.989232
53.550000 1.998379 1.119618 -810.144738 -42.767272
53.600000 2.001380 1.110714 -806.879754 -38.349692
53.650000 1.999512 0.816716 -826.266350 -58.453781
53.700000 1.992451 0.843428 -823.175467 -58.074292
53.750000 1.996033 1.014837 -810.582821 -44.105966
53.800000 1.996524 1.183031 -792.151905 -25.486828
53.850000 1.988490 1.047253 -805.918272 -42.338137
53.900000 2.009007 1.054010 -802.203616 -30.745020
53.950000 1.992961 0.998616 -804.650062 -39.353035
54.000000 2.002507 1.292595 -782.878586 -13.915869
54.050000 2.014815 1.018919 -815.764557 -42.075681
54.100000 1.998939 0.856181 -830.856493 -63.263826
54.150000 1.982237 1.248275 -801.534325 -40.355498
54.200000 1.996971 1.637546 -766.211246 0.625697
54.250000 1.998668 1.022460 -817.806033 -50.317534
54.300000 2.005027 0.774329 -829.330640 -59.400432
54.350000 1.982533 0.814367 -817.356686 -56.063853
54.400000 1.990039 0.779267 -824.902577 -60.727741
54.450000 1.995357 0.996563 -811.383210 -45.165956
54.500000 2.007223 0.846547 -831.586896 -60.813200
54.550000 2.004816 0.989026 -816.586338 -46.737081
54.600000 1.995197 0.863661 -833.945828 -67.790262
54.650000 2.004067 1.190475 -805.748931 -36.187193
54.700000 1.993556 1.185922 -808.647555 -43.121983
54.750000 2.002785 1.584614 -767.245761 1.823500
54.800000 1.991218 1.381884 -785.648505 -21.020803
54.850000 1.994718 1.129488 -811.041067 -45.069499
54.900000 2.014185 1.283097 -790.154162 -16.707157
54.950000 1.993376 0.721536 -847.975288 -82.518851
55.000000 1.984121 1.356643 -791.089861 -29.187325
55.050000 2.009615 1.454811 -785.574124 -13.882000
55.100000 2.004304 1.055804 -814.864098 -45.211351
55.150000 1.994422 0.951334 -821.245293 -55.387058
55.200000 2.007669 1.119532 -801.069532 -30.124545
55.250000 1.990394 0.904384 -817.135753 -52.824552
55.300000 2.005114 1.339812 -773.980385 -4.016626
55.350000 2.007967 1.260226 -780.019367 -8.960068
55.400000 1.999822 1.044543 -795.242019 -27.310507
55.450000 2.004457 0.996716 -795.985579 -26.274144
55.500000 1.993482 0.786686 -819.015779 -53.518604
55.550000 1.991741 1.156105 -790.655055 -25.826551
55.600000 2.006229 0.966734 -824.522852 -54.131073
55.650000 1.986211 1.296550 -797.617074 -34.911927
55.700000 2.024366 1.249108 -798.682800 -21.326299
55.750000 2.000008 1.129839 -803.406266 -35.403326
55.800000 1.981829 0.888833 -830.108452 -69.086271
55.850000 2.020212 1.004030 -819.244429 -43.483112
55.900000 1.997719 0.975902 -816.691521 -49.567581
55.950000 2.000338 0.935628 -818.290906 -50.161177
56.000000 1.998771 1.131911 -801.892803 -34.364884
56.050000 1.992995 1.404912 -785.668243 -20.358088
56.100000 2.001915 1.278772 -806.042621 -37.307264
56.150000 2.014451 0.858918 -845.557921 -72.008741
56.200000 2.002801 0.859063 -837.039163 -67.963435
56.250000 2.002672 0.718215 -850.287425 -81.261216
56.300000 1.992572 1.105284 -811.184996 -46.037377
56.350000 2.011463 0.910056 -828.073399 -55.671477
56.400000 2.001929 0.653232 -843.671033 -74.930113
56.450000 1.997639 0.633958 -845.924890 -78.831473
56.500000 2.008547 0.880527 -824.754715 -53.472600
56.550000 1.990609 0.826695 -831.945112 -67.551136
56.600000 1.995888 1.108697 -805.694225 -39.273223
56.650000 1.991809 1.111788 -804.862211 -40.007624
56.700000 1.999211 1.100855 -799.881842 -32.184646
56.750000 2.002890 1.174557 -788.286757 -19.176978
56.800000 2.005640 1.248401 -774.969490 -4.803584
56.850000 1.995996 0.877376 -802.678966 -36.216328
56.900000 2.000547 0.830802 -803.586478 -35.376606
56.950000 1.999260 0.965481 -796.300822 -28.585167
57.000000 2.012017 1.040234 -795.499635 -22.885280
57.050000 2.001067 1.232080 -776.115469 -7.705556
57.100000 2.014748 0.774261 -815.733808 -42.070645
57.150000 2.000234 0.769357 -812.580038 -44.490287
57.200000 1.991064 1.022117 -801.821137 -37.252557
57.250000 1.999357 1.170341 -800.017112 -32.263915
57.300000 1.993756 1.217130 -797.672295 -32.070125
57.350000 2.005099 1.190871 -801.398053 -31.439916
57.400000 1.995267 0.893123 -834.460293 -68.277843
57.450000 2.013471 1.213783 -804.404092 -31.231167
57.500000 1.980582 1.137708 -810.546048 -50.002540
57.550000 2.008233 1.395812 -785.068314 -13.906763
57.600000 1.999813 1.154610 -812.862928 -44.934629
57.650000 1.997432 1.096524 -820.708040 -53.694280
57.700000 1.987188 1.238440 -805.490818 -42.410660
57.750000 1.998709 1.123186 -809.564507 -42.060087
57.800000 1.982893 0.901515 -817.612109 -56.181196
57.850000 1.999618 0.718668 -827.294463 -59.441188
57.900000 2.000278 0.652514 -826.801492 -58.694908
57.950000 1.988122 0.671537 -823.689862 -60.250882
58.000000 1.996461 0.828365 -805.812152 -39.170976
58.050000 2.005175 0.699643 -812.465358 -42.478052
58.100000 1.991632 0.601216 -821.620888 -56.834371
58.150000 2.009550 0.802865 -804.808552 -33.141433
58.200000 2.005304 0.986601 -793.386749 -23.350153
58.250000 2.003884 0.938153 -816.211896 -46.720542
58.300000 1.994319 1.218676 -802.047357 -36.228981
58.350000 1.995982 1.501536 -776.970097 -10.512982
58.400000 2.015410 1.269434 -795.942723 -22.025408
58.450000 1.998942 0.987511 -809.752562 -42.158823
58.500000 2.009387 0.784460 -826.933991 -55.329523
58.550000 1.993171 0.927587 -811.295901 -45.918203
58.600000 2.006025 1.192222 -788.765853 -18.452393
58.650000 1.986828 0.950097 -820.041206 -57.099108
58.700000 1.998234 1.054869 -812.739327 -45.417378
58.750000 2.003581 1.218255 -797.285445 -27.910415
58.800000 1.981221 1.441731 -774.084139 -13.295419
58.850000 2.002020 1.016661 -819.597809 -50.821960
58.900000 2.008470 0.911416 -829.528891 -58.276378
58.950000 1.986802 1.146125 -810.367072 -47.434949
59.000000 2.001998 1.472304 -778.614265 -9.847007
59.050000 1.994585 1.170743 -806.874855 -40.954379
59.100000 2.005140 1.049723 -816.074651 -46.100810
59.150000 2.004981 0.945963 -818.788847 -48.875971
59.200000 1.984618 1.206531 -789.386609 -27.293217
59.250000 2.003903 0.994690 -809.085295 -39.586473
59.300000 1.996367 1.438181 -755.807949 10.797023
59.350000 2.002987 1.077834 -785.519169 -16.372208
59.400000 2.006285 0.765958 -807.112254 -36.698724
59.450000 2.004791 0.886413 -785.392843 -15.553227
59.500000 1.990639 0.758693 -803.521095 -39.115572
59.550000 2.006199 0.955577 -794.565912 -24.185465
59.600000 2.001193 0.996013 -796.897036 -28.439066
59.650000 2.013659 1.042525 -794.123537 -20.878322
59.700000 1.995812 0.994336 -796.558100 -30.166392
59.750000 2.012018 0.982507 -798.634452 -26.019422
59.800000 1.992744 0.979653 -798.746311 -33.532469
59.850000 2.006847 0.907182 -810.442025 -39.812840
59.900000 1.992884 0.953529 -807.541308 -42.273799
59.950000 2.007439 1.014500 -809.018039 -38.161562
60.000000 1.996475 0.765557 -641.551324 125.095188
60.050000 1.988167 0.834889 -628.131908 135.324041
60.100000 2.006967 0.511375 -665.753484 104.921704
60.150000 1.976937 0.830263 -622.427791 136.715880
60.200000 1.985761 0.770589 -633.705861 128.826182
60.250000 2.011559 0.669885 -642.181444 130.257029
60.300000 1.989369 0.565457 -654.491275 109.426455
60.350000 1.999028 0.711322 -645.065247 122.561461
60.400000 2.017198 0.758550 -643.575790 131.028288
60.450000 1.997009 0.803893 -638.543735 128.307647
60.500000 2.003141 0.742276 -642.363766 126.842509
60.550000 1.995901 0.652676 -651.952996 114.473148
60.600000 1.998281 0.573791 -665.744908 101.594864
60.650000 1.998024 0.737294 -653.293287 113.947824
60.700000 1.996901 0.704747 -662.705948 104.103999
60.750000 1.997827 0.954473 -631.394286 135.771350
60.800000 1.992137 0.814160 -650.071006 114.909729
60.850000 2.002522 0.670800 -666.810460 102.158124
60.900000 1.998842 0.802003 -645.280647 122.274690
60.950000 2.012304 0.650889 -665.093739 107.631077
61.000000 1.985696 0.899135 -639.292671 123.214410
61.050000 2.018279 1.178631 -605.826872 169.192381
61.100000 2.002407 0.744260 -658.778133 110.146079
61.150000 1.998681 0.724230 -658.213564 109.280088
61.200000 2.003831 0.821849 -646.885573 122.585610
61.250000 1.991819 0.772511 -652.790075 112.068392
61.300000 1.987781 0.918598 -639.446633 123.861259
61.350000 2.005095 1.274795 -593.986133 175.970158
61.400000 1.989526 0.829053 -642.580050 121.397965
61.450000 2.000477 0.828374 -629.189517 138.993566
61.500000 2.004824 0.638853 -635.623490 134.228923
61.550000 2.008891 0.360319 -662.910477 108.503823
61.600000 1.988632 0.675183 -625.085045 138.549482
61.650000 2.004837 0.771259 -622.815652 147.041933
61.700000 2.001111 0.753410 -631.996755 136.429761
61.750000 1.991529 1.017164 -608.388458 156.358494
61.800000 2.001188 0.993363 -615.511876 152.944420
61.850000 1.998847 0.789530 -636.544821 131.012514
61.900000 2.003069 0.717477 -641.044533 128.134017
61.950000 2.000496 0.709182 -641.173728 127.016587
62.000000 1.998595 0.627731 -655.538577 111.922026
62.050000 2.007551 0.757052 -642.591080 128.308591
62.100000 1.996918 0.839682 -628.944828 137.871607
62.150000 2.000313 0.609753 -652.211405 115.908881
62.200000 2.005302 0.561133 -656.562309 113.473836
62.250000 1.999562 0.708814 -641.305634 126.526056
62.300000 2.007040 0.559689 -669.046367 101.657103
62.350000 1.989198 0.803990 -648.305480 115.546716
62.400000 1.994687 1.080153 -619.738388 146.221504
62.450000 2.006493 0.646827 -672.626716 97.866741
62.500000 2.001671 0.895924 -635.481620 133.160165
62.550000 1.988726 0.646733 -665.807757 97.862923
62.600000 2.000199 0.830503 -644.370444 123.705806
62.650000 2.003699 0.539700 -682.775648 86.644694
62.700000 1.989843 0.814938 -649.050580 115.048973
62.750000 1.998283 0.813445 -652.146840 115.193710
62.800000 2.031367 0.795181 -655.773936 124.271051
62.850000 1.986810 0.840122 -653.636897 109.298231
62.900000 1.992703 1.023463 -634.569607 130.628193
62.950000 2.011860 0.867674 -646.987527 125.566573
63.000000 2.000823 0.660650 -665.950072 102.365816
63.050000 1.989639 0.851953 -637.439758 126.581694
63.100000 2.012097 0.815629 -637.832489 134.812603
63.150000 1.998228 0.608082 -656.336840 110.982840
63.200000 1.982156 0.725287 -639.505650 121.642238
63.250000 2.006651 0.768200 -637.535553 133.018308
63.300000 1.995596 0.620268 -652.938042 113.370712
63.350000 1.996095 0.660809 -644.266940 122.233480
63.400000 1.999216 0.649130 -643.113257 124.585539
63.450000 1.984956 0.674697 -639.631286 122.591905
63.500000 2.008990 0.656786 -643.767753 127.684428
63.550000 2.001114 0.562820 -654.866682 113.561037
63.600000 1.996292 0.669610 -648.030146 118.545812
63.650000 2.010977 0.779808 -639.697443 132.517728
63.700000 2.005800 0.824892 -632.458469 137.768630
63.750000 1.994869 0.638082 -654.353015 111.676535
63.800000 1.997041 0.799497 -630.697387 136.166192
63.850000 1.994531 0.686294 -642.226561 123.673492
63.900000 2.001391 0.747253 -632.572607 135.961511
63.950000 1.999100 0.694451 -640.139534 127.514804
64.000000 2.003207 0.662827 -650.231772 118.999729
64.050000 1.976668 0.969544 -614.508431 144.531959
64.100000 2.027802 0.573583 -664.341913 114.334127
64.150000 1.994403 0.510406 -663.018698 102.832124
64.200000 1.998318 0.680281 -637.623897 129.730150
64.250000 1.988165 0.599827 -653.083500 110.372043
64.300000 2.003720 0.819134 -636.769736 132.658787
64.350000 1.993428 0.940561 -622.743945 142.732576
64.400000 2.006336 0.654153 -649.187194 121.245795
64.450000 1.991675 0.426422 -667.309811 97.493295
64.500000 2.004925 0.543123 -653.292706 116.598514
64.550000 2.002082 0.472077 -672.673184 96.126433
64.600000 1.988385 0.819281 -645.333781 118.206193
64.650000 2.006785 1.185349 -606.161461 164.443842
64.700000 2.008467 0.824322 -641.130703 130.120773
64.750000 1.998629 0.589906 -653.336606 114.136872
64.800000 2.005605 0.517406 -655.926854 114.225444
64.850000 1.990010 0.654521 -641.468618 122.695246
64.900000 1.999698 0.784514 -627.891055 139.992967
64.950000 2.006367 0.575509 -655.861066 114.583848
65.000000 2.000025 0.643559 -645.523935 122.485763
65.050000 2.006220 0.388718 -680.928070 89.460515
65.100000 1.980737 0.674927 -651.927690 108.675497
65.150000 2.002117 0.800254 -645.219855 123.592898
65.200000 1.997330 0.867513 -646.671432 120.303109
65.250000 1.996060 1.078908 -631.924555 134.562601
65.300000 2.007136 1.093894 -637.767851 132.972463
65.350000 2.006918 1.143960 -625.714892 144.941566
65.400000 2.009146 0.558392 -692.114234 79.398022
65.450000 1.994924 0.819283 -652.884133 113.166581
65.500000 2.006087 0.652053 -673.087885 97.249706
65.550000 1.996558 0.725958 -660.615048 106.063415
65.600000 2.007902 0.486254 -690.011399 81.023062
65.650000 1.988495 0.707041 -661.214229 102.367679
65.700000 1.999464 0.884826 -639.796393 127.997862
65.750000 1.990407 0.918549 -633.361901 130.954523
65.800000 2.014293 0.689306 -662.092514 111.395849
65.850000 1.982368 0.943475 -627.863909 133.365329
65.900000 2.009891 0.851933 -641.522688 130.275488
65.950000 2.002012 0.980250 -615.757427 153.015204
66.000000 1.998678 0.580677 -661.491010 106.001336
66.050000 1.991356 0.851292 -624.333595 140.346993
66.100000 2.002803 0.629216 -654.459602 114.616941
66.150000 1.983921 0.791655 -637.527236 124.298465
66.200000 2.007316 0.798576 -641.512546 129.296695
66.250000 2.002068 0.588180 -671.575800 97.218412
66.300000 2.005078 0.885584 -636.965426 132.984471
66.350000 1.999868 0.726819 -654.460508 113.488882
66.400000 2.005580 0.706458 -652.648804 117.493848
66.450000 1.994990 0.667173 -656.647285 109.428748
66.500000 1.995170 0.704963 -656.043164 110.102036
66.550000 2.012865 0.743754 -648.696845 124.243358
66.600000 1.989772 0.782431 -643.406538 120.665995
66.650000 2.009928 0.879933 -630.508115 141.304064
66.700000 2.006870 0.531459 -666.701689 103.936355
66.750000 1.999180 0.547783 -661.235824 106.449117
66.800000 2.007510 0.490840 -671.707937 99.175996
66.850000 2.003038 0.546041 -673.566646 95.600027
66.900000 2.007289 0.901797 -641.572522 129.226627
66.950000 2.002348 0.914118 -644.778180 124.123395
67.000000 1.985782 0.851301 -651.730372 110.809947
67.050000 2.006729 0.712773 -665.756207 104.827744
67.100000 1.988454 0.808520 -650.307195 113.259284
67.150000 2.011116 0.765959 -655.777980 116.490401
67.200000 2.000812 0.773652 -646.023688 122.288248
67.250000 1.994928 0.624910 -656.846529 109.205976
67.300000 2.001914 0.598036 -654.130472 114.604665
67.350000 2.013056 0.597386 -649.897608 123.116037
67.400000 1.996289 0.515356 -662.635040 103.939870
67.450000 1.996868 0.719989 -641.021739 125.775703
