# t Temp Pres Epot Etot
0.000000 1.993947 28.815079 -1408.040161 -642.364692
0.050000 2.025196 28.530729 -1425.476404 -647.801084
0.100000 2.028548 28.486182 -1423.802026 -644.839549
0.150000 1.971689 29.480122 -1375.649531 -618.520924
0.200000 1.991632 27.588184 -1463.322160 -698.535449
0.250000 2.000784 28.174386 -1432.927553 -664.626527
0.300000 1.983433 28.378432 -1426.153904 -664.515768
0.350000 2.013268 28.423595 -1424.616968 -651.522106
0.400000 1.985221 28.756655 -1408.950453 -646.625726
0.450000 2.017318 29.268916 -1389.329572 -614.679354
0.500000 2.007535 29.130057 -1396.987974 -626.094359
0.550000 1.999534 28.986749 -1400.837047 -633.015851
0.600000 2.011048 28.374827 -1426.990497 -654.748155
0.650000 2.002985 27.548941 -1466.742543 -697.596194
0.700000 1.996584 29.316686 -1383.184281 -616.496199
0.750000 1.977469 28.829638 -1407.256349 -647.908358
0.800000 1.995041 28.555854 -1420.098573 -654.002699
0.850000 1.975419 28.921223 -1404.316352 -645.755616
0.900000 2.022721 29.351836 -1385.599556 -608.874718
0.950000 1.980929 30.827734 -1314.254441 -553.577668
1.000000 2.003537 28.892947 -1404.115899 -634.757518
1.050000 2.017672 27.688886 -1460.916467 -686.130580
1.100000 1.975488 27.949127 -1444.653463 -686.066204
1.150000 1.966087 29.436067 -1377.471548 -622.494102
1.200000 2.064094 28.927928 -1404.283852 -611.671715
1.250000 2.020789 29.605972 -1370.610187 -594.627220
1.300000 1.993832 28.069684 -1440.082438 -674.450779
1.350000 2.008504 28.095642 -1440.501131 -669.235772
1.400000 1.992082 28.749900 -1409.310676 -644.351284
1.450000 1.977414 30.265229 -1343.419887 -584.093074
1.500000 2.038333 27.823374 -1454.371557 -671.651499
1.550000 1.961205 28.488452 -1419.172793 -666.070017
1.600000 1.994824 27.757478 -1453.438463 -687.426156
1.650000 2.045756 29.436567 -1383.054293 -597.483989
1.700000 1.993868 29.208512 -1389.653689 -624.008567
1.750000 2.028692 28.521743 -1418.773957 -639.756038
1.800000 2.030672 28.723179 -1414.507419 -634.729265
1.850000 1.987707 28.311819 -1429.178643 -665.899147
1.900000 1.980558 28.727499 -1412.028733 -651.494583
1.950000 2.032356 28.711800 -1415.685387 -635.260619
2.000000 2.014452 28.604671 -1416.303343 -642.753808
2.050000 2.012345 28.125406 -1440.284282 -667.543766
2.100000 1.959712 29.359045 -1380.164061 -627.634714
2.150000 2.018621 28.748935 -1413.407884 -638.257456
2.200000 2.016300 29.013912 -1397.677685 -623.418667
2.250000 1.994101 28.124274 -1437.978236 -672.243311
2.300000 1.975077 28.954971 -1400.882994 -642.453281
2.350000 2.020301 29.108679 -1395.641535 -619.845809
2.400000 2.021542 28.640770 -1415.020439 -638.748228
2.450000 1.954054 28.899249 -1399.839203 -649.482656
2.500000 2.030724 29.572395 -1374.265440 -594.467368
2.550000 1.981427 29.215448 -1385.636755 -624.768760
2.600000 2.022613 28.545840 -1422.255711 -645.572401
2.650000 1.987018 29.248347 -1383.278836 -620.263920
2.700000 1.957024 29.170525 -1391.541665 -640.044602
2.750000 2.020285 30.622633 -1329.596868 -553.807261
2.800000 1.966517 29.113195 -1392.040379 -636.898003
2.850000 2.037229 28.149577 -1439.230411 -656.934484
2.900000 1.997922 29.176934 -1390.076965 -622.874883
2.950000 1.993619 28.601126 -1417.281569 -651.732020
3.000000 2.033372 28.443178 -1425.947820 -645.132966
3.050000 1.970902 29.368284 -1380.887210 -624.060741
3.100000 1.996256 28.375338 -1429.004354 -662.442214
3.150000 2.015571 28.731124 -1413.961267 -639.981932
3.200000 1.996446 29.460529 -1376.448036 -609.812937
3.250000 1.994580 29.345447 -1383.081217 -617.162663
3.300000 2.032996 28.442754 -1423.828055 -643.157445
3.350000 1.986048 27.616453 -1459.115927 -696.473489
3.400000 1.962272 28.614364 -1412.817416 -659.304787
3.450000 2.019810 28.344314 -1428.541787 -652.934609
3.500000 1.997063 29.677994 -1368.802248 -601.930084
3.550000 2.029012 29.302516 -1388.450605 -609.310136
3.600000 1.989439 28.705799 -1409.316784 -645.372101
3.650000 1.983006 28.695959 -1412.223177 -650.748976
3.700000 2.048207 28.861228 -1407.162049 -620.650512
3.750000 2.021888 28.622050 -1415.038347 -638.633516
3.800000 1.996918 27.715382 -1456.453519 -689.636918
3.850000 2.002771 29.344711 -1380.474941 -611.410841
3.900000 1.997403 28.726052 -1409.437481 -642.434613
3.950000 1.975575 29.414959 -1379.401022 -620.780405
4.000000 2.030155 29.157258 -1391.822349 -612.242829
4.050000 1.975277 27.888756 -1449.448144 -690.941671
4.100000 1.993468 28.770504 -1413.293413 -647.801868
4.150000 2.002568 29.537034 -1373.383460 -604.397449
4.200000 2.053070 27.601084 -1463.879268 -675.500560
4.250000 1.967876 29.033575 -1395.665555 -640.001071
4.300000 1.993444 29.683419 -1369.824281 -604.341596
4.350000 2.056799 28.443769 -1428.593325 -638.782388
4.400000 2.005716 27.827950 -1452.896654 -682.701564
4.450000 1.997759 28.856513 -1405.478484 -638.339132
4.500000 1.996446 29.425253 -1381.803615 -615.168386
4.550000 1.982877 29.506327 -1374.682290 -613.257548
4.600000 2.010041 29.728226 -1366.191484 -594.335790
4.650000 1.980440 28.197777 -1436.129300 -675.640518
4.700000 1.987131 28.828791 -1406.115002 -643.056602
4.750000 2.007718 29.068870 -1397.219933 -626.256342
4.800000 2.011237 28.206388 -1435.796180 -663.480992
4.850000 2.018870 27.811095 -1451.592177 -676.346231
4.900000 2.009258 27.747411 -1457.475916 -685.920794
4.950000 2.012589 28.330412 -1432.000980 -659.166629
5.000000 2.013363 30.146769 -1349.185385 -576.054065
5.050000 2.010494 28.572496 -1419.786700 -647.757050
5.100000 2.014485 28.678430 -1412.823489 -639.261320
5.150000 1.957618 28.645080 -1413.812699 -662.087217
5.200000 2.038755 29.536705 -1379.959694 -597.077843
5.250000 2.003604 28.393921 -1427.618378 -658.234550
5.300000 1.985143 27.268202 -1477.970293 -715.675346
5.350000 1.973993 27.827502 -1451.490773 -693.477286
5.400000 1.967655 29.676378 -1369.781884 -614.202299
5.450000 2.017989 28.344564 -1430.247874 -655.339994
5.500000 2.025930 28.553910 -1420.818224 -642.861219
5.550000 1.951410 29.124817 -1391.487027 -642.145574
5.600000 1.975982 28.863625 -1404.344871 -645.567683
5.650000 2.005772 29.011633 -1398.161988 -627.945636
5.700000 1.987004 28.928306 -1399.151717 -636.142277
5.750000 2.011919 29.187745 -1391.365888 -618.788946
5.800000 2.032366 28.316686 -1432.884594 -652.456082
5.850000 1.968704 28.065534 -1440.493185 -684.510792
5.900000 1.999286 29.134845 -1394.982117 -627.256231
5.950000 2.013875 29.474554 -1376.612580 -603.284564
6.000000 1.985935 28.807318 -1406.622609 -644.023615
6.050000 2.015400 29.009784 -1398.077740 -624.164109
6.100000 1.992170 28.471235 -1425.019525 -660.026178
6.150000 1.983044 29.049056 -1399.630002 -638.141039
6.200000 2.078956 29.621823 -1375.875143 -577.556037
6.250000 2.006868 27.266121 -1475.331763 -704.694554
6.300000 2.014770 28.328281 -1430.110991 -656.439307
6.350000 1.992696 29.853901 -1356.490649 -591.295518
6.400000 2.028931 27.459404 -1468.900986 -689.791538
6.450000 1.978588 28.395515 -1427.740307 -667.962633
6.500000 1.985453 29.548010 -1372.157026 -609.742916
6.550000 2.002114 30.919375 -1315.730518 -546.918654
6.600000 2.057030 30.035403 -1355.269220 -565.369571
6.650000 2.013755 29.612981 -1371.468094 -598.186288
6.700000 2.005161 27.509891 -1465.140000 -695.158238
6.750000 1.973361 28.366137 -1427.340626 -669.570127
6.800000 1.977939 29.660337 -1372.343641 -612.815003
6.850000 2.011702 29.258760 -1388.205646 -615.712016
6.900000 2.037303 29.157674 -1397.648400 -615.324154
6.950000 1.990110 27.975866 -1440.193659 -675.991476
7.000000 1.990334 28.402573 -1426.139515 -661.851207
7.050000 1.976367 28.422461 -1422.139603 -663.214785
7.100000 2.009968 29.481087 -1376.610806 -604.783055
7.150000 1.988709 29.438337 -1380.791075 -617.126906
7.200000 2.025331 30.377020 -1337.531869 -559.804768
7.250000 1.979533 28.779214 -1407.322564 -647.182009
7.300000 1.980586 27.103201 -1484.365595 -723.820410
7.350000 1.985363 28.039181 -1440.981307 -678.602045
7.400000 1.995942 29.444467 -1379.685044 -613.243154
7.450000 2.011153 29.638703 -1371.946368 -599.663728
7.500000 2.026190 17.855774 -1515.750494 -737.693476
7.550000 1.989957 17.322106 -1536.406202 -772.262685
7.600000 1.996829 17.583251 -1524.611871 -757.829511
7.650000 2.007937 17.366065 -1535.418346 -764.370452
7.700000 2.008171 17.477770 -1531.214995 -760.077417
7.750000 1.997597 17.066295 -1547.888986 -780.811904
7.800000 2.010612 17.514662 -1533.027863 -760.952738
7.850000 1.989879 17.859279 -1509.560476 -745.447077
7.900000 1.978251 18.749381 -1469.178636 -709.530170
7.950000 2.021829 17.840202 -1519.000769 -742.618406
8.000000 1.999154 18.347923 -1490.833141 -723.157889
8.050000 2.010745 17.295229 -1538.460803 -766.334544
8.100000 2.014137 17.021216 -1553.934894 -780.506124
8.150000 1.964678 16.834716 -1556.804655 -802.368224
8.200000 2.018706 18.022006 -1497.120692 -721.937645
8.250000 1.967467 17.650688 -1521.093051 -765.585728
8.300000 2.027066 18.182554 -1498.366094 -719.972682
8.350000 2.005828 18.161458 -1499.840580 -729.602477
8.400000 1.973069 17.404150 -1533.190591 -775.532276
8.450000 2.007671 18.044444 -1506.029524 -735.083686
8.500000 1.992030 16.978562 -1555.470714 -790.531308
8.550000 2.003861 18.171911 -1499.018084 -729.535424
8.600000 1.981399 18.417583 -1486.075293 -725.218186
8.650000 2.028460 16.625418 -1572.317687 -793.389044
8.700000 1.989226 16.884682 -1557.037100 -793.174327
8.750000 1.990325 17.290411 -1537.038852 -772.753883
8.800000 1.977368 17.963629 -1506.804178 -747.495038
8.850000 1.997567 18.306811 -1489.439240 -722.373691
8.900000 2.023481 18.948505 -1463.244424 -686.227717
8.950000 2.014145 16.928810 -1556.691206 -783.259577
9.000000 1.990144 16.353753 -1582.867908 -818.652441
9.050000 1.994813 16.983927 -1551.830732 -785.822604
9.100000 1.972071 18.063568 -1499.262293 -741.986983
9.150000 2.023172 18.628238 -1475.425090 -698.527065
9.200000 1.993551 17.624475 -1521.474495 -755.950773
9.250000 2.018668 17.022064 -1553.085887 -777.917339
9.300000 1.956051 17.977224 -1506.109904 -754.986438
9.350000 2.003250 17.966707 -1509.880948 -740.633082
9.400000 2.029625 18.068943 -1501.303146 -721.927194
9.450000 1.998578 17.513005 -1529.102986 -761.648914
9.500000 2.020797 17.409145 -1534.377187 -758.391019
9.550000 1.989730 16.670702 -1568.689505 -804.633317
9.600000 1.983730 17.465909 -1528.948690 -767.196248
9.650000 1.994973 17.184139 -1541.120066 -775.050569
9.700000 1.968922 17.916129 -1508.779917 -752.713941
9.750000 2.008227 18.325652 -1489.881625 -718.722490
9.800000 1.983425 17.288060 -1537.634545 -775.999199
9.850000 1.994070 18.745134 -1471.716227 -705.993503
9.900000 2.026587 18.037955 -1505.729093 -727.519631
9.950000 1.989532 17.994724 -1508.950015 -744.969652
10.000000 1.986623 17.318893 -1541.965491 -779.102180
10.050000 1.991402 17.756909 -1518.457215 -753.758832
10.100000 1.985215 18.307676 -1487.170975 -724.848607
10.150000 2.020841 17.227957 -1544.929674 -768.926853
10.200000 2.000303 16.301185 -1586.654284 -818.537981
10.250000 1.989160 18.296020 -1490.983899 -727.146472
10.300000 2.001987 17.936434 -1507.975464 -739.212303
10.350000 1.974251 17.452610 -1530.951175 -772.838657
10.400000 1.994927 17.525179 -1525.698520 -759.646476
10.450000 2.001824 17.830531 -1512.960158 -744.259856
10.500000 1.999657 17.450552 -1529.733434 -761.865186
10.550000 1.997675 18.960509 -1459.040322 -691.933139
10.600000 1.984819 17.946771 -1508.178026 -746.007658
10.650000 2.025116 17.911845 -1512.812167 -735.167543
10.700000 1.995161 17.792867 -1515.322078 -749.180123
10.750000 2.000548 17.459169 -1530.883869 -762.673257
10.800000 1.997812 17.225009 -1542.988247 -775.828400
10.850000 1.994768 17.304801 -1538.505147 -772.514084
10.900000 2.020275 17.843627 -1516.828842 -741.043282
10.950000 2.017606 17.104860 -1550.081421 -775.320647
11.000000 1.995212 17.168345 -1544.576354 -778.415106
11.050000 1.968388 16.749569 -1566.307162 -810.446332
11.100000 1.991906 18.653836 -1479.197777 -714.305751
11.150000 2.025337 18.836035 -1466.731067 -689.001538
11.200000 2.026917 18.051775 -1506.070195 -727.734153
11.250000 2.004957 16.616570 -1571.877602 -801.974159
11.300000 2.004912 17.049380 -1549.751240 -779.865095
11.350000 1.991850 19.098978 -1450.804755 -685.934223
11.400000 2.019480 18.366676 -1492.905022 -717.424839
11.450000 2.003791 17.086402 -1551.044869 -781.589063
11.500000 2.000128 16.838030 -1561.677758 -793.628461
11.550000 1.953449 17.041493 -1549.053957 -798.929649
11.600000 2.024068 18.670508 -1479.398859 -702.156585
11.650000 1.989073 17.707685 -1522.586004 -758.782120
11.700000 2.020876 17.278709 -1540.553111 -764.536754
11.750000 1.962161 17.033803 -1548.535991 -795.066275
11.800000 2.011089 17.259879 -1542.709904 -770.451786
11.850000 2.011556 17.896407 -1511.866246 -739.428929
11.900000 1.979486 18.481893 -1481.717430 -721.594943
11.950000 1.967029 18.033192 -1504.875267 -749.536103
12.000000 1.989506 17.688371 -1523.777169 -759.806873
12.050000 1.987282 18.095639 -1503.083284 -739.966990
12.100000 2.017884 18.822389 -1464.100008 -689.232555
12.150000 1.998938 16.896525 -1554.920051 -787.328048
12.200000 1.990726 18.389947 -1488.615541 -724.176681
12.250000 2.008253 18.725486 -1478.165893 -706.996877
12.300000 1.996504 19.489047 -1433.760804 -667.103310
12.350000 2.014567 17.632767 -1524.344421 -750.750584
12.400000 2.021609 17.647573 -1525.243222 -748.945470
12.450000 2.013602 17.002899 -1553.615575 -780.392479
12.500000 1.971630 16.052414 -1598.188248 -841.082203
12.550000 1.988630 17.984413 -1507.885807 -744.252046
12.600000 1.952787 18.191155 -1492.855009 -742.984919
12.650000 1.975080 18.879066 -1463.512149 -705.081406
12.700000 2.012065 19.056222 -1457.867216 -685.234358
12.750000 1.991268 16.636285 -1572.983707 -808.336896
12.800000 1.998953 17.376256 -1538.944496 -771.346447
12.850000 1.987900 16.998639 -1554.364583 -791.011045
12.900000 2.000302 18.644823 -1481.256372 -713.140312
12.950000 2.001485 19.103283 -1456.578925 -688.008724
13.000000 1.973599 16.508650 -1578.205158 -820.343194
13.050000 2.020882 16.721545 -1568.604802 -792.586228
13.100000 1.968000 17.149678 -1543.316198 -787.604142
13.150000 2.001516 17.342684 -1537.316074 -768.734036
13.200000 2.011188 17.640486 -1524.268238 -751.971950
13.250000 1.983485 18.224582 -1495.207949 -733.549769
13.300000 1.982125 18.275726 -1493.745062 -732.609018
13.350000 2.037903 18.115666 -1504.767351 -722.212523
13.400000 2.017299 17.629112 -1522.287496 -747.644549
13.450000 1.986448 17.554287 -1525.283498 -762.487354
13.500000 1.973041 17.690339 -1517.212389 -759.564461
13.550000 2.006194 17.374405 -1539.515286 -769.136629
13.600000 1.977850 17.400677 -1535.394938 -775.900709
13.650000 2.014290 18.738551 -1466.758019 -693.270795
13.700000 1.998038 17.729092 -1520.596369 -753.349838
13.750000 1.996752 17.000694 -1554.690433 -787.937565
13.800000 2.023066 17.568476 -1524.989181 -748.131765
13.850000 1.985050 16.758242 -1560.589085 -798.329877
13.900000 2.001738 17.772058 -1514.767289 -746.099883
13.950000 2.001491 18.063767 -1502.450241 -733.877799
14.000000 1.964638 17.979864 -1507.691185 -753.270240
14.050000 2.035749 18.403641 -1486.364889 -704.637415
14.100000 1.952406 19.046554 -1453.044105 -703.320148
14.150000 2.010528 17.342309 -1538.294785 -766.252014
14.200000 2.022092 18.244644 -1493.289059 -716.805600
14.250000 1.997745 17.168050 -1544.685807 -777.551707
14.300000 2.036793 16.359115 -1583.465507 -801.336955
14.350000 1.951884 18.128475 -1496.845856 -747.322484
14.400000 2.018308 18.084022 -1501.082105 -726.051996
14.450000 2.015616 16.963935 -1554.410175 -780.413592
14.500000 1.974702 17.820326 -1511.313891 -753.028398
14.550000 2.030821 16.309448 -1588.143904 -808.308552
14.600000 1.968511 17.142749 -1543.256509 -787.348314
14.650000 1.993816 18.416774 -1484.201185 -718.575810
14.700000 1.980600 19.683813 -1426.426451 -665.876107
14.750000 2.005831 19.572194 -1434.480368 -664.241345
14.800000 2.011446 17.548357 -1527.022933 -754.627591
14.850000 1.980826 17.748984 -1519.599248 -758.961948
14.900000 2.005118 17.756785 -1517.518701 -747.553557
14.950000 1.981119 18.419847 -1484.749392 -723.999562
15.000000 1.988140 15.954829 -1248.563012 -485.117429
15.050000 1.987625 15.241229 -1287.442865 -524.194927
15.100000 1.995702 14.671538 -1322.811771 -556.462136
15.150000 2.009678 15.223318 -1296.126617 -524.410389
15.200000 2.017460 14.912514 -1309.633924 -534.929456
15.250000 2.006794 15.018354 -1301.874921 -531.265936
15.300000 1.990467 15.738367 -1263.016367 -498.676917
15.350000 2.053389 14.171651 -1348.218824 -559.717604
15.400000 1.991389 14.457883 -1327.663738 -562.970259
15.450000 1.959709 15.096565 -1301.501048 -548.972940
15.500000 2.041148 15.302901 -1295.904525 -512.103805
15.550000 1.994320 14.300066 -1339.614695 -573.795708
15.600000 2.009395 14.516901 -1326.527963 -554.920287
15.650000 1.981190 14.308816 -1339.682045 -578.904910
15.700000 1.984049 14.927474 -1310.632559 -548.757713
15.750000 2.018695 15.581337 -1278.859216 -503.680465
15.800000 1.998869 15.567379 -1274.510276 -506.944597
15.850000 1.996901 15.489190 -1277.678187 -510.868200
15.900000 2.000093 15.317830 -1285.630083 -517.594264
15.950000 2.019426 15.324760 -1285.170025 -509.710307
16.000000 1.994439 15.399041 -1278.304814 -512.440275
16.050000 1.999255 14.918603 -1300.118346 -532.404611
16.100000 2.031963 14.725606 -1314.507559 -534.233934
16.150000 1.973738 15.111317 -1295.132245 -537.216982
16.200000 2.018683 14.731010 -1316.746378 -541.572060
16.250000 2.004390 15.646748 -1266.242389 -496.556532
16.300000 2.007691 14.660622 -1315.796908 -544.843658
16.350000 1.979620 14.263536 -1339.139145 -578.964980
16.400000 1.991463 13.487483 -1383.411607 -618.689798
16.450000 1.958713 15.555940 -1272.325104 -520.179483
16.500000 2.010492 16.140491 -1241.291041 -469.262209
16.550000 2.007083 14.787824 -1311.767758 -541.047741
16.600000 2.009533 14.382137 -1336.828172 -565.167363
16.650000 2.003210 15.079315 -1297.881677 -528.649145
16.700000 2.000417 15.499810 -1274.269186 -506.108891
16.750000 1.999124 15.683727 -1266.263737 -498.600005
16.800000 2.011828 15.493036 -1279.794858 -507.252996
16.850000 2.038641 14.669718 -1323.401036 -540.562800
16.900000 1.980812 14.775451 -1313.736402 -553.104605
16.950000 2.014020 15.502313 -1279.738374 -506.354883
17.000000 1.969532 15.114787 -1301.501245 -545.201120
17.050000 1.993097 15.329772 -1297.066678 -531.717586
17.100000 1.991648 16.360547 -1236.319573 -471.526794
17.150000 2.002895 14.648974 -1328.933816 -559.822307
17.200000 2.004777 15.809328 -1271.262692 -501.428435
17.250000 1.977539 15.341246 -1294.430354 -535.055327
17.300000 2.006538 16.549081 -1230.653328 -460.142791
17.350000 2.010772 15.537288 -1276.964167 -504.827815
17.400000 1.974168 14.908029 -1309.589173 -551.508682
17.450000 2.010259 15.893621 -1267.122008 -495.182543
17.500000 2.005616 15.134116 -1299.555953 -529.399308
17.550000 1.981625 14.828086 -1309.288056 -548.343864
17.600000 2.003314 15.681874 -1266.493590 -497.220924
17.650000 2.006610 15.984085 -1251.727964 -481.189726
17.700000 2.016262 16.552434 -1228.358724 -454.114167
17.750000 1.996574 15.935565 -1261.369639 -494.685414
17.800000 2.023128 15.857643 -1254.107554 -477.226268
17.850000 2.016330 15.373216 -1281.358287 -507.087520
17.900000 1.983908 14.827256 -1314.694576 -552.874012
17.950000 2.011728 15.106602 -1298.686798 -526.183412
18.000000 2.028791 15.983593 -1255.230661 -476.174881
18.050000 2.007216 15.139418 -1300.191810 -529.420793
18.100000 1.987837 15.232197 -1294.702928 -531.373539
18.150000 1.986264 15.914846 -1259.347138 -496.621634
18.200000 1.992607 17.028092 -1195.026420 -429.865323
18.250000 2.001054 15.980976 -1255.265451 -486.860559
18.300000 1.995793 15.813250 -1254.316265 -487.931903
18.350000 2.004176 16.252144 -1232.737530 -463.133842
18.400000 1.973971 16.542321 -1227.751530 -469.746828
18.450000 2.029319 16.077892 -1250.467403 -471.208940
18.500000 1.985512 15.388456 -1282.227671 -519.790948
18.550000 1.994980 15.818242 -1254.943101 -488.870731
18.600000 1.977991 14.965413 -1296.255852 -536.707163
18.650000 1.994721 15.480239 -1275.957537 -509.984775
18.700000 2.012991 15.475295 -1273.670021 -500.681652
18.750000 1.989967 15.393359 -1279.128943 -514.981790
18.800000 2.005398 14.631923 -1325.156689 -555.083845
18.850000 1.974621 15.848321 -1264.984862 -506.730235
18.900000 2.019418 15.124666 -1307.002774 -531.546449
18.950000 1.995129 14.690594 -1324.367940 -558.238424
19.000000 1.968229 14.706644 -1312.089309 -556.289341
19.050000 2.015081 15.957499 -1248.894769 -475.103621
19.100000 2.044001 14.627038 -1327.056347 -542.160134
19.150000 1.993355 14.409111 -1334.198820 -568.750677
19.200000 1.966760 15.284496 -1285.592706 -530.357025
19.250000 1.986357 14.979238 -1304.347599 -541.586552
19.300000 2.005190 15.823355 -1262.582757 -492.589612
19.350000 1.998607 15.872153 -1260.607046 -493.142027
19.400000 2.008641 16.829581 -1207.598388 -436.280085
19.450000 1.998461 16.232663 -1246.819284 -479.410128
19.500000 1.993073 16.259180 -1239.226961 -473.886963
19.550000 1.993607 16.170253 -1236.553716 -471.008495
19.600000 2.015482 13.870655 -1362.658313 -588.713262
19.650000 2.005261 15.180729 -1296.636511 -526.616263
19.700000 1.997265 14.928512 -1308.029710 -541.079982
19.750000 1.992071 14.858252 -1311.097684 -546.142527
19.800000 1.978101 14.736719 -1320.206660 -560.615834
19.850000 2.006984 15.281892 -1285.377340 -514.695416
19.900000 1.990494 14.978699 -1293.073802 -528.724011
19.950000 1.999196 15.538031 -1273.263484 -505.572232
20.000000 2.000449 15.454742 -1280.325363 -512.152923
20.050000 2.005583 14.530006 -1320.298094 -550.154167
20.100000 1.993537 14.004962 -1352.786875 -587.268747
20.150000 2.004276 14.589180 -1329.045740 -559.403892
20.200000 2.005638 14.528029 -1337.736044 -567.571172
20.250000 2.002090 14.629592 -1323.007826 -554.205439
20.300000 2.005222 15.412294 -1283.875720 -513.870475
20.350000 1.991774 15.786075 -1264.763781 -499.922606
20.400000 2.023048 14.864656 -1315.242831 -538.392584
20.450000 1.981816 14.345998 -1334.030529 -573.013061
20.500000 1.990059 15.324654 -1281.257279 -517.074721
20.550000 1.992081 15.133068 -1295.276884 -530.317939
20.600000 1.987249 15.161181 -1294.834588 -531.731011
20.650000 1.994949 14.304884 -1333.668106 -567.607645
20.700000 1.977640 13.152162 -1390.938960 -631.525269
20.750000 1.991989 14.475899 -1322.277780 -557.354080
20.800000 2.008059 14.221185 -1337.473989 -566.379218
20.850000 1.984407 14.705505 -1319.490823 -557.478376
20.900000 1.996278 15.339991 -1297.885073 -531.314221
20.950000 2.002119 16.150498 -1250.429478 -481.615701
21.000000 1.978638 14.128554 -1351.804594 -592.007512
21.050000 2.001137 14.764638 -1315.624249 -547.187766
21.100000 2.012995 14.609422 -1321.954945 -548.964784
21.150000 1.974496 15.202096 -1290.757995 -532.551621
21.200000 1.998391 15.461423 -1282.283102 -514.900771
21.250000 2.019164 15.325216 -1289.630176 -514.271283
21.300000 2.003644 14.070297 -1348.797243 -579.398128
21.350000 1.997481 14.897742 -1302.558313 -535.525737
21.400000 1.995802 15.920223 -1253.934508 -487.546536
21.450000 1.987308 14.906104 -1313.255561 -550.129335
21.500000 2.022465 15.104380 -1300.362183 -523.735813
21.550000 1.998573 14.964419 -1311.124463 -543.672599
21.600000 2.012480 14.876838 -1316.520340 -543.728195
21.650000 1.986544 16.020566 -1246.733092 -483.900221
21.700000 1.978437 16.182300 -1242.776406 -483.056762
21.750000 2.005963 15.843147 -1262.059487 -491.769597
21.800000 1.983079 16.729363 -1212.227429 -450.725013
21.850000 1.994955 15.127916 -1298.187987 -532.125078
21.900000 2.019257 15.798277 -1255.999676 -480.605030
21.950000 2.008748 15.188762 -1288.376255 -517.017100
22.000000 2.012565 14.500631 -1326.622553 -553.797471
22.050000 2.013641 14.701793 -1315.926784 -542.688784
22.100000 1.985130 15.486617 -1282.108449 -519.818452
22.150000 2.039656 15.444776 -1287.304455 -504.076632
22.200000 2.009666 15.181616 -1291.245135 -519.533280
22.250000 1.966290 15.185426 -1287.923758 -532.868376
22.300000 2.000858 15.396992 -1286.261082 -517.931773
22.350000 2.016324 15.579521 -1278.532452 -504.263953
22.400000 1.981214 14.067267 -1356.763754 -595.977573
22.450000 2.018511 16.614807 -1214.344449 -439.236414
22.500000 1.971395 10.010041 -1233.565684 -476.550192
22.550000 1.984487 9.693908 -1260.542377 -498.499488
22.600000 2.016824 8.790920 -1309.782870 -535.322446
22.650000 1.992319 9.192406 -1288.331999 -523.281583
22.700000 2.000463 9.270606 -1282.744769 -514.567090
22.750000 1.993462 9.070409 -1289.854326 -524.365041
22.800000 1.999643 8.288084 -1330.589884 -562.726833
22.850000 1.975824 8.180496 -1338.995332 -580.279072
22.900000 1.990679 9.263350 -1277.116484 -512.695682
22.950000 2.011610 9.519506 -1266.107280 -493.648930
23.000000 2.014821 9.299205 -1284.604093 -510.912782
23.050000 1.996279 9.062532 -1298.092501 -531.521228
23.100000 1.982766 9.851252 -1247.201956 -485.819717
23.150000 2.006498 9.023263 -1294.511691 -524.016442
23.200000 1.979483 9.014804 -1287.239875 -527.118540
23.250000 1.988329 8.455634 -1321.934802 -558.416545
23.300000 1.994135 8.954098 -1296.726849 -530.978903
23.350000 1.986345 9.848538 -1249.679642 -486.923150
23.400000 2.007397 9.211956 -1287.370531 -516.529976
23.450000 1.984150 9.103732 -1286.029564 -524.116017
23.500000 2.050991 8.271710 -1329.386807 -541.806340
23.550000 1.963301 9.102890 -1281.480526 -527.573084
23.600000 1.972587 9.125788 -1290.655969 -533.182642
23.650000 2.015885 10.569128 -1206.214384 -432.114549
23.700000 2.022334 9.689299 -1253.223463 -476.647100
23.750000 2.014764 8.881280 -1298.400981 -524.731514
23.800000 1.985385 8.880691 -1301.150073 -538.762315
23.850000 2.014549 9.529288 -1266.336412 -492.749570
23.900000 1.998592 9.441081 -1264.743828 -497.284624
23.950000 2.001945 7.595902 -1369.267668 -600.520979
24.000000 1.972404 8.775283 -1306.846368 -549.443211
24.050000 2.004761 9.932571 -1237.922668 -468.094538
24.100000 1.993746 8.244206 -1336.047464 -570.449106
24.150000 2.013303 9.194844 -1283.102677 -509.994515
24.200000 1.982861 9.218862 -1279.721555 -518.302923
24.250000 2.026574 9.587294 -1263.705297 -485.500758
24.300000 2.022837 9.057405 -1290.941876 -514.172488
24.350000 2.010272 9.053103 -1291.105214 -519.160690
24.400000 2.027470 9.306483 -1279.622412 -501.073828
24.450000 1.982280 8.973415 -1301.326807 -540.131152
24.500000 2.016215 8.916491 -1298.856400 -524.629902
24.550000 1.992357 8.617210 -1316.292328 -551.227365
24.600000 2.006210 8.555218 -1328.754883 -558.370293
24.650000 2.028929 8.923494 -1303.344997 -524.236123
24.700000 1.986061 8.165004 -1344.311595 -581.664095
24.750000 2.018438 8.875017 -1305.353774 -530.273714
24.800000 2.011359 8.038881 -1344.916892 -572.555006
24.850000 1.990797 8.456736 -1319.161314 -554.695334
24.900000 2.010410 9.322546 -1276.177043 -504.179421
24.950000 2.007841 7.803169 -1363.550219 -592.539110
25.000000 1.963629 8.682829 -1309.475699 -555.442281
25.050000 2.016923 8.451521 -1320.389734 -545.891226
25.100000 1.979296 8.692306 -1303.690187 -543.640458
25.150000 2.015477 9.392256 -1271.768111 -497.824932
25.200000 1.991349 9.547150 -1260.980782 -496.302721
25.250000 2.009359 9.720259 -1254.472384 -482.878507
25.300000 1.959531 9.954037 -1239.303412 -486.843692
25.350000 2.012402 9.120612 -1300.968242 -528.206023
25.400000 2.015974 9.181657 -1299.263292 -525.129267
25.450000 2.002517 9.821238 -1256.602829 -487.636414
25.500000 2.022546 9.549696 -1268.608793 -491.951013
25.550000 1.988126 8.457085 -1323.652964 -560.212658
25.600000 1.986748 8.901033 -1298.796884 -535.885476
25.650000 2.018970 9.505591 -1266.523247 -491.238720
25.700000 2.001423 8.861349 -1303.270377 -534.723933
25.750000 1.992719 9.038321 -1295.941933 -530.737734
25.800000 2.003874 9.199632 -1285.260852 -515.773136
25.850000 1.992706 9.561114 -1265.443971 -500.244983
25.900000 1.994660 9.940524 -1245.195263 -479.245881
25.950000 1.975190 9.998013 -1230.856130 -472.383078
26.000000 2.007733 8.693216 -1310.152288 -539.182977
26.050000 1.983148 8.762868 -1312.651525 -551.122745
26.100000 2.019256 9.962913 -1246.826933 -471.432485
26.150000 1.993918 9.441161 -1264.361354 -498.696886
26.200000 2.005465 8.987938 -1293.970824 -523.872150
26.250000 1.999654 9.656762 -1260.527118 -492.659818
26.300000 1.986850 9.323725 -1283.319131 -520.368777
26.350000 1.998106 9.550000 -1270.727050 -503.454377
26.400000 2.011091 10.214043 -1232.330305 -460.071503
26.450000 2.020511 9.492220 -1272.891448 -497.015111
26.500000 2.018279 8.199998 -1336.300021 -561.281021
26.550000 1.993447 8.560221 -1309.318274 -543.834494
26.600000 1.972636 9.976945 -1225.580940 -468.088739
26.650000 2.013535 8.958779 -1287.132612 -513.935008
26.700000 2.009251 9.392246 -1266.468164 -494.915745
26.750000 2.011618 9.337694 -1273.611490 -501.150344
26.800000 2.018999 8.993635 -1297.283481 -521.987845
26.850000 1.986641 9.050893 -1292.463349 -529.593334
26.900000 2.017741 9.891011 -1252.643954 -477.831390
26.950000 2.019598 9.090061 -1303.861637 -528.335847
27.000000 2.008878 9.515972 -1273.272054 -501.862884
27.050000 2.009188 10.102422 -1236.099155 -464.570948
27.100000 2.014457 9.421898 -1273.736252 -500.184680
27.150000 2.029419 8.375556 -1331.726455 -552.429588
27.200000 1.974145 7.952692 -1352.391355 -594.319785
27.250000 1.994222 9.495399 -1263.921869 -498.140738
27.300000 1.981141 9.004833 -1294.340050 -533.581838
27.350000 1.988099 8.859876 -1304.240397 -540.810491
27.400000 1.999678 9.043359 -1292.728287 -524.852078
27.450000 1.994469 9.078892 -1286.940867 -521.064593
27.500000 2.010460 8.767665 -1306.596508 -534.579876
27.550000 2.014396 8.866582 -1298.301891 -524.773838
27.600000 1.988841 8.640795 -1312.358956 -548.644179
27.650000 2.006521 9.612667 -1259.685264 -489.181155
27.700000 2.010959 8.784615 -1305.214970 -533.006642
27.750000 1.980678 9.667493 -1251.691051 -491.110840
27.800000 1.999800 9.092718 -1288.430738 -520.507370
27.850000 2.015077 9.349229 -1267.842401 -494.052757
27.900000 2.003305 9.071394 -1281.980553 -512.711443
27.950000 1.980974 9.153489 -1280.298503 -519.604444
28.000000 2.020924 9.258827 -1281.254143 -505.219227
28.050000 1.999555 9.294791 -1279.544317 -511.715041
28.100000 2.009345 9.258916 -1280.648122 -509.059739
28.150000 1.985025 10.241744 -1230.550814 -468.301318
28.200000 2.003161 10.186010 -1239.427096 -470.213122
28.250000 1.997223 9.792317 -1253.471044 -486.537279
28.300000 2.011050 9.226721 -1280.477152 -508.233883
28.350000 1.963816 9.926594 -1245.673638 -491.568212
28.400000 2.019820 9.352736 -1288.224967 -512.613943
28.450000 1.972958 10.237573 -1228.871257 -471.255557
28.500000 2.030020 10.551836 -1214.409302 -434.881622
28.550000 2.000693 9.655862 -1264.213550 -495.947367
28.600000 1.990968 9.624250 -1263.760548 -499.228754
28.650000 2.012242 9.905143 -1248.112042 -475.411246
28.700000 1.993879 9.081195 -1293.208259 -527.558796
28.750000 2.003787 8.995440 -1297.317352 -527.863015
28.800000 2.002522 9.382329 -1278.535078 -509.566565
28.850000 2.006345 10.088238 -1235.396007 -464.959625
28.900000 1.998735 8.732129 -1310.388115 -542.873792
28.950000 2.031648 9.435791 -1265.277260 -485.124454
29.000000 1.978591 9.043391 -1285.709858 -525.930926
29.050000 1.981536 9.087406 -1284.548936 -523.639191
29.100000 2.028456 8.759214 -1312.289345 -533.362364
29.150000 1.983936 8.628946 -1311.155952 -549.324507
29.200000 1.987840 8.929461 -1297.635447 -534.304904
29.250000 2.015216 9.352552 -1280.243265 -506.400224
29.300000 2.040683 9.205053 -1285.994336 -502.371966
29.350000 1.985797 8.932955 -1300.523099 -537.976900
29.400000 1.995034 8.642464 -1314.542958 -548.450038
29.450000 1.973432 9.009897 -1285.284929 -527.487173
29.500000 2.011682 8.395871 -1318.622037 -546.136207
29.550000 2.019598 8.304064 -1331.928583 -556.402943
29.600000 2.005761 8.977812 -1298.983311 -528.770921
29.650000 1.988237 9.563293 -1263.456516 -499.973620
29.700000 1.990243 8.844299 -1303.669744 -539.416301
29.750000 1.998526 8.629948 -1311.042149 -543.608081
29.800000 1.983505 8.819741 -1307.875409 -546.209642
29.850000 1.986760 9.237512 -1293.705238 -530.789472
29.900000 1.994021 9.970657 -1256.920293 -491.216403
29.950000 1.997408 9.106971 -1302.909608 -535.905078
30.000000 2.022491 5.358067 -1214.069923 -437.433535
30.050000 1.987409 5.606677 -1198.356597 -435.191563
30.100000 2.002535 5.608186 -1209.621911 -440.648377
30.150000 2.003823 5.467594 -1217.361442 -447.893465
30.200000 2.018356 5.367709 -1220.433293 -445.384634
30.250000 2.008952 5.263798 -1225.843377 -454.405730
30.300000 1.995172 5.794304 -1185.965835 -419.819809
30.350000 1.994142 4.993751 -1229.174764 -463.424212
30.400000 2.002376 4.973588 -1227.076438 -458.164218
30.450000 1.998070 5.981949 -1164.495626 -397.236784
30.500000 2.018244 5.235883 -1217.276818 -442.271224
30.550000 1.968591 5.542117 -1197.486355 -441.547329
30.600000 2.004658 6.169484 -1165.164941 -395.376460
30.650000 2.038446 5.370365 -1211.366558 -428.603155
30.700000 2.004155 4.530500 -1264.862676 -495.267096
30.750000 2.007369 5.111908 -1228.455130 -457.625431
30.800000 1.991300 5.224767 -1223.286291 -458.627079
30.850000 2.010240 5.572480 -1201.336580 -429.404593
30.900000 1.990608 4.472385 -1266.013071 -501.619702
30.950000 1.991473 5.331339 -1204.953547 -440.227930
31.000000 2.001052 5.568058 -1191.840307 -423.436190
31.050000 2.010577 4.893240 -1241.541167 -469.479499
31.100000 1.998878 5.337461 -1224.531434 -456.962395
31.150000 1.982916 5.780474 -1194.848977 -433.409054
31.200000 2.011882 5.205798 -1236.990580 -464.427981
31.250000 1.987807 5.501374 -1218.519172 -455.201283
31.300000 2.018205 5.117435 -1238.656143 -463.665351
31.350000 1.973368 5.076378 -1230.433986 -472.660714
31.400000 2.016286 6.155008 -1165.711308 -391.457671
31.450000 2.008379 5.885228 -1180.439328 -409.221804
31.500000 2.014947 5.981183 -1181.130256 -407.390641
31.550000 2.005400 5.817012 -1191.490384 -421.416616
31.600000 2.004585 5.417364 -1215.416261 -445.655712
31.650000 1.970457 5.314394 -1216.463312 -459.807981
31.700000 2.015854 5.559803 -1199.178980 -425.091152
31.750000 1.986916 5.348950 -1204.856616 -441.881011
31.800000 2.005621 4.417937 -1271.244037 -501.085578
31.850000 2.005343 5.529988 -1201.873874 -431.822139
31.900000 2.002491 5.401234 -1217.367467 -448.410803
31.950000 1.990283 5.991110 -1185.784588 -421.515970
32.000000 2.013741 5.881651 -1191.504357 -418.227921
32.050000 2.022063 5.256186 -1223.332304 -446.859981
32.100000 1.995106 4.515015 -1265.305311 -499.184583
32.150000 1.994533 6.191101 -1152.051793 -386.150941
32.200000 2.021005 5.391278 -1204.325806 -428.259958
32.250000 2.002469 5.014753 -1225.764532 -456.816586
32.300000 2.000158 4.802227 -1242.161691 -474.101106
32.350000 1.998557 4.999537 -1225.614969 -458.168912
32.400000 1.990089 4.820300 -1239.614919 -475.420915
32.450000 1.993334 5.301012 -1215.903261 -450.462861
32.500000 2.005951 4.635278 -1266.016299 -495.731102
32.550000 1.992061 5.706789 -1197.516673 -432.565320
32.600000 1.988729 5.219669 -1231.237298 -467.565360
32.650000 1.988417 5.594164 -1205.108685 -441.556703
32.700000 1.973094 5.517108 -1216.148042 -458.480071
32.750000 1.983741 5.400409 -1220.596731 -458.840132
32.800000 1.994250 5.172483 -1229.969590 -464.177764
32.850000 2.017138 5.336494 -1217.367751 -442.786574
32.900000 2.006334 5.132622 -1223.318958 -452.886835
32.950000 1.985261 4.952621 -1231.249658 -468.909506
33.000000 2.011527 4.807428 -1243.010969 -470.584442
33.050000 2.000874 4.767287 -1248.623128 -480.287357
33.100000 2.003386 5.700622 -1186.389996 -417.089638
33.150000 2.009945 5.499112 -1205.575482 -433.756490
33.200000 2.007257 5.409215 -1212.664233 -441.877569
33.250000 1.979515 6.118940 -1173.554262 -413.420411
33.300000 2.001037 6.113164 -1177.757617 -409.359359
33.350000 2.007612 5.836245 -1193.958835 -423.035673
33.400000 1.998860 5.301338 -1221.507140 -453.945063
33.450000 1.984723 5.202857 -1218.545058 -456.411537
33.500000 1.974183 5.306512 -1213.973897 -455.887514
33.550000 2.010137 5.366586 -1220.178339 -448.285801
33.600000 2.001335 5.699070 -1201.070944 -432.558269
33.650000 2.000076 5.472304 -1216.022008 -447.992964
33.700000 2.026474 5.144957 -1232.602142 -454.436235
33.750000 1.997010 4.999295 -1234.750085 -467.898220
33.800000 2.005361 4.905065 -1247.750398 -477.691690
33.850000 2.002489 5.829278 -1194.079681 -425.123783
33.900000 1.997345 5.555137 -1211.826416 -444.845818
33.950000 2.004797 5.590285 -1207.226929 -437.384893
34.000000 2.013323 5.490230 -1210.943041 -437.827196
34.050000 1.979637 5.754836 -1196.327835 -436.147415
34.100000 1.995296 5.562617 -1205.005232 -438.811545
34.150000 1.997487 4.963678 -1244.529707 -477.494779
34.200000 2.002153 5.974967 -1173.898735 -405.071868
34.250000 1.996383 5.328310 -1207.422854 -440.811751
34.300000 2.005635 4.542520 -1256.932393 -486.768385
34.350000 1.994032 5.226937 -1213.221782 -447.513667
34.400000 1.982815 5.417381 -1203.856942 -442.455988
34.450000 2.021227 4.755939 -1258.289117 -482.137771
34.500000 1.988093 5.752078 -1196.860621 -433.432943
34.550000 1.984573 5.499263 -1209.495029 -447.419065
34.600000 1.995970 6.268683 -1155.585883 -389.133516
34.650000 1.999111 5.340901 -1216.683985 -449.025488
34.700000 2.003510 4.700313 -1250.015843 -480.667913
34.750000 1.986966 4.742101 -1247.844513 -484.849507
34.800000 1.975391 5.697169 -1190.221477 -431.671420
34.850000 2.007379 5.932192 -1174.219323 -403.385697
34.900000 2.010166 4.669941 -1255.686879 -483.782987
34.950000 2.001838 4.721138 -1246.774431 -478.068788
35.000000 1.977621 6.047085 -1161.330405 -401.923821
35.050000 1.991808 5.850958 -1181.432120 -416.577712
35.100000 1.997838 5.585400 -1195.788849 -428.619186
35.150000 1.996035 5.293532 -1209.089818 -442.612471
35.200000 2.009199 4.559336 -1259.512822 -487.980249
35.250000 1.975773 4.813459 -1250.940366 -492.243584
35.300000 2.004061 5.170094 -1235.281946 -465.722581
35.350000 2.024566 5.064363 -1244.417624 -466.984372
35.400000 1.996139 4.771039 -1260.142952 -493.625728
35.450000 1.994745 5.230741 -1229.015150 -463.033152
35.500000 1.997395 5.415306 -1215.505600 -448.506093
35.550000 1.993292 5.031105 -1236.178204 -470.754213
35.600000 2.000175 5.179685 -1222.103964 -454.036719
35.650000 2.007164 5.477755 -1197.766774 -427.015673
35.700000 1.978029 5.086539 -1225.579616 -466.016304
35.750000 1.993164 5.402793 -1211.467049 -446.092166
35.800000 1.999370 4.945627 -1246.644903 -478.886957
35.850000 1.997957 5.154913 -1229.783247 -462.567793
35.900000 1.999555 4.732190 -1247.451223 -479.622051
35.950000 1.998424 4.763855 -1247.054283 -479.659415
36.000000 2.015422 5.124275 -1226.497324 -452.575403
36.050000 1.997846 5.189084 -1224.497733 -457.324929
36.100000 2.000979 5.767093 -1192.104575 -423.728777
36.150000 2.007817 5.164585 -1229.998131 -458.996449
36.200000 1.971284 5.037629 -1236.792951 -479.819942
36.250000 2.037622 4.804344 -1250.043525 -467.596609
36.300000 1.997545 4.146318 -1288.022276 -520.964816
36.350000 1.970707 5.238722 -1220.311148 -463.559618
36.400000 2.006596 5.753507 -1189.043668 -418.510878
36.450000 1.986800 5.103734 -1234.299274 -471.367912
36.500000 1.998514 5.429230 -1217.970181 -450.540961
36.550000 2.010781 5.663573 -1201.290956 -429.150868
36.600000 2.002996 4.278458 -1281.553102 -512.402664
36.650000 2.006713 5.121285 -1231.152087 -460.574171
36.700000 1.995325 5.799812 -1199.063775 -432.858882
36.750000 2.014753 6.183547 -1173.591832 -399.926705
36.800000 2.017076 5.809408 -1190.099001 -415.541912
36.850000 2.012301 5.578947 -1199.910854 -427.187366
36.900000 1.972527 5.556407 -1209.832059 -452.381698
36.950000 2.008748 6.444489 -1154.775041 -383.415931
37.000000 2.012405 5.581510 -1199.666876 -426.903216
37.050000 1.999858 4.699298 -1255.698003 -487.752560
37.100000 1.951419 6.230891 -1168.904541 -419.559474
37.150000 2.031817 5.625899 -1215.283576 -435.065942
37.200000 1.993440 5.648354 -1205.583886 -440.102919
37.250000 1.995668 5.718025 -1201.270725 -434.934199
37.300000 2.000950 5.762179 -1193.375987 -425.011208
37.350000 1.996758 5.449217 -1209.231527 -442.476321
37.400000 2.018469 4.930505 -1245.294717 -470.202702
37.450000 2.000397 5.047656 -1230.676006 -462.523636
37.500000 2.011462 3.587098 -1067.319236 -294.917883
37.550000 1.998627 3.072585 -1102.983333 -335.510494
37.600000 1.980742 2.442372 -1151.179958 -390.575150
37.650000 2.013058 2.898784 -1116.934219 -343.920048
37.700000 1.985161 3.091235 -1101.780067 -339.478295
37.750000 1.989839 3.331120 -1084.868306 -320.770098
37.800000 2.002060 2.950887 -1110.758184 -341.966991
37.850000 2.025419 3.315620 -1076.344839 -298.584111
37.900000 2.003562 2.904154 -1105.551775 -336.183931
37.950000 2.007927 3.365278 -1085.150475 -314.106590
38.000000 1.992183 3.398989 -1093.479082 -328.480898
38.050000 2.007176 3.196491 -1107.151216 -336.395736
38.100000 1.979744 3.027651 -1116.239218 -356.017412
38.150000 1.981534 3.467351 -1077.040397 -316.131150
38.200000 2.013674 2.994844 -1108.930832 -335.679958
38.250000 1.999759 3.000023 -1110.002854 -342.095334
38.300000 2.024131 2.904309 -1121.164389 -343.898239
38.350000 2.005043 2.733614 -1129.428668 -359.492232
38.400000 2.001386 2.349083 -1151.481520 -382.949348
38.450000 1.984793 2.398132 -1146.339661 -384.179256
38.500000 1.997500 2.814006 -1118.643854 -351.603938
38.550000 2.008018 3.172497 -1090.452673 -319.373829
38.600000 1.997408 2.834916 -1112.189962 -345.185392
38.650000 2.004492 2.727800 -1120.400260 -350.675521
38.700000 2.009252 3.313462 -1075.913884 -304.361090
38.750000 1.986843 3.223632 -1083.627987 -320.680173
38.800000 1.991078 3.764156 -1038.651744 -274.077887
38.850000 2.011054 3.102007 -1093.770861 -321.526118
38.900000 1.984431 3.435343 -1073.188021 -311.166589
38.950000 1.999743 3.525812 -1070.144467 -302.243119
39.000000 2.022496 2.905643 -1103.219110 -326.580587
39.050000 1.988343 3.003959 -1090.029444 -326.505905
39.100000 2.017962 3.194023 -1080.835387 -305.937931
39.150000 1.989720 3.073077 -1096.719393 -332.666827
39.200000 2.013236 3.314658 -1082.458801 -309.376309
39.250000 1.971347 3.009406 -1099.753655 -342.756255
39.300000 1.988547 3.596596 -1065.560372 -301.958246
39.350000 2.008613 3.934330 -1041.418207 -270.110805
39.400000 2.020542 3.102961 -1097.969487 -322.081405
39.450000 1.988761 3.169515 -1092.189665 -328.505249
39.500000 2.013854 3.450990 -1080.985108 -307.665347
39.550000 1.988588 3.542189 -1080.190554 -316.572580
39.600000 1.993044 3.815085 -1058.393374 -293.064611
39.650000 2.006791 2.724631 -1127.356544 -356.748741
39.700000 1.973397 2.923744 -1111.446551 -353.662114
39.750000 2.002367 3.694525 -1064.538716 -295.629927
39.800000 1.990961 3.456416 -1081.434795 -316.905753
39.850000 2.002074 3.183643 -1096.988251 -328.191843
39.900000 1.998002 2.932733 -1116.083320 -348.850743
39.950000 1.991981 3.141944 -1107.965147 -343.044570
40.000000 2.014346 2.988885 -1114.592137 -341.083096
40.050000 2.004332 3.252259 -1093.146258 -323.482916
40.100000 1.988594 3.436520 -1076.530828 -312.910840
40.150000 2.018245 2.783515 -1118.810753 -343.804844
40.200000 2.012191 2.990048 -1110.054995 -337.373561
40.250000 1.992276 3.249792 -1098.154253 -333.120408
40.300000 2.001677 3.510779 -1082.358952 -313.714952
40.350000 1.988747 3.014106 -1117.978498 -354.299520
40.400000 1.981616 3.404050 -1084.162846 -323.222345
40.450000 1.984642 3.432700 -1082.917902 -320.815523
40.500000 1.996620 3.357453 -1086.851929 -320.149658
40.550000 2.008297 3.043996 -1102.670804 -331.484911
40.600000 1.981494 2.790320 -1114.442947 -353.549351
40.650000 1.993514 2.831709 -1120.706267 -355.196917
40.700000 1.995358 3.437422 -1082.201170 -315.983635
40.750000 2.001346 3.001494 -1112.715654 -344.198845
40.800000 2.019263 3.146031 -1092.115468 -316.718369
40.850000 1.988435 2.596919 -1126.332308 -362.773326
40.900000 1.992706 3.231117 -1083.238392 -318.039385
40.950000 2.002581 3.108369 -1094.497601 -325.506388
41.000000 1.987168 3.060626 -1105.938640 -342.866032
41.050000 2.009486 3.947710 -1045.762578 -274.119933
41.100000 2.003634 2.633807 -1134.309594 -364.913975
41.150000 2.007174 2.962263 -1104.887253 -334.132527
41.200000 2.002003 2.697241 -1119.727731 -350.958586
41.250000 2.001447 2.891691 -1105.695510 -337.139945
41.300000 1.986773 2.824710 -1108.401964 -345.481136
41.350000 1.996545 3.075966 -1090.311718 -323.638358
41.400000 2.004923 3.413731 -1065.338056 -295.447698
41.450000 2.014222 2.816660 -1107.947409 -334.486041
41.500000 2.003371 3.245761 -1075.112426 -305.818032
41.550000 1.976953 3.233205 -1082.055751 -322.905841
41.600000 1.996191 3.002397 -1104.054634 -337.517155
41.650000 2.006180 3.265572 -1087.346572 -316.973319
41.700000 2.003549 2.904073 -1108.804467 -339.441836
41.750000 1.983226 2.942567 -1100.153145 -338.594226
41.800000 1.996871 2.901920 -1111.251223 -344.452895
41.850000 1.996641 2.986052 -1114.807436 -348.097394
41.900000 1.994273 3.465096 -1082.214853 -316.413914
41.950000 2.011001 3.216986 -1098.117667 -325.893184
42.000000 2.013850 2.573914 -1143.989634 -370.671295
42.050000 1.962054 3.596992 -1067.470858 -314.042050
42.100000 2.022803 3.104814 -1106.247073 -329.490616
42.150000 1.981609 3.939489 -1033.175466 -272.237544
42.200000 1.998884 3.319634 -1078.307558 -310.735931
42.250000 2.009012 2.874550 -1115.251390 -343.790971
42.300000 2.000869 3.001923 -1106.787208 -338.453593
42.350000 1.974487 3.166729 -1087.908397 -329.705358
42.400000 1.994675 3.044925 -1099.870872 -333.915830
42.450000 2.021613 3.371317 -1079.304087 -303.004725
42.500000 2.008624 2.953974 -1103.382617 -332.070947
42.550000 1.976000 2.891361 -1103.871135 -345.087184
42.600000 2.015026 3.009522 -1095.008633 -321.238815
42.650000 2.001624 2.340350 -1143.510653 -374.886952
42.700000 1.999949 2.767097 -1121.249279 -353.268801
42.750000 1.999568 3.690991 -1058.542661 -290.708618
42.800000 1.996324 3.220602 -1092.758917 -326.170582
42.850000 2.005468 3.626434 -1062.969306 -292.869664
42.900000 2.008217 3.182140 -1092.854864 -321.699381
42.950000 2.025686 2.592444 -1135.239824 -357.376422
43.000000 1.979236 3.504198 -1070.841884 -310.815096
43.050000 1.978694 3.394973 -1092.161182 -332.342594
43.100000 2.019188 3.111043 -1102.767769 -327.399608
43.150000 2.002455 2.060211 -1157.940659 -388.997886
43.200000 2.015811 2.053127 -1150.622842 -376.551587
43.250000 1.988622 2.777648 -1097.650024 -334.019169
43.300000 2.000286 2.828040 -1103.048537 -334.938538
43.350000 1.994536 3.346232 -1077.752011 -311.850278
43.400000 1.991331 3.584839 -1066.396607 -301.725315
43.450000 2.002597 2.865619 -1114.071312 -345.074157
43.500000 1.989661 3.286914 -1074.692306 -310.662565
43.550000 2.016911 2.666764 -1115.319448 -340.825522
43.600000 1.985247 3.206464 -1070.318355 -307.983400
43.650000 2.013304 3.040212 -1089.921981 -316.813138
43.700000 2.025624 3.146619 -1083.136041 -305.296400
43.750000 1.986639 3.118086 -1082.852208 -319.982800
43.800000 2.002368 2.912420 -1099.738302 -330.829177
43.850000 1.996537 2.959462 -1097.739721 -331.069659
43.900000 2.011705 3.134571 -1089.221416 -316.726637
43.950000 2.015134 2.709521 -1119.009612 -345.198288
44.000000 2.019264 2.774514 -1114.456884 -339.059633
44.050000 1.981315 3.100857 -1094.197070 -333.371939
44.100000 2.000859 3.232906 -1085.611544 -317.281776
44.150000 2.010104 2.604412 -1122.313971 -350.433997
44.200000 2.003293 2.710014 -1115.836847 -346.572297
44.250000 2.002345 2.987713 -1102.407515 -333.507053
44.300000 2.015912 2.908119 -1112.161530 -338.051369
44.350000 1.999398 3.347575 -1080.924579 -313.155853
44.400000 1.999087 2.842970 -1121.245694 -353.596272
44.450000 1.991541 3.177615 -1092.062087 -327.310486
44.500000 1.997535 2.822199 -1119.013209 -351.959760
44.550000 2.005024 2.908521 -1119.079073 -349.149838
44.600000 1.978886 3.105289 -1108.752115 -348.859912
44.650000 2.002767 4.045361 -1042.126381 -273.063682
44.700000 2.000058 3.409119 -1082.480397 -314.458139
44.750000 1.997409 3.251213 -1088.838236 -321.833090
44.800000 2.004672 3.074262 -1103.333872 -333.539971
44.850000 2.001737 3.111981 -1105.295076 -336.628195
44.900000 2.025408 2.781375 -1121.334941 -343.578214
44.950000 1.999940 2.500419 -1136.062545 -368.085519
45.000000 2.008415 1.189088 -990.314537 -219.083135
45.050000 2.003004 1.235127 -991.062350 -221.908661
45.100000 1.993460 1.433355 -985.115256 -219.626792
45.150000 1.996395 1.916884 -951.293393 -184.677902
45.200000 2.003924 1.709892 -969.430228 -199.923283
45.250000 1.994012 1.711214 -968.522604 -202.822169
45.300000 1.991673 1.893912 -948.965517 -184.163032
45.350000 1.984760 2.021074 -928.677550 -166.529766
45.400000 2.018480 1.237629 -989.587304 -214.491115
45.450000 1.992254 1.441238 -968.641496 -203.616034
45.500000 2.001336 1.628727 -960.202540 -191.689585
45.550000 2.009842 1.578406 -974.681301 -202.901979
45.600000 1.990066 2.086233 -937.264174 -173.078912
45.650000 2.000271 1.910665 -956.421855 -188.317652
45.700000 2.009365 2.051780 -934.192619 -162.596643
45.750000 1.997663 1.691632 -953.303165 -186.200439
45.800000 2.007088 1.536420 -959.684662 -188.962716
45.850000 2.011561 1.623371 -950.726436 -178.287190
45.900000 1.979123 1.489210 -968.838326 -208.854902
45.950000 2.015152 1.408223 -983.536066 -209.717588
46.000000 1.990236 1.395927 -981.380729 -217.130248
46.050000 1.987440 1.631892 -963.266747 -200.089614
46.100000 1.997254 1.899772 -948.251133 -181.305673
46.150000 1.986801 1.840904 -960.937099 -198.005478
46.200000 2.021225 2.069489 -938.534634 -162.384313
46.250000 2.013192 1.043317 -1012.727368 -239.661452
46.300000 1.973899 1.503072 -970.649944 -212.672860
46.350000 1.995494 1.622519 -966.469840 -200.199985
46.400000 1.996796 1.686158 -963.115495 -196.345986
46.450000 2.013157 1.766426 -955.166940 -182.114575
46.500000 1.999232 1.477533 -977.006795 -209.301685
46.550000 1.992140 1.738243 -957.574707 -192.592815
46.600000 2.002369 1.981348 -940.051773 -171.142239
46.650000 2.011939 1.830903 -951.594326 -179.009741
46.700000 1.976799 2.146441 -931.326048 -172.235320
46.750000 2.030912 1.833867 -961.903232 -182.033075
46.800000 1.994989 1.662254 -965.570111 -199.494324
46.850000 2.009972 1.191237 -999.133733 -227.304592
46.900000 1.981801 1.337160 -986.484205 -225.472794
46.950000 2.003705 1.959967 -936.430054 -167.007282
47.000000 2.012852 1.083375 -1009.450031 -236.514963
47.050000 1.987748 1.617816 -964.371380 -201.076233
47.100000 2.026491 1.733041 -964.219072 -186.046503
47.150000 1.979590 1.852992 -962.038166 -201.875759
47.200000 2.021517 2.060395 -949.656610 -173.393946
47.250000 2.016126 1.698320 -974.040971 -199.848483
47.300000 1.980736 1.885741 -955.343468 -194.740977
47.350000 2.013679 1.834917 -955.493263 -182.240697
47.400000 1.983636 1.491683 -979.069641 -217.353377
47.450000 1.986275 1.731962 -967.212932 -204.483384
47.500000 2.000672 2.032073 -947.014328 -178.756165
47.550000 2.008356 1.945253 -955.629777 -184.420925
47.600000 1.972561 2.155082 -934.698742 -177.235171
47.650000 2.002761 1.670272 -978.907927 -209.847516
47.700000 1.975041 2.102238 -944.312367 -185.896647
47.750000 2.020596 2.028837 -953.548088 -177.639338
47.800000 2.005971 1.448690 -999.885616 -229.592748
47.850000 1.991965 2.136485 -941.523892 -176.609179
47.900000 1.999962 1.886793 -960.654165 -192.668872
47.950000 1.990106 1.867718 -960.376973 -196.176453
48.000000 1.999043 1.714397 -969.085478 -201.452970
48.050000 1.990793 1.782245 -953.556697 -189.092098
48.100000 2.016066 1.244087 -991.921787 -217.752331
48.150000 1.988652 1.737822 -952.408998 -188.766818
48.200000 1.995647 1.853779 -947.824616 -181.496322
48.250000 2.017726 1.465615 -978.814518 -204.007754
48.300000 1.998011 1.515617 -974.875228 -207.639046
48.350000 1.998169 1.766202 -959.770383 -192.473334
48.400000 2.001917 1.905460 -954.556344 -185.820188
48.450000 2.000844 1.703988 -973.482489 -205.158395
48.500000 2.015640 1.580301 -981.022028 -207.016456
48.550000 1.997601 1.309676 -1005.555709 -238.476871
48.600000 2.009630 1.904330 -963.669555 -191.971472
48.650000 2.011889 1.969640 -963.309455 -190.744159
48.700000 2.006764 1.850748 -963.315883 -192.718404
48.750000 2.011423 1.199075 -1007.349535 -234.963187
48.800000 1.986579 1.179393 -1008.928229 -246.082024
48.850000 2.000895 1.834717 -967.850900 -199.507338
48.900000 1.996853 2.346700 -934.055985 -167.264378
48.950000 2.020466 2.291457 -936.683098 -160.824079
49.000000 1.990484 2.038636 -952.037819 -187.691819
49.050000 2.010273 1.581900 -981.238215 -209.293492
49.100000 1.997843 1.527130 -976.402219 -209.230570
49.150000 1.975223 1.747484 -958.496378 -200.010803
49.200000 1.987422 2.165492 -929.171876 -166.001692
49.250000 1.999246 1.793575 -965.210532 -197.500093
49.300000 2.014865 1.591810 -976.853977 -203.145656
49.350000 1.990189 1.424917 -985.946847 -221.714430
49.400000 2.020475 1.430703 -988.084899 -212.222548
49.450000 1.987839 1.626742 -971.640572 -208.310556
49.500000 1.999920 1.950874 -949.689690 -181.720288
49.550000 1.999264 2.014139 -948.840531 -181.122992
49.600000 2.004326 2.170400 -930.184211 -160.522985
49.650000 2.010386 1.559520 -967.368381 -195.380150
49.700000 2.000872 1.407895 -971.332372 -202.997692
49.750000 2.004792 1.376287 -982.753259 -212.912961
49.800000 2.013338 2.179811 -928.508743 -155.386763
49.850000 2.002582 1.666681 -976.374406 -207.382944
49.900000 1.990753 1.838213 -951.708348 -187.259314
49.950000 2.016770 1.557670 -971.087272 -196.647525
50.000000 1.999544 1.576849 -967.126648 -199.301904
50.050000 1.998400 1.609496 -958.073456 -190.687930
50.100000 1.998425 1.559017 -960.817623 -193.422352
50.150000 1.993047 1.718515 -957.027216 -191.697302
50.200000 1.988124 1.851485 -953.877849 -190.438185
50.250000 1.982692 2.208232 -930.496573 -169.142941
50.300000 2.013881 2.147591 -939.001784 -165.671467
50.350000 1.997477 1.690357 -970.330339 -203.299337
50.400000 2.012675 1.735372 -956.961365 -184.094314
50.450000 2.003409 1.299057 -988.194219 -218.884992
50.500000 1.992311 1.466133 -973.869388 -208.821999
50.550000 1.992318 1.508953 -977.718934 -212.668794
50.600000 2.005877 1.822993 -957.465927 -187.209340
50.650000 1.995099 1.800040 -961.659092 -195.541225
50.700000 1.987021 1.833997 -963.859602 -200.843667
50.750000 1.989624 2.481454 -910.866766 -146.850995
50.800000 2.024672 1.769860 -961.502948 -184.028839
50.850000 1.994126 1.330277 -992.756978 -227.012743
50.900000 1.990901 1.528303 -979.652153 -215.145984
50.950000 1.986355 1.391159 -991.974464 -229.213996
51.000000 1.995310 1.686555 -966.790113 -200.591017
51.050000 2.006657 1.745844 -956.605704 -186.049477
51.100000 1.997761 1.510926 -973.733219 -206.593117
51.150000 2.006581 1.628673 -962.855376 -192.328152
51.200000 1.995912 1.645227 -959.002305 -192.571999
51.250000 1.998156 1.646498 -962.735899 -195.444175
51.300000 2.001700 1.751783 -961.384628 -192.731770
51.350000 2.010913 1.694708 -972.208220 -200.017687
51.400000 1.979637 2.044709 -946.423109 -186.242351
51.450000 2.014825 1.791476 -969.781573 -196.088749
51.500000 1.995057 1.799756 -958.173361 -192.071636
51.550000 1.987523 1.705873 -964.241173 -201.032182
51.600000 2.018706 1.706663 -967.608070 -192.424975
51.650000 1.991771 2.026381 -943.482771 -178.642825
51.700000 1.998680 1.924897 -955.872301 -188.379353
51.750000 2.001496 2.078184 -938.108851 -169.534302
51.800000 2.024898 1.473206 -978.867509 -201.306833
51.850000 1.988726 1.306325 -989.129803 -225.459011
51.900000 1.990172 1.989340 -937.374608 -173.148657
51.950000 2.011903 1.444251 -978.037595 -205.466855
52.000000 1.983794 1.106024 -999.056112 -237.279112
52.050000 2.009377 1.542215 -966.950861 -195.349938
52.100000 1.988604 1.980064 -935.000267 -171.376240
52.150000 1.999487 1.653316 -965.138363 -197.335427
52.200000 2.013690 1.466020 -975.367455 -202.110453
52.250000 1.992330 1.312862 -982.819430 -217.764613
52.300000 2.004545 1.636730 -964.383669 -194.638358
52.350000 1.994661 1.786944 -962.864950 -196.915246
52.400000 2.011430 1.564888 -990.848665 -218.459537
52.450000 1.991556 1.885388 -968.796023 -204.038438
52.500000 2.000831 1.078860 -816.319505 -48.000359
52.550000 2.003269 0.976142 -833.150172 -63.894715
52.600000 1.988829 1.401635 -794.917731 -31.207294
52.650000 1.998860 1.436509 -787.730144 -20.168065
52.700000 2.000703 1.299773 -796.147758 -27.877994
52.750000 2.003287 0.765306 -842.032742 -72.770482
52.800000 2.001200 0.983542 -810.074569 -41.613922
52.850000 2.001759 0.558230 -844.438395 -75.762893
52.900000 1.997223 0.656085 -832.339579 -65.405898
52.950000 1.983118 0.714255 -834.222598 -72.705412
53.000000 2.006323 0.979507 -815.519812 -45.091823
53.050000 2.006181 0.979692 -814.072344 -43.698765
53.100000 2.003485 0.776346 -829.027410 -59.689047
53.150000 2.000156 1.024868 -796.827874 -28.767850
53.200000 2.003869 0.836503 -811.756796 -42.271002
53.250000 2.000015 0.812913 -810.763561 -42.757720
53.300000 1.998521 0.734984 -816.794650 -49.362673
53.350000 1.973534 0.971266 -801.419124 -43.581993
53.400000 2.011369 1.195737 -791.929213 -19.563471
53.450000 1.997133 1.004938 -816.938058 -50.038833
53.500000 2.004961 1.237981 -798.701291 -28.796355
53.550000 2.006439 0.995341 -820.728255 -50.255850
53.600000 1.991418 1.152086 -797.386553 -32.681983
53.650000 2.010919 1.206816 -792.155690 -19.962663
53.700000 2.010016 0.951926 -817.684868 -45.838805
53.750000 2.009544 1.177811 -790.528678 -18.863870
53.800000 1.985919 1.262238 -779.975802 -17.382801
53.850000 2.004515 1.117038 -802.439280 -32.705332
53.900000 1.995586 1.032195 -809.349645 -43.044721
53.950000 1.999473 0.793283 -824.455169 -56.657513
54.000000 1.994362 0.988854 -797.713073 -31.878196
54.050000 1.997789 0.668731 -827.208550 -60.057742
54.100000 1.992390 0.728681 -824.879167 -59.801486
54.150000 1.997388 0.961833 -812.641659 -45.644841
54.200000 2.008802 1.065550 -804.520664 -33.140691
54.250000 1.990444 1.097901 -802.526920 -38.196274
54.300000 1.994870 1.250622 -792.663558 -26.633656
54.350000 2.001569 0.909392 -823.384083 -54.781668
54.400000 2.005858 0.791197 -835.772685 -65.523242
54.450000 1.994263 1.217841 -799.488631 -33.691748
54.500000 1.993904 1.009692 -823.933557 -58.274575
54.550000 1.986344 1.246048 -801.612896 -38.856751
54.600000 2.020316 1.099567 -815.572453 -39.771181
54.650000 1.987899 1.145530 -798.340777 -34.987725
54.700000 1.996898 1.041373 -801.795030 -34.986019
54.750000 1.998978 0.762766 -827.800771 -60.193118
54.800000 1.999968 1.144708 -786.272484 -18.284771
54.850000 1.997505 0.929269 -807.224937 -40.183208
54.900000 2.007011 1.116746 -792.744783 -22.052603
54.950000 2.000533 1.140677 -791.147380 -22.942583
55.000000 1.997678 1.095842 -788.493183 -21.384901
55.050000 2.000966 0.685508 -820.887621 -52.516751
55.100000 2.001050 0.802067 -802.452251 -34.049074
55.150000 2.006007 0.774230 -802.643872 -32.337317
55.200000 1.996908 1.031496 -779.039508 -12.226676
55.250000 1.998492 1.100825 -780.745871 -13.324914
55.300000 2.007172 0.992795 -799.480952 -28.726883
55.350000 1.999181 0.904306 -811.587354 -43.901909
55.400000 2.013603 1.099024 -791.253766 -18.030056
55.450000 1.994050 0.899534 -808.692358 -42.977084
55.500000 1.995376 1.056501 -803.031961 -36.807394
55.550000 2.016296 1.204841 -798.492824 -24.235330
55.600000 1.999925 0.875709 -840.590718 -72.619351
55.650000 1.994449 1.250087 -812.693375 -46.824810
55.700000 2.013407 1.366277 -806.106378 -32.958169
55.750000 1.996251 1.080338 -826.491639 -59.931211
55.800000 1.992307 1.149823 -811.063047 -46.017017
55.850000 2.003870 0.940380 -823.428302 -53.942318
55.900000 1.995515 1.001248 -812.981104 -46.703402
55.950000 2.001549 1.182319 -793.310829 -24.716009
56.000000 2.015717 1.044784 -805.311777 -31.276612
56.050000 1.979184 1.068380 -801.931191 -41.924510
56.100000 2.011589 1.504825 -766.063120 6.386946
56.150000 1.989352 1.253500 -792.552875 -28.641878
56.200000 1.994589 1.395639 -776.107839 -10.185738
56.250000 2.006872 1.293079 -781.702145 -11.063125
56.300000 1.997015 1.084162 -795.954905 -29.101146
56.350000 1.996984 1.131779 -788.764134 -21.922296
56.400000 2.007915 0.924123 -807.810514 -36.771316
56.450000 2.007290 0.866355 -808.318163 -37.518783
56.500000 1.990407 0.668708 -827.013453 -62.697042
56.550000 2.003508 0.788488 -824.406517 -55.059610
56.600000 2.001036 1.087274 -805.311653 -36.913860
56.650000 2.002711 0.962944 -824.789986 -55.749010
56.700000 1.994472 1.074220 -816.579788 -50.702611
56.750000 2.001994 1.264947 -801.691297 -32.925750
56.800000 1.999229 1.209671 -803.603425 -35.899300
56.850000 2.023436 0.916242 -824.106331 -47.106839
56.900000 1.992475 0.884597 -817.541109 -52.430626
56.950000 2.003322 0.893932 -819.961010 -50.685416
57.000000 1.997217 1.231773 -792.253761 -25.322345
57.050000 2.005406 1.188986 -805.339835 -35.263958
57.100000 2.009463 1.188019 -814.683290 -43.049497
57.150000 2.001457 1.212439 -818.288504 -49.729048
57.200000 2.000745 1.469888 -797.132678 -28.846664
57.250000 2.005553 1.484262 -796.159122 -26.026923
57.300000 1.987517 1.227181 -811.659259 -48.452863
57.350000 1.993382 0.917082 -829.989993 -64.531253
57.400000 1.988606 1.154407 -799.600086 -35.975494
57.450000 2.019821 1.115282 -800.796428 -25.185064
57.500000 1.993537 0.948369 -814.918555 -49.400371
57.550000 1.998249 1.148732 -798.437999 -31.110359
57.600000 2.007970 1.425230 -768.160042 2.900412
57.650000 2.002183 0.871139 -819.654710 -50.816394
57.700000 1.996043 0.902044 -813.844070 -47.363388
57.750000 1.996094 0.981992 -810.703294 -44.203152
57.800000 2.006228 1.209317 -790.766612 -20.374930
57.850000 2.002262 0.827295 -822.043444 -53.174870
57.900000 2.002159 0.768013 -817.386603 -48.557628
57.950000 2.004050 0.632416 -822.172857 -52.617583
58.000000 1.996228 0.523035 -829.316640 -62.764958
58.050000 1.997262 0.984429 -788.995745 -22.047203
58.100000 2.016195 1.007413 -794.332703 -20.113742
58.150000 1.998663 0.883200 -810.322235 -42.835641
58.200000 1.984757 1.091292 -795.053780 -32.907120
58.250000 2.018962 1.228024 -784.325875 -9.044501
58.300000 1.998331 1.233718 -780.253893 -12.894748
58.350000 1.998109 1.054297 -801.963728 -34.689886
58.400000 1.989818 1.408859 -771.011400 -6.921128
58.450000 1.998353 1.126406 -800.848723 -33.481247
58.500000 2.002416 1.106477 -802.232468 -33.304547
58.550000 2.003265 1.215149 -782.413100 -13.159263
58.600000 2.005331 0.728913 -814.263593 -44.216483
58.650000 2.007810 0.547815 -827.749823 -56.750597
58.700000 1.980861 0.985644 -790.906593 -30.255921
58.750000 1.996672 1.182715 -783.606476 -16.884315
58.800000 2.000950 1.306913 -775.769421 -7.404446
58.850000 2.002031 1.143247 -793.467261 -24.687502
58.900000 2.007788 1.143600 -796.823521 -25.832749
58.950000 1.989478 1.194554 -793.864447 -29.904910
59.000000 1.990253 1.240321 -792.247555 -27.990492
59.050000 2.023088 0.958815 -821.752485 -44.886629
59.100000 1.988805 1.201564 -792.499572 -28.798280
59.150000 2.000666 1.318954 -784.471919 -16.216192
59.200000 1.993076 1.273176 -790.919545 -25.578515
59.250000 2.003037 0.781892 -841.716961 -72.550889
59.300000 2.002518 0.879081 -830.346303 -61.379567
59.350000 1.993601 0.842748 -835.712630 -70.169775
59.400000 2.008495 1.049135 -813.463555 -42.201497
59.450000 2.002373 0.773769 -840.319858 -71.408572
59.500000 2.008686 0.919618 -824.927847 -53.592515
59.550000 2.002600 0.885347 -826.041454 -57.042866
59.600000 1.995032 0.794497 -827.761479 -61.669116
59.650000 2.007070 0.795949 -821.310292 -50.595423
59.700000 2.002709 0.626126 -836.924149 -67.883981
59.750000 1.988047 0.775357 -829.456312 -66.046412
59.800000 1.992536 1.206640 -791.957010 -26.823089
59.850000 2.013030 0.750650 -835.641878 -62.638172
59.900000 1.995878 0.863279 -823.109422 -56.692088
59.950000 1.995094 1.146582 -802.493948 -36.377944
60.000000 1.990538 0.848694 -612.869273 151.497169
60.050000 1.997150 0.811957 -627.323742 139.582027
60.100000 1.997649 0.907924 -617.611266 149.485859
60.150000 1.997059 0.829141 -623.251042 143.619632
60.200000 2.008318 0.618076 -644.703246 126.490969
60.250000 1.999845 0.616708 -640.112996 127.827674
60.300000 2.000884 0.339513 -671.210261 97.129117
60.350000 1.991040 0.618277 -636.017084 128.542313
60.400000 1.993156 0.629055 -639.877304 125.494753
60.450000 2.012754 0.544278 -648.906672 123.991026
60.500000 1.991625 0.564547 -643.121740 121.662300
60.550000 2.003364 0.641708 -636.890002 132.401635
60.600000 2.001682 0.623411 -642.056740 126.589044
60.650000 1.994869 0.842504 -618.011074 148.018474
60.700000 2.009431 0.591921 -649.533135 122.088415
60.750000 1.988058 0.604223 -646.807369 116.607061
60.800000 2.003902 0.778514 -626.880494 142.617949
60.850000 2.006655 0.585385 -647.996121 122.559217
60.900000 2.002755 0.443429 -667.721470 101.336276
60.950000 1.988815 0.783269 -636.849834 126.854996
61.000000 1.999728 0.813385 -640.843205 127.052452
61.050000 1.996088 0.836637 -638.839804 127.658080
61.100000 2.013336 0.763403 -644.573429 128.547522
61.150000 1.997190 0.490568 -674.528224 92.392696
61.200000 1.995412 0.679439 -651.679033 114.559346
61.250000 2.007700 0.851136 -630.348572 140.608058
61.300000 2.000672 0.739593 -636.327564 131.930414
61.350000 2.001998 0.725258 -630.103159 138.664238
61.400000 2.006312 0.657958 -635.969812 134.453845
61.450000 2.008298 0.709470 -626.688259 144.498133
61.500000 2.004302 0.732896 -619.356628 150.295223
61.550000 2.020526 0.500800 -645.945434 129.936710
61.600000 1.987068 0.463149 -656.394317 106.639762
61.650000 1.997168 0.584418 -654.231930 112.680445
61.700000 1.992520 0.867285 -625.979086 139.148431
61.750000 2.004261 0.856211 -626.995274 142.640795
61.800000 2.001095 0.685321 -639.757737 128.662652
61.850000 1.994138 0.518174 -649.983523 115.765620
61.900000 1.999278 0.380011 -663.071481 104.651336
61.950000 2.000025 0.628924 -633.615642 134.393951
62.000000 2.002457 0.671908 -637.315450 131.627914
62.050000 2.013332 0.680867 -642.029399 131.090117
62.100000 1.998223 0.703791 -642.114023 125.203468
62.150000 2.002580 0.774291 -633.535818 135.454823
62.200000 2.002230 0.578009 -655.713207 113.142981
62.250000 1.997068 0.575252 -650.624639 116.249548
62.300000 1.979456 0.601211 -650.304323 109.806769
62.350000 2.007290 0.839684 -626.764585 144.034699
62.400000 2.022351 0.786396 -633.600378 142.982215
62.450000 1.983432 0.902101 -622.862632 138.775430
62.500000 1.997481 1.000251 -620.573771 146.458889
62.550000 2.001631 0.942695 -628.647972 139.978466
62.600000 2.003223 0.758020 -649.668355 119.569206
62.650000 1.998567 0.643452 -659.897939 107.551904
62.700000 1.996372 0.514526 -671.656847 94.949999
62.750000 1.984595 0.793299 -632.397925 129.686715
62.800000 2.001177 0.375708 -681.659514 86.792488
62.850000 1.996430 0.365292 -680.054950 86.573992
62.900000 1.994386 0.511085 -664.749382 101.094849
62.950000 1.997938 0.576040 -656.195877 111.012177
63.000000 1.999740 0.470591 -665.896308 102.003773
63.050000 1.990889 0.573391 -657.951344 106.550095
63.100000 2.000285 0.771210 -643.851366 124.258240
63.150000 2.005572 0.634887 -662.887664 107.252124
63.200000 2.000609 0.646644 -657.090006 111.143887
63.250000 2.004195 0.496665 -672.547187 97.063800
63.300000 1.996216 0.567273 -662.418139 104.128688
63.350000 1.999419 0.590114 -661.836697 105.940129
63.400000 1.989129 0.683591 -650.879128 112.946238
63.450000 2.017011 0.662197 -646.032458 128.499668
63.500000 2.002941 0.313134 -681.003230 88.126073
63.550000 1.994939 0.454473 -663.660776 102.395609
63.600000 2.002731 0.488133 -665.953328 103.095354
63.650000 2.004755 0.806576 -628.393841 141.432135
63.700000 1.999119 0.563011 -663.791858 103.869780
63.750000 1.995621 0.649385 -657.676955 108.641395
63.800000 2.003011 0.681804 -661.892305 107.263777
63.850000 1.999753 0.819375 -648.013431 119.891680
63.900000 2.002467 0.723982 -660.648712 108.298589
63.950000 2.005336 0.629750 -674.482112 95.566727
64.000000 1.994581 0.740131 -662.961666 102.957257
64.050000 2.007289 0.658605 -673.273847 97.525099
64.100000 2.006918 0.593385 -680.681897 89.974507
64.150000 1.987036 0.775881 -657.086246 105.935581
64.200000 2.008240 0.739164 -658.157388 113.006708
64.250000 1.983018 0.832954 -635.648704 125.830293
64.300000 1.998630 0.509852 -669.065003 98.408815
64.350000 1.994057 0.565918 -652.159986 113.558028
64.400000 2.009848 0.422874 -667.184469 104.597203
64.450000 2.001369 0.613066 -639.740184 128.785438
64.500000 2.005255 0.496910 -655.546264 114.471785
64.550000 2.001488 0.508327 -655.789491 112.782032
64.600000 1.983598 0.584020 -651.357192 110.344420
64.650000 2.018573 0.645108 -649.394829 125.737171
64.700000 1.973570 1.043568 -599.709513 158.141489
64.750000 2.008736 0.816331 -632.826616 138.528038
64.800000 1.992329 0.642706 -651.385877 113.668337
64.850000 2.005213 0.742816 -636.086799 133.915043
64.900000 2.001894 0.586240 -650.547639 118.179546
64.950000 1.983718 0.705273 -637.973491 123.774223
65.000000 2.010624 0.800388 -629.145088 142.934396
65.050000 2.004185 0.544313 -662.235961 107.371086
65.100000 1.997386 0.689336 -645.881740 121.114350
65.150000 2.000240 0.697055 -646.530196 121.562059
65.200000 1.987897 0.839983 -630.024633 133.327674
65.250000 2.007656 0.868425 -635.085801 135.854260
65.300000 2.002921 0.672597 -660.747708 108.374128
65.350000 1.988901 0.802816 -640.634953 123.102903
65.400000 2.005473 0.616917 -660.979394 109.122304
65.450000 1.996752 0.652911 -657.148335 109.604577
65.500000 1.999414 0.744489 -649.735989 118.039173
65.550000 2.012817 0.737893 -648.235868 124.685673
65.600000 2.004076 0.389536 -689.236668 80.328673
65.650000 1.983699 0.924996 -623.474629 138.265604
65.700000 2.005688 0.685489 -660.419296 109.764787
65.750000 2.008499 0.908547 -629.233775 142.029944
65.800000 1.999968 0.653713 -656.506576 111.481192
65.850000 1.997038 0.568952 -663.836170 103.026495
65.900000 1.996592 0.694636 -646.392230 120.299229
65.950000 2.002637 0.682812 -644.308381 124.704265
66.000000 2.007860 0.556400 -656.618083 114.400104
66.050000 1.993590 0.696086 -634.249241 131.289449
66.100000 2.018652 0.504426 -655.064629 120.097926
66.150000 1.994072 0.418936 -664.184253 101.539230
66.200000 2.005240 0.669996 -638.970608 131.041655
66.250000 1.996160 0.635172 -649.669206 116.856380
66.300000 2.007100 0.627586 -655.783724 114.942686
66.350000 1.998400 0.518329 -674.068933 93.316608
66.400000 2.001398 0.733655 -649.287989 119.248990
66.450000 1.997260 0.724924 -653.837302 113.110468
66.500000 1.990205 0.968419 -631.993766 132.244866
66.550000 2.016778 0.728099 -666.780245 107.662407
66.600000 1.988337 0.851297 -642.960148 120.561179
66.650000 1.990525 0.609646 -667.164362 97.197190
66.700000 2.003981 0.677196 -656.202183 113.326709
66.750000 1.996332 0.769132 -644.469062 122.122341
66.800000 1.986369 0.729042 -650.416271 112.349407
66.850000 1.998795 0.658909 -666.976862 100.560309
66.900000 1.999995 0.910827 -635.555525 132.442646
66.950000 2.000965 0.553033 -673.934314 94.436335
67.000000 2.006436 0.673369 -656.216587 114.254745
67.050000 1.998241 0.542353 -679.499520 87.825119
67.100000 1.986284 1.139205 -612.886479 149.846678
67.150000 2.014904 0.922609 -639.988473 133.734624
67.200000 1.995468 0.731530 -653.459007 112.800820
67.250000 2.009702 0.668465 -656.476561 115.249005
67.300000 1.994611 0.623759 -662.800043 103.130608
67.350000 1.994592 0.839183 -640.882419 125.041012
67.400000 2.003677 0.801514 -649.092947 120.319006
67.450000 2.006679 0.760916 -650.547490 120.017134
