# t Temp Pres Epot Etot
0.000000 2.017914 29.004956 -1397.509258 -622.630447
0.050000 2.036407 28.920872 -1402.118761 -620.138655
0.100000 1.979907 28.702514 -1413.197003 -652.912552
0.150000 1.991446 28.260811 -1434.024475 -669.309066
0.200000 1.997048 29.233414 -1388.501488 -621.634996
0.250000 1.984880 29.544408 -1376.194113 -614.000237
0.300000 2.013162 29.174475 -1391.150288 -618.096098
0.350000 2.036201 28.340402 -1431.715715 -649.814664
0.400000 1.970926 28.593489 -1417.301522 -660.465894
0.450000 1.998660 29.221621 -1387.336192 -619.850649
0.500000 1.986240 29.365181 -1382.191985 -619.475649
0.550000 2.000639 29.005336 -1399.385826 -631.140337
0.600000 2.011395 27.058545 -1487.740769 -715.364928
0.650000 2.004091 28.521983 -1420.858121 -651.287034
0.700000 2.013454 28.747469 -1411.864574 -638.698080
0.750000 1.949657 28.974577 -1397.785767 -649.117335
0.800000 1.983887 28.718048 -1414.406613 -652.594092
0.850000 2.035265 28.593224 -1421.837422 -640.295567
0.900000 2.007174 28.244183 -1432.416305 -661.661604
0.950000 2.006992 29.437107 -1379.819615 -609.134712
1.000000 2.020243 28.164203 -1438.113611 -662.340203
1.050000 1.982019 29.661437 -1371.486555 -610.391335
1.100000 1.995677 28.090771 -1442.723834 -676.383891
1.150000 2.008403 28.866791 -1406.976132 -635.749190
1.200000 2.007549 29.833189 -1362.641334 -591.742379
1.250000 2.026453 28.593900 -1418.136787 -639.978805
1.300000 1.970472 29.277699 -1383.528428 -626.867208
1.350000 1.999266 29.325511 -1383.737184 -616.019214
1.400000 2.002591 29.786595 -1364.820328 -595.825446
1.450000 2.012770 27.778004 -1454.081154 -681.177307
1.500000 2.000248 27.564808 -1458.907599 -690.812510
1.550000 2.041835 28.017617 -1444.835919 -660.771137
1.600000 1.977494 29.117960 -1390.818085 -631.460287
1.650000 1.998853 30.098085 -1353.931959 -586.372508
1.700000 2.013181 29.798494 -1361.728043 -588.666731
1.750000 2.030164 29.857645 -1363.968562 -584.385763
1.800000 2.024546 28.182195 -1434.025515 -656.599762
1.850000 2.026860 27.077584 -1485.154422 -706.840026
1.900000 1.952271 29.074302 -1392.939131 -643.267138
1.950000 2.035503 28.461070 -1425.615579 -643.982351
2.000000 1.998231 29.609975 -1371.607013 -604.286310
2.050000 2.014388 29.123308 -1395.259923 -621.735091
2.100000 1.977643 28.553466 -1417.722069 -658.307215
2.150000 2.003694 28.972209 -1402.555506 -633.137151
2.200000 1.961377 28.720112 -1409.629132 -656.460216
2.250000 2.001877 28.674343 -1418.555443 -649.834664
2.300000 1.992381 28.827526 -1408.865659 -643.791225
2.350000 2.002761 29.690794 -1370.173349 -601.113163
2.400000 1.975629 28.740628 -1412.290484 -653.649087
2.450000 2.024842 28.913138 -1402.520496 -624.981151
2.500000 2.017542 28.507686 -1423.258340 -648.522140
2.550000 1.992968 30.265229 -1342.324554 -577.024967
2.600000 1.993467 29.862241 -1362.591905 -597.100514
2.650000 2.045688 28.248098 -1435.598907 -650.054876
2.700000 1.984029 26.918256 -1495.058923 -733.191614
2.750000 1.982908 29.339770 -1383.009075 -621.572267
2.800000 1.992155 28.929485 -1402.132969 -637.145309
2.850000 2.012591 28.586041 -1416.837926 -644.002804
2.900000 2.020379 28.119618 -1437.905774 -662.080279
2.950000 1.981588 28.138168 -1434.698459 -673.768776
3.000000 1.983650 29.809008 -1361.383010 -599.661499
3.050000 1.985974 29.817077 -1359.472762 -596.858688
3.100000 2.008341 27.797596 -1452.646621 -681.443828
3.150000 2.003998 29.128208 -1392.878502 -623.343168
3.200000 2.024934 28.218826 -1430.548106 -652.973586
3.250000 2.000287 28.846555 -1403.943888 -635.833687
3.300000 2.005385 28.796650 -1404.223124 -634.155291
3.350000 1.984402 27.662435 -1456.448876 -694.438573
3.400000 1.986685 30.905878 -1310.675492 -547.788625
3.450000 1.969172 30.035989 -1349.784908 -593.622854
3.500000 2.034960 27.791912 -1456.502638 -675.077938
3.550000 2.001630 27.153106 -1482.066252 -713.440426
3.600000 1.980566 29.073602 -1391.673012 -631.135834
3.650000 1.964391 29.971545 -1348.577947 -594.251904
3.700000 2.021567 28.549830 -1420.247476 -643.965751
3.750000 1.984643 28.679324 -1412.305258 -650.202405
3.800000 1.977460 29.123389 -1392.648248 -633.303578
3.850000 1.959328 29.641829 -1364.737068 -612.355045
3.900000 2.001479 28.676446 -1412.505450 -643.937561
3.950000 1.978695 27.609888 -1459.946792 -700.127955
4.000000 2.007846 28.527417 -1420.266877 -649.254016
4.050000 1.980418 28.378221 -1427.687767 -667.207136
4.100000 1.981030 30.152308 -1345.621127 -584.905541
4.150000 2.038690 29.746282 -1365.086842 -582.229998
4.200000 1.992306 28.034931 -1441.116703 -676.071381
4.250000 1.988890 29.179282 -1390.518550 -626.784795
4.300000 2.017434 29.503414 -1376.547551 -601.852750
4.350000 1.996445 27.085628 -1483.909354 -717.274362
4.400000 1.979646 28.494494 -1419.807494 -659.623331
4.450000 1.998535 30.592305 -1326.029681 -558.592388
4.500000 2.033410 28.794650 -1407.789001 -626.959530
4.550000 1.979880 29.463449 -1375.759013 -615.484924
4.600000 2.022388 29.349091 -1383.463645 -606.866649
4.650000 2.038461 27.474291 -1469.976732 -687.207566
4.700000 1.978402 28.365599 -1429.193462 -669.487229
4.750000 1.976915 29.810492 -1363.185842 -604.050466
4.800000 1.991049 29.512471 -1376.073554 -611.510604
4.850000 2.028766 28.092337 -1439.797519 -660.751201
4.900000 1.988489 28.094577 -1436.659322 -673.079428
4.950000 2.015662 28.845881 -1404.500595 -630.486403
5.000000 1.954939 29.003343 -1397.942951 -647.246566
5.050000 2.010481 29.534450 -1380.651238 -608.626663
5.100000 1.994916 29.029470 -1397.069578 -631.021990
5.150000 1.986800 28.700942 -1410.379648 -647.448366
5.200000 2.007407 27.787204 -1452.443421 -681.598951
5.250000 1.951900 28.129092 -1434.625853 -685.096220
5.300000 1.985200 29.186847 -1391.481767 -629.165057
5.350000 2.019397 29.495436 -1377.250026 -601.801645
5.400000 2.015235 28.998189 -1399.636650 -625.786419
5.450000 1.995831 28.898219 -1404.461428 -638.062204
5.500000 2.027086 28.871266 -1406.586352 -628.185332
5.550000 2.007738 28.536544 -1421.487025 -650.515809
5.600000 2.030127 28.773420 -1408.294947 -628.726345
5.650000 1.970946 28.529646 -1417.407689 -660.564314
5.700000 2.026915 28.987211 -1401.213589 -622.878137
5.750000 2.001904 28.342932 -1426.383964 -657.652833
5.800000 2.017382 28.494736 -1420.644731 -645.969961
5.850000 1.998401 29.299059 -1385.047954 -617.662092
5.900000 1.990271 29.173919 -1388.471767 -624.207693
5.950000 1.997222 29.572295 -1373.432702 -606.499327
6.000000 1.973158 28.842942 -1404.342640 -646.650055
6.050000 2.058795 27.454207 -1473.113231 -682.535845
6.100000 1.964426 28.804098 -1405.526375 -651.186763
6.150000 1.994814 28.688482 -1412.232420 -646.223979
6.200000 2.015765 29.028369 -1398.407658 -624.353989
6.250000 1.962187 30.395129 -1331.172056 -577.692153
6.300000 2.020725 30.251820 -1342.466402 -566.507988
6.350000 2.009698 29.056373 -1395.911531 -624.187644
6.400000 2.025557 29.892973 -1358.876971 -581.063115
6.450000 1.974347 28.348734 -1428.359231 -670.209824
6.500000 2.010046 27.676174 -1461.961069 -690.103447
6.550000 1.998678 28.838737 -1405.690016 -638.197507
6.600000 1.993472 29.203383 -1390.656577 -625.163438
6.650000 2.017471 29.317205 -1385.502426 -610.793710
6.700000 2.018952 29.075160 -1397.771886 -622.494224
6.750000 2.016565 28.806671 -1407.811433 -633.450311
6.800000 1.985978 28.414463 -1427.149310 -664.533662
6.850000 1.981038 30.174137 -1345.037817 -584.319396
6.900000 2.012311 29.950742 -1360.126790 -587.399435
6.950000 1.983760 28.189508 -1435.602129 -673.838131
7.000000 1.991115 28.370803 -1426.604326 -662.016049
7.050000 1.964910 27.883506 -1447.799493 -693.274069
7.100000 2.019526 30.444941 -1337.547192 -562.049169
7.150000 2.014962 29.835044 -1364.073385 -590.327897
7.200000 1.956371 29.345352 -1380.148998 -628.902402
7.250000 1.979949 30.012732 -1354.062880 -593.762565
7.300000 2.019414 29.479565 -1377.309036 -601.853939
7.350000 1.983198 28.404790 -1427.095827 -665.547971
7.400000 2.044188 27.423022 -1472.367482 -687.399213
7.450000 1.983443 27.131930 -1483.076200 -721.434055
7.500000 2.020191 17.432825 -1531.683816 -755.930641
7.550000 1.988694 16.670701 -1570.937557 -807.278947
7.600000 1.991253 17.554427 -1532.307910 -767.666846
7.650000 2.007898 17.981227 -1507.875032 -736.842118
7.700000 1.989303 17.542780 -1527.696104 -763.803632
7.750000 2.010516 17.125134 -1548.628789 -776.590517
7.800000 1.994115 16.814494 -1565.115716 -799.375703
7.850000 1.967926 18.558129 -1479.563902 -723.880368
7.900000 1.971524 19.575781 -1433.566254 -676.501134
7.950000 2.035691 18.310082 -1494.656378 -712.950925
8.000000 2.015236 17.867796 -1514.001546 -740.150918
8.050000 1.985528 17.069031 -1549.205352 -786.762592
8.100000 2.016119 17.302290 -1541.394295 -767.204671
8.150000 1.987856 16.381397 -1580.342243 -817.005627
8.200000 2.000246 18.390884 -1482.981453 -714.887012
8.250000 1.979366 17.562181 -1526.474146 -766.397622
8.300000 2.000793 17.490260 -1534.046745 -765.742345
8.350000 2.031394 16.743528 -1567.697558 -787.642383
8.400000 1.954439 17.511266 -1525.848049 -775.343524
8.450000 1.990970 17.022970 -1550.331509 -785.799112
8.500000 1.992834 17.976685 -1509.093833 -743.845458
8.550000 2.009236 18.877773 -1465.289393 -693.742721
8.600000 1.990685 18.291651 -1492.249507 -727.826614
8.650000 2.008471 17.081527 -1550.780503 -779.527794
8.700000 2.000969 18.490144 -1485.663426 -717.291329
8.750000 2.003199 17.419939 -1532.847174 -763.618737
8.800000 2.009159 16.866497 -1559.535089 -788.018035
8.850000 1.968296 16.910510 -1554.908295 -799.082460
8.900000 2.019578 17.409447 -1536.352800 -760.834723
8.950000 2.020037 17.093680 -1549.263667 -773.569439
9.000000 1.991083 17.858095 -1512.725206 -748.149298
9.050000 1.982770 19.267886 -1444.283984 -682.900351
9.100000 2.012006 18.543919 -1484.342083 -711.731892
9.150000 2.014866 18.568947 -1482.959733 -709.251225
9.200000 2.009840 17.756859 -1517.635003 -745.856625
9.250000 2.011947 16.020872 -1601.150347 -828.562789
9.300000 2.017132 16.555461 -1576.584380 -802.005834
9.350000 1.999807 18.068778 -1499.724677 -731.798794
9.400000 2.013884 17.414257 -1536.392877 -763.061375
9.450000 1.987470 17.736537 -1517.209661 -754.021238
9.500000 1.992510 17.227037 -1543.229500 -778.105709
9.550000 2.000709 17.739760 -1517.591623 -749.319186
9.600000 1.990723 17.901079 -1509.639868 -745.202304
9.650000 1.980136 17.811529 -1512.630503 -752.258390
9.700000 1.990914 17.032083 -1551.226197 -786.715354
9.750000 2.009087 17.657790 -1526.701843 -755.212482
9.800000 1.990933 17.883271 -1509.706492 -745.188132
9.850000 1.966651 18.447630 -1483.522416 -728.328388
9.900000 2.016693 17.055589 -1547.940889 -773.530765
9.950000 1.980961 16.452021 -1577.281470 -816.592528
10.000000 2.021020 17.310378 -1535.808634 -759.736839
10.050000 2.002328 16.849915 -1560.224375 -791.330441
10.100000 2.000017 17.144025 -1547.575826 -779.569421
10.150000 1.988727 17.804931 -1513.298337 -749.627081
10.200000 1.980950 17.757439 -1515.651730 -754.967037
10.250000 2.025283 19.564841 -1433.452399 -655.743891
10.300000 2.021318 18.689489 -1470.164081 -693.977910
10.350000 2.054442 17.246012 -1541.060510 -752.154758
10.400000 1.978534 17.182503 -1542.294691 -782.537711
10.450000 1.990226 17.941000 -1511.027481 -746.780689
10.500000 2.006800 18.318837 -1493.851930 -723.240707
10.550000 2.007848 18.205662 -1497.050959 -726.037358
10.600000 1.962252 17.938975 -1504.834765 -751.329852
10.650000 2.009179 17.888956 -1511.095923 -739.571083
10.700000 1.997772 16.838261 -1558.202911 -791.058608
10.750000 1.994801 16.562043 -1574.066381 -808.062873
10.800000 1.979624 17.627327 -1522.618848 -762.443245
10.850000 2.036696 18.027131 -1502.352621 -720.261296
10.900000 1.981497 17.828650 -1510.128752 -749.234000
10.950000 2.029519 18.395011 -1490.539593 -711.204288
11.000000 2.011898 16.933663 -1555.459018 -782.890254
11.050000 1.987941 17.828465 -1512.577891 -749.208414
11.100000 2.024991 17.005455 -1556.999756 -779.403091
11.150000 1.974708 17.269559 -1540.001438 -781.713620
11.200000 1.992892 17.535761 -1526.246675 -760.976152
11.250000 2.008680 17.921749 -1510.329492 -738.996449
11.300000 2.024628 16.528541 -1575.196417 -797.739303
11.350000 1.973132 17.001181 -1549.475408 -791.792622
11.400000 1.971767 18.082788 -1503.199417 -746.040905
11.450000 2.002066 19.008486 -1460.878976 -692.085446
11.500000 2.001144 18.661469 -1474.117949 -705.678680
11.550000 1.981889 19.149557 -1449.615498 -688.570299
11.600000 2.020552 17.568614 -1526.723804 -750.832020
11.650000 1.996175 17.418071 -1533.740309 -767.209190
11.700000 1.989648 16.435588 -1578.888499 -814.863525
11.750000 2.003084 16.990586 -1556.913448 -787.729020
11.800000 2.036649 18.332279 -1494.516830 -712.443462
11.850000 1.986524 17.123400 -1547.337211 -784.512097
11.900000 1.994540 17.850109 -1512.039843 -746.136672
11.950000 2.006948 17.921819 -1507.267252 -736.599316
12.000000 1.984067 17.591982 -1522.426993 -760.545433
12.050000 2.022812 18.342231 -1486.349704 -709.589803
12.100000 1.981894 17.314351 -1535.767200 -774.720049
12.150000 2.015260 18.206147 -1493.714322 -719.854502
12.200000 2.008402 16.360606 -1585.162519 -813.936194
12.250000 1.966524 17.073192 -1551.849664 -796.704439
12.300000 2.023534 18.998252 -1461.005212 -683.968000
12.350000 1.996293 17.861612 -1510.941978 -744.365397
12.400000 2.002176 17.434603 -1535.264043 -766.428449
12.450000 2.007713 16.916911 -1554.765741 -783.803963
12.500000 1.989129 17.587122 -1525.476274 -761.650731
12.550000 2.008825 16.781386 -1564.044447 -792.655595
12.600000 2.014544 17.501423 -1530.516686 -756.931616
12.650000 1.989639 17.472798 -1533.255325 -769.233844
12.700000 2.011514 17.597221 -1525.901587 -753.480307
12.750000 2.008382 17.176984 -1546.593273 -775.374553
12.800000 1.976251 16.603260 -1568.553504 -809.672989
12.850000 1.996404 17.013297 -1550.275061 -783.655754
12.900000 2.002896 17.936476 -1507.276888 -738.164844
12.950000 1.979495 18.532097 -1477.365755 -717.239798
13.000000 2.005442 18.696471 -1471.993127 -701.903250
13.050000 2.019813 18.825772 -1469.779810 -694.171469
13.100000 2.042084 17.597457 -1525.315745 -741.155364
13.150000 1.970493 17.339083 -1533.398774 -776.729300
13.200000 1.975129 17.775581 -1519.151802 -760.702190
13.250000 2.006119 18.179042 -1497.968145 -727.618271
13.300000 2.004803 18.039954 -1502.981713 -733.137239
13.350000 1.982051 16.891179 -1560.663731 -799.556336
13.400000 1.986195 17.665848 -1519.348129 -756.649094
13.450000 1.999935 18.107802 -1498.974300 -730.999120
13.500000 2.000553 17.959156 -1504.537609 -736.325204
13.550000 1.983019 18.359966 -1489.413209 -727.934005
13.600000 2.011770 17.711108 -1520.313678 -747.793869
13.650000 2.003825 18.512997 -1484.162197 -714.693395
13.700000 1.989909 18.001080 -1501.765177 -737.639977
13.750000 2.011262 17.878223 -1512.385505 -740.060988
13.800000 1.996667 18.269716 -1490.985276 -724.265042
13.850000 2.004902 17.459130 -1529.503186 -759.620736
13.900000 2.007227 16.790180 -1563.551810 -792.776758
13.950000 2.018509 18.332186 -1490.825116 -715.717625
14.000000 1.978518 18.050717 -1502.651861 -742.900991
14.050000 2.026307 18.269036 -1494.011832 -715.909908
14.100000 2.028384 17.642174 -1519.984348 -741.084764
14.150000 2.000174 16.400885 -1580.114223 -812.047303
14.200000 2.008996 17.544008 -1525.113547 -753.658983
14.250000 1.976265 16.961601 -1555.743262 -796.857506
14.300000 2.008891 17.525844 -1530.608121 -759.193966
14.350000 2.012055 17.947154 -1509.064847 -736.435650
14.400000 1.998378 18.225920 -1493.254681 -725.877610
14.450000 1.983693 18.459057 -1479.827647 -718.089445
14.500000 2.000316 18.403112 -1489.301011 -721.179479
14.550000 1.998697 17.798408 -1515.775300 -748.275540
14.600000 2.001235 16.708432 -1566.585801 -798.111577
14.650000 1.974935 17.144970 -1547.319388 -788.944179
14.700000 2.026815 18.243535 -1489.106015 -710.809195
14.750000 1.998275 17.470024 -1527.027124 -759.689399
14.800000 2.008407 17.223718 -1541.202167 -769.973817
14.850000 1.972900 17.946524 -1502.606327 -745.012741
14.900000 2.026814 17.509539 -1532.340992 -754.044263
14.950000 2.004206 17.309673 -1541.421885 -771.806836
15.000000 1.998555 12.193049 -1434.579018 -667.133891
15.050000 1.991631 12.033600 -1447.999437 -683.213281
15.100000 2.008863 13.890258 -1353.820184 -582.416609
15.150000 2.000341 13.164002 -1396.764852 -628.633724
15.200000 2.007783 13.656214 -1371.036324 -600.047661
15.250000 1.997351 12.207777 -1442.344683 -675.361973
15.300000 2.008272 12.963865 -1404.869508 -633.693085
15.350000 2.014186 11.514313 -1473.892098 -700.444568
15.400000 1.989384 12.528814 -1415.302764 -651.379128
15.450000 2.018020 12.224641 -1436.571058 -661.651425
15.500000 1.967722 13.997553 -1342.683263 -587.077878
15.550000 2.020475 12.595385 -1421.409273 -645.547010
15.600000 1.962447 13.696487 -1364.790801 -611.211267
15.650000 2.019716 13.578514 -1375.043853 -599.472757
15.700000 1.988803 13.580187 -1371.606669 -607.906363
15.750000 2.014038 13.200536 -1395.901166 -622.510697
15.800000 2.040090 12.524348 -1430.007233 -646.612492
15.850000 2.004253 13.169026 -1391.722235 -622.088893
15.900000 1.977134 13.445230 -1379.784336 -620.564993
15.950000 2.032103 12.966294 -1406.275753 -625.948220
16.000000 1.999298 13.215515 -1392.086930 -624.356356
16.050000 2.034770 12.423508 -1435.918741 -654.567060
16.100000 1.992807 13.347777 -1383.454906 -618.217108
16.150000 1.991326 13.404337 -1383.989379 -619.320063
16.200000 1.989529 13.813209 -1361.628460 -597.649471
16.250000 2.022045 12.782370 -1412.577066 -636.111940
16.300000 2.014940 12.956693 -1403.923101 -630.186204
16.350000 1.991253 14.181139 -1345.281302 -580.640167
16.400000 1.998956 14.207673 -1343.116853 -575.517645
16.450000 1.994865 13.423106 -1377.290454 -611.262185
16.500000 1.990143 13.973688 -1349.796965 -585.581968
16.550000 2.004675 13.275508 -1392.760775 -622.965384
16.600000 1.997816 13.802726 -1364.919570 -597.758333
16.650000 2.004485 14.393681 -1332.891064 -563.168739
16.700000 2.013527 14.335061 -1332.645060 -559.450866
16.750000 2.006872 14.606254 -1322.163200 -551.524241
16.800000 2.015333 15.129731 -1295.067740 -521.179807
16.850000 2.011355 14.023117 -1350.478181 -578.117957
16.900000 1.990308 15.148444 -1295.327718 -531.049420
16.950000 1.990574 14.555689 -1327.917716 -563.537303
17.000000 1.978942 14.807136 -1321.507915 -561.594340
17.050000 2.000834 15.667017 -1268.128564 -499.808416
17.100000 2.004955 14.868016 -1307.191720 -537.288977
17.150000 1.976704 15.686380 -1267.058818 -508.004305
17.200000 1.981638 15.821462 -1264.299439 -503.350429
17.250000 2.040040 15.906082 -1261.120204 -477.744829
17.300000 1.980928 15.920725 -1258.252711 -497.576332
17.350000 1.980365 15.121777 -1298.032875 -537.572649
17.400000 2.006347 15.885100 -1254.130723 -483.693362
17.450000 1.997422 15.186216 -1295.656637 -528.646510
17.500000 2.023847 14.903853 -1311.131265 -533.973981
17.550000 2.016675 15.699386 -1272.497781 -498.094746
17.600000 2.028968 14.643634 -1326.263633 -547.139966
17.650000 2.013183 14.287497 -1345.979829 -572.917472
17.700000 1.990145 16.075937 -1241.279623 -477.063771
17.750000 1.998588 15.904300 -1253.640026 -486.182214
17.800000 1.983615 14.805556 -1309.692893 -547.984571
17.850000 1.990973 15.197516 -1294.654549 -530.120919
17.900000 1.987282 15.795315 -1260.940866 -497.824534
17.950000 2.000502 15.344543 -1282.983656 -514.790935
18.000000 2.000311 15.687568 -1261.544550 -493.425187
18.050000 1.997939 15.449405 -1273.065991 -505.857603
18.100000 2.037131 14.587280 -1323.693657 -541.435197
18.150000 1.984323 14.530297 -1329.397255 -567.417180
18.200000 1.993250 14.355070 -1337.490097 -572.082032
18.250000 2.020708 15.078064 -1295.291307 -519.339301
18.300000 1.978897 15.762163 -1257.556401 -497.659873
18.350000 2.017293 14.808106 -1312.886546 -538.246099
18.400000 1.982865 14.777148 -1309.444373 -548.024157
18.450000 1.997961 14.407955 -1329.018274 -561.801137
18.500000 1.991936 14.991209 -1301.818929 -536.915409
18.550000 1.982023 15.225126 -1286.451258 -525.354515
18.600000 1.969682 14.872723 -1309.283089 -552.925095
18.650000 2.045412 16.032408 -1250.275890 -464.837628
18.700000 2.002247 14.501477 -1324.965804 -556.103014
18.750000 2.000880 14.813177 -1309.497452 -541.159399
18.800000 2.008314 15.005122 -1302.083481 -530.891065
18.850000 1.987659 15.923363 -1251.959097 -488.698189
18.900000 2.007150 14.275282 -1337.107755 -566.362166
18.950000 2.005165 15.013183 -1305.200124 -535.216676
19.000000 2.017562 15.205491 -1296.595947 -521.852260
19.050000 1.997373 14.903178 -1307.463589 -540.472240
19.100000 1.999320 15.397829 -1279.741866 -512.002965
19.150000 2.017318 15.598810 -1269.375710 -494.725632
19.200000 1.992348 15.523181 -1271.173542 -506.111875
19.250000 2.016006 15.018452 -1302.426177 -528.279891
19.300000 2.003261 14.703985 -1322.729826 -553.477418
19.350000 2.017303 15.050780 -1307.890104 -533.245724
19.400000 2.004956 14.696406 -1316.263481 -546.360262
19.450000 2.004205 14.804421 -1312.754952 -543.140097
19.500000 1.990911 14.303465 -1343.468961 -578.959145
19.550000 2.023609 15.763409 -1267.122457 -490.056643
19.600000 2.013105 14.727288 -1322.075911 -549.043611
19.650000 1.989444 15.173723 -1294.915508 -530.968964
19.700000 1.978375 15.494094 -1280.683538 -520.987541
19.750000 2.031250 15.051085 -1302.916919 -522.916903
19.800000 1.996350 13.024123 -1410.605564 -644.007334
19.850000 1.979923 14.450637 -1339.277516 -578.987160
19.900000 1.982366 14.975262 -1310.427131 -549.198530
19.950000 2.012636 15.216337 -1292.962796 -520.110473
20.000000 2.002169 15.220606 -1288.062118 -519.229240
20.050000 2.010547 14.980357 -1306.980817 -534.930756
20.100000 1.969210 15.484808 -1277.101563 -520.925082
20.150000 2.011345 15.774238 -1264.386109 -492.029609
20.200000 2.031858 15.835526 -1264.007946 -483.774414
20.250000 2.016671 14.490400 -1333.739650 -559.337818
20.300000 2.000226 14.695838 -1314.467159 -546.380402
20.350000 1.945332 16.245482 -1229.235265 -482.227916
20.400000 1.994949 14.820257 -1312.187459 -546.127168
20.450000 2.005392 14.722802 -1316.753884 -546.683235
20.500000 1.995449 15.389487 -1279.778911 -513.526546
20.550000 1.984464 14.705562 -1316.603953 -554.569694
20.600000 1.984481 15.256977 -1292.252373 -530.211526
20.650000 1.979704 15.992878 -1259.135504 -498.929235
20.700000 2.033891 15.718080 -1272.803760 -491.789670
20.750000 2.020194 15.310709 -1291.133329 -515.378988
20.800000 1.992214 15.287590 -1288.789129 -523.778935
20.850000 1.997329 15.391679 -1280.338529 -513.364308
20.900000 2.027587 16.070484 -1247.725857 -469.132504
20.950000 2.004514 13.885698 -1359.392945 -589.659477
21.000000 2.008478 14.368299 -1334.226935 -562.971479
21.050000 2.020967 14.115055 -1347.662009 -571.610681
21.100000 1.974904 14.649185 -1321.641036 -563.277801
21.150000 2.005389 14.018858 -1350.042986 -579.973691
21.200000 1.991407 13.873289 -1357.795819 -593.095504
21.250000 1.997493 14.973638 -1307.605576 -540.568263
21.300000 2.012291 15.240391 -1296.516944 -523.797215
21.350000 1.983642 15.716145 -1265.467860 -503.749168
21.400000 2.012298 14.784270 -1314.044370 -541.321819
21.450000 2.003946 15.353302 -1282.716830 -513.201719
21.500000 2.016562 15.817220 -1263.033792 -488.674076
21.550000 1.998765 14.209486 -1345.110836 -577.584935
21.600000 2.000269 15.438186 -1275.207134 -507.103709
21.650000 1.986367 14.518645 -1327.925794 -565.160736
21.700000 1.994819 16.060052 -1246.158459 -480.148081
21.750000 2.024147 15.313469 -1286.112039 -508.839674
21.800000 2.002213 14.948607 -1304.470732 -535.621092
21.850000 2.022238 15.570559 -1275.052161 -498.512832
21.900000 1.984568 16.157830 -1247.524754 -485.450673
21.950000 1.992110 14.743066 -1325.941671 -560.971438
22.000000 1.995807 15.548410 -1282.439110 -516.049134
22.050000 2.003259 15.486999 -1286.075822 -516.824179
22.100000 2.029578 14.951996 -1314.079525 -534.721727
22.150000 1.955040 15.812479 -1253.384978 -502.649556
22.200000 1.997635 15.766006 -1268.602353 -501.510634
22.250000 2.035169 15.147591 -1301.037699 -519.532813
22.300000 2.015412 14.541313 -1323.966287 -550.048207
22.350000 1.982020 14.510095 -1323.646209 -562.550432
22.400000 2.024069 14.572578 -1325.873969 -548.631663
22.450000 1.991975 15.267126 -1288.706941 -523.788466
22.500000 1.997423 8.823081 -1301.049072 -534.038554
22.550000 1.989588 8.889263 -1294.712311 -530.710426
22.600000 2.025788 8.506238 -1314.910177 -537.007513
22.650000 1.974250 9.159474 -1279.852071 -521.740141
22.700000 2.034797 9.218423 -1277.546701 -496.184592
22.750000 2.006327 9.089970 -1279.432867 -509.003351
22.800000 2.005926 8.250373 -1339.176788 -568.901079
22.850000 2.002086 9.101211 -1291.181962 -522.380798
22.900000 1.998955 9.256315 -1284.888637 -517.289867
22.950000 1.995578 9.015565 -1301.862365 -535.560226
23.000000 2.003264 9.366960 -1288.128796 -518.875547
23.050000 2.004731 9.852507 -1265.239060 -495.422423
23.100000 2.012016 9.513115 -1275.719058 -503.104972
23.150000 1.991948 9.199034 -1293.715749 -528.807777
23.200000 2.009461 9.468438 -1273.818810 -502.185656
23.250000 1.988008 9.981332 -1241.741071 -478.346067
23.300000 2.010050 9.478610 -1273.098634 -501.239614
23.350000 2.013054 9.251244 -1280.672244 -507.659331
23.400000 2.017524 9.022719 -1296.244373 -521.515045
23.450000 1.999248 8.413598 -1323.539324 -555.828146
23.500000 1.979488 9.515159 -1261.384680 -501.261416
23.550000 1.994310 9.503094 -1270.658717 -504.843527
23.600000 1.997640 8.864939 -1301.729586 -534.635928
23.650000 2.011883 9.501182 -1260.987003 -488.423815
23.700000 1.983062 9.861036 -1236.922287 -475.426620
23.750000 1.956849 10.043404 -1231.053882 -479.623869
23.800000 1.988036 9.246564 -1278.294412 -514.888471
23.850000 1.997096 8.817312 -1302.217512 -535.332837
23.900000 2.008109 9.592081 -1254.971322 -483.857322
23.950000 2.003976 7.970246 -1351.366200 -581.839505
24.000000 1.986320 8.875234 -1304.505391 -541.758602
24.050000 2.028974 8.795235 -1310.231182 -531.105065
24.100000 2.008404 8.440187 -1326.954318 -555.727167
24.150000 1.995296 9.442838 -1272.319792 -506.125969
24.200000 1.994346 8.594196 -1326.069809 -560.241060
24.250000 2.018841 8.785951 -1308.927506 -533.692734
24.300000 1.978788 8.766429 -1306.513442 -546.658692
24.350000 2.031401 8.364857 -1331.424341 -551.366223
24.400000 1.995105 9.027124 -1287.904787 -521.784576
24.450000 1.966821 8.994295 -1287.017688 -531.758288
24.500000 1.990638 9.117236 -1285.559817 -521.155003
24.550000 2.010046 9.453660 -1270.258082 -498.400534
24.600000 1.978438 10.479740 -1216.890050 -457.169892
24.650000 2.004792 9.478151 -1273.902251 -504.062144
24.700000 1.985773 9.817125 -1244.383682 -481.846870
24.750000 2.016516 8.693117 -1308.293634 -533.951492
24.800000 1.990135 9.029909 -1290.746802 -526.534772
24.850000 1.996641 9.191304 -1281.968205 -515.258056
24.900000 1.973581 9.035780 -1284.780120 -526.925201
24.950000 2.013426 8.538484 -1315.643287 -542.487817
25.000000 2.004348 7.856699 -1354.080218 -584.410496
25.050000 1.982579 8.723893 -1308.774708 -547.464405
25.100000 1.999345 9.259131 -1277.786065 -510.037609
25.150000 1.999726 8.605456 -1316.098932 -548.204072
25.200000 2.010548 9.477607 -1264.566404 -492.515946
25.250000 2.011379 8.884203 -1295.622866 -523.253152
25.300000 1.996088 8.662062 -1309.701277 -543.203319
25.350000 1.985836 9.353070 -1269.648555 -507.087396
25.400000 1.988418 9.727539 -1248.391519 -484.839035
25.450000 2.010476 9.245409 -1279.604422 -507.581602
25.500000 1.976308 10.430452 -1213.485967 -454.583690
25.550000 2.039903 9.342410 -1279.596060 -496.273393
25.600000 2.006097 8.515892 -1322.693109 -552.351727
25.650000 1.980115 9.088575 -1288.866831 -528.502691
25.700000 2.005835 9.365380 -1275.283756 -505.043037
25.750000 2.005457 9.263736 -1279.774126 -509.678810
25.800000 1.994301 9.353952 -1266.635421 -500.824016
25.850000 1.970611 8.904523 -1299.357311 -542.642734
25.900000 1.996796 9.107014 -1296.378492 -529.608661
25.950000 1.989649 9.959372 -1250.403379 -486.378131
26.000000 1.997468 9.980871 -1249.691090 -482.663302
26.050000 2.006905 9.976252 -1246.427753 -475.776405
26.100000 1.994329 9.131527 -1285.674741 -519.852426
26.150000 2.006865 8.897790 -1300.331575 -529.695448
26.200000 1.991786 9.594429 -1258.102025 -493.256385
26.250000 1.988138 9.092911 -1281.667191 -518.222284
26.300000 1.989190 9.396633 -1261.019685 -497.170627
26.350000 1.996978 9.124849 -1284.183144 -517.343425
26.400000 2.008125 9.791578 -1243.516560 -472.396559
26.450000 1.987657 10.303260 -1223.409427 -460.149116
26.500000 2.004166 9.881271 -1249.300894 -479.701023
26.550000 1.992849 9.700721 -1258.834695 -493.580592
26.600000 2.003381 9.434253 -1270.001128 -500.702657
26.650000 2.002063 9.920125 -1233.725595 -464.933478
26.700000 2.026754 8.354933 -1325.947074 -547.673672
26.750000 1.987408 8.464587 -1318.911012 -555.746177
26.800000 1.998148 9.761218 -1247.339935 -480.051212
26.850000 2.008161 8.614587 -1315.039616 -543.905900
26.900000 1.977065 9.352759 -1279.192772 -519.999726
26.950000 2.026702 9.165007 -1289.109940 -510.856283
27.000000 2.017581 9.144477 -1289.529595 -514.778575
27.050000 1.984397 9.132853 -1287.673631 -525.665271
27.100000 1.983673 9.092883 -1289.562758 -527.832342
27.150000 2.007012 8.336557 -1326.930440 -556.237902
27.200000 2.001489 8.247972 -1331.985852 -563.414053
27.250000 1.989859 8.229461 -1341.828492 -577.722604
27.300000 1.984039 9.638280 -1265.595977 -503.725161
27.350000 2.010156 9.316325 -1283.062398 -511.162394
27.400000 1.994234 9.248568 -1284.237383 -518.451567
27.450000 2.009367 10.287347 -1218.544453 -446.947466
27.500000 2.009458 8.210344 -1339.232925 -567.600969
27.550000 2.000760 8.307827 -1331.973727 -563.681770
27.600000 2.017776 8.339004 -1331.606185 -556.780120
27.650000 1.983354 9.385290 -1272.693971 -511.085858
27.700000 2.023288 10.206638 -1228.572793 -451.630252
27.750000 1.994976 8.900034 -1298.275668 -532.204723
27.800000 1.981826 9.636495 -1262.218195 -501.196832
27.850000 2.018276 9.676363 -1261.294874 -486.276909
27.900000 1.999021 9.334169 -1272.827607 -505.203679
27.950000 2.013201 9.385029 -1260.649067 -487.579821
28.000000 2.013491 9.978149 -1228.420838 -455.240145
28.050000 2.015840 9.302198 -1274.172799 -500.090206
28.100000 1.972536 8.621406 -1313.880248 -556.426302
28.150000 2.033084 9.275934 -1275.957272 -495.253125
28.200000 2.016792 8.856053 -1300.952183 -526.503897
28.250000 1.992754 8.966229 -1295.660856 -530.443438
28.300000 1.998609 8.840150 -1300.387840 -532.921977
28.350000 1.977954 9.350395 -1271.669394 -512.135204
28.400000 1.990324 9.964613 -1230.933800 -466.649429
28.450000 2.006098 9.376680 -1268.583665 -498.242179
28.500000 1.997952 9.394933 -1262.737687 -495.524129
28.550000 2.017410 9.674978 -1243.561746 -468.876440
28.600000 2.016999 8.053770 -1337.476036 -562.948570
28.650000 2.005734 8.573568 -1311.535067 -541.333284
28.700000 1.970476 9.318243 -1271.033676 -514.370751
28.750000 2.031679 9.111926 -1289.157520 -508.992834
28.800000 1.991980 8.922824 -1299.316419 -534.396082
28.850000 2.008275 8.989976 -1296.674696 -525.496927
28.900000 2.006785 10.006082 -1226.424921 -455.819548
28.950000 2.019076 7.779512 -1359.900789 -584.575549
29.000000 1.999073 8.788326 -1306.360616 -538.716437
29.050000 2.006058 8.700637 -1313.023483 -542.697146
29.100000 2.003477 8.789002 -1309.797292 -540.462109
29.150000 1.967057 9.876386 -1250.837943 -495.487877
29.200000 2.026479 10.141592 -1231.926910 -453.759111
29.250000 2.005522 8.035089 -1344.285947 -574.165313
29.300000 1.977816 8.841371 -1302.930043 -543.448864
29.350000 2.003825 8.638969 -1325.110324 -555.641668
29.400000 1.992405 8.704147 -1315.488171 -550.404692
29.450000 1.974119 9.657315 -1256.009002 -497.947473
29.500000 2.000933 10.287593 -1218.627421 -450.269224
29.550000 2.001087 9.053000 -1284.215298 -515.797807
29.600000 2.010597 8.475175 -1318.022596 -545.953187
29.650000 2.025236 9.265520 -1271.712822 -494.022248
29.700000 1.981113 9.189327 -1283.041238 -522.293720
29.750000 1.988040 9.360087 -1274.817454 -511.409987
29.800000 1.984980 9.297726 -1279.868613 -517.636307
29.850000 1.983427 9.434806 -1269.964337 -508.328411
29.900000 2.005483 8.949905 -1293.959593 -523.854205
29.950000 1.999250 7.547327 -1376.407298 -608.695227
30.000000 1.993293 5.489495 -1211.118114 -445.693792
30.050000 1.995002 5.477262 -1220.127578 -454.046794
30.100000 1.997906 5.974062 -1190.266960 -423.071177
30.150000 2.018630 4.941249 -1253.081330 -477.927232
30.200000 2.002805 5.530312 -1205.495236 -436.418234
30.250000 1.993200 5.694906 -1191.774019 -426.385389
30.300000 2.014604 5.861893 -1174.676657 -401.068842
30.350000 1.987504 5.360354 -1202.273847 -439.072409
30.400000 2.000382 5.953534 -1166.490370 -398.343647
30.450000 2.006751 5.283830 -1219.353549 -448.761080
30.500000 1.990871 5.625803 -1202.061363 -437.566879
30.550000 2.001272 5.738181 -1206.448473 -437.959976
30.600000 2.013990 5.984640 -1185.888822 -412.516733
30.650000 1.996664 5.483522 -1207.738115 -441.018966
30.700000 1.996361 5.561821 -1202.677280 -436.074687
30.750000 2.001208 5.670325 -1188.126764 -419.662859
30.800000 2.011408 3.876478 -1297.497971 -525.117290
30.850000 2.001633 4.304353 -1264.609693 -495.982470
30.900000 1.991191 4.426065 -1258.388562 -493.771239
30.950000 1.995497 4.955415 -1226.613431 -460.342573
31.000000 2.023669 5.187582 -1213.159418 -436.070603
31.050000 1.997488 5.016227 -1226.446227 -459.410887
31.100000 1.971750 5.195680 -1228.709527 -471.557520
31.150000 1.999571 6.059643 -1176.677738 -408.842604
31.200000 2.018211 5.102527 -1233.612369 -458.619520
31.250000 2.007388 5.480532 -1208.259290 -437.422349
31.300000 1.985349 4.843849 -1243.086427 -480.712320
31.350000 1.970699 5.014030 -1224.412927 -467.664319
31.400000 1.998235 4.771314 -1247.711779 -480.389446
31.450000 2.002280 5.914451 -1175.393007 -406.517675
31.500000 2.002500 5.419586 -1210.921289 -441.961424
31.550000 2.013277 5.072436 -1232.686740 -459.588467
31.600000 1.996484 5.241862 -1218.456345 -451.806499
31.650000 2.011478 5.560260 -1196.341534 -423.934134
31.700000 1.990285 5.779526 -1185.134915 -420.865410
31.750000 1.994638 5.609506 -1195.929182 -429.988354
31.800000 1.992861 5.909097 -1175.948920 -410.690194
31.850000 1.989042 5.601803 -1193.410475 -429.618474
31.900000 1.994077 5.542096 -1197.896063 -432.170346
31.950000 1.959499 6.133236 -1156.723166 -404.275740
32.000000 2.010997 6.000548 -1168.512896 -396.289910
32.050000 1.995905 5.811545 -1183.014600 -416.587203
32.100000 1.981150 5.651260 -1188.626880 -427.865239
32.150000 2.004989 5.248153 -1222.494701 -452.578903
32.200000 2.001214 5.665901 -1200.640132 -432.173820
32.250000 1.991593 6.069867 -1177.186834 -412.415131
32.300000 2.011539 5.908340 -1190.814831 -418.383936
32.350000 2.015481 5.560983 -1208.266062 -434.321249
32.400000 1.987893 5.191643 -1228.384079 -465.033038
32.450000 1.986129 5.113019 -1237.188496 -474.514919
32.500000 2.020657 5.525396 -1209.530538 -433.598146
32.550000 1.993851 5.607029 -1197.507342 -431.868560
32.600000 1.998651 5.332042 -1217.240909 -449.759026
32.650000 1.985457 5.616384 -1198.082181 -435.666548
32.700000 2.013634 5.467133 -1207.166630 -433.931203
32.750000 2.003840 4.653912 -1258.298924 -488.824494
32.800000 2.003437 5.211873 -1218.268948 -448.949290
32.850000 2.002682 5.306606 -1211.467267 -442.437240
32.900000 1.994240 5.579504 -1195.487405 -429.699186
32.950000 1.996336 5.087392 -1233.585502 -466.992333
33.000000 1.998123 5.737241 -1197.798737 -430.519555
33.050000 1.989815 5.853002 -1194.904744 -430.815839
33.100000 2.000239 6.675132 -1139.203395 -371.111571
33.150000 2.027234 5.825174 -1191.158233 -412.700361
33.200000 1.999641 5.164576 -1232.314949 -464.452971
33.250000 1.998689 5.743868 -1200.045424 -432.548891
33.300000 1.989071 6.475343 -1153.237679 -389.434443
33.350000 1.978783 6.363932 -1163.672962 -403.820474
33.400000 1.997220 5.963914 -1185.636244 -418.703757
33.450000 2.007864 5.883083 -1185.954000 -414.934241
33.500000 2.015105 4.779353 -1245.694611 -471.894401
33.550000 1.993530 5.030663 -1224.775376 -459.259712
33.600000 1.987266 5.184335 -1220.092060 -456.981770
33.650000 1.982825 5.935929 -1176.973786 -415.568979
33.700000 1.999195 5.826168 -1186.438428 -418.747536
33.750000 2.025543 5.571079 -1202.359339 -424.551018
33.800000 1.997058 5.325213 -1212.860541 -445.990450
33.850000 2.018100 5.222624 -1221.394683 -446.444454
33.900000 2.008882 5.264001 -1219.372083 -447.961213
33.950000 1.992317 5.644036 -1200.721967 -435.672283
34.000000 1.980827 6.146506 -1174.427188 -413.789790
34.050000 2.010110 6.123446 -1173.898243 -402.016094
34.100000 2.009654 5.700184 -1194.217939 -422.510855
34.150000 2.028585 5.198009 -1220.457090 -441.480286
34.200000 1.975386 4.724547 -1252.225750 -493.677670
34.250000 1.976343 6.297362 -1157.280447 -398.364794
34.300000 2.020639 5.850466 -1191.433940 -415.508594
34.350000 1.997541 5.512067 -1208.667858 -441.611988
34.400000 1.991615 5.763030 -1183.085453 -418.305420
34.450000 2.002544 5.247414 -1213.597279 -444.620447
34.500000 2.010768 5.238349 -1218.304644 -446.169778
34.550000 1.975874 5.607226 -1194.561455 -435.825861
34.600000 2.002496 4.963031 -1231.700775 -462.742209
34.650000 2.003075 5.623178 -1187.718878 -418.538039
34.700000 1.978973 5.178239 -1222.909533 -462.984091
34.750000 2.001757 5.269305 -1219.862357 -451.187820
34.800000 2.016752 4.705043 -1255.890001 -481.457139
34.850000 1.985927 4.967301 -1238.632042 -476.036008
34.900000 1.990598 6.203221 -1167.521866 -403.132251
34.950000 2.013507 5.316836 -1226.982395 -453.795539
35.000000 1.972285 5.681325 -1197.677678 -440.320277
35.050000 2.003162 5.372879 -1213.282615 -444.068299
35.100000 2.024135 5.248577 -1219.940554 -442.672593
35.150000 1.996686 5.564612 -1190.279712 -423.552224
35.200000 2.000028 4.850434 -1235.509663 -467.498871
35.250000 2.011916 5.043006 -1223.602469 -451.026892
35.300000 1.993556 5.670337 -1187.846154 -422.320807
35.350000 2.002643 4.363757 -1271.066623 -502.051856
35.400000 2.014423 5.244149 -1209.369995 -435.831734
35.450000 2.002539 4.581053 -1257.472809 -488.497951
35.500000 1.967867 5.654848 -1197.679228 -442.018408
35.550000 2.032896 5.259200 -1224.389929 -443.757691
35.600000 1.996665 4.096532 -1295.949347 -529.230162
35.650000 2.000378 5.265422 -1225.917806 -457.772694
35.700000 1.991892 5.554385 -1198.026982 -433.140522
35.750000 1.997247 5.648258 -1185.004647 -418.061943
35.800000 2.017802 4.485800 -1263.526686 -488.690624
35.850000 2.012265 4.485894 -1264.285402 -491.575498
35.900000 1.983216 4.545710 -1264.032971 -502.478099
35.950000 1.995397 5.585778 -1193.988592 -427.756218
36.000000 2.009272 5.301546 -1211.522046 -439.961637
36.050000 1.986901 5.017196 -1235.794811 -472.824695
36.100000 2.009072 5.911465 -1186.591955 -415.108474
36.150000 2.014136 5.404482 -1217.703860 -444.275790
36.200000 2.011375 5.386606 -1211.639425 -439.271322
36.250000 1.996911 4.561673 -1258.547253 -491.733598
36.300000 2.000089 4.633118 -1255.170720 -487.136561
36.350000 2.000030 5.024583 -1233.684744 -465.673302
36.400000 2.003327 5.460586 -1204.552793 -435.275170
36.450000 2.010379 4.914385 -1233.800266 -461.814719
36.500000 2.015951 4.823237 -1241.200742 -467.075728
36.550000 1.969791 5.224697 -1218.210707 -461.810847
36.600000 2.016489 5.900978 -1186.843789 -412.512051
36.650000 1.993047 5.816645 -1196.298480 -430.968577
36.700000 1.988065 6.225740 -1166.231216 -402.814275
36.750000 2.009664 5.468229 -1211.744749 -440.033864
36.800000 1.987375 5.522200 -1205.752894 -442.600750
36.850000 2.004573 5.933955 -1182.944083 -413.188185
36.900000 2.004337 5.503956 -1211.586722 -441.921250
36.950000 1.995302 5.310977 -1228.308228 -462.112350
37.000000 2.001049 5.850205 -1196.441008 -428.038266
37.050000 2.024901 5.652871 -1208.967370 -431.405369
37.100000 1.990541 6.123178 -1172.659540 -408.291979
37.150000 1.995788 5.422903 -1217.873865 -451.491413
37.200000 1.985445 6.130214 -1169.095236 -406.684268
37.250000 1.982041 5.653650 -1202.074197 -440.970486
37.300000 2.016017 5.963821 -1181.999559 -407.849015
37.350000 2.017297 4.857415 -1243.422979 -468.781060
37.400000 1.995166 4.438382 -1264.151423 -498.007524
37.450000 2.003402 5.025248 -1227.828257 -458.522054
37.500000 1.999314 3.584981 -1058.699002 -290.962430
37.550000 2.003390 2.861304 -1110.844907 -341.543042
37.600000 2.003054 2.992996 -1107.055042 -337.882364
37.650000 2.018604 3.281581 -1086.160756 -311.016672
37.700000 1.998968 3.410910 -1073.390306 -305.786540
37.750000 2.009855 3.314391 -1078.105912 -306.321685
37.800000 1.994645 2.963399 -1113.392796 -347.448958
37.850000 1.986044 3.756519 -1063.196337 -300.555318
37.900000 2.028986 3.493680 -1081.699792 -302.568998
37.950000 1.992192 3.215095 -1089.711206 -324.709656
38.000000 1.997069 2.438181 -1140.614950 -373.740275
38.050000 1.994096 3.051667 -1095.546029 -329.813339
38.100000 2.016382 3.178170 -1088.689894 -314.399230
38.150000 2.010139 3.222196 -1087.679220 -315.785752
38.200000 1.994815 3.343860 -1083.718698 -317.709665
38.250000 1.990024 2.816558 -1121.959342 -357.790266
38.300000 1.994369 2.879715 -1113.956643 -348.118971
38.350000 1.997547 3.170974 -1087.813552 -320.755337
38.400000 2.013540 2.484588 -1128.520236 -355.320754
38.450000 1.985267 2.525868 -1124.666634 -362.324212
38.500000 1.989021 2.428243 -1139.617554 -375.833602
38.550000 2.010292 2.757954 -1117.084322 -345.132040
38.600000 2.008219 2.427475 -1139.937146 -368.780865
38.650000 2.006935 2.634828 -1123.255696 -352.592669
38.700000 2.001120 2.347239 -1148.555645 -380.125445
38.750000 1.984059 2.454576 -1147.871621 -385.993095
38.800000 2.001107 2.919154 -1115.022636 -346.597485
38.850000 1.988909 2.840182 -1118.966289 -355.225409
38.900000 1.996924 3.082099 -1098.995647 -332.176761
38.950000 2.012177 3.346664 -1077.274137 -304.598060
39.000000 1.972619 2.609288 -1133.874366 -376.388487
39.050000 2.011117 3.007712 -1112.725715 -340.456890
39.100000 1.999776 3.216428 -1096.647918 -328.733795
39.150000 2.000875 2.835865 -1123.757562 -355.421403
39.200000 2.004453 2.773530 -1124.018354 -354.308300
39.250000 2.006547 2.606404 -1130.395477 -359.881606
39.300000 1.987097 2.627680 -1125.319704 -362.274550
39.350000 1.994329 3.019667 -1094.960316 -329.138160
39.400000 1.991975 2.927290 -1104.775524 -339.857254
39.450000 2.011894 2.865104 -1106.769829 -334.202456
39.500000 2.001113 2.837238 -1109.215525 -340.788183
39.550000 2.012083 2.469301 -1136.156582 -363.516625
39.600000 1.985267 2.807600 -1113.935398 -351.592744
39.650000 2.011603 2.850123 -1111.498736 -339.042996
39.700000 1.975959 2.854061 -1105.735452 -346.967037
39.750000 2.000419 2.965037 -1104.172790 -336.011748
39.800000 2.000416 3.148615 -1086.328726 -318.168908
39.850000 2.014409 2.560671 -1127.312826 -353.779653
39.900000 2.008012 2.615469 -1120.827212 -349.750683
39.950000 1.982464 3.159392 -1084.189742 -322.923523
40.000000 2.024074 3.269031 -1084.573433 -307.329029
40.050000 1.983238 3.037030 -1105.864772 -344.301352
40.100000 1.994756 3.098414 -1105.422029 -339.435552
40.150000 2.004169 2.692520 -1135.870483 -366.269452
40.200000 2.005034 2.737942 -1129.446053 -359.512987
40.250000 2.006539 3.022743 -1108.057483 -337.546561
40.300000 1.993538 2.772252 -1122.694833 -357.176240
40.350000 2.006876 2.921919 -1108.838933 -338.198428
40.400000 1.988661 3.028265 -1095.203752 -331.557799
40.450000 2.024925 3.004640 -1103.639542 -326.068502
40.500000 1.998384 3.316410 -1085.447255 -318.067767
40.550000 1.995437 3.006150 -1110.351215 -344.103381
40.600000 2.010608 2.923355 -1119.139645 -347.066184
40.650000 1.999551 3.045819 -1113.092066 -345.264578
40.700000 2.032834 3.188510 -1099.585139 -318.976768
40.750000 2.001488 3.031732 -1104.681175 -336.109629
40.800000 2.006284 2.950829 -1106.041509 -335.628533
40.850000 1.988330 2.788463 -1121.050783 -357.531956
40.900000 1.991765 3.022480 -1111.226833 -346.389144
40.950000 2.017155 3.347266 -1087.822398 -313.235070
41.000000 1.991522 3.199171 -1093.965682 -329.221051
41.050000 1.984540 3.200649 -1095.219903 -333.156599
41.100000 2.014189 3.303479 -1087.863000 -314.414350
41.150000 2.005784 2.406997 -1147.072420 -376.851509
41.200000 2.006586 2.536905 -1130.888196 -360.359344
41.250000 1.975955 2.888754 -1110.839297 -352.072646
41.300000 2.007646 2.970017 -1110.835909 -339.899831
41.350000 1.991363 2.723528 -1127.931634 -363.248204
41.400000 2.000491 2.969438 -1112.047009 -343.858653
41.450000 1.979848 3.513031 -1077.945418 -317.683654
41.500000 2.014433 3.647177 -1072.081508 -298.539377
41.550000 2.000891 3.450908 -1081.147727 -312.805574
41.600000 2.000778 3.317647 -1083.674113 -315.375298
41.650000 2.007285 2.684572 -1119.726119 -348.928679
41.700000 1.985781 2.340653 -1139.385119 -376.845237
41.750000 1.995469 2.765869 -1112.895245 -346.635114
41.800000 2.003247 3.034713 -1099.573371 -330.326570
41.850000 2.010386 2.528849 -1139.620303 -367.632110
41.900000 1.990633 3.402169 -1077.000934 -312.597762
41.950000 1.981313 3.255065 -1091.561077 -330.736717
42.000000 2.029448 2.947203 -1118.310598 -339.002511
42.050000 1.989057 3.201072 -1096.131170 -332.333129
42.100000 2.012857 2.935871 -1114.748481 -341.811492
42.150000 1.992619 3.191303 -1091.569993 -326.404256
42.200000 1.998800 2.910763 -1110.784513 -343.245465
42.250000 1.991872 3.151926 -1088.623745 -323.744847
42.300000 2.017891 2.751107 -1116.174922 -341.304802
42.350000 1.991565 2.779584 -1113.283800 -348.522722
42.400000 2.010557 2.593493 -1124.773166 -352.719230
42.450000 1.985142 3.021207 -1093.922153 -331.627627
42.500000 2.002760 3.362176 -1072.366852 -303.306870
42.550000 2.007707 3.665723 -1048.252608 -277.293245
42.600000 2.000231 2.853204 -1106.985585 -338.896959
42.650000 1.989877 3.035290 -1092.519434 -328.406658
42.700000 2.000315 3.007120 -1102.375488 -334.254439
42.750000 2.000992 3.779565 -1048.269162 -279.888318
42.800000 1.997581 3.324194 -1083.974690 -316.903596
42.850000 1.995630 3.378599 -1084.724499 -318.402488
42.900000 1.986780 3.922808 -1049.425740 -286.502305
42.950000 2.016604 3.287961 -1094.229743 -319.853824
43.000000 2.001296 2.307215 -1151.244256 -382.746538
43.050000 1.984178 3.003412 -1093.380687 -331.456302
43.100000 2.012456 3.002153 -1102.908986 -330.125954
43.150000 2.006073 3.567014 -1066.821119 -296.488927
43.200000 2.002607 2.757549 -1119.659954 -350.659008
43.250000 1.984085 2.131856 -1166.936131 -405.047648
43.300000 1.990200 3.172143 -1096.877498 -332.640659
43.350000 2.012444 3.167352 -1093.993835 -321.215262
43.400000 1.975918 3.358622 -1077.400627 -318.648106
43.450000 2.000724 2.472806 -1141.860863 -373.583001
43.500000 2.008449 3.217241 -1080.513195 -309.268814
43.550000 1.978917 2.912060 -1100.686557 -340.782571
43.600000 2.010964 2.633114 -1121.900558 -349.690356
43.650000 1.999901 2.721994 -1115.866062 -347.904096
43.700000 1.993818 3.007622 -1103.987781 -338.361732
43.750000 2.021149 2.825632 -1120.422804 -344.301579
43.800000 2.004470 2.563363 -1134.726791 -365.010309
43.850000 2.009152 2.654825 -1121.834430 -350.319895
43.900000 1.994524 2.552516 -1126.412614 -360.515322
43.950000 2.002553 2.720953 -1116.493451 -347.513256
44.000000 2.009590 2.838300 -1111.771056 -340.088571
44.050000 1.998853 2.715045 -1121.062309 -353.502679
44.100000 1.992609 2.995917 -1103.974419 -338.812658
44.150000 2.011522 3.163266 -1093.759508 -321.335127
44.200000 2.016489 2.318688 -1145.811654 -371.479898
44.250000 1.979269 2.466470 -1128.318109 -368.278669
44.300000 1.991257 2.538130 -1121.296804 -356.653964
44.350000 1.997287 2.066834 -1160.699959 -393.741660
44.400000 1.981935 3.219404 -1086.125909 -325.063054
44.450000 1.996195 3.533175 -1071.920753 -305.381833
44.500000 2.010716 3.238145 -1091.681613 -319.566579
44.550000 2.009995 2.781111 -1122.331847 -350.493624
44.600000 1.989989 3.550309 -1068.348389 -304.192648
44.650000 2.006446 2.915873 -1114.997859 -344.522468
44.700000 1.997107 3.030972 -1095.226148 -328.337233
44.750000 2.002717 2.482310 -1136.666112 -367.622967
44.800000 2.002610 2.611730 -1131.970809 -362.968630
44.850000 2.010968 2.449349 -1143.577154 -371.365465
44.900000 1.993570 2.763458 -1125.126122 -359.595328
44.950000 2.005967 3.600419 -1071.501520 -301.210127
45.000000 2.014055 2.002075 -945.066149 -171.668898
45.050000 1.985444 1.914226 -962.286136 -199.875495
45.100000 1.998921 2.190913 -942.561654 -174.976058
45.150000 2.015307 1.520811 -984.852087 -210.974267
45.200000 1.993154 1.492583 -976.202363 -210.831271
45.250000 2.003020 1.872366 -942.456315 -173.296503
45.300000 2.009672 1.460614 -978.891142 -207.176952
45.350000 2.000496 1.648990 -965.222079 -197.031742
45.400000 1.999216 1.773186 -957.946797 -190.247976
45.450000 1.990542 1.686282 -968.514996 -204.147036
45.500000 1.991728 2.246274 -927.481010 -162.657398
45.550000 2.010875 2.477419 -910.335000 -138.159004
45.600000 1.992174 1.934548 -949.444143 -184.449221
45.650000 2.010336 1.649458 -966.589131 -194.620237
45.700000 2.000250 1.829990 -948.569280 -180.473388
45.750000 2.002735 1.669047 -955.626311 -186.575997
45.800000 1.984663 1.569996 -961.162460 -199.051898
45.850000 2.008460 1.951750 -932.872525 -161.623753
45.900000 2.008119 1.623036 -962.598116 -191.480360
45.950000 2.000003 1.709966 -956.206848 -188.205805
46.000000 1.997170 1.683000 -959.173288 -192.260066
46.050000 2.000649 1.791917 -953.344391 -185.095000
46.100000 2.005546 1.803980 -954.131859 -184.002320
46.150000 2.002509 1.531761 -978.679783 -209.716391
46.200000 1.992003 1.741648 -969.013703 -204.084668
46.250000 1.997726 1.679752 -987.482545 -220.355932
46.300000 2.004885 1.966500 -972.066351 -202.190471
46.350000 2.001083 1.993576 -975.478295 -207.062532
46.400000 2.002627 2.002993 -975.325901 -206.316948
46.450000 1.988767 2.143919 -951.865721 -188.179171
46.500000 2.009595 1.535094 -987.808802 -216.124295
46.550000 1.969272 1.916886 -941.328137 -185.127607
46.600000 2.004330 1.699095 -959.589010 -189.926246
46.650000 2.014020 1.288351 -994.241773 -220.858182
46.700000 1.998059 1.716214 -964.009682 -196.755107
46.750000 2.009863 2.001552 -943.404663 -171.617126
46.800000 2.008784 1.668110 -965.419252 -194.046144
46.850000 1.978245 2.021691 -927.278642 -167.632689
46.900000 2.002970 1.669498 -964.171422 -195.030985
46.950000 1.998236 1.909775 -950.201338 -182.878800
47.000000 2.006370 2.334086 -921.259263 -150.813283
47.050000 1.996681 1.748945 -974.516563 -207.791051
47.100000 1.981321 2.263964 -930.187441 -169.360131
47.150000 2.008915 1.790022 -964.601253 -193.177979
47.200000 1.987268 1.940266 -941.292360 -178.181540
47.250000 2.018730 1.664807 -965.182239 -189.989751
47.300000 1.999114 1.897438 -947.398725 -179.739140
47.350000 1.995045 1.995728 -946.039646 -179.942486
47.400000 1.995412 1.995750 -952.418350 -186.180205
47.450000 2.007338 1.669407 -978.313641 -207.495970
47.500000 1.989301 1.690121 -974.231218 -210.339562
47.550000 1.997370 1.716714 -973.567929 -206.577980
47.600000 1.995794 1.789437 -967.844967 -201.460169
47.650000 1.995852 1.943623 -954.217481 -187.810256
47.700000 1.988667 2.138870 -938.427827 -174.779744
47.750000 2.015729 1.668269 -973.571009 -199.531159
47.800000 1.993766 1.431728 -978.401992 -212.795719
47.850000 1.978879 1.700093 -955.474759 -195.585154
47.900000 2.011683 1.926557 -946.032381 -173.546100
47.950000 2.007679 1.898809 -951.645501 -180.696921
48.000000 1.997967 1.740325 -965.429482 -198.210101
48.050000 1.999139 1.723862 -967.679860 -200.010315
48.100000 2.013624 1.714420 -972.883496 -199.651779
48.150000 2.006241 2.194860 -934.737601 -164.341065
48.200000 2.000775 1.903997 -963.767984 -195.470496
48.250000 1.988844 1.736671 -974.627869 -210.911624
48.300000 1.998615 1.547602 -991.765053 -224.297038
48.350000 1.991002 1.980431 -956.119541 -191.574617
48.400000 2.009300 1.818051 -972.522478 -200.951247
48.450000 2.009417 2.188936 -935.170285 -163.554339
48.500000 2.011637 1.692890 -975.031303 -202.562846
48.550000 1.998724 1.807551 -965.781224 -198.271060
48.600000 1.998533 1.539451 -983.718766 -216.282056
48.650000 1.985319 1.622136 -969.648804 -207.286375
48.700000 2.000013 1.743756 -958.265935 -190.261131
48.750000 2.010895 1.455406 -984.807878 -212.624141
48.800000 1.983880 1.968398 -943.497913 -181.688146
48.850000 2.012542 1.929468 -943.628563 -170.812318
48.900000 1.998057 1.424682 -977.175605 -209.921683
48.950000 2.026389 1.503086 -962.385056 -184.251520
49.000000 1.990324 1.394945 -970.593459 -206.309009
49.050000 2.000870 1.767018 -946.088587 -177.754494
49.100000 1.995988 1.442622 -980.938927 -214.479385
49.150000 2.005678 1.657487 -970.203612 -200.023338
49.200000 2.000385 1.708631 -972.841290 -204.693361
49.250000 2.001442 1.785330 -972.062051 -203.508382
49.300000 1.994185 2.196215 -935.771418 -170.004567
49.350000 2.012096 1.686542 -978.096646 -205.451933
49.400000 1.993148 1.745098 -973.664605 -208.295740
49.450000 2.003760 2.083958 -943.607017 -174.163353
49.500000 2.004937 1.869397 -957.647955 -187.752268
49.550000 1.990702 2.051550 -941.213765 -176.784030
49.600000 2.011685 1.832591 -956.682894 -184.195802
49.650000 1.984301 2.072556 -926.118149 -164.146721
49.700000 2.010682 1.784553 -949.677335 -177.575444
49.750000 1.995318 1.947720 -933.922432 -167.720282
49.800000 1.982883 2.015693 -937.215518 -175.788506
49.850000 1.977801 2.689607 -888.583684 -129.107910
49.900000 2.028718 1.760831 -965.857402 -186.829542
49.950000 1.990359 1.795806 -950.461458 -186.163542
50.000000 2.005627 1.563007 -968.719738 -198.558834
50.050000 2.006800 1.668813 -958.628767 -188.017472
50.100000 1.986071 1.733948 -950.309709 -187.658457
50.150000 2.011659 1.657933 -960.150391 -187.673312
50.200000 2.011786 1.668486 -957.759317 -185.233632
50.250000 2.002509 1.534644 -970.507187 -201.543567
50.300000 2.000973 2.037567 -929.182165 -160.808616
50.350000 2.010936 1.835898 -946.337704 -174.138144
50.400000 1.988315 1.541077 -977.532877 -214.019999
50.450000 2.019985 2.178230 -925.056791 -149.382467
50.500000 1.990541 1.801788 -958.904520 -194.536640
50.550000 2.000936 2.095438 -937.661769 -169.302379
50.600000 2.008736 1.901844 -947.871067 -176.516465
50.650000 2.004326 1.492490 -979.532661 -209.871511
50.700000 2.001792 1.895676 -951.672770 -182.984471
50.750000 1.997303 1.949187 -951.129354 -184.164840
50.800000 1.998443 1.656665 -976.963082 -209.561115
50.850000 1.993495 1.785234 -969.505375 -204.003276
50.900000 2.007753 1.829040 -967.893055 -196.915845
50.950000 2.004715 1.710374 -972.891290 -203.080683
51.000000 1.984757 1.483334 -993.710439 -231.563618
51.050000 2.010899 2.020888 -946.988728 -174.803381
51.100000 1.998584 1.758182 -962.334277 -194.878025
51.150000 1.976013 2.180508 -923.240891 -164.451989
51.200000 2.014182 2.077899 -929.530758 -156.085047
51.250000 1.974794 2.096757 -917.602232 -159.281369
51.300000 2.018904 1.566866 -962.095868 -186.836878
51.350000 2.017093 1.114204 -1001.941745 -227.377914
51.400000 1.987764 1.547497 -972.873461 -209.571897
51.450000 2.007881 2.056584 -945.477735 -174.451377
51.500000 1.971832 2.384921 -922.445760 -165.262141
51.550000 2.009633 1.795879 -974.961100 -203.262175
51.600000 1.982064 2.195972 -934.037437 -172.924951
51.650000 2.016854 1.989742 -947.640497 -173.168503
51.700000 1.994888 2.237674 -929.769315 -163.732291
51.750000 2.008170 1.943489 -957.081404 -185.943937
51.800000 2.005257 1.785661 -962.173661 -192.154960
51.850000 1.995978 1.647280 -965.490099 -199.034641
51.900000 1.999457 1.451126 -977.052031 -209.260377
51.950000 1.996219 1.293122 -987.733834 -221.185642
52.000000 1.990683 1.413705 -981.956519 -217.534218
52.050000 1.990907 2.005823 -938.308378 -173.799967
52.100000 2.015323 1.228739 -996.316921 -222.432867
52.150000 1.982614 1.185920 -990.063637 -228.739851
52.200000 1.999154 1.684214 -955.988689 -188.313532
52.250000 2.007492 1.766852 -952.919283 -182.042350
52.300000 2.005677 1.727418 -958.298921 -188.119132
52.350000 1.996018 1.452252 -984.627735 -218.156633
52.400000 1.983895 1.968099 -945.041837 -183.226170
52.450000 2.035691 2.151768 -932.177611 -150.472411
52.500000 1.992158 1.170981 -799.988003 -34.999479
52.550000 2.007041 0.948939 -821.738474 -51.034790
52.600000 1.992395 1.184925 -800.109656 -35.030058
52.650000 2.010821 1.107215 -810.260864 -38.105494
52.700000 1.995025 1.007495 -816.177510 -50.087961
52.750000 1.996792 1.035033 -814.788579 -48.020580
52.800000 1.997679 1.070399 -819.159683 -52.051044
52.850000 1.993603 1.318526 -797.085526 -31.542145
52.900000 1.995665 1.307925 -794.011685 -27.676334
52.950000 1.987751 1.235432 -791.010888 -27.714689
53.000000 1.984823 1.536535 -756.938644 5.233489
53.050000 2.005463 0.909955 -822.988626 -52.890692
53.100000 1.998210 1.093346 -809.382280 -42.069697
53.150000 2.003005 1.247310 -796.048667 -26.894638
53.200000 2.004693 0.825874 -836.657044 -66.854910
53.250000 1.999064 0.946952 -828.322512 -60.681834
53.300000 1.991292 1.127969 -818.065970 -53.409960
53.350000 2.029260 1.388453 -789.435284 -10.199598
53.400000 1.982407 1.215700 -798.913164 -37.669025
53.450000 2.013146 1.033788 -814.276361 -41.228112
53.500000 2.002205 1.211596 -790.227998 -21.381256
53.550000 2.007288 1.069224 -800.905995 -30.107497
53.600000 1.987772 1.098150 -796.999291 -33.694981
53.650000 2.011584 1.285258 -787.201709 -14.753451
53.700000 2.007327 1.317644 -782.318203 -11.504532
53.750000 1.988919 1.202339 -794.887518 -31.142609
53.800000 2.013641 1.260020 -786.992323 -13.754073
53.850000 2.006762 0.895392 -820.329261 -49.732613
53.900000 1.978150 1.227581 -788.975152 -29.365706
53.950000 2.004222 1.185792 -795.347271 -25.725971
54.000000 2.002944 1.221786 -783.957951 -14.827572
54.050000 1.997903 0.926707 -814.146354 -46.951589
54.100000 1.998271 1.098897 -799.207344 -31.871215
54.150000 2.003166 1.135564 -798.361701 -29.145796
54.200000 1.996227 1.421923 -771.953813 -5.402742
54.250000 2.001328 1.101634 -803.266276 -34.756335
54.300000 2.015244 1.056002 -805.118794 -31.264946
54.350000 1.995272 0.895400 -823.081132 -56.896584
54.400000 1.991185 1.211251 -799.089125 -34.473944
54.450000 2.000641 1.419934 -780.472488 -12.226445
54.500000 2.012458 0.919832 -823.304871 -50.521055
54.550000 1.989121 1.242882 -787.879614 -24.057104
54.600000 2.001514 1.264348 -790.315285 -21.734056
54.650000 2.000971 1.115582 -806.167265 -37.794490
54.700000 2.006613 1.086943 -813.028223 -42.488699
54.750000 2.002157 1.024697 -822.441088 -53.612855
54.800000 1.988300 1.277649 -801.113720 -37.606454
54.850000 2.008983 1.308547 -797.791287 -26.341661
54.900000 2.010854 0.889291 -833.732268 -61.564166
54.950000 1.993029 1.028706 -819.089182 -53.766225
55.000000 2.009284 1.177208 -807.960118 -36.394980
55.050000 1.998524 0.986835 -831.399838 -63.966598
55.100000 1.994828 1.411434 -790.005856 -23.991766
55.150000 2.008573 1.177895 -812.173155 -40.881169
55.200000 1.988861 1.083789 -815.110014 -51.387351
55.250000 2.000093 0.885883 -830.804473 -62.768790
55.300000 1.991691 1.285241 -781.319098 -16.509868
55.350000 1.993840 1.064284 -800.486765 -34.852146
55.400000 2.011448 0.694265 -830.280324 -57.884389
55.450000 1.979514 0.898598 -810.398454 -50.265208
55.500000 2.010103 0.867877 -821.250659 -49.371208
55.550000 1.999801 0.783418 -827.312793 -59.389265
55.600000 1.987513 1.019143 -801.602718 -38.397900
55.650000 2.010679 1.101206 -792.775002 -20.674166
55.700000 2.010523 0.814680 -820.376142 -48.335467
55.750000 2.012015 0.867903 -818.288319 -45.674539
55.800000 1.987945 1.100004 -802.587288 -39.216326
55.850000 2.003017 1.142091 -805.670022 -36.511607
55.900000 1.996959 1.188213 -801.655952 -34.823656
55.950000 1.998800 1.275264 -789.823607 -22.284271
56.000000 2.003532 0.989987 -813.624907 -44.268613
56.050000 1.989089 1.366100 -771.955685 -8.145590
56.100000 2.018144 1.066145 -799.991515 -25.024345
56.150000 1.998711 0.900647 -814.391803 -46.886700
56.200000 2.016638 1.031328 -799.323409 -24.934500
56.250000 1.993371 1.028325 -797.440246 -31.985912
56.300000 2.002826 0.915593 -812.160231 -43.075055
56.350000 2.000468 0.956134 -809.409479 -41.229908
56.400000 2.008294 1.123299 -794.533304 -23.348530
56.450000 2.011137 0.903643 -818.206854 -45.930278
56.500000 1.995178 1.179346 -794.584001 -28.435658
56.550000 2.016310 1.393006 -782.637621 -8.374443
56.600000 2.001518 1.222720 -802.505239 -33.922333
56.650000 1.999150 1.156290 -812.600668 -44.927044
56.700000 1.989760 1.225061 -805.790322 -41.722395
56.750000 1.994508 1.331122 -791.902809 -26.011817
56.800000 1.998481 1.155242 -806.126267 -38.709651
56.850000 1.986794 1.229536 -797.203294 -34.274528
56.900000 2.012935 0.990563 -816.456541 -43.489412
56.950000 1.998941 0.780014 -829.880287 -62.286886
57.000000 1.991622 0.996350 -808.064355 -43.281397
57.050000 1.999809 1.075736 -813.985464 -46.058969
57.100000 2.011155 1.479488 -779.523390 -7.239732
57.150000 1.995670 1.226826 -805.339248 -39.001778
57.200000 2.003969 1.011003 -822.243454 -52.719247
57.250000 2.000313 0.981119 -814.928223 -46.807943
57.300000 2.002581 0.712161 -838.138599 -69.147608
57.350000 1.994484 1.011854 -809.769656 -43.887720
57.400000 1.993440 1.165795 -804.084749 -38.603795
57.450000 2.014881 1.219891 -802.763102 -29.048655
57.500000 1.995193 0.869268 -835.607767 -69.453523
57.550000 2.005383 1.063670 -812.731844 -42.664717
57.600000 2.001348 1.012005 -808.977924 -40.460380
57.650000 1.992552 0.915491 -809.635359 -44.495477
57.700000 1.984466 0.912138 -813.696964 -51.662191
57.750000 1.996239 1.287429 -785.835349 -19.279469
57.800000 1.992590 1.110372 -809.492659 -44.337948
57.850000 2.003896 1.224501 -801.708402 -32.212169
57.900000 1.994213 1.154118 -823.112889 -57.335134
57.950000 2.000922 1.563379 -790.130885 -21.776784
58.000000 2.019181 1.260298 -816.079818 -40.714216
58.050000 2.002984 1.018039 -829.567413 -60.421537
58.100000 2.002688 0.930280 -833.262441 -64.230058
58.150000 2.004194 0.987735 -824.386676 -54.776188
58.200000 1.983056 1.470685 -776.686316 -15.192661
58.250000 2.004212 1.327930 -792.927478 -23.310063
58.300000 2.019243 1.149502 -800.107579 -24.718110
58.350000 2.003574 0.797946 -822.878080 -53.505530
58.400000 1.994390 0.779356 -818.320925 -52.475066
58.450000 2.008063 0.847805 -819.735796 -48.639574
58.500000 1.994689 1.054235 -812.622475 -46.661915
58.550000 1.992529 1.488452 -778.060205 -12.929017
58.600000 2.002695 1.083893 -818.287046 -49.252066
58.650000 1.988950 1.305449 -789.862110 -26.105458
58.700000 1.998016 1.154246 -806.871568 -39.633527
58.750000 2.002569 1.021693 -816.935073 -47.948484
58.800000 1.993953 1.098285 -807.371572 -41.693707
58.850000 2.008699 1.109649 -807.583808 -36.243469
58.900000 1.997196 1.245052 -793.171981 -26.248810
58.950000 2.001408 1.125634 -806.695749 -38.155127
59.000000 2.003187 1.463265 -777.652791 -8.429027
59.050000 1.988143 1.561200 -774.652406 -11.205416
59.100000 1.996506 1.339506 -800.088538 -33.430189
59.150000 2.018060 0.904485 -835.742512 -60.807371
59.200000 1.981519 1.132426 -802.443097 -41.539614
59.250000 1.997797 1.126699 -798.294307 -31.140079
59.300000 1.995623 1.194060 -787.752865 -21.433818
59.350000 2.010091 0.872426 -816.550620 -44.675545
59.400000 1.994938 0.974101 -802.509596 -36.453588
59.450000 1.995578 0.819003 -817.159317 -50.857476
59.500000 2.002832 0.896228 -807.312887 -38.225348
59.550000 1.986037 1.064917 -794.257871 -31.619494
59.600000 1.997260 1.131523 -794.189580 -27.241840
59.650000 1.997207 1.113780 -796.188342 -29.260835
59.700000 2.011645 0.895705 -816.082208 -43.610476
59.750000 1.998614 0.857122 -820.390596 -52.922681
59.800000 1.997687 1.152581 -793.986724 -26.874916
59.850000 1.984788 1.340577 -779.534645 -17.376205
59.900000 2.019247 0.897007 -825.290745 -49.899975
59.950000 2.005745 0.911412 -818.253181 -48.047019
60.000000 1.994763 0.627914 -635.363790 130.625364
60.050000 1.997398 0.520454 -655.593720 111.407208
60.100000 1.997816 0.833000 -621.724040 145.437332
60.150000 2.008638 0.763260 -637.445318 133.871604
60.200000 2.000401 0.660244 -655.996429 112.157717
60.250000 1.997374 0.732126 -652.187711 114.804008
60.300000 1.992618 0.808761 -649.315166 115.850156
60.350000 1.999400 1.095683 -623.207364 144.562319
60.400000 2.013591 0.828911 -657.291400 115.927623
60.450000 2.000721 0.818009 -648.513563 119.763201
60.500000 1.989200 0.732697 -648.712504 115.140109
60.550000 2.004417 0.519761 -666.856372 102.839584
60.600000 2.002846 0.348879 -683.817211 85.275796
60.650000 1.999297 0.508106 -665.465229 102.264645
60.700000 1.990280 0.722732 -645.513363 118.754305
60.750000 2.007012 0.798231 -642.906758 127.785908
60.800000 1.994514 0.739471 -653.123918 112.769367
60.850000 2.008597 0.865268 -634.423838 136.877238
60.900000 1.995579 0.597337 -660.924244 105.378112
60.950000 2.000944 0.680939 -651.414886 116.947471
61.000000 2.005864 0.834172 -635.362000 134.889708
61.050000 2.000513 0.740087 -645.396955 122.800162
61.100000 2.000265 0.626047 -657.858836 110.242950
61.150000 2.000117 0.789595 -633.193328 134.851560
61.200000 1.993687 0.676876 -649.478265 116.097447
61.250000 1.998103 0.951044 -617.766115 149.505481
61.300000 1.992675 0.874521 -629.643230 135.544106
61.350000 2.006337 0.805870 -638.997700 131.435839
61.400000 1.989418 0.863909 -631.619189 132.317201
61.450000 2.003518 0.759549 -644.743791 124.607065
61.500000 1.996889 0.849425 -631.119419 135.685799
61.550000 1.999284 0.760522 -632.819226 134.905814
61.600000 1.996539 0.517085 -658.800858 107.870102
61.650000 2.001430 0.665351 -640.177019 128.372158
61.700000 2.000386 0.516423 -654.757545 113.390854
61.750000 1.998593 0.410174 -664.621455 102.838268
61.800000 2.007390 0.444228 -659.674672 111.162902
61.850000 1.992324 0.557801 -654.066449 110.986014
61.900000 2.012941 0.741904 -635.199328 137.769869
61.950000 2.009971 0.328974 -683.696454 88.132244
62.000000 2.001878 0.562632 -658.792467 109.928682
62.050000 1.983784 0.932545 -617.929685 143.843334
62.100000 2.012092 0.788437 -632.978224 139.665148
62.150000 2.004970 0.630735 -641.572483 128.335893
62.200000 1.990960 0.592882 -640.434715 124.094023
62.250000 2.003008 0.602946 -640.960304 128.194603
62.300000 1.989903 0.767911 -626.442547 137.680133
62.350000 2.006395 0.633284 -648.319630 122.136057
62.400000 2.003866 0.702950 -637.693505 131.791195
62.450000 1.997891 0.494482 -663.555262 103.634750
62.500000 2.006789 0.603036 -652.736457 117.870627
62.550000 1.999470 0.631635 -652.689473 115.107172
62.600000 1.996903 0.634099 -657.718444 109.092396
62.650000 2.009583 0.710532 -650.959329 120.720729
62.700000 2.000408 0.527469 -678.013121 90.143434
62.750000 1.984933 0.940985 -631.782027 130.432207
62.800000 1.993704 1.038360 -620.772643 144.809808
62.850000 2.020269 0.831956 -640.017776 135.765561
62.900000 1.989281 0.643161 -655.180110 108.703845
62.950000 2.000193 0.602787 -658.979786 109.094314
63.000000 1.998325 0.647861 -650.481159 116.875553
63.050000 1.992203 0.766004 -636.691564 128.314556
63.100000 2.005006 0.546558 -664.478258 105.444045
63.150000 2.005084 0.617465 -648.929927 121.022488
63.200000 1.994587 0.365325 -682.994376 82.926885
63.250000 2.008149 0.748133 -645.645400 125.483703
63.300000 1.986231 0.717710 -659.584894 103.127829
63.350000 1.996144 0.943743 -636.913432 129.605855
63.400000 1.997799 0.909539 -640.108668 127.046305
63.450000 2.001073 0.788678 -652.207403 116.204704
63.500000 1.997865 0.898475 -632.120320 135.059950
63.550000 2.019418 0.680064 -655.380487 120.076038
63.600000 1.990437 0.691784 -645.787865 118.539933
63.650000 1.996775 0.614650 -652.432503 114.329153
63.700000 2.003042 0.760110 -636.031638 133.136667
63.750000 2.008410 0.556357 -658.791944 112.437329
63.800000 1.992625 0.441835 -671.380304 93.787736
63.850000 1.993943 0.904739 -618.141390 147.532759
63.900000 2.009035 0.739444 -643.755470 127.714065
63.950000 1.996984 0.743706 -640.811665 126.030248
64.000000 2.004694 0.737168 -643.345304 126.457174
64.050000 1.978098 1.002603 -606.654814 152.934767
64.100000 2.001974 0.697037 -640.871023 127.887079
64.150000 2.010678 0.545277 -653.758409 118.341984
64.200000 1.996289 0.299340 -683.239301 83.335607
64.250000 2.000727 0.714107 -638.341950 129.937351
64.300000 2.005798 0.782753 -638.297134 131.929214
64.350000 1.999402 0.867427 -626.946587 140.823946
64.400000 2.008902 0.657613 -650.838082 120.580212
64.450000 2.003786 0.613789 -655.957348 113.496314
64.500000 1.997766 0.758881 -638.649439 128.492524
64.550000 2.000655 0.722249 -640.634209 127.617250
64.600000 1.994509 0.626036 -648.115160 117.776228
64.650000 2.006549 0.729579 -629.561289 140.953508
64.700000 2.002255 0.644673 -639.935544 128.930217
64.750000 2.000664 0.898060 -611.697029 156.558038
64.800000 2.004329 0.672689 -645.749623 123.912679
64.850000 1.995943 0.813380 -635.260102 131.181952
64.900000 2.017474 0.768863 -645.178965 129.530891
64.950000 1.992537 0.489321 -675.605464 89.528712
65.000000 1.990103 0.760437 -642.126905 122.072512
65.050000 1.990567 0.859026 -628.414050 135.963654
65.100000 2.002734 0.606508 -651.173816 117.876070
65.150000 1.996822 0.536883 -652.297219 114.482507
65.200000 1.999879 0.578040 -643.095004 124.858651
65.250000 2.015402 0.473051 -652.562142 121.352087
65.300000 1.986773 0.518490 -647.178390 115.742451
65.350000 2.001059 0.768119 -622.807519 145.599221
65.400000 2.001457 0.697723 -632.867298 135.692223
65.450000 2.004653 0.526589 -653.644965 116.141874
65.500000 2.000717 0.597528 -644.204165 124.071162
65.550000 2.005941 0.568932 -648.158733 122.122539
65.600000 1.990704 0.692659 -636.304125 128.126254
65.650000 2.006698 0.546688 -658.693981 111.877860
65.700000 1.998559 0.700319 -639.671664 127.774809
65.750000 2.007757 0.768913 -633.233101 137.745723
65.800000 1.990591 0.871463 -617.973261 146.413872
65.850000 2.009919 0.687537 -638.464190 133.344514
65.900000 1.999032 0.582699 -645.510252 122.117932
65.950000 1.999737 0.460605 -659.899171 107.999786
66.000000 2.003925 0.583746 -646.867610 122.639404
66.050000 2.001923 0.520744 -660.986250 107.752204
66.100000 1.980135 0.835207 -628.578699 131.793048
66.150000 2.005668 0.733838 -650.977899 119.198490
66.200000 2.000319 0.791048 -648.789546 119.333030
66.250000 2.003022 0.900022 -636.224276 132.936190
66.300000 2.001623 0.789135 -643.667673 124.955465
66.350000 1.997568 0.695654 -650.591756 116.474259
66.400000 1.997899 0.662490 -654.025409 113.167931
66.450000 2.007188 0.612566 -662.673171 108.087064
66.500000 1.993039 0.787828 -643.132906 122.193936
66.550000 2.008506 0.766141 -647.908248 123.357942
66.600000 1.997699 0.713117 -654.041643 113.074661
66.650000 2.001177 0.761793 -647.651615 120.800326
66.700000 1.996749 0.644309 -660.619641 106.131971
66.750000 1.999870 0.571183 -664.350827 103.599340
66.800000 1.984486 0.672328 -649.914370 112.128211
66.850000 1.998691 0.710356 -648.065375 119.431827
66.900000 2.001721 0.583203 -664.662723 103.998100
66.950000 2.000296 0.503234 -674.896399 93.217214
67.000000 1.990736 0.802497 -638.554184 125.888537
67.050000 2.003172 0.750331 -650.018937 119.199231
67.100000 2.000565 0.875819 -636.940568 131.276352
67.150000 2.011343 0.822832 -645.230278 127.125278
67.200000 2.011046 0.958722 -625.130450 147.111342
67.250000 1.995713 0.937724 -624.164178 142.189691
67.300000 2.008046 0.673428 -652.141078 118.948684
67.350000 1.989572 0.601666 -659.782694 104.212815
67.400000 2.004744 0.795197 -639.707106 130.114416
67.450000 2.001206 0.720706 -645.048263 123.414945
