# t Temp Pres Epot Etot
0.000000 2.015175 28.826210 -1408.420584 -634.593487
0.050000 2.006246 29.176386 -1388.958742 -618.560198
0.100000 2.005160 27.668568 -1457.554827 -687.573330
0.150000 2.000577 28.090045 -1437.363912 -669.142482
0.200000 1.997783 29.840869 -1361.245953 -594.097454
0.250000 2.002083 29.919087 -1356.423990 -587.624236
0.300000 2.026615 29.663812 -1371.908374 -593.688086
0.350000 2.015937 28.051780 -1439.723973 -665.604345
0.400000 2.031858 27.722016 -1456.313408 -676.079807
0.450000 1.944939 28.951280 -1399.404714 -652.548238
0.500000 2.023542 28.166451 -1438.297247 -661.257009
0.550000 1.996698 30.685183 -1322.295298 -555.563198
0.600000 1.980462 29.815085 -1363.068919 -602.571545
0.650000 2.040543 27.901880 -1451.831340 -668.262983
0.700000 1.979240 28.800948 -1407.259848 -647.231521
0.750000 2.014758 27.872951 -1446.736109 -673.069094
0.800000 1.992063 28.547903 -1416.772416 -651.820082
0.850000 1.973254 29.565460 -1370.389808 -612.660462
0.900000 2.043196 27.918145 -1450.163238 -665.576040
0.950000 2.002130 28.218892 -1433.455757 -664.637908
1.000000 2.010520 28.879616 -1405.345374 -633.305830
1.050000 2.021439 28.245809 -1433.044562 -656.811942
1.100000 1.985474 28.905572 -1404.137307 -641.715249
1.150000 2.016821 28.837127 -1407.915299 -633.456041
1.200000 1.985384 28.491806 -1420.951168 -658.563853
1.250000 1.987427 29.168174 -1390.682347 -627.510467
1.300000 1.999219 29.097897 -1391.518873 -623.818944
1.350000 2.024390 28.419263 -1426.130049 -648.764311
1.400000 1.977057 28.941083 -1402.267618 -643.077911
1.450000 1.998815 28.293964 -1431.236513 -663.691428
1.500000 1.991841 29.143437 -1393.047656 -628.180656
1.550000 1.998403 28.935075 -1403.065941 -635.679284
1.600000 1.994491 28.656286 -1413.135906 -647.251536
1.650000 1.991123 29.664089 -1366.616283 -602.025117
1.700000 2.014669 27.684369 -1456.436471 -682.803555
1.750000 1.968256 28.454896 -1424.100044 -668.289811
1.800000 1.991761 30.175052 -1341.020460 -576.184425
1.850000 2.023058 28.097501 -1441.749446 -664.895334
1.900000 1.985888 27.854181 -1448.153487 -685.572555
1.950000 1.987090 27.917912 -1445.588719 -682.546102
2.000000 2.001304 30.610104 -1326.719526 -558.218843
2.050000 2.006193 28.084116 -1445.307276 -674.929085
2.100000 2.015428 29.064569 -1396.684559 -622.760198
2.150000 1.998294 29.300327 -1385.128529 -617.783453
2.200000 1.948714 28.530877 -1416.650710 -668.344507
2.250000 1.997136 27.978535 -1443.576935 -676.676732
2.300000 1.986380 28.452189 -1424.020586 -661.250792
2.350000 1.987852 29.752180 -1363.057731 -599.722626
2.400000 2.027033 29.343222 -1384.658275 -606.277690
2.450000 1.992565 29.878997 -1357.252450 -592.107455
2.500000 2.011170 28.814275 -1406.485370 -634.196047
2.550000 1.969857 28.601475 -1418.931583 -662.506352
2.600000 1.995395 29.677061 -1366.860153 -600.628484
2.650000 1.995402 28.289240 -1433.774348 -667.540105
2.700000 2.025795 28.940777 -1402.843495 -624.938163
2.750000 1.979918 28.979629 -1399.921118 -639.632603
2.800000 1.999990 28.497995 -1423.777349 -655.781161
2.850000 2.011817 29.724729 -1369.086748 -596.549145
2.900000 2.007326 28.660013 -1415.344631 -644.531549
2.950000 1.981442 28.973574 -1399.607429 -638.733599
3.000000 2.026110 27.115525 -1484.829134 -706.802903
3.050000 1.983642 29.085101 -1390.651062 -628.932627
3.100000 2.015133 29.698043 -1371.578056 -597.767139
3.150000 2.014924 27.801817 -1456.113484 -682.382825
3.200000 2.016655 29.696709 -1367.380024 -592.984336
3.250000 1.973455 28.672030 -1410.148152 -652.341386
3.300000 1.984895 28.913351 -1402.419101 -640.219577
3.350000 2.003705 29.246091 -1387.171597 -617.748690
3.400000 2.020900 29.718623 -1365.499794 -589.474139
3.450000 1.988543 29.217623 -1390.609332 -627.008773
3.500000 1.995096 29.329903 -1382.843922 -616.727069
3.550000 2.008362 27.958631 -1443.838337 -672.627207
3.600000 2.015059 27.917973 -1451.963811 -678.181231
3.650000 2.003831 28.511563 -1420.154585 -650.683610
3.700000 1.973177 29.884126 -1357.918431 -600.218287
3.750000 2.061508 28.695798 -1416.735352 -625.116221
3.800000 1.947638 29.350354 -1380.795835 -632.902910
3.850000 2.020183 28.950711 -1402.382346 -626.632107
3.900000 2.032730 28.109899 -1440.131228 -659.562770
3.950000 1.993510 29.634521 -1374.434154 -608.926197
4.000000 1.991402 28.884209 -1401.417846 -636.719431
4.050000 2.031604 29.799830 -1363.827022 -583.690967
4.100000 2.007607 27.301372 -1475.081252 -704.160290
4.150000 2.027019 27.732828 -1457.470186 -679.094744
4.200000 1.981382 29.308106 -1382.129909 -621.279050
4.250000 2.022965 29.967318 -1355.672800 -578.854134
4.300000 2.010100 28.642896 -1418.020268 -646.141947
4.350000 2.031994 26.842923 -1497.796086 -717.510256
4.400000 2.031800 28.822690 -1406.252623 -626.041364
4.450000 1.999488 28.799155 -1407.243157 -639.439652
4.500000 1.984238 29.865890 -1358.618252 -596.670913
4.550000 2.013509 28.919297 -1403.756265 -630.568792
4.600000 2.015436 28.532895 -1420.379035 -646.451574
4.650000 1.969694 29.038022 -1400.774263 -644.411874
4.700000 2.023189 28.872099 -1405.975368 -629.070859
4.750000 2.013988 27.746754 -1460.331592 -686.960077
4.800000 1.992078 29.414773 -1380.326193 -615.368368
4.850000 2.018106 28.038051 -1442.052906 -667.100356
4.900000 1.983883 28.304780 -1430.251593 -668.440599
4.950000 1.982544 29.880817 -1360.610169 -599.313225
5.000000 2.053221 28.163405 -1441.016305 -652.579511
5.050000 2.014685 27.498861 -1471.527716 -697.888755
5.100000 2.036547 27.798556 -1457.638139 -675.604019
5.150000 2.058659 28.727846 -1412.477949 -621.952983
5.200000 1.972513 30.385706 -1334.813076 -577.368002
5.250000 2.042771 29.007529 -1401.498919 -617.074811
5.300000 1.983402 28.730558 -1407.299219 -645.672934
5.350000 1.978124 27.679947 -1455.422947 -695.823323
5.400000 2.012160 29.449144 -1381.622124 -608.952642
5.450000 1.977364 29.194253 -1392.872244 -633.564545
5.500000 2.015181 28.148723 -1438.870258 -665.040605
5.550000 2.031761 28.228738 -1434.364824 -654.168776
5.600000 1.989644 29.073323 -1392.744030 -628.720731
5.650000 1.990116 29.115165 -1394.316275 -630.111804
5.700000 2.019900 29.795122 -1365.145368 -589.503647
5.750000 2.035166 27.688605 -1462.951205 -681.447652
5.800000 1.959180 29.219450 -1388.982565 -636.657515
5.850000 2.003760 29.624802 -1373.319044 -603.875045
5.900000 1.992785 30.291791 -1340.609739 -575.380166
5.950000 2.011531 30.235868 -1345.839619 -573.411831
6.000000 2.035247 27.594108 -1462.838700 -681.303743
6.050000 1.980693 27.642470 -1458.609992 -698.023838
6.100000 1.986883 28.614549 -1415.423515 -652.460567
6.150000 1.992195 30.648483 -1323.715000 -558.711981
6.200000 2.018613 30.316785 -1337.773264 -562.625757
6.250000 2.014372 28.327418 -1430.399893 -656.881134
6.300000 2.003689 28.382611 -1427.683476 -658.266829
6.350000 1.996796 28.363610 -1423.405964 -656.636355
6.400000 1.974851 28.735361 -1408.730605 -650.387796
6.450000 1.975449 28.939781 -1400.157024 -641.584465
6.500000 2.002390 30.310119 -1342.822915 -573.905089
6.550000 2.052119 29.042126 -1401.477715 -613.464073
6.600000 2.014098 26.902573 -1491.096728 -717.682949
6.650000 1.981720 28.628323 -1410.497282 -649.516936
6.700000 1.976124 28.987095 -1396.965313 -638.133524
6.750000 2.049037 29.004045 -1400.450461 -613.620130
6.800000 1.994103 27.840874 -1449.425556 -683.690035
6.850000 1.972463 28.493315 -1423.120354 -665.694458
6.900000 1.992333 29.933722 -1357.330810 -592.274978
6.950000 2.058650 30.057869 -1356.906235 -566.384526
7.000000 1.998633 27.964881 -1446.523067 -679.048135
7.050000 1.987066 28.005989 -1443.341152 -680.307897
7.100000 2.051294 27.647865 -1458.730751 -671.033684
7.150000 1.961395 28.964807 -1398.695326 -645.519815
7.200000 1.980554 29.098045 -1391.206505 -630.673615
7.250000 2.008798 28.918411 -1403.823934 -632.445615
7.300000 1.974262 29.424454 -1376.699668 -618.582935
7.350000 2.002484 29.194658 -1392.905708 -623.952033
7.400000 1.993738 29.896056 -1357.597903 -592.002698
7.450000 2.010880 28.078105 -1438.634801 -666.456913
7.500000 2.020462 16.900863 -1560.722262 -784.864756
7.550000 1.996783 17.569768 -1525.460958 -758.696229
7.600000 1.997966 16.797982 -1562.513236 -795.294141
7.650000 2.008318 17.670459 -1520.605410 -749.411162
7.700000 2.035841 17.515853 -1530.251872 -748.488909
7.750000 1.986351 17.830065 -1510.301071 -747.542382
7.800000 1.998476 17.365379 -1541.712667 -774.297893
7.850000 2.001821 17.755117 -1516.515778 -747.816582
7.900000 2.001752 17.937621 -1508.689516 -740.016905
7.950000 2.036238 17.186824 -1544.043536 -762.127994
8.000000 1.957411 16.981118 -1550.461870 -798.815860
8.050000 1.989320 18.699617 -1471.821890 -707.922954
8.100000 1.994490 16.959474 -1555.977440 -790.093303
8.150000 1.982466 17.341442 -1537.346895 -776.079819
8.200000 1.989682 17.819715 -1514.017469 -749.979686
8.250000 2.005172 16.346777 -1586.659327 -816.673382
8.300000 1.999860 18.236871 -1495.415733 -727.469518
8.350000 2.064610 16.890957 -1560.898476 -768.088192
8.400000 1.976522 16.828593 -1560.820079 -801.835681
8.450000 2.018388 17.780364 -1517.136935 -742.076094
8.500000 1.976640 18.219472 -1495.856348 -736.826734
8.550000 1.984951 19.664170 -1427.493310 -665.272024
8.600000 2.026411 18.725293 -1475.433415 -697.291649
8.650000 1.988022 17.910017 -1503.459337 -740.058949
8.700000 2.009989 16.161710 -1592.405360 -820.569413
8.750000 1.970024 16.785445 -1558.552798 -802.063602
8.800000 1.969610 17.785933 -1518.491848 -762.161796
8.850000 1.990559 18.571744 -1479.945163 -715.570476
8.900000 1.991474 17.678220 -1524.488028 -759.762173
8.950000 2.020291 17.824673 -1515.902555 -740.110994
9.000000 2.014525 18.118242 -1500.807300 -727.229711
9.050000 1.995333 17.144506 -1545.489238 -779.281260
9.100000 1.988552 17.930357 -1508.276196 -744.672208
9.150000 1.971343 17.173839 -1546.143391 -789.147579
9.200000 2.017100 18.663841 -1478.606373 -704.039943
9.250000 2.013136 17.070384 -1553.937198 -780.892987
9.300000 2.052729 17.634347 -1526.275145 -738.027226
9.350000 1.994636 16.903012 -1557.308038 -791.367867
9.400000 1.990055 16.726233 -1565.433115 -801.251886
9.450000 2.014232 17.727392 -1518.684377 -745.219180
9.500000 1.992554 17.274054 -1538.500371 -773.359799
9.550000 1.992197 17.566377 -1526.534427 -761.530695
9.600000 1.985833 18.064411 -1500.514884 -737.954998
9.650000 1.990534 17.470366 -1529.475879 -765.110916
9.700000 1.995595 18.559261 -1477.057748 -710.749316
9.750000 2.008517 18.259408 -1488.592400 -717.321775
9.800000 1.999281 16.506004 -1574.718992 -806.995211
9.850000 1.997398 16.634829 -1572.491518 -805.490767
9.900000 2.037659 17.249936 -1538.227059 -755.765876
9.950000 1.969112 16.354243 -1582.854605 -826.715570
10.000000 2.000428 17.346493 -1540.579392 -772.414898
10.050000 1.985916 18.665127 -1472.584977 -709.993109
10.100000 2.002347 18.752170 -1470.816260 -701.914838
10.150000 2.030206 19.052386 -1462.706989 -683.107745
10.200000 1.957815 18.434284 -1484.997458 -733.196681
10.250000 2.021770 18.094216 -1505.372649 -729.012930
10.300000 2.012430 17.170030 -1548.037677 -775.264444
10.350000 2.001321 17.480370 -1527.463074 -758.955887
10.400000 1.978991 17.165862 -1547.369099 -787.436519
10.450000 1.994002 17.296672 -1537.693368 -771.996695
10.500000 1.963883 18.079715 -1493.911351 -739.780199
10.550000 1.986728 17.681858 -1517.832914 -754.929296
10.600000 1.994780 17.335545 -1538.498963 -772.503283
10.650000 2.033308 17.996734 -1511.336189 -730.546011
10.700000 2.036500 17.418052 -1535.187277 -753.171384
10.750000 1.991587 16.787236 -1562.204168 -797.434687
10.800000 1.967509 16.879472 -1559.011212 -803.487611
10.850000 2.008434 18.532565 -1478.807208 -707.568481
10.900000 1.995379 17.108697 -1549.407533 -783.182103
10.950000 2.015295 18.529153 -1484.472491 -710.599146
11.000000 1.995817 18.066378 -1503.847035 -737.453480
11.050000 2.026366 17.568296 -1525.291372 -747.166785
11.100000 1.971708 16.679556 -1564.494856 -807.358821
11.150000 2.004128 16.957899 -1553.514758 -783.929607
11.200000 1.981580 17.215708 -1545.142550 -784.215977
11.250000 1.993808 17.981445 -1505.512985 -739.890767
11.300000 1.969842 17.719129 -1520.783003 -764.363680
11.350000 2.019348 18.371169 -1492.368063 -716.938593
11.400000 1.991470 18.264349 -1491.527050 -726.802557
11.450000 1.985316 17.890417 -1506.655213 -744.293878
11.500000 2.034654 17.009730 -1556.856350 -775.549168
11.550000 1.981959 16.994170 -1554.499309 -793.427120
11.600000 2.029999 16.413860 -1583.664080 -804.144625
11.650000 1.989041 18.014692 -1500.480488 -736.688911
11.700000 2.009655 18.696414 -1474.479908 -702.772298
11.750000 1.968617 17.491092 -1536.810964 -780.862180
11.800000 2.030475 16.841513 -1562.878118 -783.175715
11.850000 1.975451 17.075579 -1546.652504 -788.079366
11.900000 2.002109 18.605237 -1478.885664 -710.075770
11.950000 2.001740 18.200633 -1499.947069 -731.279060
12.000000 2.017002 17.034734 -1549.784705 -775.256098
12.050000 1.985390 17.295774 -1540.061882 -777.672236
12.100000 1.994463 18.191280 -1498.636557 -732.762792
12.150000 2.038191 17.636873 -1527.239710 -744.574390
12.200000 1.985088 16.439212 -1575.473581 -813.199969
12.250000 1.995018 17.116184 -1547.451461 -781.364428
12.300000 1.991933 17.370542 -1528.254166 -763.352029
12.350000 2.014107 17.480691 -1528.801098 -755.384039
12.400000 2.003227 18.883440 -1461.685833 -692.446639
12.450000 2.022335 18.025346 -1504.138534 -727.561900
12.500000 2.028847 16.750600 -1565.494945 -786.417712
12.550000 1.993314 17.390504 -1534.363595 -768.930970
12.600000 1.984909 17.837961 -1511.400833 -749.195631
12.650000 2.012421 15.862180 -1607.719709 -834.949966
12.700000 1.953347 18.078885 -1498.909658 -748.824553
12.750000 2.010163 18.959123 -1462.887921 -690.985314
12.800000 2.006564 16.965177 -1555.399403 -784.878779
12.850000 1.964245 18.076219 -1502.831544 -748.561581
12.900000 2.025660 17.359975 -1536.864008 -759.010440
12.950000 1.978841 18.604202 -1474.702690 -714.827717
13.000000 1.997185 18.178501 -1500.183574 -733.264424
13.050000 1.998689 17.810921 -1517.156904 -749.660167
13.100000 2.005750 16.878986 -1562.940532 -792.732440
13.150000 2.028844 18.275290 -1494.469231 -715.393166
13.200000 2.005658 17.611803 -1521.199534 -751.026975
13.250000 1.997953 16.553137 -1572.072653 -804.858839
13.300000 2.008128 16.349027 -1584.556806 -813.435494
13.350000 1.997015 18.356927 -1486.400061 -719.546468
13.400000 2.000264 18.354574 -1487.264494 -719.162933
13.450000 2.016506 17.340684 -1538.827296 -764.489065
13.500000 2.013888 18.091199 -1503.620239 -730.287150
13.550000 2.000062 17.951653 -1505.559060 -737.535388
13.600000 1.990311 17.363112 -1536.209711 -771.930273
13.650000 1.997587 16.829364 -1559.996875 -792.923333
13.700000 2.012775 18.203207 -1496.933041 -724.027552
13.750000 2.020151 16.926356 -1556.803814 -781.066021
13.800000 2.000143 17.339859 -1537.644224 -769.589432
13.850000 1.998090 16.961448 -1556.163384 -788.896892
13.900000 1.993349 17.298170 -1538.560215 -773.114356
13.950000 2.000150 17.511162 -1530.628480 -762.571063
14.000000 1.978861 18.383707 -1487.950958 -728.068231
14.050000 2.013607 18.566361 -1481.976619 -708.751370
14.100000 2.025390 18.785310 -1475.045328 -697.295583
14.150000 2.013049 17.920821 -1511.868025 -738.857222
14.200000 1.980902 18.641004 -1472.739076 -712.072591
14.250000 1.989076 17.297413 -1535.811667 -772.006595
14.300000 2.012027 18.204764 -1494.785688 -722.167419
14.350000 1.978918 17.111701 -1547.686747 -787.782159
14.400000 1.983176 18.079569 -1504.248147 -742.708400
14.450000 2.014784 17.716419 -1523.338331 -749.661324
14.500000 1.982466 18.043749 -1501.275750 -740.008895
14.550000 2.026020 17.526619 -1528.305618 -750.314096
14.600000 1.976072 18.455518 -1485.019722 -726.208173
14.650000 2.011252 18.097260 -1501.089969 -728.769081
14.700000 2.006214 16.098881 -1596.535176 -826.148954
14.750000 1.984471 17.448059 -1530.365087 -768.328141
14.800000 2.021565 18.383688 -1491.601487 -715.320680
14.850000 1.995007 17.943176 -1507.044302 -740.961574
14.900000 1.987685 18.495817 -1482.980515 -719.709389
14.950000 1.991439 17.386606 -1534.359704 -769.647081
15.000000 2.025114 14.309906 -1340.827956 -563.184328
15.050000 1.984659 14.550255 -1323.199817 -561.090920
15.100000 1.991295 14.450411 -1326.769654 -562.112455
15.150000 1.995384 14.376042 -1326.112552 -559.885031
15.200000 1.992869 14.193508 -1338.585271 -573.323595
15.250000 1.986207 16.069555 -1233.905496 -471.202040
15.300000 2.011565 15.053594 -1295.720325 -523.279328
15.350000 2.005197 14.365207 -1332.973917 -562.978338
15.400000 2.012920 15.619962 -1277.129605 -504.168480
15.450000 2.001992 14.968602 -1307.413727 -538.648801
15.500000 2.020200 15.474220 -1279.646494 -503.889764
15.550000 1.996355 15.019887 -1305.933110 -539.332797
15.600000 1.997675 15.146115 -1296.705130 -529.597826
15.650000 2.019376 15.085711 -1302.596261 -527.155921
15.700000 1.973176 15.742801 -1268.801274 -511.101762
15.750000 2.031012 15.444512 -1284.644385 -504.735667
15.800000 2.003471 15.074307 -1301.432168 -532.099336
15.850000 1.975540 15.229957 -1288.847148 -530.239962
15.900000 2.020954 15.285190 -1289.357767 -513.311425
15.950000 1.981057 15.084949 -1297.006627 -536.280880
16.000000 2.011451 15.244362 -1295.925678 -523.528496
16.050000 2.008716 15.481427 -1276.296073 -504.949250
16.100000 2.001047 13.588042 -1372.583884 -604.181887
16.150000 1.992622 15.015765 -1300.135490 -534.968548
16.200000 2.009946 15.240784 -1288.367876 -516.548426
16.250000 1.994498 15.448949 -1274.075995 -508.188727
16.300000 2.034245 14.767570 -1315.962460 -534.812301
16.350000 2.019965 14.413506 -1335.258073 -559.591589
16.400000 2.011904 15.622989 -1274.458006 -501.886956
16.450000 2.007483 15.642910 -1273.116414 -502.242777
16.500000 2.033195 15.233139 -1290.874363 -510.127549
16.550000 1.982124 14.845565 -1310.747787 -549.612043
16.600000 2.006441 14.448148 -1330.130569 -559.657267
16.650000 1.996130 15.387239 -1286.295257 -519.781458
16.700000 1.987060 15.395830 -1287.621625 -524.590692
16.750000 2.021917 14.664826 -1319.545484 -543.129470
16.800000 1.971251 16.029080 -1250.248175 -493.287761
16.850000 2.015303 14.988276 -1307.439380 -533.562907
16.900000 1.982785 15.802324 -1259.322553 -497.933024
16.950000 2.001160 15.319326 -1284.419619 -515.974187
17.000000 2.015090 15.339442 -1288.810205 -515.015787
17.050000 1.983895 15.083036 -1299.389377 -537.573766
17.100000 1.997922 15.598382 -1270.842569 -503.640397
17.150000 2.006016 15.323799 -1289.763890 -519.453699
17.200000 2.016741 14.200599 -1346.558882 -572.130221
17.250000 1.980851 14.471710 -1327.345898 -566.698965
17.300000 1.996958 15.222606 -1299.012764 -532.181006
17.350000 2.006386 16.450880 -1235.797608 -465.345471
17.400000 2.019047 14.857711 -1313.860746 -538.546862
17.450000 2.014108 14.574123 -1324.939427 -551.521887
17.500000 2.005901 16.007617 -1251.417199 -481.151146
17.550000 1.993496 16.103012 -1247.290408 -481.788055
17.600000 1.999826 15.228641 -1296.851173 -528.918013
17.650000 2.027015 15.409193 -1284.830098 -506.456208
17.700000 1.973945 15.390224 -1282.019197 -524.024492
17.750000 2.016961 15.191559 -1291.509384 -516.996195
17.800000 1.996772 15.252375 -1291.933416 -525.172850
17.850000 1.976554 15.896138 -1255.977764 -496.981012
17.900000 2.007401 15.270392 -1293.215105 -522.372938
17.950000 1.981966 16.211159 -1243.416375 -482.341525
18.000000 2.036216 15.408411 -1283.376112 -501.469152
18.050000 2.026716 15.085124 -1295.805311 -517.546402
18.100000 2.011232 15.798927 -1271.111763 -498.798834
18.150000 1.966673 15.969577 -1267.151315 -511.948797
18.200000 2.017834 15.920226 -1261.326644 -486.478512
18.250000 1.966528 15.094848 -1292.102132 -536.955533
18.300000 2.008929 15.274279 -1285.666587 -514.237989
18.350000 2.040499 15.587180 -1275.386611 -491.834951
18.400000 1.967151 15.130324 -1293.565824 -538.179772
18.450000 2.004324 15.607369 -1276.099475 -506.438937
18.500000 2.014758 15.123309 -1307.306521 -533.639561
18.550000 1.993567 14.401689 -1333.652601 -568.122833
18.600000 1.981696 13.895099 -1357.098735 -596.127564
18.650000 1.999874 15.260838 -1288.000609 -520.049026
18.700000 1.999251 15.951159 -1259.281740 -491.569329
18.750000 2.005165 16.274723 -1240.392107 -470.408794
18.800000 2.013039 15.588356 -1278.990993 -505.983926
18.850000 1.974127 15.829583 -1261.612854 -503.548170
18.900000 1.995647 15.508560 -1274.834638 -508.506301
18.950000 1.950279 15.797136 -1256.585717 -507.678525
19.000000 1.983936 15.593208 -1272.879622 -511.048302
19.050000 1.987365 15.221382 -1294.320893 -531.172785
19.100000 2.015637 16.031095 -1247.032246 -473.027459
19.150000 1.989622 14.803134 -1319.387219 -555.372366
19.200000 1.990916 15.159230 -1300.881565 -536.370012
19.250000 2.035843 14.690427 -1328.672246 -546.908457
19.300000 2.009253 15.163391 -1298.742398 -527.189255
19.350000 1.970561 15.215586 -1293.400625 -536.705379
19.400000 2.010608 14.061803 -1346.260812 -574.187450
19.450000 1.995108 14.869967 -1307.782395 -541.660798
19.500000 1.988480 15.702822 -1262.212346 -498.635965
19.550000 2.016127 15.363589 -1277.091943 -502.899234
19.600000 2.012130 15.183700 -1291.029932 -518.371854
19.650000 2.013151 14.524067 -1330.809337 -557.759478
19.700000 2.013344 15.316409 -1286.856731 -513.732626
19.750000 1.980735 15.038529 -1304.088493 -543.486063
19.800000 2.005086 15.176080 -1301.682720 -531.729794
19.850000 2.005459 15.254306 -1294.451665 -524.355341
19.900000 2.002486 14.889996 -1310.699939 -541.745338
19.950000 2.028433 15.084141 -1299.957966 -521.039624
20.000000 2.000313 14.646945 -1316.330053 -548.209741
20.050000 1.990782 15.537427 -1272.308976 -507.848601
20.100000 2.012313 15.569303 -1271.080024 -498.351901
20.150000 2.025168 15.494087 -1275.491728 -497.827147
20.200000 2.005210 15.020163 -1301.357069 -531.356573
20.250000 2.012173 15.460657 -1279.104576 -506.430007
20.300000 1.994893 15.814469 -1257.342223 -491.303292
20.350000 2.022909 15.646809 -1272.793787 -495.996841
20.400000 1.998474 15.859757 -1251.783524 -484.369595
20.450000 1.996484 14.688759 -1319.063070 -552.413075
20.500000 2.024372 16.109738 -1244.817772 -467.458859
20.550000 2.009314 14.442748 -1333.785541 -562.208844
20.600000 2.005099 14.486362 -1331.568508 -561.610418
20.650000 1.993639 14.974817 -1300.425560 -534.868006
20.700000 2.017353 15.452689 -1276.607691 -501.944157
20.750000 1.974853 15.544567 -1276.123986 -517.780616
20.800000 1.983800 15.461745 -1284.479041 -522.699900
20.850000 2.010631 14.553589 -1331.398217 -559.315798
20.900000 2.011314 14.506050 -1328.828818 -556.484251
20.950000 1.987926 14.452847 -1332.292248 -568.928628
21.000000 1.960647 15.078423 -1295.224170 -542.335731
21.050000 1.985950 13.487414 -1379.920019 -617.315029
21.100000 1.982857 15.215522 -1294.248851 -532.831573
21.150000 2.024076 14.691749 -1325.352324 -548.107239
21.200000 2.006495 15.029376 -1301.846132 -531.352197
21.250000 1.968217 14.564587 -1320.423523 -564.628012
21.300000 1.960315 15.404969 -1278.487844 -525.726799
21.350000 2.019130 14.837941 -1311.951961 -536.606086
21.400000 1.980617 15.247269 -1289.603487 -529.046409
21.450000 2.016099 15.065036 -1300.748157 -526.566216
21.500000 1.996563 14.485588 -1328.438463 -561.758255
21.550000 1.996026 16.277573 -1237.705624 -471.231807
21.600000 1.995044 15.894705 -1264.409821 -498.312986
21.650000 2.022266 15.305642 -1296.203349 -519.653096
21.700000 1.991016 15.965688 -1256.708801 -492.158758
21.750000 2.006713 15.625763 -1261.029331 -490.451608
21.800000 1.986051 14.658141 -1311.076703 -548.433248
21.850000 1.984168 14.916774 -1310.118787 -548.198192
21.900000 2.008930 14.955843 -1310.884751 -539.455697
21.950000 1.962263 15.651527 -1271.381150 -517.872287
22.000000 1.996329 16.193042 -1245.339225 -478.748763
22.050000 2.005733 15.790436 -1268.922532 -498.720886
22.100000 1.987406 15.211509 -1298.816939 -535.653216
22.150000 1.997016 15.448019 -1286.017661 -519.163414
22.200000 2.022506 15.505669 -1282.702591 -506.060165
22.250000 2.004727 15.815327 -1267.524911 -497.709790
22.300000 2.008279 15.041843 -1308.934671 -537.755562
22.350000 2.006482 15.143486 -1302.755058 -532.266003
22.400000 1.996435 15.657906 -1272.233152 -505.601963
22.450000 2.003469 14.946507 -1303.961196 -534.629163
22.500000 1.990696 10.384523 -1215.413130 -450.985866
22.550000 1.994168 9.198198 -1281.823571 -516.063112
22.600000 2.005858 8.808029 -1300.450962 -530.201546
22.650000 1.990234 9.658008 -1254.097973 -489.848184
22.700000 1.992137 9.712410 -1250.025888 -485.045133
22.750000 1.988442 8.456080 -1326.001664 -562.439782
22.800000 2.007747 9.543887 -1269.244989 -498.270062
22.850000 1.986559 9.013138 -1290.207028 -527.368330
22.900000 2.009905 9.434004 -1265.487028 -493.683334
22.950000 2.000028 8.816934 -1297.531044 -529.520164
23.000000 2.004178 9.035442 -1288.799944 -519.195763
23.050000 1.996968 8.943173 -1295.005103 -528.169573
23.100000 2.002529 8.279124 -1332.578465 -563.607165
23.150000 2.013399 8.798945 -1297.327492 -524.182439
23.200000 2.009499 8.732516 -1307.403220 -535.755560
23.250000 2.010673 8.186603 -1338.419880 -566.321536
23.300000 1.983873 9.304238 -1270.676430 -508.869257
23.350000 2.007395 8.326463 -1327.874703 -557.035171
23.400000 1.984005 8.693797 -1303.122486 -541.264630
23.450000 1.974881 9.534368 -1256.519150 -498.164803
23.500000 1.992777 8.666821 -1313.389545 -548.162985
23.550000 2.013389 9.333703 -1285.972273 -512.831031
23.600000 1.984622 9.320140 -1287.011876 -524.916856
23.650000 2.007069 9.902592 -1249.429554 -478.714923
23.700000 2.009003 8.193759 -1343.446248 -571.989192
23.750000 1.970532 8.693205 -1307.700773 -551.016609
23.800000 1.991831 9.041138 -1291.582894 -526.719621
23.850000 1.995056 9.609991 -1260.530180 -494.428488
23.900000 1.985765 9.104032 -1287.106239 -524.572556
23.950000 2.012446 9.354334 -1270.485892 -497.706628
24.000000 2.008617 8.940870 -1297.176364 -525.867375
24.050000 2.012161 8.401179 -1327.104640 -554.434654
24.100000 1.990520 8.652841 -1307.500121 -543.140597
24.150000 1.992688 9.795168 -1245.261264 -480.068964
24.200000 2.011836 9.291894 -1271.184371 -498.639355
24.250000 2.019689 9.376817 -1269.172877 -493.612218
24.300000 1.978922 10.066184 -1232.155475 -472.249337
24.350000 2.008802 9.597634 -1267.934974 -496.555109
24.400000 2.001732 9.936398 -1248.998296 -480.333183
24.450000 2.031130 8.529338 -1326.625751 -546.671999
24.500000 2.000476 8.659827 -1317.005684 -548.822920
24.550000 1.970499 9.744687 -1249.885849 -493.214378
24.600000 2.004883 9.711631 -1259.097712 -489.222814
24.650000 2.002950 9.060494 -1292.573435 -523.440481
24.700000 1.983040 9.158961 -1285.260847 -523.773489
24.750000 2.018723 9.389085 -1273.296804 -498.107203
24.800000 2.023013 9.530807 -1260.908160 -484.071320
24.850000 1.977759 8.394577 -1321.919075 -562.459742
24.900000 1.999981 8.719403 -1310.049695 -542.057123
24.950000 1.997193 9.117756 -1292.262345 -525.340119
25.000000 2.016662 10.153312 -1234.979991 -460.581675
25.050000 1.987041 8.936246 -1301.334883 -538.311289
25.100000 2.027870 8.843965 -1305.996597 -527.294381
25.150000 1.989094 8.944494 -1299.557451 -535.745501
25.200000 1.989414 8.847286 -1296.843439 -532.908649
25.250000 1.991770 9.190966 -1278.341340 -513.501744
25.300000 2.018788 8.683444 -1306.257195 -531.042658
25.350000 1.991625 8.793078 -1293.934613 -529.150662
25.400000 1.988672 9.308977 -1267.404535 -503.754309
25.450000 2.012646 8.834869 -1302.716949 -529.860802
25.500000 1.991523 8.431630 -1327.476195 -562.731257
25.550000 2.005425 9.189002 -1284.060894 -513.977883
25.600000 2.015471 8.617770 -1321.904540 -547.963775
25.650000 1.988120 8.905176 -1304.679666 -541.241503
25.700000 1.996952 8.495750 -1332.069674 -565.240176
25.750000 2.022632 8.567343 -1326.894854 -550.204211
25.800000 2.000637 8.632884 -1317.411050 -549.166511
25.850000 2.004037 9.007239 -1297.901588 -528.351442
25.900000 2.015025 9.393994 -1278.876992 -505.107289
25.950000 1.968565 8.425884 -1329.705870 -573.776774
26.000000 2.005780 8.697766 -1314.306600 -544.086990
26.050000 1.980338 8.694969 -1322.934817 -562.484855
26.100000 2.017687 9.492768 -1279.473101 -504.681104
26.150000 1.983717 8.944442 -1303.207803 -541.460366
26.200000 2.012364 8.677590 -1315.721918 -542.974293
26.250000 1.990371 9.553121 -1262.187846 -497.885257
26.300000 2.027217 9.563421 -1263.287281 -484.835970
26.350000 2.018674 9.750964 -1250.873225 -475.702521
26.400000 2.003626 8.764339 -1304.772041 -535.379748
26.450000 1.972621 9.395284 -1264.636549 -507.150233
26.500000 1.980667 8.597460 -1318.636249 -558.060292
26.550000 2.000218 8.971234 -1303.961855 -535.878208
26.600000 2.017130 9.731635 -1266.464738 -491.886961
26.650000 1.998443 9.699110 -1267.161718 -499.759528
26.700000 2.018434 9.161857 -1288.453033 -513.374518
26.750000 1.999442 8.893637 -1300.136492 -532.350910
26.800000 2.011296 8.501275 -1317.444147 -545.106490
26.850000 1.965302 9.535921 -1264.505159 -509.829195
26.900000 2.062252 9.130175 -1294.628639 -502.723689
26.950000 2.001422 8.810830 -1298.776035 -530.230161
27.000000 1.994959 8.420708 -1319.522954 -553.458682
27.050000 2.005441 8.352759 -1324.083123 -553.993796
27.100000 2.006736 8.285638 -1327.289383 -556.702861
27.150000 2.002082 8.980525 -1293.110804 -524.311199
27.200000 2.004413 9.227264 -1279.260993 -509.566373
27.250000 2.004089 8.504990 -1317.363537 -547.793470
27.300000 1.996729 8.570392 -1310.867408 -544.123414
27.350000 2.002233 8.681170 -1305.677363 -536.819810
27.400000 1.988105 9.033645 -1288.912173 -525.479686
27.450000 2.001565 9.634975 -1257.841841 -489.241047
27.500000 2.024890 9.609644 -1264.277604 -486.719935
27.550000 2.000865 8.818410 -1308.750188 -540.418140
27.600000 1.979723 9.776196 -1244.118676 -483.905172
27.650000 2.031943 8.771229 -1303.525754 -523.259711
27.700000 2.006246 8.702544 -1306.522902 -536.124268
27.750000 1.975876 8.324311 -1321.435347 -562.698787
27.800000 1.984039 8.592433 -1307.422054 -545.550898
27.850000 1.985997 9.345107 -1273.893765 -511.270739
27.900000 2.006977 8.913269 -1303.794798 -533.115633
27.950000 1.989102 8.790174 -1311.200106 -547.384848
28.000000 1.997348 9.146583 -1291.301648 -524.319952
28.050000 2.020507 9.301963 -1283.208546 -507.333904
28.100000 2.000441 9.800018 -1255.932193 -487.763031
28.150000 1.996949 10.127498 -1236.052617 -469.224353
28.200000 2.003445 9.939237 -1254.415588 -485.092761
28.250000 2.019768 10.237423 -1238.578395 -462.987653
28.300000 2.018488 9.281577 -1284.151336 -509.051861
28.350000 1.988590 8.475901 -1319.843319 -556.224606
28.400000 2.027894 8.139459 -1337.259772 -558.548400
28.450000 2.009665 8.418947 -1322.004232 -550.293000
28.500000 1.978512 9.394880 -1271.375572 -511.626952
28.550000 2.013599 9.288348 -1282.329424 -509.107384
28.600000 1.979612 8.750083 -1310.595821 -550.424684
28.650000 2.018982 9.225221 -1278.835623 -503.546673
28.700000 1.988908 8.330925 -1330.406736 -566.666212
28.750000 1.991443 9.117468 -1289.087980 -524.373743
28.800000 2.017203 8.483223 -1321.075204 -546.469360
28.850000 1.989781 8.467044 -1314.475779 -550.399832
28.900000 1.990275 8.121870 -1338.349017 -574.083573
28.950000 2.004969 8.188833 -1337.392192 -567.484257
29.000000 1.981854 9.549214 -1259.696221 -498.664458
29.050000 1.993944 9.468026 -1271.684041 -506.009365
29.100000 2.016637 9.383693 -1279.613457 -505.224984
29.150000 2.016348 10.137409 -1236.161381 -461.883572
29.200000 1.995759 9.420719 -1279.834651 -513.463348
29.250000 1.992408 9.860739 -1249.961951 -484.877250
29.300000 2.014339 8.680372 -1308.395623 -534.889267
29.350000 2.023677 8.847171 -1300.853266 -523.761382
29.400000 1.996945 8.799055 -1312.559380 -545.732528
29.450000 2.016741 9.271935 -1284.594904 -510.166533
29.500000 1.994816 9.107853 -1291.765547 -525.756158
29.550000 1.982447 9.267552 -1279.077615 -517.817782
29.600000 2.008322 9.273536 -1276.437066 -505.241442
29.650000 1.989173 9.819281 -1247.423675 -483.581322
29.700000 1.979823 8.854750 -1307.124720 -546.872863
29.750000 2.000407 8.723233 -1311.622415 -543.465943
29.800000 2.005954 8.838496 -1302.903016 -532.616821
29.850000 1.975872 9.915117 -1243.434213 -484.699382
29.900000 2.016705 9.623979 -1265.196112 -490.781323
29.950000 1.982231 9.033991 -1289.578737 -528.401986
30.000000 1.987148 6.178027 -1161.348972 -398.284130
30.050000 1.994375 5.638298 -1204.808106 -438.968011
30.100000 2.006501 4.949926 -1244.829983 -474.333461
30.150000 1.993614 5.303949 -1213.516795 -447.969185
30.200000 2.005685 5.154784 -1225.962989 -455.780110
30.250000 1.980806 5.308396 -1217.897795 -457.268138
30.300000 2.012421 5.551141 -1208.837080 -436.067449
30.350000 2.006478 5.805201 -1190.253362 -419.765703
30.400000 2.008178 5.610834 -1206.338712 -435.198246
30.450000 2.008319 4.615671 -1266.760304 -495.565648
30.500000 1.990281 5.109815 -1232.986398 -468.718444
30.550000 1.990366 5.067936 -1236.251249 -471.950684
30.600000 2.006738 5.594058 -1201.834065 -431.246671
30.650000 1.991197 5.057168 -1237.070508 -472.450957
30.700000 2.006614 5.917115 -1192.389512 -421.849553
30.750000 1.971562 6.031930 -1187.359498 -430.279783
30.800000 2.012945 6.106867 -1176.735346 -403.764421
30.850000 1.999660 4.844038 -1252.753009 -484.883745
30.900000 1.997857 5.384479 -1213.066649 -445.889484
30.950000 2.019265 4.907175 -1246.116870 -470.718946
31.000000 1.979978 5.253965 -1222.898100 -462.586529
31.050000 2.021441 4.781888 -1248.713595 -472.480226
31.100000 1.991581 5.039634 -1230.511933 -465.744662
31.150000 1.963912 5.901380 -1182.583019 -428.440852
31.200000 2.023362 5.693244 -1203.677135 -426.705949
31.250000 1.991888 5.028949 -1237.589401 -472.704438
31.300000 2.007354 5.023811 -1236.754527 -465.930685
31.350000 1.999821 4.938271 -1245.199642 -477.268406
31.400000 2.006249 4.765164 -1253.809143 -483.409632
31.450000 2.009121 5.399268 -1210.147283 -438.644862
31.500000 1.989003 5.561018 -1196.216959 -432.439863
31.550000 2.037902 4.659049 -1248.686995 -466.132585
31.600000 1.994363 4.243764 -1272.943214 -507.107659
31.650000 1.978632 5.733002 -1187.508889 -427.714265
31.700000 1.999163 6.288736 -1161.717258 -394.038641
31.750000 2.012874 5.188223 -1226.328726 -453.385173
31.800000 1.997858 4.893897 -1236.123109 -468.945514
31.850000 2.003171 4.563569 -1253.186259 -483.968524
31.900000 2.000033 5.276656 -1213.315005 -445.302286
31.950000 2.016072 5.666177 -1198.148002 -423.976288
32.000000 2.000356 5.575566 -1205.709526 -437.572918
32.050000 2.014192 4.976987 -1237.492352 -464.042529
32.100000 1.999865 5.103578 -1223.755749 -455.807678
32.150000 1.984480 5.243472 -1206.471643 -444.431438
32.200000 2.001630 4.256204 -1272.277758 -503.651772
32.250000 1.989144 4.878386 -1242.373355 -478.541919
32.300000 1.986248 6.020071 -1172.145060 -409.425821
32.350000 2.023742 5.313018 -1214.249309 -437.132291
32.400000 1.970052 5.932883 -1170.214633 -413.714757
32.450000 1.996471 5.612390 -1197.546593 -430.901650
32.500000 2.013954 5.327631 -1214.346986 -440.988517
32.550000 1.977920 4.970996 -1238.375253 -478.853833
32.600000 1.984422 4.859619 -1246.200731 -484.182604
32.650000 2.001969 5.986631 -1174.489356 -405.733229
32.700000 2.028063 4.782281 -1253.765576 -474.989210
32.750000 1.979445 5.255628 -1218.541217 -458.434257
32.800000 2.023828 5.095391 -1229.702195 -452.552216
32.850000 1.988774 5.316917 -1214.299745 -450.610649
32.900000 1.997109 5.402495 -1203.773813 -436.884008
32.950000 1.996692 4.914449 -1231.508158 -464.778588
33.000000 2.007826 4.740877 -1248.187864 -477.182706
33.050000 1.987255 5.205607 -1220.547285 -457.441431
33.100000 2.007344 5.007390 -1237.012788 -466.192506
33.150000 2.010196 5.197511 -1221.410901 -449.495489
33.200000 2.009578 4.599136 -1260.513972 -488.835884
33.250000 2.009839 5.574658 -1196.869991 -425.091913
33.300000 1.990011 4.646078 -1257.008244 -492.844042
33.350000 1.981390 4.839149 -1237.888948 -477.035349
33.400000 1.969792 4.737097 -1241.777816 -485.377535
33.450000 1.967542 5.585360 -1200.781826 -445.245735
33.500000 1.994592 6.102686 -1182.499060 -416.575730
33.550000 2.008328 5.658549 -1216.952966 -445.755084
33.600000 2.009633 5.615739 -1205.409955 -433.710830
33.650000 2.004076 4.741390 -1251.707947 -482.142867
33.700000 1.993785 5.178824 -1229.595711 -463.982353
33.750000 2.008687 5.831864 -1191.209356 -419.873573
33.800000 1.992700 5.702955 -1200.151585 -434.954674
33.850000 1.973069 5.166556 -1232.270935 -474.612607
33.900000 2.014286 5.772851 -1187.884516 -414.398631
33.950000 2.016313 5.280274 -1224.304978 -450.040732
34.000000 1.996174 5.381295 -1219.288171 -452.757166
34.050000 1.996478 5.780231 -1194.995172 -428.347777
34.100000 1.986995 6.030981 -1174.004761 -410.998820
34.150000 2.000628 4.819686 -1247.711339 -479.470075
34.200000 2.009418 5.334096 -1215.351262 -443.734921
34.250000 2.001916 5.963603 -1182.248916 -413.513323
34.300000 2.023037 4.884885 -1243.452933 -466.606740
34.350000 1.972970 5.387905 -1207.424980 -449.804674
34.400000 2.000433 5.353880 -1219.691038 -451.524803
34.450000 2.020351 5.142690 -1228.788058 -452.973310
34.500000 1.983371 4.855361 -1243.425207 -481.810615
34.550000 2.011441 5.275975 -1217.999324 -445.605910
34.600000 2.006984 4.953205 -1234.778447 -464.096445
34.650000 1.977836 5.448771 -1199.699496 -440.210597
34.700000 2.004603 5.100131 -1232.485399 -462.717925
34.750000 1.993167 5.514789 -1201.701823 -436.325718
34.800000 1.984251 5.685400 -1185.919239 -423.967008
34.850000 2.017532 5.562775 -1195.987840 -421.255660
34.900000 2.009473 5.419866 -1213.270780 -441.633158
34.950000 2.017571 6.032675 -1175.965274 -401.218167
35.000000 1.996764 5.784057 -1192.142741 -425.385401
35.050000 1.996746 5.559235 -1210.289237 -443.538954
35.100000 2.007996 4.664770 -1262.546889 -491.476258
35.150000 2.000996 5.145580 -1229.482260 -461.099852
35.200000 1.997807 5.656191 -1199.011545 -431.853763
35.250000 1.992318 5.789298 -1191.616289 -426.566102
35.300000 1.999973 5.861553 -1184.734204 -416.744722
35.350000 1.983907 4.944479 -1235.534467 -473.714237
35.400000 1.991286 5.723205 -1185.572021 -420.918208
35.450000 2.020165 5.373598 -1209.705946 -433.962737
35.500000 1.997356 5.137650 -1217.077609 -450.092879
35.550000 2.009992 4.848093 -1236.115432 -464.278376
35.600000 2.001455 5.002952 -1225.710788 -457.152172
35.650000 1.990348 5.615805 -1198.295163 -434.001694
35.700000 2.017723 6.082870 -1167.341784 -392.536081
35.750000 1.995893 5.273862 -1215.718487 -449.295701
35.800000 1.988814 5.638135 -1196.301977 -432.597290
35.850000 2.013099 4.956664 -1239.747624 -466.717676
35.900000 1.972850 5.637109 -1197.082056 -439.507643
35.950000 2.007995 5.615782 -1198.869870 -427.799821
36.000000 2.018268 4.812310 -1241.251240 -466.236427
36.050000 1.982961 5.227503 -1210.810912 -449.353994
36.100000 1.999712 5.569663 -1192.622362 -424.733023
36.150000 1.981282 5.578301 -1194.663973 -433.851503
36.200000 1.986676 4.895052 -1242.443756 -479.560080
36.250000 1.982664 5.526387 -1203.854636 -442.511794
36.300000 1.999976 5.095117 -1234.701012 -466.710182
36.350000 1.978540 5.505758 -1213.423196 -453.663873
36.400000 2.035087 5.372999 -1220.330318 -438.856853
36.450000 1.981445 5.275690 -1220.835966 -459.961081
36.500000 1.996042 5.875866 -1187.733555 -421.253506
36.550000 2.024441 5.837070 -1190.615256 -413.229849
36.600000 2.004835 4.930675 -1240.067323 -470.210614
36.650000 1.994740 5.101355 -1228.802550 -462.822482
36.700000 1.996366 5.058241 -1232.121704 -465.517350
36.750000 1.994587 5.798043 -1187.460770 -421.539320
36.800000 2.033814 5.498851 -1208.975961 -427.991516
36.850000 1.983772 5.506108 -1207.496501 -445.728016
36.900000 1.988576 6.136988 -1177.867752 -414.254647
36.950000 1.990599 6.071430 -1186.254386 -421.864266
37.000000 1.994718 6.275427 -1173.084198 -407.112653
37.050000 2.011785 5.587740 -1206.550703 -434.025303
37.100000 1.996147 5.069947 -1228.291692 -461.771315
37.150000 2.010638 4.973973 -1225.629743 -453.544880
37.200000 1.996715 5.462735 -1199.018867 -432.280371
37.250000 1.987723 6.144768 -1160.913225 -397.627494
37.300000 2.003872 5.161030 -1229.005487 -459.518554
37.350000 1.993978 5.159885 -1224.375630 -458.688188
37.400000 1.998991 5.399547 -1213.770408 -446.157994
37.450000 1.993314 5.154796 -1232.143167 -466.710759
37.500000 1.991675 2.730822 -1122.855991 -358.052944
37.550000 2.003132 2.612630 -1129.043664 -359.841070
37.600000 1.982610 2.875302 -1104.215230 -342.893158
37.650000 1.996298 2.898475 -1105.383229 -338.804607
37.700000 2.018875 3.526041 -1059.614453 -284.366590
37.750000 2.011779 2.578400 -1124.019866 -351.496732
37.800000 1.995604 2.776821 -1112.356493 -346.044491
37.850000 1.990561 3.418871 -1077.897597 -313.522134
37.900000 2.006374 3.440501 -1079.002435 -308.554785
37.950000 2.023218 2.932973 -1113.714031 -336.798491
38.000000 1.997501 3.042426 -1101.274352 -334.233977
38.050000 1.997901 2.673080 -1128.965576 -361.771528
38.100000 2.016527 2.871894 -1117.085207 -342.738755
38.150000 1.985804 3.437238 -1075.434122 -312.885516
38.200000 2.013453 3.362784 -1078.579009 -305.413010
38.250000 1.985253 3.192162 -1088.049193 -325.712136
38.300000 2.021050 3.281585 -1094.287353 -318.203996
38.350000 1.989975 3.259530 -1094.394310 -330.243982
38.400000 2.021220 2.906901 -1112.357631 -336.208959
38.450000 1.990972 2.662924 -1125.017387 -360.484078
38.500000 2.000837 2.882372 -1112.577962 -344.256716
38.550000 1.995489 3.167586 -1094.880574 -328.612692
38.600000 1.996348 3.292464 -1090.393582 -323.796001
38.650000 1.995729 3.416950 -1077.420904 -311.060851
38.700000 2.002031 2.916919 -1105.476369 -336.696651
38.750000 1.995585 2.648950 -1119.347444 -353.042991
38.800000 2.007771 2.899970 -1100.980003 -329.995899
38.850000 2.002941 2.604997 -1125.136721 -356.007497
38.900000 2.002793 2.577513 -1124.568286 -355.495589
38.950000 1.986015 2.171453 -1150.339223 -387.709510
39.000000 1.984239 3.092079 -1081.440326 -319.492693
39.050000 1.999327 3.338970 -1070.541233 -302.799482
39.100000 2.011991 3.083801 -1088.824565 -316.220052
39.150000 1.987359 2.392153 -1138.785653 -375.639890
39.200000 1.999213 2.660770 -1124.727960 -357.030256
39.250000 1.989736 3.315659 -1082.077398 -318.018625
39.300000 2.020900 3.244813 -1086.883021 -310.857326
39.350000 2.003700 3.054143 -1100.487312 -331.066703
39.400000 2.007476 2.649702 -1128.579296 -357.708651
39.450000 1.993711 3.241198 -1078.174922 -312.589966
39.500000 1.983852 3.284122 -1074.956731 -313.157500
39.550000 2.019068 2.578299 -1120.642728 -345.320779
39.600000 1.976138 2.807848 -1104.670135 -345.833115
39.650000 2.009494 2.845838 -1110.796797 -339.151090
39.700000 1.990996 3.018027 -1099.936344 -335.393946
39.750000 2.013715 2.936473 -1107.332345 -334.065892
39.800000 2.002717 2.747885 -1123.346126 -354.302705
39.850000 1.984992 3.257998 -1092.283639 -330.046679
39.900000 2.017281 3.367780 -1086.015809 -311.380025
39.950000 2.013381 3.150455 -1098.749518 -325.611375
40.000000 2.008273 3.042318 -1108.822673 -337.645911
40.050000 1.993219 3.127085 -1101.679674 -336.283597
40.100000 2.016796 2.688004 -1133.338096 -358.888289
40.150000 1.992898 2.850444 -1114.953835 -349.680847
40.200000 2.015438 2.930198 -1115.300994 -341.372979
40.250000 1.997456 3.598016 -1074.608359 -307.585084
40.300000 1.998878 3.445466 -1087.546443 -319.977428
40.350000 2.010440 2.970533 -1117.570999 -345.561977
40.400000 2.011870 2.288828 -1153.331436 -380.773377
40.450000 2.000346 2.398804 -1135.200336 -367.067299
40.500000 1.985554 2.852800 -1103.723614 -341.270746
40.550000 2.009235 3.721369 -1046.117827 -274.571636
40.600000 2.015268 2.600350 -1132.521950 -358.659061
40.650000 2.004553 2.566970 -1133.168534 -363.420241
40.700000 1.985201 3.148514 -1090.571368 -328.254272
40.750000 2.004915 2.960797 -1106.773616 -336.886313
40.800000 1.968920 2.678852 -1127.269235 -371.203912
40.850000 2.020160 2.706869 -1123.108285 -347.366700
40.900000 1.976666 2.750452 -1115.784308 -356.744393
40.950000 2.002408 3.220336 -1095.118582 -326.193937
41.000000 2.005807 3.736917 -1060.000619 -289.770881
41.050000 1.998211 3.490694 -1068.922921 -301.610080
41.100000 2.000834 3.002989 -1101.367727 -333.047538
41.150000 2.013894 2.559777 -1129.994232 -356.659022
41.200000 2.002150 3.124861 -1083.316146 -314.490434
41.250000 1.996733 3.422056 -1066.700990 -299.955640
41.300000 2.001838 2.850490 -1106.511736 -337.805896
41.350000 2.015217 2.508442 -1133.242910 -359.399610
41.400000 1.988696 3.311967 -1078.183316 -314.523911
41.450000 1.992776 2.958049 -1106.417583 -341.191661
41.500000 2.014783 2.697002 -1124.198974 -350.522435
41.550000 1.984137 2.734875 -1121.099186 -359.190590
41.600000 2.008473 3.349102 -1073.057089 -301.803327
41.650000 1.999999 2.803936 -1119.038868 -351.039408
41.700000 1.996805 3.302383 -1085.008525 -318.235247
41.750000 2.001306 3.052275 -1102.807993 -334.306565
41.800000 2.000706 2.794342 -1121.645182 -353.374086
41.850000 2.010386 2.796783 -1123.750610 -351.762550
41.900000 1.985978 2.731431 -1129.431970 -366.816488
41.950000 1.978968 3.156284 -1094.108647 -334.184879
42.000000 2.008628 3.198779 -1091.601971 -320.288799
42.050000 2.005750 2.752788 -1121.768002 -351.560134
42.100000 1.986427 2.919190 -1105.908427 -343.120492
42.150000 2.010806 3.032914 -1101.580732 -329.431275
42.200000 1.987510 3.195318 -1087.034291 -323.830418
42.250000 2.019697 2.901559 -1107.666055 -332.102495
42.300000 2.001723 3.068300 -1087.900787 -319.239290
42.350000 2.000337 3.008501 -1088.960442 -320.830963
42.400000 1.987220 2.709896 -1117.249612 -354.157048
42.450000 1.982490 3.172778 -1091.280660 -330.004655
42.500000 1.980653 3.651722 -1061.256817 -300.686119
42.550000 2.019363 3.913531 -1040.850928 -265.415566
42.600000 2.000561 3.095015 -1092.813973 -324.598622
42.650000 2.003926 2.615280 -1127.926184 -358.418647
42.700000 1.985126 3.277227 -1083.106155 -320.817902
42.750000 2.010088 3.059363 -1108.512693 -336.638915
42.800000 1.993418 3.273117 -1091.345011 -325.872408
42.850000 2.014061 2.694609 -1131.078598 -357.678989
42.900000 1.994599 3.193673 -1085.877369 -319.951540
42.950000 2.005009 2.981729 -1098.366215 -328.442707
43.000000 2.010025 2.513478 -1132.908943 -361.059171
43.050000 2.002815 2.636856 -1121.780574 -352.699653
43.100000 1.999609 2.487518 -1129.863947 -362.013901
43.150000 1.974231 2.933801 -1100.190370 -342.085849
43.200000 2.003763 3.371785 -1079.845966 -310.401089
43.250000 2.020726 3.319356 -1083.590489 -307.631764
43.300000 1.998500 3.534593 -1063.548869 -296.124686
43.350000 2.008688 3.178231 -1088.207454 -316.871180
43.400000 2.007746 2.301467 -1147.263419 -376.288814
43.450000 1.981026 2.391310 -1132.623435 -371.909503
43.500000 1.986762 2.414916 -1132.107583 -369.190803
43.550000 2.007486 3.063551 -1080.667003 -309.792437
43.600000 1.979059 2.477154 -1125.117460 -365.158891
43.650000 1.998362 2.981316 -1095.462579 -328.091649
43.700000 2.004187 3.442979 -1057.748963 -288.141123
43.750000 2.004438 2.606542 -1116.487406 -346.783142
43.800000 2.003091 2.994179 -1096.271356 -327.084252
43.850000 1.999182 3.458360 -1073.778686 -306.092665
43.900000 2.005237 3.450559 -1078.215469 -308.204396
43.950000 2.005616 3.289119 -1089.048645 -318.891998
44.000000 2.013457 2.953794 -1108.626601 -335.459155
44.050000 1.994935 3.447169 -1076.811214 -310.756179
44.100000 2.006261 3.230230 -1096.434949 -326.030759
44.150000 2.006510 2.921710 -1109.460279 -338.960539
44.200000 2.000124 2.737661 -1116.258118 -348.210647
44.250000 1.990242 2.874611 -1102.798961 -338.546163
44.300000 1.992417 3.411537 -1064.905330 -299.817098
44.350000 2.014854 3.190935 -1086.168168 -312.464199
44.400000 2.030939 2.999760 -1092.155510 -312.274865
44.450000 1.995763 2.547402 -1124.388138 -358.015035
44.500000 2.002194 2.908116 -1103.968076 -335.125662
44.550000 2.000735 3.360593 -1072.249761 -303.967621
44.600000 2.011266 2.681565 -1117.279432 -344.953103
44.650000 1.987152 2.901880 -1097.673059 -334.606737
44.700000 2.002839 2.402082 -1135.798858 -366.708654
44.750000 1.984139 3.262226 -1076.654397 -314.744889
44.800000 2.014258 3.152732 -1087.037201 -313.562193
44.850000 1.992936 2.769323 -1114.123314 -348.835769
44.900000 2.005971 3.049385 -1099.884668 -329.591955
44.950000 2.000131 2.488627 -1141.043140 -372.992853
45.000000 2.017023 1.094487 -1000.791508 -226.254546
45.050000 1.991720 1.499484 -962.539897 -197.719516
45.100000 1.984141 1.681346 -951.488982 -189.578874
45.150000 2.019086 1.452014 -973.471795 -198.142920
45.200000 1.998174 1.807906 -943.965550 -176.666793
45.250000 1.979708 1.642787 -961.128798 -200.921094
45.300000 2.003764 1.864132 -944.324633 -174.879182
45.350000 2.000811 1.512777 -976.037309 -207.725871
45.400000 1.982879 2.108394 -925.569755 -164.144058
45.450000 2.000285 1.931556 -947.335192 -179.225800
45.500000 2.012186 2.173603 -930.326613 -157.647183
45.550000 2.004867 1.952676 -950.712849 -180.843908
45.600000 2.002131 1.843260 -961.204563 -192.386445
45.650000 2.006687 1.630414 -974.412064 -203.844073
45.700000 1.988390 1.743690 -958.688897 -195.147137
45.750000 2.010807 1.897419 -944.707949 -172.557907
45.800000 1.983449 1.911501 -939.797655 -178.153295
45.850000 2.003852 1.505204 -975.399170 -205.919904
45.900000 1.994807 1.930512 -941.402033 -175.396177
45.950000 2.003870 1.871531 -951.478445 -181.992413
46.000000 1.999577 1.840148 -957.860775 -190.023227
46.050000 1.992049 1.676679 -963.869897 -198.923231
46.100000 1.992648 1.354755 -983.548738 -218.371809
46.150000 1.972927 1.850985 -938.002952 -180.399042
46.200000 2.013983 1.447258 -966.639429 -193.269900
46.250000 1.997936 1.143391 -987.103959 -219.896435
46.300000 1.996155 1.303673 -977.744921 -211.221274
46.350000 2.004748 1.375088 -981.025026 -211.201947
46.400000 1.997915 1.863766 -949.065865 -181.866538
46.450000 1.984660 2.176877 -929.755043 -167.645417
46.500000 2.025251 2.019517 -946.368770 -168.672430
46.550000 1.997775 1.812613 -954.824217 -187.678512
46.600000 2.005695 1.391635 -986.597324 -216.410587
46.650000 1.992107 1.931580 -942.940958 -177.971957
46.700000 2.010045 2.016806 -941.700976 -169.843852
46.750000 2.010218 1.940902 -942.537632 -170.613828
46.800000 1.998737 1.689573 -960.642528 -193.127535
46.850000 2.009998 1.702342 -961.168655 -189.329263
46.900000 1.995509 1.609196 -967.052791 -200.777457
46.950000 2.000657 1.658519 -962.309116 -194.056964
47.000000 1.992785 1.990973 -937.072597 -171.843214
47.050000 2.010742 1.926360 -951.539911 -179.414914
47.100000 1.996125 2.027971 -944.722076 -178.210205
47.150000 1.998602 2.000849 -940.487689 -173.024350
47.200000 1.990896 2.019242 -930.770482 -166.266351
47.250000 2.005022 1.585324 -962.855717 -192.927183
47.300000 1.999038 1.499190 -959.704350 -192.073887
47.350000 1.996720 1.168291 -980.880322 -214.139723
47.400000 1.987911 1.472340 -952.555828 -189.197979
47.450000 2.010648 1.461383 -958.420672 -186.331838
47.500000 1.990533 1.573905 -949.719619 -185.354757
47.550000 2.004700 1.549390 -962.268279 -192.463635
47.600000 1.988284 2.116161 -924.565149 -161.063935
47.650000 2.006276 1.541491 -975.726515 -205.316369
47.700000 1.988472 1.702783 -959.652475 -196.079416
47.750000 2.014255 1.508617 -977.953076 -204.479209
47.800000 2.006822 1.974446 -935.483669 -164.864090
47.850000 1.998178 1.586554 -973.988079 -206.687636
47.900000 1.998342 1.663652 -977.916954 -210.553779
47.950000 2.001404 1.679567 -976.840052 -208.300907
48.000000 2.005399 1.538002 -987.122668 -217.049445
48.050000 2.000302 1.675783 -974.390696 -206.274628
48.100000 1.980892 1.783674 -968.711204 -208.048595
48.150000 2.008284 2.165359 -940.152476 -168.971575
48.200000 2.004828 2.236675 -928.952896 -159.099093
48.250000 1.997925 1.501094 -981.288429 -214.085342
48.300000 1.998539 1.664201 -965.779782 -198.340759
48.350000 2.010833 1.942635 -946.720434 -174.560409
48.400000 1.985859 1.536831 -983.199891 -220.629920
48.450000 2.031372 1.791428 -958.444350 -178.397466
48.500000 1.991623 1.573139 -967.287283 -202.504015
48.550000 1.998826 1.864372 -944.426004 -176.877006
48.600000 1.987699 1.850439 -951.632966 -188.356533
48.650000 2.014549 1.830846 -955.741266 -182.154391
48.700000 1.985271 1.997241 -939.099025 -176.755121
48.750000 1.997394 1.906100 -954.465450 -187.465993
48.800000 2.009098 2.074379 -946.730734 -175.237193
48.850000 1.994543 2.299905 -926.397433 -160.492806
48.900000 2.016170 1.665610 -976.539236 -202.330081
48.950000 1.984824 2.293138 -923.159457 -160.986917
49.000000 2.005237 2.075235 -948.031623 -178.020685
49.050000 2.002445 1.857478 -954.319555 -185.380652
49.100000 1.991339 1.710266 -954.173685 -189.499445
49.150000 1.996146 1.562837 -967.729082 -201.208902
49.200000 2.019626 1.543497 -970.355376 -194.818903
49.250000 2.001536 1.394739 -977.049256 -208.459475
49.300000 1.989595 1.660206 -958.267059 -194.262599
49.350000 2.007921 1.977820 -934.317905 -163.276216
49.400000 1.997762 1.727833 -955.460172 -188.319602
49.450000 2.013785 1.466856 -970.390289 -197.096864
49.500000 1.990848 1.402084 -969.000923 -204.515314
49.550000 2.013293 1.368820 -969.589383 -196.484995
49.600000 1.991821 1.048978 -998.980714 -234.121540
49.650000 1.990745 1.752905 -948.635117 -184.188930
49.700000 2.011129 2.163524 -920.375415 -148.101863
49.750000 2.017535 1.638591 -963.013881 -188.280453
49.800000 1.981393 1.734674 -946.623966 -185.769208
49.850000 2.003168 1.566467 -958.279757 -189.063090
49.900000 1.999686 1.422568 -966.219522 -198.340035
49.950000 1.992752 1.236772 -981.977995 -216.761318
50.000000 2.003466 1.975745 -922.532510 -153.201414
50.050000 1.998526 1.510575 -972.936296 -205.502456
50.100000 1.993667 2.631052 -880.392290 -114.824172
50.150000 2.008716 1.501615 -976.573718 -205.226840
50.200000 1.993369 1.869509 -941.282582 -175.828759
50.250000 1.984008 1.572339 -969.552516 -207.693560
50.300000 1.997471 1.970335 -932.079552 -165.050688
50.350000 2.002559 1.503216 -971.541614 -202.558832
50.400000 1.995516 1.855802 -945.980341 -179.702202
50.450000 2.000393 1.923062 -941.440600 -173.289551
50.500000 1.992926 1.786650 -952.722763 -187.439271
50.550000 2.018138 1.941748 -938.621622 -163.656579
50.600000 1.991560 1.686929 -957.672765 -192.913639
50.650000 1.994707 1.194111 -1005.199450 -239.232036
50.700000 1.974834 1.802719 -955.792347 -197.456201
50.750000 1.998122 1.358372 -992.494773 -225.215805
50.800000 2.000182 2.108625 -927.532927 -159.463060
50.850000 2.003897 1.797668 -957.736177 -188.239724
50.900000 1.989528 1.926587 -950.739684 -186.760981
50.950000 2.007915 2.333968 -919.093127 -148.053627
51.000000 1.990592 1.865969 -951.211548 -186.824409
51.050000 1.984899 1.712872 -963.951034 -201.749767
51.100000 2.011519 1.619574 -975.451248 -203.028038
51.150000 2.005707 1.866552 -954.159811 -183.968223
51.200000 1.994725 1.563623 -976.513537 -210.538945
51.250000 1.997055 1.301514 -999.086392 -232.217162
51.300000 1.989325 1.707549 -973.872115 -209.971497
51.350000 1.995738 2.252939 -939.241919 -172.878662
51.400000 2.009346 2.467278 -915.210769 -143.621844
51.450000 2.010022 1.540941 -985.463258 -213.614735
51.500000 1.996821 1.913079 -948.468566 -181.689449
51.550000 1.992770 2.154191 -934.348810 -169.125143
51.600000 2.002616 2.034031 -952.715200 -183.710656
51.650000 2.016902 2.101472 -944.975527 -170.484973
51.700000 1.999848 1.910903 -953.185447 -185.243694
51.750000 2.004008 1.550407 -980.784018 -211.244950
51.800000 1.996630 1.496035 -990.205310 -223.499349
51.850000 1.994220 2.131771 -948.427421 -182.647016
51.900000 2.012309 1.969440 -972.105438 -199.378833
51.950000 2.005678 2.193522 -941.289032 -171.108546
52.000000 2.002316 1.311485 -999.302110 -230.412705
52.050000 1.984569 1.227882 -995.351993 -233.277503
52.100000 2.017010 1.265350 -989.148293 -214.616396
52.150000 1.991529 1.338673 -988.744215 -223.997190
52.200000 1.992221 1.816318 -959.034016 -194.021059
52.250000 1.994058 1.816012 -966.694345 -200.975962
52.300000 1.979355 2.081797 -940.223920 -180.151515
52.350000 1.998478 1.862907 -945.533178 -178.117476
52.400000 2.003422 1.688426 -951.313609 -181.999547
52.450000 1.996753 1.286541 -986.239810 -219.486494
52.500000 2.002853 0.975221 -817.146108 -48.050745
52.550000 1.985732 1.089029 -801.449776 -38.928681
52.600000 2.013465 0.949528 -818.386621 -45.216074
52.650000 1.986703 0.948980 -823.829715 -60.935707
52.700000 1.999164 1.052122 -819.815825 -52.136864
52.750000 1.992948 0.926445 -838.155466 -72.863402
52.800000 2.004595 1.275107 -812.059399 -42.294841
52.850000 1.981379 1.498294 -796.675034 -35.825622
52.900000 2.011293 1.413319 -808.642837 -36.306210
52.950000 1.996609 1.167150 -823.076030 -56.378220
53.000000 1.993668 1.171279 -814.276210 -48.707513
53.050000 2.003279 1.129610 -816.871413 -47.612102
53.100000 1.995741 1.009966 -819.696698 -53.332333
53.150000 1.995541 0.846272 -831.097778 -64.809870
53.200000 2.003204 1.162695 -801.158184 -31.927681
53.250000 2.003552 0.957819 -822.427567 -53.063513
53.300000 1.984919 1.156211 -805.171933 -42.963189
53.350000 2.002470 0.903285 -835.585683 -66.637218
53.400000 2.012354 0.953011 -828.901911 -56.157985
53.450000 1.992577 0.793975 -847.815739 -82.666111
53.500000 1.993591 1.143657 -815.867992 -50.328921
53.550000 2.002973 1.233538 -808.790615 -39.649067
53.600000 1.999132 1.215212 -812.047949 -44.381196
53.650000 1.992045 1.515959 -780.678848 -15.733377
53.700000 2.005143 1.219236 -807.363355 -37.388393
53.750000 1.994066 1.142837 -809.990127 -44.268785
53.800000 2.002743 1.074766 -816.465496 -47.412307
53.850000 1.986542 1.004343 -816.871394 -54.039376
53.900000 1.992666 1.130412 -800.473430 -35.289678
53.950000 2.006980 1.202176 -794.650690 -23.970409
54.000000 1.997355 1.163309 -804.890038 -37.905690
54.050000 1.999243 1.212310 -806.202977 -38.493588
54.100000 2.008359 1.372046 -794.356786 -23.146824
54.150000 1.979450 1.514358 -785.744291 -25.635473
54.200000 2.008089 1.491067 -793.853893 -22.747819
54.250000 2.015389 1.281237 -803.558183 -29.648701
54.300000 2.000550 0.829291 -833.698618 -65.487340
54.350000 2.001601 0.793036 -831.176807 -62.561963
54.400000 1.995015 1.015057 -809.610807 -43.525018
54.450000 1.991810 0.953621 -813.877144 -49.022084
54.500000 2.002820 0.689804 -841.625314 -72.542451
54.550000 1.987507 1.046858 -808.345575 -45.142710
54.600000 2.002932 1.051283 -814.290499 -45.164426
54.650000 1.986597 1.216953 -803.718829 -40.865587
54.700000 1.994952 1.373145 -794.901056 -28.839347
54.750000 2.009122 1.292957 -801.771861 -30.269076
54.800000 1.992963 1.073491 -822.593801 -57.295985
54.850000 1.986630 1.548291 -769.811513 -6.945402
54.900000 2.004793 1.051826 -809.856568 -40.016067
54.950000 1.993755 1.007769 -802.847811 -37.245794
55.000000 2.014421 0.742839 -826.857247 -53.319435
55.050000 1.998332 0.627925 -835.843022 -68.483522
55.100000 1.979362 0.848851 -816.060294 -55.985446
55.150000 2.010493 0.900662 -817.706159 -45.676657
55.200000 1.998982 0.957174 -820.264552 -52.655356
55.250000 2.009337 1.011889 -819.351190 -47.765827
55.300000 1.990186 0.949126 -822.713090 -58.481606
55.350000 2.004628 0.998780 -820.022213 -50.245043
55.400000 1.999579 1.134823 -807.538364 -39.699999
55.450000 2.002177 1.066326 -815.869566 -47.033680
55.500000 1.993258 1.304230 -792.034743 -26.623503
55.550000 1.995694 1.360757 -786.470353 -20.123986
55.600000 1.995103 1.343178 -783.696347 -17.576675
55.650000 1.999812 0.881308 -823.221036 -55.293045
55.700000 1.999058 1.081542 -795.863688 -28.225585
55.750000 1.999425 0.943167 -805.482862 -37.703689
55.800000 1.995270 0.795332 -817.548265 -51.364536
55.850000 2.011577 1.055609 -792.390361 -19.944940
55.900000 2.000402 0.628597 -840.250645 -72.096436
55.950000 1.986088 1.093852 -793.812657 -31.154845
56.000000 2.016549 0.845849 -822.296856 -47.941998
56.050000 1.986618 0.839641 -825.724418 -62.863058
56.100000 2.000054 0.835950 -831.358318 -63.337425
56.150000 2.000803 0.990233 -817.768275 -49.459948
56.200000 1.980501 1.251885 -797.152871 -36.640399
56.250000 2.017568 1.076796 -812.960517 -38.214224
56.300000 1.988603 0.959126 -819.957094 -56.333585
56.350000 1.997398 1.204246 -801.683865 -34.683206
56.400000 2.008075 1.101292 -818.802759 -47.702077
56.450000 2.008429 1.395717 -789.284388 -18.047612
56.500000 1.990014 1.073419 -824.227414 -60.062116
56.550000 1.996250 1.215978 -815.395570 -48.835440
56.600000 2.016512 1.538468 -784.198627 -9.857828
56.650000 2.012662 1.065915 -831.337159 -58.474945
56.700000 1.992409 1.314920 -806.501587 -41.416557
56.750000 2.000440 1.348586 -799.725204 -31.556127
56.800000 2.005454 1.213028 -804.524199 -34.429827
56.850000 1.991387 0.959791 -820.715927 -56.023324
56.900000 2.007493 1.138157 -797.405257 -26.528018
56.950000 2.004309 0.736254 -835.471886 -65.817069
57.000000 1.997838 1.139817 -795.393552 -28.223751
57.050000 2.017545 0.967542 -815.471043 -40.733825
57.100000 1.990355 1.119990 -798.842945 -34.546788
57.150000 1.999192 1.058187 -812.906901 -45.217251
57.200000 1.995703 1.302537 -788.872250 -22.522129
57.250000 1.995461 1.491544 -767.146461 -0.889343
57.300000 2.012615 1.112636 -794.601774 -21.757494
57.350000 2.006034 0.888484 -807.583363 -37.266385
57.400000 2.006178 0.835993 -811.667056 -41.294819
57.450000 1.988713 0.894412 -809.621174 -45.955341
57.500000 1.991803 1.476690 -759.428259 5.424015
57.550000 2.011388 1.050725 -801.834149 -29.461026
57.600000 1.997294 0.727360 -823.826565 -56.865552
57.650000 1.996713 0.877748 -812.358250 -45.620283
57.700000 1.992417 0.992452 -811.729398 -46.641188
57.750000 1.993215 1.360694 -784.748983 -19.354337
57.800000 2.002514 1.193661 -799.721132 -30.755875
57.850000 2.012732 1.002463 -811.629341 -38.740409
57.900000 1.974068 1.142032 -801.913263 -43.871083
57.950000 2.009176 1.552431 -769.035509 2.488145
58.000000 1.996812 1.134565 -809.534714 -42.758937
58.050000 2.005344 0.983009 -823.836938 -53.784953
58.100000 1.996617 1.215212 -805.553557 -38.852501
58.150000 2.005041 1.492390 -780.415636 -10.480053
58.200000 1.999737 1.035734 -820.980524 -53.081367
58.250000 1.996939 1.199527 -801.676643 -34.852004
58.300000 2.004103 1.457207 -774.589990 -5.014514
58.350000 1.998037 0.955688 -824.828636 -57.582539
58.400000 2.004378 1.271328 -793.338105 -23.657087
58.450000 2.003575 1.225931 -804.852530 -35.479854
58.500000 2.006849 1.252687 -801.339559 -30.709431
58.550000 1.995837 1.086364 -815.534517 -49.133201
58.600000 2.006079 1.399687 -779.258474 -8.924143
58.650000 2.009671 0.897784 -821.408190 -49.694437
58.700000 2.003154 0.786854 -827.579460 -58.368349
58.750000 1.995250 0.949895 -817.929055 -51.752927
58.800000 1.985354 1.425580 -776.447325 -14.071228
58.850000 1.996493 1.446932 -772.008190 -5.354786
58.900000 2.001074 1.281338 -780.520910 -12.108402
58.950000 1.998800 1.303410 -774.211484 -6.672309
59.000000 2.003130 1.091229 -798.700688 -29.498704
59.050000 1.983472 1.147901 -802.348367 -40.694943
59.100000 2.012057 1.178967 -801.802999 -29.173201
59.150000 2.003549 0.760911 -836.839885 -67.477184
59.200000 1.994785 1.085907 -804.607648 -38.610039
59.250000 1.999484 1.199935 -790.787360 -22.985540
59.300000 2.009023 1.056443 -799.793906 -28.329032
59.350000 2.005551 0.717836 -826.968492 -56.837062
59.400000 1.996647 0.681717 -831.633762 -64.921215
59.450000 1.995892 1.474025 -760.588258 5.834309
59.500000 2.002493 1.327286 -778.137605 -9.180308
59.550000 1.997732 1.016877 -801.798752 -34.669688
59.600000 2.000087 0.919491 -804.997807 -36.964219
59.650000 1.999815 0.752562 -820.921264 -52.992474
59.700000 1.997176 0.954467 -803.650395 -36.734758
59.750000 1.985512 1.200997 -788.353034 -25.916546
59.800000 1.995277 1.314124 -781.816732 -15.630329
59.850000 2.005392 1.279002 -781.793035 -11.722615
59.900000 1.995368 1.054639 -801.180082 -34.958729
59.950000 2.003745 1.066664 -798.814276 -29.376314
60.000000 1.996736 0.619771 -648.620576 118.125897
60.050000 1.996885 0.881970 -621.128133 145.675777
60.100000 1.992181 0.803665 -634.963471 130.033961
60.150000 1.990756 0.869602 -632.257998 132.192256
60.200000 2.027325 0.984049 -616.768954 161.723956
60.250000 2.002224 0.615133 -653.196412 115.657425
60.300000 1.999404 0.432041 -670.314616 97.456404
60.350000 1.994983 0.621609 -645.947175 120.126291
60.400000 2.003153 0.946617 -609.914963 159.295741
60.450000 1.998459 0.822303 -628.210622 139.197662
60.500000 2.002107 0.797270 -636.772970 132.036151
60.550000 2.009641 0.847204 -634.335907 137.366246
60.600000 1.996221 0.832881 -634.774140 131.774785
60.650000 2.000895 0.646930 -655.612508 112.731103
60.700000 2.006536 0.574056 -663.305558 107.204101
60.750000 1.995632 0.684406 -645.945889 120.376666
60.800000 2.001516 0.470756 -667.789508 100.792453
60.850000 1.999647 0.725571 -631.486424 136.377965
60.900000 2.012788 0.711956 -628.862682 144.047755
60.950000 1.992041 0.577758 -640.936067 124.007706
61.000000 2.002391 0.696098 -625.188341 143.729737
61.050000 2.000637 0.627143 -636.231042 132.013701
61.100000 2.001520 0.534931 -654.454457 114.129176
61.150000 1.993992 0.636155 -647.523358 118.169648
61.200000 2.005032 0.662591 -649.822383 120.109851
61.250000 2.000596 0.820706 -633.153869 135.075114
61.300000 2.001739 0.751587 -642.668514 125.999447
61.350000 1.989027 0.574331 -665.664382 98.122084
61.400000 1.999447 0.846071 -632.913589 134.873968
61.450000 2.005722 0.731714 -643.235595 126.961768
61.500000 1.991317 0.646521 -649.752277 114.913321
61.550000 2.003660 0.551426 -663.620467 105.785034
61.600000 2.006197 0.651779 -651.837036 118.542477
61.650000 1.997996 0.459171 -670.774543 96.456017
61.700000 2.001488 0.594017 -655.594208 112.977247
61.750000 1.983374 0.824276 -630.075621 131.540160
61.800000 2.003916 0.679437 -658.336240 111.167371
61.850000 1.996504 0.838115 -645.683954 120.973531
61.900000 1.989073 0.877226 -645.938069 117.866113
61.950000 2.011994 0.930816 -635.259752 137.345942
62.000000 2.001280 0.603645 -667.164920 101.326638
62.050000 1.997109 0.546569 -669.854393 97.035578
62.100000 2.008015 0.468519 -676.277544 94.800190
62.150000 1.994880 0.422303 -688.478854 77.555125
62.200000 1.998487 0.782095 -659.724323 107.694748
62.250000 2.002960 0.957531 -641.156805 127.980013
62.300000 2.009825 0.563597 -686.901455 84.871343
62.350000 1.993709 0.820019 -649.408355 116.175931
62.400000 2.001857 0.841995 -648.413488 120.299692
62.450000 2.002422 0.798710 -650.184306 118.745761
62.500000 1.993829 0.967523 -624.663256 140.966980
62.550000 2.001729 0.708621 -651.856429 116.807342
62.600000 1.993022 0.754570 -637.474947 127.845439
62.650000 2.010147 0.626719 -643.188905 128.707438
62.700000 1.993255 0.439208 -660.271316 105.138791
62.750000 2.003197 0.627342 -639.620592 129.607242
62.800000 1.998901 0.522553 -655.068492 112.509565
62.850000 1.999503 0.535374 -657.968178 109.841001
62.900000 1.996917 0.950156 -610.861835 155.954130
62.950000 2.009985 0.722979 -640.525159 131.309269
63.000000 2.007019 0.280999 -689.978555 80.716700
63.050000 1.999194 0.474672 -669.048938 98.641733
63.100000 1.983039 0.892960 -628.049401 133.437447
63.150000 2.011485 0.711763 -652.381563 120.028538
63.200000 1.998578 0.711180 -649.379394 118.074438
63.250000 2.009356 0.769175 -639.948213 131.644671
63.300000 2.002382 0.540872 -662.161741 106.753045
63.350000 1.997108 0.532238 -658.772990 108.116613
63.400000 2.012090 0.625982 -649.046459 123.595918
63.450000 1.981378 0.730272 -639.914744 120.934555
63.500000 2.009545 0.731226 -644.388658 127.276719
63.550000 2.011668 0.525263 -667.958515 104.522090
63.600000 1.989220 0.574598 -665.315040 98.545356
63.650000 2.007949 0.787030 -645.064819 125.987735
63.700000 2.007241 0.628228 -671.187772 99.592604
63.750000 1.991329 1.019324 -625.140615 139.529535
63.800000 1.991433 0.900356 -648.868826 115.841289
63.850000 2.007290 1.075335 -631.543070 139.256333
63.900000 2.007775 0.572571 -687.283034 83.702416
63.950000 1.998631 0.524959 -682.028827 85.445575
64.000000 2.002946 0.666344 -658.353527 110.777628
64.050000 1.990922 0.512300 -676.305625 88.208522
64.100000 2.005323 0.595088 -667.320984 102.723133
64.150000 1.991550 0.746755 -649.654214 115.100930
64.200000 1.999914 1.057082 -613.426792 154.540242
64.250000 2.001235 0.871236 -638.783726 129.690326
64.300000 2.007208 0.790260 -644.227477 126.540415
64.350000 2.004529 0.632126 -652.452300 117.286923
64.400000 2.002051 0.440838 -670.459543 98.328064
64.450000 1.978604 0.868438 -619.891216 139.892866
64.500000 2.010107 0.785647 -630.957168 140.923906
64.550000 2.000081 0.791857 -626.864555 141.166412
64.600000 2.010224 0.823803 -627.352201 144.573740
64.650000 2.008420 0.730430 -646.890169 124.343252
64.700000 1.992702 0.905756 -629.765163 135.432381
64.750000 2.004777 0.831318 -631.774140 138.060237
64.800000 2.000534 0.420422 -665.938332 102.266899
64.850000 1.997191 0.218988 -685.705978 81.215398
64.900000 1.987003 0.649788 -642.586489 120.422749
64.950000 1.999165 0.788963 -638.241288 129.437895
65.000000 1.997315 0.705698 -655.361074 111.607807
65.050000 2.001380 0.886616 -633.772098 134.758008
65.100000 2.001322 0.636564 -660.434915 108.072806
65.150000 2.002757 0.543322 -667.188143 101.870449
65.200000 2.002727 0.613265 -653.237552 115.809713
65.250000 2.004017 0.560340 -653.265643 116.276912
65.300000 1.998401 0.370151 -671.324304 96.061813
65.350000 1.999952 0.380456 -671.577313 96.404110
65.400000 1.997885 0.574177 -655.169643 112.018155
65.450000 1.990668 0.808770 -638.289810 126.126883
65.500000 2.011632 0.869047 -633.246768 139.219898
65.550000 1.988899 0.759553 -641.988157 121.749123
65.600000 1.997886 0.754465 -640.210312 126.977775
65.650000 2.005998 0.556592 -656.220056 114.082985
65.700000 2.003044 0.349336 -676.580355 92.588634
65.750000 1.972979 0.851661 -615.547245 142.076548
65.800000 2.017489 0.626730 -650.206327 124.509393
65.850000 1.985275 0.747600 -635.900098 126.445578
65.900000 2.000049 0.677897 -657.535237 110.483456
65.950000 2.004249 0.788444 -648.828441 120.803236
66.000000 2.002598 0.786183 -647.518841 121.478695
66.050000 1.998844 0.840082 -635.870110 131.686101
66.100000 1.998942 0.612632 -663.203630 104.389948
66.150000 1.999193 0.734855 -644.721927 122.968039
66.200000 1.999311 0.609641 -651.073690 116.661683
66.250000 2.001352 0.478091 -663.579397 104.939597
66.300000 1.989313 0.647458 -641.498505 122.397730
66.350000 2.018664 0.674522 -637.896440 137.270584
66.400000 1.987157 0.711709 -633.866113 129.202353
66.450000 2.011938 0.622066 -646.974130 125.609959
66.500000 1.993369 0.513904 -657.387194 108.066406
66.550000 1.998243 0.717702 -636.716473 130.608763
66.600000 1.994108 0.833861 -626.205767 139.531699
66.650000 2.002207 0.871333 -621.144912 147.702385
66.700000 1.992820 0.737475 -637.292948 127.949914
66.750000 1.993065 0.964047 -610.517975 154.819150
66.800000 1.994989 0.811377 -628.284593 137.791057
66.850000 2.000032 0.531741 -663.639724 104.372399
66.900000 1.997500 0.646663 -655.268633 111.771241
66.950000 1.992206 0.890380 -628.151465 136.855635
67.000000 2.006897 0.582518 -664.400296 106.248071
67.050000 1.986935 0.712258 -644.723346 118.259544
67.100000 2.008967 0.600353 -660.025495 111.417984
67.150000 1.999642 0.558040 -661.609223 106.253248
67.200000 1.999480 0.755331 -638.128246 129.672181
67.250000 2.015975 0.765931 -637.357032 136.777223
67.300000 1.995650 0.641231 -649.138278 117.191384
67.350000 1.989861 0.861679 -620.123048 143.983728
67.400000 2.013183 0.601463 -647.316589 125.745770
67.450000 1.995735 0.641246 -634.284691 132.077562
