# t Temp Pres Epot Etot
0.000000 1.999796 1.278346 -1564.629774 1507.057567
0.050000 2.007089 2.058531 -1424.909925 1657.978599
0.100000 1.995393 1.618950 -1494.168364 1570.754794
0.150000 1.986242 1.599434 -1495.673081 1555.195281
0.200000 1.989800 1.367485 -1540.418693 1515.914035
0.250000 1.994408 1.440448 -1529.761735 1533.648308
0.300000 2.003967 1.579241 -1501.876437 1576.217504
0.350000 1.996925 1.753821 -1473.116367 1594.160872
0.400000 1.995977 1.584657 -1499.456226 1566.364009
0.450000 2.007782 1.565344 -1506.504603 1577.449313
0.500000 1.981480 2.073273 -1408.054197 1635.498582
0.550000 2.011300 1.761478 -1478.713140 1610.643175
0.600000 2.003918 1.826479 -1462.543298 1615.475286
0.650000 1.996714 1.458560 -1507.084843 1559.868379
0.700000 2.000005 1.623979 -1470.566190 1601.440737
0.750000 2.004032 1.425012 -1520.007886 1558.185686
0.800000 2.001336 1.897846 -1446.519445 1627.532587
0.850000 2.010815 1.620975 -1501.691092 1586.920003
0.900000 1.993076 1.418629 -1533.712792 1527.651921
0.950000 1.979423 1.748039 -1467.622400 1572.770949
1.000000 1.999377 1.425211 -1508.969221 1562.073114
1.050000 1.996078 1.205622 -1539.504581 1526.470880
1.100000 2.007038 1.570079 -1484.494990 1598.314672
1.150000 2.000155 1.630245 -1484.696035 1587.541925
1.200000 2.000306 1.470783 -1528.303920 1544.166010
1.250000 1.998230 1.983419 -1455.525951 1613.754955
1.300000 1.995913 1.858034 -1476.630473 1589.092584
1.350000 2.003958 1.835708 -1471.244348 1606.834590
1.400000 2.013057 1.563146 -1505.310231 1586.745903
1.450000 1.988071 1.930840 -1436.818954 1616.857370
1.500000 2.000941 1.751847 -1471.669806 1601.775933
1.550000 1.993603 1.829817 -1465.022659 1597.150909
1.600000 1.985949 1.683747 -1488.822464 1561.594925
1.650000 1.991059 1.688993 -1494.945083 1563.321945
1.700000 1.998564 1.616803 -1520.998814 1548.795133
1.750000 1.996878 1.984237 -1452.305612 1614.898919
1.800000 1.998635 1.225850 -1574.898518 1495.004150
1.850000 1.992605 1.844852 -1466.813820 1593.827278
1.900000 1.988816 1.415963 -1529.925850 1524.895338
1.950000 1.993790 1.693895 -1486.686140 1575.774992
2.000000 2.009092 1.622732 -1504.297137 1581.668169
2.050000 1.996494 1.531121 -1509.243067 1557.372053
2.100000 2.003963 1.767899 -1461.508936 1616.578656
2.150000 2.012453 1.475123 -1506.234256 1584.894135
2.200000 1.995111 1.450503 -1509.960749 1554.529928
2.250000 1.997430 1.813325 -1471.343176 1596.709317
2.300000 2.031984 1.924322 -1464.049821 1657.078108
2.350000 2.000075 1.363638 -1552.301531 1519.813276
2.400000 1.998490 1.921848 -1450.764405 1618.916418
2.450000 1.997050 1.624960 -1503.989084 1563.479585
2.500000 2.000148 1.455057 -1526.460376 1545.767262
2.550000 2.015811 1.733753 -1476.071086 1620.214796
2.600000 2.009213 1.803416 -1469.248535 1616.902233
2.650000 1.985434 1.690659 -1490.857205 1558.769949
2.700000 1.995553 1.899047 -1453.131320 1612.037917
2.750000 2.000318 1.706919 -1469.044392 1603.444006
2.800000 1.996131 1.204717 -1553.848123 1512.208579
2.850000 1.993243 1.798004 -1467.162168 1594.458868
2.900000 2.002016 1.542214 -1516.871462 1558.225370
2.950000 1.992121 2.107766 -1425.404247 1634.493229
3.000000 2.004817 2.036276 -1445.174384 1634.224708
3.050000 2.003144 1.636726 -1496.227421 1580.602376
3.100000 2.000798 1.816859 -1445.308435 1627.916712
3.150000 1.989690 1.871390 -1440.960217 1615.203502
3.200000 1.986823 1.817794 -1454.731345 1597.029088
3.250000 1.997290 1.686774 -1488.577106 1579.260383
3.300000 1.999317 1.496249 -1508.861911 1562.088562
3.350000 1.993534 1.219521 -1539.725734 1522.341780
3.400000 2.007850 1.043346 -1571.294020 1512.763864
3.450000 1.992379 1.661727 -1473.185930 1587.108904
3.500000 2.011083 1.227526 -1560.484393 1528.538796
3.550000 2.007090 1.942218 -1430.430761 1652.459912
3.600000 2.014299 1.932892 -1443.906134 1650.056755
3.650000 1.995999 2.105864 -1415.083440 1650.770776
3.700000 2.000516 1.509391 -1514.793171 1557.999511
3.750000 1.996080 1.810892 -1465.034251 1600.944521
3.800000 2.000858 1.526971 -1515.386151 1557.931072
3.850000 2.003050 1.752932 -1471.350986 1605.334356
3.900000 1.999524 1.940977 -1451.650496 1619.618692
3.950000 1.986982 1.814724 -1482.766972 1569.238022
4.000000 2.008119 1.439664 -1540.288328 1544.182790
4.050000 1.997013 1.320316 -1547.318342 1520.092860
4.100000 1.994911 1.779288 -1468.183618 1595.999923
4.150000 1.984206 1.969142 -1438.402775 1609.337931
4.200000 1.995737 1.838557 -1444.156154 1621.296309
4.250000 1.996198 1.489011 -1509.249339 1556.910223
4.300000 1.997389 1.635578 -1490.208441 1577.780890
4.350000 2.002250 1.513869 -1526.620992 1548.834368
4.400000 2.022657 1.711358 -1505.704233 1601.096571
4.450000 2.000104 1.600729 -1512.908864 1559.251576
4.500000 2.012165 1.693338 -1495.218150 1595.467582
4.550000 2.010553 2.003153 -1453.884904 1634.324581
4.600000 2.008581 1.831824 -1485.631124 1599.548563
4.650000 1.998727 1.705380 -1500.712656 1569.332417
4.700000 2.001619 1.753579 -1482.716565 1591.770263
4.750000 1.999655 1.216559 -1560.084887 1511.385301
4.800000 2.002009 1.802686 -1457.020267 1618.065103
4.850000 1.985616 1.709455 -1477.170581 1572.735338
4.900000 2.001937 1.593747 -1504.965749 1570.008765
4.950000 2.000520 1.301610 -1550.304342 1522.494479
5.000000 1.990731 1.578934 -1495.471677 1562.291785
5.050000 1.998149 1.402986 -1512.126506 1557.030417
5.100000 1.990337 1.586672 -1479.238130 1577.919395
5.150000 1.997102 1.495341 -1507.071888 1560.476653
5.200000 1.992931 1.550118 -1511.611118 1549.530238
5.250000 2.008995 1.617692 -1510.980469 1574.835416
5.300000 2.001631 1.712359 -1500.857218 1573.648353
5.350000 1.991619 1.766432 -1487.649635 1571.476757
5.400000 2.000433 1.701040 -1492.427403 1580.238286
5.450000 1.989649 1.876363 -1463.573965 1592.527285
5.500000 1.998020 1.631727 -1489.801763 1579.156320
5.550000 2.014626 1.826792 -1448.807142 1645.657639
5.600000 2.000332 1.121326 -1567.988806 1504.520741
5.650000 2.009809 1.951991 -1435.010562 1652.056598
5.700000 2.004964 1.433462 -1529.657900 1549.966702
5.750000 2.009083 1.610449 -1519.640729 1566.310313
5.800000 2.014707 2.077847 -1442.269422 1652.320940
5.850000 2.014215 1.738264 -1481.961403 1611.873144
5.900000 1.994696 1.798997 -1449.734322 1614.118064
5.950000 1.994113 1.450393 -1522.287669 1540.670118
6.000000 2.014071 1.641526 -1494.446064 1599.167681
6.050000 1.994407 1.786267 -1474.818800 1588.589630
6.100000 2.006153 1.398103 -1551.218915 1530.231364
6.150000 2.008960 1.631359 -1509.429879 1576.333422
6.200000 1.995167 2.031482 -1443.500028 1621.077120
6.250000 2.007831 1.691707 -1497.408126 1586.620850
6.300000 2.000766 1.771963 -1473.702674 1599.473141
6.350000 2.022524 1.486320 -1517.565833 1589.031743
6.400000 1.991208 1.682005 -1488.600938 1569.894005
6.450000 2.007104 2.118886 -1434.585885 1648.325674
6.500000 2.005804 2.027151 -1452.706049 1628.209215
6.550000 1.994327 1.764004 -1489.633820 1573.653170
6.600000 1.998999 2.138614 -1407.016568 1663.445168
6.650000 2.000761 1.405033 -1528.387001 1544.781921
6.700000 2.010688 1.647066 -1480.612846 1607.803577
6.750000 1.988689 1.454096 -1511.286703 1543.340237
6.800000 1.997706 1.454916 -1525.731099 1542.745724
6.850000 2.006656 1.502711 -1510.172551 1572.050503
6.900000 1.997029 1.438825 -1513.748277 1553.688198
6.950000 1.994968 1.879590 -1447.203595 1617.067691
7.000000 2.012802 1.770894 -1475.998806 1615.664458
7.050000 1.998691 1.598158 -1513.580797 1556.409007
7.100000 1.997880 1.871996 -1477.532616 1591.211753
7.150000 2.000078 1.963380 -1452.749217 1619.369982
7.200000 2.006581 1.935531 -1443.845523 1638.262254
7.250000 1.999005 1.532304 -1510.140188 1560.331484
7.300000 2.002090 1.521670 -1528.506972 1546.703804
7.350000 1.996943 1.726056 -1499.855700 1567.448829
7.400000 2.001817 1.952485 -1459.774202 1615.016273
7.450000 1.984690 1.997149 -1440.371264 1608.112801
7.500000 2.004155 0.777873 -1528.174599 1550.208043
7.550000 2.001478 0.523987 -1559.097556 1515.172482
7.600000 48.029980 21.503085 3262.168940 77036.218656
7.650000 2.008930 0.606940 -1549.544401 1536.172623
7.700000 1.992439 0.677117 -1546.927519 1513.458055
7.750000 2.009742 1.059037 -1531.989909 1554.973153
7.800000 1.796383 2.429161 -1190.766769 1568.477431
7.850000 1.941189 2.167813 -1272.029166 1709.636644
7.900000 2.013436 1.411725 -1445.683731 1646.953745
7.950000 1.980543 1.577748 -1443.658244 1598.455152
8.000000 1.994973 1.172296 -1537.718796 1526.559047
8.050000 2.008828 1137446.040348 -1484.727674 1600.832876
8.100000 2.001736 0.687744 -1616.284583 1458.381925
8.150000 7447.306659 220.853519 49393.880797 11488456.908340
8.200000 2.001111 0.585480 -1629.344715 1444.361088
8.250000 2.000456 0.533077 -1636.848517 1435.852626
8.300000 2.000556 0.507296 -1645.459270 1427.394964
8.350000 2.000608 0.514316 -1654.386559 1418.547511
8.400000 2.000562 0.552786 -1663.519636 1409.344016
8.450000 2.000469 0.619370 -1671.351621 1401.368873
8.500000 2.000364 0.691691 -1677.900339 1394.659239
8.550000 2.000469 0.740853 -1683.749578 1388.971572
8.600000 2.000836 0.729415 -1693.486198 1379.797724
8.650000 2.000162 0.703346 -1701.335307 1370.913616
8.700000 2.000904 0.676650 -1709.791244 1363.597753
8.750000 1.999961 0.669327 -1716.796494 1355.143501
8.800000 2.000295 0.711565 -1716.858293 1355.595062
8.850000 2.000263 0.713178 -1722.804864 1349.599019
8.900000 2.000241 0.720206 -1726.328356 1346.041398
8.950000 2.000274 0.726897 -1730.480945 1341.940543
9.000000 2.000080 0.744924 -1732.896620 1339.225882
9.050000 2.000364 0.729810 -1739.395442 1333.164382
9.100000 2.000208 0.739546 -1738.400992 1333.918515
9.150000 2.000224 0.698360 -1745.340189 1327.003623
9.200000 2.000231 0.692457 -1746.016938 1326.337356
9.250000 1.999633 0.699845 -1746.347871 1325.088067
9.300000 2.000565 0.703804 -1747.732279 1325.135211
9.350000 2.000278 0.665233 -1755.929089 1316.497895
9.400000 2.000181 0.659081 -1759.098015 1313.179563
9.450000 2.000197 0.670980 -1760.451297 1311.851136
9.500000 2.000257 0.674684 -1763.048347 1309.346568
9.550000 2.000426 0.656830 -1768.640538 1304.013738
9.600000 2.000088 0.646542 -1773.544016 1298.591541
9.650000 1.999936 0.684133 -1771.346892 1300.554385
9.700000 2.000307 0.672171 -1777.575676 1294.896571
9.750000 2.001983 0.575577 -1789.688911 1285.356701
9.800000 2.000891 0.438235 -1811.581247 1261.787227
9.850000 2.000583 0.431122 -1820.778974 1252.117175
9.900000 342148.450147 1289.007063 297483.242007 525837502.668259
9.950000 487.972166 478.518563 -1735.631262 747789.615766
10.000000 1.963369 0.768420 -1763.654439 1252.079861
10.050000 2.007832 1.068317 -1714.983452 1369.046338
10.100000 2.029614 1.322533 -1685.177897 1432.309230
10.150000 2.019309 1.062620 -1737.753377 1363.905949
10.200000 1.973958 3.124853 -1261.714103 1770.285101
10.250000 2.040849 1.201412 -1699.145695 1435.598793
10.300000 1.941802 2.018685 -1511.066480 1471.540909
10.350000 2.005910 1.169850 -1690.529277 1390.548020
10.400000 2.002741 1.902352 -1513.935930 1562.274295
10.450000 2.015586 1.799554 -1548.706829 1547.233156
10.500000 1.999047 1.829038 -1534.916078 1535.620376
10.550000 1.996686 1.694216 -1551.327476 1515.581597
10.600000 2.011924 1.267596 -1617.081840 1473.233137
10.650000 1.994344 1.491053 -1557.878150 1505.433582
10.700000 1.990190 1.706562 -1494.780014 1562.152297
10.750000 2.030224 2.793978 -1249.157044 1869.267667
10.800000 2.002416 1.974960 -1430.530147 1645.181151
10.850000 1.994685 1.508487 -1524.549365 1539.287307
10.900000 2.009422 1.607700 -1496.873170 1589.599678
10.950000 2.019261 1.790113 -1446.945772 1654.639588
11.000000 2.003113 1.538510 -1489.294407 1587.486503
11.050000 1.999530 1.678287 -1448.341272 1622.936115
11.100000 2.004086 1.427599 -1491.483923 1586.791606
11.150000 126.501132 44.984409 6900.280989 201206.020021
11.200000 2.006173 1.105913 -1537.565767 1543.915250
11.250000 2.007605 0.840762 -1582.589563 1501.091044
11.300000 2.016764 0.828553 -1596.764902 1500.984835
11.350000 1.978662 1.304037 -1497.089737 1542.134564
11.400000 1.956796 1.528443 -1465.428943 1540.210254
11.450000 1.995318 1.765407 -1437.366380 1627.442084
11.500000 2.037443 1.847928 -1458.384038 1671.128163
11.550000 1.959564 2.452941 -1324.202901 1685.687478
11.600000 1.979442 2.193447 -1370.636333 1669.786834
11.650000 1.983856 1.662161 -1480.642263 1566.560583
11.700000 1.985845 1.658077 -1487.555255 1562.702618
11.750000 2.017043 1.808963 -1446.708616 1651.469603
11.800000 1.984850 1.753651 -1450.575331 1598.153848
11.850000 1.993955 2.053589 -1377.032956 1685.682327
11.900000 1.997587 1.609958 -1447.477575 1620.816314
11.950000 2.189509 3.114815 -1361.132426 2001.954031
12.000000 2.011192 0.639561 -1622.989389 1466.201234
12.050000 2.065951 0.802940 -1579.324923 1593.976402
12.100000 2.002561 0.502988 -1626.824971 1449.109155
12.150000 2.000620 0.387923 -1644.918156 1428.034554
12.200000 2.000318 0.405753 -1651.450863 1421.037920
12.250000 2.000565 0.412163 -1665.601837 1407.266476
12.300000 2.001188 0.412568 -1677.841449 1395.983892
12.350000 2.000509 0.356536 -1686.517945 1386.263383
12.400000 2.000630 0.339403 -1695.101170 1377.866266
12.450000 2.000733 0.352432 -1706.084368 1367.041890
12.500000 2.000493 0.432109 -1712.456317 1360.301408
12.550000 2.733657 3.735926 -1028.708278 3170.188215
12.600000 1.980373 1.180043 -1611.932655 1429.920751
12.650000 2.000931 0.891369 -1690.373559 1383.056047
12.700000 1.932551 0.979802 -1676.222390 1292.175974
12.750000 2.011938 0.648226 -1749.945471 1340.391088
12.800000 2.020229 0.674932 -1746.354466 1356.716940
12.850000 1.965405 1.895401 -1458.598365 1560.263320
12.900000 1.977607 1.082529 -1665.676315 1371.927941
12.950000 1.992461 1.084439 -1690.965677 1369.453807
13.000000 1.985483 1.208256 -1683.123532 1366.577660
13.050000 1.996324 1.445434 -1659.712668 1406.641339
13.100000 223792.334270 246201.650510 -1696.108951 343743329.329837
13.150000 2.007994 0.958572 -1752.020008 1332.258616
13.200000 1.982487 0.829432 -1757.266957 1287.833378
13.250000 1.998006 0.804662 -1752.978496 1315.958203
13.300000 1.999115 0.551536 -1801.094251 1269.546327
13.350000 2.000768 0.553356 -1805.256541 1267.923284
13.400000 2.000716 0.593521 -1808.726661 1264.372887
13.450000 1.999910 0.609017 -1822.642789 1249.218660
13.500000 1.999037 0.695001 -1828.798305 1241.722427
13.550000 2.000672 0.838051 -1823.194756 1249.836902
13.600000 2.000922 0.932562 -1816.662319 1256.754622
13.650000 2.015271 0.999263 -1821.894017 1273.562759
13.700000 1.997899 0.886656 -1838.870525 1229.902288
13.750000 2.000365 0.913307 -1836.493354 1236.067041
13.800000 2.001987 0.882609 -1836.156425 1238.895639
13.850000 1.993598 0.950509 -1812.136839 1250.029742
13.900000 1.998916 0.836852 -1825.792379 1244.541916
13.950000 1.999732 0.788149 -1827.071933 1244.517147
14.000000 1.999140 0.822367 -1814.671048 1256.008455
14.050000 2.001267 0.813592 -1808.853735 1265.092208
14.100000 1.999420 0.764329 -1805.268950 1265.840509
14.150000 2.000731 0.707575 -1800.993059 1272.130207
14.200000 2.013503 0.723176 -1787.886070 1304.855106
14.250000 2.001597 0.449952 -1831.351305 1243.101787
14.300000 2.000806 0.398643 -1839.901664 1233.336341
14.350000 2.000305 0.377557 -1854.077555 1218.391615
14.400000 2.000808 0.434267 -1862.942582 1210.298238
14.450000 2.000664 0.506314 -1875.313827 1197.706609
14.500000 2.000460 0.616471 -1883.361309 1189.344727
14.550000 2.000650 0.715895 -1891.038695 1181.960144
14.600000 2.237063 0.938208 -1870.269066 1565.860203
14.650000 2.039584 1.028819 -1879.264328 1253.536546
14.700000 2.003633 0.793772 -1898.159514 1179.421215
14.750000 1.967573 1.122285 -1837.407980 1184.783919
14.800000 1.998456 0.885695 -1888.508716 1181.119523
14.850000 2.843317 1.723188 -1808.584381 2558.750999
14.900000 10356.332522 261.911705 58557.116073 15965883.870290
14.950000 2.005599 0.832789 -1882.237622 1198.363080
15.000000 1.953253 1.935324 -1308.596871 1691.599095
15.050000 1.994534 1.653867 -1374.445870 1689.158249
15.100000 1.990069 1.653291 -1340.560954 1716.185365
15.150000 1.994006 1.438304 -1413.557002 1649.236935
15.200000 1.999697 1.952913 -1294.720038 1776.813824
15.250000 1.991660 1.591691 -1365.435100 1693.754228
15.300000 1.979716 1.633346 -1346.546009 1694.297537
15.350000 2.010264 1.377567 -1404.161270 1683.604128
15.400000 1.986835 1.475845 -1383.639629 1668.138275
15.450000 1.991908 1.548805 -1364.813503 1694.757908
15.500000 2.007714 1.494975 -1372.214560 1711.633785
15.550000 2.013522 1.572854 -1359.362961 1733.406644
15.600000 1.999299 1.685935 -1343.095067 1727.827705
15.650000 2.024687 1.525253 -1395.061824 1714.856759
15.700000 2.002310 0.680066 -1541.484423 1534.063765
15.750000 2.118119 1.066444 -1411.985263 1841.445793
15.800000 1.964520 1.237822 -1380.653239 1636.848885
15.850000 1.997879 0.762915 -1505.842264 1562.899832
15.900000 1.961882 2.352486 -1183.432398 1830.018459
15.950000 1.968164 2.034234 -1263.189792 1759.909467
16.000000 2.016619 1.857839 -1336.656815 1760.870332
16.050000 1.984738 1.859189 -1345.592694 1702.964463
16.100000 2.026088 2.003480 -1331.036912 1781.034195
16.150000 2.004894 1.395422 -1474.813848 1604.703872
16.200000 2.001844 1.982519 -1359.822310 1715.009422
16.250000 2.002756 1.691924 -1402.786326 1673.447575
16.300000 2.025116 1.896283 -1353.642720 1756.935477
16.350000 2.017571 1.552934 -1406.481464 1692.507915
16.400000 1.997435 1.269636 -1426.827585 1641.232906
16.450000 1.980038 1.629769 -1345.759457 1695.579632
16.500000 2.020533 1.663110 -1340.975020 1762.562991
16.550000 1.996707 1.483296 -1367.282896 1699.658341
16.600000 1.979762 1.557196 -1335.888596 1705.026592
16.650000 2.000596 1.431722 -1382.098664 1690.817356
16.700000 2.001551 1.703616 -1339.341648 1735.040577
16.750000 2.001504 5.458679 -1386.493734 1687.816256
16.800000 1.830418 2.489865 -1118.376734 1693.146012
16.850000 2.018009 0.788118 -1531.109651 1568.551855
16.900000 2.009640 1.015379 -1474.658483 1612.149121
16.950000 1.987819 1.031919 -1468.744863 1584.544631
17.000000 2.063202 0.998233 -1453.342820 1715.735700
17.050000 1.960561 1.710632 -1348.795895 1662.625122
17.100000 2.016652 1.510195 -1422.944405 1674.632878
17.150000 1.990205 1.562464 -1425.758069 1631.196730
17.200000 2.007836 1.979094 -1374.777164 1709.258332
17.250000 1.997727 1.792853 -1399.082092 1669.427144
17.300000 2.029179 1.656963 -1425.518627 1691.300234
17.350000 2.011736 1.669291 -1415.023421 1675.003623
17.400000 1.998359 1.545242 -1444.789177 1624.690119
17.450000 14.495460 71369663.113864 -1419.924856 20845.101390
17.500000 1.947480 1.096973 -1513.898054 1477.431222
17.550000 2.034868 1.042807 -1526.767356 1598.789143
17.600000 2.000727 0.577459 -1611.512179 1461.604825
17.650000 2.000121 0.467977 -1631.095803 1441.090474
17.700000 2.001556 0.465159 -1636.876837 1437.513781
17.750000 2.000968 0.441443 -1654.540933 1418.946523
17.800000 1.999891 0.515118 -1661.376812 1410.456322
17.850000 1.999534 0.605936 -1667.401179 1403.882482
17.900000 1.999817 0.649013 -1681.030490 1390.688973
17.950000 2.000989 0.681216 -1694.536164 1378.982982
18.000000 1.999844 0.743933 -1699.317334 1372.443323
18.050000 2.000827 0.776259 -1707.163191 1366.107646
18.100000 2.037372 1.031790 -1669.286564 1460.116284
18.150000 2.002658 0.809125 -1719.804621 1356.277720
18.200000 1.999097 0.776710 -1727.730759 1342.882583
18.250000 2.025085 0.926432 -1740.779482 1369.750709
18.300000 1.991683 0.991946 -1685.832645 1373.392175
18.350000 2.003178 37908288.470934 -1703.315850 1373.565398
18.400000 2.001933 0.519068 -1779.766028 1295.203576
18.450000 2.000617 0.433858 -1792.034513 1280.913573
18.500000 149607.661048 800.667414 202586.727599 229999954.097329
18.550000 2.161847 2.775803 -1210.317573 2110.280144
18.600000 1.938336 0.865703 -1707.496415 1269.788117
18.650000 1.994369 0.957721 -1736.363343 1326.987197
18.700000 1.963879 0.896176 -1713.233424 1303.284746
18.750000 2.007539 0.499876 -1804.675151 1278.904493
18.800000 16.865611 8.878414 -1561.191537 24344.386231
18.850000 2.000988 0.451995 -1823.657592 1249.859666
18.900000 2.000780 0.408020 -1828.368329 1244.829946
18.950000 2.000517 0.368901 -1839.109016 1233.685806
19.000000 2.000585 0.371435 -1847.243250 1225.655324
19.050000 20077877.907722 7672.690832 1960831.812327 30841581298.073837
19.100000 2.000403 0.395852 -1853.787985 1218.831335
19.150000 2.000520 0.387871 -1861.075359 1211.722792
19.200000 2.000614 0.400170 -1869.836759 1203.106559
19.250000 1.997618 0.743787 -1810.660274 1257.681419
19.300000 2.016932 0.837481 -1810.172544 1287.834825
19.350000 2.111442 1.242553 -1716.620400 1526.554978
19.400000 1.819723 2.854522 -1341.233202 1453.862068
19.450000 1.981555 1.897541 -1589.108334 1454.559423
19.500000 2.011406 0.969192 -1807.021937 1282.498079
19.550000 2.000713 0.620080 -1856.356091 1216.738479
19.600000 2.000397 0.543591 -1862.732552 1209.877674
19.650000 2.023685 0.656110 -1857.059498 1251.321376
19.700000 1.955023 1.283489 -1700.781312 1302.134744
19.750000 1.996350 0.871469 -1798.780188 1267.613335
19.800000 2.000182 0.639196 -1850.951598 1221.327436
19.850000 2.002049 0.636849 -1855.932361 1219.214396
19.900000 2.028259 0.839801 -1825.365829 1290.039494
19.950000 2.001318 0.725213 -1865.341535 1208.682459
20.000000 1.998390 0.924855 -1843.822388 1225.703891
20.050000 2.013142 1.133976 -1807.811686 1284.373664
20.100000 1.998116 1.134015 -1812.781160 1256.324785
20.150000 1.997180 0.978817 -1841.413852 1226.254215
20.200000 1.999161 0.966133 -1837.361081 1233.349586
20.250000 2.005085 0.976739 -1826.948020 1252.863258
20.300000 1.996961 0.976879 -1811.392329 1255.940345
20.350000 2.002594 0.855901 -1827.693467 1248.291144
20.400000 1.996388 0.915262 -1813.737886 1252.713848
20.450000 2.005901 0.917160 -1803.037965 1278.025280
20.500000 1.998695 0.811412 -1813.064745 1256.930477
20.550000 1.995074 0.937680 -1789.229226 1275.205092
20.600000 1.999056 0.958810 -1773.139776 1297.409752
20.650000 2.000194 0.792917 -1789.306274 1282.992206
20.700000 1.997916 0.790127 -1775.322898 1293.475682
20.750000 1.999455 0.751246 -1775.212553 1295.950953
20.800000 1.999618 0.765668 -1762.758139 1308.654976
20.850000 2.167166 819.030296 -1709.843939 1618.922562
20.900000 2.151780 1.770611 -1474.839171 1830.294985
20.950000 2.048736 1333.627778 -1699.879761 1446.978641
21.000000 9.636932 2.619670 -1800.106485 13002.221051
21.050000 1.977275 0.614615 -1792.297981 1244.795927
21.100000 2.073546 6.747541 -1158.229407 2026.737552
21.150000 1.958451 1.740999 -1503.516915 1504.663950
21.200000 1.992703 1.594667 -1565.454078 1495.337511
21.250000 2.003997 0.994416 -1748.570696 1329.568733
21.300000 2.032482 1.213004 -1749.305032 1372.588008
21.350000 2.008261 1.971177 -1656.791269 1427.896872
21.400000 1.984349 2.004511 -1605.408166 1442.551161
21.450000 1.977362 2.142543 -1549.390346 1487.838317
21.500000 2.000530 1.706859 -1630.679911 1442.134574
21.550000 1.988356 1.852249 -1564.388988 1489.726542
21.600000 1.965765 1.811490 -1570.032346 1449.382752
21.650000 7347200277.851432 7346960712.252181 -1599.922680 11285299625179.876953
21.700000 2.003873 0.619129 -1787.189198 1290.760359
21.750000 2.001026 0.394981 -1808.076620 1265.499948
21.800000 1.999747 0.360803 -1811.772238 1259.838642
21.850000 2.000988 0.395892 -1816.258485 1257.259739
21.900000 2.000257 0.454522 -1824.368211 1248.027254
21.950000 5878.079874 184.821965 45087.405810 9073818.092997
22.000000 2.003175 0.823474 -1768.790600 1308.085783
22.050000 2.000882 0.512656 -1829.681937 1243.673471
22.100000 6.330267 3.819798 -1769.712735 7953.577469
22.150000 1.981653 0.575535 -1802.639757 1241.178801
22.200000 1.987523 0.766175 -1763.840566 1288.994185
22.250000 2.298086 3.372215 -1140.682101 2389.177951
22.300000 2.038189 0.783673 -1827.686976 1302.971623
22.350000 1.998829 0.772725 -1839.872672 1230.327916
22.400000 1.941973 1.254112 -1741.515123 1241.356095
22.450000 1.982458 1.270002 -1758.581909 1286.473573
22.500000 1.968717 0.854430 -1719.835132 1304.114019
22.550000 1.834370 1.951195 -1420.385958 1397.206426
22.600000 1.852738 2.606982 -1264.128398 1581.676780
22.650000 1.850348 2.516739 -1330.986399 1511.147590
22.700000 1.993363 1.653605 -1618.008011 1443.798243
22.750000 1.999206 1.696385 -1616.838996 1453.941305
22.800000 2.028678 1.633688 -1639.111410 1476.937252
22.850000 5.392568 3.229044 -1442.649486 6840.334370
22.900000 1.978829 0.827246 -1798.552923 1240.928763
22.950000 1.941319 1.465362 -1615.290380 1366.575629
23.000000 2.012955 1.193677 -1719.601546 1372.297589
23.050000 1.996439 1.193296 -1691.472980 1375.056944
23.100000 2.057371 1.460061 -1635.306923 1524.815062
23.150000 1.980284 1.295246 -1646.576301 1395.139427
23.200000 1.956019 2.335038 -1361.773695 1642.671813
23.250000 1.995999 1.396667 -1617.981637 1447.872497
23.300000 1.991091 1.444349 -1587.298084 1471.018127
23.350000 1.994241 1.427635 -1578.632775 1484.521775
23.400000 2.002761 1.606015 -1511.302087 1564.938761
23.450000 2.014692 1.457124 -1553.933606 1540.632710
23.500000 2.010838 1.005150 -1661.168931 1427.477977
23.550000 1.991906 0.602468 -1744.171719 1315.395409
23.600000 2.010287 0.608907 -1738.852354 1348.948761
23.650000 2.062847 1.109596 -1641.176811 1527.356470
23.700000 2.010839 1.209746 -1640.699311 1447.949532
23.750000 2.352216 1.036939 -1711.849044 1901.155361
23.800000 2.005399 0.585607 -1793.912485 1286.380159
23.850000 34.310760 15.287479 2315.649422 55016.976314
23.900000 2.003463 0.482634 -1814.686215 1262.632977
23.950000 2.000904 0.349611 -1838.859380 1234.529261
24.000000 2.000623 0.327593 -1840.850570 1232.105898
24.050000 2.000883 0.290427 -1854.011341 1219.345604
24.100000 2.000852 0.290553 -1866.943072 1206.365619
24.150000 2.012473 0.355449 -1882.498178 1208.660172
24.200000 1.972389 0.723522 -1815.943678 1213.646592
24.250000 1.989996 0.639161 -1868.029560 1188.603862
24.300000 1.992124 1.107203 -1879.388119 1180.513985
24.350000 2.019463 0.822457 -1849.918160 1251.976292
24.400000 2.348785 1.123114 -1811.114682 1796.619785
24.450000 1.990402 1.303200 -1760.679000 1296.578338
24.500000 2.009766 1.221973 -1765.890723 1321.110022
24.550000 2.015599 1.051341 -1820.531997 1275.428066
24.600000 1.986176 2.362930 -1432.008373 1618.757466
24.650000 2.166409 2.200508 -1675.630485 1651.973044
24.700000 1.997284 0.806479 -1866.823863 1201.003862
24.750000 1.946664 0.765385 -1865.453461 1124.622413
24.800000 1.986119 0.695788 -1883.003108 1167.674937
24.850000 1.996748 0.839526 -1843.241057 1223.764498
24.900000 2.053385 1.008512 -1829.694706 1324.304740
24.950000 2.015981 0.669380 -1891.504739 1205.041408
25.000000 27591.523177 339.118978 92154.479217 42472734.079278
25.050000 2.002000 0.468644 -1919.365379 1155.706635
25.100000 2.000501 0.407402 -1932.903498 1139.866471
25.150000 2.000655 0.408700 -1940.693286 1132.313307
25.200000 2.000844 0.419553 -1953.035518 1120.260944
25.250000 1.998468 0.566712 -1944.083191 1125.564015
25.300000 2.000750 0.653145 -1946.277111 1126.874131
25.350000 2.000421 0.562361 -1987.829823 1084.816857
25.400000 2.000856 0.636327 -1994.742987 1078.572360
25.450000 2.003299 0.705222 -2005.854640 1071.212023
25.500000 2.004252 0.801967 -2005.566959 1072.964213
25.550000 2.000198 0.873849 -2008.331293 1063.973258
25.600000 2.006425 1.030486 -2000.369473 1081.498659
25.650000 2.001703 1.020538 -2004.268795 1070.347754
25.700000 2.000571 0.945114 -2018.958747 1053.918419
25.750000 2.001646 0.885485 -2013.866073 1060.661925
25.800000 2.004616 0.915056 -2017.233626 1061.856487
25.850000 2.075247 1.161901 -1960.067819 1227.511454
25.900000 1.980809 0.986598 -1991.580976 1050.941269
25.950000 1.979820 1.771035 -1789.795335 1251.208349
26.000000 2.006398 2.370221 -1647.811434 1434.015234
26.050000 1.947492 3.390539 -1366.180656 1625.166388
26.100000 2.041644 1.097807 -1962.392115 1173.573815
26.150000 2.030541 0.882627 -1960.966832 1157.944142
26.200000 2.022189 0.700055 -1991.919988 1114.161874
26.250000 1.961631 1.226926 -1831.467608 1181.598019
26.300000 1.984823 1.415931 -1956.876190 1091.812691
26.350000 1.980268 1.036259 -1896.229630 1145.462554
26.400000 1.911102 2.079612 -1625.079068 1310.372841
26.450000 2.074834 1.973715 -1630.719952 1556.224372
26.500000 1.890006 2.363468 -1630.998572 1272.050343
26.550000 1.963868 3.856089 -1665.029807 1351.471066
26.600000 2.024224 1.046407 -1922.283022 1186.924974
26.650000 1.932068 0.759738 -1947.858469 1019.797223
26.700000 2.004862 0.534808 -2000.382634 1079.084807
26.750000 2.001209 0.382895 -2030.313417 1043.543623
26.800000 1.999537 0.402844 -2040.198508 1031.091078
26.850000 2.001514 0.526889 -2035.865114 1038.460910
26.900000 1.999000 0.424897 -2052.723905 1017.740294
26.950000 2.000440 0.327178 -2074.059262 998.616941
27.000000 1.990295 4.212076 -1975.169029 1081.924710
27.050000 1.948601 2.236039 -1615.057202 1377.993895
27.100000 2.524195 1.281226 -1882.450059 1994.713580
27.150000 2.001839 1.372603 -1884.271467 1190.552722
27.200000 1.972808 1.690123 -1811.693221 1218.540269
27.250000 2.640495 1.483186 -1858.491837 2197.308165
27.300000 1.995214 1.485903 -1844.213801 1220.434420
27.350000 2.024369 1.337009 -1868.622320 1240.809148
27.400000 2.007205 1.595527 -1791.114969 1291.952377
27.450000 2.003266 1.987782 -1684.834839 1392.181604
27.500000 2.007400 1.544714 -1770.387471 1312.979491
27.550000 1.986664 1.665081 -1715.616246 1335.899124
27.600000 103.125488 38.869928 8742.413502 167143.163185
27.650000 2.015368 1.307425 -1802.864773 1292.740498
27.700000 1.922520 1.592933 -1773.370254 1179.619928
27.750000 2.004608 0.627184 -1981.235472 1097.842785
27.800000 2.007036 0.516349 -1993.147199 1089.660400
27.850000 1.999914 0.401207 -2013.296319 1058.571383
27.900000 2.002061 0.398899 -2020.140424 1055.025498
27.950000 1.999118 0.385821 -2032.061246 1038.584290
28.000000 2.001053 0.375439 -2049.568498 1024.048325
28.050000 1.999152 0.477412 -2046.549790 1024.147030
28.100000 2.003131 0.547315 -2054.700311 1022.109045
28.150000 2.000505 0.529881 -2073.223727 999.552085
28.200000 2.000091 0.577369 -2081.905033 990.234975
28.250000 2.000224 0.658161 -2080.660396 991.683753
28.300000 2.001035 0.635964 -2094.369900 979.219664
28.350000 2.000338 0.657321 -2092.767042 979.751652
28.400000 2.024622 1.097796 -1987.269460 1122.550159
28.450000 1.998911 0.772599 -2064.753997 1005.573728
28.500000 1.980097 1.819816 -1852.275712 1189.153204
28.550000 1.911857 1.596289 -1859.981040 1076.630679
28.600000 2.008963 1.344405 -1960.816139 1124.951382
28.650000 2.000305 1.334685 -1958.256098 1114.212888
28.700000 1.996254 1.398065 -1961.577158 1104.669037
28.750000 1.937720 2.308850 -1704.625905 1271.711653
28.800000 2.003898 1.575590 -1922.936758 1155.050736
28.850000 2.008806 1.699454 -1883.242959 1202.283682
28.900000 2.020026 1.548153 -1901.032560 1201.727041
28.950000 2.005920 1.511439 -1868.477833 1212.614642
29.000000 2.008132 1.475836 -1858.371035 1226.119857
29.050000 2.015183 2.028715 -1711.478230 1383.842340
29.100000 2.467756 4.187215 -1253.992165 2536.481337
29.150000 1.942658 1.922559 -1720.810814 1263.112225
29.200000 1.961000 1.508226 -1805.178604 1206.917505
29.250000 1.990447 1.555465 -1816.474043 1240.852202
29.300000 2.023655 0.925214 -1971.348687 1136.986019
29.350000 2.000727 0.394982 -2060.779324 1012.337887
29.400000 1.954411 1.081911 -1885.944424 1116.031113
29.450000 1.869114 1.522042 -1778.748314 1092.211189
29.500000 2.006153 0.469701 -2056.220876 1025.229871
29.550000 1.904891 11.276692 -1817.369481 1108.543068
29.600000 1.907521 2.085786 -1611.359069 1318.592730
29.650000 1.984846 0.760547 -2007.602710 1041.120810
29.700000 1.962347 1.067421 -1926.787153 1087.378097
29.750000 2.004175 0.780270 -2032.303699 1046.109200
29.800000 2.020886 0.756097 -2048.598357 1055.482196
29.850000 1.747590 4.398218 -1265.240436 1419.057543
29.900000 1.994418 1.354282 -1953.361694 1110.065097
29.950000 1.916895 1.738306 -1826.370402 1117.979622
30.000000 1.994673 0.838703 -2143.713731 920.103873
30.050000 2.000493 0.823363 -2154.421750 918.335395
30.100000 2.036118 0.953240 -2145.429087 982.047684
30.150000 1.998848 0.594679 -2199.173492 871.056696
30.200000 2.006493 0.407261 -2236.275416 845.697246
30.250000 2.000133 0.337246 -2254.192071 818.012368
30.300000 1.999438 0.411690 -2252.247071 818.889988
30.350000 1.997419 0.554685 -2239.342049 828.693442
30.400000 2.001351 0.520516 -2265.246514 808.828205
30.450000 1119392.972311 1651.417720 517281.419746 1719904886.888988
30.500000 2.000908 0.447925 -2281.233440 792.161448
30.550000 1.946432 0.784350 -2187.227920 802.491382
30.600000 2.795716 4.682761 -1158.773351 3135.445983
30.650000 1.970684 1.186892 -2062.185420 964.785574
30.700000 2.355952 0.636604 -2193.011691 1425.730008
30.750000 2.021946 2.285797 -1735.282669 1370.426297
30.800000 2.314405 1.386623 -2011.742173 1543.184230
30.850000 1.955186 1.853380 -1908.839414 1094.326370
30.900000 3.501633 1.589857 -2001.522140 3376.985927
30.950000 11.297451 3.232101 -2087.697306 15265.188169
31.000000 1.955983 1.880155 -1805.584602 1198.805576
31.050000 1.925649 3.229852 -1340.831091 1616.965260
31.100000 2.035249 1.619641 -1902.850427 1223.292492
31.150000 1.985935 1.356026 -1954.027311 1096.368366
31.200000 1.986621 1.095135 -2029.921675 1021.528164
31.250000 1.993957 1.464694 -1917.684963 1145.032875
31.300000 1.978270 1.686016 -1856.739503 1181.883008
31.350000 16574.165298 259.192766 74275.740460 25532193.637533
31.400000 2.007506 0.558548 -2115.688749 967.840533
31.450000 2.002555 0.417522 -2133.744841 942.179565
31.500000 2.017539 0.508941 -2113.708849 985.231272
31.550000 2.310321 0.764525 -2040.823470 1507.830056
31.600000 1.996777 0.817233 -2049.036066 1018.012945
31.650000 1.981663 1.185228 -1948.139557 1095.694767
31.700000 2.001103 1.050635 -2036.065132 1037.629513
31.750000 1.922324 2.397365 -1640.180013 1312.509736
31.800000 1.910889 2.349557 -1641.736852 1293.388406
31.850000 1.987625 1.472209 -1895.765322 1157.227122
31.900000 2.040843 2.063925 -1733.754818 1400.980580
31.950000 1.973362 1.616986 -1821.083068 1210.000707
32.000000 1.990617 1.469555 -1850.611224 1206.976890
32.050000 2.004113 2.001371 -1720.352362 1357.965010
32.100000 2.025481 2.126656 -1669.949643 1441.189574
32.150000 2.013187 1.857543 -1711.492509 1380.762904
32.200000 1.896609 3.629860 -1301.494817 1611.697285
32.250000 2.037687 0.831625 -1961.829671 1168.058254
32.300000 2.034265 1.420067 -1753.996108 1370.634386
32.350000 2.006314 0.422193 -2037.824503 1043.873596
32.400000 2.000864 0.314528 -2058.351481 1014.975109
32.450000 2.458422 2.158320 -1509.004522 2267.131089
32.500000 2.017600 0.338355 -2069.890577 1029.143077
32.550000 2.001597 0.284004 -2104.703630 969.749820
32.600000 5.425724 7.314693 42.435532 8376.347158
32.650000 1.941558 0.630052 -2045.049592 937.182827
32.700000 50.115073 16.996984 3183.180108 80159.932235
32.750000 2.033133 0.344153 -2111.152683 1011.738951
32.800000 2.286756 2.391159 -1486.968489 2025.488749
32.850000 1.983149 0.486579 -2113.821572 932.295152
32.900000 1.974273 0.945095 -2017.119193 1015.364782
32.950000 1.983333 0.990899 -2030.847564 1015.552277
33.000000 2.005060 0.849091 -2094.797522 984.974693
33.050000 1.972256 1.521133 -1936.385746 1092.999004
33.100000 2.095323 1.891398 -1818.292761 1400.123847
33.150000 2.002200 1.575065 -1938.396984 1136.981865
33.200000 2.024340 1.697774 -1899.939625 1209.447327
33.250000 2.003847 1.687519 -1875.808769 1202.100021
33.300000 1.990862 1.723606 -1837.335296 1220.629191
33.350000 2.004365 1.454957 -1893.074526 1185.630766
33.400000 336.391586 231.517256 -1740.257134 514957.219612
33.450000 2.005680 5.788794 -1872.494333 1208.230452
33.500000 2.866778 1.397452 -1825.500113 2577.870547
33.550000 631.077217 52.347047 14341.020987 983675.626159
33.600000 2.082354 0.542962 -2115.428599 1083.066619
33.650000 2.010105 0.431380 -2121.915452 965.605808
33.700000 2.002559 0.268233 -2171.297994 904.633041
33.750000 2.123452 0.320564 -2178.109763 1083.513004
33.800000 1.905688 2.740973 -1868.053576 1059.083441
33.850000 2.010547 0.697510 -2138.034366 950.166297
33.900000 2.055340 0.667934 -2107.806108 1049.196889
33.950000 3.853929 1.113797 -2042.911808 3876.722748
34.000000 1.994073 0.870170 -2077.259482 985.636426
34.050000 2.149682 1.118611 -2001.927815 1299.983563
34.100000 2.036412 1.007212 -2067.860433 1060.068367
34.150000 15151424270.301310 132205.420723 41815044.579959 23272629494227.390625
34.200000 2.016999 0.665433 -2140.179319 957.931656
34.250000 2.000721 0.249610 -2209.466807 863.640776
34.300000 2.000074 0.235750 -2204.119589 867.994376
34.350000 2.001379 0.248135 -2206.164497 867.954141
34.400000 1.999864 0.237424 -2218.182204 853.608382
34.450000 2.000663 0.247740 -2232.219152 840.799337
34.500000 2.000765 0.287452 -2245.500984 827.674004
34.550000 2.000786 0.358219 -2254.504762 818.703274
34.600000 2.000510 0.421074 -2264.995446 807.787814
34.650000 2.001630 0.457417 -2277.476422 797.027515
34.700000 1.999939 0.444668 -2300.537541 771.368689
34.750000 2.000268 0.582141 -2286.784093 785.627069
34.800000 2.002430 0.531291 -2316.354864 759.377856
34.850000 1.999520 0.530924 -2328.855794 742.407344
34.900000 2.000783 0.580706 -2327.570551 745.631470
34.950000 2.000717 0.551080 -2343.588097 729.513425
35.000000 2.064861 1.365023 -2173.573417 998.052522
35.050000 1.986480 1.371730 -2147.875201 903.358330
35.100000 3.716999 1.276791 -2181.540455 3527.769684
35.150000 2.189209 1.495106 -2196.438561 1166.186445
35.200000 1.971165 0.992674 -2200.507989 827.202170
35.250000 2.042659 0.892699 -2207.060333 930.463966
35.300000 2.095627 1.558821 -2026.257768 1192.624621
35.350000 2.014377 1.803760 -1992.593317 1101.490106
35.400000 2.053411 1.749798 -2014.712365 1139.326196
35.450000 436062.341944 347341.189833 -2254.926337 669789502.299169
35.500000 8895014339067423744.000000 1456460143.652399 466066555307.986328 13662742025273629212672.000000
35.550000 2.001206 0.390996 -2312.530173 761.322630
35.600000 2.017220 0.542800 -2280.750799 817.699041
35.650000 2.689106 0.351276 -2334.057850 1796.408640
35.700000 1.985421 0.823913 -2199.916923 849.689419
35.750000 2.213039 7.974222 -1990.840099 1408.387305
35.800000 2.074334 0.684624 -2289.086488 897.090200
35.850000 2.014042 1.131131 -2146.764746 946.804179
35.900000 2.011150 0.940747 -2248.269311 840.856884
35.950000 1.967346 1.376464 -2134.046907 887.796609
36.000000 1.973541 1.425262 -2134.732793 896.625705
36.050000 2.007359 1.299520 -2197.896727 885.407444
36.100000 2.015075 1.515182 -2133.494897 961.660880
36.150000 2.020102 1.236148 -2195.264942 907.611998
36.200000 2.091189 0.885596 -2264.322743 947.744136
36.250000 1.981158 0.991318 -2205.725482 837.332552
36.300000 8.105711 9.311864 -398.101278 12052.270381
36.350000 1.988388 1.337801 -2113.221971 940.942102
36.400000 1.992571 1.179840 -2155.433739 905.155681
36.450000 1.964973 11.910843 -2029.102447 989.096570
36.500000 2.016853 0.474009 -2345.949183 751.937392
36.550000 2.146366 4619.118144 -2323.566276 973.251952
36.600000 6.446069 6.785369 -334.101265 9567.060278
36.650000 2.008742 315576.876884 -2310.913355 774.514576
36.700000 644162.219632 513303.280905 -1537.211579 989431632.142568
36.750000 2.019620 0.468135 -2303.035972 799.100863
36.800000 2.002245 0.221479 -2380.541249 694.907057
36.850000 2.001089 0.191258 -2391.846231 681.826497
36.900000 2.001823 0.150216 -2415.772388 659.027292
36.950000 2.007257 0.565611 -2314.138739 769.008356
37.000000 136120.578973 104653.264763 -2347.967305 209078861.335534
37.050000 1.997645 0.270296 -2375.565567 692.816814
37.100000 2100219.667295 2165.578584 689660.819139 3226627069.784350
37.150000 1.999187 0.161616 -2412.510834 658.240329
37.200000 4.017711 1.848850 -2225.195716 3946.008438
37.250000 2.012410 0.474594 -2351.016628 740.045545
37.300000 1.944023 0.877042 -2231.342684 754.677220
37.350000 2.003660 1.132829 -2188.687030 888.934824
37.400000 2.023663 1.386859 -2113.470676 994.875766
37.450000 1.997265 1.315658 -2165.380001 902.418948
37.500000 1.994887 1.457311 -1533.419916 1530.725907
37.550000 1.997735 1.284144 -1575.511796 1493.009035
37.600000 1.987472 1.528372 -1486.534052 1566.222299
37.650000 2.013229 1.295825 -1566.101417 1526.217825
37.700000 1.988788 1.438674 -1522.376487 1532.402300
37.750000 1.999454 1.702543 -1448.791627 1622.369753
37.800000 1.995545 1.466806 -1510.722535 1554.434736
37.850000 1.984767 1.450658 -1505.345702 1543.256038
37.900000 1.997929 1.673502 -1453.706023 1615.113182
37.950000 2.006347 1.497883 -1494.437116 1587.311928
38.000000 1.996973 1.238208 -1559.348468 1508.002205
38.050000 1.994740 1.476195 -1488.584641 1575.336557
38.100000 2.000031 1.539570 -1473.000782 1599.047182
38.150000 2.005865 1.463564 -1486.558117 1594.450362
38.200000 2.006705 1.347425 -1513.280435 1569.018267
38.250000 1.997926 1.424773 -1488.695935 1580.117746
38.300000 1.996822 1.471354 -1488.612902 1578.505039
38.350000 1.999149 1.504964 -1486.768910 1583.923576
38.400000 2.002643 1.722825 -1419.067359 1656.992621
38.450000 1.997933 1.371363 -1513.219181 1555.606541
38.500000 2.020212 0.746239 -1686.707509 1416.338733
38.550000 2.001497 0.206387 -1797.490464 1276.808183
38.600000 1.999285 0.172733 -1795.321754 1275.579364
38.650000 1.999537 0.240487 -1790.058884 1281.229687
38.700000 2.001196 0.330946 -1788.182136 1285.654342
38.750000 2.001304 0.330828 -1814.193106 1259.809174
38.800000 2.001308 0.373262 -1828.700555 1245.308417
38.850000 2.000920 0.402977 -1845.135805 1228.276860
38.900000 2.001058 0.422246 -1859.930697 1213.694512
38.950000 2.001353 0.407943 -1880.981586 1193.096629
39.000000 2.000515 0.416145 -1897.947547 1174.843117
39.050000 2.000787 0.482626 -1900.867965 1172.340899
39.100000 2.000923 0.475707 -1923.256286 1150.162144
39.150000 1010116.898407 705109.284930 -1924.433062 1551537631.519800
39.200000 2.004041 0.296702 -1974.819409 1103.387697
39.250000 2.003512 0.250162 -1989.284155 1088.110732
39.300000 2.001489 0.172806 -2011.335850 1062.951826
39.350000 2.001813 0.127322 -2035.348043 1039.437152
39.400000 2.001274 0.139268 -2057.174637 1016.782099
39.450000 2.000691 0.228592 -2071.118546 1001.943201
39.500000 9.337703 7.811214 553.925910 14896.637151
39.550000 2.001529 0.340614 -2084.495424 989.853552
39.600000 2.001443 0.188744 -2113.886837 960.330319
39.650000 1.997035 0.191609 -2112.001522 955.444749
39.700000 87905.306357 438.389155 157712.480040 135180263.043681
39.750000 1.993670 0.707088 -1946.021484 1116.255983
39.800000 2.006536 0.459356 -2073.231034 1008.808970
39.850000 2.017086 0.420424 -2100.654113 997.590745
39.900000 2.002798 0.255471 -2131.868038 944.429753
39.950000 2.000662 0.204414 -2146.285006 926.731997
40.000000 2.000714 0.204326 -2157.866563 915.230076
40.050000 2.000953 0.235194 -2170.305008 903.158155
40.100000 2.000971 0.282763 -2186.174609 887.316406
40.150000 2.000920 0.361413 -2197.804688 875.608301
40.200000 2.001282 0.409372 -2218.205253 855.764564
40.250000 2.000870 0.462491 -2233.831915 839.503742
40.300000 2.000971 0.506730 -2247.510253 825.981817
40.350000 2.000695 0.526276 -2263.484875 809.582198
40.400000 2.000956 0.556904 -2273.514258 799.954465
40.450000 2.000645 0.567491 -2285.977691 787.013110
40.500000 1.999964 0.591176 -2289.658792 782.285387
40.550000 1828.939408 5372.552235 -2240.506152 2807010.424215
40.600000 1.995001 0.484450 -2320.775761 743.545051
40.650000 52275.830563 65837.447493 -2198.342843 80293477.402078
40.700000 2.002501 0.396166 -2310.579940 765.261897
40.750000 2.003458 0.388524 -2324.323356 752.987407
40.800000 2.001345 0.404616 -2328.688089 745.377782
40.850000 2.001338 0.414468 -2342.736875 731.318593
40.900000 1.997713 0.491076 -2339.080099 729.406453
40.950000 2.000130 0.482982 -2358.795288 713.405096
41.000000 1.999595 0.539074 -2354.013575 717.363872
41.050000 1.999905 0.497608 -2373.271959 698.582515
41.100000 2.002219 0.482976 -2381.539710 693.868698
41.150000 2.000690 0.465671 -2397.434810 675.625548
41.200000 2.000248 0.476179 -2402.577617 669.803991
41.250000 2.000116 0.505692 -2404.849170 667.329534
41.300000 2.000306 0.510704 -2415.124488 657.345805
41.350000 2.001037 0.515733 -2426.218436 647.374006
41.400000 2.000326 0.540405 -2430.697843 641.802169
41.450000 1.999997 0.571758 -2428.404125 643.590861
41.500000 2.014693 0.610378 -2427.896880 666.671827
41.550000 2.001949 0.467371 -2456.252072 618.742141
41.600000 2.002443 0.349457 -2493.683323 582.068995
41.650000 2.000407 0.322848 -2507.784540 564.840009
41.700000 2.000717 0.340411 -2520.115503 552.986416
41.750000 2.000253 0.401024 -2525.789111 546.599369
41.800000 2.000469 0.465233 -2531.276552 541.444219
41.850000 2.001503 0.434087 -2531.916740 542.391836
41.900000 2.001218 0.326793 -2555.588218 518.282490
41.950000 2.000394 0.290483 -2566.295456 506.309391
42.000000 2.000318 0.314102 -2571.295676 501.193448
42.050000 2.000313 0.369908 -2576.028987 496.452421
42.100000 2.000412 0.440535 -2581.418715 491.213657
42.150000 2.000600 0.503718 -2589.523271 483.398564
42.200000 2.000719 0.547079 -2599.817688 473.287462
42.250000 2.000558 0.569317 -2609.511496 463.346335
42.300000 2.000540 0.563897 -2618.557644 454.271965
42.350000 2.000300 0.545821 -2624.496042 447.964839
42.400000 2.000238 0.524054 -2628.278563 444.087687
42.450000 2.000302 0.498142 -2632.618046 439.846029
42.500000 2.000317 0.481598 -2637.422294 435.065140
42.550000 2.000272 0.488181 -2642.015274 430.402530
42.600000 2.000482 0.505840 -2647.719236 425.021698
42.650000 2.000806 0.513667 -2657.929538 415.307983
42.700000 2.000496 0.527773 -2668.745648 404.015631
42.750000 2.000244 0.571308 -2672.954365 399.421065
42.800000 2.000134 0.613605 -2675.955026 396.251555
42.850000 2.000894 0.622124 -2683.920375 389.453010
42.900000 2.000498 0.603598 -2696.945449 375.819437
42.950000 2.000342 0.626058 -2699.697177 372.827479
43.000000 2.000420 0.629900 -2708.264453 364.380812
43.050000 1.999951 0.645035 -2711.017393 360.906626
43.100000 1.999868 0.666651 -2710.586128 361.210654
43.150000 2.001243 0.627405 -2717.307753 356.601950
43.200000 2.000298 0.589317 -2725.542137 346.915263
43.250000 1.999632 0.602422 -2725.302205 346.131792
43.300000 1.999719 0.642109 -2718.466266 353.101550
43.350000 2.000899 0.624004 -2724.788257 348.592531
43.400000 5.619956 6.356638 -1294.372705 7337.878949
43.450000 2.007340 0.609318 -2702.196693 381.077617
43.500000 2.002651 0.467874 -2733.540270 342.531651
43.550000 1.998036 0.446160 -2745.406839 323.576203
43.600000 1.999859 0.460213 -2764.019866 307.763959
43.650000 1.999402 0.571235 -2761.449836 309.631294
43.700000 2.000276 0.658800 -2762.175675 310.248093
43.750000 1.999764 0.685999 -2766.062909 305.574099
43.800000 2.000324 0.657236 -2769.871810 302.625263
43.850000 1.999790 0.598298 -2769.460500 302.217476
43.900000 1.999581 0.527306 -2767.353199 304.003286
43.950000 1.999750 0.460704 -2767.019082 304.597256
44.000000 1.999937 0.432408 -2762.209858 309.693947
44.050000 1.864044 2.846741 -2446.269108 416.902021
44.100000 2.060415 0.896466 -2626.416691 538.380550
44.150000 2.028725 1.162293 -2517.188310 598.933690
44.200000 2.006695 0.980591 -2598.541462 483.741522
44.250000 1.946345 1.818567 -2324.640536 664.944856
44.300000 1.993298 1.593227 -2428.813429 632.893026
44.350000 1.985211 1.538710 -2400.393944 648.890125
44.400000 2.055704 1.503917 -2370.314832 787.246335
44.450000 2.013877 1.390055 -2358.352743 734.961627
44.500000 1.993456 1.137136 -2362.927583 699.021255
44.550000 1.995904 1.154433 -2298.574341 767.134942
44.600000 1.991835 1.146978 -2245.852934 813.605501
44.650000 1.994581 0.972748 -2249.656868 814.020063
44.700000 2.010264 1.006730 -2193.945763 893.819990
44.750000 2.000298 0.994667 -2143.103288 929.354885
44.800000 1.993570 1.050276 -2089.515588 972.608532
44.850000 1.990127 0.986217 -2077.029372 979.806417
44.900000 1.997075 1.074535 -2038.471601 1029.036132
44.950000 1.997842 1.282845 -1953.426677 1115.258074
45.000000 2.015691 0.759706 -1914.114807 1181.986545
45.050000 1.989774 1.025055 -1832.241155 1224.052087
45.100000 2.041237 1.034234 -1853.113196 1282.226994
45.150000 2.058969 6.431352 -1884.531578 1278.044578
45.200000 2.009738 0.669123 -2010.794320 1076.162827
45.250000 1.907387 3.480464 -1818.749433 1110.997339
45.300000 2.025925 0.301694 -2077.615601 1034.205536
45.350000 1.943342 1.298400 -1677.790595 1307.182090
45.400000 2.019361 0.758289 -1954.447534 1147.290544
45.450000 2.010685 0.831409 -1959.687893 1128.724546
45.500000 2.063469 1.006203 -1944.034964 1225.453898
45.550000 1.980146 1.929999 -1617.648930 1423.855478
45.600000 1.990525 1.267076 -1927.583439 1129.862311
45.650000 1.992507 1.213443 -1958.959764 1101.530364
45.700000 2.026920 1.441326 -1850.331603 1263.018138
45.750000 1.999562 0.905326 -2011.361898 1059.965823
45.800000 1.999034 1.001664 -1950.198537 1120.317273
45.850000 1.994769 1.124938 -1898.327408 1165.637971
45.900000 1.985017 1.455862 -1767.871170 1281.115566
45.950000 1.998766 1.150325 -1837.882290 1232.222647
46.000000 2.034860 1.091813 -1829.722903 1295.822573
46.050000 1.999816 1.146879 -1794.422947 1277.295074
46.100000 1.994049 1.225642 -1736.366923 1326.492152
46.150000 2.021201 1.153750 -1749.022781 1355.541777
46.200000 1.996045 1.092014 -1751.090942 1314.833542
46.250000 1.990165 1.254377 -1690.838693 1366.054800
46.300000 1.994056 1.220201 -1697.942769 1364.926557
46.350000 2.010231 1.225023 -1679.063271 1408.651629
46.400000 2.031720 1.548077 -1530.637227 1590.083966
46.450000 2.006870 698.001814 -1592.818978 1489.733224
46.500000 1.984512 1.154777 -1699.823536 1348.386460
46.550000 3.672810 3.589084 -556.652956 5084.783344
46.600000 2.014649 0.432695 -1864.319705 1230.180789
46.650000 1.979474 0.325025 -1913.670558 1126.801162
46.700000 1.996742 0.307763 -1930.458527 1136.536448
46.750000 2.037470 0.541888 -1851.856357 1277.697909
46.800000 2.079777 0.579093 -1930.786793 1263.749981
46.850000 65.906724 14.669316 3923.134951 105155.862520
46.900000 2.055816 0.521888 -1975.953333 1181.779378
46.950000 2.010405 0.274132 -2061.227559 1026.753791
47.000000 1.992701 0.662471 -1904.868632 1155.919478
47.050000 1.998286 0.551231 -2000.696612 1068.670114
47.100000 2.044220 0.796929 -1934.654141 1205.267131
47.150000 2.131423 0.723982 -2012.572845 1261.292433
47.200000 1.980904 1.008433 -1954.881062 1087.787653
47.250000 2.015585 1.120889 -1951.338992 1144.598955
47.300000 2.155253 1.391020 -1860.221355 1450.247496
47.350000 1.981209 1.285945 -1884.304551 1158.832725
47.400000 1.984739 1.049418 -1948.354120 1100.205255
47.450000 1.990092 1.251035 -1860.738548 1196.042076
47.500000 4.195267 2.116669 -1499.775690 4944.154622
47.550000 2.101101 1.482680 -1702.727179 1524.564498
47.600000 2.022882 0.837822 -1966.202216 1140.943835
47.650000 2.008579 0.917287 -1939.963132 1145.214296
47.700000 1.998709 0.786470 -1995.702153 1074.314490
47.750000 2.008843 0.829818 -1995.260454 1090.322514
47.800000 1.995867 0.915564 -1972.061007 1093.589941
47.850000 75.427325 31.474578 -1482.091734 114374.279272
47.900000 2.008351 0.527886 -2104.798322 980.029292
47.950000 2.001937 0.297412 -2159.077685 915.897649
48.000000 2.010863 0.251875 -2176.847452 911.837840
48.050000 1.999367 0.240547 -2189.140463 881.886916
48.100000 2.001380 0.291033 -2198.290211 875.830152
48.150000 2.000667 0.360933 -2202.973207 870.051104
48.200000 2.000265 0.397666 -2216.196560 856.210123
48.250000 2.002085 0.411989 -2235.250479 839.951529
48.300000 2.001004 0.439608 -2251.702441 821.840143
48.350000 2.000347 0.476716 -2265.955171 806.578363
48.400000 2.001397 0.513961 -2279.138592 795.007752
48.450000 2.001395 0.551024 -2290.442667 783.699314
48.500000 1.999594 0.633897 -2281.617146 789.759678
48.550000 2.000091 0.636355 -2294.516267 777.623917
48.600000 2.000818 0.621069 -2307.107182 766.149250
48.650000 2.000306 0.603773 -2319.320289 753.150347
48.700000 2.001696 0.585691 -2334.447350 740.157123
48.750000 1.998956 0.600156 -2339.423733 730.971934
48.800000 2.109785 0.767929 -2310.467355 930.161815
48.850000 3.412738 1.203706 -2159.456529 3082.509738
48.900000 2.038539 0.935114 -2355.571956 775.623237
48.950000 1.840993 1.290956 -2045.831176 781.934340
49.000000 2.012344 0.912003 -2227.014803 863.945476
49.050000 34253028.510200 20541829.224397 -277.649476 52612651514.017914
49.100000 1.996393 1.521999 -1983.348749 1083.111540
49.150000 2.129963 3.541829 -1423.606183 1848.017222
49.200000 1.912930 1.497210 -2102.545968 835.713796
49.250000 2.015669 1.260585 -2122.319088 973.749159
49.300000 1.903995 1.360694 -2033.110966 891.425922
49.350000 1.990773 1.093995 -2134.795045 923.031978
49.400000 2.011168 0.845567 -2215.423806 873.729951
49.450000 2.256924 3.056039 -1305.243720 2161.392273
49.500000 2.264727 1.984536 -1711.855482 1766.765489
49.550000 1.981737 0.990438 -2126.649127 917.299272
49.600000 2.059335 1.013127 -2138.481724 1024.656810
49.650000 2.002134 1.020842 -2134.109104 941.168409
49.700000 1.985152 1.136085 -2070.639028 978.554465
49.750000 2.010199 1.210214 -2077.281060 1010.384730
49.800000 1.998512 1.368192 -2015.257958 1054.456070
49.850000 2.001140 1.476189 -1973.577687 1100.173703
49.900000 1152.416608 636.219341 -2010.422176 1768101.487766
49.950000 2.086045 0.982774 -2081.493483 1122.671296
50.000000 1.975253 0.533925 -2214.770568 819.218370
50.050000 2.266473 1.906335 -1644.790206 1836.512153
50.100000 1.952965 0.909593 -2039.669368 960.085229
50.150000 1.963939 1.144195 -1984.231384 1032.378937
50.200000 2.019230 0.917571 -2113.880042 987.657092
50.250000 1.959991 1.024150 -2102.288469 908.257619
50.300000 1.997530 1.196262 -2097.684573 970.520950
50.350000 2.015907 1.443570 -2078.327049 1018.105914
50.400000 2.014204 1.707141 -1990.011251 1103.806419
50.450000 2.005129 1.602561 -2013.163309 1066.714404
50.500000 2.005766 1.612300 -1982.882986 1097.974243
50.550000 1.996320 1.394906 -2018.630679 1047.716342
50.600000 2.007115 1.521601 -1916.911359 1166.017693
50.650000 2.006785 1.180761 -1976.453255 1105.968203
50.700000 2.000727 1.184052 -1910.857749 1162.258603
50.750000 2.000761 1.044598 -1899.947818 1173.220371
50.800000 1.998934 0.945027 -1889.462663 1180.899573
50.850000 1.992321 1.205757 -1763.793524 1296.410849
50.900000 1.996112 1.195817 -1743.145292 1322.882318
50.950000 2.008493 0.834632 -1838.801366 1246.243533
51.000000 1.980413 1.174996 -1702.811387 1339.103109
51.050000 2.004867 1.274138 -1698.300600 1381.175725
51.100000 1.991923 1.305236 -1663.810063 1395.783044
51.150000 2.013348 1.053228 -1738.395161 1354.107860
51.200000 1.995699 1.166715 -1692.805490 1372.588335
51.250000 2.000690 1.246398 -1673.135606 1399.924810
51.300000 2.000975 1.262415 -1653.476123 1420.021389
51.350000 1.992369 1.282095 -1626.501709 1433.777748
51.400000 1.993606 1.299306 -1598.582969 1463.596141
51.450000 2.001695 1.162026 -1622.747501 1451.855487
51.500000 2.003986 1.175396 -1607.650240 1470.471662
51.550000 1.997884 0.967791 -1687.305796 1381.444100
51.600000 1.991763 0.712894 -1735.316326 1324.031022
51.650000 2.047097 0.757060 -1711.148361 1433.192719
51.700000 2.000579 1.909351 -1289.152615 1783.737133
51.750000 2.005019 1.224783 -1578.740520 1500.968104
51.800000 1.996072 1.120532 -1628.616379 1437.350322
51.850000 1.991397 1.192222 -1576.417179 1482.368248
51.900000 1.992078 0.900597 -1675.773713 1384.058397
51.950000 2.002113 1.203622 -1575.619176 1499.626767
52.000000 2.003138 1.013584 -1658.939631 1417.881063
52.050000 2.000453 1.271814 -1579.447379 1493.248606
52.100000 2.002096 1.305027 -1585.066792 1490.151917
52.150000 2.015148 1.289543 -1600.021492 1495.245162
52.200000 2.009184 1.411832 -1546.666154 1539.440286
52.250000 2.003441 1.276439 -1576.896445 1500.388673
52.300000 1.992910 1.154780 -1625.195921 1435.914354
52.350000 1.999482 1.458750 -1525.680772 1545.523025
52.400000 2.003085 1.117402 -1630.930068 1445.807961
52.450000 1.998795 1.250253 -1590.582719 1479.566242
52.500000 1.999321 0.778956 -2019.137480 1051.819372
52.550000 2.004893 0.921758 -1959.985272 1119.531132
52.600000 2.013724 0.881190 -1965.547699 1127.532463
52.650000 2.016952 1.163703 -1818.554980 1279.483755
52.700000 2.031414 0.951304 -1926.949745 1193.301748
52.750000 2.017897 1.095079 -1835.358447 1264.130942
52.800000 1.990189 1.086150 -1809.533675 1247.397113
52.850000 1.994493 1.130003 -1788.080755 1275.460858
52.900000 2.016788 1.262145 -1723.049729 1374.736218
52.950000 1.994418 1.068934 -1762.843026 1300.582811
53.000000 2.000458 1.027758 -1747.291949 1325.411615
53.050000 2.005847 1.179019 -1661.902712 1419.079017
53.100000 1.994853 1.093259 -1657.756966 1406.337497
53.150000 1.990162 0.910839 -1704.540640 1352.347822
53.200000 1.999863 0.984455 -1651.781915 1420.007527
53.250000 1.986466 1.004072 -1621.752435 1429.458900
53.300000 1.994108 1.269631 -1500.463468 1562.486647
53.350000 1.995546 1.034233 -1578.928942 1486.229304
53.400000 2.006503 1.029940 -1550.036681 1531.952665
53.450000 3.129972 1.056716 -1557.154863 3250.481995
53.500000 2.000835 0.444225 -1760.725891 1312.556870
53.550000 2.895828 2.960512 -502.722415 3945.268799
53.600000 1.883910 0.612377 -1658.256577 1235.429907
53.650000 2.036416 0.580177 -1682.032224 1445.902844
53.700000 1.993860 0.400609 -1795.565977 1267.002439
53.750000 2.011568 0.728960 -1682.953441 1406.814863
53.800000 1.993518 1.060885 -1612.051205 1449.993047
53.850000 1.990322 0.879009 -1750.873151 1306.261550
53.900000 1.987388 1.177265 -1669.825183 1382.803215
53.950000 2.005380 1.160589 -1700.476935 1379.786427
54.000000 2.003224 1.116937 -1711.047984 1365.903476
54.050000 1.996264 1.065933 -1699.780373 1366.481622
54.100000 1.995290 1.370856 -1533.114406 1531.650539
54.150000 1.996646 1.068217 -1635.439528 1431.408053
54.200000 1.987975 0.907583 -1658.490110 1395.039642
54.250000 1.994716 0.877347 -1637.649009 1426.234485
54.300000 2.003694 0.794753 -1638.645642 1439.028978
54.350000 1.987702 0.917311 -1571.805187 1481.305497
54.400000 2.008687 0.813350 -1610.396732 1474.946739
54.450000 1.997507 0.898061 -1561.520607 1506.649560
54.500000 1.998956 0.870492 -1569.419407 1500.976246
54.550000 2.001171 1.006661 -1502.611369 1571.187620
54.600000 1.990380 0.974967 -1495.033450 1562.190713
54.650000 2.003306 0.906071 -1498.542973 1578.535746
54.700000 1.999854 0.764138 -1534.789106 1536.986682
54.750000 425444470.563393 15706.957083 8035573.002172 653490742358.374146
54.800000 2.009108 0.371614 -1663.197791 1422.791704
54.850000 2.002108 0.148779 -1718.527622 1356.710702
54.900000 1.999730 0.114681 -1721.999667 1349.586338
54.950000 2.000813 0.136945 -1729.780444 1343.468218
55.000000 2.001017 0.185973 -1744.365125 1329.197728
55.050000 2.022934 0.247396 -1745.211718 1362.014221
55.100000 2.006338 0.216709 -1745.331094 1336.404401
55.150000 1.971204 0.244475 -1737.157412 1290.611254
55.200000 2.227133 0.239812 -1757.749310 1663.127308
55.250000 2.004108 0.421777 -1740.760598 1337.548701
55.300000 12.627666 5.254841 641.534676 20037.629803
55.350000 2.002780 0.246862 -1852.473342 1223.796296
55.400000 1.948161 0.684911 -1643.117246 1349.257785
55.450000 1.981420 0.407443 -1801.376712 1242.085155
55.500000 2.018442 0.299431 -1883.171784 1217.154469
55.550000 2.002629 0.368656 -1865.456746 1210.582030
55.600000 2.108928 0.405546 -1884.985056 1354.328525
55.650000 2.000123 0.509909 -1887.514916 1184.674456
55.700000 1.992022 0.550678 -1902.767000 1156.978925
55.750000 2.002597 0.710376 -1870.882512 1205.106659
55.800000 2.054280 0.789483 -1857.589820 1297.784144
55.850000 1.982960 0.849689 -1846.043844 1199.782370
55.900000 2.007610 0.536756 -1975.166371 1108.523338
55.950000 1.952895 0.727818 -1851.707613 1147.939248
56.000000 1.964473 0.697716 -1854.634600 1162.795709
56.050000 2.002870 0.592560 -1899.848796 1176.559587
56.100000 2.001277 0.339973 -2033.355482 1040.606650
56.150000 1.884538 1.370819 -1686.674076 1207.975921
56.200000 2.014536 0.904902 -1799.177038 1295.150543
56.250000 2.007616 0.366990 -2040.920948 1042.776854
56.300000 2.000596 0.262759 -2070.256831 1002.659221
56.350000 10520.856204 5092.727703 -2047.599259 16157987.529967
56.400000 3.761185 0.668650 -1967.984971 3809.194492
56.450000 48.097749 292.754759 3014.624256 76892.766871
56.500000 2.163283 0.194907 -2092.260470 1230.542157
56.550000 2.060396 0.434380 -2033.437918 1131.331073
56.600000 1.996780 0.315554 -2082.071591 984.982363
56.650000 1.891409 1.408651 -1738.885575 1166.318951
56.700000 2.030947 0.692434 -1940.277672 1179.256314
56.750000 2.050436 0.552529 -2010.972694 1138.497476
56.800000 1.842369 1.464255 -1608.702700 1221.175728
56.850000 2.002467 0.802528 -1968.158390 1107.630629
56.900000 1.998240 0.988517 -2010.583507 1058.713228
56.950000 1.996711 0.456353 -2098.808430 968.139733
57.000000 2.033248 0.419792 -2106.748251 1016.320188
57.050000 1.954872 0.755356 -1965.302568 1037.380518
57.100000 1.907359 1.003578 -1876.944839 1052.758264
57.150000 3.103117 3.061055 -831.055431 3935.331825
57.200000 2.228854 0.446216 -2109.408253 1314.111955
57.250000 2.009620 0.896585 -1948.858599 1137.917960
57.300000 1.989090 0.753757 -2023.869443 1031.372401
57.350000 2.001024 0.710560 -2027.857851 1045.714618
57.400000 1.989627 0.590454 -2069.688796 986.378040
57.450000 1.992512 0.748000 -2017.621061 1042.877163
57.500000 2.022470 0.841332 -2002.403280 1104.109960
57.550000 2.007261 0.824858 -2009.053340 1074.099510
57.600000 11161629448738.408203 5580809999548.258789 -1816.275221 17144262833260380.000000
57.650000 2.004339 0.456596 -2151.867390 926.797537
57.700000 2.000417 0.338634 -2171.453186 901.186614
57.750000 2.000618 0.311148 -2177.619884 895.329598
57.800000 1.999434 0.337582 -2178.599962 892.530978
57.850000 2.001164 0.395417 -2174.832732 898.955487
57.900000 2.000625 0.404010 -2188.270256 884.690447
57.950000 2.000484 0.405299 -2201.721152 871.021533
58.000000 2.003507 0.422880 -2213.428767 863.958169
58.050000 2.001675 0.392485 -2241.205113 833.366960
58.100000 2.000493 0.411799 -2258.691141 814.066279
58.150000 1.998994 0.491910 -2260.427506 810.027495
58.200000 1.999963 0.503482 -2283.253996 788.688783
58.250000 2.001448 0.553353 -2282.957839 791.266608
58.300000 2.000773 0.533840 -2305.703362 767.483517
58.350000 1.999811 0.530473 -2316.270694 755.439709
58.400000 2.001294 0.544488 -2312.531369 761.455515
58.450000 2.001631 0.462293 -2343.561436 730.943122
58.500000 1.999759 0.448373 -2352.459975 719.170354
58.550000 1.999780 0.487180 -2348.965773 722.696573
58.600000 1.999511 0.537430 -2343.464661 727.784038
58.650000 2.001091 0.562249 -2347.227748 726.448596
58.700000 2.001996 0.547649 -2364.769294 710.295958
58.750000 1.999188 0.574107 -2364.389866 706.363238
58.800000 2.000754 0.610120 -2356.390810 716.767582
58.850000 2.000891 0.563547 -2373.866759 699.501633
58.900000 2.001599 0.501120 -2392.862081 681.594070
58.950000 1.999586 0.481655 -2399.601979 671.762535
59.000000 2.001357 0.475628 -2409.277329 664.806529
59.050000 2.000170 0.472816 -2420.610576 651.651255
59.100000 2.000342 0.496791 -2424.763913 647.761787
59.150000 2.006694 0.342882 -2480.029286 602.252312
59.200000 2.001247 0.142911 -2555.008005 518.908069
59.250000 1.994087 0.156507 -2576.403221 486.514632
59.300000 1.960413 1.950751 -2091.394462 919.799618
59.350000 2.035093 0.796712 -2437.998309 687.903875
59.400000 1.995567 0.797906 -2461.898951 603.292145
59.450000 2.016508 1.128233 -2348.675182 748.681166
59.500000 1.984332 1.133792 -2341.897688 706.036773
59.550000 1.997974 0.858830 -2444.776061 624.111808
59.600000 2.000809 1.019658 -2358.674653 714.567721
59.650000 1.997780 0.865329 -2391.104766 677.485518
59.700000 1.997291 0.753110 -2394.669850 673.168645
59.750000 1.828625 1.485682 -2022.557973 786.210100
59.800000 2.116338 1.007890 -2211.461714 1039.233197
59.850000 2.045390 0.891464 -2229.975698 911.742584
59.900000 2.004846 0.928702 -2172.323939 907.120247
59.950000 1.911162 1.381352 -1939.137843 996.406814
60.000000 2.015798 1.692270 -2134.304526 961.960566
60.050000 2.601439 0.338756 -2114.248571 1881.562098
60.100000 2.007378 0.428770 -2159.666851 923.666339
60.150000 2.025006 0.507420 -2126.863229 983.545548
60.200000 3.011632 0.665011 -2053.081748 2572.785718
60.250000 2.015581 3.083008 -2178.051483 917.881571
60.300000 2.025328 0.470854 -2121.104281 989.799882
60.350000 2.281446 1.438574 -1504.360700 1999.940916
60.400000 1.990008 0.472351 -2144.905312 911.746879
60.450000 2.006688 0.454926 -2170.451770 911.821115
60.500000 1.998420 0.360351 -2210.916259 858.657310
60.550000 1.979683 0.434888 -2192.384258 848.409262
60.600000 1.994153 0.583920 -2137.422467 925.596983
60.650000 2.032943 0.598774 -2143.672206 978.928463
60.700000 1.998215 0.583439 -2176.343672 892.914293
60.750000 2.040567 0.712118 -2132.867295 1001.444372
60.800000 1.983337 0.972339 -1970.861943 1075.543713
60.850000 1.981726 0.934873 -1996.256870 1047.673828
60.900000 2.001762 0.858450 -1995.876048 1078.830670
60.950000 1.993009 0.747307 -2018.349181 1042.913409
61.000000 2.000302 0.711138 -2012.839682 1059.623519
61.050000 2.002851 53.800492 -2007.634814 1068.744862
61.100000 2.984609 0.796908 -1900.009159 2684.350550
61.150000 2.005368 0.336261 -2168.406672 911.838557
61.200000 28.163784 5.267803 -1712.766257 41546.805888
61.250000 2.002505 0.315964 -2162.639324 913.207776
61.300000 16372901.405505 6544578.847496 -2035.330011 25148774523.526180
61.350000 2.000090 0.263552 -2214.812153 857.326639
61.400000 2.000203 0.241598 -2241.832149 830.480400
61.450000 2.002132 0.277771 -2257.633779 817.641329
61.500000 2.003806 0.437916 -2170.900617 906.945479
61.550000 1.992711 0.801705 -2042.454377 1018.349163
61.600000 2.000020 0.526134 -2308.092854 763.938584
61.650000 2.018531 0.811241 -2192.894121 907.569553
61.700000 2.037765 0.715423 -2239.032500 890.974409
61.750000 2.026697 0.715492 -2267.520099 845.487164
61.800000 1.944348 0.875253 -2162.337254 824.181662
61.850000 1.976076 0.961434 -2114.739796 920.513138
61.900000 1.991426 0.960742 -2096.119720 962.711219
61.950000 2.006572 0.861001 -2107.175116 974.918993
62.000000 1.993050 0.858273 -2075.475900 985.848426
62.050000 2.001145 0.804998 -2055.459580 1018.298888
62.100000 1.997782 0.733842 -2034.096439 1034.497298
62.150000 1.997651 0.616666 -2029.568550 1038.823238
62.200000 1.976532 0.717604 -1921.557475 1114.395674
62.250000 2.006010 0.731809 -1885.992133 1195.239841
62.300000 1.988042 0.738696 -1847.285373 1206.347030
62.350000 1.999730 0.709999 -1834.269343 1237.315714
62.400000 2.010619 0.776215 -1783.950335 1304.360361
62.450000 2.001798 0.802298 -1749.853210 1324.908479
62.500000 2.012309 0.898083 -1671.711195 1419.195236
62.550000 1.998264 0.813124 -1675.351333 1393.982426
62.600000 1.994032 0.869149 -1594.149865 1468.683343
62.650000 2.005085 0.694038 -1676.120969 1403.689060
62.700000 1.980994 0.807380 -1575.448617 1467.358490
62.750000 2.008864 0.759919 -1581.815554 1503.799666
62.800000 2.012241 0.889850 -1487.860192 1602.942476
62.850000 2.010122 0.702534 -1562.099680 1525.447932
62.900000 2.002412 0.595452 -1587.736472 1487.967991
62.950000 2.002379 0.675038 -1542.659871 1532.993869
63.000000 2.015639 0.716483 -1512.281086 1583.740940
63.050000 1.996641 0.752370 -1472.276551 1594.563468
63.100000 2.005478 0.701830 -1494.060546 1586.353902
63.150000 2.006474 0.739358 -1455.567284 1626.376037
63.200000 1.990289 0.654891 -1476.209546 1580.875006
63.250000 1.988205 0.759850 -1419.183163 1634.700130
63.300000 2.003779 0.840772 -1387.410993 1690.393752
63.350000 2.001682 0.708431 -1437.413532 1637.170219
63.400000 1.997768 0.665416 -1440.260657 1628.311099
63.450000 5.333248 1155.948382 -1445.708736 6746.159869
63.500000 1.923630 1.309777 -990.282871 1964.412447
63.550000 1.928322 0.574624 -1421.085176 1540.817963
63.600000 2.021037 0.293667 -1599.164685 1505.147686
63.650000 1.997101 1.769902 -1583.290541 1484.256768
63.700000 1.998886 0.399563 -1662.632130 1407.656699
63.750000 1.943528 0.452718 -1512.681297 1472.577403
63.800000 1.868531 0.453932 -1573.416847 1296.647045
63.850000 2.021744 0.365534 -1676.987003 1428.412398
63.900000 1.933933 0.555413 -1584.567883 1385.953041
63.950000 2.003678 0.522722 -1656.273055 1421.376560
64.000000 1.975687 0.527660 -1698.128200 1336.527476
64.050000 1.987712 0.652391 -1679.192305 1373.933771
64.100000 2.039505 0.675271 -1709.644615 1423.035076
64.150000 2.005208 0.654689 -1742.447399 1337.551649
64.200000 1.966634 0.744169 -1712.485692 1308.263977
64.250000 2.001571 0.684086 -1767.560530 1306.852083
64.300000 1.997580 0.773318 -1726.919842 1341.362702
64.350000 2.005515 0.644494 -1793.841951 1286.629623
64.400000 1.979340 0.747397 -1729.755668 1310.510707
64.450000 2.017341 0.704612 -1750.574809 1348.060629
64.500000 1.994167 0.730448 -1716.998319 1346.042874
64.550000 2.007081 0.756761 -1700.863541 1382.012546
64.600000 2.002586 0.762122 -1683.565597 1392.406803
64.650000 1.976338 0.835625 -1636.472932 1399.182312
64.700000 2.000877 0.830587 -1651.554600 1421.792519
64.750000 1.990977 0.944634 -1586.795490 1471.344794
64.800000 2.009071 0.782268 -1653.089084 1432.843377
64.850000 2.002992 0.772217 -1612.066788 1464.528222
64.900000 1.992881 0.798070 -1589.933753 1471.131855
64.950000 2.003809 0.790996 -1574.393754 1503.456400
65.000000 1.989592 0.733525 -1588.978537 1467.034353
65.050000 2.000074 0.756444 -1567.828911 1504.284693
65.100000 2.002142 0.795676 -1534.024429 1541.266216
65.150000 2.010359 0.754004 -1536.622203 1551.289929
65.200000 1.991552 0.791716 -1491.556405 1567.468087
65.250000 1.994162 0.696684 -1519.307835 1543.724751
65.300000 1.994869 0.789002 -1456.118711 1608.000598
65.350000 2.005974 0.725263 -1473.764054 1607.411373
65.400000 1.995309 0.715569 -1460.467588 1604.326902
65.450000 2.000166 0.650332 -1471.400816 1600.854828
65.500000 2.013808 0.439343 -1570.642866 1522.566312
65.550000 2.002431 0.184495 -1669.704156 1406.030480
65.600000 2.008647 0.187364 -1666.545845 1418.735196
65.650000 2.002068 0.112134 -1706.825768 1368.350066
65.700000 2.001374 0.102668 -1725.133726 1348.976861
65.750000 2.001214 0.114349 -1752.526997 1321.338301
65.800000 2.001804 0.147364 -1789.170500 1285.600664
65.850000 2.002517 0.217450 -1819.826473 1256.040185
65.900000 2.001921 0.291474 -1851.529474 1223.421054
65.950000 2.002142 0.352944 -1883.755630 1191.533763
66.000000 2.002791 0.382374 -1921.658684 1154.628293
66.050000 2.001715 0.403431 -1957.856518 1116.778305
66.100000 2.001057 0.458720 -1975.924062 1097.700223
66.150000 2.003185 0.484634 -2002.832289 1074.059728
66.200000 2.068441 0.626881 -2005.051493 1172.073162
66.250000 2.007397 0.570321 -2026.444170 1056.917844
66.300000 2.005209 0.535433 -2061.276805 1018.724449
66.350000 2.000726 0.513249 -2082.810037 990.305393
66.400000 2.002269 0.510882 -2096.271415 979.213532
66.450000 2.000466 0.531367 -2097.233724 975.482156
66.500000 2.000164 0.484828 -2122.678226 949.573942
66.550000 2.001062 0.473588 -2129.386651 944.244051
66.600000 2.001783 0.479394 -2129.277955 945.461492
66.650000 2.000347 0.460817 -2141.791948 930.741117
66.700000 1.771621 1.387648 -1680.965473 1040.243769
66.750000 2.005225 0.688133 -1978.069140 1101.956786
66.800000 2.015226 0.712667 -1953.596475 1141.790280
66.850000 1.994008 0.508230 -2083.242572 979.553130
66.900000 1.984409 0.803558 -1931.415726 1116.636970
66.950000 2.004731 0.615626 -2058.372039 1020.894414
67.000000 2.001681 0.532496 -2086.716270 987.865759
67.050000 1.979630 0.592083 -2054.972774 985.738396
67.100000 2.002805 0.676398 -2023.269755 1053.039014
67.150000 1.959583 0.727000 -1951.536160 1058.383678
67.200000 1.989903 0.711314 -1943.704022 1112.786388
67.250000 1.971265 0.940807 -1799.626862 1228.236000
67.300000 1.995827 0.703645 -1913.329356 1152.260764
67.350000 2.010831 0.767581 -1847.206511 1241.429842
67.400000 1.996041 0.650617 -1858.844684 1207.074115
67.450000 2.010183 0.755454 -1777.324064 1310.317726
