# t Temp Pres Epot Etot
0.000000 1.995626 28.266858 -1432.852115 -666.531754
0.050000 1.990313 29.538888 -1375.388478 -611.108346
0.100000 2.037497 28.396784 -1431.007351 -648.608604
0.150000 2.007053 27.910616 -1445.762685 -675.054402
0.200000 2.018969 28.076609 -1439.334891 -664.050883
0.250000 1.950023 28.929033 -1401.415511 -652.606792
0.300000 2.042550 29.226848 -1390.811954 -606.472756
0.350000 2.017493 29.409824 -1379.918762 -605.201355
0.400000 2.009207 28.428155 -1422.372487 -650.836849
0.450000 1.974199 28.812826 -1403.398319 -645.305870
0.500000 1.953278 29.755767 -1363.950675 -613.892007
0.550000 1.998308 29.743080 -1365.371998 -598.021604
0.600000 2.037226 29.433678 -1382.475016 -600.180087
0.650000 2.003932 27.141741 -1479.452691 -709.942908
0.700000 1.957058 28.734620 -1407.342353 -655.832161
0.750000 2.000573 29.167105 -1392.888103 -624.667989
0.800000 1.970476 29.004139 -1396.397836 -639.735004
0.850000 2.001931 28.205670 -1435.050646 -666.309019
0.900000 1.975654 28.357190 -1428.544690 -669.893735
0.950000 1.992512 28.506303 -1422.271561 -657.147102
1.000000 2.024278 28.076925 -1441.138824 -663.816077
1.050000 1.985638 30.395877 -1333.191649 -570.706656
1.100000 2.018411 28.653516 -1416.263380 -641.193427
1.150000 1.990075 28.952993 -1401.788347 -637.599418
1.200000 1.995391 28.369168 -1427.188751 -660.958589
1.250000 1.996755 29.214367 -1389.906376 -623.152563
1.300000 1.991942 29.015040 -1397.428189 -632.522619
1.350000 1.996927 28.716342 -1411.749147 -644.929018
1.400000 2.004792 28.745338 -1411.022538 -641.182369
1.450000 1.973408 28.757355 -1409.643905 -651.855397
1.500000 2.015601 28.383583 -1426.324514 -652.333645
1.550000 1.978917 29.256741 -1384.001404 -624.097333
1.600000 1.992239 28.740632 -1410.297520 -645.277899
1.650000 1.989335 29.358745 -1382.921253 -619.016432
1.700000 2.025036 27.902624 -1450.285971 -672.672015
1.750000 2.027890 27.988237 -1447.405149 -668.695329
1.800000 1.964947 29.613556 -1370.394929 -615.855342
1.850000 1.992051 28.149614 -1436.105035 -671.157452
1.900000 1.989765 29.414153 -1379.909654 -615.839744
1.950000 1.994794 29.648116 -1370.571599 -604.570558
2.000000 2.005765 28.052413 -1440.133768 -669.920064
2.050000 1.972277 29.272457 -1385.928993 -628.574436
2.100000 1.996221 28.196441 -1432.555888 -666.006874
2.150000 2.004106 28.423560 -1426.304288 -656.727461
2.200000 2.000359 28.498428 -1420.365123 -652.227332
2.250000 1.971735 29.400823 -1378.406090 -621.259948
2.300000 2.015241 29.598987 -1371.628724 -597.776317
2.350000 1.997629 28.172034 -1435.882969 -668.793588
2.400000 1.980052 27.790620 -1453.593388 -693.253411
2.450000 2.001214 28.835567 -1405.812965 -637.346800
2.500000 2.024077 28.924109 -1400.143989 -622.898381
2.550000 1.981893 28.963938 -1400.709596 -639.662636
2.600000 1.973360 28.201868 -1432.903923 -675.133700
2.650000 2.017478 30.404157 -1337.588928 -562.877285
2.700000 1.991788 29.567752 -1372.829712 -607.983193
2.750000 2.041472 27.992696 -1446.968093 -663.043032
2.800000 1.989198 26.831576 -1495.416423 -731.564208
2.850000 1.965466 28.425068 -1424.241826 -669.502768
2.900000 1.987621 30.770434 -1320.156834 -556.910389
2.950000 1.999992 29.919538 -1358.602406 -590.605613
3.000000 1.975451 29.797046 -1360.616781 -602.043602
3.050000 1.982149 28.182618 -1434.819622 -673.674373
3.100000 2.020023 28.940799 -1405.424667 -629.735711
3.150000 1.993594 27.996253 -1443.826044 -678.285981
3.200000 2.001287 28.483020 -1422.968645 -654.474271
3.250000 2.003062 29.898629 -1357.558611 -588.382896
3.300000 2.015583 27.986011 -1446.718663 -672.734812
3.350000 1.990247 30.246269 -1345.379977 -581.125063
3.400000 2.044240 29.501641 -1379.341189 -594.353019
3.450000 1.933475 29.869124 -1359.179213 -616.724702
3.500000 2.014576 28.081751 -1442.568794 -668.971489
3.550000 2.004247 28.280495 -1432.434544 -662.803554
3.600000 2.020846 26.832013 -1497.498134 -721.493195
3.650000 1.983729 30.368033 -1336.198927 -574.446973
3.700000 2.016857 29.158408 -1391.087119 -616.614062
3.750000 1.954530 28.906056 -1404.409724 -653.870050
3.800000 1.997064 28.832009 -1405.346195 -638.473674
3.850000 1.994912 28.771146 -1411.195227 -645.149019
3.900000 1.999385 28.595303 -1420.606226 -652.842393
3.950000 2.005046 29.011297 -1397.033637 -627.096148
4.000000 1.992329 29.490324 -1374.041415 -608.987255
4.050000 1.988292 28.137997 -1434.866644 -671.362687
4.100000 2.000872 30.217419 -1346.364544 -578.029546
4.150000 2.040571 27.712259 -1456.663133 -673.083827
4.200000 1.972169 28.600364 -1415.174521 -657.861524
4.250000 2.013832 28.364726 -1427.352024 -654.040682
4.300000 1.997141 30.066205 -1348.510954 -581.608623
4.350000 1.963641 27.814797 -1450.964724 -696.926465
4.400000 1.987971 29.064066 -1394.918976 -631.538188
4.450000 1.992633 28.750983 -1405.734560 -640.563332
4.500000 2.034668 28.185676 -1436.264698 -654.952268
4.550000 1.977897 29.127583 -1391.814082 -632.301695
4.600000 2.004300 29.188481 -1387.446439 -617.795109
4.650000 1.976027 28.770361 -1405.591396 -646.796992
4.700000 1.976124 29.257973 -1386.559077 -627.727437
4.750000 1.978596 29.443358 -1381.648288 -621.867604
4.800000 2.015756 29.136190 -1396.759514 -622.709378
4.850000 2.013470 28.477396 -1420.118288 -646.945910
4.900000 1.988815 28.612306 -1412.566214 -648.861143
4.950000 1.976272 28.787646 -1408.987340 -650.098827
5.000000 1.998158 28.042686 -1441.941878 -674.649229
5.050000 1.968725 29.331240 -1379.633832 -623.643480
5.100000 2.015975 30.189229 -1347.010594 -572.876113
5.150000 1.987172 27.871720 -1449.614375 -686.540289
5.200000 2.038528 28.706720 -1414.181071 -631.386205
5.250000 1.987539 28.201926 -1434.941230 -671.726308
5.300000 2.007724 29.484207 -1375.810140 -604.844073
5.350000 1.984838 28.331778 -1429.548670 -667.370850
5.400000 2.045890 27.610183 -1465.737675 -680.115819
5.450000 1.944195 28.314590 -1429.309349 -682.738466
5.500000 2.001741 29.066083 -1398.857151 -630.188753
5.550000 2.025495 29.780591 -1365.825966 -588.035777
5.600000 1.992258 28.952651 -1400.299984 -635.272977
5.650000 1.986958 28.055869 -1439.699934 -676.707908
5.700000 2.002722 29.215541 -1391.276533 -622.231277
5.750000 2.033493 28.285902 -1431.255873 -650.394560
5.800000 1.969224 29.100012 -1395.522320 -639.340488
5.850000 1.994178 28.772443 -1411.343622 -645.579352
5.900000 2.005341 27.706546 -1455.568112 -685.517104
5.950000 1.985920 29.440146 -1378.501957 -615.908800
6.000000 2.004097 29.440606 -1379.482522 -609.909106
6.050000 1.979928 29.420570 -1377.051909 -616.759407
6.100000 2.022104 29.818282 -1355.810947 -579.322954
6.150000 1.956568 29.133476 -1390.295730 -638.973792
6.200000 1.989555 27.113486 -1483.095727 -719.106771
6.250000 1.986995 29.353660 -1383.346068 -620.339982
6.300000 1.998197 29.599924 -1373.554426 -606.246923
6.350000 2.016255 28.871869 -1406.145953 -631.904008
6.400000 1.994311 27.268165 -1475.467848 -709.652452
6.450000 2.022674 29.184123 -1389.703781 -612.996820
6.500000 2.026726 29.801199 -1364.112808 -585.850150
6.550000 1.987558 29.541792 -1371.314251 -608.091972
6.600000 2.013839 27.473568 -1468.279516 -694.965436
6.650000 1.992227 28.271020 -1429.042006 -664.026680
6.700000 2.030609 29.027329 -1396.695350 -616.941534
6.750000 1.940125 29.186603 -1386.950815 -641.942768
6.800000 1.985983 29.810580 -1362.108468 -599.491044
6.850000 2.027937 28.959379 -1400.982710 -622.254923
6.900000 2.022874 28.554655 -1419.329751 -642.545996
6.950000 1.976181 28.615073 -1416.406973 -657.553406
7.000000 2.036826 29.176873 -1392.870295 -610.728937
7.050000 1.969987 28.373232 -1428.243328 -671.768139
7.100000 1.999011 29.347226 -1382.155818 -614.535774
7.150000 2.000658 29.115743 -1395.898637 -627.645992
7.200000 2.003587 27.689762 -1457.744075 -688.366818
7.250000 1.994165 28.743782 -1411.731675 -645.972161
7.300000 1.998368 29.428867 -1379.108046 -611.734724
7.350000 2.011795 28.753041 -1410.106110 -637.576658
7.400000 1.975256 28.737298 -1409.887232 -651.388894
7.450000 2.010549 29.370624 -1384.225803 -612.175120
7.500000 2.035257 17.702216 -1516.979403 -735.440541
7.550000 1.961163 16.489152 -1571.859482 -818.772857
7.600000 2.003126 17.743121 -1518.780584 -749.580372
7.650000 1.980399 19.227822 -1445.953477 -685.480132
7.700000 1.994445 17.592842 -1523.773009 -757.906126
7.750000 1.993187 18.813862 -1466.395368 -701.011746
7.800000 2.010511 17.584857 -1526.781478 -754.745076
7.850000 1.985235 19.169328 -1450.114337 -687.784072
7.900000 2.021415 17.546271 -1527.880230 -751.656775
7.950000 1.992495 17.298195 -1539.717799 -774.599807
8.000000 1.982370 16.835205 -1558.010135 -796.780217
8.050000 1.987550 18.195018 -1493.779324 -730.560173
8.100000 2.025082 17.584342 -1526.424273 -748.792794
8.150000 1.981396 16.736176 -1565.060758 -804.204717
8.200000 2.009821 16.783082 -1564.765420 -792.994206
8.250000 1.981525 17.211234 -1541.900818 -780.995333
8.300000 1.963022 18.882170 -1466.348115 -712.547749
8.350000 2.063287 17.664334 -1522.445130 -730.143031
8.400000 1.959206 17.238756 -1540.084692 -787.749490
8.450000 1.994119 17.729218 -1519.528844 -753.787257
8.500000 2.015263 17.539315 -1529.283213 -755.422290
8.550000 1.990775 16.468680 -1577.902206 -813.444535
8.600000 2.026992 17.887612 -1507.325049 -728.959995
8.650000 1.977152 16.895924 -1558.652143 -799.425825
8.700000 2.026353 17.809707 -1516.610349 -738.490718
8.750000 2.011008 18.036187 -1502.478574 -730.251474
8.800000 2.052065 16.780655 -1564.761323 -776.768310
8.850000 1.960865 17.107823 -1543.414101 -790.442128
8.900000 1.992289 19.360743 -1443.161517 -678.122728
8.950000 2.024294 18.414543 -1487.247547 -709.918702
9.000000 1.990146 17.594433 -1528.901870 -764.685667
9.050000 2.012004 17.769197 -1523.432944 -750.823256
9.100000 1.992046 17.544927 -1528.977394 -764.031785
9.150000 1.990559 17.704451 -1520.055084 -755.680534
9.200000 1.997558 17.020689 -1551.345698 -784.283327
9.250000 2.011207 17.349867 -1532.761151 -760.457793
9.300000 1.941244 18.246663 -1487.437716 -742.000021
9.350000 2.018092 18.426910 -1489.166731 -714.219280
9.400000 1.980865 18.351454 -1490.830762 -730.178535
9.450000 1.978195 18.083692 -1503.629147 -744.002293
9.500000 2.028736 17.979648 -1507.532868 -728.498354
9.550000 2.018386 16.246888 -1588.450769 -813.390450
9.600000 1.994298 18.266958 -1491.055545 -725.245142
9.650000 1.986532 17.327802 -1534.404870 -771.576659
9.700000 1.983869 17.716328 -1518.661255 -756.855385
9.750000 2.005840 17.730069 -1519.547215 -749.304504
9.800000 1.973426 18.708121 -1472.118031 -714.322391
9.850000 2.015048 17.750645 -1518.341465 -744.563025
9.900000 1.995534 17.243229 -1542.005102 -775.719920
9.950000 2.024033 17.664898 -1526.358747 -749.130146
10.000000 1.967855 18.067663 -1502.563489 -746.907332
10.050000 1.997663 17.557526 -1525.211187 -758.108645
10.100000 1.989632 17.806491 -1512.377220 -748.358682
10.150000 1.985269 18.054143 -1505.563622 -743.220395
10.200000 2.007028 17.291098 -1539.948015 -769.249414
10.250000 1.993636 16.819440 -1561.233816 -795.677635
10.300000 2.009229 18.743926 -1471.819920 -700.276114
10.350000 2.044266 18.023292 -1503.503903 -718.505663
10.400000 1.993519 17.373281 -1532.388259 -766.877028
10.450000 2.004813 17.256885 -1538.195633 -768.347629
10.500000 1.994291 17.124184 -1545.698453 -779.890663
10.550000 2.017428 17.092273 -1548.009844 -773.317658
10.600000 1.987817 17.198615 -1540.237520 -776.915671
10.650000 1.999436 18.166727 -1496.945343 -729.162082
10.700000 1.982519 16.917955 -1552.398538 -791.111287
10.750000 1.993645 17.447131 -1533.168517 -767.608742
10.800000 1.981415 17.451471 -1534.442424 -773.578932
10.850000 1.991192 18.358938 -1492.411769 -727.794013
10.900000 1.999003 19.463124 -1438.520139 -670.902947
10.950000 2.036880 18.652237 -1478.543446 -696.381695
11.000000 1.993158 15.949935 -1605.096714 -839.723984
11.050000 1.998115 17.299493 -1538.673928 -771.397829
11.100000 1.969667 17.432815 -1532.551696 -776.199741
11.150000 2.016978 18.237298 -1496.237505 -721.717929
11.200000 2.021178 16.088108 -1595.848790 -819.716564
11.250000 1.992138 17.298545 -1537.531613 -772.550538
11.300000 1.996672 17.746008 -1521.181138 -754.458977
11.350000 1.984997 18.112237 -1497.635237 -735.396409
11.400000 2.003913 18.704502 -1470.526196 -701.023514
11.450000 2.022877 17.723889 -1517.471082 -740.686489
11.500000 1.991873 16.507529 -1577.790752 -812.911624
11.550000 1.986229 17.676882 -1520.675425 -757.963579
11.600000 1.982214 19.206467 -1447.975978 -686.805718
11.650000 2.042754 18.726727 -1477.610337 -693.192830
11.700000 1.983593 17.642115 -1524.466161 -762.766374
11.750000 2.009667 18.161593 -1499.940245 -728.227933
11.800000 1.989248 17.298631 -1540.693309 -776.822097
11.850000 2.016504 17.392792 -1540.270494 -765.932822
11.900000 1.982805 17.201700 -1547.835396 -786.438237
11.950000 1.980791 18.420583 -1486.716084 -726.092350
12.000000 2.023549 17.996540 -1512.423443 -735.380748
12.050000 1.995999 17.423112 -1534.100248 -767.636560
12.100000 1.976176 17.652252 -1518.133085 -759.281487
12.150000 1.989437 17.976185 -1504.384232 -740.440393
12.200000 1.991746 18.341588 -1489.172533 -724.342198
12.250000 2.012620 18.594436 -1475.670527 -702.824464
12.300000 2.001614 18.076065 -1498.798150 -730.178282
12.350000 1.969861 17.416079 -1533.432365 -777.005778
12.400000 2.019505 16.980005 -1557.759151 -782.269233
12.450000 1.986131 17.889392 -1507.432294 -744.757972
12.500000 2.019646 16.029012 -1599.533654 -823.989547
12.550000 1.981393 17.390832 -1532.082270 -771.227313
12.600000 1.989987 17.858317 -1507.125715 -742.970532
12.650000 2.030109 18.279982 -1490.977853 -711.415880
12.700000 1.985456 17.618336 -1523.176836 -760.761705
12.750000 1.987387 18.444042 -1483.766442 -720.609786
12.800000 2.025302 17.061536 -1550.085412 -772.369619
12.850000 1.998432 17.205820 -1545.210846 -777.812929
12.900000 2.005815 18.104350 -1502.115337 -731.882352
12.950000 1.945852 19.904550 -1412.932376 -665.725236
13.000000 2.024589 19.024446 -1459.970954 -682.528593
13.050000 2.027489 17.239218 -1545.636022 -767.080202
13.100000 2.003815 18.294180 -1491.264537 -721.799622
13.150000 2.002146 16.711865 -1568.291268 -799.467269
13.200000 1.991049 16.077563 -1597.460360 -832.897441
13.250000 1.960307 18.216704 -1494.179627 -741.421829
13.300000 2.003896 19.402588 -1442.418344 -672.922095
13.350000 2.018889 19.226226 -1451.906741 -676.653360
13.400000 2.035837 16.719170 -1566.165267 -784.403715
13.450000 2.017917 16.883624 -1559.856676 -784.976517
13.500000 1.997285 15.828192 -1607.158494 -840.201139
13.550000 1.974000 17.701895 -1517.580578 -759.564391
13.600000 1.999677 18.491792 -1481.455778 -713.579647
13.650000 1.989763 18.206459 -1495.239832 -731.170912
13.700000 2.014516 17.404059 -1536.440321 -762.866352
13.750000 2.003553 17.152587 -1546.997442 -777.633104
13.800000 2.009000 17.307948 -1540.301902 -768.845840
13.850000 1.993412 17.573207 -1526.472433 -761.002400
13.900000 2.017245 17.464402 -1530.235012 -755.612861
13.950000 1.974532 19.360910 -1438.048557 -679.828349
14.000000 2.031578 17.795377 -1516.369494 -736.243395
14.050000 2.024128 17.047024 -1551.809308 -774.544201
14.100000 1.999936 16.875097 -1559.775808 -791.800237
14.150000 1.992961 17.374418 -1538.811199 -773.514307
14.200000 1.996210 19.137979 -1450.259514 -683.714993
14.250000 2.020256 17.300223 -1539.518217 -763.739818
14.300000 2.012813 17.784471 -1515.986994 -743.066786
14.350000 1.992422 16.629098 -1569.867052 -804.776819
14.400000 1.993112 17.822965 -1513.261382 -747.906292
14.450000 2.013244 17.365151 -1539.662678 -766.576967
14.500000 2.015410 18.605883 -1478.002036 -704.084435
14.550000 1.993154 17.718665 -1518.197717 -752.826648
14.600000 2.010599 18.747146 -1474.164131 -702.094137
14.650000 1.998856 18.283715 -1495.015851 -727.455139
14.700000 2.007875 17.725506 -1518.132862 -747.108868
14.750000 1.992454 17.454535 -1529.720045 -764.617661
14.800000 2.005224 18.308200 -1487.909987 -717.903792
14.850000 1.998735 16.918646 -1554.859112 -787.344899
14.900000 1.988436 16.706639 -1563.945755 -800.386523
14.950000 1.985308 18.044853 -1497.962180 -735.603971
15.000000 1.994051 15.256129 -1291.996543 -526.281052
15.050000 1.989124 14.275458 -1341.351019 -577.527229
15.100000 1.987253 14.527998 -1323.588679 -560.483379
15.150000 1.970556 14.010536 -1351.891400 -595.197978
15.200000 1.990548 13.918799 -1358.956208 -594.585605
15.250000 2.037020 14.732556 -1313.714889 -531.499368
15.300000 1.963630 14.047250 -1350.758963 -596.724963
15.350000 1.986887 15.302409 -1286.659523 -523.694869
15.400000 2.023918 14.872636 -1303.432840 -526.248301
15.450000 2.016335 14.027208 -1350.009409 -575.736693
15.500000 1.990317 14.436127 -1329.649406 -565.367780
15.550000 2.030067 14.101944 -1352.366752 -572.821194
15.600000 1.985986 14.909160 -1309.587455 -546.968729
15.650000 1.990295 15.410060 -1279.633182 -515.359856
15.700000 2.022958 15.337759 -1282.764985 -505.949080
15.750000 1.995091 15.085483 -1293.075635 -526.960834
15.800000 2.006138 14.699986 -1316.776069 -546.419043
15.850000 1.997874 14.899482 -1311.346118 -544.162363
15.900000 1.997705 15.628593 -1271.954918 -504.836133
15.950000 2.022916 14.922349 -1309.636648 -532.836782
16.000000 1.968965 15.635138 -1269.274541 -513.191973
16.050000 1.991082 14.735173 -1313.598751 -549.023147
16.100000 2.007061 14.684773 -1322.084513 -551.373135
16.150000 1.986425 16.211192 -1239.249640 -476.462370
16.200000 2.004886 14.626553 -1329.981379 -560.105212
16.250000 2.002667 15.896875 -1259.609443 -490.585373
16.300000 2.006727 15.742168 -1265.095895 -494.512765
16.350000 2.006605 14.976100 -1303.326217 -532.789892
16.400000 2.016129 15.625934 -1268.918041 -494.724610
16.450000 2.004003 14.891009 -1311.044600 -541.507280
16.500000 1.969189 14.456176 -1326.432017 -570.263455
16.550000 1.968592 15.403593 -1283.527041 -527.587674
16.600000 2.016712 16.432169 -1237.271432 -462.854033
16.650000 1.982545 15.697847 -1271.791698 -510.494311
16.700000 2.016045 15.546227 -1283.384034 -509.222714
16.750000 2.002288 15.492077 -1278.655575 -509.777054
16.800000 2.007284 15.904625 -1258.315644 -487.518735
16.850000 1.986270 14.981749 -1308.330672 -545.603048
16.900000 2.012012 14.703521 -1318.670166 -546.057513
16.950000 1.999408 15.877065 -1258.470429 -490.697771
17.000000 2.013727 14.605939 -1319.731487 -546.460463
17.050000 1.994586 14.776001 -1312.716499 -546.795525
17.100000 1.968054 15.897704 -1256.875049 -501.142433
17.150000 2.033240 15.997761 -1255.815914 -475.051573
17.200000 1.987161 16.306794 -1229.267677 -466.197974
17.250000 2.002790 15.358248 -1285.651500 -516.579967
17.300000 2.006523 15.905446 -1260.214113 -489.709195
17.350000 2.009709 15.629125 -1271.748310 -500.020203
17.400000 1.982424 15.713914 -1272.314031 -511.063044
17.450000 2.008357 16.974762 -1212.565818 -441.356715
17.500000 2.046526 15.351452 -1289.920996 -504.054901
17.550000 1.949356 15.613098 -1262.908242 -514.355572
17.600000 2.019417 14.867539 -1309.129083 -533.672903
17.650000 2.007410 15.577324 -1268.249108 -497.403603
17.700000 2.051135 15.184246 -1289.515677 -501.879982
17.750000 1.988207 15.656873 -1266.562674 -503.091269
17.800000 1.983525 16.203157 -1247.371715 -485.698219
17.850000 2.014428 15.784596 -1269.622651 -496.082307
17.900000 2.021485 16.300430 -1232.031380 -455.781077
17.950000 1.992115 15.599184 -1268.174745 -503.202676
18.000000 1.989840 15.067339 -1305.168714 -541.070025
18.050000 2.015775 15.422318 -1283.701480 -509.644035
18.100000 1.989821 15.478843 -1281.042922 -516.951843
18.150000 2.009847 15.137871 -1301.513620 -529.732382
18.200000 1.993541 14.926631 -1305.568192 -540.048489
18.250000 1.994595 14.473447 -1328.556239 -562.631638
18.300000 2.034888 14.351063 -1330.490994 -549.093857
18.350000 2.005748 14.439589 -1331.435323 -561.228080
18.400000 1.977226 15.383382 -1283.572228 -524.317500
18.450000 2.017438 14.950410 -1308.787926 -534.091590
18.500000 1.986090 15.679632 -1265.187846 -502.529166
18.550000 2.003848 15.373464 -1276.477042 -506.999275
18.600000 1.987032 15.728654 -1259.211748 -496.191520
18.650000 1.974323 15.729505 -1264.795569 -506.655707
18.700000 2.000026 14.996513 -1305.357057 -537.347194
18.750000 2.024031 15.396351 -1278.531913 -501.304032
18.800000 2.023098 14.737866 -1316.496608 -539.626928
18.850000 1.999736 15.093609 -1297.761011 -529.862543
18.900000 2.002436 14.033324 -1356.467507 -587.532056
18.950000 1.976156 15.996167 -1249.079310 -490.235572
19.000000 2.014738 15.306757 -1291.641868 -517.982496
19.050000 1.990002 15.187293 -1297.017130 -532.856459
19.100000 2.001866 15.547444 -1274.405676 -505.689005
19.150000 1.987419 14.639257 -1322.729530 -559.560464
19.200000 1.990735 14.930503 -1296.903495 -532.461329
19.250000 1.993802 15.055586 -1295.080987 -529.461059
19.300000 1.990137 14.613472 -1324.675218 -560.462645
19.350000 1.994839 15.326284 -1287.774199 -521.756131
19.400000 2.029911 15.163752 -1298.583019 -519.097091
19.450000 2.015922 14.378774 -1332.410155 -558.296018
19.500000 1.979726 15.011168 -1298.318261 -538.103580
19.550000 1.994438 14.698687 -1319.748794 -553.884450
19.600000 1.984596 15.920988 -1254.142560 -492.057785
19.650000 1.993259 16.375830 -1229.808534 -464.397244
19.700000 1.983365 15.014303 -1300.736157 -539.123918
19.750000 1.986120 15.412063 -1281.730381 -519.060238
19.800000 2.024033 16.748770 -1213.938636 -436.710120
19.850000 2.029360 14.778098 -1318.965290 -539.691127
19.900000 1.958140 13.754285 -1370.371009 -618.445311
19.950000 2.006135 15.476669 -1285.389222 -515.033281
20.000000 2.002917 15.891030 -1260.860922 -491.740906
20.050000 2.010915 15.560182 -1278.303593 -506.112259
20.100000 2.013917 16.029263 -1259.787618 -486.443393
20.150000 1.964809 15.970202 -1263.019559 -508.532985
20.200000 2.053350 16.441237 -1244.494290 -456.007829
20.250000 2.009979 14.914332 -1315.913693 -544.081745
20.300000 2.015450 15.215602 -1294.899548 -520.966867
20.350000 2.011531 16.545244 -1224.062957 -451.634894
20.400000 2.037793 15.241495 -1298.625927 -516.113343
20.450000 1.993786 16.081869 -1252.875402 -487.261672
20.500000 1.983799 15.672942 -1275.723119 -513.944465
20.550000 1.993146 15.668662 -1272.369748 -507.001700
20.600000 2.010159 15.872670 -1260.492966 -488.591963
20.650000 1.976534 14.967035 -1304.864368 -545.875244
20.700000 2.002624 15.628793 -1268.875509 -499.868073
20.750000 1.988809 15.374528 -1282.744591 -519.041758
20.800000 2.004898 15.700805 -1269.069841 -499.189025
20.850000 1.987608 15.219976 -1293.096745 -529.855098
20.900000 2.006908 15.811166 -1268.654439 -498.001931
20.950000 1.998672 16.817598 -1210.069090 -442.578943
21.000000 2.026818 15.767634 -1265.314538 -487.016505
21.050000 1.979602 14.479830 -1327.357564 -567.190343
21.100000 1.969510 14.409834 -1332.885837 -576.594042
21.150000 2.036122 15.334048 -1294.330731 -512.459714
21.200000 1.997925 14.402492 -1340.818051 -573.614750
21.250000 1.984374 15.190976 -1297.877518 -535.877858
21.300000 2.014609 16.402698 -1230.769818 -457.159862
21.350000 1.972298 15.060467 -1294.061729 -536.699111
21.400000 2.009455 15.400343 -1283.481666 -511.851069
21.450000 2.007725 13.884718 -1363.442718 -592.476235
21.500000 1.980409 15.387145 -1283.131270 -522.654045
21.550000 1.979393 15.053221 -1293.512605 -533.425578
21.600000 2.009261 14.407432 -1329.068021 -557.511669
21.650000 1.982223 14.483979 -1329.893540 -568.719996
21.700000 1.987732 14.255852 -1340.195493 -576.906571
21.750000 1.989739 16.304223 -1230.654850 -466.594950
21.800000 2.021785 15.774999 -1266.717235 -490.351674
21.850000 1.969403 15.250866 -1292.369869 -536.119106
21.900000 1.982932 16.705204 -1216.806550 -455.360489
21.950000 2.012237 16.467310 -1229.769136 -457.070317
22.000000 2.014753 14.839582 -1311.994784 -538.329492
22.050000 2.015462 15.176458 -1290.577213 -516.639813
22.100000 2.011411 14.509987 -1331.469044 -559.087041
22.150000 1.957814 15.223758 -1298.070801 -546.270390
22.200000 2.037857 14.986324 -1309.506231 -526.969214
22.250000 1.978709 15.159250 -1296.088772 -536.264410
22.300000 2.000489 15.224174 -1293.077037 -524.889220
22.350000 1.993081 13.999305 -1352.718700 -587.375491
22.400000 1.997187 14.963296 -1302.709172 -535.789215
22.450000 2.024832 15.457279 -1282.191659 -504.656299
22.500000 1.998273 8.442815 -1323.891564 -556.554763
22.550000 1.997722 8.318741 -1339.871131 -572.745974
22.600000 2.016583 9.245010 -1285.633726 -511.265958
22.650000 1.967529 9.340512 -1272.106043 -516.574884
22.700000 1.990597 9.333947 -1271.797651 -507.408456
22.750000 1.993092 8.553730 -1319.640611 -554.293196
22.800000 1.988745 9.015775 -1291.501498 -527.823439
22.850000 1.997551 9.947391 -1229.930248 -462.870619
22.900000 2.023686 9.074785 -1283.842013 -506.746707
22.950000 2.016331 8.381755 -1326.697268 -552.425984
23.000000 1.984345 8.951960 -1300.922807 -538.934194
23.050000 1.982712 9.355907 -1282.230142 -520.868629
23.100000 1.978773 9.173642 -1286.579936 -526.731201
23.150000 2.018691 8.410463 -1329.949792 -554.772602
23.200000 1.965609 9.003121 -1290.701220 -535.907377
23.250000 2.015045 9.149631 -1286.833477 -513.056352
23.300000 1.985437 10.159671 -1231.805005 -469.397230
23.350000 2.014394 9.415162 -1276.304409 -502.776943
23.400000 1.982800 9.568787 -1266.813596 -505.418293
23.450000 2.003540 9.390633 -1282.981293 -513.621893
23.500000 1.988200 9.863247 -1252.217568 -488.748614
23.550000 2.002080 8.663426 -1322.669448 -553.870803
23.600000 1.997271 8.771429 -1305.388365 -538.436202
23.650000 1.969151 8.997302 -1291.025195 -534.871199
23.700000 2.024910 9.078430 -1289.617058 -512.051440
23.750000 2.007031 8.639102 -1316.891327 -546.191413
23.800000 2.003703 8.844271 -1299.999399 -530.577366
23.850000 1.977925 8.672397 -1309.960534 -550.437412
23.900000 1.980991 8.978783 -1296.134382 -535.433977
23.950000 1.983667 9.271620 -1278.328640 -516.600460
24.000000 2.005735 9.614084 -1255.939522 -485.737183
24.050000 1.990086 8.838965 -1300.188235 -535.995340
24.100000 1.985782 9.530647 -1268.009154 -505.468761
24.150000 2.032234 10.779728 -1202.540162 -422.162432
24.200000 2.008303 9.851859 -1248.558024 -477.369734
24.250000 2.017186 9.833742 -1248.037990 -473.438719
24.300000 2.022095 9.765915 -1251.726545 -475.242207
24.350000 1.967271 9.135209 -1287.066836 -531.634692
24.400000 2.008580 10.138901 -1232.520994 -461.226329
24.450000 2.018148 9.763730 -1251.633854 -476.664889
24.500000 1.999110 9.020108 -1297.914118 -530.256039
24.550000 2.001719 8.805764 -1310.701133 -542.041035
24.600000 1.975330 9.400199 -1278.196041 -519.669392
24.650000 1.979904 10.618845 -1206.862027 -446.578786
24.700000 2.015174 9.867740 -1246.869053 -473.042158
24.750000 1.990395 8.820791 -1302.399985 -538.088215
24.800000 2.004038 9.073303 -1288.217155 -518.666395
24.850000 2.004529 7.982202 -1349.910049 -580.170792
24.900000 1.995357 8.679730 -1306.001828 -539.784729
24.950000 1.986655 9.571539 -1261.339081 -498.463578
25.000000 1.971754 9.937692 -1248.699702 -491.546358
25.050000 2.026696 8.780451 -1306.658586 -528.407419
25.100000 1.981827 8.402646 -1320.211877 -559.190232
25.150000 2.006437 8.533754 -1316.860017 -546.388336
25.200000 2.007118 8.907757 -1295.821543 -525.088279
25.250000 2.012780 8.574810 -1320.909575 -548.002214
25.300000 1.993792 8.626955 -1323.070042 -557.454022
25.350000 1.989847 9.797415 -1248.717421 -484.616348
25.400000 1.990472 9.900236 -1237.503991 -473.162919
25.450000 2.001077 9.323802 -1267.823470 -499.410075
25.500000 1.993638 9.733670 -1245.744117 -480.186983
25.550000 1.975098 9.413688 -1270.955922 -512.518224
25.600000 2.005722 9.721970 -1252.658760 -482.461486
25.650000 2.006808 8.822559 -1308.269595 -537.655463
25.700000 1.987785 8.448912 -1324.299146 -560.989745
25.750000 2.009676 8.685784 -1312.471386 -540.755723
25.800000 2.035243 8.489347 -1327.027030 -545.493612
25.850000 1.975000 8.863523 -1303.751309 -545.351457
25.900000 2.006831 9.392463 -1280.242625 -509.619395
25.950000 2.004682 9.259222 -1280.102676 -510.304960
26.000000 1.986723 8.452774 -1325.798328 -562.896773
26.050000 2.010960 9.580105 -1267.183582 -494.975017
26.100000 2.010279 9.272864 -1279.896951 -507.949732
26.150000 2.011958 8.647645 -1316.557564 -543.965768
26.200000 1.988970 9.602604 -1263.906738 -500.142433
26.250000 1.995147 9.750286 -1262.635717 -496.499165
26.300000 2.009942 9.349909 -1275.285049 -503.467190
26.350000 1.999346 8.559605 -1320.473943 -552.725195
26.400000 1.992093 8.268572 -1336.048517 -571.084724
26.450000 2.006982 8.790926 -1302.505961 -531.824700
26.500000 1.971537 9.587582 -1259.119991 -502.049974
26.550000 2.005521 9.476462 -1267.154330 -497.034084
26.600000 2.000652 8.933344 -1296.884816 -528.634416
26.650000 1.993638 8.869641 -1305.049159 -539.492221
26.700000 2.003551 9.417017 -1274.895521 -505.531966
26.750000 2.027385 8.487304 -1321.659550 -543.143845
26.800000 1.961060 8.554149 -1314.492536 -561.445315
26.850000 2.003415 9.963943 -1235.039409 -465.728065
26.900000 2.006494 9.011062 -1292.917941 -522.424222
26.950000 2.004921 9.092898 -1287.248005 -517.358514
27.000000 1.988075 8.715284 -1310.643249 -547.222300
27.050000 1.987223 8.953830 -1296.596001 -533.502188
27.100000 2.006097 8.729292 -1312.271612 -541.930345
27.150000 1.988590 9.485367 -1272.994832 -509.376311
27.200000 1.990265 10.339062 -1224.862865 -460.601107
27.250000 2.020111 8.898937 -1310.065498 -534.342916
27.300000 2.018333 9.614077 -1263.657822 -488.617985
27.350000 2.001839 9.836448 -1249.190851 -480.484620
27.400000 2.008808 9.061293 -1297.899036 -526.516953
27.450000 2.006569 8.949067 -1307.372186 -536.849845
27.500000 1.990901 9.102010 -1288.685900 -524.180013
27.550000 2.002457 9.291941 -1273.952729 -505.009069
27.600000 1.994258 9.060311 -1289.249807 -523.454717
27.650000 1.973182 8.908169 -1306.667690 -548.965693
27.700000 2.007478 9.488460 -1279.261130 -508.389740
27.750000 2.022251 9.242303 -1294.751490 -518.207002
27.800000 1.997322 9.023161 -1300.251733 -533.280041
27.850000 1.958708 8.564590 -1320.042184 -567.898213
27.900000 2.014735 8.493995 -1319.440829 -545.782470
27.950000 1.976644 8.881636 -1288.727290 -529.695878
28.000000 2.019330 8.981416 -1290.732985 -515.310350
28.050000 1.982418 8.527230 -1315.656639 -554.408120
28.100000 2.003453 8.894419 -1292.377700 -523.051889
28.150000 2.002698 8.388202 -1319.161168 -550.125098
28.200000 1.997513 7.591401 -1365.289343 -598.244472
28.250000 1.999543 7.904954 -1344.194274 -576.369849
28.300000 1.972677 8.611161 -1309.260532 -551.752420
28.350000 2.012395 8.213627 -1332.862377 -560.102572
28.400000 1.991519 8.712445 -1308.171855 -543.428640
28.450000 1.973922 10.282990 -1228.136821 -470.150811
28.500000 2.007280 9.184481 -1287.785718 -516.990178
28.550000 2.027887 8.234562 -1341.274626 -562.565871
28.600000 1.961331 9.086548 -1292.150904 -538.999991
28.650000 2.014584 9.087382 -1291.188187 -517.588000
28.700000 1.997889 9.471199 -1262.978701 -495.789310
28.750000 2.007149 8.826267 -1304.592354 -533.847272
28.800000 1.986629 8.691356 -1316.548906 -553.683338
28.850000 1.993524 9.176088 -1287.739734 -522.226462
28.900000 1.975627 9.243009 -1281.367217 -522.726302
28.950000 1.977753 9.780369 -1257.037662 -497.580594
29.000000 2.009461 9.937142 -1250.169767 -478.536676
29.050000 1.987926 9.119427 -1298.963234 -535.599646
29.100000 2.019053 10.320912 -1228.247353 -452.931164
29.150000 2.014188 8.785539 -1305.356748 -531.908401
29.200000 1.977422 8.797829 -1299.341872 -540.011807
29.250000 1.989592 9.933703 -1241.205932 -477.202635
29.300000 1.987115 9.872077 -1249.365586 -486.313365
29.350000 2.008533 10.499807 -1205.941121 -434.664419
29.400000 1.986349 8.775522 -1309.607919 -546.849734
29.450000 2.008582 9.010971 -1301.408981 -530.113532
29.500000 1.973398 9.370559 -1281.641318 -523.856509
29.550000 2.042259 9.618229 -1268.411120 -484.183613
29.600000 1.975369 9.494110 -1268.195735 -509.653953
29.650000 2.009464 8.918392 -1304.624376 -532.990069
29.700000 1.998662 9.611072 -1263.057319 -495.571077
29.750000 2.003238 8.979870 -1299.953249 -530.710040
29.800000 1.994080 8.863422 -1296.788557 -531.061908
29.850000 2.002108 8.681724 -1315.031923 -546.222536
29.900000 1.996054 8.954543 -1301.052196 -534.567459
29.950000 1.984294 8.229389 -1340.383810 -578.414918
30.000000 2.018572 5.099024 -1226.779565 -451.648034
30.050000 2.000656 4.614697 -1258.208190 -489.956355
30.100000 1.985337 5.239970 -1209.269180 -446.899652
30.150000 1.998101 5.155161 -1219.560236 -452.289327
30.200000 1.978431 5.211378 -1225.976124 -466.258445
30.250000 1.993987 5.555070 -1205.599093 -439.908035
30.300000 1.992921 4.913124 -1241.624952 -476.343168
30.350000 2.000316 4.936551 -1235.474618 -467.353381
30.400000 2.005280 5.140248 -1224.577138 -454.549543
30.450000 1.998942 6.156633 -1163.300488 -395.706827
30.500000 2.007414 5.626620 -1198.383509 -427.536638
30.550000 2.008548 5.429662 -1211.022042 -439.739722
30.600000 1.973436 5.222830 -1225.379908 -467.580498
30.650000 2.008614 5.537692 -1208.056487 -436.748902
30.700000 1.996741 5.353379 -1225.734152 -458.985767
30.750000 2.009269 5.389853 -1224.460125 -452.900785
30.800000 2.014493 5.824034 -1191.048541 -417.483073
30.850000 1.998872 4.889165 -1249.147314 -481.580638
30.900000 1.978409 5.259483 -1217.281743 -457.572728
30.950000 2.005848 5.090023 -1228.255075 -458.009512
31.000000 1.997913 5.520988 -1206.961161 -439.762675
31.050000 2.006473 5.247900 -1227.576087 -457.090291
31.100000 2.001768 4.755826 -1253.981099 -485.302371
31.150000 1.992640 5.708750 -1190.961133 -425.787448
31.200000 1.979723 5.636388 -1199.775828 -439.562131
31.250000 2.014723 5.835394 -1189.614667 -415.960863
31.300000 1.993929 5.078573 -1243.949468 -478.280911
31.350000 1.987051 6.573883 -1153.245143 -390.217636
31.400000 2.018287 5.400523 -1224.473459 -449.451177
31.450000 2.012840 5.316835 -1219.664644 -446.734030
31.500000 1.993344 4.960976 -1245.552259 -480.108290
31.550000 1.995164 5.446832 -1207.817202 -441.674408
31.600000 2.023013 5.177129 -1230.030079 -453.193196
31.650000 2.017238 5.410738 -1215.651990 -441.032527
31.700000 1.996298 5.124145 -1229.034429 -462.455945
31.750000 2.004510 5.139218 -1226.311568 -456.579772
31.800000 1.996650 5.254479 -1220.995556 -454.282065
31.850000 1.991561 5.079784 -1231.027310 -466.267841
31.900000 1.983302 5.389929 -1212.933682 -451.345764
31.950000 1.994637 5.438088 -1211.282029 -445.341378
32.000000 1.999344 5.223276 -1226.244412 -458.496185
32.050000 2.018502 5.238691 -1221.767768 -446.662962
32.100000 2.005985 5.108561 -1226.064563 -455.766202
32.150000 1.991987 5.677817 -1194.584141 -429.661041
32.200000 2.034353 5.503377 -1207.115204 -425.923838
32.250000 1.992999 4.700368 -1247.952797 -482.641324
32.300000 1.997564 4.991858 -1233.649960 -466.585392
32.350000 1.991553 4.288061 -1282.441398 -517.684977
32.400000 1.988517 5.499078 -1209.079674 -445.489114
32.450000 2.002597 6.007090 -1169.325133 -400.327768
32.500000 2.005752 4.720097 -1244.950728 -474.742029
32.550000 2.002450 4.552392 -1256.955319 -488.014623
32.600000 1.969048 5.766892 -1180.714948 -424.600668
32.650000 2.025218 4.227530 -1279.523201 -501.839433
32.700000 1.997524 4.490129 -1259.155382 -492.106088
32.750000 2.003910 4.411261 -1272.536564 -503.035185
32.800000 1.980366 4.767192 -1248.949249 -488.488658
32.850000 1.999487 5.160542 -1231.508518 -463.705475
32.900000 1.984731 5.882847 -1184.954388 -422.817527
32.950000 2.001910 5.838552 -1196.990187 -428.256774
33.000000 2.033308 5.995106 -1188.570543 -407.780325
33.050000 2.001201 4.893168 -1255.012290 -486.551192
33.100000 2.004632 4.956158 -1249.792339 -480.013721
33.150000 2.012477 4.894506 -1251.033268 -478.242212
33.200000 1.992658 5.060733 -1231.256581 -466.076068
33.250000 1.989389 4.723000 -1251.650297 -487.724955
33.300000 1.989816 5.006180 -1233.451082 -469.361587
33.350000 2.005658 4.628091 -1252.462436 -482.289868
33.400000 2.001820 4.106375 -1282.559765 -513.861049
33.450000 1.971533 4.896923 -1232.377629 -475.309050
33.500000 2.015345 4.855263 -1243.117163 -469.224740
33.550000 2.004362 5.250506 -1219.032552 -449.357483
33.600000 1.984476 4.866694 -1244.126876 -482.087973
33.650000 2.016056 5.062938 -1230.692537 -456.527126
33.700000 2.003762 4.892716 -1237.148585 -467.704164
33.750000 1.990746 4.747324 -1247.570045 -483.123756
33.800000 1.984802 6.375036 -1146.929687 -384.765700
33.850000 1.999076 5.273891 -1218.783489 -451.138442
33.900000 2.008052 4.652119 -1256.055291 -484.963386
33.950000 2.007180 4.924472 -1239.463046 -468.705877
34.000000 2.013288 5.003223 -1237.989637 -464.887094
34.050000 2.004600 5.124827 -1235.066168 -465.299872
34.100000 2.016621 5.199022 -1228.493018 -454.110438
34.150000 1.977960 6.009621 -1184.167100 -424.630527
34.200000 2.012421 5.335634 -1230.586106 -457.816312
34.250000 2.022124 5.089957 -1237.205996 -460.710316
34.300000 1.998922 4.749214 -1249.991309 -482.405080
34.350000 1.998630 4.747799 -1245.896845 -478.422938
34.400000 1.979778 4.755943 -1248.198969 -487.964105
34.450000 2.019912 5.107294 -1232.318181 -456.671941
34.500000 1.995200 4.712933 -1252.526287 -486.369433
34.550000 1.976103 4.739879 -1256.996739 -498.173092
34.600000 1.985176 5.469140 -1213.603435 -451.295737
34.650000 2.014810 5.818935 -1184.401564 -410.714655
34.700000 1.995275 5.117245 -1225.434039 -459.248378
34.750000 2.006734 5.553802 -1198.763948 -428.177911
34.800000 1.983500 5.335191 -1214.993611 -453.329621
34.850000 2.013869 5.773381 -1191.251044 -417.925338
34.900000 2.002276 5.426690 -1213.901269 -445.027330
34.950000 1.999903 6.100904 -1169.627293 -401.664705
35.000000 2.014626 5.163873 -1226.876913 -453.260573
35.050000 1.997248 5.414124 -1204.714310 -437.771094
35.100000 1.994216 5.376244 -1209.801748 -444.022619
35.150000 1.991307 5.056563 -1238.546106 -473.884036
35.200000 2.005079 5.207882 -1224.568860 -454.618698
35.250000 1.989991 4.802559 -1248.133512 -483.976932
35.300000 1.971605 5.658753 -1190.574153 -433.477705
35.350000 2.012878 5.149193 -1228.213694 -455.268723
35.400000 2.001680 5.233146 -1222.748396 -454.103164
35.450000 2.007153 5.171298 -1223.943317 -453.196704
35.500000 2.007876 4.594731 -1258.406039 -487.381685
35.550000 1.996372 4.828612 -1244.755576 -478.148915
35.600000 1.995568 5.337429 -1219.582768 -453.284493
35.650000 1.997254 5.704056 -1198.149577 -431.204034
35.700000 1.987059 5.877878 -1188.248721 -425.218099
35.750000 2.004131 5.974839 -1180.370119 -410.783686
35.800000 2.002476 4.851443 -1252.207271 -483.256412
35.850000 2.005843 5.342693 -1218.275449 -448.031755
35.900000 1.992912 4.711347 -1259.278070 -493.999871
35.950000 1.998622 5.310110 -1226.558972 -459.087936
36.000000 1.999921 5.274872 -1228.414840 -460.445146
36.050000 2.007591 5.302838 -1219.212854 -448.297748
36.100000 2.017056 5.111967 -1224.412172 -449.862737
36.150000 2.011702 4.132944 -1278.099659 -505.605992
36.200000 1.976098 4.656339 -1241.734097 -482.912447
36.250000 1.996070 4.701416 -1243.036781 -476.546075
36.300000 2.003564 5.600388 -1187.810156 -418.441457
36.350000 2.006972 5.762805 -1181.742003 -411.064772
36.400000 2.002065 5.321563 -1214.148518 -445.355713
36.450000 1.999125 5.855214 -1186.943549 -419.279711
36.500000 2.014627 5.589111 -1202.782027 -429.165187
36.550000 1.987377 5.820626 -1182.979695 -419.827063
36.600000 2.037561 5.662078 -1197.810218 -415.386957
36.650000 1.977001 4.756283 -1250.107889 -490.939352
36.700000 1.999322 5.088437 -1225.776776 -458.037022
36.750000 1.988654 5.163662 -1215.812367 -452.169052
36.800000 2.011934 5.088743 -1221.607348 -449.024527
36.850000 1.987480 5.930683 -1172.178525 -408.986376
36.900000 2.009239 5.320148 -1208.045725 -436.498093
36.950000 1.995237 4.929160 -1231.939598 -465.768420
37.000000 1.990613 5.869717 -1170.196742 -405.801505
37.050000 2.012084 4.624051 -1257.207722 -484.567643
37.100000 1.979933 5.482500 -1211.869783 -451.575410
37.150000 1.986705 6.149139 -1176.185593 -413.290681
37.200000 2.015916 5.954463 -1190.028874 -415.917266
37.250000 2.007594 6.271347 -1167.649303 -396.733049
37.300000 1.981667 5.358756 -1222.012141 -461.052028
37.350000 1.996520 5.173965 -1229.623226 -462.959536
37.400000 1.990066 5.347806 -1220.136342 -455.950853
37.450000 2.000442 6.360667 -1157.650211 -389.480442
37.500000 1.989166 3.083007 -1095.489237 -331.649541
37.550000 2.002813 3.034839 -1102.317543 -333.237285
37.600000 2.005160 2.842492 -1111.046340 -341.064895
37.650000 1.999413 3.267545 -1076.589762 -308.815211
37.700000 1.977198 3.516018 -1060.090345 -300.846252
37.750000 2.004823 3.301844 -1079.506713 -309.654821
37.800000 1.993048 3.124074 -1093.324164 -327.993742
37.850000 1.994799 3.198590 -1091.829562 -325.826673
37.900000 1.982776 3.149234 -1100.858096 -339.471967
37.950000 2.014357 3.484724 -1079.695227 -306.182021
38.000000 1.996576 3.072774 -1112.292612 -345.607550
38.050000 2.008930 3.588776 -1080.817576 -309.388443
38.100000 1.998015 3.447729 -1092.617576 -325.380007
38.150000 2.012096 3.420972 -1088.529317 -315.884270
38.200000 2.004020 2.994939 -1117.431874 -347.888105
38.250000 1.991622 3.311284 -1093.842301 -329.059637
38.300000 2.013274 3.567429 -1075.541141 -302.443736
38.350000 1.985802 3.373057 -1079.053414 -316.505589
38.400000 1.989135 2.924878 -1108.100876 -344.273026
38.450000 2.013284 2.762805 -1122.066416 -348.965170
38.500000 2.001568 2.949234 -1107.966532 -339.364353
38.550000 2.013761 2.870746 -1115.294208 -342.009858
38.600000 2.018738 3.098072 -1096.254303 -321.059045
38.650000 1.998927 2.907545 -1105.774013 -338.185868
38.700000 2.016900 2.834283 -1106.643223 -332.153737
38.750000 1.996606 2.647657 -1114.280369 -347.583619
38.800000 2.008699 2.810886 -1104.275734 -332.935290
38.850000 2.005660 2.512457 -1124.891939 -354.718404
38.900000 2.020430 2.842297 -1100.693225 -324.847987
38.950000 2.002814 2.046149 -1161.010386 -391.929876
39.000000 1.999114 2.722201 -1112.262932 -344.602972
39.050000 1.993134 3.014998 -1093.157053 -327.793572
39.100000 1.992991 3.245388 -1078.212155 -312.903663
39.150000 2.010682 3.130585 -1084.114474 -312.012710
39.200000 1.977418 2.841200 -1102.825670 -343.497215
39.250000 2.002922 3.022759 -1091.153786 -322.031659
39.300000 2.002639 2.986210 -1097.054676 -328.041481
39.350000 2.007656 3.406399 -1073.192260 -302.252366
39.400000 2.003105 3.267384 -1090.236297 -321.043876
39.450000 1.989106 3.133152 -1100.531732 -336.714957
39.500000 2.007065 3.618902 -1062.697440 -291.984656
39.550000 2.004467 2.848176 -1120.914053 -351.198801
39.600000 2.002046 3.198449 -1087.517790 -318.732164
39.650000 2.002507 2.577136 -1132.921350 -363.958837
39.700000 2.000453 2.784199 -1123.252320 -355.078411
39.750000 1.976749 3.430642 -1077.811010 -318.739447
39.800000 2.010761 3.230375 -1089.012876 -316.880544
39.850000 1.967764 3.006177 -1097.380776 -341.759373
39.900000 2.018812 3.274482 -1076.060345 -300.836593
39.950000 1.993494 2.323469 -1145.339498 -379.837886
40.000000 1.999308 2.762525 -1122.056893 -354.322746
40.050000 1.994774 3.467098 -1073.411355 -307.418300
40.100000 2.007330 2.721057 -1118.668551 -347.853802
40.150000 1.977966 2.766947 -1103.728760 -344.189765
40.200000 2.016355 2.514704 -1121.701394 -347.420911
40.250000 1.993965 2.409219 -1132.623850 -366.941359
40.300000 2.011493 3.077476 -1090.754158 -318.340912
40.350000 2.000204 3.320052 -1081.630235 -313.551991
40.400000 2.008064 3.580112 -1066.094892 -294.998387
40.450000 1.993128 3.339789 -1082.967807 -317.606844
40.500000 2.013839 2.807427 -1123.188861 -349.874501
40.550000 1.983847 2.700977 -1129.216146 -367.418852
40.600000 1.989377 2.997127 -1112.315576 -348.394856
40.650000 1.993678 3.341510 -1081.020602 -315.448089
40.700000 2.015867 2.928781 -1102.070475 -327.977596
40.750000 1.975240 3.316972 -1073.067522 -314.575189
40.800000 1.998188 2.745203 -1117.554371 -350.250077
40.850000 1.997728 2.880394 -1108.516140 -341.388423
40.900000 1.991215 3.011869 -1098.409590 -333.782905
40.950000 2.017374 2.710813 -1119.128954 -344.457379
41.000000 1.996081 2.593259 -1125.454267 -358.959053
41.050000 1.996679 3.044320 -1090.649953 -323.925229
41.100000 1.987347 3.437214 -1064.407688 -301.266256
41.150000 2.012684 3.611646 -1052.751735 -279.880990
41.200000 2.004939 2.805725 -1111.296373 -341.399953
41.250000 1.997202 3.161878 -1087.293250 -320.367495
41.300000 2.009641 2.521978 -1130.773843 -359.071565
41.350000 2.001375 2.409616 -1136.452909 -367.925098
41.400000 1.977669 2.930446 -1105.172664 -345.747657
41.450000 2.005433 3.408962 -1078.600836 -308.514427
41.500000 1.988271 3.945711 -1045.533233 -282.037082
41.550000 2.004033 3.761314 -1051.583083 -282.034426
41.600000 2.008103 3.012783 -1102.895675 -331.784122
41.650000 2.011070 3.256712 -1083.725501 -311.474485
41.700000 1.988608 3.358302 -1080.422007 -316.796722
41.750000 2.000552 3.481558 -1076.202268 -307.990112
41.800000 2.001123 3.534911 -1073.612181 -305.181076
41.850000 2.000004 3.495956 -1081.866758 -313.865376
41.900000 2.020902 3.476986 -1081.875750 -305.849522
41.950000 1.991077 2.929455 -1110.443709 -345.870134
42.000000 2.013402 2.724359 -1118.238144 -345.091878
42.050000 1.980735 2.852436 -1101.722924 -341.120700
42.100000 1.998259 2.755569 -1108.531033 -341.199435
42.150000 1.988899 2.951105 -1095.841439 -332.104387
42.200000 2.010952 3.514058 -1063.435372 -291.229840
42.250000 2.008362 2.651043 -1124.151109 -352.940025
42.300000 1.993196 2.767677 -1111.481600 -346.094447
42.350000 2.013579 3.046855 -1093.363622 -320.149402
42.400000 1.977899 3.000651 -1095.967940 -336.454874
42.450000 2.007600 2.989524 -1099.315462 -328.396978
42.500000 1.981090 2.794287 -1109.919206 -349.180643
42.550000 2.017777 2.536248 -1126.871576 -352.045137
42.600000 1.996901 2.493633 -1121.512725 -354.702667
42.650000 2.005444 2.374403 -1135.543478 -365.452792
42.700000 1.998228 2.477596 -1132.778718 -365.459182
42.750000 2.005452 2.450057 -1139.011706 -368.918322
42.800000 1.996749 2.924953 -1113.260480 -346.508931
42.850000 1.985941 4.132128 -1032.019049 -269.417688
42.900000 2.001386 3.256094 -1095.383935 -326.851844
42.950000 2.018676 2.852066 -1109.533666 -334.361909
43.000000 1.996465 2.402634 -1134.480490 -367.837934
43.050000 1.992132 2.546077 -1118.233010 -353.254136
43.100000 1.992378 2.566757 -1126.749851 -361.676746
43.150000 2.007704 3.382189 -1076.247547 -305.289153
43.200000 2.008862 3.223917 -1090.413378 -319.010365
43.250000 1.988744 2.966638 -1105.548396 -341.870694
43.300000 2.007245 3.588740 -1061.682488 -290.900256
43.350000 2.007562 3.029544 -1099.885873 -328.982189
43.400000 1.983708 3.335012 -1074.399732 -312.656006
43.450000 2.014685 3.095760 -1091.562741 -317.923700
43.500000 2.002883 3.331694 -1070.123915 -301.016792
43.550000 2.011341 2.548845 -1131.837740 -359.482973
43.600000 1.984817 2.857366 -1108.124451 -345.954792
43.650000 2.006541 2.985186 -1100.003590 -329.491832
43.700000 1.992704 3.327807 -1075.072551 -309.874038
43.750000 1.993741 3.087681 -1093.677716 -328.081166
43.800000 2.004948 3.134650 -1087.067671 -317.167595
43.850000 2.005814 2.976204 -1094.258368 -324.025742
43.900000 2.023626 2.683433 -1114.075973 -337.003471
43.950000 2.001193 2.028612 -1155.834348 -387.376061
44.000000 1.977597 2.629839 -1112.109618 -352.712269
44.050000 2.003921 3.092772 -1089.178654 -319.672944
44.100000 1.992057 2.956001 -1106.873703 -341.923753
44.150000 2.031928 3.117312 -1093.355885 -313.095585
44.200000 1.979512 2.377699 -1142.045367 -381.912914
44.250000 2.001097 2.667168 -1122.779097 -354.357994
44.300000 1.980467 2.964478 -1104.386294 -343.886818
44.350000 1.998138 3.102101 -1101.250675 -333.965493
44.400000 1.988993 3.603576 -1066.695907 -302.922524
44.450000 2.007935 3.089219 -1101.044376 -329.997188
44.500000 2.008780 2.804992 -1115.936224 -344.564795
44.550000 1.998516 2.997644 -1091.146542 -323.716417
44.600000 2.002898 2.464003 -1130.402783 -361.289808
44.650000 1.982796 3.176414 -1088.668353 -327.274524
44.700000 2.012040 3.341110 -1085.337750 -312.714475
44.750000 1.987519 3.616404 -1064.293001 -301.085560
44.800000 2.012357 3.154978 -1096.742406 -323.997464
44.850000 1.976521 3.127017 -1096.334758 -337.350727
44.900000 2.029502 3.480441 -1073.734293 -294.405524
44.950000 2.005866 2.499284 -1141.800084 -371.547523
45.000000 1.994932 1.825577 -959.142930 -193.089113
45.050000 2.005442 1.526632 -974.807292 -204.717490
45.100000 1.998650 1.501684 -970.508524 -203.026774
45.150000 1.990939 1.655119 -954.082827 -189.562356
45.200000 2.005063 1.598446 -959.819213 -189.875050
45.250000 2.000556 1.371359 -979.636141 -211.422567
45.300000 2.000927 1.205497 -997.711175 -229.355284
45.350000 1.992622 1.469675 -982.933074 -217.766310
45.400000 2.008322 1.826684 -959.284552 -188.088978
45.450000 2.001524 1.779035 -967.076883 -198.491726
45.500000 2.005973 2.435714 -909.974100 -139.680482
45.550000 1.991779 1.941187 -949.941423 -185.098351
45.600000 2.000655 2.171294 -934.293092 -166.041634
45.650000 2.014461 1.557620 -991.229723 -217.676814
45.700000 1.983896 1.725933 -978.151341 -216.335158
45.750000 2.006748 2.008087 -959.452125 -188.860754
45.800000 1.988485 2.072410 -954.379853 -190.801542
45.850000 2.012661 1.944473 -962.979326 -190.117642
45.900000 1.996511 1.802672 -968.568009 -201.907604
45.950000 2.015189 1.811054 -974.723697 -200.891050
46.000000 1.990897 2.616722 -906.382325 -141.877955
46.050000 2.025956 1.777488 -973.358254 -195.391211
46.100000 1.979195 2.102174 -936.085441 -176.074651
46.150000 1.997033 1.767717 -959.317735 -192.457190
46.200000 1.991693 1.724508 -959.352622 -194.542551
46.250000 2.004590 1.820258 -950.854748 -181.092250
46.300000 1.991691 1.820608 -950.887624 -186.078126
46.350000 2.012778 1.677437 -962.034078 -189.127387
46.400000 1.985723 1.934540 -939.608309 -177.090629
46.450000 2.009167 2.140631 -929.680958 -158.160992
46.500000 2.002574 1.636146 -974.383448 -205.394878
46.550000 2.006211 1.562957 -975.465669 -205.080745
46.600000 1.993158 1.388732 -988.173546 -222.800897
46.650000 1.988273 2.064128 -934.349999 -170.853209
46.700000 1.992859 2.365401 -911.564584 -146.306594
46.750000 2.016683 1.894035 -960.595179 -186.188795
46.800000 1.986830 2.428090 -913.712808 -150.770029
46.850000 2.008188 1.996008 -951.757664 -180.613422
46.900000 2.001881 1.992094 -948.064506 -179.342305
46.950000 1.999295 1.935280 -949.757411 -182.028171
47.000000 2.013549 1.475189 -977.599791 -204.396848
47.050000 1.992331 1.080082 -1004.023111 -238.968091
47.100000 2.022001 1.462255 -974.481624 -198.033105
47.150000 1.996577 1.568410 -969.447219 -202.761768
47.200000 1.992907 1.825027 -956.643112 -191.366640
47.250000 1.998770 1.697375 -964.197171 -196.669489
47.300000 1.997862 1.507268 -971.050827 -203.871852
47.350000 1.988036 1.812155 -945.268444 -181.862557
47.400000 2.003971 1.596447 -963.045563 -193.520532
47.450000 2.001229 1.729011 -949.890862 -181.418801
47.500000 2.005514 1.803552 -944.023125 -173.905692
47.550000 2.003877 1.930090 -937.767979 -168.279169
47.600000 2.003032 1.919386 -943.271237 -174.106858
47.650000 2.024230 1.952914 -933.133625 -155.829357
47.700000 1.980707 1.599340 -955.141476 -194.549909
47.750000 2.008593 1.751382 -943.916823 -172.617272
47.800000 2.011910 1.326407 -975.876491 -203.303154
47.850000 1.992263 1.107394 -998.159916 -233.130902
47.900000 2.011092 1.517450 -967.533845 -195.274360
47.950000 1.990883 1.552523 -965.264086 -200.764917
48.000000 2.013950 1.676847 -958.546194 -185.189363
48.050000 1.996117 1.837136 -944.408442 -177.899370
48.100000 1.997338 1.738004 -956.056080 -189.078328
48.150000 1.992676 1.578083 -966.258853 -201.071301
48.200000 2.006595 1.523244 -967.839307 -197.306714
48.250000 1.999026 1.476411 -975.260294 -207.634446
48.300000 1.999309 1.723666 -955.946158 -188.211681
48.350000 2.003179 1.761725 -955.227839 -186.007192
48.400000 1.994601 1.871750 -955.180097 -189.253393
48.450000 1.997107 2.174057 -937.003347 -170.114332
48.500000 2.028653 2.478016 -909.872646 -130.869992
48.550000 2.008121 1.457423 -981.454981 -210.336465
48.600000 1.998159 1.417236 -965.965045 -198.672000
48.650000 1.989401 1.390272 -962.965056 -199.034920
48.700000 1.989419 1.655109 -943.477885 -179.540977
48.750000 2.011591 1.447811 -967.804339 -195.353361
48.800000 1.984222 1.597726 -961.351197 -199.409964
48.850000 2.020796 1.915800 -939.487837 -163.502128
48.900000 2.000354 1.304415 -987.789637 -219.653678
48.950000 2.009017 1.838778 -945.582441 -174.119813
49.000000 2.004561 1.585822 -970.249223 -200.497825
49.050000 1.992609 1.725899 -960.333765 -195.172086
49.100000 1.990281 1.881583 -950.681878 -186.414063
49.150000 2.003860 1.756524 -962.450755 -192.968643
49.200000 2.000421 1.698796 -965.916182 -197.754646
49.250000 2.008186 1.682911 -967.968142 -196.824603
49.300000 1.980743 1.900563 -958.108607 -197.503439
49.350000 1.990704 2.734124 -900.164440 -135.734239
49.400000 1.989061 2.692105 -905.477244 -141.677742
49.450000 2.023922 2.326673 -929.150901 -151.964686
49.500000 2.006672 1.506146 -987.024954 -216.462851
49.550000 1.998713 1.332290 -996.104591 -228.598611
49.600000 1.984406 1.690002 -967.955615 -205.943663
49.650000 2.008913 1.880425 -950.956048 -179.533608
49.700000 2.001676 1.845319 -949.351099 -180.707537
49.750000 1.993639 2.006343 -942.099828 -176.542625
49.800000 2.014266 1.951535 -955.455525 -181.977547
49.850000 1.981893 2.192133 -933.126196 -172.079200
49.900000 1.998790 2.049281 -945.132801 -177.597414
49.950000 2.000874 1.694197 -973.631284 -205.295837
50.000000 1.998065 2.024499 -945.928402 -178.671570
50.050000 2.011855 2.010263 -948.626969 -176.074555
50.100000 2.008168 1.540558 -980.348349 -209.211740
50.150000 2.000033 1.548172 -969.760331 -201.747721
50.200000 1.996118 1.277403 -991.544844 -225.035369
50.250000 1.973953 1.977967 -934.644177 -176.646287
50.300000 2.006960 1.546444 -980.359596 -209.686966
50.350000 1.994972 1.732827 -970.886424 -204.817032
50.400000 2.004686 2.055699 -944.888862 -175.089589
50.450000 2.000185 1.759725 -967.028795 -198.957795
50.500000 1.984911 1.871820 -951.236277 -189.030454
50.550000 1.999278 1.623922 -966.431441 -198.708781
50.600000 2.009643 1.656074 -960.947485 -189.244688
50.650000 1.998298 1.484893 -975.469384 -208.122963
50.700000 1.981737 1.514318 -977.211041 -216.224029
50.750000 1.993962 1.781238 -960.309749 -194.628294
50.800000 2.008332 1.634328 -973.711104 -202.511460
50.850000 2.003344 1.716294 -961.215474 -191.931500
50.900000 2.011798 1.014214 -1013.419541 -240.889123
50.950000 1.999018 1.106666 -1005.475726 -237.852899
51.000000 1.981904 1.729232 -960.699503 -199.648180
51.050000 1.997723 1.997479 -942.858902 -175.733268
51.100000 2.018813 1.762700 -956.240562 -181.016499
51.150000 1.996217 1.555864 -970.355893 -203.808679
51.200000 1.999792 1.979915 -938.749442 -170.829178
51.250000 2.011009 2.218628 -918.657300 -146.429927
51.300000 2.017579 1.561615 -968.887826 -194.137548
51.350000 1.967437 1.889686 -946.877776 -191.382067
51.400000 2.016510 1.822659 -961.770110 -187.430308
51.450000 1.992951 1.697754 -968.150182 -202.856809
51.500000 2.005578 1.604530 -975.276789 -205.134784
51.550000 1.994440 1.526471 -977.081362 -211.216499
51.600000 1.971768 1.841419 -945.634229 -188.475298
51.650000 2.005475 1.957809 -933.913430 -163.810970
51.700000 1.996398 2.030225 -925.368590 -158.751646
51.750000 1.993526 1.668316 -959.256809 -193.742870
51.800000 1.986669 1.883691 -943.360578 -180.479594
51.850000 1.982364 2.135350 -929.814437 -168.586831
51.900000 2.010396 2.158733 -922.786259 -150.794372
51.950000 2.008862 1.278509 -989.581955 -218.179121
52.000000 1.984044 1.661318 -957.397093 -195.524279
52.050000 2.014812 1.663482 -962.023324 -188.335590
52.100000 2.007423 1.782545 -948.289007 -177.438463
52.150000 1.996480 1.597974 -964.411637 -197.763353
52.200000 2.005272 1.694316 -962.551050 -192.526785
52.250000 1.981644 1.841255 -963.319317 -202.367916
52.300000 1.994492 2.397440 -917.969551 -152.084708
52.350000 2.000533 1.953849 -948.069774 -179.865118
52.400000 1.982541 1.799774 -954.664944 -193.369263
52.450000 1.995931 1.924281 -945.065098 -178.627607
52.500000 2.009220 1.037999 -798.983560 -27.442982
52.550000 1.986441 0.945081 -802.141539 -39.348295
52.600000 2.010218 0.686839 -825.664910 -53.741185
52.650000 1.993713 0.670463 -830.703553 -65.117895
52.700000 1.990066 0.927971 -819.530676 -55.345218
52.750000 2.003764 1.197679 -801.813955 -32.368441
52.800000 2.000838 1.081085 -811.170444 -42.848558
52.850000 2.001286 1.039530 -816.791985 -48.298069
52.900000 2.004381 1.408008 -783.145836 -13.463684
52.950000 1.998507 1.075494 -822.225629 -54.798900
53.000000 1.996868 1.477387 -785.244464 -18.447030
53.050000 1.996784 1.251176 -809.200154 -42.435120
53.100000 1.991763 1.346080 -798.806775 -33.969959
53.150000 1.990585 1.449909 -781.610920 -17.226169
53.200000 2.007727 0.746000 -841.108050 -70.140881
53.250000 1.991955 0.749889 -834.342047 -69.431301
53.300000 1.990047 1.133596 -797.912773 -33.734632
53.350000 2.008713 0.812092 -830.898019 -59.552389
53.400000 1.989306 0.956480 -817.150640 -53.257320
53.450000 2.010099 1.052026 -804.048124 -32.170029
53.500000 1.999351 0.661743 -833.644074 -65.893276
53.550000 1.994334 0.766007 -819.122976 -53.298541
53.600000 2.002401 0.938423 -801.798019 -32.876025
53.650000 1.997016 0.630378 -834.871665 -68.017538
53.700000 1.988916 1.025420 -798.965579 -35.221689
53.750000 2.003826 0.920099 -814.740887 -45.271531
53.800000 1.977173 1.063595 -803.819432 -44.584940
53.850000 2.005676 1.076828 -804.979941 -34.800497
53.900000 2.013597 1.024307 -807.781667 -34.560533
53.950000 1.997945 1.020015 -805.386610 -38.175766
54.000000 2.004595 0.992193 -812.320969 -42.556439
54.050000 2.002042 1.095532 -805.910391 -37.126313
54.100000 2.002603 1.136356 -805.200733 -36.201269
54.150000 1.995333 0.944709 -825.380739 -59.172868
54.200000 1.983246 1.358211 -788.643960 -27.077597
54.250000 2.004829 1.571554 -770.178107 -0.323708
54.300000 2.002684 1.027827 -817.383770 -48.353182
54.350000 1.999211 0.804416 -834.249167 -66.552246
54.400000 1.991177 1.001233 -819.825837 -55.213936
54.450000 2.003083 1.149416 -809.250286 -40.066357
54.500000 2.002224 0.905804 -827.867211 -59.013360
54.550000 1.992071 0.997018 -814.747390 -49.792108
54.600000 2.001996 0.827357 -830.060264 -61.293616
54.650000 2.005651 0.889151 -817.218917 -47.048925
54.700000 1.999616 0.715708 -832.615569 -64.763098
54.750000 2.002195 1.200208 -783.880914 -15.038130
54.800000 1.996042 0.844242 -823.185763 -56.705681
54.850000 1.998442 1.089020 -802.576212 -35.174667
54.900000 2.006844 0.962304 -817.951497 -47.323385
54.950000 1.997533 0.816491 -831.974330 -64.921824
55.000000 1.982867 1.243707 -790.774097 -29.353274
55.050000 2.014053 1.176245 -794.782801 -21.386633
55.100000 1.991539 1.134866 -795.385121 -30.634246
55.150000 2.000676 1.336031 -778.658449 -10.398936
55.200000 1.997806 1.709826 -736.974104 30.183537
55.250000 2.014027 0.931500 -808.905341 -35.518976
55.300000 1.996994 0.851450 -808.890674 -42.044801
55.350000 1.996704 1.262273 -766.151712 0.582468
55.400000 2.008136 1.130220 -783.114173 -11.990122
55.450000 2.002059 1.037801 -798.072772 -29.282042
55.500000 1.992988 1.047000 -803.359240 -38.051938
55.550000 1.998684 1.204111 -795.527291 -28.032540
55.600000 2.010547 1.153218 -797.431567 -25.381399
55.650000 2.005068 0.855150 -819.703144 -49.757144
55.700000 1.989307 0.730661 -838.901992 -75.008042
55.750000 2.006182 1.137153 -803.439784 -33.065731
55.800000 1.985684 0.852635 -837.036492 -74.533955
55.850000 1.995522 1.484127 -782.421226 -16.140858
55.900000 2.006706 1.223711 -806.035857 -35.460582
55.950000 2.003698 1.241934 -793.755182 -24.335050
56.000000 1.992329 0.816523 -836.859820 -71.805639
56.050000 2.014576 1.070480 -807.387283 -33.790090
56.100000 1.988331 0.949140 -813.604372 -50.085108
56.150000 1.991897 1.457243 -760.106414 4.781850
56.200000 2.000461 1.023055 -805.155057 -36.977940
56.250000 1.987996 1.186370 -789.350191 -25.959673
56.300000 1.987157 1.362416 -770.980178 -7.912014
56.350000 2.005748 0.900962 -818.510095 -48.302833
56.400000 2.000117 1.312258 -775.444897 -7.399875
56.450000 2.012676 1.029601 -797.408993 -24.541532
56.500000 1.987035 0.536241 -840.164868 -77.143263
56.550000 1.991662 0.898271 -805.000891 -40.202768
56.600000 2.006522 0.983419 -802.021345 -31.516855
56.650000 1.986455 1.083761 -796.911905 -34.113040
56.700000 2.008278 1.098262 -805.095792 -33.917111
56.750000 1.992260 1.487593 -771.996874 -6.968844
56.800000 1.999549 1.347839 -790.256686 -22.429986
56.850000 1.994793 1.152220 -801.952733 -35.952283
56.900000 2.013777 0.856828 -816.713869 -43.423651
56.950000 1.992543 0.910495 -797.257757 -32.121062
57.000000 2.002472 0.519029 -835.232949 -66.283717
57.050000 1.986842 0.899510 -799.364470 -36.417102
57.100000 2.000234 0.802259 -814.481166 -46.391285
57.150000 2.002447 0.727108 -827.355237 -58.415497
57.200000 2.008624 0.974083 -809.496013 -38.184472
57.250000 1.998259 1.055993 -811.721369 -44.389927
57.300000 2.002552 1.272476 -801.457038 -32.477230
57.350000 2.005689 1.477855 -781.318543 -11.134046
57.400000 2.002241 0.956833 -823.140133 -54.279434
57.450000 2.002213 0.656910 -841.405493 -72.555565
57.500000 1.977110 0.876903 -811.349347 -52.139026
57.550000 2.004122 0.814343 -818.922654 -49.339693
57.600000 1.994259 1.021065 -798.369080 -32.573778
57.650000 2.004564 1.071582 -794.557675 -24.805152
57.700000 2.002821 1.142182 -788.040848 -18.957691
57.750000 1.998785 1.097969 -789.675066 -22.141518
57.800000 1.998515 0.837423 -816.274592 -48.844687
57.850000 1.995151 1.095084 -795.122952 -28.985112
57.900000 2.000484 1.122351 -797.304391 -29.118571
57.950000 1.996142 0.944930 -817.480363 -50.961893
58.000000 2.001298 1.157309 -789.253255 -20.754681
58.050000 1.991413 0.684357 -831.305053 -66.602442
58.100000 1.996262 0.987292 -801.012256 -34.447487
58.150000 2.003582 0.761573 -831.649758 -62.274429
58.200000 1.999999 1.020998 -814.980678 -46.981141
58.250000 2.008518 1.169986 -808.685986 -37.415176
58.300000 1.998036 1.132591 -816.965078 -49.719355
58.350000 2.008181 0.893640 -845.183226 -74.041871
58.400000 1.997992 1.356405 -801.910030 -34.681292
58.450000 2.008941 1.382414 -800.518061 -29.084528
58.500000 2.007965 1.105500 -832.178568 -61.119840
58.550000 2.010734 1.456432 -805.965902 -33.844014
58.600000 1.994879 1.600829 -798.675744 -32.642239
58.650000 2.006198 1.533401 -796.706364 -26.326340
58.700000 2.002217 1.187400 -816.238922 -47.387412
58.750000 1.990034 1.386018 -790.519714 -26.346743
58.800000 2.008651 1.279607 -795.907145 -24.585051
58.850000 2.011106 0.898569 -825.475697 -53.211066
58.900000 1.994631 0.869846 -825.461054 -59.522716
58.950000 2.001384 0.891829 -824.637364 -56.105898
59.000000 1.991696 1.133537 -800.500594 -35.689396
59.050000 1.995728 1.172128 -799.179222 -32.819679
59.100000 2.006717 1.109916 -806.879682 -36.300346
59.150000 1.999648 1.075555 -811.026384 -43.161717
59.200000 2.007220 1.257568 -793.600173 -22.827746
59.250000 2.002896 1.190731 -799.839970 -30.727976
59.300000 2.000115 0.812475 -840.503334 -72.459273
59.350000 2.002705 0.835514 -836.038031 -66.999274
59.400000 1.994708 1.024015 -812.495664 -46.527931
59.450000 2.002546 0.689917 -847.004111 -78.026425
59.500000 1.995451 0.897945 -826.131127 -59.878067
59.550000 1.992808 0.917003 -828.785116 -63.546774
59.600000 1.997015 1.203996 -800.795264 -33.941438
59.650000 2.010528 1.126486 -803.901161 -31.858595
59.700000 2.000254 0.706870 -842.164372 -74.066990
59.750000 2.001159 0.895238 -821.606696 -53.161582
59.800000 1.998180 0.891337 -824.195574 -56.894269
59.850000 1.988949 1.199250 -798.222519 -34.466039
59.900000 1.994988 1.284177 -796.785213 -30.709856
59.950000 1.988788 1.154024 -809.740775 -46.046115
60.000000 1.991785 0.877449 -621.263570 143.582039
60.050000 2.012073 0.552583 -656.675320 115.960582
60.100000 1.994182 0.532352 -657.118278 108.647561
60.150000 2.007343 0.557583 -658.883519 111.936157
60.200000 1.993727 0.673148 -652.366240 113.224787
60.250000 2.015068 0.744795 -648.657887 125.128214
60.300000 1.998543 0.649693 -660.040422 107.400120
60.350000 1.991628 0.832233 -639.745527 125.039515
60.400000 2.005172 0.883585 -636.402573 133.583456
60.450000 1.997402 0.842235 -639.532202 127.470150
60.500000 2.001232 0.718344 -647.846493 120.626532
60.550000 2.007364 0.543096 -664.500235 106.327375
60.600000 1.996919 0.581620 -660.697032 106.119834
60.650000 1.990159 0.925423 -627.374376 136.846688
60.700000 2.011668 1.058109 -615.953664 156.526998
60.750000 2.009116 0.807477 -638.886050 132.614658
60.800000 1.994602 0.601276 -653.725333 112.201746
60.850000 2.013488 0.541990 -655.224416 117.955007
60.900000 1.994575 0.582561 -650.001088 115.915585
60.950000 1.999568 0.672658 -642.148084 125.686218
61.000000 1.996508 0.644779 -645.802709 120.856205
61.050000 1.994540 0.609159 -647.587563 118.315656
61.100000 2.001456 0.595980 -650.715081 117.844172
61.150000 1.999700 0.789954 -626.609265 141.275615
61.200000 2.011837 0.737034 -629.985132 142.560208
61.250000 1.990466 0.688536 -636.008716 128.330161
61.300000 2.020212 0.663590 -640.210315 135.551049
61.350000 1.997137 0.542706 -651.607227 115.293268
61.400000 2.003907 0.468675 -661.621740 107.878517
61.450000 1.994150 0.569702 -647.383737 118.369853
61.500000 2.005810 0.560493 -649.299774 120.931407
61.550000 1.999250 0.670711 -637.630861 130.081328
61.600000 2.000402 0.600718 -652.243291 115.911235
61.650000 1.986732 0.735774 -637.990973 124.913988
61.700000 2.006110 0.655366 -650.123985 120.222295
61.750000 1.988457 0.897035 -619.705490 143.862105
61.800000 2.005947 0.853964 -624.704651 145.579122
61.850000 2.009907 0.664791 -640.359938 131.444284
61.900000 1.997716 0.545759 -653.174607 113.948509
61.950000 1.999992 0.583234 -650.909871 117.086913
62.000000 1.990505 0.773748 -630.512048 133.841915
62.050000 1.999158 0.764940 -637.128417 130.548365
62.100000 1.995437 0.914003 -623.231344 143.016409
62.150000 2.002239 0.691875 -651.360868 117.498863
62.200000 1.994411 0.641573 -653.949269 111.904423
62.250000 2.007038 0.728582 -646.381950 124.320529
62.300000 1.988241 1.012575 -616.971620 146.513109
62.350000 1.996257 1.062025 -614.767770 151.794972
62.400000 2.010018 0.764779 -649.135856 122.710976
62.450000 2.012518 0.690050 -651.282710 121.524240
62.500000 1.989307 0.613635 -659.277522 104.616548
62.550000 2.001240 0.744086 -649.677835 118.798473
62.600000 2.013676 0.760682 -649.677907 123.573710
62.650000 1.983246 0.772720 -646.413401 115.152929
62.700000 1.994688 0.784643 -647.113989 118.846317
62.750000 2.003700 0.842218 -633.751527 135.669116
62.800000 2.014992 0.732651 -638.046758 135.710148
62.850000 1.986412 0.587153 -660.285913 102.496140
62.900000 2.005004 0.794133 -640.327728 129.593631
62.950000 2.009300 0.777391 -641.609728 129.961565
63.000000 2.002284 0.776625 -636.727989 132.148965
63.050000 2.010420 0.531805 -661.460656 110.540600
63.100000 1.993722 0.537497 -655.135450 110.453965
63.150000 1.995197 0.708200 -639.387900 126.767772
63.200000 1.999547 0.769781 -639.061320 128.764885
63.250000 1.991869 0.851961 -633.607002 131.270557
63.300000 2.006489 0.893081 -625.516113 144.975554
63.350000 2.017569 0.752511 -632.399096 142.347424
63.400000 1.993787 0.542534 -652.586241 113.028050
63.450000 1.992964 0.568398 -655.472327 109.825854
63.500000 2.004263 0.845757 -628.254106 141.382823
63.550000 1.992433 0.704180 -641.510357 123.584079
63.600000 2.008612 0.426698 -668.050870 103.256065
63.650000 1.995221 0.508250 -650.629446 115.535412
63.700000 2.002476 0.550363 -642.535420 126.415351
63.750000 1.995656 0.517513 -647.255292 119.076767
63.800000 1.990826 0.558529 -649.936017 114.541025
63.850000 1.997893 0.747118 -635.360201 131.830588
63.900000 2.006850 0.600712 -654.201942 116.428334
63.950000 1.995278 0.735630 -635.688831 130.497778
64.000000 2.003246 0.820589 -624.237664 145.008802
64.050000 1.984294 0.786300 -628.595856 133.372960
64.100000 2.005674 0.812577 -627.660863 142.518071
64.150000 2.012179 0.667316 -643.855097 128.821795
64.200000 1.978724 0.734840 -637.443070 122.386819
64.250000 2.008159 0.597723 -659.888836 111.244032
64.300000 2.002183 0.594752 -662.047319 106.790913
64.350000 1.997222 0.624475 -659.462592 107.470781
64.400000 2.012424 0.737779 -645.014087 127.756792
64.450000 1.991546 0.700988 -650.929792 113.823903
64.500000 1.999634 0.695544 -646.214722 121.644694
64.550000 2.001968 0.510351 -663.698405 105.057150
64.600000 2.009520 0.448122 -668.382324 103.273325
64.650000 1.985391 0.573276 -654.259684 108.130491
64.700000 1.996072 0.789357 -633.169499 133.322079
64.750000 2.006392 0.648137 -649.948095 120.506421
64.800000 1.988479 0.645721 -644.961116 118.614776
64.850000 2.011031 0.710567 -632.750215 139.485678
64.900000 1.988642 0.664393 -636.522208 127.116347
64.950000 1.993661 0.550929 -658.907489 106.658403
65.000000 2.020663 0.833756 -633.519373 142.415236
65.050000 1.991058 0.717843 -651.403544 113.162821
65.100000 2.009283 0.733759 -651.775349 119.789377
65.150000 2.002130 0.749957 -648.370502 120.447453
65.200000 2.005146 0.730284 -647.344962 122.631099
65.250000 1.995530 0.632637 -658.705793 107.577792
65.300000 1.993577 0.788160 -644.794661 120.738983
65.350000 2.008225 0.835714 -641.935733 129.222731
65.400000 1.993675 0.828673 -640.292912 125.278147
65.450000 2.008620 0.502421 -676.508687 94.801239
65.500000 1.998709 0.499782 -671.713939 95.790413
65.550000 2.000197 0.497308 -674.184108 93.891425
65.600000 1.998387 0.620326 -661.634933 105.745740
65.650000 1.996566 0.583462 -673.933883 92.747524
65.700000 1.999225 0.861874 -649.153579 118.548866
65.750000 1.998477 0.863651 -647.444294 119.970761
65.800000 1.994639 0.707148 -659.267988 106.673541
65.850000 2.005786 0.750387 -649.406158 120.815602
65.900000 2.004108 0.604000 -664.837230 104.740171
65.950000 2.004842 0.677650 -652.558951 117.300432
66.000000 1.993747 0.640713 -650.815512 114.783414
66.050000 2.009777 0.537983 -661.004642 110.749803
66.100000 2.002136 0.406458 -679.376588 89.443671
66.150000 1.991419 0.774360 -643.515476 121.189402
66.200000 2.004590 0.803712 -653.172220 116.590449
66.250000 1.991281 0.862930 -647.280804 117.371280
66.300000 2.015195 1.025915 -627.128990 146.705883
66.350000 1.998219 0.741902 -658.675940 108.640129
66.400000 1.998275 0.715691 -662.149791 105.187994
66.450000 1.979123 1.092260 -613.845991 146.137073
66.500000 2.005125 0.618155 -672.476345 97.491771
66.550000 2.000063 0.855272 -638.480833 129.543395
66.600000 2.001778 0.752776 -649.896758 118.785846
66.650000 2.010332 0.478626 -676.874732 95.092610
66.700000 1.999075 0.437401 -679.678660 87.966164
66.750000 2.010049 0.524281 -676.188351 95.670450
66.800000 1.987888 0.740622 -661.116654 102.232294
66.850000 1.999878 0.902130 -651.499303 116.454029
66.900000 1.998810 0.867894 -652.509841 115.033361
66.950000 2.009324 0.687702 -668.366952 103.213312
67.000000 1.996243 0.728546 -663.492051 103.065252
67.050000 1.998341 0.715189 -666.742209 100.620708
67.100000 1.995830 0.697836 -669.968879 96.429999
67.150000 1.994570 0.782371 -655.442738 110.472185
67.200000 2.000770 0.807298 -652.352258 115.943572
67.250000 2.007493 0.697983 -659.732739 111.144496
67.300000 1.995022 0.631218 -661.563812 104.524606
67.350000 1.999152 0.703719 -652.022188 115.652196
67.400000 2.000824 0.810436 -635.187310 133.129082
67.450000 2.001747 0.380572 -683.099449 85.571285
