# t Temp Pres Epot Etot
0.000000 1.984618 29.070159 -1399.514260 -637.420794
0.050000 2.032781 27.795980 -1454.111136 -673.523317
0.100000 1.973939 29.091916 -1393.620077 -635.627460
0.150000 1.977568 29.378332 -1380.324840 -620.938608
0.200000 2.003235 29.028695 -1401.166631 -631.924527
0.250000 2.008181 28.816063 -1406.821968 -635.680440
0.300000 1.986888 28.453002 -1421.663251 -658.698378
0.350000 1.989489 27.186030 -1484.268417 -720.304514
0.400000 2.011530 29.520080 -1376.638876 -604.211329
0.450000 2.016336 29.088513 -1398.206976 -623.933945
0.500000 1.991071 29.095896 -1394.801659 -630.230356
0.550000 1.997803 29.954392 -1354.426394 -587.269993
0.600000 1.989509 29.572530 -1374.408447 -610.437094
0.650000 2.009137 29.354125 -1381.878377 -610.369894
0.700000 2.024515 28.422279 -1426.837292 -649.423619
0.750000 1.998901 28.438227 -1422.650277 -655.072198
0.800000 2.014401 29.957420 -1354.407089 -580.877292
0.850000 1.980123 28.217143 -1432.557044 -672.189849
0.900000 1.989507 27.785756 -1451.854055 -687.883323
0.950000 1.994173 29.782640 -1360.263449 -594.501173
1.000000 2.007494 28.550118 -1422.101114 -651.223371
1.050000 1.969656 28.993650 -1396.636568 -640.288796
1.100000 2.013285 27.465928 -1466.556944 -693.455582
1.150000 1.980526 27.607613 -1460.435926 -699.913901
1.200000 2.000861 29.741005 -1365.848372 -597.517847
1.250000 1.996041 30.042980 -1351.913012 -585.433410
1.300000 2.017820 28.739977 -1410.537712 -635.694735
1.350000 1.984250 28.658408 -1413.809918 -651.857993
1.400000 2.000146 28.296396 -1429.139536 -661.083459
1.450000 1.981523 28.568001 -1417.563414 -656.658666
1.500000 2.003895 28.701611 -1412.161167 -642.665590
1.550000 2.021565 28.756576 -1410.414351 -634.133341
1.600000 1.986124 28.183792 -1436.023689 -673.352134
1.650000 2.011750 28.690142 -1410.908448 -638.396498
1.700000 2.002174 28.846278 -1407.923106 -639.088309
1.750000 2.008765 29.565979 -1373.043625 -601.678042
1.800000 1.994395 28.916733 -1402.863285 -637.015539
1.850000 1.953184 27.606261 -1460.390499 -710.367780
1.900000 2.021655 30.443886 -1335.181756 -558.866137
1.950000 2.007563 29.151600 -1391.985285 -621.081233
2.000000 2.044300 27.669350 -1460.808431 -675.797274
2.050000 1.984527 29.223686 -1386.822137 -624.763869
2.100000 2.035467 29.482111 -1377.871757 -596.252500
2.150000 2.016087 28.452949 -1424.262548 -650.085268
2.200000 2.002081 28.772390 -1406.153661 -637.354417
2.250000 2.011107 30.091850 -1351.658672 -579.393508
2.300000 2.014754 29.337089 -1387.812702 -614.146991
2.350000 1.977145 30.112347 -1344.931229 -585.707490
2.400000 1.999256 27.796217 -1450.152426 -682.437957
2.450000 1.985105 28.485254 -1417.541197 -655.260869
2.500000 1.981385 29.060186 -1395.914524 -635.062657
2.550000 1.992594 28.324254 -1427.220253 -662.064335
2.600000 2.015781 29.191694 -1392.802901 -618.742810
2.650000 1.987722 28.762598 -1408.929599 -645.644408
2.700000 2.023998 27.290526 -1475.024110 -697.808879
2.750000 1.994807 29.148722 -1391.714577 -625.708602
2.800000 2.002967 30.202634 -1345.676152 -576.536804
2.850000 1.967341 28.379304 -1424.454881 -668.995939
2.900000 2.015143 29.087313 -1394.353761 -620.538802
2.950000 2.003166 28.322526 -1429.157457 -659.941621
3.000000 2.003712 28.688970 -1412.738505 -643.313222
3.050000 1.984763 28.992432 -1395.971530 -633.822669
3.100000 2.024218 28.910505 -1404.090222 -626.790638
3.150000 1.972977 27.532648 -1462.702403 -705.079261
3.200000 2.020434 30.122536 -1347.875231 -572.028651
3.250000 1.968473 27.702043 -1458.107218 -702.213454
3.300000 2.017318 28.551673 -1419.786021 -645.135722
3.350000 1.970713 30.229405 -1342.122587 -585.368825
3.400000 2.026664 27.396249 -1470.773342 -692.534201
3.450000 2.000457 27.786309 -1453.005661 -684.830068
3.500000 1.991420 28.642265 -1414.858903 -650.153595
3.550000 2.023127 28.329644 -1426.035869 -649.155220
3.600000 2.013203 29.710044 -1363.421488 -590.351717
3.650000 1.960884 29.273047 -1383.338515 -630.359202
3.700000 2.036046 28.216530 -1434.209719 -652.367901
3.750000 2.011762 28.385206 -1426.570363 -654.053609
3.800000 2.037479 29.750506 -1364.972876 -582.580836
3.850000 1.989847 26.701221 -1501.185014 -737.083837
3.900000 1.970132 29.576036 -1371.344973 -614.814324
3.950000 2.008147 29.658644 -1370.209377 -599.080930
4.000000 2.038704 28.955732 -1402.389852 -619.527343
4.050000 1.971369 28.155416 -1435.192882 -678.187347
4.100000 1.963530 28.852052 -1404.082951 -650.087305
4.150000 2.025770 28.056763 -1441.388283 -663.492662
4.200000 1.993763 28.289061 -1431.026233 -665.421342
4.250000 1.986165 29.205070 -1387.383032 -624.695770
4.300000 2.003234 29.034512 -1397.784959 -628.543188
4.350000 1.986446 29.610340 -1368.328989 -605.533813
4.400000 2.027782 29.098277 -1396.322900 -617.654679
4.450000 1.989900 28.852914 -1400.602428 -636.480799
4.500000 2.008175 28.609710 -1415.417832 -644.278756
4.550000 1.994908 27.620323 -1460.414570 -694.369755
4.600000 1.963883 29.094610 -1394.959016 -640.827896
4.650000 2.007847 29.321358 -1384.681198 -613.668055
4.700000 1.990591 30.069435 -1352.591052 -588.203994
4.750000 2.021435 29.353891 -1386.401757 -610.170581
4.800000 2.014367 29.411999 -1379.953035 -606.435938
4.850000 1.998109 28.148048 -1436.110944 -668.837181
4.900000 1.954978 28.368849 -1426.876612 -676.165193
4.950000 1.993157 28.182252 -1436.849805 -671.477466
5.000000 2.006453 29.964676 -1354.639282 -584.161253
5.050000 1.978896 28.973270 -1398.525648 -638.629757
5.100000 1.975748 28.470345 -1423.176512 -664.489434
5.150000 2.009649 28.787054 -1411.082528 -639.377172
5.200000 2.037567 28.742186 -1409.432402 -627.006843
5.250000 1.982446 27.271359 -1476.899159 -715.639752
5.300000 1.999184 29.222252 -1390.007313 -622.320519
5.350000 1.993605 29.542463 -1370.626503 -605.082326
5.400000 1.975713 28.081513 -1439.271840 -680.598190
5.450000 2.012602 29.492779 -1378.992335 -606.153106
5.500000 1.999465 28.504633 -1421.824597 -654.029890
5.550000 1.973933 29.176500 -1394.744253 -636.753796
5.600000 2.023158 28.874576 -1407.495030 -630.602411
5.650000 2.017172 27.301919 -1474.969648 -700.375600
5.700000 1.970913 28.880256 -1400.156372 -643.325794
5.750000 2.015564 28.711975 -1413.502655 -639.526017
5.800000 2.014123 28.667289 -1413.702671 -640.279421
5.850000 1.991577 28.817546 -1404.855158 -640.089544
5.900000 2.039389 28.598810 -1420.444372 -637.318837
5.950000 1.987555 27.602318 -1460.310201 -697.089094
6.000000 2.032234 29.411431 -1379.765757 -599.387939
6.050000 2.014929 28.324642 -1431.610741 -657.878053
6.100000 2.022556 29.988781 -1355.396013 -578.734425
6.150000 2.034091 27.825915 -1452.975134 -671.884353
6.200000 1.965630 28.719430 -1407.761347 -652.959537
6.250000 1.969925 29.194076 -1389.408046 -632.956894
6.300000 2.027599 29.255974 -1386.523413 -607.925371
6.350000 1.966017 28.259002 -1431.965188 -677.014525
6.400000 2.011773 28.519881 -1422.466713 -649.945829
6.450000 1.977492 30.101739 -1347.197980 -587.841098
6.500000 2.012224 29.299069 -1384.268927 -611.575045
6.550000 2.012951 27.790030 -1454.987303 -682.014141
6.600000 1.974446 29.152917 -1387.777526 -629.590408
6.650000 2.016125 30.043701 -1354.457689 -580.265555
6.700000 1.999045 28.788488 -1408.354146 -640.720697
6.750000 1.975806 29.036478 -1394.114949 -635.405327
6.800000 2.040378 27.567223 -1465.354899 -681.849574
6.850000 1.969659 29.327510 -1381.924588 -625.575354
6.900000 2.010719 29.215321 -1390.900313 -618.784062
6.950000 1.999554 28.532758 -1419.631449 -651.802668
7.000000 1.996813 27.889679 -1446.898137 -680.122073
7.050000 1.983133 28.876394 -1406.429829 -644.906596
7.100000 2.023030 30.569093 -1331.095052 -554.251496
7.150000 1.991392 30.254823 -1339.452892 -574.758496
7.200000 1.998442 29.395932 -1382.471931 -615.070219
7.250000 1.988388 29.342634 -1383.199747 -619.658934
7.300000 1.991573 27.685309 -1457.592007 -692.828006
7.350000 1.967778 29.622443 -1371.463630 -615.836878
7.400000 2.008344 28.574126 -1417.949816 -646.745535
7.450000 2.007388 26.982419 -1490.227367 -719.390477
7.500000 2.041678 17.435339 -1535.084935 -751.080598
7.550000 2.003080 16.359421 -1582.372599 -813.189747
7.600000 1.983208 17.219183 -1540.963582 -779.411846
7.650000 1.978529 17.464195 -1533.872989 -774.117784
7.700000 2.013183 17.365607 -1537.481853 -764.419674
7.750000 1.998548 17.902127 -1512.251525 -744.809104
7.800000 1.983513 18.549835 -1479.248634 -717.579466
7.850000 2.009691 18.221626 -1493.377453 -721.655980
7.900000 2.033459 18.303928 -1488.815167 -707.966859
7.950000 2.006580 17.740661 -1517.992404 -747.465518
8.000000 2.023748 16.192594 -1593.963321 -816.844036
8.050000 1.995309 17.447584 -1530.433510 -764.234919
8.100000 1.986442 17.085044 -1548.768112 -785.974498
8.150000 2.020478 18.473916 -1485.089161 -709.225715
8.200000 2.025006 17.662809 -1520.781175 -743.178703
8.250000 1.980115 16.682460 -1567.196163 -806.832074
8.300000 2.006457 16.854330 -1558.075261 -787.595911
8.350000 1.956890 17.904115 -1509.495984 -758.050180
8.400000 1.985023 19.824684 -1419.649771 -657.401013
8.450000 2.039459 17.790909 -1519.503294 -736.351114
8.500000 1.990265 16.411143 -1580.169519 -815.907657
8.550000 1.987526 17.452537 -1529.960412 -766.750276
8.600000 2.017004 16.584992 -1571.682014 -797.152412
8.650000 1.985867 18.176086 -1497.876131 -735.303184
8.700000 2.005883 17.601171 -1523.826655 -753.567571
8.750000 1.989976 18.775808 -1466.100185 -701.949392
8.800000 2.007139 16.096091 -1596.550834 -825.809571
8.850000 1.995683 17.721701 -1519.916854 -753.574504
8.900000 1.986767 18.255351 -1491.708759 -728.790129
8.950000 2.029278 17.246739 -1544.176500 -764.933570
9.000000 1.974572 17.091973 -1551.071386 -792.835766
9.050000 2.017003 17.130680 -1547.089940 -772.560824
9.100000 2.010823 16.674905 -1570.218843 -798.062749
9.150000 1.966420 17.658262 -1518.317757 -763.212379
9.200000 2.013472 17.771164 -1518.697518 -745.524442
9.250000 2.004511 17.716480 -1520.689681 -750.957335
9.300000 1.990254 18.144449 -1496.717657 -732.460046
9.350000 1.995531 17.585464 -1521.704584 -755.420596
9.400000 2.030462 18.040667 -1506.213005 -726.515696
9.450000 2.000482 16.050383 -1601.332977 -833.147921
9.500000 2.002443 16.315646 -1588.131815 -819.193818
9.550000 1.988025 18.344516 -1488.128228 -724.726549
9.600000 2.002513 18.138452 -1499.540474 -730.575367
9.650000 1.999904 17.853030 -1511.520585 -743.557565
9.700000 2.009501 17.524210 -1524.721054 -753.072829
9.750000 1.994283 17.251420 -1537.391753 -771.587273
9.800000 2.002313 17.707888 -1516.948068 -748.059795
9.850000 1.977890 17.411198 -1530.347418 -770.837783
9.900000 1.979870 18.381723 -1485.365914 -725.095737
9.950000 2.012415 18.149667 -1500.494801 -727.727593
10.000000 2.026186 17.043928 -1551.973600 -773.918336
10.050000 1.999688 18.159069 -1500.387654 -732.507341
10.100000 1.974319 18.337070 -1490.383413 -732.244915
10.150000 2.012206 18.025060 -1507.682257 -734.995097
10.200000 1.981211 17.976368 -1506.918415 -746.133573
10.250000 2.019142 16.781755 -1566.126529 -790.776031
10.300000 2.012800 17.112632 -1545.881354 -772.966039
10.350000 1.988117 17.662803 -1517.707646 -754.270623
10.400000 1.979991 17.687970 -1518.545758 -758.229394
10.450000 1.988350 17.142531 -1542.681582 -779.155191
10.500000 2.012362 18.209238 -1497.088411 -724.341294
10.550000 1.989771 17.399052 -1534.920746 -770.848716
10.600000 2.000177 18.921390 -1467.165309 -699.097314
10.650000 2.002495 18.604705 -1472.947474 -703.989374
10.700000 1.973964 16.632217 -1567.907491 -809.905327
10.750000 1.999420 17.758723 -1518.598850 -750.821684
10.800000 2.001763 18.038601 -1501.642962 -732.966129
10.850000 1.988035 18.276270 -1495.749466 -732.344039
10.900000 1.975262 19.150546 -1453.547875 -695.047330
10.950000 2.003275 18.388621 -1484.630501 -715.372789
11.000000 2.010416 16.811898 -1561.200359 -789.200563
11.050000 1.981614 17.086115 -1547.569253 -786.629421
11.100000 1.996821 16.817025 -1561.740313 -794.961052
11.150000 1.982927 18.025461 -1508.434126 -746.990195
11.200000 2.018484 17.812573 -1517.453454 -742.355421
11.250000 1.970298 17.224711 -1539.693052 -783.098567
11.300000 2.015258 17.568191 -1529.052840 -755.193874
11.350000 1.978453 17.377853 -1531.332998 -771.607047
11.400000 1.986175 17.860344 -1508.900387 -746.209016
11.450000 1.975795 17.971165 -1505.128855 -746.423675
11.500000 1.996432 17.457815 -1532.581395 -765.951575
11.550000 2.001769 18.056672 -1506.170052 -737.490892
11.600000 2.014770 16.613488 -1573.499389 -799.827626
11.650000 1.970453 17.922227 -1505.966149 -749.312241
11.700000 2.001950 16.964730 -1555.351504 -786.602775
11.750000 1.999344 18.811295 -1467.134665 -699.386646
11.800000 1.998587 18.472479 -1486.830219 -719.372940
11.850000 2.008443 19.224672 -1448.419158 -677.176957
11.900000 2.003331 18.263572 -1493.403687 -724.124657
11.950000 1.978650 18.177713 -1499.813048 -740.011343
12.000000 2.006295 17.716490 -1522.322467 -751.905125
12.050000 2.010488 16.957173 -1554.636024 -782.608504
12.100000 1.992492 17.955550 -1507.080576 -741.963666
12.150000 2.023068 17.107645 -1550.225837 -773.367635
12.200000 1.969695 18.906141 -1460.353515 -703.990578
12.250000 2.005460 17.277077 -1543.444542 -773.347865
12.300000 2.015806 17.411953 -1535.337774 -761.268229
12.350000 1.996945 17.926456 -1506.656310 -739.829593
12.400000 1.971402 18.355150 -1485.841977 -728.823530
12.450000 2.012635 17.889582 -1510.133079 -737.281170
12.500000 2.007929 17.783061 -1518.568126 -747.523225
12.550000 2.000908 16.954044 -1553.396519 -785.047833
12.600000 1.981855 17.891079 -1506.600975 -745.568513
12.650000 2.015024 18.974815 -1456.012440 -682.243290
12.700000 2.019581 17.833665 -1511.174025 -735.654923
12.750000 1.993820 18.389183 -1486.942013 -721.315273
12.800000 2.002950 17.543487 -1527.408102 -758.275220
12.850000 2.013643 16.933970 -1553.675196 -780.436376
12.900000 1.985684 17.500317 -1526.653743 -764.150956
12.950000 1.990398 16.159169 -1593.733202 -829.420402
13.000000 1.993423 17.307170 -1543.897213 -778.422921
13.050000 2.007547 18.543928 -1480.829647 -709.931408
13.100000 2.015490 18.150362 -1496.821811 -722.873675
13.150000 1.957958 16.144537 -1589.137610 -837.281662
13.200000 1.991230 18.310365 -1488.401879 -723.769603
13.250000 1.996960 18.830185 -1465.231021 -698.398543
13.300000 2.016069 18.753797 -1470.555288 -696.384895
13.350000 2.010280 17.324217 -1539.008481 -767.060897
13.400000 2.026810 17.907282 -1512.443943 -734.148841
13.450000 2.029598 17.452428 -1533.210865 -753.845246
13.500000 1.987760 17.765420 -1511.145050 -747.845190
13.550000 2.029654 16.548169 -1572.081423 -792.694102
13.600000 1.979931 17.037223 -1549.696506 -789.402836
13.650000 1.981370 17.718249 -1520.835613 -759.989408
13.700000 2.011814 17.685708 -1518.083920 -745.547430
13.750000 1.954008 17.225752 -1541.043431 -790.704185
13.800000 2.020303 18.773082 -1473.460506 -697.664222
13.850000 2.006951 17.193965 -1547.297852 -776.628844
13.900000 1.972986 17.790761 -1516.157138 -758.530500
13.950000 2.028337 17.578183 -1526.313961 -747.432610
14.000000 1.964122 17.951356 -1503.475382 -749.252383
14.050000 1.971185 19.171107 -1449.520333 -692.585353
14.100000 2.015881 18.539366 -1483.690906 -709.592509
14.150000 2.011347 17.735342 -1518.781154 -746.423991
14.200000 1.978144 18.977052 -1458.939381 -699.332223
14.250000 2.008127 17.977158 -1512.042747 -740.921813
14.300000 1.985874 18.084393 -1504.623289 -742.047695
14.350000 1.987213 19.718202 -1426.931717 -663.842068
14.400000 2.020491 17.683830 -1525.266862 -749.398169
14.450000 2.009006 16.441925 -1580.899478 -809.441021
14.500000 1.998817 17.933972 -1507.624888 -740.079011
14.550000 1.996991 16.403397 -1582.274431 -815.429956
14.600000 1.987757 17.563345 -1528.769277 -765.470657
14.650000 1.942770 18.197830 -1494.300557 -748.276740
14.700000 2.017783 18.718677 -1474.115395 -699.286867
14.750000 2.017046 18.092596 -1499.963163 -725.417592
14.800000 1.975024 17.262622 -1537.091335 -778.682276
14.850000 1.991766 18.361804 -1490.027646 -725.189371
14.900000 1.993335 17.743911 -1516.843345 -751.402892
14.950000 2.000365 17.857031 -1508.036727 -739.896749
15.000000 2.020029 13.098687 -1398.311554 -622.620610
15.050000 2.018900 12.555434 -1422.932766 -647.675175
15.100000 1.991155 13.152163 -1388.110783 -623.507366
15.150000 1.999815 14.015627 -1342.663703 -574.734706
15.200000 1.971497 13.537149 -1375.703256 -618.648422
15.250000 1.975560 14.963886 -1306.699077 -548.084111
15.300000 2.019286 13.064933 -1403.773784 -628.367982
15.350000 1.996705 13.299264 -1384.171866 -617.437169
15.400000 1.965500 13.987582 -1344.232700 -589.480825
15.450000 2.022459 13.556608 -1369.903381 -593.279203
15.500000 2.001049 14.102614 -1342.928058 -574.525132
15.550000 2.010745 13.383624 -1380.809122 -608.683050
15.600000 1.992196 13.849811 -1360.895480 -595.892134
15.650000 2.026280 14.276534 -1348.485559 -570.393877
15.700000 1.990779 14.497390 -1335.390818 -570.931695
15.750000 2.026408 13.145519 -1398.976549 -620.835942
15.800000 1.984890 14.257928 -1334.170983 -571.973123
15.850000 1.984837 14.308712 -1334.452303 -572.275034
15.900000 2.013645 14.543282 -1328.243485 -555.003737
15.950000 1.960956 14.675577 -1318.325778 -565.318603
16.000000 1.991759 14.271053 -1337.440753 -572.605186
16.050000 2.030182 13.701319 -1367.136535 -587.546582
16.100000 1.983858 15.098719 -1298.043841 -536.242301
16.150000 2.026635 14.581472 -1327.078091 -548.850161
16.200000 1.983981 15.344317 -1285.007530 -523.158992
16.250000 1.982437 15.101676 -1299.098211 -537.842291
16.300000 1.992326 14.256295 -1341.847559 -576.794541
16.350000 1.992159 14.342669 -1340.710498 -575.721519
16.400000 2.009574 15.265057 -1288.988673 -517.312417
16.450000 1.999139 13.337209 -1381.899993 -614.230785
16.500000 1.975099 14.688144 -1315.728758 -557.290605
16.550000 2.004532 14.455904 -1333.099073 -563.358913
16.600000 1.996430 15.499692 -1275.223292 -508.594332
16.650000 1.967029 15.169200 -1290.278030 -534.938892
16.700000 1.985230 15.721269 -1265.239955 -502.911490
16.750000 2.007851 15.944979 -1253.987682 -482.972823
16.800000 1.987112 15.595580 -1269.426682 -506.375618
16.850000 1.996494 14.880738 -1309.013719 -542.360168
16.900000 1.997844 13.710109 -1371.991127 -604.818930
16.950000 1.961208 15.292981 -1288.921106 -535.817084
17.000000 1.997647 15.733124 -1269.066170 -501.969531
17.050000 1.995542 15.520811 -1274.052775 -507.764650
17.100000 1.997764 15.160013 -1290.336523 -523.195115
17.150000 2.020572 15.677558 -1264.890630 -488.991118
17.200000 1.971104 16.581444 -1220.860304 -463.956223
17.250000 2.004854 15.332899 -1289.198421 -519.334658
17.300000 2.019793 15.191367 -1296.784016 -521.183512
17.350000 2.031967 15.353828 -1283.564179 -503.288928
17.400000 1.948131 15.795237 -1254.406944 -506.324712
17.450000 2.038577 15.859424 -1262.145841 -479.332354
17.500000 1.972783 14.068744 -1349.983721 -592.434899
17.550000 2.003947 14.857736 -1311.303637 -541.788162
17.600000 2.008667 15.062678 -1301.293657 -529.965550
17.650000 1.987545 15.575380 -1276.324007 -513.106561
17.700000 1.956314 17.091481 -1200.618423 -449.393684
17.750000 2.004879 16.118017 -1244.145578 -474.271956
17.800000 1.974982 14.729652 -1311.249201 -552.856090
17.850000 1.985254 14.749365 -1310.002394 -547.664675
17.900000 1.998081 14.208576 -1343.443329 -576.180349
17.950000 2.000299 15.068501 -1297.250450 -529.135451
18.000000 2.009964 14.689887 -1322.293413 -550.467199
18.050000 2.009874 15.354775 -1294.785383 -522.993850
18.100000 2.012912 15.525099 -1282.184002 -509.225968
18.150000 2.015762 13.994111 -1361.899845 -587.847172
18.200000 2.009939 13.753736 -1369.382447 -597.565865
18.250000 1.986135 13.999094 -1358.545413 -595.869587
18.300000 2.006112 15.900022 -1264.197602 -493.850643
18.350000 2.021546 16.410732 -1241.326760 -465.053279
18.400000 2.022815 14.591202 -1332.704693 -555.943795
18.450000 2.010111 13.681880 -1370.878285 -598.995632
18.500000 1.980004 14.702610 -1315.431294 -555.109585
18.550000 2.005551 15.747962 -1262.644207 -492.512441
18.600000 1.987699 14.795114 -1318.702367 -555.425906
18.650000 2.010842 15.795770 -1263.229341 -491.066062
18.700000 2.000707 16.437401 -1229.839957 -461.568520
18.750000 1.999366 15.455421 -1289.923950 -522.167598
18.800000 2.008333 16.261000 -1246.404320 -475.204336
18.850000 1.994650 15.962725 -1257.115850 -491.170180
18.900000 2.013266 15.544955 -1278.417395 -505.323406
18.950000 2.010459 15.122416 -1299.788581 -527.772141
19.000000 1.954727 16.467645 -1229.537448 -478.922094
19.050000 1.977084 16.168443 -1245.703077 -486.502813
19.100000 1.998654 16.644075 -1224.134481 -456.651178
19.150000 2.012131 16.145310 -1248.133266 -475.475111
19.200000 1.971314 15.938240 -1258.937477 -501.953032
19.250000 2.043692 14.898437 -1309.717616 -524.939824
19.300000 1.993928 14.148569 -1343.209246 -577.540825
19.350000 1.994290 14.777684 -1317.098605 -551.291164
19.400000 1.986999 16.104385 -1243.955010 -480.947365
19.450000 2.005179 15.372547 -1280.417767 -510.428887
19.500000 2.039378 14.862168 -1312.868268 -529.746954
19.550000 1.970800 14.945503 -1303.578211 -546.790912
19.600000 2.002617 15.737043 -1258.658818 -489.653926
19.650000 1.989339 14.652067 -1318.089231 -554.183027
19.700000 1.996386 15.449409 -1275.703622 -509.091584
19.750000 1.997092 15.325054 -1286.161761 -519.278443
19.800000 1.999178 14.830346 -1310.166044 -542.481680
19.850000 1.946330 15.094795 -1294.733143 -547.342381
19.900000 2.004609 15.636493 -1265.728873 -495.958885
19.950000 1.980218 14.843449 -1303.356228 -542.952564
20.000000 1.990849 15.569252 -1266.319681 -501.833588
20.050000 2.008395 14.841039 -1308.940181 -537.716622
20.100000 1.990503 15.428135 -1280.735887 -516.382887
20.150000 2.007226 15.397784 -1290.755930 -519.981305
20.200000 2.017977 16.251900 -1241.888560 -466.985365
20.250000 2.013407 15.545358 -1279.176168 -506.027964
20.300000 1.998798 14.982435 -1302.155174 -534.616607
20.350000 1.980022 15.510161 -1275.427960 -515.099474
20.400000 2.023977 15.769815 -1265.418236 -488.211214
20.450000 1.991458 16.028502 -1249.360861 -484.641052
20.500000 2.021579 15.095486 -1298.916283 -522.629923
20.550000 2.009348 14.485269 -1328.644748 -557.055224
20.600000 2.017677 14.842699 -1312.336457 -537.548523
20.650000 2.014525 14.833904 -1312.042043 -538.464434
20.700000 2.015302 14.295829 -1338.490514 -564.614562
20.750000 1.991778 15.038889 -1300.933718 -536.091123
20.800000 2.008130 15.155736 -1296.880201 -525.758334
20.850000 1.986973 15.303576 -1286.450702 -523.453190
20.900000 1.994251 15.187663 -1291.502531 -525.710069
20.950000 2.010966 14.727456 -1321.804400 -549.593329
21.000000 2.021072 15.261733 -1294.032881 -517.941359
21.050000 2.017851 15.281065 -1292.774438 -517.919513
21.100000 1.982118 15.599720 -1270.378585 -509.245305
21.150000 1.975439 15.531460 -1276.542065 -517.973456
21.200000 2.000546 16.227810 -1243.000827 -474.791016
21.250000 2.014568 15.021542 -1310.076243 -536.482080
21.300000 2.012528 15.192756 -1296.735038 -523.924186
21.350000 1.991483 15.287405 -1291.282053 -526.552439
21.400000 1.973734 16.077800 -1250.206479 -492.292662
21.450000 2.025209 16.419847 -1234.835539 -457.155295
21.500000 1.959485 15.958424 -1254.377704 -501.935279
21.550000 2.030635 14.828256 -1319.274007 -539.509978
21.600000 1.959879 15.318770 -1289.167982 -536.574441
21.650000 1.984483 15.991307 -1253.709249 -491.667620
21.700000 1.965599 16.207022 -1238.940720 -484.150704
21.750000 1.995705 16.184910 -1241.011048 -474.660230
21.800000 2.008460 14.896029 -1308.697920 -537.449386
21.850000 2.008048 14.130194 -1351.313414 -580.222960
21.900000 1.990178 16.286161 -1231.814576 -467.586165
21.950000 2.012930 15.009200 -1298.485712 -525.520503
22.000000 1.965752 15.716261 -1259.951744 -505.102852
22.050000 1.996662 15.176697 -1288.190090 -521.472033
22.100000 1.991954 15.409885 -1277.728873 -512.818643
22.150000 1.982041 16.349691 -1229.736368 -468.632777
22.200000 1.981296 16.598103 -1214.747180 -453.929667
22.250000 2.021765 15.320928 -1284.771982 -508.414158
22.300000 1.971572 16.523628 -1219.431673 -462.348039
22.350000 2.004175 15.678226 -1271.010934 -501.407687
22.400000 1.987642 15.734334 -1264.598385 -501.344045
22.450000 2.009036 14.362484 -1330.967560 -559.497738
22.500000 2.001253 7.743343 -1366.590718 -598.109535
22.550000 2.000331 8.409069 -1333.417153 -565.290064
22.600000 2.017363 9.432461 -1280.180674 -505.513439
22.650000 1.992122 9.630123 -1264.260515 -499.285593
22.700000 2.001815 9.443172 -1271.959878 -503.262807
22.750000 1.967928 9.604941 -1257.799502 -502.115280
22.800000 2.001162 9.095405 -1292.274519 -523.828374
22.850000 1.980392 9.127986 -1288.608565 -528.137896
22.900000 1.989101 9.740476 -1256.151387 -492.336783
22.950000 2.005859 9.433284 -1278.528070 -508.278077
23.000000 1.976919 9.711774 -1255.502981 -496.366071
23.050000 2.001387 9.894869 -1249.815754 -481.283093
23.100000 2.017804 9.651092 -1257.910012 -483.073342
23.150000 1.996565 8.570067 -1306.145371 -539.464261
23.200000 2.005869 9.512460 -1254.395817 -484.142276
23.250000 1.999625 8.452816 -1319.611786 -551.755798
23.300000 2.000588 8.965333 -1292.443325 -524.217667
23.350000 2.004243 8.255693 -1339.421810 -569.792544
23.400000 2.012859 9.228007 -1288.907519 -515.969482
23.450000 2.003480 8.740146 -1318.780424 -549.443949
23.500000 2.002508 9.142339 -1286.415477 -517.452472
23.550000 2.010563 9.770656 -1252.695940 -480.639895
23.600000 1.991203 9.691238 -1261.245954 -496.623948
23.650000 1.997480 9.339319 -1282.517540 -515.485359
23.700000 2.009611 9.717025 -1259.468877 -487.778263
23.750000 1.988584 9.600883 -1263.567730 -499.951311
23.800000 1.981678 9.385736 -1273.833050 -512.868630
23.850000 2.012216 9.407888 -1278.445213 -505.754407
23.900000 2.006049 9.653655 -1265.496706 -495.173842
23.950000 2.001960 9.595874 -1260.711056 -491.958419
24.000000 1.985430 9.050518 -1286.853286 -524.448321
24.050000 2.034451 8.647202 -1311.445746 -530.216533
24.100000 1.968509 9.669311 -1252.095578 -496.188242
24.150000 2.001935 9.387005 -1278.797880 -510.054981
24.200000 1.986157 10.589249 -1200.679576 -437.995114
24.250000 2.012615 9.207257 -1284.198524 -511.354272
24.300000 2.020444 8.637016 -1317.917999 -542.067524
24.350000 1.980600 9.299379 -1274.525470 -513.975201
24.400000 1.970449 9.175330 -1285.385832 -528.733432
24.450000 2.001084 9.495658 -1273.438504 -505.022291
24.500000 2.004231 9.415985 -1279.297668 -509.672781
24.550000 2.020002 10.592848 -1210.023767 -434.343178
24.600000 1.971669 10.170163 -1233.214023 -476.093094
24.650000 2.032613 8.736413 -1318.265615 -537.742260
24.700000 1.974713 9.066947 -1300.620581 -542.330843
24.750000 2.012870 9.520818 -1270.825813 -497.883897
24.800000 2.004460 9.528079 -1263.749028 -494.036434
24.850000 2.001997 8.424202 -1322.906278 -554.139533
24.900000 2.005210 8.921619 -1295.697806 -525.697146
24.950000 1.990078 9.641729 -1256.491314 -492.301546
25.000000 2.030038 8.630676 -1317.707367 -538.172769
25.050000 1.992399 8.829507 -1306.711678 -541.630287
25.100000 2.013818 9.661685 -1261.357232 -488.051116
25.150000 1.996301 9.587368 -1269.564845 -502.985444
25.200000 2.014492 10.037063 -1244.401986 -470.837218
25.250000 1.998573 10.466385 -1216.249202 -448.797040
25.300000 2.003926 8.820748 -1316.032420 -546.524696
25.350000 1.998452 9.663938 -1265.421825 -498.016347
25.400000 2.015403 8.847689 -1318.468962 -544.554151
25.450000 2.001402 9.759934 -1261.347749 -492.809488
25.500000 1.997341 9.422998 -1282.477907 -515.498807
25.550000 2.007351 9.183448 -1292.540158 -521.717566
25.600000 1.979282 10.658343 -1205.695111 -445.650637
25.650000 2.007253 9.738970 -1258.411996 -487.626760
25.700000 2.003857 9.047659 -1280.630503 -511.149543
25.750000 1.988500 8.656683 -1304.002430 -540.418593
25.800000 1.999360 8.860986 -1299.123033 -531.368906
25.850000 2.005911 7.886908 -1350.003257 -579.733541
25.900000 1.986168 8.260441 -1328.691108 -566.002625
25.950000 1.988832 9.004894 -1294.751466 -531.040141
26.000000 2.037868 10.037991 -1240.625024 -458.083574
26.050000 1.997015 9.942174 -1248.901918 -482.048253
26.100000 2.021657 8.755661 -1315.575040 -539.258774
26.150000 2.002115 8.419293 -1330.851072 -562.038966
26.200000 1.970925 9.534950 -1266.327998 -509.492771
26.250000 2.000154 8.694613 -1319.188113 -551.129082
26.300000 1.981078 9.197235 -1294.065898 -533.331929
26.350000 2.033723 9.319193 -1290.001240 -509.051543
26.400000 1.993183 9.013554 -1300.650880 -535.268669
26.450000 1.993320 9.557400 -1265.613278 -500.178431
26.500000 2.000073 8.370228 -1331.090899 -563.062830
26.550000 2.016017 9.047341 -1285.057467 -510.907124
26.600000 1.969821 9.118748 -1277.722860 -521.311479
26.650000 1.991895 9.377150 -1275.456422 -510.568736
26.700000 2.006513 8.763488 -1307.126175 -536.625013
26.750000 1.988354 9.064622 -1292.684910 -529.157052
26.800000 2.000523 9.739006 -1254.401212 -486.200444
26.850000 1.981190 8.984552 -1302.631046 -541.854263
26.900000 2.015240 9.441530 -1273.739863 -499.887719
26.950000 1.977301 9.277473 -1288.695184 -529.411550
27.000000 1.990667 9.558094 -1274.623711 -510.207393
27.050000 2.007834 9.946728 -1249.397414 -478.389329
27.100000 1.969935 9.646718 -1261.679543 -505.224394
27.150000 2.013756 9.320961 -1279.804009 -506.521535
27.200000 1.995796 8.866788 -1302.287858 -535.902324
27.250000 2.017384 8.847868 -1305.338924 -530.663439
27.300000 1.987072 9.966461 -1244.136145 -481.100556
27.350000 1.996268 9.334085 -1283.135247 -516.568407
27.400000 2.003801 9.236433 -1292.278345 -522.818582
27.450000 2.029848 8.989967 -1296.615689 -517.154114
27.500000 1.994390 9.103736 -1287.454449 -521.608765
27.550000 2.000431 8.011816 -1354.118094 -585.952584
27.600000 1.992338 9.512785 -1265.534359 -500.476524
27.650000 1.989300 9.776942 -1256.427799 -492.536669
27.700000 1.998689 9.270003 -1285.835396 -518.338694
27.750000 2.000792 9.773043 -1251.321980 -483.017857
27.800000 2.017353 9.272263 -1281.579506 -506.916043
27.850000 2.014604 9.263222 -1284.937881 -511.330026
27.900000 2.000202 9.734203 -1255.920390 -487.842762
27.950000 1.985751 8.526373 -1320.813735 -558.285476
28.000000 1.991880 9.340121 -1274.746557 -509.864471
28.050000 2.018329 8.946762 -1301.992012 -526.953501
28.100000 1.997710 9.124798 -1288.727939 -521.607169
28.150000 1.963963 9.739444 -1248.037452 -493.875473
28.200000 2.013014 9.857306 -1245.466601 -472.469410
28.250000 2.006719 8.543650 -1315.886763 -545.306823
28.300000 1.992464 9.194187 -1274.599686 -509.493438
28.350000 1.991022 8.978601 -1295.276623 -530.724232
28.400000 1.986338 8.978284 -1299.990237 -537.236568
28.450000 2.002917 8.555507 -1322.251472 -553.131239
28.500000 1.992506 8.076162 -1342.440413 -577.317999
28.550000 1.971722 7.741637 -1355.457329 -598.316199
28.600000 1.983260 8.102159 -1345.119460 -583.547542
28.650000 2.003049 8.940353 -1299.700913 -530.530243
28.700000 2.012350 8.842877 -1299.020654 -526.278124
28.750000 1.992442 8.550075 -1312.395046 -547.297362
28.800000 1.999038 9.500423 -1267.261816 -499.631359
28.850000 1.982555 9.658909 -1257.418307 -496.117087
28.900000 2.007577 9.091104 -1282.272919 -511.363389
28.950000 2.004096 8.586193 -1309.701237 -540.128377
29.000000 2.004499 9.185083 -1276.657460 -506.930027
29.050000 1.985414 9.172244 -1278.092943 -515.693802
29.100000 1.993609 9.222711 -1283.554575 -518.008849
29.150000 2.013363 9.337599 -1275.543691 -502.412124
29.200000 2.013665 8.414468 -1321.995821 -548.748401
29.250000 1.965741 8.070723 -1345.702338 -590.857967
29.300000 2.027486 9.413813 -1271.001398 -492.446879
29.350000 1.992471 9.077655 -1285.667705 -520.558950
29.400000 2.008708 8.813596 -1294.368268 -523.024478
29.450000 1.995255 7.811431 -1353.983206 -587.805373
29.500000 1.978415 9.167564 -1278.963844 -519.252675
29.550000 2.011837 8.733277 -1307.255513 -534.710197
29.600000 2.016477 9.440999 -1265.856347 -491.529008
29.650000 1.993769 8.999460 -1292.228196 -526.620960
29.700000 1.972315 9.596764 -1255.173124 -497.804319
29.750000 2.019594 9.033720 -1289.774562 -514.250454
29.800000 2.006237 8.463921 -1316.710447 -546.315477
29.850000 1.990470 8.051589 -1338.676442 -574.336096
29.900000 1.998468 9.899058 -1235.363097 -467.951445
29.950000 2.003891 8.810357 -1303.184320 -533.690256
30.000000 1.989931 5.077129 -1230.109443 -465.975792
30.050000 2.005507 4.455237 -1266.199171 -496.084558
30.100000 1.998959 4.402301 -1264.283972 -496.683833
30.150000 1.977377 4.972200 -1230.876133 -471.563553
30.200000 1.992165 5.608319 -1192.619401 -427.627991
30.250000 1.979435 5.311923 -1211.282186 -451.179248
30.300000 1.991978 5.520906 -1192.947788 -428.028127
30.350000 2.005892 4.767665 -1244.501591 -474.239232
30.400000 1.979044 4.899944 -1239.285497 -479.332567
30.450000 1.965229 6.079427 -1173.568613 -418.920676
30.500000 2.002467 7.056887 -1116.481560 -347.534271
30.550000 1.999541 5.249536 -1226.357772 -458.533977
30.600000 2.005913 6.024050 -1163.006101 -392.735368
30.650000 2.000311 5.213301 -1215.328575 -447.209170
30.700000 1.992754 5.975589 -1173.129143 -407.911721
30.750000 2.016318 5.771163 -1188.432942 -414.166857
30.800000 2.014100 5.590305 -1205.898213 -432.483835
30.850000 2.016783 5.675584 -1202.065988 -427.621284
30.900000 1.983051 5.546340 -1205.581065 -444.089458
30.950000 2.018990 5.438032 -1205.209891 -429.917817
31.000000 2.016801 5.706492 -1182.059993 -407.608421
31.050000 2.015887 5.211654 -1220.282247 -446.181567
31.100000 1.988386 4.701270 -1249.927693 -486.387339
31.150000 1.981717 5.791682 -1183.120540 -422.141394
31.200000 2.026402 5.772348 -1187.006336 -408.867893
31.250000 2.000451 4.699643 -1255.195193 -487.021900
31.300000 2.006326 5.292882 -1219.765604 -449.336602
31.350000 2.001197 5.542751 -1203.976346 -435.516550
31.400000 2.004283 5.850127 -1186.033096 -416.388492
31.450000 1.995882 5.911696 -1184.288909 -417.870251
31.500000 2.017229 5.125367 -1230.698519 -456.082670
31.550000 1.990543 4.615091 -1258.070087 -493.701414
31.600000 2.000142 6.028501 -1164.811700 -396.757329
31.650000 2.015904 5.180353 -1218.565713 -444.458674
31.700000 2.000524 4.895711 -1240.781306 -472.579904
31.750000 2.015277 5.399368 -1211.676498 -437.810030
31.800000 1.990155 5.132009 -1230.541467 -466.322098
31.850000 1.994979 4.989284 -1233.426497 -467.354618
31.900000 1.993939 5.540486 -1198.535407 -432.862652
31.950000 2.005835 5.183034 -1223.115577 -452.874976
32.000000 1.999369 4.853136 -1244.234508 -476.476863
32.050000 1.989213 4.758102 -1251.357107 -487.499163
32.100000 2.007145 5.269675 -1217.331503 -446.587865
32.150000 2.007221 4.764478 -1251.718549 -480.945876
32.200000 1.985472 5.007851 -1233.727395 -471.306163
32.250000 2.000998 5.521548 -1200.425610 -432.042506
32.300000 2.026642 4.784488 -1246.497993 -468.267377
32.350000 1.955212 5.842734 -1171.279110 -420.477513
32.400000 2.000442 4.523440 -1267.626679 -499.456962
32.450000 1.998489 5.075004 -1234.632513 -467.212585
32.500000 2.021653 5.875237 -1183.183645 -406.868964
32.550000 2.013474 4.986445 -1236.013615 -462.839594
32.600000 1.980052 5.759853 -1191.901455 -431.561633
32.650000 2.011648 5.317528 -1220.227323 -447.754407
32.700000 2.003415 5.491651 -1199.139087 -429.827720
32.750000 2.001893 4.751269 -1246.223017 -477.496083
32.800000 2.007205 5.604896 -1194.356353 -423.589733
32.850000 2.010569 4.762952 -1245.909132 -473.850508
32.900000 1.985041 4.327902 -1268.034004 -505.778360
32.950000 1.992735 5.500315 -1190.484282 -425.274214
33.000000 2.008693 5.490228 -1198.603971 -427.265985
33.050000 2.002009 5.146202 -1223.812549 -455.041054
33.100000 1.974676 5.594457 -1203.916563 -445.640901
33.150000 2.010185 6.081148 -1176.145858 -404.234917
33.200000 2.008838 5.199201 -1223.614807 -452.221148
33.250000 2.001304 5.218638 -1219.881670 -451.380880
33.300000 1.999067 5.146614 -1229.265699 -461.623881
33.350000 1.982918 5.947135 -1180.812856 -419.372310
33.400000 1.988500 5.181054 -1226.954122 -463.370115
33.450000 1.994134 5.065960 -1234.204041 -468.456541
33.500000 2.005486 5.566033 -1205.099506 -434.992711
33.550000 1.989902 5.512914 -1204.131159 -440.008913
33.600000 2.000915 5.276088 -1215.815178 -447.463891
33.650000 1.980076 5.255727 -1217.292626 -456.943471
33.700000 1.993917 5.514936 -1201.325251 -435.660960
33.750000 1.999655 5.868910 -1173.755438 -405.887808
33.800000 2.007811 4.707395 -1250.775223 -479.775720
33.850000 1.996821 5.598628 -1192.871889 -426.092567
33.900000 2.016861 5.310072 -1210.954713 -436.480022
33.950000 1.988298 4.804806 -1242.932428 -479.426021
34.000000 1.980991 5.642507 -1197.937396 -437.237038
34.050000 2.030021 5.310213 -1218.834850 -439.306670
34.100000 1.976107 5.133612 -1225.466818 -466.641877
34.150000 1.990120 6.091416 -1161.313161 -397.107265
34.200000 2.003495 5.746243 -1189.334222 -419.992033
34.250000 1.983050 5.585218 -1195.571450 -434.080111
34.300000 2.000464 5.842692 -1180.123252 -411.944948
34.350000 2.002957 5.127843 -1235.546826 -466.411377
34.400000 2.005619 5.440652 -1221.052459 -450.894822
34.450000 1.999051 6.057018 -1179.273575 -411.638160
34.500000 1.992546 5.247602 -1228.884979 -463.747245
34.550000 2.000329 5.937255 -1186.785364 -418.659023
34.600000 2.009683 5.360659 -1219.280539 -447.562085
34.650000 2.008199 4.802158 -1248.168376 -477.019953
34.700000 1.992975 4.653089 -1259.898629 -494.596357
34.750000 1.975926 5.497855 -1198.983946 -440.228393
34.800000 1.983954 5.280628 -1211.266618 -449.428336
34.850000 2.003732 5.502456 -1199.149091 -429.715924
34.900000 2.029724 4.997435 -1227.379908 -447.965755
34.950000 1.988268 5.078027 -1213.309199 -449.814281
35.000000 1.994472 4.561314 -1254.298400 -488.421341
35.050000 1.973907 5.644777 -1190.011990 -432.031882
35.100000 1.996170 5.889475 -1181.513007 -414.983876
35.150000 2.004473 5.033651 -1231.899653 -462.182045
35.200000 1.988035 5.436206 -1205.716665 -442.311291
35.250000 1.996317 5.197160 -1228.575766 -461.990058
35.300000 2.002929 5.895958 -1182.515013 -413.390307
35.350000 1.986175 5.087514 -1232.417711 -469.726327
35.400000 1.988786 5.818545 -1192.040938 -428.347200
35.450000 1.990938 5.550443 -1206.471961 -441.951627
35.500000 2.000658 5.955760 -1176.674394 -408.421666
35.550000 1.986319 5.668147 -1191.355064 -428.608507
35.600000 2.013366 4.662977 -1252.922674 -479.790285
35.650000 1.970743 4.804306 -1236.821012 -480.055687
35.700000 2.022419 5.146967 -1216.761695 -440.152723
35.750000 2.000804 5.586075 -1188.635754 -420.327099
35.800000 1.989858 5.258518 -1209.507211 -445.401804
35.850000 1.990283 5.051060 -1224.614485 -460.345819
35.900000 2.020425 5.943070 -1170.510513 -394.667499
35.950000 1.994743 4.795789 -1250.356982 -484.375724
36.000000 2.005714 5.624739 -1202.469617 -432.275279
36.050000 1.999940 4.912542 -1243.673891 -475.696836
36.100000 2.014942 5.058474 -1229.564996 -455.827433
36.150000 2.001452 4.658546 -1253.594748 -485.037032
36.200000 2.016612 4.392076 -1273.521266 -499.142101
36.250000 1.982364 5.029658 -1238.770209 -477.542348
36.300000 2.001078 5.907236 -1189.288875 -420.875010
36.350000 1.991973 5.798605 -1194.601579 -429.683774
36.400000 2.012611 5.504778 -1205.842052 -432.999610
36.450000 1.983937 5.430267 -1206.037154 -444.205209
36.500000 1.993212 5.510243 -1194.159137 -428.765636
36.550000 1.983981 5.461948 -1204.645917 -442.797280
36.600000 2.039558 5.514887 -1203.582792 -420.392393
36.650000 2.007354 4.737059 -1245.757082 -474.933010
36.700000 1.992025 4.632138 -1259.990660 -495.052939
36.750000 1.984444 5.192286 -1235.677177 -473.650519
36.800000 2.025882 5.888729 -1195.546080 -417.607482
36.850000 2.009729 5.389674 -1219.973606 -448.237822
36.900000 1.998479 5.138087 -1228.952171 -461.536238
36.950000 2.008009 4.870530 -1246.326034 -475.250530
37.000000 1.998758 5.765613 -1193.032247 -425.509307
37.050000 2.014179 5.574799 -1207.554678 -434.110117
37.100000 2.001828 4.795047 -1254.063518 -485.361604
37.150000 2.000077 5.189067 -1219.970677 -451.940970
37.200000 1.998359 4.690077 -1251.270942 -483.901203
37.250000 1.993179 5.104880 -1228.388839 -463.008146
37.300000 1.985227 5.315383 -1217.067391 -454.740037
37.350000 2.012899 5.021942 -1233.590319 -460.637223
37.400000 2.005789 5.258524 -1216.749091 -446.526270
37.450000 2.013094 4.480936 -1267.598615 -494.570421
37.500000 1.980143 2.864698 -1124.130374 -363.755317
37.550000 2.014092 3.254652 -1103.501398 -330.089973
37.600000 2.002692 3.430694 -1090.525816 -321.491943
37.650000 2.003769 3.092719 -1104.088356 -334.641008
37.700000 2.006110 2.917940 -1105.519553 -335.173158
37.750000 1.990856 2.594609 -1129.205082 -364.716448
37.800000 1.991933 2.787465 -1116.417598 -351.515364
37.850000 2.014075 3.430342 -1073.248972 -299.844151
37.900000 2.007053 2.374150 -1150.464253 -379.755998
37.950000 1.986710 2.792347 -1113.138070 -350.241440
38.000000 1.991087 3.213833 -1079.584030 -315.006615
38.050000 1.999436 2.621216 -1118.870315 -351.086731
38.100000 2.017601 2.898702 -1094.273077 -319.514281
38.150000 1.998474 3.076292 -1091.213591 -323.799741
38.200000 1.990065 3.254960 -1087.982134 -323.797316
38.250000 1.994101 2.864824 -1115.986106 -350.251282
38.300000 1.994294 2.925482 -1109.424499 -343.615672
38.350000 2.003696 3.149795 -1103.387933 -333.968679
38.400000 1.994949 3.641258 -1073.093412 -307.032902
38.450000 2.000606 3.509822 -1081.945692 -313.712873
38.500000 2.001400 3.111345 -1104.082088 -335.544609
38.550000 2.029804 2.984841 -1107.659082 -328.214387
38.600000 2.011724 2.704037 -1130.480264 -357.978224
38.650000 1.987315 3.091650 -1113.404569 -350.275714
38.700000 2.010354 3.105302 -1106.359837 -334.383991
38.750000 1.983539 2.621115 -1131.469019 -369.789929
38.800000 1.990890 2.889927 -1108.539860 -344.038198
38.850000 2.009195 3.133055 -1091.830136 -320.299340
38.900000 2.005607 3.235039 -1084.332431 -314.179152
38.950000 2.009552 3.098125 -1087.542367 -315.874570
39.000000 2.015886 2.625998 -1121.422535 -347.322321
39.050000 1.984196 3.085735 -1089.224770 -327.293588
39.100000 1.998013 2.639059 -1121.120707 -353.883688
39.150000 2.002123 2.676499 -1117.623084 -348.807688
39.200000 1.983000 2.968285 -1099.004678 -337.532740
39.250000 1.992989 3.312521 -1079.661810 -314.354123
39.300000 1.980805 4.049216 -1030.896357 -270.267148
39.350000 2.024548 3.415143 -1081.776402 -304.349820
39.400000 2.003559 3.313636 -1082.547492 -313.180762
39.450000 2.002372 3.059170 -1097.567025 -328.655998
39.500000 1.990520 2.791179 -1120.876317 -356.516488
39.550000 1.999829 3.313261 -1088.537907 -320.603724
39.600000 2.006713 3.113226 -1100.530552 -329.952769
39.650000 1.982992 3.007254 -1101.139832 -339.671040
39.700000 1.990961 2.834031 -1108.474140 -343.945210
39.750000 2.021450 2.516303 -1125.312149 -349.075297
39.800000 1.992248 2.095334 -1152.218482 -387.195287
39.850000 2.017511 2.527331 -1123.817090 -349.092873
39.900000 1.994346 2.457323 -1135.603215 -369.774380
39.950000 2.002312 2.469604 -1146.565405 -377.677411
40.000000 2.013848 2.983205 -1120.281031 -346.963580
40.050000 1.975241 3.391273 -1095.524186 -337.031791
40.100000 2.008231 3.483743 -1088.137647 -316.976929
40.150000 2.028156 2.913502 -1120.513479 -341.701564
40.200000 1.985047 3.133574 -1098.572760 -336.314627
40.250000 1.994437 3.650808 -1066.601150 -300.737470
40.300000 2.009158 3.262656 -1094.512446 -322.995634
40.350000 1.994684 2.905906 -1115.516580 -349.557814
40.400000 1.999444 3.434480 -1077.836113 -310.049539
40.450000 2.012865 3.022647 -1110.324538 -337.384551
40.500000 1.996675 2.690989 -1134.253378 -367.530314
40.550000 1.995982 3.365446 -1088.594968 -322.137755
40.600000 2.007239 3.427084 -1085.028937 -314.248989
40.650000 2.006683 2.850624 -1116.862296 -346.295861
40.700000 1.993162 3.089531 -1083.941994 -318.567644
40.750000 2.005144 2.403747 -1134.325676 -364.350426
40.800000 1.998406 2.546155 -1127.181486 -359.793694
40.850000 1.984471 2.679434 -1122.706320 -360.669273
40.900000 2.017095 2.695806 -1124.974838 -350.410403
40.950000 1.977080 2.520752 -1137.562645 -378.363996
41.000000 2.003434 3.453214 -1074.816384 -305.497839
41.050000 1.999206 3.023563 -1107.397385 -339.702138
41.100000 2.000001 2.962954 -1108.968378 -340.967992
41.150000 2.002039 3.215637 -1089.480719 -320.697729
41.200000 1.974857 3.768530 -1047.221138 -288.876182
41.250000 2.003636 3.270907 -1078.464556 -309.068508
41.300000 2.012142 3.082804 -1089.734166 -317.071611
41.350000 1.999057 2.998147 -1097.761873 -330.123908
41.400000 1.970410 3.525198 -1064.052797 -307.415365
41.450000 1.979235 4.163820 -1020.605866 -260.579711
41.500000 2.023483 2.686699 -1125.305365 -348.287750
41.550000 2.004251 3.602941 -1060.894106 -291.261702
41.600000 1.980094 3.782901 -1059.088032 -298.731936
41.650000 2.013239 3.447428 -1077.251751 -304.168011
41.700000 1.987969 2.927683 -1104.559962 -341.179978
41.750000 2.021537 2.993306 -1096.876480 -320.606464
41.800000 1.991506 2.807813 -1110.369367 -345.630890
41.850000 2.006850 2.858346 -1115.767406 -345.137105
41.900000 2.000638 2.978287 -1110.131536 -341.886390
41.950000 2.011915 3.183430 -1088.428212 -315.852980
42.000000 2.015012 2.574239 -1123.890584 -350.126063
42.050000 1.986599 2.350896 -1144.984189 -382.130331
42.100000 1.994565 2.972038 -1113.995900 -348.083119
42.150000 1.998879 3.798044 -1066.576060 -299.006550
42.200000 1.989345 3.919988 -1054.660417 -290.751998
42.250000 2.005054 2.901024 -1119.464858 -349.524208
42.300000 1.977093 3.778667 -1052.248098 -293.044314
42.350000 2.016915 3.409385 -1085.420415 -310.924983
42.400000 2.001492 3.496135 -1075.332640 -306.759890
42.450000 2.023765 2.811787 -1118.606458 -341.480697
42.500000 2.009270 2.468112 -1135.850828 -364.291282
42.550000 1.991697 2.730532 -1119.110426 -354.298758
42.600000 1.995552 2.838749 -1115.737257 -349.445161
42.650000 2.003648 2.959018 -1102.707014 -333.306244
42.700000 2.015022 2.166600 -1156.396055 -382.627577
42.750000 1.991293 2.409199 -1136.042285 -371.385862
42.800000 1.995025 2.564685 -1124.484243 -358.394822
42.850000 1.998290 2.938524 -1095.563304 -328.219956
42.900000 2.021108 3.249847 -1074.081108 -297.975511
42.950000 1.995539 2.951542 -1099.144561 -332.857449
43.000000 1.956738 3.511064 -1073.184832 -321.797547
43.050000 2.006551 4.239337 -1026.359062 -255.843651
43.100000 2.021218 3.411109 -1079.415927 -303.268101
43.150000 1.997750 2.732614 -1125.345630 -358.209510
43.200000 1.993847 2.791016 -1121.959684 -356.322523
43.250000 1.988140 3.271102 -1090.903465 -327.457838
43.300000 2.007180 3.331881 -1090.160421 -319.403112
43.350000 1.978194 3.523858 -1075.494120 -315.867694
43.400000 2.022731 3.293144 -1089.542680 -312.813799
43.450000 1.997807 3.034341 -1100.449681 -333.291794
43.500000 1.981948 3.326095 -1076.652106 -315.584065
43.550000 2.019233 3.730778 -1055.727593 -280.342186
43.600000 2.015880 3.042855 -1101.998622 -327.900560
43.650000 1.991723 2.901886 -1117.650131 -352.828678
43.700000 2.012707 3.580586 -1078.038213 -305.158890
43.750000 1.981080 3.025540 -1119.647438 -358.912813
43.800000 2.021219 3.606475 -1072.103830 -295.955865
43.850000 1.994942 3.187970 -1100.033399 -333.975626
43.900000 2.006361 3.398235 -1085.371229 -314.928783
43.950000 1.982974 3.825773 -1049.279170 -287.817133
44.000000 2.022702 2.693539 -1121.103114 -344.385502
44.050000 1.983818 2.745745 -1109.850963 -348.064958
44.100000 1.997261 2.989688 -1104.661373 -337.713141
44.150000 1.989551 3.462940 -1075.164485 -311.176959
44.200000 2.009868 3.283264 -1094.423375 -322.633953
44.250000 2.020813 3.242127 -1095.615798 -319.623420
44.300000 2.004061 3.098412 -1104.358350 -334.799054
44.350000 1.983495 3.115823 -1100.234324 -338.572247
44.400000 2.003644 3.100456 -1096.017561 -326.618273
44.450000 1.996440 2.971917 -1099.597124 -332.964119
44.500000 1.988825 3.288763 -1078.652636 -314.943893
44.550000 2.022918 2.261169 -1150.369525 -373.569165
44.600000 1.992004 2.561595 -1124.321360 -359.391875
44.650000 1.994702 2.925644 -1103.966800 -338.001344
44.700000 2.012537 3.225661 -1086.047970 -313.233778
44.750000 1.995773 3.072266 -1093.281600 -326.904712
44.800000 1.999820 3.077294 -1090.763959 -322.833182
44.850000 1.990477 3.323784 -1072.109014 -307.765853
44.900000 2.012640 3.164276 -1088.591740 -315.737945
44.950000 2.007538 3.154017 -1091.443833 -320.549390
45.000000 1.988977 1.992434 -947.776976 -184.009741
45.050000 2.027509 2.061578 -947.702102 -169.138696
45.100000 1.998461 2.042088 -947.673732 -180.264592
45.150000 2.009170 1.886701 -962.522811 -191.001352
45.200000 2.002115 1.934974 -959.573612 -190.761618
45.250000 1.999140 2.189478 -937.258678 -169.588830
45.300000 1.992290 1.776003 -967.667429 -202.628049
45.350000 2.020757 1.688387 -963.332769 -187.362242
45.400000 1.991299 1.403453 -984.840375 -220.181396
45.450000 1.995090 1.853591 -952.442846 -186.328130
45.500000 2.003555 1.493553 -985.011203 -215.646119
45.550000 2.010322 1.535450 -977.699225 -205.735416
45.600000 1.993174 1.255163 -995.361470 -229.982499
45.650000 2.004311 1.021629 -1011.404950 -241.749434
45.700000 2.003523 1.349525 -983.800813 -214.448115
45.750000 1.985222 1.529872 -968.216414 -205.891210
45.800000 2.018685 1.270182 -986.416189 -211.241283
45.850000 1.983796 1.064794 -1004.670673 -242.892983
45.900000 1.987302 1.933958 -940.441648 -177.317590
45.950000 1.998370 1.911517 -950.279595 -182.905407
46.000000 2.006077 1.960766 -948.830899 -178.497421
46.050000 1.985993 2.315992 -922.161120 -159.539892
46.100000 2.016182 1.786962 -967.111852 -192.897867
46.150000 2.015390 1.567645 -974.280959 -200.371388
46.200000 1.982743 1.675009 -956.472394 -195.098942
46.250000 2.000717 1.666833 -961.086527 -192.811330
46.300000 2.026148 1.783233 -948.931099 -170.890351
46.350000 2.010989 0.984520 -1009.291636 -237.071717
46.400000 1.982365 1.331578 -979.704813 -218.476553
46.450000 2.003117 1.542359 -970.319670 -201.122627
46.500000 2.000987 1.834466 -947.066761 -178.687613
46.550000 1.995690 1.545549 -975.916650 -209.571824
46.600000 1.980130 1.913474 -948.288849 -187.918799
46.650000 2.010650 1.758361 -956.121718 -184.032308
46.700000 2.008668 1.350122 -976.298460 -204.969822
46.750000 2.008018 1.536491 -961.504951 -190.426010
46.800000 2.007574 1.796642 -942.522969 -171.614392
46.850000 1.994783 1.384578 -979.249412 -213.252834
46.900000 2.005715 1.738864 -949.543059 -179.348435
46.950000 1.998833 1.928862 -934.885562 -167.333585
47.000000 2.006402 1.513149 -971.733654 -201.275477
47.050000 2.008862 1.695194 -956.865505 -185.462339
47.100000 2.010220 1.765775 -948.857086 -176.932487
47.150000 2.005140 1.345827 -982.647080 -212.673215
47.200000 2.017031 1.522242 -962.953702 -188.413943
47.250000 1.984350 1.439450 -962.925919 -200.935436
47.300000 1.998282 1.374990 -976.032321 -208.692040
47.350000 1.999691 1.534578 -965.869401 -197.988021
47.400000 1.996651 1.618465 -954.140512 -187.426606
47.450000 2.010213 1.266184 -979.204407 -207.282648
47.500000 1.998753 1.527525 -957.386203 -189.864939
47.550000 2.018537 1.292010 -981.157646 -206.039429
47.600000 1.985964 1.510785 -960.689538 -198.079325
47.650000 1.994200 1.528051 -962.994673 -197.221926
47.700000 1.990982 1.978873 -927.870825 -163.333861
47.750000 1.997820 2.024771 -932.021253 -164.858426
47.800000 2.008905 1.713082 -964.432380 -193.012796
47.850000 1.997271 1.859514 -952.887980 -185.935836
47.900000 2.010574 1.786378 -952.867385 -180.806873
47.950000 1.997663 1.558049 -964.471664 -197.369060
48.000000 2.002540 1.762011 -941.590161 -172.614740
48.050000 2.005511 1.698726 -949.756515 -179.640209
48.100000 2.010411 1.533231 -970.014214 -198.016490
48.150000 2.005072 1.622460 -965.055791 -195.108064
48.200000 1.993594 1.503059 -980.973915 -215.433848
48.250000 1.995457 1.729230 -963.415646 -197.159975
48.300000 2.000690 1.847488 -957.825848 -189.560903
48.350000 1.997652 2.269114 -927.509596 -160.411348
48.400000 2.002587 1.835992 -969.277344 -200.284079
48.450000 2.003272 2.152977 -940.722203 -171.465901
48.500000 2.011299 1.724792 -975.453488 -203.114768
48.550000 1.993843 1.625505 -978.863259 -213.227518
48.600000 2.005055 1.591601 -976.715433 -206.774487
48.650000 1.993531 1.517793 -985.431498 -219.915773
48.700000 2.003883 1.966484 -955.831529 -186.340464
48.750000 1.993903 1.755702 -974.424790 -208.766125
48.800000 2.010622 1.552547 -990.956511 -218.877659
48.850000 1.989778 1.969416 -952.963215 -188.888450
48.900000 2.013468 1.829837 -973.192760 -200.021032
48.950000 2.026388 1.757089 -983.682698 -205.549655
49.000000 1.994441 2.010515 -961.207224 -195.342010
49.050000 2.010113 2.046934 -950.556085 -178.672768
49.100000 2.004237 1.579354 -981.002181 -211.375082
49.150000 2.002632 1.656337 -971.762933 -202.752320
49.200000 2.001121 1.856168 -955.455021 -187.024460
49.250000 2.027251 1.550723 -970.293334 -191.828985
49.300000 1.996763 1.371769 -975.954177 -209.197191
49.350000 2.000406 1.412512 -976.775408 -208.619624
49.400000 1.987702 1.897551 -941.488858 -178.211194
49.450000 2.015991 1.669081 -970.560385 -196.419913
49.500000 1.986195 1.900697 -951.274317 -188.575600
49.550000 2.008564 1.837908 -956.538831 -185.250351
49.600000 2.001685 1.962045 -936.401276 -167.754273
49.650000 2.006832 1.522420 -969.993770 -199.370460
49.700000 1.993888 1.790011 -942.106670 -176.453788
49.750000 1.990673 1.692569 -951.694839 -187.276268
49.800000 2.002447 1.675312 -955.041723 -186.102209
49.850000 2.005684 1.640116 -963.861596 -193.678867
49.900000 1.985750 1.776899 -960.541002 -198.012982
49.950000 1.993801 1.894916 -961.194498 -195.574725
50.000000 1.998119 2.099973 -940.774183 -173.496602
50.050000 1.987969 1.635074 -971.402975 -208.022753
50.100000 2.015416 1.474245 -980.054286 -206.134674
50.150000 1.984271 1.644853 -956.038078 -194.078189
50.200000 1.993196 1.812070 -936.112163 -170.724991
50.250000 2.003974 1.393963 -976.844125 -207.318191
50.300000 1.999558 1.661288 -958.751089 -190.920633
50.350000 1.991072 1.742909 -953.866135 -189.294520
50.400000 2.008551 1.856861 -952.422366 -181.138940
50.450000 1.978423 1.794136 -956.701026 -196.986409
50.500000 1.992324 1.786268 -965.003483 -199.950986
50.550000 1.991636 2.278596 -931.844591 -167.056301
50.600000 1.999404 2.338976 -931.046682 -163.275649
50.650000 1.993829 1.910833 -965.710748 -200.080236
50.700000 2.008347 1.775133 -966.341093 -195.135992
50.750000 1.991356 1.585466 -974.243966 -209.563299
50.800000 1.996649 1.441668 -984.154640 -217.441330
50.850000 2.003269 1.651237 -959.958470 -190.703282
50.900000 2.002205 1.631437 -962.055680 -193.208849
50.950000 1.998566 1.916414 -935.735229 -168.285857
51.000000 2.019459 1.318806 -983.221581 -207.749309
51.050000 1.980741 1.497175 -975.496389 -214.892028
51.100000 2.014184 2.073584 -938.034365 -164.587583
51.150000 1.999145 2.284432 -920.248118 -152.576473
51.200000 2.005433 1.848022 -948.400479 -178.314265
51.250000 2.004556 1.197598 -994.550411 -224.800942
51.300000 1.988435 1.406180 -976.415783 -212.856828
51.350000 2.001311 1.689762 -965.752476 -197.249150
51.400000 2.014183 1.633143 -977.633751 -204.187378
51.450000 1.994640 1.470149 -989.668314 -223.726691
51.500000 1.992077 1.795671 -960.060639 -195.102943
51.550000 2.006299 1.373524 -993.466715 -223.047969
51.600000 1.999189 1.557750 -976.217046 -208.528397
51.650000 1.990454 1.815905 -957.778498 -193.444085
51.700000 2.022567 1.523265 -982.616359 -205.950628
51.750000 2.000905 1.289691 -999.654540 -231.307169
51.800000 1.981741 1.933495 -952.686837 -191.698364
51.850000 2.013891 1.907190 -964.683612 -191.349458
51.900000 1.996375 1.856527 -971.992641 -205.384697
51.950000 2.006020 2.130895 -940.847337 -170.535566
52.000000 2.014285 1.518055 -983.150113 -209.664836
52.050000 1.987607 1.354793 -991.550356 -228.309331
52.100000 1.995625 2.090781 -927.130426 -160.810422
52.150000 2.011010 1.488180 -973.912529 -201.684610
52.200000 1.993950 1.685951 -953.578057 -187.901290
52.250000 1.993812 1.907198 -937.713261 -172.089398
52.300000 1.996512 1.699780 -961.725820 -195.065034
52.350000 2.004422 1.904113 -943.344528 -173.646386
52.400000 2.005578 1.614156 -963.928314 -193.786203
52.450000 1.993753 1.673400 -955.792989 -190.191934
52.500000 1.995038 1.355208 -794.739042 -28.644489
52.550000 2.001569 0.974498 -829.378133 -60.775822
52.600000 1.993242 0.940575 -825.187694 -59.782921
52.650000 1.999649 0.753757 -847.215460 -79.350063
52.700000 1.994944 1.077567 -819.938630 -53.880049
52.750000 1.988006 1.137379 -812.465746 -49.071428
52.800000 2.005285 1.037948 -818.655384 -48.625789
52.850000 1.998893 1.094812 -809.166804 -41.591827
52.900000 2.003111 1.340547 -784.476513 -15.281745
52.950000 1.984191 0.980316 -817.635837 -55.706545
53.000000 2.005410 1.239757 -789.255871 -19.178371
53.050000 2.003484 0.996885 -809.585208 -40.247182
53.100000 2.000438 1.159332 -792.830088 -24.661957
53.150000 1.993781 1.184510 -792.739512 -27.127591
53.200000 2.004482 1.150550 -796.703142 -26.982095
53.250000 1.998101 1.073915 -805.853392 -38.582746
53.300000 1.989620 0.897585 -816.810139 -52.796125
53.350000 1.999526 1.088538 -790.098627 -22.280692
53.400000 1.994606 1.039660 -793.199044 -27.270366
53.450000 2.011285 0.887045 -805.145721 -32.812272
53.500000 1.993669 0.920603 -796.967707 -31.398948
53.550000 2.000441 1.103598 -778.988125 -10.818658
53.600000 1.991355 0.960435 -797.142776 -32.462417
53.650000 1.998902 0.852043 -815.699488 -48.121216
53.700000 2.005978 1.040516 -799.723094 -29.427399
53.750000 2.004390 0.741376 -827.407540 -57.721920
53.800000 1.994532 0.990711 -804.741416 -38.841266
53.850000 2.004487 0.933651 -821.890669 -52.167622
53.900000 2.018746 1.343460 -784.528175 -9.329718
53.950000 2.000284 1.228345 -789.505670 -21.396471
54.000000 1.995875 1.107875 -797.996491 -31.580519
54.050000 2.004948 1.179202 -791.618429 -21.718210
54.100000 2.003109 0.785628 -827.158558 -57.964525
54.150000 1.994216 0.832363 -823.379167 -57.600103
54.200000 2.000619 1.023954 -812.948527 -44.710771
54.250000 1.991472 1.528923 -768.109703 -3.384318
54.300000 2.024128 1.304590 -789.927307 -12.662148
54.350000 1.985798 1.156158 -797.218227 -34.671667
54.400000 2.000941 0.989821 -817.507948 -49.146724
54.450000 1.986638 1.184629 -801.433952 -38.564810
54.500000 1.995084 1.096568 -815.803240 -49.690857
54.550000 2.000354 1.354380 -786.731851 -18.595875
54.600000 2.011379 1.114932 -804.443076 -32.073702
54.650000 1.991132 1.079552 -800.212957 -35.618078
54.700000 2.012331 0.933711 -810.971756 -38.236776
54.750000 1.994890 0.870507 -817.416857 -51.379210
54.800000 2.007299 1.154690 -791.495068 -20.692103
54.850000 2.004519 1.053037 -798.504524 -28.769080
54.900000 1.989231 0.991912 -802.600500 -38.735856
54.950000 1.996248 1.207627 -784.380646 -17.821560
55.000000 2.008327 1.263426 -774.613110 -3.415575
55.050000 1.998741 0.952529 -795.947878 -28.431276
55.100000 2.012379 0.829525 -804.320821 -31.567206
55.150000 1.984225 0.828780 -805.126779 -43.184198
55.200000 2.003473 0.743156 -816.634589 -47.300919
55.250000 2.007878 0.709896 -820.775194 -49.749880
55.300000 1.991026 0.901916 -805.539730 -40.985797
55.350000 1.988254 0.920605 -814.151979 -50.662623
55.400000 2.000187 1.134556 -798.301521 -30.229707
55.450000 1.991787 1.242162 -789.351053 -24.504828
55.500000 2.024272 1.089466 -804.919865 -27.599554
55.550000 1.991388 0.920381 -819.389223 -54.696147
55.600000 2.000955 1.024486 -807.087358 -38.720560
55.650000 1.993072 1.071536 -795.296755 -29.957132
55.700000 1.997886 0.895481 -808.151216 -40.963047
55.750000 2.002083 1.057894 -794.596595 -25.796884
55.800000 2.009070 1.154298 -792.308194 -20.825356
55.850000 2.003407 1.053813 -805.366517 -36.058117
55.900000 2.003475 1.189304 -796.024428 -26.689994
55.950000 1.998780 1.359241 -787.263364 -19.731867
56.000000 2.001286 1.266776 -791.969475 -23.475537
56.050000 2.004017 1.005387 -810.775823 -41.233342
56.100000 2.003007 1.065225 -794.883547 -25.729004
56.150000 2.004984 0.879394 -805.401047 -35.487317
56.200000 1.995791 0.615170 -832.210495 -65.826720
56.250000 1.991282 1.322406 -763.926370 0.725864
56.300000 2.006588 1.166361 -783.209803 -12.680117
56.350000 1.985442 1.305031 -768.041145 -5.631391
56.400000 2.014240 1.134065 -793.175437 -19.707331
56.450000 1.995981 1.359512 -777.407761 -10.951126
56.500000 2.006003 1.435164 -773.637409 -3.332104
56.550000 1.999821 1.142778 -804.508316 -36.577179
56.600000 2.001449 1.267121 -793.689640 -25.133131
56.650000 2.006684 0.925217 -822.512368 -51.945716
56.700000 1.999219 0.960779 -809.189835 -41.489621
56.750000 1.993073 0.984087 -810.587696 -45.247650
56.800000 2.009638 1.147391 -799.988335 -28.287405
56.850000 2.002575 1.204171 -804.623546 -35.634621
56.900000 2.009015 1.451251 -788.547720 -17.085925
56.950000 2.007243 1.307653 -804.054589 -33.273414
57.000000 2.000310 1.249477 -805.449125 -37.329969
57.050000 2.007243 1.064238 -816.683984 -45.902489
57.100000 2.019712 0.884442 -825.186044 -49.616474
57.150000 1.984291 1.050729 -796.977873 -35.010140
57.200000 2.008199 0.843947 -819.373225 -48.224776
57.250000 2.010079 0.733824 -832.805958 -60.935605
57.300000 1.972302 1.140380 -799.263369 -41.899531
57.350000 1.998494 1.387637 -784.360632 -16.938998
57.400000 2.010585 1.244329 -797.382823 -25.318300
57.450000 1.999014 1.291459 -789.098416 -21.477016
57.500000 1.998211 1.390724 -777.123152 -9.809998
57.550000 2.000874 1.134547 -804.302602 -35.966820
57.600000 1.996943 1.086537 -808.361746 -41.535752
57.650000 2.000269 1.324394 -785.189468 -17.086103
57.700000 1.996012 1.377665 -780.777886 -14.309126
57.750000 2.000821 1.392021 -778.466087 -10.150860
57.800000 2.007941 1.187854 -797.525678 -26.476489
57.850000 1.993248 1.102558 -807.436521 -42.029170
57.900000 2.004344 1.514717 -765.093532 4.574443
57.950000 1.998889 1.166977 -796.349610 -28.776057
58.000000 1.991358 1.079777 -810.617183 -45.935706
58.050000 2.011392 1.103421 -820.910802 -48.536341
58.100000 1.990870 1.479645 -787.976347 -23.482295
58.150000 2.007593 1.360770 -797.980882 -27.065217
58.200000 2.003903 1.278087 -797.691475 -28.192676
58.250000 1.993791 0.944942 -829.097412 -63.481851
58.300000 2.009991 1.163770 -804.598077 -32.761583
58.350000 2.000126 0.846612 -831.731125 -63.682732
58.400000 2.015541 1.073312 -805.262397 -31.294713
58.450000 1.991234 0.906200 -822.105355 -57.471589
58.500000 2.016731 0.936253 -822.865124 -48.440228
58.550000 1.987949 1.033722 -812.947767 -49.575411
58.600000 2.011209 1.006483 -818.553665 -46.249320
58.650000 1.986163 1.172218 -796.513687 -33.827240
58.700000 1.994176 0.913231 -824.614401 -58.850741
58.750000 1.993928 0.854201 -829.941775 -64.273335
58.800000 1.993112 1.103874 -806.486527 -41.131579
58.850000 1.992640 1.316488 -783.402524 -18.228576
58.900000 1.998052 1.153489 -789.431959 -22.179898
58.950000 2.012385 0.623705 -830.856409 -58.100562
59.000000 2.002653 0.767257 -807.120027 -38.101169
59.050000 1.989500 0.868301 -802.125511 -38.157437
59.100000 2.013479 0.790205 -820.063307 -46.887188
59.150000 1.984955 1.036077 -801.806228 -39.583317
59.200000 2.006803 1.156651 -800.468007 -29.855776
59.250000 1.999892 1.095332 -810.860420 -42.901703
59.300000 1.994381 0.953190 -827.851394 -62.009072
59.350000 2.004261 1.396854 -783.932055 -14.295703
59.400000 2.010300 1.227606 -802.394311 -30.438956
59.450000 1.999772 1.184646 -804.657543 -36.745114
59.500000 2.004444 0.972332 -821.290014 -51.583521
59.550000 1.991610 1.226024 -794.638104 -29.859787
59.600000 2.001533 1.125015 -807.617597 -39.029006
59.650000 1.994419 0.991330 -819.887216 -54.030389
59.700000 1.994043 1.127794 -807.050123 -41.337514
59.750000 2.005229 1.160283 -808.868686 -38.860564
59.800000 2.007829 1.279110 -800.561329 -29.554832
59.850000 2.010503 0.894825 -837.306599 -65.273341
59.900000 1.994534 0.991382 -820.359182 -54.458062
59.950000 1.996467 0.741659 -845.346599 -78.703199
60.000000 1.982140 1.093913 -608.680866 152.461033
60.050000 2.015307 1.223934 -589.584992 184.292977
60.100000 2.008339 0.810260 -632.405954 138.796102
60.150000 2.004649 0.514994 -655.070605 114.714444
60.200000 1.982786 0.698355 -625.139105 136.250804
60.250000 1.994668 0.797884 -613.134229 152.818114
60.300000 2.007445 0.719476 -619.511636 151.347337
60.350000 1.989372 0.770522 -607.882901 156.035995
60.400000 2.012613 0.605280 -625.004894 147.838447
60.450000 1.995403 0.605956 -625.807718 140.427008
60.500000 2.002255 0.824464 -604.735124 164.130669
60.550000 2.003726 0.536169 -641.559466 127.871179
60.600000 2.001385 0.486437 -651.355574 117.176144
60.650000 1.996630 0.638749 -642.325629 124.380477
60.700000 1.993405 0.878991 -626.350818 139.116660
60.750000 2.006115 0.934352 -627.729318 142.619030
60.800000 1.999991 0.850085 -636.959534 131.036854
60.850000 2.011820 0.690048 -653.670842 118.868040
60.900000 1.985862 0.875359 -637.702472 124.868504
60.950000 1.999369 1.194689 -615.360836 152.396922
61.000000 2.012808 0.983425 -645.576233 127.341873
61.050000 2.006633 0.802813 -659.772112 110.774967
61.100000 2.007447 0.898786 -639.662625 131.197197
61.150000 1.999817 0.685052 -660.753304 107.176580
61.200000 2.008071 0.546642 -673.409779 97.689570
61.250000 1.995852 0.662426 -656.833607 109.573564
61.300000 1.990246 0.705698 -653.637488 110.617047
61.350000 2.004484 0.658976 -664.363481 105.358551
61.400000 1.992159 0.808055 -648.483405 116.505799
61.450000 2.005815 0.584429 -675.578628 94.654160
61.500000 1.996093 0.706428 -658.527824 107.972075
61.550000 2.003559 0.588979 -672.086612 97.280163
61.600000 1.997696 0.724322 -649.396717 117.718362
61.650000 1.997228 0.648356 -658.057878 108.877547
61.700000 1.995551 0.845544 -633.815595 132.476099
61.750000 1.993352 0.779420 -639.342328 126.104707
61.800000 1.997386 0.634668 -653.773633 113.222737
61.850000 2.003841 0.691018 -644.625526 124.849454
61.900000 1.990818 0.642031 -650.627911 113.846340
61.950000 2.004219 0.652289 -651.153065 118.466875
62.000000 2.002640 0.683786 -649.126421 119.887263
62.050000 2.000417 0.745370 -646.049560 122.110455
62.100000 1.992281 0.719916 -652.737617 112.298370
62.150000 1.994049 0.842615 -643.839790 121.875023
62.200000 2.007508 0.708692 -662.136206 108.747057
62.250000 1.994412 0.596775 -675.456332 90.397756
62.300000 2.013572 0.932565 -633.063877 140.147736
62.350000 1.995389 0.768356 -653.562508 112.666989
62.400000 1.993921 0.981084 -625.913724 139.752099
62.450000 1.993492 0.769584 -649.990954 115.509953
62.500000 1.999801 0.567457 -670.465731 97.458010
62.550000 2.002214 0.692921 -651.628638 117.221500
62.600000 1.995235 0.660622 -651.444725 114.725368
62.650000 2.013818 0.421367 -675.853665 97.452441
62.700000 1.989101 0.606242 -647.891996 115.922664
62.750000 1.998711 0.843744 -622.326804 145.178038
62.800000 2.008197 0.837772 -624.350830 146.796853
62.850000 2.008004 0.646770 -646.734195 124.339490
62.900000 1.990372 0.760754 -634.819349 129.483467
62.950000 2.002656 0.756339 -635.245678 133.774160
63.000000 2.002957 0.625755 -650.694752 118.440852
63.050000 1.986526 0.773591 -631.718323 131.107587
63.100000 1.999759 0.756656 -638.152682 129.754663
63.150000 1.993004 0.807083 -631.481717 133.831762
63.200000 2.000340 0.748897 -641.842619 126.287995
63.250000 2.018864 0.783185 -640.812965 134.430766
63.300000 1.985317 0.921160 -622.768013 139.593549
63.350000 2.013505 0.650922 -655.751943 117.433859
63.400000 2.000215 0.621914 -651.687779 116.394746
63.450000 1.992564 0.553861 -658.672157 106.472433
63.500000 1.993825 0.690708 -645.088748 120.540076
63.550000 2.006317 0.771177 -637.013162 133.412435
63.600000 2.003137 0.561346 -660.899995 108.304563
63.650000 2.007730 0.663876 -643.926441 127.041728
63.700000 2.013540 0.408172 -668.113454 105.085926
63.750000 1.988977 0.384560 -664.382481 99.384657
63.800000 2.004080 0.471551 -654.639232 114.927386
63.850000 1.991619 0.428425 -663.460950 101.320768
63.900000 2.004950 0.637104 -643.271290 126.629574
63.950000 2.002763 0.597836 -654.941421 114.119562
64.000000 1.994289 0.684476 -652.136212 113.670592
64.050000 1.989974 0.790646 -646.842084 117.307841
64.100000 2.001942 0.826185 -644.436172 124.309435
64.150000 2.008294 0.773377 -645.956859 125.228153
64.200000 1.993253 0.741885 -646.787853 118.621215
64.250000 2.000351 0.871187 -627.508064 140.626775
64.300000 1.994769 0.659937 -651.221501 114.769899
64.350000 2.008972 0.642943 -652.607734 118.837667
64.400000 1.999458 0.630326 -656.368699 111.423218
64.450000 2.002130 0.618353 -659.823741 108.994138
64.500000 2.006900 0.547002 -666.346694 104.303060
64.550000 2.000873 0.577205 -658.714209 109.621062
64.600000 2.001640 0.594489 -658.456825 110.173078
64.650000 1.995791 0.877205 -622.911489 143.472123
64.700000 1.983277 0.648549 -641.295348 120.283193
64.750000 2.004828 0.429482 -655.052442 114.801651
64.800000 1.986033 0.395711 -651.980210 110.656479
64.850000 1.997093 0.467953 -644.121788 122.761856
64.900000 1.999700 0.634405 -625.175133 142.709702
64.950000 2.011346 0.709288 -620.564575 151.792190
65.000000 2.003483 0.627459 -630.856922 138.480438
65.050000 1.982408 0.727307 -620.790486 140.454369
65.100000 2.009571 0.906920 -604.593226 167.082191
65.150000 2.005789 0.764918 -628.417723 141.805342
65.200000 2.011035 0.753378 -634.336805 137.900460
65.250000 2.001412 0.634043 -651.405624 117.136507
65.300000 2.012927 0.831465 -627.268326 145.695653
65.350000 1.990274 0.727931 -641.298921 122.966429
65.400000 2.010932 0.790910 -631.643898 140.553898
65.450000 1.997199 0.693918 -638.107505 128.816947
65.500000 1.987505 0.810422 -619.555668 143.646271
65.550000 2.003321 0.587885 -645.510182 123.765125
65.600000 1.993907 0.746210 -624.979060 140.681087
65.650000 1.990854 0.650628 -641.820704 122.667384
65.700000 1.999649 0.806157 -624.072031 143.793131
65.750000 1.999513 0.776370 -626.387942 141.425216
65.800000 1.999855 0.630291 -646.231416 121.712959
65.850000 1.999874 0.661777 -644.377105 123.574613
65.900000 1.996751 0.540365 -664.736961 102.015363
65.950000 2.002653 0.666205 -650.810618 118.208325
66.000000 2.001930 0.599388 -661.332395 107.408647
66.050000 1.990912 0.602413 -669.904514 94.605629
66.100000 2.001554 0.869763 -642.645317 125.951565
66.150000 2.001588 0.722878 -661.329862 107.279948
66.200000 1.986669 1.031518 -624.994581 137.886241
66.250000 2.001731 0.920680 -639.738619 128.926100
66.300000 1.998133 0.784681 -652.910798 114.372189
66.350000 2.021514 0.754484 -647.118171 129.143192
66.400000 1.987304 0.435876 -679.858722 83.266013
66.450000 2.004680 0.719917 -654.982150 114.814814
66.500000 2.012048 0.937093 -637.296180 135.330377
66.550000 1.993558 0.775654 -658.887394 106.638938
66.600000 2.006460 0.822401 -649.415695 121.064891
66.650000 1.995342 0.763315 -652.666884 113.544443
66.700000 2.002062 0.650383 -669.600508 99.191266
66.750000 2.004048 0.803121 -655.103035 114.451476
66.800000 1.992192 0.865297 -644.889351 120.112310
66.850000 2.000901 0.669655 -670.647558 97.698528
66.900000 1.997326 0.923956 -639.582261 127.391022
66.950000 2.001729 0.811868 -649.989818 118.674035
67.000000 1.977442 0.772775 -652.564442 106.773351
67.050000 2.000849 0.791914 -647.571085 120.754755
67.100000 1.996066 0.819508 -636.279509 130.209754
67.150000 1.997782 0.592547 -661.424916 105.723236
67.200000 1.997723 0.738455 -648.151440 118.974289
67.250000 1.991253 0.736374 -646.767536 117.873787
67.300000 2.006384 0.600496 -654.993217 115.458248
67.350000 1.989743 0.610405 -647.228306 116.832884
67.400000 2.008516 0.685468 -635.852890 135.417257
67.450000 1.992971 0.614763 -643.346864 121.954169
