# t Temp Pres Epot Etot
0.000000 1.971921 28.374728 -1426.764332 -669.546748
0.050000 2.011159 28.092654 -1441.196474 -668.911314
0.100000 2.019107 28.608506 -1415.127881 -639.790811
0.150000 1.973527 28.446262 -1422.536630 -664.702277
0.200000 2.006202 30.470106 -1332.996913 -562.615533
0.250000 1.999218 28.449494 -1422.562885 -654.863068
0.300000 2.021873 28.857881 -1406.609586 -630.210522
0.350000 1.981956 27.394312 -1469.216935 -708.145650
0.400000 1.987204 28.640232 -1415.065858 -651.979681
0.450000 2.008165 29.850991 -1358.982581 -587.847093
0.500000 2.021346 28.078367 -1442.744625 -666.547871
0.550000 1.987737 28.971021 -1401.731965 -638.440965
0.600000 1.995474 28.622347 -1415.393927 -649.131859
0.650000 1.969256 29.924516 -1354.994427 -598.800008
0.700000 2.000123 28.535916 -1423.052736 -655.005584
0.750000 2.023047 28.069571 -1439.639350 -662.789158
0.800000 1.996710 28.297628 -1427.651396 -660.914739
0.850000 1.968176 29.446861 -1377.564869 -621.785334
0.900000 1.994288 28.923265 -1402.413489 -636.606888
0.950000 2.026768 29.435944 -1381.422472 -603.143670
1.000000 1.988056 28.319784 -1429.687481 -666.273930
1.050000 1.956075 29.795210 -1361.570978 -610.438357
1.100000 2.063483 29.110093 -1396.240955 -603.863498
1.150000 1.986036 27.567203 -1463.033485 -700.395754
1.200000 1.994256 28.495838 -1422.820111 -657.025968
1.250000 2.014795 28.337930 -1429.383581 -655.702386
1.300000 2.005445 28.891066 -1402.789109 -632.698157
1.350000 1.990481 30.290231 -1345.067789 -580.723140
1.400000 2.014564 29.556672 -1373.292583 -599.700170
1.450000 2.018662 28.417785 -1422.360424 -647.194251
1.500000 2.002917 29.301017 -1386.540065 -617.420043
1.550000 2.006866 27.034330 -1486.627411 -715.991047
1.600000 1.994341 28.212169 -1433.238502 -667.411539
1.650000 1.972339 30.060072 -1349.811302 -592.433132
1.700000 2.011386 28.088495 -1440.640778 -668.268425
1.750000 1.982851 28.170448 -1437.606480 -676.191660
1.800000 2.032108 29.472565 -1381.928491 -601.599026
1.850000 1.974371 28.200427 -1433.434977 -675.276670
1.900000 2.020493 30.151918 -1350.237781 -574.368353
1.950000 2.069680 28.700355 -1414.818364 -620.061430
2.000000 2.007723 28.222696 -1433.282214 -662.316587
2.050000 1.996414 28.970453 -1399.985024 -633.361963
2.100000 2.001080 27.884320 -1448.303181 -679.888595
2.150000 2.028012 28.402375 -1428.030649 -649.274205
2.200000 1.986732 29.279697 -1385.069929 -622.164699
2.250000 1.995652 29.926944 -1357.237352 -590.907015
2.300000 2.040616 28.883303 -1408.890941 -625.294473
2.350000 1.998996 28.628022 -1417.748923 -650.134546
2.400000 1.951352 29.428593 -1374.114912 -624.795592
2.450000 2.014634 28.323441 -1432.295873 -658.676373
2.500000 1.982985 28.461340 -1419.967878 -658.501529
2.550000 1.979201 29.977689 -1354.622630 -594.609636
2.600000 1.985902 28.676004 -1412.958018 -650.371693
2.650000 1.994564 28.806142 -1405.402692 -639.490239
2.700000 2.013673 28.299256 -1431.562447 -658.311997
2.750000 1.982464 29.028524 -1399.364055 -638.097854
2.800000 1.996563 29.946522 -1357.575984 -590.895751
2.850000 2.023926 29.207573 -1392.953445 -615.765995
2.900000 1.964734 28.833038 -1405.855305 -651.397606
2.950000 2.000806 28.117777 -1438.257005 -669.947482
3.000000 1.980066 28.753975 -1407.276580 -646.931173
3.050000 1.992428 28.906103 -1404.330341 -639.238079
3.100000 1.969892 28.430843 -1419.932907 -663.494549
3.150000 2.032412 28.737509 -1410.399277 -629.952883
3.200000 1.989231 29.953149 -1356.272999 -592.408150
3.250000 2.017920 28.278131 -1431.055294 -656.173893
3.300000 1.997842 28.458896 -1423.414415 -656.243152
3.350000 1.994784 28.225166 -1428.517800 -662.520764
3.400000 2.033771 28.070320 -1442.955993 -661.987991
3.450000 2.002916 27.976106 -1445.782173 -676.662432
3.500000 1.979552 29.927178 -1358.006616 -597.858548
3.550000 2.007485 28.120859 -1438.535141 -667.660768
3.600000 2.007014 28.909173 -1400.926644 -630.233106
3.650000 1.989186 28.893947 -1403.516661 -639.669095
3.700000 2.016852 29.001968 -1398.620206 -624.148962
3.750000 2.001747 28.915627 -1403.122859 -634.452060
3.800000 2.001808 30.101290 -1350.022258 -581.328142
3.850000 2.028453 28.326221 -1429.888781 -650.962733
3.900000 1.966383 28.859253 -1401.572991 -646.481814
3.950000 2.010392 29.877958 -1359.493278 -587.502645
4.000000 2.015410 28.396698 -1425.500559 -651.583257
4.050000 1.984324 28.628044 -1416.235052 -654.254717
4.100000 1.990082 28.142505 -1437.029246 -672.837792
4.150000 1.997692 29.274044 -1391.382041 -624.268420
4.200000 1.995958 28.798031 -1408.596913 -642.149061
4.250000 1.993000 27.914366 -1448.184325 -682.872151
4.300000 1.964529 30.315344 -1338.758337 -584.379090
4.350000 2.044198 28.927920 -1399.788006 -614.815834
4.400000 1.987793 28.992111 -1399.345998 -636.033406
4.450000 2.002149 28.936875 -1404.361695 -635.536305
4.500000 2.051015 28.887770 -1408.969108 -621.379335
4.550000 2.005581 27.849879 -1450.771549 -680.628531
4.600000 1.954992 28.845227 -1399.822880 -649.105774
4.650000 1.986428 28.924452 -1401.439729 -638.651316
4.700000 2.019057 29.780955 -1363.374087 -588.056355
4.750000 2.031400 28.482472 -1421.390483 -641.332789
4.800000 1.998234 29.206799 -1389.942931 -622.621188
4.850000 2.008055 29.859966 -1360.642995 -589.549901
4.900000 1.976230 28.325934 -1429.131007 -670.258833
4.950000 1.996771 29.482027 -1380.707203 -613.947279
5.000000 1.996246 29.062607 -1393.216864 -626.658512
5.050000 2.046927 29.478836 -1379.006300 -592.986223
5.100000 1.986894 27.218967 -1477.389088 -714.421937
5.150000 1.958733 28.502383 -1417.265799 -665.112510
5.200000 2.022208 30.612291 -1324.972334 -548.444465
5.250000 1.995378 28.603424 -1417.116647 -650.891626
5.300000 2.019588 28.497913 -1424.157114 -648.635353
5.350000 2.013066 28.799981 -1407.999509 -634.982159
5.400000 1.971278 29.676357 -1366.521724 -609.550891
5.450000 2.031061 27.667097 -1461.631046 -681.703672
5.500000 2.002793 27.882348 -1446.574211 -677.501532
5.550000 1.975126 30.020854 -1350.215622 -591.767425
5.600000 2.028573 30.302361 -1343.142725 -564.170551
5.650000 1.982367 29.133064 -1389.865568 -628.636719
5.700000 2.011291 28.288867 -1432.593964 -660.258205
5.750000 1.996949 29.165984 -1397.652189 -630.823725
5.800000 1.972270 29.029768 -1398.946414 -641.594854
5.850000 2.032272 29.990404 -1357.573042 -577.180415
5.900000 2.019568 28.093883 -1440.961838 -665.447608
5.950000 2.013696 27.063865 -1483.601760 -710.342472
6.000000 1.985113 28.734427 -1408.045515 -645.762251
6.050000 1.987312 29.189295 -1389.281789 -626.154133
6.100000 2.019728 28.276344 -1432.456370 -656.880722
6.150000 1.982872 28.857509 -1405.258038 -643.835135
6.200000 2.011527 28.129167 -1440.995197 -668.568799
6.250000 2.015711 30.050962 -1353.539543 -579.506540
6.300000 1.981704 28.233802 -1434.264795 -673.290395
6.350000 2.003709 27.592761 -1461.228513 -691.804292
6.400000 1.994969 28.579040 -1418.404708 -652.336746
6.450000 1.978516 28.884802 -1403.868062 -644.117852
6.500000 2.037651 30.295331 -1347.402825 -564.944938
6.550000 2.038906 28.216002 -1438.944949 -656.005026
6.600000 2.010397 27.019132 -1487.039347 -715.046863
6.650000 1.966912 27.488024 -1465.836560 -710.542217
6.700000 2.019138 29.054325 -1397.179354 -621.830248
6.750000 1.982048 29.000112 -1398.196135 -637.089847
6.800000 2.006905 27.441136 -1470.753743 -700.102108
6.850000 1.961132 28.799330 -1406.678256 -653.603507
6.900000 2.038420 29.878063 -1363.105035 -580.351565
6.950000 1.993906 30.007755 -1356.305775 -590.645812
7.000000 2.013627 28.583854 -1420.106942 -646.874100
7.050000 1.973338 26.986823 -1488.023127 -730.261289
7.100000 2.020839 28.450924 -1426.075068 -650.072778
7.150000 1.998414 29.200036 -1390.757267 -623.366390
7.200000 1.997131 29.263616 -1387.104478 -620.206294
7.250000 1.976389 30.529123 -1329.371560 -570.438213
7.300000 2.012974 28.650271 -1419.178349 -646.196327
7.350000 1.977344 28.983707 -1402.618843 -643.318687
7.400000 1.984968 29.247232 -1389.192147 -626.964258
7.450000 1.994825 29.119827 -1390.981598 -624.968666
7.500000 1.996751 17.134812 -1550.127230 -783.374975
7.550000 2.019760 17.207860 -1542.540343 -766.952665
7.600000 1.961472 19.224432 -1441.500493 -688.295174
7.650000 2.031975 18.963802 -1457.203119 -676.924858
7.700000 2.006715 16.768349 -1561.699342 -791.120851
7.750000 1.999175 17.013012 -1551.286603 -783.603567
7.800000 2.018816 16.600241 -1572.793562 -797.568072
7.850000 1.973698 16.671821 -1570.169132 -812.268928
7.900000 1.985759 19.738907 -1425.484366 -662.952857
7.950000 1.992800 17.880072 -1511.302585 -746.067442
8.000000 2.053237 16.592724 -1572.806234 -784.363325
8.050000 1.964603 17.355263 -1531.916176 -777.508636
8.100000 2.015636 18.611946 -1473.643142 -699.638774
8.150000 1.983012 16.944854 -1554.286983 -792.810283
8.200000 1.970107 18.131034 -1499.992852 -743.471716
8.250000 1.999440 19.372847 -1442.950032 -675.165220
8.300000 2.007235 17.785374 -1522.389274 -751.610981
8.350000 2.005535 17.924896 -1511.374305 -741.248991
8.400000 1.996535 17.479464 -1527.331590 -760.662006
8.450000 1.979808 16.855527 -1557.335265 -797.088905
8.500000 2.013390 17.096611 -1550.955936 -777.814256
8.550000 1.962646 19.137843 -1451.138673 -697.482524
8.600000 2.009887 18.409608 -1484.563256 -712.766608
8.650000 1.965419 17.248585 -1542.225868 -787.504828
8.700000 2.022581 17.874238 -1513.555557 -736.884622
8.750000 1.989403 17.412260 -1532.482337 -768.551764
8.800000 2.012195 17.314481 -1534.515046 -761.832252
8.850000 2.014176 18.251128 -1496.970849 -723.527175
8.900000 1.970354 18.436912 -1482.231088 -725.615244
8.950000 2.004238 17.954606 -1507.283290 -737.655773
9.000000 2.006930 17.351205 -1538.582574 -767.921553
9.050000 2.010855 16.651831 -1568.058200 -795.889965
9.100000 1.995049 16.499451 -1576.067778 -809.968866
9.150000 2.009869 18.262920 -1496.324092 -724.534436
9.200000 1.989868 17.314225 -1541.443633 -777.334397
9.250000 1.980883 18.271715 -1494.642272 -733.983207
9.300000 2.018197 16.727897 -1569.959114 -794.971327
9.350000 1.979831 17.938764 -1504.315191 -744.060026
9.400000 2.000643 17.402070 -1531.964370 -763.717387
9.450000 2.005850 17.441974 -1531.412242 -761.165880
9.500000 2.031772 17.406083 -1532.371367 -752.170795
9.550000 1.975239 16.976960 -1550.105161 -791.613477
9.600000 2.010140 17.221010 -1541.915417 -770.021545
9.650000 1.974933 17.624678 -1520.666395 -762.292089
9.700000 2.019077 19.056022 -1452.149094 -676.823387
9.750000 1.973299 18.495618 -1478.522743 -720.775833
9.800000 2.018752 17.941479 -1511.112432 -735.911800
9.850000 1.960802 18.112782 -1499.215840 -746.267892
9.900000 1.993310 17.456054 -1529.389172 -763.958030
9.950000 2.006985 18.075297 -1502.452282 -731.769884
10.000000 1.974942 17.614361 -1525.609363 -767.231744
10.050000 2.029873 18.035654 -1508.900293 -729.428915
10.100000 1.988986 18.618993 -1476.030985 -712.260498
10.150000 1.988805 18.633474 -1474.558422 -710.857290
10.200000 2.012890 17.314323 -1541.957418 -769.007516
10.250000 2.020173 17.336050 -1536.268288 -760.521757
10.300000 1.967254 16.975834 -1550.045295 -794.619620
10.350000 1.983029 18.630874 -1473.361326 -711.878235
10.400000 2.004952 17.996813 -1505.058675 -735.156927
10.450000 1.985630 18.305144 -1491.022059 -728.540145
10.500000 2.025777 17.247404 -1542.964535 -765.066322
10.550000 2.016461 16.354389 -1583.095876 -808.774881
10.600000 1.998093 16.928165 -1557.789984 -790.522318
10.650000 1.984321 17.464346 -1532.192105 -770.212710
10.700000 2.021243 19.113812 -1458.359853 -682.202422
10.750000 1.999871 17.822609 -1511.526621 -743.576251
10.800000 1.965459 18.031710 -1502.409650 -747.673314
10.850000 1.998215 18.348025 -1486.777917 -719.463374
10.900000 1.998627 16.487129 -1580.286498 -812.813619
10.950000 2.005980 18.699044 -1475.338464 -705.041968
11.000000 2.022272 16.079531 -1603.139492 -826.587138
11.050000 2.000425 17.805474 -1518.208439 -750.045374
11.100000 1.984350 18.410353 -1486.809510 -724.818950
11.150000 1.963378 17.963048 -1508.493805 -754.556680
11.200000 2.027314 18.117483 -1507.338588 -728.849886
11.250000 2.034643 17.208038 -1548.916185 -767.613240
11.300000 1.988118 17.361993 -1538.281429 -774.844032
11.350000 2.034192 18.749846 -1474.629630 -693.499969
11.400000 1.987059 18.046319 -1501.350069 -738.319410
11.450000 1.985663 18.785398 -1470.963415 -708.468898
11.500000 2.014080 17.864107 -1513.235296 -739.828550
11.550000 2.004924 17.197017 -1545.123372 -775.232739
11.600000 1.991155 17.731447 -1516.626741 -752.023362
11.650000 1.981451 17.616417 -1519.854388 -758.977113
11.700000 2.009395 16.065460 -1595.569923 -823.962398
11.750000 1.992147 18.126713 -1492.290852 -727.306285
11.800000 1.981329 16.109786 -1591.099708 -830.269217
11.850000 2.019893 17.936225 -1508.950969 -733.311946
11.900000 1.970756 18.207491 -1493.636630 -736.866358
11.950000 1.984129 19.044546 -1455.144525 -693.238887
12.000000 2.031107 17.772570 -1518.906638 -738.961527
12.050000 1.986284 18.671341 -1471.721721 -708.988546
12.100000 1.985697 17.983039 -1504.546364 -742.038786
12.150000 2.012617 18.233722 -1494.776055 -721.930935
12.200000 1.970366 17.668906 -1521.772048 -765.151458
12.250000 2.006542 17.912490 -1508.857616 -738.345411
12.300000 2.002871 17.441380 -1534.464427 -765.361835
12.350000 2.002441 17.312945 -1540.247290 -771.309862
12.400000 2.025397 17.550446 -1522.639978 -744.887689
12.450000 1.997320 17.374142 -1534.933736 -767.962732
12.500000 2.015900 18.222542 -1495.579800 -721.474156
12.550000 1.960701 16.598943 -1568.555832 -815.646564
12.600000 1.991301 17.766405 -1512.687158 -748.027666
12.650000 2.016562 17.321095 -1539.886114 -765.526430
12.700000 2.011498 18.038162 -1505.546931 -733.131698
12.750000 1.989821 17.454456 -1529.456322 -765.365033
12.800000 1.998110 18.115132 -1497.646782 -730.372719
12.850000 2.013864 17.917075 -1508.956892 -735.633287
12.900000 2.010506 18.179564 -1497.643002 -725.608614
12.950000 1.996341 18.534597 -1478.738255 -712.143368
13.000000 1.982045 18.071429 -1500.888662 -739.783533
13.050000 1.995694 17.874715 -1512.388369 -746.041806
13.100000 1.976182 17.109070 -1544.704925 -785.851040
13.150000 2.001683 18.333522 -1489.682905 -721.036579
13.200000 2.002142 17.767520 -1516.683607 -747.860972
13.250000 1.961939 19.059640 -1457.589540 -704.205075
13.300000 1.999942 20.020044 -1413.710008 -645.732168
13.350000 2.001873 18.167293 -1500.201776 -731.482732
13.400000 1.985303 18.363021 -1485.263581 -722.907420
13.450000 2.013641 16.971714 -1556.258866 -783.020860
13.500000 2.006328 16.419172 -1583.072517 -812.642575
13.550000 1.988399 17.347124 -1533.554391 -770.009247
13.600000 2.013448 17.719587 -1521.476524 -748.312585
13.650000 2.026910 18.267467 -1495.847524 -717.513999
13.700000 2.022182 17.772810 -1517.237874 -740.720142
13.750000 1.984714 16.451310 -1579.999533 -817.869469
13.800000 2.006329 17.027808 -1555.644498 -785.214154
13.850000 1.979363 17.843508 -1515.133950 -755.058702
13.900000 1.987653 17.527685 -1526.816968 -763.558344
13.950000 1.985520 17.681921 -1521.426938 -758.987341
14.000000 2.016076 17.528380 -1534.800004 -760.626969
14.050000 1.977161 18.927864 -1465.506045 -706.276340
14.100000 2.001011 17.930318 -1508.156444 -739.768197
14.150000 1.999519 17.714825 -1522.943073 -755.127705
14.200000 2.004842 17.381063 -1535.548006 -765.688535
14.250000 1.997414 17.406114 -1534.713999 -767.706834
14.300000 1.997261 16.935788 -1556.824474 -789.876370
14.350000 1.997144 17.436080 -1533.024150 -766.120675
14.400000 1.965970 18.811070 -1465.485393 -710.552757
14.450000 2.020147 17.690153 -1522.149823 -746.413309
14.500000 2.004402 17.281374 -1540.315672 -770.625286
14.550000 1.978725 17.862538 -1508.532420 -748.701853
14.600000 1.997253 17.739833 -1515.696717 -748.751576
14.650000 1.996012 17.781621 -1515.123023 -748.654584
14.700000 1.996641 17.598907 -1527.021917 -760.311936
14.750000 2.006366 17.395405 -1537.871726 -767.427060
14.800000 2.007286 16.660452 -1568.836450 -798.038656
14.850000 1.966894 17.621751 -1521.194219 -765.906763
14.900000 2.012357 18.094234 -1502.230605 -729.485629
14.950000 2.008253 17.364504 -1537.483364 -766.314064
15.000000 2.016084 15.142927 -1294.094315 -519.917928
15.050000 1.952542 15.824265 -1260.381480 -510.605412
15.100000 2.009962 15.994472 -1260.604586 -488.779282
15.150000 1.997271 15.199535 -1295.246807 -528.294586
15.200000 2.005557 15.021292 -1304.710204 -534.576387
15.250000 2.000281 14.804844 -1311.901789 -543.793919
15.300000 1.988449 15.141090 -1292.628494 -529.064218
15.350000 2.003111 14.999797 -1300.186160 -530.991354
15.400000 1.988724 15.044284 -1297.682618 -534.012652
15.450000 2.001274 14.799361 -1309.485370 -540.996193
15.500000 1.995228 15.187894 -1289.516544 -523.349164
15.550000 1.973539 15.063624 -1296.352532 -538.513472
15.600000 1.960928 15.958621 -1251.761014 -498.764834
15.650000 2.007026 15.693305 -1269.807815 -499.110006
15.700000 1.998001 14.907652 -1306.446743 -539.214519
15.750000 2.009975 14.696921 -1322.804533 -550.974137
15.800000 1.959254 16.023090 -1250.440984 -498.087531
15.850000 2.021760 16.080406 -1255.072037 -478.716041
15.900000 1.999565 16.555130 -1229.617466 -461.784371
15.950000 2.010485 16.030773 -1260.142973 -488.116562
16.000000 2.002405 16.363608 -1235.775938 -466.852604
16.050000 2.006917 15.446864 -1286.100336 -515.444335
16.100000 1.997095 15.493145 -1283.940517 -517.056206
16.150000 2.029211 14.685846 -1315.298293 -536.081231
16.200000 1.985198 13.478060 -1376.063815 -613.747742
16.250000 1.974159 15.183212 -1298.804499 -540.727593
16.300000 2.032449 16.355199 -1240.369500 -459.909140
16.350000 2.001429 14.938510 -1310.164422 -541.615663
16.400000 2.006458 15.175711 -1293.539903 -523.059840
16.450000 2.006767 14.918137 -1310.549936 -539.951384
16.500000 1.989657 15.071406 -1305.656531 -541.628388
16.550000 1.981842 15.640715 -1275.102178 -514.074792
16.600000 1.982429 14.747153 -1313.999769 -552.747039
16.650000 2.021966 14.588267 -1323.173565 -546.738738
16.700000 1.971078 15.400025 -1278.320366 -521.426568
16.750000 2.019406 15.785560 -1262.598782 -487.147001
16.800000 1.989787 14.719964 -1317.058185 -552.980143
16.850000 2.009758 15.372826 -1276.036617 -504.289705
16.900000 1.997126 14.315289 -1330.357755 -563.461517
16.950000 1.978113 14.688293 -1321.386602 -561.791359
17.000000 2.002593 15.292472 -1293.703959 -524.708437
17.050000 2.009251 14.404232 -1333.997856 -562.445646
17.100000 1.999001 15.278348 -1292.256178 -524.639721
17.150000 2.012287 16.857737 -1211.005138 -438.287107
17.200000 1.989296 15.447994 -1283.931154 -520.041517
17.250000 2.005920 15.947669 -1261.557123 -491.283932
17.300000 2.001442 15.599571 -1272.138754 -503.585175
17.350000 1.981651 14.001932 -1356.112336 -595.158336
17.400000 2.013090 15.170983 -1292.409777 -519.383145
17.450000 1.993643 14.943425 -1305.945337 -540.386556
17.500000 2.015293 15.055583 -1298.876936 -525.004449
17.550000 1.984562 14.362104 -1337.113956 -575.042216
17.600000 2.021252 14.938143 -1307.757732 -531.597077
17.650000 1.981102 15.066425 -1301.117932 -540.374847
17.700000 2.026319 14.864043 -1306.858055 -528.751549
17.750000 1.985222 14.016371 -1349.552187 -587.226788
17.800000 2.005373 14.799963 -1315.652056 -545.588949
17.850000 1.976024 15.960437 -1255.935200 -497.142139
17.900000 2.008339 15.873627 -1264.801845 -493.599488
17.950000 1.972098 15.755196 -1264.396880 -507.111060
18.000000 2.037724 14.468137 -1331.668311 -549.182133
18.050000 1.969259 14.876637 -1307.634606 -551.439192
18.100000 2.003222 15.838168 -1265.525079 -496.287930
18.150000 2.025548 14.876942 -1312.312348 -534.501953
18.200000 1.973481 15.029346 -1299.270200 -541.453526
18.250000 1.968235 15.177766 -1291.171521 -535.369168
18.300000 1.984391 14.564600 -1326.102145 -564.096047
18.350000 1.985513 14.217385 -1341.475964 -579.039001
18.400000 1.977516 15.106187 -1304.827406 -545.461175
18.450000 1.986971 15.570186 -1278.952852 -515.955821
18.500000 2.004315 16.217440 -1244.787619 -475.130711
18.550000 2.032467 16.550202 -1227.252317 -446.785069
18.600000 2.017785 14.958578 -1308.040254 -533.210676
18.650000 1.990480 14.698665 -1313.552587 -549.208451
18.700000 2.010849 15.047571 -1297.156951 -524.990972
18.750000 2.006692 15.332353 -1287.009240 -516.439530
18.800000 1.995477 15.457294 -1277.108392 -510.845189
18.850000 1.996006 15.903142 -1246.703552 -480.237168
18.900000 1.998960 14.799235 -1310.239605 -542.638863
18.950000 2.005116 15.017093 -1301.321817 -531.357183
19.000000 1.981996 15.123549 -1295.768653 -534.682179
19.050000 1.991644 14.781685 -1316.225434 -551.434150
19.100000 1.977694 14.484334 -1329.722203 -570.287718
19.150000 2.002808 15.228356 -1298.926015 -529.847557
19.200000 2.006499 16.115307 -1254.870290 -484.374707
19.250000 2.016294 16.111782 -1256.491351 -482.234564
19.300000 1.965099 15.783245 -1264.613327 -510.015361
19.350000 2.026448 16.186717 -1243.312169 -465.156250
19.400000 1.985735 15.753670 -1262.353190 -499.830951
19.450000 1.999155 14.873574 -1306.589877 -538.914500
19.500000 1.986475 15.102932 -1297.046492 -534.239989
19.550000 1.982203 15.165048 -1297.845112 -536.679186
19.600000 1.974235 16.420610 -1227.667865 -469.561785
19.650000 2.043494 14.311682 -1337.543105 -552.841281
19.700000 1.995536 15.275597 -1286.301200 -520.015396
19.750000 2.008501 14.131372 -1346.954340 -575.689806
19.800000 2.007412 14.166183 -1346.004321 -575.158259
19.850000 1.977577 15.621050 -1270.834371 -511.444740
19.900000 1.984940 14.889746 -1307.661504 -545.444391
19.950000 1.990083 15.206198 -1293.652543 -529.460785
20.000000 2.020482 16.063703 -1248.857143 -472.991937
20.050000 2.021914 14.702594 -1322.075647 -545.660689
20.100000 2.007665 15.547772 -1277.372368 -506.429135
20.150000 1.983458 14.440593 -1336.516713 -574.868811
20.200000 2.009566 14.295221 -1344.258336 -572.585043
20.250000 1.991576 15.065933 -1298.082969 -533.317824
20.300000 1.959588 16.718781 -1207.120830 -454.638989
20.350000 2.026218 15.202041 -1291.303239 -513.235686
20.400000 1.959888 15.279356 -1286.985866 -534.389010
20.450000 1.984221 16.145867 -1246.878404 -484.937435
20.500000 2.045738 16.280722 -1239.058868 -453.495632
20.550000 1.968742 15.659363 -1265.854904 -509.858020
20.600000 2.014001 16.169157 -1246.597628 -473.221186
20.650000 2.006565 15.401701 -1289.323942 -518.802995
20.700000 1.952745 16.424578 -1230.566341 -480.712431
20.750000 1.983058 16.295927 -1236.093225 -474.598857
20.800000 2.013502 16.089346 -1250.321024 -477.136203
20.850000 2.010365 15.349032 -1286.098476 -514.118128
20.900000 2.004764 15.718341 -1265.293112 -495.463681
20.950000 1.989949 14.944670 -1306.666628 -542.526104
21.000000 2.003103 15.144530 -1294.846239 -525.654568
21.050000 2.017741 15.145924 -1291.733302 -516.920852
21.100000 1.998659 15.326854 -1283.723630 -516.238497
21.150000 2.007388 14.634556 -1316.910242 -546.073180
21.200000 1.989007 15.196045 -1286.389243 -522.610640
21.250000 1.992932 14.672106 -1316.421331 -551.135597
21.300000 2.004059 14.990821 -1298.805788 -529.247184
21.350000 1.992370 14.814126 -1309.363606 -544.293580
21.400000 2.036518 14.645781 -1320.627355 -538.604269
21.450000 1.991887 14.993999 -1302.485574 -537.600890
21.500000 2.015113 15.728636 -1264.171764 -490.368529
21.550000 1.982055 15.517931 -1280.531230 -519.422187
21.600000 1.994343 14.609863 -1329.673348 -563.845557
21.650000 2.006393 14.104295 -1351.427760 -580.972950
21.700000 1.987874 15.710699 -1264.791527 -501.447959
21.750000 1.956608 14.994249 -1301.256066 -549.918771
21.800000 2.003516 14.843959 -1312.820413 -543.470450
21.850000 1.991421 14.275056 -1339.641489 -574.935845
21.900000 2.013932 14.962412 -1302.371429 -529.021439
21.950000 1.994822 15.646780 -1265.800379 -499.788731
22.000000 2.017227 14.977056 -1301.972751 -527.357754
22.050000 2.008024 16.666629 -1210.995575 -439.914441
22.100000 1.982097 15.814723 -1262.332977 -501.207660
22.150000 2.024807 15.231181 -1290.444191 -512.918294
22.200000 1.990217 14.309411 -1334.462754 -570.219261
22.250000 1.968016 15.178317 -1286.379480 -530.661463
22.300000 2.015141 15.086227 -1295.726305 -521.912121
22.350000 1.991869 15.803352 -1262.548720 -497.671005
22.400000 1.997373 16.103715 -1242.937844 -475.946774
22.450000 1.967827 16.666749 -1212.748643 -457.103050
22.500000 2.018943 8.839630 -1319.149866 -543.875823
22.550000 1.983334 9.454742 -1278.302757 -516.702643
22.600000 1.982716 9.192609 -1283.312431 -521.949679
22.650000 2.028342 9.051504 -1292.172302 -513.289080
22.700000 1.979990 9.047459 -1287.140809 -526.824463
22.750000 2.015966 8.961236 -1296.779483 -522.648364
22.800000 2.006366 9.072080 -1284.487193 -514.042611
22.850000 2.003322 8.236873 -1336.430384 -567.154672
22.900000 1.985658 8.961926 -1301.600322 -539.107700
22.950000 1.990234 9.679517 -1266.051584 -501.801622
23.000000 2.010240 9.220078 -1289.799216 -517.867047
23.050000 1.997615 9.683048 -1254.557132 -487.472796
23.100000 2.023271 8.985460 -1292.856003 -515.919906
23.150000 1.970531 8.808669 -1297.966377 -541.282440
23.200000 2.000588 8.652903 -1307.369917 -539.143948
23.250000 1.990620 8.596141 -1314.375100 -549.976845
23.300000 1.995339 9.178486 -1285.725402 -519.515183
23.350000 2.005951 9.263957 -1280.641513 -510.356450
23.400000 2.005945 9.185985 -1286.030273 -515.747432
23.450000 2.012861 8.824542 -1304.637941 -531.699312
23.500000 1.993944 8.043670 -1346.292284 -580.617727
23.550000 2.024103 8.376767 -1331.594060 -554.338379
23.600000 2.013382 9.172074 -1285.977559 -512.838856
23.650000 1.997213 9.125063 -1288.988184 -522.058219
23.700000 2.004507 10.088490 -1231.157808 -461.427213
23.750000 2.011300 9.603472 -1260.406778 -488.067557
23.800000 1.991037 8.309156 -1336.493495 -571.935310
23.850000 1.982736 8.655302 -1317.253682 -555.882876
23.900000 2.019545 8.999068 -1299.112435 -523.606991
23.950000 1.969149 9.048916 -1293.236810 -537.083652
24.000000 2.003090 9.131606 -1290.655652 -521.468974
24.050000 1.993080 8.370720 -1336.112782 -570.769876
24.100000 2.006004 8.977099 -1300.534251 -530.228655
24.150000 1.991480 8.686587 -1312.575547 -547.847243
24.200000 2.004339 8.536784 -1326.591530 -556.925415
24.250000 2.006874 9.042949 -1299.107525 -528.467848
24.300000 2.006143 9.403956 -1267.345932 -496.987041
24.350000 1.987998 8.856491 -1303.971982 -540.580734
24.400000 1.986010 8.690751 -1317.840009 -555.212153
24.450000 1.991388 10.175106 -1231.253899 -466.560823
24.500000 2.035107 9.259125 -1293.021447 -511.540215
24.550000 1.994892 9.808853 -1254.118583 -488.079937
24.600000 1.995791 9.587143 -1257.712130 -491.328572
24.650000 1.983018 9.007362 -1287.657484 -526.178390
24.700000 2.044042 9.342309 -1276.918773 -492.006719
24.750000 1.953818 10.260399 -1221.263444 -470.997256
24.800000 2.005443 10.051686 -1239.855329 -469.765118
24.850000 2.001199 9.003811 -1294.666660 -526.206223
24.900000 1.993666 9.193661 -1282.512962 -516.945274
24.950000 2.021774 9.411785 -1271.406545 -495.045460
25.000000 2.032348 8.597555 -1314.644958 -534.223327
25.050000 2.011561 8.092902 -1334.699394 -562.259990
25.100000 1.999858 7.930833 -1343.224570 -575.279034
25.150000 1.985365 9.554206 -1259.761690 -497.381415
25.200000 1.998496 10.338710 -1221.919259 -454.496642
25.250000 2.002230 9.815421 -1251.706803 -482.850478
25.300000 1.981693 10.517654 -1212.246849 -451.276891
25.350000 2.048562 8.737100 -1317.355642 -530.707768
25.400000 1.999631 9.255577 -1279.989246 -512.131109
25.450000 2.012592 8.345490 -1330.711517 -557.876052
25.500000 1.972701 8.348428 -1328.988293 -571.471248
25.550000 1.986482 9.920575 -1247.290542 -484.481288
25.600000 2.012139 9.916213 -1254.113526 -481.452223
25.650000 2.010819 10.044624 -1243.780889 -471.626550
25.700000 1.997071 8.617719 -1321.360724 -554.485338
25.750000 2.023680 8.302008 -1331.705770 -554.612665
25.800000 1.987229 7.873931 -1352.660627 -589.564508
25.850000 2.001561 9.715585 -1254.143663 -485.544205
25.900000 1.988762 9.049678 -1291.622316 -527.937531
25.950000 1.994952 9.353628 -1272.543295 -506.481552
26.000000 1.985247 8.595215 -1316.608541 -554.273743
26.050000 1.986665 9.238713 -1281.516528 -518.637134
26.100000 2.035484 9.043711 -1303.783549 -522.157876
26.150000 1.999610 8.668917 -1316.081644 -548.231583
26.200000 1.994918 9.098257 -1291.235845 -525.187338
26.250000 2.007416 9.388303 -1277.684790 -506.837130
26.300000 2.005149 9.653927 -1259.579444 -489.602400
26.350000 1.989973 9.477984 -1271.000676 -506.851072
26.400000 2.003870 9.400878 -1275.942091 -506.456188
26.450000 1.970348 9.786624 -1253.525914 -496.912454
26.500000 2.010832 9.967461 -1248.916889 -476.757559
26.550000 1.981032 9.349875 -1277.955944 -517.239743
26.600000 2.014307 9.070873 -1293.013290 -519.519252
26.650000 1.989997 9.472075 -1276.171360 -512.012449
26.700000 2.016848 9.175326 -1294.077014 -519.607286
26.750000 1.972068 9.103382 -1294.085034 -536.811065
26.800000 2.025701 9.554825 -1268.671173 -490.801890
26.850000 2.004647 9.063390 -1294.172848 -524.388389
26.900000 2.001901 9.905509 -1244.461002 -475.730911
26.950000 1.991266 9.410203 -1274.781816 -510.135516
27.000000 1.998289 9.521342 -1265.843472 -498.500497
27.050000 2.010739 8.995744 -1297.238305 -525.114597
27.100000 2.018813 8.305366 -1335.287426 -560.063113
27.150000 2.015151 8.867497 -1300.699916 -526.881923
27.200000 1.998843 8.410632 -1329.553087 -561.997387
27.250000 1.960745 9.443084 -1271.639599 -518.713496
27.300000 2.019570 10.170715 -1233.269384 -457.754502
27.350000 2.019122 8.061004 -1356.565766 -581.222952
27.400000 1.984652 8.993448 -1299.709140 -537.602638
27.450000 2.021890 9.250089 -1287.854678 -511.448936
27.500000 1.976513 9.140023 -1292.461862 -533.480825
27.550000 1.990683 8.861798 -1310.794859 -546.372608
27.600000 2.031092 9.265106 -1284.291613 -504.352312
27.650000 2.008750 8.916002 -1301.133901 -529.773947
27.700000 1.999195 8.750028 -1316.114572 -548.423850
27.750000 1.981908 10.071285 -1236.691197 -475.638652
27.800000 2.019464 8.900194 -1302.178579 -526.704278
27.850000 1.981136 9.709456 -1261.591663 -500.835625
27.900000 1.983823 9.758610 -1256.721291 -494.933271
27.950000 2.003216 10.279126 -1220.272476 -451.037519
28.000000 1.997462 8.839839 -1305.800977 -538.775499
28.050000 1.995379 9.410451 -1266.627380 -500.402031
28.100000 1.988906 9.749708 -1244.219523 -480.479600
28.150000 2.014563 8.162376 -1335.812909 -562.220614
28.200000 1.983296 7.832816 -1351.781043 -590.195560
28.250000 1.994856 8.607005 -1309.489500 -543.464700
28.300000 1.992064 8.753378 -1302.296237 -537.343657
28.350000 1.998084 8.097951 -1342.605856 -575.341519
28.400000 1.992450 8.930501 -1292.866839 -527.765929
28.450000 1.985924 9.845889 -1253.821470 -491.226760
28.500000 2.036852 9.683431 -1264.573015 -482.421847
28.550000 1.990552 8.740370 -1313.015782 -548.643721
28.600000 1.981473 9.653161 -1252.658353 -491.772819
28.650000 2.029325 9.093573 -1290.977623 -511.716672
28.700000 1.992161 9.175183 -1288.762408 -523.772641
28.750000 2.005335 8.678048 -1323.091226 -553.042475
28.800000 1.989815 9.489489 -1273.844297 -509.755487
28.850000 1.993702 9.594722 -1265.776891 -500.195461
28.900000 1.988606 9.123501 -1290.901551 -527.277020
28.950000 2.020665 9.063835 -1298.922898 -522.987658
29.000000 1.996140 9.204870 -1285.875927 -519.358068
29.050000 2.009025 8.708810 -1314.651876 -543.186093
29.100000 2.020744 9.096184 -1288.900346 -512.934738
29.150000 1.992297 8.887764 -1293.394002 -528.351850
29.200000 1.971742 8.925428 -1286.982394 -529.833341
29.250000 2.001590 8.234222 -1333.291764 -564.681016
29.300000 2.009994 8.443474 -1321.932546 -550.094888
29.350000 1.981597 8.972990 -1289.904796 -528.971691
29.400000 1.983405 9.817129 -1242.860997 -481.233432
29.450000 2.018235 8.586117 -1317.217580 -542.215493
29.500000 2.025288 7.825048 -1357.844846 -580.134288
29.550000 1.980189 8.333698 -1321.899102 -561.506709
29.600000 1.991934 9.922597 -1241.271358 -476.368603
29.650000 2.010144 9.527197 -1272.389704 -500.494571
29.700000 2.000052 10.047484 -1237.653240 -469.633191
29.750000 2.003625 8.709571 -1308.154994 -538.763167
29.800000 2.000265 8.552666 -1309.665652 -541.564068
29.850000 2.005174 8.824363 -1294.422212 -524.435315
29.900000 2.005126 9.040194 -1283.809800 -513.841552
29.950000 1.995899 9.141694 -1280.683635 -514.258538
30.000000 1.997410 4.739888 -1249.621803 -482.616243
30.050000 2.002796 5.818368 -1182.114945 -413.041404
30.100000 2.009525 5.310296 -1220.809785 -449.152369
30.150000 2.002650 5.541296 -1207.196824 -438.179204
30.200000 1.988058 5.249814 -1224.817440 -461.403290
30.250000 2.019119 5.542532 -1209.189130 -433.847318
30.300000 2.005094 5.150086 -1232.368405 -462.412391
30.350000 2.006419 5.806401 -1185.866280 -415.401370
30.400000 1.993473 5.507836 -1199.819591 -434.326083
30.450000 2.013244 5.401753 -1205.794501 -432.708800
30.500000 1.998336 4.908172 -1242.514982 -475.154029
30.550000 2.001174 5.780464 -1193.701575 -425.250904
30.600000 2.007841 5.231882 -1223.102684 -452.091775
30.650000 1.983183 5.703938 -1188.042785 -426.500654
30.700000 1.991610 5.614421 -1198.210822 -433.432554
30.750000 2.026435 5.298124 -1217.955163 -439.804110
30.800000 2.003221 4.580244 -1257.740316 -488.503603
30.850000 1.981736 4.512695 -1263.326865 -502.340162
30.900000 1.990845 5.430487 -1212.607540 -448.123110
30.950000 1.981283 5.524078 -1204.880421 -444.067869
31.000000 2.005951 4.950168 -1243.840441 -473.555182
31.050000 1.980991 5.761005 -1194.777812 -434.077456
31.100000 1.995970 5.607782 -1205.400295 -438.947880
31.150000 2.009443 5.330782 -1216.517045 -444.891063
31.200000 1.990158 5.556999 -1202.858830 -438.638128
31.250000 1.990019 5.434845 -1212.653798 -448.486652
31.300000 2.015570 5.370958 -1219.807081 -445.828339
31.350000 1.984208 5.491602 -1212.549019 -450.613050
31.400000 1.983751 5.956808 -1182.646380 -420.886090
31.450000 1.999399 5.860562 -1186.160763 -418.391594
31.500000 1.987656 5.264704 -1227.019939 -463.760049
31.550000 2.009191 6.026887 -1179.488451 -407.959174
31.600000 2.008661 5.150920 -1228.736125 -457.410172
31.650000 2.007788 5.155817 -1223.878432 -452.887831
31.700000 2.011739 4.944782 -1235.763909 -463.256083
31.750000 1.983289 5.617689 -1192.039698 -430.456661
31.800000 2.029234 5.156728 -1223.112774 -443.887015
31.850000 2.016480 4.883497 -1237.228799 -462.900432
31.900000 1.998552 4.968027 -1236.329537 -468.885526
31.950000 1.997043 5.451900 -1207.748761 -440.884356
32.000000 1.986107 5.423702 -1207.950297 -445.285121
32.050000 1.987214 5.185844 -1222.216033 -459.125850
32.100000 1.992317 5.787016 -1181.559680 -416.509970
32.150000 2.012895 5.053320 -1231.381899 -458.430342
32.200000 2.005423 5.417804 -1213.012382 -442.929922
32.250000 1.997496 5.494882 -1209.676536 -442.638205
32.300000 2.015706 5.781584 -1193.861100 -419.830151
32.350000 2.009945 4.832108 -1245.782626 -473.963706
32.400000 2.006118 4.436138 -1263.731012 -493.381528
32.450000 1.995621 4.941996 -1236.040167 -469.721649
32.500000 1.984460 5.311419 -1209.335629 -447.303171
32.550000 2.028455 4.918966 -1240.670958 -461.744267
32.600000 1.973859 5.680204 -1191.344836 -433.383150
32.650000 2.008038 5.291326 -1220.613556 -449.526879
32.700000 1.964035 6.381964 -1150.348323 -396.158764
32.750000 2.026567 5.787743 -1196.912542 -418.710651
32.800000 2.019763 5.716392 -1199.593904 -424.004820
32.850000 1.997591 5.139426 -1234.804726 -467.729881
32.900000 1.988224 5.576100 -1207.784851 -444.306977
32.950000 2.021047 5.173083 -1225.625402 -449.543265
33.000000 2.000234 4.749151 -1246.832670 -478.742699
33.050000 1.975822 5.678267 -1194.027920 -435.312283
33.100000 2.016966 5.251086 -1223.043005 -448.528198
33.150000 2.006577 5.148641 -1215.093619 -444.568095
33.200000 1.990987 4.191619 -1268.291876 -503.752713
33.250000 2.005416 4.492471 -1252.530692 -482.450777
33.300000 1.983538 5.459766 -1197.850539 -436.172059
33.350000 1.991914 5.146580 -1225.170108 -460.274945
33.400000 1.976340 5.969141 -1174.239431 -415.324712
33.450000 2.017568 5.823127 -1191.143707 -416.397677
33.500000 2.003666 6.037239 -1169.948521 -400.540892
33.550000 2.004762 5.347364 -1214.330883 -444.502437
33.600000 2.016977 5.760114 -1186.845538 -412.326453
33.650000 2.004058 5.434621 -1208.361247 -438.802909
33.700000 2.006843 5.715074 -1195.325749 -424.698114
33.750000 1.985899 5.683377 -1200.806441 -438.221198
33.800000 2.019647 5.682393 -1199.542630 -423.998288
33.850000 1.980907 5.442406 -1206.095033 -445.426613
33.900000 2.028146 5.244184 -1218.932232 -440.124006
33.950000 1.999079 5.374094 -1207.937624 -440.291450
34.000000 1.997407 5.313145 -1219.790417 -452.786180
34.050000 2.014347 5.699346 -1197.642862 -424.133641
34.100000 1.979730 5.945414 -1179.097980 -418.881646
34.150000 2.017381 5.617492 -1193.852222 -419.177976
34.200000 2.008949 4.449148 -1261.605539 -490.169244
34.250000 1.993951 4.827203 -1231.486441 -465.809139
34.300000 2.002979 5.069536 -1219.858270 -450.714380
34.350000 2.018914 5.161735 -1219.444750 -444.181954
34.400000 2.026385 5.109797 -1219.646276 -441.514618
34.450000 2.002731 4.540516 -1257.399724 -488.351030
34.500000 2.009485 4.199773 -1283.383766 -511.741432
34.550000 1.983016 4.994362 -1232.762866 -471.284790
34.600000 1.987460 5.229455 -1225.302827 -462.118104
34.650000 2.012812 5.480512 -1214.353801 -441.434138
34.700000 2.008693 5.437018 -1216.707216 -445.369205
34.750000 1.978778 5.255611 -1221.675316 -461.824681
34.800000 2.003730 4.800893 -1251.528451 -482.096062
34.850000 2.035437 4.892316 -1246.661227 -465.053382
34.900000 1.991372 5.127649 -1226.702397 -462.015534
34.950000 1.999802 5.002547 -1238.027111 -470.103078
35.000000 2.011450 5.226572 -1222.436630 -450.039770
35.050000 2.025138 4.830890 -1246.146314 -468.493420
35.100000 1.998085 4.300176 -1276.550599 -509.285787
35.150000 1.961491 5.833913 -1181.904924 -428.692570
35.200000 2.018074 5.454120 -1206.441140 -431.500709
35.250000 2.010603 4.945332 -1233.443827 -461.372355
35.300000 1.979168 5.021341 -1232.219438 -472.218865
35.350000 2.024670 5.784790 -1185.082428 -407.609118
35.400000 2.016381 4.969767 -1229.692852 -455.402373
35.450000 1.991132 4.667068 -1251.093877 -486.499087
35.500000 2.013028 4.504757 -1262.673407 -489.670765
35.550000 2.005157 5.173778 -1209.597554 -439.617176
35.600000 1.993122 3.437747 -1321.670354 -556.311436
35.650000 2.000374 4.896199 -1234.546347 -466.402843
35.700000 2.000866 4.213448 -1282.751744 -514.419062
35.750000 1.983572 5.358568 -1207.335877 -445.644257
35.800000 1.994408 4.956826 -1237.923395 -472.070693
35.850000 2.013106 4.767638 -1249.110570 -476.078043
35.900000 2.005996 4.807247 -1243.978757 -473.676245
35.950000 1.997942 5.697956 -1191.611616 -424.401963
36.000000 2.005591 5.041223 -1234.710487 -464.563574
36.050000 1.988469 4.269121 -1279.732495 -516.160394
36.100000 1.986323 5.396995 -1207.907824 -445.159929
36.150000 1.989616 5.671603 -1194.666567 -430.654024
36.200000 2.014714 4.823135 -1244.903442 -471.253184
36.250000 2.003108 4.317235 -1271.740267 -502.546864
36.300000 1.994219 4.846087 -1232.127810 -466.347777
36.350000 1.994689 4.404136 -1267.236081 -501.275330
36.400000 2.002995 5.370741 -1203.442314 -434.292063
36.450000 2.003765 4.988972 -1227.208143 -457.762462
36.500000 2.003220 5.293141 -1211.116461 -441.880024
36.550000 1.978829 6.131528 -1158.362411 -398.492097
36.600000 2.020288 5.560258 -1198.221277 -422.430573
36.650000 2.003729 4.831212 -1246.088065 -476.655989
36.700000 2.003079 5.186404 -1219.510508 -450.328263
36.750000 2.020006 4.851597 -1240.949216 -465.266746
36.800000 2.005095 4.961078 -1228.881598 -458.925221
36.850000 1.977762 4.922625 -1235.533451 -476.072753
36.900000 2.016718 5.038006 -1239.555075 -465.135452
36.950000 2.012883 4.898070 -1244.128804 -471.181569
37.000000 1.993452 5.188282 -1218.890570 -453.405165
37.050000 1.999735 4.942414 -1230.761510 -462.863350
37.100000 2.010651 5.135985 -1223.529611 -451.439740
37.150000 1.999620 5.169438 -1225.405893 -457.551701
37.200000 2.005692 5.772203 -1184.599856 -414.414039
37.250000 2.013678 5.105309 -1220.494284 -447.241903
37.300000 1.981393 5.111742 -1224.111709 -463.256945
37.350000 2.014112 5.631298 -1196.393405 -422.974285
37.400000 1.989815 5.284108 -1221.934834 -457.845684
37.450000 2.008644 5.349502 -1224.391683 -453.072570
37.500000 2.013873 3.325150 -1071.896843 -298.569778
37.550000 2.018809 2.459184 -1129.944677 -354.722142
37.600000 1.988166 2.770251 -1108.790280 -345.334385
37.650000 1.970150 3.581093 -1056.541387 -300.003792
37.700000 2.006054 3.174748 -1082.945268 -312.620686
37.750000 1.994041 2.816842 -1106.370347 -340.658563
37.800000 2.005056 3.652384 -1054.101354 -284.159693
37.850000 1.996394 2.841620 -1111.999157 -345.383916
37.900000 1.997840 3.035295 -1088.958834 -321.788136
37.950000 1.991362 2.762040 -1109.084038 -344.401067
38.000000 1.983764 3.750936 -1048.057803 -286.292244
38.050000 2.016998 3.774767 -1052.854044 -278.326668
38.100000 1.987292 3.002502 -1103.437390 -340.317294
38.150000 2.013536 2.374741 -1148.723564 -375.525727
38.200000 1.993673 2.693346 -1124.294396 -358.723846
38.250000 1.987421 2.851653 -1112.383860 -349.214198
38.300000 2.030158 2.699552 -1124.295046 -344.714514
38.350000 1.997887 2.449671 -1141.347306 -374.158577
38.400000 1.979573 3.073461 -1101.905270 -341.749385
38.450000 2.009979 3.043344 -1108.996717 -337.164971
38.500000 1.998003 2.678326 -1131.917863 -364.684669
38.550000 1.999148 2.697649 -1125.316347 -357.643328
38.600000 1.982026 3.142868 -1089.307047 -328.208961
38.650000 2.001809 3.111491 -1093.982650 -325.287943
38.700000 1.992409 3.334364 -1080.953184 -315.868283
38.750000 2.004526 3.349059 -1080.326460 -310.588424
38.800000 1.997061 2.923436 -1106.974784 -340.103352
38.850000 2.008533 2.804340 -1109.179384 -337.902740
38.900000 2.001040 2.578962 -1120.869165 -352.469964
38.950000 1.987599 2.293202 -1141.192652 -377.954506
39.000000 1.986590 3.046889 -1089.713549 -326.862957
39.050000 1.991136 3.265688 -1077.697678 -313.101277
39.100000 2.029723 2.954811 -1102.465574 -323.051889
39.150000 1.986468 3.205192 -1084.680594 -321.876939
39.200000 2.005397 2.868840 -1118.565763 -348.493378
39.250000 2.019447 3.218901 -1095.583085 -320.115395
39.300000 2.005318 2.481813 -1153.103132 -383.061030
39.350000 2.002387 3.193565 -1108.475897 -339.559280
39.400000 1.989926 3.248939 -1106.999909 -342.868457
39.450000 2.011181 2.836797 -1133.392098 -361.098589
39.500000 1.996565 3.031882 -1111.318596 -344.637827
39.550000 2.007306 3.009976 -1103.111416 -332.306064
39.600000 2.011089 2.564173 -1126.259695 -354.001327
39.650000 1.985463 2.704396 -1116.225422 -353.807762
39.700000 1.990521 3.262065 -1087.328673 -322.968658
39.750000 2.015427 3.906822 -1045.791431 -271.867379
39.800000 2.006802 3.487745 -1075.893679 -305.281750
39.850000 2.008226 3.295301 -1088.116866 -316.958138
39.900000 1.984317 2.728257 -1127.036907 -365.059055
39.950000 2.004926 2.875817 -1118.520229 -348.628693
40.000000 2.009168 2.858803 -1116.593997 -345.073444
40.050000 2.004539 3.046680 -1102.409514 -332.666447
40.100000 1.991104 3.244814 -1091.019063 -326.435221
40.150000 2.005477 3.077580 -1104.654826 -334.551608
40.200000 1.995374 3.335963 -1087.320245 -321.096492
40.250000 1.990503 3.590629 -1077.854757 -313.501791
40.300000 1.989806 3.853717 -1057.073777 -292.988396
40.350000 2.012596 3.479735 -1081.008210 -308.171335
40.400000 1.990689 3.699098 -1057.636277 -293.211744
40.450000 2.020383 3.474726 -1070.196341 -294.369288
40.500000 1.991533 2.813568 -1107.550119 -342.801426
40.550000 2.001586 2.654482 -1118.295767 -349.686581
40.600000 1.992665 2.953786 -1101.342788 -336.159434
40.650000 2.006307 2.659127 -1123.270069 -352.847999
40.700000 1.997503 2.473837 -1141.381911 -374.340764
40.750000 1.980074 3.363818 -1084.150965 -323.802669
40.800000 1.995545 4.052358 -1039.828753 -273.539366
40.850000 2.007370 3.699573 -1063.170120 -292.340104
40.900000 1.982657 3.674126 -1064.079742 -302.739453
40.950000 2.003266 3.452487 -1084.441620 -315.187380
41.000000 2.006487 3.359213 -1093.038865 -322.547736
41.050000 2.033295 2.942165 -1116.445835 -335.660624
41.100000 1.998059 3.082643 -1094.629545 -327.374979
41.150000 1.982166 3.158439 -1088.413402 -327.261688
41.200000 2.003922 2.922569 -1111.078776 -341.572714
41.250000 1.996084 3.029892 -1103.507883 -337.011631
41.300000 1.998259 3.087175 -1098.843124 -331.511493
41.350000 2.005913 3.315392 -1082.905255 -312.634538
41.400000 1.996597 3.067607 -1100.310556 -333.617360
41.450000 2.000365 2.944119 -1109.893785 -341.753706
41.500000 1.981438 3.068876 -1098.334465 -337.462441
41.550000 2.008404 2.840640 -1104.699607 -333.472301
41.600000 2.017274 2.254771 -1137.989116 -363.355950
41.650000 2.007576 1.781491 -1169.534229 -398.625012
41.700000 1.974024 2.595347 -1120.630736 -362.605616
41.750000 2.020819 3.456924 -1066.821515 -290.826849
41.800000 2.022724 2.758295 -1115.010711 -338.284861
41.850000 1.988227 2.682267 -1123.114450 -359.635158
41.900000 2.008742 2.954071 -1107.435641 -336.078886
41.950000 2.013121 3.355617 -1076.130779 -303.092190
42.000000 1.992189 3.133029 -1093.474004 -328.473414
42.050000 2.004689 2.975622 -1105.187124 -335.386538
42.100000 2.001639 3.016494 -1103.181294 -334.551782
42.150000 1.998567 3.130486 -1098.423380 -330.973683
42.200000 1.988583 3.382918 -1079.439906 -315.823852
42.250000 2.023203 3.054329 -1098.618077 -321.708211
42.300000 2.000569 2.477396 -1137.419863 -369.201297
42.350000 2.004857 2.870618 -1113.502265 -343.637050
42.400000 1.974000 3.280307 -1084.744957 -326.728830
42.450000 2.006471 2.945027 -1113.741382 -343.256610
42.500000 1.988025 3.344168 -1079.083601 -315.681974
42.550000 2.004846 3.219474 -1087.039018 -317.178050
42.600000 2.016233 3.192308 -1089.133952 -314.900310
42.650000 1.975523 3.554610 -1067.821138 -309.220252
42.700000 2.001782 3.088493 -1108.911298 -340.226918
42.750000 1.986513 3.569387 -1074.760731 -311.939784
42.800000 2.017530 3.767069 -1069.275235 -294.543730
42.850000 1.992899 3.452472 -1088.575296 -323.302037
42.900000 2.010835 3.205645 -1104.777538 -332.616911
42.950000 1.991911 3.376508 -1090.439962 -325.546047
43.000000 1.996870 2.993141 -1112.622025 -345.824125
43.050000 2.012790 3.179754 -1096.757335 -323.846048
43.100000 1.978351 3.160224 -1098.719513 -339.032639
43.150000 2.013032 2.972511 -1119.980347 -346.975901
43.200000 1.998108 2.702238 -1140.488173 -373.214869
43.250000 1.997932 2.764757 -1132.372304 -365.166443
43.300000 1.982628 2.965913 -1116.396316 -355.067342
43.350000 2.022021 2.885823 -1122.773216 -346.317070
43.400000 1.984689 3.226358 -1094.723190 -332.602651
43.450000 2.008595 3.371424 -1092.756247 -321.455709
43.500000 2.000072 3.371224 -1096.420144 -328.392481
43.550000 2.013631 3.588100 -1074.309232 -301.074992
43.600000 2.000178 3.035652 -1101.658249 -333.589962
43.650000 2.008602 2.691268 -1122.704426 -351.401370
43.700000 1.990038 2.369265 -1148.628339 -384.453607
43.750000 2.014759 2.752935 -1126.461430 -352.793823
43.800000 1.996459 3.256533 -1089.318112 -322.678001
43.850000 1.992401 3.315402 -1091.978828 -326.896953
43.900000 1.992069 3.335435 -1095.876411 -330.921773
43.950000 2.017890 3.194575 -1104.834275 -329.964683
44.000000 1.989975 2.944316 -1117.799241 -353.648975
44.050000 2.012766 3.856638 -1052.476684 -279.574423
44.100000 2.012708 2.878889 -1118.534921 -345.654978
44.150000 1.998016 2.702327 -1124.055045 -356.816959
44.200000 1.990136 2.853701 -1108.922344 -344.709992
44.250000 1.985008 2.975133 -1104.209984 -341.967076
44.300000 2.018828 3.242121 -1095.187355 -319.957246
44.350000 1.992897 3.778699 -1054.940719 -289.668131
44.400000 1.993742 3.669009 -1061.655462 -296.058550
44.450000 2.018946 3.250532 -1087.111493 -311.836375
44.500000 2.007422 2.326295 -1148.275171 -377.425274
44.550000 1.970090 3.203728 -1088.775290 -332.260591
44.600000 2.018617 2.984084 -1113.629502 -338.480603
44.650000 1.982713 3.350148 -1086.153508 -324.791808
44.700000 1.997900 3.136042 -1105.082857 -337.889139
44.750000 1.996914 3.040102 -1105.741844 -338.927051
44.800000 1.987278 3.076276 -1101.647533 -338.532855
44.850000 2.007579 3.395198 -1089.998097 -319.087825
44.900000 2.009250 3.426237 -1087.354266 -315.802297
44.950000 1.997228 3.129077 -1103.301622 -336.366260
45.000000 2.003647 1.433911 -974.107923 -204.707319
45.050000 1.986015 1.769503 -938.841671 -176.211958
45.100000 1.998537 1.953813 -931.894191 -164.455821
45.150000 2.023430 2.032859 -932.412382 -155.415368
45.200000 1.991446 1.587727 -972.513070 -207.797963
45.250000 2.004627 1.938032 -943.021680 -173.244888
45.300000 1.984662 2.486347 -892.319694 -130.209450
45.350000 2.010789 1.550011 -973.183881 -201.040924
45.400000 1.982542 1.777717 -953.382644 -192.086511
45.450000 2.028934 1.963634 -942.252759 -163.142028
45.500000 1.990081 1.959193 -939.376004 -175.185040
45.550000 2.008343 1.578444 -974.503492 -203.299643
45.600000 1.988431 1.477700 -986.018918 -222.461273
45.650000 1.998206 2.047050 -940.478564 -173.167454
45.700000 1.999658 1.780087 -964.665577 -196.797019
45.750000 1.991826 1.933771 -953.792683 -188.931523
45.800000 2.015651 1.677799 -972.304894 -198.295052
45.850000 1.982741 1.974743 -935.834107 -174.461674
45.900000 1.993081 1.522981 -968.976612 -203.633677
45.950000 1.996341 1.397014 -976.312187 -209.717199
46.000000 2.000827 1.635970 -956.754074 -188.436669
46.050000 2.012142 1.294975 -989.005639 -216.343101
46.100000 1.996456 1.553364 -971.051783 -204.412509
46.150000 1.992749 1.829852 -952.449598 -187.233999
46.200000 2.006563 1.695192 -964.480173 -193.959959
46.250000 1.994146 1.397160 -990.535717 -224.783803
46.300000 2.003171 1.782488 -963.729777 -194.511939
46.350000 2.001631 1.808107 -966.364202 -197.738011
46.400000 2.003784 1.495855 -989.916311 -220.463404
46.450000 1.998629 1.513990 -985.452559 -217.978910
46.500000 1.989680 2.063765 -937.621508 -173.584476
46.550000 2.018061 1.511618 -983.298603 -208.363201
46.600000 1.963997 1.892878 -952.970271 -198.795250
46.650000 2.036681 1.925349 -957.130782 -175.045275
46.700000 1.991639 2.240569 -921.917239 -157.127754
46.750000 1.994880 1.683458 -964.275693 -198.241693
46.800000 2.002731 1.886533 -945.355045 -176.306154
46.850000 1.985614 1.991054 -936.389451 -173.913769
46.900000 2.023290 1.899769 -944.679273 -167.735820
46.950000 1.984182 1.843484 -949.092721 -187.166869
47.000000 1.989137 2.083593 -928.162813 -164.334337
47.050000 2.001062 1.836423 -947.244390 -178.836737
47.100000 2.003478 1.697938 -953.892933 -184.557518
47.150000 2.000699 1.736991 -946.553783 -178.285533
47.200000 1.991676 1.727839 -944.440760 -179.637358
47.250000 2.000559 1.431007 -963.310015 -195.095223
47.300000 2.002568 1.255053 -975.834267 -206.848268
47.350000 1.994912 1.116436 -993.187645 -227.141576
47.400000 2.000574 1.678153 -958.024069 -189.803645
47.450000 2.009456 1.647232 -969.427512 -197.796310
47.500000 1.976474 2.243647 -919.073168 -160.107311
47.550000 2.011056 1.875250 -956.865181 -184.619711
47.600000 2.010672 1.745334 -970.923350 -198.825125
47.650000 1.992952 1.923363 -954.002301 -188.708794
47.700000 2.017068 1.612862 -980.349364 -205.795306
47.750000 1.985214 2.113075 -938.799703 -176.477525
47.800000 2.015575 2.095400 -942.370110 -168.389500
47.850000 2.000452 1.640464 -976.189411 -208.015657
47.900000 1.987235 1.802168 -960.885975 -197.787805
47.950000 2.017262 1.912757 -948.962924 -174.334481
48.000000 1.993946 1.816363 -952.987775 -187.312376
48.050000 2.007697 1.915315 -940.438282 -169.482543
48.100000 2.002834 1.448330 -976.722399 -207.634331
48.150000 1.975932 1.872190 -939.551894 -180.793944
48.200000 1.993535 1.823065 -951.490801 -185.973537
48.250000 2.003922 1.962284 -945.987630 -176.481753
48.300000 2.003999 2.004087 -948.559587 -179.024003
48.350000 1.989994 2.071219 -942.699091 -178.541266
48.400000 1.996620 1.501901 -982.788042 -216.085843
48.450000 2.005306 0.934301 -1024.393406 -254.355717
48.500000 1.974324 1.382871 -987.152079 -229.011684
48.550000 2.006694 2.023319 -934.700838 -164.130393
48.600000 2.006386 1.869132 -942.383989 -171.931581
48.650000 2.001964 1.209606 -993.772841 -225.018709
48.700000 2.001087 1.266151 -991.678519 -223.261302
48.750000 1.998414 1.665449 -962.772095 -195.380989
48.800000 1.996280 1.964179 -946.665766 -180.094085
48.850000 1.988644 2.145024 -938.701691 -175.062299
48.900000 1.988344 2.348374 -925.374839 -161.850622
48.950000 2.006781 2.262567 -928.724057 -158.120323
49.000000 2.006961 1.608273 -973.351481 -202.678296
49.050000 1.997506 1.566353 -966.924239 -199.882025
49.100000 1.988782 1.880111 -939.420274 -175.727963
49.150000 1.998958 1.529052 -971.562772 -203.963018
49.200000 2.001140 1.584844 -970.683861 -202.245956
49.250000 1.994346 1.698449 -963.593834 -197.764941
49.300000 2.007421 1.985283 -939.177619 -168.328087
49.350000 1.985519 1.940157 -937.201059 -174.761943
49.400000 2.020674 1.939163 -943.359625 -167.420901
49.450000 1.988845 1.932473 -950.281316 -186.564771
49.500000 2.016381 2.135691 -929.628533 -155.338404
49.550000 2.004238 1.451646 -981.917824 -212.290380
49.600000 1.996716 1.682160 -968.501395 -201.762487
49.650000 1.988840 1.690287 -977.284306 -213.569623
49.700000 1.984164 2.053430 -947.235985 -185.317134
49.750000 2.033703 1.730458 -970.276791 -189.335014
49.800000 1.989691 1.712138 -963.500028 -199.458635
49.850000 2.004611 1.580444 -973.609794 -203.839014
49.900000 2.000234 1.743683 -959.920903 -191.830956
49.950000 2.005927 1.945383 -948.325155 -178.049094
50.000000 1.997065 1.982335 -952.389507 -185.516533
50.050000 2.006394 2.373735 -921.103537 -150.648052
50.100000 2.015958 1.464520 -989.384642 -215.256846
50.150000 1.995610 1.655411 -959.041403 -192.727088
50.200000 1.978503 1.481184 -978.096312 -218.351022
50.250000 2.012222 2.080446 -933.473942 -160.780794
50.300000 1.980538 1.773825 -961.066018 -200.539602
50.350000 2.010791 1.926288 -956.012052 -183.868467
50.400000 1.986275 1.920004 -959.290272 -196.560790
50.450000 2.012781 1.859775 -962.066183 -189.158304
50.500000 1.976503 1.628382 -975.264312 -216.287271
50.550000 2.005495 1.988733 -943.456609 -173.346690
50.600000 2.006139 1.835949 -952.363235 -182.005940
50.650000 2.006420 1.714593 -960.691580 -190.226392
50.700000 2.002432 1.490883 -983.289810 -214.356056
50.750000 2.004043 2.018123 -950.727860 -181.175531
50.800000 2.010129 2.060265 -953.022781 -181.133383
50.850000 1.996612 2.179261 -943.860680 -177.161523
50.900000 2.004463 2.336382 -928.666374 -158.952470
50.950000 1.997630 1.716318 -978.189052 -211.099264
51.000000 1.990845 2.135804 -940.128539 -175.644169
51.050000 1.987146 2.462529 -908.351025 -145.286874
51.100000 1.992755 1.909683 -955.452275 -190.234207
51.150000 1.989025 2.268906 -929.867843 -166.082172
51.200000 2.019675 2.095713 -948.746786 -173.191750
51.250000 2.001691 2.307867 -928.937396 -160.288008
51.300000 2.009631 2.084655 -945.201690 -173.503404
51.350000 1.994726 1.856603 -958.091938 -192.117313
51.400000 2.000683 2.032992 -937.916676 -169.654233
51.450000 1.999449 1.890376 -946.435648 -178.647187
51.500000 2.017435 1.620931 -962.119925 -187.425056
51.550000 1.991387 1.768273 -947.714046 -183.021369
51.600000 2.004239 1.685690 -964.665683 -195.037809
51.650000 1.996705 1.746533 -964.476223 -197.741674
51.700000 1.987494 1.693218 -969.693792 -206.496008
51.750000 2.009148 1.622020 -979.153060 -207.640179
51.800000 2.001854 1.671733 -976.074500 -207.362578
51.850000 1.985861 2.018772 -950.478492 -187.908000
51.900000 2.011031 2.329444 -928.151059 -155.915338
51.950000 2.001241 1.911683 -963.532894 -195.056414
52.000000 2.006203 1.809945 -960.978358 -190.596519
52.050000 2.007626 1.597381 -975.028607 -204.100402
52.100000 1.996110 1.735576 -969.404267 -202.897839
52.150000 2.016072 1.866191 -962.981920 -188.810227
52.200000 1.996855 1.815831 -966.720890 -199.928522
52.250000 1.986696 1.844076 -962.263596 -199.372281
52.300000 2.008459 1.497667 -992.184090 -220.935712
52.350000 1.999712 1.748119 -977.256223 -209.366987
52.400000 2.018320 2.132329 -947.751508 -172.716459
52.450000 2.005348 1.565015 -984.724253 -214.670567
52.500000 2.004627 0.901504 -810.840934 -41.064273
52.550000 1.987596 0.975521 -800.549002 -37.311969
52.600000 2.003074 0.594133 -847.866205 -78.685616
52.650000 1.990523 1.175127 -792.923837 -28.562882
52.700000 2.003787 1.001324 -812.168895 -42.714789
52.750000 1.990094 1.062785 -807.077788 -42.881609
52.800000 2.003090 1.138875 -804.039191 -34.852477
52.850000 2.000647 1.100601 -812.577973 -44.329653
52.900000 2.002405 1.632868 -761.002580 7.921033
52.950000 2.016107 1.344385 -792.997472 -18.812216
53.000000 2.012956 1.300053 -791.494049 -18.519084
53.050000 1.998805 1.020401 -810.138849 -42.597682
53.100000 1.998512 0.866386 -820.074188 -52.645591
53.150000 2.002570 0.810544 -831.013628 -62.026701
53.200000 1.997116 1.317606 -786.340224 -19.447771
53.250000 1.996605 1.352127 -785.257970 -18.561647
53.300000 1.999551 1.050615 -814.786731 -46.959325
53.350000 1.996358 0.982156 -815.968614 -49.367152
53.400000 1.993961 0.954411 -816.377541 -50.696525
53.450000 2.009804 1.110818 -803.258659 -31.493981
53.500000 1.995342 1.249267 -796.476274 -30.264884
53.550000 2.004097 1.276252 -793.285525 -23.712189
53.600000 1.985838 1.057224 -804.961348 -42.399414
53.650000 1.988556 1.014980 -798.558482 -34.952990
53.700000 2.016589 0.775615 -809.199801 -34.829578
53.750000 1.996405 0.414164 -834.304246 -67.684602
53.800000 2.009520 0.624561 -813.285688 -41.629948
53.850000 1.985036 0.787329 -806.684733 -44.431021
53.900000 2.006622 0.944396 -808.827712 -38.284994
53.950000 1.995730 1.104878 -800.406966 -34.046675
54.000000 1.992260 1.280184 -785.536160 -20.508417
54.050000 1.993918 1.327898 -784.793715 -19.129086
54.100000 2.003732 1.319472 -785.840822 -16.407678
54.150000 1.997729 1.312640 -787.776602 -20.648746
54.200000 2.007470 1.167394 -799.645900 -28.777311
54.250000 2.000633 0.949661 -822.702756 -54.459726
54.300000 1.987205 1.283160 -788.678751 -25.592145
54.350000 1.997185 1.059273 -811.128320 -44.209182
54.400000 2.000891 1.040238 -804.597345 -36.255384
54.450000 1.987892 0.971922 -811.331227 -47.980800
54.500000 1.997417 1.137620 -802.347255 -35.339048
54.550000 1.996604 1.046203 -819.323577 -52.627623
54.600000 1.999241 1.411084 -790.904394 -23.195943
54.650000 1.992687 1.415890 -800.041939 -34.850265
54.700000 2.006331 1.294996 -811.836935 -41.405802
54.750000 2.013901 1.218133 -802.923873 -29.585701
54.800000 2.005887 1.038480 -804.452540 -34.191823
54.850000 2.006353 0.806927 -813.681480 -43.242041
54.900000 1.994225 0.372784 -851.277213 -85.494650
54.950000 1.990053 0.822537 -806.539154 -42.358673
55.000000 1.992659 1.000505 -794.738262 -29.557291
55.050000 2.001334 1.112662 -791.208360 -22.696130
55.100000 2.010521 0.822186 -825.143756 -53.103651
55.150000 1.992147 0.948213 -816.194678 -51.210234
55.200000 1.996508 1.282693 -789.411111 -22.751883
55.250000 2.007307 1.266027 -791.455179 -20.649374
55.300000 1.998788 1.190643 -794.208741 -26.673979
55.350000 2.003256 1.026126 -810.249557 -40.999194
55.400000 1.996476 0.949073 -818.952403 -52.305803
55.450000 1.997913 1.204792 -799.230530 -32.032001
55.500000 1.998989 1.374382 -793.030748 -25.418901
55.550000 1.987558 1.336829 -798.593737 -35.371374
55.600000 2.018512 1.068743 -822.611951 -47.503514
55.650000 2.007067 0.973591 -830.054353 -59.340497
55.700000 1.986539 1.211613 -811.144851 -48.313807
55.750000 2.010525 1.275613 -805.078819 -33.037116
55.800000 2.007865 1.151028 -812.497180 -41.476930
55.850000 1.999817 1.081586 -820.173968 -52.244398
55.900000 1.992423 1.136411 -817.221267 -52.130804
55.950000 2.000690 1.379957 -786.994205 -18.729359
56.000000 1.999866 1.313749 -787.869730 -19.921177
56.050000 1.994268 1.230093 -798.258159 -32.459219
56.100000 2.000398 1.061281 -812.552813 -44.399847
56.150000 1.988909 1.079275 -805.030638 -41.289457
56.200000 2.012345 0.929740 -810.977864 -38.237253
56.250000 1.987777 0.944644 -800.327460 -37.020905
56.300000 1.991474 1.055109 -791.151989 -26.425845
56.350000 1.998380 1.012336 -805.369508 -37.991521
56.400000 2.005142 1.389155 -773.329337 -3.354796
56.450000 2.012178 0.907363 -824.778456 -52.102013
56.500000 1.984117 0.911361 -824.858312 -62.957445
56.550000 1.994022 1.274679 -789.999312 -24.294703
56.600000 2.002231 0.911064 -823.962092 -55.105203
56.650000 1.982136 1.074214 -804.228176 -43.087967
56.700000 1.995952 1.186583 -795.403506 -28.957959
56.750000 2.001690 1.153719 -801.849255 -33.200374
56.800000 2.001584 1.022146 -813.623196 -45.014904
56.850000 1.988512 0.980819 -818.654723 -55.066221
56.900000 2.012490 0.964527 -820.529905 -47.733795
56.950000 1.994178 0.970960 -809.177151 -43.412635
57.000000 1.989525 1.078390 -801.641579 -37.664133
57.050000 2.016367 1.120583 -802.718446 -28.433354
57.100000 1.980682 0.958319 -817.751140 -57.169146
57.150000 2.000158 1.235120 -795.337069 -27.276487
57.200000 2.018388 1.259047 -796.886139 -21.825229
57.250000 1.996309 1.208957 -804.320801 -37.738165
57.300000 2.014426 1.276851 -798.522121 -24.982558
57.350000 1.991375 1.285925 -793.417787 -28.729624
57.400000 2.006740 1.110661 -810.826970 -40.238661
57.450000 1.992020 0.993917 -825.273641 -60.337791
57.500000 2.012420 1.184541 -803.724006 -30.954585
57.550000 1.992924 0.937975 -819.765864 -54.483121
57.600000 1.995261 1.043217 -800.917923 -34.737687
57.650000 2.002886 0.637037 -835.775374 -66.667013
57.700000 2.001291 0.924125 -802.276877 -33.781037
57.750000 2.005175 0.747691 -819.377854 -49.390499
57.800000 2.000247 1.168708 -773.027681 -4.932930
57.850000 1.995773 0.824807 -812.716618 -46.339834
57.900000 2.013593 1.026930 -795.737034 -22.517280
57.950000 2.008591 0.963989 -807.271649 -35.972681
58.000000 2.003183 0.743593 -836.214450 -66.992046
58.050000 1.990035 1.196188 -796.118899 -31.945378
58.100000 1.995854 1.187914 -805.879776 -39.471655
58.150000 2.023696 1.171580 -804.102544 -27.003273
58.200000 1.997258 1.004774 -816.008426 -49.061373
58.250000 1.995468 1.246612 -790.673968 -24.414422
58.300000 2.020072 1.012284 -812.979080 -37.271258
58.350000 2.002136 0.988244 -822.488489 -53.668422
58.400000 1.990044 1.548253 -777.568667 -13.391904
58.450000 2.000785 1.445487 -793.573079 -25.271463
58.500000 1.994030 1.283910 -802.239469 -36.532096
58.550000 2.006698 1.265571 -796.928907 -26.356810
58.600000 2.000332 1.129388 -809.330747 -41.203288
58.650000 2.011462 1.185678 -800.077569 -27.676273
58.700000 2.005346 0.743815 -838.136330 -68.083309
58.750000 1.991621 1.044060 -802.816786 -38.034254
58.800000 1.997542 0.756872 -832.579119 -65.523056
58.850000 2.002380 0.891963 -821.220845 -52.306766
58.900000 1.989788 1.266692 -789.377454 -25.299052
58.950000 1.994239 1.048355 -820.872814 -55.084960
59.000000 2.000418 1.010681 -826.454775 -58.294302
59.050000 2.002026 1.202432 -802.633498 -33.855702
59.100000 2.007634 1.058879 -807.997056 -37.065479
59.150000 1.991881 0.941281 -818.319802 -53.437396
59.200000 2.002746 1.063149 -811.755500 -42.701050
59.250000 2.007367 1.169188 -806.905662 -36.076828
59.300000 2.002778 1.142012 -809.978665 -40.911795
59.350000 2.004710 0.918817 -837.191019 -67.382322
59.400000 1.998154 1.293486 -805.183850 -37.892838
59.450000 2.003400 1.364502 -805.478733 -36.173152
59.500000 1.996227 1.406195 -800.428412 -33.877059
59.550000 1.990535 1.242400 -814.693205 -50.327809
59.600000 2.006114 1.072341 -826.657789 -56.309933
59.650000 2.004565 0.947104 -834.335059 -64.582228
59.700000 1.998402 0.955564 -826.928612 -59.542376
59.750000 2.010151 1.027400 -813.134095 -41.236109
59.800000 1.996669 1.073475 -802.539527 -35.818599
59.850000 2.014021 0.981362 -812.403596 -39.019480
59.900000 1.999944 0.852590 -823.404469 -55.425920
59.950000 1.997363 0.965707 -814.926931 -47.939367
60.000000 1.999574 0.498230 -642.784156 125.052325
60.050000 1.982765 0.754561 -614.497251 146.884484
60.100000 2.010789 0.789234 -619.921848 152.221203
60.150000 1.988289 0.798101 -618.494255 145.008602
60.200000 1.996799 0.623942 -638.532837 128.237959
60.250000 1.998008 0.700892 -624.652865 142.582390
60.300000 2.005613 0.410891 -655.365312 114.790198
60.350000 1.992562 0.531025 -638.344663 126.799113
60.400000 1.997407 0.719900 -618.569680 148.434777
60.450000 2.004546 0.636322 -634.223221 135.522314
60.500000 1.992604 0.767007 -624.191147 140.968852
60.550000 2.003961 0.922328 -609.895511 159.625445
60.600000 1.995672 0.849834 -619.744525 146.593520
60.650000 2.002336 0.714968 -635.449599 133.447596
60.700000 1.995048 0.720033 -633.361312 132.736939
60.750000 1.996952 0.699197 -639.809901 127.019646
60.800000 2.003238 0.852339 -619.749283 149.494062
60.850000 1.995837 0.585540 -651.306154 115.095422
60.900000 1.994358 0.858696 -617.819235 148.014295
60.950000 2.007723 0.775230 -633.175376 137.790438
61.000000 2.008615 0.708065 -641.889332 129.418941
61.050000 2.014821 0.699831 -643.694251 129.997047
61.100000 2.005503 0.677214 -643.923703 126.189436
61.150000 1.999183 0.626790 -648.503325 119.182879
61.200000 2.000623 0.650622 -644.182660 124.056422
61.250000 2.005137 0.530212 -655.650345 114.322328
61.300000 1.987863 0.628129 -645.062127 118.277275
61.350000 2.005878 0.812595 -629.912989 140.343993
61.400000 1.993888 0.811149 -632.009190 133.643780
61.450000 2.000186 0.817408 -630.644410 137.426981
61.500000 1.989669 0.929658 -614.457627 149.575246
61.550000 2.025203 0.735322 -631.594625 146.083423
61.600000 1.999009 0.508016 -653.324316 114.295201
61.650000 1.996175 0.633858 -641.080109 125.451018
61.700000 1.988720 0.761420 -631.309761 132.358531
61.750000 2.010750 0.789090 -627.714329 144.413525
61.800000 2.002283 0.585344 -646.422857 122.453981
61.850000 1.989556 0.685335 -633.135388 130.854265
61.900000 2.004274 0.667079 -640.070437 129.570678
61.950000 2.004251 0.717229 -635.506831 134.125363
62.000000 1.997192 0.522240 -659.970362 106.951337
62.050000 1.993410 0.699508 -639.517989 125.951514
62.100000 2.009304 0.736267 -633.690335 137.882479
62.150000 2.000793 0.548366 -651.349280 116.955394
62.200000 1.995938 0.533767 -650.232380 116.207840
62.250000 2.003940 0.591178 -644.838189 124.674754
62.300000 1.997964 0.699007 -637.010484 130.207657
62.350000 2.000787 0.877032 -621.970380 146.331759
62.400000 2.018879 0.810589 -634.626289 140.623243
62.450000 1.998354 0.642111 -649.916023 117.451849
62.500000 1.998544 0.633844 -651.686578 115.754319
62.550000 2.004734 0.606168 -658.147714 111.670049
62.600000 1.995654 0.655744 -653.037292 113.293747
62.650000 1.991477 0.587454 -672.549324 92.177965
62.700000 1.997946 0.912624 -640.457258 126.753883
62.750000 2.003752 1.029746 -624.827845 144.612974
62.800000 2.005508 0.678439 -663.353742 106.761189
62.850000 1.997758 0.639508 -657.250651 109.888455
62.900000 2.001565 0.481349 -669.736174 98.864834
62.950000 1.999182 0.611340 -651.112428 116.573463
63.000000 2.000924 0.610998 -652.406926 115.947869
63.050000 2.009630 0.491767 -667.415454 104.282555
63.100000 1.996694 0.629561 -653.136314 113.594372
63.150000 2.004463 0.779273 -638.082558 131.631189
63.200000 2.000706 0.690207 -646.874578 121.396415
63.250000 1.994242 0.497859 -669.987418 95.801389
63.300000 2.000565 0.800764 -630.061213 138.155780
63.350000 1.998902 0.540588 -661.586647 105.991727
63.400000 1.992162 0.525789 -658.882924 106.107360
63.450000 2.002050 0.495888 -662.817033 105.970025
63.500000 1.995526 0.523274 -661.113282 105.168668
63.550000 2.003311 0.619989 -654.310373 114.960922
63.600000 2.003891 0.567782 -664.646182 104.847817
63.650000 1.986330 0.619123 -666.925095 95.825667
63.700000 1.999389 0.911462 -637.666469 130.098907
63.750000 1.999446 0.824389 -649.547223 118.240055
63.800000 1.998675 0.871932 -643.288939 124.202177
63.850000 1.990978 0.769690 -659.195207 105.340313
63.900000 1.998875 0.962218 -636.729076 130.838962
63.950000 2.005205 0.853010 -648.449622 121.549009
64.000000 2.007981 0.550635 -683.792887 87.271654
64.050000 1.993905 0.775948 -656.651855 109.007706
64.100000 2.003168 0.674782 -674.281862 94.934673
64.150000 2.013717 0.715909 -664.521258 108.746097
64.200000 1.991331 0.576459 -674.321448 90.349840
64.250000 1.994478 0.765343 -650.724968 115.154734
64.300000 1.989374 0.854950 -644.518142 119.401319
64.350000 2.014135 0.818914 -649.893042 123.534869
64.400000 2.003453 0.722703 -656.775345 112.550687
64.450000 1.995332 0.708947 -659.506557 106.701028
64.500000 1.999239 1.025229 -620.642256 147.065583
64.550000 2.013409 0.593551 -669.060638 104.088319
64.600000 1.990845 0.504690 -675.115750 89.368638
64.650000 1.993472 0.790797 -644.155421 121.338016
64.700000 2.010519 0.703697 -654.187692 117.851731
64.750000 1.992711 0.651485 -657.093958 108.107171
64.800000 1.994719 0.879059 -628.723227 137.248945
64.850000 1.999417 0.593746 -656.694817 111.081387
64.900000 1.999134 0.773345 -622.738884 144.928521
64.950000 1.990392 0.564856 -646.180960 118.129741
65.000000 2.000495 0.810688 -617.679431 150.510780
65.050000 2.004664 0.705707 -639.267162 130.523784
65.100000 1.998266 0.964458 -610.542877 156.791438
65.150000 2.008369 0.643046 -654.791328 116.422270
65.200000 1.990362 0.801089 -634.849152 129.449898
65.250000 1.999807 0.752092 -646.834386 121.091569
65.300000 2.004808 0.649880 -663.319783 106.526619
65.350000 2.017940 0.681932 -663.407869 111.480927
65.400000 1.992463 0.737159 -660.903134 104.202721
65.450000 2.005552 0.829731 -658.028475 112.103483
65.500000 1.986968 1.019169 -638.758662 124.237179
65.550000 2.012492 0.757128 -667.250178 105.546702
65.600000 2.002362 0.537774 -686.235735 82.671323
65.650000 1.989011 0.570876 -683.328165 80.452005
65.700000 1.997347 0.882077 -646.230391 120.751030
65.750000 1.994637 0.717318 -671.434950 94.505581
65.800000 1.990813 0.793270 -665.067680 99.404653
65.850000 2.014884 0.857583 -654.416941 119.298477
65.900000 1.999019 0.730444 -659.879959 107.743409
65.950000 1.996339 0.637618 -666.785736 99.808413
66.000000 2.002002 0.872997 -635.523649 133.245122
66.050000 2.008214 0.639989 -662.104618 109.049576
66.100000 2.004175 0.520209 -667.133316 102.470027
66.150000 1.991899 0.570305 -662.058965 102.830225
66.200000 2.001214 1.011761 -612.981213 155.485017
66.250000 2.003843 0.843644 -633.785710 135.690007
66.300000 1.996091 0.853776 -628.985244 137.513793
66.350000 2.007963 0.800467 -629.077173 141.980561
66.400000 1.998900 0.673510 -640.158904 127.418585
66.450000 1.997322 0.628772 -647.264294 119.707422
66.500000 1.999817 0.678929 -640.527857 127.401942
66.550000 1.995496 0.585438 -654.049671 112.220812
66.600000 2.005929 0.629113 -657.199630 113.076925
66.650000 1.990692 1.007410 -615.651366 148.774188
66.700000 2.020513 0.724181 -649.243061 126.634051
66.750000 2.006032 0.577706 -657.791021 112.525436
66.800000 1.978514 0.684865 -643.557184 116.192018
66.850000 2.010721 0.650898 -650.348057 121.768804
66.900000 1.989399 0.625571 -657.414504 106.514580
66.950000 2.002404 0.809908 -635.790089 133.133207
67.000000 2.006637 0.708777 -641.095628 129.452844
67.050000 2.000448 0.496457 -662.818483 105.353576
67.100000 1.999067 0.650099 -642.526529 125.115193
67.150000 2.012357 0.530899 -655.220460 117.524544
67.200000 1.982476 0.527506 -657.129883 104.140799
67.250000 2.010240 0.709736 -641.466787 130.465231
67.300000 2.008864 0.786063 -635.165214 136.238518
67.350000 2.000301 0.750741 -640.952642 127.162770
67.400000 1.995529 0.601063 -656.988643 109.294325
67.450000 2.007437 0.690577 -643.262040 127.593665
