# t Temp Pres Epot Etot
0.000000 1.976545 28.322989 -1427.043127 -668.049846
0.050000 2.016401 28.768955 -1408.657179 -634.359319
0.100000 2.018021 27.568941 -1464.955006 -690.034829
0.150000 1.964371 27.918574 -1445.174907 -690.856356
0.200000 2.002750 28.774358 -1410.158596 -641.102441
0.250000 1.992570 28.781812 -1412.019202 -646.872152
0.300000 1.993559 29.457823 -1378.391380 -612.864749
0.350000 2.019930 28.386824 -1424.357308 -648.704126
0.400000 1.985379 29.822980 -1360.478811 -598.093165
0.450000 1.990368 28.838721 -1405.806657 -641.505189
0.500000 2.017632 27.843427 -1452.798522 -678.027985
0.550000 1.964620 29.342967 -1383.196881 -628.782619
0.600000 2.006941 29.621605 -1369.187112 -598.521718
0.650000 1.997838 27.412000 -1470.035491 -702.865581
0.700000 1.995456 29.077766 -1395.498725 -629.243671
0.750000 2.009733 30.171059 -1345.620025 -573.882469
0.800000 2.013337 28.587251 -1418.092125 -644.970647
0.850000 1.983105 28.285780 -1430.042592 -668.530190
0.900000 1.995247 29.043647 -1395.907484 -629.732825
0.950000 1.980057 28.040485 -1440.766141 -680.424184
1.000000 1.987610 29.961875 -1355.449052 -592.206768
1.050000 1.999691 30.020335 -1352.109684 -584.228154
1.100000 1.985160 29.175071 -1386.896862 -624.595383
1.150000 2.020918 28.106929 -1436.979086 -660.946591
1.200000 1.941961 28.743530 -1405.610778 -659.897810
1.250000 2.026687 28.069383 -1440.608185 -662.360268
1.300000 1.945052 29.057909 -1395.156326 -648.256359
1.350000 2.075721 30.111089 -1354.632980 -557.556276
1.400000 1.992795 29.950685 -1354.465228 -589.232104
1.450000 1.982297 29.954434 -1357.468372 -596.266510
1.500000 2.013812 28.711610 -1413.803680 -640.499792
1.550000 1.986712 27.705146 -1455.875751 -692.978260
1.600000 2.013738 27.968000 -1444.997399 -671.722190
1.650000 2.031239 28.465908 -1423.484709 -643.489038
1.700000 1.955223 28.545149 -1417.026410 -666.220958
1.750000 2.024374 28.814626 -1407.657415 -630.297661
1.800000 1.964128 29.813799 -1361.959231 -607.734244
1.850000 2.040718 28.291674 -1433.536950 -649.901245
1.900000 1.960449 28.052101 -1437.548609 -684.736210
1.950000 1.964365 29.634420 -1367.824443 -613.508329
2.000000 2.024188 29.942617 -1357.907620 -580.619573
2.050000 1.991046 27.732088 -1455.755469 -691.193978
2.100000 1.992936 28.624828 -1416.264914 -650.977620
2.150000 2.032299 28.362047 -1428.451965 -648.048960
2.200000 2.005801 28.151475 -1435.649850 -665.422318
2.250000 2.020655 29.185668 -1390.461705 -614.530116
2.300000 1.965558 30.025805 -1351.089859 -596.315532
2.350000 2.049732 28.826475 -1406.992860 -619.895856
2.400000 1.985129 27.898104 -1448.085993 -685.796570
2.450000 1.978307 29.225979 -1388.646991 -628.976921
2.500000 2.016491 29.039343 -1397.065630 -622.732962
2.550000 2.040599 29.212003 -1389.342285 -605.752359
2.600000 1.994331 27.658111 -1459.494862 -693.671758
2.650000 2.009260 28.949118 -1400.025029 -628.469178
2.700000 2.026304 28.665398 -1419.740865 -641.639983
2.750000 2.012353 28.739893 -1412.566489 -639.822772
2.800000 2.031522 29.308614 -1386.698105 -606.593502
2.850000 1.981750 29.374535 -1381.728224 -620.736282
2.900000 2.005918 27.734469 -1453.924748 -683.652144
2.950000 1.975034 28.044017 -1440.629416 -682.216524
3.000000 1.966218 28.969100 -1399.029510 -644.001668
3.050000 2.049280 29.556316 -1375.124675 -588.201123
3.100000 1.999630 29.703516 -1365.209780 -597.351868
3.150000 1.983995 28.675369 -1413.413405 -651.559206
3.200000 2.000497 29.506234 -1380.166577 -611.975562
3.250000 1.973944 29.295675 -1386.170553 -628.176048
3.300000 2.031008 29.527651 -1377.243423 -597.336353
3.350000 2.005672 27.747808 -1454.713494 -684.535579
3.400000 1.966904 28.924175 -1402.114269 -646.823103
3.450000 2.017126 29.111935 -1396.942276 -622.365985
3.500000 1.994905 28.144938 -1439.267037 -673.223648
3.550000 1.983926 28.038348 -1441.371308 -679.543576
3.600000 2.014656 27.615747 -1462.515196 -688.887342
3.650000 1.996911 28.839250 -1407.450030 -640.636105
3.700000 2.013917 29.651673 -1370.273879 -596.929759
3.750000 2.022359 28.482522 -1423.626895 -647.041105
3.800000 1.954211 29.281640 -1384.147193 -633.730337
3.850000 1.998311 30.283941 -1340.464368 -573.113096
3.900000 2.029818 28.516722 -1422.224811 -642.774669
3.950000 1.978213 28.460312 -1423.896468 -664.262694
4.000000 2.035678 29.527963 -1378.807255 -597.106960
4.050000 1.963294 29.950250 -1357.367312 -603.462554
4.100000 2.024116 27.874725 -1450.958204 -673.697763
4.150000 1.988831 27.167184 -1479.478731 -715.767709
4.200000 2.000652 28.726816 -1410.123645 -641.873249
4.250000 1.937454 30.252457 -1341.023013 -597.040706
4.300000 2.002746 30.328964 -1338.583756 -569.529403
4.350000 2.011411 27.971147 -1445.089270 -672.707564
4.400000 2.005811 27.896030 -1448.125901 -677.894562
4.450000 1.998614 30.359699 -1339.100635 -571.632843
4.500000 1.990217 28.926401 -1399.713972 -635.470514
4.550000 1.997679 27.902739 -1449.498466 -682.389901
4.600000 1.989500 27.997467 -1441.413652 -677.445831
4.650000 1.978139 29.238008 -1388.848291 -629.242749
4.700000 2.000032 29.105792 -1395.410851 -627.398651
4.750000 2.002729 28.630854 -1418.606390 -649.558406
4.800000 1.978575 28.047667 -1441.203008 -681.430281
4.850000 2.045570 28.963370 -1401.544222 -616.045524
4.900000 1.983202 29.667996 -1367.511098 -605.961490
4.950000 2.021965 27.974372 -1446.820847 -670.386209
5.000000 1.969577 28.740135 -1408.055261 -651.737678
5.050000 1.991692 29.227073 -1391.088249 -626.278332
5.100000 1.984627 29.137997 -1394.752641 -632.655684
5.150000 1.986723 29.588839 -1373.920170 -611.018706
5.200000 2.004691 27.951141 -1444.558019 -674.756737
5.250000 1.992529 29.136506 -1393.685100 -628.553821
5.300000 1.973577 28.700019 -1414.645701 -656.791996
5.350000 1.993463 29.978584 -1360.863145 -595.373513
5.400000 1.958062 28.229030 -1432.531091 -680.635306
5.450000 2.035572 27.994305 -1444.469052 -662.809294
5.500000 1.974073 28.041594 -1441.839840 -683.795988
5.550000 1.973373 28.946080 -1402.027821 -644.252412
5.600000 1.969465 29.598196 -1370.503539 -614.228943
5.650000 1.991931 29.454265 -1379.287147 -614.385728
5.700000 2.003150 28.934139 -1404.918205 -635.708662
5.750000 2.007927 28.551898 -1422.851557 -651.807506
5.800000 2.023748 28.574565 -1421.242887 -644.123777
5.850000 2.007914 27.756347 -1453.074165 -682.035063
5.900000 2.018382 28.672947 -1414.796624 -639.737810
5.950000 1.959030 28.114746 -1437.388298 -685.120809
6.000000 2.011841 29.066393 -1397.125592 -624.578594
6.050000 2.029696 29.250116 -1388.792799 -609.389477
6.100000 2.015363 29.430439 -1378.945358 -605.045860
6.150000 2.046303 28.614226 -1419.294826 -633.514628
6.200000 1.999306 27.405719 -1468.488800 -700.755297
6.250000 1.975123 29.384578 -1378.099471 -619.652106
6.300000 2.008754 29.639044 -1367.338091 -595.976405
6.350000 2.017561 28.897982 -1403.580063 -628.836674
6.400000 1.979878 28.521060 -1417.913147 -657.639920
6.450000 1.986108 28.723860 -1414.120811 -651.455483
6.500000 1.998820 29.535858 -1376.256555 -608.709507
6.550000 2.011128 30.541638 -1326.416242 -554.143216
6.600000 2.031953 29.004288 -1400.166881 -619.896972
6.650000 2.011619 27.206738 -1479.849316 -707.387544
6.700000 1.999793 28.876180 -1404.190843 -636.270472
6.750000 2.003755 28.209354 -1434.703559 -665.261644
6.800000 2.000661 27.966002 -1446.917406 -678.663483
6.850000 2.007011 29.110210 -1393.654313 -622.962025
6.900000 1.990838 29.862028 -1361.475832 -596.994037
6.950000 2.015685 28.228184 -1434.233294 -660.210077
7.000000 1.971458 27.755652 -1453.274336 -696.234455
7.050000 1.991696 29.437066 -1378.553364 -613.742047
7.100000 2.015283 30.344930 -1338.974392 -565.105602
7.150000 2.033279 29.723913 -1367.624306 -586.845203
7.200000 1.970487 29.042841 -1396.252299 -639.585414
7.250000 2.022850 28.139507 -1436.501675 -659.727330
7.300000 1.968043 28.818953 -1404.227668 -648.499301
7.350000 1.993975 28.781163 -1411.571008 -645.884726
7.400000 1.998389 28.944331 -1400.754074 -633.372618
7.450000 1.976709 28.583004 -1417.167969 -658.111677
7.500000 2.021916 17.327161 -1536.732273 -760.316381
7.550000 1.954450 18.609246 -1476.103763 -725.595116
7.600000 2.038838 17.670044 -1522.420235 -739.506317
7.650000 1.998674 16.560112 -1573.472584 -805.981758
7.700000 2.020488 17.793588 -1518.254137 -742.386577
7.750000 1.989989 18.193500 -1494.999545 -730.843813
7.800000 1.992962 17.506705 -1525.699550 -760.402312
7.850000 2.020195 17.750513 -1515.369960 -739.614935
7.900000 2.008431 16.210211 -1589.832074 -818.594408
7.950000 1.989079 17.410052 -1531.131108 -767.324738
8.000000 1.986647 18.653010 -1471.156961 -708.284493
8.050000 2.046528 18.159097 -1498.406526 -712.539670
8.100000 1.995460 17.604841 -1523.438905 -757.182314
8.150000 1.997323 16.376469 -1585.241677 -818.269549
8.200000 1.983253 17.699928 -1519.049324 -757.480234
8.250000 1.998181 17.463550 -1529.619719 -762.318029
8.300000 2.005669 16.938484 -1553.750712 -783.573791
8.350000 1.987286 16.999239 -1550.888390 -787.770694
8.400000 1.988023 18.350209 -1487.591431 -724.190735
8.450000 2.009650 17.079742 -1548.813077 -777.107392
8.500000 1.990977 18.038238 -1501.105848 -736.570784
8.550000 2.014943 17.002893 -1554.853994 -781.115835
8.600000 1.980170 16.380944 -1583.453217 -823.068099
8.650000 2.022239 17.563967 -1525.200698 -748.661026
8.700000 1.996318 17.386562 -1534.980950 -768.394692
8.750000 2.018002 16.708118 -1565.543382 -790.630728
8.800000 2.019510 17.389209 -1534.409479 -758.917637
8.850000 1.980675 17.867574 -1513.108569 -752.529291
8.900000 1.994422 18.552945 -1482.811797 -716.953583
8.950000 2.028825 18.526858 -1484.987342 -705.918509
9.000000 2.011615 18.202452 -1497.442527 -724.982337
9.050000 1.990064 16.993462 -1554.338795 -790.154397
9.100000 1.992661 18.168753 -1494.587757 -729.406054
9.150000 2.020764 17.248317 -1542.472081 -766.498770
9.200000 1.977402 18.775705 -1470.137140 -710.814699
9.250000 2.013003 19.318841 -1446.833469 -673.840203
9.300000 2.039140 17.404227 -1538.757001 -755.727177
9.350000 1.987982 17.479681 -1527.938821 -764.553891
9.400000 2.015696 16.403005 -1583.370162 -809.343076
9.450000 2.003197 16.585772 -1572.414946 -803.187378
9.500000 2.004195 17.249705 -1539.353305 -769.742578
9.550000 1.985525 17.172374 -1547.613888 -785.172353
9.600000 2.049279 18.782004 -1472.271372 -685.348297
9.650000 1.958632 18.937836 -1455.306420 -703.191691
9.700000 2.022599 18.596813 -1479.755151 -703.077003
9.750000 1.971444 18.394332 -1487.467636 -730.433242
9.800000 1.998214 18.210566 -1497.903070 -730.588800
9.850000 1.997996 17.660411 -1520.198049 -752.967427
9.900000 1.998228 17.720973 -1515.541963 -748.222343
9.950000 2.016749 15.400036 -1629.483292 -855.051723
10.000000 1.978645 17.607918 -1519.264105 -759.464289
10.050000 1.983822 17.872047 -1512.156458 -750.368651
10.100000 1.993447 17.465985 -1533.536596 -768.052992
10.150000 2.018816 17.185694 -1546.728111 -771.502775
10.200000 1.970633 17.885067 -1509.021538 -752.298602
10.250000 2.003399 18.292208 -1494.861264 -725.555858
10.300000 1.990755 17.568203 -1525.333766 -760.883705
10.350000 2.005259 17.457230 -1532.029228 -762.009951
10.400000 2.004588 17.661184 -1521.937550 -752.175927
10.450000 1.967665 17.732828 -1517.753800 -762.170269
10.500000 1.995092 18.697509 -1474.544041 -708.428590
10.550000 1.999905 17.105036 -1550.064684 -782.101058
10.600000 2.004535 16.921454 -1557.153296 -787.411840
10.650000 2.018971 16.555455 -1574.031903 -798.747118
10.700000 1.985587 16.603206 -1573.665235 -811.199662
10.750000 2.000343 18.431400 -1486.435252 -718.303649
10.800000 2.007896 18.651109 -1475.987256 -704.955375
10.850000 2.001625 18.849077 -1465.603443 -696.979475
10.900000 1.991922 18.280127 -1491.318736 -726.420819
10.950000 1.986074 17.442757 -1530.209446 -767.557150
11.000000 2.001601 16.800652 -1562.923499 -794.308665
11.050000 2.000935 17.226040 -1542.314961 -773.956082
11.100000 1.989560 17.992940 -1503.988723 -739.997601
11.150000 2.018135 19.436152 -1439.618966 -664.655253
11.200000 2.021352 17.487491 -1527.605384 -751.406114
11.250000 1.997259 17.098590 -1546.339456 -779.392178
11.300000 2.006207 17.055442 -1549.223505 -778.840007
11.350000 2.011673 16.841150 -1559.830984 -787.348711
11.400000 2.006096 17.621770 -1524.360262 -754.019548
11.450000 1.978024 18.704963 -1467.631282 -708.070218
11.500000 2.010539 17.603038 -1522.985600 -750.938433
11.550000 2.009686 18.573439 -1478.459133 -706.739591
11.600000 1.986367 17.381657 -1535.964810 -773.199693
11.650000 1.987878 18.601097 -1478.323583 -714.978466
11.700000 2.013940 17.466633 -1534.594470 -761.241345
11.750000 2.022796 17.370489 -1536.335561 -759.581822
11.800000 1.997557 17.539523 -1525.520555 -758.458847
11.850000 2.027252 17.310091 -1535.739047 -757.274413
11.900000 1.981407 18.157868 -1493.389776 -732.529418
11.950000 1.997585 17.909792 -1507.544008 -740.471286
12.000000 1.986442 17.695068 -1521.176465 -758.382775
12.050000 2.016641 17.504972 -1528.468775 -754.078500
12.100000 2.011281 17.495847 -1529.971802 -757.639908
12.150000 2.000137 17.294641 -1541.140948 -773.088318
12.200000 2.018114 17.517675 -1529.854392 -754.898530
12.250000 2.005405 17.421301 -1530.526363 -760.450755
12.300000 1.981130 17.757267 -1516.074365 -755.320391
12.350000 1.997858 16.876420 -1557.787935 -790.610297
12.400000 2.005362 17.944990 -1506.188980 -736.129836
12.450000 2.011347 17.323538 -1536.024630 -763.667233
12.500000 1.992702 17.495555 -1530.065223 -764.867828
12.550000 2.035712 18.035581 -1506.437739 -724.724297
12.600000 2.004106 17.246547 -1541.177224 -771.600642
12.650000 1.995183 16.961519 -1555.279255 -789.129143
12.700000 2.002144 16.974707 -1552.423760 -783.600339
12.750000 1.964345 17.664581 -1521.772356 -767.464010
12.800000 2.032915 17.556847 -1526.477969 -745.838664
12.850000 1.976797 17.345441 -1531.855929 -772.765973
12.900000 1.960830 18.091717 -1501.702537 -748.743762
12.950000 2.012716 17.757573 -1520.129894 -747.246907
13.000000 1.968397 16.859842 -1559.082385 -803.218020
13.050000 2.013390 16.942906 -1555.252703 -782.110940
13.100000 1.950601 17.015412 -1549.800359 -800.769481
13.150000 1.972337 18.326935 -1490.992666 -733.615149
13.200000 2.025373 18.552758 -1481.034305 -703.290901
13.250000 2.000207 17.755746 -1519.441295 -751.361845
13.300000 2.027333 17.866267 -1515.230674 -736.734760
13.350000 1.975447 17.196934 -1544.542346 -785.970846
13.400000 2.012183 16.917685 -1559.163182 -786.484918
13.450000 1.978134 17.619613 -1526.154151 -766.550877
13.500000 2.017145 18.242631 -1496.927931 -722.344185
13.550000 2.001401 17.219428 -1542.697306 -774.159439
13.600000 1.991554 17.817945 -1513.512213 -748.755511
13.650000 1.996753 17.955437 -1511.854371 -745.101313
13.700000 1.988892 17.790733 -1516.588597 -752.854188
13.750000 1.999450 17.426377 -1533.168466 -765.379848
13.800000 2.004386 18.057930 -1498.814767 -729.130652
13.850000 1.975402 18.510052 -1482.909416 -724.354908
13.900000 2.007839 18.591633 -1480.393124 -709.382833
13.950000 1.988016 18.742760 -1467.360767 -703.962577
14.000000 2.054607 17.638815 -1525.741234 -736.772264
14.050000 1.997320 16.088629 -1594.746412 -827.775710
14.100000 1.977679 16.382148 -1581.073992 -821.645162
14.150000 2.004710 18.325087 -1490.860119 -721.051566
14.200000 1.945532 17.032234 -1551.888078 -804.803922
14.250000 2.012298 17.498923 -1532.616222 -759.893706
14.300000 2.003955 17.128416 -1547.844435 -778.325851
14.350000 2.009115 18.358426 -1487.615059 -716.114861
14.400000 2.008480 17.251363 -1540.970040 -769.713853
14.450000 1.999276 18.164002 -1494.822820 -727.100960
14.500000 1.989482 16.987823 -1554.061838 -790.100773
14.550000 1.993997 17.369619 -1534.561468 -768.866670
14.600000 2.051649 17.357056 -1537.222321 -749.388937
14.650000 2.005609 18.285110 -1491.196576 -721.042861
14.700000 1.981315 17.356549 -1539.325730 -778.500936
14.750000 2.006971 18.936477 -1466.774075 -696.097027
14.800000 2.011338 16.777448 -1565.429727 -793.075921
14.850000 1.982740 17.966273 -1504.937108 -743.564974
14.900000 2.054059 17.704547 -1520.592632 -731.833926
14.950000 1.947212 17.871993 -1507.569386 -759.839903
15.000000 2.016848 13.078182 -1393.827881 -619.358070
15.050000 1.982057 12.334995 -1436.616100 -675.506137
15.100000 2.016180 12.768616 -1420.947309 -646.734145
15.150000 1.985328 12.404425 -1438.142849 -675.776868
15.200000 1.996111 12.134700 -1445.640504 -679.133798
15.250000 2.032888 12.640390 -1417.662200 -637.033098
15.300000 2.011831 12.969857 -1396.975922 -624.432782
15.350000 1.993560 12.398210 -1433.433371 -667.906297
15.400000 1.997400 12.104954 -1445.510653 -678.508862
15.450000 1.990453 12.858553 -1406.223106 -641.888975
15.500000 2.015062 13.811816 -1358.998353 -585.214565
15.550000 2.026761 13.197491 -1393.797772 -615.521550
15.600000 2.006120 11.593321 -1469.407985 -699.057891
15.650000 2.019658 11.357185 -1475.858339 -700.309711
15.700000 1.986765 11.571899 -1468.106367 -705.188705
15.750000 1.977045 12.948129 -1394.688029 -635.502851
15.800000 1.983097 13.010924 -1400.715038 -639.205907
15.850000 2.017435 13.496677 -1377.112584 -602.417520
15.900000 2.000448 13.943669 -1342.250263 -574.078292
15.950000 2.014148 12.416889 -1433.284882 -659.851936
16.000000 1.979814 14.253323 -1337.153617 -576.905150
16.050000 1.999788 13.627992 -1371.754532 -603.835983
16.100000 1.999999 12.924059 -1403.198773 -635.199225
16.150000 2.014606 11.783117 -1462.366093 -688.757239
16.200000 2.005936 13.052387 -1396.331941 -626.052425
16.250000 2.009894 12.797404 -1410.139631 -638.340441
16.300000 2.006313 12.987836 -1403.544278 -633.119969
16.350000 2.001032 13.981291 -1347.843760 -579.447281
16.400000 1.988536 13.332621 -1380.086470 -616.488674
16.450000 2.015792 12.365474 -1430.829643 -656.765352
16.500000 1.985137 11.431793 -1479.709151 -717.416407
16.550000 2.010519 11.327017 -1484.052892 -712.013639
16.600000 1.982126 11.620196 -1465.658491 -704.522287
16.650000 1.973654 13.027019 -1392.987822 -635.104723
16.700000 2.015235 12.387422 -1430.606319 -656.756033
16.750000 1.986901 11.255056 -1489.012213 -726.042336
16.800000 1.966389 11.911039 -1453.934167 -698.840717
16.850000 1.997164 12.638168 -1414.787834 -647.876940
16.900000 1.998229 11.788264 -1451.316870 -683.996781
16.950000 2.004648 11.676770 -1460.458077 -690.673084
17.000000 2.024902 11.840307 -1447.115491 -669.553119
17.050000 1.949938 12.266127 -1428.905838 -680.129524
17.100000 1.972454 13.014244 -1400.622611 -643.200339
17.150000 2.000364 12.644307 -1423.752246 -655.612338
17.200000 2.005976 13.413506 -1374.139246 -603.844604
17.250000 2.007003 11.411232 -1479.994779 -709.305617
17.300000 1.955479 12.567499 -1417.944345 -667.040552
17.350000 2.031394 12.143525 -1442.003143 -661.948028
17.400000 1.994590 11.329612 -1482.147502 -716.224930
17.450000 1.988295 13.153760 -1389.756581 -626.251282
17.500000 1.995615 11.730187 -1462.388679 -696.072406
17.550000 1.994700 12.524252 -1420.870665 -654.905830
17.600000 2.013636 12.362954 -1429.473190 -656.236836
17.650000 1.980415 12.221941 -1433.502167 -673.022953
17.700000 1.992455 12.438819 -1420.680041 -655.577402
17.750000 2.008654 12.580976 -1418.067598 -646.744458
17.800000 1.968083 13.116235 -1394.642832 -638.899019
17.850000 2.038077 12.833015 -1409.861930 -627.240415
17.900000 1.998860 12.119034 -1445.557599 -677.995334
17.950000 1.985386 12.621863 -1418.948405 -656.559992
18.000000 2.015880 12.734298 -1416.517063 -642.419106
18.050000 1.970305 13.050628 -1401.979454 -645.382238
18.100000 2.021368 12.712636 -1416.523894 -640.318510
18.150000 2.009043 12.642213 -1418.336773 -646.864266
18.200000 2.007782 12.990885 -1404.707943 -633.719616
18.250000 1.996427 11.972324 -1453.107784 -686.479941
18.300000 1.972868 12.443144 -1426.904090 -669.322661
18.350000 2.016790 13.739066 -1362.021307 -587.573832
18.400000 1.986191 12.857759 -1406.512368 -643.814864
18.450000 2.001718 12.030851 -1450.438773 -681.778917
18.500000 2.002783 12.845399 -1411.628141 -642.559622
18.550000 2.029992 11.676403 -1468.690553 -689.173769
18.600000 2.016158 11.341275 -1479.861201 -705.656702
18.650000 1.994953 11.210704 -1488.758874 -722.696865
18.700000 1.996788 11.456198 -1473.538627 -706.772127
18.750000 1.993575 12.055248 -1447.969578 -682.436879
18.800000 1.978346 12.947479 -1398.502807 -638.817754
18.850000 2.001022 13.148570 -1387.856825 -619.464533
18.900000 1.988726 12.898946 -1397.068791 -633.398131
18.950000 2.002555 11.848916 -1450.180999 -681.199881
19.000000 1.996336 12.502372 -1417.269521 -650.676650
19.050000 2.010430 11.564990 -1473.593190 -701.588099
19.100000 2.001109 11.617613 -1468.975041 -700.549056
19.150000 1.993258 12.732035 -1413.446200 -648.034952
19.200000 2.004511 12.798864 -1412.289154 -642.556980
19.250000 1.993842 13.152250 -1398.208077 -632.572742
19.300000 2.003281 14.332176 -1336.041153 -566.781303
19.350000 2.020046 13.437898 -1381.309382 -605.611560
19.400000 1.983139 12.866693 -1405.644605 -644.119363
19.450000 2.002289 12.655586 -1420.979151 -652.100327
19.500000 2.000687 12.778089 -1414.393105 -646.129412
19.550000 2.027700 12.276292 -1435.936538 -657.299553
19.600000 1.954351 12.981762 -1402.463086 -651.992187
19.650000 2.014450 13.627158 -1369.318994 -595.770207
19.700000 1.980312 13.567522 -1361.235984 -600.796055
19.750000 2.004996 12.284435 -1428.581470 -658.663139
19.800000 2.012655 12.507462 -1418.021460 -645.162013
19.850000 1.977308 12.176099 -1433.454932 -674.168831
19.900000 1.969655 13.218531 -1378.295106 -621.947768
19.950000 2.002319 12.619584 -1415.144071 -646.253465
20.000000 1.956417 14.039748 -1343.828478 -592.564176
20.050000 2.004257 13.766348 -1363.642978 -594.008253
20.100000 1.992359 13.869382 -1356.827507 -591.761570
20.150000 1.995921 14.174382 -1341.566322 -575.132790
20.200000 2.003564 14.690367 -1321.743037 -552.374485
20.250000 2.022573 14.885357 -1311.077949 -534.410047
20.300000 1.988992 14.774881 -1316.132759 -552.359646
20.350000 2.012928 15.206665 -1290.830192 -517.865900
20.400000 1.958595 15.260560 -1285.899973 -533.799336
20.450000 2.029493 14.593936 -1323.289428 -543.964166
20.500000 1.984146 13.997691 -1351.481428 -589.569408
20.550000 2.004606 14.409328 -1332.313316 -562.544754
20.600000 2.016706 15.242755 -1296.452472 -522.037400
20.650000 2.052200 13.487790 -1382.750562 -594.705642
20.700000 1.980603 13.924760 -1351.776698 -591.225101
20.750000 1.969759 15.463041 -1278.381104 -521.993567
20.800000 1.974713 16.573738 -1224.556505 -466.266770
20.850000 2.045840 16.190875 -1240.349670 -454.747149
20.900000 1.960784 14.064563 -1345.652270 -592.711302
20.950000 1.989105 15.493390 -1274.215164 -510.398932
21.000000 2.017053 15.750202 -1262.834109 -488.285767
21.050000 1.991237 13.983990 -1355.010180 -590.375277
21.100000 2.013357 15.605937 -1266.527024 -493.398093
21.150000 1.994163 14.851939 -1308.136056 -542.377615
21.200000 2.010145 14.887077 -1318.114586 -546.219017
21.250000 2.027025 14.606115 -1328.285000 -549.907417
21.300000 1.977944 14.833336 -1304.188983 -544.658315
21.350000 1.991857 15.196691 -1291.060433 -526.187433
21.400000 2.015445 14.663857 -1325.885708 -551.954974
21.450000 1.965524 14.501727 -1329.827521 -575.066395
21.500000 2.009874 14.575754 -1329.177010 -557.385447
21.550000 2.003728 15.360251 -1281.337108 -511.905466
21.600000 1.995734 15.658315 -1269.060093 -502.698390
21.650000 1.992306 14.519789 -1326.119085 -561.073668
21.700000 1.987135 15.538525 -1269.103770 -506.043883
21.750000 2.016091 15.787324 -1265.481354 -491.302504
21.800000 1.999552 14.788083 -1316.298640 -548.470641
21.850000 1.999695 15.318933 -1283.040775 -515.157888
21.900000 1.969410 14.524422 -1323.410762 -567.157173
21.950000 2.028332 14.231827 -1346.578226 -567.698666
22.000000 1.956362 15.818899 -1262.925779 -511.682927
22.050000 2.004806 16.180190 -1244.626581 -474.780919
22.100000 2.024757 15.888051 -1251.714167 -474.207450
22.150000 1.995152 15.382683 -1282.822663 -516.684462
22.200000 2.019963 15.680671 -1267.973951 -492.308071
22.250000 1.975415 15.635869 -1267.262013 -508.702747
22.300000 2.009484 15.624844 -1271.319928 -499.677993
22.350000 1.977573 14.592621 -1325.075734 -565.687844
22.400000 1.988017 15.231804 -1293.384027 -529.985660
22.450000 2.019543 15.836810 -1261.622630 -486.117967
22.500000 1.975004 8.645449 -1312.141717 -553.740088
22.550000 1.973505 8.429101 -1329.802059 -571.975983
22.600000 1.994520 9.200509 -1287.874266 -521.978567
22.650000 2.001528 9.116272 -1291.815600 -523.228856
22.700000 1.992032 8.893689 -1302.874307 -537.933886
22.750000 2.016746 9.279076 -1289.386140 -514.955722
22.800000 2.004586 9.685694 -1261.024676 -491.263661
22.850000 1.998359 9.167849 -1283.838074 -516.468031
22.900000 1.995660 8.589807 -1315.016938 -548.683550
22.950000 2.007369 9.783854 -1250.400678 -479.570853
23.000000 2.002446 9.005306 -1295.834496 -526.895306
23.050000 1.992235 8.711609 -1310.144919 -545.126500
23.100000 2.011832 8.477765 -1321.897772 -549.354318
23.150000 1.994638 8.707181 -1308.853548 -542.912737
23.200000 1.987689 9.724509 -1250.169336 -486.896869
23.250000 2.003186 8.999015 -1296.926380 -527.702882
23.300000 1.983178 9.773728 -1259.538156 -497.997664
23.350000 2.019428 9.737830 -1256.494581 -481.034092
23.400000 2.014349 8.750472 -1306.435061 -532.925168
23.450000 1.992328 9.178637 -1284.010518 -518.956660
23.500000 2.013685 9.642942 -1259.388767 -486.133593
23.550000 1.991852 9.477529 -1262.562638 -497.691639
23.600000 2.003539 8.993369 -1293.591548 -524.232503
23.650000 2.016081 8.607744 -1322.464731 -548.289514
23.700000 1.991006 9.111170 -1293.360125 -528.813795
23.750000 2.009619 9.296721 -1278.484723 -506.791118
23.800000 2.024974 8.602352 -1317.445883 -539.855948
23.850000 2.002688 8.494410 -1322.864454 -553.832382
23.900000 1.985913 8.452516 -1326.147449 -563.556880
23.950000 2.016344 8.993501 -1291.583057 -517.306926
24.000000 1.986848 8.548178 -1319.314038 -556.364271
24.050000 2.005865 9.282143 -1279.261682 -509.009366
24.100000 1.968706 9.568810 -1261.282586 -505.299431
24.150000 2.009541 9.651526 -1262.222516 -490.558748
24.200000 2.019006 9.161103 -1289.543517 -514.245246
24.250000 1.996980 8.599126 -1320.137726 -553.297253
24.300000 1.977592 8.904334 -1298.868961 -539.473680
24.350000 2.011743 8.618814 -1316.113671 -543.604479
24.400000 1.977996 9.244158 -1278.904154 -519.353685
24.450000 1.993303 8.325079 -1330.521817 -565.093384
24.500000 1.981860 8.657430 -1312.030470 -550.996119
24.550000 1.984337 8.590595 -1315.373972 -553.388373
24.600000 2.011889 8.696559 -1308.622890 -536.057328
24.650000 1.993644 7.932370 -1350.074696 -584.515338
24.700000 2.010581 7.961884 -1354.015698 -581.952559
24.750000 2.021533 8.556069 -1317.373494 -541.104728
24.800000 1.993082 8.740310 -1308.751420 -543.407940
24.850000 1.992136 8.823300 -1313.541906 -548.561753
24.900000 2.000277 8.766218 -1312.632829 -544.526433
24.950000 2.001258 8.528644 -1319.752584 -551.269398
25.000000 1.997250 9.152628 -1280.317462 -513.373326
25.050000 2.028407 9.224019 -1287.224438 -508.315973
25.100000 1.980265 9.321873 -1280.321533 -519.899928
25.150000 2.025390 9.301121 -1283.827950 -506.078141
25.200000 1.991788 9.300563 -1277.425823 -512.579419
25.250000 2.016313 9.016580 -1301.495983 -527.231869
25.300000 2.031385 9.547993 -1270.386466 -490.334618
25.350000 1.972992 9.298395 -1279.454425 -521.825447
25.400000 2.002464 9.648653 -1265.309786 -496.363509
25.450000 2.022063 9.326019 -1280.622001 -504.149748
25.500000 1.989691 8.968828 -1292.209494 -528.168049
25.550000 1.995001 9.381470 -1272.848218 -506.767751
25.600000 2.003792 8.563595 -1319.526823 -550.070719
25.650000 2.000930 9.161716 -1281.052126 -512.695013
25.700000 2.005124 9.584296 -1253.919279 -483.951510
25.750000 2.006066 8.926861 -1294.781652 -524.452142
25.800000 2.012417 9.101142 -1286.308188 -513.539912
25.850000 1.975246 9.604511 -1262.440667 -503.946091
25.900000 2.002719 9.244600 -1289.131172 -520.087223
25.950000 1.967705 9.400364 -1276.525951 -520.927259
26.000000 2.001086 9.247205 -1286.597382 -518.180393
26.050000 1.995177 8.990932 -1297.953527 -531.805430
26.100000 1.998891 9.430898 -1271.198446 -503.624195
26.150000 1.996499 10.195222 -1233.691288 -467.035810
26.200000 1.995576 10.784786 -1194.340419 -428.039254
26.250000 2.010776 9.810779 -1253.876553 -481.738568
26.300000 2.022441 8.949308 -1295.276277 -518.658926
26.350000 1.992087 8.386252 -1323.722764 -558.761485
26.400000 1.971462 9.645652 -1255.749565 -498.708253
26.450000 2.009258 9.229047 -1288.366983 -516.811757
26.500000 1.977804 8.961336 -1300.973822 -541.497238
26.550000 2.019625 10.580460 -1209.572391 -434.036226
26.600000 1.984726 10.282374 -1219.981957 -457.847085
26.650000 2.017706 8.349019 -1331.829486 -557.030374
26.700000 1.987286 9.266060 -1276.411770 -513.293988
26.750000 1.994853 9.190577 -1282.300463 -516.276845
26.800000 2.005126 9.054943 -1287.257061 -517.288487
26.850000 1.991224 8.646179 -1308.584935 -543.955014
26.900000 1.990283 8.767367 -1300.943302 -536.674698
26.950000 1.962758 9.659841 -1253.883018 -500.184016
27.000000 2.022104 10.308400 -1227.591967 -451.104149
27.050000 1.999348 9.703289 -1258.180847 -490.431164
27.100000 2.016360 9.342748 -1275.861928 -501.579810
27.150000 1.988059 9.539446 -1261.906549 -498.492037
27.200000 2.009190 8.759319 -1302.326373 -530.797337
27.250000 1.993043 7.900280 -1353.631048 -588.302686
27.300000 1.991106 9.415293 -1276.363315 -511.778773
27.350000 2.027460 10.437879 -1217.430159 -438.885470
27.400000 2.006311 9.491503 -1263.074063 -492.650618
27.450000 1.973933 8.999936 -1291.325131 -533.334803
27.500000 2.027252 9.097016 -1288.777191 -510.312464
27.550000 1.994863 8.917324 -1298.759435 -532.731877
27.600000 1.999615 8.631280 -1317.989023 -550.136801
27.650000 2.021680 9.081128 -1292.739499 -516.414450
27.700000 2.007305 9.558093 -1266.225410 -495.420447
27.750000 2.030116 9.466186 -1269.398856 -489.834279
27.800000 1.986685 8.207854 -1335.881920 -572.994871
27.850000 2.017168 9.069214 -1293.059736 -518.467404
27.900000 2.010115 8.880377 -1306.981785 -535.097620
27.950000 1.995054 9.681353 -1255.491561 -489.390685
28.000000 1.996159 8.569947 -1320.830524 -554.305617
28.050000 2.011232 8.989512 -1289.371820 -517.058604
28.100000 1.986987 8.810710 -1307.071691 -544.068527
28.150000 2.004819 9.165641 -1292.212542 -522.362105
28.200000 1.998197 8.631493 -1318.016419 -550.708695
28.250000 1.978651 8.836321 -1301.319771 -541.517694
28.300000 2.009424 9.053341 -1294.422934 -522.803978
28.350000 1.988987 9.840470 -1247.388506 -483.617463
28.400000 2.033521 9.437441 -1276.906267 -496.034329
28.450000 2.001729 9.616771 -1270.076483 -501.412549
28.500000 1.974576 9.821774 -1246.852019 -488.614932
28.550000 2.012827 8.977557 -1303.901881 -530.976136
28.600000 1.985760 9.363884 -1280.269447 -517.737507
28.650000 2.036296 9.117674 -1289.310728 -507.372971
28.700000 1.999260 9.204094 -1281.199437 -513.483458
28.750000 2.014732 9.511828 -1269.638133 -495.981059
28.800000 2.000868 8.972713 -1301.399817 -533.066673
28.850000 2.004972 9.885234 -1241.265047 -471.355719
28.900000 1.991975 8.865264 -1292.956313 -528.037831
28.950000 1.987749 8.405046 -1322.225098 -558.929541
29.000000 1.998209 8.933021 -1297.262715 -529.950368
29.050000 1.989505 8.966713 -1290.985213 -527.015264
29.100000 1.992031 9.350114 -1276.784753 -511.844829
29.150000 2.007987 9.148264 -1292.447854 -521.380976
29.200000 1.987187 9.671166 -1260.423179 -497.343373
29.250000 2.012080 9.698327 -1261.352890 -488.714291
29.300000 2.001202 9.277688 -1277.429458 -508.967967
29.350000 2.031377 8.953296 -1295.447408 -515.398646
29.400000 1.986783 7.963469 -1351.852313 -588.927769
29.450000 2.005859 8.936666 -1293.142814 -522.892929
29.500000 1.979405 8.577240 -1321.962030 -561.870488
29.550000 2.035581 9.796637 -1253.020369 -471.357388
29.600000 1.995519 9.859294 -1241.156677 -474.877367
29.650000 2.038046 9.021657 -1292.341260 -509.731630
29.700000 1.982898 8.908224 -1298.735852 -537.303030
29.750000 2.029793 8.753989 -1308.083745 -528.643171
29.800000 1.977778 8.810796 -1302.113894 -542.646969
29.850000 2.020269 8.875864 -1304.209159 -528.426016
29.900000 1.988392 8.573055 -1318.787033 -555.244359
29.950000 2.001941 7.878673 -1353.658923 -584.913689
30.000000 2.004487 4.815500 -1252.462233 -482.739368
30.050000 1.994641 5.770135 -1189.737529 -423.795297
30.100000 1.994628 5.462929 -1206.344364 -440.407305
30.150000 1.998473 5.309063 -1210.633220 -443.219413
30.200000 1.991720 4.777689 -1244.375199 -479.554722
30.250000 1.993880 5.615374 -1192.912356 -427.262541
30.300000 2.002595 5.224096 -1223.841440 -454.844853
30.350000 1.999010 5.659692 -1193.181925 -425.561908
30.400000 2.004624 4.560078 -1263.596635 -493.820859
30.450000 1.995890 4.795990 -1249.952154 -483.530453
30.500000 1.981192 5.442601 -1208.489226 -447.711559
30.550000 2.011158 4.896192 -1244.194348 -471.909662
30.600000 1.994553 5.055395 -1230.615890 -464.707681
30.650000 1.997517 5.661431 -1199.434780 -432.388096
30.700000 2.023132 5.398245 -1219.458069 -442.575209
30.750000 1.999021 5.407018 -1207.061610 -439.437611
30.800000 2.019845 4.618435 -1255.391489 -479.770939
30.850000 2.006636 4.764122 -1244.698769 -474.150494
30.900000 1.982740 4.522884 -1258.582538 -497.210510
30.950000 1.977745 5.375314 -1210.964866 -451.510608
31.000000 2.011055 5.021094 -1238.863317 -466.618022
31.050000 1.996291 5.054192 -1230.531842 -463.956157
31.100000 1.998069 4.784337 -1243.313986 -476.055515
31.150000 2.010039 5.709163 -1184.421818 -412.566779
31.200000 1.999413 4.826724 -1240.247616 -472.472966
31.250000 1.991346 4.994128 -1234.304775 -469.627961
31.300000 2.004133 5.601001 -1193.289679 -423.702543
31.350000 1.993626 4.737296 -1253.924714 -488.372448
31.400000 2.006881 5.016281 -1246.885688 -476.243546
31.450000 2.004083 5.458864 -1219.927333 -450.359311
31.500000 2.000113 5.438503 -1217.750046 -449.706822
31.550000 1.996315 5.577193 -1208.292735 -441.707629
31.600000 2.009102 5.384247 -1218.100690 -446.605618
31.650000 1.988360 5.527978 -1207.309770 -443.779609
31.700000 1.991726 5.667383 -1198.394386 -433.571640
31.750000 2.010073 5.299308 -1216.343436 -444.475475
31.800000 1.993815 5.186742 -1226.199819 -460.574856
31.850000 1.997101 5.588466 -1197.269171 -430.382405
31.900000 1.963929 5.192682 -1213.260891 -459.112135
31.950000 2.021396 5.564787 -1186.488448 -410.272399
32.000000 1.980372 4.544618 -1250.886739 -490.424015
32.050000 1.980682 4.483540 -1259.856136 -499.274406
32.100000 2.023667 5.023983 -1226.326226 -449.238224
32.150000 1.995049 4.686916 -1241.892590 -475.793875
32.200000 1.998175 4.711354 -1236.918066 -469.618705
32.250000 1.988280 5.649013 -1181.796732 -418.297328
32.300000 2.002407 5.189418 -1219.803939 -450.879748
32.350000 1.988002 5.235373 -1219.723781 -456.330994
32.400000 2.006595 4.506430 -1270.579747 -500.047245
32.450000 1.992367 5.198850 -1227.488491 -462.419487
32.500000 1.986878 4.926565 -1249.238066 -486.277009
32.550000 2.002788 5.506054 -1212.122447 -443.051738
32.600000 1.993224 5.070112 -1234.399269 -469.001079
32.650000 2.003359 5.247311 -1216.200221 -446.910310
32.700000 1.989406 5.021698 -1231.974058 -468.042205
32.750000 1.997639 5.145511 -1232.836332 -465.743014
32.800000 1.999174 5.372208 -1217.380528 -449.697731
32.850000 1.996797 5.596614 -1202.873389 -436.103291
32.900000 2.031569 5.486489 -1209.047603 -428.925042
32.950000 1.994719 4.855550 -1250.685956 -484.713874
33.000000 1.993471 5.298842 -1219.104073 -453.611052
33.050000 1.986133 5.691812 -1193.571138 -430.896165
33.100000 2.010749 5.227892 -1222.935962 -450.808266
33.150000 1.999536 5.287286 -1223.642120 -455.820152
33.200000 1.977849 5.239911 -1223.627915 -464.133813
33.250000 2.001207 4.541770 -1270.081511 -501.618194
33.300000 2.006135 5.499273 -1208.149698 -437.793902
33.350000 1.985480 5.351037 -1216.877961 -454.453778
33.400000 2.036582 5.466722 -1212.701999 -430.654529
33.450000 1.994552 5.565273 -1201.034270 -435.126360
33.500000 1.991284 5.395399 -1214.087262 -449.434162
33.550000 1.998829 5.831549 -1193.534936 -425.984612
33.600000 2.018095 5.323291 -1223.804234 -448.855708
33.650000 1.995895 5.584328 -1204.233488 -437.809796
33.700000 1.979675 5.993103 -1173.904744 -413.709655
33.750000 1.973546 5.026587 -1237.130513 -479.288791
33.800000 2.006726 5.027431 -1235.288050 -464.705137
33.850000 1.988354 4.760558 -1252.408703 -488.880604
33.900000 1.998032 4.684102 -1262.290690 -495.046260
33.950000 1.978648 5.479829 -1209.226928 -449.426085
34.000000 2.007403 5.137553 -1235.134636 -464.291737
34.050000 1.995378 5.335552 -1220.561364 -454.336059
34.100000 2.010971 5.402216 -1214.547545 -442.334833
34.150000 2.008658 5.091558 -1228.739858 -457.415009
34.200000 1.993201 4.551885 -1262.092840 -496.703809
34.250000 2.002819 5.084807 -1227.234448 -458.152126
34.300000 1.980841 4.950645 -1234.744885 -474.102049
34.350000 1.963907 5.412364 -1214.764019 -460.623541
34.400000 2.015486 5.121708 -1239.081438 -465.134748
34.450000 1.963330 5.609661 -1207.985037 -454.066410
34.500000 2.010772 6.049250 -1186.208724 -414.072133
34.550000 2.010686 5.516678 -1207.558899 -435.455646
34.600000 1.997206 4.651909 -1261.237361 -494.310075
34.650000 2.008578 5.139329 -1228.542469 -457.248539
34.700000 2.000345 5.824187 -1185.255814 -417.123399
34.750000 2.020680 5.289736 -1217.923062 -441.982032
34.800000 1.998061 5.191203 -1216.492283 -449.236682
34.850000 2.001713 4.431243 -1260.717898 -492.059952
34.900000 1.988797 4.757415 -1236.239315 -472.541318
34.950000 2.010985 4.895505 -1234.443996 -462.225665
35.000000 1.994099 5.041855 -1225.908245 -460.174302
35.050000 2.010107 4.593725 -1245.614825 -473.733644
35.100000 1.997708 4.423059 -1262.441995 -495.322052
35.150000 1.982736 5.963033 -1175.449697 -414.079166
35.200000 2.027924 5.285335 -1215.572479 -436.849831
35.250000 1.996824 4.643274 -1246.820832 -480.040325
35.300000 1.980324 4.609703 -1256.817677 -496.373122
35.350000 1.999639 5.368469 -1210.321674 -442.460241
35.400000 1.982011 6.092869 -1166.820302 -405.728190
35.450000 2.011267 5.252566 -1222.838901 -450.512470
35.500000 1.979853 5.138506 -1226.367584 -466.104006
35.550000 2.008141 5.713955 -1191.523629 -420.397388
35.600000 2.014484 5.793573 -1186.653389 -413.091431
35.650000 2.016144 4.922902 -1240.718528 -466.519098
35.700000 1.971653 5.685853 -1187.895762 -430.781113
35.750000 2.018248 4.878355 -1241.777296 -466.770126
35.800000 2.013655 4.910406 -1241.738712 -468.495315
35.850000 1.987261 5.422086 -1214.279944 -451.171559
35.900000 2.020123 5.266887 -1224.899017 -449.171690
35.950000 2.009641 4.937525 -1242.901941 -471.199691
36.000000 1.985464 5.581057 -1199.531353 -437.113331
36.050000 1.997478 5.957577 -1170.488998 -403.457491
36.100000 1.994996 5.718218 -1192.043805 -425.965370
36.150000 2.002543 5.708008 -1197.571821 -428.595246
36.200000 2.020890 5.590101 -1203.280118 -427.258228
36.250000 1.988119 5.654682 -1194.646232 -431.208616
36.300000 2.009043 5.123933 -1227.224358 -455.752009
36.350000 1.998746 4.908308 -1244.459329 -476.941027
36.400000 1.999873 5.204287 -1226.568996 -458.617660
36.450000 2.011741 4.990597 -1234.028591 -461.519960
36.500000 1.970992 4.931787 -1232.903420 -476.042318
36.550000 1.996477 4.509843 -1257.508073 -490.860728
36.600000 2.006471 5.535836 -1197.307555 -426.822731
36.650000 1.989994 5.598966 -1202.270960 -438.113372
36.700000 2.000974 5.112434 -1239.696698 -471.322530
36.750000 1.998629 5.187201 -1233.346013 -465.872288
36.800000 1.993262 5.432624 -1213.184083 -447.771576
36.850000 2.006742 4.852983 -1241.255299 -470.666320
36.900000 1.995562 4.867324 -1235.500205 -469.204587
36.950000 2.008422 4.755274 -1245.431715 -474.197613
37.000000 1.986589 4.923005 -1238.508317 -475.657996
37.050000 1.993242 5.076126 -1237.461708 -472.056799
37.100000 2.013293 5.057059 -1236.247616 -463.143180
37.150000 2.002214 4.883985 -1243.495046 -474.644689
37.200000 2.001191 5.605973 -1199.314944 -430.857445
37.250000 1.986219 5.746677 -1192.004618 -429.296343
37.300000 2.017548 5.562851 -1201.219392 -426.481134
37.350000 2.006529 4.786086 -1243.536270 -473.028978
37.400000 1.981062 5.440068 -1198.460298 -437.732331
37.450000 2.006198 5.198749 -1217.748580 -447.368615
37.500000 2.004614 2.779769 -1110.130701 -340.358870
37.550000 1.984368 3.151851 -1090.239983 -328.242821
37.600000 1.984143 3.482209 -1068.567221 -306.656250
37.650000 1.999195 2.799900 -1108.631910 -340.941100
37.700000 1.998158 2.550541 -1124.116870 -356.824136
37.750000 2.015057 2.866939 -1104.703475 -330.921531
37.800000 1.970784 2.934960 -1105.238644 -348.457464
37.850000 2.004965 3.590332 -1065.806816 -295.900423
37.900000 2.012866 3.191218 -1093.615434 -320.675070
37.950000 2.004701 2.890900 -1107.643032 -337.837963
38.000000 2.003746 2.547523 -1132.582202 -363.143631
38.050000 1.996877 3.269034 -1079.811138 -313.010230
38.100000 2.002022 2.860688 -1109.170772 -340.394273
38.150000 2.012171 2.694201 -1123.488211 -350.814668
38.200000 2.001685 2.920627 -1107.419593 -338.772618
38.250000 2.004920 2.525729 -1136.982183 -367.093090
38.300000 2.003863 2.944338 -1105.370468 -335.887228
38.350000 2.010138 3.267025 -1080.608520 -308.715349
38.400000 2.013133 3.049944 -1093.835269 -320.792006
38.450000 2.001142 2.902365 -1101.873387 -333.435035
38.500000 2.006880 2.444812 -1136.212297 -365.570480
38.550000 1.988380 2.897252 -1106.908037 -343.370303
38.600000 2.004655 3.042145 -1099.479101 -329.691762
38.650000 1.986439 3.069319 -1092.411217 -329.618681
38.700000 2.001464 2.780810 -1112.724425 -344.162223
38.750000 2.000198 2.568176 -1127.752684 -359.676589
38.800000 1.993687 2.399047 -1144.272280 -378.696535
38.850000 2.001325 2.674666 -1125.229099 -356.720408
38.900000 1.999079 2.974145 -1102.321923 -334.675739
38.950000 1.974762 3.227031 -1088.071001 -329.762301
39.000000 1.986517 3.415959 -1076.198369 -313.375999
39.050000 2.007990 3.544261 -1066.259140 -295.190794
39.100000 2.008722 3.796789 -1045.168441 -273.819359
39.150000 2.007924 3.287764 -1076.435889 -305.393222
39.200000 2.005792 2.624105 -1115.677169 -345.453123
39.250000 2.001434 2.935896 -1092.205779 -323.655237
39.300000 1.993520 3.109306 -1089.383855 -323.872056
39.350000 2.011687 3.601865 -1063.412936 -290.925185
39.400000 2.024813 3.303645 -1090.480921 -312.952655
39.450000 1.977652 3.171211 -1100.467654 -341.049249
39.500000 2.000910 3.323604 -1088.457737 -320.108367
39.550000 2.003485 2.648117 -1133.954096 -364.615954
39.600000 1.992700 2.696098 -1127.317341 -362.120558
39.650000 2.014088 3.069070 -1098.239604 -324.829674
39.700000 2.004603 3.003279 -1104.156310 -334.388830
39.750000 2.003690 3.157425 -1093.664369 -324.247460
39.800000 1.996414 3.148355 -1091.008481 -324.385372
39.850000 2.009414 2.759959 -1115.619035 -344.004215
39.900000 2.004374 3.001724 -1094.740576 -325.061090
39.950000 1.977400 3.290868 -1080.193397 -320.871790
40.000000 2.022025 3.455465 -1067.220968 -290.763200
40.050000 1.976522 2.754296 -1105.022168 -346.037845
40.100000 2.008335 2.416416 -1127.624171 -356.423510
40.150000 1.983613 2.574627 -1115.430847 -353.723325
40.200000 2.019289 2.626599 -1114.063218 -338.656351
40.250000 1.985815 2.856646 -1101.046384 -338.493314
40.300000 1.998133 3.117971 -1087.548969 -320.265897
40.350000 2.019968 2.890246 -1105.760420 -330.092593
40.400000 1.988049 2.837344 -1114.183385 -350.772646
40.450000 2.009126 3.178874 -1093.862553 -322.358291
40.500000 1.995236 2.640123 -1126.649505 -360.479072
40.550000 1.990221 3.016638 -1097.110413 -332.865672
40.600000 1.996039 2.863773 -1112.605574 -346.126749
40.650000 2.012278 2.814425 -1119.834154 -347.119471
40.700000 1.983661 3.358684 -1077.986005 -316.260367
40.750000 2.006708 3.327839 -1083.098032 -312.522034
40.800000 2.026449 3.503375 -1074.619957 -296.463546
40.850000 1.984726 3.293863 -1094.999109 -332.864342
40.900000 1.995279 3.863416 -1059.587595 -293.400272
40.950000 2.010702 3.677071 -1071.965057 -299.855392
41.000000 1.994036 3.402911 -1080.130967 -314.421220
41.050000 2.012274 3.195775 -1086.865883 -314.152601
41.100000 2.006039 2.409413 -1136.532519 -366.213354
41.150000 1.996249 2.329362 -1138.180317 -371.620790
41.200000 1.986221 2.701565 -1116.402967 -353.694205
41.250000 2.013148 2.474608 -1133.795955 -360.747167
41.300000 2.006845 2.597083 -1126.851709 -356.223182
41.350000 1.993978 2.690170 -1128.419697 -362.732222
41.400000 2.010222 3.087289 -1103.424860 -331.499585
41.450000 1.991556 2.841011 -1117.892816 -353.135325
41.500000 1.980123 3.213375 -1090.058916 -329.691623
41.550000 2.002440 2.814191 -1123.772779 -354.835896
41.600000 2.001018 3.083356 -1103.001496 -334.610587
41.650000 2.023957 3.409057 -1078.912277 -301.712711
41.700000 1.982212 3.030774 -1107.875705 -346.706413
41.750000 2.011249 3.275516 -1086.806238 -314.486549
41.800000 1.988675 2.706333 -1124.305039 -360.653758
41.850000 2.000385 2.885075 -1112.917925 -344.770245
41.900000 1.987064 3.237829 -1083.041583 -320.008903
41.950000 2.020098 3.236031 -1085.945552 -310.227950
42.000000 2.006884 3.297941 -1086.040113 -315.396591
42.050000 2.015890 3.469540 -1075.528276 -301.426475
42.100000 2.014330 2.692697 -1128.284812 -354.781997
42.150000 1.988515 2.640173 -1126.351055 -362.761352
42.200000 2.001960 2.923480 -1107.433274 -338.680520
42.250000 2.000536 3.423722 -1072.415880 -304.209969
42.300000 1.992857 3.021747 -1103.553888 -338.296893
42.350000 2.010450 3.102854 -1103.194063 -331.181367
42.400000 2.004642 3.067374 -1106.655779 -336.873251
42.450000 1.991874 3.085397 -1103.609177 -338.729632
42.500000 2.009935 2.971134 -1111.508504 -339.693644
42.550000 2.029977 2.888967 -1111.631419 -332.120195
42.600000 1.983782 2.420345 -1141.954987 -380.182818
42.650000 2.000246 2.989607 -1102.364153 -334.269860
42.700000 2.009097 3.002889 -1102.666026 -331.172861
42.750000 2.007362 3.120296 -1088.227576 -317.400492
42.800000 2.003032 2.402419 -1132.524332 -363.359933
42.850000 1.976195 2.723085 -1112.711064 -353.852137
42.900000 2.001394 3.288825 -1085.863473 -317.328170
42.950000 2.018157 3.335036 -1085.915759 -310.943504
43.000000 2.010420 2.949328 -1106.916544 -334.915131
43.050000 1.995363 2.773106 -1115.662141 -349.442798
43.100000 2.012595 3.376575 -1077.570921 -304.734557
43.150000 2.013490 2.644611 -1124.390337 -351.210325
43.200000 1.989938 2.412780 -1130.718109 -366.581799
43.250000 1.993012 2.788827 -1104.217616 -338.901129
43.300000 1.992561 3.124793 -1081.402146 -316.258791
43.350000 1.999649 3.250116 -1078.890568 -311.025335
43.400000 2.007494 3.060540 -1096.016773 -325.139251
43.450000 2.018265 3.664611 -1048.766274 -273.752575
43.500000 1.994447 2.536997 -1132.126850 -366.259061
43.550000 1.979893 3.022771 -1101.350597 -341.071550
43.600000 2.009347 3.817674 -1042.924576 -271.335258
43.650000 1.998175 3.704374 -1052.673689 -285.374532
43.700000 2.008401 2.787427 -1120.122589 -348.896584
43.750000 2.006661 2.820697 -1113.098854 -342.540867
43.800000 1.994999 3.054043 -1097.209864 -331.130175
43.850000 1.995140 3.247708 -1085.512693 -319.379122
43.900000 2.000826 3.355335 -1078.251580 -309.934376
43.950000 1.994678 3.302445 -1084.128993 -318.172576
44.000000 2.008055 2.946577 -1111.686255 -340.593277
44.050000 1.999774 3.440112 -1074.048702 -306.135306
44.100000 2.004692 3.095644 -1105.275994 -335.474106
44.150000 1.998892 3.101985 -1108.364133 -340.789490
44.200000 2.012936 3.632295 -1069.398686 -296.431413
44.250000 2.014648 3.551401 -1069.239175 -295.614260
44.300000 2.004769 2.863544 -1111.505061 -341.673821
44.350000 1.992687 2.676665 -1120.974656 -355.783009
44.400000 2.000220 2.673734 -1122.647079 -354.562421
44.450000 2.004134 3.307912 -1085.302991 -315.715712
44.500000 1.978076 3.266012 -1096.183326 -336.602051
44.550000 2.002489 3.574059 -1077.494686 -308.538872
44.600000 1.989160 3.373867 -1094.619036 -330.781587
44.650000 2.010528 3.116988 -1110.235142 -338.192319
44.700000 1.999089 2.833404 -1120.640540 -352.990468
44.750000 1.992777 2.892877 -1116.011164 -350.784894
44.800000 2.017180 2.918484 -1108.476032 -333.878869
44.850000 1.997332 2.660705 -1123.039953 -356.064595
44.900000 2.015621 2.669632 -1126.656461 -352.658160
44.950000 1.991880 2.943812 -1107.087416 -342.205645
45.000000 2.006744 1.573478 -969.486229 -198.896614
45.050000 1.988598 1.881334 -947.575844 -183.954099
45.100000 2.008779 2.214159 -923.887100 -152.516150
45.150000 1.985678 1.974268 -945.079197 -182.579031
45.200000 1.994595 2.450690 -910.528978 -144.604407
45.250000 2.011699 2.208346 -936.822308 -164.329820
45.300000 2.000485 2.445345 -917.749765 -149.563444
45.350000 2.008033 1.997306 -950.529962 -179.445230
45.400000 2.000518 1.874602 -954.610726 -186.411867
45.450000 2.011652 1.546821 -981.100591 -208.626321
45.500000 1.987224 1.340618 -992.433213 -229.339151
45.550000 1.991534 1.542393 -978.030856 -213.281949
45.600000 2.011172 1.863210 -945.552503 -173.262388
45.650000 1.991564 1.576549 -960.620854 -195.860149
45.700000 1.992294 1.510055 -965.304730 -200.263704
45.750000 2.002131 1.558700 -962.215759 -193.397610
45.800000 1.991989 1.694689 -954.624299 -189.700455
45.850000 1.988613 2.146123 -927.462963 -163.835638
45.900000 2.000631 2.339478 -920.119021 -151.876860
45.950000 2.008003 2.037173 -945.635513 -174.562469
46.000000 2.008964 2.006518 -941.987773 -170.545765
46.050000 1.995666 1.670064 -968.289422 -201.953529
46.100000 1.984656 1.815185 -951.962244 -189.854237
46.150000 1.997767 1.589470 -962.996883 -195.854371
46.200000 2.001826 1.337197 -983.267034 -214.565801
46.250000 1.993485 1.854688 -941.082562 -175.584184
46.300000 2.007793 1.756112 -953.332274 -182.339827
46.350000 2.009978 1.576728 -965.155416 -193.323918
46.400000 2.002226 1.748580 -943.221079 -174.366168
46.450000 2.007846 1.505825 -958.264225 -187.251502
46.500000 1.991763 1.679019 -943.807443 -178.970420
46.550000 2.007054 1.484117 -966.767110 -196.058463
46.600000 1.988047 1.666697 -958.127566 -194.717709
46.650000 2.015922 1.882150 -947.517950 -173.403973
46.700000 2.008900 1.701627 -967.247844 -195.830220
46.750000 1.993303 2.080697 -936.705596 -171.277414
46.800000 2.022061 1.865798 -950.494973 -174.023490
46.850000 1.979142 1.532982 -974.002264 -214.011593
46.900000 2.006066 1.914914 -944.583117 -174.253711
46.950000 1.997622 1.829798 -955.744766 -188.657832
47.000000 2.000078 1.973255 -945.386153 -177.356346
47.050000 1.986053 1.753990 -963.053519 -200.409188
47.100000 2.006584 2.077914 -933.804394 -163.276193
47.150000 2.011880 1.735403 -955.263760 -182.701750
47.200000 1.999039 1.494118 -970.101403 -202.470319
47.250000 2.002723 1.769436 -950.968342 -181.922653
47.300000 2.014314 2.185302 -915.668950 -142.172296
47.350000 2.010850 1.560999 -975.787826 -203.621299
47.400000 2.007827 1.858379 -947.541388 -176.535741
47.450000 2.001096 1.544031 -966.952799 -198.531996
47.500000 2.005963 1.860326 -937.318571 -167.028644
47.550000 2.000427 1.727383 -949.235645 -181.071599
47.600000 1.996599 1.832859 -940.675809 -173.981780
47.650000 1.996922 1.948588 -932.633961 -165.815936
47.700000 2.018837 1.652611 -963.980298 -188.746824
47.750000 1.986322 2.180814 -930.152689 -167.405174
47.800000 2.004919 2.136999 -938.078567 -168.189826
47.850000 2.013980 1.543016 -974.858564 -201.490364
47.900000 1.983758 1.726914 -956.576784 -194.813642
47.950000 2.001947 1.750132 -962.539508 -193.791915
48.000000 2.003810 1.740303 -966.424603 -196.961563
48.050000 1.979585 2.183133 -927.128433 -166.967609
48.100000 1.994711 1.872721 -958.140189 -192.171231
48.150000 1.997747 2.091889 -940.391042 -173.256324
48.200000 2.007915 1.734730 -967.498025 -196.458490
48.250000 1.990174 1.821668 -961.451763 -197.225099
48.300000 2.007807 1.926357 -953.892327 -182.894332
48.350000 1.998895 1.677794 -970.940568 -203.365005
48.400000 1.999494 1.930373 -947.661658 -179.855906
48.450000 2.006600 1.762125 -958.290220 -187.755762
48.500000 2.008196 1.335333 -989.745198 -218.597785
48.550000 1.990981 1.483118 -970.499300 -205.962425
48.600000 1.993013 1.570870 -969.724323 -204.407256
48.650000 1.998910 2.007517 -945.811660 -178.230057
48.700000 2.004347 1.785203 -967.088737 -197.419573
48.750000 1.996096 1.917900 -950.142132 -183.641396
48.800000 2.013620 1.665694 -966.993996 -193.763777
48.850000 1.989084 1.508674 -974.693597 -210.885329
48.900000 1.992132 1.751455 -959.906760 -194.928055
48.950000 1.998193 1.680226 -971.835984 -204.529829
49.000000 2.002104 1.499670 -992.326362 -223.518467
49.050000 1.996832 1.846510 -970.160148 -203.376642
49.100000 2.003765 1.742518 -973.838819 -204.392893
49.150000 1.994256 1.926195 -955.093672 -189.299272
49.200000 1.982234 2.092795 -947.740826 -186.563038
49.250000 2.002297 2.270991 -936.013546 -167.131435
49.300000 2.023345 1.672321 -974.955421 -197.990755
49.350000 1.997941 1.541011 -976.024456 -208.815072
49.400000 1.998956 2.080549 -933.332868 -165.733896
49.450000 1.987287 1.946306 -945.955368 -182.837234
49.500000 1.995758 1.579513 -969.460825 -203.089754
49.550000 1.999040 1.770476 -945.414518 -177.783215
49.600000 1.998781 1.574392 -959.175267 -191.643471
49.650000 1.996665 1.208738 -991.963157 -225.243807
49.700000 2.000187 1.488788 -970.789074 -202.717079
49.750000 2.013728 1.468939 -976.575365 -203.303635
49.800000 1.993123 1.743759 -951.656395 -186.297265
49.850000 2.012969 1.199339 -996.326239 -223.346223
49.900000 1.991490 1.377157 -980.547886 -215.815800
49.950000 1.998204 1.565898 -967.270243 -199.959974
50.000000 2.011639 1.326848 -991.668222 -219.198876
50.050000 2.002414 1.676458 -962.901345 -193.974428
50.100000 1.999607 1.340432 -991.539923 -223.690967
50.150000 1.984905 1.716541 -967.816689 -205.613255
50.200000 2.006534 2.007089 -949.127414 -178.618318
50.250000 2.000705 1.927003 -953.409060 -185.138381
50.300000 1.995291 1.751913 -963.832486 -197.640697
50.350000 2.005617 2.247220 -914.280063 -144.123273
50.400000 2.005695 1.840797 -946.716032 -176.529269
50.450000 2.003897 1.869444 -941.641401 -172.144927
50.500000 2.007645 1.680366 -958.393059 -187.457489
50.550000 1.991227 1.699881 -954.230576 -189.599571
50.600000 2.012304 1.674885 -952.375320 -179.650650
50.650000 2.008191 1.699082 -949.044964 -177.899509
50.700000 2.005143 1.710051 -944.030907 -174.055926
50.750000 2.003595 1.320682 -973.790630 -204.410301
50.800000 2.001366 1.544017 -961.256701 -192.731992
50.850000 1.987665 1.959771 -933.733656 -170.470284
50.900000 2.002170 1.775415 -946.468999 -177.635567
50.950000 2.008928 1.402845 -971.474983 -200.046663
51.000000 1.997769 1.265620 -981.993978 -214.850658
51.050000 1.992427 1.791704 -942.694165 -177.602022
51.100000 2.010075 2.170560 -916.201072 -144.332137
51.150000 2.016179 1.620566 -958.790119 -184.577303
51.200000 1.988463 1.275875 -984.809116 -221.239316
51.250000 2.011967 1.238928 -986.289494 -213.694302
51.300000 1.988511 1.581835 -961.499713 -197.911336
51.350000 1.994821 1.573120 -968.142591 -202.131256
51.400000 1.998013 1.965394 -935.557409 -168.320327
51.450000 2.015670 1.701151 -955.819657 -181.802547
51.500000 1.981979 1.803774 -946.744606 -185.664733
51.550000 2.014715 1.803750 -956.917592 -183.267173
51.600000 1.994467 1.516302 -988.067919 -222.192603
51.650000 2.002128 1.874282 -962.223245 -193.405959
51.700000 2.010720 1.814581 -968.574212 -196.457873
51.750000 1.997648 1.522841 -985.931243 -218.834407
51.800000 1.995170 1.553903 -981.184144 -215.038889
51.850000 1.997080 1.816783 -960.023240 -193.144445
51.900000 2.006220 1.759185 -965.036261 -194.647656
51.950000 2.000164 1.639382 -972.303561 -204.240591
52.000000 1.990900 1.848604 -957.659051 -193.153298
52.050000 1.996928 1.839431 -968.542535 -201.722002
52.100000 2.009514 1.846160 -973.277615 -201.624077
52.150000 1.993416 2.044557 -958.319954 -192.848021
52.200000 1.998723 1.781566 -970.044658 -202.535001
52.250000 2.008034 1.424548 -989.551129 -218.465991
52.300000 1.999736 1.393089 -988.174106 -220.275629
52.350000 1.992959 1.621297 -962.519243 -197.222802
52.400000 2.007205 1.294168 -982.689201 -211.922442
52.450000 2.004500 1.406435 -965.683605 -195.955630
52.500000 2.004175 1.330983 -795.295374 -25.692295
52.550000 2.005764 1.213837 -798.580890 -28.367677
52.600000 1.996966 1.144861 -794.454724 -27.619876
52.650000 2.009723 0.870437 -813.939843 -42.206185
52.700000 1.973992 1.180259 -777.739811 -19.726997
52.750000 2.013519 0.922699 -801.998008 -28.806696
52.800000 2.014836 0.680256 -821.712031 -48.014915
52.850000 1.992056 0.888888 -809.659302 -44.709791
52.900000 2.007128 1.167585 -793.067999 -22.330658
52.950000 2.011630 1.175102 -795.191736 -22.725879
53.000000 1.998356 1.277426 -783.800102 -16.431364
53.050000 2.003986 1.150787 -794.785295 -25.254572
53.100000 1.988424 1.051339 -806.520767 -42.965942
53.150000 2.004206 1.240676 -788.501812 -18.886519
53.200000 1.992330 0.896285 -820.497387 -55.442585
53.250000 1.991957 1.225367 -785.768843 -20.857483
53.300000 2.015424 1.129416 -797.763160 -23.840297
53.350000 1.982595 1.521293 -754.781713 6.534850
53.400000 2.002830 1.019035 -801.722899 -32.636318
53.450000 2.012039 0.995514 -799.609680 -26.986615
53.500000 1.989428 0.989136 -803.516749 -39.576558
53.550000 1.997018 1.245384 -788.291571 -21.436472
53.600000 1.983739 1.578474 -755.973701 5.782260
53.650000 2.008165 0.981772 -811.799857 -40.664617
53.700000 1.997627 0.929176 -813.730449 -46.641742
53.750000 2.008083 0.936142 -815.241069 -44.137174
53.800000 2.003830 0.822165 -826.246364 -56.775696
53.850000 1.981276 0.887300 -824.879862 -64.069866
53.900000 1.994044 1.588658 -762.783207 2.929761
53.950000 2.007602 1.130867 -811.156239 -40.237144
54.000000 2.006155 1.086087 -809.275121 -38.911658
54.050000 2.004427 0.838886 -824.333093 -54.633088
54.100000 1.987132 0.758924 -827.952429 -64.893681
54.150000 2.000379 1.193677 -786.586238 -18.440680
54.200000 2.000335 0.972911 -810.043461 -41.914945
54.250000 1.984299 1.066557 -807.508858 -45.538013
54.300000 2.016322 1.278196 -788.498370 -14.230874
54.350000 2.004175 0.868025 -823.441378 -53.838249
54.400000 1.994405 0.853369 -828.338466 -62.486915
54.450000 1.996949 1.244756 -796.580607 -29.752072
54.500000 2.009708 1.242793 -794.579272 -22.851279
54.550000 1.990265 1.125318 -795.475025 -31.213183
54.600000 2.005563 0.709099 -831.786030 -61.649973
54.650000 1.994434 0.918464 -805.520480 -39.657995
54.700000 2.005609 1.050267 -795.193759 -25.040048
54.750000 1.990764 1.142104 -798.847592 -34.394075
54.800000 2.021369 1.210348 -799.212271 -23.006410
54.850000 2.001776 1.166626 -797.489480 -28.807648
54.900000 2.002766 0.701550 -834.644926 -65.582787
54.950000 2.001186 0.484605 -841.468884 -73.013376
55.000000 2.007764 0.581935 -821.476712 -50.495280
55.050000 1.998879 0.786133 -805.280037 -37.710504
55.100000 1.998775 0.810521 -812.339384 -44.809810
55.150000 1.994601 1.024205 -793.429619 -27.502903
55.200000 2.004812 1.071414 -784.928166 -15.080325
55.250000 1.989727 0.893890 -805.947184 -41.891911
55.300000 1.998930 1.298551 -769.662536 -2.073301
55.350000 1.993586 1.048019 -802.258976 -36.721832
55.400000 2.000954 1.591438 -754.905817 13.460649
55.450000 2.009229 1.482610 -768.740456 2.803587
55.500000 1.996864 1.541565 -764.875087 1.920815
55.550000 2.004037 0.968395 -825.561017 -56.010705
55.600000 2.007288 1.086541 -810.123592 -39.325152
55.650000 1.984428 1.539678 -756.321880 5.698452
55.700000 2.018330 0.955501 -811.780676 -36.741818
55.750000 1.990893 1.033081 -802.508615 -38.005670
55.800000 1.996606 1.134909 -796.398223 -29.701621
55.850000 2.016721 1.135574 -799.211448 -24.790423
55.900000 1.984911 1.229523 -793.438326 -31.232527
55.950000 1.996130 1.168766 -802.357633 -35.843785
56.000000 2.002647 1.108950 -807.605101 -38.588560
56.050000 1.996034 1.003518 -819.921062 -53.444046
56.100000 1.995322 0.951662 -822.985568 -56.781995
56.150000 1.993262 0.876925 -825.485831 -60.073088
56.200000 2.007423 0.922497 -814.099378 -43.249077
56.250000 1.975680 0.864063 -822.424262 -63.763229
56.300000 2.016306 1.397660 -782.119266 -7.857597
56.350000 2.019418 1.195953 -810.309723 -34.853170
56.400000 1.982288 1.324567 -800.435547 -39.236996
56.450000 2.007334 1.566312 -781.086326 -10.270054
56.500000 1.997300 1.326458 -798.212502 -31.249157
56.550000 1.994753 1.194337 -809.160994 -43.175780
56.600000 2.009989 1.303238 -791.886289 -20.050448
56.650000 2.014659 1.119796 -802.926073 -29.297155
56.700000 2.006810 0.816082 -834.559075 -63.944183
56.750000 1.994970 1.173924 -800.769729 -34.701274
56.800000 1.985014 1.145432 -804.624013 -42.378498
56.850000 2.002797 0.971266 -817.863306 -48.789140
56.900000 1.995495 0.962331 -814.257659 -47.987532
56.950000 1.995276 1.117397 -802.146268 -35.960468
57.000000 2.004639 0.916029 -825.758492 -55.977063
57.050000 2.002876 1.184865 -796.395368 -27.290946
57.100000 2.000868 1.095676 -802.873412 -34.539982
57.150000 2.005448 0.923517 -816.643750 -46.551835
57.200000 1.989272 0.936681 -813.736868 -49.856280
57.250000 2.001997 1.110886 -798.897935 -30.131255
57.300000 2.005222 0.928009 -818.285272 -48.279905
57.350000 2.000861 0.866602 -825.902143 -57.571500
57.400000 1.995356 1.174099 -803.833100 -37.616328
57.450000 2.009012 1.318170 -790.611937 -19.151189
57.500000 1.992811 1.335877 -782.054647 -16.815298
57.550000 2.000435 1.087502 -802.751612 -34.584510
57.600000 1.997181 1.094187 -804.785241 -37.867637
57.650000 1.997629 0.980373 -825.735407 -58.645862
57.700000 1.998353 1.201126 -809.890333 -42.522937
57.750000 1.990191 1.187228 -818.787671 -54.554512
57.800000 2.003873 1.416966 -803.887589 -34.400538
57.850000 2.000166 1.242607 -821.163824 -53.100012
57.900000 2.000407 1.109248 -828.074193 -59.917902
57.950000 1.996715 0.807505 -857.499279 -90.760909
58.000000 1.978387 1.446130 -793.373480 -33.673061
58.050000 2.011398 1.207832 -816.998623 -44.621797
58.100000 1.995848 1.072538 -820.074549 -53.669042
58.150000 2.003187 0.954320 -824.049357 -54.825681
58.200000 2.001864 0.980472 -816.832773 -48.116941
58.250000 1.996784 0.999782 -814.385144 -47.619989
58.300000 1.995480 0.886482 -825.575415 -59.310938
58.350000 1.999458 1.230714 -793.987317 -26.195436
58.400000 1.997345 1.399491 -777.933811 -10.953168
58.450000 2.016991 1.264523 -786.798002 -12.273342
58.500000 1.997814 1.125994 -792.212344 -25.051702
58.550000 1.988179 0.906430 -816.450486 -52.989791
58.600000 1.994070 1.174857 -795.650713 -29.927979
58.650000 2.009812 1.211035 -791.873994 -20.106320
58.700000 1.997403 1.094329 -796.176779 -29.173967
58.750000 1.991048 0.815051 -823.116999 -58.554421
58.800000 2.010781 1.058788 -798.780963 -26.640927
58.850000 2.004425 0.973721 -805.068829 -35.369607
58.900000 2.000155 0.873289 -810.030972 -41.971336
58.950000 1.997046 0.820382 -818.135270 -51.269747
59.000000 2.005428 1.171004 -782.478054 -12.393719
59.050000 1.996762 0.869089 -810.284348 -43.527752
59.100000 2.002391 0.925177 -804.739930 -35.821813
59.150000 1.992159 1.075383 -790.353491 -25.364470
59.200000 2.011357 0.777053 -821.621877 -49.260979
59.250000 1.995122 0.696492 -830.163757 -64.036970
59.300000 1.996861 1.056081 -793.660609 -26.865895
59.350000 2.005578 0.819203 -814.980227 -44.838312
59.400000 2.000362 1.010411 -799.700535 -31.561483
59.450000 1.995603 1.159049 -795.591727 -29.280344
59.500000 1.998534 1.020769 -811.992801 -44.555886
59.550000 1.997412 1.160063 -794.899010 -27.892642
59.600000 2.015315 1.172509 -791.554953 -17.674176
59.650000 2.002417 0.817345 -822.347804 -53.419734
59.700000 1.994944 0.993819 -807.285092 -41.226479
59.750000 2.009772 1.350624 -780.175939 -8.423359
59.800000 1.993714 1.348811 -786.893486 -21.307495
59.850000 1.997024 0.972682 -823.633696 -56.776400
59.900000 1.998374 0.848468 -829.374742 -61.999263
59.950000 1.974612 1.268160 -783.488529 -25.237513
60.000000 1.998759 0.842704 -634.600037 132.923366
60.050000 2.010815 0.432845 -679.637848 92.515230
60.100000 1.998096 0.527234 -665.557654 101.711055
60.150000 2.002934 0.807062 -632.027741 137.098857
60.200000 2.005738 0.676176 -649.074922 121.128490
60.250000 2.003486 0.622440 -657.605549 111.733015
60.300000 1.985927 0.724435 -648.553985 114.042024
60.350000 1.999168 0.881419 -632.654012 135.026337
60.400000 1.983416 0.978630 -619.067624 142.563930
60.450000 2.007678 0.683836 -654.060526 116.887833
60.500000 1.996355 0.577883 -663.642206 102.958107
60.550000 2.005664 0.695555 -656.112131 114.062849
60.600000 2.016887 0.835632 -650.211630 124.272960
60.650000 1.995296 0.947390 -645.320871 120.872724
60.700000 2.012246 0.985668 -640.493458 132.209053
60.750000 1.992176 0.724732 -666.222308 98.773139
60.800000 2.013489 0.773208 -656.005392 117.174497
60.850000 2.001983 0.678657 -666.570661 102.190947
60.900000 2.000762 0.839465 -654.013381 114.279397
60.950000 2.007768 0.803285 -662.006942 108.975909
61.000000 2.010172 0.664962 -677.336590 94.569497
61.050000 2.006358 0.506617 -693.489241 76.952172
61.100000 1.999853 0.489417 -691.127844 76.815607
61.150000 1.995894 0.488243 -693.091245 73.332148
61.200000 1.994536 0.688363 -673.549770 92.351957
61.250000 2.002629 0.942844 -641.523075 127.486607
61.300000 2.001540 0.835954 -650.752952 117.838346
61.350000 2.008538 0.619279 -673.937637 97.341115
61.400000 1.984118 0.734506 -663.705826 98.195538
61.450000 2.009951 0.857834 -652.477044 119.343976
61.500000 1.998309 0.735559 -659.454870 107.895935
61.550000 2.004527 0.694670 -657.792610 111.945702
61.600000 1.992433 0.633927 -664.266751 100.827540
61.650000 1.997010 0.910146 -630.886372 135.965586
61.700000 2.005112 0.721083 -656.007880 113.955061
61.750000 1.984749 0.871698 -632.585195 129.558341
61.800000 2.007210 0.755633 -647.643564 123.124971
61.850000 1.995999 0.726088 -649.674717 116.788890
61.900000 1.996076 0.809280 -634.394633 132.098670
61.950000 2.013640 0.529425 -666.254368 106.983394
62.000000 1.985707 0.687063 -648.233218 114.278107
62.050000 2.013381 0.774299 -642.237060 130.901189
62.100000 1.996499 0.656704 -655.995531 110.660166
62.150000 1.996590 0.671484 -658.590953 108.099696
62.200000 1.986851 0.892463 -633.559253 129.391525
62.250000 2.010856 0.800347 -645.094991 127.073877
62.300000 1.991899 0.618796 -665.500398 99.388928
62.350000 2.000161 0.726418 -651.751770 116.310029
62.400000 1.999996 0.615655 -665.917876 102.080425
62.450000 2.007355 0.809316 -639.918095 130.906386
62.500000 1.993305 0.680217 -654.931198 110.498076
62.550000 1.995507 0.652217 -662.691208 103.583306
62.600000 2.006665 0.752859 -655.514749 115.044486
62.650000 1.989669 0.828979 -649.605204 114.427750
62.700000 2.004205 0.865375 -644.197969 125.416746
62.750000 1.995556 0.623777 -667.577573 98.716043
62.800000 1.986157 0.708080 -650.293591 112.390657
62.850000 2.006697 0.523853 -667.970544 102.601076
62.900000 1.999850 0.522314 -662.294818 105.647425
62.950000 2.003168 0.775660 -634.683364 134.533255
63.000000 1.997858 0.916275 -621.461780 145.715635
63.050000 2.015762 0.697290 -641.106167 132.946583
63.100000 1.990270 0.442003 -662.236951 102.026694
63.150000 2.009234 0.616471 -637.940277 133.605603
63.200000 2.003754 0.518649 -653.270357 116.171063
63.250000 2.016328 0.628867 -645.006516 129.263321
63.300000 2.007456 0.451511 -668.613259 102.249930
63.350000 1.999960 0.508665 -663.917205 104.067254
63.400000 1.983596 0.920360 -619.573797 142.126893
63.450000 2.013612 0.922314 -620.242620 152.984210
63.500000 2.009342 0.630981 -656.071643 115.515713
63.550000 1.999312 0.727196 -645.130170 122.605639
63.600000 2.005416 0.693900 -654.896627 115.183033
63.650000 1.992981 0.907683 -627.955673 137.349181
63.700000 1.990745 0.825189 -633.059128 131.386909
63.750000 1.998933 0.693116 -651.131813 116.458503
63.800000 1.989562 0.956214 -622.778680 141.212968
63.850000 2.010976 0.791235 -646.391851 125.822826
63.900000 1.989367 0.748135 -649.488589 114.428343
63.950000 2.004711 0.876147 -635.127799 134.681408
64.000000 2.005905 0.664693 -652.419466 117.848073
64.050000 2.002317 0.477379 -664.352012 104.537664
64.100000 2.003288 0.301032 -687.738703 81.523786
64.150000 1.991992 0.569380 -662.142612 102.782188
64.200000 2.003981 0.654477 -660.360911 109.167694
64.250000 1.990154 0.797200 -644.609609 119.609642
64.300000 1.994405 0.819695 -638.808444 127.043068
64.350000 1.998129 0.578752 -662.589886 104.691725
64.400000 2.000567 0.551997 -662.661462 105.556077
64.450000 1.998040 0.640299 -656.309164 110.938211
64.500000 2.001637 0.671201 -658.488567 110.139991
64.550000 1.979250 0.899862 -630.666970 129.365069
64.600000 2.020178 0.654439 -656.471694 119.276573
64.650000 2.000549 0.561983 -653.244703 114.966274
64.700000 1.994844 0.407879 -667.475148 98.544802
64.750000 1.996778 0.502867 -661.503172 105.259529
64.800000 1.995335 0.897170 -621.983668 144.225146
64.850000 2.020082 0.707743 -647.768060 127.943539
64.900000 1.998382 0.691943 -647.617541 119.761100
64.950000 1.995740 0.646262 -658.247988 108.116309
65.000000 2.007511 0.834581 -632.647694 138.236415
65.050000 2.008673 0.475190 -666.709501 104.621072
65.100000 1.996931 0.456411 -662.818578 104.003026
65.150000 1.991832 0.763538 -635.327754 129.535889
65.200000 2.014359 1.065337 -607.873240 165.640732
65.250000 1.994159 0.717635 -646.213152 119.543823
65.300000 1.997906 0.670553 -649.578933 117.616907
65.350000 1.998901 0.621001 -660.156888 107.420990
65.400000 2.013532 0.628236 -658.606001 114.590154
65.450000 2.002547 0.515877 -669.118790 99.859106
65.500000 2.002289 0.604116 -666.887748 101.991238
65.550000 2.001624 0.762307 -657.969479 110.654043
65.600000 1.999759 0.904086 -643.239586 124.667897
65.650000 2.006596 0.670845 -668.207980 102.324957
65.700000 1.988825 0.669855 -662.683014 101.025829
65.750000 2.001327 0.634683 -665.866824 102.642889
65.800000 1.994539 0.822391 -637.805187 128.097818
65.850000 2.020071 0.651877 -651.676575 124.030684
65.900000 2.000936 0.434390 -673.978486 94.380795
65.950000 1.996707 0.609807 -655.014153 111.721225
66.000000 1.998035 0.846080 -631.665250 135.580081
66.050000 1.983247 1.061933 -605.019990 156.546945
66.100000 2.021524 0.803411 -632.213895 144.051337
66.150000 1.975561 0.705660 -637.986120 120.629114
66.200000 2.000986 0.861199 -622.297593 146.080969
66.250000 1.992182 0.989492 -606.901469 158.096592
66.300000 2.016417 0.725916 -640.479624 133.824411
66.350000 2.013933 0.803995 -630.349703 143.000426
66.400000 1.994361 0.815286 -628.814196 137.020280
66.450000 1.996639 0.862449 -622.510758 144.198647
66.500000 1.984082 0.846295 -627.856712 134.030908
66.550000 2.016905 0.732503 -641.879768 132.611869
66.600000 1.995987 0.466379 -668.076232 98.382884
66.650000 2.006482 0.530655 -659.080779 111.408378
66.700000 1.987788 0.590015 -653.527329 109.783093
66.750000 2.005181 0.811116 -629.782068 140.207403
66.800000 1.996707 0.635754 -651.977252 114.758108
66.850000 2.005211 0.685711 -652.399904 117.601092
66.900000 1.996051 0.689569 -657.644296 108.839416
66.950000 2.004196 0.671145 -662.600334 107.011060
67.000000 2.009148 0.587429 -668.475016 103.037895
67.050000 1.999220 0.457198 -685.489116 82.211301
67.100000 1.992370 0.974266 -625.205144 139.864984
67.150000 2.001884 0.613134 -674.825457 93.898013
67.200000 1.998248 0.738447 -661.959276 105.367999
67.250000 1.998439 0.746839 -665.120111 102.280460
67.300000 1.998314 0.710139 -675.535031 91.817649
67.350000 1.993593 0.900084 -655.522421 110.017209
67.400000 2.007621 0.833741 -662.150035 108.776298
67.450000 2.002276 0.650514 -678.361676 90.512176
