# t Temp Pres Epot Etot
0.000000 2.036186 28.468079 -1424.655357 -642.759844
0.050000 2.002753 28.701610 -1413.752895 -644.695575
0.100000 1.986454 28.540282 -1415.095652 -652.297305
0.150000 1.965338 29.320312 -1384.920781 -630.231141
0.200000 2.034882 28.798123 -1408.841282 -627.446710
0.250000 2.004599 28.451435 -1425.922732 -656.156883
0.300000 1.992380 28.153240 -1438.093305 -673.019530
0.350000 2.018234 28.193581 -1436.900741 -661.898764
0.400000 1.974553 28.551726 -1414.680184 -656.451699
0.450000 2.006124 29.441869 -1382.079513 -611.727752
0.500000 2.015020 28.853821 -1403.733342 -629.965851
0.550000 1.981713 28.291344 -1428.947679 -667.969726
0.600000 2.006256 28.338809 -1429.203292 -658.801064
0.650000 1.957902 29.200894 -1390.969259 -639.134965
0.700000 2.018406 28.515001 -1421.793553 -646.725520
0.750000 2.003599 28.224366 -1436.834899 -667.452958
0.800000 2.017166 28.634922 -1418.634759 -644.043093
0.850000 2.013058 28.847015 -1405.462405 -632.448069
0.900000 2.020136 27.662354 -1461.009734 -685.277418
0.950000 1.965214 28.942182 -1403.867415 -649.225360
1.000000 2.016433 30.079558 -1353.844190 -579.533836
1.050000 2.060204 30.008479 -1355.355492 -564.237242
1.100000 1.993803 28.240807 -1432.246635 -666.626148
1.150000 1.976706 25.940867 -1533.886388 -774.831213
1.200000 1.998306 29.342405 -1383.035836 -615.686280
1.250000 1.983223 29.092213 -1396.118053 -634.560479
1.300000 1.999935 31.334320 -1293.867623 -525.892618
1.350000 2.037351 29.086388 -1394.971968 -612.629359
1.400000 1.996622 29.014712 -1399.907536 -633.204496
1.450000 2.008681 28.523801 -1418.351762 -647.018340
1.500000 2.050826 28.366076 -1432.349957 -644.832769
1.550000 1.984135 29.351615 -1382.766340 -620.858383
1.600000 1.992145 28.738402 -1408.803887 -643.820135
1.650000 1.996941 28.102362 -1438.137535 -671.312208
1.700000 2.037717 29.670987 -1366.175045 -583.691562
1.750000 1.991013 27.613018 -1460.755783 -696.206784
1.800000 1.976961 28.380736 -1425.422102 -666.268903
1.850000 2.012028 28.610202 -1419.983834 -647.365042
1.900000 2.027196 28.476248 -1424.630258 -646.186896
1.950000 2.002644 29.655601 -1371.042871 -602.027759
2.000000 1.996147 29.466042 -1378.912487 -612.392087
2.050000 2.036338 27.416213 -1471.706262 -689.752586
2.100000 1.980860 28.750040 -1411.035118 -650.384814
2.150000 2.009203 29.279693 -1385.856660 -614.322842
2.200000 1.987226 29.490497 -1378.871831 -615.777055
2.250000 2.017478 29.843374 -1361.247140 -586.535561
2.300000 2.015406 27.893837 -1449.650906 -675.735072
2.350000 2.003892 27.119895 -1485.312241 -715.817527
2.400000 1.990229 29.851846 -1363.185563 -598.937469
2.450000 2.022588 28.213760 -1436.450285 -659.776509
2.500000 2.005014 28.746757 -1412.639558 -642.714234
2.550000 1.979449 29.903737 -1356.291540 -596.183247
2.600000 2.016679 28.833890 -1409.834489 -635.429563
2.650000 1.965379 28.304912 -1426.742164 -672.036617
2.700000 2.025391 27.539407 -1464.907287 -687.157105
2.750000 1.984950 28.948742 -1402.147087 -639.926197
2.800000 2.023350 28.528788 -1424.226156 -647.259794
2.850000 1.971079 29.553853 -1372.822839 -615.928315
2.900000 2.009450 28.498903 -1420.963355 -649.334481
2.950000 1.981780 28.968568 -1402.248185 -641.244687
3.000000 2.005866 27.836823 -1451.253153 -681.000541
3.050000 1.994578 29.797911 -1363.641009 -597.723012
3.100000 2.000943 28.998657 -1402.097355 -633.735136
3.150000 2.035113 28.703718 -1415.637279 -634.153936
3.200000 1.972019 28.842717 -1402.502453 -645.247296
3.250000 2.039801 28.088759 -1440.264989 -656.981330
3.300000 1.998601 28.195655 -1437.650439 -670.187507
3.350000 1.972707 30.270277 -1343.577911 -586.058389
3.400000 1.990429 29.937085 -1357.150445 -592.825611
3.450000 2.034348 29.121408 -1395.575434 -614.385803
3.500000 2.018271 27.029816 -1488.105903 -713.089879
3.550000 1.980418 28.718294 -1410.266742 -649.786392
3.600000 2.001364 29.677200 -1366.652589 -598.129002
3.650000 1.996317 29.053406 -1395.469413 -628.883687
3.700000 1.997108 28.812182 -1406.183259 -639.293705
3.750000 1.988848 28.287226 -1426.409348 -662.691850
3.800000 2.009348 28.520381 -1421.107621 -649.517833
3.850000 1.985994 28.401000 -1424.669578 -662.047840
3.900000 1.978259 29.099651 -1395.316859 -635.665358
3.950000 2.046311 29.404914 -1387.630658 -601.847326
4.000000 1.990977 27.750383 -1452.884384 -688.349254
4.050000 1.993740 27.797202 -1454.028865 -688.432786
4.100000 1.994405 28.720394 -1412.796482 -646.945126
4.150000 1.997411 28.904316 -1401.774703 -634.768797
4.200000 1.963053 28.539162 -1420.540742 -666.728422
4.250000 1.982325 29.238532 -1384.857310 -623.644632
4.300000 1.991637 29.049979 -1399.235735 -634.447217
4.350000 2.009816 28.072765 -1442.406352 -670.636955
4.400000 2.027479 27.656528 -1461.438391 -682.886634
4.450000 1.974931 29.545109 -1370.346242 -611.972555
4.500000 1.984597 29.791548 -1363.745772 -601.660637
4.550000 2.016379 29.056430 -1396.954403 -622.664806
4.600000 1.989315 28.673423 -1412.656383 -648.759494
4.650000 2.013887 28.365560 -1429.618081 -656.285573
4.700000 2.014795 28.960623 -1397.700334 -624.018877
4.750000 2.011353 28.042964 -1442.434417 -670.074790
4.800000 1.983862 27.549190 -1463.095408 -701.292464
4.850000 2.006184 29.869320 -1361.903532 -591.528874
4.900000 2.025528 28.239653 -1434.941565 -657.138914
4.950000 1.974990 29.568656 -1374.378191 -615.981848
5.000000 2.016850 28.751602 -1411.098858 -636.628294
5.050000 2.015245 28.734656 -1411.572746 -637.718805
5.100000 2.022076 28.553992 -1416.904356 -640.427206
5.150000 1.978088 28.294478 -1429.177866 -669.592024
5.200000 2.000317 29.076959 -1400.277418 -632.155857
5.250000 2.042102 28.522387 -1423.191267 -639.024037
5.300000 2.000384 29.790384 -1365.097814 -596.950278
5.350000 2.007715 28.301230 -1427.878321 -656.915697
5.400000 2.010653 28.663178 -1413.028671 -640.937903
5.450000 1.982001 28.909690 -1401.615151 -640.526888
5.500000 1.993576 29.100596 -1393.269080 -627.735962
5.550000 2.019897 28.762395 -1408.239934 -632.599539
5.600000 1.977398 27.543550 -1461.806302 -702.485358
5.650000 1.976783 29.379752 -1382.149663 -623.064920
5.700000 2.002717 29.058613 -1397.335639 -628.292324
5.750000 2.021330 29.236438 -1387.767170 -611.576372
5.800000 2.014900 28.584728 -1414.426258 -640.704569
5.850000 2.049599 28.295586 -1431.377593 -644.331421
5.900000 1.976375 28.999297 -1397.877442 -638.949403
5.950000 1.988182 29.856238 -1359.769523 -596.307534
6.000000 2.029714 28.031447 -1444.843204 -665.433064
6.050000 1.983766 28.742799 -1412.446857 -650.680697
6.100000 1.976587 28.631504 -1413.346560 -654.337172
6.150000 2.006387 29.623598 -1377.019254 -606.566587
6.200000 2.013726 29.407139 -1383.366259 -610.095330
6.250000 1.975833 29.149241 -1392.806725 -634.086832
6.300000 2.029465 29.121984 -1395.134283 -615.819808
6.350000 2.022649 28.500135 -1422.683157 -645.985947
6.400000 1.987931 28.880662 -1404.056162 -640.690694
6.450000 1.999483 28.974681 -1401.880042 -634.078384
6.500000 1.991412 29.236345 -1389.211875 -624.509778
6.550000 2.020117 28.430202 -1423.915534 -648.190775
6.600000 1.993093 28.997276 -1399.851866 -634.504167
6.650000 1.997916 29.525056 -1378.798023 -611.598314
6.700000 2.011025 27.529490 -1469.036520 -696.802905
6.750000 2.054182 28.559730 -1421.638903 -632.832896
6.800000 1.954337 28.377708 -1422.198603 -671.733323
6.850000 1.988510 28.618502 -1417.060123 -653.472200
6.900000 2.013175 28.174242 -1437.487137 -664.427811
6.950000 2.017212 28.933392 -1401.502992 -626.893748
7.000000 1.994702 29.797271 -1358.084478 -592.118952
7.050000 1.959213 29.625295 -1367.988677 -615.650715
7.100000 2.021637 28.357564 -1430.745006 -654.436531
7.150000 2.040180 28.867382 -1407.777247 -624.348242
7.200000 2.009094 28.250394 -1433.151591 -661.659612
7.250000 2.019388 28.809959 -1406.768552 -631.323703
7.300000 1.997495 29.252134 -1385.169286 -618.131276
7.350000 2.010962 28.499479 -1421.391571 -649.182170
7.400000 2.018702 28.115039 -1440.211578 -665.029857
7.450000 1.958317 27.905887 -1447.911361 -695.917683
7.500000 2.003746 18.704536 -1474.501803 -705.063350
7.550000 1.999309 17.628299 -1525.367366 -757.632836
7.600000 1.955388 18.549812 -1474.918290 -724.049465
7.650000 2.030431 18.405140 -1488.415568 -708.730194
7.700000 2.001109 17.078519 -1552.290585 -783.864785
7.750000 1.996033 17.182309 -1541.821791 -775.345051
7.800000 1.976180 17.358272 -1532.792075 -773.938998
7.850000 1.986454 18.343589 -1487.840810 -725.042351
7.900000 2.017470 17.745424 -1517.795953 -743.087644
7.950000 1.981431 18.094143 -1501.796558 -740.927067
8.000000 1.990358 18.013424 -1505.440797 -741.143314
8.050000 2.014786 18.067770 -1506.328646 -732.650860
8.100000 1.996759 17.369140 -1535.299252 -768.543859
8.150000 2.001800 17.526700 -1523.678650 -754.987396
8.200000 2.009148 17.394582 -1535.901257 -764.388269
8.250000 2.005281 17.734936 -1518.728989 -748.701242
8.300000 1.997578 17.756358 -1511.633778 -744.563659
8.350000 1.965447 17.650295 -1520.728315 -765.996835
8.400000 2.016567 18.687181 -1474.413993 -700.052191
8.450000 2.023290 17.564235 -1526.694939 -749.751395
8.500000 1.932334 18.943241 -1459.499196 -717.483128
8.550000 2.032280 19.490658 -1437.524211 -657.128764
8.600000 2.012400 16.803537 -1567.131638 -794.370060
8.650000 2.005782 17.573479 -1529.503526 -759.283222
8.700000 2.018351 15.734829 -1615.021014 -839.974060
8.750000 1.972982 17.007893 -1552.097057 -794.471821
8.800000 2.015356 17.043436 -1552.018906 -778.122262
8.850000 1.987186 18.208244 -1492.889427 -729.809969
8.900000 1.988698 17.703620 -1518.111446 -754.451490
8.950000 1.995961 18.756704 -1470.518611 -704.069674
9.000000 1.984974 20.170162 -1404.390878 -642.160690
9.050000 2.023948 19.324418 -1440.865563 -663.669649
9.100000 1.987570 18.220555 -1494.362154 -731.135103
9.150000 2.004638 17.729876 -1522.449215 -752.668414
9.200000 2.010395 16.766440 -1563.966971 -791.975295
9.250000 1.998754 17.481127 -1531.542274 -764.020603
9.300000 2.019770 17.123131 -1552.516156 -776.924486
9.350000 2.014613 17.572718 -1531.277346 -757.665910
9.400000 1.983666 17.798879 -1514.616904 -752.889063
9.450000 2.006674 17.761898 -1515.319553 -744.756598
9.500000 2.009787 17.272015 -1538.284662 -766.526635
9.550000 1.966330 18.413114 -1487.986787 -732.915954
9.600000 2.053853 18.391155 -1491.312733 -702.633042
9.650000 1.994124 17.414344 -1537.477898 -771.734468
9.700000 1.974508 18.045284 -1504.758714 -746.547595
9.750000 2.014325 17.134030 -1548.188138 -774.687334
9.800000 1.997584 17.473521 -1533.368936 -766.296801
9.850000 2.010466 17.386530 -1535.741187 -763.722265
9.900000 2.009145 17.113427 -1545.303490 -773.791652
9.950000 2.018860 18.468685 -1483.535540 -708.293334
10.000000 1.984808 18.857608 -1466.745184 -704.578806
10.050000 2.024855 17.509214 -1529.197032 -751.652783
10.100000 1.986936 16.864061 -1560.579235 -797.595883
10.150000 2.000052 17.009119 -1551.000575 -782.980502
10.200000 1.979338 17.439111 -1532.612797 -772.546842
10.250000 1.969506 18.736304 -1465.642860 -709.352401
10.300000 2.001664 16.765030 -1567.926159 -799.287092
10.350000 1.980518 18.543999 -1480.824451 -720.305653
10.400000 2.045823 17.925516 -1513.737918 -728.141981
10.450000 1.980745 19.564245 -1433.025702 -672.419784
10.500000 2.018256 19.226070 -1448.788412 -673.777924
10.550000 2.004397 18.025879 -1511.594609 -741.906275
10.600000 2.003597 17.833346 -1515.645474 -746.264179
10.650000 1.999658 17.329539 -1535.281757 -767.412896
10.700000 2.022496 17.480543 -1531.758220 -755.119728
10.750000 2.008216 17.068888 -1552.337924 -781.182803
10.800000 2.003551 17.282923 -1540.052642 -770.688909
10.850000 2.011435 17.678890 -1518.652621 -746.261755
10.900000 1.980298 19.140805 -1451.426706 -690.992398
10.950000 1.996029 17.473900 -1533.347934 -766.872810
11.000000 2.013062 17.940926 -1506.816085 -733.800433
11.050000 1.983716 16.649732 -1567.818149 -806.071246
11.100000 2.002116 16.057338 -1600.363656 -831.550982
11.150000 1.998294 17.065356 -1552.660482 -785.315625
11.200000 2.010496 18.580784 -1477.724056 -705.693572
11.250000 2.010991 16.183561 -1589.300886 -817.080281
11.300000 1.997673 16.749518 -1562.297387 -795.190999
11.350000 1.955914 18.919179 -1460.476929 -709.405989
11.400000 2.016518 18.973464 -1465.605801 -691.262744
11.450000 2.017421 18.280282 -1495.955480 -721.265727
11.500000 2.022704 16.902340 -1562.159048 -785.440773
11.550000 1.988847 17.566273 -1526.032871 -762.315665
11.600000 2.011324 18.735862 -1468.154138 -695.805572
11.650000 1.995254 17.910296 -1508.562862 -742.385382
11.700000 2.012040 17.563321 -1530.295226 -757.671692
11.750000 2.000728 17.215690 -1543.526889 -775.247285
11.800000 2.011649 17.468740 -1528.111209 -755.638183
11.850000 1.970884 16.991902 -1551.193343 -794.373774
11.900000 1.991889 19.190812 -1450.743331 -685.857770
11.950000 2.010651 17.998616 -1507.785028 -735.695195
12.000000 2.032008 16.221526 -1590.756254 -810.465005
12.050000 1.960131 17.775898 -1510.040804 -757.350518
12.100000 2.039610 16.189311 -1586.394764 -803.184678
12.150000 1.996810 17.412734 -1534.021390 -767.246290
12.200000 2.018447 17.598917 -1527.019731 -751.936096
12.250000 2.014640 17.541666 -1526.363537 -752.741959
12.300000 1.993779 17.785741 -1519.585457 -753.974240
12.350000 2.013540 18.243043 -1495.691195 -722.491942
12.400000 2.014883 18.411098 -1488.772819 -715.057574
12.450000 1.998879 18.435885 -1481.898702 -714.329184
12.500000 1.994210 18.901146 -1465.131775 -699.355183
12.550000 2.024499 19.096076 -1457.050685 -679.643226
12.600000 2.009120 17.239160 -1539.644190 -768.142297
12.650000 2.038622 17.318766 -1539.241144 -756.410383
12.700000 2.004118 16.600127 -1573.238858 -803.657504
12.750000 1.966495 18.398458 -1486.514616 -731.380466
12.800000 1.984071 19.461323 -1436.206468 -674.323043
12.850000 2.048191 18.874118 -1468.975238 -682.469977
12.900000 2.025514 17.751021 -1522.105461 -744.307917
12.950000 2.011976 16.826365 -1561.348004 -788.749154
13.000000 1.998442 17.526277 -1526.238728 -758.837110
13.050000 1.964661 17.041633 -1549.303990 -794.874103
13.100000 1.979165 18.495191 -1480.856927 -720.857532
13.150000 2.023894 16.961751 -1558.622581 -781.447457
13.200000 2.000170 18.596776 -1474.965341 -706.900247
13.250000 2.005730 17.806257 -1517.296188 -747.095807
13.300000 2.019333 18.403938 -1486.180456 -710.756752
13.350000 2.001824 16.521925 -1578.604530 -809.904182
13.400000 2.011753 16.627767 -1573.636928 -801.123909
13.450000 1.972721 16.699960 -1566.473367 -808.948480
13.500000 1.984191 18.245283 -1491.610313 -729.681127
13.550000 1.989787 18.746690 -1469.365857 -705.287599
13.600000 2.017293 17.126335 -1548.924046 -774.283374
13.650000 1.948005 17.304787 -1538.288408 -790.254649
13.700000 1.988182 17.559003 -1525.498015 -762.036077
13.750000 2.007169 17.633004 -1526.264637 -755.511734
13.800000 1.989680 17.082807 -1547.968903 -783.931916
13.850000 2.018952 17.709519 -1522.639694 -747.362064
13.900000 2.023522 17.934319 -1513.021447 -735.989074
13.950000 2.002473 17.638191 -1523.389968 -754.440145
14.000000 1.990456 17.622418 -1516.689253 -752.354341
14.050000 1.987591 16.854493 -1563.563314 -800.328296
14.100000 2.004263 17.671177 -1521.523920 -751.886824
14.150000 1.995943 17.828013 -1513.219911 -746.777910
14.200000 1.998840 18.243225 -1497.277914 -729.723164
14.250000 2.024814 17.801301 -1514.718002 -737.189582
14.300000 1.991357 16.245901 -1588.622669 -823.941624
14.350000 1.978383 17.306779 -1535.942489 -776.243599
14.400000 2.038972 18.236716 -1494.126102 -711.160667
14.450000 2.033562 18.695028 -1473.279425 -692.391683
14.500000 1.999408 17.723422 -1521.127361 -753.354691
14.550000 2.009149 16.015792 -1598.980781 -827.467572
14.600000 2.007108 17.158388 -1543.575486 -772.845948
14.650000 1.974135 17.912490 -1509.463017 -751.395208
14.700000 2.004647 18.584577 -1480.491971 -710.707496
14.750000 2.011115 18.018456 -1506.360989 -734.092797
14.800000 2.002890 18.170817 -1498.238156 -729.128364
14.850000 1.997609 17.354372 -1540.583853 -773.501879
14.900000 2.023064 17.532803 -1531.378613 -754.521956
14.950000 2.000662 17.290959 -1544.611734 -776.357336
15.000000 2.004332 11.581754 -1474.532014 -704.868337
15.050000 2.003556 12.082957 -1445.980611 -676.615220
15.100000 2.002355 12.025907 -1441.510406 -672.606117
15.150000 1.972815 12.676228 -1412.367542 -654.806402
15.200000 2.004786 13.008801 -1402.011872 -632.173934
15.250000 1.989692 11.859198 -1461.291937 -697.250224
15.300000 2.011307 11.763111 -1465.006782 -692.664943
15.350000 2.011394 10.612845 -1522.682685 -750.307571
15.400000 1.983314 11.870180 -1454.353145 -692.760572
15.450000 1.976267 12.835829 -1411.045309 -652.158597
15.500000 2.015481 13.997512 -1352.852604 -578.907711
15.550000 2.000910 12.440889 -1430.736294 -662.386777
15.600000 1.963413 13.776218 -1355.415095 -601.464388
15.650000 1.997482 14.072256 -1345.554001 -578.521012
15.700000 2.024828 13.674164 -1363.338703 -585.804936
15.750000 2.011007 12.755098 -1413.861122 -641.634309
15.800000 1.986114 13.413830 -1384.592411 -621.924564
15.850000 2.036922 14.370999 -1334.995582 -552.817375
15.900000 2.007453 13.615624 -1373.381763 -602.519807
15.950000 2.032937 13.634052 -1373.485556 -592.837715
16.000000 2.020520 13.475909 -1372.854705 -596.975070
16.050000 1.985990 15.131090 -1284.996843 -522.376698
16.100000 2.030980 13.209879 -1396.471469 -616.575236
16.150000 2.001373 14.183754 -1342.192470 -573.665145
16.200000 2.015395 14.302243 -1335.539080 -561.627234
16.250000 1.997137 14.266620 -1335.497205 -568.596426
16.300000 2.010180 15.291686 -1288.418642 -516.509704
16.350000 1.979597 14.723382 -1321.324024 -561.158607
16.400000 1.978897 15.252909 -1286.982513 -527.085963
16.450000 2.014960 14.289172 -1337.557775 -563.813017
16.500000 1.977745 15.176662 -1289.624426 -530.170280
16.550000 2.000224 15.441588 -1279.722380 -511.636523
16.600000 2.000841 13.644590 -1373.847426 -605.524361
16.650000 1.998161 15.202001 -1290.048576 -522.754802
16.700000 2.000988 15.024750 -1303.119748 -534.740200
16.750000 2.023254 15.640109 -1271.911967 -494.982445
16.800000 2.010946 14.932327 -1307.451700 -535.248571
16.850000 1.978704 14.637706 -1320.315290 -560.493125
16.900000 2.029219 15.416949 -1280.707154 -501.486964
16.950000 2.005351 15.215900 -1288.679442 -518.624701
17.000000 2.000150 14.660121 -1321.057206 -552.999441
17.050000 2.024173 15.462592 -1283.601424 -506.319014
17.100000 1.995554 15.631306 -1272.004874 -505.712276
17.150000 1.981898 15.726101 -1267.261216 -506.212521
17.200000 1.987284 16.601844 -1219.533884 -456.416857
17.250000 2.052891 14.540025 -1329.127626 -540.817391
17.300000 2.005143 14.690439 -1317.871212 -547.896158
17.350000 2.016635 15.137624 -1300.421196 -526.033219
17.400000 2.028804 15.766234 -1270.169849 -491.109114
17.450000 2.003175 14.764645 -1317.804584 -548.585516
17.500000 1.986486 15.721285 -1264.528709 -501.717940
17.550000 2.005013 14.895573 -1310.323237 -540.398323
17.600000 2.008657 14.214404 -1345.377768 -574.053669
17.650000 1.966677 14.956095 -1296.001419 -540.797438
17.700000 1.999328 14.382701 -1330.663435 -562.921437
17.750000 1.998810 15.473356 -1268.460627 -500.917727
17.800000 1.998236 14.486640 -1329.753346 -562.430632
17.850000 2.019878 15.369234 -1281.654163 -506.021106
17.900000 1.993755 13.809703 -1362.077431 -596.475529
17.950000 2.015235 15.775442 -1255.054847 -481.204614
18.000000 1.983001 15.208462 -1286.066906 -524.594616
18.050000 1.983454 14.874195 -1304.126316 -542.479972
18.100000 1.952739 14.974920 -1303.847737 -553.995901
18.150000 1.986142 15.445552 -1282.198472 -519.520057
18.200000 1.989565 15.749721 -1267.043630 -503.050846
18.250000 1.994398 15.605009 -1276.324594 -510.475765
18.300000 2.012799 15.674799 -1269.663687 -496.748915
18.350000 1.984642 15.499516 -1282.018005 -519.915380
18.400000 1.989136 15.783550 -1261.942037 -498.113850
18.450000 1.978218 15.167269 -1294.412688 -534.776920
18.500000 2.029352 15.218291 -1291.162627 -511.891321
18.550000 1.990383 14.960859 -1306.248010 -541.940998
18.600000 1.991960 15.726076 -1270.496431 -505.583798
18.650000 2.009636 16.778083 -1215.040427 -443.340014
18.700000 2.023368 15.868689 -1259.397006 -482.423578
18.750000 2.002392 14.609033 -1329.766646 -560.847989
18.800000 2.006398 16.219222 -1243.758820 -473.302149
18.850000 2.000018 15.484561 -1277.854656 -509.847810
18.900000 2.029248 14.838135 -1312.263874 -533.032711
18.950000 2.011193 14.497857 -1331.850971 -559.552869
19.000000 2.004179 14.626126 -1323.496893 -553.892048
19.050000 1.993013 14.929847 -1305.852773 -540.535635
19.100000 2.002886 15.077262 -1302.854728 -533.746361
19.150000 1.983523 15.769299 -1273.591010 -511.918267
19.200000 2.008796 16.287626 -1242.403397 -471.025904
19.250000 1.971459 15.229246 -1297.001865 -539.961437
19.300000 2.033460 14.832984 -1315.992480 -535.143995
19.350000 1.977784 15.530094 -1276.084720 -516.615805
19.400000 2.001533 14.023124 -1354.749708 -586.161111
19.450000 1.971038 14.667092 -1318.138551 -561.259788
19.500000 1.997605 15.942416 -1255.645004 -488.564782
19.550000 1.999135 14.757592 -1313.772281 -546.104404
19.600000 2.010484 15.122742 -1295.544168 -523.518473
19.650000 2.013419 16.166849 -1244.981005 -471.828125
19.700000 1.989528 15.294229 -1290.923700 -526.945058
19.750000 1.978368 16.133567 -1247.944364 -488.250991
19.800000 2.016474 16.322548 -1241.847051 -467.520907
19.850000 1.999138 16.114678 -1254.901149 -487.232119
19.900000 1.981948 15.283188 -1294.445040 -533.376957
19.950000 2.011851 15.978833 -1257.434822 -484.883857
20.000000 1.972104 15.150789 -1303.509809 -546.221896
20.050000 2.006270 15.920763 -1262.755215 -492.347531
20.100000 2.015129 14.716967 -1322.785970 -548.976499
20.150000 2.006018 14.541866 -1332.675254 -562.364395
20.200000 2.020686 15.152552 -1298.647059 -522.703492
20.250000 2.012317 16.074172 -1256.489684 -483.760015
20.300000 2.029419 16.171820 -1249.469665 -470.172871
20.350000 1.983251 16.555900 -1222.292472 -460.724176
20.400000 2.006720 15.382211 -1288.761925 -518.181404
20.450000 2.009676 15.582809 -1277.596387 -505.880949
20.500000 1.984061 14.773767 -1316.152222 -554.272916
20.550000 2.022389 14.029576 -1356.942368 -580.344876
20.600000 1.993198 14.572186 -1327.131749 -561.743777
20.650000 2.020755 15.550764 -1273.083194 -497.113286
20.700000 1.997501 14.703049 -1316.363334 -549.323077
20.750000 2.000666 15.661824 -1265.295595 -497.039665
20.800000 2.033616 15.124096 -1296.565121 -515.656712
20.850000 2.000578 15.211468 -1291.172791 -522.950651
20.900000 1.985401 14.158650 -1346.223137 -583.829114
20.950000 2.021158 14.849374 -1309.574590 -533.449839
21.000000 1.996496 14.267354 -1343.208009 -576.553618
21.050000 1.982772 14.581625 -1320.989663 -559.605023
21.100000 1.979672 15.477619 -1274.572353 -514.378162
21.150000 1.983361 15.638414 -1271.371376 -509.760719
21.200000 1.995460 15.013404 -1299.432801 -533.176351
21.250000 1.988102 15.661233 -1266.777990 -503.346659
21.300000 2.034702 15.322517 -1287.612508 -506.287067
21.350000 2.013531 14.719667 -1317.209898 -544.013954
21.400000 1.968466 15.119671 -1289.034345 -533.143293
21.450000 1.990833 15.725207 -1263.499018 -499.019083
21.500000 2.022101 14.913389 -1313.395654 -536.909060
21.550000 1.973368 15.314694 -1287.500468 -529.726996
21.600000 1.995277 14.289290 -1343.592239 -577.405935
21.650000 1.997997 14.453156 -1330.379377 -563.148421
21.700000 1.965528 15.397577 -1286.020826 -531.258026
21.750000 2.008918 15.715621 -1277.412307 -505.987674
21.800000 2.004853 15.458038 -1278.925718 -509.062290
21.850000 2.020359 14.541921 -1329.742167 -553.924499
21.900000 1.982843 14.294883 -1345.714142 -584.302555
21.950000 1.991916 15.738408 -1270.800552 -505.904730
22.000000 2.041240 15.593142 -1272.456115 -488.620006
22.050000 1.980797 15.380287 -1284.934970 -524.308749
22.100000 1.999787 15.951553 -1260.211266 -492.293051
22.150000 2.022394 14.907994 -1313.408772 -536.809581
22.200000 1.991983 14.313268 -1341.183199 -576.261582
22.250000 2.023306 14.667325 -1326.546228 -549.596838
22.300000 1.950067 15.849945 -1259.901534 -511.075629
22.350000 1.988639 14.870254 -1311.849837 -548.212641
22.400000 2.002487 15.780850 -1264.500698 -495.545714
22.450000 1.978693 15.460904 -1284.161280 -524.343013
22.500000 2.019305 9.336059 -1280.594559 -505.181303
22.550000 2.000167 9.692528 -1259.700044 -491.636041
22.600000 2.004702 8.768689 -1316.052396 -546.246769
22.650000 1.942992 10.250532 -1231.115596 -485.006592
22.700000 2.015869 10.904218 -1196.086478 -421.992840
22.750000 2.012229 9.634724 -1257.182847 -484.487021
22.800000 2.004304 8.823234 -1299.452635 -529.799776
22.850000 1.987542 9.164488 -1287.996369 -524.780102
22.900000 2.013800 9.550917 -1266.142168 -492.842861
22.950000 2.020466 8.516945 -1320.680624 -544.821631
23.000000 1.999763 8.215954 -1333.457473 -565.548583
23.050000 1.997268 8.494980 -1314.767726 -547.816660
23.100000 1.994263 8.354618 -1327.472406 -561.675521
23.150000 1.996545 9.181570 -1282.327792 -515.654624
23.200000 1.991302 9.384421 -1270.880573 -506.220544
23.250000 1.986762 10.066389 -1232.781216 -469.864491
23.300000 2.022172 9.309609 -1275.174415 -498.660268
23.350000 1.983305 8.376739 -1320.266836 -558.677766
23.400000 1.989957 8.305709 -1323.924585 -559.780936
23.450000 1.980592 9.852113 -1243.959975 -483.412572
23.500000 1.984246 10.325172 -1220.889873 -458.939238
23.550000 1.999595 9.142483 -1289.331222 -521.486646
23.600000 2.036354 9.302758 -1275.424762 -493.464928
23.650000 1.985835 8.639729 -1306.986994 -544.426326
23.700000 1.981647 8.608783 -1311.737843 -550.785563
23.750000 2.011350 9.342045 -1276.214105 -503.855559
23.800000 1.986154 8.798044 -1304.032323 -541.349063
23.850000 2.010403 8.858389 -1300.220869 -528.225992
23.900000 2.019223 8.653349 -1311.522391 -536.140712
23.950000 2.011518 8.091539 -1345.312997 -572.890262
24.000000 1.990398 9.316817 -1278.258889 -513.946007
24.050000 1.992462 9.098290 -1293.398940 -528.293649
24.100000 2.018753 9.272005 -1285.785271 -510.584024
24.150000 2.007762 9.589906 -1257.499349 -486.518878
24.200000 2.011506 8.767143 -1305.099176 -532.680954
24.250000 2.003177 8.454677 -1324.167276 -554.947463
24.300000 1.982047 8.846961 -1300.624626 -539.518481
24.350000 1.994995 8.769770 -1307.998563 -541.920323
24.400000 2.000984 9.243258 -1284.356947 -515.978902
24.450000 1.993899 8.985906 -1297.058640 -531.401308
24.500000 1.997137 8.972253 -1297.514471 -530.613985
24.550000 2.004357 9.157040 -1280.243409 -510.570163
24.600000 1.999831 9.100508 -1288.892958 -520.957808
24.650000 1.996750 8.596684 -1319.050422 -552.298359
24.700000 2.015797 8.575984 -1321.371153 -547.305073
24.750000 1.984250 9.201610 -1286.621026 -524.669200
24.800000 2.003187 10.400690 -1223.637624 -454.413779
24.850000 1.977934 10.428305 -1215.671045 -456.144295
24.900000 2.020266 9.259895 -1288.082735 -512.300624
24.950000 1.985475 9.091818 -1293.155455 -530.733022
25.000000 1.989710 9.019722 -1295.241621 -531.192973
25.050000 1.997815 8.843149 -1301.811277 -534.650322
25.100000 2.003966 8.216046 -1331.692289 -562.169309
25.150000 2.010776 8.604241 -1308.812570 -536.674649
25.200000 2.010278 8.519854 -1319.857263 -547.910531
25.250000 2.004535 8.762036 -1302.677645 -532.936202
25.300000 1.994721 9.818816 -1237.118994 -471.146243
25.350000 2.002196 8.982866 -1291.997627 -523.154333
25.400000 1.997157 9.445247 -1268.518396 -501.609997
25.450000 2.000279 9.381221 -1272.550680 -504.443573
25.500000 2.002056 8.543959 -1314.239663 -545.450090
25.550000 1.985932 8.663656 -1311.071402 -548.473339
25.600000 2.015248 9.784694 -1250.010678 -476.155590
25.650000 1.980245 9.566265 -1257.646196 -497.232074
25.700000 2.007673 9.499394 -1268.658594 -497.712008
25.750000 2.014977 9.420112 -1276.611874 -502.860627
25.800000 2.012424 9.071672 -1288.968388 -516.197451
25.850000 1.985005 9.584206 -1259.020092 -496.778036
25.900000 1.989478 9.693808 -1255.754526 -491.794891
25.950000 1.999116 8.943308 -1302.713223 -535.052573
26.000000 1.994902 8.763139 -1312.573056 -546.530627
26.050000 1.992961 8.997414 -1290.919752 -525.622616
26.100000 2.012963 8.201479 -1329.226743 -556.249117
26.150000 2.012742 8.656796 -1306.482277 -533.589384
26.200000 1.997376 8.272135 -1331.822236 -564.829772
26.250000 2.002985 9.160080 -1284.015634 -514.869460
26.300000 1.991041 9.423234 -1273.723001 -509.163303
26.350000 1.969265 9.710028 -1250.122656 -493.925038
26.400000 2.000296 9.295662 -1276.262018 -508.148435
26.450000 1.990659 9.380357 -1277.905455 -513.492507
26.500000 1.988851 9.328541 -1277.380319 -513.661510
26.550000 1.999192 8.239959 -1333.495748 -565.806184
26.600000 1.998964 9.595086 -1266.719058 -499.116898
26.650000 1.997412 9.640735 -1267.032024 -500.025726
26.700000 1.986784 9.273804 -1291.813157 -528.887975
26.750000 1.999995 9.367651 -1286.044871 -518.046727
26.800000 1.997879 9.355486 -1278.120389 -510.934698
26.850000 2.016519 8.409655 -1328.934418 -554.591189
26.900000 2.008924 9.056765 -1287.663675 -516.236685
26.950000 2.017844 8.687182 -1319.415138 -544.563080
27.000000 2.005023 9.089007 -1297.129200 -527.200539
27.050000 2.011659 9.287797 -1281.950673 -509.473772
27.100000 1.979965 8.800581 -1309.282355 -548.975840
27.150000 1.984935 9.346177 -1274.647906 -512.432839
27.200000 2.013297 8.140053 -1343.408943 -570.302973
27.250000 1.981296 9.001818 -1295.923960 -535.106201
27.300000 2.015348 8.969162 -1304.841771 -530.948140
27.350000 2.000098 8.394705 -1329.567766 -561.529973
27.400000 1.994921 8.308524 -1335.087670 -569.038175
27.450000 2.014430 8.734382 -1311.249377 -537.708080
27.500000 1.989559 9.253632 -1276.028173 -512.037682
27.550000 2.008220 9.096274 -1282.133447 -510.976832
27.600000 2.016605 8.865691 -1296.104460 -521.727985
27.650000 2.014736 8.223266 -1327.756839 -554.098048
27.700000 1.969348 8.669706 -1300.294356 -544.064862
27.750000 1.990155 9.202094 -1280.810361 -516.590933
27.800000 2.007938 9.625111 -1258.713388 -487.665318
27.850000 2.015204 8.865370 -1307.629824 -533.791599
27.900000 2.008848 9.628168 -1266.522893 -495.125346
27.950000 1.972278 9.536742 -1270.942649 -513.587805
28.000000 2.008326 9.696968 -1258.884797 -487.687469
28.050000 2.007147 9.050718 -1295.139718 -524.395424
28.100000 2.014957 8.795620 -1310.426812 -536.683441
28.150000 1.993045 8.466169 -1329.372197 -564.042774
28.200000 1.988929 9.215240 -1286.094509 -522.345961
28.250000 1.999670 8.844030 -1306.672249 -538.798828
28.300000 2.017935 7.838860 -1357.301361 -582.414242
28.350000 1.961017 8.327770 -1327.155172 -574.124466
28.400000 1.989079 9.116125 -1283.514835 -519.708509
28.450000 1.975331 9.287227 -1276.474367 -517.947315
28.500000 2.016963 10.093804 -1235.300564 -460.786637
28.550000 2.009375 8.562683 -1318.128656 -546.528771
28.600000 1.993997 8.639094 -1307.494994 -541.800131
28.650000 2.027584 8.947725 -1293.262479 -514.670338
28.700000 2.000220 8.696270 -1313.986810 -545.902163
28.750000 1.962243 9.759153 -1251.025139 -497.523798
28.800000 2.021673 9.712175 -1263.763351 -487.440944
28.850000 2.012407 10.075995 -1238.403588 -465.639394
28.900000 1.993370 8.911339 -1303.377051 -537.922922
28.950000 2.006601 8.888099 -1306.817698 -536.282788
29.000000 1.994139 8.432985 -1330.290297 -564.540840
29.050000 2.001376 9.006013 -1295.627098 -527.098886
29.100000 2.012857 8.159240 -1344.496690 -571.559629
29.150000 2.000755 8.576323 -1319.423567 -551.133565
29.200000 1.986903 8.761419 -1303.667320 -540.696476
29.250000 1.995187 8.996365 -1292.632588 -526.480733
29.300000 1.996493 8.699986 -1304.376105 -537.722950
29.350000 1.970458 9.447472 -1264.226067 -507.570124
29.400000 1.993456 9.576877 -1263.785201 -498.297955
29.450000 1.967593 9.857262 -1247.363340 -491.807490
29.500000 1.997529 9.571649 -1263.333736 -496.282595
29.550000 1.996501 8.954616 -1297.594609 -530.938122
29.600000 1.984872 9.504612 -1265.964974 -503.774053
29.650000 1.991587 9.488763 -1268.550457 -503.781197
29.700000 1.993064 9.294665 -1274.674044 -509.337413
29.750000 2.003515 8.991052 -1294.257805 -524.908185
29.800000 2.024150 9.323654 -1276.964512 -499.690883
29.850000 1.995464 9.139043 -1284.838102 -518.580080
29.900000 2.026865 8.905777 -1296.690007 -518.373678
29.950000 2.005000 8.917725 -1302.720791 -532.800730
30.000000 1.991468 5.102075 -1224.985146 -460.261408
30.050000 1.993782 5.162219 -1226.016472 -460.404181
30.100000 1.981838 5.255173 -1217.427977 -456.402342
30.150000 1.990340 5.125979 -1220.616029 -456.325635
30.200000 2.010162 4.601630 -1259.385932 -487.483894
30.250000 1.995126 4.809347 -1247.778537 -481.650024
30.300000 1.998262 4.788989 -1250.853529 -483.521060
30.350000 1.967721 5.411650 -1213.648070 -458.043127
30.400000 1.991431 6.029976 -1178.617184 -413.907603
30.450000 1.981317 6.118955 -1173.755314 -412.929481
30.500000 2.000657 6.128565 -1171.049347 -402.797067
30.550000 2.015248 5.478348 -1207.130694 -433.275572
30.600000 1.958596 5.842796 -1180.050210 -427.949276
30.650000 1.992923 5.309188 -1224.485516 -459.202950
30.700000 1.998886 5.864216 -1194.082273 -426.510035
30.750000 2.018422 5.896131 -1192.553758 -417.479786
30.800000 2.005510 6.338598 -1159.563063 -389.447247
30.850000 1.990400 6.169567 -1174.804150 -410.490512
30.900000 2.032116 6.010590 -1186.740731 -406.408023
30.950000 2.011340 5.161741 -1233.416666 -461.061915
31.000000 2.014328 5.908418 -1177.879248 -404.377216
31.050000 1.996928 5.418246 -1208.933369 -442.113095
31.100000 1.989401 5.881690 -1179.213093 -415.283198
31.150000 2.011956 5.148017 -1227.894939 -455.303972
31.200000 1.977418 5.407542 -1207.999185 -448.670662
31.250000 1.983954 6.430341 -1144.146639 -382.308157
31.300000 2.046977 5.760881 -1187.474149 -401.435020
31.350000 1.975266 5.008888 -1226.703682 -468.201484
31.400000 1.999486 5.140036 -1225.090725 -457.287911
31.450000 1.989550 5.680101 -1196.643203 -432.656174
31.500000 1.986566 5.279258 -1217.423127 -454.581831
31.550000 1.996027 5.779795 -1184.305284 -417.830819
31.600000 2.005405 5.844226 -1182.412227 -412.336796
31.650000 1.986801 5.129009 -1225.860974 -462.929508
31.700000 2.002778 5.319270 -1213.378385 -444.311744
31.750000 2.010433 4.433556 -1270.725464 -498.719012
31.800000 1.999204 5.019222 -1231.870949 -464.176560
31.850000 2.001599 5.011178 -1230.866377 -462.252411
31.900000 2.009957 5.415086 -1205.100691 -433.277142
31.950000 1.975179 5.217785 -1219.343661 -460.875039
32.000000 2.005458 5.991898 -1175.067336 -404.971341
32.050000 1.994306 5.762246 -1182.320636 -416.507311
32.100000 2.003961 5.470400 -1201.080060 -431.558918
32.150000 2.000981 5.746762 -1183.816913 -415.440103
32.200000 2.011179 5.484677 -1206.374986 -434.082195
32.250000 1.993822 5.468184 -1212.694176 -447.066435
32.300000 2.032496 5.271626 -1222.040605 -441.562261
32.350000 1.988470 5.143933 -1223.374012 -459.801476
32.400000 1.995718 5.485888 -1203.203343 -436.847803
32.450000 1.991360 5.603791 -1196.870535 -432.188251
32.500000 1.989373 5.522981 -1208.048580 -444.129482
32.550000 1.995369 5.352506 -1222.507255 -456.285492
32.600000 1.984665 5.725176 -1199.706713 -437.595373
32.650000 2.003362 5.686849 -1200.040207 -430.749118
32.700000 2.014046 4.539647 -1269.193094 -495.799598
32.750000 1.966218 5.763087 -1190.354175 -435.326649
32.800000 2.001525 5.459396 -1213.670311 -445.084897
32.850000 2.031064 4.943182 -1244.171667 -464.243110
32.900000 2.004353 4.854145 -1245.425699 -475.754068
32.950000 1.991710 5.228528 -1220.192594 -455.375809
33.000000 2.012859 5.555363 -1199.794661 -426.856794
33.050000 1.997874 5.523312 -1201.548095 -434.364380
33.100000 1.996083 6.095698 -1167.313376 -400.817627
33.150000 2.031872 4.930865 -1243.171706 -462.932687
33.200000 1.996463 5.216886 -1219.551973 -452.910086
33.250000 1.983546 5.272167 -1219.614938 -457.933286
33.300000 1.997055 5.198762 -1226.533358 -459.664221
33.350000 1.975509 6.493624 -1144.801272 -386.205913
33.400000 1.991613 6.718828 -1131.916602 -367.137033
33.450000 2.030415 5.569976 -1201.097374 -421.418130
33.500000 2.002142 4.501432 -1258.096501 -489.273937
33.550000 2.013267 4.950782 -1230.663181 -457.568620
33.600000 1.993446 5.262690 -1220.970561 -455.487237
33.650000 1.997709 5.407548 -1219.198320 -452.078162
33.700000 2.005777 5.541910 -1205.466797 -435.248535
33.750000 2.002130 5.012107 -1236.376391 -467.558621
33.800000 2.005480 5.054324 -1234.934356 -464.829988
33.850000 1.987101 5.012362 -1235.802067 -472.755132
33.900000 2.003232 5.367305 -1210.637955 -441.396695
33.950000 1.988890 5.015537 -1227.025833 -463.292116
34.000000 1.986159 6.173124 -1153.903108 -391.217923
34.050000 2.025950 5.644825 -1192.640350 -414.675651
34.100000 2.009293 4.898136 -1238.250735 -466.682359
34.150000 1.976433 4.878853 -1229.601970 -470.651866
34.200000 2.008586 4.267192 -1267.297319 -496.000393
34.250000 1.986711 5.228591 -1209.159638 -446.262563
34.300000 2.010830 4.753650 -1247.463157 -475.304426
34.350000 1.979066 5.775427 -1182.807197 -422.845854
34.400000 2.005130 5.422188 -1207.812556 -437.842681
34.450000 1.988568 5.670024 -1188.017978 -424.407874
34.500000 2.016269 5.525715 -1194.645522 -420.398249
34.550000 2.002050 4.903012 -1235.984950 -467.197661
34.600000 1.995210 4.728752 -1248.906923 -482.746420
34.650000 1.996678 5.416195 -1207.811542 -441.087372
34.700000 2.012880 5.692422 -1192.126872 -419.180960
34.750000 1.992226 5.999669 -1178.992506 -413.977711
34.800000 2.008049 5.546542 -1211.631291 -440.540313
34.850000 2.008160 5.511373 -1205.649072 -434.515572
34.900000 1.985879 5.693219 -1188.832043 -426.254498
34.950000 2.008366 5.020985 -1234.521038 -463.308548
35.000000 1.983428 5.445467 -1211.104554 -449.468023
35.050000 2.018984 6.154946 -1166.180644 -390.890954
35.100000 2.008459 5.805082 -1189.398835 -418.150587
35.150000 1.982611 5.661741 -1196.488430 -435.165861
35.200000 2.012418 5.199832 -1224.875206 -452.106830
35.250000 1.993597 5.272121 -1211.882369 -446.340969
35.300000 2.005581 5.139351 -1222.113504 -451.970260
35.350000 1.982826 5.556719 -1209.526931 -448.121846
35.400000 2.010448 6.047244 -1189.689256 -417.677058
35.450000 1.993344 5.263757 -1233.056636 -467.612708
35.500000 2.027866 5.256042 -1223.633447 -444.932901
35.550000 1.996410 4.931456 -1238.768776 -472.147262
35.600000 1.997380 4.885814 -1242.314489 -475.320614
35.650000 1.999877 5.868996 -1183.149687 -415.196742
35.700000 1.997158 5.499996 -1203.338757 -436.429933
35.750000 1.996222 5.521112 -1204.947539 -438.398371
35.800000 2.012608 5.947231 -1185.203704 -412.362090
35.850000 2.006876 5.023561 -1245.109583 -474.469067
35.900000 1.991167 5.734235 -1193.030558 -428.422261
35.950000 1.992341 4.922762 -1239.778548 -474.719585
36.000000 1.986340 5.697189 -1195.215298 -432.460820
36.050000 2.003923 5.797964 -1187.944753 -418.438303
36.100000 2.023573 5.351638 -1214.045797 -436.993863
36.150000 1.970361 5.463117 -1204.645328 -448.026514
36.200000 2.011989 4.787279 -1250.263960 -477.660100
36.250000 1.995462 4.090698 -1289.634504 -523.377279
36.300000 1.992110 4.749375 -1246.526651 -481.556495
36.350000 2.003812 5.106374 -1227.946598 -458.482690
36.400000 1.982330 5.554007 -1202.996925 -441.782382
36.450000 2.013277 5.067204 -1234.703805 -461.605352
36.500000 2.031873 3.995516 -1296.241348 -516.002077
36.550000 1.967284 4.889601 -1234.271062 -478.833963
36.600000 2.005643 5.199983 -1219.181033 -449.014067
36.650000 1.984044 4.872571 -1240.555105 -478.682325
36.700000 1.998328 5.575067 -1194.917087 -427.558998
36.750000 2.000904 5.608171 -1191.186210 -422.839131
36.800000 2.010378 4.925065 -1240.422574 -468.437416
36.850000 1.998016 5.250377 -1219.849385 -452.611269
36.900000 1.991290 5.425868 -1211.767931 -447.112692
36.950000 2.004405 5.737514 -1189.578917 -419.887445
37.000000 1.966650 5.562196 -1195.528708 -440.335052
37.050000 2.014677 5.165341 -1225.650933 -452.015022
37.100000 2.000804 5.310137 -1218.024332 -449.715580
37.150000 2.000783 5.177200 -1229.473589 -461.172821
37.200000 1.991772 4.969954 -1238.595529 -473.755190
37.250000 1.986511 5.652389 -1190.260887 -427.440816
37.300000 2.004997 5.745889 -1183.581338 -413.662412
37.350000 1.974509 5.533594 -1203.000900 -444.789590
37.400000 2.002851 5.286639 -1230.056461 -460.961654
37.450000 1.988884 5.923890 -1193.076657 -429.345256
37.500000 2.010574 3.079222 -1110.085364 -338.025133
37.550000 1.992422 2.741665 -1139.608800 -374.518704
37.600000 1.995352 3.327733 -1098.721636 -332.506295
37.650000 2.015416 3.394455 -1093.665698 -319.746093
37.700000 1.989452 3.236927 -1092.018874 -328.069130
37.750000 2.016278 2.918067 -1109.056275 -334.805423
37.800000 2.005669 2.353952 -1145.085392 -374.908422
37.850000 1.975928 2.759661 -1111.877793 -353.121389
37.900000 2.013719 2.835796 -1112.687439 -339.419251
37.950000 2.002443 2.684836 -1124.013272 -355.075160
38.000000 1.979744 3.248160 -1085.585434 -325.363912
38.050000 2.021402 3.213496 -1089.585648 -313.367157
38.100000 1.987602 2.789675 -1111.827912 -348.588893
38.150000 2.005200 2.729204 -1110.555888 -340.559070
38.200000 1.998843 2.893051 -1095.088095 -327.532502
38.250000 2.020855 2.470258 -1125.173016 -349.164634
38.300000 1.992866 2.467517 -1125.591280 -360.330825
38.350000 1.997237 2.393366 -1136.672853 -369.733936
38.400000 2.007260 3.007775 -1095.357950 -324.570036
38.450000 2.002416 2.589821 -1129.436701 -360.508854
38.500000 1.978843 3.279374 -1078.064959 -318.189322
38.550000 2.029645 3.160666 -1084.462637 -305.079102
38.600000 2.009053 2.575393 -1123.880810 -352.404558
38.650000 1.997815 2.819372 -1110.115904 -342.954823
38.700000 1.999277 3.319555 -1082.274176 -314.551767
38.750000 2.001949 2.804443 -1123.531449 -354.782939
38.800000 1.984877 3.105611 -1108.412961 -346.220304
38.850000 1.995975 3.591239 -1081.504495 -315.050004
38.900000 2.000052 4.005633 -1051.044953 -283.025151
38.950000 2.009670 3.740092 -1064.655113 -292.941829
39.000000 2.009369 3.445674 -1079.510864 -307.913059
39.050000 2.020332 2.970359 -1108.592985 -332.785627
39.100000 2.001539 2.979190 -1108.340457 -339.749387
39.150000 1.992802 3.294425 -1093.157186 -327.921185
39.200000 2.019176 3.107381 -1106.699453 -331.335903
39.250000 1.983244 2.932446 -1109.277693 -347.712053
39.300000 2.018139 2.259499 -1153.399373 -378.434077
39.350000 1.987990 2.529666 -1134.782581 -371.394591
39.400000 1.992260 3.336070 -1082.882677 -317.854894
39.450000 2.022884 3.046359 -1105.726508 -328.939159
39.500000 1.997186 3.351190 -1081.031999 -314.112577
39.550000 1.973757 3.315229 -1084.454459 -326.531753
39.600000 2.020131 3.137145 -1092.454232 -316.724033
39.650000 2.001509 2.767236 -1115.910915 -347.331437
39.700000 1.997742 3.272994 -1086.012518 -318.879483
39.750000 2.005511 3.274268 -1097.026702 -326.910329
39.800000 2.018725 3.280143 -1097.091986 -321.901539
39.850000 1.994798 2.587381 -1140.175825 -374.173519
39.900000 2.004733 3.104324 -1095.624916 -325.807532
39.950000 2.016297 2.963051 -1107.271587 -333.013650
40.000000 2.007316 3.163327 -1097.299170 -326.489814
40.050000 2.011406 3.262341 -1088.262231 -315.882468
40.100000 1.975195 2.762332 -1128.497374 -370.022456
40.150000 2.020412 2.959714 -1116.708893 -340.870701
40.200000 1.983748 2.900658 -1115.943926 -354.184733
40.250000 1.991720 3.520099 -1075.834473 -311.013830
40.300000 2.002029 3.039140 -1109.254387 -340.475176
40.350000 1.985983 3.181486 -1096.107218 -333.489903
40.400000 1.995208 3.267489 -1093.461569 -327.301605
40.450000 2.001488 2.555605 -1145.084443 -376.512895
40.500000 2.010023 2.818132 -1118.206671 -346.358019
40.550000 1.992693 2.388779 -1144.671732 -379.477713
40.600000 1.994367 2.799607 -1113.783277 -347.946526
40.650000 1.994055 2.759130 -1116.127869 -350.410890
40.700000 1.993754 2.963436 -1105.855718 -340.254122
40.750000 1.997031 3.071015 -1097.856495 -330.996650
40.800000 1.998069 3.264608 -1077.578523 -310.319895
40.850000 1.984525 3.319915 -1070.012591 -307.954979
40.900000 2.003931 2.697607 -1111.699623 -342.190091
40.950000 1.999752 3.083120 -1081.159266 -313.254568
41.000000 2.010734 2.843345 -1100.483127 -328.361383
41.050000 1.978776 2.746009 -1111.499569 -351.649432
41.100000 1.986326 3.164489 -1093.093649 -330.344367
41.150000 2.007059 3.046045 -1107.235265 -336.524617
41.200000 2.010097 2.796262 -1124.067258 -352.190137
41.250000 2.016533 2.671958 -1120.194283 -345.845425
41.300000 2.004691 2.168235 -1157.886097 -388.084605
41.350000 1.994349 3.070161 -1092.820966 -326.990813
41.400000 1.985364 2.989365 -1100.273463 -337.893536
41.450000 1.987378 2.619006 -1128.068883 -364.915716
41.500000 2.000565 2.642161 -1127.106724 -358.889732
41.550000 1.987318 3.235796 -1082.951623 -319.821548
41.600000 1.992412 3.003248 -1101.031152 -335.945104
41.650000 2.002037 2.703367 -1127.605157 -358.822903
41.700000 2.002569 3.303904 -1084.165241 -315.178644
41.750000 1.998438 3.393710 -1079.700469 -312.300312
41.800000 1.985158 3.266147 -1090.130218 -327.829379
41.850000 2.022423 3.086494 -1106.388360 -329.778003
41.900000 2.004427 2.637368 -1134.370349 -364.670384
41.950000 1.984443 2.690641 -1133.481242 -371.455069
42.000000 2.011861 3.267789 -1094.877506 -322.322866
42.050000 1.982898 3.178790 -1104.985852 -343.552969
42.100000 2.010999 3.543963 -1083.593699 -311.370060
42.150000 2.013345 3.212961 -1097.725352 -324.600876
42.200000 2.015310 2.646444 -1127.525200 -353.646146
42.250000 1.988868 3.028863 -1099.935398 -336.210082
42.300000 1.993244 3.378772 -1080.887657 -315.481891
42.350000 2.001086 3.080008 -1099.185292 -330.768171
42.400000 1.985600 2.973661 -1101.877910 -339.407501
42.450000 2.008537 3.127019 -1089.860575 -318.582276
42.500000 1.988072 3.026951 -1094.541533 -331.121877
42.550000 2.000019 2.738253 -1118.170453 -350.162980
42.600000 2.006309 3.372567 -1071.213455 -300.790712
42.650000 2.020908 2.375446 -1140.566130 -364.537438
42.700000 1.974442 2.832621 -1104.918062 -346.732202
42.750000 1.992598 3.189966 -1093.066808 -327.909124
42.800000 2.013234 3.613650 -1063.686985 -290.604977
42.850000 1.984490 3.684384 -1053.216127 -291.172048
42.900000 2.011928 3.462989 -1072.665242 -300.084935
42.950000 2.006117 3.162783 -1095.470759 -325.121796
43.000000 1.995376 3.784672 -1061.220024 -294.995787
43.050000 2.002276 3.812572 -1067.922636 -299.048825
43.100000 1.991315 3.521155 -1080.302351 -315.637336
43.150000 2.006985 3.108919 -1102.146903 -331.464639
43.200000 2.005000 2.946173 -1113.168701 -343.248664
43.250000 1.997961 3.178311 -1099.163132 -331.946087
43.300000 2.003103 2.950079 -1116.337378 -347.145710
43.350000 1.992545 3.129083 -1101.019717 -335.882443
43.400000 1.997134 3.554859 -1075.361011 -308.461615
43.450000 2.031083 2.754463 -1134.951357 -355.015442
43.500000 1.980779 2.921731 -1118.946360 -358.327396
43.550000 2.000317 2.661984 -1140.028896 -371.907161
43.600000 1.980044 3.775507 -1058.685382 -298.348415
43.650000 2.024956 3.350884 -1091.304272 -313.721107
43.700000 1.994886 3.170586 -1100.462517 -334.426313
43.750000 1.987183 3.224043 -1094.471830 -331.393523
43.800000 2.023277 3.169781 -1094.756936 -317.818660
43.850000 1.994179 2.974913 -1103.783587 -338.018699
43.900000 2.016469 3.153200 -1090.377210 -316.053128
43.950000 2.000511 2.756946 -1120.352173 -352.155828
44.000000 1.987540 3.280194 -1089.637185 -326.421820
44.050000 2.003121 4.301000 -1021.838894 -252.640591
44.100000 1.983622 3.837234 -1048.051082 -286.340106
44.150000 2.020979 2.782927 -1116.363615 -340.307739
44.200000 1.999293 2.648020 -1119.965367 -352.236792
44.250000 1.988170 2.717642 -1114.791032 -351.333612
44.300000 1.995839 3.209160 -1088.645307 -322.243054
44.350000 2.012156 2.872988 -1116.886112 -344.218250
44.400000 2.012699 2.685794 -1127.669145 -354.792841
44.450000 1.983398 3.207369 -1092.280924 -330.656090
44.500000 1.996248 3.497441 -1076.515140 -309.955872
44.550000 2.007807 2.984580 -1115.868689 -344.870793
44.600000 2.006955 2.947003 -1119.075164 -348.404394
44.650000 1.984872 3.418936 -1086.181837 -323.991113
44.700000 2.012638 3.166009 -1107.991236 -335.138386
44.750000 1.989964 3.555261 -1077.235263 -313.088947
44.800000 2.011171 3.445056 -1079.206443 -306.916759
44.850000 1.992827 2.683619 -1128.311965 -363.066532
44.900000 1.977684 3.029612 -1104.718032 -345.287321
44.950000 1.990270 3.549967 -1068.996689 -304.732983
45.000000 2.013372 1.572546 -973.446800 -200.311799
45.050000 2.005497 1.837018 -954.927425 -184.816709
45.100000 1.990476 2.087355 -939.186329 -174.843733
45.150000 2.016132 2.215544 -923.767214 -149.572396
45.200000 1.996501 1.862451 -943.218477 -176.561903
45.250000 2.002856 1.622510 -958.787052 -189.690330
45.300000 1.992178 1.960449 -931.924347 -166.928083
45.350000 2.006141 2.151801 -917.457194 -147.099093
45.400000 2.009551 1.482072 -974.461491 -202.793824
45.450000 1.995700 1.541708 -971.620575 -205.271773
45.500000 1.989520 1.818136 -951.268509 -187.292853
45.550000 2.001867 1.868632 -953.164106 -184.447052
45.600000 1.994168 1.850237 -961.856128 -196.095553
45.650000 2.009602 2.216752 -937.652822 -165.965671
45.700000 1.997838 1.814534 -970.538263 -203.368519
45.750000 1.999463 1.923698 -959.215518 -191.421758
45.800000 1.995324 1.792546 -965.982725 -199.778309
45.850000 1.998595 1.502330 -984.694119 -217.233756
45.900000 2.004759 1.487108 -981.311967 -211.484413
45.950000 1.994863 1.474820 -987.207662 -221.180166
46.000000 1.997337 1.967369 -947.011906 -180.034397
46.050000 2.010242 1.925074 -949.224407 -177.291409
46.100000 1.990026 2.051241 -943.790700 -179.620875
46.150000 1.989321 2.150590 -943.643190 -179.743971
46.200000 2.006796 2.099985 -952.781001 -182.171247
46.250000 2.012747 2.212709 -943.413657 -170.518774
46.300000 2.007783 2.084987 -942.703735 -171.715122
46.350000 1.996026 1.230980 -1008.743169 -242.269122
46.400000 1.981022 1.911619 -943.254731 -182.542374
46.450000 2.003342 1.386217 -983.806198 -214.522835
46.500000 1.991981 1.397308 -979.239790 -214.319246
46.550000 2.008408 1.315401 -988.369479 -217.140856
46.600000 2.011963 1.167682 -999.455644 -226.861913
46.650000 1.986581 1.783602 -953.202736 -190.355501
46.700000 2.006028 1.964729 -941.852500 -171.537726
46.750000 2.015929 1.573638 -963.327930 -189.211182
46.800000 1.991241 1.227092 -982.698388 -218.061787
46.850000 1.998201 1.352198 -972.816862 -205.507811
46.900000 1.994651 1.616772 -958.784624 -192.838670
46.950000 1.997754 1.533638 -974.056978 -206.919291
47.000000 2.003922 1.671342 -963.838011 -194.331913
47.050000 1.997540 1.472696 -977.676306 -210.620831
47.100000 1.992959 1.238469 -991.854987 -226.558782
47.150000 1.990958 1.504702 -965.394305 -200.866523
47.200000 1.997291 1.533154 -963.880598 -196.920731
47.250000 1.992529 1.709715 -955.714759 -190.583444
47.300000 1.998244 1.993353 -933.903520 -166.577881
47.350000 1.996102 1.680809 -959.983443 -193.480346
47.400000 1.979756 1.696059 -957.211006 -196.984603
47.450000 2.008766 1.266572 -993.918220 -222.551967
47.500000 1.988203 1.766148 -958.842880 -195.372982
47.550000 2.009212 2.217291 -934.033018 -162.495528
47.600000 2.006156 2.167583 -940.262130 -169.898185
47.650000 2.012935 1.955382 -952.136478 -179.169550
47.700000 2.001593 1.829888 -959.179594 -190.567910
47.750000 2.015028 2.020345 -943.154738 -169.384104
47.800000 1.985071 1.755934 -960.545121 -198.277900
47.850000 2.002698 1.706309 -958.252367 -189.216493
47.900000 1.982872 2.035406 -923.542660 -162.119627
47.950000 2.019270 1.346346 -985.219141 -209.819568
48.000000 1.992427 1.658029 -962.614561 -197.522494
48.050000 1.991607 1.894905 -956.034929 -191.257811
48.100000 2.016755 1.819760 -966.425041 -191.991153
48.150000 2.000538 1.803407 -962.752827 -194.546312
48.200000 1.994020 1.844093 -954.981740 -189.278206
48.250000 1.999136 1.908628 -947.463002 -179.794735
48.300000 1.995510 2.155653 -921.999769 -155.723755
48.350000 1.987660 1.804679 -948.309028 -185.047452
48.400000 2.001840 1.582203 -968.351840 -199.645274
48.450000 2.003699 1.764958 -960.207723 -190.787274
48.500000 2.002778 1.772679 -960.477826 -191.411061
48.550000 1.996081 1.744664 -963.652530 -197.157559
48.600000 2.001278 2.091099 -940.499054 -172.008233
48.650000 2.006420 1.965544 -950.089628 -179.624203
48.700000 1.975922 2.011075 -937.240622 -178.486453
48.750000 2.025469 1.317533 -989.722987 -211.942840
48.800000 1.984026 1.515512 -971.584899 -209.718963
48.850000 2.004080 2.008876 -935.074399 -165.507749
48.900000 2.005204 1.685018 -962.638408 -192.639943
48.950000 1.990757 1.931328 -943.829329 -179.378718
49.000000 2.001052 1.865345 -946.679663 -178.275635
49.050000 1.995530 1.891845 -945.976099 -179.692560
49.100000 1.991178 2.094263 -933.594230 -168.981962
49.150000 2.017440 2.045622 -932.419605 -157.722514
49.200000 1.996014 1.274180 -993.383034 -226.913671
49.250000 2.008260 2.026460 -931.194377 -160.022524
49.300000 1.988596 1.753831 -953.601935 -189.981141
49.350000 1.998601 1.762500 -954.321161 -186.858247
49.400000 2.007596 1.452755 -987.818853 -216.901901
49.450000 1.989298 1.872689 -956.365717 -192.475110
49.500000 1.990694 1.721256 -970.585367 -206.158862
49.550000 2.001082 1.617050 -976.419657 -208.004145
49.600000 2.003587 1.663110 -968.870551 -199.493309
49.650000 1.974651 1.941723 -945.596947 -187.331128
49.700000 2.020993 1.754587 -963.301260 -187.239984
49.750000 2.002931 1.709933 -960.339409 -191.213829
49.800000 2.005407 1.311698 -993.656011 -223.579816
49.850000 1.979790 1.547163 -967.227070 -206.987534
49.900000 2.006759 1.421603 -975.721817 -205.126537
49.950000 1.982560 1.507897 -972.506025 -211.202831
50.000000 2.006508 1.760803 -961.636819 -191.137787
50.050000 1.983822 2.391572 -908.697511 -146.909775
50.100000 2.014208 1.791511 -963.055403 -189.599533
50.150000 1.996548 1.687112 -961.109368 -194.434957
50.200000 1.992457 1.666930 -962.526107 -197.422690
50.250000 2.017948 1.723564 -958.285554 -183.393336
50.300000 1.991747 1.480334 -976.818947 -211.988069
50.350000 2.018785 1.930666 -937.788073 -162.574609
50.400000 1.992763 1.679588 -959.967110 -194.745974
50.450000 2.007775 1.794777 -958.795913 -187.810282
50.500000 2.018425 2.060611 -944.682659 -169.607304
50.550000 1.978003 2.186594 -937.902793 -178.349682
50.600000 2.012741 2.130740 -937.782883 -164.890457
50.650000 2.004780 1.624631 -964.968385 -195.132984
50.700000 1.999368 1.365948 -979.560408 -211.803155
50.750000 1.994910 1.612894 -965.634278 -199.588769
50.800000 1.999701 2.125730 -928.060772 -160.175454
50.850000 2.001597 1.522941 -979.827626 -211.214422
50.900000 1.994254 1.611152 -971.316016 -205.522547
50.950000 1.994260 2.014954 -936.987130 -171.191201
51.000000 2.003443 1.586948 -974.683475 -205.361541
51.050000 2.002042 1.682438 -966.656178 -197.871882
51.100000 1.989189 1.908490 -948.110820 -184.262256
51.150000 2.008367 1.767231 -967.933559 -196.720657
51.200000 2.012524 1.553683 -983.416720 -210.607680
51.250000 1.998760 1.751531 -963.321356 -195.797689
51.300000 2.003068 1.666363 -964.566680 -195.388443
51.350000 1.989894 1.592326 -969.236078 -205.116849
51.400000 2.004554 2.124195 -932.558440 -162.809705
51.450000 2.008003 1.945265 -960.998934 -189.925663
51.500000 2.012797 2.626597 -908.327976 -135.414084
51.550000 1.995392 2.150754 -947.313417 -181.082725
51.600000 1.990646 2.543291 -915.918846 -151.510662
51.650000 2.008728 2.362754 -928.908912 -157.557253
51.700000 2.010403 1.833307 -961.552435 -189.557742
51.750000 2.004827 1.571838 -972.199087 -202.345638
51.800000 1.991506 1.889740 -944.529528 -179.791226
51.850000 2.010039 1.564751 -972.200546 -200.345657
51.900000 1.986154 2.087567 -934.085425 -171.402217
51.950000 1.997378 2.658134 -893.401065 -126.407728
52.000000 2.004416 2.193265 -929.947482 -160.251833
52.050000 2.007529 1.612863 -969.943014 -199.051928
52.100000 2.008706 1.545335 -973.979737 -202.636770
52.150000 2.000352 1.821137 -960.572944 -192.437637
52.200000 1.997280 2.006427 -956.676135 -189.720580
52.250000 2.007050 1.938727 -962.393127 -191.686061
52.300000 2.003941 1.887605 -955.311810 -185.798310
52.350000 2.002201 1.405632 -990.472389 -221.627266
52.400000 1.999806 2.092803 -935.658001 -167.732386
52.450000 1.982736 2.002549 -944.590355 -183.219645
52.500000 2.007660 1.175852 -792.402261 -21.460645
52.550000 1.995293 1.125468 -797.731389 -31.538984
52.600000 2.001085 0.740080 -839.092434 -70.675643
52.650000 2.002370 1.123764 -804.626996 -35.716847
52.700000 2.001723 1.017004 -826.179675 -57.517930
52.750000 1.994168 1.371861 -796.175077 -30.414479
52.800000 2.006115 1.236271 -808.548054 -38.199947
52.850000 1.999529 0.973830 -826.531381 -58.712064
52.900000 2.003503 1.056906 -805.341001 -35.995942
52.950000 1.995074 0.762444 -826.169311 -60.061000
53.000000 1.998646 0.591718 -844.403123 -76.923245
53.050000 2.002149 0.950096 -807.715530 -38.890151
53.100000 2.007439 0.709319 -833.709382 -62.852738
53.150000 1.994797 0.834395 -821.730440 -55.728410
53.200000 2.000181 0.780949 -827.873115 -59.803575
53.250000 1.989933 0.922344 -815.513233 -51.378969
53.300000 2.000504 1.065819 -801.422565 -33.228998
53.350000 1.991012 1.002840 -810.875239 -46.326624
53.400000 2.009165 0.936856 -825.900604 -54.381183
53.450000 1.999045 0.905769 -831.105702 -63.472280
53.500000 2.010160 0.899310 -835.634499 -63.732925
53.550000 1.986812 1.216807 -808.811550 -45.875557
53.600000 1.995956 1.442097 -791.670314 -25.223185
53.650000 2.014890 1.178255 -817.608946 -43.891358
53.700000 1.998071 1.027658 -824.519995 -57.260841
53.750000 2.005924 1.068847 -813.305819 -43.030822
53.800000 1.993348 0.868640 -829.959256 -64.513629
53.850000 2.000918 1.057276 -812.907873 -44.555483
53.900000 1.995382 1.142352 -804.406043 -38.179539
53.950000 2.005076 1.159267 -796.396458 -26.447164
54.000000 1.989758 0.699011 -839.560443 -75.493323
54.050000 2.003776 0.801578 -825.406591 -55.956771
54.100000 1.999956 0.899706 -812.593772 -44.610762
54.150000 2.013379 1.079316 -795.785690 -22.648291
54.200000 1.987260 1.312395 -767.931464 -4.823603
54.250000 1.993312 1.357821 -758.763254 6.668401
54.300000 1.989579 1.245453 -771.599622 -7.601147
54.350000 1.996569 1.315040 -773.455166 -6.772519
54.400000 2.004840 1.403080 -771.953073 -2.094700
54.450000 2.000386 1.267124 -790.828287 -22.680133
54.500000 2.001445 1.403652 -775.944271 -7.389458
54.550000 2.011241 0.960216 -811.536826 -39.220332
54.600000 1.998947 0.807243 -822.195049 -54.599467
54.650000 1.991599 1.076996 -798.338541 -33.564396
54.700000 2.010471 1.171917 -792.715258 -20.694557
54.750000 1.996810 1.105182 -801.205374 -34.430342
54.800000 2.009039 1.251998 -789.493384 -18.022587
54.850000 2.003236 1.038133 -813.840399 -44.597940
54.900000 1.992155 1.051340 -815.254888 -50.267396
54.950000 2.010243 1.238259 -801.293855 -29.360639
55.000000 1.984656 1.548850 -774.486232 -12.378497
55.050000 2.008704 1.169469 -812.159715 -40.817556
55.100000 2.014860 1.181226 -799.209562 -25.503340
55.150000 1.986215 0.877588 -822.975373 -60.268892
55.200000 2.012352 0.876471 -821.445582 -48.702518
55.250000 2.014357 0.773640 -828.797668 -55.284476
55.300000 1.985917 1.051683 -802.563997 -39.971807
55.350000 2.006068 1.168978 -807.171418 -36.841242
55.400000 2.000573 1.314508 -799.823958 -31.604097
55.450000 1.996945 1.345030 -794.154462 -27.327427
55.500000 2.014219 1.248983 -798.564876 -25.104667
55.550000 1.991766 0.783204 -840.311133 -75.473019
55.600000 1.997218 1.102314 -803.544191 -36.612525
55.650000 1.993611 0.961017 -816.404094 -50.857549
55.700000 1.995107 0.952297 -823.035473 -56.914242
55.750000 2.011241 1.161659 -806.410415 -34.093970
55.800000 1.997341 1.217380 -799.736229 -32.757196
55.850000 1.997413 1.107952 -813.675950 -46.669417
55.900000 1.994532 1.244785 -800.634513 -34.734117
55.950000 2.015696 1.287362 -791.124136 -17.096820
56.000000 2.007469 0.908999 -823.690047 -52.821814
56.050000 1.999770 1.157986 -793.580058 -25.668250
56.100000 1.990147 1.142670 -795.669944 -31.453565
56.150000 1.993013 1.346679 -771.702497 -6.385556
56.200000 2.005023 0.900459 -814.813452 -44.884566
56.250000 2.000991 1.057195 -798.123371 -29.742959
56.300000 2.003729 1.134316 -790.467008 -21.035015
56.350000 1.994178 0.893750 -812.504401 -46.740203
56.400000 2.000109 0.794343 -821.436397 -53.394485
56.450000 1.986670 0.965567 -807.993213 -45.112073
56.500000 2.004812 1.117495 -794.782671 -24.935012
56.550000 2.004835 1.034923 -794.419635 -24.562865
56.600000 1.999071 0.763615 -816.369435 -48.726188
56.650000 2.004045 0.898635 -802.698697 -33.145371
56.700000 2.000935 0.853245 -806.944411 -38.585477
56.750000 1.983368 1.098492 -787.492264 -25.878982
56.800000 2.006358 1.225533 -774.501155 -4.059573
56.850000 1.998120 0.613944 -826.288272 -59.010024
56.900000 2.008035 0.601126 -822.719952 -51.634323
56.950000 1.993302 0.857811 -800.271859 -34.843940
57.000000 1.994990 0.810141 -814.238493 -48.162416
57.050000 2.008666 0.942192 -803.394619 -32.066746
57.100000 1.999754 0.717076 -822.533298 -54.627616
57.150000 1.984798 0.939886 -800.636651 -38.474121
57.200000 2.014770 0.941281 -807.111396 -33.439670
57.250000 1.983681 0.800417 -827.975439 -66.241872
57.300000 1.993565 1.361474 -783.406017 -17.876900
57.350000 2.005317 1.396684 -784.019881 -13.978085
57.400000 2.002498 0.969768 -825.217450 -56.258373
57.450000 1.997768 1.013732 -807.295780 -40.152892
57.500000 1.996271 0.878167 -811.819767 -45.251844
57.550000 1.993869 1.187735 -779.461915 -13.816120
57.600000 2.024189 1.219814 -777.251884 0.036704
57.650000 1.995740 0.940085 -804.398677 -38.034356
57.700000 1.992765 0.866187 -816.631328 -51.409597
57.750000 2.008446 1.091304 -795.267543 -24.024194
57.800000 1.993212 1.061913 -799.623642 -34.230426
57.850000 1.996762 1.252990 -786.668232 -19.911525
57.900000 1.996688 1.278618 -787.368149 -20.640089
57.950000 2.007325 1.058155 -807.072570 -36.259701
58.000000 1.987578 1.150068 -793.154253 -29.924315
58.050000 2.004551 0.987981 -811.622134 -41.874569
58.100000 2.004429 1.151574 -799.143133 -29.442212
58.150000 1.996449 1.193573 -802.544135 -35.907875
58.200000 1.981767 1.441547 -785.431259 -24.432574
58.250000 2.018656 1.838221 -751.090076 24.073890
58.300000 1.997147 1.181527 -806.758228 -39.853590
58.350000 1.999104 0.900024 -823.605729 -55.949978
58.400000 1.995812 0.822317 -829.027607 -62.635801
58.450000 1.994270 0.905156 -823.144786 -57.345070
58.500000 1.999741 1.159693 -799.041194 -31.140699
58.550000 2.004805 1.082410 -806.485377 -36.640291
58.600000 1.998153 1.082594 -803.779466 -36.488620
58.650000 2.003464 0.999247 -812.015273 -42.685198
58.700000 2.011903 0.969302 -817.719563 -45.148843
58.750000 1.999253 0.962528 -824.074740 -56.361577
58.800000 1.979732 1.436923 -781.895252 -21.678038
58.850000 2.019479 1.414542 -787.452680 -11.972801
58.900000 2.012886 1.048349 -817.423204 -44.475152
58.950000 2.009311 1.164940 -802.873554 -31.298283
59.000000 1.989556 0.882209 -839.388957 -75.399460
59.050000 2.012810 1.476594 -787.801082 -14.881989
59.100000 1.991388 1.369028 -805.835295 -41.142211
59.150000 1.993122 1.644955 -779.979963 -14.621142
59.200000 1.990789 1.414153 -804.893092 -40.430306
59.250000 1.997270 1.451719 -804.535075 -37.583351
59.300000 2.006407 1.276976 -822.724901 -52.264673
59.350000 2.002302 1.318547 -814.511817 -45.628022
59.400000 2.014160 1.080341 -832.744177 -59.306735
59.450000 1.996362 0.868318 -855.591872 -88.988805
59.500000 1.993944 1.661241 -776.264572 -10.590252
59.550000 2.013367 1.154741 -820.194099 -47.061130
59.600000 1.993828 1.179115 -803.357533 -37.727395
59.650000 2.008513 1.326208 -782.715291 -11.446286
59.700000 2.016100 1.128266 -801.804266 -27.621753
59.750000 1.983286 1.206176 -796.933167 -35.351188
59.800000 2.025855 1.431562 -772.273496 5.654852
59.850000 1.988564 0.763563 -830.423681 -66.815293
59.900000 2.005602 0.566842 -844.628758 -74.477558
59.950000 1.989627 0.725422 -827.615657 -63.598943
60.000000 2.012837 0.720364 -639.575256 133.354000
60.050000 1.986516 0.662435 -642.488730 120.333398
60.100000 2.010532 0.681070 -639.379516 132.664632
60.150000 1.995167 0.619906 -646.876426 119.267587
60.200000 2.004938 0.744340 -631.660870 138.235202
60.250000 2.004598 0.588439 -649.375768 120.389959
60.300000 2.004842 0.711878 -634.365492 135.493828
60.350000 1.998559 0.680147 -641.753930 125.692553
60.400000 2.004782 0.618082 -648.552933 121.283225
60.450000 2.007539 0.591594 -653.870385 117.024627
60.500000 2.007403 0.715909 -639.087730 131.755199
60.550000 1.994553 0.623193 -654.872787 111.035636
60.600000 1.980675 0.958684 -615.220490 145.358566
60.650000 1.998220 0.551919 -666.566732 100.749923
60.700000 1.995445 0.905761 -617.287614 148.963379
60.750000 2.021990 0.575054 -660.404833 116.039483
60.800000 1.983112 0.757553 -636.528540 124.986317
60.850000 2.007038 0.647384 -649.149023 121.553656
60.900000 1.993055 0.557521 -659.947564 105.385534
60.950000 1.992561 0.632572 -655.114524 110.028801
61.000000 2.007044 0.796840 -634.071458 136.633580
61.050000 1.991717 0.506024 -667.649737 97.169644
61.100000 1.996476 0.832848 -629.604044 137.042799
61.150000 2.001714 0.943289 -616.794448 151.863625
61.200000 2.002877 0.742762 -640.039516 129.065105
61.250000 1.997680 0.926908 -609.842282 157.266716
61.300000 2.001782 0.529116 -654.594152 114.090227
61.350000 2.014624 0.591233 -641.325950 132.289622
61.400000 1.993535 0.629526 -638.361368 127.155898
61.450000 1.993187 0.786996 -623.793510 141.590290
61.500000 1.998016 0.609042 -653.397144 113.840859
61.550000 2.008566 0.726429 -641.240466 130.048932
61.600000 2.005851 0.662438 -647.904168 122.342750
61.650000 2.005938 0.802159 -626.482306 143.797701
61.700000 2.007130 0.461181 -671.702045 99.035948
61.750000 1.999028 0.839240 -626.597192 141.029412
61.800000 2.010217 0.627943 -650.560957 121.362262
61.850000 2.005223 0.461880 -667.475077 102.530742
61.900000 2.004332 0.606870 -650.547950 119.115409
61.950000 1.999502 0.595388 -651.393723 116.415117
62.000000 2.002211 0.548091 -656.175278 112.673819
62.050000 1.989556 0.713838 -636.465556 127.523806
62.100000 2.013314 0.669653 -642.884944 130.227731
62.150000 1.989313 0.781544 -624.927612 138.968702
62.200000 2.008634 0.803234 -624.156967 147.158481
62.250000 1.997070 0.463819 -663.681578 103.193145
62.300000 2.016369 0.702589 -634.519791 139.766062
62.350000 1.999085 0.606343 -653.325864 114.322693
62.400000 2.006849 0.748502 -640.707229 129.922773
62.450000 2.004702 0.869599 -624.963142 144.842383
62.500000 1.996862 0.479773 -683.570093 83.224834
62.550000 1.997496 0.884116 -642.618127 124.420471
62.600000 2.009284 0.741185 -667.015064 104.550008
62.650000 1.995922 0.716225 -671.100015 95.334023
62.700000 1.997201 0.796186 -666.776439 100.148783
62.750000 2.000457 0.873196 -665.390209 102.785105
62.800000 1.991666 1.175410 -632.259367 132.540565
62.850000 2.002098 1.106194 -642.630274 126.175339
62.900000 2.013688 0.969870 -647.162471 126.093795
62.950000 1.992990 0.659799 -669.620534 95.687770
63.000000 2.015052 0.604988 -665.389741 108.390139
63.050000 1.988039 0.565543 -663.551842 99.855039
63.100000 2.003977 0.700109 -645.788944 123.738278
63.150000 1.998149 0.695680 -640.793612 126.495474
63.200000 2.008048 0.551683 -657.881506 113.208957
63.250000 1.997777 0.642941 -643.488976 123.657525
63.300000 2.002845 0.516175 -652.497007 116.595371
63.350000 1.993608 0.441088 -657.789584 107.756035
63.400000 1.995886 0.403231 -666.017103 100.403236
63.450000 1.998972 0.576960 -649.923331 117.682049
63.500000 2.003518 0.703570 -636.350445 133.000398
63.550000 1.998372 0.638331 -645.657189 121.717541
63.600000 2.000114 0.754915 -629.822930 138.220910
63.650000 2.000569 0.552371 -652.950401 115.268220
63.700000 1.988775 0.792794 -620.677081 143.012572
63.750000 2.009473 0.822868 -619.756153 151.881443
63.800000 2.007660 0.696813 -638.201631 132.739946
63.850000 2.002838 0.634482 -647.929232 121.160487
63.900000 1.992282 0.653788 -646.046357 118.989898
63.950000 1.994428 0.694561 -637.515795 128.344660
64.000000 1.994220 0.811360 -616.190316 149.590293
64.050000 2.019996 0.478859 -653.346722 122.331784
64.100000 1.989837 0.469866 -649.282267 114.815216
64.150000 1.998801 0.439595 -655.220961 112.318609
64.200000 1.995718 0.685977 -631.439913 134.915884
64.250000 1.996449 0.795863 -631.834335 134.802110
64.300000 1.994855 0.963935 -624.070498 141.953661
64.350000 1.993654 1.012641 -625.097050 140.466148
64.400000 2.012982 0.719848 -658.428476 114.556617
64.450000 1.992422 0.621008 -662.171583 102.918279
64.500000 2.002481 0.662617 -650.856488 118.096055
64.550000 1.997788 0.383863 -681.633014 85.517755
64.600000 1.983556 0.697620 -643.808128 117.877208
64.650000 1.999252 0.842476 -627.403148 140.309491
64.700000 2.006943 0.557197 -659.141884 111.524221
64.750000 1.993310 0.569123 -656.661948 108.769212
64.800000 2.007371 0.657568 -654.556148 116.274455
64.850000 1.992627 0.861287 -635.482460 129.686225
64.900000 1.999066 1.005692 -619.573571 148.067830
64.950000 2.000121 0.733842 -652.567125 115.479203
65.000000 1.991499 0.925543 -625.146498 139.589285
65.050000 2.007987 0.858017 -633.006265 138.060725
65.100000 2.019553 0.862107 -621.011793 154.496430
65.150000 1.990824 0.582085 -647.851421 116.625069
65.200000 2.000490 0.609834 -651.593157 116.594960
65.250000 2.002728 0.826379 -634.813953 134.233502
65.300000 2.004943 1.077595 -607.287854 162.610338
65.350000 2.002482 0.932565 -620.610261 148.342947
65.400000 2.000025 0.704407 -642.827436 125.181992
65.450000 1.994026 0.628348 -650.549068 115.156988
65.500000 2.006190 0.885336 -616.226128 154.150811
65.550000 2.004890 0.640717 -645.807911 124.069980
65.600000 1.998161 0.538886 -663.464846 103.828850
65.650000 2.005920 0.592556 -664.035514 106.237672
65.700000 1.993576 0.621319 -663.542303 101.990720
65.750000 2.004678 0.678959 -658.664958 111.131346
65.800000 1.995485 0.763300 -653.135155 113.130922
65.850000 2.009878 0.977713 -630.419032 141.374013
65.900000 1.996035 0.825243 -645.581592 120.895910
65.950000 2.004509 0.717742 -652.395995 117.335297
66.000000 1.990443 0.766809 -639.722481 124.607714
66.050000 2.005664 0.614845 -654.627203 115.547804
66.100000 1.989475 0.770686 -632.089085 131.869281
66.150000 2.006252 0.694107 -638.550047 131.850666
66.200000 1.993579 0.613421 -642.314420 123.219860
66.250000 2.003048 0.633244 -640.766522 128.403729
66.300000 2.002298 0.666025 -638.549114 130.333285
66.350000 1.998732 0.697358 -642.731171 124.781802
66.400000 2.001752 0.745794 -641.941024 126.731684
66.450000 2.002780 0.632654 -658.755713 110.311859
66.500000 1.992474 0.792527 -640.848925 124.260927
66.550000 1.996739 0.872053 -638.328694 128.419207
66.600000 1.991127 0.882406 -642.365035 122.227915
66.650000 2.020398 0.804278 -651.147255 124.685627
66.700000 1.986445 0.600392 -672.368480 90.426574
66.750000 1.995102 0.716195 -659.654608 106.464593
66.800000 2.012128 0.793707 -651.595989 121.061281
66.850000 2.000667 0.801436 -647.651329 120.604731
66.900000 1.985529 0.692121 -664.149870 98.293426
66.950000 2.007788 0.922806 -639.433077 131.557485
67.000000 1.986641 1.061923 -621.239965 141.629988
67.050000 2.004702 0.878356 -642.973618 126.831785
67.100000 2.001563 0.819956 -642.373812 126.226422
67.150000 1.987791 0.688283 -651.929397 111.382407
67.200000 2.000860 0.649831 -656.530669 111.799575
67.250000 2.013897 0.527024 -667.980948 105.355678
67.300000 1.981599 0.501892 -668.280521 92.653405
67.350000 2.006930 0.614591 -658.379400 112.281793
67.400000 1.994926 0.668904 -651.785907 114.265819
67.450000 2.006334 0.650536 -663.896703 106.535601
